/n/home03/calmiller/DSMC_Simulations/6_10_20_fixed_collisions/flow_4.00000_gap_0.00200_len_0.04000_T1_2.00000_T2_0.50000/data
running....
idx x y z xnext ynext znext vx vy vz collides time
39 -3.277913e-03 -2.767574e-02 1.770978e-01 -2.706848e-03 -3.000334e-01 8.985847e-01 2.175137e-02 -1.037387e+01 2.748082e+01 5895 2.874059e-02
81 6.612969e-03 8.361799e-03 1.348246e-01 6.840444e-02 7.595346e-02 4.180696e-01 7.028697e+00 7.688460e+00 3.221874e+01 2682 1.495356e-02
875178 -1.926240e-03 1.139807e-02 1.459272e-01 -1.021592e-02 6.189155e-02 3.110896e-01 -1.243978e+00 7.577227e+00 2.478485e+01 6004 2.978739e-02
875316 -8.807358e-03 1.405659e-02 2.495699e-01 -1.151109e-01 1.028491e-01 1.711531e+00 -2.105380e+00 1.758567e+00 2.895467e+01 3691 2.138446e-02
813 8.564612e-03 -1.184747e-02 1.207545e-01 5.294874e-02 -8.505942e-02 2.220633e-01 8.068265e+00 -1.330866e+01 1.841618e+01 4279 2.138333e-02
876770 -2.633928e-03 -3.704016e-03 1.253662e-01 -2.139996e-02 -3.034346e-02 2.129435e-01 -6.662878e+00 -9.458333e+00 3.109433e+01 4416 1.981409e-02
377157 6.994748e-03 -3.441450e-03 1.296991e-01 3.531122e-02 -3.065490e-02 2.450149e-01 8.165352e+00 -7.847284e+00 3.325253e+01 5038 2.543128e-02
877363 4.163027e-03 -1.568707e-02 1.901561e-01 8.251156e-03 -5.238538e-02 3.800418e-01 6.610441e-01 -5.934059e+00 3.070423e+01 3343 2.059289e-02
252435 -1.407266e-02 2.223557e-02 6.535984e-02 -2.650759e-02 3.531404e-02 6.257771e-02 -2.375010e+01 2.497924e+01 -4.282982e+00 2179 8.215900e-03
253416 7.844153e-03 4.587642e-03 1.239842e-01 3.299075e-02 2.201858e-02 2.036490e-01 8.783076e+00 6.088192e+00 2.782491e+01 2927 1.327947e-02
378649 -2.246460e-03 1.593298e-02 1.360315e-01 -8.051996e-03 4.032772e-02 1.944547e-01 -2.565130e+00 1.077862e+01 2.581384e+01 1809 9.519210e-03
754280 -1.424882e-02 -5.667440e-03 2.857145e-01 -1.425505e-01 -2.324524e-02 1.370567e+00 -4.069564e+00 -5.575451e-01 3.441011e+01 1641 1.253180e-02
254232 -7.240804e-03 -2.141384e-02 1.679516e-01 -1.149366e-01 -2.159261e-01 8.457921e-01 -4.027483e+00 -7.274148e+00 2.534911e+01 2921 1.934614e-02
130260 -1.919191e-02 3.203863e-03 2.525026e-01 -4.741396e-01 1.629273e-01 3.334478e+00 -4.253893e+00 1.493460e+00 2.881736e+01 1920 1.397340e-02
255728 -1.222876e-02 2.679528e-03 1.605399e-01 -8.895928e-02 2.980907e-02 5.378737e-01 -6.491321e+00 2.295131e+00 3.192204e+01 2022 1.150884e-02
380981 -5.815812e-03 9.792509e-03 1.282839e-01 -2.384161e-02 4.193950e-02 1.908073e-01 -6.515985e+00 1.162053e+01 2.260102e+01 3897 1.670723e-02
256039 -8.882822e-03 -7.281534e-03 1.143273e-01 -3.417932e-02 -3.614719e-02 1.471400e-01 -1.153856e+01 -1.316657e+01 1.496694e+01 2313 1.173429e-02
131066 1.362180e-02 -1.340260e-02 2.081661e-01 1.138001e-01 -2.005783e-01 1.353140e+00 2.563869e+00 -4.790398e+00 2.930338e+01 5313 2.531382e-02
131091 -1.131583e-02 -1.786187e-02 1.573977e-01 -1.957909e-01 -3.172994e-01 1.089653e+00 -4.720042e+00 -7.661513e+00 2.385299e+01 2417 1.468267e-02
8080 2.220254e-02 -1.397921e-02 2.390965e-01 1.042173e-01 -7.026124e-02 6.703955e-01 6.217498e+00 -4.266714e+00 3.269657e+01 3360 1.850300e-02
256447 1.456315e-02 -4.440025e-03 1.693576e-01 7.548225e-02 -2.259046e-02 3.800755e-01 8.110365e+00 -2.416428e+00 2.805359e+01 4175 2.034885e-02
8516 2.363472e-03 2.444981e-02 6.775091e-02 5.309172e-03 3.187040e-02 7.015142e-02 1.252894e+01 3.156201e+01 1.021010e+01 2376 9.260228e-03
382074 8.393477e-03 -9.989107e-03 1.291948e-01 6.003976e-02 -7.451315e-02 2.605468e-01 8.618686e+00 -1.076772e+01 2.191991e+01 4873 1.950129e-02
757070 1.549681e-02 -1.955301e-02 1.306896e-01 1.305696e-01 -1.953270e-01 3.355387e-01 1.148200e+01 -1.753878e+01 2.043990e+01 2394 1.283013e-02
132101 1.028566e-02 4.581608e-03 2.169118e-01 1.822119e-01 7.926220e-02 2.093605e+00 3.050825e+00 1.325204e+00 3.330186e+01 4792 2.839438e-02
382345 -9.437172e-03 2.245037e-02 1.374048e-01 -2.499843e-02 8.311857e-02 2.189214e-01 -4.323262e+00 1.685497e+01 2.264714e+01 3728 2.055191e-02
132224 -1.207355e-02 2.053341e-02 2.278201e-01 -8.039732e-02 9.450419e-02 8.282446e-01 -3.337856e+00 3.613732e+00 2.933284e+01 4045 2.269317e-02
757814 -4.572808e-03 -2.430596e-02 1.462025e-01 -2.476169e-02 -1.008781e-01 2.671440e-01 -3.738119e+00 -1.417789e+01 2.239321e+01 3364 1.847836e-02
10142 7.468186e-03 1.451122e-02 1.740593e-01 2.332047e-02 3.438671e-02 2.998653e-01 3.346323e+00 4.195598e+00 2.655691e+01 2245 1.317108e-02
257854 -7.862921e-03 -2.676858e-02 1.295154e-01 -2.684731e-02 -9.361704e-02 1.899309e-01 -4.249164e+00 -1.496230e+01 1.352245e+01 4107 2.132043e-02
508080 5.906210e-03 7.110365e-03 1.383451e-01 3.669320e-02 3.862803e-02 3.130058e-01 4.586066e+00 4.694907e+00 2.601766e+01 6092 2.457523e-02
10537 -1.076507e-02 -6.569913e-03 1.336050e-01 -6.296013e-02 -3.484327e-02 2.613806e-01 -1.258235e+01 -6.815689e+00 3.080212e+01 3457 1.482261e-02
10615 -1.506026e-02 -9.050341e-03 1.231236e-01 -1.403762e-01 -1.113851e-01 2.980995e-01 -1.538751e+01 -1.256566e+01 2.148525e+01 5867 2.699613e-02
759172 1.517362e-02 6.181538e-03 1.317720e-01 8.973200e-02 2.878356e-02 2.368749e-01 1.352884e+01 4.101203e+00 1.907123e+01 5544 2.471023e-02
759292 7.456561e-03 -5.374526e-03 1.235229e-01 3.521393e-02 -1.335229e-02 1.686953e-01 1.325485e+01 -3.809587e+00 2.157093e+01 4579 2.326055e-02
12511 -1.957911e-03 1.486103e-02 1.457123e-01 -2.653266e-02 1.360283e-01 4.887820e-01 -2.308166e+00 1.138055e+01 3.222258e+01 2573 1.373917e-02
134984 2.758800e-03 -2.531554e-02 1.667757e-01 7.988244e-03 -5.873769e-02 2.368092e-01 1.881248e+00 -1.202334e+01 2.519394e+01 5313 3.131541e-02
13046 1.221166e-02 -9.828340e-03 1.507007e-01 4.023574e-02 -3.257110e-02 2.526764e-01 7.945589e+00 -6.448193e+00 2.891287e+01 3720 1.826258e-02
760510 1.443114e-02 7.088033e-03 1.438208e-01 5.305834e-02 3.298755e-02 2.468155e-01 8.685592e+00 5.823685e+00 2.315908e+01 3715 1.712185e-02
886157 2.044141e-02 -4.234726e-03 2.339835e-01 1.156000e-01 -4.182309e-02 7.191405e-01 6.136754e+00 -2.424064e+00 3.128765e+01 3421 2.186142e-02
13977 9.810602e-03 -1.041675e-02 2.567915e-01 5.191359e-02 -5.009894e-02 9.114130e-01 1.798637e+00 -1.695221e+00 2.796539e+01 3920 2.211930e-02
136335 1.500171e-02 -6.724736e-03 2.014734e-01 2.291977e-01 -2.549825e-02 1.727037e+00 4.470265e+00 -3.918026e-01 3.183847e+01 3190 1.675879e-02
261316 -1.025628e-02 4.318191e-03 1.257417e-01 -4.365211e-02 2.800697e-02 1.844771e-01 -1.060410e+01 7.521843e+00 1.865011e+01 2876 1.884955e-02
14804 1.211294e-02 -2.131264e-03 1.582782e-01 7.881055e-02 1.603950e-02 4.922349e-01 5.011919e+00 1.365422e+00 2.509481e+01 3192 1.702967e-02
15156 -1.749087e-02 -5.496102e-03 1.469925e-01 -3.141544e-02 -8.534715e-03 1.722229e-01 -1.033104e+01 -2.254435e+00 1.871915e+01 2544 1.706871e-02
512197 -2.817354e-02 1.507265e-03 1.782777e-01 -6.405421e-02 1.062445e-03 2.612824e-01 -1.144727e+01 -1.419141e-01 2.648156e+01 3130 1.817282e-02
262262 2.624975e-02 -8.162608e-03 2.094415e-01 9.574223e-01 -3.539584e-01 4.370007e+00 6.839594e+00 -2.539919e+00 3.055994e+01 3463 2.548603e-02
137517 1.309374e-02 1.225847e-02 1.388786e-01 4.445389e-02 4.715752e-02 2.191150e-01 9.855671e+00 1.096785e+01 2.521619e+01 3027 1.804197e-02
264310 -2.938040e-03 -1.143270e-02 1.732212e-01 -4.987405e-03 -6.375360e-02 8.174422e-01 -6.487978e-02 -1.656400e+00 2.039506e+01 6178 2.968611e-02
264386 -1.360921e-02 -1.492298e-02 1.298173e-01 -8.256772e-02 -9.917516e-02 2.580179e-01 -1.137881e+01 -1.390241e+01 2.115432e+01 2356 1.153792e-02
764550 -9.270557e-03 -1.003628e-02 1.293204e-01 -4.038062e-02 -3.592008e-02 2.007624e-01 -7.300762e+00 -6.074287e+00 1.676566e+01 7089 3.280120e-02
18874 -8.924166e-03 -5.977488e-03 1.173531e-01 -4.576884e-02 -3.094862e-02 1.618249e-01 -1.738100e+01 -1.177981e+01 2.097904e+01 2720 1.336877e-02
390297 1.886105e-02 -2.320871e-02 6.660477e-02 7.512158e-02 -7.494603e-02 6.862413e-02 2.996013e+01 -2.755141e+01 1.075357e+00 3105 1.075361e-02
640435 6.254035e-03 1.379794e-02 1.952066e-01 2.764300e-02 7.180358e-02 5.071100e-01 1.820956e+00 4.938329e+00 2.655400e+01 8838 3.865189e-02
390456 -2.495257e-02 1.147786e-02 1.401594e-01 -1.742862e-01 8.002105e-02 3.455494e-01 -1.900165e+01 8.721638e+00 2.613442e+01 7855 3.135943e-02
265609 -1.795927e-02 9.776442e-03 1.470041e-01 -1.203154e-01 4.827244e-02 3.548692e-01 -1.381988e+01 5.197639e+00 2.806545e+01 2908 1.576540e-02
391316 -8.623709e-03 -9.873477e-03 1.640006e-01 -9.317600e-02 -8.102558e-02 5.887889e-01 -5.946621e+00 -5.004176e+00 2.987566e+01 4864 2.192399e-02
266021 1.581778e-02 4.801552e-03 1.341764e-01 1.853218e-01 9.505154e-02 4.977275e-01 1.199334e+01 6.385680e+00 2.572323e+01 4836 2.166445e-02
766117 7.910084e-03 -3.180518e-03 1.273703e-01 2.731572e-02 -1.613963e-02 2.056792e-01 5.904503e+00 -3.943034e+00 2.382685e+01 2685 1.438567e-02
766436 8.589282e-04 -1.099365e-02 1.490833e-01 -5.819295e-04 -3.613641e-02 2.423396e-01 -5.365619e-01 -9.362928e+00 3.472779e+01 4571 3.086508e-02
21437 3.594209e-03 -1.667508e-02 1.420977e-01 1.961714e-02 -6.859395e-02 2.577407e-01 4.177729e+00 -1.353704e+01 3.015212e+01 3518 1.787071e-02
392050 1.077631e-02 -3.406066e-03 1.239936e-01 3.668353e-02 -1.112008e-02 1.710839e-01 1.051705e+01 -3.131511e+00 1.911635e+01 2375 1.278324e-02
892277 1.658621e-02 -3.784393e-03 1.265380e-01 7.833558e-02 -2.085240e-02 2.074009e-01 1.344944e+01 -3.717532e+00 1.761249e+01 2580 1.638765e-02
766885 1.280061e-02 -3.252697e-03 1.569742e-01 6.690311e-02 -2.560788e-02 3.956016e-01 5.335012e+00 -2.204430e+00 2.353089e+01 2332 1.294688e-02
892817 -4.622332e-03 5.956110e-03 1.501812e-01 -3.630962e-02 2.085774e-02 5.363752e-01 -2.193393e+00 1.031490e+00 2.673234e+01 5205 2.469704e-02
893812 -4.948385e-03 1.969016e-02 1.666271e-01 -2.874460e-02 8.392537e-02 3.883865e-01 -3.553990e+00 9.593599e+00 3.312001e+01 4044 2.273232e-02
893944 7.487236e-03 5.823002e-03 1.526136e-01 7.184718e-02 8.184345e-02 5.276987e-01 5.731251e+00 6.769619e+00 3.340132e+01 4340 1.904483e-02
518730 -1.424054e-03 -4.096548e-03 1.312056e-01 7.948615e-03 -3.924233e-02 4.236274e-01 1.181746e+00 -4.431330e+00 3.686979e+01 1995 1.030911e-02
144516 -1.345681e-02 1.825452e-02 1.183323e-01 -5.460037e-02 6.574706e-02 1.589045e-01 -9.985409e+00 1.152629e+01 9.846742e+00 3531 1.693599e-02
645396 -1.181835e-02 -1.813990e-02 1.510270e-01 -3.900775e-02 -5.078843e-02 2.509355e-01 -5.131658e+00 -6.162000e+00 1.885649e+01 2720 1.549475e-02
25982 4.787572e-03 1.238082e-02 1.148130e-01 1.858255e-02 3.837892e-02 1.348791e-01 8.620733e+00 1.624669e+01 1.253969e+01 3792 1.954147e-02
520738 -1.864533e-02 9.948155e-03 1.371352e-01 -7.919650e-02 3.637438e-02 2.350726e-01 -1.526035e+01 6.660044e+00 2.468258e+01 1687 1.124807e-02
770499 1.983285e-02 -1.701426e-02 1.861325e-01 8.313891e-02 -8.843740e-02 4.889824e-01 7.028980e+00 -7.930233e+00 3.362594e+01 8868 3.884855e-02
396085 -2.159919e-02 -1.229233e-04 1.678514e-01 -3.244105e-01 1.584446e-02 9.123876e-01 -1.094602e+01 5.771888e-01 2.691348e+01 3517 1.661038e-02
270538 1.957351e-02 1.396488e-03 1.297008e-01 4.034641e-02 2.739276e-03 1.517974e-01 1.951964e+01 1.261776e+00 2.076347e+01 2433 1.479423e-02
271068 9.266102e-03 -6.993618e-03 1.229079e-01 3.606092e-02 -2.629055e-02 1.768314e-01 1.192237e+01 -8.586180e+00 2.399328e+01 2434 1.480372e-02
396984 2.594686e-02 3.902260e-03 1.504999e-01 6.113069e-02 8.789865e-03 2.090157e-01 1.524875e+01 2.118300e+00 2.536090e+01 2382 1.255052e-02
647459 -2.084093e-02 -1.120381e-02 6.630537e-02 -3.200616e-02 -1.743876e-02 6.873318e-02 -3.260167e+01 -1.820560e+01 7.089018e+00 2022 1.292763e-02
147153 1.135271e-02 -5.922077e-03 1.241846e-01 3.048938e-02 -1.643744e-02 1.536340e-01 1.329641e+01 -7.306215e+00 2.046181e+01 3560 1.934454e-02
772879 -1.014725e-02 6.516468e-03 1.351733e-01 -3.599133e-02 2.532030e-02 2.289339e-01 -7.543237e+00 5.488366e+00 2.736638e+01 3193 1.714183e-02
29824 -7.461148e-03 8.787114e-03 1.436638e-01 -1.830445e-01 1.995598e-01 8.913157e-01 -8.193806e+00 8.902633e+00 3.489006e+01 4744 2.250513e-02
399923 -1.302277e-02 -2.283001e-02 6.606343e-02 -2.075514e-02 -3.675321e-02 6.929530e-02 -1.043118e+01 -1.878279e+01 4.359885e+00 1971 9.971990e-03
149959 -1.013811e-02 9.376882e-04 1.914026e-01 -2.159183e-01 -1.205779e-02 1.528710e+00 -4.249990e+00 -2.683964e-01 2.761948e+01 2915 1.577924e-02
32775 1.439641e-02 2.436566e-03 1.295361e-01 1.337068e-01 1.497031e-02 2.929849e-01 1.846943e+01 1.940244e+00 2.530213e+01 1843 9.296018e-03
401221 5.062787e-03 2.889898e-03 1.857447e-01 8.183351e-02 6.086565e-02 1.489960e+00 2.226915e+00 1.681723e+00 3.783184e+01 4118 2.369888e-02
33336 -4.539989e-03 -1.307620e-03 1.525709e-01 -3.027658e-02 -1.274943e-02 3.542265e-01 -3.991151e+00 -1.774360e+00 3.127213e+01 1877 1.337439e-02
526324 1.217222e-02 -8.603021e-03 1.171478e-01 3.745540e-02 -2.389512e-02 1.368070e-01 1.594023e+01 -9.641179e+00 1.239447e+01 4927 2.644981e-02
34455 -1.676383e-02 -1.407164e-02 1.629497e-01 -3.309340e-02 -2.644828e-02 2.203118e-01 -8.792327e+00 -6.663953e+00 3.088547e+01 3347 1.845011e-02
652256 -7.506195e-03 1.330368e-02 1.373902e-01 -5.968692e-02 8.856807e-02 3.503684e-01 -6.516435e+00 9.399169e+00 2.659714e+01 4616 2.221961e-02
652882 -1.179151e-03 -1.367576e-02 1.382083e-01 -6.498250e-03 -4.802331e-02 2.264402e-01 -1.505806e+00 -9.723589e+00 2.497793e+01 3664 1.830071e-02
903295 1.656854e-02 7.979884e-04 1.396095e-01 1.044115e-01 -1.107623e-02 3.024249e-01 1.038459e+01 -1.403743e+00 1.924766e+01 3080 1.667969e-02
152487 -1.474346e-02 4.417006e-03 1.275400e-01 -8.376088e-02 3.719330e-02 2.391895e-01 -1.429174e+01 6.787129e+00 2.311975e+01 2826 1.683964e-02
777741 -5.010730e-03 -3.561173e-03 1.305455e-01 -4.417821e-02 -2.409986e-02 3.215865e-01 -6.793912e+00 -3.562599e+00 3.313758e+01 5186 2.211698e-02
278098 3.923853e-04 1.451813e-02 1.459478e-01 2.912189e-03 5.057572e-02 2.469778e-01 9.133319e-01 1.306949e+01 3.661952e+01 2995 1.732186e-02
404055 -2.187956e-02 1.302052e-03 1.544746e-01 -6.970748e-02 -1.363060e-03 2.679123e-01 -1.081294e+01 -6.025286e-01 2.564600e+01 2998 1.521323e-02
778443 1.573472e-02 -8.773720e-04 1.400545e-01 4.082670e-02 -7.113345e-03 1.868612e-01 1.069042e+01 -2.656832e+00 1.994197e+01 3845 2.055196e-02
404212 8.454212e-03 -1.072243e-02 1.290732e-01 9.687891e-02 -1.214273e-01 4.009149e-01 8.699933e+00 -1.089204e+01 2.674598e+01 4971 2.403781e-02
529005 -2.626103e-04 2.196195e-02 1.771362e-01 -2.342378e-02 1.299451e-01 5.661637e-01 -1.940938e+00 9.049133e+00 3.260104e+01 1610 1.119217e-02
529393 -1.227820e-02 2.193713e-02 1.271089e-01 -7.629161e-02 1.345552e-01 2.286967e-01 -9.674496e+00 1.702024e+01 1.535320e+01 3396 2.118071e-02
529497 7.020878e-03 1.861236e-02 1.355809e-01 3.087038e-02 7.266463e-02 2.163692e-01 4.907792e+00 1.112297e+01 1.662477e+01 3129 1.556035e-02
779244 -9.428932e-03 1.224688e-02 1.162652e-01 -3.658862e-02 4.824011e-02 1.533697e-01 -9.432138e+00 1.249989e+01 1.288582e+01 1767 9.266186e-03
405187 2.151210e-02 1.336923e-02 6.653301e-02 6.158240e-02 1.765729e-02 7.173696e-02 3.709223e+01 3.969360e+00 4.817188e+00 1305 5.516653e-03
655084 -9.685698e-03 2.587175e-02 1.737624e-01 -9.937992e-02 2.425464e-01 6.823416e-01 -3.951150e+00 9.544808e+00 2.240359e+01 2623 1.452203e-02
780021 -9.304911e-03 -1.156479e-02 1.224447e-01 -2.292599e-02 -2.630781e-02 1.419650e-01 -8.573836e+00 -9.280047e+00 1.228710e+01 2763 1.347811e-02
780042 1.318908e-02 -4.594430e-03 1.808169e-01 7.269981e-02 -4.070593e-02 5.686980e-01 4.404206e+00 -2.672501e+00 2.870589e+01 2366 1.745955e-02
155295 2.223070e-02 1.810416e-03 6.601028e-02 3.092782e-02 2.260326e-03 6.911944e-02 3.388094e+01 1.752694e+00 1.211221e+01 4515 1.643038e-02
906442 -9.092764e-03 -1.317124e-02 1.376154e-01 -2.160788e-02 -3.263912e-02 1.808736e-01 -7.212787e+00 -1.121985e+01 2.493085e+01 2252 1.531526e-02
41444 1.702325e-03 9.160904e-03 1.163006e-01 -5.966496e-04 3.257783e-02 1.453990e-01 -1.693567e+00 1.725035e+01 2.143563e+01 1466 7.980336e-03
532763 1.762346e-03 -1.010035e-02 1.224660e-01 2.178774e-02 -4.907063e-02 1.867718e-01 7.229326e+00 -1.406858e+01 2.321488e+01 7607 3.588697e-02
282367 -2.074202e-02 -6.154155e-03 1.655618e-01 -6.379573e-02 -1.597437e-02 2.873483e-01 -8.343671e+00 -1.903126e+00 2.360182e+01 2288 1.685611e-02
533180 1.144525e-02 1.993943e-02 1.533412e-01 2.288634e-01 5.127017e-01 1.225231e+00 6.016235e+00 1.363536e+01 2.966056e+01 3194 1.652042e-02
908976 -6.595573e-03 -1.186770e-02 2.070971e-01 -8.522493e-02 -1.053951e-01 1.015351e+00 -3.464231e+00 -4.120605e+00 3.560983e+01 2209 1.330912e-02
283528 2.179958e-02 -1.596430e-02 6.588740e-02 3.780444e-02 -2.450188e-02 6.352719e-02 2.664552e+01 -1.421370e+01 -1.274285e+00 2662 9.583733e-03
43833 -1.130213e-02 -1.066740e-02 2.019048e-01 -4.184313e-01 -3.055882e-01 2.251442e+00 -5.458751e+00 -3.954272e+00 2.748002e+01 2930 1.696284e-02
409761 1.005249e-02 -3.198987e-03 1.124558e-01 6.847854e-02 -1.577110e-02 1.378951e-01 1.231680e+01 -2.650329e+00 5.362844e+00 3204 1.877348e-02
910502 -8.033209e-03 1.747461e-02 2.153095e-01 -9.083110e-02 1.603402e-01 8.612755e-01 -3.071253e+00 5.299366e+00 2.396106e+01 3204 2.207092e-02
784811 6.482584e-03 2.134469e-02 1.311093e-01 3.376167e-02 8.194721e-02 2.071688e-01 6.201179e+00 1.377638e+01 1.729011e+01 2785 1.402226e-02
159755 -7.469481e-03 -2.353039e-02 1.513569e-01 -3.248888e-02 -1.472989e-01 3.470882e-01 -2.627341e+00 -1.299720e+01 2.055416e+01 1966 1.081858e-02
46096 -1.159272e-02 -2.526281e-04 1.320915e-01 -9.088905e-02 5.983904e-03 3.133182e-01 -1.644775e+01 1.293590e+00 3.759029e+01 4743 1.909406e-02
286163 -1.591881e-02 -2.243771e-02 1.353466e-01 -7.514021e-02 -9.130591e-02 2.419063e-01 -9.089152e+00 -1.056972e+01 1.635451e+01 5630 2.517654e-02
46894 4.533300e-04 5.498561e-03 1.288577e-01 -9.168516e-03 3.721315e-02 2.378811e-01 -2.548687e+00 8.400734e+00 2.887871e+01 3865 2.029462e-02
47083 -1.019651e-02 -2.692411e-02 6.740454e-02 -1.442963e-02 -4.482316e-02 6.770632e-02 -5.808864e+00 -2.456182e+01 4.141078e-01 3345 1.278392e-02
536977 -1.499805e-02 1.456667e-03 1.297538e-01 -7.148691e-02 5.293364e-03 2.238995e-01 -1.431947e+01 9.725717e-01 2.386516e+01 3045 1.653820e-02
662845 -6.154368e-03 5.140621e-03 1.218849e-01 -2.845532e-02 3.243576e-02 2.038824e-01 -5.759673e+00 7.049522e+00 2.117752e+01 7698 3.336108e-02
663494 -1.178674e-02 3.625281e-03 1.292978e-01 -3.801878e-02 1.419435e-02 1.872108e-01 -8.191014e+00 3.300215e+00 1.808344e+01 5336 2.272664e-02
787762 3.856785e-04 -2.727826e-02 1.448873e-01 6.369861e-02 -5.285543e-01 8.779270e-01 2.381052e+00 -1.885182e+01 2.756792e+01 4080 1.746667e-02
787973 -1.571757e-02 2.010016e-02 6.693572e-02 -2.430694e-02 3.240963e-02 6.909591e-02 -1.485625e+01 2.129057e+01 3.736272e+00 1716 6.912082e-03
663849 2.962769e-02 5.035436e-04 1.682475e-01 3.727677e-02 2.668030e-04 1.814132e-01 1.163801e+01 -3.601989e-01 2.003150e+01 2341 1.487372e-02
288310 1.495582e-02 2.083017e-02 6.753138e-02 2.066750e-02 3.596919e-02 6.988810e-02 6.650588e+00 1.762763e+01 2.744134e+00 2661 1.114412e-02
288493 -1.484700e-02 1.611441e-02 2.741180e-01 -3.527756e-01 5.813592e-01 4.271985e+00 -2.485509e+00 4.157449e+00 2.940483e+01 3282 2.337350e-02
414840 9.749813e-03 4.110571e-03 1.389946e-01 5.735755e-02 2.515507e-02 3.384762e-01 7.006697e+00 3.097236e+00 2.935883e+01 3644 1.670208e-02
415109 2.227057e-02 -1.513990e-02 6.681672e-02 2.822171e-02 -2.031713e-02 6.821923e-02 3.183126e+01 -2.769177e+01 7.501664e+00 1231 4.828842e-03
789122 9.944948e-03 -2.777236e-02 1.565129e-01 9.322361e-02 -3.405536e-01 6.717061e-01 3.471399e+00 -1.303801e+01 2.147538e+01 3047 1.492007e-02
915639 1.439025e-02 -9.137939e-03 1.331674e-01 3.054136e-02 -1.853394e-02 1.672157e-01 1.243222e+01 -7.232510e+00 2.620845e+01 4190 1.713068e-02
540374 5.716536e-03 1.053801e-02 1.462447e-01 2.812939e-02 4.037097e-02 3.033700e-01 3.443600e+00 4.583655e+00 2.414136e+01 3079 1.856398e-02
916328 -8.490470e-03 3.405878e-03 1.232591e-01 -3.252869e-02 9.786005e-03 1.829959e-01 -7.336201e+00 1.947145e+00 1.823103e+01 1683 1.058185e-02
790205 1.947808e-02 5.261154e-03 1.363141e-01 2.347041e-01 5.471211e-02 4.445446e-01 1.333397e+01 3.063651e+00 1.909591e+01 5107 2.223782e-02
416459 6.996068e-03 -1.259399e-02 1.235985e-01 3.251371e-02 -6.289309e-02 1.918483e-01 6.144704e+00 -1.211214e+01 1.643471e+01 1968 1.073309e-02
916624 6.113232e-03 3.687294e-03 1.205176e-01 2.328772e-02 2.072605e-02 1.518371e-01 1.084133e+01 1.075565e+01 1.977031e+01 3735 1.682034e-02
541198 1.862170e-02 1.196865e-03 1.260069e-01 5.458449e-02 7.481711e-03 1.627443e-01 1.966128e+01 3.435999e+00 2.008474e+01 2920 1.560775e-02
165536 -2.286663e-02 -1.202089e-02 1.433369e-01 -8.353779e-02 -3.960397e-02 2.432036e-01 -1.081184e+01 -4.915415e+00 1.779665e+01 2704 1.354841e-02
917332 -1.957501e-02 -1.140632e-02 1.495968e-01 -7.698150e-02 -3.958205e-02 2.534158e-01 -8.499057e+00 -4.171430e+00 1.537046e+01 3299 1.653376e-02
541900 -1.371288e-02 3.938603e-03 1.404015e-01 -5.594535e-02 1.819593e-02 2.478129e-01 -8.532460e+00 2.880486e+00 2.170092e+01 3301 1.487911e-02
418147 8.828981e-03 2.087400e-02 1.920813e-01 1.649503e-02 4.256748e-02 2.961090e-01 2.130836e+00 6.029868e+00 2.891531e+01 3481 1.980277e-02
792242 -2.370614e-02 1.004798e-02 1.644261e-01 -3.516458e-02 1.560669e-02 1.906575e-01 -1.298034e+01 6.297007e+00 2.971538e+01 2243 1.419133e-02
167897 2.987394e-03 -2.414254e-02 1.527604e-01 2.764356e-02 -1.357011e-01 3.479273e-01 2.593855e+00 -1.173608e+01 2.053177e+01 5481 2.678773e-02
919574 1.090988e-03 -1.861981e-02 1.447460e-01 -9.643614e-04 -5.700947e-02 2.156658e-01 -5.527284e-01 -1.032382e+01 1.907190e+01 2534 1.530326e-02
793547 1.226545e-02 -1.889858e-03 1.509470e-01 4.940976e-02 2.296124e-03 3.060648e-01 6.943940e+00 7.825481e-01 2.899848e+01 2826 1.433772e-02
544574 5.915532e-03 -1.430020e-02 1.469498e-01 1.401039e-02 -3.705649e-02 2.252802e-01 2.859288e+00 -8.038034e+00 2.766804e+01 1875 1.147036e-02
545090 -2.876213e-03 8.906512e-03 1.201559e-01 -1.232411e-02 1.179904e-01 2.707194e-01 -1.742837e+00 2.012252e+01 2.777420e+01 3013 1.380680e-02
920846 7.098656e-03 -1.040646e-02 1.443122e-01 2.469208e-02 -4.264726e-02 2.719527e-01 3.401686e+00 -6.233753e+00 2.467926e+01 6821 2.879836e-02
169384 2.359078e-03 -5.624500e-03 1.129365e-01 2.060594e-02 -2.623019e-02 1.489203e-01 1.215164e+01 -1.372252e+01 2.396372e+01 3003 1.631074e-02
420841 7.822857e-04 -7.784484e-03 1.739480e-01 1.099198e-02 -6.043101e-02 4.846029e-01 8.921437e-01 -4.600359e+00 2.714565e+01 2192 1.342738e-02
420856 -1.133350e-02 -1.139723e-02 1.182676e-01 -1.661907e-01 -2.419185e-01 3.260768e-01 -8.952156e+00 -1.332623e+01 1.201327e+01 2214 1.101513e-02
170306 6.672399e-03 1.570485e-03 1.511993e-01 6.680468e-02 9.645239e-03 4.615848e-01 5.917309e+00 7.945950e-01 3.054345e+01 3235 1.620563e-02
421862 -2.644171e-03 7.341576e-03 1.111303e-01 -3.226880e-02 3.384926e-02 1.281881e-01 -1.545399e+01 1.382801e+01 8.898358e+00 3474 1.391419e-02
671648 6.831638e-04 -1.456677e-02 1.492341e-01 8.936127e-03 -6.715381e-02 2.686619e-01 1.067396e+00 -6.801340e+00 1.544618e+01 1669 1.169746e-02
796058 1.226831e-03 -5.880178e-03 2.469689e-01 4.713771e-02 -1.011932e-01 2.794002e+00 5.086163e-01 -1.055910e+00 2.821689e+01 3043 2.099187e-02
171178 1.619350e-02 1.795790e-02 1.589606e-01 3.552815e-02 4.546533e-02 2.411747e-01 4.329006e+00 6.158884e+00 1.840764e+01 2912 1.822992e-02
296581 1.800901e-03 1.245754e-02 1.400181e-01 5.490311e-03 5.444421e-02 2.638232e-01 7.542457e-01 8.583557e+00 2.531013e+01 4546 2.802632e-02
796822 -8.969432e-03 1.411056e-04 1.160415e-01 -3.024182e-02 -5.375270e-03 1.352420e-01 -1.881362e+01 -4.878767e+00 1.698127e+01 1561 8.380094e-03
172629 1.003614e-02 7.716950e-03 1.702227e-01 2.603255e-01 1.418634e-01 1.403664e+00 4.938373e+00 2.646797e+00 2.433659e+01 5512 2.430813e-02
62159 8.152961e-03 1.056056e-02 1.271006e-01 4.571997e-02 5.172739e-02 2.194113e-01 1.074113e+01 1.177039e+01 2.639341e+01 4218 1.838102e-02
549396 4.203929e-03 -1.765835e-02 1.413446e-01 3.486851e-02 -1.867275e-01 4.245059e-01 2.815231e+00 -1.552178e+01 2.599627e+01 3732 1.900457e-02
798755 2.732881e-02 -8.464801e-03 1.501025e-01 6.729883e-02 -2.142973e-02 2.134738e-01 1.736621e+01 -5.633014e+00 2.753360e+01 5167 2.262268e-02
299000 1.361192e-02 -1.285408e-02 1.949249e-01 2.420355e-02 -2.745340e-02 2.965835e-01 2.921325e+00 -4.026700e+00 2.803890e+01 3346 1.730555e-02
926000 -5.312218e-03 1.461562e-03 1.085709e-01 -4.650910e-02 2.119762e-03 1.205666e-01 -1.779655e+01 2.843344e-01 5.181988e+00 2794 1.282637e-02
799883 1.120607e-02 -1.579183e-03 1.259503e-01 3.358282e-02 -8.230650e-03 1.682490e-01 1.515464e+01 -4.504702e+00 2.864674e+01 2284 1.112313e-02
175569 2.370056e-02 7.323775e-03 1.697808e-01 9.384782e-02 1.540997e-02 3.465349e-01 9.455533e+00 1.089982e+00 2.382565e+01 2693 1.646517e-02
551982 -9.823706e-03 -1.370525e-02 1.828552e-01 -3.239548e-02 -4.916864e-02 3.845099e-01 -3.234994e+00 -5.082625e+00 2.890122e+01 3550 2.144771e-02
175962 1.456000e-02 9.582056e-04 1.252955e-01 7.542637e-02 1.356247e-02 1.920286e-01 1.817112e+01 3.762893e+00 1.992261e+01 2195 1.589974e-02
677397 -1.233291e-02 -1.109669e-03 1.277253e-01 -9.374991e-02 -7.162462e-03 2.961661e-01 -1.213737e+01 -9.023301e-01 2.511059e+01 2586 1.287550e-02
927918 -2.358845e-02 -1.420796e-02 2.739132e-01 -6.242088e-01 -4.022034e-01 3.774621e+00 -5.028855e+00 -3.248596e+00 2.931062e+01 1668 1.452457e-02
301747 1.063165e-02 7.780261e-03 1.328893e-01 5.936871e-02 3.246823e-02 2.460482e-01 1.275164e+01 6.459400e+00 2.960708e+01 2273 1.157404e-02
552429 5.483814e-03 -2.627196e-02 1.588253e-01 1.938748e-02 -1.116541e-01 3.271434e-01 1.698094e+00 -1.042796e+01 2.055716e+01 5444 2.477633e-02
176343 1.997682e-02 -1.385663e-02 1.401477e-01 8.478207e-02 -5.382897e-02 2.605651e-01 1.132524e+01 -6.985487e+00 2.104392e+01 5388 2.511447e-02
67196 -4.200617e-03 1.643113e-02 1.306063e-01 -3.328650e-02 1.043807e-01 2.434235e-01 -4.169650e+00 1.260814e+01 1.617307e+01 1260 8.490680e-03
552663 -6.490925e-03 5.086229e-03 1.121291e-01 -1.337116e-01 1.190594e-01 2.599604e-01 -1.528621e+01 1.369445e+01 1.776268e+01 2557 1.285707e-02
678554 -9.418611e-03 -3.910079e-03 1.400482e-01 -2.969054e-02 -7.615336e-03 2.150313e-01 -7.002483e+00 -1.279898e+00 2.590123e+01 2346 1.286952e-02
678830 -2.284906e-02 8.982397e-03 6.543933e-02 -4.409888e-02 1.310501e-02 6.190395e-02 -2.501530e+01 4.853134e+00 -3.339388e+00 2728 1.195827e-02
679725 -7.401429e-05 -2.865910e-02 1.277385e-01 2.103328e-02 -3.092932e-01 3.519200e-01 1.489867e+00 -1.980866e+01 1.582394e+01 3955 1.762192e-02
679940 -8.904033e-03 -5.736196e-03 1.364970e-01 -1.152677e-01 -7.200078e-02 5.221768e-01 -8.290386e+00 -5.164913e+00 3.006134e+01 2238 1.076358e-02
554665 -1.492182e-02 4.607964e-03 1.392528e-01 -4.200384e-02 9.732560e-03 2.065295e-01 -1.169337e+01 2.212678e+00 2.904845e+01 2904 1.542758e-02
680025 1.382376e-02 2.524010e-04 1.335286e-01 4.934344e-02 8.500639e-03 2.069619e-01 1.122502e+01 2.606631e+00 2.320658e+01 7398 2.905291e-02
71552 -2.065775e-02 1.170569e-02 1.386157e-01 -3.573189e-02 2.219599e-02 1.631034e-01 -1.250083e+01 8.699494e+00 2.030741e+01 5880 2.826577e-02
180069 1.387560e-02 -6.773671e-04 1.237853e-01 6.748494e-02 -7.651947e-03 1.970996e-01 2.205408e+01 -2.869238e+00 3.016040e+01 3889 1.900124e-02
72780 -3.056614e-03 8.336193e-03 1.161505e-01 -1.123954e-02 4.146866e-02 1.514423e-01 -4.109392e+00 1.663883e+01 1.772325e+01 3959 2.308910e-02
180915 -1.103908e-02 6.607168e-03 1.208109e-01 -4.898337e-02 2.683333e-02 1.708479e-01 -1.470472e+01 7.838333e+00 1.939106e+01 2228 1.128509e-02
557084 5.032742e-03 1.250136e-02 1.538363e-01 1.624699e-02 4.592309e-02 2.938803e-01 2.009080e+00 5.987647e+00 2.508948e+01 2160 1.358568e-02
181544 7.990142e-03 6.135055e-03 1.195088e-01 4.368509e-02 2.112720e-02 1.690679e-01 1.392984e+01 5.850638e+00 1.934029e+01 3202 2.041063e-02
307035 8.379257e-03 -1.360981e-02 1.223662e-01 1.816161e-02 -2.611834e-02 1.404438e-01 1.197030e+01 -1.530623e+01 2.212085e+01 2992 1.474006e-02
558165 -1.094023e-02 2.208040e-02 6.693192e-02 -3.014719e-02 3.214114e-02 7.405533e-02 -1.636495e+01 8.572082e+00 6.069379e+00 1938 8.295348e-03
934136 -1.085626e-02 1.183498e-02 1.336599e-01 -3.464108e-02 3.350351e-02 2.002302e-01 -7.276481e+00 6.629044e+00 2.036584e+01 2603 1.168919e-02
308056 -5.469396e-03 1.642810e-02 1.742193e-01 -9.942241e-03 3.722285e-02 2.643793e-01 -1.427371e+00 6.636003e+00 2.877179e+01 3079 1.794793e-02
182770 -8.749327e-03 -2.568089e-03 1.138457e-01 -8.499836e-02 -1.553795e-02 1.714763e-01 -2.290337e+01 -3.895833e+00 1.731083e+01 5071 2.146765e-02
935148 1.500021e-03 -3.803641e-03 1.269367e-01 8.240294e-03 -6.780299e-02 4.025707e-01 9.397337e-01 -8.922836e+00 3.842909e+01 5165 2.180321e-02
935153 2.796685e-02 3.346537e-03 2.223045e-01 2.876761e-01 5.165514e-02 1.056492e+00 8.789201e+00 1.634882e+00 2.823097e+01 1642 1.249457e-02
434787 -6.507083e-03 -3.982479e-03 1.127500e-01 -9.019263e-02 -4.400369e-02 1.916691e-01 -1.758578e+01 -8.410104e+00 1.658417e+01 5096 2.210573e-02
183259 -1.826080e-03 7.827212e-03 1.242706e-01 -2.342386e-03 6.809902e-02 2.585058e-01 -1.189342e-01 1.388397e+01 3.092188e+01 3288 1.777587e-02
935425 -5.498702e-04 -1.425127e-02 1.229849e-01 -1.825610e-02 -2.244957e-01 3.261414e-01 -1.884499e+00 -2.237661e+01 2.162224e+01 4243 1.814087e-02
809013 -6.956015e-03 6.717260e-03 1.473828e-01 -4.401899e-02 3.967804e-02 3.060093e-01 -6.238208e+00 5.547753e+00 2.669902e+01 1508 9.863787e-03
76697 -5.389129e-03 7.874908e-03 1.934323e-01 -1.976583e-01 2.181265e-01 2.413976e+00 -2.299391e+00 2.514447e+00 2.655599e+01 3991 2.238390e-02
184154 1.186094e-02 -4.130767e-03 1.207739e-01 6.380543e-02 -1.040100e-02 1.724895e-01 1.507282e+01 -1.819443e+00 1.500641e+01 4536 1.955505e-02
78262 -2.429663e-03 9.683320e-03 2.041700e-01 -1.589652e-02 3.923978e-02 8.336254e-01 -6.836376e-01 1.500418e+00 3.195397e+01 4268 2.119930e-02
810340 1.543259e-02 1.501074e-02 1.358296e-01 2.245724e-02 2.278716e-02 1.508945e-01 1.373182e+01 1.520140e+01 2.944901e+01 3091 1.617143e-02
937778 1.399643e-02 -1.168549e-02 1.371509e-01 1.573463e-01 -1.594565e-01 4.900509e-01 1.119685e+01 -1.154218e+01 2.756451e+01 3383 1.572351e-02
687534 2.509184e-02 1.126434e-02 2.022706e-01 1.091809e+00 1.696200e-01 3.295032e+00 8.331159e+00 1.236772e+00 2.415474e+01 4975 3.325345e-02
938435 6.280975e-03 5.870284e-03 1.170040e-01 3.071879e-02 4.131513e-02 1.829564e-01 1.011503e+01 1.467093e+01 2.729830e+01 7724 2.947810e-02
312148 -2.389190e-02 -3.069282e-03 1.448831e-01 -2.403165e-01 -1.702330e-02 5.260163e-01 -1.680805e+01 -1.083703e+00 2.959972e+01 3031 1.856260e-02
312812 2.331266e-02 -8.946184e-03 2.763105e-01 1.022268e-01 -2.399440e-02 8.144827e-01 5.695029e+00 -1.085990e+00 3.883849e+01 3251 1.942828e-02
813313 -9.205671e-03 1.737762e-02 1.615097e-01 -1.148707e-01 3.033374e-01 1.064711e+00 -3.739281e+00 1.011956e+01 3.196256e+01 2009 1.177418e-02
690060 1.790492e-02 -2.806128e-03 1.404389e-01 1.325057e-01 -2.203306e-03 3.749617e-01 1.263193e+01 6.644643e-02 2.585042e+01 1612 9.030049e-03
83111 -2.280937e-02 6.070118e-03 1.751312e-01 -5.503040e-01 9.371216e-02 1.794322e+00 -9.702874e+00 1.612111e+00 2.978383e+01 3048 1.560989e-02
440771 -2.052556e-02 -5.151392e-03 1.303536e-01 -4.199187e-02 -9.803820e-03 1.568107e-01 -1.411584e+01 -3.059349e+00 1.739765e+01 4149 1.897225e-02
83566 4.771969e-03 1.401455e-02 1.501418e-01 1.187492e-02 3.348685e-02 1.987838e-01 3.506655e+00 9.613277e+00 2.401408e+01 4915 2.257409e-02
941511 -4.330665e-05 -8.789967e-03 1.555441e-01 -1.044822e-02 -5.949464e-02 3.803782e-01 -1.276112e+00 -6.218679e+00 2.757479e+01 2493 1.493492e-02
814682 -2.172210e-02 1.924620e-02 1.513484e-01 -8.646564e-02 6.792784e-02 2.714565e-01 -1.246381e+01 9.371725e+00 2.312207e+01 2309 1.149393e-02
565758 -2.001940e-02 1.328779e-02 1.278876e-01 -1.086276e-01 7.288286e-02 2.362447e-01 -1.517432e+01 1.020577e+01 1.855636e+01 3434 1.759843e-02
691287 -1.527372e-02 -1.596769e-02 1.483398e-01 -2.908941e-02 -2.887120e-02 1.807452e-01 -9.629330e+00 -8.993549e+00 2.258613e+01 3602 2.067670e-02
189874 -1.484641e-02 -1.360214e-02 1.272590e-01 -6.245399e-02 -5.245314e-02 1.872968e-01 -1.371447e+01 -1.119193e+01 1.729526e+01 3642 1.729619e-02
84983 -7.865655e-03 2.376620e-03 2.199990e-01 -1.729212e-01 1.720166e-01 3.531413e+00 -1.727755e+00 1.775743e+00 3.466293e+01 2392 1.469797e-02
316820 -2.351394e-02 -2.132266e-03 1.584693e-01 -2.718628e-01 -5.697035e-02 7.356289e-01 -1.228909e+01 -2.713564e+00 2.855970e+01 3256 1.608851e-02
693517 1.672368e-03 -1.083787e-02 1.376752e-01 1.500768e-02 -4.626960e-02 2.364281e-01 3.478293e+00 -9.241776e+00 2.575805e+01 3219 1.564544e-02
817211 -1.065034e-02 4.996581e-03 1.326255e-01 -2.773250e-02 1.610203e-02 1.874122e-01 -8.437849e+00 5.485611e+00 2.706228e+01 909 5.810744e-03
694016 -2.308695e-02 -9.102828e-03 1.411527e-01 -5.795504e-02 -2.736890e-02 2.022803e-01 -7.454859e+00 -3.905318e+00 1.306921e+01 3114 1.757803e-02
87774 -7.751874e-03 1.520693e-02 2.176894e-01 -7.552294e-02 8.628944e-02 7.443838e-01 -3.559524e+00 3.733450e+00 2.766345e+01 3360 2.219292e-02
694213 -8.795357e-03 7.307398e-03 1.722130e-01 -3.323274e-02 1.859631e-02 3.591461e-01 -3.630474e+00 1.677106e+00 2.777122e+01 5152 2.559637e-02
87898 1.962159e-04 3.797033e-03 1.947681e-01 1.805398e-02 3.805606e-02 5.452084e-01 1.471313e+00 2.822624e+00 2.887301e+01 2653 1.795180e-02
192559 4.279483e-03 -3.438396e-03 1.114877e-01 1.555408e-02 -2.777393e-02 1.461648e-01 7.650727e+00 -1.651363e+01 2.353123e+01 2402 1.303158e-02
694491 1.861173e-03 -5.573013e-03 1.707637e-01 1.377957e-02 -1.255178e-02 3.594883e-01 1.803054e+00 -1.055771e+00 2.855089e+01 2287 1.568072e-02
695006 -1.793146e-02 -8.699855e-03 1.367224e-01 -5.879146e-02 -3.331472e-02 1.980907e-01 -1.124379e+01 -6.773478e+00 1.688724e+01 2707 1.728271e-02
89684 -1.391628e-02 -1.834062e-02 1.551405e-01 -4.577549e-02 -6.113025e-02 2.548465e-01 -7.052429e+00 -9.472013e+00 2.207114e+01 1734 1.051759e-02
90397 3.682487e-03 5.899280e-04 1.536297e-01 1.786762e-02 -1.693543e-02 6.230505e-01 8.982582e-01 -1.109774e+00 2.972556e+01 5197 2.598336e-02
194465 -7.803448e-03 9.520633e-03 1.263525e-01 -3.042423e-02 3.106703e-02 1.857708e-01 -8.474273e+00 8.071783e+00 2.225947e+01 4142 2.248308e-02
320741 1.607381e-02 4.445867e-04 2.605649e-01 1.485664e-01 1.438212e-01 1.876099e+00 1.884330e+00 2.039125e+00 2.297638e+01 3197 2.404911e-02
949281 -8.873859e-03 1.574939e-02 1.396356e-01 -6.487303e-02 1.042710e-01 3.247847e-01 -6.887634e+00 1.088774e+01 2.277247e+01 5337 2.465307e-02
448575 -4.745161e-03 1.332392e-02 1.341169e-01 -2.005290e-02 5.456721e-02 2.347475e-01 -3.906457e+00 1.052508e+01 2.568043e+01 2059 1.093044e-02
322915 1.219793e-02 1.990055e-02 1.458087e-01 3.092403e-02 5.439157e-02 2.228399e-01 6.796676e+00 1.251859e+01 2.795864e+01 5906 2.598768e-02
95149 6.020924e-03 7.916203e-03 1.291639e-01 2.107045e-02 3.067327e-02 1.896835e-01 6.438990e+00 9.736685e+00 2.589351e+01 4134 2.176368e-02
574458 1.935268e-02 1.347409e-02 6.632435e-02 3.742002e-02 2.171323e-02 6.977155e-02 2.398193e+01 1.093634e+01 4.575693e+00 3776 1.396066e-02
950662 -6.321760e-03 2.024603e-03 1.269709e-01 -3.329928e-02 -6.671003e-04 2.589542e-01 -7.042599e+00 -7.026810e-01 3.445479e+01 4011 1.861616e-02
324201 1.351427e-02 2.109962e-03 1.403620e-01 4.435584e-02 1.126444e-02 2.265503e-01 8.582106e+00 2.547365e+00 2.398312e+01 5400 2.223226e-02
324240 1.408435e-02 -1.305174e-02 1.400681e-01 1.249862e-01 -1.133454e-01 3.879087e-01 1.139760e+01 -1.030738e+01 2.547107e+01 4300 1.970464e-02
951442 7.553132e-03 2.674313e-02 1.506197e-01 1.330432e-02 4.877278e-02 1.904576e-01 2.663775e+00 1.020347e+01 1.845174e+01 9165 3.920307e-02
701443 7.175873e-03 2.829928e-02 2.587540e-01 2.339600e-01 4.715181e-01 2.914400e+00 2.692901e+00 5.262910e+00 3.153392e+01 1597 1.385616e-02
952404 1.568036e-02 1.281456e-02 2.080089e-01 1.403715e-01 1.111054e-01 8.845035e-01 5.159498e+00 4.067101e+00 2.799214e+01 2569 1.559552e-02
576245 -9.112178e-03 4.832740e-03 1.145723e-01 -3.855431e-02 1.797868e-02 1.401606e-01 -1.651617e+01 7.374486e+00 1.435429e+01 3832 1.877995e-02
576700 5.905781e-03 -3.247237e-03 1.808640e-01 4.351578e-02 -2.851664e-02 1.014571e+00 1.670589e+00 -1.122436e+00 3.703226e+01 3309 1.947226e-02
452416 4.950318e-03 1.019123e-02 1.226658e-01 1.647578e-02 3.521975e-02 1.677057e-01 7.155440e+00 1.553865e+01 2.796247e+01 3239 1.366758e-02
99103 1.902203e-02 -2.252341e-02 2.355545e-01 2.370809e-01 -2.386193e-01 1.696034e+00 5.045357e+00 -4.999937e+00 3.379197e+01 7800 3.704964e-02
327146 -8.824481e-03 -6.727350e-03 2.061050e-01 -7.442252e-02 -5.834709e-02 7.926935e-01 -3.345232e+00 -2.632396e+00 2.991361e+01 2945 1.994891e-02
704211 -1.473885e-02 -2.287736e-02 1.821370e-01 -5.076819e-02 -8.570507e-02 3.753650e-01 -6.107539e+00 -1.065028e+01 3.275517e+01 2865 1.566461e-02
328591 8.522594e-03 1.382232e-02 1.454943e-01 2.593154e-02 5.408801e-02 2.512788e-01 3.190866e+00 7.380252e+00 1.938911e+01 3100 1.661568e-02
579542 -7.168288e-03 4.573298e-03 1.159464e-01 -2.959293e-02 1.045512e-02 1.529964e-01 -9.023788e+00 2.366876e+00 1.490911e+01 4426 1.889734e-02
828569 1.687320e-02 1.679255e-02 1.789268e-01 2.860732e-01 2.128743e-01 1.306278e+00 6.572337e+00 4.787205e+00 2.752353e+01 3993 2.228185e-02
455486 2.781231e-02 -9.503874e-03 1.762305e-01 1.447830e-01 -6.031903e-02 4.724386e-01 8.257889e+00 -3.587444e+00 2.091167e+01 4134 2.298791e-02
580164 9.185553e-03 -1.412321e-02 1.308956e-01 1.584035e-02 -3.122717e-02 1.542115e-01 4.425423e+00 -1.137410e+01 1.550502e+01 3653 1.723056e-02
829048 -2.270835e-03 1.260121e-02 2.280608e-01 -2.972263e-02 6.326306e-02 6.384927e-01 -1.918079e+00 3.539784e+00 2.867721e+01 8677 3.770872e-02
706311 2.464247e-02 4.647389e-03 6.614436e-02 3.137266e-02 7.162064e-03 6.511096e-02 2.181005e+01 8.149130e+00 -3.348879e+00 2500 1.090008e-02
706785 -2.122040e-02 -1.554522e-02 2.004127e-01 -2.894219e-01 -2.095024e-01 1.256450e+00 -8.109725e+00 -5.864768e+00 3.193185e+01 4463 2.385552e-02
581559 7.726519e-03 -5.584779e-03 1.621601e-01 7.477458e-02 -4.618868e-02 5.919744e-01 4.075810e+00 -2.468286e+00 2.612815e+01 1884 1.013638e-02
104326 -1.971575e-02 -1.183013e-02 1.514419e-01 -1.410343e-01 -9.131736e-02 4.220547e-01 -1.112724e+01 -7.290505e+00 2.482039e+01 10548 4.183691e-02
105419 -4.748405e-03 2.338439e-02 1.480815e-01 -3.119574e-03 1.357971e-01 3.073676e-01 2.244530e-01 1.549048e+01 2.194964e+01 3361 1.486508e-02
105929 -1.803953e-02 1.070927e-03 1.386598e-01 -1.084324e-01 -6.965110e-03 3.076006e-01 -1.247580e+01 -1.109113e+00 2.331677e+01 3072 1.594546e-02
708671 4.984823e-03 7.725243e-03 1.184648e-01 2.597322e-02 6.692356e-02 2.110378e-01 4.666618e+00 1.316231e+01 2.058294e+01 3416 1.568094e-02
832133 -9.356689e-03 6.022656e-03 1.647667e-01 -8.775874e-02 1.074002e-01 8.018798e-01 -4.295630e+00 5.554449e+00 3.490728e+01 3649 2.206680e-02
332686 4.290262e-03 -2.432707e-02 1.818741e-01 7.287005e-02 -2.556830e-01 1.010645e+00 2.859129e+00 -9.645354e+00 3.455190e+01 3194 1.624668e-02
583664 1.889326e-02 -8.197203e-03 1.542367e-01 2.403916e-01 -1.243224e-01 8.027370e-01 9.581580e+00 -5.023349e+00 2.805284e+01 2502 1.368510e-02
207887 1.417701e-03 2.021509e-02 1.333337e-01 7.811804e-02 4.982586e-01 7.217755e-01 3.057642e+00 1.905710e+01 2.345811e+01 4532 2.517693e-02
459858 -9.938256e-03 -1.676128e-02 1.393653e-01 -3.183889e-02 -4.562009e-02 2.034713e-01 -8.822064e+00 -1.162497e+01 2.582335e+01 3388 1.781575e-02
109137 1.023751e-02 1.421484e-02 1.513864e-01 5.843964e-02 7.900260e-02 3.633955e-01 6.726773e+00 9.041355e+00 2.958659e+01 3907 1.929004e-02
711450 -8.945220e-03 8.664107e-04 2.041275e-01 -1.348931e-01 1.125791e-01 1.773069e+00 -2.282518e+00 2.024537e+00 2.843348e+01 2463 1.760501e-02
711720 2.200928e-03 5.170300e-03 1.331080e-01 1.028923e-02 2.931813e-02 2.316561e-01 2.338096e+00 6.980446e+00 2.848742e+01 2482 1.254465e-02
711726 7.500080e-03 1.992614e-02 1.310487e-01 1.890780e-02 6.012958e-02 1.745230e-01 4.968933e+00 1.751166e+01 1.893635e+01 2719 1.811111e-02
335108 1.091039e-02 5.528652e-03 1.348077e-01 1.096402e-01 2.647300e-02 4.420158e-01 9.976424e+00 2.116379e+00 3.104267e+01 2710 1.278230e-02
963611 3.537160e-03 2.317180e-02 1.443111e-01 1.221437e-02 9.534706e-02 2.820699e-01 1.711485e+00 1.423578e+01 2.717141e+01 2864 1.793135e-02
111835 -1.779047e-02 7.461068e-03 1.889212e-01 -1.988186e-01 6.701323e-02 9.983006e-01 -6.408214e+00 2.108087e+00 2.865122e+01 4432 2.329989e-02
713610 1.199359e-02 -4.672075e-03 1.592917e-01 5.975801e-02 -1.338937e-02 3.456442e-01 6.417408e+00 -1.171216e+00 2.503748e+01 1809 1.150434e-02
112533 -4.862154e-03 -1.108851e-02 1.369090e-01 -2.434289e-02 -3.865197e-02 2.289816e-01 -5.658043e+00 -8.005613e+00 2.674185e+01 3642 1.827355e-02
837065 -2.061369e-02 2.068092e-02 1.334675e-01 -6.322511e-02 5.969484e-02 1.879040e-01 -1.104285e+01 1.011055e+01 1.410734e+01 1934 1.319120e-02
588582 1.116584e-03 -2.058916e-02 1.775273e-01 4.001662e-03 -4.133080e-02 2.521237e-01 1.161736e+00 -8.352049e+00 3.003779e+01 3596 2.111090e-02
714516 3.975775e-04 -1.728843e-02 1.363111e-01 1.943464e-03 -4.639391e-02 1.947622e-01 5.906346e-01 -1.112029e+01 2.233235e+01 3377 2.074741e-02
212137 -8.655532e-03 -8.067927e-03 1.209697e-01 -5.710892e-02 -6.072465e-02 2.131191e-01 -1.301972e+01 -1.414919e+01 2.476111e+01 1863 1.111257e-02
714931 3.320429e-04 -8.840540e-03 1.138932e-01 3.216325e-03 -2.989057e-02 1.342448e-01 2.777615e+00 -2.027155e+01 1.959897e+01 2336 1.060843e-02
212584 1.119975e-02 5.358874e-03 1.989232e-01 7.141432e-02 4.853805e-02 6.739522e-01 3.656251e+00 2.621855e+00 2.884394e+01 3523 1.670150e-02
589306 4.388608e-03 9.798546e-03 1.274353e-01 1.492811e-02 3.214302e-02 1.788558e-01 5.517206e+00 1.169687e+01 2.691756e+01 3085 1.807947e-02
715302 1.696506e-03 -1.317630e-02 1.617232e-01 3.904842e-02 -1.701879e-01 7.826486e-01 1.861821e+00 -7.826307e+00 3.095028e+01 2444 1.416715e-02
838111 2.940540e-04 1.341560e-02 1.271215e-01 4.608666e-04 4.278918e-02 1.760938e-01 9.117063e-02 1.605399e+01 2.676557e+01 3136 1.577943e-02
715547 -1.231703e-02 7.448679e-03 1.333971e-01 -5.548366e-02 4.089363e-02 2.526368e-01 -8.718517e+00 6.754995e+00 2.408326e+01 8407 3.827900e-02
114767 1.248371e-02 1.119919e-02 1.800376e-01 1.726401e-01 8.324190e-02 1.169369e+00 4.229816e+00 1.902686e+00 2.612878e+01 2536 1.527076e-02
465141 -1.075374e-02 1.849538e-02 2.893566e-01 -8.076091e-01 5.440046e-01 8.381169e+00 -2.531134e+00 1.669229e+00 2.570286e+01 2387 1.992794e-02
114932 -1.086167e-02 1.338194e-02 1.484962e-01 -3.048917e-02 3.614571e-02 2.096343e-01 -9.905779e+00 1.148861e+01 3.085574e+01 3220 1.501677e-02
115369 -1.558365e-02 6.597603e-03 1.236550e-01 -4.830934e-02 2.523335e-02 1.617581e-01 -1.487217e+01 8.469004e+00 1.731591e+01 2894 1.728764e-02
466206 2.848500e-03 2.817085e-02 6.557623e-02 3.629661e-03 3.198620e-02 6.512638e-02 4.294823e+00 2.097681e+01 -2.473265e+00 3123 1.191225e-02
214425 7.841325e-03 1.960255e-02 1.555988e-01 5.055874e-02 1.005736e-01 3.402114e-01 5.038498e+00 9.550490e+00 2.177497e+01 2681 1.584885e-02
340131 1.717958e-02 -8.182530e-03 1.350864e-01 2.823856e-02 -1.502645e-02 1.507018e-01 1.167714e+01 -7.226478e+00 1.648819e+01 2540 1.208912e-02
466314 1.780884e-02 8.259247e-03 3.353152e-01 4.788425e-02 2.773102e-03 1.870695e+00 5.286813e-01 -9.643834e-02 2.698971e+01 2764 2.382098e-02
967560 -9.194137e-03 -3.171157e-03 1.178038e-01 -3.163952e-02 -7.695358e-03 1.484915e-01 -1.569438e+01 -3.163436e+00 2.145763e+01 4846 2.288348e-02
717309 -7.912519e-03 -5.432301e-03 1.584681e-01 -9.981167e-02 -5.796644e-02 8.514371e-01 -4.332243e+00 -2.476526e+00 3.266744e+01 3220 1.506646e-02
117090 1.438755e-02 -1.072157e-02 1.533556e-01 4.818756e-02 -3.984462e-02 2.705070e-01 8.515689e+00 -7.337360e+00 2.951550e+01 2007 1.283562e-02
841117 8.399229e-03 -1.033383e-02 1.259252e-01 2.721675e-02 -3.069540e-02 1.636766e-01 1.011615e+01 -1.094621e+01 2.029480e+01 3680 1.770018e-02
718575 -1.481081e-02 6.687557e-03 1.449956e-01 -8.463579e-02 4.160721e-02 3.358119e-01 -1.011496e+01 5.058519e+00 2.764196e+01 6783 3.051100e-02
719625 1.318550e-02 -3.694801e-03 1.495250e-01 8.258053e-02 -2.540182e-02 4.055779e-01 8.022499e+00 -2.509468e+00 2.960131e+01 2940 1.751820e-02
842484 -9.669892e-03 -1.201302e-02 2.602534e-01 -5.064098e-02 -7.493120e-02 1.301301e+00 -1.195244e+00 -1.835503e+00 3.037034e+01 3723 2.618620e-02
217354 1.318781e-02 5.553004e-03 1.421262e-01 3.405701e-02 1.204266e-02 1.966173e-01 8.966425e+00 2.788271e+00 2.341201e+01 4136 1.893524e-02
843143 2.811428e-02 2.851158e-03 1.420690e-01 2.181425e-01 2.877949e-02 3.815183e-01 1.927622e+01 2.630137e+00 2.428943e+01 4011 2.093783e-02
843755 -3.866890e-03 -1.063108e-02 1.602126e-01 -1.858344e-02 -4.916827e-02 4.832172e-01 -1.147968e+00 -3.006103e+00 2.519605e+01 4700 2.307104e-02
344958 -1.047163e-03 1.064036e-02 1.217092e-01 -4.962930e-03 5.460896e-02 1.937357e-01 -1.393247e+00 1.564421e+01 2.562736e+01 6764 2.753686e-02
844724 1.834043e-03 1.887925e-02 1.433047e-01 8.188599e-03 7.610172e-02 2.473696e-01 1.509356e+00 1.359167e+01 2.471785e+01 4529 2.018028e-02
123313 -3.674734e-03 9.585844e-03 1.266906e-01 -2.525178e-02 6.361478e-02 2.399816e-01 -4.483219e+00 1.122599e+01 2.353930e+01 8148 3.229168e-02
973517 4.911761e-03 -1.814400e-02 1.387880e-01 2.880645e-02 -1.623958e-01 3.909459e-01 2.397069e+00 -1.447106e+01 2.529599e+01 2683 1.614264e-02
123940 1.769637e-02 -1.691495e-02 1.638216e-01 3.004798e-02 -2.981571e-02 2.105472e-01 6.521772e+00 -6.811726e+00 2.467158e+01 3966 2.050246e-02
722926 -1.091016e-02 3.675766e-03 1.440500e-01 -3.437557e-01 8.671783e-02 1.253856e+00 -1.029176e+01 2.567704e+00 3.431577e+01 3260 1.423045e-02
473106 6.243486e-03 1.278730e-02 1.327050e-01 3.471586e-02 8.296379e-02 2.722311e-01 5.397491e+00 1.330332e+01 2.644988e+01 5131 2.224610e-02
846622 -8.491999e-03 -5.215819e-03 1.372270e-01 -4.272143e-02 -2.767724e-02 2.187050e-01 -6.265732e+00 -4.111586e+00 1.491462e+01 5365 2.292331e-02
725186 1.255527e-03 -1.145261e-02 1.120949e-01 4.311914e-03 -3.084383e-02 1.229540e-01 2.824823e+00 -1.792207e+01 1.003637e+01 2980 1.629340e-02
599408 2.675969e-02 -5.034691e-03 1.631060e-01 1.009660e-01 -1.402584e-02 3.038235e-01 8.506752e+00 -1.030714e+00 1.613135e+01 3101 1.948129e-02
976318 2.602057e-02 7.795492e-03 1.570500e-01 5.127863e-02 2.165337e-02 2.132322e-01 9.467129e+00 5.194157e+00 2.105799e+01 3245 2.185651e-02
349248 2.186062e-02 -8.481657e-03 6.563362e-02 3.298513e-02 -1.396430e-02 6.594717e-02 2.610937e+01 -1.286784e+01 7.359206e-01 1208 7.170123e-03
476634 -4.992041e-03 -2.309155e-03 1.405122e-01 -4.186227e-02 2.351595e-03 3.655277e-01 -5.408494e+00 6.836855e-01 3.300754e+01 3376 1.599923e-02
727620 -7.469079e-03 -4.780926e-03 1.794103e-01 -1.080871e-01 -3.985380e-02 9.874311e-01 -3.874432e+00 -1.350528e+00 3.111392e+01 3016 1.744051e-02
850578 -1.381940e-02 -3.872936e-03 1.683807e-01 -3.455161e-02 -9.119103e-03 2.481150e-01 -5.406869e+00 -1.368177e+00 2.079437e+01 4379 2.162722e-02
225701 1.269275e-02 9.746900e-03 1.725498e-01 1.011141e-01 6.097437e-02 6.681480e-01 6.097782e+00 3.532789e+00 3.417783e+01 5106 2.454889e-02
729568 4.127185e-03 8.747489e-03 2.562813e-01 3.295561e-01 5.602748e-01 1.187850e+01 1.159532e+00 1.965140e+00 4.141098e+01 2594 1.854671e-02
851668 -1.140372e-02 -8.852012e-03 1.865887e-01 -6.254665e-02 -3.042828e-02 4.790195e-01 -4.424022e+00 -1.866414e+00 2.529617e+01 6004 2.579538e-02
729844 1.528847e-02 -1.253954e-02 1.289482e-01 1.884382e-01 -1.597998e-01 3.912301e-01 1.404755e+01 -1.194715e+01 2.127880e+01 4767 1.975073e-02
980624 2.023277e-02 -1.526983e-02 2.221684e-01 5.298186e-02 -5.841602e-02 4.312530e-01 3.512431e+00 -4.627550e+00 2.242491e+01 1891 1.380778e-02
604543 -5.938708e-03 -1.796176e-02 1.434198e-01 -1.543873e-02 -4.950290e-02 2.021138e-01 -3.365388e+00 -1.117347e+01 2.079237e+01 3739 2.035251e-02
981154 7.197411e-03 -7.807911e-03 1.390712e-01 2.985209e-02 -4.000066e-02 2.511613e-01 6.554309e+00 -9.313804e+00 3.242919e+01 4684 2.169673e-02
605439 -1.271093e-02 2.311756e-02 2.767227e-01 -9.433429e-02 1.464657e-01 9.442116e-01 -3.303438e+00 4.992112e+00 2.701443e+01 2445 1.848875e-02
480730 -7.953084e-03 1.198912e-02 1.412481e-01 -2.011346e-02 2.758437e-02 1.854524e-01 -7.581265e+00 9.722705e+00 2.755876e+01 4661 2.238938e-02
853851 1.410104e-02 -1.044691e-02 1.775354e-01 2.638617e-01 -1.903772e-01 1.669945e+00 6.436321e+00 -4.636796e+00 3.845933e+01 3395 1.601537e-02
354868 2.037917e-02 -1.214536e-02 2.483009e-01 3.274653e-01 -1.420777e-01 1.821527e+00 4.393048e+00 -1.858759e+00 2.250593e+01 2943 2.282233e-02
606722 -8.649557e-03 -3.281760e-03 1.157303e-01 -7.559175e-02 -2.102866e-02 1.746571e-01 -2.221748e+01 -5.890026e+00 1.955725e+01 4900 2.037716e-02
355608 1.096697e-02 -6.887127e-03 1.370180e-01 2.689893e-02 -1.661196e-02 1.854077e-01 8.632507e+00 -5.269266e+00 2.621931e+01 2325 1.176994e-02
855134 -1.986575e-02 1.640824e-02 2.216955e-01 -1.303725e-01 1.498265e-01 8.850910e-01 -4.521214e+00 5.458603e+00 2.714181e+01 2012 1.483600e-02
855162 -1.495546e-02 -1.254947e-02 1.425321e-01 -4.891695e-02 -4.777182e-02 2.348469e-01 -9.039623e+00 -9.375230e+00 2.457167e+01 2243 1.435268e-02
482978 1.063224e-02 -1.109325e-02 1.652352e-01 6.742373e-02 -6.259269e-02 5.056470e-01 4.420993e+00 -4.009028e+00 2.649972e+01 5795 3.248692e-02
230730 -7.579974e-03 9.037112e-03 1.512392e-01 -1.678011e-02 3.397879e-02 2.558370e-01 -1.949171e+00 5.284228e+00 2.216043e+01 4024 2.092503e-02
608091 8.098845e-03 3.297256e-03 1.414002e-01 1.263516e-01 3.592033e-02 4.895805e-01 9.644048e+00 2.660561e+00 2.839570e+01 2579 1.240490e-02
985136 -2.877380e-03 3.170107e-03 2.195497e-01 -1.366783e-02 7.146989e-02 1.611629e+00 -2.590411e-01 1.639640e+00 3.341896e+01 3348 1.881001e-02
608766 1.035962e-02 -1.048884e-02 1.831340e-01 1.808311e-02 -3.031152e-02 2.930150e-01 1.695267e+00 -4.350977e+00 2.411833e+01 2064 1.444754e-02
856874 -4.494352e-03 -1.902129e-03 1.882269e-01 -4.529662e-02 -5.854650e-02 1.676364e+00 -6.060660e-01 -8.413804e-01 2.210439e+01 5206 2.416794e-02
986125 1.351223e-02 -4.727881e-03 1.730231e-01 1.164068e-01 -8.001248e-02 7.620386e-01 5.549158e+00 -4.060136e+00 3.176589e+01 2140 1.590899e-02
609761 2.587071e-02 -8.586245e-03 2.246848e-01 4.507731e-01 -8.384728e-02 1.703708e+00 6.892811e+00 -1.220892e+00 2.399287e+01 2428 1.692187e-02
610066 2.878630e-02 7.070861e-03 1.602865e-01 6.589016e-01 1.512347e-01 1.234989e+00 1.302482e+01 2.979943e+00 2.221466e+01 1429 9.018925e-03
233046 8.833202e-03 1.282928e-02 1.354003e-01 7.906290e-02 1.158621e-01 3.557143e-01 7.899953e+00 1.158989e+01 2.478253e+01 2818 1.557691e-02
987208 1.948934e-02 2.661747e-03 2.773200e-01 2.654571e-01 9.568464e-04 2.733898e+00 2.360620e+00 -1.636239e-02 2.357644e+01 5334 2.956374e-02
737162 1.696744e-02 -4.576620e-03 1.317193e-01 4.954476e-02 -1.321990e-02 1.851071e-01 1.367620e+01 -3.628511e+00 2.241258e+01 2938 1.381974e-02
359470 9.170938e-03 1.573951e-03 1.178220e-01 7.569339e-02 3.426041e-03 2.106615e-01 1.530088e+01 4.260007e-01 2.135408e+01 1838 1.026794e-02
486095 1.626433e-02 -1.367529e-02 1.588888e-01 6.491683e-02 -3.833817e-02 3.187232e-01 8.306636e+00 -4.210792e+00 2.728915e+01 3058 1.848225e-02
859436 -1.425378e-02 3.873000e-03 1.322389e-01 -1.120451e-01 2.701633e-02 2.958445e-01 -1.305242e+01 3.088989e+00 2.183678e+01 5773 2.446420e-02
612146 2.434140e-02 1.558959e-02 2.501095e-01 4.068610e-01 2.095069e-01 2.588212e+00 4.847535e+00 2.457445e+00 2.962994e+01 2257 1.700315e-02
738321 7.402834e-03 -2.807713e-02 2.531160e-01 5.298260e-01 -1.095159e+00 5.635255e+00 3.165230e+00 -6.465182e+00 3.260903e+01 1884 1.400004e-02
738331 1.180680e-02 9.053010e-03 1.702851e-01 6.942631e-02 4.798981e-02 4.513467e-01 6.078181e+00 4.107375e+00 2.964870e+01 4779 2.482078e-02
487250 7.410374e-03 1.518774e-02 1.400200e-01 1.622691e-02 3.109670e-02 1.826279e-01 5.717336e+00 1.031662e+01 2.763032e+01 6740 2.809261e-02
612986 1.720688e-02 -2.439340e-03 1.772017e-01 8.591681e-02 -5.802087e-03 4.516604e-01 8.210256e+00 -4.018198e-01 3.279549e+01 4562 2.009974e-02
613420 6.545731e-03 -2.721289e-02 1.492257e-01 8.107482e-03 -6.617635e-02 2.062701e-01 4.919203e-01 -1.227271e+01 1.796782e+01 8373 3.356870e-02
739633 1.170370e-02 2.673403e-02 6.767091e-02 1.890926e-02 4.889622e-02 7.351780e-02 6.921810e+00 2.128947e+01 5.616650e+00 1549 8.578281e-03
362857 2.259928e-03 1.751022e-02 1.338792e-01 9.725546e-03 3.831322e-02 1.720197e-01 3.683463e+00 1.026400e+01 1.881817e+01 2421 1.398485e-02
991631 1.811844e-02 1.037654e-02 1.595310e-01 6.012528e-02 3.393815e-02 2.837555e-01 9.121456e+00 5.116220e+00 2.697439e+01 2304 1.436140e-02
741259 -1.062668e-02 1.616943e-02 1.792901e-01 -4.588361e-02 6.031911e-02 3.373125e-01 -5.385045e+00 6.743301e+00 2.413591e+01 5041 2.770373e-02
363286 6.788010e-03 -2.154169e-02 2.856756e-01 9.967093e-01 -1.066681e+00 9.572575e+00 2.846473e+00 -3.005249e+00 2.670405e+01 5458 3.256497e-02
615571 -1.090624e-02 -1.427088e-02 1.614990e-01 -4.745462e-02 -5.982521e-02 3.406285e-01 -5.922609e+00 -7.382009e+00 2.902767e+01 4513 2.136718e-02
992841 3.209936e-03 1.432489e-02 1.223461e-01 1.244432e-02 4.495896e-02 1.517259e-01 5.890161e+00 1.953997e+01 1.873998e+01 2250 1.298980e-02
617542 -7.295430e-04 -1.465804e-02 1.343100e-01 7.836199e-03 -6.591983e-02 2.355491e-01 2.217342e+00 -1.326971e+01 2.620693e+01 2799 1.482416e-02
743781 1.135450e-02 3.817426e-03 1.317864e-01 3.673112e-02 1.448031e-02 1.827281e-01 1.402314e+01 5.892319e+00 2.815042e+01 3190 1.617585e-02
865306 3.020378e-03 -1.144657e-02 1.278871e-01 1.606155e-02 -4.952741e-02 2.188006e-01 3.705244e+00 -1.081949e+01 2.583027e+01 4917 1.955447e-02
493409 2.025436e-02 4.411656e-04 1.683618e-01 3.025344e-01 3.696460e-02 9.863946e-01 1.044767e+01 1.351795e+00 3.027680e+01 2257 1.416209e-02
240693 -1.129672e-02 -7.975769e-03 1.436734e-01 -2.529680e-01 -2.068455e-01 8.765899e-01 -9.294761e+00 -7.648596e+00 2.818822e+01 2109 1.142591e-02
745176 -3.008223e-03 -2.482267e-02 1.576905e-01 -9.300268e-03 -4.439823e-02 2.099543e-01 -2.434093e+00 -7.572852e+00 2.021839e+01 4499 1.967446e-02
619473 9.328504e-03 1.455306e-03 1.769684e-01 9.293549e-02 2.390032e-02 9.538866e-01 3.407743e+00 9.148381e-01 3.166646e+01 2958 1.556905e-02
619535 -7.428257e-04 -2.002633e-02 1.605128e-01 -3.172748e-03 -1.947486e-01 6.794190e-01 -1.634682e-01 -1.175409e+01 3.490838e+01 3115 1.937126e-02
745820 -1.047035e-02 -1.520526e-02 1.337496e-01 -2.469273e-02 -4.424696e-02 1.855662e-01 -5.820466e+00 -1.188522e+01 2.120581e+01 1956 1.007979e-02
619837 -8.016961e-04 -7.447081e-03 1.097570e-01 1.582613e-02 -4.332364e-02 1.273933e-01 6.188058e+00 -1.335149e+01 6.563378e+00 3033 1.382156e-02
867161 1.048690e-02 7.322003e-03 1.204235e-01 2.894409e-02 2.339444e-02 1.470696e-01 1.482572e+01 1.291017e+01 2.140341e+01 4222 2.010204e-02
997120 -1.821130e-04 -2.499131e-02 6.585683e-02 -1.737539e-03 -3.025630e-02 6.613401e-02 -6.721057e+00 -2.275022e+01 1.197712e+00 3101 1.168281e-02
997270 1.315564e-02 -1.430893e-02 2.054295e-01 1.145606e-01 -1.818205e-01 1.089586e+00 2.594254e+00 -4.285466e+00 2.261948e+01 2419 1.782614e-02
997689 -5.253961e-03 3.592411e-03 1.289384e-01 -4.547723e-02 5.669260e-02 3.095403e-01 -6.560934e+00 8.661325e+00 2.945850e+01 6146 3.055530e-02
242738 2.321860e-02 -1.397642e-03 1.591947e-01 2.816548e-01 -2.326942e-02 6.567584e-01 1.330571e+01 -1.126079e+00 2.561731e+01 1976 1.241544e-02
868294 -8.572178e-03 2.149267e-02 1.360427e-01 -2.218254e-02 5.550435e-02 1.883227e-01 -5.981475e+00 1.494743e+01 2.297598e+01 2383 1.430853e-02
998347 -2.354487e-02 -4.607331e-03 1.719456e-01 -2.693499e-01 -4.952678e-02 7.896745e-01 -1.168819e+01 -2.135949e+00 2.937341e+01 4326 2.610582e-02
369348 2.668011e-03 3.248526e-03 1.413335e-01 1.702846e-02 1.880874e-02 3.721786e-01 1.936138e+00 2.097895e+00 3.112354e+01 3420 1.635602e-02
244943 -2.374953e-02 -4.807887e-05 1.279830e-01 -1.929829e-01 -9.478912e-04 2.693357e-01 -1.975253e+01 -1.050240e-01 1.649836e+01 5630 2.343652e-02
870876 7.695075e-03 -1.751185e-02 1.321560e-01 5.404035e-02 -7.257589e-02 2.159635e-01 1.011971e+01 -1.202349e+01 1.829975e+01 4210 2.344389e-02
372329 2.959945e-03 -9.664570e-03 1.238904e-01 1.829274e-02 -6.189598e-02 2.061629e-01 4.766952e+00 -1.623869e+01 2.557846e+01 3891 1.753713e-02
373224 9.869312e-04 1.690305e-02 1.359098e-01 6.562043e-03 4.882380e-02 1.949659e-01 1.836893e+00 1.051728e+01 1.945786e+01 2744 1.374945e-02
872570 -1.508262e-02 8.062510e-03 1.345186e-01 -5.856994e-02 3.440953e-02 2.339108e-01 -8.949407e+00 5.422044e+00 2.045428e+01 2682 1.659631e-02
248225 1.413318e-02 -7.497725e-03 1.226007e-01 1.014068e-01 -4.536663e-02 2.185970e-01 1.852584e+01 -8.038548e+00 2.037743e+01 5241 2.239887e-02
873326 2.193345e-02 1.332940e-02 1.917880e-01 2.028311e-01 1.180850e-01 7.874796e-01 8.882997e+00 5.144034e+00 2.925150e+01 3236 1.812328e-02
249912 -2.128724e-02 2.579232e-03 1.195259e-01 -1.183351e-01 1.749579e-02 1.659086e-01 -2.102332e+01 3.231351e+00 1.004782e+01 5010 2.428476e-02
