running....
idx x y z xnext ynext znext vx vy vz collides time
1 -3.698467e-03 5.714885e-04 6.343210e-02 -3.612291e-03 6.343011e-04 6.355595e-02 7.383132e+00 5.324486e+00 1.051895e+01 9206 3.515700e-02
2 -7.017870e-03 -1.715319e-03 1.151531e-01 -7.094116e-03 -1.869120e-03 1.274717e-01 2.421717e+00 9.305220e-02 4.721418e+01 2485 1.034123e-02
3 -6.599006e-03 -3.472201e-03 1.142325e-01 -5.448900e-03 -1.391824e-03 1.222031e-01 8.045115e+00 1.230481e+01 4.438647e+01 9571 3.732889e-02
4 -2.246333e-03 -1.042050e-03 1.270152e-02 -2.247493e-03 -1.043239e-03 1.269151e-02 -1.634878e+00 -1.677138e+00 -1.412856e+01 5501 2.201453e-02
5 1.506041e-03 3.977083e-03 6.349831e-02 1.491854e-03 3.993630e-03 6.353842e-02 -3.870735e+00 4.483176e+00 1.091943e+01 3546 1.300240e-02
6 3.377339e-03 -6.159154e-03 1.068063e-01 1.864837e-03 -5.991789e-03 1.247069e-01 -5.627255e+00 3.764875e+00 4.851024e+01 1318 5.232537e-03
7 -3.039496e-03 7.102108e-03 6.345508e-02 -3.014458e-03 7.108991e-03 6.356569e-02 3.508816e+00 8.799967e-01 1.535661e+01 15451 5.791534e-02
8 1.013947e-03 4.930699e-03 1.486851e-01 -8.409750e-04 6.249809e-05 2.086760e+00 3.817937e+00 1.174014e+01 2.825433e+01 4378 1.951973e-02
9 -2.063301e-03 -3.042523e-03 1.196426e-01 -2.535783e-03 -3.842095e-03 1.218767e-01 -4.487386e+00 -7.659192e+00 2.275450e+01 3242 1.459360e-02
10 2.089237e-03 -3.837920e-03 6.348405e-02 2.208817e-03 -3.799728e-03 6.355628e-02 1.724638e+01 5.554381e+00 1.043154e+01 2960 1.279388e-02
11 1.613229e-03 3.940389e-03 1.174092e-01 1.728838e-03 4.810208e-03 1.226554e-01 6.921150e-01 6.637217e+00 4.451113e+01 5249 2.091373e-02
12 1.265696e-03 -7.167094e-03 1.193979e-01 2.015598e-03 -6.040215e-03 1.213303e-01 1.002677e+01 1.605501e+01 2.626990e+01 5784 2.370213e-02
13 7.233137e-03 -1.043664e-02 1.818499e-02 7.234978e-03 -1.045428e-02 1.815314e-02 7.934945e-01 -7.803511e+00 -1.415004e+01 4480 1.745233e-02
14 -7.456511e-04 3.621773e-03 6.344334e-02 -7.586226e-04 3.623215e-03 6.351873e-02 -2.074378e+00 1.979249e-01 1.209641e+01 4746 1.789973e-02
15 -2.405694e-03 -4.982772e-03 6.349421e-02 -2.413322e-03 -4.977888e-03 6.351960e-02 -1.670134e+00 1.112877e+00 5.612809e+00 4226 1.617728e-02
16 -1.033417e-04 -3.765221e-03 1.161998e-01 4.962236e-03 2.007957e-03 1.313421e-01 6.338598e+00 1.057216e+01 2.404779e+01 6959 2.795969e-02
17 -1.171276e-03 -3.767232e-03 6.348747e-02 -1.158081e-03 -3.796193e-03 6.356044e-02 2.346634e+00 -5.097308e+00 1.292302e+01 8022 2.977781e-02
18 4.404263e-03 1.344598e-03 1.198266e-01 4.237957e-03 1.193145e-03 1.205773e-01 -6.659530e+00 -5.963672e+00 2.932068e+01 7991 3.071313e-02
19 -3.259661e-03 -1.366288e-03 1.196239e-01 -5.089425e-03 -3.252997e-03 1.227294e-01 -1.254960e+01 -1.334483e+01 2.265237e+01 2727 1.246450e-02
20 4.992063e-03 5.406265e-03 1.155514e-01 4.544279e-03 3.415346e-03 1.206392e-01 -3.752773e+00 -1.214021e+01 2.778909e+01 7030 2.845668e-02
21 9.167863e-03 -3.180285e-03 6.349664e-02 9.242627e-03 -3.179396e-03 6.350778e-02 9.336282e+00 1.494815e-01 1.407527e+00 2648 1.000355e-02
22 -8.987564e-03 -7.449696e-04 1.141781e-01 -4.566659e-03 1.544907e-04 1.260002e-01 1.620108e+01 2.723812e+00 3.295113e+01 3530 1.416080e-02
23 1.594843e-03 -6.120805e-03 6.349512e-02 1.637823e-03 -6.003227e-03 6.356913e-02 6.865751e+00 1.887956e+01 1.184860e+01 2994 1.167376e-02
24 -1.615587e-03 1.213716e-03 1.339772e-01 -2.136209e-03 -1.884721e-04 3.605185e-01 1.179548e+00 5.418355e+00 4.857626e+01 2476 1.013746e-02
25 7.465612e-03 -2.311522e-03 1.182819e-01 4.290256e-03 -2.220361e-03 1.290679e-01 -1.351527e+01 1.299053e+00 3.662372e+01 5334 2.025839e-02
26 -2.313354e-03 2.609441e-03 6.354547e-02 -2.375178e-03 2.622909e-03 6.367266e-02 -7.493306e+00 1.606724e+00 1.547450e+01 8490 3.148038e-02
27 -4.885835e-03 4.311376e-03 6.341507e-02 -4.893705e-03 4.319267e-03 6.355562e-02 -6.253214e-01 6.366849e-01 1.260909e+01 2710 1.202064e-02
28 -5.459363e-03 2.835716e-03 6.344806e-02 -5.542532e-03 2.724789e-03 6.352887e-02 -7.809144e+00 -1.057332e+01 7.670703e+00 5522 2.263920e-02
29 6.426259e-03 5.178431e-03 1.191939e-01 4.396523e-03 4.298015e-03 1.290627e-01 -9.172186e+00 -5.063111e+00 3.207921e+01 7116 2.846075e-02
30 -1.044241e-03 5.962075e-04 1.272407e-02 -1.032247e-03 5.926421e-04 1.269479e-02 5.630202e+00 -1.674549e+00 -1.373395e+01 1123 4.900670e-03
31 -4.294253e-03 -1.158538e-02 7.682006e-02 -6.314087e-03 -1.266950e-02 1.106120e-01 7.237331e+00 1.987008e+01 2.850528e+01 6177 2.366748e-02
32 -2.271912e-03 1.250772e-02 8.686564e-02 -2.909981e-03 1.694041e-02 1.017492e-01 -6.001442e-01 5.820162e+00 4.349650e+01 2363 9.068150e-03
33 6.771231e-04 -6.052354e-03 6.349808e-02 6.802926e-04 -6.050123e-03 6.350162e-02 6.282646e+00 4.427094e+00 7.026528e+00 3967 1.492407e-02
34 -1.073215e-02 -3.351689e-03 6.349459e-02 -1.076080e-02 -3.342145e-03 6.352475e-02 -1.011010e+01 3.396586e+00 1.068752e+01 3100 1.163196e-02
35 -9.114013e-03 3.889954e-03 1.174035e-01 -7.266001e-03 2.908183e-03 1.215831e-01 1.660975e+01 -8.651412e+00 3.410409e+01 2599 1.075689e-02
36 -3.808109e-03 -5.314718e-04 6.341063e-02 -3.785576e-03 -6.361623e-04 6.350899e-02 2.205728e+00 -9.964657e+00 9.370020e+00 2094 7.062820e-03
37 -6.697307e-04 -8.693426e-03 1.270389e-02 -6.755539e-04 -8.633430e-03 1.265482e-02 -1.060781e+00 1.105523e+01 -8.985127e+00 5156 1.943936e-02
38 -6.124523e-03 1.390822e-03 6.347802e-02 -5.999529e-03 1.296957e-03 6.358056e-02 9.729556e+00 -7.244631e+00 7.885961e+00 3298 1.176065e-02
39 5.730515e-04 4.527394e-03 6.348734e-02 5.818342e-04 4.539429e-03 6.350067e-02 7.051844e+00 9.655903e+00 1.070366e+01 14070 5.112394e-02
40 5.075740e-04 -4.096203e-03 6.348312e-02 4.647915e-04 -4.048634e-03 6.352598e-02 -7.404347e+00 8.263026e+00 7.412890e+00 7326 2.741242e-02
41 -3.182189e-03 3.642163e-03 1.182264e-01 -2.206332e-03 2.931227e-03 1.303027e-01 4.255582e+00 -3.775821e+00 3.485789e+01 6236 2.452660e-02
42 -1.536078e-03 6.516699e-03 6.347359e-02 -1.617935e-03 6.525234e-03 6.352791e-02 -1.822705e+01 1.858259e+00 1.210151e+01 2861 1.090958e-02
43 -1.068705e-03 4.543528e-03 6.345073e-02 -1.045560e-03 4.651331e-03 6.355908e-02 4.525409e+00 2.100625e+01 2.114864e+01 6945 2.652926e-02
44 -6.132942e-03 5.269617e-03 1.169562e-01 1.957483e-03 2.880580e-03 1.323275e-01 1.863976e+01 -8.001196e+00 3.120230e+01 1878 7.847035e-03
45 -3.840620e-03 -1.549120e-03 6.335729e-02 -3.724591e-03 -1.499929e-03 6.353028e-02 1.601723e+01 6.789648e+00 2.382046e+01 5465 2.054734e-02
46 -4.018756e-03 -4.225241e-03 1.272052e-02 -4.021005e-03 -4.223430e-03 1.268852e-02 -7.679535e-01 6.501503e-01 -1.116888e+01 1601 6.086068e-03
47 7.032029e-03 3.386243e-04 6.331914e-02 7.063173e-03 4.375303e-04 6.353082e-02 1.602397e+00 5.657282e+00 1.212868e+01 2354 8.576567e-03
48 5.192421e-03 -1.988432e-03 6.349036e-02 5.205725e-03 -1.918720e-03 6.354315e-02 1.806579e+00 9.775220e+00 7.385891e+00 12100 4.498868e-02
49 3.421081e-03 6.966943e-04 6.370230e-02 3.436383e-03 6.919517e-04 6.370257e-02 1.796975e+01 -5.571517e+00 3.233551e-01 1821 6.815509e-03
50 -4.128464e-03 -6.535715e-04 6.349650e-02 -4.169245e-03 -6.187693e-04 6.358388e-02 -8.253237e+00 7.073600e+00 1.774720e+01 10106 3.663982e-02
51 1.991015e-04 -9.559731e-03 1.151135e-01 2.985434e-04 -6.518735e-03 1.516575e-01 -1.273264e-01 1.314971e+01 4.869577e+01 4333 1.851387e-02
52 -1.125510e-03 -3.282803e-03 6.493971e-02 -1.164187e-03 -3.301425e-03 6.497928e-02 -7.661368e+00 -3.668218e+00 7.847662e+00 10322 3.883947e-02
53 -1.086801e-03 3.373593e-03 1.046344e-01 -1.360280e-03 4.581759e-03 1.216822e-01 -7.633265e-02 1.123339e+00 4.556107e+01 7226 2.789862e-02
54 3.757170e-03 -4.137449e-03 6.348163e-02 3.721070e-03 -4.091181e-03 6.351456e-02 -1.013419e+01 1.298511e+01 9.225610e+00 1765 6.905010e-03
55 5.668843e-03 -1.458270e-03 6.343695e-02 5.668678e-03 -1.457847e-03 6.365556e-02 -1.138346e-01 6.127713e-02 1.835257e+01 5517 2.008216e-02
56 2.539962e-03 -3.967939e-03 6.329342e-02 2.378070e-03 -3.870870e-03 6.350502e-02 -1.466560e+01 8.833460e+00 1.911583e+01 6380 2.473577e-02
57 2.054862e-03 3.833786e-03 6.340986e-02 2.069700e-03 3.901934e-03 6.368387e-02 1.024020e+00 4.818499e+00 1.969412e+01 11513 4.432285e-02
58 3.097462e-03 -1.668841e-03 1.176045e-01 6.882242e-03 4.095654e-03 1.262515e-01 7.874282e+00 1.544419e+01 2.355411e+01 1166 6.227584e-03
59 9.245288e-03 -9.379668e-03 8.612403e-02 1.032765e-02 -1.067000e-02 9.089815e-02 7.726412e+00 -9.491638e+00 4.134705e+01 3517 1.378231e-02
60 5.125226e-03 -8.897462e-03 1.102372e-01 6.491425e-03 -1.099272e-02 1.123559e-01 4.318218e+00 -6.282798e+00 9.555881e+00 1581 8.804197e-03
61 1.243812e-02 -2.045477e-03 1.161056e-01 1.290319e-02 -2.312840e-03 1.311914e-01 -3.181129e+00 -1.692481e-01 5.689753e+01 5672 2.118970e-02
62 4.794887e-03 1.949875e-03 6.348655e-02 4.756238e-03 1.934152e-03 6.352013e-02 -1.046745e+01 -4.258284e+00 9.071814e+00 1562 5.386307e-03
63 4.588970e-03 9.754156e-03 6.349430e-02 4.618435e-03 9.791845e-03 6.352376e-02 5.270017e+00 6.708897e+00 5.305479e+00 2306 8.887428e-03
64 1.857794e-03 -4.903871e-03 6.343884e-02 1.956596e-03 -4.932502e-03 6.353297e-02 1.764120e+01 -5.075984e+00 1.682203e+01 5254 1.951273e-02
65 -9.471014e-03 -2.160963e-03 1.034206e-01 -1.159420e-02 -2.144178e-03 1.264194e-01 -8.549150e-01 1.151472e+00 6.616074e+01 2844 1.119916e-02
66 3.055325e-03 5.926497e-03 6.348854e-02 3.056602e-03 5.953004e-03 6.351298e-02 9.437593e-01 1.971711e+01 1.819032e+01 7566 2.843238e-02
67 1.225728e-02 -3.283930e-03 1.720846e-02 1.231432e-02 -3.362272e-03 1.728449e-02 5.204478e+00 -7.360285e+00 7.193699e+00 6410 2.426814e-02
68 -2.250952e-03 1.077528e-02 1.200507e-01 -2.283419e-03 1.071578e-02 1.206763e-01 -2.606767e+00 -5.047547e+00 5.102217e+01 4903 1.873222e-02
69 1.335691e-03 6.638534e-03 6.345499e-02 1.334035e-03 6.632790e-03 6.351097e-02 -3.347937e-01 -1.176467e+00 1.097492e+01 4381 1.659068e-02
70 -8.458582e-03 -3.876287e-03 1.194115e-01 -1.291351e-02 -1.262544e-04 1.296491e-01 -6.925692e+00 1.168674e+01 2.829762e+01 2440 1.136900e-02
71 -6.065408e-03 4.490461e-03 1.185879e-01 -5.821092e-03 4.415838e-03 1.207348e-01 4.591185e+00 -1.637464e+00 3.566382e+01 3346 1.343858e-02
72 -1.450716e-03 -1.863940e-03 1.197719e-01 -3.750254e-05 1.051904e-04 1.231717e-01 8.047276e+00 1.117065e+01 1.875775e+01 1925 8.846431e-03
73 5.016756e-03 -1.090097e-02 1.199792e-01 5.070794e-03 -9.074879e-03 1.278322e-01 -1.473383e+00 1.142240e+01 3.419703e+01 1808 9.835822e-03
74 5.962143e-03 4.229761e-03 7.763022e-02 -1.347758e-03 -2.102587e-04 1.359161e-01 -1.098240e+01 -8.637263e+00 3.227354e+01 13107 5.041292e-02
75 -2.437201e-03 2.212992e-03 1.304623e-01 -7.305230e-04 1.194362e-03 2.433931e+00 4.161978e+00 -3.371789e+00 4.179770e+01 7481 2.878711e-02
76 9.100670e-04 -1.120164e-02 1.081386e-01 1.344945e-03 -1.290357e-02 1.180815e-01 1.656146e+00 -4.026528e+00 4.572498e+01 6768 2.579488e-02
77 1.102171e-02 -5.795164e-04 1.192677e-01 9.291854e-03 -4.122064e-04 1.254828e-01 -1.356071e+01 1.200259e+00 4.018065e+01 2557 9.970218e-03
78 -3.338977e-03 -2.394687e-03 6.347742e-02 -3.294272e-03 -2.412393e-03 6.353554e-02 1.027610e+01 -4.046071e+00 1.333254e+01 4534 1.709035e-02
79 -4.163922e-03 -1.208237e-02 1.905795e-02 -4.173937e-03 -1.213455e-02 1.902001e-02 -2.424054e+00 -1.268689e+01 -9.279953e+00 3125 1.172413e-02
80 1.191921e-02 -4.833483e-04 8.701809e-02 1.339056e-02 -1.009021e-03 9.351042e-02 3.788130e+00 -2.457964e+00 3.280066e+01 3717 1.475026e-02
81 6.599432e-03 -3.622734e-03 1.009386e-01 5.675066e-03 -6.040573e-03 1.341759e-01 -7.264221e+00 4.752552e-01 5.193702e+01 1774 7.519639e-03
82 1.616230e-03 -5.910903e-03 6.349799e-02 1.651164e-03 -5.923575e-03 6.353649e-02 5.243300e+00 -1.849536e+00 5.796172e+00 1657 6.553135e-03
83 2.019901e-03 -2.902271e-03 6.348782e-02 1.976653e-03 -2.874550e-03 6.355830e-02 -1.016593e+01 6.526203e+00 1.654572e+01 1009 3.455193e-03
84 8.215575e-03 -4.166665e-03 1.173625e-01 7.826032e-03 -3.682887e-03 1.202142e-01 -5.202076e+00 5.601774e+00 2.967452e+01 4192 1.666411e-02
85 -5.623021e-03 -6.518524e-03 1.154788e-01 -4.906292e-03 -4.678289e-03 1.241796e-01 4.975707e+00 1.015852e+01 3.890242e+01 12383 4.795016e-02
86 -3.742031e-03 2.649838e-03 6.348402e-02 -3.683004e-03 2.658812e-03 6.350707e-02 1.343851e+01 2.022165e+00 5.237696e+00 2161 7.906941e-03
87 -3.020403e-03 -3.430731e-03 6.342621e-02 -3.012029e-03 -3.420382e-03 6.354064e-02 1.072529e+00 1.321823e+00 1.416154e+01 6034 2.262109e-02
88 1.692637e-04 -1.264509e-02 9.071672e-02 1.803743e-04 -1.271352e-02 9.128069e-02 5.714692e-01 -3.188081e+00 2.925857e+01 3170 1.220284e-02
89 2.344799e-03 -1.395076e-02 1.906626e-02 2.388508e-03 -1.395936e-02 1.904754e-02 1.947132e+01 -3.788700e+00 -8.344674e+00 2120 7.618213e-03
90 5.155597e-03 -6.306182e-03 1.188127e-01 5.887138e-03 -2.883147e-03 1.346920e-01 -1.732794e+00 1.112828e+01 3.689691e+01 4157 1.712080e-02
91 -5.691715e-03 8.183454e-04 9.661932e-02 -7.485112e-03 -4.583227e-03 1.270302e-01 2.957546e+00 -7.474414e+00 4.861379e+01 4278 1.734867e-02
92 -2.934869e-03 -6.309326e-03 6.347600e-02 -2.983384e-03 -6.362355e-03 6.355875e-02 -1.267559e+01 -1.383721e+01 2.165018e+01 2716 9.957309e-03
93 6.874044e-03 -1.945478e-03 1.174517e-01 6.015613e-03 -1.764471e-03 1.208476e-01 -9.913906e+00 2.160574e+00 3.554798e+01 4700 1.837083e-02
94 3.723253e-03 9.361592e-03 8.812678e-02 5.422780e-03 1.421718e-02 1.135788e-01 -1.291269e-01 6.127268e-01 4.841848e+01 1575 6.086810e-03
95 -6.446569e-03 -4.090369e-03 1.156560e-01 -6.553849e-03 -3.944196e-03 1.271453e-01 1.528980e+00 1.954880e+00 5.413251e+01 4492 1.688459e-02
96 2.390493e-03 1.053832e-02 1.179669e-01 1.780209e-03 8.451902e-03 1.212530e-01 -3.406595e+00 -1.244315e+01 1.441466e+01 3424 1.684546e-02
97 -1.536159e-03 -3.675089e-03 6.349913e-02 -1.533346e-03 -3.679381e-03 6.353070e-02 2.756189e+00 -4.196115e+00 3.090642e+01 2335 8.581854e-03
98 -9.116157e-04 -3.147099e-03 6.392571e-02 -1.071958e-03 -3.484149e-03 6.394872e-02 -4.120877e+00 -8.592372e+00 5.994095e-01 1949 7.709891e-03
99 7.536984e-03 -3.981705e-03 6.347489e-02 7.530120e-03 -4.043343e-03 6.353753e-02 -9.801231e-01 -7.988001e+00 8.164715e+00 2698 1.004737e-02
100 -2.676538e-03 1.778302e-03 1.122397e-01 -4.135755e-03 1.936818e-03 1.220340e-01 -2.668443e+00 -4.566338e-01 2.875103e+01 4576 1.769935e-02
101 -4.201966e-03 -2.494957e-03 6.340823e-02 -4.214980e-03 -2.447319e-03 6.352355e-02 -1.186146e+00 4.617175e+00 1.108488e+01 3035 1.111213e-02
102 9.986588e-03 4.280835e-03 6.346504e-02 1.004466e-02 4.301416e-03 6.356975e-02 3.213171e+00 1.120246e+00 6.241839e+00 2273 8.237671e-03
103 -8.604585e-03 -1.546351e-03 1.281512e-02 -8.483221e-03 -1.625663e-03 1.267291e-02 8.625383e+00 -5.484114e+00 -9.893563e+00 6684 2.506722e-02
104 1.896309e-03 -9.672447e-03 6.349135e-02 1.899560e-03 -9.673322e-03 6.350856e-02 1.652050e+00 -4.180154e-01 8.773970e+00 11154 4.198014e-02
105 -2.382846e-04 -3.444682e-03 1.177660e-01 8.446210e-05 -3.037527e-03 1.221098e-01 2.570246e+00 3.831874e+00 3.428913e+01 4057 1.713458e-02
106 -3.581711e-03 3.172761e-03 1.196582e-01 -3.625892e-03 3.130888e-03 1.201878e-01 -3.655256e+00 -3.579878e+00 4.457609e+01 3231 1.311649e-02
107 -1.224188e-03 -3.410121e-03 6.334027e-02 -1.396782e-03 -3.336982e-03 6.355739e-02 -1.576005e+01 6.742189e+00 1.985293e+01 1671 5.971767e-03
108 1.855988e-03 1.282378e-02 6.318156e-02 2.050115e-03 1.305106e-02 6.353004e-02 1.074664e+01 1.229852e+01 1.938360e+01 2303 8.435803e-03
109 -4.486215e-03 6.340135e-03 1.287739e-01 -3.901826e-03 5.242663e-03 1.267676e+00 -7.822886e+00 1.444473e+01 2.568047e+01 1691 8.022118e-03
110 -2.281723e-03 1.217158e-03 1.612620e-01 -1.449900e-03 -6.983444e-05 8.768677e+00 3.714600e+00 -4.758390e+00 2.453766e+01 5761 2.485342e-02
111 1.504059e-03 3.334892e-03 6.348000e-02 1.472271e-03 3.354804e-03 6.351503e-02 -7.489731e+00 4.664731e+00 8.243666e+00 16710 6.337958e-02
112 -3.179629e-03 4.196518e-03 6.348578e-02 -3.173142e-03 4.192599e-03 6.350416e-02 1.589035e+00 -9.738718e-01 4.447644e+00 2986 1.066684e-02
113 -3.028311e-03 3.360670e-03 6.343182e-02 -3.026519e-03 3.283286e-03 6.356283e-02 3.198736e-01 -1.266231e+01 2.138641e+01 5628 2.096208e-02
114 -1.012419e-03 -4.535155e-03 6.346889e-02 -1.068912e-03 -4.552225e-03 6.350802e-02 -5.158344e+00 -1.490274e+00 3.584464e+00 3035 1.114134e-02
115 -4.711129e-03 1.834828e-03 1.276092e-02 -4.722028e-03 1.796511e-03 1.269273e-02 -2.714052e+00 -9.650340e+00 -1.715659e+01 502 1.840313e-03
116 -3.240908e-04 -1.009701e-03 1.148443e-01 4.237229e-04 -6.323353e-04 1.228580e-01 3.046768e+00 1.845981e+00 3.245892e+01 5060 2.106415e-02
117 -3.223028e-03 -3.738394e-03 6.341506e-02 -3.338463e-03 -3.712173e-03 6.357480e-02 -1.825662e+01 4.188796e+00 2.530629e+01 6371 2.410879e-02
118 4.735747e-04 6.015617e-03 6.347663e-02 5.210129e-04 6.020436e-03 6.351038e-02 1.145831e+01 1.127236e+00 8.156140e+00 5150 1.964335e-02
119 -2.688010e-03 -3.877330e-03 6.342642e-02 -2.737108e-03 -3.996375e-03 6.350816e-02 -6.794556e+00 -1.650236e+01 1.135979e+01 9215 3.446339e-02
120 -6.230691e-03 3.328834e-03 6.349096e-02 -6.244257e-03 3.351130e-03 6.350433e-02 -9.390967e+00 1.544973e+01 9.273365e+00 5030 1.910416e-02
121 -2.029236e-03 2.734312e-03 6.414215e-02 -2.354660e-03 2.980402e-03 6.433039e-02 -4.840109e+00 3.545571e+00 2.918410e+00 4725 1.839749e-02
122 8.628651e-03 4.290789e-03 1.177792e-01 8.015796e-03 4.363518e-03 1.218367e-01 -7.333545e+00 7.716898e-02 4.024883e+01 6845 2.758076e-02
123 3.684969e-03 -1.903474e-03 6.349752e-02 3.686352e-03 -1.910686e-03 6.351466e-02 1.082811e+00 -5.677426e+00 1.350171e+01 3580 1.358775e-02
124 6.314209e-03 2.146449e-03 1.273840e-02 6.295581e-03 2.152442e-03 1.266232e-02 -4.712992e+00 1.491693e+00 -1.909882e+01 5938 2.209169e-02
125 4.069102e-03 -5.236384e-03 1.200725e-01 -9.218494e-04 1.824709e-03 1.325772e-01 -1.496613e+01 2.089638e+01 3.454361e+01 3001 1.313295e-02
126 5.033542e-03 1.649451e-05 1.431294e-01 5.411285e-03 3.100690e-04 1.335211e+00 1.080218e+00 1.776172e+00 3.006143e+01 1308 8.334673e-03
127 1.584814e-03 6.946160e-03 6.347992e-02 1.633730e-03 6.955431e-03 6.357643e-02 4.260711e+00 6.952255e-01 8.459485e+00 1571 5.554590e-03
128 5.352958e-04 -7.611079e-03 1.715422e-01 1.302783e-04 6.404034e-03 6.964273e+00 2.218479e+00 -7.151652e+00 3.980968e+01 16346 6.460127e-02
129 -9.866199e-03 1.032702e-02 6.348936e-02 -9.874319e-03 1.032743e-02 6.351557e-02 -4.394651e+00 1.930822e-01 1.427467e+01 7099 2.832281e-02
130 -1.326541e-03 -4.025603e-03 1.201348e-01 -1.482026e-03 -4.205710e-03 1.240598e-01 -1.582533e+00 -1.508169e+00 4.450708e+01 1983 7.949430e-03
131 -9.431473e-03 -5.606367e-03 1.169808e-01 -1.129419e-02 -7.865832e-03 1.186462e-01 -6.160658e+00 -9.220525e+00 8.217070e+00 5501 2.260698e-02
132 6.357301e-03 -4.318595e-03 6.349966e-02 6.359322e-03 -4.316902e-03 6.350516e-02 4.122537e+00 3.459556e+00 1.121824e+01 1049 3.938012e-03
133 -6.902446e-04 -1.026228e-02 1.174990e-01 -5.558040e-04 -8.881056e-03 1.271186e-01 7.176466e-01 8.933580e+00 2.879805e+01 12174 4.639780e-02
134 -2.464765e-03 -2.467985e-03 6.456307e-02 -2.513431e-03 -2.495151e-03 6.466710e-02 -9.713865e+00 -5.414138e+00 2.080373e+01 4401 1.608121e-02
135 3.067286e-03 3.472784e-03 1.280090e-02 3.102858e-03 3.452648e-03 1.267467e-02 4.221259e+00 -2.453960e+00 -1.511534e+01 6431 2.444246e-02
136 -6.672130e-03 -5.479548e-03 1.192090e-01 -7.003460e-03 -5.846377e-03 1.291908e-01 5.365172e-01 1.083949e-03 4.745822e+01 5440 2.142315e-02
137 1.138221e-02 -1.021026e-02 1.544479e-01 -3.561987e-03 5.621853e-03 2.066374e+00 1.933614e+01 -1.542568e+01 2.641621e+01 2762 1.342870e-02
138 4.305160e-03 5.449579e-03 6.348753e-02 4.213243e-03 5.399701e-03 6.355333e-02 -1.365232e+01 -7.439389e+00 9.743759e+00 12678 4.690635e-02
139 3.684884e-03 3.971661e-03 1.195247e-01 4.297098e-03 4.392855e-03 1.269338e-01 2.603273e+00 1.428647e+00 4.343921e+01 5416 2.076118e-02
140 -4.660792e-04 5.015881e-03 6.349994e-02 -4.688730e-04 5.031358e-03 6.350437e-02 -1.005620e+00 5.560921e+00 1.596836e+00 5122 1.839492e-02
141 9.887097e-03 1.648828e-03 9.740340e-02 9.940571e-03 3.041964e-03 1.327516e-01 -1.260327e+01 -1.259677e+00 3.999476e+01 2993 1.101279e-02
142 -5.164549e-03 4.080353e-03 6.345004e-02 -5.250796e-03 3.937340e-03 6.358200e-02 -6.283237e+00 -1.067160e+01 9.772755e+00 6012 2.306701e-02
143 1.077457e-03 6.737006e-03 1.182789e-01 7.292707e-04 6.855574e-03 1.226866e-01 -5.115263e+00 1.011988e+00 6.351761e+01 10776 4.013999e-02
144 4.094913e-03 -6.596221e-03 6.340369e-02 4.156560e-03 -6.634676e-03 6.355433e-02 5.750165e+00 -3.523529e+00 1.420944e+01 1837 6.360208e-03
145 -2.600356e-03 -5.261357e-03 6.346252e-02 -2.700031e-03 -5.328788e-03 6.350564e-02 -1.241745e+01 -8.358980e+00 5.386013e+00 9453 3.526025e-02
146 -8.227621e-04 3.106487e-03 1.304982e-01 6.672897e-04 -3.384611e-03 2.398629e+00 -2.841053e+00 -4.702861e+00 5.398186e+01 1500 5.546213e-03
147 -2.081100e-04 6.651481e-03 6.345738e-02 -3.115560e-04 6.687585e-03 6.353301e-02 -9.642713e+00 3.260922e+00 7.052406e+00 2842 1.068605e-02
148 -2.406506e-03 -2.541007e-03 6.350401e-02 -2.432407e-03 -2.538414e-03 6.352523e-02 -1.447384e+01 1.456439e+00 1.186174e+01 5595 2.097719e-02
149 1.663394e-03 -4.440679e-03 1.185504e-01 2.123944e-03 -4.055437e-03 1.256675e-01 2.360401e+00 3.390640e+00 4.335176e+01 5441 2.139224e-02
150 8.150170e-03 -3.246004e-03 9.507636e-02 3.362917e-03 -5.956907e-04 1.277549e-01 -1.366223e+01 5.725093e+00 3.250674e+01 5938 2.347785e-02
151 4.054490e-03 5.336439e-03 1.185272e-01 3.544057e-03 5.100589e-03 1.202798e-01 -9.497029e+00 -4.673362e+00 3.151517e+01 1604 7.786631e-03
152 7.833537e-03 1.660465e-03 6.348550e-02 7.786234e-03 1.663840e-03 6.357283e-02 -1.221182e+01 8.585978e-01 2.246413e+01 3623 1.397294e-02
153 1.497717e-03 -9.200386e-05 1.130585e-01 -1.250154e-03 7.978959e-03 1.242044e-01 -5.928344e+00 1.431445e+01 2.271035e+01 3988 1.653813e-02
154 -1.857625e-03 6.181876e-03 6.347035e-02 -1.793831e-03 6.255288e-03 6.353679e-02 8.008662e+00 9.117718e+00 8.318397e+00 21724 8.167036e-02
155 -6.358220e-03 7.440904e-04 6.346802e-02 -6.304373e-03 6.897101e-04 6.354551e-02 6.575720e+00 -6.571191e+00 9.351814e+00 1232 4.206000e-03
156 9.446669e-03 -3.581943e-04 6.348154e-02 9.475829e-03 -3.760893e-04 6.355396e-02 4.967885e+00 -3.095262e+00 1.253987e+01 14851 5.645363e-02
157 4.880157e-03 1.040081e-02 1.058817e-01 3.806207e-03 1.096374e-02 1.209215e-01 -5.323525e+00 -4.631908e+00 3.862309e+01 3716 1.456659e-02
158 9.471813e-03 9.067118e-03 6.345367e-02 9.434432e-03 9.093679e-03 6.353350e-02 -5.757488e+00 3.936503e+00 1.209802e+01 8230 3.062939e-02
159 4.228427e-03 -1.762108e-03 6.343874e-02 4.198829e-03 -1.793524e-03 6.354286e-02 -7.223700e+00 -7.629073e+00 2.532031e+01 11861 4.466910e-02
160 1.180604e-03 4.087969e-03 1.421328e-01 1.794210e-03 1.202241e-03 1.235472e+00 -2.336050e+00 -7.509842e+00 3.535513e+01 7948 3.199455e-02
161 -4.769930e-03 5.162996e-03 6.347012e-02 -4.846768e-03 5.109468e-03 6.355710e-02 -5.113536e+00 -3.747316e+00 5.906946e+00 4212 1.557804e-02
162 3.127923e-03 4.860248e-03 6.348902e-02 3.102987e-03 4.713391e-03 6.359279e-02 -2.816045e+00 -1.640391e+01 1.154550e+01 2603 9.131066e-03
163 -3.092985e-03 5.805349e-03 1.191041e-01 -3.004748e-03 4.837799e-03 1.217961e-01 1.363594e+00 -1.103270e+01 2.858103e+01 3635 1.468446e-02
164 -2.676009e-03 2.032502e-03 6.451633e-02 -2.717758e-03 2.314314e-03 6.470603e-02 -3.348660e+00 2.289545e+01 1.543800e+01 5181 1.898856e-02
165 1.150068e-03 3.030218e-03 6.457431e-02 1.154796e-03 3.316421e-03 6.461786e-02 1.260652e-01 1.033076e+01 1.591277e+00 2939 1.130242e-02
166 5.850142e-03 -2.398662e-03 1.279367e-02 5.836873e-03 -2.325077e-03 1.269148e-02 -1.992577e+00 1.074429e+01 -1.488712e+01 2055 7.897358e-03
167 -9.699342e-04 -5.594044e-03 6.349224e-02 -9.432792e-04 -5.660577e-03 6.359107e-02 4.192149e+00 -1.038821e+01 1.550974e+01 4785 1.919872e-02
168 -1.598495e-03 3.078644e-03 6.377010e-02 -1.659974e-03 3.091684e-03 6.399104e-02 -7.342666e+00 1.523505e+00 2.645946e+01 9381 3.391649e-02
169 -4.652730e-03 1.072351e-03 1.125113e-01 -2.366847e-03 5.289981e-03 1.236163e-01 8.084250e+00 9.439167e+00 2.880447e+01 1589 6.899619e-03
170 -1.126220e-02 3.838576e-03 1.066265e-01 -1.240884e-02 3.620185e-03 1.153382e-01 -3.110061e+00 -2.210535e+00 4.763239e+01 10920 4.156526e-02
171 -5.375816e-03 6.486918e-03 1.113172e-01 -6.138005e-03 5.693116e-03 1.211902e-01 -1.271555e+00 -5.526368e+00 4.194493e+01 1602 6.808780e-03
172 1.262555e-03 7.977170e-03 6.346439e-02 1.231845e-03 8.005991e-03 6.353793e-02 -4.365688e+00 4.001419e+00 1.042352e+01 13461 5.065131e-02
173 5.633768e-06 4.611931e-03 6.340574e-02 1.448460e-05 4.602187e-03 6.350053e-02 1.859925e+00 -2.080056e+00 1.991916e+01 3338 1.183763e-02
174 8.691756e-04 -3.702078e-03 6.341413e-02 7.839651e-04 -3.742788e-03 6.351284e-02 -8.431409e+00 -3.966442e+00 9.753136e+00 1458 5.659504e-03
175 -3.948613e-03 -5.218235e-04 6.345562e-02 -4.025724e-03 -4.605682e-04 6.355132e-02 -6.590958e+00 5.298443e+00 8.264569e+00 11260 4.168836e-02
176 9.911965e-03 6.688617e-03 6.345709e-02 9.947722e-03 6.632446e-03 6.352623e-02 2.671651e+00 -4.609696e+00 5.522038e+00 981 3.508505e-03
177 7.240275e-03 4.308160e-04 6.344447e-02 7.322466e-03 4.271024e-04 6.382974e-02 4.904935e+00 -2.397835e-01 2.380869e+01 6606 2.425441e-02
178 2.960348e-04 -5.033839e-03 1.290686e-02 2.176255e-04 -5.124617e-03 1.269930e-02 -6.773424e+00 -7.749701e+00 -1.791851e+01 8960 3.364584e-02
179 -3.151171e-03 -1.700103e-03 1.282954e-02 -3.309331e-03 -1.543615e-03 1.245039e-02 -5.758655e+00 5.889515e+00 -1.411112e+01 2581 9.369181e-03
180 2.218543e-03 2.693095e-03 6.408662e-02 2.378772e-03 2.803454e-03 6.414364e-02 2.226158e+01 1.532048e+01 7.930594e+00 3670 1.301502e-02
181 -1.154371e-02 -5.048521e-03 1.196778e-01 -1.065276e-02 -5.647612e-03 1.254858e-01 8.876294e+00 -3.430108e+00 4.337290e+01 1974 7.960431e-03
182 1.087001e-03 -2.323525e-03 1.270805e-02 9.910495e-04 -2.400520e-03 1.267258e-02 -9.126276e+00 -7.273401e+00 -3.367299e+00 976 4.118905e-03
183 3.256688e-03 -4.736116e-04 6.366027e-02 3.563471e-03 -5.458965e-04 6.369721e-02 5.907770e+00 -1.413678e+00 7.412949e-01 4664 1.751650e-02
184 7.641198e-03 4.311308e-03 1.130515e-01 7.482086e-03 3.865429e-03 1.218422e-01 -3.059133e+00 -3.440968e+00 4.330272e+01 1193 4.957767e-03
185 -4.882011e-03 -8.277574e-03 1.144316e-02 -4.651450e-03 -8.214121e-03 1.132191e-02 1.048099e+01 3.113884e+00 -5.428374e+00 1439 6.034949e-03
186 -5.588859e-03 -4.626933e-03 1.187087e-01 -5.292295e-03 -5.155485e-03 1.266784e-01 3.106675e+00 -1.126276e+00 3.896076e+01 2067 8.635422e-03
187 2.124088e-03 -3.440287e-03 6.342102e-02 2.215720e-03 -3.405986e-03 6.352309e-02 8.052521e+00 3.085406e+00 9.009872e+00 1638 5.915535e-03
188 -7.446968e-04 -6.028130e-03 1.134882e-01 -1.431271e-03 -5.036083e-03 1.225949e-01 -1.563109e+00 5.755603e+00 2.725817e+01 8608 3.402428e-02
189 7.358436e-03 7.624890e-04 6.347789e-02 7.343925e-03 6.997714e-04 6.354646e-02 -2.177643e+00 -9.094228e+00 9.934824e+00 5080 1.948091e-02
190 -4.871685e-03 1.980597e-03 1.276244e-02 -4.761121e-03 2.041057e-03 1.266399e-02 6.032442e+00 3.169813e+00 -5.251932e+00 4916 1.834934e-02
191 2.431925e-03 -3.046341e-03 6.336022e-02 2.521030e-03 -3.184616e-03 6.358629e-02 7.743979e+00 -1.202964e+01 1.975356e+01 2663 1.042829e-02
192 -6.014674e-03 7.768705e-04 6.347125e-02 -6.073853e-03 8.315358e-04 6.351569e-02 -1.599230e+01 1.479847e+01 1.203607e+01 4028 1.431910e-02
193 -9.966670e-03 8.254178e-03 6.349791e-02 -1.000109e-02 8.257142e-03 6.352023e-02 -1.032323e+01 8.526420e-01 6.728994e+00 21002 7.860208e-02
194 1.685393e-03 8.411204e-03 1.142210e-01 1.248560e-03 8.981636e-03 1.209689e-01 -3.078341e+00 1.494490e+00 4.194459e+01 10523 4.078383e-02
195 6.128658e-03 -4.458484e-03 6.349238e-02 6.108658e-03 -4.462433e-03 6.356733e-02 -5.066645e+00 -9.669388e-01 1.885366e+01 1807 6.731735e-03
196 2.842852e-03 6.491554e-04 1.190702e-01 2.613432e-03 1.683471e-03 1.235871e-01 -1.969090e+00 4.967903e+00 2.299922e+01 5165 2.120381e-02
197 8.927887e-03 -8.467010e-04 9.998616e-02 1.183297e-02 -1.509015e-03 1.300455e-01 -3.112885e+00 -2.692933e-01 5.334592e+01 1051 4.151665e-03
198 -5.375902e-03 -7.584826e-03 1.192464e-01 -5.156697e-03 -7.270661e-03 1.201612e-01 8.507645e+00 1.218846e+01 3.463923e+01 11625 4.487642e-02
199 -1.292125e-03 -3.244944e-03 6.499203e-02 -1.265490e-03 -3.302472e-03 6.508623e-02 5.226711e+00 -1.124304e+01 1.845017e+01 1548 6.118119e-03
200 8.081509e-03 2.137335e-03 1.144975e-01 5.767778e-03 1.184370e-03 1.211531e-01 -1.357629e+01 -5.234608e+00 3.281626e+01 9807 3.807027e-02
201 5.329668e-03 1.301347e-04 6.349859e-02 5.329901e-03 1.303368e-04 6.350416e-02 4.946865e-01 4.329959e-01 1.194250e+01 3596 1.382121e-02
202 4.608349e-03 -1.628173e-03 6.348615e-02 4.534544e-03 -1.739771e-03 6.363670e-02 -9.318917e+00 -1.398941e+01 1.889830e+01 4216 1.591492e-02
203 2.626747e-03 -4.518247e-03 6.349885e-02 2.632989e-03 -4.521120e-03 6.351340e-02 6.606008e+00 -3.035794e+00 1.540852e+01 16718 6.166675e-02
204 -1.871170e-03 5.983220e-03 6.349347e-02 -1.869186e-03 6.020476e-03 6.351607e-02 6.200749e-01 1.144842e+01 6.963572e+00 7575 2.803051e-02
205 1.371219e-03 3.686928e-03 6.348478e-02 1.368889e-03 3.688951e-03 6.353609e-02 -9.058026e-01 7.682340e-01 1.983716e+01 3342 1.282578e-02
206 3.927288e-03 4.286695e-03 1.165127e-01 2.511788e-03 6.119259e-03 1.373251e-01 -5.427191e+00 1.058768e+00 4.800098e+01 843 3.704224e-03
207 3.074853e-03 2.480465e-03 1.272989e-02 3.039604e-03 2.498269e-03 1.269545e-02 -1.131638e+01 5.697040e+00 -1.104206e+01 9775 3.641615e-02
208 -8.274536e-03 -9.056110e-03 9.330170e-02 -8.977402e-03 -1.039591e-02 1.014056e-01 -1.094563e+00 -4.038821e+00 4.121496e+01 3312 1.304504e-02
209 1.096169e-02 7.138472e-03 1.910421e-02 1.098857e-02 7.146850e-03 1.898024e-02 2.221326e+00 6.308064e-01 -1.108424e+01 2045 8.019642e-03
210 -2.144728e-03 3.824626e-03 1.362761e-01 1.381218e-03 -3.907329e-03 6.725765e-01 4.076193e+00 -8.774418e-01 4.424440e+01 2165 9.326676e-03
211 -1.188652e-02 8.801505e-04 6.347787e-02 -1.192853e-02 8.392474e-04 6.353956e-02 -8.389494e+00 -8.260874e+00 1.245125e+01 2011 7.440466e-03
212 -2.883638e-03 -6.278018e-03 6.346565e-02 -2.878286e-03 -6.253593e-03 6.350204e-02 1.167191e+00 5.278874e+00 7.800526e+00 5041 1.857350e-02
213 -3.561512e-03 -2.609328e-03 6.348897e-02 -3.561034e-03 -2.611757e-03 6.350520e-02 2.969680e-01 -1.460291e+00 9.804365e+00 20455 7.505593e-02
214 2.002800e-03 -2.261125e-03 1.210730e-01 2.855244e-03 -2.774552e-03 1.236609e-01 9.761679e+00 -5.747030e+00 3.051677e+01 1868 8.468891e-03
215 7.276907e-04 2.120500e-03 1.205621e-01 8.638619e-05 1.373510e-03 1.264390e-01 -2.897545e+00 -3.817282e+00 2.498719e+01 8199 3.120498e-02
216 -4.275998e-03 -1.041805e-03 1.272454e-02 -4.214517e-03 -1.103967e-03 1.265847e-02 1.066696e+01 -1.073911e+01 -1.142452e+01 9658 3.782264e-02
217 -3.689918e-03 2.194975e-03 1.199274e-01 2.421520e-03 6.801737e-04 1.320512e-01 1.518165e+01 -4.566571e+00 2.837679e+01 2741 1.224326e-02
218 7.033598e-03 -4.306565e-03 6.347575e-02 7.089993e-03 -4.281368e-03 6.356393e-02 8.085288e+00 3.688720e+00 1.275580e+01 1788 6.296018e-03
219 6.927544e-03 5.814219e-04 6.343747e-02 6.972812e-03 6.222546e-04 6.352968e-02 5.698214e+00 5.205633e+00 1.177138e+01 7084 2.611294e-02
220 -5.106139e-03 1.031762e-02 6.347498e-02 -5.124684e-03 1.037767e-02 6.354972e-02 -2.123929e+00 6.955344e+00 8.818500e+00 20589 7.674133e-02
221 -1.354152e-03 1.562225e-03 1.482968e-01 -6.531734e-04 -5.207030e-04 3.482547e-01 -2.980970e+00 7.852822e+00 4.291057e+01 12496 4.617470e-02
222 4.311030e-03 -7.838067e-04 6.348219e-02 4.303487e-03 -7.796741e-04 6.350864e-02 -4.283274e+00 2.342712e+00 1.498008e+01 8127 3.040100e-02
223 5.949163e-03 -2.689335e-03 1.252906e-01 -1.093613e-02 -1.130982e-03 6.736706e-01 1.521175e+01 -4.493087e+00 1.634196e+01 2440 1.138231e-02
224 1.088548e-03 4.428843e-03 1.085479e-01 1.142822e-03 4.840441e-03 1.307996e-01 -6.583252e-01 -2.327005e+00 4.684311e+01 1658 7.120697e-03
225 1.775577e-03 -7.426281e-03 6.338056e-02 1.669905e-03 -7.555914e-03 6.363286e-02 -7.395924e+00 -8.868677e+00 1.757007e+01 2097 8.114857e-03
226 7.746156e-04 -8.155644e-03 1.157017e-01 9.454133e-04 -8.569450e-03 1.205316e-01 1.707671e+00 -3.266776e+00 5.157157e+01 7590 2.967856e-02
227 -4.754028e-03 4.359175e-03 1.163803e-01 -5.180354e-03 5.220985e-03 1.212639e-01 -1.994649e+00 5.128873e+00 3.459588e+01 5348 2.046095e-02
228 1.948872e-03 -4.883308e-03 1.157098e-01 3.205980e-03 -4.560069e-03 1.268405e-01 4.185606e+00 3.048228e+00 4.488056e+01 1695 6.899761e-03
229 3.621974e-03 2.926354e-03 1.199799e-01 3.688859e-03 3.165644e-03 1.203232e-01 4.418319e+00 1.602804e+01 2.309055e+01 8873 3.503517e-02
230 -2.504573e-03 2.440348e-03 6.408143e-02 -2.454433e-03 2.622462e-03 6.418470e-02 3.227632e+00 1.145275e+01 6.527317e+00 2754 1.007860e-02
231 4.083345e-03 -3.431314e-03 1.274325e-02 4.113826e-03 -3.428562e-03 1.260831e-02 6.131845e+00 5.815340e-01 -2.727832e+01 4808 1.765890e-02
232 8.889642e-03 1.717988e-04 1.200268e-01 2.042887e-03 -2.766697e-03 1.362396e-01 -1.869293e+01 -5.456630e+00 3.375255e+01 1320 5.907080e-03
233 6.034358e-03 4.456112e-04 1.141642e-01 6.153319e-03 2.101249e-03 1.251636e-01 -1.975037e+00 5.726320e+00 4.083334e+01 9014 3.450468e-02
234 -1.847069e-03 3.112612e-03 6.348826e-02 -1.903751e-03 3.036616e-03 6.359583e-02 -9.161014e+00 -1.233373e+01 1.741685e+01 1715 5.732621e-03
235 -7.257792e-03 -6.842674e-03 1.135153e-01 -5.630609e-03 -5.135522e-03 1.201854e-01 1.043193e+01 1.072769e+01 3.508805e+01 1901 8.144719e-03
236 5.283921e-03 1.011526e-04 6.346947e-02 5.234819e-03 1.139849e-04 6.350846e-02 -8.806404e+00 2.289188e+00 6.956541e+00 4559 1.645787e-02
237 -2.121881e-03 -3.963064e-03 6.349986e-02 -2.124821e-03 -3.962746e-03 6.350391e-02 -6.130912e+00 6.668622e-01 8.447633e+00 2894 1.040912e-02
238 -7.176347e-03 -2.507443e-04 6.346561e-02 -7.128585e-03 -2.163667e-04 6.353931e-02 6.131049e+00 4.355477e+00 9.330498e+00 2854 1.061832e-02
239 -5.949885e-03 -7.694777e-03 1.108607e-01 -5.657137e-03 -8.274015e-03 1.207866e-01 3.245074e+00 6.912578e-02 4.399001e+01 2195 8.826992e-03
240 3.998616e-04 3.065192e-03 1.424237e-01 -1.462427e-03 2.619999e-03 1.272200e+00 6.184613e-01 5.703022e+00 4.826939e+01 4131 1.672467e-02
241 2.011374e-03 6.086999e-03 6.348385e-02 2.020567e-03 6.112992e-03 6.350732e-02 3.696159e+00 1.044893e+01 9.453080e+00 2238 8.275500e-03
242 -3.596296e-03 -4.778344e-04 6.348594e-02 -3.596354e-03 -4.927527e-04 6.352526e-02 -1.580167e-02 -6.925991e+00 1.826085e+01 2683 1.053436e-02
243 -2.164264e-03 8.776588e-03 1.165252e-01 -8.986437e-04 8.234321e-03 1.203054e-01 1.227678e+01 -6.484358e+00 3.587610e+01 3135 1.291946e-02
244 -6.594294e-03 -3.942234e-03 6.337183e-02 -6.533653e-03 -3.946991e-03 6.355339e-02 6.277409e+00 -4.275657e-01 1.850876e+01 14891 5.537390e-02
245 8.010562e-03 4.838510e-03 9.541469e-02 1.099819e-02 6.429731e-03 1.072286e-01 3.587657e+00 1.610406e+00 3.312687e+01 2403 9.636947e-03
246 4.440520e-03 -5.248626e-04 1.184142e-01 4.541618e-03 -7.232787e-04 1.208865e-01 1.050606e+00 -2.880375e+00 3.663401e+01 5439 2.166055e-02
247 -2.200438e-03 -2.353379e-03 1.276482e-02 -2.194704e-03 -2.344422e-03 1.267364e-02 1.151701e+00 1.791189e+00 -1.805471e+01 5594 2.097609e-02
248 -6.889054e-03 -2.982114e-03 6.349616e-02 -6.896335e-03 -2.978499e-03 6.350125e-02 -7.437769e+00 3.702089e+00 5.203643e+00 8949 3.303512e-02
249 2.389228e-05 4.736718e-03 6.349641e-02 2.551362e-05 4.734173e-03 6.350215e-02 1.536899e+00 -2.419137e+00 5.439481e+00 2561 9.907781e-03
250 -1.602105e-03 6.315961e-03 6.344406e-02 -1.559094e-03 6.247617e-03 6.358916e-02 4.702993e+00 -7.524396e+00 1.579354e+01 2194 7.957149e-03
251 1.009090e-03 4.564134e-03 1.285579e-02 9.239277e-04 4.553286e-03 1.252168e-02 -5.659527e+00 -8.201396e-01 -2.211717e+01 2699 1.037120e-02
252 1.238262e-02 -6.228950e-03 1.905181e-02 1.238582e-02 -6.229464e-03 1.904628e-02 5.448135e+00 -8.713128e-01 -9.437362e+00 5741 2.171783e-02
253 5.011802e-03 2.167468e-03 1.190320e-01 4.585581e-03 1.827620e-03 1.218894e-01 -5.395805e+00 -4.059464e+00 3.184929e+01 1310 6.422375e-03
254 -4.312813e-03 -9.402399e-03 1.164330e-01 -5.274296e-03 -9.433151e-03 1.241123e-01 -5.853694e+00 1.743652e+00 5.451725e+01 11818 4.621978e-02
255 8.338813e-04 -1.440657e-03 1.209338e-01 1.081738e-03 -1.382882e-03 1.223622e-01 4.900550e+00 1.263101e+00 2.863569e+01 1780 8.427231e-03
256 2.403511e-03 -4.006146e-03 6.345371e-02 2.518520e-03 -4.017012e-03 6.364716e-02 1.169082e+01 -1.049704e+00 1.972459e+01 4402 1.677501e-02
257 1.721584e-03 -3.046935e-03 6.381454e-02 1.724643e-03 -3.048277e-03 6.382250e-02 8.970884e+00 -3.934540e+00 2.335211e+01 8880 3.429978e-02
258 -1.122316e-02 2.709901e-03 8.627142e-02 -1.287205e-02 2.877026e-03 1.110426e-01 9.792271e+00 -2.600074e+00 3.522223e+01 1457 5.296596e-03
259 6.858553e-04 -1.145277e-04 1.192839e-01 6.419187e-04 1.269318e-04 1.219711e-01 -7.419761e-01 3.726767e+00 4.144601e+01 6599 2.599281e-02
260 2.704149e-04 -4.985569e-03 1.063837e-01 -4.389202e-04 -4.639120e-03 1.213447e-01 -2.217767e+00 3.375072e+00 4.670027e+01 7685 2.956289e-02
261 4.875782e-03 -2.067970e-03 6.346375e-02 4.934633e-03 -2.061745e-03 6.352550e-02 9.070948e+00 9.841232e-01 9.566347e+00 2378 9.154138e-03
262 2.686571e-03 1.599876e-03 1.075913e-01 2.488704e-03 1.970950e-03 1.258627e-01 -1.975951e+00 1.649700e-02 4.837718e+01 5173 1.998776e-02
263 5.691061e-03 -6.911074e-03 1.113141e-01 5.220997e-03 -5.265120e-03 1.228791e-01 -4.158641e+00 7.980528e+00 3.369349e+01 3530 1.472463e-02
264 -7.926109e-03 -4.599949e-04 6.345158e-02 -7.921101e-03 -4.216824e-04 6.351926e-02 1.380099e+00 1.022436e+01 1.805843e+01 5296 1.942190e-02
265 -2.062360e-03 2.888961e-03 6.340780e-02 -2.105855e-03 3.009203e-03 6.362703e-02 -2.903567e+00 8.088387e+00 1.486441e+01 10970 4.026841e-02
266 6.121628e-03 9.096954e-04 1.186108e-01 6.375397e-03 9.811846e-04 1.215843e-01 4.465697e+00 1.320034e+00 5.786742e+01 6793 2.625274e-02
267 5.891242e-03 3.791277e-03 1.037144e-01 3.809246e-03 2.830817e-03 1.227452e-01 -7.942953e+00 -4.409262e+00 4.021671e+01 1946 8.378237e-03
268 3.769223e-03 -1.353599e-02 6.339667e-02 3.755227e-03 -1.355441e-02 6.363127e-02 -1.548421e+00 -1.780877e+00 2.507959e+01 14064 5.369912e-02
269 1.021928e-02 -5.853610e-04 8.493798e-02 1.294571e-02 -8.561271e-04 9.349779e-02 9.172672e+00 -1.046952e+00 3.995201e+01 7527 2.892733e-02
270 -4.240692e-03 -3.528189e-03 1.195801e-01 -3.894192e-03 -3.131406e-03 1.215721e-01 6.242259e+00 7.032307e+00 3.382268e+01 3597 1.459405e-02
271 6.937908e-03 -2.802769e-03 1.169884e-01 6.554319e-03 -2.821908e-03 1.212680e-01 -4.323139e+00 3.678013e-01 3.417865e+01 2017 8.097413e-03
272 7.973516e-03 -9.883343e-03 1.608907e-02 7.973357e-03 -9.889312e-03 1.608731e-02 -1.919468e-01 -6.800563e+00 -2.004245e+00 5292 2.084145e-02
273 -3.654310e-03 -2.392416e-03 1.211765e-01 -1.887110e-03 -2.967284e-03 1.328061e-01 6.412032e+00 -1.381922e-01 3.147294e+01 3802 1.407129e-02
274 3.832650e-03 -4.434059e-03 1.145062e-01 3.698023e-03 -1.053468e-03 1.230218e-01 -1.877177e+00 1.565915e+01 3.668889e+01 15432 5.915753e-02
275 3.234579e-03 -9.755735e-03 6.349263e-02 3.251317e-03 -9.801528e-03 6.351151e-02 3.968174e+00 -1.085087e+01 4.498268e+00 3445 1.238115e-02
276 -2.120846e-03 -5.851201e-03 6.348091e-02 -2.111834e-03 -5.897873e-03 6.357086e-02 1.855804e+00 -9.488132e+00 1.836678e+01 4932 1.832033e-02
277 4.299765e-03 -4.754058e-04 6.330426e-02 4.480059e-03 -3.790675e-04 6.359441e-02 1.409205e+01 7.582195e+00 2.281170e+01 716 2.546989e-03
278 1.996351e-03 7.675984e-03 1.029249e-01 5.418468e-03 5.866524e-03 1.227610e-01 2.554124e+00 -9.213200e+00 3.212784e+01 5855 2.328372e-02
279 -5.226501e-03 4.139127e-03 1.149619e-01 -4.694207e-03 4.796956e-03 1.213146e-01 4.080010e+00 1.696383e+00 2.973764e+01 2920 1.273115e-02
280 7.846828e-03 -9.782120e-03 9.882987e-02 9.058602e-03 -1.083955e-02 1.050839e-01 7.204994e+00 -5.694630e+00 4.582569e+01 4425 1.718606e-02
281 -1.256899e-03 1.235123e-03 1.183935e-01 -4.680814e-03 3.304258e-03 1.243342e-01 -1.307575e+01 7.729977e+00 2.426599e+01 7051 2.821867e-02
282 2.329749e-03 -8.404230e-03 6.342813e-02 2.316603e-03 -8.366666e-03 6.350465e-02 -1.985428e+00 5.690709e+00 1.142317e+01 3421 1.294490e-02
283 -6.353350e-03 -6.865828e-03 1.191300e-01 -4.557325e-03 -1.436242e-03 1.319683e-01 7.850477e+00 1.657834e+01 3.256787e+01 4451 1.840713e-02
284 -9.687815e-04 -2.131568e-03 1.206336e-01 -5.287748e-04 -1.782533e-03 1.227482e-01 6.657658e+00 5.416210e+00 3.161047e+01 10119 4.011293e-02
285 -5.164652e-03 -2.594145e-03 6.344355e-02 -5.183829e-03 -2.523027e-03 6.357266e-02 -1.940572e+00 7.503402e+00 1.355596e+01 2771 1.064083e-02
286 2.150418e-03 -2.630612e-03 6.449569e-02 2.281075e-03 -2.668339e-03 6.475275e-02 1.442451e+01 -4.138207e+00 2.843710e+01 2235 8.114604e-03
287 -3.803929e-04 -4.825958e-03 1.166165e-01 -3.376968e-03 -2.886718e-03 1.217246e-01 -9.147313e+00 8.202647e+00 1.673551e+01 1215 5.707466e-03
288 1.270073e-03 7.607293e-03 6.349410e-02 1.307086e-03 7.570580e-03 6.366503e-02 2.492980e+00 -2.665640e+00 1.164205e+01 1098 3.654778e-03
289 5.236603e-03 8.722594e-04 6.349326e-02 5.208583e-03 8.614059e-04 6.351028e-02 -6.635506e+00 -2.562992e+00 4.010998e+00 7562 2.834881e-02
290 2.115800e-03 -4.724633e-03 6.349378e-02 2.141553e-03 -4.736257e-03 6.351583e-02 1.022407e+01 -4.600846e+00 8.763823e+00 2404 8.896148e-03
291 8.611705e-03 -3.509786e-04 1.017845e-01 4.817942e-03 -2.898427e-03 1.239130e-01 -1.267563e+01 -3.635178e+00 4.071288e+01 14235 5.410236e-02
292 7.669123e-03 5.727401e-03 6.349821e-02 7.662657e-03 5.751964e-03 6.356430e-02 -1.278073e+00 4.581111e+00 1.244788e+01 10034 3.776706e-02
293 -8.179751e-03 7.559830e-03 9.065738e-02 -1.221460e-02 1.119693e-02 1.120150e-01 -3.000647e+00 2.585141e+00 4.883910e+01 3610 1.375897e-02
294 1.268419e-03 3.528841e-03 6.348987e-02 1.319610e-03 3.488805e-03 6.352511e-02 5.101328e+00 -4.056618e+00 3.525036e+00 2482 9.638435e-03
295 2.422394e-03 5.087844e-03 6.345840e-02 2.404982e-03 5.016552e-03 6.358400e-02 -2.094638e+00 -8.515937e+00 1.489231e+01 11156 4.125558e-02
296 -4.945428e-03 -3.244745e-04 6.348586e-02 -4.934350e-03 -2.748035e-04 6.354316e-02 1.503076e+00 6.492035e+00 7.485575e+00 3638 1.493948e-02
297 2.457348e-03 6.311545e-03 1.457903e-01 2.085496e-03 5.227980e-04 1.081390e+00 -4.941378e+00 -1.156243e+01 4.429315e+01 2323 9.585425e-03
298 6.282359e-03 -6.913006e-03 1.170843e-01 5.205329e-03 -6.481918e-03 1.269309e-01 -6.150877e+00 4.505795e+00 3.123872e+01 8610 3.296679e-02
299 -2.238929e-03 8.281820e-04 1.300020e-01 -7.313615e-03 -1.809918e-03 9.690927e-01 3.245329e+00 -1.688651e+00 2.063684e+01 3091 1.360723e-02
300 -1.573500e-03 -3.137802e-03 1.192688e-01 2.995540e-04 -2.638722e-03 1.228350e-01 1.511716e+01 4.531986e+00 2.846857e+01 2630 1.160958e-02
301 7.763475e-03 -1.045350e-02 1.908679e-02 7.758939e-03 -1.043594e-02 1.904332e-02 -1.941048e+00 7.445794e+00 -1.834021e+01 2213 9.219275e-03
302 1.969878e-03 -2.773065e-03 1.073468e-01 4.143540e-03 -2.836780e-03 1.230984e-01 5.585084e+00 1.101348e+00 4.984097e+01 10898 4.171674e-02
303 -6.701874e-06 -8.369476e-03 1.192476e-01 5.123396e-04 -7.185047e-03 1.233818e-01 4.038104e+00 1.079040e+01 3.243886e+01 1439 6.617854e-03
304 4.761260e-03 3.707297e-03 6.344807e-02 4.704874e-03 3.711557e-03 6.352016e-02 -1.370949e+01 1.011016e+00 1.749227e+01 3492 1.391466e-02
305 2.331832e-03 1.818951e-03 1.588241e-01 -3.603307e-04 -4.644207e-03 1.429267e+00 4.385400e+00 -9.706524e-01 2.977438e+01 2684 1.336872e-02
306 3.328160e-03 -1.959105e-03 6.348374e-02 3.327859e-03 -1.952697e-03 6.350569e-02 -2.544984e-01 5.294082e+00 1.812249e+01 1862 6.744969e-03
307 -1.582627e-03 4.274392e-03 1.275058e-02 -1.732446e-03 4.426798e-03 1.260238e-02 -9.521430e+00 9.624026e+00 -9.456381e+00 3894 1.463737e-02
308 -3.085778e-03 -5.411062e-03 1.433166e-01 -3.070153e-03 -5.398512e-03 5.949754e+00 -3.835633e+00 -3.098484e+00 2.450494e+01 6885 2.762498e-02
309 2.936339e-03 -1.606050e-03 1.214822e-01 2.587030e-03 -1.041253e-03 1.248649e-01 -4.454262e+00 6.805812e+00 3.970440e+01 2980 1.203297e-02
310 8.862992e-04 6.536944e-03 1.080666e-01 1.598797e-03 6.807499e-03 1.231416e-01 1.435302e+00 -2.659518e+00 4.295555e+01 3547 1.447893e-02
311 6.701797e-03 -2.707100e-03 1.199701e-01 6.479819e-03 -2.044521e-03 1.275739e-01 -2.989873e+00 4.370114e+00 4.270506e+01 8545 3.313874e-02
312 3.943849e-03 6.616013e-04 6.317698e-02 3.883445e-03 5.575066e-04 6.357217e-02 -3.958604e+00 -6.679932e+00 2.530528e+01 2819 1.020891e-02
313 -4.600919e-03 4.844104e-03 1.200005e-01 -4.588792e-03 4.877796e-03 1.204038e-01 6.195592e-01 9.775052e-01 1.415580e+01 3152 1.534533e-02
314 7.342750e-03 -1.602256e-03 9.834057e-02 1.004230e-02 -1.576198e-03 1.243886e-01 -1.424064e+00 1.286771e+00 4.904014e+01 4698 1.875947e-02
315 4.782643e-03 1.350819e-03 1.271735e-02 4.805328e-03 1.376965e-03 1.268293e-02 5.972954e+00 6.907462e+00 -9.103156e+00 23105 8.640621e-02
316 -8.775372e-03 3.388003e-03 6.348558e-02 -8.800227e-03 3.381494e-03 6.352034e-02 -1.075090e+01 -2.835109e+00 1.507887e+01 3771 1.381789e-02
317 -8.886027e-03 4.575942e-03 1.060015e-01 -9.771401e-03 4.678635e-03 1.206470e-01 9.355053e-01 -1.635411e+00 5.016188e+01 6139 2.364403e-02
318 3.597403e-03 -2.358666e-03 1.197354e-01 3.134498e-03 -2.361049e-03 1.224932e-01 -3.732925e+00 5.358739e-01 1.747057e+01 3668 1.519537e-02
319 1.074031e-03 -3.467086e-03 6.349995e-02 1.066533e-03 -3.470426e-03 6.350406e-02 -6.437466e+00 -2.860044e+00 3.533391e+00 2254 8.519480e-03
320 -5.004750e-03 2.083706e-03 6.348343e-02 -5.004100e-03 2.057345e-03 6.352196e-02 1.533724e-01 -4.443169e+00 6.467974e+00 4474 1.565012e-02
321 -3.149084e-03 2.234550e-03 6.346481e-02 -3.128168e-03 2.247928e-03 6.350208e-02 1.002042e+01 6.395896e+00 1.783458e+01 3531 1.344654e-02
322 -4.054593e-03 -1.731796e-03 1.272188e-02 -4.019893e-03 -1.761298e-03 1.260095e-02 6.941959e+00 -5.863533e+00 -2.408832e+01 2492 9.248712e-03
323 -1.111381e-03 3.950306e-03 6.305165e-02 -9.980202e-04 3.572379e-03 6.356123e-02 5.133333e+00 -1.712180e+01 2.291711e+01 2045 7.484031e-03
324 -2.844746e-03 -4.130871e-03 6.347462e-02 -2.854935e-03 -4.099435e-03 6.352855e-02 -2.440946e+00 7.610043e+00 1.301250e+01 13256 5.022866e-02
325 1.855179e-03 1.079984e-03 1.117357e-01 2.956088e-03 3.606484e-05 1.219674e-01 1.481383e+00 -3.049641e+00 2.597136e+01 11086 4.289423e-02
326 4.174359e-03 8.630218e-03 1.149209e-02 4.053693e-03 8.497156e-03 1.140019e-02 -7.123915e+00 -7.958351e+00 -5.345114e+00 7212 2.759806e-02
327 -1.161464e-03 -2.950673e-03 6.450033e-02 -1.456190e-03 -3.309914e-03 6.473881e-02 -1.364592e+01 -1.658399e+01 1.107427e+01 5325 2.001673e-02
328 -8.108270e-03 8.557792e-03 6.349883e-02 -8.116666e-03 8.556010e-03 6.351351e-02 -3.841800e+00 -8.484336e-01 6.763768e+00 10453 3.838407e-02
329 -8.575351e-03 -3.736922e-03 6.347135e-02 -8.567027e-03 -3.742113e-03 6.350222e-02 3.739019e+00 -2.301360e+00 1.375993e+01 5818 2.243819e-02
330 -6.468139e-03 -6.620924e-03 8.808578e-02 -9.581018e-03 -8.544496e-03 1.022456e-01 -6.172479e+00 -2.580162e+00 4.438114e+01 10771 4.117153e-02
331 8.141700e-04 -1.083862e-03 1.276178e-02 8.279978e-04 -1.230514e-03 1.261804e-02 1.175105e+00 -1.259272e+01 -1.236151e+01 21128 7.963370e-02
332 -4.429205e-03 -4.750735e-03 6.349032e-02 -4.432849e-03 -4.749748e-03 6.350369e-02 -3.120666e+00 8.555899e-01 1.147961e+01 1854 6.339213e-03
333 -2.735092e-03 -2.476929e-03 1.271972e-02 -2.713115e-03 -2.490477e-03 1.268222e-02 5.642591e+00 -3.454498e+00 -9.602066e+00 3500 1.366902e-02
334 -4.478336e-04 -1.492172e-02 8.940141e-02 -5.169614e-04 -1.531908e-02 9.121137e-02 -1.092766e+00 -5.168161e+00 2.972828e+01 1730 7.184115e-03
335 4.598910e-03 6.072386e-03 1.288078e-02 4.558741e-03 6.124374e-03 1.260550e-02 -2.253467e+00 2.579838e+00 -1.456356e+01 7407 2.925979e-02
336 6.301775e-03 1.338932e-04 6.346777e-02 6.322725e-03 9.706248e-05 6.355289e-02 3.474193e+00 -6.206204e+00 1.434156e+01 7388 2.726300e-02
337 -5.347674e-03 -1.203754e-03 6.349729e-02 -5.340911e-03 -1.196666e-03 6.352631e-02 3.872799e+00 4.047454e+00 1.656325e+01 12071 4.466123e-02
338 7.745485e-03 1.878314e-03 6.349503e-02 7.771181e-03 1.872627e-03 6.353914e-02 1.081172e+01 -2.405338e+00 1.860617e+01 9918 3.651733e-02
339 -1.754655e-03 2.957271e-03 6.484405e-02 -1.760474e-03 3.029925e-03 6.504054e-02 -8.252097e-01 1.049620e+01 2.846984e+01 7265 2.599024e-02
340 -3.597398e-03 1.298863e-03 6.348125e-02 -3.577578e-03 1.320345e-03 6.351039e-02 4.181868e+00 4.495773e+00 6.111944e+00 5232 1.995965e-02
341 -7.158263e-03 1.251091e-05 1.145074e-01 -5.675041e-03 -2.574555e-03 1.299910e-01 7.768581e+00 -4.571962e+00 3.152678e+01 18966 7.022504e-02
342 4.414826e-04 -6.710396e-03 6.347339e-02 4.274416e-04 -6.719972e-03 6.351739e-02 -4.995456e+00 -3.377854e+00 1.564753e+01 3208 1.202334e-02
343 9.172302e-03 -1.552689e-03 6.335203e-02 9.083407e-03 -1.534927e-03 6.350242e-02 -6.459751e+00 1.284806e+00 1.060338e+01 2141 7.782126e-03
344 9.986760e-03 9.992705e-03 6.344890e-02 9.985211e-03 9.983684e-03 6.350158e-02 -4.775671e-01 -2.520059e+00 1.439679e+01 3329 1.213827e-02
345 2.309816e-02 6.121614e-04 8.969528e-02 1.932684e-02 2.136615e-03 1.062395e-01 -2.716992e+01 9.939395e-01 2.396666e+01 2090 8.681522e-03
346 -3.646343e-04 2.592959e-03 1.275788e-02 -3.595454e-04 2.527415e-03 1.266730e-02 6.890344e-01 -8.851600e+00 -1.219409e+01 3846 1.515942e-02
347 -2.041468e-03 -7.037799e-03 1.273138e-02 -2.046979e-03 -7.009008e-03 1.269083e-02 -1.911974e+00 1.006293e+01 -1.413008e+01 3013 1.136969e-02
348 1.835642e-03 2.541459e-03 8.860537e-02 4.065821e-03 2.561230e-03 1.361801e-01 -9.584518e-01 -3.220078e+00 5.409507e+01 1601 6.140057e-03
349 6.596336e-03 -3.361001e-04 1.058844e-01 9.017795e-03 7.593432e-04 1.240063e-01 1.263441e-01 2.313154e+00 3.912925e+01 1373 5.990531e-03
350 1.837606e-03 1.880447e-03 1.191531e-01 4.748290e-03 5.364365e-03 1.277491e-01 6.986591e+00 8.524140e+00 2.499902e+01 2872 1.264458e-02
351 4.906427e-03 4.676448e-03 1.186256e-01 4.341386e-03 4.199675e-03 1.220835e-01 -6.664528e+00 -5.698093e+00 3.678182e+01 1583 7.344369e-03
352 -2.741535e-03 -2.698527e-03 6.346310e-02 -2.608919e-03 -2.725413e-03 6.358384e-02 1.043553e+01 -2.054144e+00 9.454931e+00 1866 6.860017e-03
353 1.585724e-03 -3.639175e-03 1.458144e-01 1.072844e-03 2.130331e-04 4.655549e-01 -3.514279e+00 6.669924e+00 4.937152e+01 8263 3.311431e-02
354 -7.500963e-03 -5.014990e-03 9.280522e-02 -1.017660e-02 -6.553219e-03 1.268841e-01 6.919229e+00 4.811939e+00 4.157874e+01 3758 1.439876e-02
355 3.456548e-03 1.505894e-03 6.349630e-02 3.465024e-03 1.513200e-03 6.353429e-02 2.062068e+00 1.786258e+00 9.336712e+00 1785 7.016250e-03
356 3.429267e-03 2.671388e-04 6.352190e-02 3.507817e-03 4.097247e-04 6.354639e-02 1.139323e+01 2.074172e+01 3.562818e+00 2685 9.947337e-03
357 -1.822354e-03 8.093108e-03 6.349270e-02 -1.824867e-03 8.091348e-03 6.350080e-02 -5.423702e+00 -3.803833e+00 1.749888e+01 8718 3.387109e-02
358 3.016858e-03 -2.857090e-03 6.344315e-02 3.050456e-03 -2.834914e-03 6.351669e-02 8.553628e+00 5.673892e+00 1.876008e+01 2105 7.999517e-03
359 -2.609955e-03 1.811351e-03 1.270013e-02 -2.570731e-03 1.821726e-03 1.267891e-02 1.010051e+01 2.657253e+00 -5.454985e+00 10772 4.011465e-02
360 -1.822272e-03 5.908538e-05 1.440975e-01 -6.869513e-03 2.192912e-03 1.769081e+00 -1.108488e+00 1.348806e+00 4.027472e+01 2574 1.160785e-02
361 -1.534543e-03 -3.654058e-03 6.345533e-02 -1.523564e-03 -3.698370e-03 6.350928e-02 1.304582e+00 -5.141211e+00 6.315708e+00 3421 1.267795e-02
362 -5.108733e-03 -3.389731e-03 1.170803e-01 -4.292968e-03 -3.248511e-03 1.303641e-01 4.809448e+00 2.138947e+00 3.751353e+01 2241 9.905215e-03
363 -2.256573e-03 9.059447e-03 6.349420e-02 -2.257237e-03 9.059597e-03 6.350471e-02 -7.389731e-01 1.549864e-01 1.173680e+01 7738 2.906978e-02
364 -2.409016e-03 2.959392e-03 6.349975e-02 -2.409031e-03 2.958309e-03 6.350198e-02 -9.688608e-02 -7.181499e+00 1.483622e+01 13431 4.911132e-02
365 3.048628e-03 -1.310483e-03 1.211060e-01 2.452001e-03 -7.585284e-05 1.233784e-01 -6.383181e+00 1.246885e+01 2.271549e+01 3560 1.630638e-02
366 4.167013e-03 -6.800861e-04 6.343459e-02 4.184561e-03 -6.388337e-04 6.350282e-02 4.140853e+00 9.799975e+00 1.620316e+01 1583 5.430933e-03
367 -1.205919e-02 -7.266895e-03 8.603696e-02 -1.251650e-02 -7.785746e-03 9.719179e-02 6.692339e+00 3.526929e+00 2.584984e+01 3139 1.262828e-02
368 -6.174342e-03 -4.966542e-03 1.154781e-01 -7.253307e-03 -4.368705e-03 1.212174e-01 -5.404726e+00 4.929314e+00 3.680937e+01 1877 7.955634e-03
369 3.941421e-03 -7.851352e-03 1.196951e-01 3.827292e-03 -7.699900e-03 1.200949e-01 -8.153996e+00 1.087536e+01 2.827789e+01 7599 3.139302e-02
370 -4.615215e-03 6.636505e-03 1.190064e-01 -4.486603e-03 7.275393e-03 1.203841e-01 1.869648e+00 3.669429e+00 1.072827e+01 7298 3.063609e-02
371 -3.010397e-03 5.003979e-03 1.181390e-01 -2.851121e-03 3.503779e-03 1.203216e-01 2.523716e+00 -2.127713e+01 3.026334e+01 3057 1.320221e-02
372 -1.774801e-03 2.803812e-03 6.410883e-02 -1.870031e-03 2.960864e-03 6.423904e-02 -1.271009e+01 2.096256e+01 1.740579e+01 3930 1.555831e-02
373 7.884859e-03 3.492768e-03 6.344458e-02 7.864423e-03 3.597062e-03 6.354107e-02 -2.115972e+00 1.013593e+01 9.426509e+00 1647 6.040010e-03
374 -2.777293e-03 -2.269627e-03 1.162237e-01 -5.576393e-03 -3.521782e-03 1.214000e-01 -8.448113e+00 -3.355714e+00 1.852788e+01 5736 2.398719e-02
375 -5.179878e-03 5.471494e-03 1.276264e-02 -5.204688e-03 5.428586e-03 1.267593e-02 -3.906252e+00 -6.889830e+00 -1.382109e+01 1899 7.347069e-03
376 4.320546e-05 6.747321e-03 1.274793e-02 9.986775e-05 6.606918e-03 1.259931e-02 3.670313e+00 -9.251246e+00 -9.630853e+00 6195 2.388920e-02
377 1.086989e-02 -1.327979e-03 6.346807e-02 1.087221e-02 -1.348591e-03 6.354112e-02 5.503736e-01 -5.423752e+00 1.925037e+01 4388 1.671267e-02
378 -6.272235e-03 -5.063089e-03 1.137742e-01 -5.872530e-03 -5.977042e-03 1.271184e-01 3.975918e+00 -9.450601e-01 4.689949e+01 6594 2.432765e-02
379 5.462558e-03 6.324181e-03 6.348565e-02 5.464192e-03 6.329824e-03 6.352960e-02 2.886431e-01 1.089524e+00 8.848421e+00 4416 1.601772e-02
380 1.198955e-03 -4.734054e-03 6.345476e-02 1.204662e-03 -4.795663e-03 6.365302e-02 4.550721e-01 -5.058184e+00 1.654958e+01 3463 1.310289e-02
381 -2.627287e-03 -1.198415e-02 9.561401e-02 -3.353012e-03 -1.235268e-02 1.049494e-01 -1.085507e+00 4.227755e+00 3.067856e+01 15439 6.005937e-02
382 5.131481e-03 7.667352e-03 6.338123e-02 5.072943e-03 7.772502e-03 6.364116e-02 -6.536521e+00 1.151487e+01 2.871971e+01 761 2.595454e-03
383 -7.684824e-03 6.633167e-03 1.200226e-01 -6.157258e-03 5.732275e-03 1.264717e-01 1.063299e+01 -6.809936e+00 3.717198e+01 2653 1.042098e-02
384 3.501221e-03 3.405413e-03 6.347887e-02 3.437793e-03 3.334546e-03 6.350955e-02 -7.888880e+00 -8.808076e+00 3.796526e+00 8913 3.322575e-02
385 -3.489198e-03 -7.093847e-04 6.348610e-02 -3.499416e-03 -7.066367e-04 6.352717e-02 -5.323601e+00 1.436466e+00 2.144117e+01 8715 3.326073e-02
386 -5.796944e-03 1.402634e-03 1.087787e-01 -6.822038e-03 1.973294e-04 1.260009e-01 7.708172e-01 -3.698905e+00 4.522106e+01 10786 4.141343e-02
387 6.829445e-03 -9.657728e-03 8.522302e-02 7.433249e-03 -1.033142e-02 1.042297e-01 -5.473778e+00 7.965198e+00 3.039681e+01 1959 7.883930e-03
388 1.607885e-03 3.957819e-03 1.015351e-01 3.505286e-03 3.260162e-03 1.265697e-01 1.204302e+00 -4.360039e+00 4.244752e+01 2400 9.201679e-03
389 -4.052515e-03 -4.201812e-03 1.272064e-02 -3.995608e-03 -4.204713e-03 1.268789e-02 7.150926e+00 -3.122752e-01 -4.087403e+00 15350 5.680898e-02
390 -2.431790e-03 -2.362266e-03 1.272075e-02 -2.518664e-03 -2.335408e-03 1.263350e-02 -7.627332e+00 2.410423e+00 -7.702031e+00 6067 2.271624e-02
391 -5.210483e-03 -4.646194e-06 1.098449e-01 -4.904757e-03 4.977831e-04 1.293393e-01 3.268165e+00 1.603762e+00 6.531933e+01 2369 8.893608e-03
392 -8.516305e-04 -1.872555e-03 1.275103e-02 -7.849968e-04 -1.751451e-03 1.259835e-02 5.449327e+00 9.909813e+00 -1.245204e+01 7929 3.033671e-02
393 -2.495869e-03 -1.132709e-04 1.283330e-02 -2.488961e-03 -2.723235e-04 1.256457e-02 5.869518e-01 -1.242281e+01 -2.099450e+01 4330 1.635431e-02
394 -5.466926e-03 -6.378896e-04 1.171792e-01 -1.757534e-03 1.572556e-03 1.287119e-01 1.302270e+01 6.457341e+00 3.416383e+01 3250 1.262501e-02
395 -4.844654e-03 4.495603e-03 6.330423e-02 -4.760829e-03 4.259027e-03 6.376159e-02 3.931689e+00 -1.079431e+01 2.058773e+01 2310 8.434951e-03
396 3.287053e-03 -1.010422e-02 6.348046e-02 3.355315e-03 -1.014284e-02 6.353617e-02 1.985275e+01 -1.118930e+01 1.621647e+01 6920 2.615477e-02
397 -3.842398e-03 -4.884560e-03 6.344634e-02 -3.803204e-03 -4.871366e-03 6.352713e-02 5.463313e+00 1.877578e+00 1.117699e+01 1386 5.004641e-03
398 -7.563732e-03 -2.164446e-04 1.160405e-01 -7.368949e-03 -8.854690e-04 1.229343e-01 3.332604e+00 -2.866790e+00 3.110014e+01 2416 1.061414e-02
399 2.389285e-03 -3.018626e-03 6.349398e-02 2.470864e-03 -3.026858e-03 6.359661e-02 1.027809e+01 -1.004574e+00 1.296634e+01 1794 6.525634e-03
400 -2.208609e-03 6.746860e-03 6.349841e-02 -2.201525e-03 6.733621e-03 6.353014e-02 3.130588e+00 -5.859658e+00 1.398952e+01 1911 7.094444e-03
401 -2.624055e-03 -4.226895e-03 6.349190e-02 -2.634464e-03 -4.209253e-03 6.353322e-02 -5.190165e+00 8.822254e+00 2.063271e+01 1899 6.633932e-03
402 1.062123e-03 1.201049e-03 1.319015e-01 2.521502e-03 -1.786008e-03 6.248817e-01 4.609965e+00 -1.081626e+01 2.462027e+01 8621 3.424255e-02
403 5.495031e-03 3.068086e-04 1.276142e-02 5.451063e-03 3.042125e-04 1.261327e-02 -2.801216e+00 -1.649693e-01 -8.987860e+00 1937 7.948420e-03
404 3.418912e-03 3.847346e-03 1.270290e-02 3.438844e-03 3.827838e-03 1.269824e-02 6.256754e+00 -6.157790e+00 -1.467753e+00 11234 4.269216e-02
405 4.057853e-03 8.324026e-03 1.180689e-01 4.272330e-03 9.426559e-03 1.319421e-01 -6.444286e-01 1.267096e+00 5.607648e+01 4059 1.531230e-02
406 2.550397e-03 4.408564e-03 1.187400e-01 4.399981e-05 1.245856e-03 1.301957e-01 -8.751091e+00 -1.159229e+01 3.657322e+01 961 5.253770e-03
407 -6.280358e-03 -5.239063e-04 1.282530e-01 7.094426e-03 7.177086e-04 6.805919e-01 -2.565256e+00 3.327576e-02 1.473856e+01 7637 3.188521e-02
408 3.065343e-03 1.856318e-03 6.348301e-02 3.081178e-03 1.844533e-03 6.350574e-02 7.940326e+00 -5.921456e+00 1.141232e+01 3563 1.326797e-02
409 5.163804e-04 -1.085837e-03 1.304260e-01 -1.917163e-04 -2.440764e-03 3.254783e-01 1.283265e+00 4.153842e-01 4.578098e+01 15427 5.926267e-02
410 -2.446259e-03 -6.310441e-03 6.349147e-02 -2.791632e-03 -6.295393e-03 6.392304e-02 -1.766242e+01 9.546001e-01 2.216281e+01 17135 6.565257e-02
411 -2.038415e-03 -3.010106e-03 6.349117e-02 -1.969110e-03 -3.033110e-03 6.352797e-02 2.729791e+01 -9.046737e+00 1.449233e+01 4349 1.576422e-02
412 -2.052473e-03 -6.746415e-03 1.188912e-01 -2.051141e-03 -6.770151e-03 1.200901e-01 1.277833e-01 -8.048249e-01 5.224887e+01 5394 2.024229e-02
413 -8.992075e-05 4.066318e-03 1.170403e-01 2.462492e-03 6.961348e-03 1.245579e-01 6.125831e+00 4.582259e+00 1.948424e+01 1837 9.195438e-03
414 -2.055174e-03 4.776689e-03 6.337945e-02 -2.003243e-03 4.780193e-03 6.350189e-02 7.650940e+00 4.667052e-01 1.798964e+01 3902 1.415609e-02
415 1.208072e-03 1.188535e-03 1.194644e-01 1.084646e-03 1.787373e-03 1.225005e-01 -1.221069e+00 4.650534e+00 2.486758e+01 4961 2.072821e-02
416 -2.963611e-03 -4.295708e-03 6.348786e-02 -2.833649e-03 -4.442496e-03 6.365111e-02 1.016438e+01 -1.133487e+01 1.269812e+01 7654 2.857276e-02
417 3.782600e-03 -7.543804e-03 1.040219e-01 2.388912e-03 -4.679717e-03 1.208881e-01 -5.267124e+00 1.067504e+01 3.812701e+01 4927 1.791721e-02
418 6.456341e-03 6.223301e-03 6.347497e-02 6.435005e-03 6.224285e-03 6.350403e-02 -4.370164e+00 1.537739e-01 5.886875e+00 1610 5.978057e-03
419 4.079837e-03 -4.262050e-03 1.193210e-01 3.417216e-03 -3.560345e-03 1.208927e-01 -1.066114e+01 1.128439e+01 2.442033e+01 4874 1.986039e-02
420 -3.898444e-03 5.859347e-03 6.348826e-02 -3.877409e-03 5.882637e-03 6.360869e-02 1.499679e+00 1.436293e+00 8.095236e+00 1342 5.104361e-03
421 -4.546885e-03 5.967071e-03 6.349944e-02 -4.552146e-03 5.948163e-03 6.354550e-02 -1.944528e+00 -7.076785e+00 1.718133e+01 4071 1.565159e-02
422 -1.219077e-03 3.496618e-03 6.348466e-02 -1.178005e-03 3.504037e-03 6.352991e-02 8.433319e+00 1.496526e+00 9.280723e+00 3619 1.377130e-02
423 6.707700e-03 1.077403e-02 1.756423e-02 6.707693e-03 1.079269e-02 1.755609e-02 -2.278260e-02 9.606241e+00 -4.205557e+00 3740 1.378163e-02
424 -6.631934e-03 -3.272328e-03 1.184231e-01 -6.210785e-03 -3.857388e-03 1.206066e-01 6.633703e+00 -7.908194e+00 3.087589e+01 8093 3.172402e-02
425 -4.718796e-04 -9.709480e-03 6.336638e-02 -2.588048e-04 -9.840752e-03 6.350238e-02 1.421859e+01 -8.537801e+00 9.069687e+00 2500 9.190446e-03
426 8.285330e-03 6.466726e-03 1.162199e-01 6.861530e-03 5.127755e-03 1.230536e-01 -8.517430e+00 -7.513282e+00 2.691656e+01 2786 1.205704e-02
427 9.008771e-05 3.911028e-03 1.188428e-01 -1.575392e-03 6.172609e-03 1.300631e-01 -2.611744e+00 3.230625e-01 2.053310e+01 7600 3.108848e-02
428 7.203312e-03 -8.080907e-03 9.839718e-02 9.256413e-03 -9.782151e-03 1.075815e-01 8.026075e-01 5.331620e-01 2.381518e+01 10704 4.207126e-02
429 -5.800867e-03 8.073980e-03 6.349341e-02 -5.815619e-03 8.076055e-03 6.356841e-02 -2.411733e+00 2.748729e-01 1.252356e+01 11236 4.264548e-02
430 1.984494e-03 3.118243e-03 6.348226e-02 1.971110e-03 3.117041e-03 6.350394e-02 -8.579278e+00 -7.771279e-01 1.389222e+01 2667 1.024764e-02
431 -2.591954e-04 -7.751152e-03 6.348245e-02 -2.685736e-04 -7.731769e-03 6.355589e-02 -1.533939e+00 3.245345e+00 1.203121e+01 5449 2.006956e-02
432 -1.371897e-03 -1.940465e-04 1.427555e-01 1.977555e-04 1.809048e-04 4.599620e-01 -4.679716e+00 -1.045241e+00 3.337642e+01 3107 1.366513e-02
433 -3.376846e-03 -1.693826e-03 6.349581e-02 -3.376952e-03 -1.659160e-03 6.351185e-02 -3.590165e-02 1.538969e+01 7.114291e+00 6521 2.490584e-02
434 -6.630546e-04 3.801070e-03 6.317029e-02 -3.810656e-04 3.801152e-03 6.367178e-02 8.481451e+00 -1.853048e-01 1.503442e+01 7732 2.861395e-02
435 -3.124984e-03 2.135784e-02 5.626211e-02 -3.128888e-03 2.136350e-02 5.625988e-02 -5.040986e+00 7.283531e+00 -2.883880e+00 5304 1.967941e-02
436 -3.653689e-03 2.307844e-03 6.336982e-02 -3.612467e-03 2.426702e-03 6.352913e-02 4.477168e+00 1.273225e+01 1.710839e+01 3441 1.277713e-02
437 3.427603e-03 -6.186058e-03 6.348094e-02 3.401616e-03 -6.184977e-03 6.350640e-02 -9.709431e+00 4.278732e-01 9.496424e+00 1816 6.768437e-03
438 -4.842398e-03 1.577779e-03 6.346930e-02 -4.761446e-03 1.556565e-03 6.352609e-02 1.521183e+01 -3.988740e+00 1.064476e+01 2472 9.229902e-03
439 -1.428224e-03 3.194678e-03 6.389403e-02 -1.378966e-03 3.261487e-03 6.395135e-02 1.288622e+01 1.744866e+01 1.498665e+01 5170 1.940406e-02
440 -2.090219e-03 5.081345e-03 6.344876e-02 -2.050630e-03 5.124162e-03 6.351540e-02 6.563255e+00 7.032668e+00 1.101570e+01 1612 5.722162e-03
441 1.232093e-03 6.769273e-03 6.344925e-02 1.294041e-03 6.741375e-03 6.366513e-02 6.861141e+00 -3.187517e+00 2.396773e+01 2102 7.663838e-03
442 9.546217e-03 -1.235528e-04 1.232660e-02 9.433056e-03 -1.617947e-04 1.232030e-02 -1.019918e+01 -3.390847e+00 -5.592110e-01 2414 9.284338e-03
443 1.267172e-03 5.011098e-03 1.270531e-02 1.149183e-03 5.088710e-03 1.256380e-02 -8.184285e+00 5.258368e+00 -9.784568e+00 7495 2.848472e-02
444 3.758328e-03 -6.531741e-03 6.341424e-02 3.732813e-03 -6.547682e-03 6.353715e-02 -5.653995e+00 -3.472832e+00 2.711313e+01 7811 3.018257e-02
445 -4.547205e-03 3.251926e-03 6.347146e-02 -4.567726e-03 3.204584e-03 6.354629e-02 -1.825215e+00 -4.430734e+00 6.921516e+00 1375 5.336035e-03
446 2.880143e-03 -4.985591e-03 6.348500e-02 2.860636e-03 -5.062160e-03 6.350312e-02 -5.926623e+00 -2.318277e+01 5.493082e+00 4761 1.852524e-02
447 1.109464e-02 -6.025901e-03 9.369996e-02 1.205382e-02 -6.687644e-03 9.719593e-02 1.208348e+01 -8.510269e+00 4.849367e+01 2342 8.361062e-03
448 -7.160427e-03 2.824090e-03 6.347116e-02 -7.140449e-03 2.807399e-03 6.353549e-02 3.571115e+00 -2.956936e+00 1.130609e+01 12562 4.698783e-02
449 -9.753365e-04 6.813323e-04 8.840319e-02 -7.223112e-04 2.100615e-03 1.792871e-01 2.157118e+00 -2.277272e+00 5.983429e+01 16118 6.219618e-02
450 -5.673105e-03 1.568600e-03 6.345591e-02 -5.683288e-03 1.567670e-03 6.351342e-02 -2.718102e+00 -2.597923e-01 1.552704e+01 10181 3.737910e-02
451 -3.338622e-03 1.215649e-03 6.347953e-02 -3.424352e-03 1.269580e-03 6.353309e-02 -9.106733e+00 5.741045e+00 5.718661e+00 5673 2.282824e-02
452 2.053564e-03 8.838214e-03 6.349293e-02 2.050081e-03 8.841187e-03 6.350210e-02 -2.994071e+00 2.537909e+00 7.877629e+00 1065 3.862473e-03
453 -4.415859e-04 -4.437382e-03 6.546292e-02 5.085966e-04 -5.742194e-03 6.480216e-02 4.981442e+00 -5.410693e+00 -3.445755e+00 3009 1.118391e-02
454 -4.198184e-04 -1.750156e-03 1.273428e-02 -4.439027e-04 -1.752760e-03 1.268708e-02 -8.075117e+00 -8.654740e-01 -1.582797e+01 1925 8.465387e-03
455 -5.474182e-03 3.560879e-03 6.348109e-02 -5.519608e-03 3.556424e-03 6.356715e-02 -6.984659e+00 -7.242607e-01 1.333174e+01 5899 2.190086e-02
456 -1.761153e-03 -3.762728e-03 1.270411e-02 -1.760100e-03 -3.745384e-03 1.258573e-02 1.833569e-01 2.786220e+00 -1.877777e+01 10403 3.905169e-02
457 -6.271500e-03 2.541634e-04 1.185287e-01 -6.369538e-03 3.176952e-04 1.342179e-01 2.906742e+00 4.436922e-02 4.566807e+01 6609 2.577812e-02
458 1.032997e-03 5.307623e-03 1.184421e-01 1.489668e-03 5.374164e-03 1.248613e-01 4.411335e+00 -1.170800e-01 6.449267e+01 2368 1.023384e-02
459 2.051382e-03 2.706758e-03 1.274970e-02 2.091427e-03 2.771842e-03 1.264927e-02 6.628638e+00 1.077913e+01 -1.667053e+01 8710 3.250414e-02
460 2.739467e-03 -1.969888e-03 6.369763e-02 2.743090e-03 -2.178430e-03 6.360225e-02 2.332914e-01 -1.636164e+01 -7.500462e+00 4966 1.825628e-02
461 5.685956e-05 3.624250e-03 6.349801e-02 8.202515e-05 3.594924e-03 6.351650e-02 4.498299e+00 -5.272479e+00 3.304668e+00 2239 8.001054e-03
462 3.402796e-03 -1.641511e-03 6.345279e-02 3.421058e-03 -1.628348e-03 6.351680e-02 5.764533e+00 4.174115e+00 2.025989e+01 5939 2.250233e-02
463 -1.914794e-04 -3.470223e-03 6.389071e-02 -2.570791e-04 -3.538659e-03 6.404035e-02 -7.035192e+00 -7.294184e+00 1.605557e+01 4764 1.679159e-02
464 -1.196943e-03 3.283805e-03 6.464434e-02 -1.228686e-03 3.286377e-03 6.472616e-02 -1.081341e+01 8.621524e-01 2.788717e+01 3235 1.194051e-02
465 5.361166e-03 8.537251e-03 6.346981e-02 5.351059e-03 8.495336e-03 6.354193e-02 -1.768164e+00 -7.213902e+00 1.228410e+01 3064 1.121346e-02
466 -8.953774e-03 6.484601e-03 6.345160e-02 -8.963579e-03 6.489902e-03 6.350309e-02 -1.883243e+00 1.005935e+00 1.023956e+01 2467 9.182236e-03
467 8.238778e-04 -4.091620e-03 1.215500e-01 7.646229e-04 -3.921527e-03 1.223482e-01 -1.792754e+00 5.232612e+00 2.360752e+01 4644 1.751993e-02
468 -4.286634e-03 1.195332e-02 1.199219e-01 -4.445040e-03 1.264785e-02 1.288544e-01 -1.941122e-01 2.294598e+00 6.263761e+01 2460 9.228438e-03
469 -3.652500e-03 2.696729e-03 1.130740e-01 -6.209964e-03 -1.275471e-03 1.204854e-01 -3.733003e+00 -1.069419e+01 1.862997e+01 4369 1.870202e-02
470 -2.373866e-03 -8.910522e-03 6.329091e-02 -2.458368e-03 -8.741734e-03 6.350416e-02 -3.999998e+00 8.409148e+00 1.028102e+01 3230 1.246863e-02
471 2.161019e-03 1.827652e-03 1.159142e-01 6.533220e-03 2.423001e-03 1.209690e-01 1.063636e+01 6.630841e-01 1.453795e+01 4269 1.758867e-02
472 -8.691252e-04 -1.084586e-03 1.416908e-01 -7.376081e-04 4.018385e-03 1.499693e+00 -1.907668e+00 -3.179439e-01 5.853597e+01 11734 4.542906e-02
473 3.180581e-03 4.540154e-03 6.344555e-02 3.182622e-03 4.530234e-03 6.351718e-02 4.880385e-01 -2.491639e+00 1.779535e+01 17026 6.429160e-02
474 6.078708e-03 -5.355707e-03 1.162390e-01 4.002143e-03 -2.086181e-03 1.301350e-01 -8.313671e+00 1.061469e+01 3.479769e+01 3558 1.532439e-02
475 -1.390732e-02 -6.251214e-03 8.917386e-02 -1.391645e-02 -6.499973e-03 9.083578e-02 1.149649e+00 -3.366464e+00 2.643497e+01 4543 1.832268e-02
476 3.690131e-03 2.479474e-03 1.194690e-01 3.363885e-03 2.586428e-03 1.220862e-01 -3.187979e+00 3.320670e-01 2.003774e+01 2336 1.064490e-02
477 -3.355040e-03 4.874932e-03 6.347415e-02 -3.423284e-03 4.917580e-03 6.354021e-02 -9.179114e+00 5.705890e+00 8.921242e+00 6289 2.447491e-02
478 -2.356344e-03 4.519650e-03 6.343581e-02 -2.358553e-03 4.516820e-03 6.382852e-02 -3.967965e-02 -2.753258e-01 1.952977e+01 4768 1.753480e-02
479 9.382426e-04 -4.972584e-03 6.349910e-02 9.359063e-04 -4.957595e-03 6.351076e-02 -2.262223e+00 1.451148e+01 1.128438e+01 1412 4.866881e-03
480 3.083242e-03 -5.067803e-03 6.339608e-02 3.240031e-03 -5.051317e-03 6.355919e-02 1.241120e+01 1.405362e+00 1.297236e+01 5306 1.966681e-02
481 7.615958e-03 -1.550395e-03 6.349508e-02 7.595661e-03 -1.535417e-03 6.351192e-02 -8.580152e+00 6.317238e+00 7.095550e+00 10039 3.818955e-02
482 1.886566e-03 -6.159155e-03 6.343635e-02 1.883970e-03 -6.183677e-03 6.350210e-02 -2.565544e-01 -2.012451e+00 5.679972e+00 4366 1.604462e-02
483 4.787619e-03 6.622796e-03 1.270126e-02 4.747941e-03 6.635615e-03 1.267745e-02 -1.616492e+01 5.192794e+00 -9.690304e+00 5571 2.066934e-02
484 -1.195858e-02 2.776835e-03 8.429282e-02 -1.285241e-02 2.001565e-03 9.064506e-02 9.530765e-01 -4.022930e+00 2.543340e+01 1328 5.498145e-03
485 2.069253e-03 -4.343829e-03 1.186602e-01 2.307548e-03 -4.818108e-03 1.216731e-01 1.115521e+00 -2.170323e+00 2.013922e+01 5229 2.349029e-02
486 2.054578e-03 -9.321021e-03 1.195591e-02 2.049069e-03 -9.305044e-03 1.192368e-02 -1.749472e+00 5.089472e+00 -1.017968e+01 5453 2.154253e-02
487 -1.506768e-02 1.274406e-03 8.509170e-02 -2.073754e-02 6.544865e-04 1.023419e-01 -3.678734e-01 -2.040715e+00 3.695963e+01 1125 4.304405e-03
488 -2.179490e-03 6.910256e-03 6.345292e-02 -2.141207e-03 6.942225e-03 6.356050e-02 4.120326e+00 3.319802e+00 1.149416e+01 2997 1.127634e-02
489 2.739836e-04 -3.451747e-03 6.444023e-02 2.809511e-04 -3.499465e-03 6.453306e-02 6.029072e-01 -4.102396e+00 8.095628e+00 3677 1.483605e-02
490 -4.429911e-03 -2.500016e-04 6.347363e-02 -4.308062e-03 -1.337657e-04 6.351497e-02 1.312734e+01 1.246771e+01 4.433342e+00 6387 2.393073e-02
491 -1.597156e-03 -2.786206e-03 6.356679e-02 -2.031521e-03 -3.024033e-03 6.388757e-02 -3.599505e+00 -1.654851e+00 2.872554e+00 5128 1.972433e-02
492 -1.929921e-03 3.839170e-03 6.347322e-02 -1.929854e-03 3.871081e-03 6.350972e-02 3.022730e-02 1.007622e+01 1.154710e+01 4348 1.572455e-02
493 -4.565686e-03 -6.387192e-03 1.146613e-01 -3.943374e-03 -5.384424e-03 1.208815e-01 4.380201e+00 6.769218e+00 3.086840e+01 6381 2.526080e-02
494 -3.378044e-03 -3.359025e-03 6.342169e-02 -3.411456e-03 -3.371652e-03 6.350490e-02 -8.032562e+00 -3.022974e+00 2.005622e+01 2214 8.239581e-03
495 5.780021e-04 -1.035805e-03 1.050091e-01 3.799698e-03 -1.083649e-02 1.377888e-01 2.061295e+00 -7.082841e+00 4.228715e+01 3608 1.382561e-02
496 2.629445e-03 -1.970520e-03 1.205067e-01 7.319114e-03 -2.252134e-03 1.303446e-01 1.148612e+01 2.248301e-01 2.872189e+01 2857 1.343442e-02
497 7.987422e-04 7.927571e-03 1.415982e-01 1.816667e-03 -2.239627e-03 8.363745e-01 1.481181e+00 1.421724e+01 2.085983e+01 2357 1.239543e-02
498 6.206839e-03 -5.248137e-03 8.076718e-02 1.004148e-02 -8.253723e-03 9.425562e-02 8.098409e+00 -6.163407e+00 4.137740e+01 2655 9.105411e-03
499 -4.379429e-04 -3.765343e-03 6.345604e-02 -4.109813e-04 -3.733644e-03 6.351066e-02 1.160908e+01 1.365997e+01 2.351615e+01 3947 1.564553e-02
500 2.890612e-03 -9.428036e-03 6.348819e-02 2.895520e-03 -9.409410e-03 6.353152e-02 2.149005e+00 8.223295e+00 1.905285e+01 2075 7.237010e-03
501 -1.664714e-03 -3.375578e-03 6.346562e-02 -1.650073e-03 -3.379714e-03 6.350628e-02 8.275596e+00 -2.328012e+00 2.297088e+01 1304 4.704277e-03
502 1.809977e-03 9.602089e-03 8.502196e-02 3.557532e-03 1.503181e-02 1.039589e-01 2.528383e+00 5.352466e+00 4.420910e+01 2689 9.609979e-03
503 3.470162e-03 -3.741855e-03 1.274540e-02 3.467275e-03 -3.749373e-03 1.267676e-02 -7.227952e-01 -1.804347e+00 -1.668281e+01 2293 8.738706e-03
504 -1.048192e-03 -4.863322e-03 6.344904e-02 -1.013339e-03 -4.836172e-03 6.354190e-02 8.461420e+00 6.615893e+00 2.252752e+01 5872 2.146419e-02
505 -1.173077e-02 -6.518115e-03 8.493946e-02 -1.444521e-02 -6.817854e-03 9.311859e-02 -3.174051e+00 1.998198e+00 2.682029e+01 6833 2.711885e-02
506 -8.296225e-03 2.552627e-03 1.193261e-01 -6.516186e-03 1.605141e-03 1.261821e-01 1.142909e+01 -5.553743e+00 3.564996e+01 2663 1.049607e-02
507 -6.765213e-03 -1.074306e-02 1.528298e-02 -6.768188e-03 -1.075138e-02 1.527704e-02 -2.951731e+00 -8.266213e+00 -5.914778e+00 4010 1.518550e-02
508 -2.487819e-04 7.098320e-03 6.341347e-02 -2.287837e-04 7.081989e-03 6.351759e-02 2.964526e+00 -2.489849e+00 1.542218e+01 1653 6.979407e-03
509 -1.433025e-03 -7.035670e-03 6.349367e-02 -1.415456e-03 -7.053622e-03 6.352346e-02 5.308084e+00 -5.382080e+00 8.986548e+00 6182 2.349170e-02
510 5.347611e-03 -1.814239e-05 6.342197e-02 5.273210e-03 -4.379676e-05 6.358942e-02 -9.547252e+00 -3.270368e+00 2.134904e+01 18369 6.842680e-02
511 3.250443e-04 -3.502694e-03 6.340381e-02 3.416861e-04 -3.483197e-03 6.355841e-02 1.508533e+00 1.830597e+00 1.406387e+01 2320 9.192397e-03
512 1.740979e-03 -4.020143e-03 6.345660e-02 1.796204e-03 -4.095405e-03 6.351319e-02 3.197546e+00 -4.316101e+00 3.322338e+00 3434 1.305921e-02
513 6.502727e-03 -4.523687e-03 7.575522e-02 1.098179e-02 -1.373500e-02 9.967845e-02 -1.014594e+00 -6.347730e+00 3.655661e+01 11909 4.535097e-02
514 1.731017e-04 -2.001220e-03 1.272619e-02 1.380497e-04 -1.988055e-03 1.266248e-02 -6.934089e+00 2.618927e+00 -1.260115e+01 3378 1.293675e-02
515 6.883433e-03 -8.985410e-04 6.319125e-02 6.939527e-03 -1.008354e-03 6.363901e-02 3.466101e+00 -7.073668e+00 2.893046e+01 4340 1.747891e-02
516 -3.770089e-03 -7.516220e-04 1.085308e-01 -4.218781e-03 -2.940496e-03 1.202137e-01 -1.556511e-01 -7.655622e+00 4.411332e+01 5861 2.310382e-02
517 5.649965e-03 4.383974e-03 6.349587e-02 5.648296e-03 4.380988e-03 6.353382e-02 -5.435026e-01 -9.446971e-01 1.174187e+01 8393 3.117271e-02
518 -5.812914e-03 5.410003e-03 6.346525e-02 -5.754656e-03 5.369448e-03 6.358271e-02 6.808101e+00 -4.756834e+00 1.357711e+01 2744 9.717328e-03
519 -9.089366e-03 -4.030123e-03 6.333329e-02 -9.171857e-03 -4.074054e-03 6.351750e-02 -8.201013e+00 -4.379295e+00 1.861205e+01 1723 6.147755e-03
520 1.021436e-02 3.070881e-03 1.018174e-01 1.250004e-02 3.022925e-03 1.182715e-01 1.204071e+00 -1.667723e+00 4.848402e+01 3578 1.506414e-02
521 -1.557858e-03 1.094939e-02 1.198304e-01 -1.075868e-03 1.006922e-02 1.224649e-01 5.377481e+00 -1.093463e+01 2.835425e+01 3690 1.524147e-02
522 -1.015961e-02 -1.877737e-03 1.103607e-01 -1.015984e-02 -3.230602e-03 1.250759e-01 3.938172e+00 -4.229738e+00 5.602860e+01 5805 2.263397e-02
523 2.321357e-03 1.677860e-03 1.283006e-02 2.205986e-03 1.707921e-03 1.266067e-02 -7.518662e+00 1.906788e+00 -1.096225e+01 2418 9.496382e-03
524 3.384696e-03 -3.595001e-03 6.349001e-02 3.383398e-03 -3.626304e-03 6.356618e-02 -2.981420e-01 -6.592084e+00 1.610210e+01 2759 9.818243e-03
525 -1.059209e-02 1.214095e-02 6.349126e-02 -1.055690e-02 1.217540e-02 6.354396e-02 5.294944e+00 4.957766e+00 7.769771e+00 3060 1.125859e-02
526 4.485433e-03 -2.140901e-03 1.162283e-01 3.628536e-03 -1.037832e-03 1.232393e-01 -6.766356e+00 7.924796e+00 4.798177e+01 5910 2.277985e-02
527 -3.222657e-04 -5.833732e-03 6.344713e-02 -3.350479e-04 -5.870186e-03 6.350469e-02 -2.673150e+00 -7.588867e+00 1.204718e+01 4875 1.795384e-02
528 -9.756074e-03 5.127153e-03 6.349882e-02 -9.749871e-03 5.119057e-03 6.350266e-02 5.104548e+00 -6.649585e+00 3.148295e+00 2809 1.101496e-02
529 -3.841068e-03 -6.347240e-04 6.349521e-02 -3.839913e-03 -6.360318e-04 6.350177e-02 2.850293e+00 -3.222787e+00 1.618132e+01 6383 2.329361e-02
530 4.545389e-03 1.009604e-03 1.159408e-01 3.756468e-03 4.197727e-04 1.295749e-01 -4.578164e+00 -2.438509e+00 4.882354e+01 3665 1.415345e-02
531 -2.559481e-03 -5.593773e-03 6.348878e-02 -2.502168e-03 -5.654450e-03 6.352134e-02 6.813459e+00 -7.109389e+00 3.852477e+00 14433 5.408955e-02
532 -1.757229e-03 5.854187e-03 1.189056e-01 -1.737710e-03 5.361814e-03 1.223136e-01 4.510217e-01 -6.786763e+00 4.228876e+01 4580 1.816633e-02
533 2.572895e-03 5.808622e-04 1.455220e-01 -2.340668e-03 -4.174983e-03 4.256560e-01 4.008932e+00 -1.405920e-01 3.309385e+01 16015 6.115114e-02
534 -3.222468e-03 2.068614e-03 1.271498e-02 -3.124782e-03 2.074198e-03 1.261142e-02 1.227265e+01 6.748181e-01 -1.297095e+01 19609 7.376023e-02
535 -5.857081e-04 3.006273e-03 1.207789e-01 -7.932571e-04 3.063918e-03 1.217560e-01 -4.367171e+00 1.014918e+00 2.077716e+01 2005 9.175866e-03
536 -3.384521e-03 -2.082519e-03 6.345662e-02 -3.408958e-03 -2.103673e-03 6.358140e-02 -4.360355e+00 -3.781635e+00 2.240753e+01 890 3.487432e-03
537 2.809583e-03 5.662732e-03 1.143901e-01 2.380196e-03 5.898088e-03 1.207445e-01 -3.830607e+00 7.225160e-01 4.918317e+01 2226 8.681497e-03
538 3.878821e-04 -5.370572e-03 1.170131e-01 -3.688555e-04 -5.108927e-03 1.245566e-01 -5.551351e+00 2.979931e+00 5.511354e+01 1487 5.582167e-03
539 -1.991499e-03 3.219124e-03 6.344797e-02 -2.002130e-03 3.186965e-03 6.351942e-02 -3.669405e+00 -1.114069e+01 2.472175e+01 3047 1.051234e-02
540 -5.037053e-03 -2.322961e-03 6.342733e-02 -5.028581e-03 -2.329101e-03 6.352468e-02 1.359053e+00 -9.278227e-01 1.506155e+01 2351 8.632090e-03
541 6.888658e-03 1.175835e-02 6.349640e-02 6.874697e-03 1.175877e-02 6.352790e-02 -7.664806e+00 2.025281e-01 1.724913e+01 1535 5.465072e-03
542 -8.289718e-03 -1.104093e-02 1.907545e-02 -8.254679e-03 -1.110866e-02 1.903622e-02 5.671835e+00 -1.071140e+01 -6.264994e+00 2958 1.103383e-02
543 8.747784e-04 2.133673e-03 1.272903e-02 8.274395e-04 2.130378e-03 1.263079e-02 -6.834858e+00 -4.969965e-01 -1.416532e+01 2837 1.128857e-02
544 6.153652e-03 3.698819e-03 6.349444e-02 6.175835e-03 3.736002e-03 6.353032e-02 5.123558e+00 8.630015e+00 8.350451e+00 11763 4.423636e-02
545 3.016388e-04 4.733566e-03 6.345231e-02 3.475538e-04 4.693594e-03 6.352074e-02 1.257395e+01 -1.097363e+01 1.874434e+01 2727 1.013927e-02
546 -4.054463e-03 -1.131937e-03 6.341933e-02 -4.032587e-03 -1.199098e-03 6.352935e-02 3.999151e+00 -1.216679e+01 1.994616e+01 7878 2.866119e-02
547 -3.291280e-03 -2.870538e-03 6.347475e-02 -3.296095e-03 -2.873116e-03 6.353463e-02 -1.328912e+00 -7.058214e-01 1.674302e+01 2015 7.012262e-03
548 -9.521138e-03 7.462718e-03 6.345796e-02 -9.487086e-03 7.578052e-03 6.350969e-02 3.393414e+00 1.087636e+01 4.930960e+00 8456 3.117702e-02
549 2.386980e-03 -2.356362e-03 6.328427e-02 2.434421e-03 -2.558133e-03 6.356943e-02 5.744293e+00 -2.452579e+01 3.470413e+01 1622 5.956542e-03
550 5.109512e-03 -1.771387e-04 1.154905e-01 4.610916e-03 4.501707e-04 1.238472e-01 -3.975653e+00 3.197515e+00 4.279935e+01 2654 1.156372e-02
551 3.258022e-04 -7.724971e-03 6.347499e-02 2.934544e-04 -7.700477e-03 6.351211e-02 -1.002965e+01 7.630274e+00 1.150783e+01 13835 5.133633e-02
552 3.384752e-03 -6.924032e-04 6.491163e-02 3.425759e-03 -7.508816e-04 6.501297e-02 8.564050e+00 -1.224223e+01 2.122344e+01 6800 2.648167e-02
553 9.393792e-03 2.395798e-04 1.199530e-01 9.362975e-03 2.820749e-04 1.218602e-01 -1.312991e+00 9.618374e-01 4.390465e+01 4969 1.904973e-02
554 -9.062937e-03 -2.929190e-03 6.342281e-02 -9.019308e-03 -2.907472e-03 6.353742e-02 5.629896e+00 2.783866e+00 1.451117e+01 6265 2.318129e-02
555 4.356534e-03 1.828937e-03 6.348877e-02 4.372128e-03 1.803875e-03 6.355100e-02 3.703572e+00 -6.007220e+00 1.488875e+01 3413 1.202646e-02
556 1.899838e-03 4.898078e-03 6.349768e-02 1.910049e-03 4.908197e-03 6.353522e-02 6.621496e+00 6.555160e+00 2.435826e+01 2363 8.439967e-03
557 2.851776e-04 -1.794966e-03 1.276295e-02 2.675137e-04 -1.817777e-03 1.268978e-02 -5.442211e+00 -7.017825e+00 -2.253943e+01 4293 1.588196e-02
558 -4.291561e-03 4.600358e-03 6.346930e-02 -4.296872e-03 4.564313e-03 6.350603e-02 -1.665314e+00 -1.146066e+01 1.165914e+01 2743 9.843993e-03
559 -2.697869e-03 -2.472813e-03 1.093796e-01 -1.406712e-03 -9.167941e-04 1.391625e-01 4.105525e+00 4.305789e+00 5.278862e+01 7916 3.062747e-02
560 1.006774e-03 3.792667e-03 6.347024e-02 9.898436e-04 3.905557e-03 6.351450e-02 -2.378013e+00 1.574532e+01 6.189155e+00 8160 3.055767e-02
561 -1.607236e-03 1.299976e-02 6.346203e-02 -1.675393e-03 1.300556e-02 6.355257e-02 -5.367783e+00 2.162882e-01 7.170415e+00 2449 8.752511e-03
562 8.607939e-03 -1.484117e-03 6.340920e-02 8.677933e-03 -1.401423e-03 6.359435e-02 9.695019e+00 1.157757e+01 2.588695e+01 3713 1.483149e-02
563 6.780722e-03 -5.971075e-03 1.177029e-01 8.286795e-03 -5.212279e-03 1.221732e-01 3.193213e+00 5.123453e+00 1.762966e+01 21496 8.107347e-02
564 -9.372668e-03 1.290335e-03 1.080975e-01 -4.335082e-03 1.240234e-03 1.263560e-01 1.501059e+01 -1.155124e+00 3.174651e+01 2744 1.128078e-02
565 -8.878280e-03 -3.994770e-03 6.349900e-02 -8.827325e-03 -3.958533e-03 6.352282e-02 7.624130e+00 5.398607e+00 3.522535e+00 3160 1.175656e-02
566 -1.037496e-03 6.000708e-03 6.349697e-02 -9.915674e-04 5.971628e-03 6.350109e-02 4.101994e+00 -2.686223e+00 3.664157e-01 3928 1.419475e-02
567 4.009495e-03 7.877459e-03 1.182185e-01 1.774307e-03 2.213822e-03 1.317481e-01 -7.620217e+00 -1.802104e+01 3.528007e+01 5954 2.259257e-02
568 -2.300317e-03 3.610970e-03 1.210274e-01 -2.603393e-03 2.431367e-03 1.272147e-01 -1.375047e+00 -8.264369e+00 3.948310e+01 2537 1.006690e-02
569 -7.667805e-03 -9.589802e-03 1.189445e-01 -7.843716e-03 -9.623844e-03 1.211019e-01 -3.197531e+00 -5.366397e-02 4.582570e+01 3928 1.418513e-02
570 6.799268e-03 5.153849e-03 6.346955e-02 6.844340e-03 5.228708e-03 6.363969e-02 2.449743e+00 4.224913e+00 9.902244e+00 5483 2.024182e-02
571 -2.351902e-03 4.050271e-03 1.168696e-01 -2.281768e-03 4.087530e-03 1.218044e-01 1.126471e+00 -5.795399e-02 5.898856e+01 1818 7.502739e-03
572 -3.392958e-05 -5.869334e-03 1.436515e-01 -3.618711e-05 4.989935e-03 1.118664e+00 5.975645e-01 8.442304e+00 3.049786e+01 3063 1.519197e-02
573 5.851777e-03 6.363625e-03 1.408839e-01 1.021940e-02 6.722874e-03 1.210533e+01 3.968803e-01 -5.222679e+00 2.987587e+01 10842 4.364525e-02
574 2.941542e-03 -4.154915e-03 6.347636e-02 2.923618e-03 -4.085302e-03 6.353212e-02 -2.964757e+00 1.144893e+01 9.140652e+00 7301 2.552435e-02
575 -6.720403e-04 4.715849e-03 6.345872e-02 -6.101756e-04 4.752020e-03 6.360576e-02 1.347452e+01 7.843486e+00 3.201553e+01 5657 2.098655e-02
576 4.733774e-03 -3.296241e-04 6.341238e-02 4.580084e-03 -2.360642e-04 6.350160e-02 -1.638386e+01 9.938216e+00 9.472863e+00 5813 2.133278e-02
577 6.619813e-04 2.862280e-03 1.422584e-01 -4.875234e-03 3.198268e-03 2.118042e-01 1.440196e+00 -7.110473e+00 4.474483e+01 2749 1.103527e-02
578 -4.772747e-03 1.814555e-03 6.345175e-02 -4.803680e-03 1.812754e-03 6.351240e-02 -7.790089e+00 -4.657186e-01 1.532976e+01 3061 1.196558e-02
579 -3.566379e-03 4.899627e-03 6.347218e-02 -3.575557e-03 4.936428e-03 6.352874e-02 -9.819575e-01 4.061261e+00 6.340930e+00 5564 2.131020e-02
580 -1.131688e-02 -3.338602e-03 1.194706e-01 -1.125972e-02 -2.878238e-03 1.281401e-01 3.433027e+00 3.335901e+00 4.629144e+01 9935 3.830559e-02
581 2.580155e-04 5.475428e-03 1.163860e-01 2.468029e-04 1.860933e-05 1.247160e-01 -1.567309e-01 -1.833299e+01 2.544294e+01 4523 1.868738e-02
582 -1.910049e-03 -7.754662e-03 1.280249e-02 -1.802443e-03 -7.871790e-03 1.269551e-02 7.396835e+00 -7.838315e+00 -7.313928e+00 1173 4.819125e-03
583 1.349312e-03 -1.189458e-02 9.027147e-02 1.181398e-03 -1.268480e-02 9.301553e-02 -3.177560e+00 -1.347772e+01 5.022490e+01 2353 9.253710e-03
584 9.194128e-03 7.024597e-04 6.349460e-02 9.184428e-03 7.115661e-04 6.351708e-02 -4.721963e+00 4.404698e+00 1.087862e+01 8876 3.364947e-02
585 4.302284e-03 1.555923e-03 6.349086e-02 4.271001e-03 1.557152e-03 6.351444e-02 -1.323245e+01 5.139815e-01 9.959844e+00 873 2.959682e-03
586 5.499848e-03 -4.077692e-03 1.024680e-01 4.063897e-03 -1.204536e-03 1.239044e-01 -6.554934e+00 7.723841e+00 4.029987e+01 11082 4.226432e-02
587 1.215857e-03 1.615763e-03 1.200262e-01 8.189334e-04 7.548757e-03 1.335285e-01 -1.586568e+00 6.839181e+00 2.312338e+01 4029 1.764370e-02
588 1.994823e-03 -2.059462e-03 1.307082e-01 1.564426e-03 -4.697709e-03 9.905433e-01 -4.733019e+00 6.788089e+00 2.755179e+01 4970 2.046840e-02
589 -3.721778e-03 -5.035548e-03 6.331105e-02 -3.633345e-03 -5.168247e-03 6.353769e-02 7.689528e+00 -1.135623e+01 1.954436e+01 1524 5.600897e-03
590 6.458701e-04 -5.445216e-04 1.428489e-01 -1.205294e-03 -1.126166e-03 3.257157e-01 4.732814e+00 1.059378e+00 1.268094e+01 3125 1.442347e-02
591 4.215795e-03 9.457907e-04 6.346168e-02 4.176906e-03 1.061843e-03 6.351619e-02 -2.737493e+00 7.874902e+00 3.709332e+00 5589 2.128932e-02
592 2.121944e-03 4.160813e-03 1.272426e-02 2.135228e-03 4.172233e-03 1.269129e-02 5.843909e+00 5.015893e+00 -1.451956e+01 16929 6.357597e-02
593 -4.999490e-03 -5.195320e-03 1.145793e-01 -2.995153e-03 -3.637709e-03 1.208957e-01 1.167580e+01 9.444349e+00 3.299091e+01 1545 8.114114e-03
594 -6.285502e-03 5.057249e-03 1.198069e-01 -6.459519e-03 5.153366e-03 1.202558e-01 -5.031606e+00 2.702636e+00 1.376852e+01 7554 3.068170e-02
595 -1.177151e-03 -8.695770e-03 1.196818e-01 -1.209939e-03 -9.003961e-03 1.213425e-01 -7.641405e-01 -7.320451e+00 4.220999e+01 3286 1.394968e-02
596 -2.986576e-03 -2.035305e-03 6.346631e-02 -3.054221e-03 -2.050880e-03 6.357498e-02 -1.555732e+01 -3.573382e+00 2.502248e+01 6936 2.521814e-02
597 1.875056e-04 -3.705880e-03 6.345387e-02 1.996591e-04 -3.673062e-03 6.351400e-02 4.036366e+00 1.091837e+01 1.997502e+01 5510 2.029506e-02
598 3.166593e-03 3.020156e-03 1.202821e-01 3.411949e-03 3.033227e-03 1.210144e-01 8.058897e+00 3.030211e-01 2.448262e+01 4181 1.716297e-02
599 4.983545e-03 -2.121238e-03 1.152093e-01 9.411230e-03 1.019296e-04 1.206656e-01 1.446358e+01 9.039375e+00 2.095697e+01 8444 3.378509e-02
600 1.657052e-03 -1.454789e-02 6.344802e-02 1.658885e-03 -1.451055e-02 6.351840e-02 4.317505e-01 9.091652e+00 1.696407e+01 1516 5.571623e-03
601 -5.683848e-03 -1.798845e-03 6.349886e-02 -5.670474e-03 -1.818303e-03 6.351241e-02 1.519002e+01 -2.208699e+01 1.537436e+01 1977 7.872971e-03
602 5.962187e-03 -2.498270e-03 6.346141e-02 5.945514e-03 -2.629273e-03 6.356897e-02 -1.006288e+00 -6.436419e+00 5.346713e+00 7765 3.008729e-02
603 -2.281240e-03 -3.500079e-03 6.342205e-02 -2.315379e-03 -3.666724e-03 6.352593e-02 -3.870273e+00 -1.899140e+01 1.186767e+01 18911 7.012399e-02
604 -3.526827e-03 -6.237815e-03 6.345999e-02 -3.705417e-03 -6.247213e-03 6.355651e-02 -1.237894e+01 -5.229197e-01 6.731488e+00 2334 8.020457e-03
605 -9.180781e-04 1.396522e-02 6.341013e-02 -7.833075e-04 1.409112e-02 6.355581e-02 1.238626e+01 1.133108e+01 1.337397e+01 7595 2.833080e-02
