/n/home03/calmiller/DSMC_Simulations/7_8_20_opaque_mesh/flow_4.00000_gap_0.00200_len_0.02000_T1_2.00000_T2_0.50000/data
running....
idx x y z xnext ynext znext vx vy vz collides time
187515 -2.216151e-02 1.457287e-03 2.964948e-01 -4.904122e-01 5.549900e-02 3.918431e+00 -4.476954e+00 5.166938e-01 3.462940e+01 1328 1.214742e-02
687552 -1.941178e-02 -1.702616e-02 6.515500e-02 -3.018093e-02 -2.614078e-02 6.396176e-02 -2.693369e+01 -2.279570e+01 -2.659149e+00 1933 8.240510e-03
125123 -1.201843e-02 -1.398920e-02 1.223193e-01 -2.770623e-02 -3.250769e-02 1.939116e-01 -3.373132e+00 -3.981777e+00 1.539351e+01 1978 9.579519e-03
187656 2.381001e-02 1.185581e-02 1.288143e-01 3.975919e-02 1.823020e-02 1.511970e-01 1.069592e+01 4.274822e+00 1.501043e+01 1364 8.218599e-03
125402 6.209126e-03 2.405934e-02 1.453683e-01 3.619854e-02 1.352059e-01 3.525935e-01 3.234587e+00 1.198800e+01 2.235082e+01 1670 9.413076e-03
688044 8.277460e-04 9.137480e-03 1.997776e-01 -1.853283e-02 8.832179e-03 3.891343e-01 -1.742667e+00 -2.748050e-02 1.704421e+01 2521 1.900370e-02
313102 -1.650329e-02 -4.682679e-03 9.373015e-02 -2.203394e-01 -6.579658e-02 2.000082e-01 -1.719820e+01 -5.156343e+00 8.966963e+00 2344 9.928932e-03
188111 2.473696e-03 -2.436431e-02 6.681263e-02 3.578637e-03 -3.224197e-02 6.631785e-02 3.325318e+00 -2.370779e+01 -1.489042e+00 1437 6.758762e-03
938204 -6.783871e-03 7.978854e-03 1.250723e-01 -4.766409e-02 6.248818e-02 4.207750e-01 -3.065468e+00 4.087467e+00 2.217373e+01 2019 1.097999e-02
313282 -1.606552e-02 -5.224476e-03 1.206092e-01 -2.019816e-01 -9.550283e-02 5.461499e-01 -8.666400e+00 -4.208287e+00 1.983640e+01 4594 2.099338e-02
438373 -5.048121e-04 1.620484e-02 1.256947e-01 -4.006077e-02 1.039475e-01 3.460443e-01 -3.075858e+00 6.822843e+00 1.713431e+01 3806 1.934804e-02
500968 -5.924266e-03 -7.028355e-03 1.707452e-01 -9.764508e-02 -4.195755e-02 8.314335e-01 -3.457669e+00 -1.316752e+00 2.490647e+01 1649 9.961966e-03
563577 -1.017699e-02 -4.250961e-03 1.033478e-01 -3.341626e-02 -8.356159e-03 1.426413e-01 -1.167057e+01 -2.061596e+00 1.973290e+01 2508 1.052409e-02
938828 1.649461e-02 8.480768e-03 1.007189e-01 8.739992e-02 4.067083e-02 1.660085e-01 1.648474e+01 7.483852e+00 1.517914e+01 3400 1.408398e-02
563835 8.103277e-03 1.389572e-02 1.142390e-01 3.855076e-02 7.060060e-02 1.947347e-01 5.711984e+00 1.063790e+01 1.510108e+01 1149 6.508548e-03
688912 4.254493e-04 1.898307e-02 1.305512e-01 4.246322e-02 4.670965e-01 1.121264e+00 1.274998e+00 1.359120e+01 3.004815e+01 2279 1.016607e-02
63937 -1.138009e-02 -7.029186e-03 9.911777e-02 -2.660535e-02 -1.627349e-02 1.208871e-01 -1.299096e+01 -7.887707e+00 1.857468e+01 1987 1.008901e-02
689013 -5.520353e-04 2.655779e-02 1.585233e-01 -2.906555e-02 1.959570e-01 6.053737e-01 -1.587379e+00 9.430643e+00 2.487666e+01 2043 1.101163e-02
314116 2.509763e-02 1.571109e-02 1.291430e-01 5.739450e-02 4.711921e-02 2.073469e-01 8.263313e+00 8.035925e+00 2.000886e+01 3633 1.692914e-02
689275 2.082715e-02 -2.823708e-03 9.934603e-02 7.545106e-02 5.071210e-03 1.281436e-01 1.585789e+01 2.291977e+00 8.360231e+00 2941 1.367659e-02
439545 -2.108005e-02 -2.826349e-03 1.489667e-01 -1.685404e-01 -3.743160e-03 5.279281e-01 -8.912462e+00 -5.541186e-02 2.290433e+01 1937 1.018621e-02
314539 5.229114e-03 -1.238383e-02 2.267478e-01 3.576037e-01 -3.719102e-01 6.493497e+00 1.767664e+00 -1.803541e+00 3.143674e+01 5151 2.464430e-02
439605 -5.252143e-03 3.366613e-04 1.050027e-01 -8.952144e-02 -5.712379e-03 4.812740e-01 -5.129438e+00 -3.682026e-01 2.290348e+01 1779 7.710062e-03
252092 1.402587e-02 -2.968044e-03 1.005054e-01 4.208177e-02 -1.428017e-02 1.305907e-01 1.709247e+01 -6.891675e+00 1.832886e+01 2466 1.029239e-02
189638 9.020174e-04 9.660572e-03 1.023406e-01 1.200671e-03 3.699517e-02 1.352488e-01 1.209334e-01 1.106857e+01 1.332549e+01 1608 9.723501e-03
752106 9.901878e-03 2.080133e-02 1.427316e-01 1.567430e-01 3.279965e-01 9.587201e-01 4.958917e+00 1.037417e+01 2.755644e+01 2807 1.353192e-02
252180 1.039998e-02 -1.799477e-03 1.029644e-01 5.424885e-02 -1.385026e-02 1.595012e-01 1.061082e+01 -2.916124e+00 1.368113e+01 2715 1.239607e-02
377258 1.617249e-02 2.428943e-03 1.058700e-01 6.660009e-02 8.673690e-03 1.643953e-01 1.101617e+01 1.364197e+00 1.278517e+01 3348 1.555231e-02
315020 9.857449e-03 -1.323149e-03 1.061587e-01 1.524281e-01 -1.204459e-02 4.070294e-01 1.161613e+01 -8.735428e-01 2.451382e+01 8186 3.350162e-02
315043 -6.292706e-03 -4.826522e-03 1.278999e-01 -2.837496e-02 -2.162034e-02 3.450020e-01 -3.018654e+00 -2.295723e+00 2.967796e+01 4553 1.813487e-02
127532 1.096639e-02 -8.715872e-04 1.001306e-01 5.075827e-02 8.095507e-03 1.695065e-01 1.078639e+01 2.430711e+00 1.880574e+01 1365 5.877773e-03
752567 1.609185e-02 3.834106e-03 1.484510e-01 2.456711e-01 1.202760e-01 1.040028e+00 7.122401e+00 3.612461e+00 2.766002e+01 2678 1.210198e-02
190174 1.387845e-02 9.316436e-03 1.033792e-01 3.715021e-02 3.198714e-02 1.448850e-01 7.527228e+00 7.332817e+00 1.342502e+01 4154 1.653848e-02
252720 -1.372145e-02 -1.965901e-02 1.356115e-01 -7.085329e-02 -8.509220e-02 3.131249e-01 -8.716670e+00 -9.983217e+00 2.708342e+01 4252 1.857006e-02
940380 -5.500893e-03 6.338946e-03 8.967836e-02 -1.348439e-01 9.733062e-02 1.796476e-01 -1.593608e+01 1.121089e+01 1.108492e+01 2239 9.861887e-03
753022 1.649897e-02 5.982477e-04 1.125160e-01 6.876363e-02 -8.830596e-03 1.966313e-01 1.221385e+01 -2.203449e+00 1.965710e+01 1565 1.079160e-02
878053 2.084976e-02 -1.512444e-02 1.802534e-01 2.011702e-01 -5.140025e-02 9.525638e-01 4.928580e+00 -9.915026e-01 2.110905e+01 4454 2.558772e-02
190678 1.482470e-02 -1.022669e-02 9.171166e-02 3.503468e-01 -2.858725e-01 2.619562e-01 1.189064e+01 -9.768667e+00 6.033331e+00 2521 1.138151e-02
690877 -1.976927e-02 1.345476e-02 1.375953e-01 -1.216742e-01 7.484738e-02 4.201154e-01 -6.590900e+00 3.970687e+00 1.827254e+01 4866 2.154315e-02
940877 -3.205035e-03 -2.549625e-02 1.486777e-01 -2.112400e-01 -1.298687e+00 2.762936e+00 -1.926563e+00 -1.179072e+01 2.421003e+01 5950 2.481432e-02
378301 -2.342973e-02 -7.085350e-04 1.143898e-01 -5.892267e-02 -5.691822e-03 1.651387e-01 -1.253855e+01 -1.760440e+00 1.792803e+01 1560 8.778295e-03
378331 5.743924e-03 1.497500e-02 2.562173e-01 5.821967e-01 5.325969e-01 4.720796e+00 2.704337e+00 2.428341e+00 2.094486e+01 3108 2.111097e-02
816075 2.055332e-03 -1.278020e-02 1.070106e-01 1.563423e-02 -5.613288e-02 1.719319e-01 3.789952e+00 -1.209999e+01 1.811992e+01 3840 1.588563e-02
628605 -2.482141e-03 -9.747372e-03 1.114581e-01 -2.303426e-02 -2.019573e-01 7.198299e-01 -8.559582e-01 -8.005192e+00 2.533757e+01 2748 1.134974e-02
754038 -4.208111e-03 5.087154e-03 1.393617e-01 -3.713593e-02 3.013859e-02 4.109030e-01 -2.686525e+00 2.043904e+00 2.215459e+01 1663 9.818797e-03
441884 1.526588e-03 1.100771e-02 1.124364e-01 1.002488e-02 2.855961e-02 1.588976e-01 4.464090e+00 9.219882e+00 2.440572e+01 1698 7.899904e-03
254381 -6.436311e-03 1.384126e-02 1.119263e-01 -1.447843e-02 4.484029e-02 1.743014e-01 -2.034463e+00 7.842012e+00 1.577939e+01 1977 1.047869e-02
6867 1.210584e-02 -1.327202e-02 1.142225e-01 9.509550e-02 -1.316637e-01 3.505226e-01 6.057543e+00 -8.641591e+00 1.724791e+01 3753 1.521125e-02
442422 -2.540640e-03 1.282552e-02 9.880568e-02 -2.840786e-03 3.130604e-02 1.210840e-01 -2.019306e-01 1.243323e+01 1.498829e+01 1966 8.551828e-03
442433 1.082490e-02 2.056207e-02 1.015391e-01 3.707413e-01 6.856342e-01 5.702273e-01 9.931962e+00 1.835279e+01 1.293354e+01 5587 2.242416e-02
192343 -1.259826e-02 1.902386e-02 1.859352e-01 -1.221771e-01 1.540154e-01 9.659494e-01 -4.170955e+00 5.138254e+00 2.969009e+01 1988 1.221218e-02
379776 -1.429306e-02 5.768210e-03 1.884642e-01 -8.601011e-02 1.330197e-03 9.989242e-01 -1.958572e+00 -1.212009e-01 2.213343e+01 1953 1.415732e-02
442712 4.475608e-03 -2.163903e-02 1.937493e-01 2.032576e-01 -2.006296e-01 1.293825e+00 2.940183e+00 -2.647449e+00 1.627122e+01 1458 1.413125e-02
129973 -1.368296e-02 -4.576740e-03 1.150112e-01 -3.024801e-01 -9.337325e-02 8.417457e-01 -9.105878e+00 -2.799786e+00 2.291420e+01 5045 2.006040e-02
380222 -1.786192e-03 2.894577e-02 1.175237e-01 -6.812955e-02 5.932925e-01 7.922034e-01 -1.666195e+00 1.417342e+01 1.694440e+01 5832 2.408733e-02
505493 -1.180349e-02 -3.307446e-03 1.008590e-01 -4.481897e-02 -6.870135e-03 1.536191e-01 -1.168634e+01 -1.261069e+00 1.867527e+01 4462 1.989958e-02
318301 -1.348828e-02 -6.259722e-03 1.047482e-01 -8.027927e-02 -4.936610e-02 2.329193e-01 -7.855322e+00 -5.069763e+00 1.507427e+01 4319 2.000111e-02
8444 1.866066e-02 -9.840055e-03 1.517562e-01 5.587369e-01 -3.795355e-01 1.925860e+00 7.661465e+00 -5.244461e+00 2.516724e+01 3088 1.473939e-02
130687 2.172338e-02 5.178657e-03 1.101529e-01 9.066292e-02 2.916843e-02 1.698809e-01 1.391924e+01 4.843656e+00 1.205937e+01 1672 9.969009e-03
880711 -4.263313e-03 2.358522e-02 1.120332e-01 -2.482855e-02 8.237593e-02 1.811029e-01 -5.418795e+00 1.549094e+01 1.819938e+01 2172 1.094719e-02
568239 -1.961654e-02 -2.172020e-02 2.043160e-01 -3.920354e-02 -5.450143e-02 3.594546e-01 -3.050377e+00 -5.105179e+00 2.416047e+01 3622 1.963241e-02
693601 -2.419579e-02 3.566008e-03 6.627425e-02 -3.381394e-02 8.516900e-03 6.739107e-02 -3.525761e+01 1.814865e+01 4.093949e+00 8974 3.418843e-02
8646 -4.490823e-03 -9.790154e-03 1.018753e-01 -2.228513e-02 -7.106135e-02 2.328700e-01 -2.362981e+00 -8.136462e+00 1.739534e+01 4444 1.727946e-02
8737 9.608008e-03 1.988535e-02 1.273584e-01 1.769294e-02 3.695666e-02 1.633133e-01 5.627978e+00 1.188346e+01 2.502847e+01 2128 1.067044e-02
818906 -9.705544e-03 7.888187e-04 9.796694e-02 -3.480753e-02 -2.582177e-03 1.320335e-01 -1.370067e+01 -1.839890e+00 1.859354e+01 4334 1.957815e-02
256042 -1.183925e-02 2.630376e-02 1.721461e-01 -2.289670e-02 6.484381e-02 2.910297e-01 -2.624772e+00 9.148480e+00 2.822009e+01 1241 8.981450e-03
943857 8.245321e-03 1.400367e-02 9.918715e-02 3.517403e-02 4.273874e-02 1.270368e-01 1.107083e+01 1.181345e+01 1.144943e+01 2182 9.591863e-03
756026 7.899086e-03 -6.178631e-03 9.986468e-02 4.691472e-02 -2.943979e-02 1.677893e-01 8.836191e+00 -5.268146e+00 1.538345e+01 2808 1.103501e-02
819064 -1.413860e-03 8.102967e-03 9.880992e-02 1.473726e-03 3.890081e-02 1.771828e-01 1.134423e+00 1.209930e+01 3.078971e+01 1323 6.224637e-03
694384 -1.657008e-02 4.244491e-03 1.281639e-01 -2.799431e-01 1.096078e-01 7.516652e-01 -8.856677e+00 3.543146e+00 2.096703e+01 4884 2.108230e-02
131575 -5.568314e-03 1.621443e-02 1.458963e-01 -2.513782e-02 9.445909e-02 3.924321e-01 -1.880436e+00 7.518538e+00 2.368965e+01 3063 1.406039e-02
444781 2.344599e-04 9.534265e-03 9.306902e-02 -1.284034e-02 6.948286e-02 1.372381e-01 -3.773206e+00 1.730034e+01 1.274659e+01 1495 6.689321e-03
757074 -1.673807e-02 -2.011103e-02 1.064318e-01 -3.825083e-02 -4.750307e-02 1.384639e-01 -8.095598e+00 -1.030806e+01 1.205421e+01 2051 1.061270e-02
10833 6.601273e-04 -8.827146e-03 9.173617e-02 5.898967e-03 -3.773160e-02 8.957747e-02 3.601418e+00 -1.987024e+01 -1.483990e+00 5482 2.163676e-02
194912 -1.262569e-02 3.828906e-03 1.198156e-01 -2.095045e-01 8.220770e-02 6.715814e-01 -1.187072e+01 4.725816e+00 3.326849e+01 849 4.273898e-03
70210 1.858095e-02 -6.056033e-03 1.157134e-01 4.167214e-01 -1.987244e-01 8.019661e-01 1.227558e+01 -5.940405e+00 2.115874e+01 1313 6.750588e-03
132362 7.402175e-03 1.293516e-02 9.978607e-02 3.112394e-02 6.912301e-02 1.624399e-01 6.793989e+00 1.609238e+01 1.794426e+01 2055 8.510695e-03
445247 1.282620e-03 8.307909e-03 9.353970e-02 8.078676e-03 2.968604e-02 1.209667e-01 4.355045e+00 1.369952e+01 1.757575e+01 3544 1.455323e-02
11047 1.584649e-02 1.634300e-02 1.184908e-01 3.031952e-01 2.778482e-01 6.125108e-01 1.277226e+01 1.162355e+01 2.195852e+01 1040 5.658543e-03
507786 4.721729e-03 1.683148e-02 1.076379e-01 7.267829e-03 6.283841e-02 1.703817e-01 7.734709e-01 1.397629e+01 1.906071e+01 3409 1.621786e-02
820533 7.682693e-03 -3.213450e-04 1.120728e-01 6.162689e-02 -1.898347e-02 3.152027e-01 6.077210e+00 -2.102425e+00 2.288408e+01 4756 1.929806e-02
320387 4.855341e-03 -8.637081e-03 1.143865e-01 3.524877e-02 -7.275398e-02 3.446590e-01 2.090483e+00 -4.410010e+00 1.583832e+01 1133 6.641840e-03
757525 -7.951817e-03 -8.040362e-03 1.316015e-01 -2.336578e-02 -2.114652e-02 2.536858e-01 -4.079381e+00 -3.468611e+00 3.231024e+01 2762 1.242818e-02
132631 -1.621736e-02 1.772688e-02 1.128444e-01 -3.992029e-02 4.577874e-02 1.583710e-01 -8.769534e+00 1.037854e+01 1.684377e+01 983 6.969529e-03
70599 -1.329637e-02 -2.270696e-03 1.176020e-01 -1.212914e-01 -2.331036e-02 4.344204e-01 -9.221071e+00 -1.796456e+00 2.705130e+01 2465 1.125980e-02
695770 1.526424e-02 1.984075e-02 1.370873e-01 2.508720e-01 4.451866e-01 9.400315e-01 4.833838e+00 8.726593e+00 1.647357e+01 3860 1.982502e-02
195470 -1.477126e-02 3.168132e-03 1.196847e-01 -4.405342e-02 7.144959e-03 1.868639e-01 -1.293882e+01 1.757230e+00 2.968428e+01 1179 7.381625e-03
70903 4.595157e-03 1.026984e-02 1.031286e-01 1.250821e-02 3.009717e-02 1.421242e-01 4.804117e+00 1.203744e+01 2.367471e+01 1258 5.916236e-03
757992 1.522537e-02 -3.166143e-03 1.073657e-01 7.010267e-02 -2.007696e-02 1.932282e-01 9.195804e+00 -2.833751e+00 1.438799e+01 2792 1.512417e-02
445958 2.855492e-03 -1.854409e-02 1.378206e-01 6.244414e-02 -2.127056e-01 5.775055e-01 2.258086e+00 -7.357667e+00 1.666167e+01 3396 1.693295e-02
696285 -2.766901e-02 -6.688317e-03 6.616191e-02 -3.632685e-02 -1.051781e-02 6.712619e-02 -2.856174e+01 -1.263330e+01 3.181115e+00 4987 2.071317e-02
383362 -5.169026e-03 -1.373401e-02 9.767155e-02 -1.521590e-02 -1.144434e-01 1.857738e-01 -2.302613e+00 -2.308130e+01 2.019191e+01 3234 1.627848e-02
633880 1.295113e-02 1.397987e-02 9.997876e-02 8.424506e-02 1.008748e-01 1.743616e-01 6.782388e+00 8.266555e+00 7.076242e+00 3631 1.705448e-02
258430 -1.320644e-02 2.285593e-02 1.967568e-01 -1.306528e-01 2.779777e-01 2.147595e+00 -1.323847e+00 2.875714e+00 2.198971e+01 2648 1.677184e-02
696565 -2.560978e-02 -1.645883e-03 1.267555e-01 -5.409499e-02 -2.551231e-03 1.704874e-01 -1.563018e+01 -4.967750e-01 2.399619e+01 1931 1.013058e-02
758581 2.509062e-04 -9.323891e-03 1.074618e-01 2.190154e-03 -7.100355e-02 2.294974e-01 2.540454e-01 -8.080160e+00 1.598691e+01 3010 1.534386e-02
883750 -2.512511e-02 6.473944e-03 1.420955e-01 -7.445977e-01 2.773071e-01 1.639377e+00 -8.885055e+00 3.344627e+00 1.849053e+01 3571 1.692080e-02
571382 2.376727e-02 6.817691e-04 9.977939e-02 1.880537e-01 -2.453064e-03 2.008103e-01 2.541782e+01 -4.850105e-01 1.563115e+01 2340 9.729483e-03
259038 -2.099542e-02 1.760304e-02 1.214281e-01 -1.245034e-01 8.277860e-02 3.027353e-01 -8.829306e+00 5.559521e+00 1.546563e+01 3310 1.560108e-02
822230 -8.051688e-03 -3.642856e-03 9.422392e-02 -5.727512e-02 -4.184985e-02 1.675067e-01 -1.141517e+01 -8.860403e+00 1.699466e+01 2437 9.902628e-03
947092 7.739923e-03 -1.189263e-02 1.085589e-01 2.599085e-02 -5.138205e-02 1.716943e-01 4.581126e+00 -9.912154e+00 1.584748e+01 2320 1.053230e-02
447153 -3.099013e-03 1.590484e-02 1.056101e-01 -1.876748e-02 5.622271e-02 1.738351e-01 -5.602715e+00 1.441682e+01 2.439579e+01 5703 2.253423e-02
634816 1.169888e-03 7.023642e-03 9.519804e-02 2.721957e-02 8.598991e-02 1.659930e-01 4.270462e+00 1.294536e+01 1.160579e+01 2226 1.097139e-02
14237 -3.797859e-03 4.228355e-03 1.195903e-01 -2.018936e-02 2.286501e-02 2.138912e-01 -3.187017e+00 3.623545e+00 1.833501e+01 4391 1.952749e-02
572129 -6.616590e-03 9.250641e-03 1.352226e-01 -1.763839e-01 1.605990e-01 1.305294e+00 -4.662392e+00 4.156543e+00 3.213416e+01 3136 1.304754e-02
384812 -1.255889e-02 -5.002220e-03 1.273106e-01 -1.700556e-01 -2.272383e-02 6.106562e-01 -7.996311e+00 -8.997488e-01 2.454007e+01 7089 2.727459e-02
823028 -1.133301e-02 -1.343082e-02 1.043276e-01 -3.387331e-02 -3.258427e-02 1.423791e-01 -5.790257e+00 -4.920229e+00 9.774846e+00 1616 8.009949e-03
572449 1.043503e-02 -1.169430e-02 1.243008e-01 1.326553e-01 -1.285649e-01 6.221048e-01 6.923710e+00 -6.620651e+00 2.820031e+01 3883 1.706897e-02
948070 6.334755e-03 -6.610804e-03 1.408854e-01 2.227501e-02 -5.432680e-02 5.897420e-01 7.534538e-01 -2.255409e+00 2.121627e+01 3633 1.746838e-02
948110 1.309320e-02 -1.642885e-02 1.021675e-01 1.791040e-01 -1.739525e-01 2.550513e-01 1.305617e+01 -1.238869e+01 1.202378e+01 3889 1.943007e-02
885262 2.885587e-02 7.274467e-03 1.452276e-01 8.004371e-02 1.837012e-02 2.663127e-01 1.036890e+01 2.247598e+00 2.452769e+01 2980 1.398436e-02
448359 -7.275551e-03 -2.045588e-02 9.083273e-02 -3.231819e-02 -1.367079e-01 1.143315e-01 -5.290950e+00 -2.456145e+01 4.964754e+00 1111 4.823649e-03
198054 -6.966235e-03 1.281687e-02 1.338659e-01 -9.506723e-02 1.952396e-01 1.004333e+00 -2.811512e+00 5.821543e+00 2.777866e+01 1785 9.510418e-03
573005 1.724142e-02 1.564125e-02 1.415370e-01 7.464481e-02 7.028996e-02 3.919950e-01 4.879060e+00 4.644923e+00 2.128794e+01 2437 1.400826e-02
698643 1.042565e-02 -2.422500e-02 9.888015e-02 1.160181e-01 -1.744926e-01 1.870058e-01 8.031718e+00 -1.142986e+01 6.703134e+00 2843 1.298763e-02
385631 -4.165187e-04 1.230741e-02 1.036012e-01 -1.919472e-02 1.307274e-01 2.700939e-01 -1.838708e+00 1.159535e+01 1.630248e+01 3650 1.505010e-02
74135 -6.489051e-03 1.135417e-02 1.255749e-01 -2.988012e-02 8.328876e-02 3.412185e-01 -2.095848e+00 6.445364e+00 1.932174e+01 1613 8.740874e-03
324043 2.104966e-02 -7.243545e-03 1.091690e-01 3.367344e-02 -1.097812e-02 1.231663e-01 1.669132e+01 -4.937899e+00 1.850742e+01 1933 9.942250e-03
699254 -1.428757e-02 -2.096470e-02 1.472832e-01 -3.660944e-01 -4.791609e-01 1.410095e+00 -5.197424e+00 -6.769169e+00 1.865617e+01 1474 9.653953e-03
636804 -1.166409e-02 1.687420e-02 1.013010e-01 -1.911648e-02 2.646361e-02 1.128660e-01 -9.720410e+00 1.250781e+01 1.508455e+01 5181 2.114427e-02
16757 -9.317248e-03 2.786055e-03 1.204778e-01 -1.733965e-01 1.076446e-02 5.818783e-01 -1.034658e+01 5.031060e-01 2.909521e+01 2248 1.045819e-02
74305 -1.436282e-02 2.479038e-02 1.715276e-01 -2.021765e-02 5.203699e-02 2.620383e-01 -1.353320e+00 6.297946e+00 2.092119e+01 3126 1.653028e-02
16982 4.213510e-03 8.709271e-03 1.904945e-01 9.217209e-04 3.496295e-02 3.830263e-01 -2.962680e-01 2.362887e+00 1.732827e+01 1586 1.404236e-02
136410 8.552538e-03 -1.199340e-02 2.458121e-01 1.814476e-01 -1.884391e-01 4.743110e+00 7.162164e-01 -7.309249e-01 1.863002e+01 2866 1.930140e-02
449530 -1.093260e-03 -9.253450e-03 1.076103e-01 -1.294076e-02 -3.296329e-02 2.047051e-01 -3.655757e+00 -7.316093e+00 2.996032e+01 7942 2.930665e-02
386510 -6.613979e-03 1.183572e-02 1.122198e-01 -4.920795e-02 4.350225e-02 2.102070e-01 -8.122702e+00 6.038831e+00 1.868625e+01 5035 2.041622e-02
261529 1.140339e-02 9.424032e-03 9.729458e-02 7.706426e-02 4.395170e-02 1.551908e-01 1.169955e+01 6.152193e+00 1.031604e+01 2952 1.355185e-02
136543 8.366184e-03 7.938884e-03 1.277623e-01 3.535234e-02 3.964201e-02 2.488227e-01 4.851650e+00 5.699679e+00 2.176459e+01 2071 1.135275e-02
17291 -1.162184e-02 -1.221423e-02 1.374644e-01 -1.261612e-01 -1.225363e-01 7.400360e-01 -5.049450e+00 -4.863532e+00 2.656428e+01 3020 1.512404e-02
824859 -1.228724e-02 -6.211818e-03 1.045909e-01 -3.794823e-02 -1.170718e-02 1.483739e-01 -5.964128e+00 -1.277232e+00 1.017603e+01 2083 1.205387e-02
17443 -8.276619e-03 -2.493027e-02 1.031681e-01 -1.134918e-02 -3.180961e-02 1.080071e-01 -4.835547e+00 -1.082660e+01 7.615557e+00 1149 6.753175e-03
199511 -5.103493e-03 3.056893e-03 8.885201e-02 -4.525985e-02 8.255600e-03 1.177443e-01 -1.898939e+01 2.458397e+00 1.366277e+01 2726 1.087988e-02
324980 1.954203e-02 -1.130553e-02 6.585795e-02 2.830440e-02 -1.516218e-02 6.660695e-02 1.506169e+01 -6.629221e+00 1.287454e+00 2030 8.527640e-03
574705 8.300517e-03 5.546185e-03 1.098676e-01 3.159599e-02 1.883192e-02 1.547811e-01 1.073558e+01 6.122655e+00 2.069813e+01 2103 1.134800e-02
637991 2.542735e-03 -1.319117e-02 1.018863e-01 1.285593e-02 -6.730442e-02 1.602792e-01 2.548264e+00 -1.337072e+01 1.442816e+01 3849 1.750740e-02
200129 -5.449395e-03 5.173274e-03 1.099549e-01 -1.741154e-02 2.542801e-02 1.875686e-01 -3.037122e+00 5.142566e+00 1.970569e+01 2474 1.062652e-02
700692 1.502870e-02 1.486405e-02 1.601122e-01 2.109119e-01 1.431369e-01 9.754510e-01 5.170532e+00 3.385890e+00 2.152168e+01 3141 1.534174e-02
950582 1.689157e-02 -1.011551e-02 1.318460e-01 1.388626e-01 -8.242462e-02 4.111768e-01 7.578091e+00 -4.492585e+00 1.735490e+01 1619 1.019112e-02
262624 1.666311e-02 2.201567e-02 1.307599e-01 1.486729e-01 1.889274e-01 4.818839e-01 6.228196e+00 7.874866e+00 1.656596e+01 904 7.057353e-03
887829 -1.852929e-02 9.391178e-03 1.116677e-01 -7.323534e-02 4.546337e-02 1.786125e-01 -1.491957e+01 9.837695e+00 1.825733e+01 3145 1.386988e-02
387870 2.535947e-02 -8.532988e-04 1.014087e-01 1.485187e-01 2.126409e-02 1.713646e-01 1.616258e+01 2.902536e+00 9.180533e+00 1753 8.755808e-03
325836 6.324080e-03 -6.114834e-03 9.306066e-02 3.755356e-02 -3.472367e-02 1.304654e-01 7.702128e+00 -7.055797e+00 9.225139e+00 2042 9.335575e-03
638557 8.140588e-03 7.729336e-03 9.533941e-02 2.424253e-02 2.617788e-02 1.287418e-01 7.887665e+00 9.037167e+00 1.636241e+01 1149 5.716977e-03
638570 1.954201e-02 1.600294e-02 2.239369e-01 1.019159e-01 1.095198e-01 8.937275e-01 3.211074e+00 3.645444e+00 2.610957e+01 1728 1.233766e-02
451061 3.160063e-03 -5.021389e-03 1.031401e-01 3.540236e-02 -2.697952e-02 2.284077e-01 4.967331e+00 -3.382926e+00 1.929906e+01 4032 1.585232e-02
701393 3.546752e-03 -2.028413e-02 2.060184e-01 3.377082e-03 -3.442994e-02 2.663641e-01 -6.099706e-02 -5.085470e+00 2.169450e+01 1404 1.232141e-02
263208 -3.094168e-03 7.251616e-03 1.070938e-01 -3.065941e-02 3.921350e-02 2.421868e-01 -3.553935e+00 4.120785e+00 1.741728e+01 2144 9.992541e-03
763177 1.025948e-02 -8.970602e-03 1.130178e-01 1.359426e-01 -7.490776e-02 3.563622e-01 1.079374e+01 -5.662721e+00 2.089856e+01 2042 9.450224e-03
513803 -1.311457e-02 7.068168e-03 1.294728e-01 -4.757571e-02 3.544954e-02 2.316364e-01 -6.596837e+00 5.432997e+00 1.955700e+01 3849 1.730022e-02
763294 1.732458e-02 -7.136808e-03 1.119771e-01 3.551277e-02 -1.512697e-02 1.469720e-01 1.166153e+01 -5.122968e+00 2.243729e+01 843 4.848895e-03
201159 9.228641e-03 4.814997e-03 1.257570e-01 7.613989e-02 3.372566e-02 4.383699e-01 4.319037e+00 1.866147e+00 2.017877e+01 3969 1.816410e-02
138428 -2.667371e-02 -1.797341e-03 6.863707e-02 -5.406837e-02 -1.785708e-03 7.684575e-02 -3.903475e+01 1.657494e-02 1.169658e+01 3073 1.233142e-02
388504 -1.488979e-02 2.169236e-02 1.027490e-01 -4.700215e-02 7.977901e-02 1.494106e-01 -9.005851e+00 1.629029e+01 1.308616e+01 3064 1.751564e-02
201255 -9.602241e-03 -8.829956e-03 1.058576e-01 -2.323694e-02 -2.035003e-02 1.337382e-01 -1.138669e+01 -9.620703e+00 2.328382e+01 2719 1.203477e-02
263553 2.226781e-03 -1.487124e-02 1.609451e-01 4.873569e-02 -1.812047e-01 8.415933e-01 1.715574e+00 -6.135543e+00 2.510707e+01 2101 1.107266e-02
201384 -6.321185e-03 8.512258e-03 1.166169e-01 -1.507973e-02 2.968142e-02 1.815397e-01 -2.716267e+00 6.565144e+00 2.013436e+01 3054 1.483735e-02
326647 8.010809e-03 -8.548377e-03 9.517527e-02 2.449037e-02 -4.202186e-02 1.259302e-01 6.619914e+00 -1.344645e+01 1.235440e+01 1073 5.896140e-03
763670 4.682570e-03 -1.494158e-03 1.037587e-01 3.156950e-02 -1.083488e-02 2.293550e-01 4.804485e+00 -1.669114e+00 2.244307e+01 2185 9.763967e-03
326780 -6.575216e-03 1.457314e-02 1.579114e-01 -2.925799e-02 4.109995e-01 1.635066e+00 -3.838587e-01 6.708691e+00 2.499777e+01 2454 1.271244e-02
76979 -1.964295e-02 -4.749980e-03 9.929925e-02 -5.676522e-02 -1.809976e-02 1.262502e-01 -1.777525e+01 -6.392271e+00 1.290493e+01 2074 9.191560e-03
77270 2.651172e-02 3.009151e-03 1.327296e-01 1.362594e-01 3.894384e-03 3.182950e-01 1.174393e+01 9.472737e-02 1.985705e+01 2074 1.067168e-02
201949 6.331616e-05 1.324496e-02 9.851033e-02 -5.201003e-03 2.960612e-02 1.167459e-01 -4.259691e+00 1.323883e+01 1.475555e+01 2761 1.134302e-02
202018 7.071946e-03 7.727433e-04 9.391434e-02 3.718413e-02 9.021353e-03 1.183595e-01 2.054778e+01 5.628640e+00 1.668076e+01 4752 1.791151e-02
21589 -5.834644e-03 -2.089998e-04 1.948382e-01 -3.177436e-02 -2.109105e-02 6.398038e-01 -1.285055e+00 -1.034498e+00 2.204361e+01 1489 1.274459e-02
889746 1.580734e-02 -2.231484e-02 6.944011e-02 2.037349e-02 -2.718279e-02 7.403753e-02 2.094940e+01 -2.233407e+01 2.109291e+01 2448 1.206448e-02
889864 -1.416527e-02 1.958277e-02 1.661169e-01 -2.056594e-01 1.981804e-01 1.031856e+00 -5.177397e+00 4.828717e+00 2.340686e+01 2514 1.392304e-02
828222 6.367632e-03 2.916587e-02 1.280603e-01 7.322836e-02 2.108536e-01 4.409303e-01 3.818271e+00 1.037579e+01 1.786733e+01 1351 8.243658e-03
265237 -8.350781e-03 -3.297356e-03 1.265922e-01 -4.199908e-02 3.655707e-03 3.458161e-01 -3.505260e+00 7.243245e-01 2.283732e+01 1748 9.515410e-03
203098 -3.949257e-03 1.160402e-02 1.248079e-01 -4.115462e-02 6.441730e-02 3.819047e-01 -3.238577e+00 4.597184e+00 2.237924e+01 1946 1.043311e-02
703709 -1.113760e-02 -1.079195e-02 1.128963e-01 -3.357794e-02 -2.974331e-02 1.811416e-01 -5.683100e+00 -4.799503e+00 1.728337e+01 2230 1.278688e-02
328437 -1.177690e-02 7.803419e-03 1.064932e-01 -5.110518e-02 5.048262e-02 2.110188e-01 -7.921379e+00 8.596311e+00 2.105322e+01 2434 1.146041e-02
890484 5.264637e-03 6.093701e-03 9.435359e-02 4.697589e-02 4.024041e-02 1.537945e-01 1.262050e+01 1.033171e+01 1.798492e+01 2276 8.703432e-03
953631 2.537796e-03 -2.922370e-02 2.702739e-01 7.924186e-02 -1.955374e+00 9.248655e+00 1.887729e-01 -4.740360e+00 2.209628e+01 1946 1.877103e-02
390612 -1.513872e-02 -6.877445e-03 1.244412e-01 -1.177572e-01 -5.429043e-02 4.148000e-01 -9.108612e+00 -4.208467e+00 2.577280e+01 2431 1.102842e-02
704130 -5.660531e-03 1.517296e-02 2.171466e-01 -3.654810e-01 4.424906e-01 4.977092e+00 -2.082069e+00 2.472635e+00 2.754299e+01 833 8.186075e-03
390782 9.070551e-03 4.323409e-05 1.257485e-01 4.516972e-02 -1.267973e-02 3.016064e-01 4.744913e+00 -1.672320e+00 2.311496e+01 3535 2.022293e-02
829269 2.236185e-02 5.109404e-03 1.307648e-01 2.959617e-01 4.299603e-02 5.947258e-01 1.198928e+01 1.660211e+00 2.033100e+01 1323 8.302714e-03
140816 7.612791e-03 9.916234e-03 9.755074e-02 2.134721e-02 2.202453e-02 1.176313e-01 6.695430e+00 5.902705e+00 9.789147e+00 3498 1.396095e-02
829391 -1.100106e-02 -3.972989e-03 9.520791e-02 -4.771035e-02 -2.386929e-02 1.369268e-01 -1.405925e+01 -7.620061e+00 1.597788e+01 3711 1.505780e-02
891051 -2.230112e-02 1.219511e-03 1.287667e-01 -4.168832e-02 -5.959746e-04 1.637597e-01 -9.174492e+00 -8.591319e-01 1.655955e+01 1553 1.015058e-02
578534 1.360829e-02 1.487293e-02 1.151846e-01 9.843846e-02 1.291494e-01 3.377071e-01 1.040165e+01 1.401227e+01 2.728512e+01 4814 2.086296e-02
391091 -2.179428e-02 -5.433973e-03 9.642574e-02 -2.729249e-01 -8.085662e-02 2.388414e-01 -2.296057e+01 -6.895801e+00 1.302089e+01 1673 7.169379e-03
891175 1.477022e-02 -2.387286e-02 1.442401e-01 1.353852e-01 -1.360747e-01 4.036869e-01 6.618792e+00 -6.157120e+00 1.423724e+01 3708 1.946027e-02
454415 4.956464e-03 1.316247e-02 1.094512e-01 5.585381e-02 2.211453e-01 3.770712e-01 2.836963e+00 1.159274e+01 1.491685e+01 1948 9.579731e-03
578719 1.995905e-03 1.202451e-02 1.066028e-01 1.589767e-02 3.148101e-02 1.825764e-01 3.926257e+00 5.495074e+00 2.145713e+01 2564 1.316767e-02
642156 -1.057704e-02 -2.398874e-02 6.566397e-02 -1.989756e-02 -3.772481e-02 6.698068e-02 -2.000325e+01 -2.947969e+01 2.825872e+00 2040 1.179380e-02
454665 -4.443697e-03 1.884393e-02 1.047222e-01 -2.146190e-02 6.160111e-02 1.514141e-01 -6.987826e+00 1.755648e+01 1.917209e+01 1214 6.271196e-03
141407 3.635674e-03 7.963933e-03 9.511107e-02 5.038727e-02 6.645631e-02 1.729442e-01 7.482627e+00 9.361747e+00 1.245725e+01 6212 2.430955e-02
454949 1.304425e-02 -9.748435e-03 9.384033e-02 9.896713e-02 -6.413157e-02 1.404670e-01 1.840440e+01 -1.164869e+01 9.987291e+00 2838 1.161728e-02
766560 1.177026e-02 -1.443754e-02 9.993129e-02 9.727962e-02 -8.381479e-02 2.240635e-01 1.325777e+01 -1.075658e+01 1.924605e+01 2347 1.024811e-02
705129 -8.855569e-03 2.195273e-02 2.352389e-01 -5.855233e-03 4.213471e-02 5.232473e-01 2.272906e-01 1.528887e+00 2.181810e+01 1035 1.198554e-02
80072 3.979489e-03 -1.101401e-02 1.151986e-01 1.351877e-02 -3.441088e-02 2.124639e-01 2.164835e+00 -5.309663e+00 2.207331e+01 2227 1.102690e-02
266821 6.610948e-05 2.756411e-02 6.814183e-02 -3.052644e-03 3.402833e-02 6.951744e-02 -1.559110e+01 3.231557e+01 6.876910e+00 4136 1.761575e-02
579605 -6.068894e-03 -2.250203e-02 1.985915e-01 -2.624468e-01 -3.184930e-01 2.229118e+00 -2.942446e+00 -3.397085e+00 2.330433e+01 1269 1.073544e-02
392168 -5.301373e-03 1.516954e-02 1.076761e-01 -4.962987e-02 1.111452e-01 2.922914e-01 -6.317676e+00 1.367841e+01 2.631129e+01 2527 1.233863e-02
517980 6.039009e-03 -3.044461e-03 1.364077e-01 5.929361e-02 -9.017061e-02 7.580133e-01 2.216532e+00 -3.626313e+00 2.587210e+01 1371 1.032574e-02
80601 -1.698518e-02 -1.526103e-02 1.177626e-01 -4.679654e-01 -4.265010e-01 1.171511e+00 -1.257300e+01 -1.146507e+01 2.937774e+01 1098 5.697504e-03
831263 2.299948e-04 7.501233e-03 1.091763e-01 1.416450e-02 6.033847e-02 2.502873e-01 2.060334e+00 7.812431e+00 2.086445e+01 2016 9.530089e-03
831302 1.360894e-02 1.298343e-02 1.200462e-01 8.231170e-02 7.665498e-02 2.891236e-01 1.011341e+01 9.372790e+00 2.488908e+01 2005 1.000158e-02
81038 -1.121163e-03 1.713289e-02 1.044433e-01 -2.666734e-03 4.898676e-02 1.457151e-01 -3.930379e-01 8.100424e+00 1.049540e+01 3632 1.622150e-02
26659 -1.417039e-02 2.118210e-03 9.658308e-02 -6.101403e-02 1.502213e-02 1.304943e-01 -1.904179e+01 5.245403e+00 1.378482e+01 2298 9.734293e-03
580425 1.050287e-02 5.028351e-03 1.031070e-01 1.681923e-01 8.568968e-02 4.532377e-01 1.045584e+01 5.348372e+00 2.321595e+01 5909 2.279876e-02
706602 -2.388001e-02 6.737411e-03 1.246918e-01 -1.287272e-01 3.034228e-02 3.045636e-01 -1.264918e+01 2.847786e+00 2.170046e+01 4889 1.968334e-02
268169 -7.290820e-03 2.112862e-02 1.040508e-01 -6.698456e-02 1.483768e-01 2.218072e-01 -8.009506e+00 1.707373e+01 1.580015e+01 4837 1.955355e-02
205971 1.824001e-03 -1.027319e-02 8.847952e-02 -4.640709e-03 -3.201688e-02 1.021913e-01 -5.337554e+00 -1.795256e+01 1.132105e+01 4996 2.322128e-02
143237 1.159384e-02 6.068590e-04 1.048616e-01 4.446000e-02 -1.967578e-03 1.632637e-01 9.107522e+00 -7.134006e-01 1.618378e+01 4741 1.942136e-02
580762 1.504815e-02 -1.163690e-02 1.092008e-01 1.952634e-01 -1.557765e-01 3.923080e-01 1.177413e+01 -9.417175e+00 1.849645e+01 1379 6.354515e-03
706757 -8.660754e-03 1.490226e-02 1.445043e-01 -6.652403e-02 1.085744e-01 4.115247e-01 -4.501456e+00 7.287200e+00 2.077277e+01 1897 1.022173e-02
268350 1.457813e-02 -8.375570e-03 9.547166e-02 5.990793e-02 -2.707775e-02 1.199307e-01 1.834392e+01 -7.568338e+00 9.898002e+00 4767 1.826670e-02
956754 -6.789948e-03 2.769963e-02 1.611385e-01 -3.179131e-02 3.796949e-01 1.067772e+00 -5.914734e-01 8.327381e+00 2.144881e+01 4834 2.426434e-02
27577 1.318036e-02 2.376632e-02 1.099481e-01 2.403750e-02 4.241007e-02 1.278289e-01 5.204340e+00 8.936827e+00 8.571096e+00 2336 1.223503e-02
644512 -1.052426e-02 2.310881e-02 6.751865e-02 -2.154863e-02 4.776515e-02 7.181651e-02 -1.474570e+01 3.297922e+01 5.748618e+00 2150 1.100426e-02
27848 2.115058e-02 1.600401e-02 1.258717e-01 1.947012e-01 1.300520e-01 4.608895e-01 1.023949e+01 6.728833e+00 1.976606e+01 1586 1.088323e-02
707211 1.899630e-03 1.094884e-02 1.069065e-01 1.305392e-02 3.283693e-02 1.777779e-01 2.715490e+00 5.328612e+00 1.725350e+01 1310 7.711961e-03
768647 -2.401864e-02 1.309809e-02 7.208220e-02 -3.410627e-02 2.931783e-02 1.236245e-01 -4.636512e+00 7.454979e+00 2.369006e+01 2075 1.053429e-02
707649 9.069275e-03 1.438049e-02 1.025803e-01 1.106130e-01 1.716946e-01 3.077131e-01 9.155169e+00 1.418342e+01 1.849474e+01 4996 2.198834e-02
769075 7.844491e-03 1.593464e-02 1.071737e-01 2.385568e-02 6.401605e-02 1.935676e-01 3.817797e+00 1.146480e+01 2.060025e+01 1516 7.681493e-03
144253 1.754557e-03 1.452635e-02 1.060838e-01 8.746366e-03 6.853958e-02 1.788423e-01 1.670357e+00 1.290387e+01 1.738215e+01 2905 1.361698e-02
144378 -4.993856e-03 -5.961329e-03 1.424373e-01 -3.286883e-02 -2.303331e-02 3.864276e-01 -3.148790e+00 -1.928471e+00 2.756144e+01 2107 1.141109e-02
269478 1.407083e-02 -8.925315e-03 1.027756e-01 5.523222e-02 -3.275496e-02 1.590649e-01 1.130511e+01 -6.544889e+00 1.546002e+01 1459 7.162827e-03
582004 -8.882483e-03 2.246950e-02 1.145882e-01 -3.117224e-02 6.951123e-02 1.704249e-01 -5.257073e+00 1.109486e+01 1.316916e+01 1775 1.061856e-02
29253 4.375526e-03 1.672587e-02 1.412093e-01 5.774717e-04 5.908689e-02 2.641858e-01 -6.306899e-01 7.034302e+00 2.042099e+01 1763 1.036232e-02
833294 7.307655e-03 -1.330640e-02 1.639289e-01 1.658607e-02 -3.457291e-02 2.761190e-01 2.973470e+00 -6.815316e+00 3.595374e+01 2540 1.182657e-02
458083 2.125773e-02 -1.114389e-02 6.771389e-02 2.851565e-02 -1.693125e-02 7.485258e-02 1.913867e+01 -1.526090e+01 1.882425e+01 1149 5.843103e-03
269774 -1.243797e-02 -6.275700e-03 1.114813e-01 -5.104164e-02 -1.606119e-02 2.064054e-01 -8.900168e+00 -2.256068e+00 2.188499e+01 1736 8.311046e-03
207665 7.334496e-03 7.269009e-04 8.959974e-02 3.166367e-02 5.276219e-03 1.081716e-01 2.183256e+01 4.082477e+00 1.666606e+01 1328 5.534662e-03
958292 -7.661585e-04 1.672078e-02 1.011823e-01 -2.390681e-03 5.366908e-02 1.382526e-01 -4.748213e-01 1.079938e+01 1.083505e+01 2606 1.344788e-02
520643 -1.384530e-03 3.854931e-03 9.399377e-02 -2.861445e-02 1.171737e-02 1.341905e-01 -1.384586e+01 3.997890e+00 2.043920e+01 4094 1.529821e-02
458496 1.203902e-02 2.949775e-03 9.413546e-02 1.146113e-01 3.095372e-02 1.672676e-01 1.767372e+01 4.825221e+00 1.260103e+01 1961 8.324106e-03
645974 -4.857226e-03 1.724727e-02 1.060165e-01 -1.035047e-02 1.218947e-01 2.269192e-01 -7.945228e-01 1.513584e+01 1.748694e+01 1861 8.788614e-03
708608 -1.293791e-02 2.543434e-02 6.563801e-02 -2.380388e-02 3.884320e-02 6.258322e-02 -1.775510e+01 2.191019e+01 -3.200654e+00 1536 6.495271e-03
270044 -8.047965e-03 -2.670979e-02 1.169721e-01 -2.583504e-01 -7.597850e-01 9.761805e-01 -6.368046e+00 -1.865046e+01 2.185947e+01 1793 1.003490e-02
458540 7.395421e-03 -3.283077e-03 1.228810e-01 5.953414e-02 -4.924925e-02 4.939630e-01 4.031794e+00 -3.554482e+00 2.869510e+01 2666 1.259595e-02
333266 -5.096279e-03 1.581175e-02 1.015634e-01 -3.833982e-02 1.357974e-01 2.424992e-01 -3.947539e+00 1.424781e+01 1.673556e+01 1982 8.908658e-03
270091 -7.455926e-03 1.424014e-02 1.090402e-01 -5.437177e-02 6.186967e-02 2.289623e-01 -8.771174e+00 8.904604e+00 2.242010e+01 1449 7.722313e-03
895300 -1.946771e-02 1.985391e-02 1.429210e-01 -2.880218e-01 3.002458e-01 8.441339e-01 -9.683459e+00 1.011030e+01 2.528416e+01 3206 1.533636e-02
646274 9.634010e-03 -9.218126e-03 1.476741e-01 1.013740e-01 -4.269980e-02 6.459724e-01 4.177442e+00 -1.524610e+00 2.269035e+01 1968 1.153901e-02
395333 8.810691e-03 1.361437e-02 1.132334e-01 2.493979e-02 4.133383e-02 1.659022e-01 5.810999e+00 9.986775e+00 1.897552e+01 1326 8.531451e-03
30465 -4.591464e-03 9.489931e-03 9.844634e-02 -1.767457e-02 3.202622e-02 1.445591e-01 -7.018249e+00 1.208927e+01 2.473656e+01 1325 6.652783e-03
834175 7.873790e-03 2.785152e-03 1.065139e-01 8.327590e-02 1.910001e-02 2.851900e-01 7.039202e+00 1.523082e+00 1.668039e+01 3367 1.534403e-02
521252 2.357862e-03 -9.093097e-03 9.212754e-02 1.058286e-02 -4.766699e-02 1.292628e-01 3.180623e+00 -1.491661e+01 1.436029e+01 6138 2.303018e-02
895563 -1.415425e-02 2.458870e-02 1.399459e-01 -2.536677e-01 4.541719e-01 1.161067e+00 -5.526892e+00 9.912847e+00 2.356289e+01 4425 2.029209e-02
646575 -1.477912e-02 -2.219302e-02 2.373072e-01 -2.377724e-01 -3.508616e-01 1.666547e+00 -3.558419e+00 -5.244735e+00 2.280712e+01 1851 1.554246e-02
84089 -1.217510e-02 1.320884e-02 1.130837e-01 -5.969474e-02 6.451477e-02 2.024153e-01 -7.840803e+00 8.465545e+00 1.473983e+01 1982 1.019277e-02
646682 7.533928e-03 5.516453e-03 1.152865e-01 6.708437e-02 5.018594e-02 6.206412e-01 3.491261e+00 2.618836e+00 2.962741e+01 1963 8.061166e-03
646743 5.700685e-03 1.263254e-02 1.017173e-01 8.652542e-02 1.799278e-01 3.312188e-01 7.426025e+00 1.537078e+01 2.108617e+01 3754 1.542788e-02
770740 5.411439e-03 -1.777003e-02 9.263104e-02 8.663780e-02 -3.366092e-01 2.245730e-01 2.810202e+00 -1.103093e+01 4.564817e+00 2083 1.078911e-02
208937 -4.356858e-03 -9.113435e-03 9.395375e-02 -5.725975e-02 -5.580614e-02 1.408067e-01 -1.270455e+01 -1.121318e+01 1.125167e+01 2249 1.025612e-02
647183 8.062592e-03 -2.561006e-02 1.072872e-01 6.037819e-02 -1.615038e-01 2.106856e-01 6.069520e+00 -1.576603e+01 1.199601e+01 4610 1.888789e-02
31728 9.944740e-03 6.987902e-03 1.062579e-01 7.450059e-02 5.501429e-02 2.678097e-01 1.305816e+01 9.714631e+00 3.267821e+01 1284 5.695329e-03
647566 -1.016961e-02 2.095766e-02 1.089315e-01 -2.005991e-02 3.942820e-02 1.300400e-01 -9.237884e+00 1.725212e+01 1.971613e+01 3720 1.660517e-02
710352 -1.401186e-02 1.992129e-02 1.457727e-01 -2.511168e-02 5.446522e-02 2.366043e-01 -1.758312e+00 5.472073e+00 1.438855e+01 1940 1.243998e-02
32509 -6.386372e-03 -3.736919e-03 1.099571e-01 -3.128177e-02 -2.481343e-02 1.831719e-01 -6.354264e+00 -5.379537e+00 1.868723e+01 1181 6.317017e-03
460348 1.199616e-04 -8.304522e-03 9.145724e-02 1.200284e-02 -3.648835e-02 1.167498e-01 5.425863e+00 -1.286907e+01 1.154890e+01 1397 5.777973e-03
85658 1.133783e-02 1.319842e-02 1.062457e-01 8.083621e-02 8.561446e-02 2.217759e-01 9.320528e+00 9.711820e+00 1.549392e+01 1895 1.032194e-02
85737 -1.008274e-02 6.536747e-03 9.897530e-02 -6.765279e-02 4.443796e-02 1.875386e-01 -1.396649e+01 9.194836e+00 2.148547e+01 3640 1.410077e-02
772196 -1.571579e-02 1.842446e-03 1.247159e-01 -1.558787e-01 4.309433e-02 4.165614e-01 -1.045928e+01 3.078311e+00 2.177819e+01 1392 9.878817e-03
584772 -8.325927e-03 3.786130e-03 1.035421e-01 -3.990974e-02 2.249330e-02 1.968399e-01 -8.877703e+00 5.258285e+00 2.622451e+01 2024 8.439779e-03
397401 -3.583932e-03 -6.556761e-03 1.194352e-01 -3.023108e-02 -3.180371e-02 2.753602e-01 -4.786740e+00 -4.535217e+00 2.800947e+01 1753 9.403046e-03
836275 9.344313e-03 -9.829309e-03 9.405525e-02 6.522536e-02 -1.178662e-01 1.449770e-01 6.382959e+00 -1.234041e+01 5.816490e+00 2544 1.136744e-02
711100 -2.270824e-02 9.972382e-03 6.625072e-02 -5.099815e-02 1.656740e-02 5.654568e-02 -2.946256e+01 6.868386e+00 -7.689661e+00 2679 1.163617e-02
33517 2.085438e-02 1.262555e-02 1.800753e-01 1.321516e-01 4.141883e-02 7.672489e-01 4.050393e+00 1.047862e+00 2.136877e+01 4582 2.446642e-02
836533 -9.896908e-03 -2.840432e-03 1.023580e-01 -4.771018e-02 6.591561e-03 1.579966e-01 -1.009822e+01 2.518861e+00 1.485857e+01 1092 5.968426e-03
272928 2.861939e-03 -5.180900e-03 8.950626e-02 1.567127e-02 -4.731951e-02 1.475089e-01 5.207265e+00 -1.713024e+01 2.357930e+01 2476 1.163929e-02
397965 -8.658911e-04 -1.147358e-02 1.102582e-01 4.901637e-03 -6.110821e-02 2.222321e-01 1.099062e+00 -9.458393e+00 2.133778e+01 843 4.493949e-03
711753 1.441356e-02 -1.318218e-02 1.139041e-01 1.864804e-01 -1.880083e-01 4.603481e-01 9.033342e+00 -9.178201e+00 1.818797e+01 4465 1.972962e-02
524100 2.108611e-02 1.629137e-02 6.625519e-02 3.107577e-02 2.343941e-02 6.651106e-02 1.872379e+01 1.339770e+01 4.795786e-01 1073 6.239481e-03
35314 5.437617e-03 1.273450e-02 9.641206e-02 1.906026e-02 3.966344e-02 1.214617e-01 7.359562e+00 1.454822e+01 1.353293e+01 1541 6.993716e-03
273718 1.197026e-02 2.930591e-03 1.470951e-01 6.293975e-01 -3.865506e-02 2.361334e+00 6.440903e+00 -4.338149e-01 2.309859e+01 3272 1.564790e-02
398739 -9.246509e-03 -6.230341e-03 1.249511e-01 -1.012515e-01 -5.757424e-02 4.418015e-01 -6.845377e+00 -3.820102e+00 2.357438e+01 2699 1.288890e-02
524860 -2.184460e-02 -2.271071e-03 1.521407e-01 -2.424993e-01 2.742019e-02 7.171699e-01 -8.288653e+00 1.115320e+00 2.122470e+01 5505 2.413719e-02
524905 -2.016679e-02 -8.958184e-05 9.010393e-02 -5.908648e-02 2.501946e-03 9.185765e-02 -1.788682e+01 1.191022e+00 8.059793e-01 2817 1.155045e-02
35988 5.897360e-03 -9.316725e-03 9.248504e-02 4.676691e-02 -7.571080e-02 1.453484e-01 5.909743e+00 -9.600591e+00 7.644043e+00 2990 1.297755e-02
525087 2.276089e-03 4.403595e-03 1.067025e-01 3.570525e-03 4.076493e-02 3.788993e-01 1.450948e-01 4.075783e+00 3.051084e+01 1572 7.458221e-03
36317 1.643116e-02 1.397393e-02 1.193150e-01 2.570149e-01 2.353122e-01 6.419597e-01 8.088524e+00 7.441484e+00 1.757153e+01 3463 1.593189e-02
899446 1.241426e-02 2.344475e-02 1.593497e-01 2.944266e-01 5.193268e-01 1.688913e+00 6.878452e+00 1.209486e+01 3.730698e+01 2515 1.179869e-02
88036 -6.688568e-03 -1.284281e-02 9.940798e-02 -8.729519e-02 -1.525839e-01 2.663653e-01 -9.411391e+00 -1.631575e+01 1.949344e+01 3678 1.724200e-02
36699 -1.518911e-04 -6.762262e-03 9.127460e-02 9.990980e-03 -3.114874e-02 1.416438e-01 3.559075e+00 -8.557076e+00 1.767426e+01 1239 5.642863e-03
149526 2.479563e-02 1.327491e-02 1.713245e-01 3.075242e-01 1.816553e-01 1.615466e+00 3.928275e+00 2.339502e+00 2.006513e+01 1760 1.261017e-02
525560 -7.030226e-03 1.220846e-02 9.393999e-02 -4.486198e-02 6.672565e-02 1.250760e-01 -1.338245e+01 1.928468e+01 1.101393e+01 1611 7.313378e-03
713438 1.633299e-03 1.359545e-02 1.352301e-01 -1.426345e-02 1.273694e-01 4.340546e-01 -1.171724e+00 8.386093e+00 2.202588e+01 2904 1.357093e-02
713476 1.475035e-02 2.674721e-03 1.035503e-01 3.622703e-02 3.477997e-03 1.270862e-01 1.734178e+01 6.486211e-01 1.900449e+01 1834 9.716969e-03
838624 -1.488998e-02 -2.175776e-02 1.051540e-01 -1.813069e-02 -2.639889e-02 1.095038e-01 -7.859918e+00 -1.125647e+01 1.054973e+01 1370 6.824034e-03
212676 -8.821503e-03 -2.005392e-02 1.134379e-01 -8.108483e-02 -1.524366e-01 2.929081e-01 -9.225690e+00 -1.690098e+01 2.291254e+01 1440 7.388845e-03
963499 2.563836e-02 -9.880266e-03 1.613751e-01 5.143237e-02 -2.903619e-02 2.410168e-01 6.106040e+00 -4.534650e+00 1.885304e+01 1927 1.161529e-02
651095 -1.173989e-02 1.522105e-02 1.783442e-01 -9.081953e-02 2.341374e-01 1.592823e+00 -1.736434e+00 4.806973e+00 3.105919e+01 3517 2.200883e-02
900028 2.146152e-02 1.289109e-03 6.669994e-02 2.993748e-02 3.598972e-03 6.579835e-02 3.146412e+01 8.574582e+00 -3.346830e+00 2732 9.969910e-03
963812 -2.228380e-02 -2.366242e-03 1.669401e-01 -1.574917e-01 -3.665974e-02 7.533899e-01 -4.624042e+00 -1.172820e+00 2.005629e+01 983 9.469238e-03
338582 2.006766e-02 3.150417e-03 1.294363e-01 2.344446e-01 5.971345e-02 6.497626e-01 9.882182e+00 2.607399e+00 2.398559e+01 4232 1.935526e-02
587723 -1.756038e-04 8.277053e-03 9.090735e-02 -1.494191e-02 4.199407e-02 1.141584e-01 -5.721044e+00 1.306329e+01 9.008361e+00 3487 1.440838e-02
37795 6.578631e-03 -1.312953e-02 1.153161e-01 2.087854e-02 -4.990566e-02 2.043860e-01 3.201876e+00 -8.234501e+00 1.994354e+01 2486 1.209102e-02
338719 1.763955e-03 8.863729e-03 1.186878e-01 3.914891e-03 3.611899e-02 2.253013e-01 3.883254e-01 4.920608e+00 1.924778e+01 3014 1.472236e-02
89134 -1.630203e-02 5.956508e-03 1.146179e-01 -6.255104e-02 3.221339e-02 2.154686e-01 -1.155376e+01 6.559398e+00 2.519415e+01 1683 8.906305e-03
526510 1.989815e-02 1.932657e-02 6.742946e-02 2.698059e-02 2.286588e-02 6.964049e-02 3.284743e+01 1.641482e+01 1.025448e+01 1248 5.476835e-03
839954 -7.346661e-03 -1.382446e-03 1.243624e-01 -1.828189e-01 3.966218e-02 7.576586e-01 -6.908849e+00 1.616045e+00 2.493470e+01 2562 1.162051e-02
526974 -1.032224e-02 5.361637e-03 1.350466e-01 -2.758083e-02 1.509611e-02 2.219321e-01 -4.088984e+00 2.306335e+00 2.058532e+01 1559 9.589455e-03
276027 -1.300958e-02 1.236980e-02 1.170311e-01 -1.776437e-01 1.086487e-01 4.785998e-01 -1.132202e+01 6.621178e+00 2.486537e+01 2465 1.112732e-02
775949 1.918212e-02 1.106386e-02 1.187546e-01 1.342263e-01 6.574313e-02 2.907496e-01 1.117626e+01 5.311960e+00 1.670890e+01 4231 1.923285e-02
901153 4.675761e-03 1.985153e-04 1.051603e-01 4.135874e-02 -1.719387e-02 2.486752e-01 6.335383e+00 -3.003775e+00 2.478593e+01 6027 2.303977e-02
464994 -1.436973e-02 1.259194e-02 9.416698e-02 -4.884067e-01 4.095601e-01 4.098812e-01 -1.673118e+01 1.401103e+01 1.114316e+01 2837 1.159572e-02
151211 1.679072e-03 1.007069e-02 1.111913e-01 2.984238e-02 6.976761e-02 2.603677e-01 3.769517e+00 7.990132e+00 1.996652e+01 2282 9.908384e-03
840311 -1.617751e-02 1.543861e-02 1.348414e-01 -2.502535e-02 2.323440e-02 1.747446e-01 -3.882555e+00 3.420901e+00 1.751009e+01 2501 1.282405e-02
401341 -9.320969e-03 -2.956956e-03 9.877169e-02 -4.829685e-02 -1.660364e-02 1.637795e-01 -1.196869e+01 -4.190616e+00 1.996257e+01 1757 1.153513e-02
465187 -3.087018e-03 1.498435e-02 1.049714e-01 -7.319975e-03 3.122156e-02 1.299305e-01 -2.316089e+00 8.884294e+00 1.365650e+01 3596 1.802166e-02
652658 -1.994712e-02 4.116854e-03 1.073719e-01 -2.115329e-01 1.870471e-02 3.091864e-01 -2.045056e+01 1.557161e+00 2.154241e+01 5026 1.922590e-02
465256 1.475725e-02 -6.747668e-03 1.417991e-01 2.879046e-01 -1.156354e-01 1.249348e+00 1.001279e+01 -3.991508e+00 4.059951e+01 3112 1.268426e-02
965460 -3.397890e-03 2.674062e-02 1.096651e-01 -1.612642e-02 1.453113e-01 2.047881e-01 -1.987640e+00 1.851555e+01 1.485405e+01 3716 1.681353e-02
214607 2.530397e-02 -1.246016e-02 1.789323e-01 1.169737e-01 -6.870120e-02 4.569218e-01 7.442240e+00 -4.565947e+00 2.256867e+01 2049 1.335058e-02
840809 -1.297454e-02 -3.425064e-04 9.295923e-02 -1.172186e-01 -1.323139e-02 1.356016e-01 -2.704157e+01 -3.343458e+00 1.106170e+01 1614 7.505825e-03
902067 2.249583e-02 -1.926316e-02 1.337379e-01 4.484146e-01 -3.304083e-01 9.924028e-01 1.379861e+01 -1.008026e+01 2.781841e+01 1973 1.301404e-02
528321 2.092630e-02 -1.397856e-02 6.644519e-02 2.930733e-02 -1.980839e-02 6.709190e-02 3.909811e+01 -2.719659e+01 3.016934e+00 1555 8.617972e-03
528425 1.800400e-03 1.481613e-02 1.118670e-01 2.414924e-02 5.415390e-02 2.091403e-01 3.859258e+00 6.792953e+00 1.679740e+01 2496 1.161269e-02
277385 -1.780840e-02 1.562344e-02 6.679958e-02 -2.295330e-02 2.238684e-02 6.922646e-02 -1.535935e+01 2.019117e+01 7.245116e+00 2487 9.613755e-03
716360 9.641267e-03 -4.356156e-03 1.051904e-01 4.673056e-02 -2.108779e-02 1.919887e-01 9.398950e+00 -4.240031e+00 2.199591e+01 7408 2.827426e-02
466512 -1.295237e-02 3.206480e-03 1.179309e-01 -3.520949e-02 3.403199e-03 1.729586e-01 -1.114592e+01 9.851261e-02 2.755678e+01 1102 5.273279e-03
777580 7.819286e-03 7.312669e-03 1.099135e-01 1.088046e-01 1.667973e-01 4.601288e-01 4.937587e+00 7.797853e+00 1.712346e+01 3039 1.343978e-02
91580 7.051815e-03 -2.678288e-03 9.535313e-02 3.837169e-02 -6.226297e-03 1.440188e-01 8.897279e+00 -1.007910e+00 1.382484e+01 2869 1.255355e-02
341488 -7.500845e-03 6.951640e-03 9.067217e-02 -6.826554e-02 6.386056e-02 1.294851e-01 -1.268136e+01 1.187668e+01 8.100122e+00 2087 9.467912e-03
529180 1.118097e-03 -1.310967e-02 1.841324e-01 -6.111659e-02 -1.255813e-01 1.121407e+00 -1.616374e+00 -2.921140e+00 2.434313e+01 1822 1.188854e-02
91902 -9.168694e-03 1.564711e-02 1.128921e-01 -4.436034e-02 6.509886e-02 2.031153e-01 -7.869818e+00 1.105877e+01 2.017639e+01 1768 8.999603e-03
967057 9.175549e-03 -1.412730e-02 1.002656e-01 4.794676e-02 -6.293638e-02 1.353017e-01 1.042900e+01 -1.312906e+01 9.424281e+00 887 4.944901e-03
717170 -2.125161e-02 2.041294e-02 1.310143e-01 -1.255720e-01 1.511572e-01 3.916022e-01 -8.871949e+00 1.111918e+01 2.216175e+01 1365 7.522187e-03
467179 -2.686883e-02 8.186712e-03 2.493012e-01 -2.678038e-01 1.121810e-01 1.327707e+00 -4.942834e+00 2.133467e+00 2.212373e+01 1687 1.489466e-02
842470 -1.281779e-03 -2.550702e-02 1.232383e-01 2.008038e-02 -6.307738e-01 1.071499e+00 5.157053e-01 -1.461179e+01 2.289202e+01 2351 1.315638e-02
590817 1.932719e-02 1.947189e-02 6.344355e-02 2.466220e-02 2.696620e-02 6.373082e-02 1.148238e+01 1.612977e+01 6.182944e-01 3449 1.508543e-02
590823 8.233982e-03 -1.028932e-02 9.082017e-02 1.639766e-01 -2.051837e-01 1.391712e-01 1.143795e+01 -1.431330e+01 3.550965e+00 3627 1.574232e-02
778260 -3.546605e-03 1.753939e-02 1.047088e-01 -3.630697e-02 9.361435e-02 1.976531e-01 -6.226088e+00 1.445800e+01 1.766400e+01 1118 6.756717e-03
842572 2.054800e-02 8.141085e-03 1.050073e-01 4.243173e-02 1.547822e-02 1.293138e-01 9.696185e+00 3.250920e+00 1.076962e+01 3164 1.478154e-02
778351 -6.848195e-04 -6.868763e-03 1.104719e-01 5.641572e-03 -3.899364e-02 2.015810e-01 1.817118e+00 -9.227170e+00 2.616909e+01 2253 9.996988e-03
342091 -9.717132e-03 1.248672e-02 1.034062e-01 -5.729350e-02 5.806167e-02 1.720357e-01 -7.814431e+00 7.485698e+00 1.127242e+01 2576 1.260734e-02
842962 -8.235565e-03 -2.562451e-03 1.019201e-01 -3.820432e-02 -7.803452e-03 1.549420e-01 -1.404908e+01 -2.456934e+00 2.485620e+01 7428 2.834065e-02
278788 -4.690473e-03 -3.183207e-03 1.106231e-01 -3.384772e-02 -3.589578e-03 2.186742e-01 -9.075776e+00 -1.264910e-01 3.363304e+01 3066 1.245385e-02
403822 6.652963e-03 -8.913738e-03 1.006389e-01 5.750482e-02 -8.139539e-02 2.237661e-01 8.327081e+00 -1.186900e+01 2.016229e+01 1947 8.040570e-03
216722 2.439018e-02 1.732512e-02 1.676857e-01 4.011981e-01 2.377873e-01 1.749902e+00 5.052284e+00 2.955983e+00 2.121454e+01 3586 1.817380e-02
591326 6.939681e-03 -1.179544e-02 1.433459e-01 8.452478e-02 -8.132684e-02 5.450286e-01 3.901152e+00 -3.496194e+00 2.019751e+01 2472 1.272196e-02
967987 2.579203e-03 1.257647e-02 1.299551e-01 1.155199e-02 3.709268e-02 2.028176e-01 1.837988e+00 5.021910e+00 1.492520e+01 1578 8.965978e-03
591461 2.460488e-02 1.686905e-02 6.844313e-02 3.709675e-02 2.246989e-02 6.955630e-02 3.322207e+01 1.489540e+01 2.960459e+00 3797 1.522437e-02
591495 6.630533e-03 6.907730e-03 1.001659e-01 2.564244e-02 2.172468e-02 1.375350e-01 1.012384e+01 7.890026e+00 1.989902e+01 2981 1.346278e-02
404218 -2.606588e-02 -1.442432e-02 1.664097e-01 -4.606937e-01 -1.937109e-01 1.574496e+00 -9.212621e+00 -3.800261e+00 2.984661e+01 3237 1.567442e-02
968185 7.421902e-03 7.168944e-03 9.402714e-02 2.682909e-02 5.314345e-02 1.359773e-01 5.297632e+00 1.254979e+01 1.145126e+01 2517 9.921113e-03
655657 2.454376e-02 9.791467e-03 6.621075e-02 3.619124e-02 1.105568e-02 6.870675e-02 2.896453e+01 3.143810e+00 6.206963e+00 1945 8.559742e-03
718410 1.189029e-02 -1.900027e-03 1.114830e-01 7.824788e-02 -3.820123e-03 3.291874e-01 5.258894e+00 -1.521692e-01 1.725326e+01 930 5.316774e-03
843605 2.432946e-02 1.359492e-02 1.417405e-01 3.223815e-01 2.161820e-01 7.309545e-01 9.993782e+00 6.792811e+00 1.975653e+01 1653 9.409137e-03
779298 -1.714371e-02 1.310462e-02 1.348567e-01 -7.178132e-02 5.045653e-02 2.865195e-01 -7.976935e+00 5.453272e+00 2.214234e+01 3154 1.757524e-02
404524 -6.114389e-03 -2.747446e-02 1.607837e-01 -1.356446e-02 -4.395814e-02 2.039867e-01 -3.049780e+00 -6.747806e+00 1.768568e+01 1926 1.209312e-02
779377 -1.132986e-02 2.241539e-02 6.531891e-02 -1.682431e-02 3.379742e-02 6.697086e-02 -1.103704e+01 2.286379e+01 3.318392e+00 2661 1.100929e-02
718716 -2.001889e-02 -9.298444e-03 1.282841e-01 -8.159128e-02 -2.936147e-02 2.645531e-01 -1.390673e+01 -4.531432e+00 3.077768e+01 4593 1.799398e-02
904641 -2.543106e-02 4.763566e-03 6.761152e-02 -3.081799e-02 5.186033e-03 6.768392e-02 -3.285512e+01 2.576642e+00 4.415543e-01 3402 1.586742e-02
468642 1.160520e-02 1.351912e-03 1.131086e-01 3.246178e-02 1.210457e-03 1.717293e-01 8.251011e+00 -5.596051e-02 2.319075e+01 1247 6.363804e-03
904726 -3.111919e-03 1.072346e-02 1.015973e-01 -1.817248e-02 4.166158e-02 1.523167e-01 -4.866571e+00 9.997146e+00 1.638912e+01 1925 9.392273e-03
404724 -1.687834e-03 -7.975095e-03 9.781217e-02 -2.321880e-02 -5.003231e-02 1.563094e-01 -9.135460e+00 -1.784462e+01 2.482003e+01 1162 6.343984e-03
904781 -2.239267e-02 -2.111721e-03 1.938113e-01 -5.538087e-01 7.429579e-02 2.388522e+00 -3.845777e+00 5.529494e-01 1.588279e+01 771 1.243311e-02
718898 -1.305183e-02 6.530112e-03 1.005719e-01 -3.832332e-02 1.811122e-02 1.369332e-01 -1.483501e+01 6.798408e+00 2.134499e+01 1325 6.390045e-03
592253 -1.159153e-02 -1.796938e-02 1.470966e-01 -4.383568e-02 -1.086547e-01 4.074652e-01 -3.451820e+00 -9.708099e+00 2.787314e+01 2414 1.314195e-02
154798 -1.248720e-02 2.098147e-02 1.321741e-01 -9.732861e-02 3.151689e-01 7.464798e-01 -2.648840e+00 9.184849e+00 1.917929e+01 1173 7.831348e-03
719105 1.705031e-03 1.055385e-02 9.480772e-02 4.111991e-02 1.008170e-01 2.230289e-01 7.066879e+00 1.618370e+01 2.298938e+01 1729 7.800142e-03
905126 2.104465e-02 1.492482e-02 6.961010e-02 4.776037e-02 5.055902e-02 9.341658e-02 1.047443e+01 1.397110e+01 9.333805e+00 2878 1.256926e-02
969283 1.384850e-02 5.517113e-03 9.979633e-02 4.335156e-02 2.978665e-02 1.321482e-01 9.049176e+00 7.443949e+00 9.922968e+00 2124 9.391925e-03
719420 4.587650e-03 1.369078e-02 1.390573e-01 1.695955e-02 5.121900e-02 2.842835e-01 2.059192e+00 6.246236e+00 2.417160e+01 2552 1.279804e-02
469306 -1.455997e-04 1.318190e-02 9.263045e-02 5.278037e-03 6.501473e-02 1.190940e-01 1.687438e+00 1.612657e+01 8.233503e+00 2491 9.938295e-03
780195 -1.032822e-02 2.236045e-02 1.341579e-01 -2.004966e-01 2.809827e-01 7.862489e-01 -6.742883e+00 9.170079e+00 2.312147e+01 2259 1.083036e-02
155428 -1.865684e-02 -2.208714e-02 1.178708e-01 -1.194546e-01 -1.144947e-01 2.824742e-01 -1.063226e+01 -9.747255e+00 1.736256e+01 1462 8.038577e-03
218459 -6.132681e-03 1.313526e-02 1.066788e-01 -2.133274e-02 5.838756e-02 1.633747e-01 -4.512754e+00 1.343498e+01 1.683249e+01 2759 1.313725e-02
94590 -1.020495e-02 -5.644269e-03 1.568588e-01 -3.796785e-02 -1.245507e-02 2.796062e-01 -5.681136e+00 -1.393697e+00 2.511786e+01 1342 8.941304e-03
969774 -3.649785e-03 9.711225e-03 1.621902e-01 -4.756436e-02 6.109624e-02 5.931186e-01 -3.361110e+00 3.932877e+00 3.298216e+01 2090 1.125006e-02
469839 6.558655e-03 -1.770472e-02 1.886224e-01 -1.244258e-02 -1.938775e-01 1.030573e+00 -5.950230e-01 -5.516844e+00 2.636567e+01 1997 1.239270e-02
218766 -6.277271e-04 -2.210422e-02 1.742914e-01 -7.309122e-02 -1.393970e-01 7.559845e-01 -2.570533e+00 -4.160784e+00 2.063469e+01 1496 1.119597e-02
780813 -5.558568e-04 1.175943e-02 1.390824e-01 1.120029e-02 1.738049e-01 6.402176e-01 4.935278e-01 6.802735e+00 2.103785e+01 5211 2.145103e-02
970124 1.838572e-02 5.011408e-03 1.169735e-01 3.496235e-01 6.617437e-02 5.959690e-01 1.189180e+01 2.195818e+00 1.719647e+01 1522 9.149578e-03
845514 -1.181457e-02 -3.103679e-03 1.091522e-01 -1.089220e-01 4.884125e-03 2.486719e-01 -1.660894e+01 1.366209e+00 2.386301e+01 1538 7.467063e-03
970321 -7.805937e-03 1.501033e-02 1.517797e-01 -7.503541e-02 1.129677e-01 8.028500e-01 -3.181357e+00 4.635427e+00 3.080922e+01 1837 9.714196e-03
593764 -3.683404e-03 1.106733e-02 1.064288e-01 -4.949393e-02 1.375223e-01 4.529189e-01 -3.425448e+00 9.455577e+00 2.590854e+01 1988 8.558261e-03
720813 2.798426e-03 8.365893e-03 9.273102e-02 7.977940e-03 3.383327e-02 1.151532e-01 2.450481e+00 1.204887e+01 1.060818e+01 2891 1.320038e-02
658455 -1.026099e-03 2.164499e-02 1.960838e-01 -1.769811e-01 1.120929e+00 7.022259e+00 -8.047595e-01 5.027757e+00 3.122065e+01 1286 9.395158e-03
594449 7.068787e-03 1.612200e-02 1.067103e-01 3.233812e-02 8.608361e-02 2.009654e-01 3.980943e+00 1.102179e+01 1.484899e+01 4031 1.764449e-02
345824 3.754255e-03 1.355296e-02 1.134862e-01 2.772534e-02 1.545907e-01 3.798880e-01 1.631291e+00 9.597963e+00 1.812929e+01 3132 1.362832e-02
282223 1.271842e-02 4.489772e-03 1.017514e-01 9.741589e-02 2.873695e-02 2.194288e-01 1.422019e+01 4.070955e+00 1.975732e+01 4231 1.766420e-02
48303 3.285971e-03 2.138550e-02 1.040182e-01 1.561084e-02 1.388120e-01 2.224637e-01 8.577773e-01 8.172566e+00 8.243480e+00 1777 8.852951e-03
846817 7.305141e-03 -2.813721e-02 6.971274e-02 1.192278e-02 -7.648233e-02 8.875341e-02 2.819228e+00 -2.951640e+01 1.162500e+01 3327 1.478137e-02
659120 -2.639358e-02 -4.495126e-04 6.719858e-02 -3.391633e-02 1.038575e-03 6.854306e-02 -3.730075e+01 7.378519e+00 6.666456e+00 964 4.613591e-03
721869 3.381777e-03 1.908212e-02 1.599818e-01 6.748048e-02 4.581041e-01 1.664910e+00 1.132523e+00 7.756824e+00 2.658971e+01 1661 9.907604e-03
721964 8.857951e-05 1.523197e-02 1.029563e-01 3.115277e-02 1.922227e-01 3.251560e-01 3.005396e+00 1.712348e+01 2.149736e+01 992 5.048698e-03
157653 1.168471e-02 -8.697418e-03 9.895367e-02 5.808807e-02 -3.708029e-02 1.438245e-01 1.440643e+01 -8.811772e+00 1.393064e+01 4357 1.746028e-02
722164 -7.527857e-03 -1.465122e-02 2.343325e-01 -3.412661e-01 -1.647166e-01 2.895138e+00 -3.412139e+00 -1.534268e+00 2.720407e+01 1299 1.129984e-02
908058 -1.111628e-02 -2.602080e-03 1.048723e-01 -1.423070e-01 -5.265652e-02 3.620519e-01 -1.414785e+01 -5.397965e+00 2.773474e+01 1068 5.510656e-03
49578 3.237876e-03 -9.616475e-03 1.058283e-01 9.951410e-03 -3.503631e-02 1.446492e-01 2.695070e+00 -1.020450e+01 1.558419e+01 2844 1.232914e-02
49937 -9.119864e-03 1.203382e-03 1.046713e-01 -6.829357e-02 6.644611e-03 1.920928e-01 -8.875540e+00 8.161368e-01 1.311247e+01 2270 1.041050e-02
50040 -1.504536e-02 -1.745355e-02 2.326538e-01 -5.922459e-01 -5.111147e-01 3.897919e+00 -4.460349e+00 -3.814794e+00 2.832354e+01 627 7.979096e-03
472743 -6.538412e-03 -5.709490e-03 9.041035e-02 -2.084815e-02 -2.792847e-02 1.013584e-01 -1.071370e+01 -1.663536e+01 8.196776e+00 1804 8.308793e-03
908772 1.004706e-02 6.792414e-03 1.009862e-01 7.078578e-02 5.235600e-02 2.120675e-01 8.626039e+00 6.470884e+00 1.577564e+01 2160 9.766555e-03
283782 9.360719e-03 2.796178e-02 6.458969e-02 1.004098e-02 2.979239e-02 6.462703e-02 1.262609e+01 3.397761e+01 6.929931e-01 3432 1.960949e-02
535197 8.464537e-03 2.671698e-02 1.116844e-01 3.793144e-02 1.623641e-01 2.263657e-01 3.487446e+00 1.605402e+01 1.357268e+01 1413 8.761642e-03
973079 -2.002140e-02 -6.787288e-04 1.507637e-01 -5.899628e-02 -5.690241e-03 3.161243e-01 -6.097190e+00 -7.839957e-01 2.586883e+01 1112 6.883687e-03
596407 2.845394e-03 6.385765e-03 8.948381e-02 1.957806e-02 3.604091e-02 1.098094e-01 7.228782e+00 1.281150e+01 8.780998e+00 2031 8.606737e-03
221942 1.466613e-02 -5.672946e-03 1.185074e-01 6.660578e-02 -1.237668e-02 1.862301e-01 1.061822e+01 -1.370469e+00 1.384481e+01 1045 7.001962e-03
660694 -1.620779e-02 -1.838682e-02 6.612487e-02 -2.326605e-02 -1.995385e-02 6.629934e-02 -1.549318e+01 -3.439714e+00 3.829735e-01 1810 7.097124e-03
973320 1.842377e-02 -1.859997e-02 6.859017e-02 7.434454e-02 -4.886607e-02 1.026357e-01 1.784045e+01 -9.655819e+00 1.086157e+01 1756 8.141266e-03
848683 1.612294e-02 1.092375e-02 1.346177e-01 3.608218e-02 2.577089e-02 2.022033e-01 8.369971e+00 6.226195e+00 2.834221e+01 1643 9.342151e-03
723551 5.300877e-03 -9.257262e-03 1.154625e-01 4.866091e-02 -1.068509e-01 4.280924e-01 3.019143e+00 -6.795408e+00 2.176830e+01 1518 8.728712e-03
723584 -3.269842e-03 -9.390485e-03 9.747140e-02 -4.928525e-03 -4.348611e-02 1.183415e-01 -6.787256e-01 -1.395178e+01 8.539947e+00 1521 7.088316e-03
473514 -1.149176e-02 2.685233e-02 6.646931e-02 -3.443770e-02 7.972458e-02 7.167080e-02 -8.480523e+00 1.954090e+01 1.922405e+00 1977 7.908376e-03
51471 -1.528364e-02 -1.761271e-02 1.003766e-01 -4.021193e-01 -4.630379e-01 3.979894e-01 -1.852624e+01 -2.133220e+01 1.425321e+01 3286 1.476522e-02
222602 2.175737e-02 1.594201e-06 1.136725e-01 4.119662e-01 3.960471e-02 6.033352e-01 1.467427e+01 1.489323e+00 1.841436e+01 3261 1.388821e-02
409833 -5.695984e-03 -2.239626e-02 6.723991e-02 -6.148467e-03 -3.587028e-02 7.028496e-02 -1.165492e+00 -3.470604e+01 7.843360e+00 1753 7.877936e-03
849530 -6.677439e-03 -6.649313e-03 1.038496e-01 -3.544765e-02 -4.336393e-02 2.184300e-01 -4.924011e+00 -6.283695e+00 1.961041e+01 4763 1.862256e-02
160102 -1.110032e-03 9.916984e-03 9.677065e-02 -5.625514e-03 3.956029e-02 1.361355e-01 -1.637043e+00 1.074689e+01 1.427133e+01 1912 7.837891e-03
160479 1.864664e-02 1.603662e-02 1.332704e-01 9.875889e-02 9.956653e-02 3.805298e-01 8.631789e+00 9.000029e+00 2.664125e+01 1842 9.783738e-03
285696 1.345690e-02 -1.318105e-02 1.029001e-01 2.764215e-02 -2.416612e-02 1.176426e-01 1.768897e+01 -1.369835e+01 1.838381e+01 2761 1.163263e-02
850559 -7.024819e-04 -2.606998e-02 1.372047e-01 -3.081138e-03 -1.074096e-01 3.050575e-01 -2.743949e-01 -9.383107e+00 1.936301e+01 1795 1.316280e-02
785858 1.303705e-02 -1.139620e-02 2.378499e-01 1.326456e-01 -1.016901e-01 1.136421e+00 3.340407e+00 -2.521713e+00 2.509514e+01 1760 1.399932e-02
160968 2.522612e-02 -7.662093e-03 6.785529e-02 3.912464e-02 -1.828666e-02 6.698458e-02 1.615088e+01 -1.234637e+01 -1.011806e+00 843 4.664244e-03
537546 7.742868e-04 -6.451760e-03 1.195702e-01 5.520147e-04 -4.528975e-02 5.371880e-01 -1.871409e-02 -3.269945e+00 3.516112e+01 1123 6.306180e-03
224081 5.381211e-03 8.024171e-03 9.100918e-02 5.049503e-02 4.114594e-02 1.313746e-01 1.126463e+01 8.270291e+00 1.007899e+01 3576 1.382127e-02
161137 -1.543818e-02 1.035526e-02 1.143402e-01 -3.316614e-02 2.177367e-02 1.503511e-01 -9.335545e+00 6.012934e+00 1.896334e+01 3562 1.518134e-02
850898 -1.562701e-02 9.040101e-03 1.182775e-01 -7.531773e-02 3.099415e-02 2.434719e-01 -1.206197e+01 4.436354e+00 2.529860e+01 1321 6.052164e-03
663067 -1.773629e-02 -1.952282e-02 6.925514e-02 -3.427939e-02 -5.127897e-02 1.041534e-01 -8.260867e+00 -1.585757e+01 1.742659e+01 1397 6.569746e-03
911452 -1.545940e-02 8.079938e-03 9.974845e-02 -8.507398e-02 2.120299e-02 1.562932e-01 -1.286901e+01 2.425938e+00 1.045292e+01 2115 9.999438e-03
726199 9.325834e-03 1.494586e-03 1.345873e-01 3.811862e-02 -8.943244e-03 2.732672e-01 4.339212e+00 -1.573031e+00 2.089973e+01 6528 2.713986e-02
599074 -1.031246e-02 1.004289e-02 1.056152e-01 -5.613334e-02 5.203549e-02 2.181619e-01 -8.110425e+00 7.432807e+00 1.992108e+01 1922 9.359542e-03
663511 1.171768e-04 -5.837479e-03 1.170907e-01 3.778065e-03 -3.597392e-02 2.740801e-01 6.156210e-01 -5.067793e+00 2.639960e+01 925 4.794933e-03
55046 -1.141679e-02 -1.529595e-03 8.971643e-02 -4.538376e-02 -2.792561e-03 8.729989e-02 -2.043616e+01 -7.598615e-01 -1.453907e+00 1946 8.443741e-03
476191 5.446625e-03 -4.158535e-03 1.116628e-01 2.936854e-02 -4.293513e-02 2.337994e-01 3.418524e+00 -5.541310e+00 1.745375e+01 759 5.036256e-03
599357 3.541137e-03 -1.488244e-02 1.073581e-01 1.000273e-02 -6.881004e-02 2.041112e-01 1.272014e+00 -1.061607e+01 1.904660e+01 1206 5.800855e-03
55355 2.518623e-02 -1.291372e-02 1.780609e-01 5.488719e-01 -3.087847e-01 1.589721e+00 6.639519e+00 -3.751184e+00 1.789766e+01 1931 1.381195e-02
976592 1.978474e-03 -7.394335e-03 1.035709e-01 2.848627e-02 -3.798103e-02 2.149543e-01 7.109556e+00 -8.203543e+00 2.987373e+01 2794 1.077337e-02
476681 -2.033291e-02 -2.141136e-02 1.163488e-01 -4.387917e-01 -4.219268e-01 6.638823e-01 -1.024168e+01 -9.802524e+00 1.340075e+01 2157 1.172839e-02
787133 5.564690e-03 -2.640944e-02 6.766046e-02 7.250051e-03 -2.926505e-02 6.807637e-02 1.700798e+01 -2.881766e+01 4.197176e+00 3741 1.562552e-02
225266 -1.023566e-02 1.613601e-02 1.072909e-01 -7.597345e-02 1.660497e-01 3.109241e-01 -5.930131e+00 1.352354e+01 1.836952e+01 1565 9.638744e-03
787193 -1.392807e-02 9.920531e-03 9.482895e-02 -1.202952e-01 1.007146e-01 1.816927e-01 -6.832006e+00 5.831740e+00 5.579293e+00 1370 7.262614e-03
787198 5.920819e-03 5.530144e-03 9.154303e-02 3.379092e-02 3.119330e-02 1.328793e-01 9.272205e+00 8.537969e+00 1.375232e+01 2308 9.803086e-03
664475 -6.638511e-03 1.274507e-02 1.140460e-01 -1.817450e-02 3.569010e-02 1.712815e-01 -3.571130e+00 7.102959e+00 1.771807e+01 1476 8.256404e-03
477073 -9.959369e-03 1.429164e-02 1.071969e-01 -5.564320e-02 8.528228e-02 2.208349e-01 -6.680940e+00 1.038189e+01 1.661876e+01 1942 8.793701e-03
226187 2.729566e-03 7.544746e-03 1.137919e-01 2.040893e-02 4.722444e-02 2.477441e-01 3.262383e+00 7.322115e+00 2.471827e+01 2767 1.247931e-02
728388 1.260969e-02 5.475783e-05 9.644906e-02 3.161606e-02 2.893719e-03 1.170805e-01 9.678439e+00 1.445658e+00 1.050595e+01 1718 7.973418e-03
163885 -2.291645e-02 1.893715e-03 1.251128e-01 -1.079139e-01 8.461369e-03 2.619677e-01 -1.287491e+01 9.948296e-01 2.072997e+01 4287 1.759417e-02
540872 1.022985e-02 -3.806997e-03 1.049410e-01 7.857388e-02 -3.878978e-02 2.332897e-01 9.664126e+00 -4.946710e+00 1.814904e+01 1015 5.044352e-03
914414 -6.862337e-03 -1.930979e-02 9.063482e-02 -7.746322e-02 -1.275369e-01 1.119279e-01 -1.293323e+01 -1.982590e+01 3.900631e+00 4756 1.796411e-02
289520 1.348930e-02 7.500457e-03 9.290373e-02 1.972538e-01 9.277247e-02 1.979102e-01 2.372081e+01 1.100714e+01 1.355452e+01 1698 7.615270e-03
414548 -4.756526e-03 -2.351299e-03 1.674996e-01 -7.907656e-03 -7.093642e-03 1.192803e+00 -9.941258e-02 -1.496126e-01 3.234652e+01 3727 1.711505e-02
353636 -1.039945e-02 9.467672e-03 9.541892e-02 -2.876520e-02 3.385239e-02 1.213230e-01 -8.857281e+00 1.176006e+01 1.249279e+01 2082 9.302738e-03
729403 2.378591e-03 -1.197806e-02 1.101875e-01 2.208789e-03 -3.590877e-02 1.529602e-01 -8.269063e-02 -1.165389e+01 2.082965e+01 2400 1.032166e-02
59372 1.122881e-02 -5.527134e-03 1.215360e-01 4.054491e-02 -1.018322e-02 2.063748e-01 6.095284e+00 -9.680746e-01 1.763934e+01 1324 7.993637e-03
914920 1.076134e-02 7.865215e-04 1.046543e-01 3.979118e-02 2.942806e-03 1.616572e-01 1.002763e+01 7.448346e-01 1.969024e+01 2263 1.009168e-02
789798 7.726235e-03 1.524115e-02 1.170411e-01 3.476719e-02 1.554124e-01 3.833256e-01 1.917872e+00 9.941605e+00 1.888615e+01 3216 1.428937e-02
666919 1.189917e-02 -1.936772e-02 1.389178e-01 1.518456e-01 -2.659698e-01 7.620313e-01 4.281012e+00 -7.543645e+00 1.906126e+01 3888 1.838986e-02
541717 -1.104191e-02 -5.751608e-03 1.024645e-01 -3.363140e-02 -1.921060e-02 1.336062e-01 -9.790690e+00 -5.833369e+00 1.349734e+01 2669 1.144475e-02
60021 -5.891331e-03 3.740033e-03 2.037023e-01 -5.496208e-03 5.773718e-03 5.428293e-01 2.608571e-02 1.342622e-01 2.238890e+01 4730 2.304557e-02
104593 4.317012e-03 8.343218e-03 9.905999e-02 1.597038e-02 4.919278e-02 1.847216e-01 3.014893e+00 1.056837e+01 2.216189e+01 1248 6.344929e-03
915347 8.671426e-03 7.509516e-03 1.068453e-01 2.997575e-02 2.974641e-02 1.822474e-01 7.103680e+00 7.414635e+00 2.514198e+01 3416 1.387559e-02
354412 7.565938e-03 1.674676e-03 9.798340e-02 4.441825e-02 1.771218e-02 1.686515e-01 1.182251e+01 5.144957e+00 2.267088e+01 4016 1.647750e-02
855322 3.313533e-03 -6.862090e-03 9.327014e-02 1.222875e-02 -2.871146e-02 1.271025e-01 5.163128e+00 -1.265378e+01 1.959355e+01 1886 9.375664e-03
790355 1.256940e-02 -5.243260e-03 1.139840e-01 1.731689e-01 -7.709966e-02 4.254098e-01 8.185053e+00 -3.662205e+00 1.587201e+01 2297 1.060178e-02
105004 7.951415e-03 -2.153392e-02 1.193061e-01 2.406730e-02 -9.923586e-02 2.208279e-01 2.834133e+00 -1.366463e+01 1.785358e+01 2277 1.201865e-02
480174 2.794577e-02 3.440379e-03 1.501618e-01 3.172241e-01 1.036685e-02 7.004423e-01 1.001399e+01 2.397748e-01 1.904915e+01 2830 1.533485e-02
60982 1.305210e-02 6.277480e-03 1.273276e-01 2.975438e-01 1.974083e-01 1.096191e+00 7.255920e+00 4.874765e+00 2.471072e+01 2157 9.824576e-03
228926 1.054802e-02 1.891534e-02 1.920748e-01 4.792794e-02 4.712022e-02 4.457433e-01 3.503821e+00 2.643795e+00 2.377771e+01 2642 1.652610e-02
61550 6.708616e-03 -4.517717e-03 9.306162e-02 2.669936e-02 -1.563931e-02 1.247825e-01 8.351368e+00 -4.646176e+00 1.325179e+01 1592 7.091746e-03
229175 3.229870e-03 -1.657907e-02 1.312532e-01 8.189230e-03 -5.506229e-02 2.578275e-01 9.792753e-01 -7.598897e+00 2.499337e+01 5211 2.119760e-02
480889 1.255132e-02 -1.079768e-02 1.088224e-01 5.237918e-02 -6.808709e-02 1.945763e-01 7.864735e+00 -1.131284e+01 1.693367e+01 5086 2.065190e-02
980936 -1.504594e-02 -3.905867e-03 1.616811e-01 -1.194301e-01 6.338426e-03 6.996190e-01 -4.376823e+00 4.295426e-01 2.255571e+01 1027 8.539700e-03
229337 -8.690775e-03 -2.458206e-02 2.098841e-01 2.106706e-02 -9.888293e-01 5.661025e+00 1.487635e-01 -4.820404e+00 2.725100e+01 1314 1.098265e-02
416368 -7.601244e-03 2.432634e-02 1.164070e-01 -9.569528e-03 2.965189e-02 1.225097e-01 -4.976518e+00 1.346488e+01 1.542967e+01 1803 1.012470e-02
791323 -2.682688e-02 6.094328e-04 1.285895e-01 -4.670587e-02 1.973178e-03 1.567271e-01 -1.395928e+01 9.576390e-01 1.975856e+01 2504 1.185384e-02
62144 -2.062804e-02 1.418111e-02 6.643695e-02 -3.673811e-02 5.159731e-02 7.881214e-02 -8.160489e+00 1.895302e+01 6.268603e+00 2408 1.152285e-02
291602 1.874398e-03 2.302755e-02 1.138886e-01 3.532423e-02 1.792574e-01 2.822087e-01 2.993548e+00 1.398158e+01 1.506359e+01 2580 1.727178e-02
981594 -3.445216e-03 -8.761886e-03 1.020978e-01 -4.005967e-02 -7.232940e-02 2.438670e-01 -5.972957e+00 -1.036984e+01 2.312696e+01 1494 6.917025e-03
417016 -2.237775e-02 -8.031397e-03 1.196947e-01 -4.995369e-01 -9.597644e-02 9.075905e-01 -9.884160e+00 -1.821746e+00 1.632094e+01 2006 1.045112e-02
356415 1.024749e-03 6.945812e-03 9.433893e-02 -1.130132e-02 3.297301e-02 1.463616e-01 -5.743770e+00 1.212830e+01 2.424180e+01 2872 1.121282e-02
417250 3.966178e-03 1.765734e-03 1.474917e-01 3.200774e-02 5.936645e-02 7.729908e-01 1.487555e+00 3.055616e+00 3.318162e+01 2608 1.199947e-02
106929 -5.014116e-03 4.385609e-03 1.087549e-01 -2.564190e-02 4.722338e-02 2.423522e-01 -2.966037e+00 6.159575e+00 1.920975e+01 2017 9.091247e-03
482222 -9.764448e-03 1.333986e-02 1.051823e-01 -2.153181e-01 2.040525e-01 4.285711e-01 -1.746856e+01 1.620732e+01 2.748253e+01 1236 5.374660e-03
292674 -1.093750e-02 1.007378e-02 1.173525e-01 -2.239376e-02 2.182012e-02 1.540026e-01 -4.990959e+00 5.117337e+00 1.596675e+01 1459 7.932885e-03
482570 1.136375e-02 5.484464e-03 1.032856e-01 4.827449e-02 2.554983e-02 1.886181e-01 1.040762e+01 5.657780e+00 2.406097e+01 3321 1.543320e-02
292918 -1.889635e-02 3.556435e-03 1.362243e-01 -4.991411e-01 7.337332e-02 1.524611e+00 -1.053652e+01 1.531776e+00 3.046106e+01 2263 1.302874e-02
167850 2.689349e-03 6.741952e-03 1.130877e-01 1.134377e-02 5.243375e-02 2.653450e-01 1.441605e+00 7.611082e+00 2.536216e+01 4066 1.610528e-02
357217 -9.860209e-03 -1.853860e-02 1.200438e-01 -2.384915e-02 -6.729774e-02 1.930040e-01 -3.465645e+00 -1.207968e+01 1.807529e+01 2954 1.371697e-02
605607 1.480697e-02 6.725600e-03 1.380287e-01 1.245760e-01 4.278861e-02 5.177672e-01 5.553970e+00 1.824675e+00 1.921358e+01 2383 1.286119e-02
918286 1.331544e-02 3.728260e-04 1.017893e-01 1.234204e-01 2.218379e-02 2.854201e-01 1.247675e+01 2.471551e+00 2.080847e+01 2498 1.023552e-02
231355 1.618181e-02 -2.510506e-02 1.432354e-01 1.779784e-01 -2.397893e-01 7.270722e-01 6.205250e+00 -8.233606e+00 2.239140e+01 2373 1.291718e-02
418289 -7.046638e-03 4.609272e-03 9.787776e-02 -6.886642e-02 2.592400e-02 1.869957e-01 -1.664566e+01 5.739227e+00 2.399600e+01 1849 7.213280e-03
605714 -4.790491e-03 -1.077925e-02 1.177157e-01 -3.193610e-02 -4.681200e-02 2.335981e-01 -4.583336e+00 -6.083862e+00 1.956590e+01 1454 7.384761e-03
231519 -3.191828e-04 -7.187035e-03 1.075854e-01 7.535056e-04 -4.043974e-02 2.465768e-01 1.657121e-01 -5.136975e+00 2.147180e+01 897 5.085811e-03
108067 5.725146e-03 -6.343731e-04 9.383176e-02 4.322168e-02 -2.046906e-02 1.458426e-01 1.523133e+01 -8.056975e+00 2.112711e+01 3515 1.383359e-02
418779 -1.262290e-02 1.827870e-02 1.054674e-01 -2.357273e-02 3.171249e-02 1.199374e-01 -7.813345e+00 9.585794e+00 1.032515e+01 2777 1.325112e-02
168903 -4.114619e-03 -8.333346e-03 1.199776e-01 -1.997241e-02 -3.176744e-02 2.154713e-01 -5.070222e+00 -7.492595e+00 3.053223e+01 3082 1.454062e-02
919020 6.482076e-03 -1.689573e-02 1.323352e-01 3.643796e-02 -1.071552e-01 4.243165e-01 3.079845e+00 -9.279820e+00 3.001938e+01 2893 1.553020e-02
671299 9.867860e-03 -2.575092e-02 1.698976e-01 9.546869e-02 -3.366110e-01 1.497742e+00 1.739127e+00 -6.315653e+00 2.697743e+01 2463 1.493270e-02
671540 8.576009e-03 -7.759929e-03 1.267649e-01 7.344561e-02 -1.951729e-02 4.035993e-01 5.317313e+00 -9.637422e-01 2.269191e+01 1055 7.013363e-03
671627 -2.906081e-03 -1.214261e-02 8.951579e-02 -1.050623e-02 -3.447600e-02 9.444245e-02 -5.071304e+00 -1.490226e+01 3.287381e+00 4115 1.776579e-02
294473 8.685282e-04 -9.038582e-03 9.045299e-02 -1.785922e-03 -6.369616e-02 1.261669e-01 -8.155926e-01 -1.679381e+01 1.097328e+01 4802 1.811043e-02
232605 9.082910e-03 1.071688e-02 1.052756e-01 2.801669e-02 2.821376e-02 1.365902e-01 7.645798e+00 7.065555e+00 1.264540e+01 2644 1.273097e-02
919609 -2.395769e-02 -1.628806e-02 1.954313e-01 -4.839190e-01 -3.409265e-01 2.338383e+00 -6.017357e+00 -4.247022e+00 2.803477e+01 2496 1.379376e-02
794459 2.540917e-03 -2.314322e-02 1.511613e-01 5.566472e-02 -2.179090e-01 7.348858e-01 2.112897e+00 -7.746433e+00 2.321651e+01 1201 8.110888e-03
984496 2.653807e-03 -1.968562e-02 3.073377e-01 -2.952997e-01 -6.316280e-01 6.242140e+00 -1.131640e+00 -2.324182e+00 2.254062e+01 2607 2.103361e-02
607068 -1.381446e-02 1.779556e-02 6.580408e-02 -1.819947e-02 2.584211e-02 6.511899e-02 -1.258893e+01 2.310084e+01 -1.966840e+00 3921 1.639691e-02
859983 2.544418e-02 1.085707e-02 6.586562e-02 4.954602e-02 2.396039e-02 6.782358e-02 3.329178e+01 1.809957e+01 2.704529e+00 5181 1.960771e-02
419749 -8.433369e-03 -8.451363e-03 9.851468e-02 -3.517570e-02 -2.668799e-02 1.277847e-01 -1.157860e+01 -7.895894e+00 1.267299e+01 2287 9.926390e-03
546657 -9.881086e-03 2.718906e-03 1.030831e-01 -8.478118e-02 1.402789e-02 2.505042e-01 -1.480559e+01 2.235461e+00 2.914091e+01 2055 8.664447e-03
984788 -1.447146e-03 -2.259768e-02 1.379208e-01 -5.543363e-03 -1.258899e-01 3.737512e-01 -3.637481e-01 -9.172447e+00 2.094196e+01 1317 8.611177e-03
735330 -3.426406e-03 5.073306e-03 1.157202e-01 -3.059421e-02 2.279322e-02 3.031231e-01 -3.052620e+00 1.991039e+00 2.105689e+01 4471 1.827188e-02
110069 -6.625718e-03 1.144793e-02 1.169583e-01 -4.905563e-02 9.372730e-02 2.935486e-01 -3.252908e+00 6.307983e+00 1.353837e+01 3027 1.513199e-02
547397 7.602467e-04 -1.587971e-02 1.197657e-01 1.397468e-02 -1.891575e-01 5.281191e-01 7.337162e-01 -9.621046e+00 2.267335e+01 3733 1.751585e-02
547405 2.559034e-02 -1.511374e-02 6.557886e-02 7.843848e-02 -5.285309e-02 5.741551e-02 2.268040e+01 -1.619628e+01 -3.083796e+00 2277 1.043044e-02
672843 4.554766e-03 -2.169449e-02 1.000162e-01 3.900859e-02 -1.603081e-01 1.893763e-01 3.715907e+00 -1.494973e+01 9.637648e+00 691 4.657853e-03
920672 -1.290876e-02 7.598259e-04 1.090504e-01 -4.442709e-02 -1.744587e-03 1.643016e-01 -9.933501e+00 -7.893055e-01 1.741332e+01 4474 1.772662e-02
170825 -5.184059e-03 7.922894e-03 9.500873e-02 -3.486011e-02 3.629508e-02 1.523704e-01 -7.875029e+00 7.529028e+00 1.522186e+01 2695 1.118487e-02
234220 1.912522e-02 -6.392229e-03 1.269345e-01 4.882371e-02 -1.486004e-02 2.052851e-01 6.163294e+00 -1.757315e+00 1.626001e+01 5495 2.308167e-02
548057 -9.395003e-03 5.364477e-03 1.013033e-01 -3.381248e-02 1.769412e-02 1.280881e-01 -1.176414e+01 5.940319e+00 1.290471e+01 1508 8.623733e-03
548073 2.192113e-03 -1.622144e-02 9.786922e-02 5.683972e-03 -3.735862e-02 1.128786e-01 2.418521e+00 -1.463997e+01 1.039573e+01 1975 9.030820e-03
548088 -2.085261e-02 -1.274884e-02 1.072096e-01 -3.088113e-02 -1.944982e-02 1.157101e-01 -1.969090e+01 -1.315732e+01 1.669062e+01 1275 6.351914e-03
673568 -1.953815e-02 4.457217e-03 1.133238e-01 -2.171095e-01 2.129118e-02 3.612765e-01 -1.321503e+01 1.125979e+00 1.658490e+01 2577 1.280442e-02
296354 1.937304e-02 1.876710e-03 1.346660e-01 1.169851e-01 1.929201e-03 4.315710e-01 8.214643e+00 4.417430e-03 2.498634e+01 4684 1.997811e-02
296356 -2.019039e-02 1.496106e-02 6.780497e-02 -3.508534e-02 2.678860e-02 7.143059e-02 -2.947660e+01 2.340630e+01 7.174984e+00 978 4.466057e-03
486409 -4.606436e-03 1.362436e-02 1.021079e-01 -4.370447e-02 1.176320e-01 2.635875e-01 -5.236476e+00 1.392995e+01 2.162727e+01 3456 1.493258e-02
986411 -5.497594e-03 1.893466e-02 2.056912e-01 -1.252734e-01 2.728536e-01 1.341654e+00 -2.060359e+00 4.367862e+00 1.954060e+01 2361 1.888965e-02
921642 -2.245806e-02 4.419773e-04 1.300931e-01 -4.008490e-01 5.381286e-02 9.171079e-01 -1.104543e+01 1.557924e+00 2.297337e+01 1819 8.762279e-03
921730 -8.751781e-03 -7.414064e-03 1.011053e-01 -8.644456e-02 -7.625921e-02 2.565102e-01 -9.992518e+00 -8.854573e+00 1.998752e+01 6715 2.600142e-02
235418 6.592087e-03 -2.495109e-02 9.980227e-02 3.255261e-02 -1.135558e-01 1.440830e-01 6.457171e+00 -2.203869e+01 1.101397e+01 6344 2.390300e-02
487485 7.523637e-03 -1.908411e-02 1.818940e-01 4.375425e-02 -8.522612e-02 7.326013e-01 1.545692e+00 -2.821789e+00 2.349460e+01 1705 1.196644e-02
172808 5.808799e-04 -2.611433e-03 1.204660e-01 1.865189e-02 6.732719e-03 4.379578e-01 1.322418e+00 6.837955e-01 2.323373e+01 1865 9.825822e-03
922893 -1.963011e-02 3.640029e-03 1.289602e-01 -2.556554e-01 5.772711e-03 6.626726e-01 -1.013438e+01 9.157245e-02 2.291638e+01 2573 1.341263e-02
922961 -1.195360e-02 3.144462e-03 9.759288e-02 -3.032794e-02 7.190352e-03 1.140387e-01 -9.859631e+00 2.171016e+00 8.824807e+00 2224 1.045004e-02
738263 5.795880e-03 1.192835e-02 1.034690e-01 2.419061e-02 3.633663e-02 1.482612e-01 5.313313e+00 7.050327e+00 1.293821e+01 2783 1.302428e-02
236087 2.726959e-02 1.443834e-03 6.690818e-02 3.497628e-02 1.629062e-03 6.750664e-02 2.005553e+01 4.820285e-01 1.557408e+00 3025 1.236053e-02
863517 -1.033173e-02 -3.290633e-03 1.969365e-01 -5.389787e-01 -2.545778e-01 6.670008e+00 -2.869482e+00 -1.363980e+00 3.513566e+01 2771 1.329892e-02
550016 9.596339e-03 -2.207650e-03 1.021548e-01 3.805940e-02 -1.101055e-02 1.569386e-01 7.594762e+00 -2.348866e+00 1.461790e+01 1182 7.355897e-03
675727 1.147029e-02 2.696087e-03 1.135514e-01 3.064448e-02 2.774030e-03 1.653273e-01 7.548932e+00 3.068643e-02 2.038432e+01 1381 7.329676e-03
236364 1.375223e-02 -2.617844e-03 1.259649e-01 4.701155e-02 4.009947e-04 2.504773e-01 3.923781e+00 3.561486e-01 1.468940e+01 2795 1.357709e-02
675762 5.282672e-03 -1.998641e-03 1.813068e-01 1.789905e-02 5.382057e-03 3.701236e-01 1.380390e+00 8.075412e-01 2.065893e+01 2620 1.452102e-02
236387 -3.352551e-04 -2.913425e-02 1.206336e-01 8.241860e-03 -1.311016e-01 2.464027e-01 1.273433e+00 -1.513897e+01 1.867278e+01 2818 1.301543e-02
863832 8.051535e-03 1.648063e-03 9.873854e-02 3.304089e-02 -3.812229e-03 1.437695e-01 1.197723e+01 -2.617081e+00 2.158305e+01 8885 3.161249e-02
864022 -4.740271e-03 -3.670719e-03 1.132201e-01 -4.158379e-02 -3.487380e-02 4.496951e-01 -2.879217e+00 -2.438433e+00 2.629457e+01 881 4.764686e-03
363153 9.333294e-03 -5.270250e-03 1.057640e-01 2.941130e-02 -3.005200e-02 1.718317e-01 3.618881e+00 -4.466688e+00 1.190810e+01 1859 1.101689e-02
363166 2.528789e-02 7.867960e-03 9.785071e-02 1.764750e-01 6.161156e-02 1.489843e-01 1.172225e+01 4.166997e+00 3.964633e+00 2471 1.188362e-02
798666 8.149288e-03 5.293838e-03 1.010732e-01 2.916630e-02 1.979531e-02 1.536372e-01 7.266249e+00 5.013621e+00 1.817306e+01 1858 8.550765e-03
798796 1.343130e-02 1.316363e-02 1.040411e-01 1.946018e-01 2.085793e-01 3.121477e-01 1.008530e+01 1.087829e+01 1.158476e+01 3107 1.507213e-02
424188 2.880764e-03 7.874055e-03 9.059359e-02 2.119909e-02 6.130554e-02 1.361589e-01 5.722344e+00 1.669111e+01 1.423383e+01 1994 7.731809e-03
989310 -1.953713e-03 9.624730e-03 9.439400e-02 -4.274567e-02 8.419894e-02 1.526411e-01 -9.201774e+00 1.682232e+01 1.313928e+01 1226 5.891882e-03
924287 -9.489691e-03 -1.593205e-02 1.072055e-01 -7.004567e-02 -1.272370e-01 2.665511e-01 -6.987034e+00 -1.284253e+01 1.838552e+01 2530 1.116809e-02
611700 -3.223832e-03 -9.023468e-03 1.044698e-01 -1.086282e-01 -1.291688e-01 4.331865e-01 -7.170228e+00 -8.172990e+00 2.236124e+01 2381 9.808562e-03
364117 1.363079e-02 2.080764e-02 1.475934e-01 5.859295e-01 6.964572e-01 2.071297e+00 6.935017e+00 8.187404e+00 2.331111e+01 930 6.849084e-03
989672 -3.272958e-03 1.510828e-02 1.137861e-01 -6.125157e-02 1.726549e-01 3.895888e-01 -3.169246e+00 8.611864e+00 1.507602e+01 5644 2.381625e-02
489857 -1.174144e-02 -1.220027e-02 1.263231e-01 -7.231441e-02 -8.014247e-02 3.581012e-01 -6.197633e+00 -6.951629e+00 2.371480e+01 2711 1.179549e-02
740272 8.344171e-03 -1.523307e-03 1.153462e-01 8.435369e-02 -5.850633e-03 4.939236e-01 5.923926e+00 -3.372572e-01 2.950504e+01 1373 6.176060e-03
865561 1.228398e-02 -1.651113e-02 1.625781e-01 6.362993e-02 -6.038931e-02 4.331663e-01 4.116493e+00 -3.517790e+00 2.169353e+01 2675 1.457395e-02
174916 -2.973159e-02 -1.842671e-03 1.132890e-01 -3.078635e-02 -1.770898e-03 1.142113e-01 -1.550958e+01 1.055380e+00 1.356245e+01 1212 6.900111e-03
490361 -1.799200e-02 -1.172451e-02 6.629099e-02 -3.022026e-02 -1.501293e-02 6.598883e-02 -3.939986e+01 -1.059537e+01 -9.735718e-01 1516 7.317181e-03
364840 8.915986e-03 3.953303e-03 1.095898e-01 6.571091e-02 2.237734e-02 2.655542e-01 1.027933e+01 3.334572e+00 2.822805e+01 3339 1.353687e-02
677989 9.167727e-03 2.015005e-02 1.700027e-01 1.010492e-01 2.570772e-01 1.430840e+00 1.725378e+00 4.449090e+00 2.367639e+01 1088 9.063544e-03
300542 -2.290351e-02 -1.926610e-02 1.412088e-01 -4.199683e-01 -3.686786e-01 1.206045e+00 -7.794899e+00 -6.859422e+00 2.090412e+01 4985 2.381972e-02
678162 9.074050e-03 3.181037e-03 1.276294e-01 8.669031e-02 1.650519e-02 5.457249e-01 4.420349e+00 7.588279e-01 2.381109e+01 1832 9.129549e-03
238808 2.436497e-02 2.444503e-03 1.301196e-01 9.099719e-02 3.952573e-03 2.870383e-01 6.775766e+00 1.533542e-01 1.595691e+01 1169 7.419898e-03
741724 -2.045509e-02 6.836063e-03 1.113502e-01 -2.480647e-01 1.022010e-01 4.354902e-01 -1.364635e+01 5.717616e+00 1.943384e+01 2047 9.968299e-03
176292 9.561235e-03 -2.114149e-02 1.066294e-01 1.437852e-01 -4.524472e-01 5.416306e-01 4.166533e+00 -1.338844e+01 1.350316e+01 1299 6.759803e-03
239499 -1.269076e-02 4.635971e-03 1.019907e-01 -4.416852e-02 2.264826e-02 1.500104e-01 -9.555667e+00 5.467968e+00 1.457731e+01 2532 1.622050e-02
553553 1.084134e-02 -3.588881e-03 1.265713e-01 6.331555e-02 -2.880183e-02 3.747360e-01 5.235396e+00 -2.515517e+00 2.475960e+01 4168 1.709811e-02
239575 4.874200e-03 9.803441e-03 1.186325e-01 1.393699e-02 4.833350e-02 3.309577e-01 8.837887e-01 3.757391e+00 2.070562e+01 1960 9.319614e-03
491741 1.067189e-02 -1.138031e-02 1.016757e-01 2.360824e-02 -2.488371e-02 1.248391e-01 8.802198e+00 -9.188032e+00 1.576092e+01 1918 8.635745e-03
926607 1.595718e-02 -1.453516e-02 1.305434e-01 8.140579e-02 -8.073575e-02 3.363926e-01 6.646980e+00 -6.723351e+00 2.090610e+01 3521 1.545537e-02
992072 -1.960625e-02 -1.453975e-02 6.668208e-02 -3.444882e-02 -2.952583e-02 7.342114e-02 -1.814248e+01 -1.831789e+01 8.237332e+00 1769 7.557839e-03
554293 2.390900e-02 4.514301e-04 1.173029e-01 1.802782e-01 4.280635e-04 3.015277e-01 2.298546e+01 -3.434777e-03 2.708009e+01 2082 1.015728e-02
240308 -1.222832e-02 -9.448858e-03 1.249465e-01 -1.332084e-01 -1.485618e-01 6.449604e-01 -4.910206e+00 -5.646162e+00 2.110574e+01 2636 1.356928e-02
992428 -8.726917e-03 2.142602e-02 1.651453e-01 -1.099467e-02 3.226688e-02 1.932259e-01 -1.898506e+00 9.075702e+00 2.350839e+01 1291 1.001892e-02
679940 -1.555229e-02 -1.043146e-02 1.396501e-01 -2.193687e-01 -1.040533e-01 1.105456e+00 -4.569865e+00 -2.099138e+00 2.165479e+01 1942 1.096290e-02
927258 2.253994e-02 -1.240033e-02 2.144452e-01 8.815743e-01 -7.468061e-01 5.408822e+00 4.630379e+00 -3.958604e+00 2.799880e+01 1758 1.271173e-02
868001 3.937010e-03 -8.396900e-03 1.015033e-01 2.841287e-02 -3.228819e-02 1.548519e-01 1.075526e+01 -1.049839e+01 2.344263e+01 1410 6.229652e-03
366904 -1.096022e-02 -1.283035e-02 9.711765e-02 -5.539093e-02 -7.553945e-02 1.558192e-01 -8.766410e+00 -1.237283e+01 1.158213e+01 2033 1.068764e-02
492624 -5.353157e-03 3.258445e-03 1.199229e-01 -4.338901e-02 1.601115e-02 3.220856e-01 -4.817340e+00 1.615163e+00 2.560443e+01 4484 1.794744e-02
117606 1.643389e-02 2.124851e-03 1.094195e-01 9.504739e-02 2.468435e-02 2.498353e-01 1.000837e+01 2.872075e+00 1.787650e+01 2760 1.180199e-02
427572 -9.585657e-04 1.563178e-02 9.875840e-02 -2.109928e-03 6.875179e-02 1.384647e-01 -2.838594e-01 1.309633e+01 9.789288e+00 1162 5.708557e-03
555034 -2.061047e-02 1.438184e-02 6.637863e-02 -4.566122e-02 2.763010e-02 7.153405e-02 -2.837928e+01 1.500858e+01 5.840435e+00 2520 1.071304e-02
493205 1.695719e-02 -1.245615e-02 1.302876e-01 3.124068e-02 -2.600773e-02 1.688983e-01 5.035995e+00 -4.777941e+00 1.361314e+01 2810 1.482587e-02
302961 1.662998e-02 2.272983e-02 1.071710e-01 5.909266e-02 1.073605e-01 1.727574e-01 1.056621e+01 2.105908e+01 1.632019e+01 1913 8.750607e-03
241097 -7.949191e-03 2.410964e-02 2.968028e-01 2.342069e-02 2.297527e-01 1.795873e+00 5.286419e-01 3.465475e+00 2.526217e+01 1349 1.434827e-02
802894 -1.654434e-02 -5.788402e-03 2.389417e-01 -3.866763e-01 -3.711655e-01 5.318510e+00 -1.687774e+00 -1.666092e+00 2.316245e+01 3257 1.976733e-02
928046 1.194722e-02 2.195320e-02 6.589332e-02 1.507407e-02 2.792269e-02 6.540259e-02 1.215500e+01 2.320525e+01 -1.907614e+00 2097 8.981586e-03
367721 4.888531e-03 2.865119e-02 6.587758e-02 5.901441e-03 3.037618e-02 6.608872e-02 1.165455e+01 1.984778e+01 2.429407e+00 1487 6.580284e-03
615423 -8.974800e-03 7.805893e-03 9.477780e-02 -4.243543e-02 3.591562e-02 1.423037e-01 -1.384217e+01 1.162857e+01 1.966076e+01 1585 6.998054e-03
428060 5.948109e-04 -4.307498e-03 1.055924e-01 9.158799e-03 -3.232748e-02 1.772025e-01 2.597531e+00 -8.498700e+00 2.171997e+01 1899 9.680186e-03
241273 8.554089e-03 1.412870e-02 9.462747e-02 2.295032e-02 1.627108e-01 1.807543e-01 1.103688e+00 1.139106e+01 6.602920e+00 3011 1.292245e-02
241301 -3.328059e-03 -8.434151e-03 9.192820e-02 -1.115537e-02 -2.932750e-02 1.124788e-01 -5.988904e+00 -1.598611e+01 1.572387e+01 1305 6.779237e-03
993386 1.534013e-02 1.927091e-03 1.733599e-01 1.534021e-01 3.796187e-02 9.606504e-01 5.362334e+00 1.399593e+00 3.057840e+01 2077 1.204285e-02
178349 -1.337315e-02 -2.322396e-02 1.416059e-01 -8.560258e-02 -1.699032e-01 5.345893e-01 -3.826278e+00 -7.770175e+00 2.081788e+01 1084 9.085409e-03
555701 -9.826732e-03 2.016952e-02 1.533904e-01 -2.437426e-01 5.403881e-01 1.678730e+00 -3.639734e+00 8.094610e+00 2.373432e+01 2210 1.145964e-02
303583 -2.825221e-02 -4.273866e-03 6.593775e-02 -4.971257e-02 -5.180439e-03 6.893313e-02 -2.733799e+01 -1.154868e+00 3.815765e+00 1381 6.494259e-03
178535 -1.045951e-02 -2.615192e-02 6.833050e-02 -1.449806e-02 -3.167662e-02 7.027941e-02 -1.609528e+01 -2.201816e+01 7.767218e+00 1676 7.805065e-03
615946 9.468764e-03 2.257785e-02 9.490891e-02 1.614733e-02 3.949423e-02 9.855613e-02 6.319120e+00 1.600591e+01 3.450919e+00 4832 1.921449e-02
241771 9.643696e-03 -2.643174e-02 1.471258e-01 1.301352e-01 -5.339709e-01 1.414890e+00 2.338909e+00 -9.852044e+00 2.460906e+01 2600 1.384421e-02
428580 -7.697229e-03 -1.796816e-03 9.042727e-02 -5.951852e-02 -1.145973e-02 1.194889e-01 -1.627579e+01 -3.034882e+00 9.127529e+00 7301 2.790165e-02
869597 -1.323836e-02 1.013078e-03 1.319901e-01 -3.097347e-01 -8.138477e-02 1.419115e+00 -5.300816e+00 -1.473124e+00 2.301146e+01 4032 1.742486e-02
928787 -1.120758e-02 -1.296372e-02 1.225472e-01 -3.782079e-02 -4.799630e-02 2.340143e-01 -5.667606e+00 -7.460612e+00 2.373825e+01 4928 2.205606e-02
303933 -9.112357e-03 -9.116471e-03 1.078995e-01 -3.716224e-02 -5.210485e-02 1.909093e-01 -7.489555e+00 -1.147826e+01 2.216432e+01 2457 1.057427e-02
681655 -7.869632e-03 -3.475058e-03 1.345266e-01 -6.790668e-02 -4.238577e-02 4.655554e-01 -5.124199e+00 -3.321053e+00 2.825351e+01 1484 7.544595e-03
803829 2.173156e-02 -1.816279e-02 1.782826e-01 3.699726e-02 -2.902314e-02 2.388302e-01 6.249924e+00 -4.446329e+00 2.478878e+01 4778 2.191234e-02
803890 7.165870e-03 5.025495e-03 1.042380e-01 6.793028e-02 7.605619e-02 3.041719e-01 8.259429e+00 9.654879e+00 2.717611e+01 1328 5.984224e-03
119245 -9.900451e-03 5.443782e-03 9.926857e-02 -3.699817e-02 2.910921e-02 1.424889e-01 -1.377638e+01 1.203142e+01 2.197309e+01 1620 7.596638e-03
869943 -1.174970e-02 1.449586e-03 1.073881e-01 -7.270010e-02 6.230063e-03 2.433204e-01 -9.618084e+00 7.543681e-01 2.145037e+01 2470 1.030096e-02
242293 2.871302e-03 9.857768e-03 9.338811e-02 1.272395e-02 6.674828e-02 1.430824e-01 2.539977e+00 1.466618e+01 1.281102e+01 1548 6.816010e-03
556506 1.020332e-03 -6.501237e-03 9.531308e-02 1.314053e-02 -2.728080e-02 1.272941e-01 5.373294e+00 -9.212284e+00 1.417828e+01 1691 7.234970e-03
369012 -2.194912e-02 1.746138e-02 6.329529e-02 -5.445652e-02 6.007856e-02 5.049908e-02 -1.453669e+01 1.905759e+01 -5.722222e+00 2013 8.956927e-03
870615 6.088414e-03 8.180174e-03 1.310271e-01 3.210166e-02 4.168005e-02 2.948595e-01 3.499403e+00 4.506534e+00 2.203936e+01 1143 7.606854e-03
429751 -6.294805e-03 -1.006586e-02 1.135349e-01 -4.087398e-02 -5.227001e-02 2.706523e-01 -6.294630e+00 -7.682644e+00 2.860091e+01 751 4.484603e-03
617325 1.595349e-02 -8.616768e-03 1.058648e-01 2.814365e-02 -1.288777e-02 1.209341e-01 1.238977e+01 -4.340934e+00 1.531610e+01 2178 1.124624e-02
871129 5.798992e-03 1.109186e-02 9.552860e-02 6.409065e-02 7.774792e-02 1.794664e-01 9.943997e+00 1.137089e+01 1.431899e+01 1933 7.882278e-03
243593 -1.440583e-02 -5.385655e-04 9.670416e-02 -5.685913e-02 4.209213e-03 1.308631e-01 -1.412210e+01 1.579350e+00 1.136298e+01 923 4.776907e-03
871476 -1.905621e-02 1.409361e-02 6.684767e-02 -2.571331e-02 2.013075e-02 6.731446e-02 -2.290604e+01 2.077284e+01 1.606154e+00 2917 1.119483e-02
930679 3.534742e-03 9.374253e-03 1.149732e-01 1.221523e-02 5.957400e-02 2.994125e-01 1.230031e+00 7.113342e+00 2.613518e+01 1625 8.842370e-03
430655 -1.553545e-04 -1.928749e-02 1.096981e-01 -1.741190e-02 -3.045098e-01 4.847529e-01 -1.119309e+00 -1.850034e+01 2.432713e+01 6320 2.405546e-02
618158 8.360442e-03 8.487156e-03 1.251586e-01 4.148903e-02 3.941601e-02 2.507681e-01 5.778933e+00 5.395211e+00 2.191125e+01 3331 1.424208e-02
430836 2.726501e-02 -2.093920e-03 1.034883e-01 7.100433e-02 -9.115635e-03 1.302245e-01 1.591604e+01 -2.555090e+00 9.728882e+00 921 6.152273e-03
496394 -2.654766e-02 -1.291691e-02 1.105856e-01 -1.106476e-01 -6.591358e-02 2.070706e-01 -1.214072e+01 -7.650631e+00 1.392863e+01 3641 1.576256e-02
996317 1.082137e-02 1.824294e-02 1.050303e-01 5.762913e-02 1.206530e-01 2.147677e-01 5.472290e+00 1.197275e+01 1.282939e+01 4058 1.755201e-02
430970 -1.485438e-02 -1.368440e-02 9.047143e-02 -3.647849e-02 -3.955899e-02 9.428460e-02 -8.302701e+00 -9.934695e+00 1.464087e+00 1325 6.936861e-03
306077 2.088165e-02 -1.450565e-02 1.165188e-01 8.543269e-02 -6.305538e-02 2.419591e-01 8.261421e+00 -6.213529e+00 1.605420e+01 1631 8.862838e-03
996472 -1.496323e-02 -1.960173e-02 6.525375e-02 -1.767754e-02 -2.503303e-02 6.612285e-02 -1.113382e+01 -2.227859e+01 3.564963e+00 1211 5.051733e-03
872129 1.518275e-02 -2.189880e-02 1.316915e-01 1.223903e-01 -1.369518e-01 4.358517e-01 7.239438e+00 -7.769226e+00 2.053913e+01 1916 9.777329e-03
746900 1.305600e-02 1.071454e-02 1.159419e-01 1.385840e-01 1.658202e-01 4.709453e-01 8.224391e+00 1.016227e+01 2.325924e+01 2771 1.270510e-02
121664 2.434349e-02 -9.236649e-03 6.605633e-02 2.798868e-02 -1.469747e-02 6.680426e-02 1.048512e+01 -1.570765e+01 2.151344e+00 1619 6.662629e-03
872406 1.254256e-02 -1.111398e-03 1.030153e-01 6.159341e-02 -1.344522e-02 1.848963e-01 1.136801e+01 -2.858482e+00 1.897671e+01 2372 1.079696e-02
931491 2.733896e-02 -6.776037e-03 1.031888e-01 1.166133e-01 -2.125466e-02 1.613457e-01 1.532611e+01 -2.485607e+00 9.984042e+00 3491 1.612909e-02
618894 -2.335944e-03 -7.137563e-03 9.537104e-02 -3.670783e-02 -3.259199e-02 1.481453e-01 -1.321754e+01 -9.788376e+00 2.029407e+01 2057 9.560885e-03
497150 7.416516e-03 3.782944e-04 1.296642e-01 5.826760e-02 5.402619e-03 7.213559e-01 1.860514e+00 1.838275e-01 2.164852e+01 1497 9.298913e-03
559051 -8.050443e-03 -1.161281e-02 1.113166e-01 -2.111828e-02 -2.305053e-02 1.473665e-01 -8.023849e+00 -7.022931e+00 2.213516e+01 2384 1.013479e-02
306772 -1.051694e-02 2.052147e-02 1.258199e-01 -5.835032e-02 1.672276e-01 3.617638e-01 -3.937784e+00 1.207728e+01 1.942360e+01 2094 9.933637e-03
307037 2.645654e-03 6.577171e-03 1.173505e-01 1.645378e-02 3.359595e-02 2.542710e-01 2.606699e+00 5.100609e+00 2.584786e+01 2420 1.234037e-02
747791 -6.888274e-03 -7.649028e-03 9.785812e-02 -4.973901e-02 -5.307546e-02 1.504904e-01 -8.639957e+00 -9.159293e+00 1.061219e+01 1959 1.059490e-02
747945 -7.847869e-03 6.856215e-03 9.585556e-02 -3.314289e-02 2.223071e-02 1.258922e-01 -8.429340e+00 5.123414e+00 1.000943e+01 2931 1.236241e-02
307413 -1.130105e-02 -2.461444e-03 1.052630e-01 -2.978063e-02 -5.719772e-03 1.435081e-01 -1.259229e+01 -2.220278e+00 2.606085e+01 1970 8.197919e-03
619771 -1.106039e-02 2.379608e-02 6.797501e-02 -2.707627e-02 5.045122e-02 8.381412e-02 -1.065275e+01 1.772931e+01 1.053517e+01 3978 1.546350e-02
245696 -2.433454e-02 -9.883125e-04 1.143093e-01 -5.491985e-02 -3.249298e-03 1.540920e-01 -1.319803e+01 -9.756501e-01 1.716684e+01 1203 7.174588e-03
873538 -1.670617e-02 -8.435525e-03 1.043950e-01 -6.147058e-02 -4.163515e-02 1.627625e-01 -1.337373e+01 -9.918659e+00 1.743777e+01 2537 1.132335e-02
307591 -2.167549e-02 -8.440432e-03 1.622827e-01 -1.186309e-01 -4.288128e-02 4.556274e-01 -8.789052e+00 -3.122080e+00 2.659184e+01 1192 7.745666e-03
122973 1.612543e-02 -2.295608e-02 1.058527e-01 6.361431e-02 -8.013280e-02 1.576671e-01 9.871580e+00 -1.188540e+01 1.077072e+01 3241 1.593146e-02
807660 1.064861e-02 -1.410335e-02 1.029282e-01 2.434232e-02 -3.656738e-02 1.289042e-01 9.592323e+00 -1.573585e+01 1.819590e+01 973 5.232806e-03
372746 9.073574e-03 1.181099e-02 9.140262e-02 2.925168e-02 6.131898e-02 1.061133e-01 5.437542e+00 1.334128e+01 3.964205e+00 2340 9.270104e-03
998337 -2.583935e-02 6.928263e-03 1.280895e-01 -4.894020e-02 1.092192e-02 1.637066e-01 -9.758865e+00 1.687105e+00 1.504630e+01 1410 8.395823e-03
748779 1.087663e-02 1.457349e-02 1.115187e-01 7.781780e-02 1.155945e-01 2.739447e-01 9.834909e+00 1.484188e+01 2.386342e+01 5353 2.099913e-02
998449 -1.000011e-02 1.616049e-03 1.210059e-01 -1.554454e-01 1.522470e-02 5.729038e-01 -6.521764e+00 6.102115e-01 2.026309e+01 1779 9.265949e-03
748858 9.947130e-03 4.975181e-03 1.216921e-01 4.624571e-02 1.770402e-02 2.485762e-01 8.122953e+00 2.848480e+00 2.839433e+01 1581 1.028211e-02
807931 -2.040918e-02 1.803974e-02 6.645196e-02 -3.103196e-02 2.312523e-02 7.007712e-02 -1.656366e+01 7.929590e+00 5.652573e+00 7708 2.946774e-02
686268 1.194938e-02 1.679874e-02 1.048634e-01 1.282571e-01 1.481356e-01 2.764742e-01 7.361156e+00 8.312359e+00 1.086131e+01 2149 1.269300e-02
124021 -1.041478e-02 7.506587e-03 1.062941e-01 -4.886192e-02 3.192574e-02 2.006411e-01 -6.187451e+00 3.929871e+00 1.518364e+01 2093 1.042930e-02
874742 1.397575e-02 1.233013e-02 1.168230e-01 4.128674e-02 2.411913e-02 2.185612e-01 3.672930e+00 1.585449e+00 1.368231e+01 1639 9.273770e-03
874783 5.822436e-03 8.383288e-03 9.151056e-02 5.880894e-02 6.073723e-02 1.255916e-01 1.573949e+01 1.555159e+01 1.012366e+01 2363 1.257394e-02
183707 1.638876e-02 5.320229e-03 1.223788e-01 9.327829e-02 2.932955e-02 2.944291e-01 1.112150e+01 3.472770e+00 2.488580e+01 3155 1.291117e-02
183767 6.315385e-03 1.695542e-02 9.968977e-02 1.514459e-01 3.186131e-01 3.584770e-01 8.774496e+00 1.823803e+01 1.564611e+01 3251 1.213411e-02
308952 1.244430e-02 -5.982345e-03 1.074021e-01 8.293605e-02 -4.713301e-02 2.284960e-01 1.340045e+01 -7.822720e+00 2.301988e+01 2008 8.668811e-03
499609 -9.033553e-03 2.654927e-02 1.502457e-01 -1.260944e-02 3.864577e-02 1.769909e-01 -2.769852e+00 9.369844e+00 2.071667e+01 2090 1.073163e-02
499682 -3.983543e-03 1.330375e-02 1.039498e-01 -2.417500e-02 4.991438e-02 1.653044e-01 -6.715484e+00 1.217634e+01 2.040597e+01 4256 1.729289e-02
374075 -3.560029e-03 1.203454e-02 1.149179e-01 -1.534866e-02 5.767651e-02 2.093119e-01 -2.001042e+00 7.747424e+00 1.602277e+01 1233 6.805786e-03
434142 1.288046e-02 -1.221797e-03 2.035026e-01 1.346237e-02 -3.515336e-02 7.521163e-01 1.621268e-02 -9.453735e-01 1.528503e+01 1234 1.328553e-02
999709 6.403935e-03 7.088540e-04 8.878511e-02 3.517420e-02 1.404043e-02 1.050209e-01 2.205776e+01 1.022113e+01 1.244777e+01 2653 1.115199e-02
999779 1.883293e-02 1.515995e-02 1.489367e-01 1.026020e-01 5.833268e-02 3.961555e-01 1.065592e+01 5.491823e+00 3.144767e+01 3481 1.446420e-02
934576 5.347919e-03 9.438070e-03 1.084593e-01 2.326849e-02 2.444882e-02 1.641970e-01 7.933718e+00 6.645498e+00 2.467594e+01 1715 8.687251e-03
248762 -1.190781e-02 5.158154e-04 1.017482e-01 -9.867854e-02 3.764957e-02 1.911134e-01 -1.576473e+01 6.746555e+00 1.623610e+01 2782 1.150475e-02
935824 1.512719e-04 5.829954e-03 9.354988e-02 5.582094e-03 5.746874e-02 1.397632e-01 1.919033e+00 1.824706e+01 1.632993e+01 3087 1.179199e-02
810830 2.850151e-04 -1.619821e-02 1.129709e-01 5.697190e-03 -3.567442e-02 1.378333e-01 2.867631e+00 -1.031944e+01 1.317332e+01 4580 1.892206e-02
249281 1.839353e-02 -1.223123e-02 1.138119e-01 1.469296e-01 -9.059788e-02 3.065707e-01 1.043416e+01 -6.361561e+00 1.564756e+01 4050 1.865470e-02
623608 -1.122426e-02 2.664552e-03 2.420135e-01 -1.766468e-01 3.171667e-02 2.072634e+00 -4.543425e+00 7.979332e-01 5.027904e+01 1038 7.449527e-03
811176 6.634908e-03 1.227176e-03 1.050074e-01 4.408074e-02 2.125179e-03 1.872075e-01 4.980877e+00 1.194483e-01 1.093389e+01 1599 7.653114e-03
623958 -2.077474e-03 6.374621e-03 1.122822e-01 -1.665523e-02 2.618046e-02 2.236983e-01 -3.049928e+00 4.143736e+00 2.331025e+01 1339 6.631677e-03
624579 4.594615e-04 1.327666e-02 9.681729e-02 3.049346e-03 3.743693e-02 1.155119e-01 1.781934e+00 1.662314e+01 1.286257e+01 2135 9.805904e-03
812280 -4.501037e-03 1.943148e-02 1.053233e-01 -1.072100e-01 2.973708e-01 3.875288e-01 -6.853414e+00 1.854593e+01 1.883060e+01 2440 1.218777e-02
