running....
idx x y z xnext ynext znext vx vy vz collides time
1 1.373983e-03 4.711127e-03 7.252874e-02 6.280797e-03 1.135741e-02 9.282275e-02 6.918849e+00 7.192673e+00 3.885917e+01 3096 1.151054e-02
2 -6.813513e-03 5.092087e-04 6.349336e-02 -6.795994e-03 4.781414e-04 6.357665e-02 3.588484e+00 -6.278988e+00 1.682420e+01 5324 2.064077e-02
3 -8.228350e-03 -9.374574e-03 1.288977e-01 -6.811973e-03 -9.826429e-03 1.316228e-01 1.058941e+01 -5.023861e-01 1.681898e+01 6540 2.714936e-02
4 -1.327389e-03 -7.837739e-03 1.191214e-01 -1.468030e-03 -5.331044e-03 1.329255e-01 2.614392e-01 1.089093e+01 4.119377e+01 15598 5.851079e-02
5 9.396320e-03 -1.611251e-03 1.097080e-02 9.365951e-03 -1.611571e-03 1.102242e-02 -8.536254e+00 -8.081215e-02 1.442586e+01 4406 1.706992e-02
6 4.726229e-03 5.771615e-03 1.280879e-01 5.068001e-03 6.428100e-03 1.310369e-01 -2.607100e-01 6.583523e-01 1.242607e+01 4645 2.076231e-02
7 3.179568e-03 -1.549719e-03 6.345371e-02 3.181146e-03 -1.521381e-03 6.350228e-02 6.078163e-01 1.113939e+01 1.908540e+01 4433 1.619764e-02
8 9.049343e-03 5.562978e-03 9.012240e-02 1.175402e-02 5.009415e-03 1.055558e-01 -1.422368e-02 -4.661378e+00 3.604151e+01 5312 2.034463e-02
9 7.085874e-03 1.246467e-02 8.817023e-02 6.996143e-03 1.157267e-02 9.515683e-02 -2.982310e+00 -8.056379e+00 2.770172e+01 1195 5.530711e-03
10 -3.128698e-03 6.158958e-03 6.349403e-02 -3.126421e-03 6.158036e-03 6.351888e-02 1.982691e+00 -8.113984e-01 2.158517e+01 10547 3.916760e-02
11 1.290272e-03 -4.936623e-03 6.345564e-02 1.353957e-03 -4.899820e-03 6.350093e-02 6.309153e+00 3.730642e+00 4.500469e+00 5682 2.147075e-02
12 -1.929747e-03 2.834356e-03 6.425399e-02 -1.980422e-03 2.889444e-03 6.432237e-02 -1.107181e+01 1.203124e+01 1.495738e+01 10299 3.836936e-02
13 -1.644627e-03 7.454605e-03 1.276518e-01 -9.247481e-04 7.003600e-03 1.302780e-01 1.071100e+01 -7.358194e+00 3.856674e+01 9336 3.597883e-02
14 -2.537061e-03 -4.681941e-03 1.294357e-01 -3.915072e-03 -5.636012e-03 1.322123e-01 -1.069818e+01 -6.876581e+00 2.266674e+01 2382 1.015843e-02
15 7.025651e-03 -1.389043e-02 1.917156e-02 7.114461e-03 -1.388388e-02 1.904504e-02 1.357718e+01 1.140704e+00 -1.943874e+01 4183 1.585137e-02
16 2.189455e-03 -2.549241e-04 1.283817e-02 2.208042e-03 -3.022572e-04 1.268158e-02 3.122310e+00 -7.997444e+00 -2.646617e+01 10001 3.759632e-02
17 3.949028e-03 3.780104e-03 1.285302e-01 1.621349e-03 1.084917e-03 1.353969e-01 -1.223383e+01 -1.392393e+01 3.330843e+01 3671 1.510864e-02
18 -4.615361e-03 -1.003278e-03 6.346461e-02 -4.601294e-03 -9.730903e-04 6.350533e-02 6.488315e+00 1.389557e+01 1.874156e+01 6254 2.313917e-02
19 -6.318104e-04 -7.106851e-04 1.198039e-01 -1.689891e-03 3.858169e-04 1.325500e-01 -3.593020e+00 4.257620e+00 4.809828e+01 1950 7.373340e-03
20 1.927483e-03 -5.153064e-03 6.339190e-02 2.056922e-03 -5.158062e-03 6.359713e-02 1.220811e+01 -3.917920e-01 1.940553e+01 2819 1.054006e-02
21 -1.006375e-02 1.189375e-03 1.298697e-01 -8.270337e-03 1.060317e-03 1.357736e-01 1.464045e+01 -1.150980e+00 4.170993e+01 6472 2.673564e-02
22 -1.756265e-03 3.513492e-03 1.258905e-01 -2.158655e-03 3.621315e-03 1.324119e-01 -1.940981e+00 -2.310719e-01 3.907297e+01 3574 1.489043e-02
23 -1.273190e-03 7.538853e-04 1.270296e-02 -1.275275e-03 7.707297e-04 1.269693e-02 -1.608162e+00 1.301244e+01 -4.662015e+00 1591 6.197090e-03
24 -7.082162e-04 1.315912e-02 6.336593e-02 -6.679577e-04 1.320347e-02 6.354953e-02 5.574504e+00 5.992361e+00 2.538859e+01 1546 5.464797e-03
25 5.838251e-03 -2.945587e-03 1.267791e-01 5.468854e-03 -1.917587e-03 1.321890e-01 -3.655091e+00 7.012475e+00 3.369178e+01 1204 5.569025e-03
26 6.339937e-03 -3.198803e-03 6.349338e-02 6.309757e-03 -3.204578e-03 6.351357e-02 -1.500494e+01 -2.857845e+00 1.002692e+01 9402 3.566505e-02
27 1.120233e-03 3.326117e-03 1.569696e-01 -1.013581e-03 -3.256769e-03 3.384420e-01 8.494157e-01 1.333148e+00 2.385232e+01 1279 8.338067e-03
28 4.638050e-03 1.359081e-02 1.911783e-02 4.562518e-03 1.358863e-02 1.904326e-02 -1.057652e+01 -4.483921e-01 -1.039291e+01 3612 1.396481e-02
29 -2.556122e-03 -3.803080e-03 1.298769e-01 -2.319324e-03 -2.137726e-03 1.347164e-01 2.163542e+00 1.217689e+01 3.339587e+01 9829 3.797915e-02
30 3.426443e-04 5.611752e-03 6.349963e-02 3.333665e-04 5.614516e-03 6.350295e-02 -1.164606e+01 3.463563e+00 4.160501e+00 4514 1.701882e-02
31 1.536614e-04 3.396733e-04 1.413090e-01 3.065160e-04 -7.926990e-04 4.899461e-01 1.800361e+00 -1.352052e+01 3.501508e+01 4226 1.738899e-02
32 5.448101e-03 -3.561337e-03 1.286765e-01 3.197478e-03 -1.055573e-03 1.369463e-01 -1.193637e+01 1.249384e+01 3.846396e+01 9350 3.724023e-02
33 -7.069420e-03 9.115748e-03 1.123542e-01 -9.709408e-03 8.769839e-03 1.177034e-01 -1.389171e+01 -4.291108e+00 3.215469e+01 20208 7.658042e-02
34 5.936167e-03 -5.811831e-04 1.267834e-01 5.422359e-03 -1.777061e-05 1.309562e-01 -5.433358e+00 4.945129e+00 3.615024e+01 1521 6.649041e-03
35 -5.200588e-03 -2.659533e-03 6.341352e-02 -5.153503e-03 -2.874830e-03 6.359538e-02 4.259884e+00 -1.903680e+01 1.611850e+01 6103 2.199193e-02
36 -4.186174e-03 -1.344685e-03 1.270802e-02 -4.180446e-03 -1.358590e-03 1.267914e-02 1.972146e+00 -4.736793e+00 -9.850470e+00 1800 6.614441e-03
37 -1.249758e-02 -1.091684e-03 1.101190e-01 -1.271059e-02 -1.036738e-03 1.161374e-01 8.763265e-01 6.238817e-01 4.521825e+01 1956 7.736866e-03
38 -3.614513e-03 2.615055e-03 6.347177e-02 -3.596397e-03 2.596337e-03 6.351679e-02 3.534289e+00 -3.643306e+00 8.713567e+00 2999 1.092553e-02
39 -4.796794e-03 -9.265078e-04 1.271526e-02 -4.769892e-03 -9.387506e-04 1.269730e-02 1.453938e+01 -6.608283e+00 -9.696086e+00 1703 6.217918e-03
40 4.914155e-03 -2.910838e-03 1.288953e-01 5.031248e-03 -3.050116e-03 1.304248e-01 2.216075e+00 -2.835272e+00 3.334633e+01 2413 1.072381e-02
41 5.838509e-03 -5.014994e-03 1.278194e-01 4.821812e-03 -3.557751e-03 1.385509e-01 -5.863742e+00 6.993632e+00 3.763126e+01 12912 4.832713e-02
42 4.586896e-03 -1.399185e-02 8.954854e-02 3.963269e-03 -1.814377e-02 1.039839e-01 -4.204349e+00 2.380654e-01 3.344559e+01 8793 3.359131e-02
43 3.583978e-03 -8.452892e-04 1.272338e-02 3.529463e-03 -8.098043e-04 1.262414e-02 -7.343383e+00 4.763524e+00 -1.329628e+01 4868 1.873833e-02
44 -7.322876e-03 -2.490171e-04 6.342853e-02 -7.214246e-03 -2.288140e-04 6.353135e-02 1.533427e+01 2.840155e+00 1.444182e+01 9361 3.447567e-02
45 -7.985980e-04 3.430568e-03 6.340678e-02 -8.772439e-04 3.527907e-03 6.361166e-02 -7.386056e+00 9.103168e+00 1.927571e+01 3362 1.245124e-02
46 1.126709e-03 -3.897456e-03 6.342846e-02 1.150122e-03 -3.960510e-03 6.353128e-02 4.156137e+00 -1.118557e+01 1.829178e+01 10547 3.971539e-02
47 -7.804582e-04 -4.044708e-03 6.344753e-02 -8.863565e-04 -3.992888e-03 6.352858e-02 -1.347338e+01 6.644480e+00 1.031916e+01 2245 8.069026e-03
48 8.600983e-04 -4.192178e-03 1.244088e-01 6.435364e-04 -4.705771e-03 1.316403e-01 -1.720389e+00 -2.799925e+00 5.209135e+01 3313 1.369701e-02
49 -8.872600e-03 -8.629769e-03 1.197154e-01 -1.039820e-02 -8.426100e-03 1.210298e-01 -8.465013e+00 3.241132e+00 9.041161e+00 5338 2.274138e-02
50 8.704033e-04 4.812984e-03 6.347422e-02 8.152633e-04 4.825344e-03 6.353127e-02 -6.054980e+00 1.289523e+00 6.253716e+00 8140 3.069941e-02
51 -7.297670e-04 -4.559933e-03 6.347097e-02 -6.670953e-04 -4.610813e-03 6.359958e-02 8.658217e+00 -6.973993e+00 1.775237e+01 6068 2.322301e-02
52 4.391490e-03 -4.548692e-03 6.345090e-02 4.333307e-03 -4.569567e-03 6.350638e-02 -1.180396e+01 -4.190080e+00 1.122327e+01 11888 4.589206e-02
53 1.384170e-03 4.600686e-03 1.221551e-01 4.683941e-03 6.841706e-03 1.313332e-01 6.384947e+00 2.110922e+00 2.218893e+01 9167 3.565972e-02
54 -8.443104e-03 8.393622e-03 1.281904e-01 -7.642763e-03 6.178682e-03 1.568082e-01 8.256473e+00 -1.020235e+01 4.948819e+01 1193 5.422375e-03
55 1.319256e-04 -1.108880e-03 1.524153e-01 4.137810e-03 -4.503696e-04 3.479600e+00 3.126924e+00 -2.433948e+00 4.043025e+01 4187 1.687136e-02
56 -2.411905e-03 5.316085e-03 1.282793e-02 -2.398153e-03 5.308785e-03 1.269004e-02 2.067353e+00 -1.137616e+00 -2.048850e+01 1576 5.804023e-03
57 -2.709784e-03 2.593713e-03 6.348272e-02 -2.675773e-03 2.575064e-03 6.352348e-02 3.677753e+00 -2.031971e+00 4.362428e+00 2951 1.167181e-02
58 4.364784e-03 1.786357e-03 1.275356e-02 4.364139e-03 1.714407e-03 1.260179e-02 -1.343650e-01 -9.564060e+00 -2.013270e+01 11081 4.267058e-02
59 -5.541482e-04 -3.433518e-03 6.463680e-02 -5.420423e-04 -3.469524e-03 6.471943e-02 3.403286e+00 -1.009553e+01 2.320828e+01 5502 2.014975e-02
60 -3.387583e-03 1.458588e-03 6.326485e-02 -3.563752e-03 1.481973e-03 6.350603e-02 -7.984901e+00 1.027422e+00 1.108402e+01 15079 5.874585e-02
61 6.677569e-06 -3.441747e-04 8.052509e-02 2.847348e-03 3.570070e-03 1.354214e-01 5.036589e-02 6.977739e-01 4.497443e+01 11163 4.309837e-02
62 -5.642869e-04 -9.868834e-03 6.347275e-02 -5.496224e-04 -9.845630e-03 6.351771e-02 4.490962e+00 7.149533e+00 1.376069e+01 15223 5.626269e-02
63 -5.564461e-03 1.032604e-02 6.346998e-02 -5.577004e-03 1.032820e-02 6.351057e-02 -5.571968e+00 9.301107e-01 1.808899e+01 962 3.545550e-03
64 -3.373766e-03 -5.529697e-03 6.343927e-02 -3.360831e-03 -5.522622e-03 6.353959e-02 2.619250e+00 1.459883e+00 2.012168e+01 6478 2.364538e-02
65 -4.312759e-04 5.456808e-03 1.258548e-01 -3.201432e-03 4.765625e-03 1.307633e-01 -1.525364e+01 -5.264089e+00 2.769998e+01 26628 1.013828e-01
66 5.422668e-03 -3.260843e-03 1.259218e-01 7.459233e-04 -4.377417e-04 1.338974e-01 -1.422978e+01 8.582661e+00 2.071464e+01 12980 5.060546e-02
67 -2.397923e-03 -4.676178e-03 1.270262e-02 -2.409784e-03 -4.657734e-03 1.265136e-02 -2.224272e+00 3.524518e+00 -9.693310e+00 3680 1.338988e-02
68 7.738321e-03 -1.973047e-03 6.349965e-02 7.742765e-03 -2.001476e-03 6.366876e-02 4.137228e-01 -3.256248e+00 1.952105e+01 3068 1.129438e-02
69 -1.812966e-03 8.036252e-03 6.348705e-02 -1.693917e-03 7.976128e-03 6.362330e-02 1.757502e+01 -8.947517e+00 2.009438e+01 2667 9.996501e-03
70 7.953860e-03 1.719595e-03 1.293756e-01 7.166012e-03 1.648274e-03 1.329306e-01 -9.325029e+00 -9.856321e-01 3.718122e+01 14085 5.388741e-02
71 -4.270845e-03 -1.785298e-03 6.349687e-02 -4.271857e-03 -1.789840e-03 6.358090e-02 -2.054022e-01 -1.034120e+00 1.934498e+01 9930 3.705022e-02
72 1.952164e-04 -1.372920e-03 1.228548e-01 3.676289e-04 -1.640787e-03 1.355827e-01 5.388036e-01 -4.127687e-01 4.735467e+01 8032 3.056298e-02
73 -9.521842e-03 3.598009e-03 6.340560e-02 -9.611981e-03 3.568907e-03 6.358157e-02 -7.352274e+00 -2.492113e+00 1.468433e+01 6106 2.346742e-02
74 -7.267422e-03 6.837001e-05 6.335244e-02 -7.282912e-03 4.359728e-05 6.358094e-02 -1.349763e+00 -2.341854e+00 2.159192e+01 1966 6.609338e-03
75 2.440962e-03 4.620686e-03 1.427961e-01 -5.289262e-04 -4.859938e-03 8.389126e-01 7.289094e+00 1.212007e+00 1.122786e+01 4921 2.299481e-02
76 -1.917022e-03 1.076312e-02 9.589111e-02 -3.620646e-03 1.474160e-02 1.117324e-01 -3.054309e+00 3.616882e+00 4.167399e+01 3689 1.456985e-02
77 -6.428463e-03 3.153130e-03 1.571299e-01 -6.843671e-03 4.243811e-03 1.157231e+00 8.345020e-01 2.959574e+00 2.015544e+01 5209 2.223516e-02
78 5.259795e-03 -8.164876e-04 1.291180e-01 6.125680e-03 -1.757382e-03 1.353576e-01 8.939928e-01 -2.956118e+00 2.272967e+01 1829 9.698915e-03
79 -2.932035e-03 -1.388891e-03 1.312081e-01 -1.957496e-03 -1.839984e-03 1.358963e-01 5.629909e+00 -1.793342e+00 2.341887e+01 5818 2.509993e-02
80 1.097943e-02 5.607500e-03 1.145440e-01 6.110108e-04 1.096214e-03 1.590977e-01 -1.983805e+01 -9.873134e+00 4.305277e+01 10773 4.223669e-02
81 -1.379778e-04 7.140616e-05 1.270095e-02 -1.475804e-04 7.460955e-05 1.268743e-02 -3.373426e+00 1.125261e+00 -4.751452e+00 1961 7.275574e-03
82 6.362935e-03 5.145312e-03 1.279082e-01 5.508209e-03 4.815798e-03 1.350641e-01 -6.540126e+00 -3.199947e+00 4.198822e+01 1948 7.938725e-03
83 6.581870e-03 4.339400e-03 6.349772e-02 6.583526e-03 4.367848e-03 6.352145e-02 5.109822e-01 9.270615e+00 7.749313e+00 3414 1.361345e-02
84 -6.478901e-03 -1.338037e-02 6.349028e-02 -6.422537e-03 -1.334365e-02 6.353541e-02 6.007127e+00 4.042692e+00 4.736043e+00 6266 2.275026e-02
85 1.715792e-03 6.800355e-04 1.271541e-02 1.656578e-03 6.987992e-04 1.255116e-02 -6.329148e+00 1.988554e+00 -1.749066e+01 1893 7.226707e-03
86 4.597732e-04 4.300305e-03 6.342934e-02 4.362268e-04 4.289538e-03 6.351398e-02 -4.194444e+00 -1.951932e+00 1.506547e+01 4684 1.735786e-02
87 -9.602350e-04 1.187740e-02 1.191847e-01 -1.312144e-03 1.276369e-02 1.231414e-01 -1.483069e+00 9.985672e-01 2.021802e+01 3352 1.553385e-02
88 2.888116e-03 -4.475963e-03 1.276692e-02 2.988675e-03 -4.439028e-03 1.267698e-02 1.391552e+01 5.170213e+00 -1.247330e+01 3020 1.210550e-02
89 -1.930269e-03 1.691678e-04 1.270408e-02 -1.871222e-03 1.700980e-04 1.267753e-02 1.487483e+01 2.331657e-01 -6.683385e+00 2780 1.071789e-02
90 4.566372e-03 -4.245990e-03 6.349169e-02 4.655996e-03 -4.239690e-03 6.352886e-02 1.297311e+01 9.585216e-01 5.400259e+00 1937 6.986007e-03
91 1.159023e-02 5.706529e-03 8.325528e-02 1.499832e-02 5.910060e-03 1.020709e-01 -8.360942e+00 -5.622602e+00 2.677183e+01 7198 2.665709e-02
92 -3.135442e-03 5.516571e-03 6.348209e-02 -3.031115e-03 5.381768e-03 6.366465e-02 6.958934e+00 -9.024585e+00 1.205521e+01 3028 1.137521e-02
93 -8.258196e-04 5.728377e-03 1.250922e-01 -1.546939e-03 5.515819e-03 1.308692e-01 -4.893128e+00 -2.686745e+00 4.101896e+01 3060 1.178680e-02
94 2.559830e-03 2.211482e-03 1.503842e-01 -4.120291e-03 1.120218e-03 8.100017e-01 1.026848e+01 3.371229e+00 4.657904e+01 2953 1.212673e-02
95 -6.842081e-03 2.051666e-03 6.349002e-02 -6.901280e-03 1.957168e-03 6.358948e-02 -7.024370e+00 -1.137295e+01 1.194346e+01 4134 1.376290e-02
96 1.118863e-04 9.049380e-03 6.348550e-02 1.189289e-04 9.047127e-03 6.354839e-02 1.019028e+00 -4.189489e-01 9.110319e+00 2288 8.684453e-03
97 -6.039369e-04 -3.609406e-03 1.521583e-01 3.608313e-04 4.198203e-03 3.876811e-01 1.137402e+00 -8.207004e-01 3.295625e+01 8505 3.401644e-02
98 1.683177e-03 -3.730683e-03 6.346416e-02 1.725065e-03 -3.756672e-03 6.352306e-02 8.531728e+00 -5.274006e+00 1.201391e+01 2551 9.789019e-03
99 8.642150e-03 9.278367e-03 1.907153e-02 8.650985e-03 9.347842e-03 1.895524e-02 1.384829e+00 1.141388e+01 -1.924450e+01 1810 6.635357e-03
100 -6.498605e-03 7.968676e-04 1.298468e-01 -5.595984e-03 -1.765339e-03 1.362030e-01 6.577487e+00 -1.385990e+01 3.447918e+01 3891 1.613149e-02
