/n/home03/calmiller/DSMC_Simulations/5_25_20_cold_second_stage/flow_2.000_gap_0.00500_len_0.000/data
running....
idx x y z xnext ynext znext vx vy vz collides time
327 -1.569781e-02 -2.320272e-03 1.086269e-01 1.636354e-02 2.592527e-04 4.971144e-01 -7.088808e+00 -1.391969e+00 1.549624e+01 2145 1.739341e-02
365 -3.283578e-03 2.312185e-03 1.031856e-01 3.479351e-03 4.535280e-04 3.980255e-01 -1.880527e+00 1.400293e+00 2.689702e+01 2357 1.766379e-02
663 -8.222722e-04 -1.051970e-02 1.152813e-01 4.426031e-05 1.542973e-02 3.771070e-01 -9.033917e-01 3.261215e+00 3.134468e+01 1511 1.117074e-02
790 -2.461819e-03 1.808765e-03 3.242771e-01 2.249972e-03 -1.781876e-03 5.798534e-01 -4.326572e+00 5.612687e-01 3.428719e+01 1592 1.890213e-02
1101 -5.084924e-03 -1.343238e-03 3.492279e-01 -7.141711e-03 -2.868721e-03 2.411633e+00 -1.245674e+00 -3.760580e-02 2.033861e+01 4382 4.539690e-02
1228 4.161614e-03 -1.134158e-02 2.531648e-01 2.266483e-03 -6.975539e-03 7.475403e+00 2.253442e+00 -6.038585e+00 3.810885e+01 780 9.877021e-03
1262 -9.201581e-03 -3.705181e-03 1.020091e-01 1.895372e-02 3.246398e-03 6.277009e-01 -2.393420e+00 -1.733219e+00 2.103392e+01 1259 1.113396e-02
1443 -6.326359e-03 9.916322e-03 1.977849e-01 8.486316e-03 -9.922868e-03 3.454106e+00 -1.122425e+00 -1.555938e+00 2.957333e+01 704 8.793944e-03
1506 5.085826e-05 -3.965618e-03 1.395654e-01 5.160832e-03 -2.546674e-03 1.411664e+00 6.161818e-01 -2.703576e+00 1.280431e+01 1304 1.540633e-02
1544 -3.362586e-03 1.232922e-03 1.587695e-01 -3.215716e-03 4.225616e-04 1.339189e+00 -9.895171e-01 7.342140e-01 4.224924e+01 1496 1.170688e-02
1606 -4.239098e-03 7.700053e-03 1.208254e-01 2.209088e-03 -2.016781e-04 1.467802e+00 2.229122e+00 -6.380910e+00 3.784171e+01 1293 9.386422e-03
2039 -1.839579e-03 -1.169886e-02 2.478011e-01 -2.181100e-03 -8.755384e-03 2.292778e+00 -9.176302e-01 -6.296471e+00 3.649845e+01 1752 1.563567e-02
2217 5.699351e-03 -8.208787e-03 9.991474e-02 1.507606e-02 -1.818098e-02 7.225690e-01 -4.471727e+00 6.198416e+00 3.296277e+01 713 5.917106e-03
2249 2.926576e-03 -2.685138e-03 1.294317e-01 -4.443650e-03 -7.548237e-04 1.934668e+00 2.726220e+00 -1.535304e+00 2.528923e+01 2512 2.046979e-02
2463 4.483385e-03 4.504885e-03 1.090783e-01 2.931362e-03 3.302717e-03 4.283184e-01 -2.440723e+00 -2.418653e+00 1.774019e+01 2410 1.863744e-02
2733 -3.863119e-04 -2.250351e-02 1.782544e-01 -8.493294e-04 -2.498662e-02 1.563709e+01 -6.599085e-01 -1.377844e+00 4.168102e+01 2376 1.958577e-02
2826 9.431494e-03 -3.238537e-04 1.118266e-01 -2.010517e-02 5.135964e-03 7.535556e-01 1.128667e+01 -1.534549e+00 5.177313e+01 1655 1.124374e-02
2856 -6.797724e-03 7.399809e-03 1.528279e-01 -4.440356e-03 5.636467e-03 3.589083e+00 3.017584e+00 -2.907513e+00 2.293485e+01 2248 1.849323e-02
2975 -5.351719e-03 1.106134e-03 1.202652e-01 7.216995e-03 -4.253008e-03 7.301977e-01 -1.125410e+00 -7.443221e-01 2.512229e+01 1811 1.468544e-02
3075 5.126490e-03 3.356159e-03 1.140783e-01 5.805883e-03 1.294219e-04 3.600853e-01 -7.236235e+00 -2.745173e+00 4.211972e+01 902 6.677838e-03
3262 9.196405e-03 5.009854e-03 3.358214e-01 -1.143819e-02 -4.701552e-03 1.313067e+01 -5.802011e+00 1.160453e+00 1.279485e+01 2444 3.889018e-02
3701 1.374264e-02 -1.701580e-03 1.440394e-01 -1.407915e-02 1.462406e-03 2.475994e+00 5.524643e-01 -5.952727e-01 2.844642e+01 749 7.352742e-03
4073 -2.799131e-04 -2.959417e-03 3.007541e-01 8.425305e-04 -3.269529e-03 9.298620e+00 3.941414e+00 -9.469125e-01 3.792758e+01 956 1.332767e-02
4113 4.313407e-03 -5.761236e-05 1.385516e-01 -1.891062e-03 1.510613e-03 1.274122e+00 2.471290e+00 6.996867e-02 2.814674e+01 1538 1.258073e-02
4323 -9.931493e-03 -1.020056e-02 1.307417e-01 8.008365e-03 8.897223e-03 4.121584e+00 4.917825e+00 3.592332e+00 3.181810e+01 1347 1.093418e-02
4585 -3.654026e-03 1.010345e-03 1.028935e-01 1.086476e-03 5.790944e-04 4.188579e-01 -2.543500e+00 5.145313e-01 2.587535e+01 1366 1.105243e-02
4727 7.975005e-03 -1.174602e-02 2.529706e-01 -8.125495e-03 1.194102e-02 4.318779e+00 2.311434e-01 -2.388086e-01 4.235161e+01 1200 1.214035e-02
4783 -8.841602e-03 -5.908657e-03 1.197137e-01 -1.042237e-02 -1.084714e-02 9.107349e-01 6.397792e+00 4.660135e+00 4.151743e+01 1280 9.366749e-03
4826 -2.378676e-02 -8.980330e-03 1.558887e-01 -1.898500e-02 -3.646115e-03 1.179326e+00 1.106671e+01 4.903858e+00 3.172887e+01 2504 2.004240e-02
5041 -2.724534e-03 1.124987e-03 1.065493e-01 -4.956272e-03 3.400059e-03 8.587188e-01 -2.149867e+00 2.420510e+00 4.804807e+01 1360 1.046241e-02
5162 2.700672e-03 -1.196425e-02 1.557595e-01 -3.327011e-03 -2.021591e-03 2.237451e+00 2.777309e+00 -7.319331e+00 3.653562e+01 2629 1.984192e-02
5344 -2.875487e-03 3.310225e-05 2.460829e-01 -6.789229e-03 4.259721e-04 6.030489e+00 -1.032663e+00 -2.472928e-02 2.832641e+01 3708 3.174228e-02
5789 1.771029e-02 2.371139e-02 1.923577e-01 -6.779472e-03 -8.517265e-03 1.772813e+00 1.034404e+01 1.387445e+01 3.904713e+01 1495 1.250575e-02
6259 -6.076171e-03 -7.662615e-03 2.011230e-01 -5.675169e-03 -1.818078e-03 1.284380e+01 2.870549e+00 4.444258e+00 4.691982e+01 1470 1.210900e-02
6326 -6.707705e-03 3.862653e-03 1.013172e-01 1.114793e-02 -5.348118e-03 3.619156e-01 -4.726388e+00 2.655937e+00 2.276790e+01 1395 1.024696e-02
6383 -1.404658e-02 8.416740e-03 2.299694e-01 -9.982372e-03 4.790166e-03 2.560523e+00 5.835891e+00 -4.073982e+00 3.824732e+01 554 7.725552e-03
6586 1.497818e-03 8.343492e-03 2.769235e-01 -2.128031e-03 -9.665763e-03 2.675218e+01 1.925960e+00 3.773368e+00 3.613073e+01 2137 2.043009e-02
6655 3.303797e-03 2.995172e-03 1.781151e-01 1.772465e-03 2.564013e-03 6.113669e+00 1.643342e+00 1.062906e+00 2.887753e+01 2625 2.132704e-02
6975 -5.114762e-04 6.496645e-04 2.349928e-01 3.662946e-04 7.289503e-03 7.380730e+00 4.420640e-01 1.670887e+00 2.280804e+01 856 1.340516e-02
7463 -7.772297e-03 2.561022e-02 1.876719e-01 -5.361870e-03 1.470307e-02 4.094870e+00 3.368076e+00 -1.231726e+01 2.890487e+01 1541 1.481718e-02
7504 2.682889e-03 4.720554e-03 1.718610e-01 -5.919197e-03 9.948081e-03 3.881825e-01 2.056446e+00 2.116333e+00 1.878943e+01 2595 2.318288e-02
8010 2.050572e-03 -1.450617e-02 1.168882e-01 -1.139004e-03 1.211653e-02 4.640035e-01 -1.376793e+00 4.791412e+00 1.620139e+01 1067 9.604846e-03
8136 8.943003e-04 3.752501e-03 1.194045e-01 5.303607e-04 -8.273898e-03 3.653947e-01 1.190776e+00 -2.405417e+00 2.833433e+01 2127 1.566828e-02
8355 1.020432e-02 3.924998e-03 1.438858e-01 1.201344e-02 6.171739e-03 6.637721e-01 -4.489114e-01 1.076560e+00 3.259013e+01 989 8.957412e-03
8443 -7.161592e-03 -3.223333e-03 2.166594e-01 6.599964e-03 9.762949e-03 1.507772e+00 -4.047198e+00 -1.556809e+00 6.845534e+00 1288 3.503014e-02
8678 -4.384688e-03 -6.962347e-03 1.053124e-01 3.670855e-03 5.285170e-03 1.497312e+00 2.704101e+00 6.197238e+00 3.788808e+01 1862 1.309913e-02
8841 8.789588e-04 2.873948e-03 1.576524e-01 -2.077914e-03 3.445236e-03 2.225650e+00 -1.815932e+00 -4.282362e-01 1.965011e+01 1204 1.225139e-02
8962 6.701156e-03 -3.621995e-04 2.502337e-01 3.185512e-03 4.714457e-03 1.318720e+00 5.965119e+00 1.579019e+00 2.741324e+01 374 8.197544e-03
9047 -1.540595e-02 9.569322e-03 1.848859e-01 9.670535e-03 -3.743831e-03 1.305662e+01 7.617037e+00 -5.239220e+00 3.068216e+01 1989 1.713676e-02
9170 -4.243231e-03 -7.694180e-03 3.303535e-01 -8.248496e-03 -1.648512e-02 2.161746e+01 8.597290e-01 1.219301e+00 3.047036e+01 650 1.317975e-02
9465 6.113109e-03 -2.009148e-04 1.147906e-01 6.830139e-03 4.031470e-04 1.243873e+00 1.921765e+00 1.898808e+00 1.895820e+01 380 4.844915e-03
9549 -4.355700e-03 -6.452145e-03 1.833051e-01 6.116905e-03 8.223895e-03 3.333003e+00 -2.200713e+00 -1.994620e+00 1.707383e+01 764 1.116672e-02
10076 -2.714648e-04 1.321140e-02 1.175514e-01 -4.764136e-03 -1.797271e-02 1.768522e+00 -1.685509e+00 3.176193e+00 3.055743e+01 1933 1.384172e-02
10086 -3.328571e-03 6.959329e-03 1.464603e-01 -1.847869e-03 3.973006e-03 8.691074e-01 1.628618e+00 -3.355524e+00 2.301850e+01 1086 1.035329e-02
10259 -1.079209e-03 1.498126e-02 1.188684e-01 9.531175e-04 -9.056871e-03 1.057650e+00 -6.186144e-01 8.717191e+00 2.314891e+01 494 5.311806e-03
10281 -4.169061e-04 6.730922e-03 1.072747e-01 -1.050668e-03 -1.363324e-03 9.297415e-01 2.261588e+00 -8.823231e+00 3.813155e+01 1791 1.234332e-02
10753 5.516918e-03 1.493651e-03 1.222547e-01 1.056102e-02 2.771321e-03 1.506899e+00 2.119882e+00 5.158428e-01 4.471613e+01 2865 1.953550e-02
10924 -3.585597e-03 -5.857930e-03 1.271019e-01 -6.464146e-04 1.138997e-03 7.691521e-01 2.643406e+00 3.589002e+00 3.197710e+01 927 7.467167e-03
11266 -2.129375e-03 8.392656e-03 1.165421e-01 1.824664e-03 1.154219e-02 5.371834e-01 2.028449e+00 -1.904019e+00 2.478614e+01 1107 9.015711e-03
11547 8.948721e-04 -3.166866e-03 9.356813e-02 -5.109433e-03 -2.185910e-03 3.925945e-01 2.282968e+00 -1.421232e+00 2.361947e+01 1408 1.089825e-02
11694 -5.638751e-03 4.399241e-03 1.152495e-01 -8.801380e-03 3.539817e-03 4.868105e-01 -1.311069e+00 -1.515466e+00 2.321421e+01 2836 2.219317e-02
11929 -1.003692e-02 -2.572329e-03 1.398189e-01 7.853328e-04 -7.300751e-04 7.212646e-01 -6.053853e+00 -1.522119e+00 2.228454e+01 824 8.932233e-03
12336 1.084905e-03 1.538822e-02 1.412770e-01 2.266070e-03 1.271015e-02 6.547102e+00 -2.506260e-02 -6.341115e+00 1.791073e+01 1329 1.398252e-02
12464 1.273332e-03 3.028760e-03 1.248229e-01 -1.236784e-03 -2.841458e-03 3.662943e-01 -1.833476e-01 -6.047405e-01 3.539707e+01 2067 1.485525e-02
12767 -2.883476e-03 -3.128913e-03 1.028009e-01 -3.611191e-03 8.971204e-03 4.255601e-01 -1.823754e+00 -1.649298e+00 2.943465e+01 1720 1.225913e-02
12845 2.232551e-03 -1.297830e-03 1.222005e-01 -9.571691e-05 -4.087747e-03 1.796321e+00 -1.781307e+00 -1.078989e+00 2.212022e+01 859 8.190421e-03
13049 3.524352e-03 -9.790299e-04 2.359388e-01 3.289524e-03 -7.362644e-03 1.290551e+01 3.390781e+00 -2.966599e+00 2.542444e+01 1055 1.320463e-02
13263 3.118869e-03 -1.844041e-03 1.276660e-01 1.884904e-03 -1.154315e-03 4.686842e+00 1.549179e+00 -8.856714e-01 2.819434e+01 913 7.910780e-03
14504 5.199194e-04 4.157718e-04 1.162982e-01 4.930833e-03 -1.854778e-04 2.069549e+00 -4.638807e-01 2.863456e-01 2.743645e+01 686 5.903320e-03
14659 -7.268898e-03 4.409289e-03 9.709754e-02 -1.458228e-02 7.648696e-03 1.422619e+00 7.852577e+00 -4.497438e+00 2.690416e+01 692 5.171614e-03
15271 -2.621854e-03 1.554828e-03 2.067831e-01 8.288101e-03 2.123007e-03 1.257430e+01 -2.021067e+00 8.225464e-01 2.211020e+01 830 1.218392e-02
15314 -5.485568e-04 9.601688e-03 1.039986e-01 -2.068159e-03 -1.542079e-02 4.793587e-01 -9.382567e-02 7.644161e+00 3.197911e+01 1161 8.521216e-03
15435 7.870747e-03 -3.183281e-03 1.022745e-01 -1.961810e-02 5.805541e-03 4.485546e-01 -8.577229e+00 1.659978e+00 4.075672e+01 1145 7.905245e-03
15597 -1.215756e-02 8.673625e-03 1.159878e-01 -1.047872e-02 1.040691e-02 5.637542e-01 6.883672e+00 -4.792269e+00 2.448477e+01 663 5.664892e-03
15754 -2.016519e-03 1.238515e-03 1.070411e-01 -1.376814e-03 5.127502e-04 9.697482e-01 -3.717632e+00 4.187640e+00 2.929919e+01 1796 1.225478e-02
16020 4.051994e-03 -2.627730e-03 8.869210e-02 -7.190670e-03 9.700048e-03 3.911642e-01 -8.776238e-01 3.535661e+00 3.407675e+01 1530 1.025754e-02
16524 5.663828e-04 1.627330e-02 1.234689e-01 -1.036608e-03 -4.228309e-03 8.901403e-01 6.245061e-01 1.154017e+01 2.821322e+01 1786 1.405903e-02
16834 -1.469894e-02 6.932549e-03 2.068599e-01 1.491750e-02 -5.935400e-03 7.493306e+00 -1.780889e+00 2.090455e+00 4.257281e+01 813 8.315203e-03
16869 7.612448e-03 -8.005878e-03 1.498288e-01 7.307856e-03 -7.663423e-03 1.549637e+00 1.495337e+00 -1.657651e+00 3.169156e+01 2106 1.724745e-02
16969 -1.387839e-02 -5.608762e-03 1.233275e-01 -1.672985e-02 -8.850345e-03 1.704271e+00 7.813461e+00 3.092398e+00 3.296525e+01 1287 1.034395e-02
17114 1.652761e-03 2.301743e-03 2.213361e-01 -3.654181e-03 -2.119562e-03 1.980309e+00 -6.131505e+00 6.871318e-01 2.151050e+01 852 1.383000e-02
17263 5.731235e-03 5.287862e-03 2.184017e-01 -7.716288e-03 -9.511102e-03 7.399372e+00 9.799635e-02 1.701205e+00 3.146458e+01 1189 1.288190e-02
17280 4.709149e-03 -2.878650e-03 1.230749e-01 -4.468317e-03 2.520562e-03 1.196185e+00 3.546973e+00 -2.137471e+00 2.585380e+01 1182 9.220928e-03
17359 -5.919928e-03 -3.145233e-03 1.324972e-01 1.953560e-03 -7.958569e-04 9.905282e-01 3.612081e+00 2.869979e+00 4.165576e+01 596 4.965615e-03
17485 -9.643186e-04 -1.065359e-02 3.001240e-01 4.688051e-04 8.357477e-03 1.837845e+01 -1.455613e+00 -7.102394e+00 1.807832e+01 588 1.791571e-02
17486 -1.727758e-03 1.253956e-03 1.047602e-01 -1.854719e-03 8.665803e-04 6.783886e-01 3.029864e-01 1.268169e+00 3.958965e+01 611 4.731877e-03
17607 -9.353820e-04 2.802342e-03 1.166495e-01 -2.374861e-03 -6.059258e-04 7.124891e-01 9.121648e-01 -1.634716e+00 3.091355e+01 818 6.753017e-03
17886 -8.944917e-03 -1.181779e-02 1.764666e-01 -7.903545e-03 -1.085583e-02 1.833842e+00 -2.488375e+00 -2.694663e+00 3.788269e+01 1136 1.003570e-02
17913 1.116074e-03 1.465342e-02 1.172281e-01 -2.072574e-03 4.746573e-03 8.970130e-01 -1.386828e-01 -1.100503e+01 2.245605e+01 1391 1.119722e-02
18507 1.803793e-03 1.242425e-03 2.210883e-01 3.472418e-03 2.126933e-03 5.582038e+00 2.758270e-01 2.578204e-01 3.058275e+01 664 8.755066e-03
18539 -6.287479e-03 6.278792e-03 1.237220e-01 -5.913708e-03 4.604523e-03 1.064103e+00 4.839740e+00 -4.623339e+00 2.751469e+01 1527 1.229882e-02
18541 -1.544549e-03 8.466515e-03 1.099745e-01 -1.358818e-03 3.335768e-03 4.272496e-01 -4.533963e-01 5.372842e+00 2.345245e+01 2815 2.021480e-02
19121 3.998698e-03 -4.429111e-03 1.107899e-01 1.129795e-02 -5.672991e-03 6.125754e-01 -4.031450e+00 3.509944e+00 2.605111e+01 1722 1.328318e-02
19322 -2.652285e-03 -2.226640e-04 2.401197e-01 -1.038738e-02 2.214342e-03 5.619249e-01 -1.107086e+00 -2.380404e-01 2.830967e+01 2154 2.081610e-02
20101 -9.544826e-03 -3.938476e-03 2.613425e-01 3.078504e-03 4.214330e-03 2.279598e+00 -8.282237e+00 -2.832417e-01 1.425471e+01 509 1.655813e-02
20294 9.247119e-03 6.028535e-03 1.149558e-01 1.116073e-02 7.652608e-03 7.660021e-01 5.998731e+00 5.179461e+00 4.310183e+01 2617 1.760663e-02
20359 8.186695e-03 -8.886899e-04 1.226466e-01 1.296931e-02 2.766073e-03 1.354623e+00 -2.560393e+00 1.107636e+00 3.815482e+01 579 5.314661e-03
20665 -5.024474e-04 -6.122800e-03 1.939235e-01 1.395151e-03 3.459013e-03 2.325327e+00 4.359700e-01 4.037158e+00 2.759616e+01 689 8.971556e-03
20778 1.231379e-03 7.257558e-03 1.202739e-01 -4.960757e-04 -1.222963e-02 2.034591e+00 7.109227e-01 3.603001e+00 3.468713e+01 787 6.296159e-03
20994 -2.267364e-03 4.343765e-03 1.176683e-01 -5.278981e-03 9.159650e-03 6.660062e-01 -1.787246e+00 2.714683e+00 3.420369e+01 1040 8.452695e-03
21211 7.728639e-03 -7.342244e-03 1.954820e-01 9.021590e-03 -4.215318e-03 8.192119e+00 2.031588e+00 -3.545523e+00 3.632604e+01 2676 2.114495e-02
21220 2.280075e-03 4.662777e-04 3.236400e-01 4.446969e-03 7.368160e-03 1.197861e+01 -1.000404e+00 3.460559e-01 2.059181e+01 569 1.603924e-02
21536 -2.291090e-05 -4.477179e-03 1.056961e-01 1.580299e-03 -8.037100e-04 4.913733e-01 -2.112274e+00 -5.373683e+00 2.740269e+01 529 4.059369e-03
21971 2.125591e-03 5.979852e-03 2.132117e-01 2.178224e-03 7.112385e-03 4.592182e-01 -3.423876e-01 -1.437655e-01 1.545205e+01 815 1.417350e-02
22159 1.485297e-03 1.329386e-03 2.501177e-01 -2.754819e-03 -1.041630e-04 7.661797e+00 1.906565e+00 -2.114324e+00 2.332168e+01 1277 1.706716e-02
22667 4.505528e-03 -1.421386e-02 1.373131e-01 1.003568e-03 -9.980327e-03 3.485568e+00 -2.628435e+00 6.937679e+00 2.462744e+01 1071 1.076143e-02
22779 3.603670e-03 -4.403939e-04 9.578490e-02 -4.914356e-03 -3.470018e-04 6.161769e-01 2.272988e-01 -5.338450e-01 2.186822e+01 402 3.392305e-03
22957 -2.253128e-02 1.218875e-02 2.640511e-01 2.083764e-02 -1.148153e-02 1.842130e+01 -6.086591e+00 2.702234e+00 1.815725e+01 2381 2.963464e-02
23228 -1.000289e-02 8.526341e-03 1.245350e-01 1.174458e-02 -1.085848e-02 3.991331e-01 3.849558e+00 -5.462777e+00 3.525069e+01 2623 1.910233e-02
23427 7.002097e-03 2.083283e-03 1.304410e-01 -2.632345e-03 -1.003571e-05 4.928733e-01 4.041176e+00 1.256291e+00 1.419489e+01 460 7.128216e-03
23810 -6.996311e-03 1.631177e-04 9.856212e-02 6.331667e-03 -5.683658e-04 5.933626e-01 -9.864269e+00 4.904075e-01 3.694389e+01 688 4.837403e-03
23931 2.380962e-03 1.445037e-03 2.353619e-01 7.409846e-03 6.313612e-03 5.526087e+00 -2.627947e+00 -2.739924e+00 1.327783e+01 697 1.925298e-02
24116 -4.839199e-03 1.110517e-03 1.667291e-01 7.188137e-03 -2.789504e-04 6.867023e+00 4.649840e-01 7.893787e-01 2.726852e+01 1749 1.503937e-02
24172 3.394642e-03 2.091973e-03 2.909019e-01 1.117071e-02 1.072710e-02 3.027086e+00 5.892175e+00 4.872185e+00 3.272097e+01 480 9.587367e-03
24192 4.511871e-03 -2.325502e-02 1.693672e-01 1.735483e-03 5.754325e-03 3.269860e+00 2.561011e+00 -1.472180e+01 3.617025e+01 966 9.373096e-03
24291 -8.340387e-03 1.152093e-02 1.989879e-01 2.953007e-03 -7.607264e-03 4.032197e+00 -5.236480e+00 5.076789e+00 3.010883e+01 829 9.460169e-03
24384 -1.284892e-03 8.943894e-05 2.647911e-01 3.045276e-03 2.454304e-03 8.770697e+00 6.050861e+00 8.835202e+00 2.442033e+01 1140 1.501613e-02
24513 -6.644534e-03 -1.135940e-02 1.529098e-01 -3.537092e-04 -1.860477e-03 9.774627e-01 4.186247e+00 6.844965e+00 1.758736e+01 858 1.014694e-02
24747 -3.538810e-03 -6.244466e-03 3.446271e-01 3.172415e-03 5.039005e-03 1.109604e+01 -1.761617e+00 -5.596952e+00 4.395821e+01 2241 2.155154e-02
24774 7.096664e-03 -6.039123e-03 1.498779e-01 -2.706338e-03 2.156702e-03 1.956036e+00 4.226242e+00 -3.598205e+00 3.256133e+01 2731 2.063005e-02
24896 -1.213632e-02 -8.262176e-03 1.235211e-01 1.251594e-02 1.410263e-02 5.316830e-01 -7.834999e+00 -5.573741e+00 3.597699e+01 740 5.853617e-03
24943 1.170879e-02 3.717120e-03 1.581321e-01 8.462702e-03 4.798617e-03 2.810491e+00 -5.537345e+00 -1.282994e+00 3.462532e+01 1676 1.308439e-02
25025 -3.022413e-03 9.754420e-03 1.618072e-01 2.513427e-03 -1.335124e-03 2.722247e+00 2.506850e+00 -6.525669e+00 2.115988e+01 796 9.777035e-03
25202 7.792443e-03 1.709879e-02 1.516340e-01 1.947490e-03 -1.080846e-03 7.994519e+00 -4.686116e+00 -1.025379e+01 1.810408e+01 776 9.869076e-03
25269 2.543816e-03 2.462398e-03 9.184640e-02 -1.125283e-03 -1.630746e-03 4.233804e-01 2.431875e+00 2.607066e+00 2.536203e+01 809 6.246215e-03
25339 1.054126e-02 6.341295e-03 1.057356e-01 -8.195018e-03 -4.408133e-03 1.451966e+00 5.246881e+00 3.235846e+00 1.181298e+01 726 7.915927e-03
25357 -3.797729e-03 -1.004992e-03 2.887174e-01 2.950016e-03 3.315485e-03 1.590859e+01 -2.614334e+00 6.469409e+00 1.561987e+01 1072 2.165021e-02
25408 6.565990e-03 -4.908568e-03 2.921252e-01 4.275174e-04 3.524077e-03 1.270140e+00 -3.965609e+00 3.485490e+00 2.063215e+01 1430 2.025413e-02
25526 -6.207988e-04 -2.623170e-03 1.586049e-01 1.467401e-03 4.628891e-03 8.140952e+00 -4.843120e-01 -1.929237e+00 5.512524e+01 485 4.447762e-03
25808 -2.420321e-03 6.466493e-03 1.206872e-01 4.445016e-03 -3.100308e-03 5.034992e-01 -9.748546e-01 3.588705e+00 1.512629e+01 398 5.455763e-03
25816 -3.500053e-03 2.112418e-04 2.331412e-01 -1.135901e-02 -4.353784e-03 1.489900e+01 3.947756e-01 -8.064739e-01 2.191198e+01 1790 2.027472e-02
26223 2.296267e-03 -4.909837e-03 2.506887e-01 -6.187701e-03 8.706113e-03 1.168322e+01 2.422932e+00 -1.829127e+00 2.815628e+01 659 1.050650e-02
26429 -6.798341e-03 4.328940e-03 1.126909e-01 6.587988e-03 -6.056555e-03 4.420745e-01 -5.813066e+00 4.122637e+00 2.686274e+01 1459 1.139129e-02
26464 3.497807e-03 -8.687363e-03 2.351727e-01 -2.593543e-03 6.695372e-03 4.622748e+00 2.005340e+00 -4.501693e+00 3.107067e+01 1259 1.311030e-02
26855 7.086694e-04 7.196006e-03 2.268409e-01 -7.221598e-04 -7.812698e-03 9.555024e+00 -1.055114e-01 -6.292226e-01 3.241534e+01 1548 1.501653e-02
27770 1.007019e-02 -1.417165e-03 1.485438e-01 7.339702e-03 -1.742397e-03 3.206091e+00 -4.229828e+00 3.136996e-01 2.895483e+01 2124 1.717495e-02
28224 5.842379e-03 -8.537120e-03 1.054235e-01 6.066650e-03 -5.797666e-03 3.800705e-01 -8.772429e+00 1.090439e+01 4.579302e+01 782 6.074177e-03
28268 1.281674e-03 2.420102e-04 1.059937e-01 -5.251218e-04 -5.592581e-04 8.316670e-01 2.268614e+00 -9.074654e-01 3.217146e+01 1685 1.274443e-02
28400 1.648633e-02 -5.274696e-03 1.234346e-01 -1.300031e-02 4.635733e-03 7.040862e-01 -6.008468e+00 1.458893e+00 1.610469e+01 570 6.480924e-03
28807 4.241959e-03 4.663821e-03 1.039059e-01 -1.005976e-02 -5.283416e-03 4.402478e-01 4.081888e+00 3.641790e+00 2.828623e+01 1228 9.393942e-03
28950 5.890354e-03 5.099404e-03 1.719585e-01 5.013192e-03 6.929833e-03 8.454207e-01 3.181417e+00 2.560133e+00 2.557880e+01 1533 1.520267e-02
28955 1.128394e-02 5.995221e-04 1.654653e-01 -6.283271e-03 -3.055100e-03 5.459178e-01 -6.540471e+00 -2.429481e-01 2.031803e+01 615 8.322683e-03
29017 -4.855899e-03 -2.381617e-03 1.308184e-01 -5.202423e-03 -2.128183e-03 1.437889e+00 -2.038791e+00 1.646998e+00 2.931405e+01 1998 1.645697e-02
29129 -9.378835e-03 8.258501e-04 1.006870e-01 -1.749361e-02 -2.495130e-03 6.557424e-01 8.675867e+00 -1.013987e-01 2.863725e+01 593 4.707053e-03
29408 1.028640e-02 9.039471e-03 1.052889e-01 1.430042e-02 1.040951e-02 5.496250e-01 2.724567e+00 1.146294e-01 1.455926e+01 1237 1.015720e-02
29539 2.329858e-03 -8.068952e-04 2.114720e-01 5.953903e-04 6.846582e-04 1.437316e+01 3.760010e+00 -2.518519e-01 2.615923e+01 1528 1.772778e-02
30342 -4.597586e-03 5.833753e-03 1.246538e-01 -7.973215e-03 9.577372e-03 6.102332e-01 1.114851e+00 -1.537089e+00 2.798064e+01 838 7.307633e-03
30487 -7.629233e-04 1.285679e-02 1.106000e-01 -1.034631e-03 1.747625e-02 5.090072e-01 -2.646628e-01 4.513478e+00 2.562754e+01 3943 2.809213e-02
31046 -1.758735e-03 1.187566e-02 1.678537e-01 -1.219594e-03 -5.743078e-04 3.526243e+00 1.533619e+00 -7.705907e+00 3.572236e+01 819 8.142536e-03
31213 -7.735926e-03 -1.516421e-03 1.194601e-01 -9.235501e-03 1.862804e-03 1.043169e+00 4.175360e+00 1.009647e+00 2.796246e+01 1974 1.522801e-02
31570 -6.044195e-04 6.341562e-03 1.024621e-01 -2.125517e-03 1.453625e-02 6.184271e-01 -1.641876e-01 -3.078734e-01 2.998046e+01 654 4.647545e-03
31689 1.783543e-02 -9.819925e-03 2.728736e-01 1.900367e-02 -1.001970e-02 2.261685e+01 1.542871e+00 -1.299319e+00 4.876849e+01 889 9.619550e-03
32094 -5.886143e-03 2.140277e-02 1.413359e-01 5.506028e-03 -2.047981e-02 1.103708e+00 1.489996e+00 -3.992237e+00 2.621988e+01 1393 1.222744e-02
32264 6.740127e-03 1.530499e-03 1.456191e-01 2.735510e-03 -9.491879e-04 2.441011e+00 3.648368e+00 1.286104e+00 3.198513e+01 1028 8.756860e-03
32476 8.611073e-03 -2.335268e-03 1.955535e-01 8.450324e-03 -1.297318e-03 2.118730e+00 -1.286092e+00 1.598419e+00 3.204982e+01 2512 2.093765e-02
32908 1.146391e-02 -1.106607e-02 1.478430e-01 1.305675e-02 -1.004329e-02 6.301701e+00 -2.464821e-01 2.747498e+00 2.758254e+01 461 5.835179e-03
33038 2.918539e-03 1.280487e-02 1.083011e-01 7.540910e-03 3.394768e-02 2.193602e-01 -8.854771e-01 -3.782688e+00 3.629335e+01 998 6.402710e-03
33176 -1.279636e-02 2.481461e-03 1.164080e-01 1.979849e-02 -2.688036e-03 1.051096e+00 -8.315432e+00 1.575964e+00 3.582154e+01 1503 1.028508e-02
33500 -2.289944e-03 -3.242375e-03 9.554356e-02 9.684959e-03 8.536287e-03 3.947622e-01 2.902348e-02 -7.276483e-01 2.901194e+01 655 4.875343e-03
33831 -2.547233e-04 -1.496581e-03 1.864804e-01 1.980762e-03 -1.808870e-03 1.079256e+01 1.068470e+00 2.968982e-01 1.929251e+01 4512 3.685482e-02
34782 7.590401e-03 1.514035e-04 1.337379e-01 7.745162e-03 -1.792358e-03 5.611393e-01 -9.566580e-01 -2.074808e+00 2.720549e+01 1005 8.334967e-03
34783 -3.062102e-03 -4.509213e-03 1.276620e-01 6.060493e-03 5.465972e-03 1.449972e+00 -8.972462e-01 -1.890804e+00 3.317904e+01 3699 2.669460e-02
34957 6.271589e-04 -8.498291e-03 2.664097e-01 -1.505012e-03 1.116551e-02 2.492472e+01 -2.443824e+00 7.044276e+00 2.465831e+01 864 1.320141e-02
35117 8.419920e-03 -7.215340e-03 1.072293e-01 1.457191e-02 -2.193546e-02 7.548397e-01 -5.566882e+00 5.099759e+00 3.462194e+01 2202 1.634206e-02
35286 1.040313e-02 4.120408e-03 1.741000e-01 -8.717045e-03 -2.757056e-03 2.778763e+00 4.053917e+00 2.907458e+00 2.060535e+01 973 1.121507e-02
35466 -3.114651e-03 3.295429e-03 3.222612e-01 3.396637e-03 1.062140e-02 1.904413e+01 1.980319e+00 -1.637827e+00 2.857660e+01 963 1.559448e-02
35642 -6.343700e-04 -3.843190e-03 9.575937e-02 -1.164813e-03 -6.062045e-03 4.832527e-01 -7.071679e-01 -2.828229e+00 2.504064e+01 710 5.554469e-03
36021 4.694145e-03 -2.540993e-02 1.410987e-01 4.781922e-03 -2.557929e-02 2.575118e+00 2.514934e-01 8.287659e-02 1.823267e+01 2535 2.050402e-02
36104 -4.003474e-03 -3.016362e-03 1.119604e-01 3.841649e-03 1.286287e-03 7.546347e-01 -1.507991e+00 -1.614355e+00 2.625736e+01 365 3.577437e-03
36365 -5.387098e-03 1.012577e-02 1.975984e-01 3.422826e-03 -9.517137e-03 3.827112e+00 2.696525e+00 -2.255820e+00 3.811060e+01 1646 1.341535e-02
36505 1.301281e-02 5.004963e-03 1.364509e-01 -1.039065e-02 -4.486716e-03 1.935452e+00 -5.077348e+00 -1.289478e+00 2.728776e+01 897 8.661738e-03
36548 -6.742911e-03 -5.700173e-03 1.029275e-01 -1.473969e-02 -8.867435e-03 6.155654e-01 1.254840e+00 1.788265e+00 2.935653e+01 1288 9.698281e-03
36692 -1.080153e-02 -8.587224e-03 1.140791e-01 -7.360639e-03 -6.772563e-03 5.897610e-01 7.162024e+00 5.772231e+00 2.506371e+01 1312 9.784345e-03
37086 -5.529426e-03 7.453498e-03 9.422799e-02 -1.048933e-02 1.575419e-02 3.853584e-01 -2.994511e-01 1.057117e+00 1.741567e+01 970 7.270170e-03
37108 -6.959492e-03 -3.114814e-04 9.180208e-02 1.522250e-02 1.861267e-03 4.047928e-01 1.005332e+01 2.005269e+00 3.845669e+01 885 6.434796e-03
37314 1.071999e-02 7.231636e-03 3.259102e-01 7.689309e-03 6.059330e-03 5.185107e+00 4.479289e+00 2.288428e+00 2.751312e+01 704 1.416952e-02
37357 3.465495e-04 -8.818993e-04 1.661654e-01 1.646319e-03 -9.381779e-04 6.874162e-01 -9.987374e-02 4.696427e-01 1.091259e+01 1720 2.157069e-02
37632 4.790815e-03 3.303660e-03 2.134377e-01 4.787304e-03 3.233351e-03 3.894679e+00 -1.141677e-01 -1.610516e+00 2.070909e+01 622 1.095534e-02
38018 -2.223326e-03 -5.859865e-03 9.563686e-02 5.966302e-03 1.165275e-02 4.212808e-01 1.797821e+00 2.223228e+00 1.377916e+01 1345 1.044393e-02
38367 4.366928e-03 7.154754e-04 2.064882e-01 -3.009263e-03 -5.522249e-05 1.355875e+01 4.087908e+00 1.906647e+00 1.335226e+01 657 1.697371e-02
38473 -2.404242e-04 -1.806009e-03 3.076098e-01 8.691827e-04 1.720558e-03 3.454779e+01 1.762442e+00 -3.457590e-01 3.424018e+01 3057 2.768058e-02
38914 1.416580e-02 2.164793e-03 2.362560e-01 -6.870923e-03 2.206164e-03 2.583732e+00 7.368256e+00 2.006622e+00 4.331263e+01 1024 1.005898e-02
39456 -6.296297e-03 -1.008191e-02 1.096825e-01 6.281517e-03 1.003552e-02 1.025153e+00 1.892979e+00 5.929856e+00 2.473162e+01 1498 1.275859e-02
39927 9.650408e-03 1.178874e-02 1.687931e-01 -1.131869e-02 -1.276619e-02 4.171710e+00 -6.648280e-01 4.327915e-01 4.123323e+01 1375 1.064434e-02
40291 -1.041964e-02 4.402875e-03 1.120188e-01 1.037506e-02 -6.253913e-03 4.753656e-01 -1.386847e+00 -1.725803e+00 1.580211e+01 1088 1.005477e-02
40325 -3.413894e-03 -8.572911e-03 1.231485e-01 -8.284348e-04 -4.433865e-03 3.755665e-01 1.977533e+00 4.611025e+00 1.425524e+01 3378 2.726052e-02
40728 -3.408940e-03 2.319247e-03 2.224778e-01 -3.033835e-03 2.484941e-03 6.937757e+00 9.010223e-01 -1.811935e-01 1.809246e+01 2091 2.297934e-02
40781 -2.473786e-03 -5.130929e-03 1.173134e-01 -3.457021e-03 -1.396862e-02 7.625743e-01 1.203857e+00 1.921331e+00 3.575303e+01 1325 1.012133e-02
40900 -4.296908e-03 2.536488e-03 1.007525e-01 -1.161355e-02 6.737485e-03 5.820659e-01 8.215530e-01 -5.035819e-01 2.723385e+01 1533 1.048171e-02
41321 5.068719e-03 1.169034e-02 1.403981e-01 5.089644e-03 1.480403e-02 1.375367e+00 -6.833089e-01 1.870000e+00 2.727438e+01 1889 1.560304e-02
42476 1.967202e-03 -2.745666e-03 1.141625e-01 -2.924334e-03 -8.175033e-03 8.647210e-01 -1.741955e+00 2.584243e-01 2.317347e+01 1501 1.198877e-02
42564 -7.986326e-03 5.378888e-03 1.106064e-01 -1.137867e-02 5.506426e-03 8.919631e-01 2.654157e+00 -2.239389e+00 2.423499e+01 1140 9.149542e-03
42624 2.576899e-02 -4.496813e-03 6.856472e-02 3.618423e-02 -7.958748e-03 7.098216e-02 1.205764e+01 -4.460931e+00 3.563656e+00 1577 1.134961e-02
42929 -1.353726e-02 1.408559e-03 1.491219e-01 1.616403e-02 -2.098392e-03 1.473268e+00 1.453564e+00 -6.594436e-01 3.501848e+01 919 7.240406e-03
42958 -8.164933e-03 -6.398130e-03 1.055634e-01 9.806131e-04 -8.383495e-04 6.087987e-01 6.856664e+00 6.533099e+00 2.400674e+01 1484 1.137890e-02
43113 -1.093380e-02 -1.102382e-03 1.320798e-01 -3.616847e-03 -1.670006e-03 1.278677e+00 -6.423944e+00 -5.938378e-01 2.056143e+01 1049 1.042643e-02
43306 6.741275e-03 -9.167214e-03 2.250533e-01 -1.986982e-03 1.095015e-02 3.798567e+00 -3.841511e+00 3.786079e+00 2.902978e+01 1571 1.524895e-02
43548 1.108171e-02 2.450701e-02 6.641353e-02 1.409406e-02 3.373907e-02 5.688641e-02 -7.009393e+00 -1.556599e+01 -2.479494e+00 1601 1.237772e-02
43572 -4.518930e-03 7.847355e-03 2.147057e-01 4.418476e-03 -7.616309e-03 8.143335e+00 -3.635539e+00 8.350154e+00 2.745226e+01 1362 1.450803e-02
43575 5.801101e-03 -4.999031e-03 1.461370e-01 5.254663e-03 -5.718703e-03 4.444510e+00 -1.609863e+00 5.694686e-01 2.401065e+01 866 8.999089e-03
43603 2.336537e-03 -1.344688e-03 2.203436e-01 2.026780e-03 3.606622e-03 7.848918e-01 1.343942e+00 -9.132472e-01 2.164738e+01 1111 1.406315e-02
43768 4.821071e-04 -4.681157e-03 2.239013e-01 -3.405713e-03 1.433948e-03 1.432897e+01 -2.501202e+00 -3.678340e+00 2.469268e+01 533 9.935671e-03
43794 -9.375758e-03 1.016517e-02 1.575256e-01 -4.566596e-04 -3.344104e-03 4.195596e-01 -5.650975e+00 5.985723e+00 2.403186e+01 906 9.694127e-03
44134 7.080239e-03 -1.127216e-02 1.888015e-01 -6.983225e-03 1.069613e-02 2.282518e+00 7.859035e-01 -3.844773e+00 2.565352e+01 928 1.079886e-02
44172 5.561766e-03 -5.160304e-03 1.222620e-01 -3.439727e-03 1.755949e-03 7.325319e-01 -2.654968e+00 3.474801e+00 2.914796e+01 2783 1.963588e-02
44479 7.876307e-03 1.244688e-03 1.742569e-01 9.116139e-03 1.002915e-03 1.037704e+01 -1.770586e+00 5.755355e-01 2.089821e+01 2034 1.869961e-02
44620 -1.143045e-02 1.872262e-03 2.015328e-01 1.158230e-02 -2.150975e-03 8.752904e-01 -1.853491e-02 9.097717e-01 3.071502e+01 1997 1.788550e-02
44884 1.140068e-02 1.855308e-03 1.051428e-01 1.391246e-02 2.206875e-03 1.286027e+00 1.055227e+01 1.467234e+00 2.644350e+01 1045 7.401540e-03
45407 -3.546398e-03 2.969309e-03 1.362283e-01 8.364750e-03 -6.465196e-03 3.253310e+00 -5.413249e-01 5.618578e-01 2.740815e+01 1499 1.240706e-02
45561 2.056768e-03 -6.222795e-03 3.372806e-01 3.044039e-04 2.010741e-04 1.641284e+00 -2.532495e+00 9.123280e+00 4.294914e+01 3890 3.240478e-02
45850 5.146723e-03 -1.192259e-03 2.159264e-01 5.900178e-04 -2.842355e-04 1.329948e+01 -1.218290e+01 2.438147e+00 2.102165e+01 774 1.192109e-02
45915 -6.357940e-03 -7.542086e-03 1.336161e-01 -1.609782e-04 2.825417e-03 5.901308e-01 -4.366303e+00 -6.300193e+00 3.565838e+01 4088 3.048439e-02
45933 2.754928e-03 6.732998e-03 1.099032e-01 -1.701681e-03 -9.983681e-03 6.524065e-01 1.808478e+00 4.906611e+00 2.056871e+01 986 8.255260e-03
46265 2.511598e-04 1.062080e-02 1.417236e-01 -4.192612e-03 -3.815236e-03 2.052944e+00 -1.435055e+00 5.997024e+00 1.945662e+01 2436 2.087216e-02
46623 1.343819e-02 1.891014e-02 6.844625e-02 1.956309e-02 2.530132e-02 6.772154e-02 1.715970e+01 1.763272e+01 -2.133951e+00 1766 1.285581e-02
46724 -6.176239e-03 -9.033446e-03 1.050791e-01 1.278585e-02 1.909633e-02 4.107629e-01 9.164826e-01 1.506814e+00 3.298831e+01 845 6.248964e-03
46782 3.954869e-03 -6.273562e-03 1.361514e-01 2.248403e-04 3.167082e-03 1.063975e+00 2.476491e+00 -4.766959e+00 3.420971e+01 1205 9.334652e-03
46949 -1.526969e-02 -4.968954e-03 1.717237e-01 -1.772919e-03 4.524416e-04 3.948284e+00 -9.115094e+00 -2.999855e+00 2.910296e+01 2607 2.240680e-02
47479 -1.614149e-02 -3.156624e-03 1.213537e-01 1.986137e-02 4.547458e-03 3.535446e-01 -2.256863e+00 -9.347813e-02 2.577569e+01 613 5.938515e-03
47782 -1.039956e-02 -6.078441e-03 1.194124e-01 6.664931e-03 5.086514e-03 1.883224e+00 -9.978895e+00 -6.301051e+00 4.151254e+01 666 5.315519e-03
47836 5.290898e-03 8.702948e-03 1.636183e-01 -5.275667e-03 -8.971667e-03 3.215862e+00 2.464999e-01 -1.117446e+00 2.743231e+01 1494 1.352320e-02
47943 3.772462e-03 -1.416641e-03 1.333746e-01 5.082982e-03 -1.760976e-03 2.665204e+00 1.045439e+00 -2.179865e-01 3.382053e+01 1101 9.182764e-03
48524 4.685955e-03 -3.137916e-03 1.131082e-01 -8.374242e-03 4.704279e-03 8.253512e-01 -8.024303e-01 4.825134e-02 2.994982e+01 1095 8.530486e-03
48705 5.893229e-04 1.304045e-03 2.279892e-01 -1.019888e-03 5.920343e-04 6.067816e+00 -8.166735e-04 1.186008e+00 2.695997e+01 1081 1.302169e-02
48723 3.444177e-03 -1.012944e-02 1.323709e-01 -2.795110e-03 9.118295e-03 1.126149e+00 2.083510e+00 -6.133104e+00 3.829525e+01 654 5.627367e-03
48837 -7.106897e-04 -1.234791e-02 1.311064e-01 1.410382e-03 1.794953e-03 3.801286e+00 -1.131665e-01 8.338009e+00 2.957209e+01 1298 1.049408e-02
48994 5.956464e-03 -1.093022e-02 1.807657e-01 -5.139836e-03 1.091537e-02 9.580427e+00 -1.753308e+00 1.931195e+00 2.496111e+01 1328 1.257966e-02
48999 -1.999709e-02 1.055947e-02 1.508144e-01 -1.552483e-03 1.082423e-04 1.176854e+00 -1.195472e+01 6.353821e+00 2.499758e+01 1004 9.923679e-03
49047 -2.405445e-03 -9.015535e-03 1.095917e-01 -3.352684e-03 -1.693467e-02 1.490275e+00 2.644363e-01 -9.851031e-01 2.988194e+01 1099 8.799245e-03
49196 -5.444973e-03 1.152974e-02 2.426605e-01 2.713754e-03 -4.928122e-03 2.539060e+01 -2.941372e+00 6.730739e+00 3.110255e+01 2332 2.103187e-02
49472 1.491502e-02 -4.658625e-03 1.527076e-01 -2.221771e-03 -4.578595e-03 1.158431e+00 -9.084443e+00 4.217512e+00 2.904658e+01 956 9.376523e-03
49509 -2.797158e-03 -8.186985e-04 1.550239e-01 7.956892e-05 1.441649e-04 1.738711e+00 -1.680094e+00 -4.848139e-01 2.261474e+01 1908 1.704612e-02
49641 -2.525117e-03 2.135103e-03 1.180083e-01 6.421249e-05 -3.403756e-03 5.726516e-01 -1.992409e+00 3.394306e+00 3.450788e+01 1282 9.014262e-03
49702 4.995137e-03 -1.000595e-02 1.645682e-01 3.297678e-03 5.974491e-03 3.653673e+00 -3.169014e+00 5.724441e+00 2.294368e+01 526 7.332840e-03
49770 1.129734e-02 1.648783e-03 1.691042e-01 -5.367978e-03 -2.435209e-03 1.326120e+00 -7.257267e+00 4.279243e-01 5.463703e+01 382 3.556327e-03
50082 1.229028e-02 1.518854e-04 1.259017e-01 -1.133105e-02 4.730809e-03 5.780987e+00 8.135821e+00 -2.118317e-01 2.989323e+01 852 7.831543e-03
50135 4.709454e-04 -6.463624e-04 2.178476e-01 -7.651599e-04 9.766928e-04 5.601107e+00 -1.351992e-01 2.011320e-01 1.983753e+01 816 1.313603e-02
50478 1.293689e-02 -9.126315e-04 1.873740e-01 6.549853e-03 -2.316628e-03 2.502033e+00 -7.737809e+00 -1.030438e+00 2.209519e+01 588 8.701573e-03
50694 -1.171871e-03 -1.240214e-02 1.827225e-01 6.025013e-03 2.221334e-03 2.669931e+00 3.223986e-01 -7.317377e+00 2.952658e+01 3670 2.885939e-02
50761 -1.088773e-04 -2.543085e-04 2.494924e-01 8.429676e-04 2.467037e-03 1.421330e+01 1.172469e+00 3.344725e+00 2.941617e+01 648 9.770185e-03
50784 4.044470e-04 -4.361356e-03 3.107088e-01 -1.151498e-03 1.637294e-03 3.712648e+01 -2.087159e+00 -7.947852e+00 3.681577e+01 985 1.296215e-02
51093 3.922878e-04 -1.722108e-03 2.754093e-01 -6.378145e-03 -2.079490e-02 6.288147e+00 -8.880059e-02 1.512236e+00 3.062177e+01 1639 1.857120e-02
51158 -1.391413e-03 -6.724676e-03 1.426432e-01 -1.581914e-03 -6.528518e-03 1.877580e+00 -1.333685e+00 1.560313e+00 1.671317e+01 488 7.148780e-03
51279 -2.427743e-03 3.792688e-04 1.054230e-01 7.698202e-04 7.619362e-03 1.049950e+00 1.378502e+00 -2.524605e+00 2.716791e+01 816 6.493474e-03
51306 -1.644266e-03 2.574848e-03 9.762231e-02 4.838821e-03 6.364337e-03 5.209837e-01 6.521887e-01 -2.000884e+00 2.240144e+01 869 6.953172e-03
52452 -4.757940e-03 -5.496987e-03 1.107183e-01 -2.852889e-03 -7.119482e-03 9.455571e-01 2.423340e+00 2.049931e+00 1.772080e+01 917 8.042975e-03
52546 2.234725e-03 -2.818621e-03 2.511605e-01 -1.389202e-03 7.336838e-03 6.631571e+00 -1.049046e+00 -5.769737e-01 2.482081e+01 1419 1.587331e-02
52571 -1.353714e-03 4.490264e-03 1.070182e-01 -9.006028e-03 4.136964e-03 2.779434e+00 -1.522517e+00 -1.814819e+00 2.211234e+01 1889 1.369494e-02
52690 1.403219e-02 1.584738e-02 1.618856e-01 -1.511343e-02 -1.678683e-02 2.811911e+01 7.373865e-01 1.149833e+00 3.524773e+01 1073 1.046170e-02
52776 -2.692184e-03 5.833708e-03 1.095383e-01 -3.054197e-03 7.132122e-03 2.278577e+00 -1.330490e+00 4.929341e+00 4.854710e+01 1470 1.057525e-02
52829 1.045165e-02 9.041314e-03 1.289130e-01 1.377971e-02 9.622392e-03 9.063098e+00 -2.742234e+00 -3.074900e+00 2.852257e+01 1353 1.127393e-02
53098 4.774847e-03 5.418537e-03 1.152606e-01 6.326243e-03 1.604739e-03 1.491117e+00 -3.813550e+00 -3.548941e+00 4.038162e+01 633 4.758022e-03
53107 -1.686849e-03 6.757134e-03 1.942232e-01 1.703412e-03 2.586981e-03 5.931379e+00 -9.851372e-01 4.096893e+00 3.298657e+01 1088 1.133376e-02
53129 4.776738e-03 -6.067758e-03 1.034310e-01 -8.153524e-03 9.302623e-03 3.673749e-01 -4.903857e+00 4.547594e+00 3.292009e+01 835 6.233056e-03
53245 -5.426379e-03 1.942529e-03 1.928028e-01 -4.179795e-03 5.889372e-04 1.337028e+01 -2.227454e+00 1.132746e+00 3.312203e+01 418 6.562312e-03
53324 1.238232e-03 -3.735475e-03 1.054157e-01 4.011560e-04 1.330540e-02 5.773154e-01 6.966758e-01 -5.304729e+00 3.856136e+01 2439 1.666601e-02
53367 1.327601e-02 6.647980e-03 2.748444e-01 3.793095e-02 4.656067e-03 9.528908e+00 8.968774e+00 -2.783921e+00 9.901134e+00 2017 6.177493e-02
53496 5.911865e-03 -1.879668e-03 1.951836e-01 -1.434487e-02 8.711776e-03 1.401425e+00 -4.117813e+00 1.472559e+00 8.819430e+00 1423 2.255383e-02
53754 5.771722e-03 4.706330e-03 1.069343e-01 6.003336e-03 4.764705e-03 1.734510e+00 5.825887e+00 1.447192e+00 3.660079e+01 679 5.004551e-03
53942 7.436950e-04 8.746714e-03 9.969885e-02 5.775741e-03 1.972840e-02 4.718877e-01 2.629503e-01 -2.892241e+00 2.086149e+01 2277 1.620833e-02
53945 1.119927e-02 2.038851e-02 1.333133e-01 -1.027398e-02 -2.275009e-02 1.441733e+00 6.374269e+00 1.146488e+01 3.227865e+01 1407 1.078038e-02
54047 3.108382e-03 -6.711651e-03 1.172987e-01 -4.343802e-03 7.365678e-03 6.134114e-01 -5.898142e-01 -5.456906e-01 2.133894e+01 835 8.101051e-03
54351 3.238405e-03 8.322920e-03 1.237216e-01 -6.168353e-03 -1.295087e-02 1.734030e+00 -1.326390e+00 -1.413068e+00 4.201505e+01 2616 1.927161e-02
54445 -2.301607e-03 4.854917e-05 1.986485e-01 -2.946389e-03 1.782584e-03 5.863254e+00 3.928588e-01 7.468904e-01 1.410261e+01 383 1.279182e-02
54544 -9.341385e-03 -1.111657e-02 1.249723e-01 5.972047e-03 8.087132e-03 6.665189e+00 -5.311002e+00 -6.269165e+00 2.238255e+01 1482 1.175646e-02
54808 5.957827e-04 -1.439124e-03 2.529329e-01 6.968813e-03 -5.419942e-03 2.898797e+00 1.316522e+00 -1.622030e+00 2.666365e+01 1560 1.740320e-02
54918 4.580441e-03 -2.235643e-03 9.113846e-02 -7.872710e-03 1.854695e-03 4.581540e-01 -8.408149e+00 -1.143715e+00 1.624680e+01 1576 1.276636e-02
55129 -2.977187e-03 -6.204244e-04 3.077341e-01 5.396936e-03 1.479847e-03 3.022558e+01 6.664122e+00 2.392144e+00 2.991785e+01 789 1.280330e-02
55445 1.934346e-02 -1.491163e-02 1.817311e-01 1.546188e-02 -1.210067e-02 1.035965e+01 -7.194299e+00 5.457576e+00 3.254963e+01 2479 1.903253e-02
55630 2.818053e-04 -4.097830e-04 3.342713e-01 -4.737977e-04 -1.329868e-03 3.930749e+01 -5.261238e-01 -4.938440e+00 3.897322e+01 2608 2.444386e-02
55791 8.083225e-04 3.102841e-04 3.396738e-01 -1.601900e-03 2.834572e-03 3.860834e+01 -2.195266e+00 8.902595e+00 3.826867e+01 941 1.313337e-02
56014 1.851856e-03 -5.841460e-03 1.669359e-01 1.282502e-03 -6.843164e-03 1.104341e+00 1.332510e+00 -4.622852e+00 1.712620e+01 746 1.068374e-02
56367 1.047092e-02 1.979260e-02 1.771636e-01 7.964342e-03 1.358141e-02 2.428337e+01 -4.719491e+00 -9.300111e+00 3.451293e+01 639 7.282540e-03
56512 4.386653e-03 8.023330e-03 1.409224e-01 2.571799e-03 6.099648e-03 2.632550e+00 2.400037e+00 3.106800e+00 2.836604e+01 1626 1.333880e-02
56637 8.053165e-03 3.245688e-04 2.438741e-01 7.555950e-03 4.638425e-04 1.133969e+01 -4.493047e+00 1.209949e+00 3.744707e+01 702 9.755400e-03
56781 -9.942620e-03 -2.769044e-03 1.526983e-01 -1.218768e-02 -7.605844e-03 1.046528e+00 -4.404426e+00 -6.408938e-01 1.257281e+01 1143 1.406927e-02
57038 8.817927e-04 3.642193e-03 1.255297e-01 7.044748e-04 4.154579e-03 8.399357e-01 -5.294951e-01 -2.187790e+00 3.858459e+01 2413 1.771355e-02
57109 -5.969494e-03 1.089456e-02 2.216653e-01 -6.635891e-03 1.349653e-02 5.085942e+00 -2.741549e+00 4.811297e+00 2.783446e+01 3555 2.913682e-02
57151 1.106852e-02 3.475242e-03 2.530243e-01 1.770330e-02 5.563758e-03 1.450272e+01 3.624522e+00 1.137017e+00 3.339141e+01 1269 1.280498e-02
57635 1.561024e-02 -2.112979e-03 1.414558e-01 -1.815400e-02 4.012699e-03 3.057053e+00 2.811167e-01 1.387019e+00 3.535128e+01 694 6.366562e-03
58467 4.684379e-03 1.069435e-02 3.050434e-01 4.536401e-03 1.040748e-02 3.640068e+00 -2.777565e+00 -5.398850e+00 4.500578e+01 2473 2.180478e-02
58549 -4.294695e-03 -7.486830e-03 2.707536e-01 5.403018e-03 8.917667e-03 2.469985e+01 2.883032e+00 3.609748e+00 2.442910e+01 513 1.148633e-02
59557 -8.406990e-04 -2.748289e-03 1.001376e-01 -3.320863e-03 -1.248395e-02 5.917360e-01 4.310362e-01 1.372968e+00 2.673346e+01 549 4.636554e-03
59580 -1.421502e-03 1.019060e-03 1.077626e-01 -1.632627e-03 -1.464148e-03 5.395368e-01 -3.124214e-01 1.420809e+00 3.311428e+01 879 6.680831e-03
59799 -1.995147e-06 -5.792465e-03 1.014436e-01 -1.969188e-03 -6.713083e-03 4.841548e-01 -1.581271e+00 3.435138e-01 8.397710e+00 2248 1.817682e-02
59949 1.813672e-03 -6.406054e-03 1.159908e-01 1.836915e-03 -5.409265e-03 8.363093e-01 -1.167480e-01 -7.016172e+00 4.911969e+01 449 3.518133e-03
59958 8.015821e-03 1.044767e-02 1.232862e-01 1.058696e-02 1.449405e-02 6.063909e-01 -2.451042e+00 -3.015151e+00 2.804918e+01 729 6.353933e-03
60066 -3.102715e-03 -1.394089e-02 2.331620e-01 3.672236e-03 1.696853e-02 6.530188e+00 -1.441804e+00 -7.811329e+00 2.747394e+01 3369 2.793417e-02
60142 2.867473e-03 1.235493e-02 2.811323e-01 -7.348919e-03 -1.232003e-02 5.127936e+00 -1.057384e+00 -6.346137e+00 3.950592e+01 1425 1.488693e-02
60348 -6.438673e-03 6.782743e-04 3.065876e-01 8.503540e-03 -8.998684e-04 2.926358e+01 5.461533e+00 -5.868458e-01 2.895699e+01 1221 1.714332e-02
60762 -8.647082e-03 -2.372855e-02 6.774540e-02 -9.464242e-03 -3.238273e-02 6.638861e-02 -2.414302e-01 -9.999788e+00 -2.030528e+00 1016 7.812836e-03
60772 -2.409167e-03 -7.146124e-03 2.630810e-01 -1.017028e-03 -8.892619e-03 8.739705e+00 -1.386177e+00 -3.727869e+00 1.476166e+01 538 1.697417e-02
60780 1.422607e-03 5.170767e-03 1.671826e-01 -5.584752e-04 -4.458552e-03 8.486103e+00 -1.057549e+00 -4.455603e+00 2.146876e+01 2144 1.908205e-02
60960 1.416362e-02 -7.149896e-03 1.293438e-01 5.170588e-03 1.750232e-03 6.367197e-01 -8.265642e+00 4.388993e+00 1.535311e+01 1140 1.243532e-02
61304 -5.966509e-04 3.670705e-04 3.343807e-01 1.727906e-03 9.389630e-05 9.549080e+00 3.161486e+00 1.323505e+00 9.214700e+00 4138 5.834917e-02
61338 -3.605694e-03 1.294408e-03 1.652281e-01 5.520611e-03 -2.344587e-03 4.843146e-01 2.464559e+00 -1.424971e+00 1.395306e+01 495 1.022719e-02
61671 -5.820531e-03 -4.448042e-03 1.017261e-01 9.457162e-05 -1.029348e-03 7.321549e-01 4.852442e+00 4.380552e+00 3.033449e+01 1136 8.385449e-03
61678 7.848334e-03 9.498178e-03 2.911650e-01 1.237968e-02 1.262184e-02 1.366705e+01 -9.332329e-01 3.105905e-01 3.626787e+01 1857 1.791773e-02
62144 -1.778955e-03 5.794969e-03 1.597174e-01 -8.520685e-04 1.838455e-03 9.184793e+00 9.330629e-01 -3.270896e+00 2.421538e+01 958 1.023760e-02
62249 -3.974089e-03 -3.376588e-03 1.249490e-01 1.109536e-04 1.998557e-03 1.947189e+00 2.724058e+00 1.608306e+00 2.819325e+01 575 5.438866e-03
62395 -1.227728e-02 8.376341e-03 1.924629e-01 8.551033e-03 -6.763853e-03 6.160757e-01 -5.787898e+00 3.720977e+00 4.290860e+01 745 7.572711e-03
62842 4.419125e-04 3.891837e-03 3.336091e-01 -4.044053e-04 -6.433498e-03 1.814106e+01 1.314960e-01 -6.955694e+00 1.780745e+01 914 2.168222e-02
63034 9.326411e-03 9.812413e-03 1.600778e-01 5.515190e-03 7.402333e-04 2.000209e+00 -4.520247e+00 -6.305131e+00 2.020189e+01 623 8.745959e-03
63154 5.442359e-03 -9.677495e-04 9.135443e-02 -7.102170e-05 -4.015226e-03 5.497401e-01 -3.451389e+00 1.541183e+00 1.328899e+01 5346 3.725376e-02
63262 3.969940e-03 -1.245212e-02 1.161958e-01 2.070019e-03 1.419350e-03 4.606735e-01 -3.042820e+00 7.636702e+00 1.745965e+01 1109 1.079725e-02
63396 -7.047731e-03 5.151719e-03 1.202414e-01 8.103015e-03 -5.937858e-03 2.266631e+00 -7.996380e-01 5.745128e-01 2.199616e+01 1075 1.111362e-02
63532 -6.213334e-03 -3.209809e-03 1.222248e-01 -7.172781e-03 -1.342302e-03 6.622329e-01 2.231780e+00 1.732153e+00 3.125546e+01 1084 8.163488e-03
63587 -4.739242e-03 -1.621041e-02 1.248965e-01 -3.803362e-03 -1.246622e-02 5.468837e+00 -2.050148e+00 -7.943848e+00 2.411824e+01 1057 8.584747e-03
63787 7.225032e-03 2.382383e-03 1.148120e-01 7.932445e-03 1.907533e-03 2.307717e+00 -9.612052e-01 -8.297856e-01 2.090146e+01 1459 1.117729e-02
63917 8.870373e-03 -1.604361e-02 2.555499e-01 3.319743e-03 -1.273545e-02 4.877023e+00 4.948606e+00 -7.868799e+00 3.996852e+01 1877 1.637008e-02
63981 6.750954e-03 1.812463e-03 9.524135e-02 1.747663e-02 2.203851e-04 6.758694e-01 1.197926e+00 -1.152696e+00 3.424545e+01 630 4.410856e-03
64274 1.698348e-03 1.024998e-03 2.911933e-01 -4.253338e-03 2.020632e-03 1.393237e+01 1.328924e+00 4.742419e-01 3.717639e+01 4407 3.710540e-02
64371 6.149934e-03 -2.647242e-03 1.227578e-01 4.660976e-03 -1.543994e-03 6.971260e-01 2.793250e+00 -1.853499e+00 4.067773e+01 1012 7.876420e-03
64401 2.295292e-03 -4.242720e-03 1.040890e-01 2.035183e-03 6.428244e-03 4.365627e-01 1.370087e+00 -2.568117e+00 2.988096e+01 1427 1.029504e-02
64548 2.213356e-03 7.474761e-03 1.575888e-01 -2.065071e-03 -5.443074e-03 5.546669e-01 1.424184e+00 4.740642e+00 3.496442e+01 760 7.120274e-03
64620 1.517773e-03 2.187424e-05 3.389321e-01 5.638062e-03 -4.304874e-03 1.202627e+01 -6.182552e-01 1.248593e+00 3.785986e+01 527 1.029828e-02
64676 -5.461738e-03 -4.619480e-03 1.259266e-01 9.158541e-03 1.054976e-02 5.617003e-01 -2.328148e+00 -1.664989e+00 4.143448e+01 1063 7.462650e-03
64919 -3.497967e-03 -4.662975e-03 3.115556e-01 5.912681e-03 5.021558e-03 3.036113e+01 6.619807e+00 7.436331e-01 3.004957e+01 4796 4.203369e-02
64982 -3.880272e-03 1.831033e-02 1.963131e-01 2.937445e-03 -9.583948e-03 5.999080e+00 -1.996571e+00 9.968641e+00 4.038015e+01 1364 1.162966e-02
65225 9.914515e-04 2.532186e-03 2.491153e-01 -1.688690e-03 -5.515663e-03 5.940249e-01 2.661613e-01 4.231426e-01 3.446053e+01 807 1.043563e-02
65487 1.608614e-03 1.511901e-03 1.433032e-01 9.706449e-04 3.021064e-03 2.330031e+00 -1.041281e+00 -1.131355e+00 2.798158e+01 458 5.615170e-03
65585 8.167810e-03 -4.181509e-03 1.375771e-01 6.695215e-03 -3.922018e-03 1.600751e+00 -3.462038e+00 1.632071e+00 2.377166e+01 1194 1.053230e-02
65628 4.924729e-03 2.224192e-02 1.774138e-01 -5.770958e-03 -1.993021e-02 6.379282e+00 -2.156950e-01 5.709416e+00 2.876369e+01 525 6.855066e-03
65949 -6.496328e-03 1.595392e-02 1.182227e-01 6.373403e-03 -1.579989e-02 5.547315e-01 4.427051e+00 -5.583031e+00 1.967456e+01 593 6.691621e-03
66005 3.129171e-05 -6.444010e-03 2.247909e-01 -1.268876e-04 6.750959e-03 6.215670e+00 -2.682642e-01 4.948564e-01 5.990879e+00 1325 4.693207e-02
66188 -1.058651e-02 8.902321e-03 1.327574e-01 -2.098070e-03 -2.234491e-03 1.138184e+00 7.252224e+00 -5.160718e+00 2.038519e+01 498 5.957663e-03
66849 -1.898384e-03 2.483138e-03 2.543960e-01 -3.755304e-03 -1.144402e-03 2.332038e+00 4.249776e+00 -1.442755e+00 2.592598e+01 1407 1.585741e-02
66915 -5.154582e-03 -8.869563e-03 1.208841e-01 6.124894e-03 9.712546e-03 8.240238e-01 2.193248e+00 1.629531e+00 3.111717e+01 2347 1.726214e-02
67541 1.465188e-02 -7.979846e-03 1.560837e-01 -1.600789e-02 8.494544e-03 4.366294e-01 -2.306169e+00 7.130719e-01 3.590790e+01 485 5.331809e-03
68283 -2.647030e-03 -6.354376e-03 1.212567e-01 -3.763438e-04 -3.349929e-03 1.776350e+00 1.919417e+00 5.423167e+00 3.330112e+01 1584 1.247067e-02
68653 2.990872e-03 -9.222738e-03 1.086657e-01 -1.367900e-03 2.974621e-03 2.627133e+00 -1.646545e+00 5.761899e+00 2.025565e+01 2382 1.722620e-02
68877 2.713038e-03 -2.597685e-03 1.504322e-01 1.934668e-03 1.251700e-04 1.496190e+00 -1.733797e+00 1.556967e+00 2.128385e+01 2270 1.966128e-02
68909 6.456207e-03 -5.066078e-03 1.042662e-01 -9.984707e-03 8.608752e-03 6.093265e-01 -1.142724e+00 1.442411e+00 2.150010e+01 696 5.416381e-03
68973 -6.014474e-03 -9.226528e-04 9.317466e-02 1.554816e-02 -4.734025e-03 4.904724e-01 -3.257849e+00 -6.613924e-01 3.617980e+01 1645 1.221734e-02
69036 2.197990e-02 8.709749e-03 2.466893e-01 -2.057535e-02 -8.376578e-03 1.105678e+01 -4.573952e+00 -1.544675e+00 5.052920e+01 1057 1.024486e-02
69198 6.405238e-03 2.612376e-03 1.074960e-01 -1.263631e-02 -5.679577e-03 4.452899e-01 -2.863184e+00 -1.525340e+00 3.873971e+01 1377 9.946822e-03
69586 1.595518e-02 -7.441015e-03 3.454765e-01 1.220467e-02 -6.147648e-03 2.947664e+00 7.050996e+00 -2.653206e+00 2.951627e+01 2208 2.433184e-02
69655 2.298580e-02 -5.892972e-04 7.007503e-02 6.587194e-02 -1.737525e-03 7.642586e-02 2.603718e+00 -7.972910e-02 2.666810e+00 1297 9.826029e-03
69837 -3.682280e-03 2.929398e-03 1.836834e-01 -4.859237e-03 1.071418e-02 7.801415e+00 -1.859713e-01 5.399854e+00 1.350766e+01 1005 1.411543e-02
70258 -6.711963e-03 -5.329628e-03 1.337348e-01 8.791077e-03 6.357440e-03 4.287747e-01 3.246090e+00 1.428533e+00 3.716886e+01 1676 1.303833e-02
70825 1.039521e-03 1.763829e-02 1.569530e-01 -3.328273e-04 1.571746e-02 2.033599e+00 1.272447e+00 4.879162e+00 2.575100e+01 1763 1.463999e-02
70871 -6.993362e-03 1.075661e-02 1.060846e-01 -9.666103e-03 1.667687e-02 1.052825e+00 -3.278483e+00 7.765465e+00 3.127972e+01 1111 8.065257e-03
71221 -5.069873e-03 -1.544636e-03 2.600526e-01 -2.810801e-03 -9.392266e-03 1.544716e+01 -4.262301e+00 -3.957687e+00 3.140934e+01 1544 1.582501e-02
71354 -2.131206e-03 -5.762612e-03 1.760430e-01 2.827863e-03 1.026963e-02 3.268212e+00 6.645093e-01 1.140071e+00 2.236726e+01 1316 1.380145e-02
71460 4.165874e-03 1.196989e-03 1.076218e-01 -7.555138e-03 -1.397689e-03 5.034875e-01 -1.286385e+00 1.345204e-01 4.516744e+01 1020 6.550764e-03
71650 5.472722e-03 -1.165443e-02 1.257014e-01 6.491232e-03 -1.482869e-02 8.819112e-01 -3.499708e+00 7.485640e+00 4.045389e+01 2023 1.463751e-02
72878 1.800990e-03 4.409575e-03 2.357078e-01 -3.726673e-03 -1.068379e-03 8.923422e-01 -7.405321e-01 3.055634e+00 2.775636e+01 1288 1.412764e-02
73316 -4.899790e-03 -1.378517e-04 1.355946e-01 5.367717e-03 1.286422e-03 3.560254e+00 -3.585164e-01 1.060247e+00 2.699165e+01 1114 9.534607e-03
73504 5.075177e-03 5.558740e-03 9.381713e-02 -1.583608e-02 -1.424253e-02 4.027622e-01 -3.760782e+00 -2.629609e+00 3.391036e+01 1460 1.106131e-02
73516 -3.935062e-03 1.536668e-03 2.964584e-01 5.012418e-03 -1.472512e-03 1.973900e+01 -2.845840e-01 -3.206508e-01 4.314381e+01 710 9.603620e-03
73766 -1.037301e-02 -6.757381e-03 1.252890e-01 1.277998e-02 6.293978e-03 9.832265e-01 4.028439e-01 -1.565417e+00 2.254022e+01 1549 1.335037e-02
73978 5.585083e-04 -2.399984e-03 1.862735e-01 -5.068242e-04 1.199799e-03 4.837425e+00 -3.428480e-01 1.458490e+00 2.371301e+01 1228 1.314017e-02
74117 -4.149151e-04 1.405805e-02 1.890506e-01 2.937957e-03 -1.604883e-03 4.412883e+00 8.576538e-02 8.379597e+00 2.663564e+01 2511 2.104580e-02
74630 4.391734e-03 -3.045131e-03 1.108517e-01 -3.290261e-03 2.925272e-04 9.600560e-01 -1.821410e+00 2.027546e+00 1.702956e+01 1340 1.166759e-02
75006 9.417920e-03 8.160637e-04 2.411941e-01 -8.053460e-03 -2.894841e-04 3.367191e+01 4.398940e+00 1.534813e+00 3.343071e+01 1428 1.606024e-02
75139 -1.198582e-02 -2.337411e-03 2.390719e-01 2.424743e-02 2.528449e-04 1.719252e+00 3.490406e+00 1.404200e+00 3.021436e+01 1248 1.397097e-02
75375 9.341432e-03 6.200925e-03 1.821635e-01 -9.653091e-03 -6.400035e-03 6.864446e+00 -4.674183e-01 -3.224588e-01 2.741613e+01 1146 1.204706e-02
75376 -1.343179e-02 -8.507951e-03 2.043165e-01 8.509496e-03 3.013059e-03 1.484243e+00 9.199449e+00 5.545228e+00 2.695216e+01 2391 2.137654e-02
75390 5.131685e-03 1.025999e-02 2.081970e-01 1.199691e-03 6.687517e-03 4.124722e-01 6.592536e+00 6.571826e+00 1.440959e+01 4625 4.206927e-02
75516 -6.618893e-03 -1.251131e-02 1.214342e-01 -1.477674e-02 -2.011337e-02 7.277572e-01 1.433339e+00 4.133416e+00 3.453616e+01 4673 3.405677e-02
75521 6.887157e-03 7.853301e-03 1.328156e-01 -9.138735e-03 -7.533600e-03 1.528008e+00 -8.711885e-01 1.617895e+00 1.691416e+01 741 8.164004e-03
75874 -1.928579e-03 -3.521550e-05 9.893106e-02 4.921460e-03 -5.963749e-04 4.815273e-01 -2.845572e+00 1.646939e-01 3.032846e+01 897 7.025492e-03
76179 -2.545240e-03 -3.205744e-03 1.723503e-01 7.602816e-03 -1.138198e-02 1.154676e+01 2.861912e+00 6.495917e-02 1.391641e+01 3129 2.907769e-02
76480 -5.027479e-03 1.658449e-02 1.258186e-01 -7.907432e-03 1.834613e-02 9.814092e-01 1.307320e+00 -6.187920e+00 2.665524e+01 1301 1.118851e-02
76684 -5.353801e-03 4.819381e-03 2.517196e-01 -5.032129e-03 2.595217e-04 1.278124e+01 1.316099e+00 -4.319501e+00 3.512957e+01 1565 1.532870e-02
77265 2.182751e-02 -1.715116e-02 1.986010e-01 -2.024201e-02 1.612386e-02 2.704467e+01 5.740402e+00 -3.893223e+00 2.684607e+01 534 8.366804e-03
77466 4.407037e-03 6.606791e-03 1.507133e-01 -7.336975e-04 1.135766e-03 3.843756e+00 -2.948745e+00 -3.935571e+00 1.892770e+01 664 8.264402e-03
77538 7.717655e-03 5.486697e-03 1.232971e-01 -6.042583e-03 -4.644061e-03 6.129131e-01 -3.109752e+00 -1.761411e+00 2.280913e+01 1016 8.107258e-03
77711 1.709202e-02 -8.098082e-03 2.936366e-01 -1.743531e-02 8.295542e-03 1.255331e+01 1.768533e-02 8.996739e-02 1.225968e+01 3492 4.497740e-02
78518 -2.491226e-02 1.288842e-03 2.851360e-01 2.236755e-02 -1.775115e-03 4.157091e+01 -8.628542e+00 -1.299326e+00 4.128577e+01 1080 1.253742e-02
78543 8.288181e-03 -2.414164e-03 2.331436e-01 -7.261241e-03 9.114375e-04 2.839386e+01 3.380125e+00 -4.384903e+00 2.816071e+01 1622 1.642745e-02
79084 -3.491684e-03 4.928917e-04 1.114217e-01 -1.870429e-02 2.188581e-03 7.789135e-01 1.530780e+00 -2.297680e-01 3.638737e+01 1213 9.254082e-03
79331 -1.305189e-02 4.150616e-03 1.249173e-01 -1.489127e-03 2.329226e-03 8.182491e-01 9.520166e+00 -3.689142e+00 3.439260e+01 1687 1.275206e-02
79414 -6.962284e-04 1.048030e-02 1.109238e-01 4.145883e-04 -2.199200e-04 1.634661e+00 3.624741e-01 -1.052832e+01 3.003387e+01 2893 2.015245e-02
79565 -6.997784e-04 1.289049e-04 2.909867e-01 -3.816501e-03 1.984209e-03 5.928769e+00 -4.232661e+00 2.552698e+00 2.917713e+01 880 1.261526e-02
79693 5.883309e-03 9.065775e-03 1.115842e-01 -1.011433e-02 -1.271491e-02 3.891445e-01 1.067030e+00 2.431320e+00 2.845360e+01 944 7.109448e-03
79742 -9.480544e-04 -1.076686e-03 2.178201e-01 2.241110e-03 3.493417e-04 5.474926e+00 -1.909050e+00 -1.024623e+00 2.383821e+01 1962 1.932858e-02
80172 -4.792786e-03 3.269677e-03 2.516870e-01 4.695039e-03 -3.264418e-03 1.230607e+01 6.038757e-01 -1.469679e-01 3.620095e+01 2657 2.230423e-02
80349 2.432430e-03 -1.127146e-02 2.148154e-01 -1.721164e-03 1.198100e-02 2.525127e+00 -1.739015e+00 -7.199251e-01 3.490290e+01 2812 2.398702e-02
80361 -7.997327e-03 8.918030e-03 3.035528e-01 -1.319255e-02 1.474630e-02 3.052381e+00 -3.232992e+00 3.600818e+00 3.870369e+01 2182 2.074132e-02
80481 -2.990731e-03 5.596343e-03 2.614950e-01 -9.526064e-03 1.107900e-02 1.717360e+01 2.586492e+00 -1.356337e+00 3.095559e+01 1238 1.385817e-02
80578 -5.506069e-03 -3.044990e-03 2.725819e-01 -9.101790e-03 -5.221066e-03 2.894979e+01 1.545907e+00 9.932678e-01 3.077697e+01 788 1.124913e-02
81185 1.573184e-03 -1.140592e-03 1.005361e-01 -1.430485e-03 6.702681e-04 4.897261e-01 8.916107e-01 -6.602445e-01 3.570990e+01 2836 1.921760e-02
81294 1.710927e-03 -1.379217e-03 9.440972e-02 -3.059814e-04 2.883060e-04 4.291880e-01 -1.188835e+00 9.692457e-01 1.945329e+01 1814 1.329234e-02
81350 -9.693253e-03 6.006469e-03 3.315714e-01 5.174706e-03 -3.975315e-03 4.908240e+00 5.610888e+00 -2.812368e+00 2.963678e+01 1250 1.729717e-02
81365 1.751390e-03 7.292799e-03 1.038854e-01 -9.018464e-04 -1.709906e-02 4.724556e-01 8.840869e-01 -1.404766e+00 3.928470e+01 2025 1.282081e-02
82068 -9.405251e-03 5.272973e-03 1.165103e-01 -1.509917e-02 1.012556e-02 7.397525e-01 -3.930355e+00 3.791536e+00 3.946147e+01 2413 1.754968e-02
82571 7.505950e-04 3.338592e-03 2.880146e-01 3.382198e-03 -2.264223e-03 4.206768e+01 1.868777e+00 1.470196e+00 4.233967e+01 1057 1.207859e-02
83365 -3.442457e-04 1.663854e-03 3.018688e-01 -7.916816e-03 -1.324414e-02 2.655787e+00 1.309463e+00 8.167493e-01 2.998800e+01 1882 2.035321e-02
83634 -1.293743e-02 6.577511e-03 1.406515e-01 1.106852e-02 -7.015906e-03 5.179975e-01 -4.181500e+00 4.580399e-02 1.650327e+01 3092 2.391690e-02
83873 3.380749e-03 -4.588609e-03 3.431655e-01 1.282308e-02 -1.294518e-02 2.025028e+01 -3.710627e-01 -3.617890e-01 2.011729e+01 248 1.564782e-02
84062 9.515270e-03 -1.319980e-02 1.963646e-01 5.605007e-03 -5.528101e-03 4.524164e-01 5.906106e+00 -8.117131e+00 2.344831e+01 3351 3.015956e-02
84084 -9.456963e-03 -4.555988e-03 1.042817e-01 5.687117e-03 -6.660663e-04 5.635239e-01 5.718204e+00 6.783648e+00 2.145719e+01 1369 1.082628e-02
84450 6.415908e-03 1.019834e-02 1.112671e-01 8.244282e-03 1.168812e-02 2.284890e+00 3.501597e+00 2.482441e+00 2.433759e+01 744 6.695040e-03
84519 -1.499980e-02 6.946789e-03 1.854312e-01 -1.393368e-02 5.868177e-03 5.371028e+00 -3.345501e+00 2.162499e+00 3.523071e+01 5409 3.994447e-02
84595 -2.971425e-03 5.175633e-03 9.648646e-02 2.510043e-03 -3.354070e-03 1.047908e+00 1.003734e+00 -3.254295e+00 1.859138e+01 991 7.143623e-03
84649 5.072393e-03 7.119360e-04 2.439318e-01 -2.733392e-03 5.827774e-05 3.695528e+00 2.630458e+00 6.485065e-01 3.534447e+01 730 9.697606e-03
85041 1.721160e-03 7.076901e-03 1.140668e-01 4.526528e-04 5.929312e-03 9.562606e-01 -1.182498e+00 -5.723052e+00 4.296328e+01 1178 8.790163e-03
85115 -1.742551e-03 1.197665e-02 2.503642e-01 -1.945639e-03 2.399329e-03 7.424923e+00 -1.770389e+00 8.748587e+00 3.549320e+01 985 1.053965e-02
85246 -6.764981e-03 7.126860e-04 1.127274e-01 6.874207e-03 5.984745e-04 3.988136e-01 -3.137902e+00 5.280220e-01 2.774905e+01 2263 1.556097e-02
85248 -5.411537e-03 1.479072e-03 1.647198e-01 -5.351374e-03 1.489942e-03 1.789900e+00 1.432673e+00 2.414049e-01 2.741459e+01 1846 1.638699e-02
85561 -6.222369e-03 5.234815e-03 1.132260e-01 1.103678e-02 -6.588230e-03 3.106063e+00 -4.303518e+00 3.483897e+00 3.503043e+01 1169 8.327517e-03
85563 2.480081e-02 -8.823310e-03 1.801705e-01 -2.181242e-02 9.045962e-03 1.343203e+00 1.069417e+01 -3.500482e+00 4.705200e+01 1796 1.388210e-02
85867 -1.029100e-03 -7.041068e-03 1.454020e-01 -1.887262e-03 -9.441575e-03 7.602680e-01 -8.145128e-01 -1.694734e+00 3.925097e+01 1514 1.178900e-02
85997 -3.577134e-03 -1.373065e-02 1.451302e-01 5.426948e-03 -7.440802e-03 2.316953e+00 1.537778e+00 9.254787e+00 2.770438e+01 831 8.321535e-03
86142 1.439831e-03 1.012863e-02 1.130341e-01 -2.319468e-03 -1.280545e-02 1.513428e+00 8.588400e-01 6.049257e+00 3.439562e+01 810 6.242336e-03
86384 -7.399520e-03 1.049758e-02 1.235888e-01 9.553462e-03 -1.272296e-02 1.942536e+00 2.614395e+00 -2.408918e+00 3.467478e+01 1163 9.809895e-03
86404 1.540391e-03 -1.061371e-02 9.945931e-02 -2.871770e-03 1.942959e-02 1.832532e+00 -4.530571e-01 2.903417e+00 2.545820e+01 930 6.580041e-03
86604 -5.883222e-03 1.252204e-02 2.011693e-01 9.045565e-03 -1.864708e-02 7.478957e+00 3.485478e+00 -7.421587e+00 2.208461e+01 728 1.008169e-02
86610 1.295368e-02 -9.384925e-03 3.302869e-01 -1.285872e-02 8.888677e-03 2.547294e+01 1.016707e+00 -1.944210e+00 2.514265e+01 1443 2.013069e-02
86791 -3.265463e-03 1.028515e-03 1.537515e-01 -4.204266e-03 -6.849642e-04 7.865111e+00 2.505521e-01 -1.240499e+00 3.448169e+01 2607 1.956171e-02
86793 -5.323599e-03 -2.095641e-03 2.301354e-01 4.520973e-03 2.786316e-03 7.724733e+00 -1.628045e+00 3.752391e-01 3.474915e+01 651 8.507556e-03
87026 -1.076016e-03 -5.388518e-03 1.010847e-01 4.249313e-03 9.741634e-03 3.806859e-01 6.391538e-01 -4.980373e-01 2.917969e+01 1380 9.902240e-03
87608 1.662997e-02 1.178539e-02 9.036276e-02 -1.900991e-02 -1.342974e-02 9.974610e-01 -8.466058e+00 -5.836844e+00 8.147797e+00 1528 1.275726e-02
87735 -1.483018e-04 2.735873e-03 2.115156e-01 3.575971e-03 -1.349973e-03 2.047468e+01 -2.967641e+00 -1.687464e+00 2.091220e+01 1401 1.697941e-02
88002 -9.419871e-04 7.400074e-03 1.447510e-01 -3.560877e-04 -5.615444e-03 3.856206e+00 -5.557761e-01 4.600468e+00 4.350560e+01 545 4.482886e-03
88578 -7.596385e-03 5.219157e-03 1.045904e-01 -1.162992e-02 8.486306e-03 5.043975e-01 -7.163353e-01 7.969368e-01 2.462824e+01 519 4.207273e-03
88652 3.227444e-03 7.922870e-04 1.193500e-01 4.244383e-03 2.558502e-03 2.921445e+00 3.404400e-01 1.422714e+00 4.647374e+01 335 3.044463e-03
88802 1.123812e-02 -3.546669e-03 1.101100e-01 -1.847985e-02 7.411786e-03 6.961340e-01 2.895485e+00 -5.489928e-01 2.368548e+01 1362 1.104348e-02
89136 -4.872039e-03 -4.568060e-03 1.732359e-01 -6.092914e-03 -3.530013e-03 2.638343e+00 3.099187e+00 2.843758e+00 5.104908e+01 797 6.883470e-03
89241 -2.884700e-03 -1.966822e-03 3.108202e-01 2.889000e-03 2.108993e-03 3.053105e+01 -1.545232e-01 2.880162e-01 3.022023e+01 2908 2.714836e-02
89403 -2.892001e-03 -8.424587e-03 1.427931e-01 2.570398e-03 7.418335e-03 1.771057e+00 1.189554e+00 3.690504e+00 3.160004e+01 1989 1.580963e-02
89663 3.946768e-03 -4.301310e-03 9.867277e-02 -3.508398e-03 3.823450e-03 3.545991e-01 -5.072580e+00 5.529527e+00 3.497481e+01 747 5.376327e-03
89688 3.573313e-03 1.076209e-02 2.947841e-01 -5.613769e-04 2.274097e-03 1.535677e+00 -3.490394e+00 -7.924468e+00 4.005754e+01 696 1.001777e-02
90100 1.395980e-02 8.046663e-04 1.759841e-01 6.756479e-03 2.701632e-03 1.141946e+00 8.305630e+00 4.543436e-01 2.368420e+01 623 7.844394e-03
90225 1.210418e-02 -8.242483e-03 1.451282e-01 2.286742e-03 -1.857246e-03 8.373966e-01 9.138164e+00 -6.024692e+00 5.141982e+01 779 5.888661e-03
90615 -3.634699e-03 1.027948e-02 2.669941e-01 3.727230e-03 -8.016604e-03 3.555021e+01 5.141020e-02 6.986864e+00 3.528322e+01 1207 1.334892e-02
91226 1.910862e-03 -6.275661e-03 1.994114e-01 1.149368e-03 -3.058285e-03 2.346497e+01 -9.708112e-01 3.330862e+00 3.724440e+01 2249 1.883065e-02
91381 -3.075810e-03 -7.096306e-03 1.012106e-01 6.478192e-03 8.921410e-03 4.511552e-01 -2.828509e+00 -5.653343e+00 2.945051e+01 401 3.312238e-03
91440 1.061339e-02 -3.075488e-03 1.235828e-01 -1.082822e-02 3.305196e-03 5.710873e-01 -1.028493e+00 1.322001e+00 1.999780e+01 963 9.116052e-03
91727 1.102103e-03 6.100095e-03 1.513123e-01 -1.650362e-03 1.824310e-03 8.197114e-01 -7.579721e-01 -3.569652e+00 3.673185e+01 991 8.477865e-03
92087 1.691157e-03 -2.484741e-04 1.000275e-01 -7.942863e-05 -1.069135e-04 5.611224e-01 1.718998e+00 -1.589543e-01 3.378670e+01 1057 7.298750e-03
92510 -8.061312e-04 4.400320e-03 2.506987e-01 2.951624e-03 -3.419601e-03 1.328682e+01 6.014748e+00 3.024912e+00 1.303613e+01 586 1.815844e-02
92770 -2.256524e-03 -5.465177e-04 3.189907e-01 2.450191e-03 9.814743e-04 2.381504e+00 -5.297941e-01 5.879796e-02 3.852685e+01 599 1.050265e-02
92846 1.322823e-02 2.230803e-04 1.284877e-01 -1.750017e-02 -2.032766e-03 1.476961e+00 5.411201e+00 -1.822313e-01 3.380553e+01 476 4.342254e-03
92914 1.858331e-02 -1.131838e-02 1.182190e-01 -1.633232e-02 1.060732e-02 3.649518e+00 -8.977719e+00 3.082767e+00 1.910414e+01 1250 1.071344e-02
93064 -1.430048e-02 1.923051e-02 1.649708e-01 1.485827e-02 -1.677393e-02 4.678002e-01 -4.429937e+00 7.150656e+00 3.218210e+01 1097 9.975228e-03
93255 -5.203231e-03 -3.722798e-03 1.398220e-01 -4.641950e-03 -4.270778e-03 1.873719e+00 2.008857e+00 1.133104e+00 3.720262e+01 747 6.239542e-03
93578 3.680101e-03 -1.055825e-03 1.178042e-01 3.554275e-03 -3.027568e-03 4.370470e-01 1.188539e+00 4.699960e-01 2.474656e+01 1532 1.237307e-02
93703 -9.762944e-03 1.039683e-03 1.266154e-01 3.870759e-03 -8.337950e-05 7.382610e-01 5.805217e+00 -8.113835e-01 2.949091e+01 1328 1.065113e-02
93941 -2.404779e-03 -1.022247e-02 1.135848e-01 -3.227013e-03 -1.112621e-02 4.615067e-01 -4.206921e-01 -2.822523e+00 6.070329e+00 1232 1.398180e-02
94162 7.404555e-03 -1.671526e-04 1.273386e-01 -7.156594e-03 4.426564e-04 5.010476e-01 1.568905e+00 1.489027e+00 1.004377e+01 1122 1.373762e-02
94211 -1.373507e-02 2.565248e-04 1.877770e-01 1.043695e-02 2.821869e-03 7.993113e+00 6.391599e+00 -7.924987e-01 3.228049e+01 1200 1.172767e-02
94476 2.627563e-03 -7.223083e-03 2.332197e-01 3.745558e-03 -6.626902e-03 1.477999e+01 -4.509811e-01 2.582849e+00 3.619643e+01 1059 1.252994e-02
94621 1.170424e-03 1.349854e-03 2.516951e-01 5.939174e-04 -5.892381e-04 1.291734e+01 -1.426364e+00 -4.617258e+00 2.670208e+01 1159 1.552599e-02
95159 -2.418246e-03 -3.391196e-03 1.131862e-01 2.532926e-03 3.771795e-03 1.573062e+00 -2.547685e+00 -3.649833e+00 3.446746e+01 1615 1.200033e-02
95325 -2.254657e-03 1.359540e-02 2.546996e-01 -1.443806e-03 -1.274992e-02 1.883433e+01 1.640468e+00 -6.279911e+00 3.455141e+01 578 8.979247e-03
95327 1.629758e-04 -5.112871e-03 9.868435e-02 3.855976e-04 1.683559e-04 4.387602e-01 -2.041401e-01 -6.200379e+00 2.448920e+01 470 3.468956e-03
95446 -9.422522e-03 -8.781246e-03 1.441063e-01 4.795765e-03 6.814614e-03 1.259804e+00 4.781292e+00 3.512900e+00 2.235007e+01 1126 1.049931e-02
95638 -1.149182e-03 1.425510e-03 2.700142e-01 -1.305976e-03 -5.505404e-04 7.428216e+00 9.312137e-01 -7.909564e-01 3.631486e+01 1254 1.387018e-02
95984 9.188376e-03 2.874178e-03 1.152133e-01 -9.190609e-03 -2.823797e-03 1.572554e+00 2.063510e-01 4.126367e-01 1.785970e+01 1492 1.267410e-02
96000 1.350284e-02 1.329712e-02 2.292040e-01 4.968093e-04 -1.823137e-03 4.129767e+00 -8.250324e+00 -8.482453e+00 3.660942e+01 3029 2.507534e-02
96058 -1.831271e-04 -6.643593e-04 3.139661e-01 -1.065731e-03 -5.394926e-04 3.308016e+01 -3.538783e+00 -3.439439e+00 3.276620e+01 501 1.040710e-02
96394 -1.216699e-02 9.187092e-03 1.764278e-01 -6.497240e-03 7.428977e-03 8.745840e+00 7.333227e+00 -3.156918e+00 2.137781e+01 4033 3.253063e-02
96412 -9.977226e-03 -8.289815e-03 2.591358e-01 9.288446e-03 6.986832e-03 1.620233e+01 -2.522362e+00 -4.160080e+00 1.594320e+01 1198 1.961818e-02
96528 1.059934e-02 -7.944845e-03 1.647453e-01 7.552300e-03 -6.754129e-03 6.300738e+00 -4.336728e+00 2.619066e+00 2.169149e+01 2413 2.130453e-02
96691 3.046970e-03 -4.883405e-03 2.482525e-01 -9.580375e-04 -5.766228e-03 3.736781e+00 -1.947478e+00 2.378696e+00 1.928822e+01 737 1.399943e-02
97216 5.658200e-03 -4.940987e-03 9.730843e-02 -1.092683e-02 1.196338e-02 3.599012e-01 1.918267e+00 -1.330130e+00 2.538689e+01 606 4.825656e-03
97537 2.598201e-03 1.583181e-04 1.101329e-01 -7.178172e-04 7.695439e-04 3.900048e-01 -2.895650e+00 -1.299220e+00 4.175915e+01 2778 1.877634e-02
97596 7.949509e-03 -4.030380e-04 1.425420e-01 -1.441065e-02 -4.127712e-04 2.605158e+00 8.480909e-01 -3.963746e-01 4.556004e+01 819 6.523155e-03
98141 -3.119855e-03 7.271128e-03 1.823819e-01 -3.323321e-03 6.206189e-03 7.587216e+00 1.401315e-01 2.685233e+00 1.316972e+01 1565 2.005653e-02
98263 -1.508225e-02 -8.841641e-03 1.503101e-01 -1.738321e-02 -8.945122e-03 2.782411e+00 2.147792e+00 2.012933e+00 4.337718e+01 1611 1.254602e-02
98315 -8.381914e-04 1.010205e-03 1.623864e-01 1.225932e-03 1.406442e-03 3.574124e-01 1.901521e-01 -1.087377e+00 3.791252e+01 442 4.742176e-03
98345 -4.256180e-03 -1.453890e-03 3.088422e-01 3.475409e-03 1.983025e-03 1.917222e+01 -2.451701e+00 1.410879e+00 1.886338e+01 1812 2.539392e-02
98443 -5.722344e-03 -4.068968e-03 1.509575e-01 3.998144e-03 6.811452e-03 2.315970e+00 -2.796792e+00 -1.199628e+00 3.123546e+01 2796 2.155546e-02
98831 9.628204e-03 4.938591e-03 1.099800e-01 1.213897e-02 6.129765e-03 6.156068e-01 7.006260e+00 3.303763e+00 3.339495e+01 901 7.000317e-03
99395 8.397802e-03 4.853933e-03 1.401612e-01 -7.590303e-04 -3.040006e-03 9.100014e-01 -6.637153e+00 -2.240688e+00 3.703267e+01 1752 1.294027e-02
99460 1.162508e-02 -3.948901e-03 1.410966e-01 -4.691913e-03 -4.644167e-04 3.360970e+00 7.990128e+00 -2.369000e+00 3.192669e+01 1595 1.253865e-02
99633 1.423904e-03 -1.544927e-03 9.959391e-02 -1.841831e-03 4.600767e-03 4.014974e-01 -6.164282e-01 5.309281e+00 3.794964e+01 593 4.716778e-03
99802 3.049338e-03 -2.263086e-03 2.534174e-01 3.077012e-03 -2.521117e-03 6.222977e+00 -3.012728e-01 3.157449e+00 3.666247e+01 3055 2.529783e-02
