/n/home03/calmiller/DSMC_Simulations/6_10_20_fixed_collisions/flow_4.00000_gap_0.00100_len_0.04000_T1_2.00000_T2_2.00000/data
running....
idx x y z xnext ynext znext vx vy vz collides time
750488 3.824706e-04 -6.793392e-03 1.108564e-01 -8.505938e-04 -5.691098e-02 1.616513e-01 -7.719083e-01 -3.137402e+01 3.179799e+01 3499 1.242458e-02
501453 1.542714e-02 5.187014e-03 2.013157e-01 1.548672e-01 7.181313e-02 1.737803e+00 4.692008e+00 2.241897e+00 5.170111e+01 7991 2.529336e-02
2361 1.655652e-03 6.021520e-03 1.538116e-01 2.871540e-02 4.917218e-02 4.574081e-01 4.253663e+00 6.783077e+00 4.772392e+01 6598 2.249084e-02
627431 7.547878e-03 -1.108699e-02 1.518042e-01 8.251782e-02 -1.129996e-01 5.380598e-01 1.073642e+01 -1.459487e+01 5.531554e+01 7200 2.338033e-02
878203 -1.096184e-02 8.336553e-03 1.383767e-01 -3.349880e-02 2.378469e-02 2.115876e-01 -1.360445e+01 9.325275e+00 4.419384e+01 6873 2.232582e-02
378483 -3.734353e-03 1.070471e-02 1.190027e-01 -1.054219e-02 9.398450e-02 2.335583e-01 -2.925335e+00 3.578544e+01 4.922468e+01 4945 1.644018e-02
753935 1.600455e-02 -1.705922e-02 1.776157e-01 3.729599e-01 -4.131187e-01 1.692157e+00 1.289950e+01 -1.431263e+01 5.473186e+01 4409 1.641754e-02
254013 2.353144e-02 -1.424640e-02 1.620412e-01 2.431075e-01 -2.228459e-01 7.885702e-01 2.109105e+01 -2.003671e+01 6.018030e+01 5766 1.871076e-02
129012 -7.990207e-05 5.116601e-03 1.892957e-01 3.625471e-01 1.045896e-01 1.812818e+00 1.064528e+01 2.920131e+00 4.766012e+01 4023 1.525060e-02
754284 1.347787e-02 2.048195e-02 6.588077e-02 1.776356e-02 3.296764e-02 6.347376e-02 1.165535e+01 3.395604e+01 -2.244946e+00 7311 2.021544e-02
504400 4.826607e-03 -1.392438e-02 1.219940e-01 1.113494e-01 -1.591714e-01 3.598318e-01 1.526346e+01 -2.081218e+01 3.407934e+01 6771 2.069058e-02
254938 -6.017286e-04 1.544236e-02 1.330680e-01 4.949334e-04 3.792911e-02 1.862976e-01 9.854712e-01 2.020682e+01 4.783267e+01 5432 1.664951e-02
506179 2.677731e-03 1.304761e-02 1.707535e-01 8.656740e-02 1.744471e-01 7.300957e-01 6.910530e+00 1.329551e+01 4.607660e+01 4964 1.642138e-02
6972 -4.809297e-04 -1.600549e-02 1.345223e-01 -3.725823e-02 -1.922998e-01 5.128509e-01 -4.555774e+00 -2.183839e+01 4.686531e+01 5109 1.923949e-02
631379 -2.513920e-03 -2.411409e-02 1.751947e-01 1.533212e-02 -2.525051e-01 9.790224e-01 9.945268e-01 -1.272781e+01 4.479584e+01 3606 1.304406e-02
381816 -5.689169e-03 8.631524e-03 1.371584e-01 -2.289042e-02 3.091586e-02 2.926315e-01 -4.060592e+00 5.260524e+00 3.670158e+01 13694 3.793363e-02
9286 -3.002397e-03 -2.032308e-02 2.480399e-01 -3.440330e-01 -5.364080e-01 2.701273e+00 -5.693846e+00 -8.616553e+00 4.095918e+01 2507 1.284347e-02
882994 7.877820e-03 2.973896e-03 1.669511e-01 8.705194e-02 7.761744e-02 7.337143e-01 8.032633e+00 7.572982e+00 5.750112e+01 3855 1.434940e-02
508554 1.663412e-02 -1.662259e-02 6.598884e-02 2.651470e-02 -4.211872e-02 6.800000e-02 2.063292e+01 -5.324179e+01 4.199760e+00 4576 1.315870e-02
633726 2.369102e-03 9.016472e-03 1.227860e-01 4.648191e-03 2.978275e-02 1.855326e-01 1.728949e+00 1.575359e+01 4.760048e+01 3318 1.137873e-02
509072 9.370389e-03 3.138247e-03 1.170388e-01 4.658204e-02 1.006789e-02 1.659656e-01 2.450933e+01 4.564189e+00 3.222548e+01 5994 1.891589e-02
134491 6.414465e-04 -5.104551e-03 1.390505e-01 1.898811e-03 -2.431111e-02 3.668004e-01 2.764985e-01 -4.223584e+00 5.008295e+01 3694 1.397667e-02
760823 -2.747217e-02 -4.857459e-03 6.543713e-02 -1.248385e-01 5.411531e-02 4.355054e-02 -3.552790e+01 2.151851e+01 -7.732846e+00 3475 1.005967e-02
12659 3.795480e-03 7.920438e-03 1.120310e-01 7.955098e-03 7.378573e-02 1.686277e-01 1.637163e+00 2.592359e+01 2.227559e+01 7517 2.168931e-02
636760 -8.082282e-03 6.353258e-03 1.379863e-01 -3.633561e-02 4.495104e-02 2.585371e-01 -1.034421e+01 1.413155e+01 4.413647e+01 7438 2.272742e-02
512225 2.594008e-02 -1.451444e-02 1.374625e-01 1.757718e-01 -8.611411e-02 3.906491e-01 1.853709e+01 -8.858264e+00 3.132408e+01 7800 2.482307e-02
137257 -6.486330e-03 -2.910006e-02 1.331115e-01 -3.932862e-02 -1.120546e-01 2.121819e-01 -1.183302e+01 -2.988838e+01 2.848892e+01 7833 2.366803e-02
638479 -1.763721e-02 4.305611e-03 1.255870e-01 -3.570950e-01 3.844117e-02 4.600431e-01 -4.059460e+01 4.082156e+00 3.999647e+01 8208 2.472218e-02
513602 1.188240e-03 -6.823730e-03 1.121020e-01 -2.252963e-02 -4.635428e-02 1.621402e-01 -2.343507e+01 -3.905921e+01 4.944160e+01 10813 3.196851e-02
387688 -8.389403e-03 -1.236966e-02 1.345669e-01 -4.190862e-02 -6.756747e-02 2.619637e-01 -1.368767e+01 -2.254018e+01 5.202284e+01 4589 1.477695e-02
139206 6.989928e-03 -1.304846e-02 1.466033e-01 2.562222e-02 -5.954126e-02 2.608741e-01 9.445867e+00 -2.357009e+01 5.793096e+01 8610 2.648526e-02
139913 3.441298e-03 6.779175e-03 1.614682e-01 1.440676e-02 2.856661e-02 3.718829e-01 3.118290e+00 6.195773e+00 5.983639e+01 4460 1.473203e-02
643025 -9.070698e-03 8.756731e-03 1.970614e-01 -7.335094e-02 2.331549e-01 2.919643e+00 -1.370130e+00 4.783035e+00 5.803168e+01 4108 1.489793e-02
142751 -8.038257e-03 2.500348e-02 1.570786e-01 -2.080239e-01 5.661151e-01 1.269686e+00 -8.186285e+00 2.215006e+01 4.554389e+01 7090 2.289808e-02
769383 2.653761e-03 -1.070404e-02 1.400028e-01 1.097511e-02 -5.466841e-02 2.415111e-01 4.234101e+00 -2.237013e+01 5.164987e+01 5242 1.675036e-02
893041 6.254938e-03 8.044971e-03 1.166433e-01 2.441165e-02 3.131349e-02 1.538853e-01 1.709920e+01 2.191327e+01 3.507291e+01 3936 1.311415e-02
770012 4.729012e-03 7.743383e-03 1.160455e-01 1.863694e-02 2.993562e-02 1.448645e-01 1.848963e+01 2.950304e+01 3.831278e+01 3025 9.582843e-03
520214 -1.957289e-02 2.913348e-03 1.391052e-01 -1.029383e-01 4.291211e-02 2.850557e-01 -1.847681e+01 8.865183e+00 3.234795e+01 10376 3.123071e-02
520827 6.231000e-03 9.780101e-04 1.259810e-01 3.370524e-02 -7.509180e-04 2.782325e-01 1.207345e+01 -7.597709e-01 6.690637e+01 6180 1.883211e-02
271342 1.520157e-02 -1.593761e-03 1.366167e-01 7.078733e-02 -8.731275e-03 2.327691e-01 2.711490e+01 -3.481701e+00 4.690343e+01 7461 2.237746e-02
521527 3.988904e-03 -1.149039e-02 1.656045e-01 4.069953e-02 -1.098581e-01 6.048741e-01 3.901918e+00 -1.045536e+01 4.668932e+01 2684 1.117831e-02
772023 -1.030588e-02 -1.346036e-02 1.534575e-01 -1.338403e-01 -2.124797e-01 6.490038e-01 -1.126937e+01 -1.815545e+01 4.520599e+01 3150 1.193842e-02
772026 1.311566e-02 -7.375419e-03 1.306765e-01 1.110730e-01 -8.217120e-02 3.359621e-01 2.567261e+01 -1.960244e+01 5.380113e+01 7853 2.379481e-02
272506 -1.884786e-02 -9.883041e-03 1.500592e-01 -4.393694e-01 -3.655904e-01 1.229357e+00 -1.659957e+01 -1.404111e+01 4.260394e+01 5681 1.766109e-02
145814 -1.455459e-02 -9.459285e-03 1.626852e-01 -8.091500e-02 -2.397974e-02 4.403999e-01 -1.114970e+01 -2.439688e+00 4.666089e+01 11199 3.341551e-02
24849 4.790239e-04 -1.155802e-02 1.120465e-01 5.563754e-03 -4.258416e-02 1.327028e-01 3.616738e+00 -2.206871e+01 1.469269e+01 7908 2.693685e-02
773038 2.416745e-02 -1.517424e-02 1.605692e-01 1.693336e-01 -1.683431e-01 5.939173e-01 1.471586e+01 -1.552711e+01 4.392957e+01 11382 3.461426e-02
146597 -4.598422e-03 7.035879e-03 1.486206e-01 -6.532159e-02 1.160616e-01 6.523903e-01 -7.442805e+00 1.336322e+01 6.174676e+01 3315 1.288934e-02
275218 -1.314211e-02 1.581198e-02 1.734664e-01 -3.497873e-02 9.321012e-02 4.619120e-01 -3.278481e+00 1.162031e+01 4.330631e+01 3138 1.281179e-02
398360 -3.007075e-03 1.137400e-02 1.477929e-01 -1.140264e-02 6.876667e-02 5.626902e-01 -1.006009e+00 6.877143e+00 4.971554e+01 7251 2.545609e-02
398680 1.775820e-02 -4.441957e-03 1.362332e-01 1.148790e-01 -3.665781e-02 2.963743e-01 2.657394e+01 -8.814815e+00 4.381739e+01 6204 1.933354e-02
525984 2.806503e-03 4.097696e-03 1.372842e-01 2.782956e-02 1.630541e-02 2.514090e-01 8.546175e+00 4.169326e+00 3.897728e+01 6421 2.022280e-02
899122 -1.407669e-02 7.531192e-03 1.214933e-01 -5.158664e-02 3.320578e-02 1.697940e-01 -2.252488e+01 1.541770e+01 2.900479e+01 2559 9.321100e-03
28757 -7.210829e-03 1.921498e-02 1.274700e-01 -3.363504e-02 7.348585e-02 2.041001e-01 -1.285108e+01 2.639396e+01 3.726811e+01 4288 1.480564e-02
149434 -1.410625e-03 2.860334e-03 1.299667e-01 1.526818e-03 3.338061e-02 2.685559e-01 1.178485e+00 1.224455e+01 5.560119e+01 5204 1.648370e-02
652506 1.313359e-02 2.494422e-02 2.626524e-01 1.218284e-02 1.395993e-01 1.128171e+00 -7.329794e-02 8.839360e+00 6.672737e+01 5012 1.928381e-02
30312 2.174403e-02 -3.644426e-03 2.092536e-01 5.278836e-02 -2.389861e-02 3.901618e-01 5.974328e+00 -3.897818e+00 3.481490e+01 3885 1.638763e-02
30935 -1.332424e-02 -1.135332e-02 1.788908e-01 -5.256891e-02 -5.853644e-02 4.884015e-01 -6.940173e+00 -8.344039e+00 5.473502e+01 5650 1.792597e-02
901725 4.957272e-04 2.690880e-03 1.428873e-01 8.343837e-03 -2.632515e-04 5.194524e-01 1.077770e+00 -4.056868e-01 5.171318e+01 3924 1.242329e-02
779210 1.240469e-02 -6.018508e-03 1.347580e-01 4.950796e-02 -1.981405e-02 2.042961e-01 2.397774e+01 -8.915276e+00 4.493847e+01 5336 1.570204e-02
903008 -1.040023e-03 -1.117091e-02 1.348572e-01 -3.383101e-03 -4.456220e-02 2.573996e-01 -8.595190e-01 -1.224904e+01 4.495262e+01 8206 2.507317e-02
903270 9.372051e-03 4.943421e-03 1.317412e-01 2.952547e-01 1.017310e-01 6.319334e-01 2.396874e+01 8.114782e+00 4.193671e+01 6244 1.932142e-02
33534 -1.793695e-03 1.526870e-02 1.579972e-01 -6.697993e-02 1.546147e-01 5.169223e-01 -1.162373e+01 2.484759e+01 6.400199e+01 2967 1.108037e-02
403487 -1.423888e-02 2.337157e-02 1.850201e-01 -1.434458e-01 2.246430e-01 9.938444e-01 -8.493117e+00 1.323011e+01 5.316619e+01 6840 2.321130e-02
33926 7.748089e-03 -1.309234e-03 1.208932e-01 3.502973e-02 -9.343730e-03 1.769547e-01 1.961936e+01 -5.777940e+00 4.031611e+01 8213 2.419580e-02
530869 -1.290388e-02 -5.862031e-03 1.393384e-01 -6.844261e-02 -3.608253e-02 4.018982e-01 -1.139062e+01 -6.198020e+00 5.384923e+01 11050 3.109419e-02
404253 4.628020e-03 -8.079255e-03 1.154472e-01 2.601793e-02 -5.941664e-02 1.693028e-01 1.372205e+01 -3.293395e+01 3.454943e+01 5043 1.643669e-02
905449 -2.222794e-02 -6.869112e-03 1.691224e-01 -7.434046e-01 -1.492099e-01 2.325696e+00 -1.918238e+01 -3.786082e+00 5.736210e+01 5425 1.669813e-02
658371 -3.156313e-03 -1.496665e-02 1.446732e-01 -3.098566e-02 -8.295041e-02 3.056949e-01 -8.637723e+00 -2.110092e+01 4.997820e+01 6493 2.134679e-02
658449 -2.326820e-02 -2.361104e-03 2.040857e-01 -1.597999e-01 -3.098505e-02 6.678024e-01 -1.385636e+01 -2.904993e+00 4.706177e+01 2706 1.116455e-02
533786 1.268517e-02 -1.773910e-02 1.915506e-01 3.914454e-01 -4.071840e-01 2.571220e+00 1.052421e+01 -1.082109e+01 6.612135e+01 2964 1.157091e-02
284722 -4.619783e-03 6.368972e-03 1.242921e-01 -6.959451e-02 5.040282e-02 3.492057e-01 -1.491355e+01 1.010702e+01 5.162407e+01 5848 1.804033e-02
907050 -2.257452e-02 5.144637e-03 1.385305e-01 -1.915635e-01 3.470669e-02 3.733942e-01 -3.065956e+01 5.363425e+00 4.261119e+01 4845 1.497491e-02
909840 -6.947213e-03 -5.593380e-03 1.381717e-01 -2.212933e-02 -3.444151e-02 2.448372e-01 -8.264720e+00 -1.570412e+01 5.806573e+01 4056 1.554713e-02
662715 1.749140e-02 1.623332e-03 1.268767e-01 2.008509e-01 2.563834e-02 3.295314e-01 3.113648e+01 4.078016e+00 3.441301e+01 9986 2.992958e-02
663501 9.888398e-03 -5.227050e-03 1.336437e-01 1.059577e-01 -1.080425e-01 5.660682e-01 1.008529e+01 -1.079350e+01 4.539564e+01 2952 1.049134e-02
911063 1.414276e-03 1.499618e-02 1.318005e-01 1.633687e-02 2.220902e-01 5.644977e-01 1.611519e+00 2.236448e+01 4.672778e+01 9642 2.997083e-02
43769 1.032787e-02 1.278918e-02 1.518101e-01 7.222779e-02 7.445503e-02 3.826684e-01 1.180886e+01 1.176420e+01 4.404162e+01 9390 2.883870e-02
412028 -8.647427e-03 -1.571381e-03 1.237317e-01 -3.667109e-02 -1.051492e-02 1.700854e-01 -2.854755e+01 -9.110738e+00 4.722020e+01 4518 1.371012e-02
290508 4.658173e-04 9.930538e-03 1.193478e-01 -8.221583e-03 5.853316e-02 1.705872e-01 -4.306399e+00 2.409263e+01 2.539966e+01 7207 2.370770e-02
665640 -4.772964e-04 5.444644e-03 1.188058e-01 -3.128957e-04 3.243484e-02 1.609938e-01 2.383235e-01 3.912633e+01 6.115776e+01 8824 2.807380e-02
665679 -5.810481e-03 1.259786e-02 1.670183e-01 -5.417687e-02 1.121245e-01 7.029023e-01 -5.209341e+00 1.071960e+01 5.771782e+01 5947 1.983629e-02
791393 -6.218872e-03 -6.147174e-03 1.452032e-01 -3.575064e-02 -3.315656e-02 3.275204e-01 -5.433518e+00 -4.969427e+00 3.354433e+01 5486 1.784241e-02
666240 -2.123015e-02 -7.351482e-03 2.445496e-01 -4.082629e-02 -2.437612e-02 5.070123e-01 -3.993261e+00 -3.469248e+00 5.348412e+01 3942 1.736302e-02
666623 -1.790567e-02 -1.082838e-02 1.552456e-01 -1.218089e-01 -9.529110e-02 4.993947e-01 -1.255761e+01 -1.020805e+01 4.159339e+01 3554 1.185820e-02
793028 7.533021e-03 1.172666e-02 1.536031e-01 7.822127e-02 1.295857e-01 6.517065e-01 8.516052e+00 1.419888e+01 6.000819e+01 3459 1.180154e-02
293257 -2.627719e-02 4.638472e-03 1.887664e-01 -2.310234e-01 9.588436e-03 8.029133e-01 -1.369053e+01 3.309836e-01 4.106545e+01 3491 1.476675e-02
669497 2.119886e-02 1.342598e-02 1.358342e-01 7.525702e-02 7.728033e-02 2.395727e-01 1.263131e+01 1.492029e+01 2.423970e+01 2874 1.029238e-02
166836 1.550011e-02 2.016276e-02 1.700728e-01 1.087085e-01 1.939513e-01 6.980608e-01 8.555793e+00 1.595241e+01 4.846512e+01 3336 1.369429e-02
795568 7.943172e-03 1.851679e-02 1.443816e-01 1.184027e-01 2.687014e-01 6.337456e-01 1.187790e+01 2.690278e+01 5.262215e+01 5798 1.808375e-02
50783 -2.019967e-03 -8.963719e-03 1.416998e-01 -1.670503e-01 -2.105657e-01 1.011388e+00 -1.003384e+01 -1.225739e+01 5.287703e+01 3292 1.155966e-02
51047 1.444940e-02 -3.765210e-03 1.347259e-01 3.316811e-02 -5.478733e-03 1.721552e-01 2.289672e+01 -2.095981e+00 4.578353e+01 8893 2.789122e-02
52101 4.539517e-03 -7.413493e-03 1.336513e-01 3.199859e-02 -9.313056e-02 4.632041e-01 4.164583e+00 -1.300029e+01 4.998167e+01 4037 1.615241e-02
419922 1.901912e-02 -1.970055e-02 1.211867e-01 3.744348e-01 -2.750189e-01 3.799804e-01 3.532448e+01 -2.537588e+01 2.572129e+01 3152 1.165099e-02
299502 -6.368118e-03 -2.273120e-02 2.978176e-01 1.253137e-01 -1.090444e+00 8.101258e+00 9.519137e-01 -7.718380e+00 5.641023e+01 6145 2.462236e-02
674398 -4.746663e-04 1.193717e-02 1.519800e-01 -1.246935e-02 3.548798e-02 2.358720e-01 -5.630266e+00 1.105468e+01 3.937866e+01 4535 1.570930e-02
171373 -3.693911e-05 -1.658847e-02 1.377791e-01 -3.198078e-03 -6.413815e-02 2.490557e-01 -1.418156e+00 -2.133183e+01 4.992112e+01 5589 1.798783e-02
421580 1.625615e-03 -1.390740e-02 1.347435e-01 -1.269323e-02 -7.876879e-02 2.747653e-01 -6.253199e+00 -2.832569e+01 6.114911e+01 4704 1.503733e-02
57222 -9.360098e-03 9.575300e-03 1.351118e-01 -7.298988e-02 6.611776e-02 3.159732e-01 -1.645094e+01 1.461857e+01 4.676017e+01 5784 1.956211e-02
424083 1.223899e-02 1.606930e-02 1.212947e-01 3.198039e-01 4.115730e-01 4.589393e-01 2.673888e+01 3.438405e+01 2.935393e+01 6554 2.018981e-02
303774 -1.230053e-02 2.069864e-02 1.212785e-01 -2.384861e-01 3.324333e-01 3.599410e-01 -2.941125e+01 4.053531e+01 3.103364e+01 18062 5.205165e-02
425612 8.287915e-03 -4.104949e-03 1.442201e-01 9.436981e-02 -2.541236e-02 5.758433e-01 1.413877e+01 -3.499697e+00 7.089320e+01 6589 2.061409e-02
554727 2.010397e-02 -2.628412e-03 2.293668e-01 1.843748e-01 -8.185321e-02 1.110932e+00 1.004922e+01 -4.846552e+00 5.392951e+01 7881 2.647916e-02
177225 1.332445e-02 -1.719847e-02 1.376763e-01 5.336084e-02 -8.870840e-02 2.689699e-01 1.379728e+01 -2.464365e+01 4.524621e+01 3003 1.056266e-02
61882 1.239425e-02 -2.512661e-02 2.348730e-01 1.449930e-01 -2.354087e-01 1.181438e+00 7.103826e+00 -1.126562e+01 5.071116e+01 6489 2.179174e-02
178883 -2.265941e-03 6.887973e-03 1.117684e-01 -1.346784e-02 8.072498e-02 2.131612e-01 -4.504764e+00 2.969301e+01 4.077436e+01 7111 2.181235e-02
180348 -1.428133e-02 -2.051504e-02 1.832110e-01 -2.040778e-01 -4.211103e-01 1.652854e+00 -7.461077e+00 -1.574777e+01 5.777305e+01 2795 1.120379e-02
559267 -1.222058e-02 8.691535e-03 1.697828e-01 -5.911460e-02 4.189891e-02 4.846289e-01 -6.947115e+00 4.919506e+00 4.664287e+01 9972 3.171787e-02
684264 9.135331e-03 -2.121948e-02 1.406132e-01 3.443355e-02 -7.727443e-02 2.177654e-01 1.258255e+01 -2.787998e+01 3.837310e+01 7248 2.323579e-02
931354 -1.908808e-02 -1.275190e-02 1.634465e-01 -1.764678e-01 -1.143958e-01 6.157414e-01 -2.129973e+01 -1.375646e+01 6.121347e+01 5724 1.830617e-02
686366 -1.846026e-03 6.101853e-03 1.300983e-01 -1.123071e-02 3.134077e-02 2.220169e-01 -5.873729e+00 1.579664e+01 5.753045e+01 8193 2.329858e-02
311895 2.691847e-04 -9.102866e-03 1.269282e-01 1.832127e-02 -4.261697e-02 2.391153e-01 1.024988e+01 -1.902914e+01 6.369933e+01 3263 1.054740e-02
562753 -1.836256e-03 8.213646e-03 1.195390e-01 2.178301e-03 7.013259e-02 2.286191e-01 1.272650e+00 1.962886e+01 3.457937e+01 5320 1.654490e-02
814907 -5.122443e-03 1.680095e-02 1.620693e-01 -1.302646e-01 4.252096e-01 2.055175e+00 -3.383175e+00 1.104119e+01 5.117946e+01 3285 1.260983e-02
314601 -2.136677e-02 -1.376602e-02 1.298460e-01 -5.690904e-02 -3.306205e-02 1.680859e-01 -2.559789e+01 -1.389719e+01 2.754073e+01 12258 3.699738e-02
690461 2.256819e-02 3.048586e-03 2.043776e-01 4.463712e-01 2.074817e-02 2.248061e+00 1.134258e+01 4.737081e-01 5.469675e+01 6524 2.105021e-02
72890 -1.406401e-03 -1.783310e-02 1.288835e-01 -1.563010e-02 -1.436793e-01 2.990774e-01 -2.918500e+00 -2.582186e+01 3.492137e+01 5507 1.814817e-02
315208 -1.309520e-02 2.019533e-02 1.377521e-01 -7.682214e-02 1.599059e-01 2.730748e-01 -1.161239e+01 2.545819e+01 2.465864e+01 3642 1.281573e-02
188512 -9.933372e-03 -5.074693e-03 1.606743e-01 -1.056146e-01 -2.584983e-02 8.008251e-01 -9.601194e+00 -2.084694e+00 6.423632e+01 9548 2.760965e-02
568596 -1.019745e-02 3.632486e-03 1.847768e-01 -6.114988e-02 4.176757e-02 6.046031e-01 -6.678932e+00 4.998812e+00 5.503155e+01 5860 1.999842e-02
317954 8.824996e-04 5.741359e-03 1.241860e-01 1.291230e-02 3.522512e-02 2.079845e-01 6.098642e+00 1.494712e+01 4.248257e+01 3242 1.201796e-02
939607 -7.160343e-03 -5.942132e-03 1.756448e-01 -1.173512e-02 -2.468401e-02 4.558296e-01 -6.639443e-01 -2.720036e+00 4.066365e+01 6520 2.096747e-02
76323 7.411490e-03 -3.128397e-03 1.205821e-01 6.131602e-02 -1.400325e-02 2.049041e-01 2.418404e+01 -4.878957e+00 3.783069e+01 2083 8.839322e-03
439545 1.146932e-02 -1.723605e-02 1.562538e-01 2.502342e-01 -2.714854e-01 8.976839e-01 1.328220e+01 -1.414359e+01 4.124486e+01 5218 1.691319e-02
318871 -1.526269e-02 -1.791822e-04 1.414835e-01 -7.476306e-02 -1.218600e-02 2.545468e-01 -2.423570e+01 -4.890620e+00 4.605295e+01 3557 1.226006e-02
570969 -1.252066e-03 -1.259219e-02 1.388426e-01 -2.168477e-02 -2.035832e-01 7.319182e-01 -2.064364e+00 -1.929626e+01 5.991981e+01 9618 2.818306e-02
820944 -4.959853e-03 -1.644955e-02 2.478661e-01 -2.896794e-01 -2.938323e-01 3.085716e+00 -4.087403e+00 -3.982078e+00 4.073987e+01 6104 2.335504e-02
696529 1.871958e-02 -1.830677e-02 1.415138e-01 8.566016e-02 -7.142448e-02 2.685055e-01 2.964740e+01 -2.352537e+01 5.624354e+01 5179 1.669370e-02
193580 -3.805650e-03 -1.085101e-02 1.339227e-01 -1.177169e-01 -2.126733e-01 6.113264e-01 -1.120233e+01 -1.984774e+01 4.694912e+01 5491 1.639519e-02
572451 -6.074371e-03 -5.337601e-03 1.502156e-01 -1.908211e-02 -2.442055e-02 7.134042e-01 -8.152076e-01 -1.195947e+00 3.529559e+01 4731 1.850304e-02
80406 -5.125868e-03 7.224178e-03 1.300547e-01 -2.739572e-02 3.364611e-02 2.211149e-01 -1.306236e+01 1.549776e+01 5.341127e+01 7479 2.281171e-02
321841 -5.488081e-03 1.994410e-02 1.356253e-01 -1.778604e-02 6.515486e-02 1.994133e-01 -5.796520e+00 2.130964e+01 3.006585e+01 5101 1.645057e-02
444047 9.119412e-03 -2.890386e-03 1.219091e-01 4.611794e-02 -2.902604e-02 1.912393e-01 2.302423e+01 -1.626425e+01 4.314426e+01 7457 2.118571e-02
945568 9.471100e-03 -2.637576e-03 1.521439e-01 3.543719e-02 -1.499343e-02 3.622407e-01 6.356900e+00 -3.024904e+00 5.143494e+01 5518 1.810403e-02
575587 9.707199e-03 8.003197e-03 1.271279e-01 2.657524e-02 2.358149e-02 1.704251e-01 2.422608e+01 2.237373e+01 6.218397e+01 6071 1.907841e-02
446062 -2.932414e-02 -7.876825e-04 1.472706e-01 -2.214541e-01 -5.367361e-02 3.813045e-01 -2.251207e+01 -6.196701e+00 2.742201e+01 4556 1.675899e-02
701191 9.640449e-03 -2.606888e-02 1.436790e-01 2.791414e-01 -6.185277e-01 1.169015e+00 1.043796e+01 -2.294633e+01 3.971195e+01 11053 3.302895e-02
85490 -2.915776e-04 2.295458e-02 1.506445e-01 -4.875268e-02 3.311951e-01 7.668005e-01 -3.741517e+00 2.379820e+01 4.757131e+01 11078 3.291488e-02
198788 4.902774e-04 9.497713e-03 1.172818e-01 1.313244e-02 1.164803e-01 2.379116e-01 4.994232e+00 4.226300e+01 4.765430e+01 5618 1.825323e-02
448844 3.436332e-03 9.583320e-03 1.186340e-01 1.591249e-02 4.751814e-02 1.677669e-01 1.360596e+01 4.137009e+01 5.358219e+01 7612 2.348729e-02
329211 9.497117e-03 3.848030e-03 1.212855e-01 4.017984e-02 1.447101e-02 1.952342e-01 1.839901e+01 6.370109e+00 4.434364e+01 5239 1.687793e-02
203239 -1.134195e-02 9.287173e-03 1.250939e-01 -9.561606e-02 9.609375e-02 2.692530e-01 -2.673181e+01 2.753511e+01 4.572737e+01 6504 1.882592e-02
952767 -2.817058e-03 -4.186326e-03 1.523378e-01 -1.154502e-02 -8.085607e-02 7.981263e-01 -6.532238e-01 -5.738166e+00 4.833251e+01 11989 3.487808e-02
832011 3.816351e-03 -1.173199e-02 1.401271e-01 1.142864e-01 -2.834263e-01 7.412639e-01 9.399729e+00 -2.311806e+01 5.114984e+01 5571 1.810786e-02
832246 3.669500e-03 -5.693678e-03 1.709710e-01 5.529336e-02 -7.583676e-02 7.314504e-01 6.175391e+00 -8.390712e+00 6.704612e+01 5985 2.153810e-02
708697 -2.047425e-02 -4.214866e-03 2.868870e-01 -1.951467e+00 -9.296107e-01 1.579283e+01 -6.916069e+00 -3.314410e+00 5.553628e+01 8027 2.576881e-02
708878 6.867210e-03 3.434095e-03 1.250976e-01 1.011839e-01 8.649528e-02 4.435374e-01 1.611967e+01 1.419599e+01 5.442455e+01 4185 1.613202e-02
332939 -1.166980e-02 9.261736e-03 1.236043e-01 -2.454725e-02 2.015702e-02 1.464383e-01 -2.176899e+01 1.841819e+01 3.860030e+01 7791 2.416790e-02
955571 4.053574e-03 -8.532666e-03 1.288787e-01 4.227199e-02 -7.161261e-02 3.163703e-01 8.636293e+00 -1.425430e+01 4.236787e+01 8926 2.679390e-02
455069 1.199855e-02 -5.615055e-03 1.277443e-01 1.467705e-01 -1.096432e-01 3.870806e-01 2.883459e+01 -2.225692e+01 5.548524e+01 5164 1.623916e-02
956133 2.268623e-04 -1.723452e-02 1.393948e-01 6.937176e-03 -4.974287e-02 2.070842e-01 3.539417e+00 -1.714683e+01 3.570341e+01 4704 1.521688e-02
834400 2.247807e-02 9.393609e-03 1.661611e-01 3.206126e-02 1.387313e-02 1.915750e-01 1.315851e+01 6.150747e+00 3.489544e+01 4163 1.539150e-02
711828 4.051893e-04 -2.795678e-02 1.597782e-01 3.107711e-03 -8.279191e-02 2.682544e-01 1.395178e+00 -2.830865e+01 5.600086e+01 3800 1.341670e-02
958608 8.198482e-03 -1.945845e-02 1.378205e-01 1.922888e-01 -4.817382e-01 7.397954e-01 1.181698e+01 -2.967429e+01 3.864148e+01 3298 1.153570e-02
837619 1.308064e-02 1.950449e-02 2.472475e-01 6.746741e-02 7.771795e-02 6.382353e-01 7.264261e+00 7.775378e+00 5.222295e+01 3339 1.457627e-02
459300 -7.038567e-03 7.424770e-03 1.382818e-01 -5.006253e-02 4.298493e-02 2.873361e-01 -1.293196e+01 1.068852e+01 4.480212e+01 3484 1.246111e-02
714863 -9.962287e-03 2.326848e-03 1.393868e-01 -7.962026e-02 2.977265e-03 3.306691e-01 -1.781836e+01 1.663751e-01 4.892963e+01 3414 1.300118e-02
715159 -8.476587e-03 1.767398e-02 1.653415e-01 -7.235385e-02 1.512859e-01 8.998379e-01 -3.638478e+00 7.610596e+00 4.183726e+01 10564 3.137074e-02
461203 6.103920e-04 2.675320e-02 6.512190e-02 3.015520e-04 4.381128e-02 6.407495e-02 -5.454354e-01 3.012589e+01 -1.736312e+00 2798 8.105403e-03
339681 1.055016e-02 6.293962e-03 1.123988e-01 4.775012e-02 3.442451e-02 1.436504e-01 1.534126e+01 1.160104e+01 1.288818e+01 4545 1.462822e-02
842516 1.367350e-02 -9.772804e-03 1.751592e-01 1.440693e-01 -8.649453e-02 7.413594e-01 1.130081e+01 -6.649124e+00 4.907001e+01 4203 1.381210e-02
965284 -1.498942e-02 -4.444387e-03 1.429012e-01 -2.285472e-01 -4.286640e-02 4.601796e-01 -2.996852e+01 -5.391753e+00 4.452361e+01 6408 2.108345e-02
594332 6.417399e-03 6.014823e-03 1.276838e-01 1.315803e-02 5.246686e-02 3.181848e-01 1.569267e+00 1.081437e+01 4.435001e+01 6859 2.044455e-02
845344 -7.454615e-03 8.980040e-03 1.274561e-01 -8.339973e-02 5.492905e-02 3.185509e-01 -2.385897e+01 1.443537e+01 6.003446e+01 3996 1.375256e-02
722485 -7.314032e-03 -2.178830e-02 1.403983e-01 -4.866352e-02 -3.050464e-01 6.383965e-01 -2.610137e+00 -1.788033e+01 3.143555e+01 5111 1.616170e-02
725221 9.727719e-03 -4.693912e-03 1.440088e-01 6.403823e-02 -3.444932e-02 4.123351e-01 9.330265e+00 -5.111825e+00 4.609707e+01 7335 2.388519e-02
972040 -1.638325e-03 6.294543e-03 1.241492e-01 -1.373187e-02 4.712210e-02 2.278390e-01 -5.923272e+00 1.999684e+01 5.078599e+01 5168 1.715926e-02
972134 -1.778601e-03 -2.134749e-02 1.558997e-01 -3.166247e-03 -3.314097e-02 1.831110e-01 -2.506100e+00 -2.129912e+01 4.914385e+01 6008 2.037567e-02
972558 1.657721e-03 -1.473944e-02 1.494859e-01 5.586222e-03 -5.888208e-02 2.613449e-01 1.927079e+00 -2.165364e+01 5.487108e+01 3438 1.214606e-02
472168 -2.233274e-02 6.235162e-03 1.659835e-01 -1.944766e-01 4.541763e-02 5.914544e-01 -2.189596e+01 4.983842e+00 5.411809e+01 3768 1.449933e-02
113002 2.029536e-02 4.231349e-04 1.654884e-01 2.054152e-01 5.468008e-03 7.461699e-01 1.692487e+01 4.612355e-01 5.308974e+01 5227 1.704098e-02
851330 1.714144e-02 6.071995e-03 1.602944e-01 1.031365e-01 6.773001e-02 4.953196e-01 1.246159e+01 8.934888e+00 4.854865e+01 5230 1.683424e-02
222971 9.130670e-04 1.983856e-02 1.784404e-01 2.020363e-02 3.410773e-01 1.320661e+00 7.591159e-01 1.264128e+01 4.494830e+01 4947 1.665241e-02
114519 -8.248486e-03 -8.360301e-03 1.175447e-01 -1.195133e-01 -1.158892e-01 2.432681e-01 -2.359384e+01 -2.280162e+01 2.665980e+01 5975 1.984392e-02
601627 1.009556e-03 2.020165e-02 2.112104e-01 2.717996e-02 6.360743e-02 4.695598e-01 4.476122e+00 7.424018e+00 4.418743e+01 3261 1.308275e-02
602540 -8.965690e-03 -1.206923e-02 1.214615e-01 -6.746209e-02 -1.129305e-01 2.000650e-01 -2.028161e+01 -3.497017e+01 2.725304e+01 3619 1.172791e-02
854157 -4.733107e-03 9.227374e-03 3.451150e-01 -3.228864e-01 -4.871006e-02 8.414900e+00 -2.037486e+00 -3.710371e-01 5.167971e+01 9747 3.508675e-02
729865 7.930500e-03 -1.288938e-02 1.405873e-01 8.391635e-02 -1.057733e-01 4.029098e-01 1.837739e+01 -2.246423e+01 6.344341e+01 7289 2.386646e-02
729998 -1.986740e-02 -9.783174e-03 1.431490e-01 -4.383404e-02 -2.423175e-02 1.917211e-01 -2.045698e+01 -1.233274e+01 4.145925e+01 10397 3.050112e-02
855683 -1.275990e-02 -3.288833e-03 1.619821e-01 -3.773792e-02 -8.834780e-03 2.649870e-01 -1.127817e+01 -2.504128e+00 4.650917e+01 4177 1.327089e-02
978641 -3.544519e-03 1.364781e-02 1.280663e-01 -1.409366e-02 7.389621e-02 2.362752e-01 -5.639050e+00 3.220583e+01 5.784310e+01 10100 2.926680e-02
354667 1.303606e-03 8.205327e-04 2.000491e-01 -1.331164e-02 1.781535e-02 7.047316e-01 -1.760498e+00 2.047132e+00 6.079215e+01 3382 1.303209e-02
120373 -2.113142e-03 1.059535e-02 1.592203e-01 -5.773451e-02 1.729039e-01 7.608522e-01 -6.239223e+00 1.820666e+01 6.748693e+01 8824 2.731014e-02
228130 3.958812e-03 -7.064891e-03 1.411051e-01 6.207877e-02 -6.111908e-02 3.714720e-01 1.464019e+01 -1.361604e+01 5.802853e+01 3363 1.225605e-02
734318 -2.238422e-03 -2.466949e-03 1.565476e-01 -2.442609e-01 -1.632479e-02 1.504392e+00 -9.895326e+00 -5.665914e-01 5.510794e+01 8030 2.397177e-02
736136 -1.828139e-03 -1.981864e-02 1.539735e-01 -7.753161e-03 -6.870965e-02 2.836286e-01 -2.276849e+00 -1.878769e+01 4.982346e+01 4945 1.860953e-02
481912 1.101606e-02 1.581682e-02 1.603505e-01 1.048157e-01 1.729399e-01 7.500839e-01 8.469403e+00 1.418705e+01 5.324852e+01 4317 1.406892e-02
482094 -2.184290e-03 -6.464212e-03 1.346628e-01 -2.088941e-02 -3.743979e-02 3.191034e-01 -5.062425e+00 -8.383351e+00 4.991772e+01 9476 2.727395e-02
357952 -1.334609e-02 4.942080e-03 1.297250e-01 -3.841687e-02 2.006210e-02 1.874149e-01 -2.333673e+01 1.407423e+01 5.369978e+01 7075 2.165093e-02
610294 2.027815e-02 -2.486518e-03 1.322821e-01 5.312886e-02 -7.696602e-03 1.745983e-01 2.860410e+01 -4.536576e+00 3.684599e+01 5606 1.866937e-02
231904 -2.161997e-02 1.574569e-04 1.414772e-01 -7.120322e-02 8.418341e-03 2.076770e-01 -2.262140e+01 3.768868e+00 3.020238e+01 3485 1.303572e-02
984208 1.206875e-02 1.325831e-02 1.480419e-01 5.544268e-02 4.703591e-02 2.500155e-01 1.458035e+01 1.135450e+01 3.427891e+01 7738 2.566227e-02
984674 -3.299861e-03 -5.496516e-03 1.088339e-01 -4.578718e-02 -6.353097e-02 1.263243e-01 -2.152113e+01 -2.939622e+01 8.859449e+00 3206 1.123482e-02
986432 -3.960148e-03 2.522956e-03 1.250972e-01 -2.931627e-02 1.750735e-02 2.202438e-01 -1.545373e+01 9.132497e+00 5.798874e+01 4241 1.383295e-02
613260 -1.689032e-02 9.801156e-03 1.240425e-01 -1.862342e-01 1.047136e-01 2.773340e-01 -3.491296e+01 1.956772e+01 3.160349e+01 5003 1.688409e-02
486670 -7.900934e-03 -4.376719e-03 1.216113e-01 -2.791012e-02 -1.295126e-02 1.686215e-01 -1.342626e+01 -5.753552e+00 3.154405e+01 11103 3.194162e-02
742967 1.507125e-02 1.283437e-02 1.877864e-01 1.582823e-01 1.136516e-01 9.778284e-01 8.214507e+00 5.782821e+00 4.531638e+01 4825 1.588179e-02
869336 1.865551e-02 -1.961566e-02 1.925432e-01 1.820809e-01 -1.639319e-01 1.577783e+00 6.169667e+00 -5.448256e+00 5.229585e+01 7019 2.396229e-02
745239 -2.565580e-03 -6.673042e-03 1.712541e-01 -6.593818e-02 -4.625807e-02 7.693078e-01 -5.971904e+00 -3.730287e+00 5.635747e+01 6709 2.330093e-02
992537 -7.836594e-03 1.849375e-02 1.265672e-01 -1.595477e-02 4.698563e-02 1.630012e-01 -8.128542e+00 2.852826e+01 3.648050e+01 3679 1.221753e-02
992628 1.179791e-03 -8.676932e-03 1.237795e-01 4.586980e-03 -3.133682e-02 2.022183e-01 2.241907e+00 -1.491005e+01 5.161218e+01 2578 1.039994e-02
871307 2.647099e-02 -4.459591e-03 1.883817e-01 2.616210e-01 -3.439954e-02 8.085359e-01 2.048642e+01 -2.608388e+00 5.402824e+01 3794 1.501688e-02
492667 2.236617e-03 8.126184e-03 1.364721e-01 2.709809e-03 6.109961e-02 3.135765e-01 1.500766e-01 1.680095e+01 5.617009e+01 3644 1.320719e-02
872906 -4.717217e-03 -5.994060e-03 1.208069e-01 -4.793765e-02 -7.473717e-02 2.474318e-01 -1.351944e+01 -2.150299e+01 3.960853e+01 8048 2.274597e-02
242288 2.647397e-02 -8.914646e-03 1.697232e-01 2.221747e-01 -9.567646e-02 6.523213e-01 1.389038e+01 -6.158150e+00 3.425368e+01 11687 3.536303e-02
995692 6.775416e-03 2.171711e-03 1.265180e-01 5.028533e-02 2.951192e-02 2.861370e-01 1.568950e+01 9.858770e+00 5.755797e+01 2928 9.130969e-03
495862 8.429515e-03 -2.642781e-04 1.291177e-01 5.124423e-02 -6.909477e-03 2.645191e-01 1.636838e+01 -2.540508e+00 5.176493e+01 4908 1.542906e-02
996916 5.800761e-03 1.393129e-02 1.435546e-01 5.287086e-02 1.393149e-01 4.068013e-01 1.021368e+01 2.720683e+01 5.712158e+01 2623 9.228250e-03
998082 -8.627893e-04 1.234890e-02 1.461503e-01 -1.609437e-02 2.171258e-01 7.734505e-01 -1.298476e+00 1.745701e+01 5.347666e+01 3322 1.201626e-02
499423 -1.221407e-02 -1.137011e-02 1.436397e-01 -3.266238e-01 -3.307368e-01 1.080600e+00 -1.987032e+01 -2.018359e+01 5.921480e+01 8455 2.498443e-02
