/n/home03/calmiller/DSMC_Simulations/6_10_20_fixed_collisions/flow_4.00000_gap_0.00100_len_0.04000_T1_2.00000_T2_2.00000/data
running....
idx x y z xnext ynext znext vx vy vz collides time
500046 1.396927e-02 -1.568014e-02 1.269695e-01 1.408107e-01 -1.403621e-01 3.211479e-01 1.516076e+01 -1.490266e+01 2.320923e+01 11498 3.649326e-02
500135 -2.294763e-02 -6.394930e-03 1.226008e-01 -3.109361e-02 -8.494301e-03 1.270727e-01 -8.350979e+00 -2.152202e+00 4.584405e+00 9321 2.906067e-02
500939 2.811540e-03 -6.176412e-03 1.385987e-01 9.244492e-03 -4.574560e-02 3.583976e-01 1.025241e+00 -6.306274e+00 3.503007e+01 7731 2.379837e-02
751074 -2.215206e-02 1.206062e-03 6.583677e-02 -3.218523e-02 3.118072e-03 6.634704e-02 -2.418073e+01 4.608091e+00 1.229780e+00 11959 3.482009e-02
501112 1.087844e-02 6.054453e-03 1.601201e-01 1.805115e-01 1.057166e-01 1.319457e+00 5.316525e+00 3.123544e+00 3.633514e+01 3214 1.288786e-02
1501 2.069369e-03 -9.432520e-03 1.387752e-01 1.934550e-02 -2.951360e-02 2.089201e-01 7.788190e+00 -9.052680e+00 3.162177e+01 10420 3.000695e-02
1563 -2.175563e-02 -3.839423e-03 1.596256e-01 -3.615490e-02 -6.642250e-03 1.919897e-01 -1.514492e+01 -2.947971e+00 3.404004e+01 4297 1.392577e-02
501795 2.406447e-03 1.504906e-02 1.490282e-01 4.309101e-02 8.695371e-02 3.895672e-01 4.787190e+00 8.460732e+00 2.830326e+01 3826 1.368713e-02
376815 6.033565e-03 -8.369414e-03 1.321428e-01 6.742436e-02 -5.958946e-02 3.434691e-01 8.940004e+00 -7.458894e+00 3.077428e+01 5397 1.805834e-02
751938 1.175694e-02 -9.827552e-03 1.288578e-01 2.741766e-02 -2.040644e-02 1.562799e-01 1.050718e+01 -7.097646e+00 1.839823e+01 9739 3.530261e-02
126852 -4.261764e-03 1.701329e-02 1.807080e-01 -3.079429e-02 2.010831e-01 8.031496e-01 -1.265142e+00 8.776941e+00 2.967968e+01 11173 3.396903e-02
252018 6.304584e-03 -9.004638e-03 1.175911e-01 1.830413e-02 -2.914943e-02 1.456848e-01 8.288899e+00 -1.391538e+01 1.940622e+01 8348 2.630814e-02
627162 -1.406237e-02 -7.855032e-03 1.739270e-01 -3.029071e-02 -1.838165e-02 2.521219e-01 -4.716295e+00 -3.059256e+00 2.272509e+01 13188 4.103761e-02
627458 -8.763863e-03 -3.575549e-03 1.408107e-01 -5.320150e-02 -3.675600e-02 3.915711e-01 -4.958152e+00 -3.702125e+00 2.797872e+01 8566 2.707007e-02
502827 8.865059e-03 -1.246393e-02 2.151686e-01 6.927232e-02 -5.617276e-02 1.034200e+00 2.427746e+00 -1.756642e+00 3.291657e+01 5001 1.957848e-02
128308 9.080394e-03 4.700637e-03 1.180378e-01 6.130947e-02 2.323624e-02 1.817409e-01 1.460601e+01 5.183535e+00 1.781475e+01 13547 3.976592e-02
378550 -2.306125e-02 8.189874e-04 1.461258e-01 -3.672678e-02 1.085871e-03 1.702903e-01 -1.356389e+01 2.648981e-01 2.398479e+01 3414 1.339492e-02
503684 -1.307855e-02 -1.806202e-02 1.801820e-01 -1.793969e-01 -2.038578e-01 1.155048e+00 -5.979066e+00 -6.679270e+00 3.504596e+01 6522 2.305099e-02
628587 2.426653e-03 1.238912e-02 1.282283e-01 5.522663e-03 1.021141e-01 3.169141e-01 4.811736e-01 1.394482e+01 2.932505e+01 3017 1.009297e-02
4487 -4.699632e-03 -8.105512e-03 1.285672e-01 -3.197805e-02 -6.122120e-02 2.471372e-01 -6.265101e+00 -1.219921e+01 2.723226e+01 2843 1.150290e-02
128663 -5.115656e-03 -2.871901e-02 1.628483e-01 -9.117307e-03 -4.584728e-02 1.953279e-01 -3.567821e+00 -1.527135e+01 2.895838e+01 6340 2.092830e-02
878857 2.183549e-02 -1.257118e-02 2.106941e-01 7.944781e-02 -5.880067e-02 6.775541e-01 3.751202e+00 -3.010054e+00 3.039778e+01 4412 1.731923e-02
879216 7.939593e-03 9.219196e-03 1.287678e-01 2.180429e-02 2.242378e-02 1.646513e-01 1.231004e+01 1.172395e+01 3.185985e+01 10365 3.134745e-02
5683 1.418428e-02 1.169193e-02 1.546815e-01 1.241956e-01 8.439495e-02 4.881972e-01 1.088952e+01 7.196542e+00 3.301320e+01 11290 3.417703e-02
879725 6.300258e-04 -2.468851e-02 1.481420e-01 2.564833e-03 -4.072651e-02 1.750021e-01 2.635120e+00 -2.184303e+01 3.658221e+01 8563 3.112948e-02
5727 2.582581e-03 -9.600241e-03 1.408744e-01 1.434754e-02 -3.433788e-02 2.312012e-01 4.306463e+00 -9.055006e+00 3.306335e+01 5144 1.778205e-02
879741 -1.303624e-02 4.459081e-03 1.799493e-01 -7.562001e-02 1.574440e-02 4.279745e-01 -1.169334e+01 2.108583e+00 4.634179e+01 4242 1.398438e-02
379850 2.919857e-03 8.769596e-03 1.986610e-01 -7.432385e-03 2.844471e-02 5.530381e-01 -1.026545e+00 1.951015e+00 3.514059e+01 9026 2.944963e-02
505427 8.385947e-03 -1.538004e-02 1.184571e-01 2.032916e-02 -3.689595e-02 1.375200e-01 1.257913e+01 -2.266153e+01 2.007790e+01 9232 2.881531e-02
130657 4.062779e-03 -1.155468e-02 1.314133e-01 5.217095e-02 -1.134487e-01 3.420653e-01 6.729780e+00 -1.425380e+01 2.946780e+01 7127 2.436346e-02
380863 -1.751347e-02 2.081262e-02 1.578467e-01 -1.583886e-01 1.372887e-01 4.846325e-01 -1.389737e+01 1.149040e+01 3.223750e+01 9064 3.413397e-02
881360 -7.508998e-03 2.253055e-02 1.705734e-01 -8.489239e-02 2.352206e-01 9.299558e-01 -3.419943e+00 9.399793e+00 3.356075e+01 9921 3.237313e-02
256840 -7.548970e-03 4.923027e-03 1.283416e-01 -3.544046e-02 1.056779e-02 1.850839e-01 -1.172526e+01 2.372994e+00 2.385381e+01 5677 2.318164e-02
131987 2.587067e-03 1.297384e-03 1.550524e-01 2.492273e-02 1.185480e-02 5.197709e-01 2.196753e+00 1.038341e+00 3.587072e+01 7641 2.481765e-02
382236 -1.443742e-02 6.284377e-03 1.329431e-01 -5.899130e-02 2.430489e-02 2.097076e-01 -1.509347e+01 6.104788e+00 2.600543e+01 5191 1.766097e-02
8727 -4.669978e-03 -4.436377e-03 1.380877e-01 -2.667695e-02 -2.211190e-02 2.784242e-01 -6.258550e+00 -5.026732e+00 3.991023e+01 3900 1.269612e-02
632528 2.675715e-02 7.316642e-03 1.786724e-01 6.226214e-02 1.771266e-02 2.859047e-01 1.062976e+01 3.112440e+00 3.210404e+01 6987 2.235404e-02
257777 5.850880e-03 4.930063e-03 1.554037e-01 4.702981e-02 7.997633e-02 7.185927e-01 2.408123e+00 4.388668e+00 3.293500e+01 12977 3.831075e-02
132497 -9.197037e-03 -1.538427e-02 1.288857e-01 -1.932760e-02 -2.634708e-02 1.503018e-01 -1.427105e+01 -1.544346e+01 3.016922e+01 5061 1.570570e-02
757819 -3.696958e-03 -1.212596e-02 1.333364e-01 -1.622092e-02 -4.093449e-02 2.177677e-01 -3.862167e+00 -8.884033e+00 2.603711e+01 7058 2.260389e-02
508015 -6.304574e-03 -5.119757e-03 1.244825e-01 -2.742326e-02 -2.430055e-02 1.871946e-01 -7.393262e+00 -6.714842e+00 2.195437e+01 5232 1.738434e-02
882792 5.663586e-03 2.152575e-02 1.270520e-01 4.881019e-02 2.413697e-01 3.832814e-01 3.877187e+00 1.975535e+01 2.302497e+01 5375 1.735717e-02
258128 -2.729092e-02 -1.049003e-02 1.655438e-01 -4.616832e-02 -1.723697e-02 2.096912e-01 -1.450665e+01 -5.184796e+00 3.392578e+01 9549 2.842416e-02
382992 -4.142014e-03 3.380078e-03 1.696833e-01 -2.117156e-02 2.093046e-02 3.683271e-01 -3.098037e+00 3.192788e+00 3.613752e+01 5819 1.914694e-02
758378 2.897877e-02 -7.593990e-03 2.856964e-01 2.074889e-01 -5.291556e-02 1.421718e+00 4.616243e+00 -1.172008e+00 2.937734e+01 4638 2.201686e-02
883395 1.029533e-02 -1.198815e-02 1.127128e-01 8.475551e-02 -9.739443e-02 1.595629e-01 1.309020e+01 -1.501454e+01 8.236317e+00 9720 2.911006e-02
884681 -6.131792e-03 7.971576e-03 1.934759e-01 -8.856303e-02 1.190508e-01 8.915499e-01 -4.097626e+00 5.521707e+00 3.470100e+01 6927 2.236112e-02
634869 -1.716297e-03 1.595351e-02 1.195270e-01 -1.364157e-02 1.273480e-01 2.303292e-01 -2.599810e+00 2.428496e+01 2.415583e+01 2675 9.345951e-03
260479 -1.505486e-03 1.414754e-02 1.807665e-01 -4.005648e-02 1.818089e-01 9.306088e-01 -1.412743e+00 6.144135e+00 2.747879e+01 5203 2.093157e-02
760813 5.018279e-03 1.039560e-02 1.296151e-01 1.467445e-02 3.322301e-02 1.935896e-01 3.892405e+00 9.201731e+00 2.578810e+01 6661 2.341378e-02
135761 -9.994224e-03 1.362893e-02 2.233072e-01 -6.935825e-02 1.126577e-01 1.092980e+00 -1.775911e+00 2.962505e+00 2.601677e+01 4387 1.875744e-02
13125 -1.751763e-02 -1.583375e-02 1.633377e-01 -1.342140e-01 -1.213427e-01 5.407918e-01 -9.705577e+00 -8.775130e+00 3.139267e+01 2948 1.147407e-02
511423 -9.606624e-03 2.511779e-03 1.351093e-01 -3.124419e-02 -3.218648e-03 2.224724e-01 -9.215775e+00 -2.440678e+00 3.720928e+01 2835 9.381565e-03
886146 2.175638e-02 1.507938e-03 1.442798e-01 1.126361e-01 -6.043918e-03 3.179383e-01 1.437505e+01 -1.194527e+00 2.746872e+01 10620 3.087582e-02
636195 1.145148e-02 -1.018939e-02 1.235102e-01 2.786187e-02 -2.177755e-02 1.480927e-01 9.058055e+00 -6.396327e+00 1.356877e+01 3303 1.214420e-02
886310 -1.222628e-02 -2.596420e-02 1.672500e-01 -1.025390e-01 -2.570767e-01 6.933459e-01 -4.398909e+00 -1.125691e+01 2.562482e+01 14046 4.274353e-02
761955 1.390056e-02 -2.200757e-02 1.447715e-01 6.218212e-02 -8.859500e-02 2.678923e-01 6.747738e+00 -9.306130e+00 1.720713e+01 8378 2.833587e-02
14364 2.857943e-03 9.161700e-03 1.856516e-01 2.443552e-02 5.628050e-02 5.375605e-01 2.160788e+00 4.718497e+00 3.524031e+01 2780 1.280643e-02
262469 4.530476e-03 8.398698e-03 1.541938e-01 2.206380e-02 3.490528e-02 2.969168e-01 4.009661e+00 6.061739e+00 3.263905e+01 12253 3.544091e-02
637217 1.182076e-03 1.825391e-03 1.605462e-01 2.595208e-02 1.561394e-02 5.307047e-01 1.928617e+00 1.073590e+00 2.882090e+01 3927 1.589200e-02
137190 -7.607089e-03 4.797872e-03 1.662801e-01 -1.094734e-01 1.580927e-01 1.489171e+00 -3.055319e+00 4.597837e+00 3.967804e+01 3528 1.452595e-02
387336 1.673119e-02 3.460151e-03 1.236724e-01 3.886609e-02 1.011299e-02 1.447701e-01 2.076419e+01 6.240864e+00 1.979123e+01 4184 1.401754e-02
887642 -2.086327e-03 8.258204e-03 1.238951e-01 -2.719407e-03 4.570630e-02 1.927798e-01 -3.058810e-01 1.809354e+01 3.328257e+01 8649 2.765696e-02
263236 2.075808e-03 1.875009e-02 1.471814e-01 2.007923e-02 9.911813e-02 3.214885e-01 2.716921e+00 1.212845e+01 2.630493e+01 4351 1.702221e-02
15836 -6.486978e-03 8.539856e-03 1.204989e-01 -1.826354e-02 2.828065e-02 1.555168e-01 -9.438344e+00 1.582129e+01 2.806515e+01 7436 2.189216e-02
638329 1.166706e-02 -2.666021e-02 1.243123e-01 3.635701e-02 -9.357268e-02 1.767405e-01 7.744732e+00 -2.098907e+01 1.644567e+01 3804 1.503606e-02
388467 1.879105e-03 -1.729613e-02 1.281284e-01 2.681113e-02 -1.450509e-01 2.778651e-01 4.180517e+00 -2.142149e+01 2.510733e+01 4550 1.709258e-02
888509 1.284025e-02 2.426647e-02 2.231897e-01 1.962615e-01 3.775364e-01 2.110443e+00 3.234955e+00 6.230535e+00 3.328502e+01 9614 3.155216e-02
514083 5.260564e-03 1.761614e-02 1.202096e-01 1.472872e-02 5.633687e-02 1.513169e-01 6.788052e+00 2.776024e+01 2.230191e+01 5141 1.671558e-02
888898 1.116463e-02 -5.277477e-03 1.314555e-01 4.688510e-02 -2.253060e-02 2.352677e-01 9.826707e+00 -4.746336e+00 2.855876e+01 4548 1.815239e-02
764179 -8.525099e-03 -2.010244e-02 1.191508e-01 -1.795226e-01 -6.418384e-01 4.610328e-01 -8.780265e+00 -3.192447e+01 1.755473e+01 9961 3.022193e-02
514485 -2.431520e-02 -6.837029e-03 1.247977e-01 -9.877548e-02 -3.130434e-02 1.807655e-01 -2.472933e+01 -8.125948e+00 1.858771e+01 6832 2.255805e-02
515049 1.491518e-02 -5.332455e-03 1.285599e-01 7.215235e-02 -1.853931e-02 2.188836e-01 1.374119e+01 -3.170630e+00 2.168444e+01 5851 1.912778e-02
139525 8.490538e-03 2.316196e-02 1.557958e-01 3.223708e-02 7.580256e-02 2.800580e-01 4.614198e+00 1.022861e+01 2.414542e+01 4965 1.933335e-02
389826 7.847718e-03 -2.808197e-02 1.586711e-01 1.965916e-02 -7.340081e-02 2.453814e-01 3.465886e+00 -1.329812e+01 2.544381e+01 4761 1.790796e-02
890016 -1.646340e-02 -2.162024e-02 1.321321e-01 -4.847368e-02 -7.938312e-02 1.817413e-01 -8.964740e+00 -1.617696e+01 1.389346e+01 5243 2.089600e-02
890017 1.570604e-02 -9.634282e-03 1.800254e-01 8.416073e-02 -6.798840e-02 4.155779e-01 8.242506e+00 -7.026314e+00 2.836245e+01 5969 2.098143e-02
515509 9.453313e-03 2.138851e-02 2.569254e-01 8.013218e-02 1.441723e-01 9.629721e-01 2.935665e+00 5.099855e+00 2.932583e+01 10398 3.874605e-02
18700 -4.393574e-03 2.964718e-03 2.132856e-01 -6.062826e-03 7.761617e-03 3.593622e-01 -4.438380e-01 1.275449e+00 3.884035e+01 3674 1.563083e-02
19015 5.782685e-03 -1.148324e-02 1.420364e-01 4.091019e-02 -6.210016e-02 3.169651e-01 5.504099e+00 -7.931123e+00 2.740943e+01 7567 2.359266e-02
266282 -5.554975e-03 1.537492e-02 1.600035e-01 -1.625816e-02 3.181088e-02 2.350079e-01 -4.533457e+00 6.961642e+00 3.176896e+01 8783 2.850168e-02
641275 -6.633220e-03 2.819469e-03 2.177948e-01 -1.403792e-01 -1.231882e-01 3.160915e+00 -1.562721e+00 -1.472304e+00 3.438814e+01 4550 1.719659e-02
516800 -1.312146e-02 -9.339729e-03 1.315578e-01 -8.951088e-02 -8.318871e-02 2.641387e-01 -1.665438e+01 -1.610051e+01 2.890522e+01 7192 2.273277e-02
766971 -4.129705e-03 -8.957587e-03 1.152100e-01 -1.304544e-02 -3.260406e-02 1.396135e-01 -7.103928e+00 -1.884117e+01 1.944431e+01 7654 2.618013e-02
767276 -6.062238e-03 5.512299e-03 1.255871e-01 -2.544354e-02 2.271945e-02 1.874898e-01 -8.533289e+00 7.576044e+00 2.725480e+01 5635 1.870330e-02
20451 2.801199e-02 -6.013975e-04 2.667822e-01 1.298793e-01 -1.273395e-02 8.013210e-01 6.227529e+00 -7.417085e-01 3.267836e+01 6733 2.881149e-02
767373 1.754285e-02 -1.701898e-02 1.314675e-01 7.186720e-02 -6.203738e-02 2.007681e-01 1.747324e+01 -1.448001e+01 2.229032e+01 9428 2.880131e-02
267443 1.242359e-02 1.498522e-02 1.375208e-01 4.165770e-02 5.348948e-02 2.034089e-01 1.157739e+01 1.524858e+01 2.609322e+01 6091 2.031460e-02
767408 2.144949e-02 -2.373144e-03 1.694507e-01 9.923789e-02 -1.231745e-02 3.952055e-01 9.108439e+00 -1.164403e+00 2.643420e+01 14528 4.636170e-02
642326 -1.059415e-04 2.074418e-02 1.735903e-01 1.582641e-02 2.143196e-01 8.043340e-01 9.458308e-01 1.149169e+01 3.744437e+01 9081 2.945790e-02
767782 -1.655632e-03 -7.891666e-03 1.280529e-01 3.697490e-03 -3.448483e-02 2.163780e-01 1.823405e+00 -9.058287e+00 3.008570e+01 4226 1.535444e-02
517981 3.153017e-03 1.889809e-02 1.167202e-01 1.261331e-02 5.363974e-02 1.383397e-01 3.989011e+00 1.464911e+01 9.116035e+00 8309 2.587799e-02
768100 -1.511418e-02 -1.104667e-02 2.503737e-01 -5.357294e-02 -7.334052e-02 1.000858e+00 -1.691267e+00 -2.739442e+00 3.300340e+01 10431 3.792592e-02
768123 -1.167449e-03 -1.551549e-02 1.578494e-01 -2.501901e-03 -4.075078e-02 2.507090e-01 -5.349953e-01 -1.011708e+01 3.722831e+01 5901 2.183750e-02
893256 1.426413e-02 -1.297532e-02 1.449767e-01 1.232246e-01 -1.126674e-01 4.470378e-01 1.237141e+01 -1.131907e+01 3.429612e+01 8471 2.633693e-02
768773 -2.216682e-03 -2.229285e-02 1.740911e-01 -4.771035e-03 -6.138287e-02 2.986685e-01 -5.936640e-01 -9.085016e+00 2.895337e+01 4910 1.934105e-02
643721 7.637770e-04 1.917360e-02 1.222923e-01 -8.142706e-03 6.250030e-02 1.526095e-01 -3.038444e+00 1.478089e+01 1.034272e+01 13816 4.129976e-02
394024 1.367018e-02 1.241318e-02 1.850426e-01 2.937176e-01 2.020432e-01 1.961073e+00 6.263293e+00 4.241096e+00 3.972113e+01 5002 1.776660e-02
143843 -3.519646e-03 -2.672151e-02 1.369229e-01 -5.525216e-03 -3.745975e-02 1.497474e-01 -3.354769e+00 -1.796214e+01 2.145187e+01 5581 1.916513e-02
23323 8.841516e-03 8.115799e-03 1.161985e-01 3.951376e-02 3.726997e-02 1.559602e-01 1.538836e+01 1.462674e+01 1.994860e+01 10471 3.074822e-02
144451 5.458205e-03 1.826071e-02 1.450890e-01 1.132707e-02 3.267798e-02 1.778788e-01 6.544817e+00 1.607779e+01 3.656632e+01 3549 1.305353e-02
270177 -1.248343e-02 2.006555e-02 1.744584e-01 -9.058560e-02 1.206048e-01 4.884094e-01 -6.502695e+00 8.370784e+00 2.613919e+01 5909 2.253652e-02
644868 -6.173454e-03 -1.708844e-03 1.648250e-01 -1.047823e-01 -4.084604e-02 8.512448e-01 -5.780718e+00 -2.294329e+00 4.023981e+01 4523 1.606216e-02
645260 -2.388229e-02 5.767065e-03 2.366362e-01 -2.269959e-01 5.597688e-02 1.487136e+00 -5.377215e+00 1.329251e+00 3.310563e+01 4768 1.908620e-02
770969 2.244240e-03 -1.329280e-02 1.387681e-01 7.168944e-03 -5.462009e-02 2.403895e-01 1.085848e+00 -9.112259e+00 2.240652e+01 2311 1.021295e-02
146487 -8.648024e-03 -1.689947e-02 1.502051e-01 -1.462486e-02 -2.862935e-02 1.797897e-01 -5.711574e+00 -1.120928e+01 2.827158e+01 5649 2.121382e-02
272475 -3.297120e-03 2.582494e-03 1.878593e-01 -2.043542e-02 1.503282e-02 4.891345e-01 -1.875616e+00 1.362565e+00 3.297158e+01 2948 1.222042e-02
272565 2.063742e-02 1.193085e-02 1.766774e-01 2.148715e-01 1.043804e-01 8.710055e-01 1.131898e+01 5.387494e+00 4.046194e+01 7492 2.572339e-02
146715 8.802674e-04 -1.288881e-02 1.332153e-01 7.701876e-03 -2.359221e-01 5.641058e-01 6.371723e-01 -2.083242e+01 4.024733e+01 5142 1.975272e-02
772616 1.388718e-04 -1.712132e-02 1.207091e-01 -4.131061e-03 -5.822527e-02 1.602519e-01 -2.613763e+00 -2.516105e+01 2.420539e+01 6019 2.096437e-02
647423 -6.962753e-03 -4.907739e-03 1.204745e-01 -2.214913e-02 -2.076187e-02 1.666290e-01 -9.194451e+00 -9.598740e+00 2.794378e+01 3869 1.476704e-02
522965 -3.284539e-03 -2.077767e-02 1.832285e-01 -3.066370e-02 -1.146119e-01 5.524798e-01 -2.430721e+00 -8.330600e+00 3.278211e+01 6320 2.254459e-02
272987 6.227858e-03 3.864710e-03 1.380485e-01 3.896630e-02 3.511990e-02 3.283642e-01 5.520370e+00 5.270263e+00 3.209113e+01 9149 2.676798e-02
147158 -1.831311e-02 1.627460e-02 6.573889e-02 -2.382263e-02 2.693948e-02 6.664202e-02 -1.165848e+01 2.256758e+01 1.911086e+00 3769 1.168167e-02
773294 -6.039273e-03 -1.145003e-02 1.268742e-01 -2.991989e-02 -5.437469e-02 1.863876e-01 -9.121506e+00 -1.639562e+01 2.273192e+01 8170 2.496704e-02
647860 -3.100302e-03 -1.016161e-02 1.291822e-01 -6.718408e-03 -4.443857e-02 2.027702e-01 -1.537657e+00 -1.456734e+01 3.127413e+01 6249 2.003605e-02
773318 7.776222e-03 -1.302315e-02 1.236659e-01 4.801022e-02 -6.518596e-02 1.965711e-01 1.058398e+01 -1.372198e+01 1.917849e+01 2892 1.013810e-02
273881 -9.985264e-03 -2.148364e-03 1.364107e-01 -3.773005e-02 -1.332342e-02 2.452244e-01 -9.846942e+00 -3.966156e+00 3.861925e+01 15192 4.543029e-02
148002 -8.841406e-03 2.630352e-03 1.291788e-01 -4.202734e-02 5.847893e-03 2.003266e-01 -1.180269e+01 1.144329e+00 2.530395e+01 4320 1.411415e-02
898716 -2.288937e-02 6.755683e-03 1.462925e-01 -4.192028e-02 1.232318e-02 1.773891e-01 -1.702141e+01 4.979618e+00 2.781309e+01 2973 1.179339e-02
148578 -3.460629e-03 -1.049581e-02 1.349861e-01 -2.220682e-02 -4.704715e-02 2.337999e-01 -7.463945e+00 -1.455321e+01 3.934350e+01 6095 2.092663e-02
399067 3.206940e-03 -1.669494e-02 1.305195e-01 3.037527e-02 -1.283177e-01 2.950545e-01 4.476166e+00 -1.839060e+01 2.710825e+01 7177 2.214053e-02
29181 1.122005e-02 1.325902e-02 1.248183e-01 2.303279e-02 2.494381e-02 1.439318e-01 1.624096e+01 1.606504e+01 2.627855e+01 2754 9.913179e-03
649522 1.520652e-02 1.947520e-03 1.579926e-01 3.159481e-02 7.019466e-04 2.132858e-01 8.772564e+00 -6.667485e-01 2.959813e+01 2842 1.103424e-02
775397 4.838672e-03 1.995156e-03 1.330078e-01 3.554142e-02 1.245963e-02 3.550194e-01 4.880062e+00 1.663280e+00 3.528772e+01 5637 1.756706e-02
400014 -1.856814e-04 -1.073344e-02 1.625546e-01 2.772566e-03 -9.084278e-02 5.899585e-01 2.636048e-01 -7.138417e+00 3.808528e+01 3316 1.225064e-02
30282 -2.132509e-04 -1.474170e-02 1.328470e-01 -2.493620e-04 -3.170504e-02 1.674520e-01 -2.412174e-02 -1.133129e+01 2.311565e+01 9248 2.776474e-02
900194 -7.473142e-03 -2.434693e-03 1.605174e-01 -9.334634e-02 -3.563397e-02 6.355900e-01 -5.143901e+00 -1.988674e+00 2.845738e+01 5051 1.875300e-02
650395 3.219854e-03 -1.716794e-03 1.886360e-01 -6.422174e-03 2.620524e-04 6.385621e-01 -9.880055e-01 2.027697e-01 4.610331e+01 3977 1.451435e-02
900362 -1.491224e-02 1.352021e-02 1.416076e-01 -2.439633e-01 1.656148e-01 6.985787e-01 -1.282186e+01 8.513978e+00 3.117822e+01 6716 2.042684e-02
31056 2.413166e-02 3.521865e-03 1.669548e-01 1.743943e-01 1.373960e-02 4.960576e-01 1.527520e+01 1.038701e+00 3.345550e+01 10316 3.526192e-02
31881 -7.944989e-03 -6.000692e-03 1.637765e-01 -1.385572e-01 -8.366325e-02 9.807558e-01 -4.711980e+00 -2.801763e+00 2.947343e+01 3120 1.348293e-02
901493 -1.443324e-02 3.436875e-03 1.425180e-01 -3.853896e-02 1.087501e-02 2.025187e-01 -1.384766e+01 4.272874e+00 3.446771e+01 4910 1.606684e-02
278403 -8.566351e-03 9.233557e-03 1.629761e-01 -3.349860e-02 3.053830e-02 4.092183e-01 -3.062241e+00 2.616701e+00 3.024407e+01 5508 2.080141e-02
402704 2.510621e-02 -9.642340e-03 1.423591e-01 7.685247e-02 -3.196290e-02 2.228205e-01 1.571790e+01 -6.779861e+00 2.444010e+01 4180 1.501659e-02
403175 6.660998e-03 2.078915e-03 1.325841e-01 5.367506e-02 4.609489e-02 4.405450e-01 5.285040e+00 4.948013e+00 3.461913e+01 5573 1.776687e-02
34017 -1.628644e-02 7.353355e-03 1.610427e-01 -8.336282e-02 2.723419e-02 4.213371e-01 -7.590937e+00 2.249885e+00 2.945713e+01 6498 2.191001e-02
653426 7.760097e-03 2.025859e-03 1.401256e-01 5.599771e-02 1.477502e-02 3.009574e-01 8.469406e+00 2.238457e+00 2.823833e+01 4230 1.480389e-02
653511 2.762938e-03 -6.673564e-03 1.204218e-01 5.360235e-03 -3.115690e-02 1.706376e-01 1.223483e+00 -1.153312e+01 2.365464e+01 5608 1.644588e-02
34513 3.170709e-03 1.076839e-02 1.515944e-01 1.987843e-02 3.696698e-02 2.830380e-01 3.847405e+00 6.032934e+00 3.026846e+01 4473 1.589647e-02
34710 9.439818e-03 -5.876797e-03 1.306605e-01 3.071692e-02 -1.532950e-02 1.790660e-01 1.322859e+01 -5.877017e+00 3.009505e+01 5173 1.675855e-02
903912 1.897397e-03 -1.739983e-02 1.256918e-01 8.445701e-03 -9.772286e-02 2.362044e-01 1.772725e+00 -2.174466e+01 2.991744e+01 4516 1.787838e-02
404302 3.091078e-03 -1.337006e-02 1.651640e-01 2.261169e-02 -9.786373e-02 6.150107e-01 1.900108e+00 -8.224490e+00 4.378741e+01 8917 2.838141e-02
654586 4.532677e-03 1.326988e-02 1.089070e-01 2.205897e-02 6.758567e-02 1.014816e-01 5.159155e+00 1.598875e+01 -5.273397e-01 4040 1.400618e-02
404417 -1.330605e-02 8.123744e-03 1.569042e-01 -1.225967e-01 3.807433e-02 4.631088e-01 -1.318061e+01 3.612082e+00 3.692871e+01 3993 1.325697e-02
531167 1.609385e-02 2.464911e-03 1.325006e-01 4.238953e-02 1.452489e-02 1.817628e-01 1.462850e+01 6.709066e+00 2.740499e+01 5382 1.692940e-02
282191 7.531420e-03 -9.764736e-03 1.128584e-01 4.078323e-02 -4.567921e-02 1.428463e-01 1.256959e+01 -1.357611e+01 1.133581e+01 2674 9.371145e-03
782265 1.092270e-03 -1.334176e-03 1.693214e-01 5.038894e-04 -1.459742e-02 6.778739e-01 -3.502444e-02 -7.895189e-01 3.027252e+01 10097 3.236322e-02
782326 8.480355e-03 -1.057743e-02 1.467487e-01 3.349441e-02 -4.176225e-02 2.590048e-01 5.416429e+00 -6.752619e+00 2.430742e+01 10037 3.016352e-02
156251 1.528739e-02 -6.317999e-03 1.251461e-01 8.194028e-02 -2.530023e-02 2.178436e-01 2.145436e+01 -6.110038e+00 2.983767e+01 9038 2.712845e-02
906597 -1.687438e-02 4.597145e-03 2.232298e-01 -1.478993e-01 5.976514e-02 1.438638e+00 -3.577159e+00 1.506162e+00 3.318231e+01 2902 1.341917e-02
38237 -8.819443e-03 1.237368e-02 1.235183e-01 -3.164407e-02 5.742342e-02 1.768346e-01 -8.938390e+00 1.764200e+01 2.087928e+01 11762 3.610992e-02
38854 1.889880e-03 1.137281e-02 1.217183e-01 6.808683e-03 3.018718e-02 1.537313e-01 4.268343e+00 1.632637e+01 2.777960e+01 6320 2.118461e-02
407443 -8.001989e-03 -2.560771e-02 1.449634e-01 -8.936395e-03 -3.274673e-02 1.551181e-01 -1.966888e+00 -1.502737e+01 2.137521e+01 8252 2.675579e-02
658422 -2.138376e-03 -1.431864e-02 1.492122e-01 -8.307701e-03 -1.203693e-01 4.893485e-01 -4.995033e-01 -8.586462e+00 2.753936e+01 2157 8.894919e-03
534058 -4.389455e-03 1.322751e-02 1.238909e-01 -5.909636e-02 1.482575e-01 3.069435e-01 -6.366530e+00 1.571415e+01 2.130279e+01 6814 2.028785e-02
284234 2.701942e-02 -1.131302e-03 2.244106e-01 1.204746e-01 -2.114293e-02 5.829301e-01 9.941335e+00 -2.128745e+00 3.813766e+01 8351 2.795792e-02
40284 1.542036e-02 8.021791e-03 1.503344e-01 2.961769e-02 1.696469e-02 1.985666e-01 8.743089e+00 5.507275e+00 2.970265e+01 3349 1.419121e-02
158299 -1.757274e-02 -1.529639e-02 1.422928e-01 -9.994352e-02 -1.005774e-01 3.383748e-01 -1.386520e+01 -1.435507e+01 3.300583e+01 6282 2.156619e-02
909067 -5.233203e-03 -1.029740e-02 1.298655e-01 -2.206364e-02 -3.254230e-02 1.888530e-01 -9.824210e+00 -1.298472e+01 3.443202e+01 8115 2.392736e-02
284919 1.079713e-03 1.918877e-02 1.473433e-01 7.064699e-03 1.011441e-01 3.326838e-01 9.466048e-01 1.296231e+01 2.931404e+01 6804 2.187518e-02
659376 -1.864039e-03 2.899369e-02 1.629256e-01 -2.875223e-02 1.667122e-01 4.424138e-01 -2.109472e+00 1.080449e+01 2.192681e+01 5494 2.067124e-02
409266 -9.386803e-03 6.607552e-03 1.869608e-01 -7.864277e-02 5.873070e-02 6.229147e-01 -5.654629e+00 4.255765e+00 3.559487e+01 10883 3.386364e-02
41716 -1.721628e-02 -8.794124e-03 1.922743e-01 -1.669347e-01 -1.099390e-01 8.813751e-01 -6.528080e+00 -4.410156e+00 3.004644e+01 6691 2.484369e-02
285877 -3.386744e-03 1.085066e-02 1.343677e-01 -6.689743e-03 6.257218e-02 2.823375e-01 -7.375400e-01 1.154911e+01 3.304078e+01 7532 2.329477e-02
410052 1.704604e-02 1.958692e-02 1.807031e-01 1.893727e-01 2.689734e-01 1.097566e+00 7.534879e+00 1.090427e+01 4.008927e+01 16536 4.777688e-02
285989 1.257286e-02 -9.553142e-04 1.374181e-01 4.390846e-02 -1.048651e-02 2.249371e-01 1.452303e+01 -4.417398e+00 4.056222e+01 6920 2.300895e-02
410253 -5.438804e-03 -1.160697e-02 1.446705e-01 -2.135516e-02 -7.070748e-02 2.803969e-01 -2.708908e+00 -1.005870e+01 2.310015e+01 4593 1.902734e-02
910549 -7.851382e-03 -1.503818e-02 1.551522e-01 -2.881257e-02 -4.983802e-02 3.126384e-01 -3.435455e+00 -5.703553e+00 2.581136e+01 6449 2.193939e-02
786701 -8.985007e-03 -3.282918e-03 1.345463e-01 -6.148023e-02 -1.157520e-02 2.837471e-01 -9.953969e+00 -1.572354e+00 2.829095e+01 5498 1.767830e-02
160748 -2.203084e-02 -1.363064e-03 1.863014e-01 -4.446062e-02 1.938414e-03 2.828515e-01 -7.126591e+00 1.048975e+00 3.067675e+01 4225 1.763448e-02
160932 1.437292e-02 2.422979e-02 2.391255e-01 3.119779e-01 4.542458e-01 3.045495e+00 3.961525e+00 5.724096e+00 3.735658e+01 7186 2.698119e-02
537138 -8.517351e-03 2.048888e-03 1.304088e-01 -2.931099e-02 9.806403e-03 1.855810e-01 -1.177947e+01 4.394585e+00 3.125472e+01 7180 2.376371e-02
911522 2.434912e-03 -1.830693e-02 1.542908e-01 2.812292e-02 -1.883682e-01 6.135853e-01 1.909995e+00 -1.264466e+01 3.415018e+01 6682 2.166554e-02
661980 -1.005034e-02 -7.551284e-03 1.780329e-01 -4.154882e-02 -3.773214e-02 4.085196e-01 -4.347319e+00 -4.165464e+00 3.181103e+01 3599 1.505601e-02
412188 -8.609297e-03 -5.543213e-03 1.673130e-01 -8.426176e-02 -4.583222e-02 5.242217e-01 -5.739282e+00 -3.056477e+00 2.707644e+01 7600 2.542838e-02
538028 8.792257e-03 2.376838e-02 1.367374e-01 3.676848e-02 1.174492e-01 2.563385e-01 4.764720e+00 1.595509e+01 2.036964e+01 5925 2.054256e-02
161863 8.134324e-03 4.976631e-03 1.208789e-01 2.324764e-02 2.337805e-02 1.600382e-01 1.233501e+01 1.501864e+01 3.196051e+01 4276 1.344797e-02
788239 -1.201018e-02 -1.099957e-02 1.836553e-01 -8.015470e-02 -9.353697e-02 6.930912e-01 -4.376949e+00 -5.301410e+00 3.272126e+01 10864 3.460073e-02
162075 8.404206e-03 -3.758766e-03 1.301422e-01 2.678174e-02 -1.442062e-02 2.052997e-01 6.732666e+00 -3.906003e+00 2.753417e+01 8424 2.861817e-02
788482 5.064125e-03 -8.447127e-03 1.294988e-01 5.868558e-02 -1.257591e-01 3.593237e-01 6.240642e+00 -1.365316e+01 2.674778e+01 5679 1.861436e-02
288617 1.985825e-02 -7.587639e-03 1.512565e-01 7.745685e-02 -3.610052e-02 3.303825e-01 7.224806e+00 -3.576477e+00 2.246843e+01 5484 1.836079e-02
912977 4.363754e-03 -1.259281e-02 1.821062e-01 4.413927e-02 -1.006551e-01 6.554025e-01 2.876819e+00 -6.369226e+00 3.423180e+01 8713 2.915373e-02
45720 -8.908204e-03 -1.025272e-02 1.494627e-01 -3.921797e-02 -4.266871e-02 2.530781e-01 -7.444177e+00 -7.961472e+00 2.544828e+01 4783 1.838238e-02
45865 1.785347e-02 7.972718e-04 1.767547e-01 1.331646e-01 -2.092994e-02 5.419130e-01 9.050301e+00 -1.705280e+00 2.865979e+01 4632 1.789692e-02
663561 5.131183e-03 6.021199e-03 1.239022e-01 3.586342e-02 2.062556e-02 2.234484e-01 1.052203e+01 5.000209e+00 3.408243e+01 4225 1.647535e-02
47003 -1.383236e-02 1.713965e-02 1.558058e-01 -5.359500e-02 6.238490e-02 2.759446e-01 -8.727449e+00 9.930820e+00 2.636912e+01 4905 1.824579e-02
539955 -1.532658e-02 1.289827e-02 2.119039e-01 -2.757176e-02 2.028867e-02 3.065239e-01 -2.997454e+00 1.809069e+00 2.316169e+01 4295 1.806766e-02
163937 -7.911717e-03 9.565017e-03 1.256979e-01 -2.055868e-02 2.585515e-02 1.637673e-01 -7.244470e+00 9.331362e+00 2.180704e+01 3971 1.439642e-02
414658 -7.351450e-03 1.543947e-02 1.322873e-01 -3.599596e-02 6.311268e-02 2.301167e-01 -6.716395e+00 1.117813e+01 2.293845e+01 5559 2.114722e-02
540707 5.370965e-03 -2.698226e-02 1.749181e-01 8.953809e-03 -3.952396e-02 2.106613e-01 2.900574e+00 -1.015343e+01 2.893672e+01 3714 1.498721e-02
164563 -1.638098e-02 1.890208e-02 1.517217e-01 -7.907694e-02 7.769503e-02 3.300091e-01 -1.011780e+01 9.487939e+00 2.877181e+01 9765 3.022770e-02
915028 -2.890349e-02 5.741856e-04 2.345940e-01 -2.318654e-01 2.826918e-02 9.982731e-01 -8.854525e+00 1.208236e+00 3.331667e+01 10843 3.560803e-02
791166 -9.727985e-04 1.462220e-02 2.319204e-01 -1.845965e-03 6.489361e-02 7.428449e-01 -5.468292e-02 3.148296e+00 3.199715e+01 11437 3.945838e-02
415365 -2.622702e-03 -1.767510e-02 1.644892e-01 -2.371747e-02 -1.135906e-01 4.902204e-01 -1.999824e+00 -9.092973e+00 3.087993e+01 5542 1.981528e-02
665671 -1.422691e-02 -2.461680e-02 1.667317e-01 -3.734688e-02 -6.529573e-02 2.729420e-01 -6.027592e+00 -1.060537e+01 2.769001e+01 7382 2.336268e-02
791274 -1.569586e-02 -1.049341e-02 1.491884e-01 -8.045217e-02 -3.518228e-02 3.008631e-01 -1.448623e+01 -5.522994e+00 3.393020e+01 5846 1.886026e-02
166439 -4.830388e-03 1.369594e-02 1.249740e-01 -3.421471e-02 5.914228e-02 1.943329e-01 -1.100303e+01 1.701749e+01 2.597162e+01 5320 1.893099e-02
667435 1.087837e-02 2.571347e-02 1.679040e-01 1.133205e-01 3.179920e-01 8.844622e-01 4.733542e+00 1.350532e+01 3.311001e+01 3619 1.515561e-02
50835 4.844086e-03 1.021067e-02 1.263827e-01 1.374416e-02 2.729144e-02 1.646327e-01 5.376684e+00 1.031877e+01 2.310744e+01 7278 2.634743e-02
793580 1.233297e-04 -2.724210e-03 1.680390e-01 -8.999567e-04 -2.632612e-02 7.761252e-01 -6.578283e-02 -1.517269e+00 3.909133e+01 5383 1.972425e-02
917986 2.038049e-02 1.524477e-02 2.173500e-01 5.342956e-02 4.508417e-02 4.211094e-01 6.005563e+00 5.422313e+00 3.702647e+01 2882 1.256330e-02
418104 2.033743e-02 -1.070425e-02 1.443446e-01 1.019812e-01 -5.450335e-02 2.963760e-01 1.084774e+01 -5.819439e+00 2.019990e+01 7467 2.345961e-02
668593 -5.259159e-03 2.501344e-03 2.228085e-01 -5.604321e-03 8.333723e-03 5.024114e-01 -3.793554e-02 6.410163e-01 3.073017e+01 3850 1.921682e-02
294301 5.824314e-03 -7.206819e-03 1.220366e-01 1.987928e-02 -2.530314e-02 1.629555e-01 8.910468e+00 -1.147258e+01 2.594151e+01 9623 3.309365e-02
544410 1.321270e-03 -1.039329e-02 1.337065e-01 -5.355634e-04 -4.083269e-02 2.170792e-01 -6.607133e-01 -1.083119e+01 2.966635e+01 6896 2.042897e-02
294671 -3.189643e-03 -2.023487e-02 1.257452e-01 -6.363364e-02 -1.918147e-01 3.350897e-01 -5.037348e+00 -1.429931e+01 1.744659e+01 9238 2.782610e-02
544704 -2.624077e-02 2.210743e-04 2.497974e-01 -4.763654e-01 4.464948e-02 2.142682e+00 -7.536262e+00 7.438476e-01 3.169183e+01 4798 1.977285e-02
418933 -1.972032e-02 2.791387e-03 1.421860e-01 -7.829579e-02 1.346349e-02 2.608715e-01 -1.413400e+01 2.575131e+00 2.863829e+01 7460 2.395159e-02
169167 -1.123915e-02 7.482691e-03 1.637726e-01 -2.617820e-01 5.884887e-02 1.562591e+00 -6.051113e+00 1.240596e+00 3.378427e+01 6084 1.995068e-02
296013 1.781013e-02 1.474605e-02 1.667687e-01 6.007860e-02 4.255937e-02 2.872758e-01 1.107751e+01 7.289179e+00 3.158189e+01 7171 2.788197e-02
296082 1.087075e-02 -5.052339e-03 1.411845e-01 7.602819e-02 -1.355265e-02 3.586485e-01 1.087824e+01 -1.419154e+00 3.630631e+01 7943 2.443651e-02
796180 6.712727e-03 -1.998820e-02 1.958890e-01 4.106293e-02 -1.463354e-01 7.329889e-01 2.608373e+00 -9.594140e+00 4.078453e+01 7101 2.358207e-02
546208 1.320390e-02 1.497615e-02 2.257632e-01 1.707412e-01 1.329837e-01 1.476835e+00 4.734383e+00 3.546418e+00 3.759780e+01 3677 1.501520e-02
54662 2.160185e-03 1.372202e-02 1.332898e-01 1.589843e-02 7.784724e-02 2.490908e-01 2.851329e+00 1.330899e+01 2.403413e+01 4152 1.544280e-02
796601 -2.014899e-02 4.127024e-03 1.391822e-01 -4.533717e-02 9.769823e-03 1.870475e-01 -1.383016e+01 3.098310e+00 2.628157e+01 8252 2.559396e-02
547146 -5.878516e-03 7.293973e-03 1.769106e-01 -3.184659e-02 3.431089e-02 3.868679e-01 -4.167171e+00 4.335481e+00 3.369242e+01 12665 3.677193e-02
297355 -5.814234e-03 4.590219e-03 1.184888e-01 -3.903624e-02 3.244747e-02 2.058260e-01 -1.430111e+01 1.199174e+01 3.759613e+01 13610 3.876554e-02
297769 1.043517e-02 2.671914e-02 1.752144e-01 7.764326e-02 2.041662e-01 5.909739e-01 5.850689e+00 1.544736e+01 3.619326e+01 6961 2.264049e-02
922106 -6.669357e-03 -4.966465e-03 1.303830e-01 -3.373869e-02 -1.333982e-02 2.094669e-01 -9.755425e+00 -3.017645e+00 2.850080e+01 7410 2.281097e-02
548048 2.565813e-03 2.195578e-02 1.471256e-01 6.203798e-03 9.703437e-02 2.958421e-01 8.741258e-01 1.803969e+01 3.573321e+01 6724 2.370999e-02
422327 1.935694e-02 -4.900764e-03 1.346595e-01 3.791669e-02 -9.296303e-03 1.628824e-01 1.348656e+01 -3.194048e+00 2.050838e+01 5911 1.833362e-02
422624 -3.317449e-03 -1.304098e-02 1.262787e-01 -2.006905e-02 -8.265800e-02 2.348215e-01 -3.516630e+00 -1.461456e+01 2.278617e+01 3838 1.387268e-02
422781 1.280104e-02 -5.947212e-03 1.178438e-01 6.720048e-02 -3.556363e-02 1.783730e-01 2.237126e+01 -1.217947e+01 2.489209e+01 5321 2.177868e-02
922923 2.581145e-02 4.594339e-03 1.337229e-01 2.227440e-01 5.292605e-02 3.322340e-01 2.211014e+01 5.426330e+00 2.228738e+01 5966 2.113978e-02
172482 1.942350e-03 1.393147e-02 1.648121e-01 2.962371e-02 1.234892e-01 6.285053e-01 1.858213e+00 7.354462e+00 3.112710e+01 3622 1.373738e-02
548954 5.441772e-03 5.287859e-03 2.096228e-01 6.992106e-03 1.632470e-02 8.708710e-01 9.320857e-02 6.635524e-01 3.975529e+01 8969 2.794098e-02
423156 2.539512e-03 -1.503398e-02 1.416312e-01 1.715898e-02 -7.579571e-02 2.766422e-01 3.462354e+00 -1.439031e+01 3.197490e+01 8372 2.596598e-02
799534 1.928785e-02 9.128791e-03 2.802514e-01 4.879780e-02 1.696442e-02 5.028340e-01 4.685258e+00 1.244053e+00 3.533915e+01 7883 2.873233e-02
799589 -1.131241e-02 1.902743e-02 2.902886e-01 -5.662482e-02 1.460587e-01 1.347282e+00 -1.596065e+00 4.474495e+00 3.723109e+01 4483 2.028228e-02
923783 1.994951e-02 -5.614763e-03 1.335401e-01 4.580381e-02 -8.967980e-03 1.710366e-01 1.592647e+01 -2.065610e+00 2.309819e+01 3703 1.459080e-02
800179 1.898801e-02 9.913019e-03 1.829881e-01 1.987802e-01 8.477765e-02 7.620475e-01 7.126722e+00 2.967535e+00 2.295315e+01 6139 2.401343e-02
59256 8.076298e-03 8.392918e-03 1.204543e-01 2.941852e-02 3.638458e-02 1.733091e-01 9.245707e+00 1.212633e+01 2.289733e+01 4071 1.472619e-02
924867 -1.464042e-02 1.738391e-02 2.923783e-01 -3.252777e-02 6.484281e-02 8.274644e-01 -1.208179e+00 3.205554e+00 3.614175e+01 15213 4.821303e-02
174433 9.587743e-03 -1.619748e-02 1.600978e-01 8.015318e-02 -1.862867e-01 5.669984e-01 5.286132e+00 -1.274157e+01 3.048136e+01 6919 2.305613e-02
424906 -3.309045e-03 -1.020049e-02 1.587769e-01 -1.785550e-02 -4.597465e-02 3.577910e-01 -2.540864e+00 -6.248757e+00 3.476225e+01 7881 2.410590e-02
551100 2.158675e-02 -1.351738e-02 1.318507e-01 1.124689e-01 -8.166613e-02 2.543400e-01 1.953177e+01 -1.464606e+01 2.632456e+01 6708 2.353350e-02
60294 -1.504621e-02 5.711384e-03 1.305994e-01 -3.233512e-02 1.141926e-02 1.621602e-01 -1.233490e+01 4.072324e+00 2.251726e+01 3239 1.186302e-02
551177 1.597074e-02 -2.381052e-02 1.863851e-01 1.288946e-01 -2.165677e-01 8.747775e-01 6.285871e+00 -1.072976e+01 3.831914e+01 3417 1.362212e-02
425415 1.053552e-02 -6.803259e-04 1.685694e-01 5.384184e-02 -1.506476e-03 4.856644e-01 4.147978e+00 -7.913055e-02 3.037209e+01 3608 1.424152e-02
175236 -1.160696e-02 1.427974e-02 1.836328e-01 -9.591983e-02 8.306381e-02 6.467983e-01 -5.936099e+00 4.842784e+00 3.260945e+01 12935 3.795332e-02
801862 2.334505e-02 8.213969e-03 1.517952e-01 1.675614e-01 7.125005e-02 4.133305e-01 1.508457e+01 6.593375e+00 2.735576e+01 4465 1.535843e-02
61378 2.929538e-02 -3.188452e-03 1.458649e-01 5.241596e-02 -4.821256e-03 1.746046e-01 2.146345e+01 -1.515775e+00 2.667986e+01 5502 2.125788e-02
676759 -1.170864e-02 7.344930e-03 1.511573e-01 -2.571374e-02 1.554852e-02 2.119241e-01 -6.510801e+00 3.813751e+00 2.824974e+01 6670 2.156660e-02
927299 7.440088e-03 -1.114575e-02 1.421652e-01 1.826915e-02 -3.481537e-02 2.137968e-01 4.900528e+00 -1.071133e+01 3.241580e+01 6621 2.032206e-02
927736 -4.297769e-03 -1.424580e-02 1.378382e-01 -1.066951e-02 -3.193517e-02 1.818823e-01 -5.782587e+00 -1.605375e+01 3.997157e+01 5345 1.696273e-02
303890 4.376620e-03 1.178670e-03 1.956260e-01 6.117393e-02 -3.009001e-02 1.668387e+00 1.389677e+00 -7.650601e-01 3.603449e+01 2867 1.277383e-02
303909 4.506043e-03 -2.227339e-02 1.527864e-01 1.288874e-02 -7.145385e-02 2.520997e-01 2.657203e+00 -1.558954e+01 3.148098e+01 4304 1.716895e-02
678468 -2.870264e-02 7.200756e-04 2.148440e-01 -1.155660e-01 -7.425025e-03 5.177180e-01 -7.693659e+00 -7.214273e-01 2.682613e+01 9371 3.611407e-02
177830 -1.775455e-02 1.324479e-02 1.211140e-01 -1.145106e-01 8.015551e-02 2.128159e-01 -1.521230e+01 1.051991e+01 1.441765e+01 8660 3.206632e-02
554270 -1.682754e-02 -5.203317e-03 1.569747e-01 -3.416140e-02 -1.404620e-02 2.079243e-01 -1.173644e+01 -5.987359e+00 3.449708e+01 6217 1.926693e-02
177938 5.879747e-03 -2.311527e-02 1.452712e-01 3.005937e-02 -1.138414e-01 2.934491e-01 4.365453e+00 -1.637993e+01 2.675243e+01 3870 1.500315e-02
804453 -1.346997e-02 -1.517170e-02 1.963486e-01 -7.611371e-02 -5.407912e-02 4.775736e-01 -7.145896e+00 -4.438246e+00 3.207989e+01 3600 1.452062e-02
428595 1.568390e-02 1.254375e-02 1.735457e-01 1.023880e-01 9.537980e-02 5.426048e-01 6.239330e+00 5.960977e+00 2.655792e+01 6758 2.429434e-02
804841 6.087983e-03 -1.745468e-02 1.427283e-01 5.117410e-02 -1.104369e-01 3.385638e-01 6.046373e+00 -1.246958e+01 2.626294e+01 7450 2.372885e-02
805021 1.281935e-02 -2.674773e-03 1.533485e-01 6.842792e-02 -1.381610e-02 3.645810e-01 8.648019e+00 -1.732654e+00 3.285001e+01 4782 1.760990e-02
429635 -9.393566e-03 1.244350e-02 1.707127e-01 -3.501872e-02 4.636633e-02 3.568165e-01 -4.571254e+00 6.051471e+00 3.319892e+01 7230 2.459027e-02
930324 8.547930e-03 -9.695287e-03 1.359638e-01 2.078776e-02 -3.137955e-02 2.030263e-01 5.594823e+00 -9.911872e+00 3.065424e+01 7504 2.340078e-02
931446 1.014698e-02 1.142349e-02 1.214615e-01 4.850823e-02 5.256465e-02 1.872386e-01 1.000228e+01 1.072711e+01 1.715066e+01 3284 1.210922e-02
181125 -2.217747e-02 5.995348e-03 1.267005e-01 -7.677013e-02 3.340298e-02 1.822033e-01 -1.059790e+01 5.320557e+00 1.077458e+01 6347 2.343202e-02
181194 1.344949e-02 -1.096285e-02 1.761066e-01 8.108973e-02 -6.636285e-02 5.287927e-01 5.726363e+00 -4.690115e+00 2.985809e+01 6069 2.017658e-02
181249 -1.685771e-03 2.598641e-02 2.103921e-01 -9.325796e-03 1.563905e-01 7.400060e-01 -4.738672e-01 8.088224e+00 3.284893e+01 5401 2.013550e-02
807732 -1.005812e-02 1.606154e-02 1.932436e-01 -7.578636e-02 1.786408e-01 1.129809e+00 -2.449709e+00 6.059371e+00 3.490606e+01 9335 3.072555e-02
431984 -2.084880e-02 -2.634423e-03 2.157848e-01 -2.417202e-01 1.105653e-02 1.533291e+00 -5.085796e+00 3.152486e-01 3.033697e+01 6381 2.501646e-02
558517 1.129060e-02 -6.163495e-03 1.392307e-01 1.073612e-01 -4.873710e-02 4.071436e-01 1.038287e+01 -4.601162e+00 2.895482e+01 4464 1.617992e-02
808879 -1.092885e-02 -1.941228e-02 2.327034e-01 -3.329894e-02 -7.071339e-02 5.988757e-01 -1.739151e+00 -3.988378e+00 2.846787e+01 6581 2.829575e-02
432886 -4.801079e-03 -2.462933e-02 1.493012e-01 -6.525259e-03 -1.098436e-01 2.755278e-01 -2.847888e-01 -1.407513e+01 2.084929e+01 4499 1.770350e-02
69515 1.183328e-02 -1.375419e-03 1.409148e-01 8.206219e-02 -8.226290e-04 3.424101e-01 9.509484e+00 7.485161e-02 2.728387e+01 6118 1.921617e-02
433435 -6.455007e-03 1.114277e-03 1.357716e-01 -3.208588e-02 8.829442e-04 2.303832e-01 -7.878798e+00 -7.111057e-02 2.908313e+01 5160 1.789871e-02
183176 -1.298804e-03 1.644868e-02 1.818121e-01 -8.711344e-03 1.356202e-01 8.278756e-01 -3.683183e-01 5.921460e+00 3.210195e+01 11083 3.598497e-02
684212 -1.585075e-02 1.927687e-02 1.397368e-01 -8.956378e-02 1.164007e-01 3.034920e-01 -1.138582e+01 1.500189e+01 2.529385e+01 3766 1.434725e-02
559849 -2.542691e-02 -2.036760e-03 1.326979e-01 -2.054771e-01 -1.417875e-02 3.131028e-01 -1.995503e+01 -1.345701e+00 1.999434e+01 10033 3.257801e-02
433867 5.791630e-03 -7.109332e-03 1.172309e-01 1.479411e-02 -2.741013e-02 1.504020e-01 9.237429e+00 -2.083062e+01 3.403683e+01 8954 2.573352e-02
809969 1.909365e-02 -2.214700e-02 1.757496e-01 5.279557e-02 -5.585181e-02 2.993899e-01 9.468076e+00 -9.468889e+00 3.473499e+01 2305 1.079373e-02
809978 -1.457377e-02 -5.791083e-03 1.237960e-01 -2.935340e-02 -1.083426e-02 1.451936e-01 -1.761321e+01 -6.010063e+00 2.549997e+01 5538 1.807070e-02
183619 1.293131e-02 -3.319835e-03 1.147164e-01 6.808277e-02 -3.156017e-02 1.564545e-01 1.590499e+01 -8.144156e+00 1.203673e+01 10002 3.205143e-02
70790 -1.627159e-02 1.092145e-02 1.670425e-01 -6.881166e-02 6.400839e-02 3.734481e-01 -6.704217e+00 6.773999e+00 2.633776e+01 2809 1.138641e-02
183652 -5.937549e-03 -7.823187e-03 1.637498e-01 -1.446479e-02 -4.077914e-02 3.280482e-01 -1.846505e+00 -7.136351e+00 3.557752e+01 3311 1.222000e-02
310733 1.450148e-02 1.856460e-02 2.338855e-01 2.914488e-01 3.227926e-01 2.838475e+00 4.099119e+00 4.502901e+00 3.855072e+01 5294 2.122483e-02
810745 5.365787e-03 2.271005e-02 1.496810e-01 2.530217e-02 1.319328e-01 3.240758e-01 2.775591e+00 1.520626e+01 2.427966e+01 6600 2.223542e-02
560829 -2.734785e-03 -2.244363e-02 2.039558e-01 -3.689786e-02 -1.293853e-01 7.759577e-01 -1.976277e+00 -6.186398e+00 3.308936e+01 3902 1.541011e-02
685447 -2.613416e-03 -1.300427e-02 1.502883e-01 -3.263015e-02 -2.784626e-01 1.103558e+00 -1.151238e+00 -1.018118e+01 3.656095e+01 5963 2.318177e-02
435033 -2.152602e-02 -9.177971e-03 2.363202e-01 -5.053426e-02 -3.194151e-02 5.368838e-01 -2.831031e+00 -2.221585e+00 2.933321e+01 6382 2.353181e-02
72765 1.436611e-02 4.747190e-03 1.442083e-01 2.088499e-01 3.752259e-02 5.981989e-01 1.100094e+01 1.853934e+00 2.567988e+01 16037 4.601031e-02
435611 1.129483e-02 1.455572e-02 1.977383e-01 4.652484e-01 5.743477e-01 3.930636e+00 5.022910e+00 6.193991e+00 4.130380e+01 9827 2.979237e-02
185302 -3.233817e-03 4.579750e-03 1.369933e-01 -1.926326e-02 2.512970e-02 2.769377e-01 -4.261147e+00 5.462844e+00 3.720176e+01 4362 1.384980e-02
935853 -1.854937e-02 -1.759524e-02 1.940122e-01 -1.843093e-01 -2.010031e-01 1.072168e+00 -5.580963e+00 -6.175151e+00 2.956659e+01 7295 2.570715e-02
72974 5.061176e-03 -2.543479e-02 2.125621e-01 2.944603e-02 -7.955453e-01 3.234714e+00 2.910513e-01 -9.191841e+00 3.607162e+01 7220 2.361709e-02
936113 -1.191789e-02 -1.593255e-02 1.421060e-01 -7.266822e-02 -1.011545e-01 3.541312e-01 -8.471029e+00 -1.188335e+01 2.956481e+01 8057 2.669400e-02
687196 1.648556e-02 -1.090912e-02 1.326781e-01 4.141367e-01 -3.329207e-01 8.132507e-01 1.769622e+01 -1.433011e+01 3.028675e+01 3179 1.118452e-02
563010 -1.545782e-02 1.297790e-02 1.241995e-01 -2.421677e-02 1.947207e-02 1.342043e-01 -1.594611e+01 1.182297e+01 1.821417e+01 4564 1.529066e-02
436913 3.661943e-04 6.489651e-03 1.688479e-01 1.010965e-02 3.929713e-02 4.664187e-01 1.286880e+00 4.333091e+00 3.930205e+01 2632 9.998216e-03
313242 -2.055531e-02 -4.863121e-03 2.370509e-01 -1.398613e-01 -8.932545e-03 9.629378e-01 -6.205525e+00 -2.116651e-01 3.775594e+01 2099 1.141754e-02
74642 1.532274e-02 -2.623353e-03 1.277136e-01 3.094068e-02 -6.873048e-03 1.507821e-01 1.305035e+01 -3.551042e+00 1.927602e+01 2971 1.116512e-02
563541 3.102611e-03 -8.928668e-03 1.134152e-01 1.894755e-02 -2.803557e-02 1.378298e-01 1.413440e+01 -1.704421e+01 2.177894e+01 15308 4.476732e-02
688116 3.554476e-03 -7.320286e-03 1.221693e-01 2.027413e-02 -3.608382e-02 1.943353e-01 6.488935e+00 -1.116320e+01 2.800778e+01 7157 2.342342e-02
313966 -4.897987e-04 -1.158449e-02 2.306103e-01 -1.716485e-02 -6.471680e-02 8.664158e-01 -8.112368e-01 -2.584873e+00 3.093177e+01 5916 2.151380e-02
187506 1.459872e-02 4.118748e-03 1.195185e-01 4.030446e-02 8.877964e-03 1.471558e-01 2.009857e+01 3.721092e+00 2.160880e+01 9868 2.840475e-02
564171 -1.185061e-03 1.892016e-02 1.693952e-01 -8.313935e-03 7.239705e-02 4.161945e-01 -8.697480e-01 6.524371e+00 3.011039e+01 2352 1.051332e-02
938388 2.462780e-02 -1.472146e-03 1.672131e-01 3.669925e-02 -3.357140e-03 1.914744e-01 9.082734e+00 -1.418296e+00 1.825450e+01 5470 2.152510e-02
564941 7.421785e-03 -5.527875e-03 1.334902e-01 9.032972e-02 -5.856895e-02 4.826553e-01 7.774011e+00 -4.973492e+00 3.274008e+01 8353 2.361553e-02
565137 2.984029e-02 1.345173e-03 2.698468e-01 1.607782e-01 -1.155012e-03 1.003325e+00 6.538060e+00 -1.248405e-01 3.662442e+01 5813 2.310743e-02
565660 -1.483984e-02 -1.803834e-02 1.455422e-01 -3.316884e-02 -3.681210e-02 1.956841e-01 -1.045951e+01 -1.071332e+01 2.861362e+01 5652 1.909810e-02
815864 -5.174598e-03 -8.862661e-03 1.317309e-01 -5.488872e-02 -7.229267e-02 3.846474e-01 -5.982361e+00 -7.632864e+00 3.043476e+01 3823 1.455262e-02
439743 8.160650e-03 1.060293e-02 1.714108e-01 1.978267e-02 3.474876e-02 2.949262e-01 3.394069e+00 7.051497e+00 3.607116e+01 11151 3.411390e-02
439874 2.221092e-02 -1.874630e-03 1.345605e-01 1.010514e-01 -7.770905e-03 2.258016e-01 2.169265e+01 -1.622337e+00 2.510462e+01 3378 1.385322e-02
816218 -2.923407e-02 -1.191784e-03 1.728252e-01 -1.373469e-01 -4.728852e-02 4.884988e-01 -7.405625e+00 -3.157582e+00 2.162334e+01 5936 2.314921e-02
440136 2.390121e-02 4.151023e-03 2.078453e-01 4.648853e-02 7.678076e-03 3.097899e-01 7.318972e+00 1.142871e+00 3.303312e+01 4070 1.700872e-02
816540 8.670338e-03 -1.863427e-02 1.224259e-01 2.239162e-02 -4.354027e-02 1.508047e-01 8.665579e+00 -1.572920e+01 1.792241e+01 6606 2.086026e-02
817041 1.274984e-02 -1.361464e-02 1.605980e-01 1.916776e-01 -1.713426e-01 8.375379e-01 1.033393e+01 -9.109540e+00 3.909648e+01 7162 2.325834e-02
567026 1.212618e-02 -1.744098e-03 1.462836e-01 5.344534e-02 -6.501020e-03 3.162044e-01 7.191641e+00 -8.279472e-01 2.957489e+01 6933 2.241655e-02
79105 -1.187920e-02 -4.801759e-04 1.518727e-01 -6.727022e-02 4.436318e-03 3.665603e-01 -7.016063e+00 6.227442e-01 2.719325e+01 6281 2.025276e-02
941421 4.616332e-03 9.244152e-03 1.409460e-01 2.972411e-02 7.412510e-02 3.830502e-01 3.302079e+00 8.532894e+00 3.184061e+01 8174 2.503911e-02
567663 -1.170835e-02 6.757127e-03 1.252510e-01 -3.445957e-02 2.527443e-02 1.691034e-01 -1.366181e+01 1.111940e+01 2.633279e+01 8576 2.609227e-02
79764 -1.296009e-02 -7.318526e-03 1.281586e-01 -5.319307e-02 -2.962327e-02 2.004147e-01 -1.593751e+01 -8.835593e+00 2.862285e+01 9561 2.937211e-02
191612 -9.238845e-03 5.386574e-03 1.242648e-01 -4.273795e-02 2.240115e-02 1.975758e-01 -1.567633e+01 7.962183e+00 3.430685e+01 8756 2.842953e-02
568163 -3.447935e-04 8.043927e-03 1.684900e-01 -2.358590e-03 4.073085e-02 4.015201e-01 -2.486495e-01 4.035953e+00 2.877293e+01 5629 2.116411e-02
80853 -4.718248e-04 -9.416909e-03 1.370167e-01 -1.920265e-02 -5.112737e-02 3.204779e-01 -2.848367e+00 -6.342844e+00 2.789865e+01 4913 2.015045e-02
818659 -1.161693e-02 1.573756e-02 1.295244e-01 -5.151367e-02 7.398369e-02 2.253169e-01 -1.325954e+01 1.935790e+01 3.183631e+01 12295 3.447200e-02
192886 -1.099050e-02 -1.235672e-02 1.465187e-01 -5.376072e-02 -6.692461e-02 3.285194e-01 -6.998892e+00 -8.929455e+00 2.978249e+01 4573 1.608812e-02
81903 2.475303e-02 -8.721748e-03 1.247099e-01 4.388086e-02 -1.571743e-02 1.398779e-01 1.570692e+01 -5.744540e+00 1.245526e+01 6076 2.078093e-02
695142 1.687025e-02 2.152569e-02 1.449301e-01 1.224342e-01 1.460930e-01 3.763648e-01 1.459759e+01 1.722540e+01 3.200323e+01 6202 2.126751e-02
820662 -3.961046e-03 7.166118e-03 1.461192e-01 -9.152284e-03 4.202888e-02 3.535072e-01 -8.855729e-01 5.947235e+00 3.537829e+01 8092 2.720218e-02
83314 -1.645270e-02 -8.150755e-03 1.935512e-01 -6.444767e-02 -2.021371e-02 4.871861e-01 -4.789150e+00 -1.203695e+00 2.930019e+01 3922 1.612342e-02
570781 -1.275828e-03 -3.961760e-03 1.766250e-01 -1.615780e-02 -1.819761e-02 4.332616e-01 -2.254052e+00 -2.156189e+00 3.887067e+01 7202 2.227231e-02
320877 1.740058e-02 -1.280238e-02 1.866939e-01 8.071568e-02 -5.415303e-02 4.542738e-01 8.323237e+00 -5.435848e+00 3.517535e+01 5044 2.033732e-02
821109 9.834541e-03 2.698000e-02 1.199855e-01 5.989129e-02 1.421537e-01 1.770863e-01 9.948779e+00 2.289077e+01 1.134880e+01 4179 1.506714e-02
445286 -1.168823e-02 -9.681024e-04 2.066432e-01 -4.084937e-02 -9.711760e-03 4.739842e-01 -4.539391e+00 -1.361088e+00 4.161584e+01 16295 4.804812e-02
194955 -8.190461e-03 2.326049e-03 1.137236e-01 -3.017947e-02 1.669587e-02 1.390687e-01 -1.388291e+01 9.072482e+00 1.600183e+01 3338 1.135618e-02
84331 8.283860e-03 1.944147e-03 1.584212e-01 6.335356e-02 3.187285e-02 4.350844e-01 5.714305e+00 3.105551e+00 2.870795e+01 4461 1.827585e-02
445604 9.304626e-03 -8.055315e-03 1.349103e-01 2.948271e-02 -2.450815e-02 2.043513e-01 8.331878e+00 -6.793659e+00 2.867335e+01 7152 2.292096e-02
945948 -4.390603e-03 2.567795e-02 1.736179e-01 -2.243912e-02 3.305165e-01 9.310299e-01 -6.203746e-01 1.047810e+01 2.603423e+01 3080 1.278003e-02
571834 1.038363e-02 2.962248e-03 2.186536e-01 3.394230e-02 9.118994e-03 7.607860e-01 1.426353e+00 3.727584e-01 3.282324e+01 3701 1.530024e-02
195566 -1.344344e-02 -1.494254e-02 1.652558e-01 -2.560299e-02 -2.996556e-02 2.246100e-01 -5.234309e+00 -6.466947e+00 2.555017e+01 5387 1.876483e-02
946216 2.978931e-03 -1.797905e-02 1.298321e-01 8.068408e-03 -5.979861e-02 1.771411e-01 2.100953e+00 -1.726325e+01 1.952932e+01 5780 2.051491e-02
822448 3.146462e-03 1.979038e-02 1.475163e-01 3.123995e-03 3.910997e-02 1.842641e-01 -1.074397e-02 9.238985e+00 1.757347e+01 5840 2.041148e-02
85868 -5.979617e-03 -1.203984e-02 3.453429e-01 1.922430e-02 -6.674679e-02 1.484975e+00 6.640973e-01 -1.441472e+00 3.002814e+01 2881 1.859272e-02
196428 -1.380134e-02 -1.017575e-02 1.349130e-01 -3.586205e-02 -2.820420e-02 1.780230e-01 -1.278785e+01 -1.045049e+01 2.498939e+01 7729 2.392082e-02
947176 6.626859e-03 -1.614033e-02 1.436976e-01 4.330876e-02 -8.855820e-02 2.909179e-01 8.137300e+00 -1.606476e+01 3.265850e+01 5991 2.007112e-02
573208 2.931420e-02 6.101503e-03 2.204732e-01 1.547851e-01 5.575409e-02 7.739281e-01 7.884261e+00 3.120038e+00 3.477765e+01 4772 1.861116e-02
86591 2.900601e-03 1.084104e-02 1.174712e-01 1.213471e-02 4.562845e-02 1.599720e-01 3.457099e+00 1.302383e+01 1.591157e+01 6510 2.117018e-02
86626 1.867694e-02 1.676622e-02 1.735948e-01 2.528400e-01 2.054235e-01 1.011199e+00 8.779011e+00 7.072954e+00 3.140262e+01 9411 3.540633e-02
197028 1.580229e-02 -2.474533e-02 1.808009e-01 6.950132e-02 -1.157841e-01 4.526704e-01 6.552176e+00 -1.110825e+01 3.317261e+01 3857 1.437634e-02
323648 -1.221681e-02 -6.675612e-03 1.236246e-01 -5.169827e-02 -1.935322e-02 1.817212e-01 -1.699699e+01 -5.457779e+00 2.501088e+01 3699 1.270144e-02
823900 -1.866890e-02 2.109907e-02 1.853830e-01 -2.486161e-01 1.895175e-01 9.383218e-01 -7.993838e+00 5.854867e+00 2.617502e+01 5487 2.103259e-02
87220 -2.385604e-02 2.793111e-03 1.632381e-01 -1.846985e-01 3.830635e-02 5.309067e-01 -1.329255e+01 2.934930e+00 3.038533e+01 8301 2.720703e-02
87647 -2.479690e-02 -1.604819e-02 1.715309e-01 -5.298067e-01 -2.888053e-01 1.348022e+00 -1.548346e+01 -8.362658e+00 3.607090e+01 6462 2.178969e-02
448582 -1.459935e-02 -6.712493e-03 1.541848e-01 -1.478272e-01 -8.510067e-02 6.142052e-01 -1.161091e+01 -6.831591e+00 4.009113e+01 9464 2.832474e-02
949073 8.282680e-03 -9.716416e-04 1.152437e-01 2.996375e-02 -5.149457e-03 1.525159e-01 9.952696e+00 -1.917826e+00 1.710976e+01 9681 2.723787e-02
325018 1.427613e-02 -1.423335e-02 1.415020e-01 3.210239e-02 -3.459531e-02 1.905963e-01 8.290361e+00 -9.469624e+00 2.283203e+01 16230 4.725282e-02
825686 2.808049e-03 8.578583e-03 1.316695e-01 9.858226e-03 4.485250e-02 2.518901e-01 1.442222e+00 7.420387e+00 2.459297e+01 5750 2.240436e-02
700412 3.574286e-03 -8.649372e-03 1.307562e-01 1.083556e-02 -4.781989e-02 2.085528e-01 3.068793e+00 -1.655443e+01 3.287877e+01 3800 1.360011e-02
826407 -1.698276e-03 5.655970e-03 1.816529e-01 -1.550567e-02 8.003436e-02 6.888222e-01 -9.909551e-01 5.338129e+00 3.639948e+01 6555 2.236197e-02
701310 -2.560944e-02 -1.127643e-02 1.897046e-01 -4.987410e-02 -1.978952e-02 2.644885e-01 -9.677304e+00 -3.395217e+00 2.982552e+01 4534 1.769737e-02
326473 -9.934318e-03 3.967528e-03 1.686849e-01 -4.685059e-02 2.022367e-02 4.556982e-01 -3.586680e+00 1.579400e+00 2.788539e+01 12364 4.182120e-02
200434 1.661390e-02 1.604566e-02 1.252147e-01 1.145936e-01 1.230009e-01 2.425492e-01 1.939667e+01 2.117354e+01 2.322828e+01 7146 2.252421e-02
200496 1.753233e-02 -8.019794e-03 1.236159e-01 3.342673e-02 -1.960612e-02 1.401330e-01 1.741605e+01 -1.269555e+01 1.809830e+01 7752 2.351144e-02
576827 -2.618294e-03 1.140682e-02 1.306632e-01 -2.330377e-02 6.893262e-02 2.680265e-01 -4.964284e+00 1.380555e+01 3.296566e+01 3309 1.157746e-02
326980 6.996027e-03 -2.503400e-02 1.455815e-01 3.271141e-02 -1.032845e-01 2.891226e-01 5.004108e+00 -1.522722e+01 2.793249e+01 12845 3.835010e-02
327632 -3.088556e-03 -9.956388e-03 2.608109e-01 -4.825480e-02 -8.609679e-02 1.570757e+00 -1.274834e+00 -2.149091e+00 3.697373e+01 10228 3.454216e-02
91846 1.314566e-02 1.213235e-02 1.939414e-01 8.785560e-02 6.018222e-02 6.812460e-01 5.500773e+00 3.537834e+00 3.587945e+01 13400 3.933619e-02
702808 2.121916e-02 -1.275155e-02 1.582276e-01 3.109759e-02 -1.973298e-02 1.880027e-01 7.523612e+00 -5.317197e+00 2.267732e+01 4761 1.810969e-02
578216 1.442359e-02 2.618843e-02 1.858993e-01 9.999568e-02 2.428972e-01 8.488014e-01 3.263944e+00 8.265840e+00 2.528482e+01 8270 2.812444e-02
828872 -1.322950e-02 1.776543e-03 1.145776e-01 -3.349064e-02 5.015325e-03 1.300660e-01 -2.182714e+01 3.489110e+00 1.668550e+01 6461 2.161050e-02
953150 2.365092e-02 7.110053e-03 2.209630e-01 1.882358e-01 8.907387e-02 1.049730e+00 7.810202e+00 3.889506e+00 3.932826e+01 10452 3.409555e-02
93330 -1.027413e-02 1.512826e-02 1.436720e-01 -4.420800e-02 6.269304e-02 3.215003e-01 -4.864291e+00 6.818231e+00 2.549101e+01 7149 2.472053e-02
579134 -1.388349e-02 1.071401e-03 1.622379e-01 -5.267464e-02 3.771347e-03 2.927922e-01 -1.077656e+01 7.500714e-01 3.626927e+01 3142 1.159618e-02
93457 2.658780e-03 -2.867995e-02 1.742750e-01 7.048281e-02 -4.023510e-01 1.128477e+00 1.810875e+00 -9.976872e+00 2.547681e+01 3978 1.601621e-02
704328 2.692410e-02 3.162893e-03 2.299118e-01 1.578172e-01 1.150869e-02 9.119988e-01 5.698760e+00 3.633551e-01 2.969638e+01 7965 2.911365e-02
93802 -1.154856e-02 -7.358327e-04 1.266340e-01 -4.306401e-02 -4.130236e-03 1.845077e-01 -1.639412e+01 -1.765745e+00 3.010548e+01 4359 1.657470e-02
453650 -2.009675e-02 8.680939e-03 2.135564e-01 -9.492300e-02 5.319165e-02 5.557805e-01 -5.793344e+00 3.446195e+00 2.649634e+01 3919 1.946570e-02
93935 1.981816e-02 -8.925489e-03 1.698875e-01 3.019342e-02 -1.396548e-02 2.016186e-01 8.152712e+00 -3.960342e+00 2.493376e+01 4427 1.710269e-02
203464 1.280999e-02 -1.213938e-03 1.215879e-01 3.454995e-02 -9.270803e-03 1.505877e-01 1.530072e+01 -5.670470e+00 2.041020e+01 5997 1.982860e-02
580115 1.144954e-02 -7.839446e-03 1.452881e-01 3.344541e-02 -2.176498e-02 2.241129e-01 9.932044e+00 -6.287954e+00 3.559266e+01 8857 2.627145e-02
954633 8.340923e-03 2.694223e-02 2.096489e-01 1.382025e-02 3.954647e-02 2.690489e-01 3.809250e+00 8.762515e+00 4.129507e+01 8202 2.957930e-02
204086 -8.372923e-03 -3.216212e-03 1.417819e-01 -4.666510e-02 -1.523766e-02 3.114426e-01 -7.627289e+00 -2.394513e+00 3.379415e+01 10969 3.277528e-02
94846 -1.559283e-02 2.249552e-02 2.830422e-01 -2.201952e-01 3.453636e-01 2.434520e+00 -2.627636e+00 4.146482e+00 2.763068e+01 8550 3.252061e-02
330518 -1.290275e-02 -7.460629e-03 1.829091e-01 -1.718805e-01 -1.075557e-01 1.074995e+00 -5.890237e+00 -3.708594e+00 3.305240e+01 5908 1.915469e-02
830769 8.554793e-03 2.011449e-02 1.598207e-01 3.084656e-02 7.330204e-02 3.129697e-01 3.991632e+00 9.523928e+00 2.742332e+01 5824 2.070910e-02
705820 -1.212870e-02 4.502367e-03 1.370150e-01 -3.337454e-02 1.759954e-02 2.048248e-01 -8.133485e+00 5.013953e+00 2.595940e+01 14183 4.707872e-02
955282 1.768418e-02 -2.805113e-03 1.421512e-01 1.292200e-01 -2.694726e-03 3.456027e-01 1.386179e+01 1.371900e-02 2.528518e+01 4643 1.777398e-02
580990 1.020991e-02 6.440460e-04 1.251756e-01 6.438112e-02 4.139681e-03 2.447558e-01 1.192039e+01 7.692151e-01 2.631363e+01 4251 1.593623e-02
330999 2.931083e-03 2.137119e-02 1.385118e-01 6.605483e-03 4.015942e-02 1.674807e-01 4.483557e+00 2.292567e+01 3.534822e+01 4241 1.373499e-02
331363 -5.725852e-03 -4.109148e-03 2.580548e-01 -1.053379e-02 -3.516710e-03 4.135982e-01 -8.939202e-01 1.101494e-01 2.891953e+01 4985 2.256123e-02
831500 -4.982565e-03 -1.268418e-02 1.820441e-01 -1.577741e-02 -3.858678e-02 3.642365e-01 -1.794714e+00 -4.306481e+00 3.029071e+01 5242 1.931089e-02
455985 -1.489387e-02 -2.083775e-02 1.422952e-01 -3.738571e-02 -5.991973e-02 2.114393e-01 -8.443508e+00 -1.467150e+01 2.595691e+01 5230 1.657052e-02
456413 7.893123e-03 -3.041059e-03 1.523714e-01 1.429654e-01 -3.151556e-02 8.047947e-01 7.644433e+00 -1.611518e+00 3.692398e+01 5001 1.633105e-02
456496 -8.793469e-03 7.656609e-03 1.508397e-01 -3.887716e-02 3.600780e-02 2.867948e-01 -7.633342e+00 7.193743e+00 3.449684e+01 10994 3.281433e-02
206165 -1.119973e-02 -5.399310e-03 1.349545e-01 -3.049483e-02 -1.580673e-02 1.878980e-01 -1.715081e+01 -9.250829e+00 4.705986e+01 7574 2.352086e-02
97356 -2.280512e-02 1.574168e-02 3.238796e-01 -1.044582e-01 5.662686e-02 1.069956e+00 -4.193394e+00 2.099708e+00 3.831563e+01 5940 2.460367e-02
832654 1.072670e-02 1.209293e-03 1.604208e-01 7.274673e-02 1.979477e-02 6.669349e-01 3.317337e+00 9.941028e-01 2.709251e+01 5282 1.772571e-02
332623 -2.350904e-02 -1.674038e-02 1.649810e-01 -7.398013e-02 -5.928571e-02 2.912980e-01 -1.015551e+01 -8.560736e+00 2.541681e+01 5469 1.963752e-02
97752 2.055761e-02 -9.947360e-03 1.235234e-01 8.779096e-02 -5.797151e-02 1.810832e-01 1.634627e+01 -1.167599e+01 1.399437e+01 14533 4.441906e-02
333143 9.437965e-03 -4.220651e-03 1.637313e-01 5.402178e-02 -1.280996e-02 3.969188e-01 5.704437e+00 -1.098990e+00 2.983602e+01 12224 3.721517e-02
458509 1.054262e-02 2.004787e-02 1.457706e-01 6.994163e-02 1.345397e-01 3.457947e-01 8.360033e+00 1.611400e+01 2.815212e+01 3551 1.561602e-02
99525 1.174229e-02 1.256305e-02 1.438150e-01 3.536314e-02 4.227845e-02 2.254222e-01 8.613186e+00 1.083552e+01 2.975753e+01 4737 1.722822e-02
584479 -7.947170e-03 1.977627e-02 1.493895e-01 -2.784060e-02 1.620061e-01 5.004266e-01 -1.293250e+00 9.246203e+00 2.282054e+01 5102 2.149208e-02
334794 1.470317e-03 -1.631143e-02 1.367114e-01 1.031826e-02 -4.765432e-02 1.958824e-01 4.733372e+00 -1.676747e+01 3.165464e+01 5539 1.915381e-02
100092 -6.664420e-03 -1.000974e-02 1.291619e-01 -2.705988e-02 -4.879890e-02 2.240000e-01 -6.840362e+00 -1.300936e+01 3.180742e+01 8712 2.544333e-02
459060 -1.469599e-02 -1.291957e-02 1.957909e-01 -2.686580e-02 -2.012916e-02 2.556125e-01 -8.902508e+00 -5.273994e+00 4.376094e+01 8768 2.706827e-02
710025 -3.053785e-03 -2.394929e-02 2.009861e-01 -7.737155e-03 -1.197154e-01 5.462729e-01 -5.114152e-01 -1.045747e+01 3.770467e+01 7012 2.420057e-02
459359 -3.927712e-03 -1.201910e-02 1.109417e-01 -2.440677e-03 -1.923903e-01 1.632047e-01 1.875733e-01 -2.275186e+01 6.592414e+00 6475 2.159623e-02
335158 8.096589e-03 1.612676e-02 1.265380e-01 1.270615e-02 2.848212e-02 1.420352e-01 5.119349e+00 1.372176e+01 1.721104e+01 6209 2.260004e-02
209105 4.335075e-03 1.400406e-02 1.242699e-01 1.449441e-02 6.512307e-02 2.054574e-01 2.549654e+00 1.282916e+01 2.037535e+01 5376 1.863559e-02
585345 1.023348e-02 -1.830632e-02 1.457140e-01 4.563723e-02 -7.254472e-02 2.550948e-01 8.410600e+00 -1.288501e+01 2.598477e+01 2783 1.156923e-02
585799 2.537841e-03 -2.546710e-02 3.358202e-01 3.732962e-01 -8.019383e-01 1.055672e+01 1.116775e+00 -2.338837e+00 3.078673e+01 4046 2.176688e-02
710874 -2.242997e-02 2.433337e-03 1.421647e-01 -3.493358e-02 2.274958e-03 1.613564e-01 -1.646361e+01 -2.085398e-01 2.526987e+01 11312 3.627999e-02
460189 9.819976e-03 1.050639e-02 1.430066e-01 4.512466e-02 4.291338e-02 2.628759e-01 8.535185e+00 7.834645e+00 2.897934e+01 2827 1.042904e-02
460305 -1.166774e-02 1.977271e-02 2.282848e-01 -5.393431e-02 7.017577e-02 6.003935e-01 -4.322302e+00 5.154364e+00 3.805292e+01 3952 1.771187e-02
836253 -5.593787e-04 2.274107e-02 1.754148e-01 -4.568707e-02 3.930378e-01 1.427773e+00 -1.318635e+00 1.082010e+01 3.659401e+01 8725 2.774536e-02
210448 -2.876950e-02 -5.335589e-03 1.335480e-01 -5.340201e-02 -8.054900e-03 1.545447e-01 -1.991446e+01 -2.198460e+00 1.697503e+01 4944 1.764280e-02
336909 2.688330e-02 5.697996e-03 1.580512e-01 5.418126e-02 9.150003e-03 2.249969e-01 8.386211e+00 1.060491e+00 2.056641e+01 4580 1.827008e-02
837087 -1.608303e-02 9.316029e-03 2.252986e-01 -2.968954e-01 2.075052e-01 2.245706e+00 -4.391549e+00 3.099427e+00 3.159662e+01 5103 2.010730e-02
103856 -7.089222e-03 2.253533e-02 1.783890e-01 -2.255722e-02 9.616218e-02 4.253436e-01 -2.002755e+00 9.533007e+00 3.197503e+01 15072 4.649808e-02
713061 4.904142e-04 9.799311e-03 1.326921e-01 -7.048082e-03 3.556678e-02 2.196095e-01 -3.170010e+00 1.083547e+01 3.654963e+01 3107 1.129030e-02
462506 9.368044e-03 1.498137e-02 1.192940e-01 2.206068e-02 3.217425e-02 1.395664e-01 9.647802e+00 1.306849e+01 1.540929e+01 6490 2.200352e-02
462509 -6.203972e-03 -1.947349e-02 1.657122e-01 -9.225333e-03 -5.947232e-02 2.908451e-01 -7.265705e-01 -9.618833e+00 3.009172e+01 5936 2.035657e-02
105619 -1.207546e-02 -1.171379e-02 1.258266e-01 -4.546870e-02 -3.783413e-02 1.785443e-01 -1.237484e+01 -9.679656e+00 1.953608e+01 4072 1.329175e-02
339632 -5.816294e-03 -2.088662e-02 1.492669e-01 -1.363746e-02 -3.947196e-02 1.905138e-01 -6.448070e+00 -1.532247e+01 3.400555e+01 9358 2.864757e-02
714780 1.363929e-02 -3.782733e-03 1.500789e-01 1.989594e-01 -6.725315e-02 6.620481e-01 1.065200e+01 -3.648213e+00 2.942745e+01 11261 3.466823e-02
213584 -3.202570e-03 -1.223384e-02 1.515373e-01 -1.020682e-02 -2.889961e-02 2.266538e-01 -3.631604e+00 -8.640968e+00 3.894688e+01 3829 1.387350e-02
339759 -6.709689e-03 7.072880e-03 1.489284e-01 -1.910957e-02 2.377248e-02 3.000922e-01 -2.141084e+00 2.883515e+00 2.610143e+01 5696 1.909250e-02
464044 -1.738020e-02 -1.068864e-02 1.607663e-01 -6.829718e-02 -4.497028e-02 2.939311e-01 -1.065524e+01 -7.174012e+00 2.786699e+01 3984 1.657932e-02
964473 -1.826579e-02 -8.756773e-03 1.327371e-01 -5.623875e-02 -2.516056e-02 1.861550e-01 -1.568375e+01 -6.775158e+00 2.206288e+01 7035 2.205327e-02
590013 2.137569e-02 -2.585125e-03 1.585439e-01 2.702789e-01 -4.166413e-02 7.859483e-01 1.210805e+01 -1.901022e+00 3.052047e+01 10853 3.267623e-02
965013 2.022008e-03 -1.456341e-02 1.593322e-01 1.283412e-02 -5.365772e-02 3.537136e-01 1.984118e+00 -7.174151e+00 3.567071e+01 6061 2.142190e-02
464834 -1.912973e-02 2.823924e-03 3.052193e-01 -1.548996e-01 -2.063837e-02 1.642646e+00 -3.777493e+00 -6.527857e-01 3.721089e+01 9410 3.258921e-02
340643 -2.711922e-03 1.122705e-02 1.338147e-01 -2.034176e-02 1.186067e-01 4.520232e-01 -2.075264e+00 1.264000e+01 3.745733e+01 7593 2.327715e-02
465174 1.741072e-02 2.229009e-03 2.755477e-01 1.679664e-01 -2.572249e-02 2.082639e+00 2.253735e+00 -4.184183e-01 2.705114e+01 7267 3.015375e-02
214983 2.025476e-02 1.590406e-02 1.771175e-01 4.403034e-02 4.571732e-02 2.717742e-01 5.010024e+00 6.282294e+00 1.994620e+01 4038 1.763736e-02
716302 8.474805e-03 -5.753367e-03 1.846581e-01 1.329157e-01 -4.376607e-02 9.914079e-01 5.221242e+00 -1.594922e+00 3.384929e+01 14500 4.345214e-02
591246 6.216179e-03 -2.670604e-02 1.358915e-01 1.092372e-02 -4.226483e-02 1.566342e-01 4.956832e+00 -1.638273e+01 2.184114e+01 3101 1.274606e-02
215207 -1.300326e-02 -6.319273e-03 1.876950e-01 -6.138625e-02 -3.701247e-02 4.447961e-01 -7.438688e+00 -4.718954e+00 3.952825e+01 3759 1.510505e-02
591396 -5.080299e-03 -1.941711e-02 1.743698e-01 -6.444562e-03 -8.360348e-02 4.344634e-01 -1.662784e-01 -7.823129e+00 3.170060e+01 4138 1.699051e-02
466080 9.433092e-03 2.169058e-02 1.553855e-01 2.690896e-02 5.119681e-02 2.277196e-01 8.787301e+00 1.483647e+01 3.637139e+01 7076 2.403499e-02
591743 -1.207916e-02 -1.041441e-02 2.273327e-01 -1.214834e-01 -5.788493e-02 1.125697e+00 -4.133366e+00 -1.793469e+00 3.394081e+01 5800 2.436436e-02
215811 1.477937e-02 -2.219718e-03 1.494486e-01 8.663500e-02 -2.181131e-02 3.366596e-01 1.074071e+01 -2.928478e+00 2.798361e+01 8190 2.783295e-02
466415 -1.120643e-03 1.651755e-02 1.824742e-01 -3.978384e-02 1.911862e-01 9.330907e-01 -1.896129e+00 8.566137e+00 3.681190e+01 10671 3.475600e-02
216175 8.109057e-03 -7.330274e-03 1.506295e-01 2.677784e-02 -2.065502e-02 2.284259e-01 5.490322e+00 -3.918689e+00 2.287922e+01 3201 1.361556e-02
109841 1.080708e-02 7.780496e-03 1.752955e-01 1.332623e-01 6.520425e-02 7.068249e-01 9.696734e+00 4.547154e+00 4.208966e+01 8841 2.702877e-02
718437 2.119861e-02 1.100531e-02 2.073411e-01 1.221595e-01 9.769748e-02 8.329814e-01 6.172669e+00 5.300290e+00 3.825115e+01 6748 2.211497e-02
843225 -1.739598e-02 2.716178e-03 1.226843e-01 -7.733211e-02 1.880340e-02 1.815087e-01 -1.982271e+01 5.320537e+00 1.945505e+01 3796 1.201183e-02
718573 -1.370468e-02 -1.071599e-03 1.286630e-01 -7.198058e-02 -9.052094e-03 2.413402e-01 -1.522315e+01 -2.084709e+00 2.943415e+01 3710 1.478996e-02
467903 1.531811e-03 -1.266239e-02 1.349134e-01 5.946349e-02 -2.190233e-01 6.130886e-01 4.315234e+00 -1.537148e+01 3.561847e+01 3607 1.298609e-02
718838 -6.501040e-03 1.618260e-02 1.697690e-01 -2.028559e-02 9.111370e-02 4.796396e-01 -1.954626e+00 1.062510e+01 4.393912e+01 6364 2.249090e-02
968389 -1.196796e-02 -8.258590e-04 1.513637e-01 -3.118902e-02 -9.880151e-04 2.260639e-01 -7.143530e+00 -6.026550e-02 2.776242e+01 18845 5.485252e-02
968418 -2.257997e-02 -3.366721e-03 2.664062e-01 -5.986940e-01 2.994241e-02 2.985409e+00 -7.885354e+00 4.559068e-01 3.721538e+01 4479 1.876439e-02
719138 -2.783630e-02 -4.904391e-03 1.787131e-01 -5.345872e-02 -5.265792e-03 2.417619e-01 -8.720188e+00 -1.229973e-01 2.145767e+01 4040 1.712096e-02
843961 8.074379e-03 -2.345403e-02 1.258616e-01 1.233320e-02 -3.522342e-02 1.360915e-01 5.072773e+00 -1.401877e+01 1.218510e+01 5174 2.035631e-02
110956 2.311207e-02 -4.410044e-03 1.495015e-01 9.008463e-02 -2.825133e-02 2.954865e-01 1.229729e+01 -4.377660e+00 2.680530e+01 3180 1.278609e-02
468628 9.712046e-03 -9.096465e-03 1.209561e-01 2.540732e-02 -2.009026e-02 1.456873e-01 8.857266e+00 -6.204092e+00 1.395652e+01 7166 2.524687e-02
719720 2.925007e-02 1.825355e-03 1.203820e-01 1.028721e-01 1.083416e-02 1.625127e-01 1.767200e+01 2.162446e+00 1.011292e+01 3776 1.319482e-02
844433 -5.114425e-03 -2.691704e-02 2.315442e-01 -1.382792e-01 -5.006259e-01 2.040448e+00 -1.977097e+00 -7.033156e+00 2.685680e+01 5904 2.262243e-02
218608 -3.377946e-03 -1.792574e-02 2.090575e-01 -1.401911e-01 -2.648666e-01 1.523349e+00 -2.718422e+00 -4.906614e+00 2.611445e+01 5945 2.536372e-02
344687 -1.173787e-02 -7.393103e-03 1.401744e-01 -1.181124e-01 -4.721827e-02 4.615242e-01 -8.576221e+00 -3.210820e+00 2.590815e+01 4521 1.594686e-02
594769 -1.321887e-02 -1.226229e-03 1.283535e-01 -6.304410e-02 -7.820567e-03 2.030477e-01 -1.545735e+01 -2.045770e+00 2.317250e+01 7224 2.333910e-02
469479 1.562593e-02 2.300281e-02 1.522277e-01 5.216335e-02 6.956266e-02 2.600515e-01 1.138691e+01 1.451041e+01 3.360336e+01 5449 1.772042e-02
219129 1.715091e-02 -1.076029e-02 1.343853e-01 7.459725e-02 -6.180441e-02 2.385667e-01 1.750676e+01 -1.555568e+01 3.174925e+01 9170 2.798408e-02
720651 3.457105e-03 -1.562837e-02 1.609057e-01 3.100017e-02 -1.241834e-01 5.115543e-01 2.188272e+00 -8.624605e+00 2.785873e+01 3448 1.532253e-02
470047 -1.592303e-02 -2.276618e-03 1.315405e-01 -3.458362e-01 -9.229823e-02 6.943974e-01 -2.101718e+01 -5.734844e+00 3.585690e+01 6130 2.102270e-02
595675 1.343743e-02 8.333419e-03 1.711404e-01 4.162130e-02 3.250256e-02 3.061995e-01 6.479760e+00 5.556733e+00 3.105147e+01 6484 2.110398e-02
970778 -5.126774e-03 -1.481878e-02 1.617867e-01 -3.940596e-02 -1.252406e-01 5.396296e-01 -2.273161e+00 -7.322416e+00 2.505596e+01 7512 2.440359e-02
596024 2.274793e-02 1.451704e-02 1.672135e-01 6.875530e-01 4.232851e-01 2.030457e+00 1.218695e+01 7.493380e+00 3.415627e+01 6873 2.214020e-02
220588 -1.007453e-02 -1.118770e-02 1.283040e-01 -2.919735e-02 -3.033533e-02 1.781529e-01 -9.457695e+00 -9.469964e+00 2.465410e+01 4220 1.570341e-02
846451 -6.510898e-03 5.045914e-03 1.271521e-01 -3.135401e-02 1.988304e-02 1.772177e-01 -1.372786e+01 8.198733e+00 2.766532e+01 6485 2.269641e-02
346722 -6.788005e-03 -7.521180e-03 1.103706e-01 -1.963720e-02 -2.557871e-02 1.192332e-01 -9.566264e+00 -1.344388e+01 6.598223e+00 4942 1.486821e-02
722353 2.558931e-02 -5.317064e-03 1.740381e-01 2.885348e-01 -5.751815e-02 8.075196e-01 1.891332e+01 -3.754756e+00 4.556550e+01 8968 2.818351e-02
971788 -9.351234e-03 -1.407754e-02 1.504603e-01 -2.828701e-02 -4.098534e-02 2.410471e-01 -7.389725e+00 -1.050082e+01 3.535168e+01 3610 1.251517e-02
347066 2.930808e-04 -1.088145e-02 1.159944e-01 4.640818e-03 -3.485923e-02 1.365148e-01 3.521888e+00 -1.942321e+01 1.662262e+01 3978 1.350601e-02
114830 -8.292772e-03 9.384523e-03 1.487202e-01 -3.176651e-02 2.074408e-02 2.425690e-01 -1.005687e+01 4.866780e+00 4.020772e+01 3448 1.227897e-02
221705 3.095048e-03 -8.471638e-03 1.242741e-01 2.725887e-03 -4.092431e-02 1.760118e-01 -1.814618e-01 -1.595217e+01 2.543176e+01 4771 1.757894e-02
972544 -1.843220e-02 -5.694261e-03 2.759222e-01 -2.181957e-01 -1.096806e-01 1.860961e+00 -3.758843e+00 -1.956655e+00 2.982484e+01 3278 1.644714e-02
222144 -1.950432e-03 1.188009e-02 1.241810e-01 -1.084458e-02 3.273571e-02 1.591477e-01 -6.065774e+00 1.422346e+01 2.384711e+01 3228 1.217235e-02
115649 2.336106e-03 -2.309721e-02 1.464510e-01 8.173878e-03 -6.362650e-02 2.305688e-01 2.213971e+00 -1.537070e+01 3.190163e+01 6666 2.215981e-02
222162 -1.728818e-03 3.923032e-03 1.473635e-01 -2.588615e-02 5.145026e-02 4.647170e-01 -2.812416e+00 5.533158e+00 3.694656e+01 5059 1.772066e-02
598581 -4.272990e-03 -1.739838e-02 1.410448e-01 -4.554995e-02 -1.690546e-01 4.884507e-01 -4.074544e+00 -1.497034e+01 3.429324e+01 7364 2.448195e-02
848716 -9.591735e-04 -2.194882e-02 2.482799e-01 6.316235e-03 -6.861584e-02 5.359179e-01 9.295898e-01 -5.962715e+00 3.675194e+01 5589 2.187022e-02
223311 -3.794450e-03 8.158053e-03 1.429765e-01 -5.584489e-02 4.139638e-02 4.175696e-01 -6.983352e+00 4.459423e+00 3.684080e+01 9422 2.848521e-02
724764 -2.005786e-02 -1.614691e-03 1.538770e-01 -4.391777e-02 1.341871e-03 2.053827e-01 -1.175448e+01 1.456537e+00 2.537407e+01 4606 1.789665e-02
849427 -5.494969e-03 1.006201e-02 1.600011e-01 -5.417994e-02 8.453616e-02 6.119511e-01 -3.170353e+00 4.849738e+00 2.943087e+01 13108 3.947742e-02
974359 -3.583664e-04 -8.360952e-03 1.312063e-01 -1.888604e-03 -3.078989e-02 1.916671e-01 -8.089197e-01 -1.185647e+01 3.196100e+01 7184 2.576879e-02
850139 2.119120e-02 -1.655033e-02 1.913801e-01 8.159227e-02 -6.930821e-02 4.183928e-01 8.472824e+00 -7.400667e+00 3.184445e+01 6668 2.167027e-02
118356 1.131251e-03 1.131716e-02 1.265158e-01 5.109990e-03 4.063648e-02 2.090327e-01 1.292293e+00 9.522909e+00 2.680146e+01 5689 1.857839e-02
975262 -1.497864e-02 -1.582900e-02 1.544204e-01 -4.331083e-02 -4.666456e-02 2.374259e-01 -9.493214e+00 -1.033202e+01 2.781251e+01 13493 3.880977e-02
850370 2.357411e-02 1.191081e-02 1.641635e-01 8.130248e-02 3.715554e-02 2.913706e-01 1.430065e+01 6.253704e+00 3.151215e+01 8562 2.954818e-02
975324 -9.679740e-03 -5.762572e-03 2.366446e-01 -2.554410e-02 -9.197920e-03 4.663679e-01 -2.663507e+00 -5.767690e-01 3.856881e+01 8071 2.752012e-02
726100 2.587006e-02 4.231910e-03 1.783175e-01 1.162543e-01 2.681384e-02 4.251568e-01 1.162295e+01 2.903921e+00 3.174228e+01 3166 1.507289e-02
975756 1.031676e-02 1.944852e-02 1.714881e-01 2.309294e-02 4.979278e-02 2.760116e-01 3.917862e+00 9.305174e+00 3.205250e+01 5999 2.021699e-02
119287 -1.195044e-02 -1.079393e-02 1.193759e-01 -3.894278e-02 -2.921261e-02 1.485602e-01 -1.541316e+01 -1.051743e+01 1.666483e+01 6316 2.219960e-02
475766 -1.993470e-02 9.680665e-03 1.336460e-01 -3.625308e-02 1.882988e-02 1.590302e-01 -1.371467e+01 7.689393e+00 2.133399e+01 15806 4.511354e-02
351318 2.636897e-02 1.215988e-02 1.762980e-01 1.181383e-01 5.185255e-02 4.294559e-01 1.329965e+01 5.752454e+00 3.668886e+01 7567 2.533274e-02
351375 -1.403199e-02 -1.946846e-02 1.552964e-01 -4.023382e-02 -5.605407e-02 2.511405e-01 -9.713445e+00 -1.356288e+01 3.553096e+01 6021 1.969336e-02
976547 -1.827409e-02 8.895133e-03 1.422661e-01 -5.592604e-02 2.392376e-02 2.191406e-01 -1.132633e+01 4.520860e+00 2.312511e+01 15202 4.367923e-02
119997 2.068746e-02 1.659136e-02 1.507507e-01 3.099430e-01 2.811603e-01 7.935313e-01 1.509170e+01 1.380370e+01 3.353663e+01 5038 1.822077e-02
976756 1.209595e-04 1.225517e-02 1.612922e-01 -3.161747e-03 7.253369e-02 3.801618e-01 -4.497836e-01 8.259125e+00 2.998866e+01 5863 1.961617e-02
601993 -6.829625e-03 -1.534726e-02 2.183313e-01 -2.790759e-01 -6.487313e-01 4.874376e+00 -2.624261e+00 -6.105374e+00 4.488099e+01 3791 1.419272e-02
477102 -3.750822e-03 1.599150e-02 1.553330e-01 -2.690113e-02 1.800512e-01 5.675641e-01 -2.037092e+00 1.443629e+01 3.627393e+01 4118 1.611092e-02
602368 2.942198e-02 -1.089013e-03 1.854825e-01 5.014716e-01 -6.256463e-02 1.433304e+00 9.365836e+00 -1.219725e+00 2.475777e+01 3174 1.292300e-02
226758 -6.682203e-03 -1.249694e-02 1.287457e-01 -3.130179e-02 -7.793018e-02 2.482348e-01 -5.965643e+00 -1.585532e+01 2.895374e+01 6889 2.143905e-02
352656 1.061345e-02 9.882466e-03 1.488567e-01 3.926634e-02 3.519495e-02 2.623371e-01 7.399278e+00 6.536658e+00 2.930499e+01 4537 1.556953e-02
602672 1.472360e-02 1.066767e-02 1.439721e-01 1.004052e-01 5.158546e-02 3.401970e-01 1.374655e+01 6.564751e+00 3.148186e+01 9994 3.065512e-02
977924 -2.381234e-02 -3.723757e-03 1.746096e-01 -1.850049e-01 -3.399705e-02 7.489719e-01 -9.276670e+00 -1.742235e+00 3.305469e+01 11514 3.695215e-02
227266 -1.877986e-02 1.613396e-02 1.179410e-01 -3.869445e-02 3.909456e-02 1.321550e-01 -1.361926e+01 1.570238e+01 9.720710e+00 8669 2.763517e-02
728770 3.943816e-03 1.448592e-02 1.349582e-01 1.287681e-02 5.449731e-02 2.070631e-01 2.778068e+00 1.244312e+01 2.242389e+01 3969 1.278885e-02
122113 -7.563686e-03 -1.511900e-02 1.684044e-01 -1.588347e-02 -9.996898e-02 4.564874e-01 -1.090200e+00 -1.111849e+01 3.774955e+01 11440 3.551710e-02
353560 -6.220964e-03 -2.093382e-03 2.546398e-01 -1.537946e-01 -1.004257e-01 3.464788e+00 -1.298581e+00 -8.652797e-01 2.824785e+01 5962 2.402669e-02
227942 1.401167e-02 7.974586e-03 2.460610e-01 2.474273e-01 1.353657e-01 2.522278e+00 3.444420e+00 1.879859e+00 3.358921e+01 13431 4.320774e-02
228094 1.173914e-02 5.147935e-03 2.402825e-01 3.036737e-02 3.346161e-02 4.396370e-01 2.315841e+00 3.519926e+00 2.478354e+01 4486 2.040489e-02
478765 -1.387042e-02 1.630873e-02 2.325202e-01 -2.918310e-02 3.852032e-02 3.618202e-01 -3.861328e+00 5.600992e+00 3.260497e+01 4892 2.124830e-02
978973 5.244896e-03 -6.736757e-03 1.347906e-01 3.190500e-02 -4.609256e-02 3.111736e-01 4.181016e+00 -6.172041e+00 2.766157e+01 11885 3.581408e-02
604085 1.185032e-02 2.537689e-03 1.602527e-01 2.129491e-01 1.459626e-01 9.692290e-01 6.378278e+00 4.549027e+00 2.565842e+01 4536 1.590480e-02
854327 -1.993915e-03 1.646107e-02 1.246699e-01 -4.689846e-03 9.652903e-02 2.249772e-01 -6.654203e-01 1.976269e+01 2.475824e+01 8097 2.570038e-02
228823 -1.095484e-03 1.505948e-02 1.405953e-01 8.045083e-03 9.299207e-02 3.256988e-01 1.782782e+00 1.520003e+01 3.610271e+01 10815 3.069583e-02
123673 4.802075e-03 -5.406862e-03 1.193372e-01 1.580394e-02 -2.802919e-02 1.675340e-01 7.171449e+00 -1.474613e+01 3.141658e+01 11196 3.188289e-02
354817 -1.885574e-02 -7.771850e-03 2.807141e-01 -6.320858e-02 -1.432982e-02 5.776376e-01 -4.364127e+00 -6.452754e-01 2.921598e+01 2853 1.659934e-02
979867 -2.479107e-03 -1.080932e-02 1.422845e-01 -1.090110e-02 -3.050208e-02 2.457790e-01 -3.235498e+00 -7.565422e+00 3.975978e+01 11723 3.501312e-02
479773 -6.390794e-03 -8.896902e-03 1.136775e-01 -2.415994e-02 -3.000384e-02 1.354219e-01 -1.448213e+01 -1.720248e+01 1.772203e+01 5186 1.651328e-02
730788 -9.333450e-03 -1.262991e-02 2.576151e-01 -3.107128e-02 -3.009742e-01 3.614651e+00 -1.812138e-01 -2.403733e+00 2.798536e+01 3743 1.898113e-02
980116 -1.231626e-02 -1.366193e-02 1.646125e-01 -4.552102e-02 -3.957178e-02 3.221263e-01 -5.473519e+00 -4.271016e+00 2.596478e+01 4970 1.824272e-02
980683 2.401341e-02 7.257311e-03 1.992164e-01 8.347702e-02 2.274613e-02 4.209967e-01 9.814554e+00 2.556451e+00 3.660516e+01 11805 3.597614e-02
481056 -2.924033e-02 -7.161047e-04 1.488292e-01 -1.899913e-01 1.234463e-02 4.073593e-01 -1.691159e+01 1.374037e+00 2.719832e+01 8265 2.925801e-02
856227 4.721689e-03 1.253389e-02 1.422727e-01 4.637228e-02 1.184466e-01 5.122264e-01 4.107001e+00 1.044364e+01 3.647968e+01 4924 1.880246e-02
732230 9.634192e-03 1.300982e-02 1.950172e-01 8.632778e-02 1.452761e-01 1.103897e+00 2.006361e+00 3.460184e+00 2.377698e+01 9470 3.167143e-02
482151 8.985395e-03 1.415163e-02 1.292545e-01 4.643345e-02 7.191711e-02 2.092144e-01 9.749057e+00 1.503840e+01 2.081640e+01 4223 1.670849e-02
357405 -5.306612e-03 -7.256790e-03 1.677328e-01 -2.144787e-02 -2.761989e-02 3.568672e-01 -2.306162e+00 -2.909353e+00 2.702234e+01 7538 2.783195e-02
857539 2.426486e-02 1.036854e-02 1.307584e-01 1.538101e-01 6.337740e-02 2.698915e-01 1.834186e+01 7.505338e+00 1.969938e+01 9269 2.765709e-02
983492 6.896917e-03 -1.458774e-02 1.601014e-01 2.968334e-02 -4.860166e-02 2.871201e-01 5.184403e+00 -7.738902e+00 2.889950e+01 8002 2.969071e-02
983652 -1.869692e-02 -1.660608e-02 1.507931e-01 -1.155515e-01 -8.629314e-02 3.701200e-01 -1.476071e+01 -1.062036e+01 3.342559e+01 6686 2.127127e-02
483767 -3.374254e-03 -7.231558e-03 1.094998e-01 -1.057591e-02 -3.836927e-02 1.216868e-01 -3.370055e+00 -1.457107e+01 5.702992e+00 4467 1.606924e-02
608837 -1.498547e-02 -1.810056e-02 1.512676e-01 -2.750503e-02 -3.807992e-02 2.014462e-01 -6.483332e+00 -1.034643e+01 2.598525e+01 5940 1.932473e-02
608978 4.076277e-03 1.214764e-02 1.384330e-01 1.189834e-02 3.563689e-02 1.996114e-01 3.813766e+00 1.145254e+01 2.982846e+01 3650 1.298074e-02
484035 1.565205e-02 9.905363e-04 1.260844e-01 5.153132e-02 -3.409011e-03 1.679131e-01 2.356875e+01 -2.890021e+00 2.747684e+01 8236 2.471831e-02
233705 -6.335272e-03 6.533104e-03 1.520456e-01 -9.963716e-02 7.020490e-02 6.373820e-01 -7.535867e+00 5.142685e+00 3.919996e+01 5005 1.787883e-02
484432 -8.359381e-03 1.912164e-02 1.581467e-01 -1.256450e-02 3.203199e-02 2.014269e-01 -2.778713e+00 8.531064e+00 2.859922e+01 4193 1.519745e-02
234835 -7.815595e-03 -1.431000e-03 1.481299e-01 -3.104549e-02 -7.830402e-03 2.777520e-01 -4.400927e+00 -1.212373e+00 2.455704e+01 3345 1.187410e-02
360692 2.631164e-02 -8.299086e-03 1.502207e-01 1.527438e-01 -2.678029e-02 3.391042e-01 1.899720e+01 -2.776915e+00 2.838091e+01 5147 1.935438e-02
610574 1.017976e-02 -8.194026e-03 1.167444e-01 3.413196e-02 -3.248062e-02 1.503053e-01 1.343388e+01 -1.362143e+01 1.882304e+01 3353 1.194450e-02
985969 1.936020e-02 1.346354e-02 1.443709e-01 3.655021e-01 2.750290e-01 8.461632e-01 1.590768e+01 1.202079e+01 3.225234e+01 2684 9.906701e-03
736813 8.874737e-03 1.011634e-03 1.868124e-01 2.089723e-01 -1.038141e-02 1.692703e+00 4.971135e+00 -2.830438e-01 3.741169e+01 8143 2.623793e-02
986195 -1.463601e-02 1.179613e-03 1.638023e-01 -8.486292e-02 7.318918e-03 4.646936e-01 -7.112207e+00 6.217562e-01 3.047267e+01 10038 3.280287e-02
986290 2.687069e-02 8.858989e-03 1.748856e-01 1.064027e+00 2.973687e-01 2.748792e+00 1.339211e+01 3.725331e+00 3.323512e+01 8301 2.640761e-02
737146 9.204004e-03 5.517205e-03 1.205842e-01 2.656717e-02 1.812946e-02 1.571550e-01 1.290122e+01 9.371185e+00 2.717291e+01 7828 2.490100e-02
611185 -2.479102e-02 4.390183e-03 2.082445e-01 -2.023883e-01 2.577999e-02 8.890566e-01 -1.145073e+01 1.379125e+00 4.389590e+01 8823 2.762316e-02
236261 -2.112862e-03 2.349044e-02 2.260228e-01 -4.025620e-02 1.705648e-01 1.119723e+00 -1.444881e+00 5.571219e+00 3.385363e+01 7953 2.800059e-02
611802 1.362532e-02 1.912820e-03 1.221115e-01 4.344738e-02 4.946149e-04 1.550931e-01 1.535766e+01 -7.303424e-01 1.698478e+01 6984 2.097987e-02
236655 -2.346067e-03 -2.498905e-02 2.804426e-01 7.871329e-02 -1.013823e+00 6.863881e+00 4.392426e-01 -5.358270e+00 3.567418e+01 16293 4.979187e-02
738323 -1.527720e-02 -1.788931e-03 1.333959e-01 -8.671086e-02 -9.761007e-03 2.662520e-01 -1.210107e+01 -1.350493e+00 2.250623e+01 3782 1.341391e-02
987562 -9.350352e-03 2.734053e-03 1.163159e-01 -3.847132e-02 1.360934e-02 1.686168e-01 -1.294463e+01 4.834198e+00 2.324841e+01 11517 3.301158e-02
738512 3.615605e-03 -7.065897e-04 1.439531e-01 6.180697e-03 4.261031e-03 3.841377e-01 3.845160e-01 7.446632e-01 3.600449e+01 5531 1.780743e-02
738584 1.535691e-03 -1.844158e-02 1.722420e-01 3.777269e-03 -1.091128e-01 6.071473e-01 1.990012e-01 -8.049544e+00 3.860971e+01 10042 3.080841e-02
237189 7.925988e-03 1.714375e-02 1.783578e-01 1.006554e-01 2.734407e-01 1.066990e+00 3.152314e+00 8.712751e+00 3.020884e+01 6968 2.414266e-02
988167 -1.417097e-02 -1.687658e-03 1.379009e-01 -8.721885e-02 -1.286599e-02 2.891940e-01 -1.349153e+01 -2.064574e+00 2.794298e+01 11104 3.356316e-02
363162 2.063308e-02 -1.131258e-02 1.493624e-01 8.240339e-02 -6.239478e-02 2.873882e-01 9.884949e+00 -8.174558e+00 2.208792e+01 6428 2.161381e-02
612962 -9.268597e-03 1.822907e-03 1.438705e-01 -7.347997e-02 -1.665554e-03 3.772072e-01 -8.124631e+00 -4.413931e-01 2.952397e+01 3490 1.254829e-02
612967 -1.522563e-02 3.504869e-03 1.392123e-01 -4.094767e-02 1.051954e-02 2.068286e-01 -9.499565e+00 2.590631e+00 2.497181e+01 3849 1.316607e-02
363581 7.386373e-03 4.634300e-03 1.337503e-01 3.921097e-02 2.910069e-02 2.874714e-01 6.817555e+00 5.241260e+00 3.293057e+01 5809 2.028079e-02
863597 1.143361e-02 5.965772e-03 2.204873e-01 4.602823e-01 3.388429e-01 3.443560e+00 4.726057e+00 3.504959e+00 3.393666e+01 9554 3.187250e-02
739987 1.520611e-02 -6.511703e-03 1.397872e-01 3.298611e-02 -1.309993e-02 1.708455e-01 1.503194e+01 -5.569957e+00 2.625792e+01 5967 2.111703e-02
864467 -1.204276e-02 -1.235157e-02 2.167958e-01 -6.530447e-02 -8.061327e-02 5.886742e-01 -4.365454e+00 -5.594888e+00 3.048002e+01 3824 1.649064e-02
864809 -7.306580e-03 8.757223e-03 1.935257e-01 -6.152277e-02 1.213932e-01 8.049455e-01 -2.631739e+00 5.467526e+00 2.967928e+01 11917 3.678242e-02
239595 -1.436761e-02 -1.893336e-02 1.768394e-01 -1.566100e-01 -1.723975e-01 7.957762e-01 -8.304851e+00 -8.960035e+00 3.613675e+01 4494 1.601371e-02
365946 -3.478892e-04 1.643257e-02 1.994125e-01 -2.125392e-02 1.022938e-01 7.503982e-01 -1.299775e+00 5.338189e+00 3.425603e+01 9415 3.860984e-02
742145 8.801823e-03 -1.290705e-02 1.466720e-01 2.072657e-02 -3.109859e-02 2.030771e-01 5.323747e+00 -8.121523e+00 2.518175e+01 8626 2.701053e-02
366626 1.054537e-02 -2.151469e-04 1.271331e-01 6.530313e-02 -5.354451e-03 2.176365e-01 2.202478e+01 -2.067141e+00 3.640247e+01 5219 1.705211e-02
992292 -1.002317e-02 1.689763e-02 1.913375e-01 -7.854657e-02 8.414401e-02 6.865386e-01 -4.585439e+00 4.499984e+00 3.313779e+01 4795 2.028731e-02
241767 2.609060e-02 1.317674e-02 2.050786e-01 5.494536e-02 3.796259e-02 3.370411e-01 7.054157e+00 6.059426e+00 3.226104e+01 4645 1.960808e-02
241884 -4.139737e-03 -1.130228e-02 2.069967e-01 -6.210407e-03 -3.813100e-02 4.084427e-01 -3.414263e-01 -4.423704e+00 3.321580e+01 8329 2.834265e-02
367609 8.581752e-03 -8.202469e-03 1.323503e-01 2.868627e-02 -2.960463e-02 1.957554e-01 8.995546e+00 -9.576163e+00 2.836991e+01 10414 3.182044e-02
367612 1.493901e-02 -1.316451e-02 1.532240e-01 4.054914e-02 -3.199255e-02 2.286816e-01 1.218404e+01 -8.957453e+00 3.589902e+01 4495 1.712798e-02
744341 -3.376174e-03 1.788835e-02 1.799001e-01 -1.920483e-02 7.304404e-02 5.060300e-01 -1.629915e+00 5.679516e+00 3.358240e+01 5465 1.854261e-02
368436 6.369145e-03 9.067848e-03 1.198054e-01 3.520268e-02 4.632127e-02 1.739142e-01 9.222296e+00 1.191537e+01 1.730650e+01 8926 2.682584e-02
618322 1.820409e-02 -8.490543e-03 1.510373e-01 2.321150e-01 -3.800631e-02 6.326201e-01 9.763939e+00 -1.347244e+00 2.198179e+01 8641 2.963765e-02
868458 1.539101e-03 -1.346942e-02 1.292389e-01 4.746664e-03 -3.644010e-02 1.740842e-01 2.023737e+00 -1.449281e+01 2.829408e+01 3087 1.164651e-02
745145 -1.050680e-02 -1.353010e-02 1.313399e-01 -2.639832e-02 -3.470285e-02 1.704763e-01 -6.794695e+00 -9.052781e+00 1.673345e+01 5434 1.934783e-02
745416 -7.972012e-03 -8.890169e-03 1.303841e-01 -8.984197e-02 -6.847876e-02 3.170901e-01 -1.221137e+01 -8.887979e+00 2.784826e+01 5660 1.891819e-02
244028 4.152157e-03 -5.479973e-03 1.122342e-01 1.565706e-02 -2.777011e-02 1.389516e-01 1.049981e+01 -2.034283e+01 2.438334e+01 2520 9.579684e-03
244104 2.100319e-03 -1.723405e-02 1.372514e-01 9.102204e-04 -6.840219e-02 2.480618e-01 -3.758330e-01 -1.615889e+01 3.499390e+01 9094 2.755529e-02
994835 1.449804e-02 -5.913735e-03 1.760863e-01 4.022486e-02 -1.661464e-02 3.473712e-01 4.407256e+00 -1.833170e+00 2.934277e+01 16925 4.979772e-02
869322 -1.671903e-02 -7.671749e-03 1.480545e-01 -3.712227e-02 -1.433546e-02 1.918607e-01 -8.655358e+00 -2.826845e+00 1.858323e+01 5066 1.999056e-02
369555 -9.206816e-03 1.567676e-02 1.955931e-01 -8.040289e-02 1.234499e-01 7.701864e-01 -4.123874e+00 6.242517e+00 3.328204e+01 3778 1.374777e-02
746097 1.720281e-02 -1.015068e-02 1.627173e-01 7.777769e-02 -5.889426e-02 4.266499e-01 5.468375e+00 -4.400309e+00 2.382642e+01 5649 2.129000e-02
869886 8.426520e-03 1.695100e-02 1.330573e-01 2.901150e-02 4.823164e-02 1.832437e-01 8.509421e+00 1.293079e+01 2.074603e+01 4733 1.587538e-02
495709 9.434623e-03 -3.662767e-03 1.314341e-01 5.937388e-02 7.375946e-03 2.527462e-01 1.147568e+01 2.536616e+00 2.787665e+01 12064 3.916766e-02
370417 -9.674106e-03 -6.194080e-03 3.048032e-01 -2.349438e-01 -1.625264e-01 3.378765e+00 -2.352588e+00 -1.632645e+00 3.210271e+01 4526 2.282720e-02
370476 -2.903499e-02 -2.364929e-03 1.361962e-01 -5.087203e-02 -3.435944e-03 1.603486e-01 -1.793277e+01 -8.795275e-01 1.983417e+01 3223 1.205381e-02
496161 1.146719e-02 5.733121e-03 1.358386e-01 1.069360e-01 6.585292e-02 3.972901e-01 9.494954e+00 5.979281e+00 2.600295e+01 6805 2.423820e-02
870735 -5.181820e-04 6.948584e-03 1.641416e-01 4.860177e-04 4.531201e-02 7.227044e-01 5.330973e-02 2.036591e+00 2.965230e+01 2429 9.394801e-03
997074 1.060078e-02 -1.503470e-04 1.508217e-01 5.669364e-02 8.746199e-04 3.002029e-01 1.073712e+01 2.387612e-01 3.479766e+01 7635 2.318075e-02
997173 7.454191e-04 1.206775e-02 1.202106e-01 1.924419e-03 5.092589e-02 1.733793e-01 5.085659e-01 1.676160e+01 2.293452e+01 6376 2.043498e-02
246785 -7.359317e-04 2.120819e-02 1.943419e-01 -4.567560e-04 3.638276e-02 2.580619e-01 1.268096e-01 6.892727e+00 2.894347e+01 6237 2.085436e-02
497454 -1.147062e-02 7.617205e-03 1.418424e-01 -1.226377e-01 6.892089e-02 4.609922e-01 -1.002618e+01 5.528995e+00 2.878421e+01 8409 2.714538e-02
871889 1.243480e-02 -2.108852e-02 2.144687e-01 2.914163e-01 -2.893640e-01 1.741655e+00 5.538197e+00 -5.325668e+00 3.031691e+01 4010 1.813736e-02
247719 3.554363e-03 2.534555e-02 1.504173e-01 3.947703e-03 3.103283e-02 1.613443e-01 8.505540e-01 1.229812e+01 2.362846e+01 5893 2.136110e-02
499135 -2.809148e-02 3.930086e-03 1.480703e-01 -6.435498e-02 1.029031e-02 2.065653e-01 -1.306902e+01 2.292165e+00 2.108103e+01 9718 3.072562e-02
248654 -2.006435e-02 8.423964e-03 1.410103e-01 -5.035260e-02 2.206284e-02 1.945127e-01 -1.906825e+01 8.586486e+00 3.368293e+01 8175 2.755700e-02
249130 -2.714055e-02 7.503131e-03 1.948230e-01 -9.000514e-02 3.253487e-02 4.019960e-01 -9.790087e+00 3.898266e+00 3.226366e+01 5999 2.130048e-02
