running....
idx x y z xnext ynext znext vx vy vz collides time
370 -8.391823e-03 1.647335e-02 1.464057e-01 8.656740e-03 -1.715843e-02 2.307983e+00 5.597660e+00 -1.451591e+01 1.268849e+01 5874 2.730662e-02
1159 -1.674771e-02 1.155258e-02 6.756942e-02 -3.007118e-02 2.089071e-02 7.744965e-02 -1.253773e+01 8.813435e+00 1.155068e+01 1679 6.417916e-03
3346 -9.914187e-04 1.567096e-02 1.679289e-01 1.217299e-03 6.398226e-03 8.967983e-01 7.560775e-01 -8.777606e+00 9.455840e+00 3342 1.794222e-02
5780 -4.536799e-03 3.066248e-03 1.450058e-01 9.122547e-03 -6.001105e-03 2.676931e-01 -9.312038e-01 6.642279e-01 4.942140e+00 3035 1.468314e-02
6540 -5.783130e-04 1.363516e-02 1.502118e-01 -1.526278e-04 -9.830282e-03 1.223530e+00 2.065277e+00 -1.137459e+01 1.619219e+01 1554 9.150752e-03
7163 -4.444747e-03 -2.509617e-04 1.480175e-01 -5.423702e-03 -2.063424e-04 4.666043e-01 -4.554380e+00 2.230634e-01 2.121495e+01 1459 7.674837e-03
9338 5.642117e-03 7.381546e-03 1.959448e-01 -8.933497e-03 -9.737072e-03 1.192506e+00 -4.146615e+00 -2.599012e+00 2.643716e+01 2120 1.417914e-02
10793 5.592720e-03 1.127945e-02 8.256750e-02 -6.332949e-03 -1.429512e-02 1.421275e+01 -1.768119e+00 -7.868009e+00 1.413018e+01 10234 3.683349e-02
10956 5.715904e-03 9.439242e-04 1.411160e-01 1.630462e-02 5.334127e-03 4.032637e-01 -2.377313e-01 5.054339e-01 1.502650e+01 3748 1.515635e-02
10970 -1.030186e-02 -1.712763e-02 1.652703e-01 -1.717994e-02 -3.522198e-02 1.392164e+00 2.429987e+00 2.420382e+00 2.615739e+01 2351 1.304058e-02
11481 6.059335e-03 1.105394e-02 1.175065e-01 -4.545999e-03 -1.515739e-02 -3.003477e+00 4.625485e+00 -1.095418e+01 -3.120984e+00 1348 1.077293e-02
14397 -4.551578e-03 1.184296e-02 1.125482e-01 6.600190e-03 -1.173588e-02 8.425517e+00 5.524642e+00 9.867774e-01 8.312968e+00 7114 2.861346e-02
16730 4.030429e-03 6.119378e-03 1.451104e-01 4.654223e-03 1.058374e-02 2.375227e-01 -2.478514e+00 -3.808304e+00 2.448813e+01 3864 1.734100e-02
21610 -7.224013e-03 7.312033e-03 1.537376e-01 -2.462094e-03 4.112472e-03 8.142917e-01 -5.121497e+00 3.909672e+00 1.137469e+01 3408 1.727280e-02
22110 -3.156742e-03 -6.258709e-03 1.443976e-01 -5.794439e-03 -2.068781e-02 2.201946e-01 1.772270e+00 3.318902e+00 2.114395e+01 2344 9.503185e-03
25034 -3.030646e-03 4.755436e-03 1.352474e-01 -2.159856e-02 1.452674e-02 2.122112e-01 5.049199e+00 -5.067414e+00 1.713798e+01 3073 1.193013e-02
25737 1.353425e-02 -2.170011e-02 1.806679e-01 3.386107e-03 -8.617825e-04 2.657283e+00 -1.164103e+01 1.656309e+01 3.107532e+01 1813 9.178774e-03
26456 -8.247911e-03 9.589275e-03 1.074881e-01 1.309955e-02 -1.342046e-02 2.706380e+01 1.323003e+01 -1.026961e+01 2.695632e+01 2524 9.644518e-03
27702 5.377008e-03 -1.146266e-02 1.025727e-01 -8.520192e-03 1.424817e-02 2.887826e+01 -8.569273e+00 7.207163e+00 2.877569e+01 1966 7.613452e-03
27708 5.770971e-03 6.398592e-03 1.738371e-01 4.084032e-03 -2.337352e-03 2.840507e+00 3.329365e+00 3.923022e+00 1.673044e+01 4784 2.086509e-02
31438 -9.730300e-03 2.376999e-02 6.844941e-02 -1.539561e-02 3.730721e-02 7.089090e-02 2.479960e-01 -7.423991e-01 1.373292e+00 8365 3.195593e-02
32595 1.179285e-02 2.449335e-02 1.545501e-01 -1.317551e-02 -2.573083e-02 1.533169e+00 -8.795483e-01 6.726361e-01 1.089649e+01 7276 3.111682e-02
34753 -6.387261e-03 -1.089362e-02 7.748460e-02 9.865130e-03 1.318506e-02 9.957588e+00 9.456439e+00 5.844250e+00 9.880103e+00 1234 4.769258e-03
36391 -1.165340e-02 -4.917022e-03 8.249832e-02 1.920519e-02 8.211598e-03 2.924293e+01 2.066159e+01 9.023555e+00 2.916044e+01 6475 2.311820e-02
37636 -7.386329e-03 1.028220e-02 1.125033e-01 7.839841e-03 -1.229289e-02 2.462977e+01 8.544698e-01 -5.086419e+00 2.451726e+01 2139 7.737736e-03
37895 -1.199668e-02 -5.816096e-03 1.737231e-01 3.090890e-03 6.055644e-03 2.643922e-01 7.157813e+00 1.849573e+00 1.695806e+01 2203 1.161616e-02
38136 1.577571e-02 -1.989532e-02 6.556092e-02 3.701655e-02 -1.174713e-02 5.156375e-02 1.095599e+00 9.620129e+00 -6.369964e+00 1558 7.141420e-03
43374 2.285468e-02 1.432564e-03 6.588561e-02 3.201318e-02 4.028421e-03 6.513221e-02 1.917620e+01 5.796101e+00 -1.731675e+00 6089 2.247884e-02
44128 -2.017253e-03 -1.394200e-03 1.640437e-01 6.470603e-03 1.137173e-02 5.983749e-01 1.958217e-01 1.713671e+00 4.368800e+01 11926 4.329930e-02
44803 -2.369263e-02 5.831753e-04 1.932368e-01 3.295326e-02 -1.476881e-03 1.784383e+00 4.708268e-01 -4.323440e-01 2.989351e+01 5297 2.257706e-02
45769 5.853918e-03 -7.087404e-03 1.692494e-01 9.760010e-03 -1.806478e-02 2.803856e-01 -2.804014e+00 2.926824e+00 3.377484e+01 6956 2.940972e-02
51991 9.059556e-03 2.827732e-02 6.827875e-02 3.815764e-02 7.539450e-02 6.877147e-02 1.314109e+01 1.776740e+01 3.105030e-01 1557 5.756484e-03
52113 1.693120e-02 2.327076e-02 6.434835e-02 1.691739e-02 2.590886e-02 6.343221e-02 -7.191947e-01 1.016651e+01 -3.859203e+00 2937 1.453192e-02
52574 -2.919767e-02 -4.454295e-03 6.908677e-02 -4.977491e-02 -5.820507e-03 6.932523e-02 -3.133883e+01 -1.837067e+00 4.044201e-01 1361 5.425196e-03
52826 -5.177235e-03 -8.627424e-03 1.560442e-01 7.748009e-03 2.203813e-02 1.180533e+00 -1.810207e+00 -1.347128e+00 2.576231e+01 9479 3.525820e-02
52839 -8.223215e-03 9.606416e-03 1.125500e-01 1.046468e-02 -1.128502e-02 4.738298e+01 5.857350e+00 -4.187261e+00 4.727043e+01 3591 1.267444e-02
53107 -4.460618e-03 1.960916e-03 1.731621e-01 5.990369e-03 -2.043850e-03 1.983074e+00 8.547726e-01 2.182095e-01 2.196701e+01 2879 1.530654e-02
53759 -9.646166e-03 1.896112e-02 1.644090e-01 6.619029e-03 -1.855747e-02 1.024746e+00 4.099429e+00 -4.637511e+00 9.071252e+00 1893 2.132183e-02
54497 -8.489951e-03 -9.430691e-03 1.126332e-01 1.064857e-02 1.326917e-02 4.438342e+01 5.607880e+00 1.029938e+01 4.427079e+01 2071 7.411811e-03
54630 2.621354e-03 2.330032e-03 1.450528e-01 -6.584988e-03 -1.051623e-03 3.619424e-01 2.569816e+00 1.585450e+00 1.824738e+01 2643 1.208862e-02
54975 -5.746544e-03 -1.079412e-02 1.412324e-01 -1.666078e-02 -2.833978e-02 1.698438e-01 4.178836e+00 7.721069e+00 7.256634e+00 2063 9.988609e-03
56419 1.735368e-02 2.057118e-02 1.604698e-01 -2.123031e-02 -2.623640e-02 1.804992e+00 3.172037e+00 3.269093e+00 1.288405e+01 2972 1.635417e-02
56440 -5.614356e-03 6.283349e-03 1.553895e-01 -1.342471e-02 1.009008e-02 3.930037e-01 1.352610e+01 -1.195789e+01 3.938880e+01 3935 1.602373e-02
56958 -1.197968e-03 -2.019524e-02 1.772875e-01 -1.558153e-03 -3.073789e-02 7.273662e-01 -1.807691e-01 -7.570776e+00 3.493568e+01 5316 2.131847e-02
57348 1.210671e-02 3.715083e-03 1.274954e-01 -1.352849e-02 -4.352422e-03 1.470716e+01 -3.317254e+00 -1.585925e+00 1.457966e+01 6972 2.778796e-02
57813 -2.764246e-02 2.767914e-03 6.699030e-02 7.765708e-02 -5.919103e-05 5.148520e-02 7.494236e+00 1.862636e+00 -1.628769e+00 3140 1.125806e-02
58508 -1.148088e-02 -5.274471e-03 9.239983e-02 1.131777e-02 9.186915e-03 1.611231e+01 -1.124129e+00 1.074846e+01 1.601991e+01 1826 6.477945e-03
59579 -1.267125e-02 -5.810294e-04 1.026000e-01 1.441929e-02 1.492438e-03 -9.472250e-01 4.206349e+00 2.541289e+00 -1.049825e+00 4361 1.628193e-02
60136 -1.848872e-02 -1.296683e-03 1.596031e-01 4.059710e-03 2.314208e-03 3.734642e-01 -1.238418e+01 -1.265927e+00 1.763607e+01 1799 1.020893e-02
62432 4.732446e-03 -1.125681e-03 1.373309e-01 6.473111e-03 1.355858e-05 3.519943e-01 1.807036e+00 -7.019174e-01 1.784383e+01 4291 1.698770e-02
63668 -3.152364e-03 -1.231078e-03 1.434084e-01 -2.194352e-02 -7.788860e-03 2.291115e-01 6.738841e+00 2.462914e+00 1.780571e+01 8168 3.263900e-02
64468 -1.952174e-02 -1.402893e-03 1.931547e-01 8.830459e-03 -3.832671e-03 5.388008e+00 -1.178736e+01 -8.099490e-01 2.550519e+01 6264 2.936422e-02
65021 3.504521e-03 -1.219668e-02 8.257499e-02 -7.120321e-03 2.220963e-02 3.846047e+01 -1.001267e+01 2.758333e+01 3.837790e+01 6929 2.528904e-02
67135 7.415293e-04 -5.009938e-03 1.541895e-01 4.759180e-03 -7.595895e-03 6.937125e-01 2.653479e+00 -7.568700e-01 1.745761e+01 4395 1.839708e-02
67454 2.953507e-02 -8.892700e-04 1.855000e-01 -2.992515e-02 8.488609e-04 4.125090e+00 -1.783839e+00 1.524327e-01 1.975623e+01 5201 2.418491e-02
67758 2.722455e-02 -4.971172e-03 6.188758e-02 -3.768312e-02 1.308989e-02 5.946361e-02 -1.624776e+01 2.952478e+00 -6.524379e-01 1520 1.209195e-02
67802 1.580555e-02 2.669422e-03 1.356659e-01 3.336458e-02 1.956071e-03 3.080308e-01 6.685758e+00 -1.059238e+00 5.545933e+00 7996 3.075009e-02
69989 -1.255755e-03 -1.511176e-03 1.392056e-01 -1.848559e-02 5.641547e-03 2.088822e-01 -2.903353e+00 2.075606e+00 2.614115e+01 3232 1.301237e-02
74442 -1.254666e-02 -1.554780e-03 1.026006e-01 1.644842e-02 -2.193881e-03 2.426465e+01 1.029810e+01 -1.068034e+01 2.416205e+01 1151 3.971928e-03
74668 -2.247695e-02 7.777667e-03 6.961837e-02 -2.943632e-02 1.024264e-02 6.966012e-02 -1.388483e+01 4.931304e+00 9.423369e-02 3849 2.190422e-02
75919 -9.007658e-03 6.761940e-03 1.450582e-01 3.871441e-03 -7.150962e-03 3.545230e-01 5.369142e+00 -3.991088e+00 3.325235e+00 4502 2.471108e-02
81121 2.605778e-03 7.378396e-03 1.367743e-01 4.169167e-03 2.247254e-02 3.124789e-01 -3.193257e+00 -1.267205e+01 8.739165e+00 2294 1.102870e-02
82572 -1.776489e-02 -1.737092e-02 6.525992e-02 -4.370811e-02 -4.778397e-02 5.594356e-02 -1.498404e+01 -1.827507e+01 -7.407556e+00 10581 3.745810e-02
83662 9.201795e-03 -1.038304e-02 1.444527e-01 -5.101656e-03 -8.564956e-03 3.962719e-01 5.106745e+00 -7.076177e+00 2.374474e+01 3525 1.506942e-02
83886 3.768276e-03 -1.203087e-02 1.125803e-01 -8.542070e-03 1.114070e-02 2.427185e+01 -1.326893e+01 -3.209983e+00 2.415927e+01 3590 1.422419e-02
85505 9.822127e-03 7.921991e-03 1.224443e-01 -1.265756e-02 -6.592287e-03 9.740487e+00 -7.442994e+00 4.214315e+00 9.618043e+00 9726 3.659401e-02
88616 3.639850e-03 -5.648299e-03 1.390313e-01 1.818833e-02 -2.844150e-02 1.794892e-01 5.471563e+00 -8.588055e+00 2.265753e+01 7802 3.107167e-02
91067 -7.508524e-03 -1.009764e-02 1.024569e-01 1.053107e-02 1.283242e-02 -5.233303e+00 8.105304e+00 7.142731e+00 -5.335760e+00 6987 2.782562e-02
91589 1.320930e-03 1.223188e-03 1.401540e-01 -3.826427e-03 -2.968190e-03 2.592540e-01 2.138212e+00 1.439580e+00 1.859427e+01 1630 6.732392e-03
91893 -1.144777e-02 -4.820883e-03 1.417693e-01 2.996825e-02 6.272570e-03 7.396673e-01 -2.904452e+00 -2.094618e+00 1.091087e+01 4112 1.785910e-02
92605 -1.988911e-03 -7.682546e-03 1.452987e-01 5.073301e-03 1.232570e-02 2.951529e-01 3.508529e+00 4.675414e+00 1.829026e+01 2483 1.113377e-02
92753 -6.613292e-04 5.699703e-03 1.394137e-01 -2.002012e-02 2.774347e-02 2.320397e-01 -4.169174e-01 -2.297663e+00 2.663905e+01 6856 2.700297e-02
92783 -2.137156e-02 1.793463e-02 6.665642e-02 -2.347425e-02 2.011240e-02 6.674071e-02 -9.152747e+00 9.625951e+00 3.978566e-01 3844 2.203699e-02
96678 -4.685605e-04 -1.801885e-03 1.977947e-01 -6.429072e-05 1.853313e-03 7.822769e+00 -1.532453e+00 4.118320e-02 7.624974e+00 3193 2.568420e-02
98470 6.400076e-03 1.258583e-03 1.502038e-01 7.388498e-03 1.218638e-05 7.392788e-01 -5.264011e-01 -1.184609e+00 1.910587e+01 2777 1.146819e-02
99197 8.384010e-03 5.657800e-03 1.478253e-01 1.111947e-03 4.645815e-03 6.144218e-01 -8.271878e+00 -8.239481e+00 2.232200e+01 2291 1.090240e-02
99810 -4.272993e-03 4.817068e-03 1.365854e-01 4.169023e-03 -6.654243e-04 3.901163e-01 -6.102279e+00 4.443263e+00 1.896844e+01 1838 8.364885e-03
100783 1.129493e-03 1.308909e-02 1.449792e-01 -2.111011e-03 -3.484641e-03 2.712286e-01 1.344696e+00 -1.574448e+01 1.869715e+01 9399 3.566884e-02
101030 3.369306e-03 -1.850617e-03 1.336920e-01 -1.270492e-02 -2.770668e-02 1.612664e-01 -4.746295e+00 -4.556845e+00 1.046638e+01 7538 2.812209e-02
103392 2.081104e-03 1.131942e-02 1.903099e-01 9.121846e-04 1.247222e-02 2.523496e+00 1.408033e+00 8.772843e-01 1.218440e+01 2560 1.702971e-02
105052 -1.248213e-02 2.216168e-03 8.739591e-02 1.669709e-02 -4.962646e-03 3.238691e+01 1.118670e+01 -7.631147e+00 3.229952e+01 5167 1.861192e-02
111079 -6.879221e-03 -8.694548e-03 1.899275e-01 -3.968892e-03 -7.578774e-03 6.264722e-01 3.696781e+00 4.343231e+00 2.449850e+01 7008 2.879702e-02
113738 1.914291e-02 -8.590948e-05 1.806311e-01 -1.484761e-02 1.129799e-03 6.239688e+00 -9.832292e+00 -1.988857e+00 2.645480e+01 7972 3.316039e-02
114167 -8.950432e-03 2.058781e-02 6.591546e-02 -1.589728e-02 3.509363e-02 5.951715e-02 -2.936957e+00 5.732287e+00 -4.950377e+00 2716 1.005556e-02
114581 3.884620e-06 -1.267106e-02 1.076256e-01 1.713406e-03 1.374731e-02 -8.529355e+00 4.851815e+00 2.308453e+00 -8.636980e+00 2801 1.370881e-02
115275 8.172964e-04 -7.354610e-03 1.365736e-01 8.020892e-03 -3.886366e-02 3.050881e-01 -3.289891e+00 1.825282e+01 3.181122e+01 2881 1.121130e-02
117220 8.697342e-03 -1.119000e-02 1.426847e-01 6.766992e-03 -9.009766e-03 6.869799e-01 1.153676e+01 -1.306854e+01 1.229818e+01 5053 2.085864e-02
118669 1.886188e-02 8.135713e-03 1.934639e-01 2.746728e-03 -2.132580e-03 4.252977e+00 1.133083e+01 5.593057e+00 2.137508e+01 3275 1.639985e-02
121713 2.190165e-03 1.979990e-03 1.404045e-01 -5.469434e-04 8.210564e-03 3.316357e-01 -1.296018e+00 -1.492051e+00 1.021754e+01 3802 1.683881e-02
123184 -1.480028e-02 3.764257e-03 1.638561e-01 -4.232569e-03 2.436660e-03 1.858922e+00 -8.543583e+00 2.026502e+00 2.253558e+00 3829 3.756202e-02
123738 6.801525e-03 1.071646e-02 9.734983e-02 -8.053741e-03 -1.296306e-02 2.370387e+01 -3.144714e+00 -5.727791e+00 2.360652e+01 3912 1.432271e-02
124820 -1.612672e-02 2.292776e-02 6.861381e-02 -2.029445e-02 2.636576e-02 6.834907e-02 -2.377750e+01 1.934244e+01 -1.542047e+00 3240 1.645688e-02
125761 7.560982e-03 1.018259e-02 8.236620e-02 -9.763488e-03 -1.385627e-02 2.006998e+01 -5.785539e+00 -9.790349e+00 1.998762e+01 1198 4.827264e-03
127038 1.954800e-02 -1.051513e-02 1.614576e-01 -4.390783e-03 2.990071e-03 5.597238e+00 -1.404971e+01 7.158568e+00 1.714657e+01 4877 2.105160e-02
127712 -1.044014e-02 -1.889144e-02 5.656690e-02 1.186497e-02 2.067110e-02 -5.353063e+00 3.422158e+00 3.936289e+00 -5.409630e+00 3055 1.041802e-02
128136 -1.269032e-02 -2.724682e-04 1.023589e-01 1.589204e-02 -1.309017e-03 2.816828e+01 8.312087e+00 -4.483664e+00 2.806593e+01 1305 4.404641e-03
129121 1.210553e-02 -3.819801e-03 1.813112e-02 -1.425009e-02 2.588764e-04 -1.407583e+01 -5.359253e+00 -1.028082e+01 -1.409397e+01 4057 1.471942e-02
129748 -1.218181e-02 1.468153e-02 1.838173e-01 -9.222498e-03 9.081361e-03 1.433534e+00 5.084488e+00 -6.863656e+00 1.374891e+01 5269 2.441127e-02
131953 -3.511462e-03 -4.128752e-03 1.470617e-01 -3.111996e-03 -3.292762e-03 2.956027e-01 1.060906e+00 1.947991e+00 9.693279e+00 3956 1.854819e-02
132611 -6.392979e-03 1.088154e-02 1.123903e-01 8.024513e-03 -1.146790e-02 -1.134705e+01 4.239946e+00 -1.027827e+00 -1.145944e+01 3160 1.379188e-02
132652 1.915329e-03 -9.614315e-03 1.537035e-01 1.959213e-03 5.784662e-03 8.070939e-01 9.116354e-01 -6.659003e+00 1.576553e+01 3469 1.508695e-02
133365 -5.240039e-03 -1.149476e-02 1.025703e-01 3.150515e-03 1.276341e-02 1.195004e+01 -6.205963e+00 2.919986e+00 1.184747e+01 1944 7.905234e-03
133933 -1.253332e-02 -9.997753e-03 1.392950e-01 -5.315745e-03 -3.645750e-03 5.624342e-01 -1.305680e+01 -1.138969e+01 7.215718e+00 2721 1.264322e-02
134280 -3.342644e-03 -1.090678e-02 1.440387e-01 -3.820148e-03 -6.248444e-03 2.493500e-01 5.686511e+00 1.423067e+01 1.722501e+01 6812 2.514731e-02
134765 -4.895311e-03 4.465064e-03 1.580302e-01 -1.390271e-03 -1.153324e-03 2.765921e-01 5.513500e+00 -3.292681e+00 1.929254e+01 2101 1.178567e-02
135109 1.293209e-02 1.721865e-03 1.659184e-01 3.781979e-03 -3.735924e-03 8.123721e-01 -7.364594e+00 -1.843645e+00 1.044582e+01 4689 2.581486e-02
135766 -7.329673e-03 -7.246446e-03 1.392316e-01 -1.525583e-02 -2.320862e-02 3.732030e-01 -1.849103e+00 -5.785292e+00 1.418107e+01 4485 2.070239e-02
136194 -1.602863e-02 -9.904506e-04 1.389452e-01 -1.874096e-02 1.124513e-03 9.425032e-01 8.589451e-01 1.872356e+00 2.080663e+00 5016 2.277566e-02
136779 -1.066367e-02 -2.598611e-02 6.967000e-02 -1.054402e-02 -3.200900e-02 6.997053e-02 1.111770e+00 -9.733033e+00 6.012314e-01 3786 1.411361e-02
137103 -2.422473e-02 9.322056e-03 6.802413e-02 -4.320571e-02 1.727220e-02 6.778103e-02 -1.897436e+01 8.058129e+00 -2.967511e-01 2193 8.067127e-03
137649 -2.504124e-03 1.412023e-02 1.478299e-01 2.452414e-03 -1.928927e-02 3.123812e-01 -6.762082e-01 9.251428e-01 6.911595e+00 2307 1.250600e-02
138300 -6.417702e-03 1.074452e-02 8.248963e-02 9.219027e-03 -1.667157e-02 2.873233e+01 7.543344e+00 -1.612395e+01 2.864984e+01 4689 1.639105e-02
139798 -4.091672e-03 9.034680e-03 1.565616e-01 -1.341089e-03 -8.511558e-04 1.706773e+00 -2.417487e+00 7.043193e+00 1.780446e+01 2009 1.272413e-02
140379 -1.092240e-02 6.417637e-03 1.274701e-01 9.185018e-03 -1.106082e-02 1.883681e+01 -5.539429e+00 -1.274686e+01 1.870934e+01 2050 1.084605e-02
141069 -9.158198e-03 8.669158e-03 1.075250e-01 1.178197e-02 -1.157360e-02 1.309513e+01 6.883395e+00 -7.704581e+00 1.298760e+01 2879 1.304652e-02
141222 -8.107276e-03 9.699652e-03 1.175421e-01 1.210160e-02 -1.156691e-02 9.440474e+00 1.081612e+01 -4.714838e+00 9.322932e+00 5265 2.189437e-02
143296 8.913369e-03 8.876183e-03 1.125314e-01 -1.088473e-02 -9.382296e-03 1.573797e+01 -5.054391e+00 -9.169980e-01 1.562544e+01 6869 2.551520e-02
143470 3.378086e-04 1.177085e-02 1.570110e-01 2.488950e-03 3.218703e-02 3.145466e-01 -5.648469e-01 -1.185226e+01 3.523146e+01 8194 3.107521e-02
147532 1.036476e-02 -5.642375e-03 1.840724e-01 8.916904e-03 -9.339912e-03 9.024811e+00 3.224597e+00 1.231938e+00 1.246009e+01 5317 2.771008e-02
147642 2.187571e-02 -1.997830e-02 1.968637e-01 -1.807548e-02 5.184530e-03 8.484171e+00 1.096565e+01 -1.154083e+01 2.578632e+01 1526 9.784778e-03
147732 1.030645e-02 7.208082e-03 1.074540e-01 -1.425040e-02 -8.395835e-03 2.366229e+00 -1.054676e+01 -2.939107e+00 2.258775e+00 8111 3.089121e-02
150884 6.982211e-03 -2.627841e-02 6.657583e-02 9.108788e-03 -3.031817e-02 6.539891e-02 8.114136e+00 -1.487434e+01 -4.668705e+00 5259 1.874647e-02
151004 -5.071211e-03 -7.240791e-04 1.484279e-01 -1.576405e-02 5.235087e-03 2.367625e-01 -1.902190e+00 2.270829e+00 4.183918e+01 7186 2.662064e-02
153430 2.332093e-02 -1.256567e-02 1.404895e-01 1.182120e-02 -1.061748e-02 1.994231e+00 1.188378e+01 -5.048126e+00 2.056963e+00 1896 2.113554e-02
154897 -1.183151e-02 -1.473042e-02 1.535874e-01 4.808871e-03 1.335011e-02 2.300132e+00 -7.012496e+00 -8.594056e+00 8.168988e+00 1375 1.052152e-02
155577 3.097231e-03 -3.532938e-03 1.483358e-01 1.127528e-03 3.269607e-03 3.238540e-01 -4.785827e+00 8.060601e-01 2.709941e+01 1411 6.360978e-03
158027 3.363260e-03 2.822259e-03 1.450345e-01 -9.415896e-03 -9.878559e-03 3.600472e-01 2.816472e+00 2.527728e+00 1.859475e+01 1729 7.796771e-03
158936 1.717994e-02 1.740686e-02 6.737454e-02 2.322185e-02 2.615719e-02 6.292916e-02 8.587928e-01 2.770394e+00 -3.553725e+00 5684 2.709607e-02
160752 2.214717e-02 -1.310581e-02 6.992313e-02 3.601427e-02 -2.349631e-02 7.387072e-02 1.183227e+00 -1.814033e+00 2.413291e+00 2173 8.728406e-03
160796 -8.757369e-03 1.161205e-04 1.678830e-01 -1.453217e-02 -4.913687e-03 5.684075e-01 2.931603e+00 -9.189195e-01 2.275378e+01 2027 1.075919e-02
160992 7.328716e-05 -3.524040e-03 1.407584e-01 -1.667776e-02 -2.479777e-03 2.449221e-01 -1.237832e+00 1.949446e+00 3.148360e+01 1482 7.004485e-03
163451 -1.357756e-02 1.389551e-02 1.789925e-01 1.179163e-02 -1.145976e-02 4.949859e+00 -6.028553e+00 6.302239e+00 1.931975e+01 4970 2.592401e-02
163933 -1.907327e-03 -4.066197e-03 1.411456e-01 -1.038869e-02 -2.229786e-02 2.216951e-01 5.914435e-02 1.101634e-01 2.576855e+01 2021 9.083755e-03
163987 -1.259162e-02 1.752493e-02 5.657005e-02 1.759763e-02 -1.793885e-02 -4.811569e+00 1.341518e+01 -1.568361e-01 -4.868139e+00 7858 2.757979e-02
165472 7.851687e-03 -8.373453e-03 1.601954e-01 1.124138e-02 -1.108086e-02 6.009388e-01 6.899178e+00 -5.355733e+00 2.888704e+01 3669 1.427545e-02
167341 5.847964e-03 -3.508788e-03 1.415929e-01 2.132165e-02 -2.037019e-02 2.275062e-01 -5.454611e+00 3.952674e+00 2.048646e+01 3574 1.608629e-02
167732 -1.121988e-02 -2.631448e-02 1.945583e-01 1.096654e-02 2.852532e-02 8.739439e+00 2.956116e+00 5.382067e+00 1.464576e+01 5503 2.645509e-02
169089 -1.438841e-02 -1.533069e-02 6.839849e-02 -2.284208e-02 -2.397238e-02 6.781927e-02 -1.202135e+01 -1.222605e+01 -9.443812e-01 5438 1.972418e-02
169188 2.539433e-03 4.705323e-03 1.372961e-01 3.072463e-03 1.568556e-02 2.178719e-01 -4.734284e+00 -1.631006e+01 1.300192e+01 6493 2.414164e-02
170630 5.935438e-03 2.403262e-03 1.942246e-01 1.168841e-02 4.275150e-03 2.865700e+00 2.724353e+00 7.865704e-01 3.052893e+00 6787 4.564825e-02
171292 -2.420707e-03 -2.442270e-02 6.723314e-02 -2.838965e-03 -3.055306e-02 6.544855e-02 -1.926474e+00 -2.861388e+01 -8.594785e+00 2274 1.300760e-02
174479 -3.611497e-03 -1.486628e-03 1.337713e-01 -2.827820e-02 -1.402575e-02 1.743246e-01 5.133530e+00 2.361116e+00 9.500034e+00 3200 1.418150e-02
174711 -7.691582e-04 -1.265580e-02 8.748113e-02 1.872114e-03 1.638774e-02 2.975534e+01 3.071569e+00 9.812041e+00 2.966786e+01 1557 5.558762e-03
176291 8.282562e-03 -2.718909e-02 6.706960e-02 2.225471e-02 -6.867392e-02 5.247970e-02 -7.686705e-01 3.395595e+00 -5.467955e+00 3936 2.107355e-02
178423 3.358279e-04 1.266960e-02 7.737690e-02 -7.143005e-04 -1.571173e-02 8.027332e+00 -1.049836e+00 -7.862431e+00 7.949955e+00 2611 9.944505e-03
178599 7.632270e-03 5.088223e-04 1.452172e-01 -7.422653e-03 -3.762579e-04 2.917543e-01 -2.551613e+00 -1.552757e+00 6.622045e+00 3303 1.583060e-02
178938 -1.648551e-03 6.065150e-03 1.431025e-01 3.011709e-03 -2.695614e-03 3.049180e-01 -2.845291e+00 -7.789183e+00 2.327867e+01 1520 6.973068e-03
179963 7.680637e-04 -7.963111e-03 1.605568e-01 -6.525626e-03 -7.457128e-03 2.653913e-01 1.348977e+00 7.346251e+00 2.058493e+01 3031 1.301761e-02
180427 9.363693e-03 2.529129e-02 7.021995e-02 1.774783e-02 3.561118e-02 7.176463e-02 1.122225e+01 1.230751e+01 2.318360e+00 1714 7.157410e-03
182215 1.608589e-03 -2.482363e-03 1.407474e-01 -8.836324e-04 -2.853182e-02 2.269923e-01 -9.829382e-01 9.296596e-01 2.400120e+01 19023 7.096673e-02
185615 1.584872e-03 -1.255731e-02 8.252151e-02 -2.406645e-03 1.272080e-02 1.172749e+01 -2.230056e+00 -2.636527e-01 1.164496e+01 8048 2.935665e-02
188459 -5.632757e-03 1.137933e-02 1.813560e-02 5.851694e-03 -1.268986e-02 -4.653934e+00 2.930803e-01 -3.044973e+00 -4.672069e+00 2555 9.051281e-03
192068 -3.215867e-03 -1.628133e-04 1.376527e-01 9.852938e-03 -9.398323e-03 2.112915e-01 5.361674e+00 -8.545898e+00 8.712215e+00 5989 2.307900e-02
195093 1.234703e-02 2.676319e-03 8.250361e-02 -1.550481e-02 -2.026280e-03 6.689944e+00 -8.207789e+00 1.991082e+00 6.607440e+00 1283 4.703308e-03
195927 -8.551301e-03 -1.127012e-03 1.379453e-01 1.843257e-02 -2.790137e-03 1.135994e+00 -9.063160e+00 -1.489751e-01 1.398114e+01 13197 5.014908e-02
196354 5.312461e-04 1.908516e-03 1.612122e-01 -3.122647e-04 -1.642859e-03 2.224847e-01 -5.314530e-01 -2.142332e+00 3.425231e+01 1633 6.942602e-03
197360 1.259589e-02 3.662590e-04 1.024847e-01 -1.316729e-02 2.240279e-03 1.998849e+01 -8.865319e-01 7.385003e+00 1.988600e+01 2131 9.009485e-03
200300 -1.666475e-03 1.568315e-03 1.457005e-01 -5.044379e-03 5.697632e-04 2.008027e-01 -4.999584e-01 -8.712885e-01 2.533400e+01 3846 1.511376e-02
201166 2.456107e-03 -3.900019e-04 1.799391e-01 3.496428e-03 -3.338429e-04 6.430056e-01 1.514929e+00 1.317705e-01 3.008493e+01 2651 1.634470e-02
201377 2.418717e-03 -1.726826e-02 1.888582e-01 -1.941702e-03 1.720904e-02 1.214557e+00 -8.434856e-01 3.752833e+00 1.570136e+01 2605 1.612840e-02
202514 -7.397416e-04 3.258644e-03 1.401438e-01 6.840573e-03 1.478720e-02 2.674297e-01 -3.640489e-01 -3.749556e+00 2.927572e+01 2876 1.473559e-02
203034 1.243063e-02 2.504414e-03 8.747253e-02 -1.396535e-02 -3.932336e-03 2.397405e+01 -3.617591e+00 -3.889386e+00 2.388658e+01 5507 1.995442e-02
203772 3.606672e-03 3.834710e-03 1.542430e-01 -2.625487e-04 1.357080e-02 8.316118e-01 -2.158457e+00 -2.699757e+00 3.627309e+01 4378 1.724839e-02
208972 2.768192e-02 8.359928e-04 1.955879e-01 1.694334e-02 -3.798726e-03 1.988613e+00 -1.816428e+01 -1.872243e-01 2.828088e+01 1407 8.613037e-03
208996 9.658137e-03 8.110069e-03 1.125328e-01 -1.179972e-02 -9.228417e-03 1.090701e+01 -5.492259e+00 -2.690914e+00 1.079448e+01 2767 1.114067e-02
210687 3.129717e-03 -1.450807e-02 1.648010e-01 3.114221e-03 -7.008988e-03 1.099275e+00 5.170991e-01 -9.534489e+00 1.278908e+01 8270 3.363575e-02
213347 -1.642254e-03 1.252433e-02 1.024487e-01 4.878096e-03 -1.446459e-02 1.841833e+01 9.046832e+00 -4.757885e+00 1.831588e+01 6769 2.596455e-02
214764 1.378525e-04 -3.552855e-03 1.461867e-01 -8.235555e-03 -1.204516e-02 2.544170e-01 7.654472e-01 3.399918e+00 2.538027e+01 1871 8.479449e-03
215455 1.102092e-02 3.837417e-03 1.406478e-01 2.084657e-02 5.629858e-03 4.189250e-01 2.027144e+01 3.559974e+00 1.822465e+01 4073 1.692553e-02
215569 -1.768140e-03 -1.662373e-02 1.506709e-01 -9.903001e-04 -1.616589e-02 7.342812e-01 -9.244716e-01 -7.480346e+00 3.644523e+00 2383 1.857470e-02
217066 -3.548599e-03 7.376895e-03 1.422861e-01 7.107962e-03 -1.116238e-02 4.722091e-01 5.131421e+00 -5.083712e+00 1.444113e+01 1519 7.210973e-03
217401 1.166049e-02 -4.668401e-03 1.125538e-01 -1.421260e-02 8.312325e-03 3.677553e+01 -6.536368e+00 1.002488e+01 3.666298e+01 5084 1.807270e-02
217538 -8.443182e-03 -1.158710e-02 1.389741e-01 -2.016499e-02 -2.927182e-02 1.835716e-01 5.973488e+00 8.268802e+00 1.129514e+01 3514 1.584126e-02
217933 4.169488e-03 -1.182513e-02 1.224759e-01 -5.308861e-03 1.259795e-02 1.112884e+01 -2.977988e+00 1.500098e+00 1.100636e+01 6001 2.251750e-02
217993 7.944417e-03 7.601606e-03 1.460417e-01 -3.068384e-03 -2.987487e-03 1.030613e+00 -8.467048e+00 -8.020817e+00 1.727288e+01 2414 1.099932e-02
219561 4.174564e-03 -9.192000e-03 1.540253e-01 -3.085302e-03 6.214991e-03 7.582713e-01 -2.733854e+00 7.310299e+00 1.175790e+01 2913 1.400112e-02
221482 7.334442e-03 1.027994e-02 1.075215e-01 -1.263484e-02 -1.156341e-02 2.335598e+01 -1.455061e+01 -3.032023e+00 2.324846e+01 4017 1.445726e-02
222856 7.186493e-03 -1.045281e-02 1.125078e-01 -6.028512e-03 1.361568e-02 -5.571071e+00 3.686680e+00 8.331633e+00 -5.683579e+00 8437 3.314050e-02
223334 6.344268e-03 -1.094422e-02 1.275463e-01 -8.966519e-03 1.082394e-02 4.132563e+00 -7.041678e+00 -9.721193e-01 4.005017e+00 9157 3.534223e-02
223636 -3.768856e-03 -3.122628e-05 1.402713e-01 -4.805921e-03 5.254544e-04 2.319770e-01 2.836151e+00 -4.020321e-02 2.125602e+01 3309 1.421728e-02
224313 -4.652145e-04 3.790964e-03 1.379153e-01 1.481740e-02 2.654581e-02 2.088199e-01 -4.880867e+00 -1.191662e+01 1.329963e+01 6552 2.336777e-02
225940 -2.811748e-03 1.702824e-02 1.642449e-01 5.269031e-03 -1.563964e-02 2.888987e+00 1.015232e-01 5.862795e+00 1.581976e+01 9715 3.990149e-02
229219 -5.161168e-03 -1.154744e-02 1.125539e-01 8.004956e-03 1.232404e-02 -2.183731e+00 7.735907e+00 1.526817e+00 -2.296285e+00 2406 1.220364e-02
229653 -2.806771e-03 -1.403059e-03 1.847281e-01 -5.134527e-03 -9.957398e-04 4.272782e+00 -3.239917e-01 5.848131e-01 2.483280e+01 6627 3.247896e-02
229680 1.664247e-02 -6.567597e-04 1.604716e-01 -1.791611e-02 5.596363e-04 3.105358e+00 5.215691e+00 -2.562789e-01 1.708045e+01 3166 1.693719e-02
230684 1.208835e-03 -1.159552e-03 1.553692e-01 5.395116e-04 -1.214453e-03 2.057017e-01 -7.064519e-01 2.192423e-01 3.727594e+01 1924 9.106238e-03
231094 5.634283e-04 -1.021221e-03 1.466556e-01 -1.745914e-03 1.037144e-03 3.533002e-01 7.863082e+00 -8.087609e-02 2.848350e+01 7467 2.803300e-02
231172 -2.618763e-02 -9.776651e-06 6.624652e-02 -4.573594e-02 -1.240813e-03 6.768656e-02 -2.845401e+01 -1.957266e+00 2.344040e+00 6290 2.287773e-02
232304 1.100679e-02 6.276456e-03 1.174654e-01 -1.330898e-02 -5.299156e-03 1.207765e+01 -5.868078e+00 3.123650e+00 1.196018e+01 2738 1.133853e-02
235918 -7.507065e-03 -4.723993e-03 1.502758e-01 -1.158131e-03 4.306200e-03 8.250576e-01 -5.110438e+00 -5.608316e+00 2.418463e+01 3808 1.562218e-02
236557 -6.970827e-03 4.486412e-03 1.361915e-01 -9.527198e-03 5.384314e-03 3.609134e-01 -1.181087e+01 4.077544e+00 7.533236e+00 3078 1.409816e-02
236948 -5.777707e-03 -1.022528e-02 1.672655e-01 6.037980e-03 1.036627e-02 1.721716e+00 6.768763e-01 4.464715e-02 1.610189e+01 2602 1.328585e-02
238139 1.364780e-03 1.250537e-02 1.174313e-01 1.420756e-03 -1.347927e-02 6.768569e+00 7.948393e+00 -2.028868e+00 6.651137e+00 3100 1.331105e-02
238625 1.065592e-02 6.651720e-03 1.274420e-01 -1.360937e-02 -5.556307e-03 2.137920e+01 -7.728230e+00 3.479018e+00 2.125176e+01 12398 4.699563e-02
238687 1.304181e-02 -2.270658e-02 5.646716e-02 -1.372240e-02 2.232835e-02 1.004888e+00 -1.169232e+00 -2.380480e+00 9.484205e-01 2630 3.512399e-02
238954 5.069958e-03 4.258632e-03 1.762942e-01 -6.038671e-03 -4.933261e-03 9.100848e-01 -1.695998e+00 -1.126097e+00 3.236212e+01 3317 1.357873e-02
239190 -6.841664e-03 -4.739939e-03 1.603417e-01 1.413020e-02 7.198131e-03 7.284247e-01 -1.709490e+00 -1.652251e+00 2.275208e+01 6136 2.551663e-02
240940 8.892435e-03 1.359606e-02 1.531076e-01 -1.043992e-02 -1.465692e-02 9.019349e-01 -4.934715e+00 -3.028229e+00 1.436705e+01 3455 1.984197e-02
241594 1.123395e-02 5.917191e-03 1.126287e-01 -1.306305e-02 -7.246834e-03 6.247583e+00 -4.518395e+00 -3.414551e+00 6.134954e+00 1882 1.086243e-02
245975 2.489432e-03 -1.243788e-02 7.746790e-02 -4.224363e-03 2.417851e-02 3.433301e+01 -4.757595e+00 3.245033e+01 3.425554e+01 6380 2.177328e-02
246076 -2.514182e-02 -9.265813e-03 1.723414e-01 1.933277e-02 1.029496e-02 6.804656e-01 -1.503081e+01 -5.530559e+00 1.961780e+01 1401 9.071669e-03
246532 -1.238919e-02 1.017973e-02 1.724015e-01 -2.662496e-03 -2.865425e-04 3.612209e+00 1.060362e+01 -7.537818e+00 2.770400e+01 6775 2.625286e-02
246886 3.544175e-03 -3.468080e-03 1.596436e-01 2.344617e-03 7.288393e-03 2.965500e-01 3.126528e+00 -3.786839e-03 1.427882e+01 4584 2.202072e-02
248720 7.479038e-03 -1.024641e-02 8.744131e-02 -9.239688e-03 1.113359e-02 1.618471e+01 -4.541966e+00 1.914396e+00 1.609727e+01 4851 1.732489e-02
249087 -6.684635e-04 -7.515212e-04 1.469944e-01 2.191903e-02 -3.026491e-03 2.411192e-01 -2.506677e+00 -1.655594e-01 2.281801e+00 8432 4.376492e-02
250257 -7.387964e-04 4.842473e-03 1.394312e-01 -2.540183e-03 1.392989e-02 4.687998e-01 3.500782e-01 -2.395141e+00 1.799124e+01 1477 8.942987e-03
251581 -4.719022e-03 2.566953e-02 6.801654e-02 -1.581764e-02 3.937452e-02 6.917932e-02 -8.670407e+00 7.188380e+00 1.072751e+00 1543 6.229887e-03
253902 1.514741e-03 -4.632956e-03 1.450405e-01 -3.200855e-03 -1.064343e-02 2.488685e-01 5.152173e-01 9.378681e+00 1.781883e+01 3056 1.236489e-02
255212 -1.294995e-03 8.651458e-03 1.618403e-01 -7.678331e-04 1.245637e-02 2.882316e-01 8.538061e-01 -6.366819e+00 3.011060e+01 2627 1.081825e-02
257037 -1.132834e-02 7.253890e-03 1.494112e-01 -1.553223e-02 9.138983e-03 7.061756e-01 -5.815609e+00 2.395554e+00 1.236615e+01 5301 2.250713e-02
262296 -8.523462e-03 -9.368716e-03 7.735732e-02 1.229681e-02 1.043667e-02 -6.922353e+00 1.016777e+01 2.475815e+00 -6.999711e+00 2220 1.325258e-02
263008 1.202899e-02 4.028507e-03 8.263575e-02 -1.712511e-02 -5.874346e-03 -4.863533e+00 -1.370227e+01 -4.982003e+00 -4.946169e+00 1690 6.132887e-03
263862 1.106113e-02 -6.097407e-03 8.239399e-02 -1.460051e-02 7.659004e-03 6.587140e+00 -9.360143e+00 4.059441e+00 6.504746e+00 3040 1.126954e-02
264603 -8.869331e-03 -1.538510e-02 1.564790e-01 5.620098e-03 1.067617e-02 8.512052e-01 6.622510e+00 9.825457e+00 1.354616e+01 3674 1.679278e-02
268352 8.896931e-03 9.011719e-03 1.075607e-01 -9.903949e-03 -1.148502e-02 2.643013e+01 -2.330927e+00 -6.466741e+00 2.632257e+01 3439 1.187649e-02
268480 3.662626e-03 -3.360702e-03 1.415121e-01 2.374627e-02 -1.112855e-02 2.146088e-01 -1.821625e+00 1.840520e+00 2.022407e+01 5349 2.124309e-02
269909 2.058218e-02 1.152172e-03 1.795279e-01 -2.111637e-02 -1.066716e-03 5.005452e-01 -4.153124e+00 7.501841e-01 1.437495e+01 6800 2.942157e-02
271906 -5.040747e-03 -1.154422e-02 1.075617e-01 5.646075e-03 1.671205e-02 1.438217e+01 1.418897e+00 1.393286e+01 1.427461e+01 2941 1.079571e-02
272688 -3.617357e-03 5.110199e-03 1.445402e-01 -1.609424e-02 1.423452e-02 2.448694e-01 2.769073e+00 -3.597407e+00 2.567700e+01 3482 1.434046e-02
272866 5.331091e-03 2.894772e-03 1.371145e-01 1.624390e-02 1.384834e-02 2.203621e-01 -3.532571e+00 -2.021058e+00 2.181546e+01 6725 2.657445e-02
273263 -4.251154e-03 3.075539e-03 1.450564e-01 -1.633923e-03 -8.608105e-04 2.846093e-01 1.129810e+01 -4.380184e+00 2.029749e+01 5707 2.325598e-02
273897 -3.163226e-03 -2.128252e-02 1.660283e-01 4.582067e-03 1.053834e-02 1.079906e+00 -4.717354e+00 -2.161719e+01 3.268747e+01 6239 2.456557e-02
274620 -1.867192e-02 1.732112e-02 6.527392e-02 -2.123524e-02 2.245761e-02 6.199626e-02 -5.190208e+00 1.170973e+01 -8.270433e+00 3174 1.185921e-02
274621 5.641281e-05 -1.259046e-02 1.024692e-01 3.898899e-04 1.532816e-02 1.284793e+01 1.264128e+00 7.006968e+00 1.274546e+01 2940 1.129094e-02
275784 3.256462e-03 4.092953e-03 1.461503e-01 -1.088384e-02 -1.191192e-02 4.606124e-01 -4.294905e+00 -4.236478e+00 3.591387e+01 3073 1.352668e-02
277069 1.875279e-02 1.065409e-02 5.656889e-02 -2.611750e-02 -9.329483e-03 5.225508e-01 -1.972286e+01 4.357767e+00 4.659819e-01 3589 1.259754e-02
277824 -3.224546e-03 -5.878999e-03 1.431826e-01 4.490649e-03 1.342905e-02 2.242909e-01 -1.507423e+00 -2.223371e+00 7.680120e+00 1643 1.110658e-02
278922 -1.012658e-03 -4.323317e-03 1.408316e-01 -4.818060e-03 -1.703803e-02 2.124902e-01 -9.524227e-02 1.200662e-01 2.466157e+01 6761 2.970389e-02
279131 4.568638e-03 1.084060e-03 1.416073e-01 1.968842e-02 1.457446e-02 2.651251e-01 -2.405437e+00 -4.014344e-01 3.423960e+01 1660 6.293633e-03
279857 9.489195e-03 -3.612010e-03 1.750509e-01 1.851837e-03 -1.352675e-04 3.524510e+00 6.557789e+00 -2.805196e+00 2.542823e+01 6345 2.615801e-02
281193 -1.140965e-02 5.433142e-03 1.025680e-01 1.331778e-02 -6.869782e-03 1.027399e+01 4.731509e+00 -3.744801e+00 1.017142e+01 1606 6.064366e-03
281878 -8.586208e-03 2.798603e-02 7.064479e-02 -2.695972e-02 5.744869e-02 8.156793e-02 -6.755878e-01 -4.726453e+00 4.298282e+00 1566 6.417148e-03
281998 9.654969e-03 -8.050890e-03 1.024671e-01 -1.187487e-02 9.573237e-03 2.072165e+01 -5.713685e+00 3.835687e+00 2.061918e+01 2438 9.405595e-03
282527 8.135365e-03 -1.594636e-02 1.889498e-01 -1.642050e-03 8.390290e-03 1.246873e+01 4.869274e+00 -8.095155e+00 1.856763e+01 1846 1.325587e-02
283202 1.220427e-02 -3.272746e-03 7.758251e-02 -1.864941e-02 8.456346e-03 1.991219e+01 -1.750331e+01 1.445532e+01 1.983461e+01 2714 9.647063e-03
284725 1.064898e-04 4.015623e-03 1.457627e-01 -1.026424e-03 1.432829e-02 2.473394e-01 6.816057e-02 -4.317352e+00 2.307215e+01 4507 1.897596e-02
286904 1.520515e-02 1.632543e-02 6.566008e-02 2.134631e-02 2.440525e-02 6.868201e-02 7.232923e+00 9.921424e+00 4.505335e+00 5052 2.646784e-02
287094 1.493518e-02 -7.135979e-03 1.635509e-01 -1.492352e-02 7.238903e-03 7.839230e-01 -3.385039e-01 -1.429185e+00 1.198429e+01 2076 1.371051e-02
289037 -1.410605e-02 -1.035607e-02 1.570422e-01 1.754136e-02 1.359309e-02 6.954133e-01 8.361798e-01 1.275111e+00 1.415358e+01 7556 2.986975e-02
289877 1.436252e-02 3.990748e-03 1.953126e-01 -1.057633e-02 3.050879e-03 7.532611e+00 -6.142150e+00 -3.807095e+00 2.433415e+01 3364 1.718571e-02
291418 -1.259713e-02 -3.872115e-05 1.024827e-01 1.413461e-02 -2.038948e-03 2.524698e+01 3.615775e+00 -5.871949e+00 2.514450e+01 2914 1.048933e-02
293248 1.297833e-03 -2.869784e-04 1.413396e-01 -2.263302e-03 2.612836e-03 7.472844e-01 5.895598e-01 -1.926853e+00 1.686302e+01 5633 2.537611e-02
296644 -1.198798e-02 7.501234e-03 1.550592e-01 -1.890580e-02 1.742892e-02 2.025487e-01 2.317390e+00 2.136017e-01 2.099126e+01 3559 1.592356e-02
297781 -3.819454e-03 3.530927e-03 1.464965e-01 -7.285111e-03 -8.888376e-04 2.237384e-01 2.507188e+00 4.612706e+00 5.605198e+00 3265 2.167213e-02
297791 -2.765640e-02 -3.173018e-03 6.995670e-02 -3.572943e-02 -5.012005e-03 7.011415e-02 -1.361957e+01 -3.359544e+00 3.147186e-01 1685 7.106644e-03
299256 7.677533e-03 -1.002369e-02 8.738742e-02 -4.805254e-03 1.228784e-02 6.998347e+00 8.558187e+00 5.817390e+00 6.910960e+00 4077 1.594335e-02
299275 3.872690e-03 1.207244e-02 1.124448e-01 -8.054478e-03 -1.398526e-02 -2.539332e-01 -1.159040e+01 -4.706485e+00 -3.663780e-01 1606 7.305970e-03
300940 -8.658185e-03 9.231319e-03 1.124773e-01 9.557288e-03 -8.318250e-03 2.299702e+01 2.039845e+00 3.112912e+00 2.288454e+01 4023 1.467639e-02
301542 -8.268519e-04 -6.541769e-03 1.415845e-01 3.162779e-03 4.814492e-03 6.209959e-01 -1.989233e+00 2.673543e+00 1.331816e+01 2794 1.323755e-02
302686 -1.246536e-02 2.424718e-03 8.259232e-02 1.771652e-02 -2.718067e-03 1.515182e+01 1.411507e+01 -6.886593e-01 1.506923e+01 5294 1.879922e-02
303001 8.629381e-03 -9.255724e-03 8.738431e-02 -9.432937e-03 1.314859e-02 2.190699e+01 -1.771576e+00 1.046314e+01 2.181960e+01 2260 8.242837e-03
304793 -1.192120e-02 -4.347558e-03 1.173399e-01 1.252225e-02 4.941457e-03 1.139639e+01 1.009271e+00 1.426658e+00 1.127905e+01 3775 1.518275e-02
304848 -2.007636e-02 1.158986e-02 1.859592e-01 -2.492523e-02 1.534033e-02 4.749449e+00 4.276815e+00 -2.086662e+00 2.346992e+01 2938 1.448144e-02
307595 4.409743e-03 1.187394e-02 1.026379e-01 -2.992911e-03 -1.608789e-02 2.150572e+01 4.257537e+00 -1.121896e+01 2.140308e+01 9261 3.480698e-02
308061 9.491292e-03 -7.904295e-03 1.498694e-01 -8.803788e-03 7.042698e-03 6.112468e-01 -6.647096e+00 8.260696e+00 2.086886e+01 3806 1.684872e-02
308068 -2.497294e-03 -7.829038e-03 1.586446e-01 7.447130e-03 -1.458447e-02 1.202445e+00 1.505697e+00 4.683095e+00 1.658527e+01 4654 1.956369e-02
308698 2.383432e-02 -2.898144e-03 6.556684e-02 3.300738e-02 -3.332183e-03 6.248636e-02 3.439156e+01 -1.552140e+00 -1.193685e+01 2310 8.642824e-03
309629 5.172745e-03 -7.378219e-04 1.585374e-01 1.128290e-02 -4.151716e-03 2.289858e-01 -2.290858e+00 1.392238e-01 2.136964e+01 1463 9.944453e-03
310901 1.537666e-04 -3.912460e-04 1.516495e-01 2.088514e-04 -3.429204e-03 2.861948e-01 -1.220559e-01 6.975007e-01 3.043258e+01 4953 2.245871e-02
310948 3.186384e-03 3.671544e-04 1.457088e-01 -7.172824e-03 -1.286274e-02 3.751079e-01 1.299743e+00 6.555742e+00 3.942567e+01 3126 1.214463e-02
314059 -1.744935e-02 -1.266437e-02 5.657212e-02 1.940590e-02 1.435971e-02 -4.910212e+00 4.519350e+00 4.057863e+00 -4.966784e+00 5192 1.838125e-02
315403 -9.216923e-03 -8.721275e-03 1.025513e-01 8.374090e-03 1.144380e-02 1.552941e+01 -2.913657e+00 7.187643e+00 1.542686e+01 3570 1.338233e-02
318095 1.003742e-02 -1.911129e-02 5.658601e-02 -1.224974e-02 2.254050e-02 -9.783062e+00 -5.670194e+00 8.583807e+00 -9.839648e+00 3582 1.237117e-02
321981 -1.242552e-03 -1.261780e-02 9.740342e-02 4.690238e-04 1.534484e-02 2.789228e+01 -2.257120e+00 6.975249e+00 2.779488e+01 6507 2.334231e-02
322625 -7.919930e-04 6.883205e-03 1.392055e-01 -2.964545e-03 6.466438e-03 2.543669e-01 3.278662e+00 -1.238901e+01 1.829046e+01 4865 1.946126e-02
323161 2.785873e-03 5.599987e-03 1.878047e-01 2.454601e-03 5.690105e-03 7.403629e-01 1.618139e+00 -2.126454e-01 3.786704e+01 1799 9.435151e-03
323678 -7.060167e-05 -1.269572e-02 8.249714e-02 1.538209e-03 1.620481e-02 2.410517e+01 4.142122e+00 9.180154e+00 2.402267e+01 3529 1.297013e-02
323750 2.736514e-03 4.500399e-03 1.408518e-01 1.100337e-02 2.401087e-02 2.060214e-01 3.271066e+00 8.257450e+00 3.855572e+01 4854 1.788395e-02
324836 3.013406e-03 -3.356352e-04 1.341336e-01 -1.020913e-02 8.035999e-03 2.425109e-01 -3.753880e+00 4.684420e+00 1.228474e+01 2140 8.731844e-03
325336 -1.763562e-05 -1.269461e-02 8.735358e-02 -5.631941e-04 1.508578e-02 1.554710e+01 -1.641946e+00 6.021918e+00 1.545974e+01 4340 1.643385e-02
326455 -8.720573e-03 -9.091452e-03 1.124339e-01 1.161195e-02 1.240221e-02 1.032406e+01 7.664712e+00 8.828075e+00 1.021163e+01 1647 6.532280e-03
326815 -1.255445e-02 2.564552e-02 6.881902e-02 -1.666551e-02 3.001417e-02 6.952069e-02 -5.268534e+00 4.356532e+00 1.141529e+00 2284 1.086136e-02
327941 -2.717634e-02 -1.155333e-04 1.806024e-01 2.257527e-02 1.171226e-03 9.485261e-01 1.735509e+01 -3.684630e+00 3.501750e+01 4514 1.912466e-02
329641 -1.247171e-02 1.219626e-03 1.024689e-01 1.604405e-02 -2.875959e-03 5.226285e+00 9.371786e+00 -4.608911e+00 5.123816e+00 3023 1.291518e-02
330320 7.886503e-03 -9.929277e-03 1.026341e-01 -1.225698e-02 1.248318e-02 3.323005e+01 -1.189156e+01 6.641453e+00 3.312742e+01 880 3.167007e-03
330475 -1.832100e-02 -1.140075e-02 5.653837e-02 1.991605e-02 1.113986e-02 4.893184e-01 3.447712e+00 -1.395758e+00 4.327801e-01 1347 5.066026e-03
331233 -3.728780e-03 -1.623394e-02 1.621136e-01 -3.709818e-03 -1.710353e-02 5.794684e-01 3.108292e-01 -1.206920e+01 2.804705e+01 6851 2.625157e-02
332438 1.056254e-02 -2.338484e-03 1.643786e-01 1.351591e-02 1.936294e-03 6.936439e-01 -4.856020e+00 1.652006e+00 1.619186e+01 3849 1.823942e-02
332735 -1.225300e-02 3.318009e-03 1.026349e-01 1.274694e-02 -3.994881e-03 2.513551e+01 6.875084e-01 -1.720553e+00 2.503288e+01 5651 2.038833e-02
332845 1.081792e-02 -6.520279e-03 8.258049e-02 -1.634237e-02 3.961456e-03 2.405255e+01 -1.498234e+01 -7.605767e+00 2.396997e+01 5128 1.803315e-02
332891 -4.520157e-03 1.086878e-03 1.442418e-01 -9.289933e-03 2.270194e-04 3.865129e-01 5.283403e+00 -7.593862e-01 1.224448e+01 3180 1.833976e-02
332971 4.160143e-03 3.823376e-03 1.558935e-01 -7.566537e-03 -1.082791e-02 7.162378e-01 -1.447733e+00 -3.985570e+00 2.382325e+01 1859 8.147877e-03
334720 -1.104916e-02 6.147241e-03 9.237889e-02 1.695843e-02 -6.959578e-03 1.338999e+01 1.605614e+01 -1.939798e+00 1.329761e+01 6528 2.408382e-02
334790 1.996804e-03 -1.250407e-02 1.174291e-01 -3.394537e-03 1.497431e-02 1.840966e+01 -3.833427e+00 6.256325e+00 1.829223e+01 7284 2.670524e-02
334813 -9.903891e-03 -4.656801e-03 1.691266e-01 1.116010e-02 5.251802e-03 3.120911e-01 -2.248922e+00 -1.055452e+00 1.560204e+01 2842 1.548737e-02
335159 -5.851287e-03 -1.067346e-03 1.571937e-01 3.519634e-03 4.482513e-03 1.791423e+00 3.015991e+00 -1.294401e-01 1.327447e+01 2319 1.268471e-02
336425 -2.323136e-02 3.372741e-04 1.353929e-01 9.792808e-03 3.372723e-05 2.489094e-01 1.730340e+01 -4.316492e-01 3.144531e+00 3541 1.704090e-02
336480 2.711976e-02 2.125426e-03 6.694173e-02 3.486270e-02 4.985718e-03 6.835877e-02 1.848115e+01 7.320752e+00 3.725087e+00 2656 1.025539e-02
343111 2.541540e-04 1.277649e-03 1.407038e-01 -7.065296e-03 2.642257e-03 2.673383e-01 4.094702e+00 -2.688915e+00 2.120395e+01 2975 1.352407e-02
343886 4.880107e-03 4.719655e-03 1.554532e-01 -3.318618e-03 -9.464688e-03 2.217032e+00 2.355093e+00 8.721137e-01 2.454049e+01 3895 1.695402e-02
344254 -2.163716e-03 -1.247796e-02 8.747653e-02 2.225532e-03 1.557708e-02 1.091698e+01 4.962340e-02 8.034492e+00 1.082950e+01 9446 3.523138e-02
345047 8.704290e-03 -5.033927e-03 1.358770e-01 -4.891776e-02 2.969025e-02 2.374552e-01 1.243223e+01 -7.392562e+00 8.548654e+00 3625 1.472810e-02
346856 2.070232e-02 6.113049e-03 5.659644e-02 -2.405196e-02 -8.150905e-03 -3.111685e+00 -8.267092e+00 -5.404038e+00 -3.168281e+00 2553 8.389384e-03
346950 2.791234e-02 1.118133e-03 1.727161e-01 3.613758e-02 -4.770354e-04 5.376772e-01 3.237423e+00 -1.690662e+00 2.309370e+01 3561 1.664327e-02
348308 9.183906e-03 -1.795401e-03 1.378372e-01 2.524870e-02 -9.782812e-03 4.275689e-01 1.000004e+01 -5.528910e+00 9.391676e+00 7786 3.195604e-02
348900 -2.170440e-03 1.244007e-02 8.740361e-02 1.673090e-03 -1.255502e-02 1.361737e+00 -1.530487e+00 3.939859e-01 1.274333e+00 1612 7.184583e-03
348938 1.713638e-03 -3.030020e-03 1.474751e-01 -2.019225e-04 4.161757e-03 2.625351e-01 -1.777602e+00 -6.628505e-01 1.781299e+01 2758 1.240617e-02
349820 1.218704e-02 -3.255807e-03 1.024022e-01 -1.414877e-02 3.139739e-03 2.883304e+00 -4.838034e+00 -5.160195e-01 2.780901e+00 4331 1.743678e-02
355097 1.788404e-02 -2.707524e-03 1.656968e-01 -1.275560e-02 3.923112e-03 1.029412e+00 1.081203e+01 -1.649535e+00 1.554245e+01 4781 2.063558e-02
360608 -1.469156e-03 -1.350067e-04 1.463133e-01 -1.661113e-03 -1.234129e-02 2.168496e-01 7.151366e-01 -1.240972e+00 2.261484e+01 6229 2.513650e-02
361145 -9.381627e-03 -8.555769e-03 1.175277e-01 1.461085e-02 6.263088e-03 1.769607e+01 1.423124e+01 -6.971483e+00 1.757854e+01 5770 2.098145e-02
361837 -3.974120e-03 6.204815e-03 1.436250e-01 -2.078838e-02 2.821444e-02 2.174193e-01 1.346260e-01 -6.761435e-01 2.376356e+01 3136 1.265806e-02
362129 2.455505e-03 6.696221e-04 1.575258e-01 -1.145975e-02 -2.106281e-03 4.529736e-01 -6.829295e+00 -1.037938e+00 3.458358e+01 4915 1.823294e-02
363675 1.076160e-02 -6.549101e-03 1.024913e-01 -1.260433e-02 9.275250e-03 1.763369e+01 -4.584209e+00 7.323369e+00 1.753120e+01 4792 1.773135e-02
365681 2.381909e-03 1.220880e-02 1.561233e-01 -1.625385e-03 4.470974e-03 2.344936e+00 -1.025808e+00 -1.120092e+01 2.002082e+01 4864 1.967407e-02
367841 5.685406e-04 6.906012e-03 1.482093e-01 -6.204688e-04 -1.647043e-03 3.635638e-01 -8.565243e-03 -7.380182e+00 3.250590e+01 11018 4.141589e-02
370070 8.482618e-03 -7.962503e-03 1.993408e-01 -2.173428e-02 1.280939e-02 9.821872e+00 -3.344696e+00 3.762976e+00 1.536761e+01 2843 2.101708e-02
370156 -1.065196e-02 -1.874180e-02 5.656862e-02 1.140039e-02 1.894594e-02 3.078513e+00 1.498960e+00 -5.061231e-01 3.021944e+00 3990 1.432101e-02
370492 -2.604256e-03 1.994782e-03 1.413586e-01 -2.098857e-03 1.643153e-02 2.162865e-01 1.327724e+00 8.429598e-01 2.477234e+01 3534 2.133066e-02
370602 -5.114843e-03 -9.940345e-04 1.411272e-01 1.222147e-02 -1.471724e-03 2.398910e-01 2.277550e+00 -1.524714e+00 1.092870e+01 9000 3.665036e-02
373380 -1.892093e-02 1.419330e-02 1.972090e-01 2.245401e-02 -1.557505e-02 4.189913e+00 8.145826e-01 -1.610898e+00 1.463527e+01 4795 2.446555e-02
375593 1.210639e-02 3.761147e-03 9.740461e-02 -1.652905e-02 -2.985664e-03 3.185167e+01 -1.179514e+01 2.408159e+00 3.175426e+01 1049 3.748266e-03
376464 1.205859e-03 1.262863e-02 1.970209e-01 4.866830e-03 -2.494013e-04 4.131634e+00 -8.628899e-02 7.879329e+00 2.249401e+01 5166 2.308398e-02
377387 4.854189e-03 -2.223837e-02 6.841618e-02 7.824581e-03 -3.562967e-02 6.902516e-02 7.191015e+00 -3.239609e+01 1.552811e+00 1568 5.454474e-03
379209 1.892518e-02 -1.433739e-02 6.610619e-02 2.529468e-02 -1.857964e-02 6.383376e-02 1.667272e+01 -1.100315e+01 -6.391591e+00 1955 9.741313e-03
383200 9.142534e-03 -2.112502e-02 6.706405e-02 1.245218e-02 -2.782145e-02 6.610217e-02 2.555695e+00 -4.812035e+00 -1.154299e+00 4343 2.392562e-02
383321 3.380658e-03 3.309159e-03 1.464650e-01 -2.603337e-03 3.213263e-03 2.255459e-01 -1.440691e+00 -3.238772e+00 1.516061e+01 7618 3.016844e-02
383463 4.477998e-03 -2.532472e-03 1.371991e-01 -6.171986e-03 2.094616e-03 2.486928e-01 -8.389160e+00 -2.288605e+00 1.466479e+01 2180 9.623090e-03
384550 -1.235391e-02 2.600952e-03 1.275678e-01 1.349623e-02 -2.745498e-03 5.219806e+00 2.513436e+00 -2.580855e-01 5.092239e+00 2821 1.686023e-02
384881 -6.944899e-03 -1.062168e-02 9.249850e-02 5.808745e-03 1.399595e-02 2.521138e+01 -3.611055e+00 8.919119e+00 2.511889e+01 3964 1.444503e-02
385409 1.023895e-02 -1.744071e-03 1.420869e-01 3.776797e-02 -2.639363e-03 2.177986e-01 -5.153226e+00 9.777411e-01 2.128993e+01 4466 1.784864e-02
385430 -4.949702e-04 -4.149528e-03 1.380846e-01 -7.675074e-03 3.330739e-03 2.431224e-01 1.887880e+00 1.928225e+00 2.204355e+01 9424 3.655699e-02
385543 1.196668e-02 -4.246443e-03 1.811395e-02 -1.725978e-02 1.740590e-03 -5.123187e+00 -1.426236e+01 -7.324743e+00 -5.141301e+00 2937 1.043411e-02
387792 -2.133713e-02 -3.251741e-03 5.657667e-02 2.302447e-02 -1.630990e-04 1.910257e+01 3.534156e+00 -9.835289e+00 1.904599e+01 2339 8.451307e-03
391271 -9.704204e-03 8.178067e-03 8.257708e-02 1.371033e-02 -1.345718e-02 2.022064e+01 1.075719e+01 -1.444175e+01 2.013806e+01 2820 9.917264e-03
392066 -1.189351e-02 4.001080e-03 1.024909e-01 1.722667e-02 -3.418925e-03 4.041394e+01 1.437974e+01 1.875842e+00 4.031145e+01 5982 2.093157e-02
392127 2.389548e-02 -4.233179e-03 6.600219e-02 3.137594e-02 -6.556520e-03 6.231440e-02 1.458799e+01 -4.767536e+00 -8.166354e+00 2176 9.318613e-03
393261 -1.953228e-02 4.938899e-03 1.766469e-01 2.826815e-02 -4.052109e-03 3.903529e-01 3.368850e+00 1.637002e+00 2.499686e+01 3844 1.747152e-02
393320 1.265374e-02 6.030558e-04 7.753154e-02 -1.939902e-02 1.100654e-03 1.474658e+01 -1.832529e+01 4.848067e+00 1.466905e+01 4801 1.690655e-02
394148 -5.033030e-03 1.165373e-02 1.810987e-02 5.077916e-03 -1.355525e-02 -1.262345e+01 -1.639872e-01 -4.698750e+00 -1.264156e+01 7257 2.550850e-02
394812 1.267896e-02 6.290277e-04 1.225748e-01 -1.466689e-02 2.018663e-03 6.553074e+00 -4.883615e+00 7.516448e+00 6.430499e+00 2314 1.007301e-02
401161 1.432518e-02 2.513937e-02 6.643866e-02 2.228780e-02 4.325892e-02 6.371789e-02 9.759265e+00 2.304204e+01 -3.993890e+00 4989 2.111364e-02
401313 8.387893e-03 1.924747e-02 1.870411e-01 1.779852e-04 1.072008e-02 9.585299e-01 5.034022e+00 1.117247e+01 1.384092e+01 4908 2.542769e-02
401437 1.070739e-02 4.139777e-03 1.875816e-01 5.646041e-03 -1.131496e-03 1.697342e+00 5.563058e+00 2.855579e+00 2.113306e+01 6568 2.873152e-02
401698 -7.639276e-04 3.089552e-04 1.469675e-01 3.876249e-03 3.911504e-04 5.404492e-01 -4.707312e-01 -2.958114e-01 1.991338e+01 4153 1.571359e-02
402455 2.160944e-04 -1.535759e-02 1.766418e-01 -4.451224e-03 -8.235762e-03 1.662098e+00 1.283581e+00 1.296639e+01 2.991379e+01 4570 1.909168e-02
407143 -2.252169e-02 -1.702121e-02 1.983849e-01 -2.292885e-02 -1.681754e-02 8.361414e-01 -3.540172e+00 2.253441e+00 2.145674e+01 5548 2.738275e-02
408055 2.264468e-03 -1.010503e-02 1.545744e-01 -6.782114e-03 9.648327e-03 3.773609e-01 3.652175e+00 -9.804171e+00 1.766407e+01 11743 4.466708e-02
409781 2.311333e-02 -3.258753e-04 6.768037e-02 3.914118e-02 -1.636606e-03 6.712796e-02 1.388690e+01 -1.362660e+00 -6.238520e-01 1351 5.149313e-03
411098 2.830651e-02 3.673010e-03 1.486136e-01 -3.327113e-02 -2.852590e-03 1.059439e+00 8.793298e+00 1.580084e+00 7.108374e+00 4020 2.102775e-02
412683 1.191559e-02 -4.292134e-03 9.238692e-02 -1.401873e-02 1.864809e-03 5.409488e-01 -5.253227e+00 -7.105529e+00 4.485619e-01 1917 7.830202e-03
412824 1.042908e-02 -2.423965e-02 6.520498e-02 2.429173e-02 -3.821375e-02 5.364459e-02 -7.125903e+00 1.591675e+01 -2.965341e+00 2811 1.058853e-02
414150 4.320928e-03 -1.652588e-03 1.374049e-01 2.428549e-02 5.926710e-03 2.309232e-01 -1.018514e+01 -6.890532e-01 1.813087e+01 4887 2.002694e-02
414642 1.266034e-03 2.764005e-03 1.345127e-01 -8.701766e-03 -1.155257e-02 2.050378e-01 -1.389231e+00 -2.498151e+00 2.132557e+01 1660 8.254796e-03
415119 -9.784637e-04 6.950025e-03 1.758518e-01 -2.815663e-03 -1.104881e-02 1.186896e+00 -2.171147e+00 -1.970008e-01 2.614173e+01 8246 3.106154e-02
417071 -1.241574e-04 -1.389727e-02 1.453332e-01 -2.617492e-03 -3.178937e-02 3.999054e-01 -8.719987e-01 -1.999613e+00 1.512235e+01 6046 2.536506e-02
417962 8.236029e-03 1.418948e-03 1.412479e-01 9.654754e-03 6.819934e-03 6.259706e-01 -6.888323e+00 -2.124736e+00 3.173242e+00 1677 1.018738e-02
422745 4.542137e-03 3.838044e-03 1.460939e-01 1.491716e-02 8.739784e-03 3.597564e-01 3.435633e+00 1.138664e+00 1.289099e+01 1324 6.184779e-03
423391 -1.407703e-03 2.152406e-02 5.655084e-02 2.268679e-03 -2.448934e-02 1.141323e+01 2.351045e+00 -7.133743e+00 1.135668e+01 3864 1.433986e-02
423942 -1.772671e-02 -1.567485e-02 6.964201e-02 -3.694456e-02 -2.486012e-02 7.626781e-02 -7.517481e+00 -1.906297e+00 4.609308e+00 8552 3.390212e-02
425101 -3.426738e-03 1.217073e-02 1.026100e-01 6.682252e-03 -1.730714e-02 6.549041e+00 8.999304e+00 -1.380788e+01 6.446431e+00 6258 2.222572e-02
428671 -7.436712e-03 -7.935286e-03 1.828961e-01 -8.414245e-03 -1.426027e-02 2.525176e+00 -6.314183e-01 3.516705e+00 1.448102e+01 9328 3.887223e-02
430828 4.813067e-03 1.172626e-02 1.174676e-01 -6.637439e-03 -1.348280e-02 2.208599e+01 -4.876026e+00 -4.284968e+00 2.196853e+01 1642 7.677878e-03
431787 6.812352e-03 -1.069632e-02 1.124299e-01 -7.877498e-03 1.178998e-02 -2.622419e+00 -2.615589e+00 2.471718e+00 -2.734849e+00 1481 8.400067e-03
432180 5.637093e-03 -1.133664e-02 1.126100e-01 -7.029459e-03 1.687286e-02 3.041909e+01 -3.607935e+00 1.498561e+01 3.030648e+01 1885 7.352638e-03
432270 -2.255413e-04 8.972216e-03 1.596864e-01 -1.791720e-03 -2.267309e-03 1.265490e+00 4.020503e+00 -1.403424e+01 3.027321e+01 2979 1.279271e-02
436408 -2.014711e-03 -7.806929e-03 1.697134e-01 -2.674793e-03 -8.819588e-03 6.322266e-01 6.085861e-01 2.760268e+00 2.686627e+01 2819 1.300298e-02
436605 -9.253884e-03 -8.600386e-03 8.741063e-02 1.167533e-02 1.489357e-02 2.364260e+01 6.306254e+00 1.728223e+01 2.355519e+01 8837 3.115726e-02
436800 1.224897e-02 3.220237e-03 1.176329e-01 -1.504772e-02 -3.178219e-03 1.597822e+01 -7.199171e+00 3.047655e-01 1.586058e+01 10821 3.976073e-02
439421 1.288300e-02 2.090685e-03 1.433247e-01 4.044586e-02 2.967497e-03 1.753504e-01 9.223387e+00 -1.810703e-01 1.841248e+01 5235 2.148777e-02
439649 1.002752e-02 -2.712599e-02 6.572193e-02 2.022125e-02 -5.277932e-02 6.549751e-02 2.405737e+00 -5.545264e+00 -1.354603e-01 1734 1.088477e-02
439734 -1.469276e-02 -2.248262e-02 7.548229e-02 -1.506771e-02 -2.180580e-02 2.316370e-01 -2.924523e+00 -5.316983e+00 5.519041e+00 3512 2.642069e-02
439836 2.804172e-02 -3.607422e-03 1.393433e-01 -2.854667e-02 3.578627e-03 3.052822e+00 1.936195e-01 -2.897791e-01 2.913478e+00 11787 5.249747e-02
440142 -6.901565e-03 1.046732e-02 1.224880e-01 8.453447e-03 -1.080452e-02 2.124692e+01 3.985535e+00 -3.478800e-01 2.112444e+01 2402 9.608093e-03
440627 -7.621480e-03 -1.228350e-02 1.717115e-01 -6.086742e-03 -8.443893e-03 7.979916e-01 -3.014040e+00 -6.767022e+00 2.165218e+01 2655 1.432447e-02
440870 -2.783088e-02 -2.025001e-03 6.425994e-02 3.921649e-02 -3.438329e-03 -2.278419e-01 -1.659101e+01 -1.224451e+00 -5.261126e+00 2089 1.100290e-02
443520 -3.554030e-04 3.816164e-03 1.581709e-01 2.418926e-03 1.112457e-03 4.126139e-01 -1.635050e+00 2.459279e+00 1.916549e+01 5505 2.762134e-02
444115 1.280168e-02 -4.341393e-03 1.488571e-01 7.165616e-03 3.582079e-03 4.979943e-01 -1.339625e+01 1.551473e+00 1.698940e+01 2840 1.217876e-02
444939 5.831318e-04 2.956490e-03 1.904136e-01 1.199653e-03 5.728061e-03 2.350879e-01 2.074115e-01 8.500616e-01 2.958041e+01 2629 1.248275e-02
446026 4.937470e-03 -1.157516e-02 1.074428e-01 -4.026692e-03 1.279088e-02 -4.223637e+00 2.858351e+00 2.765806e+00 -4.331080e+00 3958 1.901825e-02
446974 -2.479024e-02 5.659137e-03 6.604224e-02 -3.055062e-02 6.499738e-03 6.505390e-02 -2.617691e+01 3.748593e+00 -4.652544e+00 4634 2.130345e-02
453150 -1.248291e-02 1.050105e-03 1.225287e-01 1.204107e-02 -2.199954e-03 1.513486e+01 -1.969490e+00 -3.187816e+00 1.501233e+01 2136 8.754293e-03
453416 -3.235981e-03 -3.577768e-03 1.569200e-01 2.334964e-03 1.872937e-03 2.663951e-01 1.325184e+00 2.022107e+00 1.754944e+01 3476 1.643916e-02
453647 1.106089e-02 6.193893e-03 9.236029e-02 -1.161528e-02 -4.361928e-03 2.006070e+01 -9.271615e-01 5.533432e+00 1.996834e+01 8788 3.087116e-02
455503 7.989641e-03 -9.785994e-03 1.175029e-01 -8.085559e-03 9.599130e-03 6.186919e+00 1.906400e-01 -1.093327e+00 6.069416e+00 3290 1.358140e-02
456085 -9.718838e-03 -1.923457e-02 5.656334e-02 9.674557e-03 2.254124e-02 2.141198e+00 -6.866318e-01 8.230508e+00 2.084635e+00 8066 2.864620e-02
456738 3.111871e-03 -1.217357e-02 1.025602e-01 -1.524049e-03 1.455501e-02 3.168215e+01 4.665622e+00 6.024537e+00 3.157959e+01 1825 6.842928e-03
458772 8.076411e-03 -9.794791e-03 9.237513e-02 -1.228317e-02 1.434946e-02 1.168737e+01 -1.141806e+01 1.230166e+01 1.159499e+01 5038 1.853743e-02
460889 1.278681e-02 -2.346422e-02 7.022245e-02 1.988499e-02 -3.339402e-02 7.697456e-02 4.160725e+00 -4.867496e+00 6.465366e+00 6703 2.424868e-02
463828 -1.618838e-02 -2.660592e-03 1.379404e-01 2.587911e-02 7.928919e-03 7.774238e-01 1.798337e+00 2.452797e+00 7.711293e+00 3165 1.511801e-02
465012 1.688461e-02 -1.341969e-02 5.657022e-02 -1.991683e-02 1.292149e-02 -1.299427e+01 -7.590911e+00 -2.182844e+00 -1.305084e+01 7860 2.772358e-02
465748 1.811135e-02 2.106444e-02 6.581545e-02 2.978388e-02 2.362571e-02 6.138556e-02 2.555383e+00 -3.528235e+00 -3.015315e+00 3560 1.782439e-02
467903 7.257540e-03 -1.944539e-02 1.722896e-01 -8.647443e-03 2.572648e-02 5.676517e+00 -2.814606e+00 1.363155e+01 2.966669e+01 4759 1.903154e-02
469246 7.146553e-03 2.551944e-03 1.731643e-01 3.593044e-03 2.373379e-03 1.223381e+00 3.656293e+00 9.695095e-01 1.462155e+01 1855 1.156238e-02
469953 -1.199786e-02 -9.528902e-03 1.457140e-01 4.162170e-03 -5.951154e-03 1.106022e+00 -8.187916e+00 -4.877709e+00 5.060981e+00 5473 2.640089e-02
471083 1.227293e-02 2.992880e-03 1.125139e-01 -1.438982e-02 -4.078122e-03 2.335213e+01 -5.271416e+00 -2.893041e+00 2.323961e+01 9798 3.463930e-02
471614 4.806521e-03 1.158031e-02 1.075080e-01 -6.035384e-03 -1.154239e-02 2.107704e+01 -3.194005e+00 7.762042e-01 2.096954e+01 2358 8.950193e-03
473113 3.387429e-03 -3.191811e-03 1.792824e-01 3.974688e-03 -1.703800e-03 8.216005e-01 1.051972e-01 2.026226e+00 2.103804e+01 6550 2.661304e-02
474614 -1.248759e-02 -2.033734e-04 1.532536e-01 5.377869e-03 1.386025e-06 5.368467e-01 -1.017193e+01 -1.375822e-01 1.396908e+01 6566 3.061407e-02
477058 1.019407e-02 -7.471267e-03 9.743229e-02 -1.332181e-02 1.188269e-02 2.691747e+01 -8.247318e+00 1.203124e+01 2.682003e+01 9662 3.381895e-02
477113 -1.140483e-02 2.276652e-02 7.047350e-02 -1.314399e-02 4.465440e-02 8.327613e-02 3.905437e+00 -2.882098e+00 5.381232e+00 5515 2.151984e-02
477529 -6.415705e-03 -1.093324e-02 8.740238e-02 7.638108e-03 1.418434e-02 5.501870e+00 3.082779e+00 8.553141e+00 5.414467e+00 1165 5.216373e-03
479944 1.382873e-03 5.863076e-04 1.419436e-01 2.831539e-03 2.627649e-03 6.372917e-01 4.954156e+00 7.045344e+00 1.656328e+01 1689 8.004678e-03
480678 1.090180e-02 6.484778e-03 1.604946e-01 7.803816e-03 1.660359e-03 2.730110e-01 -9.012271e+00 -4.604622e+00 2.262846e+01 4608 2.118633e-02
481743 1.669297e-02 1.399075e-02 1.995762e-01 4.382960e-04 -3.155397e-04 3.682627e+00 -1.071929e+01 -8.828943e+00 3.716493e+01 9932 3.759817e-02
482246 -9.538669e-03 1.716730e-03 1.440147e-01 -1.534555e-04 3.123647e-03 4.328000e-01 9.193748e+00 -3.990463e+00 1.374712e+01 5517 2.204586e-02
482831 -1.326071e-02 1.863540e-02 9.629186e-02 -2.094821e-02 4.184014e-02 3.309917e+00 -6.358750e+00 7.956234e+00 5.743778e+00 2336 1.247044e-02
483710 -1.234438e-02 2.823646e-03 9.246323e-02 1.884262e-02 1.770084e-04 9.885338e-01 1.764522e+01 8.640420e+00 8.960706e-01 3661 1.399657e-02
484636 -2.397020e-03 1.234771e-02 1.025074e-01 4.260166e-03 -1.641698e-02 2.512329e+01 5.125161e+00 -1.078283e+01 2.502079e+01 978 3.707397e-03
488666 1.629042e-02 -9.347668e-03 1.771275e-01 -1.689226e-02 9.886697e-03 3.605175e+00 9.346296e-01 -2.568858e-01 2.004886e+01 3553 1.687305e-02
489929 7.201212e-03 -1.027296e-02 8.254461e-02 -6.893476e-03 1.359280e-02 1.177338e+01 1.285467e+00 8.785465e+00 1.169084e+01 2146 8.349220e-03
491477 -1.607940e-03 4.102536e-03 1.533632e-01 3.321421e-04 1.499178e-02 2.490154e-01 1.030237e+00 -4.844600e-01 3.215817e+01 4983 2.070742e-02
493419 2.121582e-03 -6.628641e-04 1.487917e-01 -6.331270e-03 -8.339559e-04 5.333682e-01 1.436650e-01 6.214185e-01 1.950925e+01 3046 1.563276e-02
494285 -2.357345e-04 -6.943215e-03 1.564476e-01 -3.838005e-03 7.886819e-03 1.377897e+00 2.580424e-01 -5.043198e+00 2.957796e+01 2114 9.517324e-03
494474 -1.482205e-02 2.173727e-02 6.794025e-02 -1.711897e-02 2.546117e-02 6.800958e-02 -6.829873e+00 1.118683e+01 2.296442e-01 2766 1.298154e-02
497962 9.004702e-03 -8.792535e-03 1.224381e-01 -1.061297e-02 8.455710e-03 1.335940e+01 -4.023309e+00 -1.459590e+00 1.323696e+01 3162 1.240927e-02
498031 -7.489565e-04 -1.266486e-02 9.744814e-02 1.048368e-03 1.402931e-02 1.577849e+01 8.026063e-01 3.123046e+00 1.568105e+01 10589 3.717607e-02
499708 3.009018e-03 2.768072e-03 1.904934e-01 -1.607656e-03 -6.540568e-04 2.904385e+00 -2.921341e+00 -4.256424e+00 2.164802e+01 4201 1.775542e-02
