/n/home03/calmiller/DSMC_Simulations/7_8_20_opaque_mesh/flow_4.00000_gap_0.00800_len_0.04000_T1_2.00000_T2_2.00000/data
running....
idx x y z xnext ynext znext vx vy vz collides time
250023 -2.344527e-02 -1.411154e-02 7.287817e-02 -7.907736e-02 -5.144709e-02 6.943868e-02 -3.887735e+01 -2.609118e+01 -2.403621e+00 2144 9.119719e-03
562523 2.436037e-02 1.550129e-02 6.846309e-02 5.519689e-02 3.150581e-02 7.153734e-02 4.778056e+01 2.479869e+01 4.763492e+00 2349 1.022223e-02
187741 -1.386052e-02 -1.787071e-02 7.296954e-02 -3.430322e-02 -4.212061e-02 7.576346e-02 -2.612769e+01 -3.099366e+01 3.570900e+00 3047 1.278348e-02
62948 -1.136008e-02 2.351936e-02 7.174140e-02 -1.882876e-02 3.353055e-02 7.611205e-02 -1.829609e+01 2.452448e+01 1.070683e+01 1363 6.085929e-03
688123 1.534444e-02 6.964118e-03 1.472437e-01 2.450461e-01 7.524884e-02 7.781063e-01 1.901102e+01 5.651515e+00 5.221270e+01 1625 7.972418e-03
63169 1.818551e-02 3.949350e-03 7.129839e-02 2.993895e-02 9.196973e-03 7.277249e-02 3.350042e+01 1.495711e+01 4.201583e+00 854 3.929440e-03
375819 -1.051353e-02 1.576462e-02 7.120201e-02 -2.067641e-02 3.938725e-02 7.076148e-02 -1.301846e+01 3.026013e+01 -5.643114e-01 1473 6.654862e-03
875837 -5.216167e-04 -2.464763e-02 6.829159e-02 -2.670987e-03 -3.437854e-02 6.816133e-02 -7.742098e+00 -3.505103e+01 -4.692039e-01 1060 5.083054e-03
125981 3.680751e-03 -2.594948e-02 1.497256e-01 1.319422e-01 -1.287342e+00 3.386200e+00 9.176630e-01 -9.024792e+00 2.315576e+01 1470 8.470619e-03
63491 2.460052e-02 5.827351e-03 6.711854e-02 4.644256e-02 8.595317e-03 6.718428e-02 4.425612e+01 5.608423e+00 1.332181e-01 1076 4.962690e-03
938600 -4.615028e-03 2.444988e-02 7.092876e-02 -6.253150e-03 5.226110e-02 6.850698e-02 -2.827363e+00 4.800158e+01 -4.179925e+00 2138 9.248547e-03
876139 -6.013200e-03 1.608236e-02 7.164449e-02 -1.317562e-02 2.834116e-02 7.078098e-02 -1.585000e+01 2.712796e+01 -1.910899e+00 771 3.605594e-03
313706 1.501608e-03 -1.928236e-04 1.263215e-01 -7.278188e-02 7.837179e-03 4.382309e-01 -5.068040e+00 5.478522e-01 2.128022e+01 4675 2.051546e-02
251330 -1.552823e-02 1.058698e-02 6.984827e-02 -3.179771e-02 2.634455e-02 6.581065e-02 -2.691305e+01 2.606623e+01 -6.679054e+00 1703 7.332643e-03
563796 -2.555259e-02 3.922377e-03 7.055883e-02 -3.096991e-02 3.954348e-03 7.256134e-02 -3.496004e+01 2.063194e-01 1.292293e+01 2527 1.255781e-02
188821 -1.448469e-02 -2.376866e-02 6.806567e-02 -2.669681e-02 -5.184949e-02 6.596130e-02 -1.864116e+01 -4.286388e+01 -3.212206e+00 2094 9.151665e-03
313997 -1.038974e-02 9.262518e-04 1.239991e-01 -5.852683e-01 1.581228e-01 1.313028e+00 -8.847222e+00 2.419211e+00 1.829882e+01 2441 1.242573e-02
2193 -1.827206e-02 4.090243e-03 6.970221e-02 -4.913857e-02 1.224797e-02 7.675998e-02 -5.948291e+01 1.572076e+01 1.360104e+01 2271 8.970975e-03
314451 -7.225816e-03 -1.164502e-02 2.060949e-01 -3.124742e+00 -4.462676e+00 2.786015e+01 -7.049122e+00 -1.006438e+01 6.252952e+01 4514 1.978842e-02
314476 9.553476e-04 -1.070521e-02 1.322737e-01 -2.977371e-01 -1.017589e+00 2.043517e+00 -6.776645e+00 -2.284389e+01 4.336173e+01 2528 1.189673e-02
377004 -2.082082e-02 1.772089e-02 6.869022e-02 -3.625808e-02 3.021045e-02 6.881237e-02 -3.204423e+01 2.592550e+01 2.535600e-01 3783 1.537797e-02
939763 -8.386548e-03 1.377906e-02 6.987448e-02 -2.103651e-02 3.046232e-02 7.490668e-02 -3.910151e+01 5.156858e+01 1.555472e+01 2944 1.202955e-02
3356 1.749740e-02 9.600214e-03 1.667358e-01 3.399757e+00 2.181228e+00 7.344958e+00 1.853865e+01 1.190300e+01 3.934487e+01 1287 7.570002e-03
440039 -1.256781e-02 -4.644957e-03 6.858260e-02 -3.401236e-02 -8.381299e-03 7.462641e-02 -4.916678e+01 -8.566460e+00 1.385690e+01 1389 5.896479e-03
252759 -9.614803e-03 1.310258e-02 7.129948e-02 -1.996787e-02 2.883965e-02 7.371911e-02 -3.517085e+01 5.346110e+01 8.219802e+00 1661 6.726378e-03
565231 -1.553666e-02 1.563669e-02 7.100922e-02 -3.038777e-02 3.570953e-02 7.327069e-02 -2.076048e+01 2.805997e+01 3.161326e+00 1297 5.719983e-03
627870 -2.759103e-02 6.861254e-03 6.756967e-02 -1.580138e-01 4.411842e-02 8.432930e-02 -4.234246e+01 1.209574e+01 5.441104e+00 1001 4.599931e-03
565320 -2.770896e-02 1.533278e-03 7.173780e-02 -4.967383e-02 -1.079738e-03 7.056105e-02 -4.340256e+01 -5.163318e+00 -2.325245e+00 3083 1.268808e-02
503198 -4.027985e-03 -4.305480e-03 1.169491e-01 -1.877457e-02 -5.235359e-02 1.831668e-01 -7.281760e+00 -2.372582e+01 3.269786e+01 2253 1.016426e-02
815724 3.410682e-03 2.200317e-02 6.890097e-02 6.864580e-03 3.351024e-02 7.027510e-02 1.480786e+01 4.933415e+01 5.891307e+00 2165 8.903882e-03
378529 -6.673290e-03 2.219194e-02 6.698411e-02 -6.563007e-03 2.963404e-02 6.529198e-02 3.309229e-01 2.233120e+01 -5.077518e+00 3200 1.400925e-02
628766 -4.007292e-03 4.022524e-03 1.700776e-01 -3.993543e-01 2.292570e-01 2.591931e+00 -3.331745e+00 1.898140e+00 2.040992e+01 779 6.907315e-03
4994 7.332927e-03 -3.432422e-03 1.265657e-01 1.410409e-01 -1.019465e-01 3.918257e-01 1.474175e+01 -1.086151e+01 2.924580e+01 1599 7.829463e-03
878677 2.308518e-02 1.233343e-02 6.971139e-02 3.901976e-02 2.065897e-02 7.041402e-02 1.759150e+01 9.191246e+00 7.756842e-01 3429 1.602974e-02
66224 1.437994e-02 1.874493e-02 6.618396e-02 2.334960e-02 2.863162e-02 6.157496e-02 1.834678e+01 2.022247e+01 -4.952130e+00 1457 6.255781e-03
691313 6.979952e-03 -1.057019e-02 1.202419e-01 7.392685e-02 -1.686704e-01 1.938951e-01 7.142553e+00 -1.686768e+01 7.858037e+00 2045 1.039853e-02
191307 -3.004091e-03 -4.497610e-03 1.326156e-01 -2.639145e-01 -1.413149e-01 1.582628e+00 -9.573812e+00 -5.020355e+00 5.320656e+01 1695 8.226078e-03
503865 4.482209e-03 -2.613578e-03 1.402877e-01 1.578625e-03 -5.952930e-02 3.435917e-01 -6.985838e-01 -1.369356e+01 4.891364e+01 2440 1.122430e-02
504007 1.543289e-02 1.611937e-02 6.938078e-02 2.548085e-02 2.260335e-02 7.230402e-02 3.702549e+01 2.389266e+01 1.077178e+01 1260 5.331948e-03
66583 -6.116102e-03 -8.702678e-03 2.207785e-01 -4.840074e-01 -8.745880e-01 5.008503e+00 -2.729996e+00 -4.946446e+00 2.735030e+01 1358 1.175235e-02
754277 4.022124e-04 -6.623842e-03 1.163079e-01 2.095518e-03 -1.637154e-01 1.435261e-01 3.029035e-01 -2.810101e+01 4.868871e+00 4247 1.758122e-02
5954 -3.015186e-03 2.424104e-02 7.290345e-02 -3.724710e-03 2.988955e-02 7.338570e-02 -7.393814e+00 5.886198e+01 5.025456e+00 704 3.272626e-03
816830 1.927632e-03 -6.918480e-03 1.209110e-01 -1.086457e-01 -3.870977e-01 8.335656e-01 -5.902510e+00 -2.029433e+01 3.804218e+01 3605 1.642146e-02
629636 -7.236174e-03 1.451882e-04 1.174023e-01 -2.227972e-01 5.080149e-03 3.297341e-01 -1.528274e+01 3.498764e-01 1.505380e+01 1509 7.693754e-03
66991 -2.153847e-02 -1.766773e-02 6.919162e-02 -3.705204e-02 -3.223450e-02 6.817430e-02 -2.345378e+01 -2.202238e+01 -1.538014e+00 3218 1.334211e-02
692286 2.567540e-02 1.169526e-02 7.424907e-02 6.419599e-02 3.292138e-02 9.054821e-02 2.510056e+01 1.383124e+01 1.062075e+01 1517 6.817148e-03
692751 -2.411499e-02 -5.146136e-03 6.603452e-02 -4.357920e-02 -1.251407e-02 6.342261e-02 -3.030038e+01 -1.146984e+01 -1.125317e+00 2556 1.107128e-02
67719 -2.811271e-02 1.035498e-02 6.655353e-02 -3.143602e-02 1.128849e-02 6.629901e-02 -4.233451e+01 1.189172e+01 -3.242287e+00 1704 7.415677e-03
630618 -1.918251e-02 1.624768e-02 7.092924e-02 -2.751679e-02 2.212175e-02 7.045472e-02 -3.093839e+01 2.180564e+01 -1.761480e+00 927 4.163947e-03
880518 -2.357329e-02 -3.131853e-03 6.888293e-02 -4.931885e-02 -6.321716e-03 6.806213e-02 -5.860610e+01 -7.261269e+00 -1.868439e+00 696 3.026973e-03
7572 4.826297e-03 -2.628776e-02 7.258497e-02 5.195318e-03 -7.223207e-02 7.294458e-02 2.339365e-01 -2.912587e+01 2.279734e-01 658 3.652588e-03
818125 2.251954e-02 -8.961566e-03 7.227010e-02 1.045762e-01 -4.956751e-02 7.719753e-02 3.691791e+01 -1.826892e+01 2.216888e+00 1694 8.447640e-03
631184 2.108090e-02 1.313912e-02 7.239037e-02 2.913420e-02 2.099764e-02 7.685051e-02 2.622583e+01 2.559150e+01 1.452458e+01 1602 6.951347e-03
568691 -1.800940e-02 -3.966505e-03 2.882255e-01 -2.317045e+00 1.381899e+00 1.263928e+01 -1.318676e+01 7.949022e+00 7.084290e+01 847 6.704203e-03
506352 1.584481e-02 -2.157442e-02 6.689438e-02 2.736411e-02 -3.968137e-02 5.617022e-02 1.592269e+01 -2.502857e+01 -9.835351e+00 1446 6.543192e-03
443977 1.741451e-03 -7.591602e-03 1.291743e-01 8.847521e-02 -1.188110e-01 4.781272e-01 4.314760e+00 -5.532854e+00 1.735942e+01 2039 1.209762e-02
694236 -2.276228e-02 -1.485706e-02 6.319612e-02 -2.848000e-02 -1.837986e-02 5.971325e-02 -3.441383e+01 -2.120305e+01 -2.096274e+01 1086 5.457890e-03
256882 -1.455873e-02 2.401782e-02 6.245080e-02 -2.921786e-02 5.809433e-02 5.094298e-02 -1.542906e+01 3.586625e+01 -1.211223e+01 1781 9.576101e-03
944484 -1.697563e-02 -7.738930e-03 6.848630e-02 -3.032274e-02 -2.171470e-02 6.599328e-02 -3.163442e+01 -3.312442e+01 -5.908778e+00 2454 1.202090e-02
944633 -4.928962e-04 -1.704210e-04 1.249847e-01 9.454643e-02 -6.866400e-02 4.662640e-01 1.223790e+01 -8.819691e+00 4.394540e+01 1249 6.207938e-03
319844 -1.902822e-02 -8.677398e-03 7.087709e-02 -3.654480e-02 -1.369924e-02 7.335466e-02 -3.813359e+01 -1.093254e+01 5.393678e+00 1974 8.201044e-03
194933 -8.078701e-03 2.277847e-02 7.149096e-02 -1.182924e-02 3.045272e-02 7.167904e-02 -1.963412e+01 4.017486e+01 9.846041e-01 605 2.904458e-03
132557 1.498776e-02 -2.177918e-02 7.109318e-02 2.581376e-02 -3.200464e-02 7.220610e-02 1.135042e+01 -1.072078e+01 1.166830e+00 3375 1.495582e-02
132733 1.231387e-02 6.818182e-03 1.271861e-01 1.304878e-01 3.859835e-02 3.128236e-01 2.176791e+01 5.853980e+00 3.419486e+01 1343 7.420231e-03
257868 -2.716736e-02 4.690043e-03 7.050800e-02 -4.728511e-02 1.025328e-02 6.921674e-02 -3.560526e+01 9.846050e+00 -2.285328e+00 2133 8.969124e-03
195264 2.414431e-02 -1.582396e-02 6.542019e-02 4.737892e-02 -2.258750e-02 5.605276e-02 2.882269e+01 -8.390212e+00 -1.080116e+01 1541 8.141383e-03
883029 -8.686392e-03 2.419952e-02 7.263502e-02 -1.918675e-02 5.390571e-02 7.161629e-02 -9.269597e+00 2.622430e+01 -8.993280e-01 1117 7.206671e-03
70529 -1.068023e-02 2.462535e-02 6.763718e-02 -2.141277e-02 4.488608e-02 6.526042e-02 -2.569831e+01 4.851292e+01 -5.690995e+00 1532 8.250206e-03
695861 -2.472236e-02 -1.194713e-03 7.126788e-02 -3.847882e-02 -9.198817e-03 7.690755e-02 -3.222043e+01 -1.874723e+01 1.320926e+01 1194 5.044312e-03
570768 9.994090e-03 1.271841e-02 1.584908e-01 4.869161e-01 5.299292e-01 2.686105e+00 8.385180e+00 9.093532e+00 4.444018e+01 3149 1.455725e-02
445856 -1.563630e-02 -1.736330e-02 7.114687e-02 -2.715807e-02 -3.508571e-02 7.714835e-02 -2.047614e+01 -3.149575e+01 1.066564e+01 1338 5.756265e-03
820925 -1.692632e-02 8.307412e-03 7.219768e-02 -3.285642e-02 1.529473e-02 7.158427e-02 -5.117078e+01 2.244469e+01 -1.970394e+00 997 4.543699e-03
383505 1.969666e-02 -5.250533e-03 7.228356e-02 2.856520e-02 -1.021012e-02 7.577443e-02 3.920690e+01 -2.192585e+01 1.543280e+01 2059 8.701665e-03
883737 -7.634612e-03 -2.835506e-03 1.342481e-01 -4.310466e-01 1.015608e-03 1.419868e+00 -1.218586e+01 1.108357e-01 3.700033e+01 1357 6.910016e-03
571258 2.058157e-02 1.510471e-02 6.986342e-02 3.629517e-02 2.984343e-02 5.463128e-02 2.350790e+01 2.204945e+01 -8.505327e+00 2359 1.276679e-02
571306 -5.696617e-03 9.712273e-03 1.785024e-01 -1.967961e-01 3.930730e-01 2.161101e+00 -5.500768e+00 1.103497e+01 5.706878e+01 5095 2.259917e-02
446393 -1.117175e-03 2.228710e-02 7.300022e-02 -8.695954e-03 7.419115e-02 9.610620e-02 -6.726295e+00 4.606573e+01 2.050695e+01 4324 1.781244e-02
946574 -4.168960e-03 -2.880944e-03 1.192442e-01 -6.990444e-03 -5.039250e-02 3.139242e-01 -6.442343e-01 -1.084840e+01 4.445162e+01 3379 1.421535e-02
571767 -2.578427e-02 -1.175214e-04 7.256250e-02 -4.869881e-02 1.983523e-04 6.910222e-02 -3.717240e+01 5.124163e-01 -5.613331e+00 2725 1.136615e-02
571827 -1.338639e-02 -1.502721e-02 7.146959e-02 -2.521367e-02 -2.547797e-02 7.427691e-02 -2.928345e+01 -2.587528e+01 6.950707e+00 1827 7.652614e-03
509461 6.636628e-03 2.280688e-02 1.462060e-01 -2.253738e-02 1.718811e-01 3.960888e-01 -2.624362e+00 1.341005e+01 2.247834e+01 3674 1.781839e-02
697131 -1.114886e-02 -2.435169e-02 7.262813e-02 -2.800094e-02 -6.360086e-02 9.640876e-02 -1.092041e+01 -2.543408e+01 1.541022e+01 1921 8.745614e-03
884623 1.294131e-02 -5.541185e-03 2.018878e-01 6.790770e-01 -6.847723e-01 4.565761e+00 7.521771e+00 -7.669641e+00 4.927533e+01 2496 1.265289e-02
134692 -3.465518e-03 -1.184468e-03 1.201740e-01 -9.355022e-02 9.962271e-03 3.017627e-01 -2.331400e+01 2.884785e+00 4.699529e+01 1743 7.491305e-03
13263 1.072339e-02 -1.874965e-02 7.000025e-02 1.785912e-02 -2.733842e-02 7.512648e-02 1.940740e+01 -2.335931e+01 1.394206e+01 753 3.608608e-03
384593 -1.931165e-02 7.126882e-03 6.927448e-02 -3.790354e-02 1.663334e-02 7.569706e-02 -3.825833e+01 1.956235e+01 1.321636e+01 1360 6.065452e-03
259990 -1.469187e-02 1.385881e-02 6.856271e-02 -2.538405e-02 2.272687e-02 6.570568e-02 -2.854420e+01 2.367448e+01 -7.627200e+00 1410 5.989692e-03
384951 -2.297997e-02 4.156143e-03 7.295046e-02 -3.094121e-02 5.385339e-03 7.376730e-02 -5.161797e+01 7.969689e+00 5.296137e+00 1691 7.214643e-03
385292 2.868472e-03 -2.361756e-03 1.627733e-01 1.029992e+00 5.030058e-01 7.218015e+00 1.175683e+01 5.784622e+00 8.075688e+01 4121 1.757484e-02
635787 -1.034149e-02 -1.836796e-02 1.916204e-01 -4.143550e+00 -4.817120e+00 1.993385e+01 -1.020433e+01 -1.184746e+01 4.874087e+01 2146 1.099904e-02
510522 2.217945e-03 2.225710e-03 1.171279e-01 -9.296045e-03 -3.536231e-02 1.777115e-01 -5.752644e+00 -1.877981e+01 3.026887e+01 2320 1.038555e-02
760453 1.290192e-03 -9.600744e-03 1.437212e-01 -1.626997e-02 -1.849109e-01 5.615997e-01 -1.231951e+00 -1.229907e+01 2.931669e+01 3392 1.645570e-02
323122 -1.804593e-02 -1.966899e-02 6.982058e-02 -2.041527e-02 -2.240284e-02 5.974166e-02 -2.592858e+01 -2.991759e+01 -6.760408e+00 3096 1.262776e-02
886083 -2.616307e-03 2.742177e-02 7.098098e-02 -1.235804e-03 4.474153e-02 6.860764e-02 2.667924e+00 3.347170e+01 -4.586644e+00 1128 5.308610e-03
15193 -3.925749e-03 -2.633619e-04 1.178724e-01 2.829141e-02 -2.631609e-02 2.698243e-01 1.359427e+01 -1.099314e+01 6.411726e+01 1107 5.026696e-03
886556 1.654176e-02 2.056078e-02 7.155700e-02 2.889936e-02 3.489413e-02 7.414938e-02 1.661459e+01 1.927096e+01 3.485411e+00 4074 1.854839e-02
15776 -7.114636e-03 1.566142e-02 1.831173e-01 -4.176867e-02 9.808621e-02 6.585671e-01 -3.762137e+00 8.948261e+00 5.161614e+01 1526 7.927736e-03
636892 -2.710069e-02 -1.201872e-03 6.733892e-02 -3.853330e-02 -3.701983e-03 6.601655e-02 -2.574556e+01 -5.630099e+00 -2.977905e+00 2438 1.031132e-02
574067 2.287032e-03 -2.555790e-02 6.670516e-02 3.261799e-03 -3.225828e-02 5.964702e-02 4.988315e+00 -3.428879e+01 -1.958863e+01 1994 8.476586e-03
824067 3.477529e-03 -1.784397e-02 1.570635e-01 5.490346e-01 -9.362054e-01 2.103423e+00 7.903537e+00 -1.330439e+01 2.819709e+01 2935 1.423373e-02
199513 -5.237819e-03 -2.576639e-03 1.210958e-01 -1.022106e-01 2.776083e-03 1.787224e-01 -1.865973e+01 1.029984e+00 1.108865e+01 2586 1.241383e-02
387044 -1.839642e-02 -1.088184e-02 7.033777e-02 -3.541371e-02 -1.482431e-02 7.936438e-02 -4.666322e+01 -1.081068e+01 2.475191e+01 5397 2.209410e-02
512122 -7.413636e-03 2.254498e-02 7.092501e-02 -9.206813e-03 3.154521e-02 7.128308e-02 -9.594365e+00 4.815557e+01 1.915867e+00 1217 5.496365e-03
324761 -1.926348e-03 -9.570242e-03 1.620751e-01 -4.053066e-02 -2.740450e-01 1.426612e+00 -1.655734e+00 -1.134329e+01 5.423580e+01 2558 1.224391e-02
949774 1.298582e-02 -2.563862e-02 6.923106e-02 1.634772e-02 -3.517994e-02 7.016986e-02 2.425748e+01 -6.884450e+01 6.773892e+00 886 3.915320e-03
387299 6.993825e-03 5.209778e-03 1.200490e-01 2.351418e-02 2.246491e-02 1.262805e-01 2.310610e+01 2.413379e+01 8.715682e+00 4941 2.180411e-02
824715 -2.302885e-02 5.139699e-03 7.310283e-02 -8.693862e-02 3.976761e-02 8.084103e-02 -2.455472e+01 1.330437e+01 2.973091e+00 1382 6.424517e-03
574884 2.099147e-02 1.020854e-02 6.960853e-02 3.930180e-02 1.782689e-02 6.835982e-02 2.965488e+01 1.233847e+01 -2.022379e+00 2075 8.808137e-03
762479 -4.220061e-03 2.838272e-04 1.170720e-01 -7.169631e-02 5.383263e-02 5.860993e-01 -7.667667e+00 6.085022e+00 5.329794e+01 3842 1.604245e-02
387532 -1.058260e-02 -1.859100e-02 6.724221e-02 -2.494347e-02 -3.643487e-02 6.597264e-02 -2.376030e+01 -2.952299e+01 -2.100527e+00 1751 7.123034e-03
638315 2.320015e-02 -4.099515e-03 7.201629e-02 3.918454e-02 -4.566695e-03 7.198999e-02 3.877951e+01 -1.133418e+00 -6.380271e-02 1609 7.085373e-03
200506 -4.992909e-04 2.311467e-03 1.233215e-01 1.801092e-02 2.912616e-02 2.316013e-01 7.416343e+00 1.074364e+01 4.338363e+01 6500 2.669612e-02
638525 -3.379193e-03 6.835489e-03 1.163177e-01 -2.284682e-02 2.026625e-02 1.181161e-01 -2.527352e+01 1.743626e+01 2.334761e+00 2196 1.026062e-02
638562 -5.953366e-03 -8.654081e-03 1.457984e-01 -1.124309e+00 -2.299939e+00 4.778308e+00 -5.705382e+00 -1.168918e+01 2.363312e+01 2705 1.333881e-02
700832 -1.416177e-02 2.401196e-03 1.274907e-01 -2.517822e-01 1.303774e-01 4.144918e-01 -1.814467e+01 9.772249e+00 2.191538e+01 834 4.880175e-03
513249 1.206168e-02 1.687220e-02 7.230300e-02 2.478468e-02 2.951820e-02 7.240127e-02 3.043481e+01 3.025060e+01 2.350601e-01 3224 1.287008e-02
75723 1.218139e-02 -1.878788e-02 7.224667e-02 3.067737e-02 -6.269011e-02 8.066515e-02 1.201409e+01 -2.851675e+01 5.468234e+00 2944 1.237842e-02
200769 -1.557694e-02 -2.501608e-02 7.299096e-02 -3.138242e-02 -5.087999e-02 7.333541e-02 -2.141881e+01 -3.504950e+01 4.667810e-01 3564 1.444315e-02
325952 -1.521899e-02 -2.572459e-02 6.598807e-02 -1.741622e-02 -2.856921e-02 6.646030e-02 -1.098302e+01 -1.421898e+01 2.360466e+00 1962 1.152557e-02
575919 -2.784810e-03 5.075779e-03 1.237084e-01 -1.137134e-01 -1.931161e-02 7.408259e-01 -1.090593e+01 -2.397642e+00 6.067181e+01 1447 6.619108e-03
951103 1.293162e-02 -2.327372e-02 6.866015e-02 1.869993e-02 -3.305054e-02 7.032046e-02 1.140219e+01 -1.932577e+01 3.281932e+00 970 7.674545e-03
388482 -1.996341e-02 7.548053e-03 6.968195e-02 -4.408606e-02 2.117673e-02 6.992010e-02 -3.841629e+01 2.170421e+01 3.792541e-01 3731 1.560933e-02
888790 2.216081e-02 -1.722304e-02 6.538381e-02 7.329096e-02 -7.218793e-02 5.568485e-02 2.343908e+01 -2.519700e+01 -4.176819e+00 1746 9.878416e-03
201287 1.652072e-02 1.973936e-02 7.412135e-02 2.043606e-02 2.447803e-02 7.562859e-02 4.584601e+01 5.548657e+01 1.764877e+01 826 3.718200e-03
763801 2.384625e-02 1.429946e-02 7.370366e-02 3.386357e-02 1.991188e-02 7.644200e-02 4.381519e+01 2.454844e+01 1.197735e+01 2341 9.963728e-03
576548 -2.714712e-02 3.169223e-03 6.743038e-02 -3.992857e-02 3.569865e-03 6.001861e-02 -2.703446e+01 8.474124e-01 -5.776447e+00 1514 6.967533e-03
264357 5.204200e-03 -2.160931e-03 1.357715e-01 9.391277e-02 -4.932416e-02 4.303450e-01 1.165129e+01 -6.194579e+00 3.869029e+01 2572 1.199035e-02
576680 4.948219e-03 -1.964406e-02 6.887778e-02 7.582431e-03 -2.946521e-02 6.595093e-02 7.021992e+00 -2.618013e+01 -7.802067e+00 2377 1.343162e-02
20082 -2.507936e-02 -1.425904e-02 7.190303e-02 -2.779533e-02 -1.583410e-02 7.254577e-02 -4.359148e+01 -2.527981e+01 1.031604e+01 1015 4.693220e-03
389704 -7.939352e-04 2.970229e-04 1.518023e-01 -3.771168e-02 5.625963e-03 4.082086e-01 -5.404958e+00 7.801858e-01 3.753927e+01 1555 8.065354e-03
452363 1.937554e-02 -1.541442e-02 7.308696e-02 4.094551e-02 -3.049125e-02 7.837333e-02 2.259261e+01 -1.579163e+01 5.536998e+00 1462 6.751876e-03
140098 -1.528932e-03 -2.481425e-02 6.938310e-02 -3.113428e-04 -3.152886e-02 5.704184e-02 4.488075e+00 -2.475027e+01 -1.384126e+01 1689 1.061937e-02
327749 2.915982e-02 1.401908e-03 7.285167e-02 9.603646e-02 -2.983558e-03 8.699259e-02 3.457304e+01 -2.267143e+00 7.310390e+00 2006 1.064285e-02
890464 2.684877e-02 -1.058510e-02 7.218168e-02 5.794363e-02 -3.428190e-02 7.916524e-02 3.542254e+01 -2.699484e+01 7.955508e+00 1123 5.451108e-03
265515 5.876022e-03 8.134457e-03 1.948102e-01 4.847467e-01 7.364198e-01 5.970384e+00 3.691268e+00 5.613825e+00 4.451973e+01 3156 1.629888e-02
515631 3.080131e-03 -2.369804e-02 6.524005e-02 1.664473e-02 -5.001624e-02 6.680384e-02 1.351552e+01 -2.622298e+01 1.558134e+00 2533 1.159150e-02
827931 2.009904e-02 -5.143172e-03 6.955308e-02 4.805087e-02 -2.764866e-02 6.560258e-02 3.672459e+01 -2.956889e+01 -5.190369e+00 2044 9.034902e-03
765597 1.668660e-03 1.338765e-03 1.832329e-01 1.445639e-01 -2.815508e-02 3.766605e+00 2.418021e+00 -4.990838e-01 6.063650e+01 1751 8.803653e-03
703603 -1.969774e-02 -1.991822e-02 7.107531e-02 -3.169128e-02 -3.121999e-02 7.171786e-02 -3.635886e+01 -3.426172e+01 1.947910e+00 1226 5.502003e-03
766053 2.798841e-03 -7.485973e-03 1.194199e-01 3.621040e-02 -1.350762e-01 2.288295e-01 3.381791e+00 -1.291420e+01 1.107402e+01 5032 2.137260e-02
453722 7.299449e-03 2.875342e-02 7.451868e-02 4.010172e-03 4.598544e-01 1.515199e-01 -2.371850e-01 3.108606e+01 5.552449e+00 4335 1.811920e-02
391410 -5.155453e-03 3.015874e-03 1.167147e-01 -6.980160e-02 4.182034e-02 1.858214e-01 -1.764899e+01 1.059397e+01 1.886677e+01 2740 1.215813e-02
828912 -6.139665e-03 -3.271029e-03 1.502311e-01 -1.319262e-01 -3.440972e-01 1.215330e+00 -4.924681e+00 -1.334372e+01 4.169979e+01 1564 8.704455e-03
516685 -3.146540e-03 -4.252054e-03 1.178841e-01 -1.459148e-01 -5.984807e-02 4.154826e-01 -1.581373e+01 -6.158097e+00 3.296351e+01 2155 9.691262e-03
391654 7.383354e-04 2.001159e-02 7.182657e-02 -1.490971e-03 6.410205e-02 8.118072e-02 -2.208943e+00 4.368771e+01 9.268702e+00 1904 7.950993e-03
329536 -1.617963e-03 -2.350401e-02 7.291669e-02 -1.437570e-03 -3.528039e-02 7.654636e-02 8.092443e-01 -5.282878e+01 1.628269e+01 3944 1.613939e-02
829366 2.801345e-02 -1.315128e-03 6.626057e-02 3.884755e-02 2.338693e-04 5.992703e-02 2.334569e+01 3.337833e+00 -8.602966e+00 620 4.416378e-03
829525 1.337241e-04 9.426324e-03 1.298026e-01 3.018348e-01 2.394298e-01 6.964558e-01 1.524285e+01 1.162047e+01 2.862903e+01 2969 1.404062e-02
642787 1.626265e-02 1.211726e-02 7.090877e-02 3.186485e-02 2.135523e-02 6.880723e-02 2.806691e+01 1.661827e+01 -3.780472e+00 1374 5.975066e-03
517422 -2.453016e-02 -5.996570e-03 7.402501e-02 -4.303773e-02 -8.636966e-03 8.235430e-02 -5.638726e+01 -8.044531e+00 2.537695e+01 1897 8.396176e-03
24095 2.227865e-02 9.935270e-03 7.098809e-02 3.011973e-02 1.380831e-02 7.375646e-02 2.130620e+01 1.052404e+01 7.522369e+00 1039 5.932798e-03
330248 -5.202368e-03 4.697084e-03 1.215226e-01 -4.042112e-01 1.022270e-01 1.094247e+00 -2.648901e+01 6.474719e+00 6.457630e+01 2350 1.023684e-02
830024 -1.224105e-02 2.514080e-02 7.311308e-02 -2.774811e-02 4.433218e-02 8.677439e-02 -1.186487e+01 1.468385e+01 1.045264e+01 7602 3.127363e-02
205128 3.522792e-03 1.895880e-02 1.325822e-01 3.228594e-01 1.016942e+00 9.088939e-01 5.416961e+00 1.692895e+01 1.316871e+01 2474 1.311195e-02
767926 -2.162430e-02 -9.090735e-04 6.954302e-02 -3.443021e-02 6.575160e-04 7.260755e-02 -4.117670e+01 5.037281e+00 9.853817e+00 1122 4.974132e-03
955711 -3.701170e-03 8.204675e-03 2.216705e-01 2.691202e-02 8.632969e-02 6.303561e-01 2.399441e+00 6.123385e+00 3.203249e+01 2453 1.551360e-02
580480 4.695310e-03 1.490435e-02 6.764690e-02 7.713935e-03 4.406942e-02 7.101456e-02 4.517975e+00 4.365135e+01 5.040382e+00 1799 7.385651e-03
393321 2.301541e-02 7.002715e-03 7.049352e-02 2.898357e-02 9.743696e-03 7.245424e-02 4.257474e+01 1.955321e+01 1.398712e+01 2891 1.585578e-02
456002 2.266628e-02 -7.707316e-03 7.279706e-02 3.049780e-02 -9.871488e-03 7.416972e-02 3.608916e+01 -9.972919e+00 6.325496e+00 2569 1.087096e-02
893830 -1.859459e-02 1.778825e-02 7.295457e-02 -3.359445e-02 3.292908e-02 7.264751e-02 -2.443716e+01 2.466683e+01 -5.002520e-01 827 4.038111e-03
518744 -1.912970e-02 2.196826e-02 7.199457e-02 -3.224057e-02 4.250454e-02 7.491722e-02 -2.843425e+01 4.453813e+01 6.338496e+00 2549 1.080691e-02
893931 9.302453e-05 3.524834e-03 1.182263e-01 -7.744937e-03 1.220878e-01 3.424809e-01 -8.604098e-01 1.301521e+01 2.461748e+01 3822 1.610093e-02
706553 6.680319e-03 -4.316857e-03 1.447733e-01 2.966262e-01 1.359460e-02 1.197113e+00 1.242347e+01 7.674621e-01 4.509017e+01 1097 6.119903e-03
644397 -1.475926e-02 -4.778648e-03 7.068830e-02 -3.559656e-02 -7.216647e-03 7.686409e-02 -4.762708e+01 -5.572445e+00 1.411577e+01 2289 9.222505e-03
25948 -4.483905e-04 2.080365e-02 7.210780e-02 1.441729e-03 3.798582e-02 7.508313e-02 3.421511e+00 3.110332e+01 5.385961e+00 1343 5.652670e-03
894148 7.678096e-03 1.917962e-02 1.485929e-01 2.031405e-01 3.571978e-01 7.928000e-01 7.428210e+00 1.284580e+01 2.448197e+01 1818 9.645524e-03
831258 -2.683339e-03 -2.786322e-02 7.230685e-02 3.618470e-03 -7.011225e-02 7.359051e-02 4.584546e+00 -3.073604e+01 9.338647e-01 5532 2.498561e-02
957009 -1.218914e-02 1.649410e-02 7.076986e-02 -2.419126e-02 2.038917e-02 6.712599e-02 -4.013040e+01 1.302361e+01 -1.218371e+01 2599 1.153650e-02
644973 -3.314262e-03 -2.270894e-03 1.168410e-01 -2.457969e-02 -3.090620e-02 1.744633e-01 -1.473566e+01 -1.984254e+01 3.992879e+01 2467 1.072757e-02
269773 1.557120e-02 -1.792548e-02 7.203698e-02 3.110691e-02 -3.179854e-02 7.343974e-02 3.306075e+01 -2.952256e+01 2.985141e+00 6947 2.852636e-02
332299 -2.748494e-02 1.109187e-02 2.120728e-01 -7.202853e+00 5.096758e+00 2.926848e+01 -2.102334e+01 1.490066e+01 8.513329e+01 974 5.844086e-03
207119 2.847927e-02 -9.516574e-04 7.377017e-02 5.542259e-02 1.952226e-03 7.771806e-02 2.518652e+01 2.714541e+00 3.690474e+00 1781 8.092017e-03
394656 1.331109e-02 2.151602e-02 7.256200e-02 2.448362e-02 4.142051e-02 8.313010e-02 2.052147e+01 3.656014e+01 1.941127e+01 4054 1.690522e-02
27256 -2.027851e-02 4.581995e-03 7.236228e-02 -3.934959e-02 3.934167e-03 7.556808e-02 -4.279627e+01 -1.453754e+00 7.193945e+00 3240 1.349602e-02
519949 2.255753e-02 1.229557e-02 6.752603e-02 4.467894e-02 2.107982e-02 5.079085e-02 1.875534e+01 7.447607e+00 -1.005799e+01 2937 1.273053e-02
895356 9.789797e-04 -5.250213e-03 1.449481e-01 -4.029307e-01 -9.874056e-01 4.140994e+00 -3.404169e+00 -8.277651e+00 3.367886e+01 3436 1.667498e-02
270442 1.676169e-03 2.710863e-02 6.674859e-02 1.021249e-03 3.093955e-02 6.290711e-02 -6.620130e+00 3.872411e+01 -5.299753e+00 1073 4.786261e-03
645731 1.342618e-03 5.152737e-03 1.176028e-01 -8.500576e-02 1.668762e-01 2.365691e-01 -9.254116e+00 1.733220e+01 1.274983e+01 2557 1.297876e-02
82688 3.788370e-03 1.454506e-02 7.157860e-02 6.377946e-03 4.107252e-02 7.576205e-02 2.551817e+00 2.614066e+01 4.122443e+00 2214 9.641846e-03
895495 1.677929e-02 -1.953927e-02 6.734940e-02 3.139247e-02 -4.238611e-02 5.337601e-02 1.906535e+01 -2.980757e+01 -1.233511e+01 2716 1.161969e-02
27929 -2.246769e-02 7.732894e-03 6.921052e-02 -3.572970e-02 8.710502e-03 6.825231e-02 -3.549163e+01 2.616264e+00 -2.564356e+00 1933 8.105760e-03
582866 -7.080176e-03 -1.544462e-02 1.260083e-01 -2.774872e-01 -4.373897e-01 5.274073e-01 -1.065592e+01 -1.662757e+01 1.581791e+01 1569 8.312940e-03
582923 -4.723952e-03 6.563508e-04 1.183894e-01 -1.592408e-02 2.993882e-02 3.341462e-01 -2.135285e+00 5.582652e+00 4.113366e+01 2637 1.188127e-02
28268 2.538562e-02 1.449510e-02 7.407742e-02 4.981887e-02 2.790439e-02 7.885603e-02 6.108610e+01 3.352485e+01 1.194710e+01 4480 1.849522e-02
895921 1.507617e-02 -2.181435e-02 6.960444e-02 1.991754e-02 -2.921902e-02 6.806277e-02 2.244318e+01 -3.432593e+01 -7.146758e+00 4125 1.711927e-02
28472 -1.917032e-02 -1.669185e-02 7.194722e-02 -2.328946e-02 -2.621500e-02 7.424325e-02 -1.456167e+01 -3.366547e+01 8.116753e+00 5117 2.161166e-02
271095 -8.306114e-03 2.594920e-02 6.962755e-02 -1.179162e-02 3.058563e-02 6.812556e-02 -1.618484e+01 2.152910e+01 -6.974415e+00 1524 7.083996e-03
146382 -1.452891e-02 -6.187945e-03 1.214684e-01 -1.637011e-01 -6.826332e-02 -2.707800e-02 -9.188777e+00 -3.823748e+00 -2.204582e+00 1054 7.181066e-03
896561 -8.070295e-03 1.215387e-02 1.291710e-01 -1.600711e-01 2.115430e-01 4.159145e-01 -1.882887e+01 2.469903e+01 3.551992e+01 3773 1.713188e-02
833621 -1.420435e-04 1.365620e-02 1.766235e-01 -4.351079e-02 4.555905e-01 1.748504e+00 -1.039591e+00 1.059359e+01 3.767950e+01 1407 8.668594e-03
29404 1.173641e-02 -2.004623e-02 7.177540e-02 1.879604e-02 -3.647586e-02 6.919745e-02 2.582854e+01 -6.010980e+01 -9.431753e+00 925 4.410876e-03
709509 -7.048632e-03 7.895669e-03 1.730872e-01 -2.914423e-01 2.979087e-01 2.831219e+00 -5.414222e+00 5.521201e+00 5.060491e+01 1455 7.843225e-03
709713 1.038822e-02 1.416828e-02 7.060373e-02 1.993858e-02 2.285099e-02 7.613852e-02 2.976010e+01 2.705639e+01 1.724711e+01 3851 1.583173e-02
897308 -6.622847e-03 -2.043956e-03 1.166893e-01 -3.093580e-02 3.556593e-03 1.545536e-01 -1.977028e+01 4.554132e+00 3.078967e+01 1046 5.221826e-03
834425 3.421423e-03 2.435397e-02 7.060572e-02 1.679270e-02 5.715917e-02 7.516850e-02 1.434950e+01 3.520516e+01 4.896592e+00 3639 1.607420e-02
272531 6.120823e-03 -2.398144e-02 7.297068e-02 1.207129e-02 -4.327661e-02 7.461307e-02 1.258611e+01 -4.081211e+01 3.473901e+00 2862 1.239115e-02
647895 -3.837066e-03 -2.910798e-02 7.078816e-02 -4.786450e-03 -3.398419e-02 7.070477e-02 -9.037315e+00 -4.641730e+01 -7.937687e-01 1570 6.762995e-03
209747 1.120044e-02 -1.212318e-02 7.119048e-02 2.138095e-02 -2.261352e-02 7.454575e-02 4.569749e+01 -4.708829e+01 1.506090e+01 1614 6.881614e-03
459862 1.532567e-02 2.426812e-02 7.463510e-02 2.676834e-02 5.091626e-02 8.375091e-02 1.801758e+01 4.196004e+01 1.435370e+01 2770 1.202533e-02
834663 1.418846e-03 -5.956222e-03 1.233893e-01 3.451824e-02 -1.132099e-01 5.235660e-01 3.824142e+00 -1.239156e+01 4.623446e+01 4660 1.933672e-02
710209 1.497239e-02 -1.849880e-02 6.795375e-02 3.002380e-02 -2.684922e-02 6.775554e-02 3.363286e+01 -1.865928e+01 -4.428978e-01 2173 8.946569e-03
960331 -1.887824e-04 -4.739608e-03 1.173737e-01 1.299541e-02 -3.860696e-02 1.542667e-01 1.175982e+01 -3.020846e+01 3.290723e+01 3082 1.254725e-02
460359 2.687568e-02 -1.118762e-02 6.755716e-02 6.077245e-02 -1.428811e-02 5.694065e-02 4.223322e+01 -3.863007e+00 -7.079657e+00 2819 1.325389e-02
31409 -2.289021e-02 -1.147536e-02 7.261850e-02 -4.235210e-02 -2.377560e-02 7.486723e-02 -2.842390e+01 -1.796437e+01 3.284253e+00 1025 4.987331e-03
85673 7.451718e-03 -2.448475e-02 7.313391e-02 9.141398e-03 -4.269026e-02 7.664755e-02 2.702795e+00 -2.912135e+01 5.620380e+00 1089 5.260209e-03
335823 8.554019e-03 -2.803844e-02 3.089857e-01 -7.512846e-01 -2.303127e+00 1.390916e+01 -2.429654e+00 -7.274808e+00 4.348781e+01 2065 1.318542e-02
898675 -2.119382e-02 4.992741e-03 7.202053e-02 -4.824598e-02 8.759897e-03 7.580039e-02 -5.680587e+01 7.910520e+00 7.937193e+00 2266 9.318858e-03
210803 1.561057e-02 -2.399777e-02 6.673744e-02 1.876144e-02 -2.767829e-02 6.122405e-02 2.417194e+01 -2.823520e+01 -1.701938e+01 1775 8.301904e-03
336183 1.768067e-02 -1.915157e-02 7.104727e-02 2.108854e-02 -2.159202e-02 7.193182e-02 3.975634e+01 -2.847034e+01 1.031913e+01 4229 1.764931e-02
773454 -3.541727e-03 4.892497e-03 1.209555e-01 -3.505001e-02 9.514832e-02 5.259064e-01 -3.411067e+00 9.771040e+00 4.383974e+01 2421 1.102025e-02
711428 4.307045e-03 8.466557e-03 2.095422e-01 7.151546e-01 3.174749e+00 2.463135e+01 1.358265e+00 6.050030e+00 4.666440e+01 2456 1.343609e-02
273959 4.882042e-03 -2.682287e-02 7.285474e-02 2.212237e-02 -1.057915e-01 8.600950e-02 1.271046e+01 -5.821975e+01 9.698366e+00 1845 7.631809e-03
86493 -8.873039e-03 -1.542600e-02 1.861126e-01 -6.172943e+00 -7.224856e+00 4.792108e+01 -8.032937e+00 -9.395236e+00 6.220759e+01 2139 1.080993e-02
274431 -1.839388e-03 2.570842e-02 6.783659e-02 -3.347661e-03 3.357463e-02 6.772786e-02 -1.005939e+01 5.246348e+01 -7.252037e-01 2184 9.299058e-03
649892 -2.164281e-03 5.656171e-06 1.348438e-01 -1.324894e-02 5.493257e-02 5.723600e-01 -8.914690e-01 4.417424e+00 3.518667e+01 2644 1.192127e-02
836807 3.418738e-03 -2.182107e-03 1.188134e-01 3.393378e-02 -4.557440e-03 2.987737e-01 1.054085e+01 -8.205147e-01 6.216392e+01 1678 7.149933e-03
399584 1.710668e-02 1.751172e-02 7.175820e-02 3.540490e-02 4.020808e-02 7.430317e-02 3.096679e+01 3.840993e+01 4.306942e+00 1197 4.974381e-03
462192 -4.562734e-03 -2.697421e-02 7.012494e-02 -6.697185e-03 -3.210512e-02 7.680173e-02 -1.944367e+00 -4.673977e+00 6.082190e+00 1031 5.254294e-03
87194 -1.292781e-04 -2.166149e-02 6.715873e-02 4.819021e-04 -3.267248e-02 6.562258e-02 3.220805e+00 -5.802582e+01 -8.095213e+00 1145 4.744160e-03
33915 -2.882884e-03 2.803914e-02 7.396921e-02 -1.368572e-02 6.716025e-02 7.887668e-02 -5.401561e+00 1.956108e+01 2.453797e+00 4287 2.168917e-02
462278 -3.672171e-03 -2.296596e-03 1.229402e-01 -1.050506e-02 -5.299750e-02 2.311556e-01 -2.578451e+00 -1.913243e+01 4.083602e+01 1837 8.371273e-03
650521 -3.320469e-03 1.260730e-02 1.342930e-01 1.339367e-01 1.572502e-01 6.522088e-01 5.408458e+00 5.699483e+00 2.040787e+01 4272 2.188495e-02
87574 3.510361e-03 -2.161605e-02 7.239941e-02 3.929231e-03 -3.707931e-02 7.281543e-02 7.658234e-01 -2.827157e+01 7.606160e-01 4981 2.014454e-02
212620 -2.024511e-02 1.670822e-02 6.810308e-02 -2.820670e-02 1.897939e-02 6.691416e-02 -4.075396e+01 1.162569e+01 -6.085866e+00 2288 9.813011e-03
400390 -7.228789e-03 -2.880428e-02 7.441922e-02 -4.392288e-02 -1.592894e-01 1.173583e-01 -1.055733e+01 -3.754215e+01 1.235411e+01 3122 1.278507e-02
587990 2.308247e-02 -5.390515e-03 7.188864e-02 4.400100e-02 -9.088752e-03 8.205869e-02 3.391060e+01 -5.995137e+00 1.648645e+01 5193 2.139491e-02
338268 -1.816963e-03 -5.837931e-03 1.164603e-01 -4.501041e-02 -1.171779e-01 2.856507e-01 -8.177167e+00 -2.107832e+01 3.203028e+01 2466 1.128053e-02
900980 -2.560322e-02 1.518782e-02 7.307998e-02 -9.246523e-02 6.154351e-02 1.031727e-01 -5.238064e+01 3.631570e+01 2.357509e+01 2026 8.631977e-03
837961 -2.354827e-03 3.793581e-03 1.674667e-01 1.594228e-01 -3.291366e-01 2.657691e+00 2.535018e+00 -5.216937e+00 3.902122e+01 1677 9.306606e-03
463409 -7.998627e-03 -2.510701e-02 7.319408e-02 -1.801138e-02 -1.403768e-01 9.288367e-02 -3.308647e+00 -3.809011e+01 6.506294e+00 2534 1.078092e-02
88461 6.990733e-03 -2.133798e-02 1.603327e-01 5.691576e-02 -2.303154e-01 5.047681e-01 3.370994e+00 -1.411039e+01 2.325666e+01 1063 7.876973e-03
338781 -2.203142e-02 -1.109810e-02 7.266587e-02 -3.526073e-02 -2.196332e-02 7.540870e-02 -3.056105e+01 -2.509977e+01 6.336228e+00 1436 6.298375e-03
151570 -1.699765e-02 -2.391616e-02 1.687937e-01 -6.931756e-01 -1.426343e+00 2.727693e+00 -1.134969e+01 -2.353983e+01 4.295129e+01 4278 1.923623e-02
652031 2.025453e-02 1.633486e-02 7.204417e-02 6.498560e-02 5.390110e-02 8.409613e-02 3.157482e+01 2.651730e+01 8.507249e+00 2718 1.136813e-02
526421 1.953486e-02 6.013665e-03 7.219949e-02 3.278551e-02 8.026727e-03 7.139048e-02 2.703275e+01 4.106863e+00 -1.650477e+00 1018 4.886562e-03
463916 -1.951981e-02 1.008334e-02 7.191049e-02 -2.831707e-02 1.321054e-02 7.248515e-02 -4.264024e+01 1.515754e+01 2.785371e+00 2993 1.271679e-02
401415 1.617544e-02 -1.575392e-02 7.112654e-02 2.475913e-02 -2.144228e-02 5.651370e-02 3.145447e+01 -2.084471e+01 -9.306799e+00 2650 1.124596e-02
901886 -6.639936e-03 1.765597e-02 7.197861e-02 -1.127588e-02 3.103023e-02 7.291018e-02 -8.911337e+00 2.570836e+01 1.790692e+00 1291 8.468559e-03
901914 -9.059183e-03 -1.619875e-02 6.909165e-02 -2.179572e-02 -3.916919e-02 7.067658e-02 -1.516291e+01 -2.734641e+01 1.886873e+00 2075 9.020293e-03
838841 2.281572e-02 1.278472e-03 1.499478e-01 7.538861e-01 4.559323e-03 1.304146e+00 2.138984e+01 9.599194e-02 3.376980e+01 2051 1.019889e-02
152121 -1.433067e-02 -8.012795e-03 7.195244e-02 -3.142092e-02 -2.446314e-02 7.523247e-02 -3.341125e+01 -3.216024e+01 6.412438e+00 1498 6.396635e-03
714658 6.250308e-03 2.384122e-02 7.196629e-02 8.656975e-03 7.619926e-02 6.929247e-02 1.930083e+00 4.198976e+01 -2.144332e+00 2542 1.070450e-02
526980 -2.363492e-02 1.154534e-03 1.313117e-01 -1.380846e-01 9.385129e-04 1.233865e-01 -5.529117e+00 -1.043608e-02 -3.828702e-01 2982 1.769185e-02
89516 1.036826e-03 2.789818e-02 7.886625e-02 1.171049e-02 7.957705e-02 1.132240e-01 4.274341e+00 2.069515e+01 1.375879e+01 1066 6.872379e-03
527147 1.385806e-02 1.911466e-02 6.999402e-02 2.600392e-02 3.443233e-02 6.776514e-02 3.121035e+01 3.936073e+01 -5.727378e+00 1528 6.325081e-03
277590 1.134786e-02 -2.635113e-02 7.253554e-02 1.770543e-02 -4.592675e-02 7.427403e-02 1.739097e+01 -5.354862e+01 4.755591e+00 1585 7.072557e-03
89810 2.866855e-02 -6.248725e-03 6.750264e-02 7.863496e-02 -3.271736e-02 5.419338e-02 4.523971e+01 -2.396477e+01 -7.681417e+00 5410 2.448080e-02
777176 -5.243441e-03 -3.182942e-03 1.200585e-01 -6.203225e-02 -1.110132e-01 2.557363e-01 -6.920323e+00 -1.314027e+01 1.653379e+01 1027 5.874803e-03
215197 2.572891e-02 -4.451543e-03 7.518968e-02 3.114540e-02 -6.457136e-03 7.842386e-02 1.740808e+01 -6.445787e+00 1.039433e+01 1309 9.633878e-03
715734 -3.450701e-03 1.793282e-03 1.190629e-01 -9.615019e-02 -3.196450e-02 2.101189e-01 -1.299111e+01 -4.730892e+00 1.276080e+01 1648 8.298019e-03
38323 2.688463e-03 -1.812838e-03 1.181533e-01 1.442724e-02 3.667582e-02 1.915259e-01 7.833344e+00 2.568367e+01 4.896187e+01 2582 1.121212e-02
715826 -2.910654e-02 -3.565655e-03 6.701752e-02 -1.016919e-01 -6.844412e-03 3.892861e-02 -3.085031e+01 -1.393540e+00 -1.029990e+01 778 4.189942e-03
340728 5.439195e-03 1.777519e-03 1.184180e-01 4.009545e-02 2.694833e-02 1.894291e-01 1.951467e+01 1.417349e+01 3.998582e+01 2363 1.049396e-02
528253 -2.581163e-02 -8.921635e-03 1.707994e-01 -1.004948e-01 -2.674915e-02 3.277677e-01 -1.288410e+01 -3.075547e+00 2.707969e+01 1437 8.545537e-03
590628 2.470027e-02 -1.449005e-02 7.354213e-02 8.876557e-02 -4.122668e-02 7.942319e-02 4.553566e+01 -1.900358e+01 4.180080e+00 1617 6.983538e-03
341070 2.428991e-02 1.641203e-02 7.151653e-02 5.998667e-02 4.583927e-02 7.761853e-02 3.389519e+01 2.794208e+01 5.794038e+00 1441 6.608749e-03
654262 1.206879e-04 1.800162e-02 6.998375e-02 -1.872905e-04 3.037422e-02 6.952876e-02 -8.716567e-01 3.501757e+01 -1.287722e+00 3299 1.342368e-02
590968 -1.920264e-02 -9.148931e-03 7.291418e-02 -3.296623e-02 -1.248437e-02 7.310987e-02 -3.269998e+01 -7.924437e+00 4.649420e-01 3686 1.506193e-02
341356 -1.402089e-02 -8.661886e-03 6.692449e-02 -2.984662e-02 -1.561232e-02 6.894401e-02 -5.405923e+01 -2.374205e+01 6.898494e+00 1558 6.319661e-03
841008 3.628174e-03 -6.736135e-03 1.176652e-01 -1.823444e-02 -1.694750e-01 3.658587e-01 -3.023846e+00 -2.250862e+01 3.432796e+01 4560 1.940904e-02
841216 -1.842001e-02 -1.163401e-02 7.250531e-02 -3.544892e-02 -1.835910e-02 7.709933e-02 -4.368396e+01 -1.725176e+01 1.178496e+01 1098 4.625937e-03
39878 -1.184801e-02 1.739466e-02 7.088372e-02 -2.648845e-02 2.474522e-02 7.609897e-02 -2.808777e+01 1.410210e+01 1.000549e+01 977 4.661724e-03
967085 5.613111e-03 1.710122e-02 7.263147e-02 1.174591e-02 3.329113e-02 7.301319e-02 1.287246e+01 3.398187e+01 8.012196e-01 1216 5.172361e-03
40146 -2.158685e-02 1.216605e-02 1.449173e-01 -7.513303e-01 4.676218e-01 1.008774e+00 -1.228834e+01 7.669539e+00 1.454670e+01 3206 1.700518e-02
154652 -1.191667e-03 -5.360221e-03 1.154787e-01 -2.835263e-04 -3.378640e-02 2.075658e-01 1.567824e-01 -4.907527e+00 1.589803e+01 3767 1.663035e-02
591821 3.933770e-03 1.416099e-03 1.577011e-01 2.732678e-01 2.455431e-02 2.821790e+00 4.818197e+00 4.139265e-01 4.765870e+01 3288 1.518382e-02
279854 1.578968e-03 2.788763e-02 7.053456e-02 1.379876e-03 3.277988e-02 6.959849e-02 -1.061098e+00 2.607415e+01 -4.988910e+00 2033 9.395520e-03
217266 -1.564220e-02 2.734834e-03 7.247345e-02 -4.644735e-02 8.044283e-03 7.472076e-02 -3.450920e+01 5.947864e+00 2.517531e+00 869 3.912792e-03
779723 -2.391058e-03 2.608248e-02 7.287050e-02 -3.113376e-03 4.508056e-02 7.799580e-02 -1.969338e+00 5.179665e+01 1.397369e+01 2857 1.205963e-02
155284 -1.849976e-02 1.290377e-02 7.196778e-02 -2.855631e-02 1.974377e-02 7.168878e-02 -3.158965e+01 2.148583e+01 -8.763957e-01 2515 1.028940e-02
467499 -1.130516e-02 1.728068e-02 7.070279e-02 -1.713661e-02 2.769937e-02 7.055302e-02 -2.689637e+01 4.805413e+01 -6.907785e-01 1304 5.767112e-03
467579 -1.869190e-02 -1.745814e-02 7.198156e-02 -2.413857e-02 -2.128004e-02 7.240146e-02 -3.014193e+01 -2.115041e+01 2.323725e+00 5155 2.042887e-02
92800 -1.353657e-02 -1.589473e-02 6.978393e-02 -2.368028e-02 -2.084830e-02 6.991200e-02 -2.729669e+01 -1.333003e+01 3.446288e-01 3532 1.621890e-02
343086 2.247225e-02 -8.113938e-03 7.280235e-02 3.555015e-02 -1.445069e-02 7.541833e-02 4.696996e+01 -2.275878e+01 9.395432e+00 1261 5.887153e-03
780249 -1.898626e-02 2.030614e-02 6.628265e-02 -7.330646e-02 9.010804e-02 1.838249e-02 -1.675953e+01 2.153614e+01 -1.404280e+01 2882 1.432977e-02
155801 1.393249e-02 -1.352553e-03 7.001961e-02 4.149032e-02 -2.948251e-03 6.751175e-02 4.628079e+01 -2.679826e+00 -4.211713e+00 2267 9.378040e-03
468083 -3.725895e-04 4.956989e-03 1.174660e-01 -1.522476e-03 3.874384e-02 3.872493e-01 -2.232142e-01 6.558651e+00 5.236993e+01 1801 7.921156e-03
156000 -1.715091e-02 -8.646202e-03 1.801639e-01 -1.551389e-01 -7.161428e-02 8.178863e-01 -4.557137e+00 -2.079559e+00 2.106117e+01 1045 1.372399e-02
593151 7.964406e-03 1.452401e-02 1.960704e-01 1.705006e+00 3.662474e+00 1.824508e+01 4.425931e+00 9.513952e+00 4.707231e+01 1355 8.058137e-03
656788 -2.874870e-02 1.793399e-03 7.005566e-02 -3.353331e-02 1.994606e-03 7.076584e-02 -3.118678e+01 1.311498e+00 4.629053e+00 3267 1.451359e-02
718906 1.069960e-02 2.497465e-02 7.364216e-02 3.450459e-02 6.724048e-02 8.958411e-02 3.210526e+01 5.700299e+01 2.150055e+01 3970 1.669581e-02
968969 2.026642e-02 -9.854580e-04 7.042560e-02 3.453254e-02 5.871924e-03 7.640474e-02 3.113708e+01 1.496685e+01 1.305003e+01 862 4.190939e-03
43056 2.776743e-02 6.059455e-03 7.190917e-02 1.180523e-01 2.455591e-02 1.009744e-01 3.351549e+01 6.866243e+00 1.078957e+01 2843 1.213259e-02
468988 1.770267e-02 5.817546e-03 7.156931e-02 3.412778e-02 1.392973e-02 7.542496e-02 3.399427e+01 1.678939e+01 7.979842e+00 2941 1.195904e-02
93933 2.054354e-02 5.642193e-03 7.178881e-02 2.961682e-02 9.724922e-03 7.401270e-02 3.539362e+01 1.592617e+01 8.675094e+00 936 4.278071e-03
282042 1.980047e-03 1.777931e-02 6.720420e-02 4.530500e-03 3.219719e-02 6.698834e-02 5.855128e+00 3.309942e+01 -4.955453e-01 1315 5.360087e-03
843987 5.173892e-03 2.630366e-02 7.310036e-02 1.605151e-02 1.002946e-01 7.651867e-02 6.752488e+00 4.593131e+01 2.121988e+00 2132 9.155566e-03
94388 2.585372e-02 -1.437607e-02 7.658619e-02 1.877743e-01 -8.712422e-02 1.634485e-01 2.475103e+01 -1.112022e+01 1.327769e+01 1598 7.598814e-03
282325 -1.138672e-02 -2.473551e-03 1.512278e-01 -1.392669e-01 3.653552e-02 1.045801e+00 -7.304818e+00 2.228291e+00 5.110015e+01 939 5.472548e-03
594394 1.875613e-02 6.351352e-03 6.730462e-02 5.817603e-02 -1.333194e-02 7.281922e-02 3.896572e+01 -1.945652e+01 5.451056e+00 1814 7.960631e-03
594520 -1.535127e-02 1.854548e-02 7.052999e-02 -3.375653e-02 3.543404e-02 8.092210e-02 -1.440836e+01 1.322104e+01 8.135347e+00 2318 1.184063e-02
282574 7.387514e-03 -2.186122e-02 1.641015e-01 1.594910e-01 -2.788314e-01 6.351943e-01 6.115382e+00 -1.033159e+01 1.894048e+01 2328 1.386377e-02
594684 -2.134603e-02 4.343124e-03 6.863002e-02 -3.425087e-02 5.358197e-03 6.853780e-02 -5.419865e+01 4.263171e+00 -3.873085e-01 4173 1.720213e-02
219811 2.292988e-02 -3.862732e-03 7.164893e-02 5.127059e-02 5.285294e-03 7.446767e-02 3.161588e+01 1.020521e+01 3.144494e+00 2168 9.223456e-03
720310 1.373198e-02 2.117526e-02 7.001633e-02 1.813101e-02 2.865238e-02 6.973667e-02 2.413107e+01 4.101610e+01 -1.534069e+00 2106 8.750291e-03
658381 -1.449647e-02 -2.473578e-02 6.623673e-02 -2.986794e-02 -5.190153e-02 5.374003e-02 -2.217972e+01 -3.919785e+01 -1.472240e+01 4538 1.864944e-02
720482 -4.566765e-03 -2.761848e-02 6.764795e-02 -8.227624e-03 -9.009100e-02 4.580044e-02 -2.326993e+00 -3.971011e+01 -1.063530e+01 2747 1.140592e-02
908162 2.611215e-02 7.459213e-03 7.294815e-02 6.843197e-02 2.360300e-02 7.223780e-02 3.687301e+01 1.406598e+01 -6.189213e-01 1450 6.553339e-03
44973 2.268812e-02 -1.000724e-03 6.915582e-02 3.278005e-02 1.926750e-04 6.556772e-02 3.670998e+01 4.341060e+00 -1.305190e+01 783 3.799255e-03
45550 -1.272909e-02 -2.137115e-02 7.140042e-02 -2.674737e-02 -4.293317e-02 7.507256e-02 -2.753582e+01 -4.235381e+01 7.213110e+00 2072 8.652213e-03
721164 -4.807299e-03 2.753154e-03 1.231407e-01 -5.033491e-02 2.896915e-02 2.906248e-01 -1.169718e+01 6.735545e+00 4.303087e+01 1240 5.959624e-03
45708 2.155195e-02 3.890359e-03 6.945297e-02 3.552629e-02 6.814898e-04 7.735853e-02 1.441673e+01 -3.310455e+00 8.155830e+00 1639 7.635558e-03
533480 -1.308949e-02 2.433750e-02 7.349442e-02 -3.196460e-02 6.546512e-02 1.084238e-01 -1.149352e+01 2.504361e+01 2.126936e+01 3433 1.461750e-02
45885 -2.586539e-03 -4.095533e-03 1.500102e-01 -4.676379e-03 -5.315325e-02 4.218272e-01 -2.167578e-01 -5.088257e+00 2.819281e+01 1346 7.864725e-03
346229 -2.876873e-02 6.855435e-03 7.422353e-02 -5.431823e-02 8.101733e-03 9.228476e-02 -1.699686e+01 8.291029e-01 1.201527e+01 4409 1.909657e-02
408490 -8.534958e-03 -2.813572e-02 1.504492e-01 -8.234222e-01 -2.308147e+00 2.726160e+00 -1.089623e+01 -3.048707e+01 3.444100e+01 2560 1.193824e-02
533795 -3.573913e-03 -2.206654e-02 1.591022e-01 -2.769220e-01 -4.743222e+00 9.759107e+00 -1.468823e+00 -2.536890e+01 5.158516e+01 2360 1.162334e-02
659666 1.682474e-02 -1.563756e-02 6.706962e-02 3.336810e-02 -3.970368e-02 7.189659e-02 2.446620e+01 -3.559171e+01 7.138675e+00 1674 7.435306e-03
659720 -9.720063e-04 2.858668e-02 7.354126e-02 -2.735123e-03 8.752484e-02 9.000591e-02 -9.997019e-01 3.341842e+01 9.335591e+00 1275 6.045708e-03
596186 3.239102e-03 3.166349e-03 1.309596e-01 1.375179e-01 1.369017e-01 6.237132e-01 7.352591e+00 7.322836e+00 2.698129e+01 2064 9.935207e-03
721812 9.278285e-03 -2.548344e-02 7.239250e-02 2.134774e-02 -5.201215e-02 6.996811e-02 1.460088e+01 -3.209278e+01 -2.932875e+00 3896 1.666611e-02
783859 -8.390399e-04 6.704905e-03 1.226631e-01 -3.635495e-02 5.062589e-02 2.095916e-01 -1.707434e+01 2.111509e+01 4.179105e+01 3272 1.372844e-02
46789 -1.926894e-02 8.524758e-03 6.993961e-02 -3.872988e-02 1.421464e-02 6.884740e-02 -4.586604e+01 1.341005e+01 -2.574159e+00 3314 1.410978e-02
846620 2.262299e-02 -7.870619e-03 6.734846e-02 3.455329e-02 -1.412501e-02 5.833977e-02 2.804373e+01 -1.470176e+01 -1.055849e+01 1790 8.047446e-03
472003 -8.015241e-04 3.733811e-03 1.183328e-01 -2.418222e-02 2.107864e-02 2.107975e-01 -9.626733e+00 7.141533e+00 3.807127e+01 1450 6.964151e-03
534613 -1.055075e-02 -2.446027e-02 6.697165e-02 -2.740191e-02 -7.262616e-02 7.466510e-02 -1.824057e+01 -5.213727e+01 8.327791e+00 2108 9.001565e-03
222014 5.754244e-03 -1.889548e-02 7.071953e-02 1.140599e-02 -3.845151e-02 8.120784e-02 1.390487e+01 -4.811331e+01 2.580416e+01 4229 1.762665e-02
472161 2.561690e-02 1.298953e-02 6.998206e-02 4.787758e-02 1.343769e-02 6.521274e-02 2.736110e+01 5.508429e-01 -5.862072e+00 9962 4.135290e-02
722760 5.014126e-03 1.938487e-02 7.284854e-02 6.392578e-03 3.527219e-02 7.349189e-02 4.634782e+00 5.341808e+01 2.163164e+00 3174 1.284897e-02
972795 -8.203788e-03 -1.975384e-02 1.832173e-01 -7.100802e-01 -2.356503e+00 9.252869e+00 -3.648719e+00 -1.214764e+01 4.714877e+01 2094 1.218118e-02
347712 -2.245588e-02 1.471821e-03 1.554246e-01 -1.356700e+00 -3.229687e-01 2.170011e+00 -1.626599e+01 -3.955307e+00 2.456016e+01 1445 8.397809e-03
910563 2.711292e-03 2.243203e-03 1.372922e-01 1.446166e-01 1.458567e-02 5.184681e-01 1.076958e+01 9.367033e-01 2.892847e+01 5038 2.272369e-02
285890 -1.602063e-03 -2.254781e-03 1.186263e-01 -1.259740e-03 -6.441677e-02 1.811339e-01 1.814005e-01 -3.294023e+01 3.312338e+01 1396 6.283487e-03
535899 -1.670362e-02 -2.374828e-02 7.467731e-02 -1.736625e-01 -2.894114e-01 1.841765e-01 -3.368524e+01 -5.701447e+01 2.349982e+01 2054 8.640899e-03
410737 -2.537427e-03 -2.331756e-02 7.198774e-02 -2.732615e-03 -5.410034e-02 6.944386e-02 -3.525538e-01 -5.560056e+01 -4.594825e+00 828 5.187815e-03
973834 -1.368499e-02 -1.313131e-02 1.470784e-01 -1.084355e+00 -7.385346e-01 2.738235e+00 -1.766175e+01 -1.196624e+01 4.274368e+01 2199 1.047730e-02
661960 2.623749e-02 -2.935065e-03 7.282304e-02 3.043844e-02 -1.770972e-03 7.219572e-02 2.648433e+01 7.338864e+00 -3.954891e+00 833 4.160225e-03
598464 1.085573e-02 1.831130e-02 6.917242e-02 1.548515e-02 2.789453e-02 6.752392e-02 1.675063e+01 3.467506e+01 -5.964781e+00 1721 7.562009e-03
724196 8.805023e-03 1.985526e-02 6.875488e-02 1.465885e-02 2.680263e-02 7.126167e-02 2.088213e+01 2.478309e+01 8.942380e+00 1924 1.094923e-02
662239 2.604964e-03 2.002997e-03 1.173566e-01 -6.502837e-03 3.111310e-02 1.911871e-01 -4.345655e+00 1.388947e+01 3.522714e+01 659 5.928878e-03
911934 3.829736e-04 -5.443982e-03 1.198487e-01 -4.172887e-02 -8.082767e-02 2.246623e-01 -1.365317e+01 -2.444031e+01 3.398185e+01 1134 5.992289e-03
974302 2.207839e-02 -1.582324e-04 7.129476e-02 5.559387e-02 3.740387e-03 7.601466e-02 3.663170e+01 4.261107e+00 5.158744e+00 1526 6.559376e-03
349326 4.241028e-03 -2.461523e-04 1.207299e-01 3.141314e-02 6.926885e-02 3.858359e-01 3.913398e+00 1.001173e+01 3.818125e+01 3538 1.503259e-02
662872 -2.408206e-02 -4.565466e-03 6.659896e-02 -4.640836e-02 -1.319241e-02 6.583218e-02 -3.132840e+01 -1.210538e+01 -1.075947e+00 1385 7.903562e-03
50621 -9.167870e-04 3.412045e-03 1.182120e-01 -3.909081e-02 -6.195945e-02 4.427217e-01 -5.092418e+00 -8.720563e+00 4.328963e+01 1348 6.259528e-03
50683 -1.059115e-02 1.890209e-02 7.154537e-02 -1.551322e-02 3.303920e-02 7.087425e-02 -1.002429e+01 2.879164e+01 -1.366797e+00 1358 6.099051e-03
349630 1.979033e-03 -7.477683e-03 1.314064e-01 2.714160e-03 -4.644995e-02 2.789342e-01 3.488715e-01 -1.849517e+01 7.001266e+01 991 4.992594e-03
663028 -1.227958e-02 2.737031e-02 7.391400e-02 -7.326896e-02 1.043634e-01 1.180445e-01 -2.203407e+01 2.781585e+01 1.594335e+01 2989 1.292060e-02
224617 2.125683e-02 1.344827e-02 6.978560e-02 6.268528e-02 4.705549e-02 6.748026e-02 4.618709e+01 3.746748e+01 -2.570143e+00 2675 1.105740e-02
787128 -3.435139e-03 -1.984590e-02 6.903520e-02 -7.046377e-03 -2.957377e-02 7.085158e-02 -1.434176e+01 -3.863352e+01 7.213587e+00 1684 7.245257e-03
663377 -1.490526e-02 -1.720961e-02 7.281641e-02 -2.347016e-02 -2.688464e-02 7.637177e-02 -3.183628e+01 -3.596270e+01 1.321549e+01 1278 5.299238e-03
599800 -9.034776e-03 -2.630570e-03 1.222256e-01 -3.454046e-01 -9.236877e-02 6.659758e-01 -1.590383e+01 -4.242894e+00 2.570895e+01 5848 2.520803e-02
599883 -6.126867e-03 -1.256074e-02 1.651435e-01 1.711785e-01 -1.465292e+00 4.840377e+00 7.525201e-01 -6.165687e+00 1.984265e+01 1229 7.906385e-03
849931 -1.638745e-02 5.851738e-03 6.838777e-02 -3.116636e-02 1.034875e-02 6.638182e-02 -3.718067e+01 1.131355e+01 -5.046550e+00 2918 1.378726e-02
225358 2.661439e-02 5.183599e-03 6.684263e-02 3.873552e-02 5.820244e-03 6.775521e-02 3.064554e+01 1.609614e+00 2.307250e+00 2196 9.413164e-03
412843 1.305382e-02 1.415529e-02 7.090862e-02 1.909511e-02 2.426067e-02 6.825668e-02 1.597310e+01 2.671850e+01 -7.011701e+00 810 3.811824e-03
538122 -1.769258e-03 3.951646e-03 1.166348e-01 -1.775975e-02 -1.207112e-01 2.888870e-01 -1.764744e+00 -1.375806e+01 1.901012e+01 1015 5.390727e-03
163621 2.188934e-02 1.360223e-02 6.906916e-02 3.317493e-02 2.291938e-02 7.004824e-02 4.557431e+01 3.762519e+01 3.953804e+00 2208 9.500039e-03
52588 1.973021e-02 2.100966e-02 7.329110e-02 5.152078e-02 4.591085e-02 7.315603e-02 3.541935e+01 2.774356e+01 -1.504873e-01 2356 9.864106e-03
52600 -2.937302e-03 3.729354e-03 1.157590e-01 -1.222363e-02 4.041086e-02 2.070477e-01 -4.433709e+00 1.751338e+01 4.358527e+01 3377 1.397003e-02
164054 3.068547e-03 -2.335461e-02 1.649113e-01 2.621471e-02 -3.480586e-01 8.779486e-01 9.322251e-01 -1.307764e+01 2.871798e+01 3492 1.787100e-02
976477 1.092192e-02 -1.948990e-02 6.730929e-02 2.573377e-02 -4.119986e-02 6.633268e-02 2.307154e+01 -3.381631e+01 -1.521213e+00 1620 7.327874e-03
289087 -1.136639e-02 -1.987177e-02 7.245394e-02 -2.239306e-02 -3.685271e-02 7.051496e-02 -1.654983e+01 -2.548654e+01 -2.910202e+00 3335 1.385300e-02
850808 -1.010046e-02 -2.251646e-02 7.062215e-02 -1.265799e-02 -3.036413e-02 6.959642e-02 -1.124275e+01 -3.449785e+01 -4.509080e+00 1953 8.699541e-03
164220 -1.623669e-03 9.396337e-03 1.624872e-01 -1.226125e-01 5.102221e-01 2.155447e+00 -3.224031e+00 1.334567e+01 5.310707e+01 3572 1.557606e-02
226295 -1.581572e-02 -2.299879e-02 6.324138e-02 -5.819939e-02 -4.315045e-02 6.139016e-02 -2.510845e+01 -1.193802e+01 -1.096678e+00 1106 5.866599e-03
539085 2.497331e-02 1.453200e-02 6.150831e-02 5.050631e-02 1.587531e-02 5.765918e-02 2.179219e+01 1.146503e+00 -3.285201e+00 1160 7.453622e-03
53501 -7.397957e-03 1.162454e-02 1.300869e-01 -5.351195e-01 4.821933e-01 1.005272e+00 -1.888552e+01 1.684019e+01 3.132015e+01 1220 6.741967e-03
665140 -1.362122e-02 1.569924e-02 7.081256e-02 -1.961214e-02 2.381661e-02 6.970631e-02 -2.643901e+01 3.582345e+01 -4.882110e+00 2218 9.490184e-03
539247 -2.683237e-02 -8.595831e-03 7.260592e-02 -3.309715e-02 -1.048833e-02 7.208982e-02 -3.151289e+01 -9.519560e+00 -2.596082e+00 1899 1.010804e-02
914803 -8.538194e-03 -1.486605e-02 7.098207e-02 -1.377823e-02 -2.751324e-02 7.592847e-02 -1.385984e+01 -3.345171e+01 1.308318e+01 1663 7.151409e-03
352000 -2.721737e-02 -1.301710e-03 7.347684e-02 -3.585034e-02 -2.633481e-03 7.596196e-02 -2.986369e+01 -4.606944e+00 8.596668e+00 1517 7.054585e-03
539439 -2.257750e-02 1.578420e-02 7.074018e-02 -3.230889e-02 2.255728e-02 7.473442e-02 -2.586294e+01 1.800069e+01 1.061543e+01 2352 1.029368e-02
101876 -1.709373e-02 -3.628115e-03 1.417219e-01 -9.028977e-01 -1.750362e-01 2.483734e+00 -1.104222e+01 -2.136732e+00 2.919496e+01 791 5.087759e-03
601852 1.322135e-02 -1.240649e-02 7.006598e-02 3.667146e-02 -2.966216e-02 8.259408e-02 2.720191e+01 -2.001642e+01 1.453247e+01 2089 8.711082e-03
102451 1.295981e-02 -2.053112e-02 6.934426e-02 3.452466e-02 -5.718918e-02 7.480736e-02 3.178542e+01 -5.403199e+01 8.052321e+00 3466 1.421650e-02
54931 4.569527e-03 1.621180e-02 1.483432e-01 1.056786e-01 3.810799e-01 1.151461e+00 3.108987e+00 1.121927e+01 3.084472e+01 2600 1.224434e-02
477562 -2.462749e-02 1.472234e-02 7.280073e-02 -7.668620e-02 3.968438e-02 7.662742e-02 -3.016880e+01 1.446588e+01 2.217627e+00 1374 6.903178e-03
352766 -1.024131e-02 5.018670e-03 1.710589e-01 -1.994447e+00 1.173491e+00 1.016383e+01 -1.593138e+01 9.381780e+00 8.023296e+01 1879 9.242940e-03
352919 -1.758713e-02 -6.520161e-03 6.955951e-02 -3.309358e-02 -8.993608e-03 6.940739e-02 -5.483669e+01 -8.747051e+00 -5.379596e-01 1505 6.299904e-03
55202 1.613847e-02 -2.189683e-03 1.746469e-01 6.320941e+00 -2.338766e+00 2.086801e+01 1.259843e+01 -4.669012e+00 4.135006e+01 2396 1.162311e-02
55311 2.268821e-02 -5.660088e-03 7.108143e-02 4.019557e-02 -6.368650e-03 8.582454e-02 2.390448e+01 -9.674691e-01 2.013018e+01 1618 7.399902e-03
165966 -2.469934e-02 -1.303274e-02 7.268468e-02 -4.829919e-02 -3.050966e-02 7.172876e-02 -3.011764e+01 -2.230369e+01 -1.219935e+00 853 4.145079e-03
166310 -1.007271e-02 -1.907190e-02 1.372699e-01 -5.226690e-01 -8.585433e-01 1.156312e+00 -2.119844e+01 -3.471637e+01 4.214250e+01 4293 1.963501e-02
166328 -1.162998e-02 8.582663e-03 7.085975e-02 -2.436139e-02 2.259059e-02 7.498587e-02 -2.742314e+01 3.017272e+01 8.887575e+00 3812 1.525086e-02
166393 5.180679e-03 9.530081e-03 2.622284e-01 4.115651e+00 -1.640854e+00 2.241696e+01 6.645681e+00 -2.668290e+00 3.581908e+01 2629 1.625693e-02
166449 -4.129935e-03 2.808213e-02 7.378485e-02 -3.847702e-03 4.378236e-02 7.964323e-02 6.464559e-01 3.596147e+01 1.341866e+01 1330 6.116520e-03
916484 2.362245e-02 -1.692942e-02 7.177005e-02 2.839193e-02 -1.908455e-02 7.275438e-02 2.795207e+01 -1.263034e+01 5.768735e+00 3721 1.570254e-02
978908 -1.680601e-02 -2.307025e-03 1.410588e-01 -8.261196e-01 3.395780e-01 1.793806e+00 -9.579710e+00 4.046836e+00 1.956329e+01 1391 8.078943e-03
916859 -1.532625e-02 9.802502e-03 7.227713e-02 -2.775711e-02 2.160189e-02 7.078194e-02 -1.443564e+01 1.370233e+01 -1.736324e+00 1966 8.626715e-03
791114 1.744735e-02 -2.278429e-02 6.660359e-02 1.842615e-02 -2.420990e-02 6.586750e-02 1.999913e+01 -2.912820e+01 -1.503972e+01 1271 6.171457e-03
57644 8.058546e-03 1.494974e-02 1.375724e-01 1.474104e-01 2.822977e-01 6.286379e-01 8.353488e+00 1.602625e+01 2.943706e+01 2518 1.232730e-02
57696 4.934028e-03 -5.979379e-04 1.278153e-01 5.443331e-02 -1.448734e-01 8.678251e-01 3.555421e+00 -1.036298e+01 5.315322e+01 1237 6.030140e-03
167683 2.112882e-02 -2.458552e-03 7.251045e-02 3.611787e-02 -6.440664e-03 7.827238e-02 3.198723e+01 -8.497979e+00 1.229618e+01 2113 8.842816e-03
479700 -3.950060e-04 -3.515228e-03 1.169490e-01 -4.685624e-02 -1.326500e-02 1.209655e-01 -3.835517e+01 -8.048738e+00 3.315723e+00 5588 2.347719e-02
57944 -1.251725e-02 2.227704e-02 7.306388e-02 -1.616112e-02 2.931205e-02 7.364526e-02 -1.674773e+01 3.233387e+01 2.672119e+00 2258 9.839111e-03
792238 -2.342759e-03 -2.153651e-02 1.764459e-01 -1.859470e-01 -4.991673e-01 1.969583e+00 -5.158726e+00 -1.341999e+01 5.038177e+01 2882 1.328747e-02
229886 1.271465e-02 -2.188169e-02 7.189712e-02 1.317923e-01 -1.562960e-01 1.002257e-01 3.565526e+01 -4.024750e+01 8.482383e+00 2197 9.615207e-03
542752 1.194147e-02 -2.112874e-02 7.405735e-02 1.545435e-02 -2.768196e-02 7.748728e-02 2.040184e+01 -3.805926e+01 1.992005e+01 2207 9.369208e-03
854744 -1.180524e-02 -1.623795e-02 7.132200e-02 -1.870345e-02 -2.418361e-02 7.223519e-02 -3.006377e+01 -3.462877e+01 3.979859e+00 3917 1.617899e-02
730804 1.406712e-02 7.707029e-03 1.600241e-01 5.630192e-02 7.137720e-03 3.370980e-01 1.275868e+01 -1.719821e-01 5.349212e+01 1208 6.635889e-03
58709 -1.778437e-02 1.781995e-02 7.271198e-02 -4.216691e-02 3.439249e-02 6.898625e-02 -3.026849e+01 2.057315e+01 -4.625128e+00 1347 6.056349e-03
980691 -2.538632e-02 -2.522427e-03 7.165544e-02 -4.976648e-02 1.872079e-03 7.247397e-02 -2.903233e+01 5.233056e+00 9.747227e-01 1425 6.581502e-03
668950 4.496026e-03 -2.715017e-03 1.214024e-01 1.452865e-01 -3.693891e-02 3.865826e-01 1.630575e+01 -3.963665e+00 3.071203e+01 1055 5.277368e-03
293995 1.841226e-02 -1.193769e-02 7.088287e-02 3.884799e-02 -2.927356e-02 7.362456e-02 2.599879e+01 -2.205507e+01 3.488045e+00 1502 6.981315e-03
605969 -7.129037e-03 2.153410e-02 7.144269e-02 -1.683660e-02 4.308284e-02 6.704769e-02 -1.739497e+01 3.861317e+01 -7.875390e+00 1086 4.777063e-03
543934 -7.791696e-03 2.170585e-02 7.135353e-02 -1.354840e-02 3.780894e-02 8.120086e-02 -5.203295e+00 1.455506e+01 8.900679e+00 2932 1.233516e-02
231313 -6.226506e-03 1.781779e-02 1.823754e-01 -4.892760e-01 2.345298e+00 1.138197e+01 -1.342659e+00 6.469343e+00 3.112980e+01 2377 1.280169e-02
418993 -2.590005e-02 -1.251420e-02 7.390272e-02 -3.456699e-02 -1.635543e-02 7.554352e-02 -2.560458e+01 -1.134808e+01 4.847395e+00 3418 1.457751e-02
732303 2.787827e-02 -4.368041e-03 6.980353e-02 4.258505e-02 -8.758481e-03 7.213722e-02 3.461268e+01 -1.033298e+01 5.492373e+00 1721 7.348815e-03
670398 2.471641e-02 8.711019e-03 6.995765e-02 2.956598e-02 1.479806e-02 6.997354e-02 2.186175e+01 2.744025e+01 7.163916e-02 737 4.604167e-03
231716 1.639771e-02 1.604075e-02 7.160984e-02 4.039564e-02 4.494196e-02 7.223459e-02 2.611034e+01 3.144523e+01 6.797424e-01 3254 1.362675e-02
357249 7.561826e-03 -1.068366e-02 1.694629e-01 2.365289e-02 -3.233692e-02 2.619870e-01 4.760495e+00 -6.406058e+00 2.737301e+01 2060 1.172318e-02
670747 4.956968e-03 -2.253150e-02 7.310819e-02 1.545917e-02 -6.433084e-02 8.487962e-02 1.162905e+01 -4.628427e+01 1.303447e+01 1461 6.284679e-03
482247 -4.840957e-03 -2.169806e-02 6.925154e-02 -1.766606e-02 -5.272403e-02 6.744312e-02 -1.338681e+01 -3.238482e+01 -1.887618e+00 1339 6.173786e-03
482443 -1.186378e-02 2.305604e-02 6.748986e-02 -2.162316e-02 3.443846e-02 4.885466e-02 -1.279409e+01 1.492181e+01 -1.813766e+01 2062 9.993530e-03
920584 -2.580307e-03 1.682104e-03 1.177161e-01 -5.077386e-02 -1.410910e-02 1.527855e-01 -1.923981e+01 -6.304158e+00 1.400041e+01 969 4.976070e-03
607510 -4.553972e-03 -2.572390e-02 7.062281e-02 -6.124665e-03 -3.388292e-02 7.301424e-02 -7.736622e+00 -4.018814e+01 1.177929e+01 3220 1.397151e-02
795116 2.573040e-04 2.312576e-02 6.987986e-02 4.785530e-03 3.481766e-02 7.077270e-02 8.628325e+00 2.227836e+01 1.701252e+00 1841 8.048370e-03
62271 6.848735e-04 -6.847169e-03 1.178511e-01 -2.457400e-02 -4.804729e-02 1.705640e-01 -7.365900e+00 -1.201463e+01 1.537194e+01 2404 1.345832e-02
62341 -2.069188e-02 1.720435e-02 7.201216e-02 -3.033566e-02 2.400140e-02 7.111045e-02 -3.241089e+01 2.284358e+01 -3.030472e+00 3233 1.346463e-02
733691 -9.731036e-03 2.218538e-02 6.561583e-02 -2.468687e-02 4.469483e-02 6.676255e-02 -2.181262e+01 3.282934e+01 1.672452e+00 2954 1.358291e-02
921438 -6.163480e-03 2.616940e-02 7.432394e-02 -9.386935e-03 3.936757e-02 7.515755e-02 -7.360034e+00 3.013504e+01 1.903354e+00 2457 1.084122e-02
171373 2.485776e-02 -4.025331e-03 7.046628e-02 3.961675e-02 -3.616213e-03 7.175504e-02 4.914698e+01 1.362351e+00 4.291543e+00 1767 7.894579e-03
420835 2.016708e-02 -8.587264e-03 7.100941e-02 3.316026e-02 -1.587868e-02 6.993021e-02 4.966837e+01 -2.787252e+01 -4.125413e+00 5458 2.173390e-02
546151 -1.503269e-02 -1.315107e-02 7.123255e-02 -2.876804e-02 -2.761285e-02 7.900364e-02 -1.958199e+01 -2.061762e+01 1.107896e+01 1688 9.197363e-03
672507 7.604825e-04 -2.157576e-02 7.107347e-02 -2.158665e-03 -4.133937e-02 7.676000e-02 -9.313820e+00 -6.305772e+01 1.814342e+01 979 4.227109e-03
921997 -8.300070e-03 -1.932541e-02 7.046632e-02 -1.609692e-02 -3.159790e-02 7.171551e-02 -1.724428e+01 -2.714305e+01 2.762834e+00 1558 6.971681e-03
546602 -2.437349e-02 1.280316e-02 6.859322e-02 -5.476888e-02 1.629835e-02 7.085114e-02 -2.563341e+01 2.947611e+00 1.904178e+00 1400 8.235536e-03
233831 -2.493405e-02 -3.745570e-03 6.736205e-02 -4.031305e-02 -1.790332e-02 5.322658e-02 -1.526012e+01 -1.404831e+01 -9.517228e+00 3182 1.392389e-02
796310 2.493450e-02 7.188458e-03 7.180190e-02 4.195397e-02 1.030655e-02 6.942156e-02 3.204527e+01 5.870934e+00 -4.481848e+00 1564 7.331450e-03
922270 1.665654e-02 -5.339629e-03 6.911709e-02 3.046197e-02 -1.546729e-02 7.202813e-02 3.681152e+01 -2.700492e+01 7.762149e+00 3947 1.567430e-02
359609 -2.111952e-02 2.014124e-02 7.084722e-02 -3.067755e-02 3.060848e-02 7.132715e-02 -2.919472e+01 3.197188e+01 1.465948e+00 1070 6.275393e-03
858905 -2.442578e-02 -6.620979e-03 6.724423e-02 -3.733317e-02 -7.118636e-03 6.876020e-02 -5.369624e+01 -2.070313e+00 6.306590e+00 973 4.604674e-03
421809 6.199959e-03 2.450289e-02 6.786045e-02 7.766898e-03 2.897919e-02 6.767102e-02 1.205409e+01 3.443512e+01 -1.457243e+00 1782 7.738120e-03
673291 -1.595736e-02 -1.951807e-02 7.124488e-02 -2.133372e-02 -2.706369e-02 5.424503e-02 -2.070835e+01 -2.906373e+01 -1.806500e+01 1510 6.721491e-03
547328 5.637204e-03 -2.602122e-02 7.145248e-02 9.604188e-03 -4.517102e-02 6.871376e-02 9.141171e+00 -4.412712e+01 -6.310864e+00 1793 7.991350e-03
234601 2.331481e-02 -6.397141e-03 6.805861e-02 3.319294e-02 -1.074345e-02 7.202583e-02 1.958993e+01 -8.619428e+00 7.867645e+00 1569 7.085894e-03
109781 2.007306e-03 1.969057e-02 7.149859e-02 -4.348973e-04 3.839719e-02 7.031789e-02 -3.521357e+00 2.697265e+01 -1.702423e+00 2740 1.229356e-02
109829 -1.782588e-03 -2.573585e-02 7.456808e-02 -2.937742e-03 -9.078154e-02 1.061838e-01 -6.516720e-01 -3.669508e+01 1.783578e+01 2500 1.055014e-02
859536 1.865176e-02 -1.276471e-02 7.311882e-02 6.867093e-02 -5.810123e-02 1.034585e-01 3.757550e+01 -3.405779e+01 2.279182e+01 2302 9.571978e-03
235140 -1.295226e-02 -5.260768e-03 1.751396e-01 -2.482328e+00 -1.895730e+00 6.451884e+00 -9.434730e+00 -7.222904e+00 2.398152e+01 2250 1.251116e-02
548138 -2.166773e-03 -2.221478e-02 7.257122e-02 5.463673e-03 -4.967330e-02 8.570129e-02 9.215130e+00 -3.316108e+01 1.585691e+01 4207 1.767882e-02
736167 -2.088842e-02 -9.585329e-03 7.043455e-02 -4.557559e-02 -2.986379e-02 7.718606e-02 -2.988419e+01 -2.454738e+01 8.172795e+00 2074 9.143755e-03
485601 -6.251045e-03 -6.362089e-03 1.199719e-01 -4.962352e-02 -3.346644e-02 1.646334e-01 -2.404717e+01 -1.502757e+01 2.476184e+01 1259 6.319272e-03
548598 -8.401361e-03 -2.442260e-02 6.957921e-02 -1.478021e-02 -4.640057e-02 7.259886e-02 -1.344139e+01 -4.631154e+01 6.362949e+00 2069 9.202163e-03
798228 -4.039624e-03 2.929619e-02 7.312382e-02 -8.349744e-03 4.661090e-02 7.809857e-02 -1.052470e+01 4.228006e+01 1.214763e+01 1131 5.069455e-03
423639 -7.595149e-03 3.700760e-03 1.371520e-01 -1.876440e-01 1.559901e-01 7.350975e-01 -7.419992e+00 6.275998e+00 2.464193e+01 3237 1.494136e-02
611152 1.090947e-02 -2.503682e-02 6.304590e-02 2.446062e-02 -5.695543e-02 5.848999e-02 1.097307e+01 -2.584615e+01 -3.689152e+00 4383 1.988996e-02
798794 -4.334463e-03 -4.674305e-03 1.429212e-01 -9.676605e-04 -3.299492e-02 7.984011e-01 2.762703e-01 -2.323910e+00 5.378683e+01 2607 1.187194e-02
236527 1.661505e-02 2.193956e-02 6.679997e-02 3.021613e-02 3.932116e-02 7.032527e-02 1.632065e+01 2.085710e+01 4.230198e+00 2628 1.348174e-02
299721 2.011554e-02 5.864518e-03 7.066941e-02 3.703448e-02 1.383554e-02 6.680085e-02 4.085650e+01 1.924871e+01 -9.341958e+00 1719 9.175715e-03
737387 -1.095878e-03 1.868278e-02 6.690300e-02 -5.163119e-03 4.563991e-02 6.633508e-02 -6.056452e+00 4.014136e+01 -8.456703e-01 3009 1.224469e-02
611642 1.597601e-02 -2.084959e-02 7.226394e-02 2.516355e-02 -3.599377e-02 7.488612e-02 2.125109e+01 -3.502902e+01 6.065188e+00 1041 4.769446e-03
424397 1.372704e-02 1.887795e-02 7.171527e-02 9.555029e-02 1.109576e-01 6.759909e-02 3.138656e+01 3.532080e+01 -1.578927e+00 787 3.879375e-03
611918 8.065095e-03 8.400476e-03 1.330232e-01 9.710393e-02 2.629551e-01 5.356231e-01 7.359005e+00 2.103879e+01 3.327464e+01 1128 6.553468e-03
676198 1.456232e-02 -1.534475e-02 7.213179e-02 2.385084e-02 -2.440002e-02 7.308438e-02 2.186783e+01 -2.131872e+01 2.242667e+00 2956 1.286695e-02
424847 -1.618603e-02 -8.446446e-03 2.079261e-01 -9.782779e-01 -5.152980e-01 6.206240e+00 -7.893070e+00 -4.158246e+00 4.921059e+01 1294 8.042337e-03
612385 2.124684e-02 6.156863e-03 7.171034e-02 3.058205e-02 3.880068e-03 7.190417e-02 2.029145e+01 -4.948947e+00 4.213005e-01 4456 1.783886e-02
925913 2.409604e-02 9.739027e-04 7.352985e-02 6.403712e-02 -1.608073e-03 9.078185e-02 3.666662e+01 -2.370299e+00 1.583764e+01 2351 1.012796e-02
112834 2.314433e-02 -5.531239e-04 7.153379e-02 1.214029e-01 -1.708339e-02 6.888472e-02 4.351093e+01 -7.319944e+00 -1.173064e+00 1426 6.449649e-03
988483 -1.676131e-02 -1.174964e-02 6.997851e-02 -2.599074e-02 -1.739671e-02 7.131667e-02 -2.490003e+01 -1.523519e+01 3.610234e+00 1727 7.266317e-03
425474 1.778820e-02 -3.988670e-03 6.939781e-02 3.020086e-02 -7.652073e-03 6.743079e-02 4.183402e+01 -1.234666e+01 -6.629398e+00 1870 8.164041e-03
238066 2.796713e-03 2.050653e-02 7.234915e-02 4.264124e-03 3.742661e-02 7.744011e-02 4.196971e+00 4.839343e+01 1.456074e+01 1631 6.830137e-03
488314 -1.332731e-02 2.497046e-02 7.421592e-02 -3.550204e-02 7.775303e-02 8.401167e-02 -1.987252e+01 4.730260e+01 8.778737e+00 1511 6.735014e-03
613148 -5.644086e-03 1.729539e-02 6.976669e-02 -1.907135e-02 4.107478e-02 6.989014e-02 -1.734739e+01 3.072183e+01 1.594858e-01 2501 1.112939e-02
988839 -5.082815e-03 1.229323e-03 1.188708e-01 -3.801546e-02 -3.035815e-02 3.170800e-01 -6.603924e+00 -6.334178e+00 3.974653e+01 2845 1.247004e-02
238251 -1.096604e-02 1.882931e-02 7.211389e-02 -1.600705e-02 3.019188e-02 7.606041e-02 -1.454223e+01 3.277857e+01 1.138488e+01 1406 6.177724e-03
927015 2.343734e-02 8.991390e-03 7.242984e-02 4.386909e-02 1.142482e-02 7.723682e-02 3.966180e+01 4.723740e+00 9.331240e+00 2109 8.678319e-03
364695 2.155575e-02 -5.628743e-03 7.271301e-02 4.391356e-02 -2.045377e-02 7.137354e-02 3.873124e+01 -2.568193e+01 -2.320419e+00 2061 8.779409e-03
863861 1.967631e-02 2.024040e-02 6.561587e-02 4.160022e-02 9.782608e-02 4.619750e-02 1.059911e+01 3.750876e+01 -8.879340e+00 1969 9.549173e-03
239345 1.549377e-03 2.873238e-03 1.181341e-01 1.802840e-02 3.426129e-02 1.773656e-01 6.413878e+00 1.221669e+01 2.305375e+01 2887 1.266470e-02
177682 -2.553028e-02 -1.912611e-03 6.817517e-02 -4.012951e-02 -2.672396e-03 6.831448e-02 -2.291517e+01 -1.192571e+00 2.186538e-01 2792 1.187184e-02
177711 1.167864e-02 2.503064e-02 6.962848e-02 2.745341e-02 7.573242e-02 7.076623e-02 1.184780e+01 3.808009e+01 8.545146e-01 2847 1.200354e-02
990195 2.955435e-03 -2.720899e-02 6.909278e-02 6.493291e-03 -3.911158e-02 6.739134e-02 6.408094e+00 -2.155907e+01 -3.081813e+00 1552 7.280425e-03
177898 6.703055e-03 1.170389e-02 1.461423e-01 1.230369e-01 1.821697e-01 8.850966e-01 6.565033e+00 9.619847e+00 4.170119e+01 1644 8.591156e-03
427214 -7.206433e-04 -2.282436e-02 6.896075e-02 -1.187038e-03 -4.076993e-02 6.683307e-02 -1.597988e+00 -6.148608e+01 -7.289964e+00 2082 8.933063e-03
740493 1.717832e-02 2.089336e-02 1.596763e-01 2.126392e-01 2.676307e-01 8.064572e-01 1.686434e+01 2.128846e+01 5.580416e+01 1060 6.006990e-03
178023 -8.730646e-03 -1.694332e-02 7.083499e-02 -1.332646e-02 -2.915196e-02 6.951684e-02 -1.278473e+01 -3.396225e+01 -3.666868e+00 2491 1.060037e-02
114789 -1.532385e-02 -1.706584e-02 7.080550e-02 -2.719754e-02 -2.928985e-02 7.401141e-02 -3.278975e+01 -3.375719e+01 8.853265e+00 1137 4.985297e-03
302958 -1.313943e-02 2.003335e-02 3.150356e-01 4.133937e-02 1.011810e+01 5.813832e+01 3.593940e-02 6.661646e+00 3.814574e+01 6764 3.352238e-02
552713 -6.587811e-04 4.433156e-03 1.176514e-01 2.646196e-03 4.473331e-02 1.343258e-01 1.991591e+00 2.428502e+01 1.004803e+01 2179 9.970091e-03
552734 2.094857e-02 1.955743e-02 7.128060e-02 6.851107e-02 9.069140e-02 7.012037e-02 2.842053e+01 4.250544e+01 -6.932834e-01 2732 1.269723e-02
678972 1.112605e-02 -1.899667e-02 7.106500e-02 1.688976e-02 -2.508567e-02 6.990225e-02 2.226178e+01 -2.351820e+01 -4.491005e+00 1920 8.400662e-03
490508 5.423167e-03 -2.714209e-02 7.355731e-02 1.568749e-02 -6.507733e-02 8.248712e-02 8.370831e+00 -3.093720e+01 7.282498e+00 3058 1.398879e-02
864946 4.191070e-04 -9.611747e-03 1.417214e-01 -3.852753e-01 -7.049742e-01 1.185844e+00 -7.943206e+00 -1.432068e+01 2.150323e+01 2902 1.559205e-02
365843 -1.329090e-02 -1.047897e-02 2.503107e-01 -2.368905e-02 -4.116856e-02 9.303476e-01 -7.662385e-01 -2.261511e+00 5.011181e+01 1428 9.313095e-03
303631 2.179279e-02 5.198356e-03 1.409385e-01 7.425207e-01 1.617795e-01 1.333240e+00 1.293133e+01 2.809386e+00 2.139231e+01 1088 7.371465e-03
991160 -8.112994e-03 2.350237e-02 7.077357e-02 -1.859570e-02 4.136314e-02 6.975297e-02 -2.010935e+01 3.426296e+01 -1.957858e+00 2302 9.876540e-03
928977 -2.628711e-02 -3.669884e-04 6.380472e-02 -3.131779e-02 2.159851e-03 6.071964e-02 -1.323457e+01 6.647537e+00 -8.116151e+00 908 5.034206e-03
303844 1.885245e-02 2.246250e-02 2.093501e-01 1.691545e+00 1.899077e+00 7.486240e+00 6.933019e+00 7.778237e+00 3.016143e+01 817 7.256105e-03
240677 1.457242e-02 -1.989893e-02 6.792235e-02 1.654528e-02 -2.513003e-02 6.757362e-02 1.122498e+01 -2.976331e+01 -1.984151e+00 1628 7.123785e-03
615648 6.085425e-03 1.077610e-03 1.184432e-01 3.319925e-02 9.383840e-04 2.077335e-01 1.163665e+01 -5.975265e-02 3.832139e+01 733 4.019112e-03
615987 -4.426995e-04 -4.806776e-03 1.189678e-01 -2.202557e-02 -3.680732e-02 1.726898e-01 -1.490484e+01 -2.209915e+01 3.709974e+01 4189 1.782876e-02
865746 4.262646e-03 1.324475e-04 1.356230e-01 1.660266e-02 -3.287970e-02 3.099188e-01 2.699516e+00 -7.221774e+00 3.812914e+01 3006 1.280735e-02
179665 1.151308e-03 1.269454e-02 1.334969e-01 3.379571e-02 8.718277e-02 2.446192e-01 8.510415e+00 1.941912e+01 2.896965e+01 3343 1.463086e-02
865971 -1.409553e-02 -1.669855e-02 7.208248e-02 -2.518341e-02 -2.353638e-02 7.181790e-02 -3.157645e+01 -1.947299e+01 -7.534845e-01 850 3.941089e-03
491638 -1.207151e-02 1.326752e-02 7.155366e-02 -2.161179e-02 2.309142e-02 7.377318e-02 -1.927845e+01 1.985157e+01 4.485083e+00 1213 5.377626e-03
554207 1.312541e-02 -1.516506e-02 1.514739e-01 -1.215134e-01 -7.271857e-01 2.980048e+00 -1.858298e+00 -9.827383e+00 3.904028e+01 1146 7.287743e-03
742274 -2.367014e-02 1.087313e-04 6.599549e-02 -4.551838e-02 4.442280e-03 5.908790e-02 -3.869775e+01 7.675611e+00 -9.027147e+00 4052 1.903409e-02
491825 8.460987e-04 -3.323671e-03 1.170079e-01 -2.804657e-02 5.410404e-02 1.931879e-01 -7.093644e+00 1.409948e+01 1.870347e+01 2359 1.159041e-02
305197 -7.944731e-03 -2.482715e-02 6.776193e-02 -6.764696e-03 -3.721141e-02 6.638497e-02 2.464010e+00 -2.585936e+01 -2.875205e+00 2801 1.146454e-02
367596 -1.370290e-02 2.072120e-02 6.620549e-02 -1.760203e-02 2.723320e-02 6.125573e-02 -1.722837e+01 2.877339e+01 -1.201295e+01 1653 9.503862e-03
804529 3.881532e-03 -2.206906e-02 7.245012e-02 8.612549e-03 -5.321633e-02 8.158825e-02 7.300516e+00 -4.806390e+01 1.410121e+01 977 4.308901e-03
617208 1.591446e-02 1.447081e-03 7.089243e-02 3.758530e-02 2.116231e-02 7.930039e-02 2.878098e+01 2.618374e+01 1.116659e+01 1001 4.354242e-03
555146 -2.807580e-03 -6.675464e-03 1.178594e-01 -2.907936e-02 -1.298007e-01 1.470970e-01 -4.234077e+00 -1.984340e+01 4.712065e+00 1303 6.428974e-03
242469 -2.708246e-02 9.841830e-03 6.786926e-02 -9.119752e-02 1.344032e-02 6.626400e-02 -3.112052e+01 1.746655e+00 -7.791668e-01 1934 9.896399e-03
430094 1.305739e-03 -2.666902e-03 1.187029e-01 -4.990822e-02 -4.949560e-02 2.590454e-01 -9.451769e+00 -8.642449e+00 2.590085e+01 700 4.065309e-03
181175 8.220873e-03 1.145807e-02 1.427869e-01 7.145073e-01 1.107672e+00 2.978598e+00 1.023796e+01 1.589014e+01 4.110643e+01 7811 3.324389e-02
993552 3.472288e-03 -2.639944e-02 7.035713e-02 4.973181e-03 -4.411864e-02 7.175103e-02 2.552055e+00 -3.012897e+01 2.370116e+00 5926 2.455158e-02
243073 1.846950e-03 -4.140633e-03 1.200759e-01 -3.343793e-02 -4.161006e-02 3.215560e-01 -7.460406e+00 -7.922293e+00 4.259964e+01 3811 1.599179e-02
805626 -1.565570e-02 8.692378e-03 1.825119e-01 -2.142987e+00 -6.098991e-01 1.136234e+01 -8.234383e+00 -2.394417e+00 4.327439e+01 3352 1.596539e-02
931838 -2.519669e-04 -2.622350e-02 6.960955e-02 -4.739538e-03 -7.115543e-02 7.414451e-02 -4.350580e+00 -4.356030e+01 4.396528e+00 1354 6.140209e-03
556212 2.741908e-02 -8.466339e-03 6.792203e-02 1.481447e-01 -5.432035e-02 4.322830e-02 4.039978e+01 -1.534465e+01 -6.368113e+00 2017 8.697457e-03
618946 2.872438e-02 4.241833e-03 7.011116e-02 5.184425e-02 2.773162e-03 6.990237e-02 3.096695e+01 -1.967151e+00 -2.796442e-01 1974 9.138038e-03
932565 1.552331e-02 -1.740136e-02 7.144199e-02 2.745772e-02 -3.329537e-02 6.896257e-02 1.256103e+01 -1.672852e+01 -2.609609e+00 1359 6.085030e-03
307486 1.365528e-03 -5.056941e-04 1.334769e-01 6.756728e-02 -1.293485e-02 4.026009e-01 4.848829e+00 -9.103513e-01 1.971150e+01 952 6.476417e-03
182640 -5.144352e-03 -2.621384e-02 7.274834e-02 -5.960228e-03 -3.040976e-02 7.385378e-02 -8.302082e+00 -4.269626e+01 1.124856e+01 2222 9.373741e-03
182704 -1.717371e-02 -1.326107e-02 1.575851e-01 -1.181451e+00 -7.842892e-01 3.242119e+00 -2.020265e+01 -1.337896e+01 5.352314e+01 1437 7.711097e-03
307805 -2.924006e-02 4.007856e-03 7.178379e-02 -4.397141e-02 6.883563e-03 7.407115e-02 -3.731657e+01 7.284565e+00 5.794188e+00 2959 1.272993e-02
494846 -9.683749e-03 -2.616457e-02 6.958583e-02 -2.170457e-02 -4.809906e-02 6.935006e-02 -2.146133e+01 -3.916066e+01 -4.209352e-01 931 4.759555e-03
244640 1.163589e-02 -2.548761e-02 7.315114e-02 2.731106e-02 -7.174587e-02 7.238126e-02 1.265659e+01 -3.735029e+01 -6.216191e-01 1346 6.120761e-03
495101 -4.698808e-03 1.195401e-02 1.304830e-01 -3.139612e-02 1.924126e-01 4.258232e-01 -2.387144e+00 1.613574e+01 2.640789e+01 2104 1.003789e-02
933970 -2.469802e-02 8.846988e-03 7.377104e-02 -4.633940e-02 1.724415e-02 7.903335e-02 -4.252777e+01 1.650138e+01 1.034104e+01 2564 1.057840e-02
184057 1.239990e-02 2.316916e-02 7.210811e-02 2.485539e-02 5.130417e-02 7.456220e-02 1.151776e+01 2.601682e+01 2.269322e+00 4345 1.786437e-02
120792 3.569906e-03 5.622586e-03 1.206810e-01 -2.180057e-02 1.215082e-01 3.922950e-01 -4.331096e+00 1.978329e+01 4.636832e+01 3330 1.447132e-02
184233 2.847970e-02 -1.207896e-04 7.113900e-02 6.777185e-02 2.649466e-03 6.591603e-02 3.047170e+01 2.148378e+00 -4.050493e+00 1378 6.274848e-03
996626 1.457994e-02 -1.077598e-02 6.969318e-02 3.655671e-02 -2.279016e-02 7.611426e-02 4.642849e+01 -2.538135e+01 1.356527e+01 1103 4.896151e-03
371739 1.667057e-02 1.110357e-03 6.946951e-02 3.381495e-02 5.538308e-04 7.661387e-02 3.876988e+01 -1.258515e+00 1.615608e+01 4041 1.645920e-02
433784 1.025321e-02 -2.404292e-02 7.002149e-02 4.054514e-03 -3.694855e-02 6.599795e-02 -1.359287e+01 -2.830024e+01 -8.823056e+00 1217 9.094437e-03
246414 2.778892e-02 -8.865787e-03 6.795234e-02 3.794899e-02 -9.902897e-03 6.066947e-02 3.735898e+01 -3.813498e+00 -5.729509e+00 3660 1.874023e-02
747381 2.411210e-02 2.184870e-03 7.238321e-02 8.507013e-02 -1.168186e-03 9.314167e-02 6.406145e+01 -3.523762e+00 2.181529e+01 1499 6.383462e-03
184899 -4.908518e-03 2.108648e-02 7.052799e-02 -7.833757e-03 3.045087e-02 7.322437e-02 -1.007896e+01 3.226518e+01 9.290426e+00 656 3.000475e-03
871091 1.546406e-02 8.381078e-03 7.034971e-02 3.721171e-02 1.940736e-02 7.081186e-02 3.493364e+01 1.771172e+01 7.423578e-01 954 4.358155e-03
184980 -1.835907e-02 -1.056288e-02 7.229011e-02 -3.771628e-02 -2.339745e-02 7.283102e-02 -4.070827e+01 -2.699116e+01 1.137526e+00 1041 4.472567e-03
310099 6.341866e-03 -2.779779e-02 7.003868e-02 6.384457e-03 -3.733847e-02 7.031002e-02 2.028982e-01 -4.544990e+01 1.292594e+00 1159 6.827059e-03
747738 -4.601307e-04 -6.798098e-03 1.165089e-01 -8.452176e-04 -1.030505e-01 1.325668e-01 -1.083044e-01 -2.707068e+01 4.516213e+00 1678 7.903414e-03
246920 -2.539618e-02 -1.135892e-02 7.033267e-02 -4.294119e-02 -2.039531e-02 7.310875e-02 -3.955694e+01 -2.037342e+01 6.258945e+00 2782 1.371812e-02
310336 -1.079715e-02 -2.688618e-03 1.313309e-01 -4.760639e-01 -8.821908e-02 8.078441e-01 -1.371196e+01 -2.520683e+00 1.993764e+01 4823 2.151078e-02
310369 2.006903e-02 1.275172e-02 7.323523e-02 5.022276e-02 3.456649e-02 8.181602e-02 4.024689e+01 2.911668e+01 1.145298e+01 2461 1.021025e-02
997791 -9.765648e-03 1.159436e-02 1.681027e-01 -8.828711e-02 1.505140e-01 1.244865e+00 -3.868078e+00 6.843375e+00 5.304282e+01 804 5.275618e-03
497421 2.387192e-02 -6.072536e-03 7.127348e-02 3.250119e-02 -6.744856e-03 7.290880e-02 3.449065e+01 -2.687218e+00 6.536289e+00 2013 8.721949e-03
247169 1.973638e-02 1.864319e-02 1.968667e-01 2.656549e+00 2.416536e+00 9.602700e+00 1.382029e+01 1.256804e+01 4.929866e+01 5294 2.325536e-02
122313 2.497476e-02 6.412265e-03 6.875723e-02 3.704920e-02 1.254811e-02 6.602732e-02 2.327218e+01 1.182618e+01 -5.261606e+00 1300 6.967954e-03
998060 -3.208189e-03 -1.571438e-04 1.421883e-01 -5.843641e-02 2.155082e-02 6.665161e-01 -3.838311e+00 1.508683e+00 3.644031e+01 2471 1.143108e-02
686583 -2.736481e-02 -2.756090e-03 6.834599e-02 -9.340008e-02 -7.473909e-03 4.957954e-02 -5.579313e+01 -3.986080e+00 -1.035378e+01 2086 1.166031e-02
935927 1.857371e-02 9.621553e-03 6.979904e-02 3.325243e-02 1.292679e-02 7.232696e-02 4.077437e+01 9.181240e+00 7.022023e+00 3514 1.415486e-02
310882 1.804343e-02 -2.083981e-02 6.836352e-02 2.855578e-02 -3.592549e-02 6.514387e-02 1.358424e+01 -1.949397e+01 -4.160488e+00 1696 7.922673e-03
247683 -2.272975e-02 -4.619654e-03 2.656358e-01 -1.144717e+01 -2.601036e+00 6.594101e+01 -7.617252e+00 -1.731161e+00 4.378908e+01 1229 9.564540e-03
122919 1.837565e-03 4.031102e-03 1.168846e-01 -3.426409e-02 1.582750e-02 2.033162e-01 -2.007492e+01 6.559584e+00 4.806176e+01 4684 1.976255e-02
872535 2.207865e-02 1.080909e-02 7.370675e-02 3.439322e-02 1.685571e-02 7.988997e-02 4.062279e+01 1.994635e+01 2.039693e+01 2632 1.159732e-02
311389 -2.567974e-02 9.631940e-03 6.576536e-02 -3.222304e-02 1.226152e-02 6.319929e-02 -1.858028e+01 7.466925e+00 -3.451065e+00 3315 1.554230e-02
186660 2.162265e-02 -9.053557e-03 6.834081e-02 4.500878e-02 -1.248401e-02 5.708732e-02 3.708566e+01 -5.440007e+00 -7.535500e+00 2435 1.270257e-02
435923 -3.185958e-03 2.129738e-02 7.059497e-02 -3.990781e-03 3.272996e-02 7.357113e-02 -2.801565e+00 3.979644e+01 1.035992e+01 1319 5.715197e-03
374023 2.640583e-02 1.447487e-03 7.108184e-02 5.573062e-02 8.919407e-03 7.105523e-02 4.283523e+01 1.091436e+01 -3.886525e-02 1832 7.752690e-03
623550 2.585375e-03 -2.516321e-02 6.949134e-02 5.943211e-03 -3.450985e-02 6.864995e-02 1.193122e+01 -3.321093e+01 -2.989658e+00 3268 1.564150e-02
999539 1.784035e-02 1.413241e-03 7.077677e-02 3.629758e-02 9.900431e-04 7.034723e-02 4.432970e+01 -1.016417e+00 -1.031657e+00 2164 8.918206e-03
624205 1.540449e-02 2.163605e-02 7.248473e-02 1.964933e-02 2.763866e-02 7.465188e-02 2.931807e+01 4.145861e+01 1.496800e+01 1251 5.606167e-03
374812 -2.703690e-03 -2.133446e-03 1.174370e-01 -3.018177e-02 6.905617e-03 1.671417e-01 -7.692147e+00 2.530374e+00 1.391423e+01 1558 8.041708e-03
999946 2.099601e-02 7.299747e-03 7.287447e-02 5.237654e-02 1.375719e-02 7.841932e-02 3.423249e+01 7.044311e+00 6.048780e+00 1180 5.490980e-03
249330 -1.385334e-02 2.120562e-02 7.127868e-02 -1.813337e-02 2.825541e-02 7.056884e-02 -2.112292e+01 3.479234e+01 -3.503248e+00 4798 1.993401e-02
874555 1.992476e-02 -1.678739e-02 1.774459e-01 5.104740e-02 -4.419043e-02 2.767899e-01 9.199255e+00 -8.099811e+00 2.936417e+01 3439 1.734707e-02
812488 -1.161660e-02 -1.861328e-02 1.185825e-01 -8.123977e-02 -8.851612e-02 1.352332e-01 -1.254866e+01 -1.259907e+01 3.001078e+00 1741 1.007378e-02
874745 -2.160900e-02 6.598753e-03 6.709456e-02 -3.121931e-02 8.429141e-03 6.863565e-02 -3.364437e+01 6.407941e+00 5.395152e+00 1153 6.350906e-03
