running....
Running without a11y support!
SPARTA (24 Jan 2020)

# variables to be set in RunCells.jl
variable FNUM equal "3.600E+11"
variable ZMAX equal "3.500E-01"
variable RMAX equal "3.000E-02"
variable TIMESTEP equal "2.000E-07"
variable NPERSTEP equal "1.000E+00"
variable T1 equal "2.000E+00"
variable T2 equal "5.000E-01"

global		        fnum ${FNUM} cellmax 10000
global		        fnum 360000000000 cellmax 10000
seed	    	    12345
dimension   	    2
units               si
timestep 	        ${TIMESTEP}
timestep 	        2e-07

species		        he3.species He
mixture		        He He nrho 1 vstream 26.2 0 0 temp ${T1}
mixture		        He He nrho 1 vstream 26.2 0 0 temp 2
collide             vss He he3.vss #kk

# read_restart data/cell.restart.*

boundary	        o ao p
create_box  	    0 ${ZMAX} 0 ${RMAX} -0.1 0.1
create_box  	    0 0.35 0 ${RMAX} -0.1 0.1
create_box  	    0 0.35 0 0.03 -0.1 0.1
Created orthogonal box = (0 0 -0.1) to (0.35 0.03 0.1)
create_grid 	    20 20 1
Created 400 child grid cells
  parent cells = 1
  CPU time = 0.00147666 secs
  create/ghost percent = 82.23 17.77
balance_grid        rcb cell
Balance grid migrated 200 cells
  CPU time = 0.00803713 secs
  reassign/sort/migrate/ghost percent = 95.5066 0.0400018 2.08023 2.37316

read_surf           data.cell
Reading surface file ...
  12 points
  12 lines
  0 0.06509 xlo xhi
  0 0.0254 ylo yhi
  0 0 zlo zhi
  0.00159 min line length
  42 = cells with surfs
  74 = total surfs in all grid cells
  4 = max surfs in one grid cell
  0.0908571 = min surf-size/cell-size ratio
  0 0 = number of pushed cells
  42 0 = cells overlapping surfs, overlap cells with unmarked corner pts
  356 2 42 = cells outside/inside/overlapping surfs
  30 12 = surf cells with 1,2,etc splits
  0.000929288775062441 0.000929288775062441 = cell-wise and global flow volume
  CPU time = 0.00635867 secs
  read/check/sort/surf2grid/ghost/inout/particle percent = 79.4683 2.34165 0.134336 11.6759 6.3798 3.10791 0.01472
  surf2grid time = 0.000742432 secs
  map/rvous1/rvous2/split percent = 4.81781 12.1907 0.0721952 66.4255
group       inlet surf id 12
1 surfaces in group inlet
fix		    in emit/surf He inlet n ${NPERSTEP} perspecies no
fix		    in emit/surf He inlet n 1 perspecies no

read_surf           data.diffuser
Reading surface file ...
  4 points
  16 lines
  0.00953 0.0127 xlo xhi
  0 0.00953 ylo yhi
  0 0 zlo zhi
  0.00317 min line length
  42 = cells with surfs
  90 = total surfs in all grid cells
  6 = max surfs in one grid cell
  0.0908571 = min surf-size/cell-size ratio
  0 0 = number of pushed cells
  42 0 = cells overlapping surfs, overlap cells with unmarked corner pts
  356 2 42 = cells outside/inside/overlapping surfs
  24 18 = surf cells with 1,2,etc splits
  0.000928384303459465 0.000928384303459465 = cell-wise and global flow volume
  CPU time = 0.00592905 secs
  read/check/sort/surf2grid/ghost/inout/particle percent = 84.247 3.11041 0.165119 7.97191 4.50556 3.16686 0.0132062
  surf2grid time = 0.000472659 secs
  map/rvous1/rvous2/split percent = 9.24239 21.1552 0.14429 34.9138

read_surf           data.stages trans 65.09E-3 0 0 group stages
Reading surface file ...
  22 points
  38 lines
  0.06709 0.07817 xlo xhi
  0.00036 0.02223 ylo yhi
  0 0 zlo zhi
  0.00048 min line length
  57 = cells with surfs
  141 = total surfs in all grid cells
  10 = max surfs in one grid cell
  0.0274286 = min surf-size/cell-size ratio
  0 0 = number of pushed cells
  57 0 = cells overlapping surfs, overlap cells with unmarked corner pts
  341 2 57 = cells outside/inside/overlapping surfs
  33 24 = surf cells with 1,2,etc splits
  0.00091701917084806 0.00091701917084806 = cell-wise and global flow volume
  CPU time = 0.00372177 secs
  read/check/sort/surf2grid/ghost/inout/particle percent = 70.6776 6.33032 0.317161 16.0787 6.59622 5.68746 0.0291797
  surf2grid time = 0.000598412 secs
  map/rvous1/rvous2/split percent = 8.99965 21.9488 0.107284 34.7473

surf_collide	    diffuse diffuse ${T1} 1.0
surf_collide	    diffuse diffuse 2 1.0
surf_collide	    cold diffuse ${T2} 1.0
surf_collide	    cold diffuse 0.5 1.0
surf_modify         all collide diffuse
surf_modify         stages collide cold

stats		    1000
stats_style	    wall step cpu np nattempt ncoll nscoll nscheck

# Run until convergence
label loop
variable a loop 125
run 		    20000
Memory usage per proc in Mbytes:
  particles (ave,min,max) = 0 0 0
  grid      (ave,min,max) = 1.88888 1.88888 1.88888
  surf      (ave,min,max) = 0.00391388 0.00391388 0.00391388
  total     (ave,min,max) = 1.89279 1.89279 1.89279
WALL Step CPU Np Natt Ncoll Nscoll Nscheck 
 0.041294788        0            0        0        0        0        0        0 
 0.090124144     1000  0.048769686     1000       33       10        6     5498 
  0.19904761     2000   0.15769319     2000       57       26       11     9553 
  0.37945297     3000    0.3380988     3000       72       39       15    12676 
  0.62745866     4000   0.58610437     4000       80       35       14    15195 
  0.94019235     5000   0.89883886     5000       85       26       29    17229 
   1.3150959     6000    1.2737438     6000       95       32       16    19225 
   1.7483952     7000    1.7070401     7000       99       46       24    20838 
   2.2405366     8000     2.199183     7999      107       48       22    22409 
   2.7945897     9000    2.7532365     8998      106       51       25    23808 
   3.4044617    10000    3.3631082     9997      113       55       21    25119 
    4.075036    11000    4.0336834    10995      109       39       24    26496 
   4.8016337    12000    4.7602803    11994      113       52       20    27797 
   5.5859258    13000    5.5445736    12993      113       51       28    28840 
   6.4293194    14000    6.3879689    13991      116       40       36    30257 
    7.330826    15000    7.2894737    14988      116       51       26    31577 
   8.2890679    16000    8.2477151    15982      120       55       29    32744 
   9.3067886    17000    9.2654366    16974      126       57       33    33990 
   10.383875    18000    10.342524    17961      122       55       34    34981 
   11.518119    19000    11.476768    18953      125       67       27    36107 
   12.715605    20000    12.674257    19941      129       49       40    37762 
Loop time of 12.6744 on 2 procs for 20000 steps with 19941 particles

MPI task timing breakdown:
Section |  min time  |  avg time  |  max time  |%varavg| %total
---------------------------------------------------------------
Move    | 0.0024604  | 5.7199     | 11.437     | 239.1 | 45.13
Coll    | 0.0044798  | 0.36119    | 0.7179     |  59.4 |  2.85
Sort    | 0.0071888  | 0.23105    | 0.45492    |  46.6 |  1.82
Comm    | 0.047246   | 6.3515     | 12.656     | 250.1 | 50.11
Modify  | 0.0017523  | 0.0077493  | 0.013746   |   6.8 |  0.06
Output  | 0.0015591  | 0.001648   | 0.0017369  |   0.2 |  0.01
Other   |            | 0.001329   |            |       |  0.01

Particle moves    = 199807072 (200M)
Cells touched     = 201616046 (202M)
Particle comms    = 26 (0.026K)
Boundary collides = 0 (0K)
Boundary exits    = 59 (0.059K)
SurfColl checks   = 473679275 (474M)
SurfColl occurs   = 459865 (0.46M)
Surf reactions    = 0 (0K)
Collide attempts  = 1985079 (1.99M)
Collide occurs    = 858361 (0.858M)
Gas reactions     = 0 (0K)
Particles stuck   = 0

Particle-moves/CPUsec/proc: 7.88233e+06
Particle-moves/step: 9990.35
Cell-touches/particle/step: 1.00905
Particle comm iterations/step: 1
Particle fraction communicated: 1.30126e-07
Particle fraction colliding with boundary: 0
Particle fraction exiting boundary: 2.95285e-07
Surface-checks/particle/step: 2.37068
Surface-collisions/particle/step: 0.00230155
Surface-reactions/particle/step: 0
Collision-attempts/particle/step: 0.00993498
Collisions/particle/step: 0.00429595
Gas-reactions/particle/step: 0

Particles: 9970.5 ave 19936 max 5 min
Histogram: 1 0 0 0 0 0 0 0 0 1
Cells:     224 ave 248 max 200 min
Histogram: 1 0 0 0 0 0 0 0 0 1
GhostCell: 224 ave 248 max 200 min
Histogram: 1 0 0 0 0 0 0 0 0 1
EmptyCell: 0 ave 0 max 0 min
Histogram: 2 0 0 0 0 0 0 0 0 0
Surfs:     38 ave 38 max 38 min
Histogram: 2 0 0 0 0 0 0 0 0 0
GhostSurf: 0 ave 0 max 0 min
Histogram: 2 0 0 0 0 0 0 0 0 0
adapt_grid all refine particle 16 4
Adapting grid ...
  464 8 108 = cells outside/inside/overlapping surfs
  62 46 = surf cells with 1,2,etc splits
  0.00091701917084806 0.00091701917084806 = cell-wise and global flow volume
  60 cells refined, 0 cells coarsened
  adapted to 580 child grid cells, 61 parent cells
  CPU time = 0.00210695 secs
  adapt/redo percent = 75.4614 24.5386
balance_grid rcb part
Balance grid migrated 285 cells
  CPU time = 0.00269718 secs
  reassign/sort/migrate/ghost percent = 10.2533 2.72566 78.1741 8.84691
next a
jump in.cell loop
variable a loop 125
run 		    20000
Memory usage per proc in Mbytes:
  particles (ave,min,max) = 2.53125 1.6875 3.375
  grid      (ave,min,max) = 1.89391 1.89391 1.89391
  surf      (ave,min,max) = 0.00391388 0.00391388 0.00391388
  total     (ave,min,max) = 4.42908 3.58533 5.27283
WALL Step CPU Np Natt Ncoll Nscoll Nscheck 
   12.727163    20000            0    19941      129       49        0        0 
   13.271209    21000   0.54403022    20927      117       46       34    15115 
   13.829969    22000    1.1027868    21919      114       43       42    15553 
   14.406292    23000    1.6791159    22908      116       63       35    15695 
   14.996919    24000    2.2697447    23894      124       62       45    16053 
   15.600083    25000    2.8729077    24872      133       62       30    16532 
   16.221167    26000    3.4939907    25855      149       77       35    17065 
   16.861779    27000    4.1346035    26834      143       71       39    17601 
   17.516561    28000    4.7893859    27811      142       58       31    17899 
   18.186511    29000    5.4593316    28795      152       67       29    18206 
   18.878952    30000     6.151779    29763      172       79       35    18727 
   19.599508    31000     6.872334    30735      154       66       40    19165 
   20.347017    32000    7.6198408    31710      154       54       33    19520 
   21.124575    33000    8.3973996    32692      155       79       41    20193 
   21.930318    34000    9.2031413    33661      165       79       43    20564 
   22.767655    35000    10.040484    34638      177       78       40    21247 
   23.631213    36000     10.90404    35610      193       83       55    21833 
   24.526169    37000    11.798993    36582      187       79       44    22202 
   25.439603    38000    12.712426    37538      188       86       40    22785 
   26.384656    39000    13.657479    38491      187       74       43    23254 
   27.362122    40000     14.63495    39451      196       97       45    23454 
Loop time of 14.6351 on 2 procs for 20000 steps with 39451 particles

MPI task timing breakdown:
Section |  min time  |  avg time  |  max time  |%varavg| %total
---------------------------------------------------------------
Move    | 11.823     | 12.035     | 12.246     |   6.1 | 82.23
Coll    | 1.0097     | 1.1105     | 1.2112     |   9.6 |  7.59
Sort    | 0.5926     | 0.73368    | 0.87476    |  16.5 |  5.01
Comm    | 0.71974    | 0.74496    | 0.77019    |   2.9 |  5.09
Modify  | 0.0038235  | 0.0081937  | 0.012564   |   4.8 |  0.06
Output  | 0.00037183 | 0.0014287  | 0.0024855  |   2.8 |  0.01
Other   |            | 0.001587   |            |       |  0.01

Particle moves    = 594940261 (595M)
Cells touched     = 605125465 (605M)
Particle comms    = 191898 (0.192M)
Boundary collides = 0 (0K)
Boundary exits    = 490 (0.49K)
SurfColl checks   = 378730139 (379M)
SurfColl occurs   = 830305 (0.83M)
Surf reactions    = 0 (0K)
Collide attempts  = 3035658 (3.04M)
Collide occurs    = 1362424 (1.36M)
Gas reactions     = 0 (0K)
Particles stuck   = 0

Particle-moves/CPUsec/proc: 2.03258e+07
Particle-moves/step: 29747
Cell-touches/particle/step: 1.01712
Particle comm iterations/step: 1
Particle fraction communicated: 0.00032255
Particle fraction colliding with boundary: 0
Particle fraction exiting boundary: 8.23612e-07
Surface-checks/particle/step: 0.636585
Surface-collisions/particle/step: 0.00139561
Surface-reactions/particle/step: 0
Collision-attempts/particle/step: 0.00510246
Collisions/particle/step: 0.00229002
Gas-reactions/particle/step: 0

Particles: 19725.5 ave 23264 max 16187 min
Histogram: 1 0 0 0 0 0 0 0 0 1
Cells:     336 ave 553 max 119 min
Histogram: 1 0 0 0 0 0 0 0 0 1
GhostCell: 336 ave 553 max 119 min
Histogram: 1 0 0 0 0 0 0 0 0 1
EmptyCell: 0 ave 0 max 0 min
Histogram: 2 0 0 0 0 0 0 0 0 0
Surfs:     38 ave 38 max 38 min
Histogram: 2 0 0 0 0 0 0 0 0 0
GhostSurf: 0 ave 0 max 0 min
Histogram: 2 0 0 0 0 0 0 0 0 0
adapt_grid all refine particle 16 4
Adapting grid ...
  966 8 248 = cells outside/inside/overlapping surfs
  155 93 = surf cells with 1,2,etc splits
  0.000917019170848059 0.00091701917084806 = cell-wise and global flow volume
  214 cells refined, 0 cells coarsened
  adapted to 1222 child grid cells, 275 parent cells
  CPU time = 0.00293847 secs
  adapt/redo percent = 63.0656 36.9344
balance_grid rcb part
Balance grid migrated 90 cells
  CPU time = 0.00151538 secs
  reassign/sort/migrate/ghost percent = 17.9319 6.1114 52.653 23.3037
next a
jump in.cell loop
variable a loop 125
run 		    20000
Memory usage per proc in Mbytes:
  particles (ave,min,max) = 3.375 3.375 3.375
  grid      (ave,min,max) = 1.91187 1.91187 1.91187
  surf      (ave,min,max) = 0.00391388 0.00391388 0.00391388
  total     (ave,min,max) = 5.29079 5.29079 5.29079
WALL Step CPU Np Natt Ncoll Nscoll Nscheck 
   27.375672    40000            0    39451      196       97        0        0 
   28.265062    41000   0.88937834    40406      173       88       53    11806 
   29.171165    42000    1.7954817    41363      170       84       47    11768 
   30.097634    43000    2.7219517    42323      181       93       68    12029 
    31.04466    44000    3.6689777    43274      176       98       51    12087 
   32.019031    45000    4.6433462    44228      188       85       70    12054 
   33.023263    46000    5.6475815    45177      182       81       69    12415 
     34.0513    47000    6.6756171    46124      204      106       42    12467 
   35.105731    48000    7.7300498    47074      199      100       76    13064 
   36.184524    49000    8.8088433    48024      211      105       54    12995 
    37.28728    50000    9.9115966    48976      207       99       63    13495 
   38.404474    51000    11.028789    49907      196       97       70    13565 
   39.546368    52000    12.170687    50847      235      116       56    13848 
   40.708938    53000    13.333252    51790      250      126       56    13801 
   41.906778    54000    14.531092    52725      260      134       72    14186 
   43.126787    55000    15.751102    53647      241      111       60    14544 
   44.370363    56000    16.994677    54583      257      120       68    14667 
   45.631272    57000    18.255587    55493      249      119       55    14966 
   46.912021    58000    19.536334    56409      269      119       52    14735 
   48.233706    59000    20.858022    57334      279      129       69    15292 
   49.586676    60000    22.210992    58255      286      123       69    15690 
Loop time of 22.2111 on 2 procs for 20000 steps with 58255 particles

MPI task timing breakdown:
Section |  min time  |  avg time  |  max time  |%varavg| %total
---------------------------------------------------------------
Move    | 17.368     | 17.801     | 18.233     |  10.2 | 80.14
Coll    | 2.0976     | 2.1688     | 2.2399     |   4.8 |  9.76
Sort    | 1.2873     | 1.443      | 1.5987     |  13.0 |  6.50
Comm    | 0.13301    | 0.78525    | 1.4375     |  73.6 |  3.54
Modify  | 0.0042157  | 0.0099608  | 0.015706   |   5.8 |  0.04
Output  | 0.000355   | 0.0013876  | 0.0024201  |   2.8 |  0.01
Other   |            | 0.00228    |            |       |  0.01

Particle moves    = 978567995 (979M)
Cells touched     = 1011874263 (1.01B)
Particle comms    = 261128 (0.261M)
Boundary collides = 0 (0K)
Boundary exits    = 1196 (1.2K)
SurfColl checks   = 266810660 (267M)
SurfColl occurs   = 1152126 (1.15M)
Surf reactions    = 0 (0K)
Collide attempts  = 4409333 (4.41M)
Collide occurs    = 2133117 (2.13M)
Gas reactions     = 0 (0K)
Particles stuck   = 0

Particle-moves/CPUsec/proc: 2.20288e+07
Particle-moves/step: 48928.4
Cell-touches/particle/step: 1.03404
Particle comm iterations/step: 1
Particle fraction communicated: 0.000266847
Particle fraction colliding with boundary: 0
Particle fraction exiting boundary: 1.22219e-06
Surface-checks/particle/step: 0.272654
Surface-collisions/particle/step: 0.00117736
Surface-reactions/particle/step: 0
Collision-attempts/particle/step: 0.0045059
Collisions/particle/step: 0.00217984
Gas-reactions/particle/step: 0

Particles: 29127.5 ave 31553 max 26702 min
Histogram: 1 0 0 0 0 0 0 0 0 1
Cells:     704 ave 951 max 457 min
Histogram: 1 0 0 0 0 0 0 0 0 1
GhostCell: 704 ave 951 max 457 min
Histogram: 1 0 0 0 0 0 0 0 0 1
EmptyCell: 0 ave 0 max 0 min
Histogram: 2 0 0 0 0 0 0 0 0 0
Surfs:     38 ave 38 max 38 min
Histogram: 2 0 0 0 0 0 0 0 0 0
GhostSurf: 0 ave 0 max 0 min
Histogram: 2 0 0 0 0 0 0 0 0 0
adapt_grid all refine particle 16 4
Adapting grid ...
  2899 9 453 = cells outside/inside/overlapping surfs
  316 137 = surf cells with 1,2,etc splits
  0.000917019170848059 0.00091701917084806 = cell-wise and global flow volume
  713 cells refined, 0 cells coarsened
  adapted to 3361 child grid cells, 988 parent cells
  CPU time = 0.00635484 secs
  adapt/redo percent = 49.8109 50.1891
balance_grid rcb part
Balance grid migrated 83 cells
  CPU time = 0.00223823 secs
  reassign/sort/migrate/ghost percent = 23.9003 10.0593 33.2481 32.7923
next a
jump in.cell loop
variable a loop 125
run 		    20000
Memory usage per proc in Mbytes:
  particles (ave,min,max) = 3.375 3.375 3.375
  grid      (ave,min,max) = 1.97171 1.97171 1.97171
  surf      (ave,min,max) = 0.00391388 0.00391388 0.00391388
  total     (ave,min,max) = 5.35062 5.35062 5.35062
WALL Step CPU Np Natt Ncoll Nscoll Nscheck 
   49.599393    60000            0    58255      286      123        0        0 
   50.879446    61000    1.2800412    59161      241      138       64     3451 
   52.186663    62000    2.5872534    60083      269      154       57     3483 
   53.513968    63000    3.9145616    60996      271      139       79     3752 
   54.859009    64000    5.2596056    61912      307      167       69     3789 
   56.244974    65000    6.6455681    62811      309      160       83     3757 
   57.663983    66000    8.0645788    63715      317      174       85     3810 
    59.10934    67000    9.5099346    64623      313      156       75     3652 
    60.58809    68000    10.988686    65507      314      166       91     3901 
   62.054256    69000    12.454852    66397      341      166       77     3926 
   63.552789    70000    13.953384    67293      341      165       80     3909 
   65.075089    71000    15.475684    68207      331      168       70     4078 
   66.620199    72000    17.020796    69102      339      177       82     3994 
   68.179445    73000    18.580046    70007      370      169       81     4105 
   69.754242    74000    20.154839    70906      388      184       58     4081 
    71.36301    75000    21.763606    71811      378      194       72     4207 
   73.009258    76000    23.409853    72703      402      188       70     4153 
   74.682248    77000    25.082837    73574      388      201       81     4257 
   76.371344    78000    26.771942    74451      387      180       96     4554 
   78.081599    79000    28.482195    75344      423      207       80     4426 
   79.818786    80000    30.219382    76237      458      223       90     4433 
Loop time of 30.2195 on 2 procs for 20000 steps with 76237 particles

MPI task timing breakdown:
Section |  min time  |  avg time  |  max time  |%varavg| %total
---------------------------------------------------------------
Move    | 23.222     | 23.463     | 23.704     |   5.0 | 77.64
Coll    | 3.3306     | 3.3745     | 3.4184     |   2.4 | 11.17
Sort    | 2.6474     | 2.7997     | 2.952      |   9.1 |  9.26
Comm    | 0.22325    | 0.56056    | 0.89786    |  45.1 |  1.85
Modify  | 0.0061504  | 0.017243   | 0.028336   |   8.4 |  0.06
Output  | 0.00049104 | 0.0014222  | 0.0023534  |   2.5 |  0.00
Other   |            | 0.00308    |            |       |  0.01

Particle moves    = 1345854383 (1.35B)
Cells touched     = 1437069018 (1.44B)
Particle comms    = 347004 (0.347M)
Boundary collides = 0 (0K)
Boundary exits    = 2018 (2.02K)
SurfColl checks   = 78958598 (79M)
SurfColl occurs   = 1481714 (1.48M)
Surf reactions    = 0 (0K)
Collide attempts  = 6808947 (6.81M)
Collide occurs    = 3430278 (3.43M)
Gas reactions     = 0 (0K)
Particles stuck   = 0

Particle-moves/CPUsec/proc: 2.2268e+07
Particle-moves/step: 67292.7
Cell-touches/particle/step: 1.06777
Particle comm iterations/step: 1
Particle fraction communicated: 0.000257832
Particle fraction colliding with boundary: 0
Particle fraction exiting boundary: 1.49942e-06
Surface-checks/particle/step: 0.058668
Surface-collisions/particle/step: 0.00110095
Surface-reactions/particle/step: 0
Collision-attempts/particle/step: 0.0050592
Collisions/particle/step: 0.00254877
Gas-reactions/particle/step: 0

Particles: 38118.5 ave 39250 max 36987 min
Histogram: 1 0 0 0 0 0 0 0 0 1
Cells:     1817.5 ave 2161 max 1474 min
Histogram: 1 0 0 0 0 0 0 0 0 1
GhostCell: 1817.5 ave 2161 max 1474 min
Histogram: 1 0 0 0 0 0 0 0 0 1
EmptyCell: 0 ave 0 max 0 min
Histogram: 2 0 0 0 0 0 0 0 0 0
Surfs:     38 ave 38 max 38 min
Histogram: 2 0 0 0 0 0 0 0 0 0
GhostSurf: 0 ave 0 max 0 min
Histogram: 2 0 0 0 0 0 0 0 0 0
adapt_grid all refine particle 16 4
Adapting grid ...
  8422 44 499 = cells outside/inside/overlapping surfs
  357 142 = surf cells with 1,2,etc splits
  0.000917019170848053 0.00091701917084806 = cell-wise and global flow volume
  1868 cells refined, 0 cells coarsened
  adapted to 8965 child grid cells, 2856 parent cells
  CPU time = 0.0169052 secs
  adapt/redo percent = 35.1988 64.8012
balance_grid rcb part
Balance grid migrated 93 cells
  CPU time = 0.00509292 secs
  reassign/sort/migrate/ghost percent = 21.0506 10.4679 17.763 50.7185
next a
jump in.cell loop
variable a loop 125
run 		    20000
Memory usage per proc in Mbytes:
  particles (ave,min,max) = 5.0625 5.0625 5.0625
  grid      (ave,min,max) = 3.06598 3.06598 3.06598
  surf      (ave,min,max) = 0.00391388 0.00391388 0.00391388
  total     (ave,min,max) = 8.13239 8.13239 8.13239
WALL Step CPU Np Natt Ncoll Nscoll Nscheck 
   79.849934    80000            0    76237      458      223        0        0 
   81.823142    81000     1.973196    77111      363      213       74     3629 
   83.748235    82000    3.8982871    77988      372      213       81     3715 
   85.687575    83000    5.8376238    78836      381      227       93     3696 
   87.621622    84000    7.7716733    79708      409      230       92     3788 
   89.577424    85000    9.7274751    80567      430      240       99     3866 
   91.633794    86000    11.783848    81438      435      240       88     3963 
   93.781087    87000     13.93114    82295      450      239       86     3852 
   95.972658    88000    16.122712    83163      486      277       83     3809 
   98.250187    89000    18.400239    84008      449      251       79     3797 
   100.64871    90000    20.798766    84882      463      249       80     3991 
   103.09853    91000    23.248582    85759      505      282       75     3983 
   105.46514    92000    25.615198    86607      506      230      110     4072 
   107.90374    93000    28.053796    87454      486      249       88     4158 
   110.35819    94000    30.508245    88307      533      264       90     4143 
   112.84519    95000    32.995241    89164      486      254       75     4178 
   115.37646    96000    35.526517    89986      563      294      107     4205 
   117.92594    97000    38.075991    90855      552      286      100     4245 
   120.50794    98000    40.657991    91711      598      307       91     4234 
   123.13676    99000    43.286818    92570      575      287       89     4273 
   125.53132   100000    45.681369    93436      566      302       98     4329 
Loop time of 45.6815 on 2 procs for 20000 steps with 93436 particles

MPI task timing breakdown:
Section |  min time  |  avg time  |  max time  |%varavg| %total
---------------------------------------------------------------
Move    | 34.259     | 34.687     | 35.115     |   7.3 | 75.93
Coll    | 4.9415     | 4.9742     | 5.007      |   1.5 | 10.89
Sort    | 4.6637     | 5.0371     | 5.4106     |  16.6 | 11.03
Comm    | 0.20289    | 0.95798    | 1.7131     |  77.1 |  2.10
Modify  | 0.0080846  | 0.020307   | 0.032528   |   8.6 |  0.04
Output  | 0.00051375 | 0.0016322  | 0.0027507  |   2.8 |  0.00
Other   |            | 0.003402   |            |       |  0.01

Particle moves    = 1697257586 (1.7B)
Cells touched     = 1911892053 (1.91B)
Particle comms    = 451468 (0.451M)
Boundary collides = 0 (0K)
Boundary exits    = 2801 (2.8K)
SurfColl checks   = 79634041 (79.6M)
SurfColl occurs   = 1795018 (1.8M)
Surf reactions    = 0 (0K)
Collide attempts  = 9371071 (9.37M)
Collide occurs    = 4942119 (4.94M)
Gas reactions     = 0 (0K)
Particles stuck   = 0

Particle-moves/CPUsec/proc: 1.85771e+07
Particle-moves/step: 84862.9
Cell-touches/particle/step: 1.12646
Particle comm iterations/step: 1
Particle fraction communicated: 0.000265999
Particle fraction colliding with boundary: 0
Particle fraction exiting boundary: 1.65031e-06
Surface-checks/particle/step: 0.0469192
Surface-collisions/particle/step: 0.0010576
Surface-reactions/particle/step: 0
Collision-attempts/particle/step: 0.0055213
Collisions/particle/step: 0.00291183
Gas-reactions/particle/step: 0

Particles: 46718 ave 47459 max 45977 min
Histogram: 1 0 0 0 0 0 0 0 0 1
Cells:     4624.5 ave 4911 max 4338 min
Histogram: 1 0 0 0 0 0 0 0 0 1
GhostCell: 4624.5 ave 4911 max 4338 min
Histogram: 1 0 0 0 0 0 0 0 0 1
EmptyCell: 0 ave 0 max 0 min
Histogram: 2 0 0 0 0 0 0 0 0 0
Surfs:     38 ave 38 max 38 min
Histogram: 2 0 0 0 0 0 0 0 0 0
GhostSurf: 0 ave 0 max 0 min
Histogram: 2 0 0 0 0 0 0 0 0 0
adapt_grid all refine particle 16 4
Adapting grid ...
  11914 102 534 = cells outside/inside/overlapping surfs
  389 145 = surf cells with 1,2,etc splits
  0.000917019170848057 0.00091701917084806 = cell-wise and global flow volume
  1195 cells refined, 0 cells coarsened
  adapted to 12550 child grid cells, 4051 parent cells
  CPU time = 0.0195624 secs
  adapt/redo percent = 20.9284 79.0716
balance_grid rcb part
Balance grid migrated 139 cells
  CPU time = 0.00555438 secs
  reassign/sort/migrate/ghost percent = 19.1104 8.96408 14.7466 57.179
next a
jump in.cell loop
variable a loop 125
run 		    20000
Memory usage per proc in Mbytes:
  particles (ave,min,max) = 5.0625 5.0625 5.0625
  grid      (ave,min,max) = 3.16627 3.16627 3.16627
  surf      (ave,min,max) = 0.00391388 0.00391388 0.00391388
  total     (ave,min,max) = 8.23268 8.23268 8.23268
WALL Step CPU Np Natt Ncoll Nscoll Nscheck 
   125.55987   100000            0    93436      566      302        0        0 
   128.22392   101000    2.6640344    94288      489      300      114     4300 
   130.79858   102000    5.2386962    95139      536      312      109     4421 
   133.50942   103000    7.9495392    95975      532      297       90     4412 
   136.66444   104000    11.104557    96804      587      291      112     4420 
   139.94911   105000    14.389229    97635      580      319       87     4412 
   143.50736   106000    17.947476    98467      567      327      110     4480 
   147.06623   107000    21.506354    99295      650      362      114     4653 
   150.67271   108000    25.112828   100119      650      347      101     4502 
   154.29769   109000    28.737809   100953      628      342       89     4487 
   157.96693   110000    32.407053   101755      666      353      127     4633 
   161.68859   111000     36.12871   102590      713      365      111     4553 
   165.43203   112000    39.872149   103426      658      346      106     4771 
   168.63547   113000    43.075586   104247      680      376       98     4625 
    171.6713   114000     46.11142   105043      671      338       99     4679 
   174.60961   115000    49.049734   105854      701      359       97     4733 
   177.99398   116000    52.434106   106650      767      388      113     4817 
