running....
Running without a11y support!
SPARTA (24 Jan 2020)

# variables to be set in RunCells.jl
variable FNUM equal "3.600E+11"
variable ZMAX equal "3.500E-01"
variable RMAX equal "3.000E-02"
variable TIMESTEP equal "2.000E-07"
variable NPERSTEP equal "1.000E+00"
variable T1 equal "2.000E+00"
variable T2 equal "2.000E+00"

global		        fnum ${FNUM} cellmax 10000
global		        fnum 360000000000 cellmax 10000
seed	    	    12345
dimension   	    2
units               si
timestep 	        ${TIMESTEP}
timestep 	        2e-07

species		        he4.species He
mixture		        He He nrho 1 vstream 26.2 0 0 temp ${T1}
mixture		        He He nrho 1 vstream 26.2 0 0 temp 2
collide             vss He he4.vss #kk

# read_restart data/cell.restart.*

boundary	        o ao p
create_box  	    0 ${ZMAX} 0 ${RMAX} -0.1 0.1
create_box  	    0 0.35 0 ${RMAX} -0.1 0.1
create_box  	    0 0.35 0 0.03 -0.1 0.1
Created orthogonal box = (0 0 -0.1) to (0.35 0.03 0.1)
create_grid 	    20 20 1
Created 400 child grid cells
  parent cells = 1
  CPU time = 0.0016009 secs
  create/ghost percent = 78.2187 21.7813
balance_grid        rcb cell
Balance grid migrated 200 cells
  CPU time = 0.000984962 secs
  reassign/sort/migrate/ghost percent = 61.9902 0.328338 18.5032 19.1783

read_surf           data.cell
Reading surface file ...
  12 points
  12 lines
  0 0.06509 xlo xhi
  0 0.0254 ylo yhi
  0 0 zlo zhi
  0.00159 min line length
  42 = cells with surfs
  74 = total surfs in all grid cells
  4 = max surfs in one grid cell
  0.0908571 = min surf-size/cell-size ratio
  0 0 = number of pushed cells
  42 0 = cells overlapping surfs, overlap cells with unmarked corner pts
  356 2 42 = cells outside/inside/overlapping surfs
  30 12 = surf cells with 1,2,etc splits
  0.000929288775062441 0.000929288775062441 = cell-wise and global flow volume
  CPU time = 0.00555105 secs
  read/check/sort/surf2grid/ghost/inout/particle percent = 83.4582 1.23434 0.159862 8.72424 6.42334 1.73034 0.171715
  surf2grid time = 0.000484287 secs
  map/rvous1/rvous2/split percent = 6.81497 19.6198 0.165398 63.1807
group       inlet surf id 12
1 surfaces in group inlet
fix		    in emit/surf He inlet n ${NPERSTEP} perspecies no
fix		    in emit/surf He inlet n 1 perspecies no

read_surf           data.diffuser
Reading surface file ...
  4 points
  16 lines
  0.00953 0.0127 xlo xhi
  0 0.00953 ylo yhi
  0 0 zlo zhi
  0.00317 min line length
  42 = cells with surfs
  90 = total surfs in all grid cells
  6 = max surfs in one grid cell
  0.0908571 = min surf-size/cell-size ratio
  0 0 = number of pushed cells
  42 0 = cells overlapping surfs, overlap cells with unmarked corner pts
  356 2 42 = cells outside/inside/overlapping surfs
  24 18 = surf cells with 1,2,etc splits
  0.000928384303459465 0.000928384303459465 = cell-wise and global flow volume
  CPU time = 0.00533057 secs
  read/check/sort/surf2grid/ghost/inout/particle percent = 88.2695 1.30498 0.18876 5.38511 4.8516 1.90242 0.171314
  surf2grid time = 0.000287057 secs
  map/rvous1/rvous2/split percent = 14.0791 33.741 0.353588 31.4154

read_surf           data.stages trans 65.09E-3 0 0 group stages
Reading surface file ...
  22 points
  38 lines
  0.07309 0.08417 xlo xhi
  0.00036 0.02223 ylo yhi
  0 0 zlo zhi
  0.00048 min line length
  57 = cells with surfs
  139 = total surfs in all grid cells
  10 = max surfs in one grid cell
  0.0274286 = min surf-size/cell-size ratio
  0 0 = number of pushed cells
  57 0 = cells overlapping surfs, overlap cells with unmarked corner pts
  341 2 57 = cells outside/inside/overlapping surfs
  28 29 = surf cells with 1,2,etc splits
  0.00091701917084806 0.00091701917084806 = cell-wise and global flow volume
  CPU time = 0.00298995 secs
  read/check/sort/surf2grid/ghost/inout/particle percent = 78.9339 2.97293 0.333785 10.8962 6.86326 3.48267 0.245054
  surf2grid time = 0.00032579 secs
  map/rvous1/rvous2/split percent = 12.8948 33.5735 0.31063 33.5001

surf_collide	    diffuse diffuse ${T1} 1.0
surf_collide	    diffuse diffuse 2 1.0
surf_collide	    cold diffuse ${T2} 1.0
surf_collide	    cold diffuse 2 1.0
surf_modify         all collide diffuse
surf_modify         stages collide cold

stats		    1000
stats_style	    wall step cpu np nattempt ncoll nscoll nscheck

# Run until convergence
label loop
variable a loop 125
run 		    20000
Memory usage per proc in Mbytes:
  particles (ave,min,max) = 0 0 0
  grid      (ave,min,max) = 1.88888 1.88888 1.88888
  surf      (ave,min,max) = 0.00391388 0.00391388 0.00391388
  total     (ave,min,max) = 1.89279 1.89279 1.89279
WALL Step CPU Np Natt Ncoll Nscoll Nscheck 
 0.027610593        0            0        0        0        0        0        0 
 0.079749736     1000  0.052115396     1000       29       18        8     5520 
  0.18679738     2000   0.15916244     2000       59       24        9     9773 
  0.36661985     3000   0.33898513     3000       75       34       12    13079 
  0.61295178     4000   0.58531752     4000       87       32       23    15766 
  0.92316834     5000   0.89553581     5000       95       35       23    18021 
   1.2951233     6000    1.2674925     6000      104       52       14    20106 
   1.7258236     7000    1.6981916     7000      117       66       22    21987 
   2.2158847     8000    2.1882532     7998      122       43       20    23537 
   2.7631908     9000    2.7355592     8995      129       69       20    25136 
   3.3706287    10000    3.3429976     9995      141       58       16    26573 
   4.0329263    11000    4.0052949    10991      142       50       22    27713 
   4.7511679    12000    4.7235369    11988      136       51       14    28450 
   5.5270966    13000    5.4994688    12984      142       60       23    29771 
   6.3579827    14000    6.3303506    13977      145       64       30    30915 
    7.242588    15000    7.2149569    14968      146       67       35    31874 
   8.1823325    16000    8.1547033    15953      162       60       25    32901 
   9.1755056    17000    9.1478764    16933      157       68       19    33897 
   10.220363    18000    10.192733    17921      149       62       31    34888 
   11.321022    19000    11.293393    18904      166       71       33    35897 
   12.473981    20000    12.446351    19874      148       67       27    36789 
Loop time of 12.4464 on 2 procs for 20000 steps with 19874 particles

MPI task timing breakdown:
Section |  min time  |  avg time  |  max time  |%varavg| %total
---------------------------------------------------------------
Move    | 0.0019921  | 5.6046     | 11.207     | 236.7 | 45.03
Coll    | 0.0033393  | 0.36666    | 0.72998    |  60.0 |  2.95
Sort    | 0.0069587  | 0.22275    | 0.43855    |  45.7 |  1.79
Comm    | 0.056244   | 6.2435     | 12.431     | 247.6 | 50.16
Modify  | 0.0011727  | 0.0067349  | 0.012297   |   6.8 |  0.05
Output  | 0.00065963 | 0.0010872  | 0.0015148  |   1.3 |  0.01
Other   |            | 0.001117   |            |       |  0.01

Particle moves    = 199553544 (200M)
Cells touched     = 201137055 (201M)
Particle comms    = 17 (0.017K)
Boundary collides = 0 (0K)
Boundary exits    = 126 (0.126K)
SurfColl checks   = 484705072 (485M)
SurfColl occurs   = 435463 (0.435M)
Surf reactions    = 0 (0K)
Collide attempts  = 2358954 (2.36M)
Collide occurs    = 1008736 (1.01M)
Gas reactions     = 0 (0K)
Particles stuck   = 0

Particle-moves/CPUsec/proc: 8.01653e+06
Particle-moves/step: 9977.68
Cell-touches/particle/step: 1.00794
Particle comm iterations/step: 1
Particle fraction communicated: 8.51902e-08
Particle fraction colliding with boundary: 0
Particle fraction exiting boundary: 6.31409e-07
Surface-checks/particle/step: 2.42895
Surface-collisions/particle/step: 0.00218219
Surface-reactions/particle/step: 0
Collision-attempts/particle/step: 0.0118212
Collisions/particle/step: 0.00505496
Gas-reactions/particle/step: 0

Particles: 9937 ave 19865 max 9 min
Histogram: 1 0 0 0 0 0 0 0 0 1
Cells:     229 ave 258 max 200 min
Histogram: 1 0 0 0 0 0 0 0 0 1
GhostCell: 229 ave 258 max 200 min
Histogram: 1 0 0 0 0 0 0 0 0 1
EmptyCell: 0 ave 0 max 0 min
Histogram: 2 0 0 0 0 0 0 0 0 0
Surfs:     38 ave 38 max 38 min
Histogram: 2 0 0 0 0 0 0 0 0 0
GhostSurf: 0 ave 0 max 0 min
Histogram: 2 0 0 0 0 0 0 0 0 0
adapt_grid all refine particle 16 4
Adapting grid ...
  449 8 102 = cells outside/inside/overlapping surfs
  55 47 = surf cells with 1,2,etc splits
  0.00091701917084806 0.00091701917084806 = cell-wise and global flow volume
  53 cells refined, 0 cells coarsened
  adapted to 559 child grid cells, 54 parent cells
  CPU time = 0.00164148 secs
  adapt/redo percent = 76.3562 23.6438
balance_grid rcb part
Balance grid migrated 267 cells
  CPU time = 0.00219096 secs
  reassign/sort/migrate/ghost percent = 10.9788 3.31795 74.8837 10.8195
next a
jump in.cell loop
variable a loop 125
run 		    20000
Memory usage per proc in Mbytes:
  particles (ave,min,max) = 2.53125 1.6875 3.375
  grid      (ave,min,max) = 1.89333 1.89333 1.89333
  surf      (ave,min,max) = 0.00391388 0.00391388 0.00391388
  total     (ave,min,max) = 4.42849 3.58474 5.27224
WALL Step CPU Np Natt Ncoll Nscoll Nscheck 
   12.483296    20000            0    19874      148       67        0        0 
   13.035974    21000   0.55266491    20853      141       65       22    14983 
   13.603945    22000    1.1206391    21826      141       57       25    15378 
   14.183958    23000    1.7006487    22793      131       69       37    15851 
   14.775212    24000    2.2919035    23768      132       59       32    15914 
   15.379162    25000    2.8958517    24742      147       64       30    16363 
   16.002248    26000    3.5189371    25712      155       62       36    16796 
   16.640643    27000     4.157333    26686      136       69       34    16985 
   17.291808    28000     4.808499    27653      157       62       37    17700 
   17.966542    29000    5.4832329    28616      154       59       36    17953 
   18.657386    30000    6.1740775    29573      161       70       47    18368 
   19.360927    31000    6.8776177    30527      159       64       43    18534 
   20.078384    32000    7.5950748    31471      175       83       34    19033 
   20.813332    33000    8.3300225    32419      175       78       35    19380 
   21.571276    34000     9.087969    33371      174       80       35    19741 
   22.356406    35000    9.8730967    34318      188       84       46    20028 
   23.167967    36000    10.684657    35272      172       76       37    20361 
   24.010774    37000    11.527465    36208      174       78       53    20772 
   24.882231    38000    12.398921    37153      199       85       41    20986 
   25.782815    39000    13.299505    38088      202       92       56    21464 
   26.706134    40000    14.222824    39025      193       87       40    21672 
Loop time of 14.2229 on 2 procs for 20000 steps with 39025 particles

MPI task timing breakdown:
Section |  min time  |  avg time  |  max time  |%varavg| %total
---------------------------------------------------------------
Move    | 11.088     | 11.651     | 12.213     |  16.5 | 81.91
Coll    | 1.0014     | 1.0813     | 1.1611     |   7.7 |  7.60
Sort    | 0.56523    | 0.70164    | 0.83806    |  16.3 |  4.93
Comm    | 0.42979    | 0.77971    | 1.1296     |  39.6 |  5.48
Modify  | 0.003947   | 0.0073239  | 0.010701   |   3.9 |  0.05
Output  | 0.00028299 | 0.00070315 | 0.0011233  |   0.0 |  0.00
Other   |            | 0.001754   |            |       |  0.01

Particle moves    = 590513604 (591M)
Cells touched     = 599360765 (599M)
Particle comms    = 173479 (0.173M)
Boundary collides = 0 (0K)
Boundary exits    = 849 (0.849K)
SurfColl checks   = 365148949 (365M)
SurfColl occurs   = 754880 (0.755M)
Surf reactions    = 0 (0K)
Collide attempts  = 3211466 (3.21M)
Collide occurs    = 1448733 (1.45M)
Gas reactions     = 0 (0K)
Particles stuck   = 0

Particle-moves/CPUsec/proc: 2.07592e+07
Particle-moves/step: 29525.7
Cell-touches/particle/step: 1.01498
Particle comm iterations/step: 1
Particle fraction communicated: 0.000293776
Particle fraction colliding with boundary: 0
Particle fraction exiting boundary: 1.43773e-06
Surface-checks/particle/step: 0.618358
Surface-collisions/particle/step: 0.00127834
Surface-reactions/particle/step: 0
Collision-attempts/particle/step: 0.00543843
Collisions/particle/step: 0.00245334
Gas-reactions/particle/step: 0

Particles: 19512.5 ave 23132 max 15893 min
Histogram: 1 0 0 0 0 0 0 0 0 1
Cells:     326.5 ave 537 max 116 min
Histogram: 1 0 0 0 0 0 0 0 0 1
GhostCell: 326.5 ave 537 max 116 min
Histogram: 1 0 0 0 0 0 0 0 0 1
EmptyCell: 0 ave 0 max 0 min
Histogram: 2 0 0 0 0 0 0 0 0 0
Surfs:     38 ave 38 max 38 min
Histogram: 2 0 0 0 0 0 0 0 0 0
GhostSurf: 0 ave 0 max 0 min
Histogram: 2 0 0 0 0 0 0 0 0 0
adapt_grid all refine particle 16 4
Adapting grid ...
  953 8 210 = cells outside/inside/overlapping surfs
  123 87 = surf cells with 1,2,etc splits
  0.000917019170848059 0.00091701917084806 = cell-wise and global flow volume
  204 cells refined, 0 cells coarsened
  adapted to 1171 child grid cells, 258 parent cells
  CPU time = 0.00251468 secs
  adapt/redo percent = 62.5726 37.4274
balance_grid rcb part
Balance grid migrated 87 cells
  CPU time = 0.00150604 secs
  reassign/sort/migrate/ghost percent = 17.7846 5.78516 49.6811 26.7491
next a
jump in.cell loop
variable a loop 125
run 		    20000
Memory usage per proc in Mbytes:
  particles (ave,min,max) = 3.375 3.375 3.375
  grid      (ave,min,max) = 1.91045 1.91045 1.91045
  surf      (ave,min,max) = 0.00391388 0.00391388 0.00391388
  total     (ave,min,max) = 5.28936 5.28936 5.28936
WALL Step CPU Np Natt Ncoll Nscoll Nscheck 
   26.715619    40000            0    39025      193       87        0        0 
   27.593225    41000   0.87759144    39955      161       81       49    11733 
   28.495106    42000    1.7794716    40896      163       76       58    11766 
   29.417271    43000    2.7016376    41833      176       94       39    11851 
   30.353326    44000    3.6376918    42754      178       95       57    12379 
   31.303254    45000    4.5876187    43680      179       90       43    12354 
   32.266944    46000    5.5513093    44616      189       79       60    12679 
   33.250022    47000    6.5343873    45533      208       98       62    12813 
   34.259124    48000    7.5434911    46457      187       77       48    12925 
     35.2952    49000    8.5795683    47376      190       94       42    12731 
   36.358637    50000    9.6430019    48298      210      100       38    13156 
   37.443459    51000    10.727825    49220      233      117       47    13566 
   38.547152    52000    11.831517    50113      216       91       64    13919 
   39.672862    53000    12.957228    51018      224       95       48    13909 
   40.817393    54000    14.101758    51920      243      114       51    13993 
   41.987429    55000    15.271794    52829      246      116       56    14235 
    43.18017    56000    16.464536    53734      233      102       47    14301 
   44.395246    57000    17.679611    54633      263      116       60    14459 
   45.631511    58000    18.915876    55542      255      111       53    14641 
    46.89325    59000    20.177615    56436      260      134       50    15127 
    48.17472    60000    21.459085    57340      259      103       60    15032 
Loop time of 21.4591 on 2 procs for 20000 steps with 57340 particles

MPI task timing breakdown:
Section |  min time  |  avg time  |  max time  |%varavg| %total
---------------------------------------------------------------
Move    | 17.195     | 17.338     | 17.481     |   3.4 | 80.80
Coll    | 2.0252     | 2.0784     | 2.1315     |   3.7 |  9.69
Sort    | 1.2578     | 1.3901     | 1.5224     |  11.2 |  6.48
Comm    | 0.31734    | 0.64114    | 0.96494    |  40.4 |  2.99
Modify  | 0.0045984  | 0.0088711  | 0.013144   |   4.5 |  0.04
Output  | 0.0002569  | 0.00064208 | 0.0010273  |   0.0 |  0.00
Other   |            | 0.001943   |            |       |  0.01

Particle moves    = 965032918 (965M)
Cells touched     = 993759539 (994M)
Particle comms    = 207199 (0.207M)
Boundary collides = 0 (0K)
Boundary exits    = 1685 (1.69K)
SurfColl checks   = 265300854 (265M)
SurfColl occurs   = 1015081 (1.02M)
Surf reactions    = 0 (0K)
Collide attempts  = 4250117 (4.25M)
Collide occurs    = 2045793 (2.05M)
Gas reactions     = 0 (0K)
Particles stuck   = 0

Particle-moves/CPUsec/proc: 2.24853e+07
Particle-moves/step: 48251.6
Cell-touches/particle/step: 1.02977
Particle comm iterations/step: 1
Particle fraction communicated: 0.000214707
Particle fraction colliding with boundary: 0
Particle fraction exiting boundary: 1.74605e-06
Surface-checks/particle/step: 0.274914
Surface-collisions/particle/step: 0.00105186
Surface-reactions/particle/step: 0
Collision-attempts/particle/step: 0.00440412
Collisions/particle/step: 0.00211992
Gas-reactions/particle/step: 0

Particles: 28670 ave 30975 max 26365 min
Histogram: 1 0 0 0 0 0 0 0 0 1
Cells:     672.5 ave 908 max 437 min
Histogram: 1 0 0 0 0 0 0 0 0 1
GhostCell: 672.5 ave 908 max 437 min
Histogram: 1 0 0 0 0 0 0 0 0 1
EmptyCell: 0 ave 0 max 0 min
Histogram: 2 0 0 0 0 0 0 0 0 0
Surfs:     38 ave 38 max 38 min
Histogram: 2 0 0 0 0 0 0 0 0 0
GhostSurf: 0 ave 0 max 0 min
Histogram: 2 0 0 0 0 0 0 0 0 0
adapt_grid all refine particle 16 4
Adapting grid ...
  2802 9 403 = cells outside/inside/overlapping surfs
  289 114 = surf cells with 1,2,etc splits
  0.000917019170848059 0.00091701917084806 = cell-wise and global flow volume
  681 cells refined, 0 cells coarsened
  adapted to 3214 child grid cells, 939 parent cells
  CPU time = 0.00531025 secs
  adapt/redo percent = 44.9673 55.0327
balance_grid rcb part
Balance grid migrated 106 cells
  CPU time = 0.00190404 secs
  reassign/sort/migrate/ghost percent = 18.2611 6.8845 35.4073 39.447
next a
jump in.cell loop
variable a loop 125
run 		    20000
Memory usage per proc in Mbytes:
  particles (ave,min,max) = 3.375 3.375 3.375
  grid      (ave,min,max) = 1.9676 1.9676 1.9676
  surf      (ave,min,max) = 0.00391388 0.00391388 0.00391388
  total     (ave,min,max) = 5.34651 5.34651 5.34651
WALL Step CPU Np Natt Ncoll Nscoll Nscheck 
   48.187403    60000            0    57340      259      103        0        0 
   49.407124    61000    1.2197066    58222      212      111       54     3354 
   50.645932    62000    2.4585131    59116      260      131       66     3477 
   51.905648    63000    3.7182292    59992      253      139       63     3456 
    53.18288    64000    4.9954627    60891      290      173       56     3399 
   54.475507    65000    6.2880886    61748      265      144       56     3657 
    55.78744    66000    7.6000229    62634      276      135       74     3591 
   57.116601    67000     8.929184    63514      275      127       56     3626 
   58.466455    68000    10.279038    64391      297      142       68     3603 
    59.83122    69000    11.643803    65267      310      149       58     3730 
   61.215489    70000    13.028071    66134      346      174       60     3575 
   62.619426    71000    14.432007    67017      318      169       74     3888 
   64.050251    72000    15.862834    67867      317      170       55     3664 
   65.498096    73000    17.310677    68734      339      163       69     3791 
   66.965971    74000    18.778553    69598      350      158       86     3911 
   68.457374    75000    20.269956    70479      354      164       76     3998 
   69.974273    76000    21.786854    71343      358      168       66     3838 
   71.506235    77000    23.318817    72209      361      158       74     4002 
     73.0586    78000    24.871181    73083      377      184       67     4103 
   74.632129    79000     26.44471    73936      397      212       61     3959 
   76.221092    80000    28.033673    74787      435      215       50     4083 
Loop time of 28.0337 on 2 procs for 20000 steps with 74787 particles

MPI task timing breakdown:
Section |  min time  |  avg time  |  max time  |%varavg| %total
---------------------------------------------------------------
Move    | 22.168     | 22.305     | 22.441     |   2.9 | 79.56
Coll    | 3.0719     | 3.1441     | 3.2163     |   4.1 | 11.22
Sort    | 2.1077     | 2.1952     | 2.2828     |   5.9 |  7.83
Comm    | 0.23066    | 0.37617    | 0.52169    |  23.7 |  1.34
Modify  | 0.0048637  | 0.010932   | 0.017      |   5.8 |  0.04
Output  | 0.00037146 | 0.00059632 | 0.00082119 |   0.0 |  0.00
Other   |            | 0.002005   |            |       |  0.01

Particle moves    = 1322244818 (1.32B)
Cells touched     = 1400963390 (1.4B)
Particle comms    = 281952 (0.282M)
Boundary collides = 0 (0K)
Boundary exits    = 2553 (2.55K)
SurfColl checks   = 74425898 (74.4M)
SurfColl occurs   = 1288645 (1.29M)
Surf reactions    = 0 (0K)
Collide attempts  = 6297582 (6.3M)
Collide occurs    = 3162693 (3.16M)
Gas reactions     = 0 (0K)
Particles stuck   = 0

Particle-moves/CPUsec/proc: 2.35831e+07
Particle-moves/step: 66112.2
Cell-touches/particle/step: 1.05953
Particle comm iterations/step: 1
Particle fraction communicated: 0.000213237
Particle fraction colliding with boundary: 0
Particle fraction exiting boundary: 1.93081e-06
Surface-checks/particle/step: 0.0562875
Surface-collisions/particle/step: 0.000974589
Surface-reactions/particle/step: 0
Collision-attempts/particle/step: 0.0047628
Collisions/particle/step: 0.00239191
Gas-reactions/particle/step: 0

Particles: 37393.5 ave 38608 max 36179 min
Histogram: 1 0 0 0 0 0 0 0 0 1
Cells:     1721 ave 2024 max 1418 min
Histogram: 1 0 0 0 0 0 0 0 0 1
GhostCell: 1721 ave 2024 max 1418 min
Histogram: 1 0 0 0 0 0 0 0 0 1
EmptyCell: 0 ave 0 max 0 min
Histogram: 2 0 0 0 0 0 0 0 0 0
Surfs:     38 ave 38 max 38 min
Histogram: 2 0 0 0 0 0 0 0 0 0
GhostSurf: 0 ave 0 max 0 min
Histogram: 2 0 0 0 0 0 0 0 0 0
adapt_grid all refine particle 16 4
Adapting grid ...
  8230 69 456 = cells outside/inside/overlapping surfs
  342 114 = surf cells with 1,2,etc splits
  0.000917019170848054 0.00091701917084806 = cell-wise and global flow volume
  1847 cells refined, 0 cells coarsened
  adapted to 8755 child grid cells, 2786 parent cells
  CPU time = 0.014521 secs
  adapt/redo percent = 27.7566 72.2434
balance_grid rcb part
Balance grid migrated 106 cells
  CPU time = 0.00366614 secs
  reassign/sort/migrate/ghost percent = 17.6809 7.35551 18.3536 56.61
next a
jump in.cell loop
variable a loop 125
run 		    20000
Memory usage per proc in Mbytes:
  particles (ave,min,max) = 5.0625 5.0625 5.0625
  grid      (ave,min,max) = 3.0601 3.0601 3.0601
  surf      (ave,min,max) = 0.00391388 0.00391388 0.00391388
  total     (ave,min,max) = 8.12652 8.12652 8.12652
WALL Step CPU Np Natt Ncoll Nscoll Nscheck 
   76.244651    80000            0    74787      435      215        0        0 
   78.042074    81000    1.7974061    75634      329      184       80     3388 
   79.863223    82000    3.6185547    76491      348      193       89     3519 
   81.704847    83000     5.460178    77337      347      196       93     3555 
    83.56143    84000    7.3167609    78186      359      190       73     3465 
   85.437403    85000    9.1927356    79012      362      204       71     3458 
   87.335813    86000    11.091145    79861      399      215       73     3652 
   89.255666    87000    13.010997    80683      412      215       64     3528 
   91.195572    88000    14.950907    81521      429      237       79     3429 
   93.154083    89000    16.909415    82370      415      225       77     3673 
   95.133129    90000    18.888461    83193      428      227       67     3588 
   97.132822    91000    20.888153    84029      395      188       66     3690 
   99.155106    92000    22.910438    84823      392      200       90     3735 
   101.19808    93000    24.953412    85667      464      234       88     3745 
   103.26137    94000    27.016699    86494      445      209       93     3792 
   105.34634    95000     29.10167    87289      469      253       89     3727 
   107.45122    96000    31.206553    88122      458      253       82     3873 
   109.57491    97000    33.330242    88958      468      221       69     3829 
   111.72104    98000    35.476373    89748      491      264       77     3774 
    113.8849    99000    37.640236    90564      494      225       94     3916 
   116.06725   100000    39.822586    91381      527      274       94     3887 
Loop time of 39.8226 on 2 procs for 20000 steps with 91381 particles

MPI task timing breakdown:
Section |  min time  |  avg time  |  max time  |%varavg| %total
---------------------------------------------------------------
Move    | 31.615     | 31.736     | 31.856     |   2.1 | 79.69
Coll    | 4.4566     | 4.4855     | 4.5143     |   1.4 | 11.26
Sort    | 3.2521     | 3.2522     | 3.2523     |   0.0 |  8.17
Comm    | 0.25008    | 0.33576    | 0.42145    |  14.8 |  0.84
Modify  | 0.0050647  | 0.01093    | 0.016796   |   5.6 |  0.03
Output  | 0.00044877 | 0.00062829 | 0.00080781 |   0.0 |  0.00
Other   |            | 0.00213    |            |       |  0.01

Particle moves    = 1663079928 (1.66B)
Cells touched     = 1848249809 (1.85B)
Particle comms    = 395149 (0.395M)
Boundary collides = 0 (0K)
Boundary exits    = 3406 (3.41K)
SurfColl checks   = 72995584 (73M)
SurfColl occurs   = 1541824 (1.54M)
Surf reactions    = 0 (0K)
Collide attempts  = 8414708 (8.41M)
Collide occurs    = 4444841 (4.44M)
Gas reactions     = 0 (0K)
Particles stuck   = 0

Particle-moves/CPUsec/proc: 2.08811e+07
Particle-moves/step: 83154
Cell-touches/particle/step: 1.11134
Particle comm iterations/step: 1
Particle fraction communicated: 0.000237601
Particle fraction colliding with boundary: 0
Particle fraction exiting boundary: 2.04801e-06
Surface-checks/particle/step: 0.0438918
Surface-collisions/particle/step: 0.00092709
Surface-reactions/particle/step: 0
Collision-attempts/particle/step: 0.00505971
Collisions/particle/step: 0.00267266
Gas-reactions/particle/step: 0

Particles: 45690.5 ave 46488 max 44893 min
Histogram: 1 0 0 0 0 0 0 0 0 1
Cells:     4491.5 ave 4808 max 4175 min
Histogram: 1 0 0 0 0 0 0 0 0 1
GhostCell: 4491.5 ave 4808 max 4175 min
Histogram: 1 0 0 0 0 0 0 0 0 1
EmptyCell: 0 ave 0 max 0 min
Histogram: 2 0 0 0 0 0 0 0 0 0
Surfs:     38 ave 38 max 38 min
Histogram: 2 0 0 0 0 0 0 0 0 0
GhostSurf: 0 ave 0 max 0 min
Histogram: 2 0 0 0 0 0 0 0 0 0
adapt_grid all refine particle 16 4
Adapting grid ...
  11906 101 495 = cells outside/inside/overlapping surfs
  386 109 = surf cells with 1,2,etc splits
  0.00091701917084806 0.00091701917084806 = cell-wise and global flow volume
  1249 cells refined, 0 cells coarsened
  adapted to 12502 child grid cells, 4035 parent cells
  CPU time = 0.0191287 secs
  adapt/redo percent = 20.7998 79.2002
balance_grid rcb part
Balance grid migrated 95 cells
  CPU time = 0.00509791 secs
  reassign/sort/migrate/ghost percent = 17.1459 7.77156 15.2634 59.8191
next a
jump in.cell loop
variable a loop 125
run 		    20000
Memory usage per proc in Mbytes:
  particles (ave,min,max) = 5.0625 5.0625 5.0625
  grid      (ave,min,max) = 3.16492 3.16492 3.16492
  surf      (ave,min,max) = 0.00391388 0.00391388 0.00391388
  total     (ave,min,max) = 8.23134 8.23134 8.23134
WALL Step CPU Np Natt Ncoll Nscoll Nscheck 
   116.09675   100000            0    91381      527      274        0        0 
   118.54018   101000    2.4434202    92173      424      274       86     3748 
   121.00426   102000    4.9074921    92977      438      253       79     3808 
   123.49458   103000    7.3978119    93785      461      261       84     3983 
   126.01588   104000    9.9191207    94585      495      296      102     3882 
   128.56798   105000    12.471216    95369      504      297       67     3900 
    131.1395   106000    15.042739    96184      510      289       77     3997 
   133.73088   107000    17.634119    96988      550      273       93     4021 
   136.34163   108000    20.244866    97803      566      287       68     3898 
