running....
Running without a11y support!
SPARTA (24 Jan 2020)

# variables to be set in RunCells.jl
variable FNUM equal "3.600E+11"
variable ZMAX equal "3.500E-01"
variable RMAX equal "3.000E-02"
variable TIMESTEP equal "2.000E-07"
variable NPERSTEP equal "1.000E+00"
variable T1 equal "2.000E+00"
variable T2 equal "5.000E-01"

global		        fnum ${FNUM} cellmax 10000
global		        fnum 360000000000 cellmax 10000
seed	    	    12345
dimension   	    2
units               si
timestep 	        ${TIMESTEP}
timestep 	        2e-07

species		        he3.species He
mixture		        He He nrho 1 vstream 26.2 0 0 temp ${T1}
mixture		        He He nrho 1 vstream 26.2 0 0 temp 2
collide             vss He he3.vss #kk

# read_restart data/cell.restart.*

boundary	        o ao p
create_box  	    0 ${ZMAX} 0 ${RMAX} -0.1 0.1
create_box  	    0 0.35 0 ${RMAX} -0.1 0.1
create_box  	    0 0.35 0 0.03 -0.1 0.1
Created orthogonal box = (0 0 -0.1) to (0.35 0.03 0.1)
create_grid 	    20 20 1
Created 400 child grid cells
  parent cells = 1
  CPU time = 0.00153142 secs
  create/ghost percent = 81.54 18.46
balance_grid        rcb cell
Balance grid migrated 200 cells
  CPU time = 0.000761679 secs
  reassign/sort/migrate/ghost percent = 63.2614 0.376537 17.1698 19.1922

read_surf           data.cell
Reading surface file ...
  12 points
  12 lines
  0 0.06509 xlo xhi
  0 0.0254 ylo yhi
  0 0 zlo zhi
  0.00159 min line length
  42 = cells with surfs
  74 = total surfs in all grid cells
  4 = max surfs in one grid cell
  0.0908571 = min surf-size/cell-size ratio
  0 0 = number of pushed cells
  42 0 = cells overlapping surfs, overlap cells with unmarked corner pts
  356 2 42 = cells outside/inside/overlapping surfs
  30 12 = surf cells with 1,2,etc splits
  0.000929288775062441 0.000929288775062441 = cell-wise and global flow volume
  CPU time = 0.00597844 secs
  read/check/sort/surf2grid/ghost/inout/particle percent = 83.8866 1.9307 0.110346 8.55656 5.5158 2.541 0.0127793
  surf2grid time = 0.000511549 secs
  map/rvous1/rvous2/split percent = 5.46517 13.8767 0.0742842 59.9941
group       inlet surf id 12
1 surfaces in group inlet
fix		    in emit/surf He inlet n ${NPERSTEP} perspecies no
fix		    in emit/surf He inlet n 1 perspecies no

read_surf           data.diffuser
Reading surface file ...
  4 points
  16 lines
  0.00953 0.0127 xlo xhi
  0 0.00953 ylo yhi
  0 0 zlo zhi
  0.00317 min line length
  42 = cells with surfs
  90 = total surfs in all grid cells
  6 = max surfs in one grid cell
  0.0908571 = min surf-size/cell-size ratio
  0 0 = number of pushed cells
  42 0 = cells overlapping surfs, overlap cells with unmarked corner pts
  356 2 42 = cells outside/inside/overlapping surfs
  24 18 = surf cells with 1,2,etc splits
  0.000928384303459465 0.000928384303459465 = cell-wise and global flow volume
  CPU time = 0.00564932 secs
  read/check/sort/surf2grid/ghost/inout/particle percent = 87.3181 2.5524 0.13984 6.28377 3.70588 2.57042 0.0142849
  surf2grid time = 0.00035499 secs
  map/rvous1/rvous2/split percent = 9.50787 21.6195 0.16592 33.1612

read_surf           data.stages trans 65.09E-3 0 0 group stages
Reading surface file ...
  22 points
  38 lines
  0.06709 0.10817 xlo xhi
  0.00036 0.02223 ylo yhi
  0 0 zlo zhi
  0.00048 min line length
  61 = cells with surfs
  145 = total surfs in all grid cells
  10 = max surfs in one grid cell
  0.0274286 = min surf-size/cell-size ratio
  0 0 = number of pushed cells
  61 0 = cells overlapping surfs, overlap cells with unmarked corner pts
  327 12 61 = cells outside/inside/overlapping surfs
  37 24 = surf cells with 1,2,etc splits
  0.00088564569665369 0.00088564569665369 = cell-wise and global flow volume
  CPU time = 0.00327926 secs
  read/check/sort/surf2grid/ghost/inout/particle percent = 77.475 4.99076 0.241731 11.9149 5.37761 5.31727 0.0277502
  surf2grid time = 0.00039072 secs
  map/rvous1/rvous2/split percent = 9.21069 22.9937 0.115172 35.184

surf_collide	    diffuse diffuse ${T1} 1.0
surf_collide	    diffuse diffuse 2 1.0
surf_collide	    cold diffuse ${T2} 1.0
surf_collide	    cold diffuse 0.5 1.0
surf_modify         all collide diffuse
surf_modify         stages collide cold

stats		    1000
stats_style	    wall step cpu np nattempt ncoll nscoll nscheck

# Run until convergence
label loop
variable a loop 125
run 		    20000
Memory usage per proc in Mbytes:
  particles (ave,min,max) = 0 0 0
  grid      (ave,min,max) = 1.88888 1.88888 1.88888
  surf      (ave,min,max) = 0.00391388 0.00391388 0.00391388
  total     (ave,min,max) = 1.89279 1.89279 1.89279
WALL Step CPU Np Natt Ncoll Nscoll Nscheck 
 0.031066669        0            0        0        0        0        0        0 
 0.080473561     1000  0.049351969     1000       33       10        6     5498 
  0.18934077     2000   0.15822033     2000       57       26       11     9553 
  0.37031364     3000   0.33919428     3000       72       39       15    12676 
  0.61966484     4000   0.58854598     4000       80       35       14    15195 
  0.93425862     5000   0.90313973     5000       85       26       29    17209 
   1.3099393     6000     1.278823     6000       98       48       18    19172 
    1.745592     7000    1.7144727     7000       95       44       20    20508 
   2.2380567     8000    2.2069371     8000      106       46       21    22129 
   2.7880494     9000    2.7569305     8999      108       44       24    23627 
   3.3964858    10000    3.3653663     9999      110       35       24    25122 
   4.0634859    11000    4.0323666    10999      103       43       23    26364 
   4.7875917    12000    4.7564717    11999      113       54       22    27251 
   5.5690638    13000    5.5379472    12999      117       53       19    29050 
   6.4095649    14000    6.3784459    13999      121       56       25    30129 
   7.3062524    15000    7.2751329    14996      120       45       33    31575 
   8.2610964    16000    8.2299757    15994      135       66       35    32944 
   9.2727691    17000    9.2416495    16991      123       49       43    33864 
     10.3384    18000    10.307282    17988      128       57       31    35018 
   11.466063    19000    11.434944    18983      125       56       20    36082 
   12.650262    20000    12.619143    19979      136       60       36    37263 
Loop time of 12.6192 on 2 procs for 20000 steps with 19979 particles

MPI task timing breakdown:
Section |  min time  |  avg time  |  max time  |%varavg| %total
---------------------------------------------------------------
Move    | 0.002327   | 5.7097     | 11.417     | 238.9 | 45.25
Coll    | 0.0035683  | 0.35901    | 0.71446    |  59.3 |  2.84
Sort    | 0.0070619  | 0.21777    | 0.42848    |  45.2 |  1.73
Comm    | 0.044199   | 6.3231     | 12.602     | 249.7 | 50.11
Modify  | 0.0016784  | 0.0067599  | 0.011841   |   6.2 |  0.05
Output  | 0.0015058  | 0.0016485  | 0.0017913  |   0.4 |  0.01
Other   |            | 0.001267   |            |       |  0.01

Particle moves    = 199945239 (200M)
Cells touched     = 201756478 (202M)
Particle comms    = 5 (0.005K)
Boundary collides = 0 (0K)
Boundary exits    = 21 (0.021K)
SurfColl checks   = 471813781 (472M)
SurfColl occurs   = 460587 (0.461M)
Surf reactions    = 0 (0K)
Collide attempts  = 2003903 (2M)
Collide occurs    = 876029 (0.876M)
Gas reactions     = 0 (0K)
Particles stuck   = 0

Particle-moves/CPUsec/proc: 7.92224e+06
Particle-moves/step: 9997.26
Cell-touches/particle/step: 1.00906
Particle comm iterations/step: 1
Particle fraction communicated: 2.50068e-08
Particle fraction colliding with boundary: 0
Particle fraction exiting boundary: 1.05029e-07
Surface-checks/particle/step: 2.35972
Surface-collisions/particle/step: 0.00230357
Surface-reactions/particle/step: 0
Collision-attempts/particle/step: 0.0100223
Collisions/particle/step: 0.00438134
Gas-reactions/particle/step: 0

Particles: 9989.5 ave 19979 max 0 min
Histogram: 1 0 0 0 0 0 0 0 0 1
Cells:     224 ave 248 max 200 min
Histogram: 1 0 0 0 0 0 0 0 0 1
GhostCell: 224 ave 248 max 200 min
Histogram: 1 0 0 0 0 0 0 0 0 1
EmptyCell: 0 ave 0 max 0 min
Histogram: 2 0 0 0 0 0 0 0 0 0
Surfs:     38 ave 38 max 38 min
Histogram: 2 0 0 0 0 0 0 0 0 0
GhostSurf: 0 ave 0 max 0 min
Histogram: 2 0 0 0 0 0 0 0 0 0
adapt_grid all refine particle 16 4
Adapting grid ...
  453 20 107 = cells outside/inside/overlapping surfs
  65 42 = surf cells with 1,2,etc splits
  0.00088564569665369 0.00088564569665369 = cell-wise and global flow volume
  60 cells refined, 0 cells coarsened
  adapted to 580 child grid cells, 61 parent cells
  CPU time = 0.00178881 secs
  adapt/redo percent = 73.3383 26.6617
balance_grid rcb part
Balance grid migrated 284 cells
  CPU time = 0.00230983 secs
  reassign/sort/migrate/ghost percent = 11.078 2.96281 78.1413 7.81788
next a
jump in.cell loop
variable a loop 125
run 		    20000
Memory usage per proc in Mbytes:
  particles (ave,min,max) = 2.53125 1.6875 3.375
  grid      (ave,min,max) = 1.89391 1.89391 1.89391
  surf      (ave,min,max) = 0.00391388 0.00391388 0.00391388
  total     (ave,min,max) = 4.42908 3.58533 5.27283
WALL Step CPU Np Natt Ncoll Nscoll Nscheck 
   12.660912    20000            0    19979      136       60        0        0 
   13.204954    21000   0.54402527    20975      129       60       38    14539 
   13.765544    22000    1.1046141    21972      117       55       37    15027 
   14.344132    23000    1.6832077    22966      116       52       38    14784 
   14.936442    24000    2.2755213    23960      133       68       39    15635 
   15.546577    25000    2.8856504    24959      126       60       29    15566 
   16.167763    26000    3.5068369    25954      123       59       39    16256 
   16.807485    27000    4.1465598    26951      136       67       42    16417 
   17.461475    28000    4.8005488    27944      144       62       41    17003 
   18.131941    29000    5.4710136    28937      143       72       38    17409 
   18.820737    30000    6.1598116    29930      147       66       36    17535 
   19.526186    31000    6.8652612    30927      147       67       38    17879 
   20.252433    32000    7.5915146    31917      155       71       48    18418 
   21.000615    33000    8.3396898    32906      151       76       43    18760 
   21.779838    34000    9.1189121    33899      160       84       46    19258 
   22.589361    35000    9.9284352    34883      164       70       53    19954 
   23.425642    36000    10.764717    35872      173       71       51    20197 
   24.290478    37000    11.629554    36866      187       76       46    20693 
   25.183593    38000    12.522667    37854      178       89       38    20783 
   26.102482    39000    13.441555    38842      191       84       54    21150 
   27.044396    40000     14.38347    39824      184       86       54    21708 
Loop time of 14.3836 on 2 procs for 20000 steps with 39824 particles

MPI task timing breakdown:
Section |  min time  |  avg time  |  max time  |%varavg| %total
---------------------------------------------------------------
Move    | 11.394     | 11.848     | 12.302     |  13.2 | 82.37
Coll    | 0.99804    | 1.091      | 1.184      |   8.9 |  7.59
Sort    | 0.56711    | 0.69831    | 0.82951    |  15.7 |  4.85
Comm    | 0.50111    | 0.73619    | 0.97127    |  27.4 |  5.12
Modify  | 0.0031234  | 0.0074273  | 0.011731   |   5.0 |  0.05
Output  | 0.00025376 | 0.0013144  | 0.002375   |   2.9 |  0.01
Other   |            | 0.00172    |            |       |  0.01

Particle moves    = 598428566 (598M)
Cells touched     = 608610742 (609M)
Particle comms    = 187902 (0.188M)
Boundary collides = 0 (0K)
Boundary exits    = 155 (0.155K)
SurfColl checks   = 356349166 (356M)
SurfColl occurs   = 824865 (0.825M)
Surf reactions    = 0 (0K)
Collide attempts  = 2967871 (2.97M)
Collide occurs    = 1362121 (1.36M)
Gas reactions     = 0 (0K)
Particles stuck   = 0

Particle-moves/CPUsec/proc: 2.08025e+07
Particle-moves/step: 29921.4
Cell-touches/particle/step: 1.01701
Particle comm iterations/step: 1
Particle fraction communicated: 0.000313992
Particle fraction colliding with boundary: 0
Particle fraction exiting boundary: 2.59012e-07
Surface-checks/particle/step: 0.595475
Surface-collisions/particle/step: 0.00137839
Surface-reactions/particle/step: 0
Collision-attempts/particle/step: 0.00495944
Collisions/particle/step: 0.00227616
Gas-reactions/particle/step: 0

Particles: 19912 ave 23240 max 16584 min
Histogram: 1 0 0 0 0 0 0 0 0 1
Cells:     332 ave 544 max 120 min
Histogram: 1 0 0 0 0 0 0 0 0 1
GhostCell: 332 ave 544 max 120 min
Histogram: 1 0 0 0 0 0 0 0 0 1
EmptyCell: 0 ave 0 max 0 min
Histogram: 2 0 0 0 0 0 0 0 0 0
Surfs:     38 ave 38 max 38 min
Histogram: 2 0 0 0 0 0 0 0 0 0
GhostSurf: 0 ave 0 max 0 min
Histogram: 2 0 0 0 0 0 0 0 0 0
adapt_grid all refine particle 16 4
Adapting grid ...
  1012 22 236 = cells outside/inside/overlapping surfs
  158 78 = surf cells with 1,2,etc splits
  0.000885645696653689 0.00088564569665369 = cell-wise and global flow volume
  230 cells refined, 0 cells coarsened
  adapted to 1270 child grid cells, 291 parent cells
  CPU time = 0.00265017 secs
  adapt/redo percent = 61.6261 38.3739
balance_grid rcb part
Balance grid migrated 70 cells
  CPU time = 0.00147217 secs
  reassign/sort/migrate/ghost percent = 16.6701 6.33296 52.5692 24.4278
next a
jump in.cell loop
variable a loop 125
run 		    20000
Memory usage per proc in Mbytes:
  particles (ave,min,max) = 3.375 3.375 3.375
  grid      (ave,min,max) = 1.91322 1.91322 1.91322
  surf      (ave,min,max) = 0.00391388 0.00391388 0.00391388
  total     (ave,min,max) = 5.29213 5.29213 5.29213
WALL Step CPU Np Natt Ncoll Nscoll Nscheck 
   27.057349    40000            0    39824      184       86        0        0 
   27.953918    41000   0.89655389    40812      156       89       39    11212 
   28.868813    42000    1.8114516    41789      166       82       62    11347 
   29.796543    43000    2.7391827    42776      185       99       45    11258 
   30.746423    44000    3.6890599    43755      175       82       45    11834 
   31.716685    45000    4.6593238    44736      198       96       56    11693 
   32.713837    46000    5.6564747    45713      193       95       51    11980 
   33.736097    47000    6.6787398    46687      202       92       49    11875 
   34.773693    48000    7.7163315    47671      244      119       57    12224 
   35.838548    49000    8.7811837    48651      221      110       57    12414 
    36.92755    50000      9.87019    49624      224      113       78    12709 
   38.043479    51000    10.986118    50590      254      118       59    12757 
   39.193698    52000    12.136337    51564      246      110       73    13084 
   40.379468    53000    13.322107    52534      236      117       62    13445 
   41.582995    54000    14.525638    53507      248      110       76    13712 
   42.812042    55000    15.754679    54480      252      117       70    13929 
   44.062884    56000    17.005523    55447      249      127       66    13710 
   45.331728    57000    18.274367    56408      250      116       58    14107 
   46.632488    58000    19.575127    57378      287      138       63    14320 
   47.963964    59000    20.906603    58345      287      112       62    14804 
   49.336981    60000    22.279619    59310      299      132       68    14896 
Loop time of 22.2798 on 2 procs for 20000 steps with 59310 particles

MPI task timing breakdown:
Section |  min time  |  avg time  |  max time  |%varavg| %total
---------------------------------------------------------------
Move    | 17.572     | 17.899     | 18.226     |   7.7 | 80.34
Coll    | 2.0762     | 2.1636     | 2.251      |   5.9 |  9.71
Sort    | 1.2962     | 1.456      | 1.6158     |  13.2 |  6.54
Comm    | 0.18048    | 0.7481     | 1.3157     |  65.6 |  3.36
Modify  | 0.0037331  | 0.009417   | 0.015101   |   5.9 |  0.04
Output  | 0.00026836 | 0.0013654  | 0.0024624  |   3.0 |  0.01
Other   |            | 0.002054   |            |       |  0.01

Particle moves    = 992041624 (992M)
Cells touched     = 1025372552 (1.03B)
Particle comms    = 292089 (0.292M)
Boundary collides = 0 (0K)
Boundary exits    = 514 (0.514K)
SurfColl checks   = 255364411 (255M)
SurfColl occurs   = 1149245 (1.15M)
Surf reactions    = 0 (0K)
Collide attempts  = 4414211 (4.41M)
Collide occurs    = 2139783 (2.14M)
Gas reactions     = 0 (0K)
Particles stuck   = 0

Particle-moves/CPUsec/proc: 2.22633e+07
Particle-moves/step: 49602.1
Cell-touches/particle/step: 1.0336
Particle comm iterations/step: 1
Particle fraction communicated: 0.000294432
Particle fraction colliding with boundary: 0
Particle fraction exiting boundary: 5.18123e-07
Surface-checks/particle/step: 0.257413
Surface-collisions/particle/step: 0.00115846
Surface-reactions/particle/step: 0
Collision-attempts/particle/step: 0.00444962
Collisions/particle/step: 0.00215695
Gas-reactions/particle/step: 0

Particles: 29655 ave 32353 max 26957 min
Histogram: 1 0 0 0 0 0 0 0 0 1
Cells:     713 ave 990 max 436 min
Histogram: 1 0 0 0 0 0 0 0 0 1
GhostCell: 713 ave 990 max 436 min
Histogram: 1 0 0 0 0 0 0 0 0 1
EmptyCell: 0 ave 0 max 0 min
Histogram: 2 0 0 0 0 0 0 0 0 0
Surfs:     38 ave 38 max 38 min
Histogram: 2 0 0 0 0 0 0 0 0 0
GhostSurf: 0 ave 0 max 0 min
Histogram: 2 0 0 0 0 0 0 0 0 0
adapt_grid all refine particle 16 4
Adapting grid ...
  3039 23 440 = cells outside/inside/overlapping surfs
  329 111 = surf cells with 1,2,etc splits
  0.000885645696653687 0.00088564569665369 = cell-wise and global flow volume
  744 cells refined, 0 cells coarsened
  adapted to 3502 child grid cells, 1035 parent cells
  CPU time = 0.00688186 secs
  adapt/redo percent = 49.9173 50.0827
balance_grid rcb part
Balance grid migrated 175 cells
  CPU time = 0.00291242 secs
  reassign/sort/migrate/ghost percent = 21.4182 9.77062 36.6448 32.1664
next a
jump in.cell loop
variable a loop 125
run 		    20000
Memory usage per proc in Mbytes:
  particles (ave,min,max) = 3.375 3.375 3.375
  grid      (ave,min,max) = 1.97565 1.97565 1.97565
  surf      (ave,min,max) = 0.00391388 0.00391388 0.00391388
  total     (ave,min,max) = 5.35457 5.35457 5.35457
WALL Step CPU Np Natt Ncoll Nscoll Nscheck 
   49.350968    60000            0    59310      299      132        0        0 
   50.643215    61000    1.2922288    60269      250      132       46     3321 
   51.957301    62000    2.6063147    61230      270      138       54     3420 
   53.292667    63000    3.9416799    62190      277      150       70     3477 
   54.629338    64000    5.2783525    63150      287      144       77     3411 
   55.996913    65000    6.6459297    64117      287      158       70     3533 
   57.402959    66000    8.0519736    65067      321      167       67     3580 
   58.844343    67000    9.4933598    66014      320      160       77     3608 
   60.284076    68000    10.933092    66959      317      172       66     3799 
   61.756507    69000    12.405524    67914      303      147       63     3809 
   63.247686    70000    13.896702    68864      334      169       89     3892 
    64.75066    71000    15.399678    69806      346      176       83     3689 
   66.303954    72000    16.952971    70756      375      179       72     3760 
   67.905301    73000    18.554319    71711      363      194       81     3912 
   69.512044    74000    20.161064    72674      365      174       72     3966 
   71.126344    75000    21.775362    73611      376      173       73     4085 
   72.753232    76000    23.402247    74542      377      183       79     4067 
   74.385702    77000    25.034718    75485      404      181       72     4079 
    76.08486    78000    26.733878    76424      384      203       80     4151 
