running....
Running without a11y support!
SPARTA (24 Jan 2020)

# variables to be set in RunCells.jl
variable FNUM equal "3.600E+11"
variable ZMAX equal "3.500E-01"
variable RMAX equal "3.000E-02"
variable TIMESTEP equal "2.000E-07"
variable NPERSTEP equal "1.000E+00"
variable T1 equal "2.000E+00"
variable T2 equal "5.000E-01"

global		        fnum ${FNUM} cellmax 10000
global		        fnum 360000000000 cellmax 10000
seed	    	    12345
dimension   	    2
units               si
timestep 	        ${TIMESTEP}
timestep 	        2e-07

species		        he3.species He
mixture		        He He nrho 1 vstream 26.2 0 0 temp ${T1}
mixture		        He He nrho 1 vstream 26.2 0 0 temp 2
collide             vss He he3.vss #kk

# read_restart data/cell.restart.*

boundary	        o ao p
create_box  	    0 ${ZMAX} 0 ${RMAX} -0.1 0.1
create_box  	    0 0.35 0 ${RMAX} -0.1 0.1
create_box  	    0 0.35 0 0.03 -0.1 0.1
Created orthogonal box = (0 0 -0.1) to (0.35 0.03 0.1)
create_grid 	    20 20 1
Created 400 child grid cells
  parent cells = 1
  CPU time = 0.00156312 secs
  create/ghost percent = 79.306 20.694
balance_grid        rcb cell
Balance grid migrated 200 cells
  CPU time = 0.000854804 secs
  reassign/sort/migrate/ghost percent = 61.6799 0.464083 16.9613 20.8947

read_surf           data.cell
Reading surface file ...
  12 points
  12 lines
  0 0.06509 xlo xhi
  0 0.0254 ylo yhi
  0 0 zlo zhi
  0.00159 min line length
  42 = cells with surfs
  74 = total surfs in all grid cells
  4 = max surfs in one grid cell
  0.0908571 = min surf-size/cell-size ratio
  0 0 = number of pushed cells
  42 0 = cells overlapping surfs, overlap cells with unmarked corner pts
  356 2 42 = cells outside/inside/overlapping surfs
  30 12 = surf cells with 1,2,etc splits
  0.000929288775062441 0.000929288775062441 = cell-wise and global flow volume
  CPU time = 0.00604974 secs
  read/check/sort/surf2grid/ghost/inout/particle percent = 83.364 1.38325 0.189529 8.90336 6.15991 1.68146 0.173545
  surf2grid time = 0.00053863 secs
  map/rvous1/rvous2/split percent = 6.94391 19.3704 0.16115 63.9097
group       inlet surf id 12
1 surfaces in group inlet
fix		    in emit/surf He inlet n ${NPERSTEP} perspecies no
fix		    in emit/surf He inlet n 1 perspecies no

read_surf           data.diffuser
Reading surface file ...
  4 points
  16 lines
  0.00953 0.0127 xlo xhi
  0 0.00953 ylo yhi
  0 0 zlo zhi
  0.00317 min line length
  42 = cells with surfs
  90 = total surfs in all grid cells
  6 = max surfs in one grid cell
  0.0908571 = min surf-size/cell-size ratio
  0 0 = number of pushed cells
  42 0 = cells overlapping surfs, overlap cells with unmarked corner pts
  356 2 42 = cells outside/inside/overlapping surfs
  24 18 = surf cells with 1,2,etc splits
  0.000928384303459465 0.000928384303459465 = cell-wise and global flow volume
  CPU time = 0.00564022 secs
  read/check/sort/surf2grid/ghost/inout/particle percent = 90.0787 1.19027 0.202528 4.65423 3.87425 1.60093 0.181465
  surf2grid time = 0.000262509 secs
  map/rvous1/rvous2/split percent = 13.3771 31.4911 0.340941 34.931

read_surf           data.stages trans 65.09E-3 0 0 group stages
Reading surface file ...
  22 points
  38 lines
  0.07309 0.11417 xlo xhi
  0.00036 0.02223 ylo yhi
  0 0 zlo zhi
  0.00048 min line length
  66 = cells with surfs
  143 = total surfs in all grid cells
  10 = max surfs in one grid cell
  0.0274286 = min surf-size/cell-size ratio
  0 0 = number of pushed cells
  66 0 = cells overlapping surfs, overlap cells with unmarked corner pts
  327 7 66 = cells outside/inside/overlapping surfs
  42 24 = surf cells with 1,2,etc splits
  0.00088564569665369 0.00088564569665369 = cell-wise and global flow volume
  CPU time = 0.00330266 secs
  read/check/sort/surf2grid/ghost/inout/particle percent = 78.3994 3.1272 0.433287 11.0597 6.98043 3.37858 0.233297
  surf2grid time = 0.000365265 secs
  map/rvous1/rvous2/split percent = 12.9949 34.6228 0.26337 34.1968

surf_collide	    diffuse diffuse ${T1} 1.0
surf_collide	    diffuse diffuse 2 1.0
surf_collide	    cold diffuse ${T2} 1.0
surf_collide	    cold diffuse 0.5 1.0
surf_modify         all collide diffuse
surf_modify         stages collide cold

stats		    1000
stats_style	    wall step cpu np nattempt ncoll nscoll nscheck

# Run until convergence
label loop
variable a loop 125
run 		    20000
Memory usage per proc in Mbytes:
  particles (ave,min,max) = 0 0 0
  grid      (ave,min,max) = 1.88888 1.88888 1.88888
  surf      (ave,min,max) = 0.00391388 0.00391388 0.00391388
  total     (ave,min,max) = 1.89279 1.89279 1.89279
WALL Step CPU Np Natt Ncoll Nscoll Nscheck 
 0.029416166        0            0        0        0        0        0        0 
 0.080301152     1000  0.050862949     1000       33       10        6     5498 
  0.18975123     2000    0.1603119     2000       57       26       11     9552 
  0.37045606     3000    0.3410179     3000       72       39       15    12666 
  0.61730875     4000   0.58787012     4000       80       35       14    15128 
  0.92728693     5000    0.8978486     5000       85       26       29    17082 
   1.2978547     6000    1.2684196     5999       94       34       19    18958 
   1.7264518     7000    1.6970123     6999      103       39       19    20402 
   2.2107887     8000    2.1813515     7997      106       47       17    21574 
   2.7500251     9000    2.7205912     8996      113       55       25    23109 
   3.3510916    10000    3.3216531     9995      117       50       21    24140 
   4.0086887    11000    3.9792494    10993      117       59       28    25330 
   4.7167332    12000    4.6872955    11984      114       51       22    26237 
   5.4856612    13000    5.4562329    12981      113       38       22    27206 
   6.3078325    14000     6.278394    13979      115       44       23    28403 
   7.1902884    15000    7.1608502    14976      122       55       38    29647 
   8.1324614    16000    8.1030253    15972      111       51       21    30167 
   9.1450131    17000    9.1155814    16962      120       57       34    31137 
   10.205164    18000    10.175729    17953      127       57       20    32406 
   11.336784    19000    11.307347    18940      121       51       35    33178 
   12.507435    20000    12.477999    19931      131       48       30    34207 
Loop time of 12.478 on 2 procs for 20000 steps with 19931 particles

MPI task timing breakdown:
Section |  min time  |  avg time  |  max time  |%varavg| %total
---------------------------------------------------------------
Move    | 0.0016546  | 5.5849     | 11.168     | 236.3 | 44.76
Coll    | 0.0032965  | 0.37031    | 0.73731    |  60.3 |  2.97
Sort    | 0.0069546  | 0.24416    | 0.48136    |  48.0 |  1.96
Comm    | 0.071839   | 6.2672     | 12.463     | 247.5 | 50.23
Modify  | 0.0010965  | 0.0089606  | 0.016825   |   8.3 |  0.07
Output  | 0.00085946 | 0.0012585  | 0.0016576  |   1.1 |  0.01
Other   |            | 0.001277   |            |       |  0.01

Particle moves    = 199703830 (200M)
Cells touched     = 201511065 (202M)
Particle comms    = 6 (0.006K)
Boundary collides = 0 (0K)
Boundary exits    = 69 (0.069K)
SurfColl checks   = 449449274 (449M)
SurfColl occurs   = 459153 (0.459M)
Surf reactions    = 0 (0K)
Collide attempts  = 2013531 (2.01M)
Collide occurs    = 871262 (0.871M)
Gas reactions     = 0 (0K)
Particles stuck   = 0

Particle-moves/CPUsec/proc: 8.00221e+06
Particle-moves/step: 9985.19
Cell-touches/particle/step: 1.00905
Particle comm iterations/step: 1
Particle fraction communicated: 3.00445e-08
Particle fraction colliding with boundary: 0
Particle fraction exiting boundary: 3.45512e-07
Surface-checks/particle/step: 2.25058
Surface-collisions/particle/step: 0.00229917
Surface-reactions/particle/step: 0
Collision-attempts/particle/step: 0.0100826
Collisions/particle/step: 0.00436277
Gas-reactions/particle/step: 0

Particles: 9965.5 ave 19927 max 4 min
Histogram: 1 0 0 0 0 0 0 0 0 1
Cells:     224 ave 248 max 200 min
Histogram: 1 0 0 0 0 0 0 0 0 1
GhostCell: 224 ave 248 max 200 min
Histogram: 1 0 0 0 0 0 0 0 0 1
EmptyCell: 0 ave 0 max 0 min
Histogram: 2 0 0 0 0 0 0 0 0 0
Surfs:     38 ave 38 max 38 min
Histogram: 2 0 0 0 0 0 0 0 0 0
GhostSurf: 0 ave 0 max 0 min
Histogram: 2 0 0 0 0 0 0 0 0 0
adapt_grid all refine particle 16 4
Adapting grid ...
  447 13 111 = cells outside/inside/overlapping surfs
  69 42 = surf cells with 1,2,etc splits
  0.00088564569665369 0.00088564569665369 = cell-wise and global flow volume
  57 cells refined, 0 cells coarsened
  adapted to 571 child grid cells, 58 parent cells
  CPU time = 0.00200696 secs
  adapt/redo percent = 78.4196 21.5804
balance_grid rcb part
Balance grid migrated 274 cells
  CPU time = 0.00245426 secs
  reassign/sort/migrate/ghost percent = 11.0254 3.1185 77.5922 8.26384
next a
jump in.cell loop
variable a loop 125
run 		    20000
Memory usage per proc in Mbytes:
  particles (ave,min,max) = 2.53125 1.6875 3.375
  grid      (ave,min,max) = 1.89366 1.89366 1.89366
  surf      (ave,min,max) = 0.00391388 0.00391388 0.00391388
  total     (ave,min,max) = 4.42883 3.58508 5.27258
WALL Step CPU Np Natt Ncoll Nscoll Nscheck 
   12.517773    20000            0    19931      131       48        0        0 
   13.067091    21000   0.54930297    20914      112       48       19    14184 
   13.635558    22000    1.1177749    21896      120       54       33    14483 
   14.214366    23000    1.6965767    22871      124       53       27    14463 
   14.809998    24000    2.2922079    23857      122       55       44    14955 
    15.42561    25000    2.9078232    24835      130       65       25    15133 
   16.059407    26000    3.5416198    25810      130       69       30    15717 
   16.712656    27000     4.194868    26781      134       56       41    16026 
   17.389234    28000    4.8714463    27762      137       69       50    16323 
   18.081622    29000    5.5638333    28733      144       64       40    16526 
   18.793603    30000    6.2758149    29699      147       65       51    17335 
   19.520605    31000    7.0028178    30671      162       72       49    17565 
     20.2604    32000    7.7426109    31636      174       82       51    17934 
   21.022171    33000    8.5043837    32598      178       82       43    18304 
   21.799269    34000    9.2814855    33557      178       74       56    18481 
   22.590108    35000    10.072319    34515      179       77       54    19005 
   23.403606    36000     10.88582    35482      176       89       38    19009 
   24.240311    37000    11.722524    36442      187       98       37    19376 
   25.100604    38000    12.582817    37395      186       89       53    19769 
    25.98701    39000     13.46922    38352      192       88       53    20272 
    26.89844    40000    14.380652    39310      201       94       46    20716 
Loop time of 14.3807 on 2 procs for 20000 steps with 39310 particles

MPI task timing breakdown:
Section |  min time  |  avg time  |  max time  |%varavg| %total
---------------------------------------------------------------
Move    | 10.95      | 11.725     | 12.5       |  22.6 | 81.53
Coll    | 1.0379     | 1.0985     | 1.1591     |   5.8 |  7.64
Sort    | 0.63327    | 0.72716    | 0.82105    |  11.0 |  5.06
Comm    | 0.19266    | 0.81862    | 1.4446     |  69.2 |  5.69
Modify  | 0.0034716  | 0.0087346  | 0.013998   |   5.6 |  0.06
Output  | 0.00039665 | 0.00080072 | 0.0012048  |   0.0 |  0.01
Other   |            | 0.001806   |            |       |  0.01

Particle moves    = 593432823 (593M)
Cells touched     = 603580327 (604M)
Particle comms    = 183364 (0.183M)
Boundary collides = 0 (0K)
Boundary exits    = 621 (0.621K)
SurfColl checks   = 342273397 (342M)
SurfColl occurs   = 823585 (0.824M)
Surf reactions    = 0 (0K)
Collide attempts  = 3035427 (3.04M)
Collide occurs    = 1380448 (1.38M)
Gas reactions     = 0 (0K)
Particles stuck   = 0

Particle-moves/CPUsec/proc: 2.06329e+07
Particle-moves/step: 29671.6
Cell-touches/particle/step: 1.0171
Particle comm iterations/step: 1
Particle fraction communicated: 0.000308989
Particle fraction colliding with boundary: 0
Particle fraction exiting boundary: 1.04645e-06
Surface-checks/particle/step: 0.576769
Surface-collisions/particle/step: 0.00138783
Surface-reactions/particle/step: 0
Collision-attempts/particle/step: 0.00511503
Collisions/particle/step: 0.00232621
Gas-reactions/particle/step: 0

Particles: 19655 ave 22661 max 16649 min
Histogram: 1 0 0 0 0 0 0 0 0 1
Cells:     327.5 ave 534 max 121 min
Histogram: 1 0 0 0 0 0 0 0 0 1
GhostCell: 327.5 ave 534 max 121 min
Histogram: 1 0 0 0 0 0 0 0 0 1
EmptyCell: 0 ave 0 max 0 min
Histogram: 2 0 0 0 0 0 0 0 0 0
Surfs:     38 ave 38 max 38 min
Histogram: 2 0 0 0 0 0 0 0 0 0
GhostSurf: 0 ave 0 max 0 min
Histogram: 2 0 0 0 0 0 0 0 0 0
adapt_grid all refine particle 16 4
Adapting grid ...
  992 16 220 = cells outside/inside/overlapping surfs
  138 82 = surf cells with 1,2,etc splits
  0.000885645696653689 0.00088564569665369 = cell-wise and global flow volume
  219 cells refined, 0 cells coarsened
  adapted to 1228 child grid cells, 277 parent cells
  CPU time = 0.00270144 secs
  adapt/redo percent = 61.6189 38.3811
balance_grid rcb part
Balance grid migrated 82 cells
  CPU time = 0.00157615 secs
  reassign/sort/migrate/ghost percent = 19.7503 5.41997 48.602 26.2277
next a
jump in.cell loop
variable a loop 125
run 		    20000
Memory usage per proc in Mbytes:
  particles (ave,min,max) = 3.375 3.375 3.375
  grid      (ave,min,max) = 1.91204 1.91204 1.91204
  surf      (ave,min,max) = 0.00391388 0.00391388 0.00391388
  total     (ave,min,max) = 5.29095 5.29095 5.29095
WALL Step CPU Np Natt Ncoll Nscoll Nscheck 
   26.908986    40000            0    39310      201       94        0        0 
   27.811711    41000   0.90271329    40262      155       88       40    11262 
   28.727521    42000    1.8185217    41213      177       99       52    11469 
   29.670256    43000    2.7612571    42161      181       87       59    11945 
   30.636756    44000    3.7277584    43112      194      101       59    11852 
   31.618986    45000    4.7099881    44039      194      110       61    11919 
   32.614942    46000    5.7059543    44991      180       80       52    12082 
   33.629908    47000    6.7209116    45916      201       98       46    12452 
   34.669129    48000    7.7601322    46857      213       97       56    12592 
   35.729841    49000    8.8208486    47786      207      104       52    12829 
   36.805352    50000    9.8963556    48712      212      102       48    13009 
   37.905016    51000    10.996014    49638      225      112       58    13018 
   39.029246    52000    12.120244    50565      215      104       51    13420 
   40.173283    53000    13.264281    51489      248      127       52    13455 
   41.346962    54000     14.43796    52424      246      124       53    13785 
   42.547979    55000    15.638978    53329      265      116       55    13989 
   43.766515    56000    16.857515    54248      253      120       65    14144 
   45.015232    57000    18.106229    55146      266      136       71    14334 
   46.283504    58000    19.374503    56052      280      112       73    14678 
   47.570277    59000    20.661275    56961      270      128       61    14378 
   48.885343    60000    21.976343    57877      291      146       65    15021 
Loop time of 21.9764 on 2 procs for 20000 steps with 57877 particles

MPI task timing breakdown:
Section |  min time  |  avg time  |  max time  |%varavg| %total
---------------------------------------------------------------
Move    | 17.644     | 17.725     | 17.805     |   1.9 | 80.65
Coll    | 2.1286     | 2.1664     | 2.2042     |   2.6 |  9.86
Sort    | 1.5177     | 1.5321     | 1.5464     |   1.2 |  6.97
Comm    | 0.41447    | 0.53602    | 0.65758    |  16.6 |  2.44
Modify  | 0.0037836  | 0.013785   | 0.023787   |   8.5 |  0.06
Output  | 0.0005532  | 0.00084292 | 0.0011326  |   0.0 |  0.00
Other   |            | 0.002636   |            |       |  0.01

Particle moves    = 973519762 (974M)
Cells touched     = 1006404932 (1.01B)
Particle comms    = 260694 (0.261M)
Boundary collides = 0 (0K)
Boundary exits    = 1433 (1.43K)
SurfColl checks   = 259314016 (259M)
SurfColl occurs   = 1131739 (1.13M)
Surf reactions    = 0 (0K)
Collide attempts  = 4428914 (4.43M)
Collide occurs    = 2127102 (2.13M)
Gas reactions     = 0 (0K)
Particles stuck   = 0

Particle-moves/CPUsec/proc: 2.21492e+07
Particle-moves/step: 48676
Cell-touches/particle/step: 1.03378
Particle comm iterations/step: 1
Particle fraction communicated: 0.000267785
Particle fraction colliding with boundary: 0
Particle fraction exiting boundary: 1.47198e-06
Surface-checks/particle/step: 0.266367
Surface-collisions/particle/step: 0.00116252
Surface-reactions/particle/step: 0
Collision-attempts/particle/step: 0.00454938
Collisions/particle/step: 0.00218496
Gas-reactions/particle/step: 0

Particles: 28938.5 ave 31474 max 26403 min
Histogram: 1 0 0 0 0 0 0 0 0 1
Cells:     696 ave 943 max 449 min
Histogram: 1 0 0 0 0 0 0 0 0 1
GhostCell: 696 ave 943 max 449 min
Histogram: 1 0 0 0 0 0 0 0 0 1
EmptyCell: 0 ave 0 max 0 min
Histogram: 2 0 0 0 0 0 0 0 0 0
Surfs:     38 ave 38 max 38 min
Histogram: 2 0 0 0 0 0 0 0 0 0
GhostSurf: 0 ave 0 max 0 min
Histogram: 2 0 0 0 0 0 0 0 0 0
adapt_grid all refine particle 16 4
Adapting grid ...
  2904 17 428 = cells outside/inside/overlapping surfs
  310 118 = surf cells with 1,2,etc splits
  0.000885645696653688 0.00088564569665369 = cell-wise and global flow volume
  707 cells refined, 0 cells coarsened
  adapted to 3349 child grid cells, 984 parent cells
  CPU time = 0.00661487 secs
  adapt/redo percent = 52.839 47.161
balance_grid rcb part
Balance grid migrated 87 cells
  CPU time = 0.00249576 secs
  reassign/sort/migrate/ghost percent = 21.7317 8.13252 35.5705 34.5653
next a
jump in.cell loop
variable a loop 125
run 		    20000
Memory usage per proc in Mbytes:
  particles (ave,min,max) = 3.375 3.375 3.375
  grid      (ave,min,max) = 1.97137 1.97137 1.97137
  surf      (ave,min,max) = 0.00391388 0.00391388 0.00391388
  total     (ave,min,max) = 5.35029 5.35029 5.35029
WALL Step CPU Np Natt Ncoll Nscoll Nscheck 
   48.900634    60000            0    57877      291      146        0        0 
   50.268422    61000    1.3677737    58790      238      125       82     3389 
   51.623638    62000    2.7229895    59682      268      137       61     3374 
   53.011231    63000    4.1105811    60587      290      150       83     3538 
   54.390362    64000    5.4897134    61494      287      140       79     3595 
   55.825682    65000    6.9250406    62407      298      152       61     3520 
   57.288545    66000    8.3878949    63314      306      148       61     3686 
   58.774536    67000    9.8738868    64206      314      148       57     3579 
   60.280054    68000    11.379406    65113      327      150       78     3636 
   61.784265    69000     12.88362    65999      354      193       63     3750 
   63.220882    70000    14.320234    66882      333      176       74     3742 
   64.693563    71000    15.792914    67778      362      172       70     3860 
   66.205519    72000    17.304869    68652      379      198       59     3885 
   67.795674    73000    18.895024    69532      384      181       81     3904 
   69.427105    74000    20.526458    70395      364      178       68     3976 
   71.086734    75000    22.186085    71274      395      182       82     4042 
   72.736046    76000    23.835397    72149      384      204       77     3956 
   74.426337    77000    25.525687    73026      395      226       74     3975 
   76.100207    78000    27.199559    73886      412      197       76     4197 
   77.833914    79000    28.933265    74746      384      190       77     4171 
   79.551727    80000    30.651081    75592      422      209       96     4241 
Loop time of 30.6511 on 2 procs for 20000 steps with 75592 particles

MPI task timing breakdown:
Section |  min time  |  avg time  |  max time  |%varavg| %total
---------------------------------------------------------------
Move    | 22.909     | 23.257     | 23.605     |   7.2 | 75.88
Coll    | 3.1467     | 3.357      | 3.5672     |  11.5 | 10.95
Sort    | 2.3087     | 2.7745     | 3.2403     |  28.0 |  9.05
Comm    | 0.19434    | 1.2365     | 2.2787     |  93.7 |  4.03
Modify  | 0.0037975  | 0.021155   | 0.038513   |  11.9 |  0.07
Output  | 0.00096406 | 0.001459   | 0.001954   |   1.3 |  0.00
Other   |            | 0.003568   |            |       |  0.01

Particle moves    = 1336670745 (1.34B)
Cells touched     = 1426493970 (1.43B)
Particle comms    = 340281 (0.34M)
Boundary collides = 0 (0K)
Boundary exits    = 2285 (2.29K)
SurfColl checks   = 75058117 (75.1M)
SurfColl occurs   = 1443245 (1.44M)
Surf reactions    = 0 (0K)
Collide attempts  = 6694080 (6.69M)
Collide occurs    = 3368920 (3.37M)
Gas reactions     = 0 (0K)
Particles stuck   = 0

Particle-moves/CPUsec/proc: 2.18046e+07
Particle-moves/step: 66833.5
Cell-touches/particle/step: 1.0672
Particle comm iterations/step: 1
Particle fraction communicated: 0.000254574
Particle fraction colliding with boundary: 0
Particle fraction exiting boundary: 1.70947e-06
Surface-checks/particle/step: 0.056153
Surface-collisions/particle/step: 0.00107973
Surface-reactions/particle/step: 0
Collision-attempts/particle/step: 0.00500802
Collisions/particle/step: 0.00252038
Gas-reactions/particle/step: 0

Particles: 37796 ave 39072 max 36520 min
Histogram: 1 0 0 0 0 0 0 0 0 1
Cells:     1792.5 ave 2111 max 1474 min
Histogram: 1 0 0 0 0 0 0 0 0 1
GhostCell: 1792.5 ave 2111 max 1474 min
Histogram: 1 0 0 0 0 0 0 0 0 1
EmptyCell: 0 ave 0 max 0 min
Histogram: 2 0 0 0 0 0 0 0 0 0
Surfs:     38 ave 38 max 38 min
Histogram: 2 0 0 0 0 0 0 0 0 0
GhostSurf: 0 ave 0 max 0 min
Histogram: 2 0 0 0 0 0 0 0 0 0
adapt_grid all refine particle 16 4
Adapting grid ...
  8408 55 469 = cells outside/inside/overlapping surfs
  347 122 = surf cells with 1,2,etc splits
  0.000885645696653685 0.00088564569665369 = cell-wise and global flow volume
  1861 cells refined, 0 cells coarsened
  adapted to 8932 child grid cells, 2845 parent cells
  CPU time = 0.018675 secs
  adapt/redo percent = 40.5536 59.4464
balance_grid rcb part
Balance grid migrated 231 cells
  CPU time = 0.00555053 secs
  reassign/sort/migrate/ghost percent = 17.4577 8.83698 22.6485 51.0568
next a
jump in.cell loop
variable a loop 125
run 		    20000
Memory usage per proc in Mbytes:
  particles (ave,min,max) = 5.0625 5.0625 5.0625
  grid      (ave,min,max) = 3.06506 3.06506 3.06506
  surf      (ave,min,max) = 0.00391388 0.00391388 0.00391388
  total     (ave,min,max) = 8.13147 8.13147 8.13147
WALL Step CPU Np Natt Ncoll Nscoll Nscheck 
   79.582368    80000            0    75592      422      209        0        0 
    81.79915    81000    2.2167647    76447      331      201       72     3533 
   83.880726    82000    4.2983412    77307      389      229       63     3535 
   86.114461    83000    6.5320776    78177      397      219       78     3568 
   88.534215    84000    8.9518304    79014      413      221       92     3556 
   90.921133    85000    11.338756    79864      406      213       76     3584 
   93.301838    86000    13.719452    80712      442      229      108     3699 
