running....
Running without a11y support!
SPARTA (24 Jan 2020)

# variables to be set in RunCells.jl
variable FNUM equal "3.600E+11"
variable ZMAX equal "3.500E-01"
variable RMAX equal "3.000E-02"
variable TIMESTEP equal "2.000E-07"
variable NPERSTEP equal "1.000E+00"
variable T1 equal "2.000E+00"
variable T2 equal "5.000E-01"

global		        fnum ${FNUM} cellmax 10000
global		        fnum 360000000000 cellmax 10000
seed	    	    12345
dimension   	    2
units               si
timestep 	        ${TIMESTEP}
timestep 	        2e-07

species		        he3.species He
mixture		        He He nrho 1 vstream 26.2 0 0 temp ${T1}
mixture		        He He nrho 1 vstream 26.2 0 0 temp 2
collide             vss He he3.vss #kk

# read_restart data/cell.restart.*

boundary	        o ao p
create_box  	    0 ${ZMAX} 0 ${RMAX} -0.1 0.1
create_box  	    0 0.35 0 ${RMAX} -0.1 0.1
create_box  	    0 0.35 0 0.03 -0.1 0.1
Created orthogonal box = (0 0 -0.1) to (0.35 0.03 0.1)
create_grid 	    20 20 1
Created 400 child grid cells
  parent cells = 1
  CPU time = 0.00161718 secs
  create/ghost percent = 80.0041 19.9959
balance_grid        rcb cell
Balance grid migrated 200 cells
  CPU time = 0.000893053 secs
  reassign/sort/migrate/ghost percent = 61.6797 0.324057 17.0401 20.9562

read_surf           data.cell
Reading surface file ...
  12 points
  12 lines
  0 0.06509 xlo xhi
  0 0.0254 ylo yhi
  0 0 zlo zhi
  0.00159 min line length
  42 = cells with surfs
  74 = total surfs in all grid cells
  4 = max surfs in one grid cell
  0.0908571 = min surf-size/cell-size ratio
  0 0 = number of pushed cells
  42 0 = cells overlapping surfs, overlap cells with unmarked corner pts
  356 2 42 = cells outside/inside/overlapping surfs
  30 12 = surf cells with 1,2,etc splits
  0.000929288775062441 0.000929288775062441 = cell-wise and global flow volume
  CPU time = 0.00589174 secs
  read/check/sort/surf2grid/ghost/inout/particle percent = 84.9928 1.08359 0.124174 7.63318 6.16623 1.782 0.147529
  surf2grid time = 0.000449727 secs
  map/rvous1/rvous2/split percent = 6.43857 17.8531 0.106954 64.7273
group       inlet surf id 12
1 surfaces in group inlet
fix		    in emit/surf He inlet n ${NPERSTEP} perspecies no
fix		    in emit/surf He inlet n 1 perspecies no

read_surf           data.diffuser
Reading surface file ...
  4 points
  16 lines
  0.00953 0.0127 xlo xhi
  0 0.00953 ylo yhi
  0 0 zlo zhi
  0.00317 min line length
  42 = cells with surfs
  90 = total surfs in all grid cells
  6 = max surfs in one grid cell
  0.0908571 = min surf-size/cell-size ratio
  0 0 = number of pushed cells
  42 0 = cells overlapping surfs, overlap cells with unmarked corner pts
  356 2 42 = cells outside/inside/overlapping surfs
  24 18 = surf cells with 1,2,etc splits
  0.000928384303459465 0.000928384303459465 = cell-wise and global flow volume
  CPU time = 0.0054665 secs
  read/check/sort/surf2grid/ghost/inout/particle percent = 90.0531 1.05947 0.149053 4.63066 4.10767 1.63117 0.17406
  surf2grid time = 0.000253135 secs
  map/rvous1/rvous2/split percent = 13.4817 32.1287 0.333419 31.275

read_surf           data.stages trans 65.09E-3 0 0 group stages
Reading surface file ...
  22 points
  38 lines
  0.06609 0.07717 xlo xhi
  0.00036 0.02223 ylo yhi
  0 0 zlo zhi
  0.00048 min line length
  57 = cells with surfs
  141 = total surfs in all grid cells
  10 = max surfs in one grid cell
  0.0274286 = min surf-size/cell-size ratio
  0 0 = number of pushed cells
  57 0 = cells overlapping surfs, overlap cells with unmarked corner pts
  341 2 57 = cells outside/inside/overlapping surfs
  33 24 = surf cells with 1,2,etc splits
  0.00091701917084806 0.00091701917084806 = cell-wise and global flow volume
  CPU time = 0.00307473 secs
  read/check/sort/surf2grid/ghost/inout/particle percent = 81.609 2.52565 0.262202 9.23369 6.36941 2.91652 0.293587
  surf2grid time = 0.000283911 secs
  map/rvous1/rvous2/split percent = 12.3546 33.2481 0.188087 33.6651

surf_collide	    diffuse diffuse ${T1} 1.0
surf_collide	    diffuse diffuse 2 1.0
surf_collide	    cold diffuse ${T2} 1.0
surf_collide	    cold diffuse 0.5 1.0
surf_modify         all collide diffuse
surf_modify         stages collide cold

stats		    1000
stats_style	    wall step cpu np nattempt ncoll nscoll nscheck

# Run until convergence
label loop
variable a loop 125
run 		    20000
Memory usage per proc in Mbytes:
  particles (ave,min,max) = 0 0 0
  grid      (ave,min,max) = 1.88888 1.88888 1.88888
  surf      (ave,min,max) = 0.00391388 0.00391388 0.00391388
  total     (ave,min,max) = 1.89279 1.89279 1.89279
WALL Step CPU Np Natt Ncoll Nscoll Nscheck 
 0.028975603        0            0        0        0        0        0        0 
 0.079366059     1000  0.050368481     1000       33       10        6     5498 
  0.18882094     2000   0.15982226     2000       57       26       11     9553 
  0.37018522     3000   0.34118736     3000       72       39       15    12676 
  0.61935718     4000   0.59036052     4000       80       35       14    15195 
  0.93422147     5000   0.90522807     5000       85       26       29    17229 
   1.3101406     6000    1.2811439     6000       95       32       16    19231 
   1.7479138     7000    1.7189186     7000      100       45       25    20702 
   2.2434977     8000     2.214504     8000      107       44       25    22266 
   2.7960131     9000    2.7670177     9000      113       59       25    23855 
   3.4045744    10000    3.3755791     9999      119       41       28    25002 
   4.0703582    11000    4.0413657    10997      113       39       20    26430 
   4.7963617    12000    4.7673671    11994      116       48       28    27938 
   5.5825058    13000    5.5535152    12993      115       54       30    29246 
   6.4283388    14000    6.3993452    13991      115       59       25    30134 
   7.3278698    15000    7.2988747    14989      116       42       22    31292 
   8.2812409    16000    8.2522509    15985      120       51       43    32895 
   9.2957924    17000    9.2667991    16981      116       56       25    33947 
   10.370714    18000    10.341721    17973      127       63       26    35308 
   11.511471    19000    11.482478    18968      138       76       25    36812 
   12.694231    20000    12.665238    19963      125       53       40    37798 
Loop time of 12.6653 on 2 procs for 20000 steps with 19963 particles

MPI task timing breakdown:
Section |  min time  |  avg time  |  max time  |%varavg| %total
---------------------------------------------------------------
Move    | 0.0019952  | 5.7185     | 11.435     | 239.1 | 45.15
Coll    | 0.0033439  | 0.35971    | 0.71607    |  59.4 |  2.84
Sort    | 0.0072565  | 0.2234     | 0.43953    |  45.7 |  1.76
Comm    | 0.060113   | 6.3547     | 12.649     | 249.7 | 50.17
Modify  | 0.0012032  | 0.0068803  | 0.012557   |   6.8 |  0.05
Output  | 0.00072574 | 0.001133   | 0.0015403  |   1.2 |  0.01
Other   |            | 0.0009876  |            |       |  0.01

Particle moves    = 199862759 (200M)
Cells touched     = 201672187 (202M)
Particle comms    = 22 (0.022K)
Boundary collides = 0 (0K)
Boundary exits    = 37 (0.037K)
SurfColl checks   = 474659872 (475M)
SurfColl occurs   = 461574 (0.462M)
Surf reactions    = 0 (0K)
Collide attempts  = 2015707 (2.02M)
Collide occurs    = 875318 (0.875M)
Gas reactions     = 0 (0K)
Particles stuck   = 0

Particle-moves/CPUsec/proc: 7.89019e+06
Particle-moves/step: 9993.14
Cell-touches/particle/step: 1.00905
Particle comm iterations/step: 1
Particle fraction communicated: 1.10076e-07
Particle fraction colliding with boundary: 0
Particle fraction exiting boundary: 1.85127e-07
Surface-checks/particle/step: 2.37493
Surface-collisions/particle/step: 0.00230945
Surface-reactions/particle/step: 0
Collision-attempts/particle/step: 0.0100855
Collisions/particle/step: 0.0043796
Gas-reactions/particle/step: 0

Particles: 9981.5 ave 19956 max 7 min
Histogram: 1 0 0 0 0 0 0 0 0 1
Cells:     224 ave 248 max 200 min
Histogram: 1 0 0 0 0 0 0 0 0 1
GhostCell: 224 ave 248 max 200 min
Histogram: 1 0 0 0 0 0 0 0 0 1
EmptyCell: 0 ave 0 max 0 min
Histogram: 2 0 0 0 0 0 0 0 0 0
Surfs:     38 ave 38 max 38 min
Histogram: 2 0 0 0 0 0 0 0 0 0
GhostSurf: 0 ave 0 max 0 min
Histogram: 2 0 0 0 0 0 0 0 0 0
adapt_grid all refine particle 16 4
Adapting grid ...
  462 8 107 = cells outside/inside/overlapping surfs
  61 46 = surf cells with 1,2,etc splits
  0.00091701917084806 0.00091701917084806 = cell-wise and global flow volume
  59 cells refined, 0 cells coarsened
  adapted to 577 child grid cells, 60 parent cells
  CPU time = 0.00168947 secs
  adapt/redo percent = 75.574 24.426
balance_grid rcb part
Balance grid migrated 282 cells
  CPU time = 0.00229056 secs
  reassign/sort/migrate/ghost percent = 10.1869 3.02878 78.4625 8.32185
next a
jump in.cell loop
variable a loop 125
run 		    20000
Memory usage per proc in Mbytes:
  particles (ave,min,max) = 2.53125 1.6875 3.375
  grid      (ave,min,max) = 1.89383 1.89383 1.89383
  surf      (ave,min,max) = 0.00391388 0.00391388 0.00391388
  total     (ave,min,max) = 4.42899 3.58524 5.27274
WALL Step CPU Np Natt Ncoll Nscoll Nscheck 
   12.704054    20000            0    19963      125       53        0        0 
   13.245222    21000    0.5411547    20954      112       58       39    15286 
   13.799655    22000    1.0955908    21945      115       57       28    15288 
   14.366809    23000    1.6627413    22931      122       58       35    15692 
   14.943811    24000    2.2397443    23920      123       56       34    16049 
   15.535769    25000    2.8317008    24909      123       51       28    16623 
   16.145807    26000    3.4417392    25891      118       55       49    16895 
   16.773041    27000    4.0689732    26881      132       66       36    17550 
   17.423002    28000     4.718934    27871      153       66       38    18034 
   18.093718    29000    5.3896523    28858      146       71       33    18321 
   18.784784    30000    6.0807165    29841      151       63       46    19074 
   19.491143    31000    6.7870769    30827      152       64       46    19243 
   20.227013    32000    7.5229454    31806      163       71       47    19626 
   20.990714    33000    8.2866461    32792      183       87       32    20307 
   21.787928    34000    9.0838642    33764      162       78       33    20463 
   22.614346    35000    9.9102849    34736      172       75       51    21012 
   23.468142    36000    10.764075    35713      168       81       43    21573 
   24.350228    37000    11.646163    36685      179       77       56    21967 
   25.259357    38000    12.555288    37655      174       84       39    22557 
   26.203406    39000     13.49934    38631      175       76       54    22934 
   27.174839    40000    14.470772    39605      194       84       57    23363 
Loop time of 14.4709 on 2 procs for 20000 steps with 39605 particles

MPI task timing breakdown:
Section |  min time  |  avg time  |  max time  |%varavg| %total
---------------------------------------------------------------
Move    | 11.717     | 11.934     | 12.152     |   6.3 | 82.47
Coll    | 0.99452    | 1.096      | 1.1975     |   9.7 |  7.57
Sort    | 0.55323    | 0.68535    | 0.81746    |  16.0 |  4.74
Comm    | 0.73357    | 0.74558    | 0.75758    |   1.4 |  5.15
Modify  | 0.0034802  | 0.0071785  | 0.010877   |   4.4 |  0.05
Output  | 0.00038337 | 0.00085972 | 0.0013361  |   0.0 |  0.01
Other   |            | 0.001522   |            |       |  0.01

Particle moves    = 596407915 (596M)
Cells touched     = 606599943 (607M)
Particle comms    = 192393 (0.192M)
Boundary collides = 0 (0K)
Boundary exits    = 358 (0.358K)
SurfColl checks   = 377969661 (378M)
SurfColl occurs   = 831438 (0.831M)
Surf reactions    = 0 (0K)
Collide attempts  = 2994928 (2.99M)
Collide occurs    = 1367806 (1.37M)
Gas reactions     = 0 (0K)
Particles stuck   = 0

Particle-moves/CPUsec/proc: 2.06072e+07
Particle-moves/step: 29820.4
Cell-touches/particle/step: 1.01709
Particle comm iterations/step: 1
Particle fraction communicated: 0.000322586
Particle fraction colliding with boundary: 0
Particle fraction exiting boundary: 6.0026e-07
Surface-checks/particle/step: 0.633744
Surface-collisions/particle/step: 0.00139408
Surface-reactions/particle/step: 0
Collision-attempts/particle/step: 0.00502161
Collisions/particle/step: 0.00229341
Gas-reactions/particle/step: 0

Particles: 19802.5 ave 23441 max 16164 min
Histogram: 1 0 0 0 0 0 0 0 0 1
Cells:     334.5 ave 550 max 119 min
Histogram: 1 0 0 0 0 0 0 0 0 1
GhostCell: 334.5 ave 550 max 119 min
Histogram: 1 0 0 0 0 0 0 0 0 1
EmptyCell: 0 ave 0 max 0 min
Histogram: 2 0 0 0 0 0 0 0 0 0
Surfs:     38 ave 38 max 38 min
Histogram: 2 0 0 0 0 0 0 0 0 0
GhostSurf: 0 ave 0 max 0 min
Histogram: 2 0 0 0 0 0 0 0 0 0
adapt_grid all refine particle 16 4
Adapting grid ...
  962 8 246 = cells outside/inside/overlapping surfs
  154 92 = surf cells with 1,2,etc splits
  0.00091701917084806 0.00091701917084806 = cell-wise and global flow volume
  213 cells refined, 0 cells coarsened
  adapted to 1216 child grid cells, 273 parent cells
  CPU time = 0.00268984 secs
  adapt/redo percent = 62.1103 37.8897
balance_grid rcb part
Balance grid migrated 91 cells
  CPU time = 0.00156693 secs
  reassign/sort/migrate/ghost percent = 18.0054 5.41644 51.9508 24.6274
next a
jump in.cell loop
variable a loop 125
run 		    20000
Memory usage per proc in Mbytes:
  particles (ave,min,max) = 3.375 3.375 3.375
  grid      (ave,min,max) = 1.91171 1.91171 1.91171
  surf      (ave,min,max) = 0.00391388 0.00391388 0.00391388
  total     (ave,min,max) = 5.29062 5.29062 5.29062
WALL Step CPU Np Natt Ncoll Nscoll Nscheck 
   27.187476    40000            0    39605      194       84        0        0 
   28.070074    41000   0.88258784    40575      168       88       44    11442 
   28.969963    42000    1.7824734    41546      172       82       53    11990 
   29.890293    43000    2.7028046    42514      169       86       53    12304 
   30.833624    44000    3.6461376    43485      181       94       61    12307 
    31.79839    45000     4.610902    44446      194       99       48    12309 
    32.78804    46000    5.6005523    45411      212      103       53    12651 
   33.800082    47000    6.6125922    46382      203       92       60    12953 
   34.841028    48000     7.653545    47339      202      100       53    13151 
   35.905855    49000    8.7183692    48300      224      120       64    13196 
   36.997356    50000    9.8098683    49255      219       99       45    13539 
   38.118131    51000    10.930645    50219      251      122       66    14072 
   39.261293    52000    12.073806    51169      246      121       59    14056 
   40.432593    53000    13.245105    52132      231      121       56    14266 
   41.628065    54000    14.440578    53079      254      118       70    14706 
   42.850861    55000    15.663373    54027      254      118       79    14922 
   44.094822    56000    16.907335    54964      260      127       47    15061 
    45.36605    57000    18.178563    55918      270      138       56    15198 
   46.666045    58000    19.478557    56867      276      140       64    15644 
   47.986571    59000    20.799084    57815      273      132       71    15604 
   49.328534    60000    22.141048    58752      296      150       71    16143 
Loop time of 22.1411 on 2 procs for 20000 steps with 58752 particles

MPI task timing breakdown:
Section |  min time  |  avg time  |  max time  |%varavg| %total
---------------------------------------------------------------
Move    | 17.402     | 17.827     | 18.252     |  10.1 | 80.52
Coll    | 2.0718     | 2.1491     | 2.2263     |   5.3 |  9.71
Sort    | 1.3052     | 1.4028     | 1.5005     |   8.2 |  6.34
Comm    | 0.15604    | 0.74974    | 1.3434     |  68.6 |  3.39
Modify  | 0.0035596  | 0.0093926  | 0.015226   |   6.0 |  0.04
Output  | 0.00039744 | 0.00080763 | 0.0012178  |   0.0 |  0.00
Other   |            | 0.001998   |            |       |  0.01

Particle moves    = 984637172 (985M)
Cells touched     = 1018099479 (1.02B)
Particle comms    = 263389 (0.263M)
Boundary collides = 0 (0K)
Boundary exits    = 853 (0.853K)
SurfColl checks   = 272283715 (272M)
SurfColl occurs   = 1165681 (1.17M)
Surf reactions    = 0 (0K)
Collide attempts  = 4418726 (4.42M)
Collide occurs    = 2148476 (2.15M)
Gas reactions     = 0 (0K)
Particles stuck   = 0

Particle-moves/CPUsec/proc: 2.22355e+07
Particle-moves/step: 49231.9
Cell-touches/particle/step: 1.03398
Particle comm iterations/step: 1
Particle fraction communicated: 0.000267499
Particle fraction colliding with boundary: 0
Particle fraction exiting boundary: 8.66309e-07
Surface-checks/particle/step: 0.276532
Surface-collisions/particle/step: 0.00118387
Surface-reactions/particle/step: 0
Collision-attempts/particle/step: 0.00448767
Collisions/particle/step: 0.002182
Gas-reactions/particle/step: 0

Particles: 29376 ave 32002 max 26750 min
Histogram: 1 0 0 0 0 0 0 0 0 1
Cells:     700 ave 942 max 458 min
Histogram: 1 0 0 0 0 0 0 0 0 1
GhostCell: 700 ave 942 max 458 min
Histogram: 1 0 0 0 0 0 0 0 0 1
EmptyCell: 0 ave 0 max 0 min
Histogram: 2 0 0 0 0 0 0 0 0 0
Surfs:     38 ave 38 max 38 min
Histogram: 2 0 0 0 0 0 0 0 0 0
GhostSurf: 0 ave 0 max 0 min
Histogram: 2 0 0 0 0 0 0 0 0 0
adapt_grid all refine particle 16 4
Adapting grid ...
  2882 9 449 = cells outside/inside/overlapping surfs
  329 120 = surf cells with 1,2,etc splits
  0.000917019170848059 0.00091701917084806 = cell-wise and global flow volume
  708 cells refined, 0 cells coarsened
  adapted to 3340 child grid cells, 981 parent cells
  CPU time = 0.00573182 secs
  adapt/redo percent = 46.0575 53.9425
balance_grid rcb part
Balance grid migrated 85 cells
  CPU time = 0.00217127 secs
  reassign/sort/migrate/ghost percent = 16.5477 6.12581 39.9925 37.334
next a
jump in.cell loop
variable a loop 125
run 		    20000
Memory usage per proc in Mbytes:
  particles (ave,min,max) = 3.375 3.375 3.375
  grid      (ave,min,max) = 1.97112 1.97112 1.97112
  surf      (ave,min,max) = 0.00391388 0.00391388 0.00391388
  total     (ave,min,max) = 5.35004 5.35004 5.35004
WALL Step CPU Np Natt Ncoll Nscoll Nscheck 
   49.339868    60000            0    58752      296      150        0        0 
   50.602686    61000    1.2628024    59689      269      139       80     4045 
   51.889575    62000    2.5496913    60624      271      131       91     4007 
   53.201087    63000    3.8612034    61575      272      147       62     4045 
   54.542649    64000    5.2027657    62498      279      140       68     3958 
   55.924028    65000    6.5841495    63428      298      142       73     4038 
   57.299359    66000    7.9594803    64361      322      158       63     4097 
   58.686669    67000    9.3467855    65292      317      161       65     4134 
   60.103044    68000    10.763162    66218      325      158       66     4200 
   61.541467    69000    12.201586    67137      326      161       85     4357 
   62.998275    70000    13.658391    68051      367      166       89     4460 
   64.501022    71000    15.161138    68962      355      191       83     4481 
   66.006663    72000    16.666779    69877      387      201       81     4517 
   67.533989    73000    18.194106    70795      383      188       76     4456 
   69.087235    74000    19.747351    71708      369      172       75     4739 
   70.670505    75000     21.33062    72617      385      172       77     4655 
   72.268183    76000      22.9283    73509      379      172       67     4649 
   73.874647    77000    24.534764    74418      390      206       80     4696 
    75.50992    78000    26.170036    75329      419      205       78     4879 
   77.161364    79000    27.821481    76244      400      200       72     4883 
     78.8354    80000    29.495516    77137      460      203       99     5086 
Loop time of 29.4956 on 2 procs for 20000 steps with 77137 particles

MPI task timing breakdown:
Section |  min time  |  avg time  |  max time  |%varavg| %total
---------------------------------------------------------------
Move    | 23.177     | 23.421     | 23.665     |   5.0 | 79.41
Coll    | 3.2619     | 3.3323     | 3.4028     |   3.9 | 11.30
Sort    | 2.2748     | 2.3081     | 2.3415     |   2.2 |  7.83
Comm    | 0.2873     | 0.41905    | 0.5508     |  20.4 |  1.42
Modify  | 0.0036265  | 0.011988   | 0.02035    |   7.6 |  0.04
Output  | 0.00056593 | 0.00073213 | 0.00089833 |   0.0 |  0.00
Other   |            | 0.002152   |            |       |  0.01

Particle moves    = 1360264959 (1.36B)
Cells touched     = 1452098001 (1.45B)
Particle comms    = 350787 (0.351M)
Boundary collides = 0 (0K)
Boundary exits    = 1615 (1.61K)
SurfColl checks   = 88044143 (88M)
SurfColl occurs   = 1508198 (1.51M)
Surf reactions    = 0 (0K)
Collide attempts  = 6856084 (6.86M)
Collide occurs    = 3454442 (3.45M)
Gas reactions     = 0 (0K)
Particles stuck   = 0

Particle-moves/CPUsec/proc: 2.30588e+07
Particle-moves/step: 68013.2
Cell-touches/particle/step: 1.06751
Particle comm iterations/step: 1
Particle fraction communicated: 0.000257881
Particle fraction colliding with boundary: 0
Particle fraction exiting boundary: 1.18727e-06
Surface-checks/particle/step: 0.0647257
Surface-collisions/particle/step: 0.00110875
Surface-reactions/particle/step: 0
Collision-attempts/particle/step: 0.00504026
Collisions/particle/step: 0.00253954
Gas-reactions/particle/step: 0

Particles: 38568.5 ave 39610 max 37527 min
Histogram: 1 0 0 0 0 0 0 0 0 1
Cells:     1790 ave 2095 max 1485 min
Histogram: 1 0 0 0 0 0 0 0 0 1
GhostCell: 1790 ave 2095 max 1485 min
Histogram: 1 0 0 0 0 0 0 0 0 1
EmptyCell: 0 ave 0 max 0 min
Histogram: 2 0 0 0 0 0 0 0 0 0
Surfs:     38 ave 38 max 38 min
Histogram: 2 0 0 0 0 0 0 0 0 0
GhostSurf: 0 ave 0 max 0 min
Histogram: 2 0 0 0 0 0 0 0 0 0
adapt_grid all refine particle 16 4
Adapting grid ...
  8458 49 530 = cells outside/inside/overlapping surfs
  422 108 = surf cells with 1,2,etc splits
  0.000917019170848055 0.00091701917084806 = cell-wise and global flow volume
  1899 cells refined, 0 cells coarsened
  adapted to 9037 child grid cells, 2880 parent cells
  CPU time = 0.0152484 secs
  adapt/redo percent = 30.2097 69.7903
balance_grid rcb part
Balance grid migrated 80 cells
  CPU time = 0.00427349 secs
  reassign/sort/migrate/ghost percent = 19.7175 9.55115 15.7818 54.9496
next a
jump in.cell loop
variable a loop 125
run 		    20000
Memory usage per proc in Mbytes:
  particles (ave,min,max) = 5.0625 5.0625 5.0625
  grid      (ave,min,max) = 3.06799 3.06799 3.06799
  surf      (ave,min,max) = 0.00391388 0.00391388 0.00391388
  total     (ave,min,max) = 8.13441 8.13441 8.13441
WALL Step CPU Np Natt Ncoll Nscoll Nscheck 
   78.863344    80000            0    77137      460      203        0        0 
   80.877722    81000    2.0143637    78054      360      203      101     4144 
   82.811269    82000    3.9479097    78959      371      206       69     3958 
    84.77151    83000    5.9081496    79879      395      224       83     4202 
   86.750551    84000    7.8871902    80775      421      222       92     4231 
   88.879269    85000    10.015908    81675      424      218       85     4362 
   90.969536    86000     12.10618    82565      436      229       79     4175 
   93.018822    87000    14.155463    83447      425      220       73     4331 
   95.101345    88000    16.237991    84346      480      235       96     4328 
   97.367757    89000    18.504398    85260      450      245       90     4414 
   99.478356    90000    20.614997    86153      500      264       97     4556 
   101.63643    91000    22.773069    87063      537      292      102     4615 
   103.79133    92000    24.927973    87954      508      263       75     4463 
   106.17997    93000    27.316613    88853      513      270       91     4600 
   108.38941    94000     29.52605    89745      517      259       88     4627 
   110.62142    95000    31.758062    90654      542      257       92     4702 
   112.96052    96000    34.097159    91525      563      280      103     4823 
   115.35388    97000    36.490517    92400      613      304       97     4773 
   117.66941    98000    38.806047    93266      560      263       90     4843 
   120.00571    99000    41.142355    94137      596      279      101     4841 
   122.56633   100000    43.702971    95001      588      282       99     4821 
Loop time of 43.703 on 2 procs for 20000 steps with 95001 particles

MPI task timing breakdown:
Section |  min time  |  avg time  |  max time  |%varavg| %total
---------------------------------------------------------------
Move    | 34.005     | 34.048     | 34.091     |   0.7 | 77.91
Coll    | 4.697      | 4.8216     | 4.9463     |   5.7 | 11.03
Sort    | 3.2724     | 3.755      | 4.2376     |  24.9 |  8.59
Comm    | 0.39571    | 1.0586     | 1.7215     |  64.4 |  2.42
Modify  | 0.003834   | 0.016297   | 0.028759   |   9.8 |  0.04
Output  | 0.00093417 | 0.0012575  | 0.0015808  |   0.9 |  0.00
Other   |            | 0.002446   |            |       |  0.01

Particle moves    = 1722790599 (1.72B)
Cells touched     = 1939647296 (1.94B)
Particle comms    = 457477 (0.457M)
Boundary collides = 0 (0K)
Boundary exits    = 2136 (2.14K)
SurfColl checks   = 89530984 (89.5M)
SurfColl occurs   = 1840991 (1.84M)
Surf reactions    = 0 (0K)
Collide attempts  = 9569678 (9.57M)
Collide occurs    = 5040753 (5.04M)
Gas reactions     = 0 (0K)
Particles stuck   = 0

Particle-moves/CPUsec/proc: 1.97102e+07
Particle-moves/step: 86139.5
Cell-touches/particle/step: 1.12588
Particle comm iterations/step: 1
Particle fraction communicated: 0.000265544
Particle fraction colliding with boundary: 0
Particle fraction exiting boundary: 1.23985e-06
Surface-checks/particle/step: 0.0519686
Surface-collisions/particle/step: 0.00106861
Surface-reactions/particle/step: 0
Collision-attempts/particle/step: 0.00555475
Collisions/particle/step: 0.00292592
Gas-reactions/particle/step: 0

Particles: 47500.5 ave 48823 max 46178 min
Histogram: 1 0 0 0 0 0 0 0 0 1
Cells:     4626.5 ave 4908 max 4345 min
Histogram: 1 0 0 0 0 0 0 0 0 1
GhostCell: 4626.5 ave 4908 max 4345 min
Histogram: 1 0 0 0 0 0 0 0 0 1
EmptyCell: 0 ave 0 max 0 min
Histogram: 2 0 0 0 0 0 0 0 0 0
Surfs:     38 ave 38 max 38 min
Histogram: 2 0 0 0 0 0 0 0 0 0
GhostSurf: 0 ave 0 max 0 min
Histogram: 2 0 0 0 0 0 0 0 0 0
adapt_grid all refine particle 16 4
Adapting grid ...
  12327 96 598 = cells outside/inside/overlapping surfs
  497 101 = surf cells with 1,2,etc splits
  0.00091701917084806 0.00091701917084806 = cell-wise and global flow volume
  1328 cells refined, 0 cells coarsened
  adapted to 13021 child grid cells, 4208 parent cells
  CPU time = 0.0201623 secs
  adapt/redo percent = 20.3427 79.6573
balance_grid rcb part
Balance grid migrated 188 cells
  CPU time = 0.00631324 secs
  reassign/sort/migrate/ghost percent = 19.7416 10.1406 14.6261 55.4917
next a
jump in.cell loop
variable a loop 125
run 		    20000
Memory usage per proc in Mbytes:
  particles (ave,min,max) = 5.0625 5.0625 5.0625
  grid      (ave,min,max) = 3.17944 3.17944 3.17944
  surf      (ave,min,max) = 0.00391388 0.00391388 0.00391388
  total     (ave,min,max) = 8.24586 8.24586 8.24586
WALL Step CPU Np Natt Ncoll Nscoll Nscheck 
   122.59636   100000            0    95001      588      282        0        0 
   125.36654   101000    2.7701637    95873      528      315       86     4422 
   128.04707   102000    5.4506981    96721      509      304       84     4327 
   131.28663   103000    8.6902548    97593      564      308      107     4485 
   134.04951   104000     11.45314    98476      551      296       97     4491 
   136.95492   105000    14.358551    99329      598      339       95     4655 
