running....
Running without a11y support!
SPARTA (24 Jan 2020)

# variables to be set in RunCells.jl
variable FNUM equal "3.600E+11"
variable ZMAX equal "3.500E-01"
variable RMAX equal "3.000E-02"
variable TIMESTEP equal "2.000E-07"
variable NPERSTEP equal "1.000E+00"
variable T1 equal "2.000E+00"
variable T2 equal "5.000E-01"

global		        fnum ${FNUM} cellmax 10000
global		        fnum 360000000000 cellmax 10000
seed	    	    12345
dimension   	    2
units               si
timestep 	        ${TIMESTEP}
timestep 	        2e-07

species		        he3.species He
mixture		        He He nrho 1 vstream 26.2 0 0 temp ${T1}
mixture		        He He nrho 1 vstream 26.2 0 0 temp 2
collide             vss He he3.vss #kk

# read_restart data/cell.restart.*

boundary	        o ao p
create_box  	    0 ${ZMAX} 0 ${RMAX} -0.1 0.1
create_box  	    0 0.35 0 ${RMAX} -0.1 0.1
create_box  	    0 0.35 0 0.03 -0.1 0.1
Created orthogonal box = (0 0 -0.1) to (0.35 0.03 0.1)
create_grid 	    20 20 1
Created 400 child grid cells
  parent cells = 1
  CPU time = 0.0014985 secs
  create/ghost percent = 82.9888 17.0112
balance_grid        rcb cell
Balance grid migrated 200 cells
  CPU time = 0.000914649 secs
  reassign/sort/migrate/ghost percent = 60.0824 0.32876 17.6253 21.9635

read_surf           data.cell
Reading surface file ...
  12 points
  12 lines
  0 0.06509 xlo xhi
  0 0.0254 ylo yhi
  0 0 zlo zhi
  0.00159 min line length
  42 = cells with surfs
  74 = total surfs in all grid cells
  4 = max surfs in one grid cell
  0.0908571 = min surf-size/cell-size ratio
  0 0 = number of pushed cells
  42 0 = cells overlapping surfs, overlap cells with unmarked corner pts
  356 2 42 = cells outside/inside/overlapping surfs
  30 12 = surf cells with 1,2,etc splits
  0.000929288775062441 0.000929288775062441 = cell-wise and global flow volume
  CPU time = 0.00606773 secs
  read/check/sort/surf2grid/ghost/inout/particle percent = 84.3668 1.10216 0.13964 8.49742 5.89397 1.48374 0.0738332
  surf2grid time = 0.0005156 secs
  map/rvous1/rvous2/split percent = 6.68483 18.0244 0.0921257 66.5144
group       inlet surf id 12
1 surfaces in group inlet
fix		    in emit/surf He inlet n ${NPERSTEP} perspecies no
fix		    in emit/surf He inlet n 1 perspecies no

read_surf           data.diffuser
Reading surface file ...
  4 points
  16 lines
  0.00953 0.0127 xlo xhi
  0 0.00953 ylo yhi
  0 0 zlo zhi
  0.00317 min line length
  42 = cells with surfs
  90 = total surfs in all grid cells
  6 = max surfs in one grid cell
  0.0908571 = min surf-size/cell-size ratio
  0 0 = number of pushed cells
  42 0 = cells overlapping surfs, overlap cells with unmarked corner pts
  356 2 42 = cells outside/inside/overlapping surfs
  24 18 = surf cells with 1,2,etc splits
  0.000928384303459465 0.000928384303459465 = cell-wise and global flow volume
  CPU time = 0.00576177 secs
  read/check/sort/surf2grid/ghost/inout/particle percent = 88.6034 1.24364 0.18555 5.06651 4.90089 1.91861 0.0718702
  surf2grid time = 0.000291921 secs
  map/rvous1/rvous2/split percent = 14.8002 35.0239 0.216154 31.4109

read_surf           data.stages trans 65.09E-3 0 0 group stages
Reading surface file ...
  22 points
  38 lines
  0.06909 0.11017 xlo xhi
  0.00036 0.02223 ylo yhi
  0 0 zlo zhi
  0.00048 min line length
  61 = cells with surfs
  145 = total surfs in all grid cells
  10 = max surfs in one grid cell
  0.0274286 = min surf-size/cell-size ratio
  0 0 = number of pushed cells
  61 0 = cells overlapping surfs, overlap cells with unmarked corner pts
  327 12 61 = cells outside/inside/overlapping surfs
  37 24 = surf cells with 1,2,etc splits
  0.00088564569665369 0.00088564569665369 = cell-wise and global flow volume
  CPU time = 0.00328541 secs
  read/check/sort/surf2grid/ghost/inout/particle percent = 80.4975 2.70599 0.313203 10.2519 6.23145 2.88146 0.148383
  surf2grid time = 0.000336816 secs
  map/rvous1/rvous2/split percent = 13.5552 34.7386 0.198031 34.909

surf_collide	    diffuse diffuse ${T1} 1.0
surf_collide	    diffuse diffuse 2 1.0
surf_collide	    cold diffuse ${T2} 1.0
surf_collide	    cold diffuse 0.5 1.0
surf_modify         all collide diffuse
surf_modify         stages collide cold

stats		    1000
stats_style	    wall step cpu np nattempt ncoll nscoll nscheck

# Run until convergence
label loop
variable a loop 125
run 		    20000
Memory usage per proc in Mbytes:
  particles (ave,min,max) = 0 0 0
  grid      (ave,min,max) = 1.88888 1.88888 1.88888
  surf      (ave,min,max) = 0.00391388 0.00391388 0.00391388
  total     (ave,min,max) = 1.89279 1.89279 1.89279
WALL Step CPU Np Natt Ncoll Nscoll Nscheck 
 0.029188443        0            0        0        0        0        0        0 
 0.082030386     1000  0.052825403     1000       33       10        6     5498 
   0.1913121     2000   0.16210673     2000       57       26       11     9553 
  0.37185403     3000   0.34265136     3000       72       39       15    12676 
  0.61984182     4000    0.5906358     4000       80       35       14    15195 
  0.93253318     5000   0.90332748     5000       85       26       29    17209 
   1.3068715     6000    1.2776713     6000       99       47       16    19257 
   1.7393732     7000    1.7101667     7000      100       43       21    20631 
   2.2279402     8000    2.1987378     8000      106       47       25    22189 
   2.7752068     9000    2.7460004     9000      112       50       17    23731 
   3.3800871    10000    3.3508845    10000      104       44       29    25141 
   4.0432888    11000     4.014084    10999      109       51       28    26055 
   4.7625928    12000    4.7333904    11999      115       53       24    27376 
   5.5423205    13000    5.5131202    12997      119       54       32    29028 
   6.3780793    14000    6.3488774    13996      109       52       31    29974 
   7.2681189    15000    7.2389175    14994      119       58       31    30769 
   8.2142467    16000    8.1850423    15991      122       56       26    32373 
   9.2216954    17000    9.1924935    16988      123       54       39    33462 
   10.285725    18000    10.256524    17983      130       59       29    35111 
   11.402394    19000    11.373192    18975      135       69       32    36130 
   12.579066    20000    12.549865    19971      132       53       37    37093 
Loop time of 12.5499 on 2 procs for 20000 steps with 19971 particles

MPI task timing breakdown:
Section |  min time  |  avg time  |  max time  |%varavg| %total
---------------------------------------------------------------
Move    | 0.0018026  | 5.6767     | 11.352     | 238.2 | 45.23
Coll    | 0.0033238  | 0.35898    | 0.71463    |  59.4 |  2.86
Sort    | 0.0068464  | 0.2173     | 0.42775    |  45.1 |  1.73
Comm    | 0.041051   | 6.2874     | 12.534     | 249.1 | 50.10
Modify  | 0.0015425  | 0.0070677  | 0.012593   |   6.6 |  0.06
Output  | 0.0007289  | 0.0011109  | 0.001493   |   1.1 |  0.01
Other   |            | 0.001336   |            |       |  0.01

Particle moves    = 199919117 (200M)
Cells touched     = 201723442 (202M)
Particle comms    = 2 (0.002K)
Boundary collides = 0 (0K)
Boundary exits    = 29 (0.029K)
SurfColl checks   = 469834195 (470M)
SurfColl occurs   = 458775 (0.459M)
Surf reactions    = 0 (0K)
Collide attempts  = 2014294 (2.01M)
Collide occurs    = 874051 (0.874M)
Gas reactions     = 0 (0K)
Particles stuck   = 0

Particle-moves/CPUsec/proc: 7.96496e+06
Particle-moves/step: 9995.96
Cell-touches/particle/step: 1.00903
Particle comm iterations/step: 1
Particle fraction communicated: 1.0004e-08
Particle fraction colliding with boundary: 0
Particle fraction exiting boundary: 1.45059e-07
Surface-checks/particle/step: 2.35012
Surface-collisions/particle/step: 0.0022948
Surface-reactions/particle/step: 0
Collision-attempts/particle/step: 0.0100755
Collisions/particle/step: 0.00437202
Gas-reactions/particle/step: 0

Particles: 9985.5 ave 19971 max 0 min
Histogram: 1 0 0 0 0 0 0 0 0 1
Cells:     224 ave 248 max 200 min
Histogram: 1 0 0 0 0 0 0 0 0 1
GhostCell: 224 ave 248 max 200 min
Histogram: 1 0 0 0 0 0 0 0 0 1
EmptyCell: 0 ave 0 max 0 min
Histogram: 2 0 0 0 0 0 0 0 0 0
Surfs:     38 ave 38 max 38 min
Histogram: 2 0 0 0 0 0 0 0 0 0
GhostSurf: 0 ave 0 max 0 min
Histogram: 2 0 0 0 0 0 0 0 0 0
adapt_grid all refine particle 16 4
Adapting grid ...
  456 18 106 = cells outside/inside/overlapping surfs
  64 42 = surf cells with 1,2,etc splits
  0.00088564569665369 0.00088564569665369 = cell-wise and global flow volume
  60 cells refined, 0 cells coarsened
  adapted to 580 child grid cells, 61 parent cells
  CPU time = 0.00166705 secs
  adapt/redo percent = 76.5242 23.4758
balance_grid rcb part
Balance grid migrated 284 cells
  CPU time = 0.00223412 secs
  reassign/sort/migrate/ghost percent = 9.64093 3.15158 78.0162 9.19127
next a
jump in.cell loop
variable a loop 125
run 		    20000
Memory usage per proc in Mbytes:
  particles (ave,min,max) = 2.53125 1.6875 3.375
  grid      (ave,min,max) = 1.89391 1.89391 1.89391
  surf      (ave,min,max) = 0.00391388 0.00391388 0.00391388
  total     (ave,min,max) = 4.42908 3.58533 5.27283
WALL Step CPU Np Natt Ncoll Nscoll Nscheck 
   12.588804    20000            0    19971      132       53        0        0 
   13.133294    21000   0.54447889    20962      123       60       48    14515 
   13.695937    22000    1.1071282    21952      120       55       30    14968 
   14.279586    23000    1.6907777    22942      118       59       33    15114 
   14.870262    24000     2.281448    23932      125       51       32    15597 
   15.476711    25000    2.8879039    24926      130       58       35    15869 
   16.104083    26000    3.5152696    25920      126       53       32    16436 
   16.749255    27000    4.1604477    26912      134       65       39    16881 
   17.413644    28000    4.8248368    27899      143       63       32    17175 
    18.09004    29000    5.5012274    28887      130       59       40    17359 
   18.779031    30000    6.1902246    29873      138       65       44    17941 
   19.482464    31000    6.8936559    30856      130       65       46    18161 
   20.203618    32000    7.6148049    31839      148       60       43    18559 
   20.956668    33000    8.3678603    32828      153       73       39    18790 
   21.739864    34000    9.1510555    33808      155       75       47    19493 
   22.542973    35000     9.954165    34792      154       72       49    19964 
   23.372875    36000    10.784067    35770      164       76       44    20179 
   24.237921    37000    11.649111    36750      174       77       42    20839 
   25.130648    38000    12.541838    37729      184       85       54    20819 
   26.051974    39000    13.463166    38704      175       78       49    21522 
   26.997441    40000    14.408633    39671      194       98       56    21809 
Loop time of 14.4087 on 2 procs for 20000 steps with 39671 particles

MPI task timing breakdown:
Section |  min time  |  avg time  |  max time  |%varavg| %total
---------------------------------------------------------------
Move    | 11.322     | 11.806     | 12.289     |  14.1 | 81.93
Coll    | 1.0169     | 1.1074     | 1.1979     |   8.6 |  7.69
Sort    | 0.56884    | 0.71265    | 0.85646    |  17.0 |  4.95
Comm    | 0.52047    | 0.77347    | 1.0265     |  28.8 |  5.37
Modify  | 0.0036731  | 0.0071526  | 0.010632   |   4.1 |  0.05
Output  | 0.00033467 | 0.00081861 | 0.0013026  |   0.0 |  0.01
Other   |            | 0.001661   |            |       |  0.01

Particle moves    = 597117838 (597M)
Cells touched     = 607299333 (607M)
Particle comms    = 187669 (0.188M)
Boundary collides = 0 (0K)
Boundary exits    = 300 (0.3K)
SurfColl checks   = 358332090 (358M)
SurfColl occurs   = 825532 (0.826M)
Surf reactions    = 0 (0K)
Collide attempts  = 2975814 (2.98M)
Collide occurs    = 1371111 (1.37M)
Gas reactions     = 0 (0K)
Particles stuck   = 0

Particle-moves/CPUsec/proc: 2.07207e+07
Particle-moves/step: 29855.9
Cell-touches/particle/step: 1.01705
Particle comm iterations/step: 1
Particle fraction communicated: 0.000314291
Particle fraction colliding with boundary: 0
Particle fraction exiting boundary: 5.02413e-07
Surface-checks/particle/step: 0.600103
Surface-collisions/particle/step: 0.00138253
Surface-reactions/particle/step: 0
Collision-attempts/particle/step: 0.00498363
Collisions/particle/step: 0.00229622
Gas-reactions/particle/step: 0

Particles: 19835.5 ave 23221 max 16450 min
Histogram: 1 0 0 0 0 0 0 0 0 1
Cells:     332 ave 544 max 120 min
Histogram: 1 0 0 0 0 0 0 0 0 1
GhostCell: 332 ave 544 max 120 min
Histogram: 1 0 0 0 0 0 0 0 0 1
EmptyCell: 0 ave 0 max 0 min
Histogram: 2 0 0 0 0 0 0 0 0 0
Surfs:     38 ave 38 max 38 min
Histogram: 2 0 0 0 0 0 0 0 0 0
GhostSurf: 0 ave 0 max 0 min
Histogram: 2 0 0 0 0 0 0 0 0 0
adapt_grid all refine particle 16 4
Adapting grid ...
  1000 22 236 = cells outside/inside/overlapping surfs
  156 80 = surf cells with 1,2,etc splits
  0.00088564569665369 0.00088564569665369 = cell-wise and global flow volume
  226 cells refined, 0 cells coarsened
  adapted to 1258 child grid cells, 287 parent cells
  CPU time = 0.00271835 secs
  adapt/redo percent = 63.1998 36.8002
balance_grid rcb part
Balance grid migrated 70 cells
  CPU time = 0.00149943 secs
  reassign/sort/migrate/ghost percent = 18.6536 5.87669 51.6206 23.8491
next a
jump in.cell loop
variable a loop 125
run 		    20000
Memory usage per proc in Mbytes:
  particles (ave,min,max) = 3.375 3.375 3.375
  grid      (ave,min,max) = 1.91288 1.91288 1.91288
  surf      (ave,min,max) = 0.00391388 0.00391388 0.00391388
  total     (ave,min,max) = 5.29179 5.29179 5.29179
WALL Step CPU Np Natt Ncoll Nscoll Nscheck 
   27.010399    40000            0    39671      194       98        0        0 
     27.8955    41000    0.8851022    40637      167       93       74    11144 
   28.802551    42000    1.7921526    41603      174       93       57    11441 
   29.727649    43000    2.7172512    42576      179       81       51    11483 
   30.666829    44000    3.6564367    43542      187      103       61    11727 
   31.629476    45000    4.6190779    44505      183       94       48    12024 
   32.613603    46000    5.6032042    45470      205      100       64    12032 
     33.6237    47000     6.613301    46439      222      123       43    12227 
   34.662508    48000    7.6521099    47380      199       89       54    12478 
   35.724777    49000    8.7143788    48337      218      109       52    12769 
   36.814411    50000    9.8040125    49294      228      110       58    13077 
   37.933105    51000    10.922707    50256      237      109       52    13364 
   39.074028    52000     12.06363    51203      226      101       47    13324 
   40.235574    53000    13.225177    52157      246      112       53    13369 
   41.419197    54000    14.408802    53104      228      110       59    13678 
   42.616775    55000    15.606378    54054      235      111       52    14017 
   43.841975    56000    16.831578    55005      247      123       52    14098 
   45.096811    57000    18.086412    55950      262      122       62    14474 
   46.386405    58000    19.376008    56891      265      129       61    14470 
   47.701561    59000    20.691163    57840      273      123       63    14534 
   49.039682    60000    22.029284    58791      273      133       55    14998 
Loop time of 22.0294 on 2 procs for 20000 steps with 58791 particles

MPI task timing breakdown:
Section |  min time  |  avg time  |  max time  |%varavg| %total
---------------------------------------------------------------
Move    | 17.512     | 17.755     | 17.998     |   5.8 | 80.60
Coll    | 2.0827     | 2.1768     | 2.2709     |   6.4 |  9.88
Sort    | 1.2659     | 1.4322     | 1.5985     |  13.9 |  6.50
Comm    | 0.15572    | 0.65381    | 1.1519     |  61.6 |  2.97
Modify  | 0.0040077  | 0.0085597  | 0.013112   |   4.9 |  0.04
Output  | 0.0003476  | 0.00094177 | 0.0015359  |   0.0 |  0.00
Other   |            | 0.00215    |            |       |  0.01

Particle moves    = 985504500 (986M)
Cells touched     = 1018677730 (1.02B)
Particle comms    = 291588 (0.292M)
Boundary collides = 0 (0K)
Boundary exits    = 880 (0.88K)
SurfColl checks   = 258504116 (259M)
SurfColl occurs   = 1140493 (1.14M)
Surf reactions    = 0 (0K)
Collide attempts  = 4405692 (4.41M)
Collide occurs    = 2124947 (2.12M)
Gas reactions     = 0 (0K)
Particles stuck   = 0

Particle-moves/CPUsec/proc: 2.2368e+07
Particle-moves/step: 49275.2
Cell-touches/particle/step: 1.03366
Particle comm iterations/step: 1
Particle fraction communicated: 0.000295877
Particle fraction colliding with boundary: 0
Particle fraction exiting boundary: 8.92944e-07
Surface-checks/particle/step: 0.262306
Surface-collisions/particle/step: 0.00115727
Surface-reactions/particle/step: 0
Collision-attempts/particle/step: 0.00447049
Collisions/particle/step: 0.0021562
Gas-reactions/particle/step: 0

Particles: 29395.5 ave 32076 max 26715 min
Histogram: 1 0 0 0 0 0 0 0 0 1
Cells:     709 ave 982 max 436 min
Histogram: 1 0 0 0 0 0 0 0 0 1
GhostCell: 709 ave 982 max 436 min
Histogram: 1 0 0 0 0 0 0 0 0 1
EmptyCell: 0 ave 0 max 0 min
Histogram: 2 0 0 0 0 0 0 0 0 0
Surfs:     38 ave 38 max 38 min
Histogram: 2 0 0 0 0 0 0 0 0 0
GhostSurf: 0 ave 0 max 0 min
Histogram: 2 0 0 0 0 0 0 0 0 0
adapt_grid all refine particle 16 4
Adapting grid ...
  2931 23 452 = cells outside/inside/overlapping surfs
  346 106 = surf cells with 1,2,etc splits
  0.000885645696653688 0.00088564569665369 = cell-wise and global flow volume
  716 cells refined, 0 cells coarsened
  adapted to 3406 child grid cells, 1003 parent cells
  CPU time = 0.00578995 secs
  adapt/redo percent = 47.3835 52.6165
balance_grid rcb part
Balance grid migrated 166 cells
  CPU time = 0.00221887 secs
  reassign/sort/migrate/ghost percent = 17.9732 6.56915 37.1891 38.2686
next a
jump in.cell loop
variable a loop 125
run 		    20000
Memory usage per proc in Mbytes:
  particles (ave,min,max) = 3.375 3.375 3.375
  grid      (ave,min,max) = 1.97297 1.97297 1.97297
  surf      (ave,min,max) = 0.00391388 0.00391388 0.00391388
  total     (ave,min,max) = 5.35188 5.35188 5.35188
WALL Step CPU Np Natt Ncoll Nscoll Nscheck 
   49.051069    60000            0    58791      273      133        0        0 
    50.32368    61000    1.2726031    59726      223      124       59     3419 
   51.626084    62000    2.5750072    60678      264      138       68     3678 
   52.947142    63000    3.8960639    61622      298      148       69     3622 
   54.277599    64000    5.2265223    62564      283      147       68     3739 
   55.629659    65000    6.5785805    63502      310      167       67     3830 
   57.002858    66000    7.9517834    64433      313      153       65     3734 
   58.396914    67000    9.3458393    65355      278      131       96     3896 
   59.809058    68000    10.757984    66260      325      161       64     3868 
   61.249152    69000    12.198077    67184      351      192       69     3808 
   62.709085    70000    13.658011    68098      360      179       53     3787 
   64.191881    71000    15.140806    69024      350      163       79     4027 
   65.693971    72000    16.642896    69951      335      164       67     4131 
   67.215104    73000    18.164029    70858      367      182       75     4066 
   68.754723    74000    19.703648    71771      354      163       75     4214 
   70.327064    75000    21.275992    72693      380      165       68     4136 
   71.920474    76000    22.869399    73596      395      180       90     4250 
   73.530675    77000    24.479601    74516      395      190       77     4279 
     75.1735    78000    26.122426    75419      398      179       73     4317 
   76.844626    79000    27.793553    76310      455      221       77     4339 
   78.538272    80000    29.487198    77201      432      191       60     4441 
Loop time of 29.4873 on 2 procs for 20000 steps with 77201 particles

MPI task timing breakdown:
Section |  min time  |  avg time  |  max time  |%varavg| %total
---------------------------------------------------------------
Move    | 23.214     | 23.384     | 23.554     |   3.5 | 79.30
Coll    | 3.2431     | 3.321      | 3.399      |   4.3 | 11.26
Sort    | 2.2023     | 2.3279     | 2.4535     |   8.2 |  7.89
Comm    | 0.23036    | 0.44177    | 0.65318    |  31.8 |  1.50
Modify  | 0.0040855  | 0.0095984  | 0.015111   |   5.6 |  0.03
Output  | 0.00039009 | 0.00068617 | 0.00098225 |   0.0 |  0.00
Other   |            | 0.00219    |            |       |  0.01

Particle moves    = 1361567189 (1.36B)
Cells touched     = 1452088331 (1.45B)
Particle comms    = 397822 (0.398M)
Boundary collides = 0 (0K)
Boundary exits    = 1590 (1.59K)
SurfColl checks   = 79147517 (79.1M)
SurfColl occurs   = 1462263 (1.46M)
Surf reactions    = 0 (0K)
Collide attempts  = 6707399 (6.71M)
Collide occurs    = 3376864 (3.38M)
Gas reactions     = 0 (0K)
Particles stuck   = 0

Particle-moves/CPUsec/proc: 2.30874e+07
Particle-moves/step: 68078.4
Cell-touches/particle/step: 1.06648
Particle comm iterations/step: 1
Particle fraction communicated: 0.000292179
Particle fraction colliding with boundary: 0
Particle fraction exiting boundary: 1.16777e-06
Surface-checks/particle/step: 0.0581297
Surface-collisions/particle/step: 0.00107396
Surface-reactions/particle/step: 0
Collision-attempts/particle/step: 0.00492623
Collisions/particle/step: 0.00248013
Gas-reactions/particle/step: 0

Particles: 38600.5 ave 40036 max 37165 min
Histogram: 1 0 0 0 0 0 0 0 0 1
Cells:     1809 ave 2155 max 1463 min
Histogram: 1 0 0 0 0 0 0 0 0 1
GhostCell: 1809 ave 2155 max 1463 min
Histogram: 1 0 0 0 0 0 0 0 0 1
EmptyCell: 0 ave 0 max 0 min
Histogram: 2 0 0 0 0 0 0 0 0 0
Surfs:     38 ave 38 max 38 min
Histogram: 2 0 0 0 0 0 0 0 0 0
GhostSurf: 0 ave 0 max 0 min
Histogram: 2 0 0 0 0 0 0 0 0 0
adapt_grid all refine particle 16 4
Adapting grid ...
  8635 55 518 = cells outside/inside/overlapping surfs
  418 100 = surf cells with 1,2,etc splits
  0.000885645696653685 0.00088564569665369 = cell-wise and global flow volume
  1934 cells refined, 0 cells coarsened
  adapted to 9208 child grid cells, 2937 parent cells
  CPU time = 0.0153351 secs
  adapt/redo percent = 30.723 69.277
balance_grid rcb part
Balance grid migrated 145 cells
  CPU time = 0.00485074 secs
  reassign/sort/migrate/ghost percent = 21.242 8.89646 18.0543 51.8072
next a
jump in.cell loop
variable a loop 125
run 		    20000
Memory usage per proc in Mbytes:
  particles (ave,min,max) = 5.0625 5.0625 5.0625
  grid      (ave,min,max) = 3.07278 3.07278 3.07278
  surf      (ave,min,max) = 0.00391388 0.00391388 0.00391388
  total     (ave,min,max) = 8.13919 8.13919 8.13919
WALL Step CPU Np Natt Ncoll Nscoll Nscheck 
   78.566941    80000            0    77201      432      191        0        0 
   80.504487    81000     1.937537    78109      330      209       76     3544 
   82.476064    82000    3.9091147    78993      375      203       78     3348 
    84.46931    83000     5.902359    79891      384      209       89     3507 
   86.478412    84000    7.9114625    80797      404      221       93     3668 
   88.508572    85000    9.9416234    81670      429      229       81     3613 
