running....
Running without a11y support!
SPARTA (24 Jan 2020)

# variables to be set in RunCells.jl
variable FNUM equal "3.600E+11"
variable ZMAX equal "3.500E-01"
variable RMAX equal "3.000E-02"
variable TIMESTEP equal "2.000E-07"
variable NPERSTEP equal "1.000E+00"
variable T1 equal "2.000E+00"
variable T2 equal "2.000E+00"

global		        fnum ${FNUM} cellmax 10000
global		        fnum 360000000000 cellmax 10000
seed	    	    12345
dimension   	    2
units               si
timestep 	        ${TIMESTEP}
timestep 	        2e-07

species		        he4.species He
mixture		        He He nrho 1 vstream 26.2 0 0 temp ${T1}
mixture		        He He nrho 1 vstream 26.2 0 0 temp 2
collide             vss He he4.vss #kk

# read_restart data/cell.restart.*

boundary	        o ao p
create_box  	    0 ${ZMAX} 0 ${RMAX} -0.1 0.1
create_box  	    0 0.35 0 ${RMAX} -0.1 0.1
create_box  	    0 0.35 0 0.03 -0.1 0.1
Created orthogonal box = (0 0 -0.1) to (0.35 0.03 0.1)
create_grid 	    20 20 1
Created 400 child grid cells
  parent cells = 1
  CPU time = 0.00266236 secs
  create/ghost percent = 81.0631 18.9369
balance_grid        rcb cell
Balance grid migrated 200 cells
  CPU time = 0.00147732 secs
  reassign/sort/migrate/ghost percent = 60.9881 0.35016 18.7289 19.9328

read_surf           data.cell
Reading surface file ...
  12 points
  12 lines
  0 0.06509 xlo xhi
  0 0.0254 ylo yhi
  0 0 zlo zhi
  0.00159 min line length
  42 = cells with surfs
  74 = total surfs in all grid cells
  4 = max surfs in one grid cell
  0.0908571 = min surf-size/cell-size ratio
  0 0 = number of pushed cells
  42 0 = cells overlapping surfs, overlap cells with unmarked corner pts
  356 2 42 = cells outside/inside/overlapping surfs
  30 12 = surf cells with 1,2,etc splits
  0.000929288775062441 0.000929288775062441 = cell-wise and global flow volume
  CPU time = 0.00673411 secs
  read/check/sort/surf2grid/ghost/inout/particle percent = 78.8291 1.44623 0.369655 12.3215 7.03352 2.03056 0.0470886
  surf2grid time = 0.000829743 secs
  map/rvous1/rvous2/split percent = 7.00783 19.634 0.0829172 64.6313
group       inlet surf id 12
1 surfaces in group inlet
fix		    in emit/surf He inlet n ${NPERSTEP} perspecies no
fix		    in emit/surf He inlet n 1 perspecies no

read_surf           data.diffuser
Reading surface file ...
  4 points
  16 lines
  0.00953 0.0127 xlo xhi
  0 0.00953 ylo yhi
  0 0 zlo zhi
  0.00317 min line length
  42 = cells with surfs
  90 = total surfs in all grid cells
  6 = max surfs in one grid cell
  0.0908571 = min surf-size/cell-size ratio
  0 0 = number of pushed cells
  42 0 = cells overlapping surfs, overlap cells with unmarked corner pts
  356 2 42 = cells outside/inside/overlapping surfs
  24 18 = surf cells with 1,2,etc splits
  0.000928384303459465 0.000928384303459465 = cell-wise and global flow volume
  CPU time = 0.00605328 secs
  read/check/sort/surf2grid/ghost/inout/particle percent = 86.6349 1.53721 0.201808 6.0506 5.5755 2.06955 0.0778916
  surf2grid time = 0.00036626 secs
  map/rvous1/rvous2/split percent = 14.1957 36.1931 0.208322 31.2595

read_surf           data.stages trans 65.09E-3 0 0 group stages
Reading surface file ...
  22 points
  38 lines
  0.06609 0.07717 xlo xhi
  0.00036 0.02223 ylo yhi
  0 0 zlo zhi
  0.00048 min line length
  57 = cells with surfs
  141 = total surfs in all grid cells
  10 = max surfs in one grid cell
  0.0274286 = min surf-size/cell-size ratio
  0 0 = number of pushed cells
  57 0 = cells overlapping surfs, overlap cells with unmarked corner pts
  341 2 57 = cells outside/inside/overlapping surfs
  33 24 = surf cells with 1,2,etc splits
  0.00091701917084806 0.00091701917084806 = cell-wise and global flow volume
  CPU time = 0.00345669 secs
  read/check/sort/surf2grid/ghost/inout/particle percent = 77.1389 3.02639 0.356816 11.9071 7.57077 3.60996 0.126219
  surf2grid time = 0.000411592 secs
  map/rvous1/rvous2/split percent = 13.5617 36.1156 0.144561 34.8911

surf_collide	    diffuse diffuse ${T1} 1.0
surf_collide	    diffuse diffuse 2 1.0
surf_collide	    cold diffuse ${T2} 1.0
surf_collide	    cold diffuse 2 1.0
surf_modify         all collide diffuse
surf_modify         stages collide cold

stats		    1000
stats_style	    wall step cpu np nattempt ncoll nscoll nscheck

# Run until convergence
label loop
variable a loop 125
run 		    20000
Memory usage per proc in Mbytes:
  particles (ave,min,max) = 0 0 0
  grid      (ave,min,max) = 1.88888 1.88888 1.88888
  surf      (ave,min,max) = 0.00391388 0.00391388 0.00391388
  total     (ave,min,max) = 1.89279 1.89279 1.89279
WALL Step CPU Np Natt Ncoll Nscoll Nscheck 
 0.033997442        0            0        0        0        0        0        0 
 0.089073897     1000   0.05505467     1000       29       18        8     5520 
  0.19904131     2000   0.16502445     2000       59       24        9     9773 
  0.38323126     3000    0.3492104     3000       75       34       12    13083 
  0.63568033     4000   0.60165966     4000       87       32       23    15789 
  0.95129135     5000   0.91727373     5000       95       35       23    18108 
   1.3264266     6000    1.2924094     6000      105       54       29    20402 
   1.7625858     7000    1.7285657     7000      120       43       22    22072 
   2.2604441     8000    2.2264268     8000      125       54       15    23973 
   2.8213081     9000    2.7872877     9000      143       51       28    25756 
   3.4441681    10000     3.410152    10000      139       67       21    27206 
   4.1267191    11000    4.0927026    11000      130       61       23    28460 
   4.8713872    12000    4.8373671    11998      134       58       29    29901 
    5.673005    13000    5.6389958    12995      141       52       24    31337 
   6.5343903    14000     6.500375    13992      149       63       27    32336 
   7.4529138    15000    7.4188984    14988      152       70       34    34013 
   8.4309553    16000    8.3969453    15982      153       59       31    35097 
   9.4661877    17000    9.4321721    16975      160       72       34    36249 
   10.563436    18000    10.529422    17966      144       63       32    37634 
   11.732337    19000    11.698321    18964      153       67       33    38932 
   12.962207    20000    12.928192    19961      152       67       28    39997 
Loop time of 12.9283 on 2 procs for 20000 steps with 19961 particles

MPI task timing breakdown:
Section |  min time  |  avg time  |  max time  |%varavg| %total
---------------------------------------------------------------
Move    | 0.0039932  | 5.8165     | 11.629     | 241.0 | 44.99
Coll    | 0.0056697  | 0.37997    | 0.75427    |  60.7 |  2.94
Sort    | 0.0080306  | 0.2308     | 0.45357    |  46.4 |  1.79
Comm    | 0.072289   | 6.4877     | 12.903     | 251.9 | 50.18
Modify  | 0.0035861  | 0.0097897  | 0.015993   |   6.3 |  0.08
Output  | 0.0010436  | 0.0013268  | 0.00161    |   0.8 |  0.01
Other   |            | 0.002085   |            |       |  0.02

Particle moves    = 199849298 (200M)
Cells touched     = 201437245 (201M)
Particle comms    = 19 (0.019K)
Boundary collides = 0 (0K)
Boundary exits    = 39 (0.039K)
SurfColl checks   = 505999464 (506M)
SurfColl occurs   = 437212 (0.437M)
Surf reactions    = 0 (0K)
Collide attempts  = 2383670 (2.38M)
Collide occurs    = 1017789 (1.02M)
Gas reactions     = 0 (0K)
Particles stuck   = 0

Particle-moves/CPUsec/proc: 7.72916e+06
Particle-moves/step: 9992.46
Cell-touches/particle/step: 1.00795
Particle comm iterations/step: 1
Particle fraction communicated: 9.50716e-08
Particle fraction colliding with boundary: 0
Particle fraction exiting boundary: 1.95147e-07
Surface-checks/particle/step: 2.53191
Surface-collisions/particle/step: 0.00218771
Surface-reactions/particle/step: 0
Collision-attempts/particle/step: 0.0119273
Collisions/particle/step: 0.00509278
Gas-reactions/particle/step: 0

Particles: 9980.5 ave 19955 max 6 min
Histogram: 1 0 0 0 0 0 0 0 0 1
Cells:     224 ave 248 max 200 min
Histogram: 1 0 0 0 0 0 0 0 0 1
GhostCell: 224 ave 248 max 200 min
Histogram: 1 0 0 0 0 0 0 0 0 1
EmptyCell: 0 ave 0 max 0 min
Histogram: 2 0 0 0 0 0 0 0 0 0
Surfs:     38 ave 38 max 38 min
Histogram: 2 0 0 0 0 0 0 0 0 0
GhostSurf: 0 ave 0 max 0 min
Histogram: 2 0 0 0 0 0 0 0 0 0
adapt_grid all refine particle 16 4
Adapting grid ...
  456 8 104 = cells outside/inside/overlapping surfs
  60 44 = surf cells with 1,2,etc splits
  0.00091701917084806 0.00091701917084806 = cell-wise and global flow volume
  56 cells refined, 0 cells coarsened
  adapted to 568 child grid cells, 57 parent cells
  CPU time = 0.00206148 secs
  adapt/redo percent = 79.5695 20.4305
balance_grid rcb part
Balance grid migrated 277 cells
  CPU time = 0.0024997 secs
  reassign/sort/migrate/ghost percent = 10.2874 3.25338 78.6746 7.7846
next a
jump in.cell loop
variable a loop 125
run 		    20000
Memory usage per proc in Mbytes:
  particles (ave,min,max) = 2.53125 1.6875 3.375
  grid      (ave,min,max) = 1.89358 1.89358 1.89358
  surf      (ave,min,max) = 0.00391388 0.00391388 0.00391388
  total     (ave,min,max) = 4.42874 3.58499 5.27249
WALL Step CPU Np Natt Ncoll Nscoll Nscheck 
   12.972744    20000            0    19961      152       67        0        0 
   13.530435    21000    0.5576872    20955      139       64       24    16191 
   14.100945    22000    1.1281937    21950      135       62       39    16496 
   14.682922    23000    1.7101717    22940      136       57       40    16667 
   15.279977    24000    2.3072298    23937      140       62       36    17318 
   15.890643    25000    2.9178906    24921      145       68       25    17628 
   16.518323    26000    3.5455728    25912      150       80       39    18002 
    17.15659    27000    4.1838443    26899      156       57       34    18619 
   17.806641    28000    4.8338876    27885      158       67       43    18738 
   18.472871    29000    5.5001244    28864      154       68       35    19052 
   19.162089    30000    6.1893446    29846      150       65       37    19658 
   19.879693    31000    6.9069391    30823      165       67       46    19861 
   20.629635    32000    7.6568885    31802      161       67       32    20429 
   21.408085    33000    8.4353343    32771      166       80       44    21139 
   22.218019    34000    9.2452825    33755      172       70       42    21353 
   23.058141    35000    10.085396    34723      172       80       46    22059 
   23.934967    36000    10.962223    35703      183       82       43    21908 
    24.84686    37000    11.874115    36673      192       90       36    22629 
   25.791482    38000    12.818737    37649      205       86       45    23205 
   26.765399    39000    13.792654    38615      191       87       43    23272 
   27.769417    40000     14.79667    39574      189       98       49    23427 
Loop time of 14.7968 on 2 procs for 20000 steps with 39574 particles

MPI task timing breakdown:
Section |  min time  |  avg time  |  max time  |%varavg| %total
---------------------------------------------------------------
Move    | 11.86      | 12.018     | 12.176     |   4.6 | 81.22
Coll    | 0.99796    | 1.1125     | 1.227      |  10.9 |  7.52
Sort    | 0.55447    | 0.7106     | 0.86673    |  18.5 |  4.80
Comm    | 0.83669    | 0.94358    | 1.0505     |  11.0 |  6.38
Modify  | 0.0039144  | 0.0090055  | 0.014097   |   5.4 |  0.06
Output  | 0.0003595  | 0.00103    | 0.0017004  |   2.1 |  0.01
Other   |            | 0.0021     |            |       |  0.01

Particle moves    = 596404504 (596M)
Cells touched     = 605339085 (605M)
Particle comms    = 176921 (0.177M)
Boundary collides = 0 (0K)
Boundary exits    = 387 (0.387K)
SurfColl checks   = 394133004 (394M)
SurfColl occurs   = 772031 (0.772M)
Surf reactions    = 0 (0K)
Collide attempts  = 3232220 (3.23M)
Collide occurs    = 1468626 (1.47M)
Gas reactions     = 0 (0K)
Particles stuck   = 0

Particle-moves/CPUsec/proc: 2.01532e+07
Particle-moves/step: 29820.2
Cell-touches/particle/step: 1.01498
Particle comm iterations/step: 1
Particle fraction communicated: 0.000296646
Particle fraction colliding with boundary: 0
Particle fraction exiting boundary: 6.48888e-07
Surface-checks/particle/step: 0.660848
Surface-collisions/particle/step: 0.00129448
Surface-reactions/particle/step: 0
Collision-attempts/particle/step: 0.00541951
Collisions/particle/step: 0.00246247
Gas-reactions/particle/step: 0

Particles: 19787 ave 24136 max 15438 min
Histogram: 1 0 0 0 0 0 0 0 0 1
Cells:     328 ave 541 max 115 min
Histogram: 1 0 0 0 0 0 0 0 0 1
GhostCell: 328 ave 541 max 115 min
Histogram: 1 0 0 0 0 0 0 0 0 1
EmptyCell: 0 ave 0 max 0 min
Histogram: 2 0 0 0 0 0 0 0 0 0
Surfs:     38 ave 38 max 38 min
Histogram: 2 0 0 0 0 0 0 0 0 0
GhostSurf: 0 ave 0 max 0 min
Histogram: 2 0 0 0 0 0 0 0 0 0
adapt_grid all refine particle 16 4
Adapting grid ...
  948 8 239 = cells outside/inside/overlapping surfs
  152 87 = surf cells with 1,2,etc splits
  0.00091701917084806 0.00091701917084806 = cell-wise and global flow volume
  209 cells refined, 0 cells coarsened
  adapted to 1195 child grid cells, 266 parent cells
  CPU time = 0.00315696 secs
  adapt/redo percent = 69.1858 30.8142
balance_grid rcb part
Balance grid migrated 101 cells
  CPU time = 0.00183526 secs
  reassign/sort/migrate/ghost percent = 23.4864 7.23984 51.6518 17.622
next a
jump in.cell loop
variable a loop 125
run 		    20000
Memory usage per proc in Mbytes:
  particles (ave,min,max) = 3.375 3.375 3.375
  grid      (ave,min,max) = 1.91112 1.91112 1.91112
  surf      (ave,min,max) = 0.00391388 0.00391388 0.00391388
  total     (ave,min,max) = 5.29003 5.29003 5.29003
WALL Step CPU Np Natt Ncoll Nscoll Nscheck 
   27.782812    40000            0    39574      189       98        0        0 
   28.675654    41000    0.8928354    40549      146       79       55    12242 
   29.597754    42000    1.8149349    41517      149       87       47    12528 
   30.543356    43000    2.7605381    42484      168       91       41    12388 
   31.511147    44000    3.7283302    43462      196       89       51    12931 
   32.502707    45000    4.7198887    44421      184       85       51    13020 
    33.50812    46000    5.7253032    45383      197       89       45    13394 
   34.535846    47000    6.7530309    46341      191       96       46    13408 
   35.589759    48000    7.8069506    47296      208       97       54    13656 
   36.672913    49000    8.8900954    48255      214       95       53    13803 
    37.78304    50000    10.000224    49221      227      100       46    13909 
   38.919032    51000    11.136215    50177      221      119       64    14277 
   40.085809    52000    12.302994    51137      241      120       42    14418 
   41.292792    53000    13.509975    52090      234      108       55    14845 
   42.539995    54000    14.757178    53041      213       95       67    15188 
    43.82491    55000    16.042095    53990      240      114       52    15216 
   45.129005    56000    17.346188    54945      256      108       58    15414 
   46.410564    57000    18.627746    55889      248      105       49    15619 
   47.713219    58000    19.930402    56831      274      127       64    15804 
   49.096047    59000    21.313232    57780      278      133       72    16360 
   50.524292    60000    22.741476    58723      287      128       62    16464 
Loop time of 22.7416 on 2 procs for 20000 steps with 58723 particles

MPI task timing breakdown:
Section |  min time  |  avg time  |  max time  |%varavg| %total
---------------------------------------------------------------
Move    | 17.99      | 18.181     | 18.372     |   4.5 | 79.95
Coll    | 2.1762     | 2.2146     | 2.253      |   2.6 |  9.74
Sort    | 1.4939     | 1.6602     | 1.8266     |  12.9 |  7.30
Comm    | 0.27886    | 0.66417    | 1.0495     |  47.3 |  2.92
Modify  | 0.007421   | 0.016721   | 0.02602    |   7.2 |  0.07
Output  | 0.00035888 | 0.00097441 | 0.0015899  |   0.0 |  0.00
Other   |            | 0.003662   |            |       |  0.02

Particle moves    = 983976524 (984M)
Cells touched     = 1013281832 (1.01B)
Particle comms    = 220314 (0.22M)
Boundary collides = 0 (0K)
Boundary exits    = 851 (0.851K)
SurfColl checks   = 282090725 (282M)
SurfColl occurs   = 1060190 (1.06M)
Surf reactions    = 0 (0K)
Collide attempts  = 4302085 (4.3M)
Collide occurs    = 2077521 (2.08M)
Gas reactions     = 0 (0K)
Particles stuck   = 0

Particle-moves/CPUsec/proc: 2.16339e+07
Particle-moves/step: 49198.8
Cell-touches/particle/step: 1.02978
Particle comm iterations/step: 1
Particle fraction communicated: 0.000223902
Particle fraction colliding with boundary: 0
Particle fraction exiting boundary: 8.64858e-07
Surface-checks/particle/step: 0.286684
Surface-collisions/particle/step: 0.00107745
Surface-reactions/particle/step: 0
Collision-attempts/particle/step: 0.00437214
Collisions/particle/step: 0.00211135
Gas-reactions/particle/step: 0

Particles: 29361.5 ave 31652 max 27071 min
Histogram: 1 0 0 0 0 0 0 0 0 1
Cells:     684.5 ave 922 max 447 min
Histogram: 1 0 0 0 0 0 0 0 0 1
GhostCell: 684.5 ave 922 max 447 min
Histogram: 1 0 0 0 0 0 0 0 0 1
EmptyCell: 0 ave 0 max 0 min
Histogram: 2 0 0 0 0 0 0 0 0 0
Surfs:     38 ave 38 max 38 min
Histogram: 2 0 0 0 0 0 0 0 0 0
GhostSurf: 0 ave 0 max 0 min
Histogram: 2 0 0 0 0 0 0 0 0 0
adapt_grid all refine particle 16 4
Adapting grid ...
  2856 9 445 = cells outside/inside/overlapping surfs
  324 121 = surf cells with 1,2,etc splits
  0.00091701917084806 0.00091701917084806 = cell-wise and global flow volume
  705 cells refined, 0 cells coarsened
  adapted to 3310 child grid cells, 971 parent cells
  CPU time = 0.00871418 secs
  adapt/redo percent = 63.8984 36.1016
balance_grid rcb part
Balance grid migrated 81 cells
  CPU time = 0.00297583 secs
  reassign/sort/migrate/ghost percent = 25.7066 11.1603 36.1023 27.0308
next a
jump in.cell loop
variable a loop 125
run 		    20000
Memory usage per proc in Mbytes:
  particles (ave,min,max) = 3.375 3.375 3.375
  grid      (ave,min,max) = 1.97028 1.97028 1.97028
  surf      (ave,min,max) = 0.00391388 0.00391388 0.00391388
  total     (ave,min,max) = 5.3492 5.3492 5.3492
WALL Step CPU Np Natt Ncoll Nscoll Nscheck 
   50.539294    60000            0    58723      287      128        0        0 
   51.885806    61000    1.3465034    59665      266      145       67     3622 
    53.24513    62000    2.7058258    60609      244      128       70     3811 
   54.615271    63000    4.0759671    61547      247      130       56     3786 
   56.019275    64000    5.4799806    62497      268      143       62     3737 
   57.449475    65000    6.9101726    63427      293      143       74     3970 
   58.896989    66000    8.3576884    64348      292      158       54     3906 
   60.364078    67000    9.8247784    65275      335      177       64     3953 
    61.87159    68000     11.33229    66202      298      150       67     3943 
   63.442035    69000    12.902735    67129      328      171       62     4178 
     65.0409    70000    14.501598    68065      330      169       59     4078 
   66.615781    71000    16.076478    68989      321      155       77     4198 
   68.210087    72000    17.670786    69923      328      159       57     4079 
    69.87651    73000    19.337211    70849      364      179       56     4128 
   71.611556    74000    21.072251    71775      354      190       63     4089 
   73.319953    75000    22.780652    72710      353      166       82     4224 
   75.023126    76000    24.483824    73644      381      174       76     4295 
   76.785908    77000    26.246605    74565      387      189       83     4494 
   78.593802    78000    28.054503    75480      394      192       84     4430 
   80.438064    79000    29.898759    76397      415      206       65     4212 
   82.297749    80000    31.758446    77323      408      200       79     4434 
Loop time of 31.7585 on 2 procs for 20000 steps with 77323 particles

MPI task timing breakdown:
Section |  min time  |  avg time  |  max time  |%varavg| %total
---------------------------------------------------------------
Move    | 23.676     | 23.935     | 24.193     |   5.3 | 75.36
Coll    | 3.4497     | 3.5695     | 3.6893     |   6.3 | 11.24
Sort    | 3.5334     | 3.6907     | 3.848      |   8.2 | 11.62
Comm    | 0.25061    | 0.53044    | 0.81027    |  38.4 |  1.67
Modify  | 0.012238   | 0.027311   | 0.042385   |   9.1 |  0.09
Output  | 0.00048496 | 0.00091681 | 0.0013487  |   0.0 |  0.00
Other   |            | 0.005056   |            |       |  0.02

Particle moves    = 1361132025 (1.36B)
Cells touched     = 1442017665 (1.44B)
Particle comms    = 294292 (0.294M)
Boundary collides = 0 (0K)
Boundary exits    = 1400 (1.4K)
SurfColl checks   = 81411616 (81.4M)
SurfColl occurs   = 1359427 (1.36M)
Surf reactions    = 0 (0K)
Collide attempts  = 6488583 (6.49M)
Collide occurs    = 3252803 (3.25M)
Gas reactions     = 0 (0K)
Particles stuck   = 0

Particle-moves/CPUsec/proc: 2.14294e+07
Particle-moves/step: 68056.6
Cell-touches/particle/step: 1.05943
Particle comm iterations/step: 1
Particle fraction communicated: 0.000216211
Particle fraction colliding with boundary: 0
Particle fraction exiting boundary: 1.02856e-06
Surface-checks/particle/step: 0.0598117
Surface-collisions/particle/step: 0.000998747
Surface-reactions/particle/step: 0
Collision-attempts/particle/step: 0.00476705
Collisions/particle/step: 0.00238978
Gas-reactions/particle/step: 0

Particles: 38661.5 ave 40029 max 37294 min
Histogram: 1 0 0 0 0 0 0 0 0 1
Cells:     1776 ave 2100 max 1452 min
Histogram: 1 0 0 0 0 0 0 0 0 1
GhostCell: 1776 ave 2100 max 1452 min
Histogram: 1 0 0 0 0 0 0 0 0 1
EmptyCell: 0 ave 0 max 0 min
Histogram: 2 0 0 0 0 0 0 0 0 0
Surfs:     38 ave 38 max 38 min
Histogram: 2 0 0 0 0 0 0 0 0 0
GhostSurf: 0 ave 0 max 0 min
Histogram: 2 0 0 0 0 0 0 0 0 0
adapt_grid all refine particle 16 4
Adapting grid ...
  8388 67 501 = cells outside/inside/overlapping surfs
  382 119 = surf cells with 1,2,etc splits
  0.000917019170848055 0.00091701917084806 = cell-wise and global flow volume
  1882 cells refined, 0 cells coarsened
  adapted to 8956 child grid cells, 2853 parent cells
  CPU time = 0.0194331 secs
  adapt/redo percent = 42.8492 57.1508
balance_grid rcb part
Balance grid migrated 149 cells
  CPU time = 0.0058283 secs
  reassign/sort/migrate/ghost percent = 17.8988 7.60648 26.637 47.8577
next a
jump in.cell loop
variable a loop 125
run 		    20000
Memory usage per proc in Mbytes:
  particles (ave,min,max) = 5.0625 5.0625 5.0625
  grid      (ave,min,max) = 3.06573 3.06573 3.06573
  surf      (ave,min,max) = 0.00391388 0.00391388 0.00391388
  total     (ave,min,max) = 8.13214 8.13214 8.13214
WALL Step CPU Np Natt Ncoll Nscoll Nscheck 
   82.331547    80000            0    77323      408      200        0        0 
   84.682423    81000    2.3508641    78239      329      195       75     3811 
   86.950303    82000    4.6187483    79152      319      181       77     3937 
   89.243199    83000      6.91164    80059      372      218       80     3856 
   91.687094    84000     9.355541    80971      360      198       81     4146 
   94.144408    85000    11.812854    81887      375      213       85     4075 
   96.620152    86000    14.288598    82785      409      208       86     4039 
   99.252903    87000    16.921345    83682      411      224       71     4082 
   101.71083    88000    19.379271    84572      445      228       85     4166 
   104.22049    89000    21.888934    85478      445      231       75     4236 
   106.86737    90000    24.535811    86367      487      260       82     4161 
   109.56944    91000    27.237893    87281      430      249       73     4154 
   112.31954    92000    29.987983    88168      474      252       83     4206 
   114.79592    93000    32.464363    89065      480      244       79     4281 
   117.50155    94000    35.169993    89953      528      272       69     4240 
    120.3397    95000    38.008142    90853      500      281      101     4595 
   123.14356    96000     40.81201    91750      483      244       83     4452 
   126.01778    97000    43.686228    92624      530      273      102     4650 
   128.92883    98000    46.597281    93509      528      279       93     4526 
   131.84825    99000    49.516688    94402      504      256       82     4597 
   134.79589   100000    52.464334    95290      530      279       91     4486 
Loop time of 52.4644 on 2 procs for 20000 steps with 95290 particles

MPI task timing breakdown:
Section |  min time  |  avg time  |  max time  |%varavg| %total
---------------------------------------------------------------
Move    | 36.899     | 37.529     | 38.158     |  10.3 | 71.53
Coll    | 5.879      | 6.0697     | 6.2604     |   7.7 | 11.57
Sort    | 7.8191     | 7.9902     | 8.1612     |   6.1 | 15.23
Comm    | 0.24719    | 0.84087    | 1.4345     |  64.7 |  1.60
Modify  | 0.013606   | 0.028995   | 0.044384   |   9.0 |  0.06
Output  | 0.00061479 | 0.00099015 | 0.0013655  |   0.0 |  0.00
Other   |            | 0.005103   |            |       |  0.01

Particle moves    = 1727112390 (1.73B)
Cells touched     = 1918537515 (1.92B)
Particle comms    = 387834 (0.388M)
Boundary collides = 0 (0K)
Boundary exits    = 2033 (2.03K)
SurfColl checks   = 84109307 (84.1M)
SurfColl occurs   = 1649877 (1.65M)
Surf reactions    = 0 (0K)
Collide attempts  = 8790069 (8.79M)
Collide occurs    = 4645116 (4.65M)
Gas reactions     = 0 (0K)
Particles stuck   = 0

Particle-moves/CPUsec/proc: 1.64598e+07
Particle-moves/step: 86355.6
Cell-touches/particle/step: 1.11084
Particle comm iterations/step: 1
Particle fraction communicated: 0.000224556
Particle fraction colliding with boundary: 0
Particle fraction exiting boundary: 1.17711e-06
Surface-checks/particle/step: 0.0486994
Surface-collisions/particle/step: 0.000955281
Surface-reactions/particle/step: 0
Collision-attempts/particle/step: 0.00508946
Collisions/particle/step: 0.00268953
Gas-reactions/particle/step: 0

Particles: 47645 ave 48594 max 46696 min
Histogram: 1 0 0 0 0 0 0 0 0 1
Cells:     4597 ave 4895 max 4299 min
Histogram: 1 0 0 0 0 0 0 0 0 1
GhostCell: 4597 ave 4895 max 4299 min
Histogram: 1 0 0 0 0 0 0 0 0 1
EmptyCell: 0 ave 0 max 0 min
Histogram: 2 0 0 0 0 0 0 0 0 0
Surfs:     38 ave 38 max 38 min
Histogram: 2 0 0 0 0 0 0 0 0 0
GhostSurf: 0 ave 0 max 0 min
Histogram: 2 0 0 0 0 0 0 0 0 0
adapt_grid all refine particle 16 4
Adapting grid ...
  12319 113 553 = cells outside/inside/overlapping surfs
  443 110 = surf cells with 1,2,etc splits
  0.000917019170848057 0.00091701917084806 = cell-wise and global flow volume
  1343 cells refined, 0 cells coarsened
  adapted to 12985 child grid cells, 4196 parent cells
  CPU time = 0.0248556 secs
  adapt/redo percent = 29.2257 70.7743
balance_grid rcb part
Balance grid migrated 146 cells
  CPU time = 0.00820087 secs
  reassign/sort/migrate/ghost percent = 16.5319 8.1359 21.8108 53.5214
next a
jump in.cell loop
variable a loop 125
run 		    20000
Memory usage per proc in Mbytes:
  particles (ave,min,max) = 5.0625 5.0625 5.0625
  grid      (ave,min,max) = 3.17844 3.17844 3.17844
  surf      (ave,min,max) = 0.00391388 0.00391388 0.00391388
  total     (ave,min,max) = 8.24485 8.24485 8.24485
WALL Step CPU Np Natt Ncoll Nscoll Nscheck 
   134.83263   100000            0    95290      530      279        0        0 
