running....
Running without a11y support!
SPARTA (24 Jan 2020)

# variables to be set in RunCells.jl
variable FNUM equal "3.600E+11"
variable ZMAX equal "3.500E-01"
variable RMAX equal "3.000E-02"
variable TIMESTEP equal "2.000E-07"
variable NPERSTEP equal "1.000E+00"
variable T1 equal "2.000E+00"
variable T2 equal "5.000E-01"

global		        fnum ${FNUM} cellmax 10000
global		        fnum 360000000000 cellmax 10000
seed	    	    12345
dimension   	    2
units               si
timestep 	        ${TIMESTEP}
timestep 	        2e-07

species		        he3.species He
mixture		        He He nrho 1 vstream 26.2 0 0 temp ${T1}
mixture		        He He nrho 1 vstream 26.2 0 0 temp 2
collide             vss He he3.vss #kk

# read_restart data/cell.restart.*

boundary	        o ao p
create_box  	    0 ${ZMAX} 0 ${RMAX} -0.1 0.1
create_box  	    0 0.35 0 ${RMAX} -0.1 0.1
create_box  	    0 0.35 0 0.03 -0.1 0.1
Created orthogonal box = (0 0 -0.1) to (0.35 0.03 0.1)
create_grid 	    20 20 1
Created 400 child grid cells
  parent cells = 1
  CPU time = 0.00210635 secs
  create/ghost percent = 83.8819 16.1181
balance_grid        rcb cell
Balance grid migrated 200 cells
  CPU time = 0.00185237 secs
  reassign/sort/migrate/ghost percent = 39.5648 0.21961 48.0193 12.1963

read_surf           data.cell
Reading surface file ...
  12 points
  12 lines
  0 0.06509 xlo xhi
  0 0.0254 ylo yhi
  0 0 zlo zhi
  0.00159 min line length
  42 = cells with surfs
  74 = total surfs in all grid cells
  4 = max surfs in one grid cell
  0.0908571 = min surf-size/cell-size ratio
  0 0 = number of pushed cells
  42 0 = cells overlapping surfs, overlap cells with unmarked corner pts
  356 2 42 = cells outside/inside/overlapping surfs
  30 12 = surf cells with 1,2,etc splits
  0.000929288775062441 0.000929288775062441 = cell-wise and global flow volume
  CPU time = 0.00585938 secs
  read/check/sort/surf2grid/ghost/inout/particle percent = 81.1158 1.37351 0.207821 10.8368 6.46608 1.72199 0.187494
  surf2grid time = 0.000634968 secs
  map/rvous1/rvous2/split percent = 5.74249 16.2945 0.138432 69.5422
group       inlet surf id 12
1 surfaces in group inlet
fix		    in emit/surf He inlet n ${NPERSTEP} perspecies no
fix		    in emit/surf He inlet n 1 perspecies no

read_surf           data.diffuser
Reading surface file ...
  4 points
  16 lines
  0.00953 0.0127 xlo xhi
  0 0.00953 ylo yhi
  0 0 zlo zhi
  0.00317 min line length
  42 = cells with surfs
  90 = total surfs in all grid cells
  6 = max surfs in one grid cell
  0.0908571 = min surf-size/cell-size ratio
  0 0 = number of pushed cells
  42 0 = cells overlapping surfs, overlap cells with unmarked corner pts
  356 2 42 = cells outside/inside/overlapping surfs
  24 18 = surf cells with 1,2,etc splits
  0.000928384303459465 0.000928384303459465 = cell-wise and global flow volume
  CPU time = 0.00570303 secs
  read/check/sort/surf2grid/ghost/inout/particle percent = 87.3795 1.39854 0.263579 5.53728 5.42115 1.93797 0.125898
  surf2grid time = 0.000315793 secs
  map/rvous1/rvous2/split percent = 14.2185 33.1638 0.30083 31.4706

read_surf           data.stages trans 65.09E-3 0 0 group stages
Reading surface file ...
  22 points
  38 lines
  0.06609 0.08717 xlo xhi
  0.00036 0.02223 ylo yhi
  0 0 zlo zhi
  0.00048 min line length
  57 = cells with surfs
  141 = total surfs in all grid cells
  10 = max surfs in one grid cell
  0.0274286 = min surf-size/cell-size ratio
  0 0 = number of pushed cells
  57 0 = cells overlapping surfs, overlap cells with unmarked corner pts
  341 2 57 = cells outside/inside/overlapping surfs
  33 24 = surf cells with 1,2,etc splits
  0.000906561346116603 0.000906561346116603 = cell-wise and global flow volume
  CPU time = 0.00307524 secs
  read/check/sort/surf2grid/ghost/inout/particle percent = 77.349 3.09423 0.376166 12.0452 7.13538 3.28258 0.296953
  surf2grid time = 0.000370418 secs
  map/rvous1/rvous2/split percent = 12.3874 32.6574 0.241889 33.8434

surf_collide	    diffuse diffuse ${T1} 1.0
surf_collide	    diffuse diffuse 2 1.0
surf_collide	    cold diffuse ${T2} 1.0
surf_collide	    cold diffuse 0.5 1.0
surf_modify         all collide diffuse
surf_modify         stages collide cold

stats		    1000
stats_style	    wall step cpu np nattempt ncoll nscoll nscheck

# Run until convergence
label loop
variable a loop 125
run 		    20000
Memory usage per proc in Mbytes:
  particles (ave,min,max) = 0 0 0
  grid      (ave,min,max) = 1.88888 1.88888 1.88888
  surf      (ave,min,max) = 0.00391388 0.00391388 0.00391388
  total     (ave,min,max) = 1.89279 1.89279 1.89279
WALL Step CPU Np Natt Ncoll Nscoll Nscheck 
 0.029939612        0            0        0        0        0        0        0 
 0.082425406     1000  0.052463238     1000       33       10        6     5498 
  0.19197717     2000   0.16201524     2000       57       26       11     9553 
  0.37199997     3000   0.34203672     3000       72       39       15    12676 
  0.61948669     4000   0.58952786     4000       80       35       14    15195 
   0.9309676     5000   0.90100932     5000       85       26       29    17229 
   1.3024495     6000    1.2724881     6000       98       48       18    19212 
   1.7325563     7000    1.7025988     7000       95       44       20    20538 
   2.2192457     8000    2.1892849     8000      109       45       24    22178 
   2.7644704     9000    2.7345136     9000       98       35       23    23705 
   3.3702652    10000    3.3403092    10000      110       51       23    25124 
   4.0330067    11000    4.0030487    10999      110       45       19    26332 
   4.7539736    12000    4.7240166    11998      117       61       31    27838 
   5.5335704    13000    5.5036086    12998      107       38       34    29171 
   6.3689835    14000    6.3390274    13996      119       47       29    30441 
   7.2642025    15000    7.2342511    14996      123       51       30    31792 
   8.2174237    16000    8.1874675    15993      125       47       23    33004 
   9.2380588    17000    9.2081033    16988      124       70       41    34305 
   10.309687    18000    10.279732    17983      119       56       28    35557 
   11.445997    19000    11.416041    18981      132       49       25    36755 
   12.636008    20000    12.606053    19980      138       60       39    37804 
Loop time of 12.6061 on 2 procs for 20000 steps with 19980 particles

MPI task timing breakdown:
Section |  min time  |  avg time  |  max time  |%varavg| %total
---------------------------------------------------------------
Move    | 0.0016033  | 5.692      | 11.382     | 238.5 | 45.15
Coll    | 0.0032381  | 0.35684    | 0.71045    |  59.2 |  2.83
Sort    | 0.0068569  | 0.22147    | 0.43608    |  45.6 |  1.76
Comm    | 0.059214   | 6.3251     | 12.591     | 249.1 | 50.17
Modify  | 0.0011299  | 0.0084143  | 0.015699   |   7.9 |  0.07
Output  | 0.00094192 | 0.0012926  | 0.0016432  |   1.0 |  0.01
Other   |            | 0.001038   |            |       |  0.01

Particle moves    = 199929903 (200M)
Cells touched     = 201739889 (202M)
Particle comms    = 9 (0.009K)
Boundary collides = 0 (0K)
Boundary exits    = 20 (0.02K)
SurfColl checks   = 475243906 (475M)
SurfColl occurs   = 461137 (0.461M)
Surf reactions    = 0 (0K)
Collide attempts  = 1993610 (1.99M)
Collide occurs    = 866836 (0.867M)
Gas reactions     = 0 (0K)
Particles stuck   = 0

Particle-moves/CPUsec/proc: 7.92989e+06
Particle-moves/step: 9996.5
Cell-touches/particle/step: 1.00905
Particle comm iterations/step: 1
Particle fraction communicated: 4.50158e-08
Particle fraction colliding with boundary: 0
Particle fraction exiting boundary: 1.00035e-07
Surface-checks/particle/step: 2.37705
Surface-collisions/particle/step: 0.00230649
Surface-reactions/particle/step: 0
Collision-attempts/particle/step: 0.00997154
Collisions/particle/step: 0.0043357
Gas-reactions/particle/step: 0

Particles: 9990 ave 19977 max 3 min
Histogram: 1 0 0 0 0 0 0 0 0 1
Cells:     224 ave 248 max 200 min
Histogram: 1 0 0 0 0 0 0 0 0 1
GhostCell: 224 ave 248 max 200 min
Histogram: 1 0 0 0 0 0 0 0 0 1
EmptyCell: 0 ave 0 max 0 min
Histogram: 2 0 0 0 0 0 0 0 0 0
Surfs:     38 ave 38 max 38 min
Histogram: 2 0 0 0 0 0 0 0 0 0
GhostSurf: 0 ave 0 max 0 min
Histogram: 2 0 0 0 0 0 0 0 0 0
adapt_grid all refine particle 16 4
Adapting grid ...
  462 9 109 = cells outside/inside/overlapping surfs
  62 47 = surf cells with 1,2,etc splits
  0.000906561346116603 0.000906561346116603 = cell-wise and global flow volume
  60 cells refined, 0 cells coarsened
  adapted to 580 child grid cells, 61 parent cells
  CPU time = 0.00178528 secs
  adapt/redo percent = 75.5185 24.4815
balance_grid rcb part
Balance grid migrated 284 cells
  CPU time = 0.00265609 secs
  reassign/sort/migrate/ghost percent = 10.0254 2.73274 80.3257 6.91611
next a
jump in.cell loop
variable a loop 125
run 		    20000
Memory usage per proc in Mbytes:
  particles (ave,min,max) = 2.53125 1.6875 3.375
  grid      (ave,min,max) = 1.89391 1.89391 1.89391
  surf      (ave,min,max) = 0.00391388 0.00391388 0.00391388
  total     (ave,min,max) = 4.42908 3.58533 5.27283
WALL Step CPU Np Natt Ncoll Nscoll Nscheck 
   12.646013    20000            0    19980      138       60        0        0 
   13.191657    21000   0.54562723    20978      117       63       39    14915 
    13.74592    22000    1.0998942    21976      115       47       46    15271 
   14.313623    23000    1.6675919    22973      122       53       39    15834 
    14.89915    24000    2.2531242    23972      141       64       39    16205 
   15.505989    25000    2.8599587    24969      138       68       38    16588 
   16.130503    26000    3.4844776    25968      121       59       37    16876 
     16.7767    27000    4.1306793    26963      123       55       44    17613 
   17.436857    28000    4.7908259    27956      138       69       36    18146 
   18.116259    29000    5.4702323    28952      146       61       40    18503 
   18.814411    30000    6.1683852    29938      144       60       50    18633 
   19.525623    31000    6.8795928    30933      152       69       33    19448 
   20.259866    32000      7.61384    31922      165       76       42    19828 
    21.02052    33000     8.374494    32906      151       75       56    20361 
   21.814034    34000    9.1680083    33899      173       78       48    20617 
   22.643281    35000    9.9972553    34885      177       88       47    21161 
   23.501313    36000    10.855284    35876      177       69       51    21978 
    24.38121    37000    11.735185    36863      172       73       38    22010 
   25.294746    38000     12.64872    37843      187       84       48    22855 
   26.235502    39000    13.589478    38833      189       87       55    23434 
   27.201805    40000     14.55578    39818      199       83       38    23475 
Loop time of 14.5559 on 2 procs for 20000 steps with 39818 particles

MPI task timing breakdown:
Section |  min time  |  avg time  |  max time  |%varavg| %total
---------------------------------------------------------------
Move    | 11.627     | 11.98      | 12.332     |  10.2 | 82.30
Coll    | 1.0075     | 1.0991     | 1.1908     |   8.7 |  7.55
Sort    | 0.56209    | 0.70675    | 0.85141    |  17.2 |  4.86
Comm    | 0.63975    | 0.75965    | 0.87955    |  13.8 |  5.22
Modify  | 0.0048183  | 0.0082225  | 0.011627   |   3.8 |  0.06
Output  | 0.00026904 | 0.00084362 | 0.0014182  |   0.0 |  0.01
Other   |            | 0.001733   |            |       |  0.01

Particle moves    = 598511506 (599M)
Cells touched     = 608743218 (609M)
Particle comms    = 188870 (0.189M)
Boundary collides = 0 (0K)
Boundary exits    = 162 (0.162K)
SurfColl checks   = 378978774 (379M)
SurfColl occurs   = 832559 (0.833M)
Surf reactions    = 0 (0K)
Collide attempts  = 3022744 (3.02M)
Collide occurs    = 1390868 (1.39M)
Gas reactions     = 0 (0K)
Particles stuck   = 0

Particle-moves/CPUsec/proc: 2.05591e+07
Particle-moves/step: 29925.6
Cell-touches/particle/step: 1.0171
Particle comm iterations/step: 1
Particle fraction communicated: 0.000315566
Particle fraction colliding with boundary: 0
Particle fraction exiting boundary: 2.70671e-07
Surface-checks/particle/step: 0.633202
Surface-collisions/particle/step: 0.00139105
Surface-reactions/particle/step: 0
Collision-attempts/particle/step: 0.00505044
Collisions/particle/step: 0.00232388
Gas-reactions/particle/step: 0

Particles: 19909 ave 23199 max 16619 min
Histogram: 1 0 0 0 0 0 0 0 0 1
Cells:     337 ave 554 max 120 min
Histogram: 1 0 0 0 0 0 0 0 0 1
GhostCell: 337 ave 554 max 120 min
Histogram: 1 0 0 0 0 0 0 0 0 1
EmptyCell: 0 ave 0 max 0 min
Histogram: 2 0 0 0 0 0 0 0 0 0
Surfs:     38 ave 38 max 38 min
Histogram: 2 0 0 0 0 0 0 0 0 0
GhostSurf: 0 ave 0 max 0 min
Histogram: 2 0 0 0 0 0 0 0 0 0
adapt_grid all refine particle 16 4
Adapting grid ...
  995 9 251 = cells outside/inside/overlapping surfs
  156 95 = surf cells with 1,2,etc splits
  0.000906561346116603 0.000906561346116603 = cell-wise and global flow volume
  225 cells refined, 0 cells coarsened
  adapted to 1255 child grid cells, 286 parent cells
  CPU time = 0.00286784 secs
  adapt/redo percent = 59.6223 40.3777
balance_grid rcb part
Balance grid migrated 69 cells
  CPU time = 0.00160105 secs
  reassign/sort/migrate/ghost percent = 18.9824 5.47935 48.5465 26.9918
next a
jump in.cell loop
variable a loop 125
run 		    20000
Memory usage per proc in Mbytes:
  particles (ave,min,max) = 3.375 3.375 3.375
  grid      (ave,min,max) = 1.9128 1.9128 1.9128
  surf      (ave,min,max) = 0.00391388 0.00391388 0.00391388
  total     (ave,min,max) = 5.29171 5.29171 5.29171
WALL Step CPU Np Natt Ncoll Nscoll Nscheck 
   27.211472    40000            0    39818      199       83        0        0 
   28.105093    41000   0.89361344    40803      148       81       50    11565 
   29.023767    42000     1.812287    41791      169       73       44    11714 
   29.965312    43000    2.7538336    42778      177       85       58    12006 
   30.918796    44000    3.7073138    43763      190       94       45    12146 
   31.892637    45000    4.6811573    44744      173       90       55    12337 
   32.894811    46000    5.6833307    45718      211      113       66    12538 
   33.920063    47000    6.7085871    46695      205      106       57    12676 
   34.971709    48000    7.7602298    47676      217       98       71    12834 
   36.047769    49000    8.8362885    48650      222      113       65    13033 
   37.151726    50000    9.9402462    49625      206       97       52    13729 
   38.285393    51000    11.073913    50610      242      119       52    13796 
   39.449472    52000    12.237992    51589      218      114       45    14182 
   40.636899    53000     13.42542    52558      245       93       62    14153 
   41.844618    54000    14.633138    53525      230      106       83    14210 
    43.07977    55000     15.86829    54491      266      128       62    14409 
   44.340276    56000    17.128797    55460      261      131       67    14698 
   45.623333    57000    18.411853    56418      276      127       80    15324 
   46.934008    58000    19.722529    57390      281      129       75    15164 
   48.275632    59000    21.064152    58350      273      135       54    15569 
    49.63778    60000      22.4263    59309      299      136       62    15748 
Loop time of 22.4264 on 2 procs for 20000 steps with 59309 particles

MPI task timing breakdown:
Section |  min time  |  avg time  |  max time  |%varavg| %total
---------------------------------------------------------------
Move    | 17.547     | 17.938     | 18.329     |   9.2 | 79.99
Coll    | 2.0825     | 2.1742     | 2.2658     |   6.2 |  9.69
Sort    | 1.321      | 1.4681     | 1.6153     |  12.1 |  6.55
Comm    | 0.20921    | 0.83272    | 1.4562     |  68.3 |  3.71
Modify  | 0.0049921  | 0.010658   | 0.016323   |   5.5 |  0.05
Output  | 0.00028228 | 0.00079521 | 0.0013081  |   0.0 |  0.00
Other   |            | 0.002118   |            |       |  0.01

Particle moves    = 992213673 (992M)
Cells touched     = 1025758709 (1.03B)
Particle comms    = 293222 (0.293M)
Boundary collides = 0 (0K)
Boundary exits    = 509 (0.509K)
SurfColl checks   = 268934034 (269M)
SurfColl occurs   = 1162651 (1.16M)
Surf reactions    = 0 (0K)
Collide attempts  = 4483562 (4.48M)
Collide occurs    = 2165070 (2.17M)
Gas reactions     = 0 (0K)
Particles stuck   = 0

Particle-moves/CPUsec/proc: 2.21216e+07
Particle-moves/step: 49610.7
Cell-touches/particle/step: 1.03381
Particle comm iterations/step: 1
Particle fraction communicated: 0.000295523
Particle fraction colliding with boundary: 0
Particle fraction exiting boundary: 5.12994e-07
Surface-checks/particle/step: 0.271044
Surface-collisions/particle/step: 0.00117177
Surface-reactions/particle/step: 0
Collision-attempts/particle/step: 0.00451875
Collisions/particle/step: 0.00218206
Gas-reactions/particle/step: 0

Particles: 29654.5 ave 32406 max 26903 min
Histogram: 1 0 0 0 0 0 0 0 0 1
Cells:     722.5 ave 1005 max 440 min
Histogram: 1 0 0 0 0 0 0 0 0 1
GhostCell: 722.5 ave 1005 max 440 min
Histogram: 1 0 0 0 0 0 0 0 0 1
EmptyCell: 0 ave 0 max 0 min
Histogram: 2 0 0 0 0 0 0 0 0 0
Surfs:     38 ave 38 max 38 min
Histogram: 2 0 0 0 0 0 0 0 0 0
GhostSurf: 0 ave 0 max 0 min
Histogram: 2 0 0 0 0 0 0 0 0 0
adapt_grid all refine particle 16 4
Adapting grid ...
  3041 10 460 = cells outside/inside/overlapping surfs
  331 129 = surf cells with 1,2,etc splits
  0.000906561346116603 0.000906561346116603 = cell-wise and global flow volume
  752 cells refined, 0 cells coarsened
  adapted to 3511 child grid cells, 1038 parent cells
  CPU time = 0.00646385 secs
  adapt/redo percent = 46.4285 53.5715
balance_grid rcb part
Balance grid migrated 144 cells
  CPU time = 0.00252577 secs
  reassign/sort/migrate/ghost percent = 20.9464 7.55605 36.317 35.1805
next a
jump in.cell loop
variable a loop 125
run 		    20000
Memory usage per proc in Mbytes:
  particles (ave,min,max) = 3.375 3.375 3.375
  grid      (ave,min,max) = 1.97591 1.97591 1.97591
  surf      (ave,min,max) = 0.00391388 0.00391388 0.00391388
  total     (ave,min,max) = 5.35482 5.35482 5.35482
WALL Step CPU Np Natt Ncoll Nscoll Nscheck 
   49.652418    60000            0    59309      299      136        0        0 
   50.969592    61000     1.317163    60253      277      152       68     3702 
      52.316    62000    2.6635718    61221      270      155       74     3622 
   53.674534    63000    4.0221062    62175      259      142       70     3765 
   55.026897    64000    5.3744698    63137      294      148       58     3870 
   56.397612    65000    6.7451834    64094      310      159       62     3737 
   57.785742    66000    8.1333128    65056      322      171       62     3868 
   59.194164    67000    9.5417354    66013      312      166       77     4114 
   60.665996    68000    11.013565    66965      321      137       85     4014 
   62.149857    69000    12.497429    67908      346      183       86     4183 
   63.644812    70000    13.992383    68862      339      174       82     4104 
   65.168607    71000    15.516177    69815      342      171       78     4330 
   66.700918    72000      17.0485    70762      378      175       78     4321 
   68.260195    73000    18.607766    71702      379      191       76     4371 
   69.835705    74000    20.183276    72644      389      180       63     4492 
   71.454266    75000    21.801837    73567      405      203       69     4415 
   73.087546    76000    23.435117    74507      424      226       75     4460 
   74.744265    77000    25.091836    75453      403      207       90     4536 
   76.422092    78000    26.769664    76395      428      196       88     4676 
   78.122227    79000    28.469797    77320      447      204       89     4511 
   79.844413    80000    30.191985    78259      435      190       88     4765 
Loop time of 30.192 on 2 procs for 20000 steps with 78259 particles

MPI task timing breakdown:
Section |  min time  |  avg time  |  max time  |%varavg| %total
---------------------------------------------------------------
Move    | 23.426     | 23.702     | 23.977     |   5.7 | 78.50
Coll    | 3.3438     | 3.3812     | 3.4186     |   2.0 | 11.20
Sort    | 2.4351     | 2.5058     | 2.5765     |   4.5 |  8.30
Comm    | 0.42833    | 0.58554    | 0.74274    |  20.5 |  1.94
Modify  | 0.0050123  | 0.014033   | 0.023053   |   7.6 |  0.05
Output  | 0.00083013 | 0.00099456 | 0.001159   |   0.0 |  0.00
Other   |            | 0.002766   |            |       |  0.01

Particle moves    = 1376637670 (1.38B)
Cells touched     = 1469038255 (1.47B)
Particle comms    = 396383 (0.396M)
Boundary collides = 0 (0K)
Boundary exits    = 1050 (1.05K)
SurfColl checks   = 83332080 (83.3M)
SurfColl occurs   = 1500011 (1.5M)
Surf reactions    = 0 (0K)
Collide attempts  = 6832086 (6.83M)
Collide occurs    = 3440401 (3.44M)
Gas reactions     = 0 (0K)
Particles stuck   = 0

Particle-moves/CPUsec/proc: 2.2798e+07
Particle-moves/step: 68831.9
Cell-touches/particle/step: 1.06712
Particle comm iterations/step: 1
Particle fraction communicated: 0.000287936
Particle fraction colliding with boundary: 0
Particle fraction exiting boundary: 7.62728e-07
Surface-checks/particle/step: 0.0605331
Surface-collisions/particle/step: 0.00108962
Surface-reactions/particle/step: 0
Collision-attempts/particle/step: 0.00496288
Collisions/particle/step: 0.00249913
Gas-reactions/particle/step: 0

Particles: 39129.5 ave 40754 max 37505 min
Histogram: 1 0 0 0 0 0 0 0 0 1
Cells:     1884.5 ave 2281 max 1488 min
Histogram: 1 0 0 0 0 0 0 0 0 1
GhostCell: 1884.5 ave 2281 max 1488 min
Histogram: 1 0 0 0 0 0 0 0 0 1
EmptyCell: 0 ave 0 max 0 min
Histogram: 2 0 0 0 0 0 0 0 0 0
Surfs:     38 ave 38 max 38 min
Histogram: 2 0 0 0 0 0 0 0 0 0
GhostSurf: 0 ave 0 max 0 min
Histogram: 2 0 0 0 0 0 0 0 0 0
adapt_grid all refine particle 16 4
Adapting grid ...
  8604 58 519 = cells outside/inside/overlapping surfs
  376 143 = surf cells with 1,2,etc splits
  0.0009065613461166 0.000906561346116603 = cell-wise and global flow volume
  1890 cells refined, 0 cells coarsened
  adapted to 9181 child grid cells, 2928 parent cells
  CPU time = 0.0169867 secs
  adapt/redo percent = 32.6026 67.3974
balance_grid rcb part
Balance grid migrated 155 cells
  CPU time = 0.00537036 secs
  reassign/sort/migrate/ghost percent = 22.5105 10.839 15.8085 50.8421
next a
jump in.cell loop
variable a loop 125
run 		    20000
Memory usage per proc in Mbytes:
  particles (ave,min,max) = 5.0625 5.0625 5.0625
  grid      (ave,min,max) = 3.07202 3.07202 3.07202
  surf      (ave,min,max) = 0.00391388 0.00391388 0.00391388
  total     (ave,min,max) = 8.13844 8.13844 8.13844
WALL Step CPU Np Natt Ncoll Nscoll Nscheck 
    79.87242    80000            0    78259      435      190        0        0 
   82.038234    81000    2.1658035    79197      335      181       69     3477 
   84.222628    82000    4.3501995    80121      349      201      106     3695 
    86.30599    83000    6.4335611    81056      408      236       99     3765 
   88.329312    84000    8.4568832    81990      393      208       96     3772 
   90.418755    85000    10.546325    82899      444      222       86     3808 
   92.742303    86000    12.869872    83835      410      208       87     3713 
   95.084954    87000    15.212523    84766      481      246       83     3917 
   97.259681    88000    17.387251    85702      479      250       86     3929 
   99.401727    89000    19.529298    86633      494      239       82     3929 
   101.66703    90000    21.794595    87560      516      268       88     4056 
    104.1357    91000    24.263273    88483      484      243       87     4057 
   106.63899    92000    26.766558    89401      527      263       91     4066 
   108.91393    93000    29.041504    90313      475      243       90     4099 
   111.18771    94000    31.315282    91231      538      294       98     4253 
   113.63495    95000    33.762521    92154      527      264       94     4328 
   116.26217    96000    36.389743    93070      544      282       92     4342 
   118.72377    97000     38.85134    93980      549      307      101     4272 
    121.0735    98000    41.201065    94897      564      284      104     4270 
   123.57536    99000    43.702933    95782      571      269       97     4419 
    126.3285   100000    46.456077    96662      588      296      109     4347 
Loop time of 46.4561 on 2 procs for 20000 steps with 96662 particles

MPI task timing breakdown:
Section |  min time  |  avg time  |  max time  |%varavg| %total
---------------------------------------------------------------
Move    | 34.202     | 34.892     | 35.582     |  11.7 | 75.11
Coll    | 4.8257     | 4.985      | 5.1443     |   7.1 | 10.73
Sort    | 3.4785     | 4.4635     | 5.4484     |  46.6 |  9.61
Comm    | 0.23861    | 2.0893     | 3.94       | 128.0 |  4.50
Modify  | 0.005314   | 0.020868   | 0.036423   |  10.8 |  0.04
Output  | 0.0011336  | 0.00214    | 0.0031463  |   2.2 |  0.00
Other   |            | 0.003737   |            |       |  0.01

Particle moves    = 1750542059 (1.75B)
Cells touched     = 1966975522 (1.97B)
Particle comms    = 582950 (0.583M)
Boundary collides = 0 (0K)
Boundary exits    = 1597 (1.6K)
SurfColl checks   = 80270921 (80.3M)
SurfColl occurs   = 1827192 (1.83M)
Surf reactions    = 0 (0K)
Collide attempts  = 9491417 (9.49M)
Collide occurs    = 4997470 (5M)
Gas reactions     = 0 (0K)
Particles stuck   = 0

Particle-moves/CPUsec/proc: 1.88408e+07
Particle-moves/step: 87527.1
Cell-touches/particle/step: 1.12364
Particle comm iterations/step: 1
Particle fraction communicated: 0.000333011
Particle fraction colliding with boundary: 0
Particle fraction exiting boundary: 9.12289e-07
Surface-checks/particle/step: 0.0458549
Surface-collisions/particle/step: 0.00104379
Surface-reactions/particle/step: 0
Collision-attempts/particle/step: 0.00542199
Collisions/particle/step: 0.00285481
Gas-reactions/particle/step: 0

Particles: 48331 ave 49441 max 47221 min
Histogram: 1 0 0 0 0 0 0 0 0 1
Cells:     4733.5 ave 5024 max 4443 min
Histogram: 1 0 0 0 0 0 0 0 0 1
GhostCell: 4733.5 ave 5024 max 4443 min
Histogram: 1 0 0 0 0 0 0 0 0 1
EmptyCell: 0 ave 0 max 0 min
Histogram: 2 0 0 0 0 0 0 0 0 0
Surfs:     38 ave 38 max 38 min
Histogram: 2 0 0 0 0 0 0 0 0 0
GhostSurf: 0 ave 0 max 0 min
Histogram: 2 0 0 0 0 0 0 0 0 0
adapt_grid all refine particle 16 4
Adapting grid ...
  12426 106 546 = cells outside/inside/overlapping surfs
  402 144 = surf cells with 1,2,etc splits
  0.000906561346116595 0.000906561346116603 = cell-wise and global flow volume
  1299 cells refined, 0 cells coarsened
  adapted to 13078 child grid cells, 4227 parent cells
  CPU time = 0.0253671 secs
  adapt/redo percent = 27.7396 72.2604
balance_grid rcb part
Balance grid migrated 115 cells
  CPU time = 0.00885654 secs
  reassign/sort/migrate/ghost percent = 21.1956 12.5458 10.6784 55.5802
next a
jump in.cell loop
variable a loop 125
run 		    20000
Memory usage per proc in Mbytes:
  particles (ave,min,max) = 5.90625 5.0625 6.75
  grid      (ave,min,max) = 3.18104 3.18104 3.18104
  surf      (ave,min,max) = 0.00391388 0.00391388 0.00391388
  total     (ave,min,max) = 9.0912 8.24745 9.93495
WALL Step CPU Np Natt Ncoll Nscoll Nscheck 
   126.36855   100000            0    96662      588      296        0        0 
   129.71239   101000    3.3438248    97584      508      325      103     4277 
   132.66119   102000    6.2926212    98482      536      303      111     4432 
   136.29718   103000     9.928616    99378      616      367       94     4384 
    139.7731   104000    13.404529   100285      569      321       95     4520 
   142.86525   105000    16.496679   101188      597      327      119     4615 
   146.54914   106000    20.180572   102099      611      347       90     4443 
