running....
SPARTA (24 Jan 2020)

# variables to be set in RunCells.jl
variable FNUM equal "2.700E+12"
variable ZMAX equal "3.500E-01"
variable RMAX equal "3.000E-02"
variable TIMESTEP equal "2.000E-07"
variable NPERSTEP equal "1.000E+00"
variable T1 equal "4.000E+00"
variable T2 equal "4.000E+00"

global		        fnum ${FNUM} cellmax 10000
global		        fnum 2700000000000 cellmax 10000
seed	    	    12345
dimension   	    2
units               si
timestep 	        ${TIMESTEP}
timestep 	        2e-07

species		        he4.species He
mixture		        He He nrho 1 vstream 26.2 0 0 temp 2.0
collide             vss He he4.vss #kk

# read_restart data/cell.restart.*

boundary	        o ao p
create_box  	    0 ${ZMAX} 0 ${RMAX} -0.1 0.1
create_box  	    0 0.35 0 ${RMAX} -0.1 0.1
create_box  	    0 0.35 0 0.03 -0.1 0.1
Created orthogonal box = (0 0 -0.1) to (0.35 0.03 0.1)
create_grid 	    20 20 1
Created 400 child grid cells
  parent cells = 1
  CPU time = 0.00219959 secs
  create/ghost percent = 87.026 12.974
balance_grid        rcb cell
Balance grid migrated 0 cells
  CPU time = 0.0147997 secs
  reassign/sort/migrate/ghost percent = 98.7863 0.0443589 0.508793 0.660525

read_surf           data.cell
Reading surface file ...
  10 points
  10 lines
  0 0.0681 xlo xhi
  0 0.009 ylo yhi
  0 0 zlo zhi
  0.002 min line length
  22 = cells with surfs
  38 = total surfs in all grid cells
  3 = max surfs in one grid cell
  0.114286 = min surf-size/cell-size ratio
  0 0 = number of pushed cells
  22 0 = cells overlapping surfs, overlap cells with unmarked corner pts
  378 0 22 = cells outside/inside/overlapping surfs
  19 3 = surf cells with 1,2,etc splits
  0.000977412894648081 0.000977412894648081 = cell-wise and global flow volume
  CPU time = 0.00554283 secs
  read/check/sort/surf2grid/ghost/inout/particle percent = 85.4927 1.53945 0.355505 10.1692 2.44314 1.35341 0.00263404
  surf2grid time = 0.000563663 secs
  map/rvous1/rvous2/split percent = 5.93599 13.1376 0.0120639 67.501
group       inlet surf id 1
1 surfaces in group inlet
fix		    in emit/surf He inlet n ${NPERSTEP} perspecies no
fix		    in emit/surf He inlet n 1 perspecies no

# read_surf           data.diffuser

# read_surf           data.stages trans 65.09E-3 0 0 group stages

surf_collide	    diffuse diffuse ${T1} 1.0
surf_collide	    diffuse diffuse 4 1.0
surf_collide	    cold diffuse ${T2} 1.0
surf_collide	    cold diffuse 4 1.0
surf_modify         all collide diffuse
# surf_modify         stages collide cold

stats		    1000
stats_style	    wall step cpu np nattempt ncoll nscoll nscheck

# Run until convergence
label loop
variable a loop 125
run 		    20000
Memory usage per proc in Mbytes:
  particles (ave,min,max) = 0 0 0
  grid      (ave,min,max) = 1.88888 1.88888 1.88888
  surf      (ave,min,max) = 0.00102997 0.00102997 0.00102997
  total     (ave,min,max) = 1.88991 1.88991 1.88991
WALL Step CPU Np Natt Ncoll Nscoll Nscheck 
 0.034499744        0            0        0        0        0        0        0 
 0.073564853     1000  0.039055645     1000      256      138       12     3018 
  0.19551217     2000   0.16100223     2000      840      359       14     5541 
  0.42086007     3000   0.38635022     3000     1575      649       24     7755 
  0.76217582     4000   0.72766629     4000     2460      949       19     9723 
   1.2192941     5000    1.1847856     5000     3270     1274       39    11617 
    1.789178     6000    1.7546677     6000     4041     1583       37    13230 
   2.4688313     7000    2.4343216     6999     4834     1921       42    14907 
   3.2593405     8000    3.2248307     7992     5774     2235       46    16529 
   4.1683864     9000    4.1338763     8981     6526     2549       47    18036 
   5.1943687    10000    5.1598663     9969     7576     2826       56    19530 
   6.3514395    11000    6.3169297    10960     8329     3027       68    20989 
   7.6125567    12000    7.5780468    11942     8958     3284       82    22328 
   8.9863619    13000    8.9518527    12916     9681     3483       68    23636 
   10.465396    14000    10.430896    13889    10226     3789       73    24916 
   12.040809    15000    12.006302    14841    10680     3999       71    25924 
   13.706322    16000    13.671815    15801    11052     4104       81    27162 
   15.463415    17000    15.428907    16742    11513     4286       50    28043 
   17.311709    18000    17.277202    17679    12064     4356       84    29456 
   19.252881    19000     19.21838    18618    12514     4693       80    30429 
   21.286111    20000    21.251603    19544    13093     4849      113    31747 
Loop time of 21.2517 on 1 procs for 20000 steps with 19544 particles

MPI task timing breakdown:
Section |  min time  |  avg time  |  max time  |%varavg| %total
---------------------------------------------------------------
Move    | 9.8097     | 9.8097     | 9.8097     |   0.0 | 46.16
Coll    | 11.011     | 11.011     | 11.011     |   0.0 | 51.81
Sort    | 0.40636    | 0.40636    | 0.40636    |   0.0 |  1.91
Comm    | 0.0052185  | 0.0052185  | 0.0052185  |   0.0 |  0.02
Modify  | 0.016068   | 0.016068   | 0.016068   |   0.0 |  0.08
Output  | 0.0019581  | 0.0019581  | 0.0019581  |   0.0 |  0.01
Other   |            | 0.001672   |            |       |  0.01

Particle moves    = 198108553 (198M)
Cells touched     = 200370315 (200M)
Particle comms    = 0 (0K)
Boundary collides = 0 (0K)
Boundary exits    = 456 (0.456K)
SurfColl checks   = 368830492 (369M)
SurfColl occurs   = 1048901 (1.05M)
Surf reactions    = 0 (0K)
Collide attempts  = 138727350 (139M)
Collide occurs    = 51966980 (52M)
Gas reactions     = 0 (0K)
Particles stuck   = 0

Particle-moves/CPUsec/proc: 9.32201e+06
Particle-moves/step: 9905.43
Cell-touches/particle/step: 1.01142
Particle comm iterations/step: 1
Particle fraction communicated: 0
Particle fraction colliding with boundary: 0
Particle fraction exiting boundary: 2.30177e-06
Surface-checks/particle/step: 1.86176
Surface-collisions/particle/step: 0.00529458
Surface-reactions/particle/step: 0
Collision-attempts/particle/step: 0.700259
Collisions/particle/step: 0.262316
Gas-reactions/particle/step: 0

Particles: 19544 ave 19544 max 19544 min
Histogram: 1 0 0 0 0 0 0 0 0 0
Cells:     406 ave 406 max 406 min
Histogram: 1 0 0 0 0 0 0 0 0 0
GhostCell: 0 ave 0 max 0 min
Histogram: 1 0 0 0 0 0 0 0 0 0
EmptyCell: 0 ave 0 max 0 min
Histogram: 1 0 0 0 0 0 0 0 0 0
Surfs:     10 ave 10 max 10 min
Histogram: 1 0 0 0 0 0 0 0 0 0
GhostSurf: 0 ave 0 max 0 min
Histogram: 1 0 0 0 0 0 0 0 0 0
adapt_grid all refine particle 16 4
Adapting grid ...
  410 6 35 = cells outside/inside/overlapping surfs
  29 6 = surf cells with 1,2,etc splits
  0.000977412894648082 0.000977412894648081 = cell-wise and global flow volume
  17 cells refined, 0 cells coarsened
  adapted to 451 child grid cells, 18 parent cells
  CPU time = 0.00126166 secs
  adapt/redo percent = 80.8543 19.1457
balance_grid rcb part
Balance grid migrated 0 cells
  CPU time = 0.000554075 secs
  reassign/sort/migrate/ghost percent = 68.9701 12.8533 4.405 13.7716
next a
jump in.cell loop
variable a loop 125
run 		    20000
Memory usage per proc in Mbytes:
  particles (ave,min,max) = 3.375 3.375 3.375
  grid      (ave,min,max) = 1.8903 1.8903 1.8903
  surf      (ave,min,max) = 0.00102997 0.00102997 0.00102997
  total     (ave,min,max) = 5.26633 5.26633 5.26633
WALL Step CPU Np Natt Ncoll Nscoll Nscheck 
   21.293154    20000            0    19544    13093     4849        0        0 
   23.141472    21000    1.8483112    20476    12091     5127       89    11777 
   25.075524    22000    3.7823639    21356    12386     5153       98    12267 
   27.066732    23000    5.7735716    22232    12565     5189      105    12786 
   29.122068    24000    7.8289076    23071    12963     5353       82    13275 
   31.244151    25000    9.9509924    23920    13240     5469       99    13542 
    33.42464    26000    12.131479    24732    13561     5563       94    13750 
   35.665965    27000     14.37281    25555    13582     5402      112    14081 
   37.943885    28000    16.650725    26336    13805     5624       94    14071 
   40.292639    29000    18.999479    27131    14146     5625       88    14005 
   42.699901    30000     21.40674    27901    14554     5799       97    14397 
   45.181991    31000     23.88883    28672    14983     6147       98    14735 
   47.748949    32000    26.455789    29436    15649     6368      117    15055 
   50.398856    33000    29.105695    30186    16138     6431      126    15321 
   53.119048    34000    31.825889    30949    16462     6637      137    15483 
   55.905925    35000    34.612764    31710    16984     6729      125    15893 
   58.772273    36000    37.479113    32451    17481     6840      139    15796 
   61.711428    37000    40.418267    33182    18081     7158      130    16253 
   64.744074    38000    43.450913    33935    18548     7329      132    16607 
   67.835356    39000    46.542206    34641    18921     7395      145    16332 
   71.002311    40000     49.70915    35330    19531     7568      120    16539 
Loop time of 49.7092 on 1 procs for 20000 steps with 35330 particles

MPI task timing breakdown:
Section |  min time  |  avg time  |  max time  |%varavg| %total
---------------------------------------------------------------
Move    | 21.36      | 21.36      | 21.36      |   0.0 | 42.97
Coll    | 26.802     | 26.802     | 26.802     |   0.0 | 53.92
Sort    | 1.5128     | 1.5128     | 1.5128     |   0.0 |  3.04
Comm    | 0.0081179  | 0.0081179  | 0.0081179  |   0.0 |  0.02
Modify  | 0.021735   | 0.021735   | 0.021735   |   0.0 |  0.04
Output  | 0.0021088  | 0.0021088  | 0.0021088  |   0.0 |  0.00
Other   |            | 0.002256   |            |       |  0.00

Particle moves    = 555343852 (555M)
Cells touched     = 566628294 (567M)
Particle comms    = 0 (0K)
Boundary collides = 0 (0K)
Boundary exits    = 4214 (4.21K)
SurfColl checks   = 288954788 (289M)
SurfColl occurs   = 2211985 (2.21M)
Surf reactions    = 0 (0K)
Collide attempts  = 301706646 (302M)
Collide occurs    = 121367871 (121M)
Gas reactions     = 0 (0K)
Particles stuck   = 0

Particle-moves/CPUsec/proc: 1.11718e+07
Particle-moves/step: 27767.2
Cell-touches/particle/step: 1.02032
Particle comm iterations/step: 1
Particle fraction communicated: 0
Particle fraction colliding with boundary: 0
Particle fraction exiting boundary: 7.58809e-06
Surface-checks/particle/step: 0.520317
Surface-collisions/particle/step: 0.00398309
Surface-reactions/particle/step: 0
Collision-attempts/particle/step: 0.543279
Collisions/particle/step: 0.218545
Gas-reactions/particle/step: 0

Particles: 35330 ave 35330 max 35330 min
Histogram: 1 0 0 0 0 0 0 0 0 0
Cells:     463 ave 463 max 463 min
Histogram: 1 0 0 0 0 0 0 0 0 0
GhostCell: 0 ave 0 max 0 min
Histogram: 1 0 0 0 0 0 0 0 0 0
EmptyCell: 0 ave 0 max 0 min
Histogram: 1 0 0 0 0 0 0 0 0 0
Surfs:     10 ave 10 max 10 min
Histogram: 1 0 0 0 0 0 0 0 0 0
GhostSurf: 0 ave 0 max 0 min
Histogram: 1 0 0 0 0 0 0 0 0 0
adapt_grid all refine particle 16 4
Adapting grid ...
  548 28 73 = cells outside/inside/overlapping surfs
  73 = surf cells with 1,2,etc splits
  0.000977412894648081 0.000977412894648081 = cell-wise and global flow volume
  66 cells refined, 0 cells coarsened
  adapted to 649 child grid cells, 84 parent cells
  CPU time = 0.00247662 secs
  adapt/redo percent = 80.4587 19.5413
balance_grid rcb part
Balance grid migrated 0 cells
  CPU time = 0.000589831 secs
  reassign/sort/migrate/ghost percent = 52.3158 20.7114 6.28655 20.6863
next a
jump in.cell loop
variable a loop 125
run 		    20000
Memory usage per proc in Mbytes:
  particles (ave,min,max) = 5.0625 5.0625 5.0625
  grid      (ave,min,max) = 1.89584 1.89584 1.89584
  surf      (ave,min,max) = 0.00102997 0.00102997 0.00102997
  total     (ave,min,max) = 6.95937 6.95937 6.95937
WALL Step CPU Np Natt Ncoll Nscoll Nscheck 
   71.013627    40000            0    35330    19531     7568        0        0 
   74.074123    41000      3.06049    36043    17398     7626      124     9396 
    77.20687    42000     6.193238    36713    17894     7517      123     9543 
   80.401218    43000    9.3875833    37339    18229     7670      120     9737 
   83.663292    44000     12.64966    37971    18304     7596      127     9780 
   86.967367    45000    15.953734    38577    18579     7803      135     9834 
   90.356624    46000     19.34299    39214    18886     7865      131     9784 
   93.789295    47000    22.775662    39841    19227     7895      143    10077 
   97.281937    48000    26.268304    40430    19460     8082      119     9966 
   100.84738    49000    29.833744    41041    20052     8351      153    10244 
   104.43342    50000    33.419785    41623    20442     8375      160    10467 
   108.09345    51000    37.079822    42183    20689     8373      156    10418 
   111.82084    52000    40.807203    42760    21021     8643      143    10595 
   115.58799    53000    44.574359    43276    21681     8914      129    10717 
   119.46931    54000    48.455672    43786    22348     9045      135    10932 
