running....
SPARTA (24 Jan 2020)

# variables to be set in RunCells.jl
variable FNUM equal "4.500E+11"
variable ZMAX equal "3.500E-01"
variable RMAX equal "3.000E-02"
variable TIMESTEP equal "2.000E-07"
variable NPERSTEP equal "1.000E+00"
variable T1 equal "4.000E+00"
variable T2 equal "4.000E+00"

global		        fnum ${FNUM} cellmax 10000
global		        fnum 450000000000 cellmax 10000
seed	    	    12345
dimension   	    2
units               si
timestep 	        ${TIMESTEP}
timestep 	        2e-07

species		        he4.species He
mixture		        He He nrho 1 vstream 26.2 0 0 temp 2.0
collide             vss He he4.vss #kk

# read_restart data/cell.restart.*

boundary	        o ao p
create_box  	    0 ${ZMAX} 0 ${RMAX} -0.1 0.1
create_box  	    0 0.35 0 ${RMAX} -0.1 0.1
create_box  	    0 0.35 0 0.03 -0.1 0.1
Created orthogonal box = (0 0 -0.1) to (0.35 0.03 0.1)
create_grid 	    20 20 1
Created 400 child grid cells
  parent cells = 1
  CPU time = 0.0014623 secs
  create/ghost percent = 84.9617 15.0383
balance_grid        rcb cell
Balance grid migrated 0 cells
  CPU time = 0.0100536 secs
  reassign/sort/migrate/ghost percent = 98.0745 0.0566562 0.653248 1.21556

read_surf           data.cell
Reading surface file ...
  10 points
  10 lines
  0 0.0681 xlo xhi
  0 0.009 ylo yhi
  0 0 zlo zhi
  0.002 min line length
  22 = cells with surfs
  38 = total surfs in all grid cells
  3 = max surfs in one grid cell
  0.114286 = min surf-size/cell-size ratio
  0 0 = number of pushed cells
  22 0 = cells overlapping surfs, overlap cells with unmarked corner pts
  378 0 22 = cells outside/inside/overlapping surfs
  19 3 = surf cells with 1,2,etc splits
  0.000977412894648081 0.000977412894648081 = cell-wise and global flow volume
  CPU time = 0.00576683 secs
  read/check/sort/surf2grid/ghost/inout/particle percent = 86.6574 1.67633 0.267114 9.1181 2.28103 1.49888 0.0020115
  surf2grid time = 0.000525825 secs
  map/rvous1/rvous2/split percent = 6.9681 15.4877 0.0133124 62.1283
group       inlet surf id 1
1 surfaces in group inlet
fix		    in emit/surf He inlet n ${NPERSTEP} perspecies no
fix		    in emit/surf He inlet n 1 perspecies no

# read_surf           data.diffuser

# read_surf           data.stages trans 65.09E-3 0 0 group stages

surf_collide	    diffuse diffuse ${T1} 1.0
surf_collide	    diffuse diffuse 4 1.0
surf_collide	    cold diffuse ${T2} 1.0
surf_collide	    cold diffuse 4 1.0
surf_modify         all collide diffuse
# surf_modify         stages collide cold

stats		    1000
stats_style	    wall step cpu np nattempt ncoll nscoll nscheck

# Run until convergence
label loop
variable a loop 125
run 		    20000
Memory usage per proc in Mbytes:
  particles (ave,min,max) = 0 0 0
  grid      (ave,min,max) = 1.88888 1.88888 1.88888
  surf      (ave,min,max) = 0.00102997 0.00102997 0.00102997
  total     (ave,min,max) = 1.88991 1.88991 1.88991
WALL Step CPU Np Natt Ncoll Nscoll Nscheck 
 0.029736872        0            0        0        0        0        0        0 
 0.063926382     1000  0.034169077     1000       40       20        7     3004 
  0.15155873     2000   0.12180101     2000      136       61       23     5680 
  0.30166728     3000   0.27191129     3000      251      115       20     7732 
  0.51516664     4000   0.48541287     4000      391      164       25     9782 
  0.79314905     5000   0.76339596     5000      522      216       41    11610 
   1.1354652     6000    1.1057141     6000      654      296       37    13248 
   1.5407198     7000    1.5109673     7000      764      320       36    14807 
   2.0094947     8000    1.9797436     7995      869      365       43    16109 
    2.543376     9000    2.5136251     8988     1015      411       41    17798 
   3.1475183    10000    3.1177669     9973     1134      456       46    19189 
   3.8156848    11000    3.7859341    10952     1244      518       53    20574 
   4.5499671    12000    4.5202174    11927     1336      572       75    21918 
   5.3489476    13000    5.3192003    12904     1424      587       67    23054 
    6.211402    14000    6.1816512    13863     1496      616       59    24130 
   7.1413656    15000    7.1116164    14819     1586      636       77    25400 
   8.1340802    16000    8.1043297    15785     1650      664       73    26406 
   9.1854268    17000    9.1556769    16739     1730      689       79    27723 
   10.290565    18000    10.260816    17689     1774      684       83    28668 
   11.442536    19000    11.412787    18641     1836      703       78    29583 
   12.655432    20000    12.625681    19576     1917      797       67    30687 
Loop time of 12.6258 on 1 procs for 20000 steps with 19576 particles

MPI task timing breakdown:
Section |  min time  |  avg time  |  max time  |%varavg| %total
---------------------------------------------------------------
Move    | 9.9237     | 9.9237     | 9.9237     |   0.0 | 78.60
Coll    | 2.2625     | 2.2625     | 2.2625     |   0.0 | 17.92
Sort    | 0.41757    | 0.41757    | 0.41757    |   0.0 |  3.31
Comm    | 0.0052335  | 0.0052335  | 0.0052335  |   0.0 |  0.04
Modify  | 0.013354   | 0.013354   | 0.013354   |   0.0 |  0.11
Output  | 0.0018794  | 0.0018794  | 0.0018794  |   0.0 |  0.01
Other   |            | 0.001485   |            |       |  0.01

Particle moves    = 198077714 (198M)
Cells touched     = 200353518 (200M)
Particle comms    = 0 (0K)
Boundary collides = 0 (0K)
Boundary exits    = 424 (0.424K)
SurfColl checks   = 362327736 (362M)
SurfColl occurs   = 1047479 (1.05M)
Surf reactions    = 0 (0K)
Collide attempts  = 20796995 (20.8M)
Collide occurs    = 8537609 (8.54M)
Gas reactions     = 0 (0K)
Particles stuck   = 0

Particle-moves/CPUsec/proc: 1.56884e+07
Particle-moves/step: 9903.89
Cell-touches/particle/step: 1.01149
Particle comm iterations/step: 1
Particle fraction communicated: 0
Particle fraction colliding with boundary: 0
Particle fraction exiting boundary: 2.14057e-06
Surface-checks/particle/step: 1.82922
Surface-collisions/particle/step: 0.00528822
Surface-reactions/particle/step: 0
Collision-attempts/particle/step: 0.104994
Collisions/particle/step: 0.0431023
Gas-reactions/particle/step: 0

Particles: 19576 ave 19576 max 19576 min
Histogram: 1 0 0 0 0 0 0 0 0 0
Cells:     406 ave 406 max 406 min
Histogram: 1 0 0 0 0 0 0 0 0 0
GhostCell: 0 ave 0 max 0 min
Histogram: 1 0 0 0 0 0 0 0 0 0
EmptyCell: 0 ave 0 max 0 min
Histogram: 1 0 0 0 0 0 0 0 0 0
Surfs:     10 ave 10 max 10 min
Histogram: 1 0 0 0 0 0 0 0 0 0
GhostSurf: 0 ave 0 max 0 min
Histogram: 1 0 0 0 0 0 0 0 0 0
adapt_grid all refine particle 16 4
Adapting grid ...
  410 6 35 = cells outside/inside/overlapping surfs
  29 6 = surf cells with 1,2,etc splits
  0.000977412894648082 0.000977412894648081 = cell-wise and global flow volume
  17 cells refined, 0 cells coarsened
  adapted to 451 child grid cells, 18 parent cells
  CPU time = 0.00124129 secs
  adapt/redo percent = 81.3978 18.6022
balance_grid rcb part
Balance grid migrated 0 cells
  CPU time = 0.000466516 secs
  reassign/sort/migrate/ghost percent = 65.2248 14.5757 4.76425 15.4353
next a
jump in.cell loop
variable a loop 125
run 		    20000
Memory usage per proc in Mbytes:
  particles (ave,min,max) = 3.375 3.375 3.375
  grid      (ave,min,max) = 1.8903 1.8903 1.8903
  surf      (ave,min,max) = 0.00102997 0.00102997 0.00102997
  total     (ave,min,max) = 5.26633 5.26633 5.26633
WALL Step CPU Np Natt Ncoll Nscoll Nscheck 
   12.663412    20000            0    19576     1917      797        0        0 
   13.739619    21000    1.0762022    20495     1850      816       87    11529 
    14.86712    22000    2.2037017    21405     1889      829      109    11655 
   16.051602    23000    3.3881833    22286     1904      784       93    11731 
   17.287362    24000    4.6239458    23195     1917      760      106    12114 
   18.556601    25000    5.8931819    24094     1960      801       89    12321 
   19.860743    26000    7.1973237    24974     1951      808      104    12411 
   21.172097    27000    8.5086783    25815     1994      821      109    12459 
    22.52279    28000    9.8593738    26650     2022      879      124    12534 
   23.939056    29000    11.275638    27505     2085      835      102    12706 
   25.432531    30000    12.769113    28335     2137      891      101    13159 
   27.021996    31000    14.358578    29176     2222      967      123    13371 
   28.624972    32000    15.961554    29965     2300      974      130    13571 
   30.227789    33000     17.56437    30772     2380      996       98    13985 
   31.831293    34000    19.167874    31582     2433      991      121    14315 
   33.504721    35000    20.841303    32367     2520     1050      112    14506 
   35.298093    36000    22.634678    33139     2599     1058      121    14559 
   37.216751    37000    24.553333    33903     2647     1062      109    14742 
   39.092267    38000    26.428848    34681     2716     1125      114    15112 
    40.90371    39000    28.240291    35415     2791     1120      119    15171 
    42.75237    40000    30.088949    36123     2868     1110      137    15338 
Loop time of 30.0891 on 1 procs for 20000 steps with 36123 particles

MPI task timing breakdown:
Section |  min time  |  avg time  |  max time  |%varavg| %total
---------------------------------------------------------------
Move    | 21.701     | 21.701     | 21.701     |   0.0 | 72.12
Coll    | 6.5815     | 6.5815     | 6.5815     |   0.0 | 21.87
Sort    | 1.7654     | 1.7654     | 1.7654     |   0.0 |  5.87
Comm    | 0.011325   | 0.011325   | 0.011325   |   0.0 |  0.04
Modify  | 0.024571   | 0.024571   | 0.024571   |   0.0 |  0.08
Output  | 0.0023498  | 0.0023498  | 0.0023498  |   0.0 |  0.01
Other   |            | 0.002969   |            |       |  0.01

Particle moves    = 563661784 (564M)
Cells touched     = 575162199 (575M)
Particle comms    = 0 (0K)
Boundary collides = 0 (0K)
Boundary exits    = 3453 (3.45K)
SurfColl checks   = 264797283 (265M)
SurfColl occurs   = 2188218 (2.19M)
Surf reactions    = 0 (0K)
Collide attempts  = 44627440 (44.6M)
Collide occurs    = 18511080 (18.5M)
Gas reactions     = 0 (0K)
Particles stuck   = 0

Particle-moves/CPUsec/proc: 1.87331e+07
Particle-moves/step: 28183.1
Cell-touches/particle/step: 1.0204
Particle comm iterations/step: 1
Particle fraction communicated: 0
Particle fraction colliding with boundary: 0
Particle fraction exiting boundary: 6.12601e-06
Surface-checks/particle/step: 0.46978
Surface-collisions/particle/step: 0.00388215
Surface-reactions/particle/step: 0
Collision-attempts/particle/step: 0.0791741
Collisions/particle/step: 0.0328408
Gas-reactions/particle/step: 0

Particles: 36123 ave 36123 max 36123 min
Histogram: 1 0 0 0 0 0 0 0 0 0
Cells:     463 ave 463 max 463 min
Histogram: 1 0 0 0 0 0 0 0 0 0
GhostCell: 0 ave 0 max 0 min
Histogram: 1 0 0 0 0 0 0 0 0 0
EmptyCell: 0 ave 0 max 0 min
Histogram: 1 0 0 0 0 0 0 0 0 0
Surfs:     10 ave 10 max 10 min
Histogram: 1 0 0 0 0 0 0 0 0 0
GhostSurf: 0 ave 0 max 0 min
Histogram: 1 0 0 0 0 0 0 0 0 0
adapt_grid all refine particle 16 4
Adapting grid ...
  536 28 73 = cells outside/inside/overlapping surfs
  73 = surf cells with 1,2,etc splits
  0.000977412894648081 0.000977412894648081 = cell-wise and global flow volume
  62 cells refined, 0 cells coarsened
  adapted to 637 child grid cells, 80 parent cells
  CPU time = 0.00254497 secs
  adapt/redo percent = 83.2275 16.7725
balance_grid rcb part
Balance grid migrated 0 cells
  CPU time = 0.000538259 secs
  reassign/sort/migrate/ghost percent = 49.6246 23.5903 5.33516 21.4499
next a
jump in.cell loop
variable a loop 125
run 		    20000
Memory usage per proc in Mbytes:
  particles (ave,min,max) = 5.0625 5.0625 5.0625
  grid      (ave,min,max) = 1.89551 1.89551 1.89551
  surf      (ave,min,max) = 0.00102997 0.00102997 0.00102997
  total     (ave,min,max) = 6.95904 6.95904 6.95904
WALL Step CPU Np Natt Ncoll Nscoll Nscheck 
   42.763506    40000            0    36123     2868     1110        0        0 
   44.715909    41000    1.9523974    36873     2579     1175      145     8727 
   46.844929    42000    4.0814172    37623     2663     1242      158     8932 
   48.928334    43000    6.1648212    38359     2712     1210      129     9040 
   50.887649    44000    8.1241355    39096     2797     1285      110     9154 
   52.895515    45000    10.132003    39809     2880     1298      134     9177 
   55.168423    46000    12.404912    40517     2962     1289      131     9518 
   57.541132    47000     14.77762    41234     3040     1316      162     9641 
   59.719662    48000    16.956149    41921     3137     1391      142     9743 
   61.885171    49000     19.12166    42618     3197     1423      135     9743 
   64.249056    50000    21.485545    43294     3280     1420      140     9877 
   66.840344    51000    24.076832    43975     3386     1457      144    10203 
   69.276132    52000    26.512618    44633     3474     1476      136    10089 
    71.60725    53000    28.843737    45282     3560     1577      152    10285 
   74.116439    54000    31.352925    45941     3648     1555      122    10223 
   76.931183    55000    34.167671    46589     3707     1576      149    10689 
   79.488207    56000    36.724699    47191     3802     1597      162    10778 
   81.966173    57000    39.202659    47829     3854     1694      169    10891 
   84.739641    58000    41.976128    48455     3917     1666      159    11007 
   87.799831    59000    45.036318    49052     4013     1706      163    11038 
   90.419742    60000    47.656233    49652     4106     1748      161    11094 
Loop time of 47.6563 on 1 procs for 20000 steps with 49652 particles

MPI task timing breakdown:
Section |  min time  |  avg time  |  max time  |%varavg| %total
---------------------------------------------------------------
Move    | 31.991     | 31.991     | 31.991     |   0.0 | 67.13
Coll    | 11.992     | 11.992     | 11.992     |   0.0 | 25.16
Sort    | 3.6266     | 3.6266     | 3.6266     |   0.0 |  7.61
Comm    | 0.012096   | 0.012096   | 0.012096   |   0.0 |  0.03
Modify  | 0.028944   | 0.028944   | 0.028944   |   0.0 |  0.06
Output  | 0.0024336  | 0.0024336  | 0.0024336  |   0.0 |  0.01
Other   |            | 0.003496   |            |       |  0.01

Particle moves    = 863223502 (863M)
Cells touched     = 898113355 (898M)
Particle comms    = 0 (0K)
Boundary collides = 0 (0K)
Boundary exits    = 6471 (6.47K)
SurfColl checks   = 198950747 (199M)
SurfColl occurs   = 2955047 (2.96M)
Surf reactions    = 0 (0K)
Collide attempts  = 65834871 (65.8M)
Collide occurs    = 28582053 (28.6M)
Gas reactions     = 0 (0K)
Particles stuck   = 0

Particle-moves/CPUsec/proc: 1.81135e+07
Particle-moves/step: 43161.2
Cell-touches/particle/step: 1.04042
Particle comm iterations/step: 1
Particle fraction communicated: 0
Particle fraction colliding with boundary: 0
Particle fraction exiting boundary: 7.49632e-06
Surface-checks/particle/step: 0.230474
Surface-collisions/particle/step: 0.00342327
Surface-reactions/particle/step: 0
Collision-attempts/particle/step: 0.0762663
Collisions/particle/step: 0.0331108
Gas-reactions/particle/step: 0

Particles: 49652 ave 49652 max 49652 min
Histogram: 1 0 0 0 0 0 0 0 0 0
Cells:     637 ave 637 max 637 min
Histogram: 1 0 0 0 0 0 0 0 0 0
GhostCell: 0 ave 0 max 0 min
Histogram: 1 0 0 0 0 0 0 0 0 0
EmptyCell: 0 ave 0 max 0 min
Histogram: 1 0 0 0 0 0 0 0 0 0
Surfs:     10 ave 10 max 10 min
Histogram: 1 0 0 0 0 0 0 0 0 0
GhostSurf: 0 ave 0 max 0 min
Histogram: 1 0 0 0 0 0 0 0 0 0
adapt_grid all refine particle 16 4
Adapting grid ...
  1030 83 118 = cells outside/inside/overlapping surfs
  118 = surf cells with 1,2,etc splits
  0.00097741289464808 0.000977412894648081 = cell-wise and global flow volume
  198 cells refined, 0 cells coarsened
  adapted to 1231 child grid cells, 278 parent cells
  CPU time = 0.00428297 secs
  adapt/redo percent = 76.2206 23.7794
balance_grid rcb part
Balance grid migrated 0 cells
  CPU time = 0.000859527 secs
  reassign/sort/migrate/ghost percent = 44.234 24.0645 5.26638 26.4351
next a
jump in.cell loop
variable a loop 125
run 		    20000
Memory usage per proc in Mbytes:
  particles (ave,min,max) = 6.75 6.75 6.75
  grid      (ave,min,max) = 1.91212 1.91212 1.91212
  surf      (ave,min,max) = 0.00102997 0.00102997 0.00102997
  total     (ave,min,max) = 8.66315 8.66315 8.66315
WALL Step CPU Np Natt Ncoll Nscoll Nscheck 
   90.431232    60000            0    49652     4106     1748        0        0 
    93.09688    61000    2.6656412    50213     3659     1731      154     7524 
   96.315625    62000    5.8843849    50818     3795     1773      169     7743 
    99.40349    63000    8.9722506    51403     3875     1782      186     7724 
   102.15967    64000     11.72843    51958     3992     1774      147     7781 
    105.3111    65000    14.879859    52487     4056     1855      172     7839 
   108.65309    66000    18.221846    53036     4174     1888      143     7873 
   111.51566    67000    21.084422    53599     4234     1867      160     8049 
   114.75588    68000    24.324645    54143     4347     1944      172     8215 
   118.31001    69000    27.878771    54656     4447     2012      170     8305 
   121.26738    70000    30.836145    55164     4512     1977      188     8389 
   124.64965    71000    34.218408    55688     4585     2000      183     8483 
    128.3191    72000    37.887864    56166     4631     2023      176     8403 
