running....
SPARTA (24 Jan 2020)

# variables to be set in RunCells.jl
variable FNUM equal "1.800E+11"
variable ZMAX equal "3.500E-01"
variable RMAX equal "3.000E-02"
variable TIMESTEP equal "2.000E-07"
variable NPERSTEP equal "1.000E+00"
variable T1 equal "4.000E+00"
variable T2 equal "4.000E+00"

global		        fnum ${FNUM} cellmax 10000
global		        fnum 180000000000 cellmax 10000
seed	    	    12345
dimension   	    2
units               si
timestep 	        ${TIMESTEP}
timestep 	        2e-07

species		        he4.species He
mixture		        He He nrho 1 vstream 26.2 0 0 temp 2.0
collide             vss He he4.vss #kk

# read_restart data/cell.restart.*

boundary	        o ao p
create_box  	    0 ${ZMAX} 0 ${RMAX} -0.1 0.1
create_box  	    0 0.35 0 ${RMAX} -0.1 0.1
create_box  	    0 0.35 0 0.03 -0.1 0.1
Created orthogonal box = (0 0 -0.1) to (0.35 0.03 0.1)
create_grid 	    20 20 1
Created 400 child grid cells
  parent cells = 1
  CPU time = 0.00139987 secs
  create/ghost percent = 84.8596 15.1404
balance_grid        rcb cell
Balance grid migrated 0 cells
  CPU time = 0.0087716 secs
  reassign/sort/migrate/ghost percent = 97.8554 0.0730425 0.724793 1.34672

read_surf           data.cell
Reading surface file ...
  10 points
  10 lines
  0 0.0681 xlo xhi
  0 0.009 ylo yhi
  0 0 zlo zhi
  0.002 min line length
  22 = cells with surfs
  38 = total surfs in all grid cells
  3 = max surfs in one grid cell
  0.114286 = min surf-size/cell-size ratio
  0 0 = number of pushed cells
  22 0 = cells overlapping surfs, overlap cells with unmarked corner pts
  378 0 22 = cells outside/inside/overlapping surfs
  19 3 = surf cells with 1,2,etc splits
  0.000977412894648081 0.000977412894648081 = cell-wise and global flow volume
  CPU time = 0.00594133 secs
  read/check/sort/surf2grid/ghost/inout/particle percent = 85.1583 1.98323 0.296011 9.99471 2.56779 1.76982 0.00212074
  surf2grid time = 0.000593819 secs
  map/rvous1/rvous2/split percent = 7.57857 16.571 0.0306491 59.3838
group       inlet surf id 1
1 surfaces in group inlet
fix		    in emit/surf He inlet n ${NPERSTEP} perspecies no
fix		    in emit/surf He inlet n 1 perspecies no

# read_surf           data.diffuser

# read_surf           data.stages trans 65.09E-3 0 0 group stages

surf_collide	    diffuse diffuse ${T1} 1.0
surf_collide	    diffuse diffuse 4 1.0
surf_collide	    cold diffuse ${T2} 1.0
surf_collide	    cold diffuse 4 1.0
surf_modify         all collide diffuse
# surf_modify         stages collide cold

stats		    1000
stats_style	    wall step cpu np nattempt ncoll nscoll nscheck

# Run until convergence
label loop
variable a loop 125
run 		    20000
Memory usage per proc in Mbytes:
  particles (ave,min,max) = 0 0 0
  grid      (ave,min,max) = 1.88888 1.88888 1.88888
  surf      (ave,min,max) = 0.00102997 0.00102997 0.00102997
  total     (ave,min,max) = 1.88991 1.88991 1.88991
WALL Step CPU Np Natt Ncoll Nscoll Nscheck 
 0.028808913        0            0        0        0        0        0        0 
 0.063059795     1000  0.034226375     1000       14        6        7     2973 
  0.14668352     2000   0.11784917     2000       54       28       12     5657 
  0.28759224     3000   0.25875904     3000      104       53       27     7983 
  0.48768675     4000   0.45885716     4000      156       63       35     9894 
  0.74635786     5000   0.71752749     5000      219       86       41    11871 
   1.0639359     6000    1.0351113     6000      271      114       47    13516 
   1.4385507     7000    1.4097229     6997      327      153       41    15292 
   1.8710487     8000    1.8422216     7992      365      148       44    16565 
   2.3616915     9000    2.3328636     8985      403      193       37    17770 
   2.9131917    10000    2.8843637     9980      446      190       59    19412 
   3.5248423    11000    3.4960148    10968      487      212       51    20584 
   4.1960397    12000    4.1672124    11950      519      212       66    22070 
   4.9242513    13000    4.8954229    12919      550      208       66    23030 
   5.7108888    14000    5.6820602    13886      595      289       68    24345 
   6.5572533    15000     6.528424    14856      670      255       82    25617 
   7.4632123    16000    7.4343851    15816      706      269       75    26830 
   8.4275386    17000    8.3987137    16748      746      301       75    27957 
   9.4450821    18000    9.4162532    17697      781      326      102    29156 
   10.518408    19000    10.489582    18619      820      324       95    30191 
   11.647585    20000    11.618759    19556      846      334      100    31286 
Loop time of 11.6189 on 1 procs for 20000 steps with 19556 particles

MPI task timing breakdown:
Section |  min time  |  avg time  |  max time  |%varavg| %total
---------------------------------------------------------------
Move    | 9.9585     | 9.9585     | 9.9585     |   0.0 | 85.71
Coll    | 1.2267     | 1.2267     | 1.2267     |   0.0 | 10.56
Sort    | 0.41448    | 0.41448    | 0.41448    |   0.0 |  3.57
Comm    | 0.0035277  | 0.0035277  | 0.0035277  |   0.0 |  0.03
Modify  | 0.012364   | 0.012364   | 0.012364   |   0.0 |  0.11
Output  | 0.0017899  | 0.0017899  | 0.0017899  |   0.0 |  0.02
Other   |            | 0.001485   |            |       |  0.01

Particle moves    = 198204922 (198M)
Cells touched     = 200483262 (200M)
Particle comms    = 0 (0K)
Boundary collides = 0 (0K)
Boundary exits    = 444 (0.444K)
SurfColl checks   = 366285683 (366M)
SurfColl occurs   = 1060370 (1.06M)
Surf reactions    = 0 (0K)
Collide attempts  = 8640789 (8.64M)
Collide occurs    = 3587880 (3.59M)
Gas reactions     = 0 (0K)
Particles stuck   = 0

Particle-moves/CPUsec/proc: 1.70589e+07
Particle-moves/step: 9910.25
Cell-touches/particle/step: 1.01149
Particle comm iterations/step: 1
Particle fraction communicated: 0
Particle fraction colliding with boundary: 0
Particle fraction exiting boundary: 2.24011e-06
Surface-checks/particle/step: 1.84802
Surface-collisions/particle/step: 0.00534987
Surface-reactions/particle/step: 0
Collision-attempts/particle/step: 0.0435952
Collisions/particle/step: 0.0181019
Gas-reactions/particle/step: 0

Particles: 19556 ave 19556 max 19556 min
Histogram: 1 0 0 0 0 0 0 0 0 0
Cells:     406 ave 406 max 406 min
Histogram: 1 0 0 0 0 0 0 0 0 0
GhostCell: 0 ave 0 max 0 min
Histogram: 1 0 0 0 0 0 0 0 0 0
EmptyCell: 0 ave 0 max 0 min
Histogram: 1 0 0 0 0 0 0 0 0 0
Surfs:     10 ave 10 max 10 min
Histogram: 1 0 0 0 0 0 0 0 0 0
GhostSurf: 0 ave 0 max 0 min
Histogram: 1 0 0 0 0 0 0 0 0 0
adapt_grid all refine particle 16 4
Adapting grid ...
  410 6 35 = cells outside/inside/overlapping surfs
  29 6 = surf cells with 1,2,etc splits
  0.000977412894648082 0.000977412894648081 = cell-wise and global flow volume
  17 cells refined, 0 cells coarsened
  adapted to 451 child grid cells, 18 parent cells
  CPU time = 0.00124309 secs
  adapt/redo percent = 83.5061 16.4939
balance_grid rcb part
Balance grid migrated 0 cells
  CPU time = 0.000452362 secs
  reassign/sort/migrate/ghost percent = 61.9555 16.3 5.48587 16.2587
next a
jump in.cell loop
variable a loop 125
run 		    20000
Memory usage per proc in Mbytes:
  particles (ave,min,max) = 3.375 3.375 3.375
  grid      (ave,min,max) = 1.8903 1.8903 1.8903
  surf      (ave,min,max) = 0.00102997 0.00102997 0.00102997
  total     (ave,min,max) = 5.26633 5.26633 5.26633
WALL Step CPU Np Natt Ncoll Nscoll Nscheck 
   11.654789    20000            0    19556      846      334        0        0 
   12.647192    21000   0.99239438    20471      820      364      100    11834 
   13.681829    22000    2.0270343    21404      828      350       93    12106 
   14.754896    23000    3.1000994    22317      835      373      119    12319 
    15.86642    24000     4.211624    23224      823      332      100    12426 
   17.017154    25000    5.3623583    24122      850      357      108    12523 
   18.209989    26000    6.5551913    25009      871      364       96    12679 
   19.442609    27000    7.7878129    25879      898      371       94    12908 
   20.712455    28000    9.0576595    26750      903      369       97    13116 
    22.02267    29000    10.367874    27602      923      398      116    13496 
   23.370289    30000    11.715493    28458      942      402      104    13609 
    24.75637    31000    13.101573    29328      958      409      109    13901 
   26.183481    32000    14.528685    30163      984      418      114    14144 
   27.647745    33000    15.992949    30973     1020      435      120    14327 
    29.15073    34000    17.495932    31769     1047      446      115    14415 
    30.69173    35000    19.036934    32596     1080      440      118    14689 
   32.275766    36000    20.620968    33410     1117      467      134    14954 
   33.896749    37000    22.241952    34202     1143      459      125    15329 
   35.558569    38000    23.903775    34996     1178      500      122    15714 
    37.25471    39000    25.599913    35779     1200      519      153    15804 
   38.988008    40000    27.333211    36548     1228      496      125    15856 
Loop time of 27.3333 on 1 procs for 20000 steps with 36548 particles

MPI task timing breakdown:
Section |  min time  |  avg time  |  max time  |%varavg| %total
---------------------------------------------------------------
Move    | 21.818     | 21.818     | 21.818     |   0.0 | 79.82
Coll    | 3.9224     | 3.9224     | 3.9224     |   0.0 | 14.35
Sort    | 1.5658     | 1.5658     | 1.5658     |   0.0 |  5.73
Comm    | 0.005987   | 0.005987   | 0.005987   |   0.0 |  0.02
Modify  | 0.016949   | 0.016949   | 0.016949   |   0.0 |  0.06
Output  | 0.0021157  | 0.0021157  | 0.0021157  |   0.0 |  0.01
Other   |            | 0.002172   |            |       |  0.01

Particle moves    = 566515926 (567M)
Cells touched     = 578054590 (578M)
Particle comms    = 0 (0K)
Boundary collides = 0 (0K)
Boundary exits    = 3008 (3.01K)
SurfColl checks   = 273853543 (274M)
SurfColl occurs   = 2253241 (2.25M)
Surf reactions    = 0 (0K)
Collide attempts  = 19407259 (19.4M)
Collide occurs    = 8243219 (8.24M)
Gas reactions     = 0 (0K)
Particles stuck   = 0

Particle-moves/CPUsec/proc: 2.07262e+07
Particle-moves/step: 28325.8
Cell-touches/particle/step: 1.02037
Particle comm iterations/step: 1
Particle fraction communicated: 0
Particle fraction colliding with boundary: 0
Particle fraction exiting boundary: 5.30965e-06
Surface-checks/particle/step: 0.4834
Surface-collisions/particle/step: 0.00397737
Surface-reactions/particle/step: 0
Collision-attempts/particle/step: 0.0342572
Collisions/particle/step: 0.0145507
Gas-reactions/particle/step: 0

Particles: 36548 ave 36548 max 36548 min
Histogram: 1 0 0 0 0 0 0 0 0 0
Cells:     463 ave 463 max 463 min
Histogram: 1 0 0 0 0 0 0 0 0 0
GhostCell: 0 ave 0 max 0 min
Histogram: 1 0 0 0 0 0 0 0 0 0
EmptyCell: 0 ave 0 max 0 min
Histogram: 1 0 0 0 0 0 0 0 0 0
Surfs:     10 ave 10 max 10 min
Histogram: 1 0 0 0 0 0 0 0 0 0
GhostSurf: 0 ave 0 max 0 min
Histogram: 1 0 0 0 0 0 0 0 0 0
adapt_grid all refine particle 16 4
Adapting grid ...
  536 28 73 = cells outside/inside/overlapping surfs
  73 = surf cells with 1,2,etc splits
  0.000977412894648081 0.000977412894648081 = cell-wise and global flow volume
  62 cells refined, 0 cells coarsened
  adapted to 637 child grid cells, 80 parent cells
  CPU time = 0.00244162 secs
  adapt/redo percent = 82.4454 17.5546
balance_grid rcb part
Balance grid migrated 0 cells
  CPU time = 0.000555874 secs
  reassign/sort/migrate/ghost percent = 48.3176 23.2279 5.67179 22.7827
next a
jump in.cell loop
variable a loop 125
run 		    20000
Memory usage per proc in Mbytes:
  particles (ave,min,max) = 5.0625 5.0625 5.0625
  grid      (ave,min,max) = 1.89551 1.89551 1.89551
  surf      (ave,min,max) = 0.00102997 0.00102997 0.00102997
  total     (ave,min,max) = 6.95904 6.95904 6.95904
WALL Step CPU Np Natt Ncoll Nscoll Nscheck 
   38.999742    40000            0    36548     1228      496        0        0 
   40.729949    41000    1.7302001    37330     1114      540      155     9052 
   42.499146    42000    3.4993946    38094     1175      521      174     9182 
   44.308475    43000    5.3087254    38876     1198      559      137     9370 
   46.154998    44000    7.1552494    39616     1238      569      142     9439 
   48.037106    45000    9.0373545    40340     1253      573      132     9721 
   49.954919    46000     10.95517    41095     1290      558      145     9579 
    51.90921    47000     12.90946    41802     1330      586      157     9723 
   53.899993    48000    14.900245    42516     1358      587      151     9940 
   55.927713    49000    16.927967    43232     1379      604      158    10104 
   57.990143    50000    18.990393    43937     1437      635      143    10382 
   60.090112    51000    21.090362    44656     1478      649      127    10298 
   62.224041    52000    23.224291    45314     1505      598      162    10567 
   64.393579    53000     25.39383    46014     1542      675      164    10762 
   66.604929    54000    27.605187    46680     1601      701      164    10841 
   68.846098    55000    29.846348    47324     1619      702      159    10907 
    71.11964    56000     32.11989    48020     1659      711      146    11159 
   73.432027    57000    34.432275    48693     1697      748      167    11135 
   75.779308    58000    36.779558    49355     1717      723      185    11227 
   78.160451    59000    39.160702    50012     1761      774      190    11633 
   80.574936    60000    41.575192    50667     1800      763      162    11682 
Loop time of 41.5753 on 1 procs for 20000 steps with 50667 particles

MPI task timing breakdown:
Section |  min time  |  avg time  |  max time  |%varavg| %total
---------------------------------------------------------------
Move    | 32.049     | 32.049     | 32.049     |   0.0 | 77.09
Coll    | 6.815      | 6.815      | 6.815      |   0.0 | 16.39
Sort    | 2.6782     | 2.6782     | 2.6782     |   0.0 |  6.44
Comm    | 0.0088256  | 0.0088256  | 0.0088256  |   0.0 |  0.02
Modify  | 0.019724   | 0.019724   | 0.019724   |   0.0 |  0.05
Output  | 0.0021904  | 0.0021904  | 0.0021904  |   0.0 |  0.01
Other   |            | 0.002676   |            |       |  0.01

Particle moves    = 876546646 (877M)
Cells touched     = 912017961 (912M)
Particle comms    = 0 (0K)
Boundary collides = 0 (0K)
Boundary exits    = 5881 (5.88K)
SurfColl checks   = 205139651 (205M)
SurfColl occurs   = 3071624 (3.07M)
Surf reactions    = 0 (0K)
Collide attempts  = 28740690 (28.7M)
Collide occurs    = 12667665 (12.7M)
Gas reactions     = 0 (0K)
Particles stuck   = 0

Particle-moves/CPUsec/proc: 2.10834e+07
Particle-moves/step: 43827.3
Cell-touches/particle/step: 1.04047
Particle comm iterations/step: 1
Particle fraction communicated: 0
Particle fraction colliding with boundary: 0
Particle fraction exiting boundary: 6.70928e-06
Surface-checks/particle/step: 0.234032
Surface-collisions/particle/step: 0.00350423
Surface-reactions/particle/step: 0
Collision-attempts/particle/step: 0.0327885
Collisions/particle/step: 0.0144518
Gas-reactions/particle/step: 0

Particles: 50667 ave 50667 max 50667 min
Histogram: 1 0 0 0 0 0 0 0 0 0
Cells:     637 ave 637 max 637 min
Histogram: 1 0 0 0 0 0 0 0 0 0
GhostCell: 0 ave 0 max 0 min
Histogram: 1 0 0 0 0 0 0 0 0 0
EmptyCell: 0 ave 0 max 0 min
Histogram: 1 0 0 0 0 0 0 0 0 0
Surfs:     10 ave 10 max 10 min
Histogram: 1 0 0 0 0 0 0 0 0 0
GhostSurf: 0 ave 0 max 0 min
Histogram: 1 0 0 0 0 0 0 0 0 0
adapt_grid all refine particle 16 4
Adapting grid ...
  1024 82 116 = cells outside/inside/overlapping surfs
  116 = surf cells with 1,2,etc splits
  0.00097741289464808 0.000977412894648081 = cell-wise and global flow volume
  195 cells refined, 0 cells coarsened
  adapted to 1222 child grid cells, 275 parent cells
  CPU time = 0.00424339 secs
  adapt/redo percent = 76.8165 23.1835
balance_grid rcb part
Balance grid migrated 0 cells
  CPU time = 0.000852536 secs
  reassign/sort/migrate/ghost percent = 42.6571 25.4294 5.33737 26.5761
next a
jump in.cell loop
variable a loop 125
run 		    20000
Memory usage per proc in Mbytes:
  particles (ave,min,max) = 6.75 6.75 6.75
  grid      (ave,min,max) = 1.91187 1.91187 1.91187
  surf      (ave,min,max) = 0.00102997 0.00102997 0.00102997
  total     (ave,min,max) = 8.6629 8.6629 8.6629
WALL Step CPU Np Natt Ncoll Nscoll Nscheck 
   80.587417    60000            0    50667     1800      763        0        0 
   83.095267    61000    2.5078427    51331     1599      775      186     8021 
   85.646953    62000     5.059529    51958     1667      821      184     7955 
   88.232465    63000    7.6450391    52610     1736      803      195     8182 
   90.860503    64000    10.273081    53245     1773      807      171     8181 
   93.518963    65000    12.931538    53844     1803      840      197     8465 
    96.21192    66000    15.624494    54419     1824      787      187     8375 
   98.935488    67000    18.348063    54990     1884      889      193     8582 
   101.69707    68000    21.109643    55540     1902      845      181     8486 
   104.48815    69000    23.900727    56104     1942      889      204     8703 
   107.31609    70000    26.728663    56664     1978      886      179     8717 
   110.17475    71000    29.587324    57173     2007      925      213     8792 
   113.06025    72000    32.472824    57704     2053      915      199     8615 
   115.97955    73000    35.392126    58210     2092      950      167     8910 
   118.93182    74000    38.344398    58746     2140      936      186     8885 
   121.91291    75000    41.325487    59273     2140      979      185     8888 
   124.92421    76000    44.336782    59794     2202      999      206     9141 
    127.9735    77000    47.386079    60336     2251     1011      216     9334 
