/n/home03/calmiller/DSMC_Simulations/7_8_20_opaque_mesh/flow_4.00000_gap_0.00400_len_0.08000_T1_2.00000_T2_2.00000/data
running....
idx x y z xnext ynext znext vx vy vz collides time
481 1.710186e-02 -2.022884e-02 6.755043e-02 2.974645e-02 -2.599518e-02 6.626009e-02 2.108285e+01 -9.614469e+00 -2.151439e+00 1204 5.273606e-03
875361 -2.284069e-02 -4.826533e-03 6.635124e-02 -3.904204e-02 -1.190827e-02 6.048226e-02 -4.152584e+01 -1.815129e+01 -8.577448e+00 2442 9.610782e-03
526 -2.441007e-02 -6.199528e-03 6.590226e-02 -3.258676e-02 -3.747092e-03 6.286253e-02 -2.508190e+01 7.522822e+00 -4.341138e+00 2514 1.415922e-02
875926 5.960143e-03 1.902012e-02 6.649019e-02 5.388944e-03 3.006178e-02 6.558212e-02 -1.709216e+00 3.304031e+01 -2.717263e+00 1134 4.961365e-03
501378 2.195015e-02 -1.190584e-02 6.812962e-02 5.092962e-02 -2.944704e-02 7.483438e-02 2.749822e+01 -1.664460e+01 6.362055e+00 1232 5.594711e-03
252237 1.838209e-02 1.958531e-02 6.632468e-02 2.388641e-02 3.078028e-02 6.156950e-02 1.934435e+01 3.934353e+01 -8.033277e+00 4444 1.728025e-02
939902 -2.036773e-02 -4.108722e-03 6.759900e-02 -3.627462e-02 -1.131222e-02 6.688385e-02 -4.439133e+01 -2.010279e+01 -1.995758e+00 3237 1.271045e-02
627763 -2.630965e-02 -1.792101e-04 6.819055e-02 -6.112533e-02 1.393826e-02 7.415503e-02 -3.317902e+01 1.345381e+01 5.684094e+00 994 5.144630e-03
940353 1.374305e-02 -1.675087e-02 6.698685e-02 1.320397e-02 -2.714460e-02 7.096976e-02 -2.360336e+00 -4.550850e+01 1.743896e+01 4431 1.999706e-02
753635 2.863798e-02 -3.719411e-03 7.046726e-02 4.139697e-02 -5.341089e-03 7.625491e-02 3.507862e+01 -4.458521e+00 1.591214e+01 3224 1.375613e-02
628892 -2.417414e-02 -7.981179e-03 6.628046e-02 -3.299894e-02 -7.844813e-03 6.843851e-02 -3.111743e+01 4.808455e-01 7.609567e+00 2600 1.348030e-02
191448 1.726948e-02 1.992360e-02 6.500952e-02 3.590808e-02 3.673395e-02 6.299002e-02 3.486259e+01 3.144294e+01 -3.777370e+00 2121 9.440244e-03
629577 -8.489440e-03 -2.440675e-02 6.568852e-02 -1.161809e-02 -3.222663e-02 6.213517e-02 -1.276315e+01 -3.190076e+01 -9.612441e+00 2903 1.125480e-02
567525 -1.671174e-02 2.448277e-02 6.807148e-02 -2.790539e-02 3.690735e-02 5.972871e-02 -2.764105e+01 3.068067e+01 -5.876594e+00 2174 8.738830e-03
818054 -2.434372e-02 -5.885099e-03 6.781395e-02 -3.635225e-02 -7.946282e-03 6.980825e-02 -1.685788e+01 -2.893539e+00 2.799658e+00 1852 8.044577e-03
755650 1.681687e-02 1.793838e-02 6.816389e-02 3.077535e-02 3.608150e-02 7.403394e-02 2.103875e+01 2.734599e+01 8.847556e+00 3776 1.532178e-02
818430 3.300603e-03 -2.718451e-02 6.878125e-02 9.418947e-03 -5.246233e-02 7.569336e-02 8.275588e+00 -3.419043e+01 9.349225e+00 2059 8.790941e-03
318769 1.013134e-02 -1.591946e-02 6.640604e-02 1.680708e-02 -2.640705e-02 6.692787e-02 3.124682e+01 -4.908871e+01 2.442492e+00 1301 5.201973e-03
8591 -2.518103e-02 -4.522901e-03 6.633307e-02 -4.373839e-02 -3.686466e-03 6.593998e-02 -3.063602e+01 1.380855e+00 -6.489348e-01 2649 1.246713e-02
506258 -1.524540e-02 2.502728e-02 6.557168e-02 -1.600441e-02 3.180666e-02 6.581254e-02 -3.041301e+00 2.716437e+01 9.651205e-01 2906 1.205079e-02
256038 2.922865e-02 -4.043620e-03 6.957709e-02 3.446278e-02 -6.825789e-03 7.159005e-02 3.421001e+01 -1.818415e+01 1.315663e+01 2120 9.483886e-03
443839 -2.359670e-02 -1.820163e-02 6.863284e-02 -7.566994e-02 -4.671691e-02 6.990251e-02 -3.583847e+01 -1.962513e+01 8.738283e-01 4449 1.751791e-02
8758 -7.370703e-03 2.090272e-02 6.778835e-02 -1.216994e-02 2.842961e-02 6.922280e-02 -3.017782e+01 4.732943e+01 9.019859e+00 5787 2.226645e-02
881544 -1.644344e-02 -1.986881e-02 6.711930e-02 -1.995837e-02 -2.529598e-02 6.206148e-02 -3.286242e+01 -5.074059e+01 -9.342048e+00 2082 8.036887e-03
319301 -5.948228e-03 2.455412e-02 6.876400e-02 -1.072465e-02 3.509945e-02 6.912304e-02 -1.278028e+01 2.821618e+01 9.606793e-01 1391 6.017734e-03
694592 2.346811e-02 1.233876e-02 6.670208e-02 2.992093e-02 1.944163e-02 6.709186e-02 2.545884e+01 2.802352e+01 1.537840e+00 2553 1.119811e-02
70224 1.500419e-02 2.014494e-02 6.544058e-02 1.964402e-02 2.529990e-02 6.532063e-02 1.650101e+01 1.833300e+01 -4.265724e-01 1524 8.136036e-03
757905 -3.469830e-03 2.817802e-02 6.975466e-02 -8.709925e-03 1.394528e-01 7.580812e-02 -1.822081e+00 3.869235e+01 2.104905e+00 3914 1.554302e-02
695965 2.242995e-02 -1.024566e-02 6.883093e-02 3.078238e-02 -1.149433e-02 6.957765e-02 4.362736e+01 -6.522221e+00 3.900339e+00 1406 6.778410e-03
633570 -4.431309e-03 2.406427e-02 6.644883e-02 -1.338506e-02 4.423525e-02 6.975746e-02 -1.391092e+01 3.133846e+01 5.140424e+00 1163 5.094988e-03
258249 1.569319e-02 -2.510652e-02 6.603280e-02 3.346485e-02 -3.554597e-02 6.724336e-02 2.689252e+01 -1.579723e+01 1.831853e+00 1822 7.811921e-03
571500 2.070186e-02 2.066609e-02 6.556538e-02 2.743602e-02 2.840927e-02 6.526631e-02 2.692668e+01 3.096128e+01 -1.195841e+00 3484 1.405862e-02
12511 -1.448722e-02 1.728812e-02 6.676724e-02 -1.587534e-02 3.195713e-02 6.783301e-02 -2.680230e+00 2.832344e+01 2.057833e+00 2234 9.532867e-03
758886 2.404546e-02 -1.052475e-02 6.718300e-02 4.370501e-02 -2.239011e-02 7.379944e-02 3.495335e+01 -2.109582e+01 1.176358e+01 2624 1.257365e-02
259670 1.979457e-02 1.512383e-02 6.819693e-02 2.833156e-02 2.281570e-02 7.199645e-02 2.543224e+01 2.291458e+01 1.131901e+01 793 4.766216e-03
697712 -3.823646e-03 -2.155908e-02 6.760221e-02 -1.132697e-03 -3.393403e-02 6.943256e-02 6.854009e+00 -3.151974e+01 4.662008e+00 1954 9.289974e-03
447943 -6.957666e-03 2.162276e-02 6.881975e-02 -8.208626e-03 2.932799e-02 6.943501e-02 -6.542449e+00 4.029795e+01 3.217770e+00 3956 1.580198e-02
72645 2.856952e-02 4.364940e-03 6.667128e-02 7.473829e-02 1.047171e-02 7.280121e-02 4.145878e+01 5.483773e+00 5.504568e+00 2414 1.025439e-02
823351 2.580366e-02 1.147464e-02 6.658039e-02 4.827284e-02 2.098303e-02 6.745803e-02 4.340666e+01 1.836860e+01 1.695461e+00 2753 1.256030e-02
573357 2.785326e-02 7.671426e-03 7.068006e-02 3.158778e-02 7.968683e-03 7.150292e-02 2.553804e+01 2.032748e+00 5.627027e+00 2021 8.904876e-03
573369 5.448212e-03 -2.284920e-02 6.866544e-02 7.902868e-03 -3.272217e-02 6.910244e-02 9.965743e+00 -4.008365e+01 1.774219e+00 1272 5.190014e-03
823905 8.672842e-03 -2.484703e-02 6.637007e-02 1.257895e-02 -3.176435e-02 6.713019e-02 9.347160e+00 -1.655289e+01 1.818936e+00 3611 1.603106e-02
886739 7.143972e-03 -2.420311e-02 6.720705e-02 9.316814e-03 -2.960066e-02 6.668111e-02 1.372430e+01 -3.409251e+01 -3.321984e+00 2848 1.179119e-02
887156 1.860733e-02 1.461888e-02 6.634811e-02 2.237365e-02 2.168845e-02 6.822508e-02 1.231991e+01 2.312510e+01 6.139727e+00 3177 1.281497e-02
17241 2.158611e-02 -1.039614e-02 6.709448e-02 2.853859e-02 -2.338586e-02 6.760148e-02 1.656281e+01 -3.094528e+01 1.207814e+00 3636 1.692376e-02
138087 1.348588e-02 2.099316e-02 6.635518e-02 1.439551e-02 3.386286e-02 6.008070e-02 2.248945e+00 3.181862e+01 -9.256838e+00 1411 5.935605e-03
75143 1.343970e-03 -2.857118e-02 6.532578e-02 -6.749711e-03 -5.868754e-02 5.325627e-02 -7.239647e+00 -2.693853e+01 -1.037415e+01 1989 1.053138e-02
262820 -9.322101e-03 2.689078e-02 7.160585e-02 -1.443458e-02 4.208176e-02 7.744964e-02 -1.066853e+01 3.169993e+01 1.219459e+01 2411 9.615619e-03
825966 2.898335e-02 -6.647377e-03 6.862277e-02 6.355282e-02 -7.424944e-03 7.348824e-02 4.447626e+01 -1.000399e+00 6.259802e+00 969 4.473999e-03
576114 2.647406e-02 1.016453e-02 6.550824e-02 2.992238e-02 1.116902e-02 6.516781e-02 2.839259e+01 8.270665e+00 -2.802982e+00 2139 9.187814e-03
951179 -2.281409e-02 1.751032e-02 6.936978e-02 -2.914849e-02 2.721999e-02 7.555152e-02 -1.860991e+01 2.852615e+01 1.816138e+01 4271 1.700466e-02
701218 2.063031e-02 -3.826154e-03 6.684511e-02 3.071147e-02 -2.219141e-03 6.816791e-02 4.430851e+01 7.063113e+00 5.813941e+00 1582 7.137758e-03
702195 2.085648e-02 8.527124e-03 6.832942e-02 4.234014e-02 8.873228e-03 6.723037e-02 2.432857e+01 3.919362e-01 -1.244591e+00 2615 1.217597e-02
202192 1.258410e-02 -2.084557e-02 6.815928e-02 1.596068e-02 -2.804763e-02 6.807908e-02 1.345212e+01 -2.869260e+01 -3.195031e-01 2263 8.700009e-03
702971 -2.303341e-02 -3.921518e-03 6.891372e-02 -3.759615e-02 -3.370557e-04 6.946536e-02 -3.022029e+01 7.438403e+00 1.144765e+00 4998 1.992758e-02
77595 -1.142005e-02 -1.949383e-02 6.896573e-02 -1.841796e-02 -2.863463e-02 7.033446e-02 -2.611797e+01 -3.411577e+01 5.108467e+00 1688 6.513390e-03
21866 -1.232914e-02 1.868490e-02 6.598909e-02 -2.120792e-02 3.286813e-02 6.688344e-02 -1.872235e+01 2.990767e+01 1.885896e+00 2252 9.512678e-03
22018 3.562120e-03 -2.575458e-02 6.834540e-02 5.460846e-03 -4.124997e-02 6.747623e-02 5.888324e+00 -4.805427e+01 -2.695467e+00 3697 1.500648e-02
765690 -2.063389e-02 2.257945e-03 6.812684e-02 -3.068477e-02 3.490185e-03 7.079502e-02 -2.991272e+01 3.667307e+00 7.940830e+00 2764 1.187671e-02
641636 -7.479910e-03 2.672144e-02 6.633102e-02 -3.842802e-02 8.159229e-02 8.082670e-02 -2.388963e+01 4.235620e+01 1.118958e+01 3057 1.196975e-02
79175 -1.975646e-02 2.249171e-02 6.987217e-02 -2.890320e-02 3.666608e-02 7.615887e-02 -1.357330e+01 2.103403e+01 9.329133e+00 1488 7.177758e-03
642744 1.720282e-02 -1.542179e-02 6.601616e-02 2.687795e-02 -2.108891e-02 6.642945e-02 4.120874e+01 -2.413766e+01 1.760299e+00 4470 1.762082e-02
143046 7.052036e-03 -2.775442e-02 6.903750e-02 2.481841e-02 -5.138439e-02 7.745377e-02 2.213573e+01 -2.944139e+01 1.048613e+01 2550 1.136803e-02
455636 2.491843e-02 6.110669e-03 6.540302e-02 5.711482e-02 7.883966e-03 5.518377e-02 4.743211e+01 2.612444e+00 -1.413283e+01 1774 8.001599e-03
767855 1.167513e-02 -2.568520e-02 6.679001e-02 3.015452e-02 -9.582572e-02 6.956952e-02 1.370622e+01 -5.202342e+01 2.061570e+00 8866 3.479596e-02
518663 2.240922e-02 -1.552693e-02 6.943995e-02 2.773981e-02 -1.420335e-02 6.920329e-02 2.632630e+01 6.536771e+00 -1.168799e+00 3810 1.678199e-02
80485 -2.446036e-02 2.017173e-03 6.713386e-02 -3.246151e-02 4.747667e-03 6.860836e-02 -3.164908e+01 1.080066e+01 5.832490e+00 4040 1.597984e-02
205680 -1.771675e-02 2.198843e-02 6.849590e-02 -2.034385e-02 2.818636e-02 6.856094e-02 -1.365335e+01 3.221130e+01 3.380545e-01 1290 5.773849e-03
581307 1.831289e-02 1.815752e-02 7.140713e-02 3.058184e-02 3.766853e-02 8.382250e-02 1.200491e+01 1.909112e+01 1.214818e+01 3118 1.484884e-02
331956 -1.068280e-02 1.719527e-02 6.792558e-02 -1.168426e-02 2.767192e-02 6.804817e-02 -5.101620e+00 5.336974e+01 6.245364e-01 2130 8.930736e-03
956905 -2.558686e-02 -9.101410e-03 6.853546e-02 -3.121664e-02 -1.249501e-02 7.206046e-02 -2.434824e+01 -1.467701e+01 1.524529e+01 1758 9.459538e-03
144551 -2.217772e-02 -3.808798e-03 6.812620e-02 -3.356082e-02 -7.541026e-03 7.277795e-02 -3.819247e+01 -1.252233e+01 1.560751e+01 4479 1.779125e-02
895010 -1.391113e-02 -2.453827e-02 6.793823e-02 -1.563637e-02 -2.694818e-02 6.839290e-02 -1.702266e+01 -2.377811e+01 4.486179e+00 1350 6.234846e-03
332702 1.926875e-02 -2.165092e-02 5.690121e-02 4.795013e-01 -7.504109e-01 -1.149266e+00 5.618104e+00 -8.896045e+00 -1.472380e+01 3176 1.445544e-02
81936 -2.018344e-02 -1.262727e-04 6.765517e-02 -3.614244e-02 3.178551e-03 6.583853e-02 -3.579255e+01 7.411998e+00 -4.074320e+00 4735 1.903790e-02
769671 1.863607e-02 1.335841e-02 6.557501e-02 2.991668e-02 1.336258e-02 6.727954e-02 5.138509e+01 1.900199e-02 7.764449e+00 2029 8.556682e-03
520451 2.074085e-02 -6.739449e-03 6.872406e-02 3.287928e-02 -1.091570e-02 6.898476e-02 5.880858e+01 -2.023321e+01 1.263057e+00 2914 1.092023e-02
645740 -2.252747e-02 -5.213259e-03 6.590646e-02 -3.891615e-02 -1.258371e-02 6.673075e-02 -4.321919e+01 -1.943689e+01 2.173767e+00 4201 1.851026e-02
28941 -2.241239e-02 1.887622e-02 7.062193e-02 -6.241609e-02 7.778076e-02 8.042668e-02 -2.040908e+01 3.005191e+01 5.002184e+00 4520 1.781178e-02
207962 2.596587e-02 1.626843e-03 6.819833e-02 3.625035e-02 4.828326e-03 6.801036e-02 4.015406e+01 1.249966e+01 -7.339348e-01 1557 6.621657e-03
896363 -2.910086e-02 4.488351e-03 6.768188e-02 -3.279733e-02 3.405117e-03 6.792592e-02 -6.298619e+01 -1.845779e+01 4.158271e+00 3677 1.621007e-02
770551 -2.172135e-02 5.648773e-03 6.648687e-02 -3.358952e-02 8.741630e-03 7.030986e-02 -3.105467e+01 8.092874e+00 1.000335e+01 3766 1.549145e-02
896448 2.481908e-03 -2.596424e-02 6.913776e-02 4.533991e-03 -6.848384e-02 7.783970e-02 1.761342e+00 -3.649539e+01 7.469041e+00 1001 4.855594e-03
709036 1.213708e-02 2.321240e-02 6.530685e-02 2.255157e-02 3.543444e-02 6.082002e-02 1.974140e+01 2.316772e+01 -7.682985e+00 3986 1.580506e-02
208576 1.993505e-02 1.182723e-02 6.920515e-02 3.278806e-02 1.820335e-02 7.012642e-02 3.729210e+01 1.849986e+01 2.672999e+00 1061 4.262825e-03
271107 -2.564192e-02 -5.083606e-03 6.546969e-02 -3.305459e-02 -6.517701e-03 6.540455e-02 -4.240641e+01 -8.204172e+00 -3.726820e-01 800 4.190897e-03
584608 -1.026466e-02 2.428063e-02 6.803185e-02 -1.274341e-02 3.357649e-02 6.876283e-02 -7.061730e+00 2.648309e+01 2.082504e+00 2968 1.388218e-02
30704 2.227558e-02 -1.724720e-02 6.580908e-02 2.979124e-02 -2.528781e-02 6.646679e-02 2.380551e+01 -2.546824e+01 2.083289e+00 1793 7.705876e-03
271730 7.031879e-03 -2.242675e-02 6.896447e-02 1.515386e-02 -4.525218e-02 7.627105e-02 9.405097e+00 -2.643142e+01 8.460886e+00 1761 8.190399e-03
585115 1.112307e-02 -1.974189e-02 6.784398e-02 1.319587e-02 -2.752028e-02 7.212361e-02 8.131453e+00 -3.051403e+01 1.678864e+01 2488 1.129792e-02
147838 3.262898e-03 2.876113e-02 6.365088e-02 4.855424e-03 4.147387e-02 5.972745e-02 4.277437e+00 3.414569e+01 -1.053811e+01 2299 1.180447e-02
209971 2.812406e-03 -2.780174e-02 6.809911e-02 1.817998e-03 -3.763975e-02 6.849865e-02 -3.356138e+00 -3.320343e+01 1.348465e+00 2875 1.232433e-02
648294 -2.155194e-02 -8.756636e-04 6.730711e-02 -3.323832e-02 -2.272084e-03 6.666814e-02 -4.149044e+01 -4.957749e+00 -2.268521e+00 2841 1.101270e-02
32084 -1.717922e-02 1.504777e-02 6.741672e-02 -2.251336e-02 2.395901e-02 6.645749e-02 -9.616012e+00 1.606456e+01 -1.729215e+00 2059 8.597123e-03
836079 -1.685604e-02 1.901354e-02 6.872616e-02 -2.966315e-02 3.319937e-02 6.989543e-02 -4.406432e+01 4.880793e+01 4.023007e+00 3434 1.306193e-02
648833 -2.374864e-02 1.488180e-02 6.667981e-02 -2.783435e-02 1.755802e-02 6.528318e-02 -3.345152e+01 2.191140e+01 -1.143479e+01 1997 7.922809e-03
398045 1.854235e-02 1.750074e-02 6.659237e-02 4.557795e-02 2.773062e-02 6.808787e-02 3.090741e+01 1.169492e+01 1.709679e+00 2031 8.530281e-03
773037 2.388343e-02 -1.051137e-02 6.622763e-02 3.908243e-02 -1.893241e-02 5.620583e-02 3.057390e+01 -1.693954e+01 -1.558274e+01 958 4.260149e-03
149258 2.100532e-02 -1.544068e-02 6.716385e-02 4.159580e-02 -3.282443e-02 6.858029e-02 2.748072e+01 -2.320091e+01 1.890424e+00 1728 7.854590e-03
837040 -1.835088e-02 -5.878943e-03 6.783470e-02 -3.126244e-02 -8.276659e-03 6.673676e-02 -3.809748e+01 -7.074818e+00 -3.239623e+00 3247 1.385036e-02
774401 2.230807e-02 1.198973e-02 6.563669e-02 2.615196e-02 1.507807e-02 6.403404e-02 2.989440e+01 2.401846e+01 -3.960654e+00 970 4.738262e-03
338142 2.978813e-02 8.616187e-04 6.793972e-02 3.563134e-02 1.694514e-04 6.763605e-02 3.659420e+01 -4.334825e+00 -1.901809e+00 2972 1.300274e-02
963108 -2.195746e-02 1.692186e-02 6.720106e-02 -4.762535e-02 3.402998e-02 7.276292e-02 -3.469488e+01 2.312478e+01 7.517880e+00 2302 9.177994e-03
463563 -6.694212e-03 -2.212150e-02 6.766154e-02 -6.694616e-03 -3.292579e-02 7.075175e-02 -1.991685e-03 -5.318050e+01 1.521055e+01 2020 7.761139e-03
651032 6.896507e-03 2.717393e-02 7.246758e-02 1.168483e-02 5.507809e-02 8.953422e-02 5.251901e+00 3.060567e+01 1.871893e+01 3693 1.476974e-02
339180 2.437055e-02 1.772167e-03 6.940408e-02 3.791855e-02 7.109985e-04 7.519079e-02 2.710723e+01 -2.123216e+00 1.157821e+01 1902 8.929323e-03
400982 -2.481504e-02 -1.513412e-02 6.583992e-02 -5.976172e-02 -3.261924e-02 4.498493e-02 -1.956626e+01 -9.789732e+00 -1.083674e+01 1805 9.613208e-03
37154 5.794490e-03 -2.485693e-02 6.852285e-02 1.100978e-02 -4.163801e-02 6.764136e-02 9.421758e+00 -3.031612e+01 -1.592485e+00 1525 6.352967e-03
213630 -2.818705e-02 -4.169432e-04 6.712846e-02 -5.083366e-02 1.724734e-03 6.665769e-02 -4.454186e+01 4.212300e+00 -9.259280e-01 1308 5.382621e-03
652656 -4.213611e-03 -2.458329e-02 6.642908e-02 -5.980012e-03 -3.100336e-02 6.716050e-02 -8.408680e+00 -3.056178e+01 3.481802e+00 4675 1.947991e-02
840340 3.447751e-03 2.280990e-02 6.807622e-02 1.090512e-02 5.669758e-02 6.617411e-02 7.422694e+00 3.373011e+01 -1.893269e+00 1700 7.909890e-03
214517 1.786009e-02 2.194045e-02 6.837947e-02 1.951554e-02 2.335700e-02 6.889235e-02 3.716624e+01 3.180283e+01 1.151465e+01 1185 6.061335e-03
590903 -2.637754e-02 -7.517986e-03 6.527765e-02 -4.728002e-02 -1.419822e-02 5.997933e-02 -2.513453e+01 -8.032763e+00 -5.919763e+00 3127 1.526704e-02
90373 2.061554e-02 4.458152e-03 6.835652e-02 3.048658e-02 8.346602e-03 7.180279e-02 2.716145e+01 1.069958e+01 9.482880e+00 6910 2.878599e-02
215703 -1.931232e-02 -1.861640e-02 6.749110e-02 -2.039525e-02 -2.251937e-02 6.806994e-02 -1.075287e+01 -3.875412e+01 5.747545e+00 1854 7.585328e-03
466931 2.748755e-03 -2.424324e-02 6.703791e-02 3.234272e-03 -3.237209e-02 6.936294e-02 2.836239e+00 -4.748614e+01 1.358204e+01 2750 1.183320e-02
778117 2.154065e-02 -9.990480e-03 6.571644e-02 3.012223e-02 -1.218697e-02 6.622682e-02 2.162415e+01 -5.534783e+00 1.286065e+00 3551 1.514928e-02
592590 -1.595650e-02 -2.126036e-02 6.810154e-02 -3.922632e-02 -5.426327e-02 7.651315e-02 -2.216660e+01 -3.143823e+01 8.012812e+00 3717 1.466629e-02
842843 1.192564e-02 2.038132e-02 6.582787e-02 3.619659e-02 5.819918e-02 7.129739e-02 2.419544e+01 3.770018e+01 5.452503e+00 4166 1.633626e-02
155681 1.998525e-02 -1.724709e-02 6.779550e-02 5.644961e-02 -6.383076e-02 6.555028e-02 2.099507e+01 -2.682145e+01 -1.292732e+00 2731 1.255561e-02
593517 2.029744e-02 -1.374837e-02 6.893120e-02 3.081772e-02 -2.069455e-02 6.980104e-02 2.934040e+01 -1.937248e+01 2.425921e+00 4350 2.046138e-02
718342 1.748047e-02 -1.907501e-02 6.689649e-02 2.619214e-02 -3.033480e-02 6.045853e-02 2.979573e+01 -3.851082e+01 -9.662035e+00 1853 8.629502e-03
719137 8.219510e-03 2.058812e-02 6.619372e-02 7.259570e-03 3.182790e-02 6.859565e-02 -2.618608e+00 3.066085e+01 6.552171e+00 1078 5.805571e-03
780588 2.439146e-02 -3.364530e-03 6.887618e-02 3.364580e-02 -4.295436e-03 6.958915e-02 4.597515e+01 -4.624702e+00 3.541988e+00 4189 1.628437e-02
844773 2.682653e-02 -1.153389e-03 6.905061e-02 5.023682e-02 -2.503373e-03 7.557808e-02 2.892538e+01 -1.668018e+00 8.065238e+00 2499 1.030571e-02
845301 2.212482e-02 1.684932e-02 6.662805e-02 4.323120e-02 3.293718e-02 6.771830e-02 2.399508e+01 1.828970e+01 1.239460e+00 3593 1.499497e-02
907930 2.420095e-02 2.372422e-03 6.552159e-02 3.088977e-02 1.806082e-03 6.517469e-02 5.453559e+01 -4.617504e+00 -2.828393e+00 1831 8.346408e-03
658471 2.756354e-02 -8.264527e-03 6.599015e-02 1.003094e-01 -4.004962e-02 4.352187e-02 3.443811e+01 -1.504716e+01 -9.784286e+00 2696 1.243997e-02
720931 -1.841525e-02 2.260809e-02 6.617973e-02 -2.790014e-02 3.279422e-02 6.685131e-02 -1.477811e+01 1.587069e+01 1.046376e+00 1856 7.974316e-03
971128 2.798569e-02 9.014427e-03 6.686208e-02 3.383469e-02 1.271088e-02 6.800133e-02 3.607247e+01 2.279706e+01 7.026127e+00 4187 1.649335e-02
971149 2.449235e-02 2.958963e-03 6.776048e-02 4.398022e-02 7.347896e-04 6.785030e-02 3.548947e+01 -4.050454e+00 1.635635e-01 2266 9.258203e-03
596355 -2.535278e-02 1.168308e-02 6.886932e-02 -3.117394e-02 1.538554e-02 7.004820e-02 -2.098905e+01 1.334978e+01 4.250623e+00 2397 1.138677e-02
346405 -3.507288e-03 -2.300200e-02 6.795239e-02 -1.093920e-02 -4.272390e-02 7.124127e-02 -2.086759e+01 -5.537583e+01 9.234628e+00 1227 5.302365e-03
533908 -5.501931e-03 2.547075e-02 6.622433e-02 -1.357928e-02 3.775536e-02 5.907927e-02 -1.604891e+01 2.440832e+01 -9.688933e+00 1633 6.694881e-03
282833 -2.645835e-02 1.290453e-02 6.603145e-02 -2.896170e-02 1.401537e-02 6.572936e-02 -5.577115e+01 2.474801e+01 -6.730082e+00 742 3.905010e-03
95537 1.978515e-02 1.289072e-02 6.648414e-02 4.769136e-02 2.727858e-02 7.013960e-02 3.111728e+01 1.604342e+01 4.076082e+00 2861 1.141391e-02
782904 2.146623e-02 -2.037976e-02 7.162872e-02 2.849111e-02 -5.166831e-02 8.503422e-02 8.494201e+00 -3.783280e+01 1.620936e+01 5658 2.256963e-02
659798 9.106833e-03 2.494785e-02 6.864865e-02 2.092169e-02 3.743849e-02 7.601028e-02 1.622252e+01 1.715042e+01 1.010797e+01 1632 7.698357e-03
48270 -2.039882e-02 1.898944e-02 6.333965e-02 -4.901569e-02 3.789762e-02 5.674305e-02 -2.985275e+01 1.972476e+01 -6.881487e+00 1224 5.889900e-03
847818 6.543461e-04 -2.476427e-02 6.750242e-02 -5.032238e-03 -3.733586e-02 6.531498e-02 -9.270360e+00 -2.049440e+01 -3.565993e+00 2716 1.068851e-02
722987 -2.344154e-03 -2.202344e-02 6.727939e-02 8.092222e-03 -4.655657e-02 6.528193e-02 1.704541e+01 -4.006920e+01 -3.262381e+00 2297 9.449319e-03
348563 -2.038826e-02 -1.044066e-02 6.903659e-02 -2.618603e-02 -1.469652e-02 6.959156e-02 -2.380601e+01 -1.747482e+01 2.278729e+00 2583 1.024148e-02
661284 -1.071097e-02 2.691026e-02 6.965821e-02 -1.145854e-02 2.830148e-02 6.996420e-02 -1.631763e+01 3.036678e+01 6.678999e+00 1920 8.535886e-03
474014 2.149190e-02 -2.033694e-02 6.443068e-02 4.905218e-02 -8.070948e-02 5.271923e-02 1.684966e+01 -3.691023e+01 -7.160082e+00 3832 1.549190e-02
348761 -2.757144e-02 1.057085e-02 7.077597e-02 -3.153736e-02 1.343066e-02 7.287976e-02 -2.563163e+01 1.848282e+01 1.359676e+01 1814 8.782631e-03
661919 -1.557418e-02 -2.116637e-02 6.879210e-02 -2.139194e-02 -2.819959e-02 7.174748e-02 -9.910018e+00 -1.198043e+01 5.034206e+00 1096 5.078333e-03
223228 9.107115e-03 -2.715408e-02 6.930659e-02 1.435577e-02 -3.863271e-02 7.087681e-02 1.401100e+01 -3.064161e+01 4.191625e+00 1586 6.745565e-03
162839 1.214810e-02 1.589612e-02 6.703742e-02 1.916958e-02 2.506875e-02 6.579276e-02 2.375267e+01 3.102966e+01 -4.210530e+00 2506 9.659847e-03
413169 -2.247528e-02 -1.006405e-02 6.786592e-02 -3.575234e-02 -1.353576e-02 7.588348e-02 -3.079497e+01 -8.052313e+00 1.859603e+01 2187 9.395199e-03
539584 -1.783465e-02 -1.427476e-02 6.762374e-02 -2.186439e-02 -2.084540e-02 6.921569e-02 -1.207614e+01 -1.969061e+01 4.770672e+00 3234 1.260177e-02
288419 -7.936155e-03 2.474539e-02 6.651114e-02 -1.305048e-02 3.083685e-02 6.649012e-02 -1.934364e+01 2.303938e+01 -7.949132e-02 1919 7.643019e-03
788464 -1.740587e-02 1.283985e-02 6.768282e-02 -3.657197e-02 2.242172e-02 7.110486e-02 -2.574947e+01 1.287314e+01 4.597473e+00 830 4.650192e-03
665406 -2.534542e-02 -6.797727e-03 6.922998e-02 -3.347237e-02 -8.009224e-03 7.124976e-02 -3.167908e+01 -4.722444e+00 7.873142e+00 3819 1.637478e-02
55927 1.432360e-02 1.447713e-02 6.650599e-02 2.357656e-02 2.054952e-02 6.712314e-02 2.903035e+01 1.905160e+01 1.936257e+00 3528 1.440603e-02
978302 -1.126381e-02 2.697110e-02 6.677844e-02 -2.951966e-02 6.210381e-02 6.879803e-02 -2.166996e+01 4.170301e+01 2.397284e+00 2336 8.932665e-03
166422 -6.543735e-03 2.620547e-02 6.635291e-02 -2.266709e-02 5.706137e-02 8.118392e-02 -1.331704e+01 2.548535e+01 1.224963e+01 3415 1.380118e-02
854191 -5.723353e-03 -2.341581e-02 6.562829e-02 -1.638477e-02 -5.052378e-02 6.543771e-02 -1.722004e+01 -4.378410e+01 -3.078257e-01 1271 5.357410e-03
603939 8.509804e-03 2.262884e-02 6.846188e-02 6.654070e-03 3.768034e-02 7.047128e-02 -3.984294e+00 3.231583e+01 4.314236e+00 3868 1.559948e-02
479331 -2.547207e-02 1.178327e-02 6.948669e-02 -2.707175e-02 1.314911e-02 6.990976e-02 -1.866003e+01 1.593217e+01 4.935052e+00 2547 1.142583e-02
479371 -2.523102e-02 5.991405e-03 6.720713e-02 -4.131266e-02 1.402095e-02 6.546517e-02 -1.536921e+01 7.673822e+00 -1.664791e+00 3405 1.347102e-02
167142 -2.159726e-02 -5.745295e-03 6.524645e-02 -3.023271e-02 -7.394607e-03 6.621876e-02 -4.162486e+01 -7.950065e+00 4.686750e+00 1636 7.596522e-03
479998 -1.912512e-02 1.782242e-02 6.675294e-02 -2.416029e-02 2.246192e-02 6.592014e-02 -1.464075e+01 1.349027e+01 -2.421513e+00 3993 1.618564e-02
228482 -1.655337e-03 -2.496477e-02 6.537830e-02 1.114252e-03 -3.420966e-02 6.544157e-02 1.032429e+01 -3.446251e+01 2.358454e-01 3629 1.539762e-02
855669 2.294194e-02 2.098380e-03 6.637212e-02 3.664067e-02 1.491399e-03 6.065271e-02 6.149236e+01 -2.724678e+00 -1.416329e+01 1667 6.952711e-03
480927 1.762275e-02 2.200311e-02 7.183127e-02 3.548471e-02 5.847735e-02 8.310305e-02 1.205322e+01 2.461275e+01 7.606182e+00 4102 1.648950e-02
980784 -2.612255e-02 -6.695128e-03 6.986407e-02 -3.681616e-02 -3.318940e-03 7.109837e-02 -2.867671e+01 9.053808e+00 3.309977e+00 2431 1.069717e-02
416744 -2.809131e-02 -1.038881e-02 6.981697e-02 -5.941574e-02 -1.752231e-02 8.174194e-02 -3.791974e+01 -8.635453e+00 1.443574e+01 1668 9.387766e-03
168758 -5.261066e-03 -2.472152e-02 6.705175e-02 -7.309731e-03 -3.293611e-02 6.642406e-02 -8.283872e+00 -3.321605e+01 -2.538110e+00 1384 5.829888e-03
792207 1.868071e-02 8.339372e-03 6.766975e-02 3.446420e-02 1.334667e-02 6.712578e-02 2.859593e+01 9.072041e+00 -9.855395e-01 2417 1.016522e-02
357055 1.850402e-02 1.762092e-02 6.543302e-02 2.382419e-02 2.390682e-02 6.316432e-02 2.081063e+01 2.458818e+01 -6.190822e+00 5127 1.985924e-02
607289 -2.087203e-02 -1.022633e-02 6.782971e-02 -3.086102e-02 -1.302432e-02 6.762627e-02 -2.113882e+01 -5.921154e+00 -4.305256e-01 5292 2.060834e-02
170443 -1.783243e-02 -9.823804e-03 6.708065e-02 -3.055618e-02 -1.758941e-02 6.704670e-02 -2.900046e+01 -1.769967e+01 -7.737748e-02 1557 9.035601e-03
419885 1.309909e-02 2.453999e-02 6.781900e-02 1.562389e-02 2.662103e-02 6.802555e-02 1.949654e+01 1.606982e+01 1.595004e+00 1076 5.954282e-03
295605 1.969124e-02 -2.169115e-02 6.952761e-02 3.820622e-02 -4.096399e-02 7.326387e-02 2.624429e+01 -2.731853e+01 5.296011e+00 2672 1.071572e-02
233428 -1.598554e-02 -2.512631e-02 7.217243e-02 -9.478994e-02 -1.624986e-01 1.672642e-01 -1.802119e+01 -3.141465e+01 2.174583e+01 4191 1.648801e-02
610198 8.426000e-03 2.683420e-02 6.774910e-02 1.066818e-01 1.170781e-01 6.911734e-02 3.569072e+01 3.278047e+01 4.970016e-01 3935 1.684631e-02
173028 2.849867e-02 3.180810e-03 6.642130e-02 5.551792e-02 -3.059732e-04 6.568009e-02 6.058910e+01 -7.818912e+00 -1.662125e+00 2035 8.318842e-03
485710 1.508246e-02 1.890123e-02 6.882304e-02 3.082764e-02 3.714203e-02 6.582460e-02 3.144600e+01 3.643020e+01 -5.988440e+00 3757 1.998071e-02
735197 -2.108407e-02 -1.897459e-02 6.510736e-02 -3.919017e-02 -4.107274e-02 6.447412e-02 -2.263672e+01 -2.762769e+01 -7.482793e-01 6404 2.548011e-02
109053 2.983896e-02 2.292356e-03 6.746147e-02 7.433408e-02 -1.170486e-02 7.544608e-02 2.540818e+01 -7.992871e+00 4.559477e+00 3266 1.295287e-02
796477 -2.310792e-02 1.546341e-03 6.875516e-02 -4.555905e-02 1.578374e-02 7.378021e-02 -2.543485e+01 1.612953e+01 5.692868e+00 1346 5.503188e-03
486463 -8.701198e-03 -2.291033e-02 6.573141e-02 -1.197857e-02 -2.919250e-02 6.351458e-02 -2.235294e+01 -4.284681e+01 -6.370349e+00 1533 6.066986e-03
986117 2.607633e-02 -2.528967e-03 6.772725e-02 6.087212e-02 -2.535714e-02 7.348919e-02 2.889102e+01 -1.895428e+01 4.784148e+00 2747 1.156891e-02
361269 -1.199364e-02 -2.236614e-02 6.617463e-02 -1.658619e-02 -3.606623e-02 6.173121e-02 -1.580750e+01 -4.715559e+01 -7.827641e+00 3197 1.338977e-02
109533 2.015521e-02 -1.774685e-02 7.096233e-02 2.543436e-02 -2.744682e-02 8.030928e-02 5.420870e+00 -9.960368e+00 9.597873e+00 3684 1.754673e-02
986282 2.436528e-02 1.068599e-02 6.759327e-02 5.453039e-02 2.326095e-02 6.923402e-02 3.890367e+01 1.621782e+01 2.116063e+00 4173 1.647762e-02
174206 -2.413034e-02 -3.022499e-03 6.877916e-02 -4.148279e-02 -2.452595e-03 7.130954e-02 -2.901627e+01 9.529768e-01 4.231228e+00 2255 9.932329e-03
924448 -1.097698e-02 -1.744407e-02 6.552466e-02 -1.528868e-02 -2.657798e-02 6.543863e-02 -1.701613e+01 -3.604694e+01 -3.395144e-01 4452 1.727287e-02
674833 -1.700253e-02 -1.813582e-02 6.728559e-02 -2.322463e-02 -2.260511e-02 6.945489e-02 -2.797040e+01 -2.009094e+01 9.751686e+00 2400 9.843699e-03
797877 -2.845674e-02 3.050524e-03 6.995955e-02 -3.586208e-02 6.767355e-03 7.385820e-02 -3.092375e+01 1.552103e+01 1.628029e+01 3673 1.450041e-02
298610 5.430792e-03 -2.853300e-02 6.668535e-02 5.065463e-03 -4.411811e-02 6.542219e-02 -5.624377e-01 -2.399385e+01 -1.944683e+00 4753 2.177950e-02
363221 1.671493e-02 2.276555e-02 6.554963e-02 3.690757e-02 5.205316e-02 5.378848e-02 2.790297e+01 4.047075e+01 -1.498174e+01 1944 7.646840e-03
613489 -1.546451e-02 1.824251e-02 6.631400e-02 -2.096022e-02 2.275332e-02 6.524985e-02 -2.213980e+01 1.817208e+01 -4.286981e+00 2388 1.036760e-02
864526 -2.357055e-02 -6.797130e-03 6.778302e-02 -3.281337e-02 -8.770610e-03 6.819838e-02 -2.663901e+01 -5.687822e+00 1.197122e+00 2550 1.156733e-02
551716 7.220961e-03 2.540742e-02 6.569669e-02 3.322714e-02 6.726001e-02 5.722522e-02 1.515101e+01 2.438301e+01 -4.228513e+00 3664 1.452252e-02
237977 2.141346e-02 1.608370e-02 7.167754e-02 2.274647e-02 2.173021e-02 7.312517e-02 4.048222e+00 1.714789e+01 4.396315e+00 1934 9.707818e-03
490556 -2.703757e-02 7.169498e-03 6.758173e-02 -3.600694e-02 7.914625e-03 6.755558e-02 -3.025183e+01 2.513160e+00 -8.821098e-02 1347 6.914909e-03
178594 -2.134703e-02 -1.690220e-02 6.535259e-02 -3.062933e-02 -2.727342e-02 6.043934e-02 -1.829876e+01 -2.044543e+01 -8.650468e+00 2574 1.027564e-02
866453 -1.607690e-02 -1.426156e-02 6.671042e-02 -2.069242e-02 -2.586265e-02 6.967126e-02 -1.402938e+01 -3.526276e+01 8.999778e+00 1176 5.688913e-03
801521 6.385666e-03 2.694241e-02 6.781700e-02 3.763589e-02 1.403716e-01 8.234041e-02 1.205000e+01 4.373797e+01 5.600187e+00 3907 1.749953e-02
679086 -7.343692e-03 1.309276e-02 6.791216e-02 -1.033827e-02 2.957189e-02 6.935660e-02 -6.431542e+00 3.539267e+01 3.102272e+00 2341 9.742708e-03
366625 -1.554550e-02 1.407221e-02 6.872035e-02 -2.287965e-02 2.198884e-02 6.774164e-02 -2.230367e+01 2.407506e+01 -2.976329e+00 3798 1.430362e-02
366757 -2.224052e-02 9.862408e-03 6.708900e-02 -3.364663e-02 1.342830e-02 6.807239e-02 -5.930153e+01 1.853946e+01 5.112756e+00 2921 1.144471e-02
240769 2.977554e-02 -9.750963e-04 6.947818e-02 6.061571e-02 -4.664706e-03 7.776721e-02 3.675762e+01 -4.397554e+00 9.879478e+00 1664 8.466227e-03
803201 2.728114e-02 9.999329e-03 6.827001e-02 4.556216e-02 1.862762e-02 7.195343e-02 4.581883e+01 2.162561e+01 9.231961e+00 3216 1.366357e-02
493689 2.091228e-02 -1.145222e-02 6.765580e-02 3.271808e-02 -1.488245e-02 6.966290e-02 2.417867e+01 -7.025220e+00 4.110604e+00 3693 1.692928e-02
618354 -1.510006e-02 -2.162154e-02 6.593513e-02 -1.795727e-02 -2.629518e-02 6.558042e-02 -1.365023e+01 -2.232817e+01 -1.694601e+00 3247 1.262364e-02
743299 1.928131e-02 -1.974092e-02 6.798881e-02 4.919288e-02 -4.587124e-02 7.437450e-02 2.190172e+01 -1.913303e+01 4.675704e+00 2632 1.076957e-02
368933 1.903381e-02 -1.754856e-02 6.804846e-02 2.872766e-02 -2.180791e-02 6.994016e-02 2.346429e+01 -1.030991e+01 4.578933e+00 5093 1.940125e-02
429809 -1.282340e-02 2.083241e-02 6.944032e-02 -3.973386e-02 7.336223e-02 7.968323e-02 -3.511299e+01 6.854133e+01 1.336502e+01 4919 1.997604e-02
182399 -4.057657e-03 2.259760e-02 6.726049e-02 -1.104236e-02 3.187111e-02 6.717207e-02 -2.087423e+01 2.771451e+01 -2.642521e-01 3562 1.388227e-02
430742 1.391711e-02 -2.199477e-02 6.760150e-02 1.923945e-02 -2.948889e-02 6.898674e-02 3.095835e+01 -4.359083e+01 8.057504e+00 3223 1.447909e-02
370429 2.257638e-02 -1.621316e-02 6.999334e-02 4.560479e-02 -3.989867e-02 8.028404e-02 2.699882e+01 -2.776923e+01 1.206496e+01 4338 1.716021e-02
183335 4.968171e-04 2.363660e-02 6.728313e-02 1.664922e-03 3.082011e-02 6.075599e-02 5.559071e+00 3.418669e+01 -1.018858e+01 4188 1.790876e-02
496143 1.909402e-02 -1.724219e-02 6.717201e-02 2.018277e-02 -3.827426e-02 7.492291e-02 1.369679e+00 -2.645888e+01 9.750832e+00 1959 9.139414e-03
933277 -2.202274e-02 1.383390e-02 6.884340e-02 -3.042898e-02 1.909154e-02 6.933167e-02 -3.278753e+01 2.050678e+01 1.904438e+00 3188 1.238356e-02
243866 1.223427e-02 2.418392e-02 7.539476e-02 2.276852e-02 1.798272e-01 1.505385e-01 1.894932e+00 2.799758e+01 1.351708e+01 1963 9.493445e-03
683563 -1.824883e-02 -1.945247e-02 6.586821e-02 -2.944778e-02 -3.312445e-02 6.281397e-02 -2.472114e+01 -3.018025e+01 -3.306360e+00 1758 9.025759e-03
307242 -6.484507e-03 2.182902e-02 6.840256e-02 -1.257573e-02 3.825703e-02 7.713604e-02 -1.183324e+01 3.191424e+01 1.696628e+01 6418 2.391081e-02
372152 7.634141e-04 2.579519e-02 6.687392e-02 8.962567e-04 3.118668e-02 6.859871e-02 1.022840e+00 4.151251e+01 1.328033e+01 3008 1.346813e-02
559547 -3.458264e-03 -2.697165e-02 6.598383e-02 -3.955838e-02 -1.153581e-01 4.474444e-02 -1.493422e+01 -3.656451e+01 -8.046963e+00 2436 1.065307e-02
185096 -1.823961e-02 -1.663016e-02 6.515749e-02 -2.522336e-02 -2.047933e-02 6.592214e-02 -3.754736e+01 -2.069462e+01 4.111050e+00 3462 1.446304e-02
622329 2.335971e-02 -1.838662e-02 6.187374e-02 6.928127e-02 -2.963341e-02 4.300929e-02 3.290667e+01 -8.059272e+00 -1.351797e+01 3687 1.622832e-02
185171 -1.525625e-03 -2.610673e-02 6.778564e-02 -4.955209e-03 -3.534601e-02 6.892142e-02 -1.044042e+01 -2.812644e+01 3.457577e+00 4677 1.949092e-02
997640 2.172364e-02 8.808561e-03 6.609419e-02 3.264603e-02 1.264572e-02 6.638035e-02 3.588439e+01 1.260660e+01 9.401537e-01 1917 7.765161e-03
372826 -1.343747e-02 -2.039405e-02 6.600707e-02 -1.602195e-02 -2.564507e-02 6.274574e-02 -1.462121e+01 -2.970672e+01 -8.074029e+00 2278 9.519911e-03
185707 -1.707268e-02 1.237027e-02 6.666068e-02 -3.102722e-02 2.049468e-02 6.903135e-02 -4.114005e+01 2.395198e+01 6.989080e+00 954 3.980935e-03
748003 2.400639e-02 -9.168235e-03 6.709938e-02 3.626086e-02 -9.708892e-03 6.696196e-02 2.805986e+01 -1.237976e+00 -3.146678e-01 2334 1.234861e-02
687162 -1.840554e-02 -1.941016e-02 6.913722e-02 -3.052277e-02 -2.533391e-02 7.167102e-02 -2.908915e+01 -1.422080e+01 6.082746e+00 4643 1.860007e-02
810379 2.112792e-02 8.581144e-03 6.728889e-02 3.173796e-02 1.075260e-02 6.933637e-02 4.519381e+01 9.249374e+00 8.721331e+00 3156 1.174530e-02
248900 2.018325e-02 -1.355535e-02 6.888657e-02 2.738843e-02 -1.539549e-02 6.933924e-02 4.518719e+01 -1.154042e+01 2.838914e+00 4293 1.726968e-02
312243 2.741450e-02 1.108263e-02 6.105562e-02 1.408406e-01 -5.849565e-03 2.705867e-02 3.719245e+01 -5.552073e+00 -1.114762e+01 1400 6.968767e-03
