/n/home03/calmiller/DSMC_Simulations/5_25_20_cold_second_stage/flow_2.000_gap_0.00300_len_0.01000/data
running....
idx x y z xnext ynext znext vx vy vz collides time
87535 4.908860e-03 6.397672e-03 9.404394e-02 1.676206e-02 3.347694e-02 1.954343e-01 3.174813e+00 7.253031e+00 2.715686e+01 2019 1.311719e-02
37548 -1.292886e-03 1.992623e-02 1.371370e-01 -4.781267e-02 2.795035e-01 1.086342e+00 -1.701517e+00 9.494347e+00 3.471832e+01 860 7.706724e-03
50044 -1.608585e-02 2.339972e-02 2.149992e-01 -3.139055e-01 5.289269e-01 3.061914e+00 -4.058697e+00 6.889344e+00 3.879786e+01 1593 1.323841e-02
75073 -1.075135e-02 -7.265808e-03 1.253768e-01 -2.961417e-02 -2.118160e-02 2.004443e-01 -4.541201e+00 -3.350209e+00 1.807242e+01 1949 1.447312e-02
75123 -3.479292e-03 6.917995e-03 1.193720e-01 -7.522272e-02 1.293409e-01 7.869767e-01 -2.592920e+00 4.424557e+00 2.412828e+01 1402 1.058427e-02
50116 2.353271e-02 -3.401397e-03 1.388278e-01 4.062983e-01 -6.882593e-02 1.250204e+00 1.200332e+01 -2.051677e+00 3.485215e+01 2277 1.546561e-02
75173 -3.044154e-03 -1.178774e-02 1.659389e-01 -1.411613e-02 -1.050506e-01 7.064277e-01 -6.201520e-01 -5.223743e+00 3.027329e+01 1252 1.079415e-02
25214 6.396319e-03 1.672495e-04 9.233623e-02 3.153894e-02 -8.958464e-03 1.672781e-01 8.778363e+00 -3.186177e+00 2.616542e+01 740 4.962390e-03
316 -7.973773e-03 1.081039e-02 1.206456e-01 -5.276943e-02 8.982500e-02 4.710382e-01 -4.187169e+00 7.385704e+00 3.275212e+01 1963 1.300798e-02
75293 -2.476444e-03 -5.194833e-03 1.345347e-01 -9.905499e-02 -1.717738e-01 1.901701e+00 -1.880194e+00 -3.242965e+00 3.440324e+01 339 4.171470e-03
25286 1.448657e-02 9.223587e-03 2.349237e-01 3.765186e-01 2.169115e-01 3.273666e+00 2.491645e+00 1.429389e+00 2.091380e+01 2041 2.048992e-02
37818 2.957303e-03 8.854964e-03 1.605649e-01 5.679801e-02 3.920703e-02 6.355290e-01 2.512590e+00 1.416443e+00 2.216520e+01 1387 1.236242e-02
12821 -1.219119e-03 2.302207e-02 2.457788e-01 -8.690480e-02 8.530137e-01 5.953133e+00 -5.525998e-01 5.352741e+00 3.680758e+01 805 1.003806e-02
62854 1.229935e-02 -2.089136e-04 1.409230e-01 4.953370e-02 -4.281876e-03 3.842529e-01 3.474391e+00 -3.800540e-01 2.270546e+01 599 6.556857e-03
12866 -7.301458e-03 -3.568137e-03 1.022492e-01 -3.745699e-02 -2.390199e-02 2.164000e-01 -6.673416e+00 -4.499878e+00 2.526158e+01 2647 1.714733e-02
552 -6.818994e-04 -1.706073e-02 1.314933e-01 4.036244e-05 -6.996286e-02 2.929863e-01 1.086041e-01 -7.954718e+00 2.428317e+01 615 6.243706e-03
62979 1.239645e-02 -5.572908e-03 1.318583e-01 6.539935e-02 -1.896214e-02 3.480371e-01 7.158846e+00 -1.808419e+00 2.919823e+01 1049 8.425964e-03
38019 2.186149e-02 -1.123103e-02 2.106445e-01 1.757909e+00 -9.101052e-01 7.926385e+00 5.958394e+00 -3.085080e+00 2.648166e+01 1175 1.261445e-02
63013 1.851015e-02 4.879533e-04 1.024163e-01 6.729427e-02 3.490830e-03 1.721205e-01 1.013255e+01 6.237031e-01 1.447768e+01 1385 1.002273e-02
13028 7.870651e-03 1.040636e-03 1.385483e-01 1.118398e-01 -1.131592e-02 9.878588e-01 3.961345e+00 -4.707991e-01 3.235971e+01 1916 1.303209e-02
50554 9.025855e-03 -2.272734e-02 1.998556e-01 1.196974e-01 -3.682423e-01 2.070641e+00 1.830776e+00 -5.715656e+00 3.094733e+01 540 7.675228e-03
885 4.845386e-03 -5.723521e-03 9.271057e-02 2.157200e-02 -2.299453e-02 1.593603e-01 5.649666e+00 -5.833545e+00 2.251196e+01 2100 1.327212e-02
13085 2.833055e-03 -5.837873e-03 1.065747e-01 9.933495e-03 -5.714035e-02 5.562391e-01 4.812458e-01 -3.477122e+00 3.047685e+01 789 5.979758e-03
88139 8.875175e-03 -4.446889e-03 1.004693e-01 2.966356e-02 -1.854977e-02 1.645937e-01 3.480664e+00 -2.361289e+00 1.073655e+01 1874 1.464355e-02
13122 -2.367754e-02 1.286403e-02 1.922409e-01 -2.313728e-01 1.393764e-01 1.152208e+00 -6.910446e+00 4.209327e+00 3.194007e+01 432 6.885335e-03
1007 2.266561e-02 -1.905477e-02 2.293155e-01 8.006653e-02 -5.524041e-02 5.467021e-01 5.386931e+00 -3.395931e+00 2.978593e+01 1908 1.704807e-02
1035 -4.078727e-03 -9.946128e-04 1.017761e-01 -3.354969e-02 1.094541e-02 2.364095e-01 -5.931803e+00 2.403242e+00 2.709849e+01 785 6.196219e-03
88260 -1.672687e-02 4.270891e-03 1.530237e-01 -4.374682e-01 1.697892e-01 2.078662e+00 -9.419397e+00 3.705561e+00 4.311045e+01 1927 1.383731e-02
75821 6.189345e-03 7.798693e-03 1.090136e-01 9.274034e-02 1.521372e-01 6.967291e-01 5.023101e+00 8.376875e+00 3.410884e+01 1328 9.172386e-03
75841 -7.029545e-03 1.889117e-02 1.099293e-01 -1.203304e-01 3.550097e-01 7.709718e-01 -4.226261e+00 1.253764e+01 2.465771e+01 2121 1.473005e-02
75856 1.485551e-02 1.490254e-03 1.331430e-01 5.199569e-01 8.145352e-02 2.575993e+00 6.627379e+00 1.049189e+00 3.205236e+01 1866 1.370335e-02
25849 4.290500e-03 -2.417520e-03 1.134678e-01 4.148772e-02 -2.716218e-02 4.233050e-01 4.887678e+00 -3.251424e+00 4.071231e+01 777 5.698416e-03
13373 7.078085e-03 1.696012e-03 1.209296e-01 3.623286e-02 2.479406e-03 3.644702e-01 3.998885e+00 1.074507e-01 3.340417e+01 1319 9.427218e-03
63394 -3.776014e-03 -1.246829e-02 1.104273e-01 -1.587793e-02 -4.744679e-02 2.022146e-01 -1.937663e+00 -5.600483e+00 1.469627e+01 850 8.106800e-03
1488 -1.686202e-02 3.137028e-03 1.650646e-01 -1.351226e-01 -2.560273e-02 7.590466e-01 -4.093563e+00 -9.948198e-01 2.056055e+01 800 9.489085e-03
1500 5.023750e-03 -1.662298e-02 1.258584e-01 4.528152e-02 -1.673052e-01 5.815008e-01 2.026208e+00 -7.583966e+00 2.293287e+01 654 6.750435e-03
38522 1.355497e-03 1.927609e-02 2.160830e-01 5.668876e-02 1.180028e+00 6.662779e+00 2.418132e-01 5.072631e+00 2.817286e+01 1738 1.562922e-02
76036 1.638053e-02 1.239925e-03 1.340518e-01 2.058146e-01 5.123370e-02 8.985596e-01 9.566048e+00 2.524587e+00 3.860613e+01 1444 1.068816e-02
38542 9.864218e-03 -6.603515e-03 1.140819e-01 5.133294e-02 -2.376605e-02 2.769713e-01 5.670043e+00 -2.346643e+00 2.227195e+01 1609 1.149469e-02
26005 -6.723052e-03 -8.396212e-04 9.770718e-02 -1.048138e-01 -1.001067e-03 5.319251e-01 -7.269658e+00 -1.196502e-02 3.218056e+01 592 4.506490e-03
13525 1.240744e-02 -8.457876e-04 1.170498e-01 2.022658e-01 -3.733122e-02 9.749931e-01 5.898056e+00 -1.133440e+00 2.665248e+01 727 6.114861e-03
63550 9.198130e-03 -2.824506e-03 1.200289e-01 7.831041e-02 4.985692e-02 5.343872e-01 4.396205e+00 3.351045e+00 2.635717e+01 1119 8.581097e-03
76087 9.064440e-03 -1.027022e-02 1.923884e-01 2.364647e-01 -2.944183e-01 2.835231e+00 2.619635e+00 -3.273366e+00 3.044535e+01 2289 1.847459e-02
88614 -1.224494e-02 3.430460e-03 1.479507e-01 -1.155234e-01 4.714469e-02 8.845839e-01 -4.480497e+00 1.896441e+00 3.195713e+01 2792 1.922242e-02
1687 3.508816e-03 1.323948e-02 1.000268e-01 5.218901e-02 1.288851e-01 3.945585e-01 4.034738e+00 9.584999e+00 2.441153e+01 927 6.794091e-03
51065 -7.799604e-03 -3.469027e-03 9.639161e-02 -2.880566e-02 -1.510206e-02 1.792834e-01 -1.005792e+01 -5.570021e+00 3.968945e+01 1543 9.792352e-03
88808 4.714492e-03 2.231957e-03 1.104419e-01 2.575938e-02 1.722571e-02 3.013869e-01 3.742292e+00 2.666254e+00 3.395466e+01 1785 1.151799e-02
51285 6.580174e-04 7.144638e-03 1.687662e-01 4.190433e-03 2.763005e-02 1.128961e+00 1.175961e-01 6.819707e-01 3.196543e+01 859 8.148848e-03
26359 -5.036162e-03 4.876812e-03 1.343399e-01 -5.172837e-02 5.192671e-02 9.164351e-01 -2.083339e+00 2.099299e+00 3.489596e+01 1111 8.416176e-03
2188 5.063973e-03 5.135178e-03 1.199330e-01 9.042460e-02 3.998793e-02 7.246679e-01 3.661136e+00 1.494842e+00 2.593721e+01 1258 9.905007e-03
76447 -8.488645e-03 -5.067633e-03 9.702789e-02 -3.926175e-02 -2.502157e-02 1.810287e-01 -6.682528e+00 -4.333093e+00 1.824118e+01 716 5.798415e-03
63968 1.410740e-02 7.371720e-03 2.530609e-01 2.245704e-01 1.513008e-01 3.007882e+00 2.452421e+00 1.677134e+00 3.210056e+01 700 1.014377e-02
89004 1.537066e-02 -4.661397e-03 1.055307e-01 4.475276e-02 -1.506715e-02 1.674833e-01 1.453823e+01 -5.148755e+00 3.065412e+01 787 5.679417e-03
76500 -2.024340e-02 1.073766e-02 2.419696e-01 -4.599784e-01 2.639353e-01 4.628462e+00 -3.513506e+00 2.023063e+00 3.504831e+01 1085 1.170452e-02
51450 1.340385e-02 1.039567e-02 1.349164e-01 9.273165e-02 5.988844e-02 5.852301e-01 4.599269e+00 2.869493e+00 2.610830e+01 1504 1.163482e-02
51486 -4.987655e-03 -8.456147e-03 1.026788e-01 -1.726224e-02 -3.627049e-02 2.183409e-01 -3.401530e+00 -7.707907e+00 3.205227e+01 1369 9.518378e-03
2427 -1.358852e-02 -1.371284e-02 1.632978e-01 -1.030660e-01 -1.040620e-01 7.644422e-01 -4.891474e+00 -4.939129e+00 3.286283e+01 541 6.406586e-03
51536 9.372748e-03 -1.990546e-03 1.031919e-01 7.683756e-02 -2.461617e-03 4.033576e-01 6.857793e+00 -4.788425e-02 3.051182e+01 265 3.008223e-03
26559 -8.557103e-05 -5.340846e-03 1.135967e-01 1.216517e-02 -8.230314e-02 6.159141e-01 5.988789e-01 -3.762310e+00 2.455584e+01 568 5.196832e-03
2509 -4.247009e-03 8.771942e-03 1.407047e-01 -1.077537e-02 3.132776e-02 3.395009e-01 -9.522590e-01 3.290101e+00 2.899736e+01 2948 2.008546e-02
51572 1.755124e-02 1.109860e-02 1.922196e-01 3.851101e-01 2.633182e-01 2.661666e+00 5.810062e+00 3.986875e+00 3.903494e+01 1222 1.046335e-02
26587 -8.251321e-03 1.140833e-02 1.803553e-01 -8.142739e-02 1.144630e-01 1.176059e+00 -1.651809e+00 2.326261e+00 2.247611e+01 2302 1.887766e-02
76660 -1.040421e-02 1.133225e-02 1.353865e-01 -1.245631e-01 1.390124e-01 8.107642e-01 -5.476965e+00 6.125673e+00 3.240239e+01 824 6.875419e-03
14123 -2.162016e-03 -1.040177e-03 1.094643e-01 3.055310e-03 -5.336631e-03 3.679070e-01 7.229358e-01 -5.953357e-01 3.581097e+01 1309 9.022538e-03
39211 5.520846e-04 -5.572252e-03 1.610533e-01 -1.648746e-01 -3.309383e-01 4.808950e+00 -1.343626e+00 -2.642682e+00 3.775106e+01 470 5.435294e-03
64226 -5.379038e-03 9.818781e-04 9.191430e-02 -3.270013e-02 -1.494455e-02 2.489962e-01 -5.260317e+00 -3.066425e+00 3.024405e+01 589 4.218380e-03
64237 3.042670e-03 -1.915858e-02 3.317074e-01 3.961201e-02 -7.990094e-02 1.140679e+00 9.948527e-01 -1.652469e+00 2.200770e+01 1379 2.010507e-02
39274 1.939528e-03 -2.188322e-02 2.142693e-01 -4.515386e-02 -3.096115e-01 2.353830e+00 -5.634131e-01 -3.442307e+00 2.559715e+01 745 1.057832e-02
39281 1.309733e-02 8.655061e-03 1.574013e-01 2.545583e-01 1.235716e-01 1.796411e+00 4.542662e+00 2.161951e+00 3.083508e+01 826 7.765026e-03
39284 3.408084e-03 -6.440523e-03 9.256673e-02 1.967185e-02 -2.923577e-02 1.880191e-01 4.013731e+00 -5.625636e+00 2.355666e+01 842 5.673272e-03
14249 -4.235080e-03 6.862914e-03 1.924196e-01 -1.560241e-01 4.636239e-01 4.786300e+00 -8.386561e-01 2.523669e+00 2.538184e+01 1615 1.437621e-02
39304 2.405023e-02 -1.154728e-02 1.251479e-01 2.323621e-01 -1.287996e-01 6.438041e-01 6.057423e+00 -3.409535e+00 1.508180e+01 942 9.521903e-03
14256 6.363724e-03 -8.015384e-04 1.217728e-01 4.600433e-02 -2.322043e-02 4.637540e-01 4.094434e+00 -2.315623e+00 3.532287e+01 1001 7.387265e-03
26791 -7.009094e-03 8.152946e-03 1.151472e-01 -8.340003e-02 7.302258e-02 6.384383e-01 -3.415230e+00 2.900144e+00 2.339491e+01 1109 8.760520e-03
2918 -5.872254e-03 -9.630481e-03 1.235499e-01 -1.501113e-01 -2.211607e-01 1.096858e+00 -3.696974e+00 -5.421706e+00 2.494674e+01 702 6.806628e-03
89402 -1.022319e-02 1.477671e-02 1.654312e-01 -1.760671e-01 1.121532e-01 1.160627e+00 -4.831944e+00 2.837111e+00 2.899552e+01 1429 1.185052e-02
39396 -1.503200e-02 8.775523e-03 1.718390e-01 -4.398110e-01 2.106828e-01 2.660658e+00 -7.050573e+00 3.351301e+00 4.130995e+01 1455 1.122504e-02
3052 2.293281e-03 9.229559e-03 1.096116e-01 1.778442e-02 3.236999e-02 2.272658e-01 2.712508e+00 4.051903e+00 2.060132e+01 1270 9.570025e-03
3088 -9.865936e-03 -2.239464e-02 1.810691e-01 -4.118083e-02 -2.600277e-01 1.255225e+00 -8.682572e-01 -6.588771e+00 2.978274e+01 994 1.004019e-02
3096 -1.599984e-03 2.001927e-02 1.996861e-01 -2.232684e-01 8.373079e-01 3.985207e+00 -1.711036e+00 6.308566e+00 2.922004e+01 1416 1.361667e-02
3126 6.701900e-03 -9.882709e-03 1.249201e-01 9.836642e-02 -1.088630e-01 6.818658e-01 4.056828e+00 -4.380604e+00 2.464893e+01 841 7.546163e-03
89555 -2.693369e-03 2.674724e-03 1.072276e-01 5.398975e-03 2.146323e-02 1.030224e+00 3.317240e-01 7.701845e-01 3.783576e+01 1277 8.606605e-03
14483 -1.538197e-02 5.031432e-03 1.659559e-01 -5.935598e-02 1.693950e-02 4.447975e-01 -5.135361e+00 1.390645e+00 3.256361e+01 3102 2.100964e-02
39571 1.638327e-02 3.519763e-04 2.438634e-01 6.195200e-02 -4.970629e-03 6.346668e-01 2.615325e+00 -3.054802e-01 2.242937e+01 2493 2.294476e-02
51991 -9.940016e-04 -5.937098e-03 1.722456e-01 -7.667423e-02 -2.041022e-01 2.374590e+00 -7.219797e-01 -1.890470e+00 2.101008e+01 1496 1.386197e-02
89613 -5.319229e-03 -8.599700e-03 1.316381e-01 -1.871577e-02 -3.776734e-02 2.810681e-01 -2.672183e+00 -5.818014e+00 2.980652e+01 1085 8.577647e-03
27024 -3.476586e-03 6.356909e-03 9.948374e-02 -4.236640e-02 5.591407e-02 3.645302e-01 -4.175334e+00 5.320614e+00 2.845623e+01 843 6.017795e-03
89652 1.441964e-03 -1.355627e-02 1.755668e-01 1.260060e-02 -1.210656e-01 1.006414e+00 3.553719e-01 -3.423876e+00 2.646020e+01 851 9.601222e-03
27063 -9.463960e-03 -4.950997e-03 1.297267e-01 -6.836536e-02 -4.875485e-02 5.033028e-01 -3.676405e+00 -2.734073e+00 2.331723e+01 395 5.097972e-03
89672 -1.034742e-02 -5.899963e-04 1.534404e-01 -4.443107e-01 6.503215e-03 3.401316e+00 -4.175544e+00 6.825006e-02 3.125068e+01 783 7.288856e-03
3401 7.366276e-03 -2.574310e-02 2.011960e-01 2.736982e-01 -4.530390e-01 2.931780e+00 2.862669e+00 -4.592791e+00 2.934969e+01 1574 1.418410e-02
3454 5.289701e-03 1.145392e-02 9.935865e-02 1.374453e-02 3.397539e-02 1.516792e-01 2.724615e+00 7.257672e+00 1.686058e+01 318 3.713370e-03
3528 7.389012e-03 1.576913e-02 1.544418e-01 1.676351e-01 4.722114e-01 2.467135e+00 1.439046e+00 4.098952e+00 2.076850e+01 1333 1.212142e-02
27217 6.709406e-03 -1.739312e-03 9.019760e-02 3.910699e-02 -1.276113e-02 2.143486e-01 7.542906e+00 -2.566133e+00 2.890522e+01 1116 7.195631e-03
27218 1.901030e-02 -3.238646e-03 1.586733e-01 1.584768e-01 -2.517073e-02 7.986087e-01 7.037317e+00 -1.106667e+00 3.229040e+01 487 5.676602e-03
77342 -6.607933e-03 1.261369e-02 1.103673e-01 -1.370773e-02 2.951517e-02 1.528473e-01 -3.798179e+00 9.041784e+00 2.272555e+01 1252 8.982066e-03
14796 -1.193814e-02 -1.865183e-03 1.537303e-01 -4.303100e-01 -9.070191e-02 2.284536e+00 -5.360754e+00 -1.138298e+00 2.730280e+01 2020 1.560781e-02
77373 -4.026436e-03 -3.176542e-03 1.250153e-01 -8.977429e-02 -5.358229e-02 1.092027e+00 -3.605245e+00 -2.119296e+00 4.065774e+01 1711 1.187450e-02
14802 1.614366e-02 1.038996e-02 1.713469e-01 2.968929e-01 1.192366e-01 2.330249e+00 3.161307e+00 1.225640e+00 2.430978e+01 1304 1.243156e-02
27314 3.260948e-03 1.021337e-02 1.433537e-01 2.746490e-02 1.075948e-01 7.643541e-01 1.224014e+00 4.924658e+00 3.140451e+01 1358 1.002870e-02
39955 -7.006389e-03 -2.289302e-03 8.914450e-02 -6.321873e-02 1.577627e-03 2.015292e-01 -1.135125e+01 7.808689e-01 2.269442e+01 1202 7.947692e-03
3841 8.055895e-03 -2.157542e-02 1.430385e-01 1.104395e-01 -3.718168e-01 1.288448e+00 3.604042e+00 -1.232897e+01 4.031999e+01 1210 9.332572e-03
14903 -5.554434e-04 -8.020934e-03 1.057402e-01 1.334653e-02 -1.072023e-01 7.627260e-01 5.844721e-01 -4.169823e+00 2.762125e+01 1081 7.624098e-03
52486 9.005498e-03 1.445497e-02 1.387074e-01 2.528671e-01 3.609814e-01 1.619314e+00 5.566111e+00 7.909423e+00 3.379467e+01 1312 9.784539e-03
40112 1.056015e-02 1.247269e-02 1.173164e-01 1.967441e-02 2.379067e-02 1.602776e-01 6.392117e+00 7.937653e+00 3.013006e+01 814 6.536008e-03
90154 -2.716671e-02 -7.709826e-03 1.951364e-01 -5.442379e-02 -1.615269e-02 3.343036e-01 -7.277250e+00 -2.254124e+00 3.715564e+01 362 5.920323e-03
27598 -1.032273e-02 3.715525e-03 1.426895e-01 -8.124844e-02 2.908867e-02 5.846303e-01 -4.359444e+00 1.559559e+00 2.716386e+01 456 5.667005e-03
77739 -1.347127e-03 8.453867e-03 9.764294e-02 1.067106e-02 8.124580e-02 3.083020e-01 1.575873e+00 9.544774e+00 2.762247e+01 3109 1.999523e-02
65243 -2.901212e-03 8.089766e-03 9.725191e-02 -1.679319e-02 1.317327e-01 4.938636e-01 -1.017500e+00 9.056064e+00 2.904931e+01 297 2.710144e-03
40300 1.118910e-02 3.229047e-04 1.044436e-01 8.392054e-02 2.182986e-03 2.436319e-01 1.195933e+01 3.058559e-01 2.288692e+01 737 5.940032e-03
77816 5.171478e-03 5.919952e-03 1.126566e-01 4.266098e-02 4.640319e-02 4.330877e-01 3.731499e+00 4.029479e+00 3.189395e+01 1859 1.228698e-02
4461 8.385643e-03 -6.364541e-03 1.575016e-01 5.770568e-02 -4.591901e-02 5.091426e-01 2.936263e+00 -2.354871e+00 2.093491e+01 442 7.629478e-03
4507 2.136167e-03 -4.227643e-03 9.932722e-02 1.707879e-02 -4.384231e-02 2.945191e-01 1.888608e+00 -5.006926e+00 2.467044e+01 934 6.741377e-03
15316 2.276890e-04 7.842145e-04 1.202071e-01 7.061983e-03 -1.720678e-02 5.299936e-01 5.257359e-01 -1.383978e+00 3.152330e+01 1526 1.054485e-02
27799 2.319859e-03 4.654040e-03 1.363274e-01 3.476795e-02 3.397513e-02 8.455069e-01 1.175092e+00 1.061849e+00 2.568259e+01 425 5.416761e-03
15348 -3.231172e-03 7.612005e-03 1.036171e-01 -1.162608e-02 3.229017e-02 2.298962e-01 -1.933613e+00 5.684160e+00 2.908606e+01 1617 1.083194e-02
65415 1.834122e-02 -1.976052e-03 1.520914e-01 1.885904e-01 -1.892259e-02 9.859556e-01 7.215109e+00 -7.181894e-01 3.533891e+01 1675 1.224443e-02
90480 -1.045496e-02 -1.124472e-02 1.073837e-01 -2.212648e-01 -3.067539e-01 9.952024e-01 -6.105809e+00 -8.559007e+00 2.571442e+01 1022 7.783391e-03
4624 -1.914249e-03 3.510999e-03 1.083508e-01 -1.659374e-04 3.975553e-02 3.899773e-01 2.382084e-01 4.938336e+00 3.837175e+01 1460 9.697783e-03
90489 1.966673e-02 -2.537816e-03 1.264704e-01 2.639898e-01 5.471052e-02 7.398509e-01 5.425473e+00 1.271265e+00 1.362081e+01 1278 1.224272e-02
4640 -1.775194e-03 7.845243e-03 1.832338e-01 1.863298e-02 4.774423e-02 7.934271e-01 7.600971e-01 1.486027e+00 2.272649e+01 1900 1.638822e-02
52879 -1.596388e-02 3.442532e-03 1.863707e-01 -3.768697e-02 1.567381e-02 3.005120e-01 -3.789263e+00 2.133561e+00 1.991021e+01 817 1.109048e-02
65477 -2.307131e-03 1.943936e-02 1.279474e-01 -1.842716e-01 8.580830e-01 2.191071e+00 -2.071631e+00 9.547795e+00 2.348826e+01 1169 9.754022e-03
27912 -5.249322e-03 -5.230716e-03 1.252322e-01 -3.109129e-02 -2.398688e-02 4.834828e-01 -2.120527e+00 -1.539084e+00 2.939715e+01 1861 1.332208e-02
4791 -3.982444e-03 2.975390e-03 1.046036e-01 -2.492220e-02 1.816000e-02 2.988870e-01 -2.598528e+00 1.884342e+00 2.410969e+01 925 6.867738e-03
90610 -7.794740e-03 -8.835995e-03 1.191073e-01 -1.233219e-01 -1.526089e-01 6.446211e-01 -4.594172e+00 -5.717423e+00 2.089812e+01 1127 8.882405e-03
78092 1.646042e-03 -6.260871e-03 9.381239e-02 6.603276e-03 -4.350655e-02 2.315252e-01 1.190868e+00 -8.947469e+00 3.308252e+01 1967 1.217657e-02
52987 1.010604e-02 7.179018e-03 1.702272e-01 5.498658e-02 8.448807e-02 1.112831e+00 1.444350e+00 2.487969e+00 3.033497e+01 865 8.524620e-03
90643 4.150840e-03 1.273773e-02 2.469732e-01 8.158226e-03 2.983545e-02 4.344616e-01 6.793037e-01 2.898285e+00 3.178169e+01 770 1.048093e-02
53053 -8.847913e-03 1.797479e-02 1.381726e-01 -1.946736e-01 3.136635e-01 1.276391e+00 -4.821777e+00 7.672485e+00 2.953433e+01 1141 9.381667e-03
53055 1.998758e-02 -1.692600e-02 1.352252e-01 2.556346e-01 -2.132601e-01 8.010981e-01 7.232650e+00 -6.026029e+00 2.043745e+01 3403 2.397078e-02
90744 2.735440e-03 -3.703418e-03 1.185546e-01 2.535110e-02 -2.863243e-02 4.895020e-01 1.374460e+00 -1.515053e+00 2.254422e+01 658 6.119103e-03
65786 7.859067e-03 2.348306e-04 9.695731e-02 5.834279e-02 1.952965e-02 2.897972e-01 8.389063e+00 3.206290e+00 3.204491e+01 726 5.455532e-03
40855 6.983136e-03 -5.263583e-03 1.187273e-01 8.601824e-02 -4.079704e-02 6.094108e-01 5.020908e+00 -2.257354e+00 3.117193e+01 1505 1.069032e-02
15771 2.703773e-02 -3.750653e-04 1.937883e-01 1.502065e-01 2.095297e-02 7.209318e-01 7.201388e+00 1.247000e+00 3.082083e+01 1974 1.625784e-02
65828 5.382223e-04 7.299073e-03 1.017408e-01 -6.682685e-03 4.586271e-02 3.242209e-01 -1.236277e+00 6.602401e+00 3.809035e+01 665 5.086507e-03
5280 -1.091908e-02 -1.396515e-03 1.186368e-01 -3.042916e-01 -3.104169e-02 1.477766e+00 -6.230996e+00 -6.296398e-01 2.886681e+01 2701 1.803656e-02
40895 -7.681613e-04 -2.466328e-03 1.811311e-01 -4.321813e-02 -2.589874e-02 9.640758e-01 -1.871061e+00 -1.032827e+00 3.450974e+01 535 6.636401e-03
28273 1.629004e-02 -2.980675e-03 1.852116e-01 1.136690e-01 -2.986870e-02 7.155910e-01 5.568882e+00 -1.537665e+00 3.033119e+01 1536 1.349596e-02
53314 3.344874e-03 -8.085858e-03 1.732097e-01 2.463926e-02 -8.024885e-02 8.364858e-01 9.162725e-01 -3.105089e+00 2.854000e+01 2102 1.671359e-02
65915 1.246289e-03 1.537142e-02 1.970905e-01 1.228210e-02 3.516804e-02 3.879071e-01 1.643386e+00 2.947991e+00 2.841523e+01 386 7.189547e-03
15870 -6.026998e-03 -5.039512e-03 1.037115e-01 -3.968324e-02 -2.043084e-02 2.224618e-01 -7.511993e+00 -3.435309e+00 2.650479e+01 1141 8.119058e-03
91041 -1.234172e-03 -7.642530e-03 9.507628e-02 -1.936321e-02 -9.615326e-02 3.934752e-01 -1.789521e+00 -8.736913e+00 2.945503e+01 868 6.190889e-03
28415 1.535879e-02 -1.119655e-02 1.578978e-01 2.017263e-01 -1.219285e-01 1.189022e+00 6.604496e+00 -3.924121e+00 3.654100e+01 2098 1.454309e-02
53440 -1.412454e-03 2.883256e-03 1.691755e-01 -2.047090e-02 9.148148e-02 2.697742e+00 -2.530602e-01 1.176417e+00 3.357460e+01 1509 1.205503e-02
28432 -1.371145e-02 1.749186e-02 1.364822e-01 -2.307462e-01 3.072735e-01 1.236590e+00 -7.053108e+00 9.417210e+00 3.575086e+01 725 6.522042e-03
53451 1.526160e-03 2.352850e-02 1.781009e-01 -2.542822e-02 2.892815e-01 1.385267e+00 -7.657287e-01 7.549597e+00 3.429356e+01 393 5.584758e-03
78590 -7.987196e-03 1.585895e-02 1.579130e-01 -8.205254e-02 1.284833e-01 1.053987e+00 -1.998480e+00 3.038904e+00 2.417847e+01 965 9.740380e-03
66043 -2.319937e-02 2.449496e-03 1.670083e-01 -3.360454e-01 2.042523e-02 1.352933e+00 -8.670552e+00 4.981989e-01 3.286800e+01 403 5.538924e-03
16011 4.610260e-03 4.650167e-03 1.362654e-01 1.660009e-02 1.444749e-02 3.514175e-01 1.465443e+00 1.197467e+00 2.629672e+01 2006 1.443932e-02
41176 3.025164e-03 4.600057e-03 1.059530e-01 8.701461e-03 3.039931e-02 2.195844e-01 1.134775e+00 5.157651e+00 2.271660e+01 1022 7.833448e-03
66139 -3.305649e-03 1.221767e-02 1.224528e-01 -3.458723e-03 8.410475e-02 3.721176e-01 -1.354886e-02 6.362860e+00 2.209830e+01 908 7.644229e-03
16088 3.740459e-03 -2.271030e-02 1.800839e-01 3.797095e-01 -1.248907e+00 5.440073e+00 2.393901e+00 -7.807542e+00 3.349184e+01 506 6.472564e-03
91222 -5.095235e-03 -6.738135e-03 8.848798e-02 -2.657145e-02 -3.931712e-02 1.617458e-01 -6.036365e+00 -9.157045e+00 2.059073e+01 1948 1.233851e-02
5778 -1.971205e-02 -6.888976e-03 1.326453e-01 -1.731070e-01 -5.179782e-02 5.618179e-01 -9.364705e+00 -2.741668e+00 2.620082e+01 1411 1.078048e-02
16120 2.259143e-02 -1.824136e-02 1.325960e-01 9.990641e-02 -9.474671e-02 3.322277e-01 6.191218e+00 -6.126383e+00 1.598608e+01 1909 1.534913e-02
53637 -7.822998e-03 2.828080e-02 2.087776e-01 -4.863656e-02 1.308989e-01 7.397344e-01 -2.048142e+00 5.149671e+00 2.664495e+01 561 8.481137e-03
53640 3.874219e-03 6.575371e-03 1.096979e-01 2.379194e-02 2.408685e-02 2.331898e-01 4.728348e+00 4.157119e+00 2.931625e+01 917 7.148103e-03
5917 1.808754e-02 -1.336749e-03 1.297765e-01 1.820645e-01 -3.481658e-02 7.228308e-01 6.726365e+00 -1.373348e+00 2.432719e+01 896 7.857592e-03
16194 -1.541986e-03 -1.946078e-03 1.251735e-01 -8.341961e-03 -6.740154e-03 4.765590e-01 -4.029710e-01 -2.841001e-01 2.082334e+01 547 6.690821e-03
78818 -8.964513e-03 1.478215e-03 9.177858e-02 -5.909602e-02 1.183014e-02 2.326236e-01 -9.109961e+00 1.881165e+00 2.559454e+01 2166 1.370522e-02
91339 4.025065e-03 4.904237e-03 9.394030e-02 1.864127e-02 2.747005e-02 2.276479e-01 3.246668e+00 5.012499e+00 2.970021e+01 1330 8.862073e-03
91354 6.828286e-03 6.740254e-03 1.123455e-01 3.407643e-02 2.017605e-02 2.637423e-01 5.270377e+00 2.598771e+00 2.928340e+01 601 5.216085e-03
16236 7.510604e-03 1.368131e-02 1.458325e-01 5.318829e-02 1.070173e-01 5.948654e-01 2.753279e+00 5.625940e+00 2.706602e+01 2994 2.104565e-02
91442 8.779187e-03 5.399872e-03 1.994496e-01 2.366692e-01 1.549068e-01 2.406613e+00 3.954013e+00 2.594025e+00 3.829545e+01 1587 1.268890e-02
16315 8.060673e-03 -2.053210e-02 3.161409e-01 1.070651e-01 -3.517578e-01 2.592212e+00 1.294410e+00 -4.330532e+00 2.975795e+01 1317 1.707848e-02
16321 -6.961134e-03 -4.291642e-03 1.180494e-01 -1.761650e-01 -6.414272e-02 8.286579e-01 -5.175946e+00 -1.830844e+00 2.173751e+01 886 7.930524e-03
6161 -1.998832e-02 -7.540897e-03 1.279932e-01 -1.934965e-01 -6.382433e-02 6.010378e-01 -1.076198e+01 -3.491025e+00 2.934098e+01 845 7.164014e-03
53819 5.192372e-03 -3.937293e-03 9.601393e-02 2.851925e-02 -1.942557e-02 2.147106e-01 5.411246e+00 -3.592889e+00 2.753462e+01 512 4.212470e-03
53840 5.648036e-06 6.101999e-03 8.937647e-02 -2.621618e-02 8.566199e-02 3.241491e-01 -3.044196e+00 9.236435e+00 2.725569e+01 1604 1.016172e-02
53846 -1.125078e-02 1.304222e-02 1.516502e-01 -1.544711e-01 1.313439e-01 1.178208e+00 -4.952034e+00 4.090438e+00 3.549460e+01 1785 1.342140e-02
41502 4.041675e-03 -8.073881e-03 1.033712e-01 1.792519e-02 -3.490096e-02 2.060952e-01 3.748292e+00 -7.242817e+00 2.773359e+01 705 5.402681e-03
6303 -2.845893e-03 -6.315712e-03 1.414643e-01 -1.074815e-03 -6.198926e-02 6.628346e-01 1.126691e-01 -3.541737e+00 3.316757e+01 900 7.695581e-03
41561 -3.827610e-03 -1.284171e-02 1.930874e-01 -1.315520e-01 -8.366939e-02 1.805647e+00 -1.538358e+00 -8.530739e-01 1.942224e+01 1559 1.668154e-02
6355 -6.940571e-03 -5.195232e-03 1.554696e-01 -2.572370e-02 -3.481239e-02 4.881762e-01 -2.007050e+00 -3.164707e+00 3.555099e+01 1154 9.287438e-03
28923 4.580379e-03 -3.588074e-03 1.257435e-01 7.486384e-02 -9.905699e-03 9.809964e-01 2.688172e+00 -2.416338e-01 3.271135e+01 738 6.184228e-03
16474 1.353566e-02 -2.118002e-03 1.374546e-01 7.411488e-02 -7.168167e-03 5.011575e-01 3.940725e+00 -3.285171e-01 2.365915e+01 1434 1.150160e-02
16487 2.287934e-02 1.070693e-02 1.694184e-01 8.015586e-01 3.135560e-01 3.559506e+00 6.257983e+00 2.433896e+00 2.724499e+01 567 7.270704e-03
66572 5.298795e-03 1.921265e-03 9.919600e-02 3.447727e-02 1.667016e-02 3.557384e-01 2.655251e+00 1.342155e+00 2.334544e+01 1074 7.815612e-03
66573 8.071518e-03 -4.256302e-03 1.099415e-01 2.793606e-02 -1.497186e-02 2.461086e-01 5.113225e+00 -2.758236e+00 3.505005e+01 361 3.166234e-03
6451 7.506470e-03 -6.898927e-04 1.028868e-01 5.238791e-02 4.301250e-04 3.860843e-01 4.573013e+00 1.141197e-01 2.885527e+01 554 4.523988e-03
91672 -1.985083e-03 -1.575341e-02 3.186837e-01 2.209699e-02 -3.440413e-01 3.362852e+00 3.015458e-01 -4.110687e+00 3.811784e+01 1330 1.476694e-02
79158 -4.696865e-03 -1.305999e-02 1.072815e-01 -1.578925e-02 -5.175997e-02 2.061764e-01 -1.861570e+00 -6.494789e+00 1.659695e+01 2093 1.435188e-02
29010 -9.924680e-03 -7.361058e-05 1.577034e-01 -1.109633e-01 -1.213767e-02 1.864539e+00 -1.747244e+00 -2.086218e-01 2.951603e+01 1236 1.000896e-02
66677 3.843604e-03 1.184945e-02 1.221469e-01 6.746027e-02 2.552420e-01 1.034540e+00 2.507821e+00 9.594731e+00 3.596727e+01 1599 1.130231e-02
29066 -1.317993e-02 1.262017e-03 1.462867e-01 -3.806114e-01 1.158051e-01 2.909111e+00 -5.161260e+00 1.608972e+00 3.880902e+01 3489 2.323196e-02
66683 -2.058975e-02 3.460520e-03 1.956874e-01 -3.366135e-01 6.403222e-03 2.022416e+00 -5.298789e+00 4.934047e-02 3.062888e+01 653 8.225055e-03
91784 -1.271417e-02 -5.485128e-03 1.091126e-01 -3.637483e-01 -1.663313e-01 1.183186e+00 -8.882176e+00 -4.069872e+00 2.717714e+01 1214 9.137429e-03
79276 -8.078426e-04 -3.044976e-04 1.187714e-01 -3.517515e-02 -2.763805e-02 5.659285e-01 -2.581041e+00 -2.052795e+00 3.358223e+01 795 6.454028e-03
41772 -1.078299e-02 -1.043783e-02 1.023770e-01 -9.050397e-02 -1.707904e-01 4.912479e-01 -3.389380e+00 -6.817473e+00 1.653305e+01 723 6.318452e-03
41806 8.203286e-03 2.876322e-03 1.334517e-01 5.308191e-02 2.542201e-02 6.519864e-01 3.266384e+00 1.640934e+00 3.774031e+01 1611 1.115170e-02
6748 -8.803911e-03 -4.162042e-03 1.279293e-01 -4.385193e-02 -2.219491e-02 2.722327e-01 -4.973201e+00 -2.558806e+00 2.047619e+01 1641 1.289797e-02
16753 3.622027e-03 -1.845291e-02 3.183169e-01 2.107838e-01 -9.510229e-01 9.722107e+00 5.681425e-01 -2.557580e+00 2.578996e+01 667 1.385438e-02
91898 -7.325425e-03 1.146248e-02 1.501018e-01 -1.184621e-01 1.711331e-01 1.357296e+00 -2.885518e+00 4.145636e+00 3.134321e+01 1435 1.094727e-02
79436 5.829200e-03 5.158643e-03 9.311960e-02 6.096635e-02 3.388215e-02 2.654178e-01 7.397101e+00 3.853494e+00 2.311522e+01 1278 8.640606e-03
29266 -4.666822e-03 1.091150e-02 1.167532e-01 -4.466708e-02 9.041838e-02 4.991852e-01 -2.739340e+00 5.444873e+00 2.619011e+01 1404 1.033649e-02
29270 2.120624e-02 -5.855841e-03 2.056425e-01 8.682383e-02 -3.697356e-02 5.448529e-01 5.532216e+00 -2.623534e+00 2.859881e+01 1589 1.396083e-02
29344 1.547961e-02 -3.084698e-03 2.912063e-01 2.236811e-01 -1.967586e-01 5.761543e+00 1.174536e+00 -1.092581e+00 3.086005e+01 1460 1.618845e-02
7084 5.546749e-03 9.971731e-04 1.462501e-01 4.328964e-02 -7.877757e-02 1.347947e+00 8.311913e-01 -1.756836e+00 2.646432e+01 316 5.037698e-03
66977 7.680978e-03 -2.080036e-04 1.550620e-01 1.297187e-01 -5.203911e-03 1.416045e+00 3.825799e+00 -1.566183e-01 3.953093e+01 2459 1.723642e-02
79546 -2.662148e-03 -6.481166e-03 1.424515e-01 -1.530653e-01 -1.383039e-01 1.815325e+00 -3.395470e+00 -2.976004e+00 3.776646e+01 2094 1.404248e-02
16928 -2.219354e-03 -1.999540e-02 1.280543e-01 -1.378047e-02 -1.026495e-01 3.731884e-01 -1.410091e+00 -1.008120e+01 2.989863e+01 510 5.081307e-03
42060 1.923306e-03 3.324034e-03 1.927234e-01 1.990175e-02 1.032432e-01 4.316457e+00 1.739547e-01 9.667914e-01 3.990016e+01 1014 9.472496e-03
92095 -4.270024e-03 -6.789507e-03 1.170796e-01 -2.739702e-02 -3.548441e-02 3.077787e-01 -4.067745e+00 -5.047069e+00 3.354154e+01 651 4.994362e-03
42139 1.449967e-02 9.928332e-03 1.639630e-01 2.285458e-01 9.431166e-02 1.442142e+00 3.615921e+00 1.425503e+00 2.159252e+01 1529 1.382498e-02
17033 5.324205e-03 5.516443e-03 9.853656e-02 5.224142e-02 6.251288e-02 4.061443e-01 4.182892e+00 5.081503e+00 2.742469e+01 1377 9.504089e-03
79679 -2.584869e-02 -7.168999e-04 1.945347e-01 -4.672125e-01 -5.569762e-02 2.069427e+00 -6.626862e+00 -8.255086e-01 2.815059e+01 1228 1.168645e-02
92249 -2.180190e-03 -1.060107e-02 1.775900e-01 5.955527e-02 -1.346334e-01 1.855766e+00 1.081950e+00 -2.173741e+00 2.941102e+01 657 7.441377e-03
7414 -2.065405e-04 5.034582e-03 1.062357e-01 -1.819656e-02 2.812662e-02 4.110556e-01 -1.920010e+00 2.464530e+00 3.253232e+01 782 6.017291e-03
54604 1.197268e-03 -5.983305e-03 9.652139e-02 -5.326553e-03 -3.094492e-02 2.204525e-01 -1.891548e+00 -7.237490e+00 3.593318e+01 449 3.368930e-03
67228 9.756772e-05 6.480429e-03 8.575681e-02 1.379221e-03 3.131350e-02 1.421731e-01 4.639065e-01 8.988562e+00 2.042041e+01 2004 1.291700e-02
7503 1.281319e-02 8.345492e-04 1.911477e-01 2.169543e-01 -7.651452e-02 2.067775e+00 2.338302e+00 -8.859824e-01 2.149552e+01 1132 1.290648e-02
54635 -1.074563e-03 2.026660e-02 1.839702e-01 5.772684e-03 5.783113e-02 3.532169e-01 1.052383e+00 5.773454e+00 2.601225e+01 738 9.004256e-03
7585 -2.065231e-03 -2.335041e-02 2.219039e-01 -2.879883e-02 -1.754416e-01 1.267090e+00 -7.753888e-01 -4.411295e+00 3.031488e+01 2407 1.945157e-02
42345 3.065682e-03 3.355295e-03 2.295732e-01 1.407247e-02 2.502286e-02 1.221993e+00 3.469918e-01 6.830756e-01 3.128627e+01 1268 1.261180e-02
7644 -3.635472e-03 -2.066124e-03 1.361851e-01 -2.449561e-02 -5.749854e-03 4.973403e-01 -1.760115e+00 -3.108219e-01 3.047317e+01 1609 1.183634e-02
92414 1.889384e-02 1.923938e-02 2.138370e-01 2.427551e-01 1.745296e-01 1.634103e+00 5.533661e+00 3.838643e+00 3.510776e+01 2254 1.781284e-02
29791 2.930041e-03 -8.109593e-03 1.038828e-01 7.502364e-04 -3.421279e-02 2.351575e-01 -3.807540e-01 -4.559535e+00 2.293021e+01 927 7.133599e-03
42487 -9.133521e-03 -7.587997e-04 1.374640e-01 -3.092259e-02 -1.112732e-02 2.722442e-01 -5.493571e+00 -2.614164e+00 3.398146e+01 399 4.411900e-03
92566 -1.736181e-02 2.317997e-02 1.541444e-01 -2.089758e-01 2.242550e-01 9.308439e-01 -7.299062e+00 7.659454e+00 2.958645e+01 590 6.126182e-03
8059 -7.122681e-03 3.124791e-03 1.078719e-01 -1.435342e-01 4.186017e-02 7.806042e-01 -6.965010e+00 1.977783e+00 3.434891e+01 840 6.449188e-03
42648 8.543739e-03 9.592927e-03 2.321147e-01 2.901432e-02 1.512707e-01 2.335952e+00 3.480123e-01 2.408608e+00 3.576653e+01 822 9.607535e-03
42650 8.046680e-03 -2.228732e-02 1.351758e-01 7.812255e-02 -1.399212e-01 4.543526e-01 5.086055e+00 -8.537783e+00 2.316562e+01 1802 1.350845e-02
17507 -1.407627e-02 1.700844e-03 1.203151e-01 -9.284752e-02 1.948165e-02 3.246881e-01 -6.196354e+00 1.398685e+00 1.607652e+01 1235 1.070906e-02
17522 1.451665e-02 3.222506e-03 1.230327e-01 4.495719e-02 1.504951e-02 2.464154e-01 9.671659e+00 3.757711e+00 3.920151e+01 974 7.334842e-03
29976 -1.020741e-02 -9.157137e-04 1.725241e-01 -1.942267e-01 -8.915858e-02 1.351416e+00 -4.289038e+00 -2.056725e+00 2.747707e+01 962 9.391103e-03
8125 -1.557237e-03 -3.687817e-03 9.642177e-02 -3.330837e-02 -3.614951e-02 2.527000e-01 -5.180582e+00 -5.296519e+00 2.549869e+01 590 4.860719e-03
92729 -9.854189e-03 1.189220e-02 2.569163e-01 -3.495132e-01 4.225841e-01 4.851763e+00 -2.615420e+00 3.162383e+00 3.538094e+01 582 9.216442e-03
55099 -5.590270e-03 -1.544436e-04 9.588199e-02 -3.600610e-02 2.235573e-02 2.237778e-01 -8.105384e+00 5.998638e+00 3.408241e+01 741 5.143522e-03
8306 -6.621661e-03 -2.652436e-03 1.179034e-01 -2.920793e-02 -1.807163e-02 3.235202e-01 -3.413429e+00 -2.330279e+00 3.107454e+01 444 4.154636e-03
42815 -1.273686e-02 6.190179e-04 1.283179e-01 -5.371611e-02 2.134060e-03 2.992288e-01 -9.784894e+00 3.617567e-01 4.080954e+01 1710 1.172540e-02
30118 4.337940e-03 2.094453e-03 1.388676e-01 2.126809e-02 2.368287e-02 4.305722e-01 1.762941e+00 2.248007e+00 3.037526e+01 959 8.207173e-03
55169 1.701452e-02 -2.194164e-02 1.354719e-01 2.604829e-01 -3.189102e-01 7.775586e-01 7.933800e+00 -9.677187e+00 2.092341e+01 1997 1.480225e-02
8385 3.090093e-03 2.801562e-03 1.344945e-01 6.268910e-02 1.457077e-02 6.418638e-01 3.671371e+00 7.249977e-01 3.125457e+01 1733 1.270255e-02
55186 1.733217e-02 -2.706890e-03 1.175602e-01 1.465067e-01 -5.700487e-02 4.994755e-01 6.296904e+00 -2.646878e+00 1.861732e+01 474 5.581234e-03
55212 4.598251e-03 -1.199254e-03 8.450445e-02 3.020866e-02 -1.718305e-02 2.616470e-01 4.559330e+00 -2.845538e+00 3.153606e+01 2740 1.649567e-02
80413 -2.004468e-02 1.496733e-03 3.135483e-01 -2.992541e-02 1.462544e-03 5.155814e-01 -1.321239e+00 -4.571716e-03 2.701559e+01 966 1.512795e-02
42912 5.353631e-03 -3.218090e-03 1.069682e-01 3.508637e-02 -9.437770e-03 3.920431e-01 3.217486e+00 -6.730538e-01 3.084897e+01 543 4.329007e-03
8499 -4.244724e-03 6.835800e-03 8.779639e-02 -3.428411e-02 3.983302e-02 1.779411e-01 -8.274785e+00 9.089563e+00 2.483166e+01 822 5.351253e-03
8509 -2.307423e-02 -6.078138e-03 1.985257e-01 -4.485106e-01 -1.756764e-01 2.140729e+00 -7.129502e+00 -2.842143e+00 3.254761e+01 694 8.106063e-03
92966 -2.906656e-03 5.696856e-03 8.473760e-02 -6.930618e-03 3.757748e-02 1.389157e-01 -1.249459e+00 9.899089e+00 1.682256e+01 417 3.406644e-03
42993 -4.600298e-03 5.275765e-03 9.761001e-02 -7.424658e-02 4.927387e-02 3.824605e-01 -7.957764e+00 5.027210e+00 3.254694e+01 565 4.461848e-03
80537 -2.085482e-02 -2.459431e-03 1.149972e-01 -4.928056e-02 -5.983637e-03 1.618886e-01 -6.487613e+00 -8.043306e-01 1.070206e+01 1607 1.388090e-02
80538 1.852066e-03 6.484445e-03 1.579190e-01 8.491936e-02 1.182478e-01 2.207349e+00 1.110255e+00 1.493799e+00 2.739212e+01 585 7.046008e-03
93089 6.305401e-03 -7.355406e-04 1.145790e-01 2.829698e-02 -1.318662e-02 2.263409e-01 4.160191e+00 -2.355395e+00 2.114223e+01 510 5.691278e-03
8815 2.260815e-03 4.939425e-04 1.250487e-01 2.376697e-02 -2.619343e-03 6.176959e-01 1.067385e+00 -1.545174e-01 2.445088e+01 2097 1.521082e-02
43136 6.428399e-04 3.566122e-04 1.200542e-01 8.168220e-02 4.488765e-02 1.233847e+00 2.090178e+00 1.148551e+00 2.872710e+01 882 7.638922e-03
93182 -7.864393e-03 -1.513089e-02 1.493979e-01 -4.658049e-02 -1.282645e-01 6.717530e-01 -3.259196e+00 -9.523810e+00 4.397287e+01 684 6.020268e-03
8923 2.478474e-03 -6.431786e-03 1.071183e-01 2.250303e-02 -4.092435e-02 3.423811e-01 3.034779e+00 -5.227446e+00 3.565475e+01 1288 8.279855e-03
43201 -5.338133e-03 -1.604911e-03 9.745112e-02 -5.179031e-02 -2.512886e-02 2.877302e-01 -7.259466e+00 -3.676282e+00 2.973648e+01 513 4.145899e-03
55521 -1.305605e-02 1.263035e-02 1.760669e-01 -2.228134e-01 2.152781e-01 1.647244e+00 -4.435510e+00 4.285171e+00 3.110939e+01 1458 1.175799e-02
68178 1.852464e-02 -1.175650e-02 1.357809e-01 2.615595e-01 -1.557818e-01 8.356742e-01 8.465440e+00 -5.016721e+00 2.437883e+01 609 6.468877e-03
9010 3.113004e-03 -4.483102e-03 1.952537e-01 -1.577684e-02 -3.317729e-02 5.494873e-01 -1.370595e+00 -2.081971e+00 2.570222e+01 2067 1.789034e-02
43303 8.510316e-03 -1.707357e-03 2.100425e-01 3.959852e-02 -1.429977e-02 9.741216e-01 1.083137e+00 -4.387294e-01 2.662110e+01 1835 1.651335e-02
30650 -2.439326e-02 -5.105689e-03 1.666447e-01 -3.545778e-01 -5.664837e-02 1.445844e+00 -7.331394e+00 -1.144450e+00 2.840326e+01 1132 1.015081e-02
18210 -2.172934e-02 -9.303813e-03 1.833080e-01 -9.679528e-02 -4.963655e-02 6.100656e-01 -6.689156e+00 -3.594066e+00 3.802854e+01 2003 1.485640e-02
9333 -2.141407e-03 2.258572e-02 2.070547e-01 -1.472175e-01 1.350218e+00 8.704690e+00 -5.478264e-01 5.013312e+00 3.208819e+01 1430 1.288266e-02
9357 -1.098425e-02 1.355609e-03 1.376206e-01 -4.151491e-02 1.087587e-02 3.612084e-01 -6.454035e+00 2.012539e+00 4.726540e+01 224 2.887738e-03
30743 -1.101194e-02 9.850499e-03 1.245123e-01 -6.332862e-02 4.886275e-02 3.591957e-01 -7.217585e+00 5.382112e+00 3.237680e+01 709 5.973272e-03
43483 -3.812311e-03 -2.606144e-03 1.252957e-01 -2.716047e-02 -2.232486e-02 4.894886e-01 -2.401772e+00 -2.028419e+00 3.746368e+01 322 3.769046e-03
18376 -2.465623e-02 -1.292115e-02 1.473289e-01 -1.559654e-01 -8.712385e-02 5.292015e-01 -8.390432e+00 -4.741427e+00 2.440101e+01 728 7.616173e-03
30926 6.897064e-03 -6.258965e-03 1.076723e-01 3.859815e-02 -3.017013e-02 2.641242e-01 4.262400e+00 -3.214999e+00 2.103590e+01 427 4.443021e-03
81179 -5.332067e-03 -1.997032e-04 1.510109e-01 -5.425462e-02 3.339085e-03 7.455786e-01 -2.361829e+00 1.708417e-01 2.870389e+01 1768 1.347762e-02
43681 -9.088216e-03 7.974427e-03 2.017488e-01 -2.756166e-01 3.479204e-01 4.843818e+00 -2.406033e+00 3.068796e+00 4.190538e+01 1271 1.170884e-02
68653 3.709200e-03 -1.918923e-02 2.280072e-01 4.731280e-02 -2.335135e-01 2.111368e+00 6.076153e-01 -2.986605e+00 2.624459e+01 587 9.508512e-03
18559 1.788710e-02 7.569076e-03 1.363445e-01 1.447510e+00 4.368376e-01 5.390534e+00 9.341822e+00 2.805039e+00 3.433331e+01 758 6.476351e-03
81253 -2.012339e-03 -2.286792e-03 1.057196e-01 -1.394419e-02 -3.005701e-02 3.929970e-01 -1.222667e+00 -2.845638e+00 2.943756e+01 602 4.954606e-03
43771 7.277342e-03 6.741452e-03 1.020734e-01 1.434897e-01 1.341892e-01 7.231799e-01 6.101520e+00 5.708915e+00 2.782195e+01 845 6.102027e-03
9854 2.298677e-03 1.706089e-03 1.282804e-01 2.238538e-03 3.345203e-02 7.187077e-01 -2.655632e-03 1.401849e+00 2.607231e+01 667 6.358938e-03
31073 -8.686737e-03 5.641683e-03 1.422796e-01 -3.000217e-02 2.163973e-02 3.820151e-01 -2.343569e+00 1.758938e+00 2.635821e+01 1853 1.423884e-02
31075 -2.170478e-02 3.040596e-03 1.712827e-01 -3.677320e-01 4.266646e-02 1.854359e+00 -7.111752e+00 8.144138e-01 3.459155e+01 1969 1.534014e-02
9967 -4.118334e-03 5.559522e-03 1.092872e-01 -3.904143e-02 3.671921e-02 3.575620e-01 -4.207232e+00 3.753849e+00 2.990999e+01 758 5.877261e-03
81370 -6.505493e-03 -5.237444e-03 1.166248e-01 -5.030412e-02 -6.494795e-02 9.613134e-01 -1.525755e+00 -2.080056e+00 2.942530e+01 663 5.700936e-03
68815 -7.436153e-03 -1.463712e-02 1.140555e-01 -5.007190e-02 -1.043222e-01 3.399334e-01 -4.157132e+00 -8.744601e+00 2.202388e+01 993 7.974600e-03
43920 3.032010e-04 1.315271e-03 1.091031e-01 9.283127e-03 -2.617520e-03 6.005981e-01 4.860612e-01 -2.128723e-01 2.660341e+01 715 6.052454e-03
81441 -8.852959e-03 4.750377e-03 1.140913e-01 -3.935115e-02 2.050909e-02 2.361542e-01 -5.627795e+00 2.907936e+00 2.252413e+01 1770 1.256458e-02
18749 -1.053936e-02 5.479340e-03 1.258429e-01 -1.701136e-01 9.594032e-02 1.187261e+00 -5.592005e+00 3.170050e+00 3.719557e+01 1074 7.973092e-03
10112 9.309610e-03 -1.708271e-02 2.063594e-01 1.641467e-02 -3.044416e-02 2.906744e-01 2.799400e+00 -5.264420e+00 3.322016e+01 798 8.974907e-03
56274 1.846979e-04 9.753535e-03 1.485097e-01 -1.969661e-02 7.065507e-02 8.575007e-01 -7.855723e-01 2.406409e+00 2.801443e+01 416 5.315591e-03
69033 4.062632e-03 -1.935049e-02 3.498542e-01 -7.145595e-02 -8.005120e-01 1.315991e+01 -1.743214e-01 -1.803175e+00 2.956977e+01 2380 2.404274e-02
69049 2.494119e-03 2.814240e-02 2.112378e-01 -1.552575e-03 1.469626e+00 7.142112e+00 -1.991049e-02 7.092369e+00 3.410119e+01 1474 1.292262e-02
81668 3.741224e-03 2.090796e-02 1.380675e-01 8.144085e-02 8.125684e-01 2.595036e+00 1.029216e+00 1.048640e+01 3.254523e+01 1383 1.045607e-02
10539 1.801216e-02 1.337692e-02 2.274068e-01 4.524668e-02 3.737019e-02 4.476930e-01 4.136678e+00 3.644361e+00 3.345948e+01 1035 1.095375e-02
19042 1.660702e-03 6.312476e-03 1.349161e-01 1.260977e-02 2.241290e-02 4.399240e-01 1.457422e+00 2.143117e+00 4.059938e+01 1505 1.033579e-02
69238 8.328478e-04 -2.101406e-02 1.562390e-01 -4.977613e-03 -1.863874e-01 8.880461e-01 -2.610842e-01 -7.430799e+00 3.288263e+01 1582 1.198313e-02
31540 -9.844229e-03 4.204277e-03 1.046832e-01 -5.307887e-02 1.266325e-02 2.604496e-01 -6.278581e+00 1.228421e+00 2.262057e+01 704 5.650110e-03
31559 1.075373e-03 4.116819e-04 3.328449e-01 -2.802760e-02 1.318939e-02 1.123141e+00 -1.023316e+00 4.492884e-01 2.778830e+01 837 1.500116e-02
31568 -3.924388e-03 1.317879e-02 1.236690e-01 -1.621522e-02 4.376224e-02 2.542923e-01 -3.289424e+00 8.185122e+00 3.495904e+01 2481 1.627867e-02
10774 4.716490e-03 -4.333427e-03 1.203194e-01 2.500055e-02 -3.262955e-02 4.022453e-01 2.441901e+00 -3.406435e+00 3.393972e+01 1330 9.601018e-03
44375 7.556504e-03 3.217990e-03 1.312090e-01 4.434444e-02 -3.646298e-03 4.059380e-01 3.458730e+00 -6.453669e-01 2.582948e+01 1180 9.987563e-03
69318 -5.651507e-03 -1.454926e-02 2.375633e-01 -1.285812e-01 -1.693338e-01 2.518400e+00 -1.756731e+00 -2.211953e+00 3.259437e+01 2064 1.728289e-02
19194 1.680063e-02 2.995762e-03 1.956821e-01 3.719230e-01 1.247635e-01 2.642583e+00 5.261230e+00 1.804021e+00 3.625147e+01 803 8.322924e-03
94437 7.834954e-03 -7.969407e-03 1.027734e-01 9.760197e-02 -8.453644e-02 4.179726e-01 8.033987e+00 -6.852612e+00 2.820976e+01 3554 2.217018e-02
81911 -3.832444e-03 3.711267e-03 9.599452e-02 -4.295594e-02 1.392358e-02 2.162639e-01 -7.436436e+00 1.941116e+00 2.286032e+01 1278 8.464105e-03
81939 -6.248388e-03 -2.399789e-06 1.882822e-01 -8.036895e-02 -2.045757e-03 1.841051e+00 -1.785232e+00 -4.921532e-02 3.980779e+01 800 7.855930e-03
10904 -5.367336e-05 4.233560e-03 2.100333e-01 -1.967389e-02 1.556309e-02 8.965031e-01 -8.636100e-01 4.986842e-01 3.021588e+01 965 1.060805e-02
94492 3.758270e-03 1.589360e-02 1.319862e-01 2.764637e-02 9.904429e-02 4.225938e-01 2.541233e+00 8.845630e+00 3.091504e+01 1079 8.258437e-03
10929 -1.001061e-02 -2.513088e-02 1.824154e-01 -9.879137e-02 -2.418065e-01 1.249035e+00 -3.060858e+00 -7.470238e+00 3.677342e+01 2208 1.643819e-02
10964 3.258699e-03 2.962221e-02 3.349781e-01 -4.097175e-02 2.904498e-01 4.451332e+00 -2.932354e-01 1.729213e+00 2.729026e+01 2027 2.221612e-02
44506 -1.535154e-03 -6.229119e-03 9.985354e-02 -1.077706e-02 -3.189463e-02 2.939708e-01 -2.132581e+00 -5.922347e+00 4.479278e+01 1002 6.677680e-03
31744 2.283037e-03 -1.403245e-02 1.708366e-01 7.774595e-02 -1.292545e-01 1.308944e+00 1.746258e+00 -2.666310e+00 2.633651e+01 602 7.844356e-03
31745 4.466889e-03 3.062474e-03 1.090463e-01 4.307112e-02 2.240468e-02 4.947693e-01 3.580776e+00 1.794107e+00 3.577815e+01 2996 1.874466e-02
94568 2.685472e-02 -7.176031e-03 3.325211e-01 2.920714e+00 -3.414652e-01 2.306608e+01 4.067972e+00 -4.699189e-01 3.195714e+01 1001 1.460282e-02
69459 2.411458e-03 -8.209866e-03 9.772814e-02 6.105477e-03 -4.930301e-02 2.783057e-01 5.885438e-01 -6.547101e+00 2.877024e+01 998 6.617863e-03
56823 -2.642569e-02 5.264634e-03 1.967272e-01 -1.144341e-01 1.712937e-02 5.654313e-01 -6.761282e+00 9.115135e-01 2.832585e+01 1082 1.131052e-02
44575 -5.675052e-03 5.197389e-03 9.247494e-02 -7.866317e-02 7.552761e-02 3.663960e-01 -8.185645e+00 7.887560e+00 3.072035e+01 743 5.151449e-03
19393 9.804026e-03 -4.273185e-03 1.011322e-01 6.230160e-02 -3.478733e-02 2.685207e-01 9.719100e+00 -5.649213e+00 3.098935e+01 1200 8.425234e-03
11250 -1.046634e-02 -4.878075e-03 9.615120e-02 -6.227957e-02 -2.344746e-02 2.146195e-01 -7.253116e+00 -2.599450e+00 1.658387e+01 1590 1.116846e-02
69603 -7.523152e-03 -5.578320e-04 1.007729e-01 -6.100169e-02 -8.278135e-03 3.240570e-01 -8.314748e+00 -1.200339e+00 3.471582e+01 994 6.953623e-03
31905 3.987748e-04 -1.036476e-02 1.118788e-01 9.983655e-04 -4.420074e-02 2.680224e-01 1.154466e-01 -6.514857e+00 3.006425e+01 538 4.735831e-03
94749 -2.265289e-03 9.191793e-03 9.286288e-02 -1.978747e-02 1.385416e-01 4.266448e-01 -1.738660e+00 1.283490e+01 3.311991e+01 482 3.774167e-03
69633 -1.471901e-02 -4.647155e-03 2.189001e-01 -9.827587e-02 -3.250433e-02 1.014641e+00 -4.084022e+00 -1.361580e+00 3.889357e+01 1576 1.305744e-02
56969 1.379137e-02 -7.298659e-03 1.303360e-01 9.897053e-02 -4.305974e-02 5.072609e-01 6.111033e+00 -2.565617e+00 2.704183e+01 599 6.082805e-03
69641 -1.247653e-02 -6.864917e-04 1.690363e-01 -3.911211e-01 5.974153e-02 3.636938e+00 -4.592639e+00 7.329409e-01 4.206272e+01 505 5.593616e-03
82230 1.441403e-02 -1.072670e-02 1.897729e-01 6.340405e-01 -8.250437e-01 4.584648e+00 2.813932e+00 -3.698087e+00 1.995861e+01 1399 1.427454e-02
19514 8.399919e-03 8.348962e-03 1.202292e-01 9.652031e-02 4.122889e-02 5.727390e-01 5.347720e+00 1.995369e+00 2.746125e+01 495 4.954869e-03
57012 -5.071891e-03 1.772342e-02 1.710933e-01 -1.389373e-02 6.446658e-02 5.231492e-01 -5.095826e-01 2.700061e+00 2.033608e+01 424 7.651146e-03
44766 5.013557e-03 8.506658e-04 1.863042e-01 1.467586e-02 -6.556377e-02 1.491179e+00 2.033601e-01 -1.397808e+00 2.746336e+01 594 7.840931e-03
31998 -6.462830e-03 -6.013228e-03 1.041993e-01 -4.678279e-02 -6.355546e-02 3.774341e-01 -3.429187e+00 -4.893930e+00 2.323844e+01 727 5.824742e-03
32016 4.677450e-03 -4.512478e-03 9.863246e-02 4.005784e-02 -9.834659e-03 2.549095e-01 5.125601e+00 -7.710312e-01 2.264005e+01 1603 1.126034e-02
19608 3.088729e-03 -2.591842e-03 1.003791e-01 2.231042e-02 -2.239724e-02 2.761596e-01 2.949420e+00 -3.038985e+00 2.697215e+01 817 6.019147e-03
11516 -6.715630e-03 1.177811e-02 1.309142e-01 -1.052202e-01 1.389792e-01 1.007501e+00 -3.763104e+00 4.859379e+00 3.348768e+01 1822 1.262489e-02
69771 7.067436e-03 2.707808e-02 1.965468e-01 -1.997953e-02 3.563508e-01 1.564079e+00 -4.968232e-01 6.048380e+00 2.512007e+01 847 1.040791e-02
11525 1.116902e-03 -1.605307e-02 1.448595e-01 5.046323e-03 -4.045501e-02 2.674399e-01 8.302761e-01 -5.156064e+00 2.590090e+01 906 8.689954e-03
44854 -9.632267e-03 5.180022e-03 1.922995e-01 -4.922560e-02 3.238312e-02 5.864835e-01 -3.018930e+00 2.074193e+00 3.005592e+01 1099 1.074329e-02
44888 -7.962643e-03 9.191677e-03 1.692000e-01 -2.331048e-02 2.352988e-02 3.311696e-01 -3.952524e+00 3.692513e+00 4.171197e+01 417 5.083561e-03
11590 -5.610634e-03 1.526348e-02 1.271225e-01 -2.476961e-02 8.142664e-02 3.541445e-01 -2.163334e+00 7.470806e+00 2.563416e+01 1638 1.171416e-02
11646 -6.414595e-03 2.648945e-02 1.562633e-01 -1.439663e-01 1.030178e+00 2.930730e+00 -1.681443e+00 1.226916e+01 3.391529e+01 960 8.586141e-03
32133 5.124057e-03 -6.718074e-03 1.267875e-01 4.756129e-02 -2.548184e-02 4.860490e-01 3.536079e+00 -1.563490e+00 2.993544e+01 2205 1.467446e-02
57186 1.283984e-03 -1.826276e-02 1.197400e-01 -1.444119e-03 -3.134918e-01 8.423158e-01 -1.219681e-01 -1.319911e+01 3.230493e+01 676 5.450893e-03
69928 -1.598307e-02 1.511523e-02 1.534477e-01 -7.290632e-02 6.329026e-02 4.619502e-01 -5.174717e+00 4.379444e+00 2.804501e+01 947 8.501751e-03
19836 -6.884154e-03 -6.119478e-04 1.160216e-01 -1.717250e-01 1.203706e-02 1.092437e+00 -5.666710e+00 4.348330e-01 3.356609e+01 302 3.351452e-03
95147 2.761188e-03 6.137160e-03 1.804963e-01 -3.809970e-02 5.163828e-02 9.821453e-01 -1.054676e+00 1.174447e+00 2.069167e+01 1441 1.444579e-02
19893 -6.264414e-03 2.561146e-02 1.936041e-01 -4.763172e-02 3.079941e-01 2.295269e+00 -4.810328e-01 3.283639e+00 2.443886e+01 1262 1.288381e-02
95163 -8.642362e-03 1.411502e-02 1.345788e-01 -4.373639e-02 5.943192e-02 3.315552e-01 -4.919242e+00 6.352213e+00 2.761081e+01 365 4.846963e-03
70071 2.064140e-02 6.682970e-03 1.436279e-01 1.060592e+00 3.453472e-01 3.210151e+00 8.871327e+00 2.888985e+00 2.615906e+01 896 8.568313e-03
32352 2.285207e-03 -2.399961e-02 2.317857e-01 1.118507e-01 -3.663236e-01 2.311320e+00 1.647775e+00 -5.148269e+00 3.127447e+01 723 9.264771e-03
82674 1.054619e-02 2.273884e-02 1.622105e-01 4.199137e-02 1.240831e-01 4.547367e-01 1.698800e+00 5.475040e+00 1.580349e+01 1489 1.590914e-02
12084 -1.498848e-02 -2.058874e-02 2.343378e-01 -5.264060e-01 -9.078509e-01 7.143334e+00 -2.623013e+00 -4.550684e+00 3.543559e+01 899 1.049772e-02
19989 -3.842244e-03 -9.019101e-03 1.214615e-01 2.592725e-03 -5.647954e-02 5.131700e-01 5.158330e-01 -3.804472e+00 3.139971e+01 429 4.402793e-03
19992 -1.144717e-02 1.159017e-02 2.287528e-01 -4.408900e-02 8.266112e-02 1.322755e+00 -6.691069e-01 1.456844e+00 2.242535e+01 1025 1.301156e-02
95303 4.003230e-03 2.145431e-04 9.794462e-02 4.012814e-02 2.573021e-02 4.376336e-01 2.969234e+00 2.097223e+00 2.792023e+01 3017 1.940743e-02
95348 1.933839e-02 2.106613e-02 1.547496e-01 1.101634e-01 1.088455e-01 4.744769e-01 8.042758e+00 7.773058e+00 2.831255e+01 880 8.560168e-03
32500 1.378299e-02 -8.844491e-03 1.496430e-01 6.255602e-02 -3.643279e-02 3.868595e-01 6.204719e+00 -3.509678e+00 3.017778e+01 851 8.015290e-03
12272 1.883670e-03 -1.059672e-02 1.804664e-01 2.226748e-03 -4.977088e-02 7.128235e-01 1.202772e-02 -1.373376e+00 1.866348e+01 1096 1.239268e-02
12286 6.159871e-03 -9.463793e-05 9.865012e-02 1.751451e-01 2.668155e-05 6.922334e-01 9.580729e+00 6.878288e-03 3.365360e+01 421 3.392920e-03
32539 2.929126e-03 -5.960991e-03 1.067138e-01 2.944449e-02 -5.139133e-02 4.033512e-01 2.202465e+00 -3.773613e+00 2.463980e+01 727 6.053506e-03
20122 -2.009524e-02 1.368761e-02 1.793110e-01 -1.910652e-01 1.327405e-01 1.071026e+00 -5.236058e+00 3.646068e+00 2.730930e+01 2711 2.040257e-02
12368 4.212177e-03 6.745291e-03 1.075119e-01 2.488114e-02 3.248634e-02 3.233555e-01 2.800515e+00 3.487750e+00 2.924545e+01 1072 7.391962e-03
95432 1.109872e-02 5.846664e-03 1.306031e-01 1.543849e-01 7.495159e-02 8.525791e-01 4.755987e+00 2.293746e+00 2.396399e+01 2553 1.713388e-02
45400 -1.205657e-02 9.937086e-03 1.272623e-01 -2.079077e-01 1.693327e-01 9.932402e-01 -6.463412e+00 5.260320e+00 2.857870e+01 2569 1.724338e-02
32607 -1.452009e-02 1.778955e-03 1.290878e-01 -9.344438e-02 1.081705e-02 4.032206e-01 -9.043353e+00 1.035609e+00 3.141086e+01 461 4.737849e-03
82952 -7.053717e-03 3.696978e-03 1.218200e-01 -3.000073e-02 1.079840e-02 2.648363e-01 -5.171970e+00 1.600572e+00 3.223408e+01 608 5.352708e-03
70371 1.804450e-02 -1.074311e-02 1.694749e-01 9.471365e-02 -3.468216e-02 5.500847e-01 4.903994e+00 -1.531215e+00 2.434497e+01 567 7.804654e-03
57693 4.790942e-03 6.817270e-03 1.321458e-01 2.036803e-02 2.050401e-02 3.648324e-01 2.289976e+00 2.012077e+00 3.420710e+01 2009 1.405470e-02
45465 7.763406e-03 -1.016936e-03 1.270779e-01 1.357058e-01 -6.755689e-03 9.099239e-01 4.885943e+00 -2.191550e-01 2.989579e+01 692 6.287250e-03
32649 -8.571354e-03 4.359975e-03 1.690136e-01 -3.408873e-01 3.404499e-01 4.285557e+00 -2.461310e+00 2.489263e+00 3.048933e+01 499 6.008782e-03
70400 -5.660450e-03 -1.159382e-02 1.257635e-01 -8.177981e-02 -1.333847e-01 7.173835e-01 -2.937297e+00 -4.699672e+00 2.282946e+01 705 6.598989e-03
82993 -8.985525e-03 -1.922454e-02 1.349979e-01 -1.226938e-02 -2.752167e-02 1.612418e-01 -4.345899e+00 -1.098054e+01 3.473147e+01 578 5.440388e-03
95523 -5.512379e-03 -1.211186e-02 1.651843e-01 -8.599807e-02 -1.865057e-01 1.628317e+00 -1.663783e+00 -3.605033e+00 3.024557e+01 430 5.876586e-03
70423 1.214667e-02 1.291246e-03 1.307177e-01 3.351729e-02 7.460746e-03 2.228322e-01 5.074327e+00 1.464912e+00 2.187204e+01 752 7.530858e-03
57747 4.126652e-03 8.784863e-03 1.704946e-01 3.593235e-01 3.473066e-01 2.767999e+00 2.858268e+00 2.724083e+00 2.090211e+01 1100 1.183507e-02
57752 -1.397290e-02 -2.869149e-03 2.099874e-01 -3.352858e-02 1.871471e-03 3.836654e-01 -3.270062e+00 7.927173e-01 2.904209e+01 1399 1.406073e-02
20285 -3.585550e-03 1.109669e-02 1.028041e-01 -1.404196e-02 5.362128e-02 2.317068e-01 -1.853170e+00 7.536553e+00 2.284518e+01 1028 7.844726e-03
45540 1.427505e-02 -8.078686e-03 1.523561e-01 1.827025e-01 -1.092827e-01 1.055636e+00 4.825555e+00 -2.899561e+00 2.587956e+01 574 7.022194e-03
45561 1.242462e-02 -1.321184e-02 1.828848e-01 1.681861e-01 -2.383864e-01 1.996704e+00 2.482698e+00 -3.589078e+00 2.891064e+01 1750 1.493135e-02
83075 7.979766e-03 -4.750223e-04 1.055633e-01 6.687866e-02 -1.848637e-02 3.298453e-01 4.352551e+00 -1.331015e+00 1.657415e+01 482 5.276470e-03
70524 -5.404980e-03 1.998544e-04 1.596246e-01 -1.295170e-01 -3.211649e-02 2.139680e+00 -1.751537e+00 -4.560660e-01 2.794363e+01 663 7.563167e-03
45623 1.517063e-02 7.868884e-03 2.854016e-01 1.297246e+00 2.552623e-01 1.291586e+01 3.316483e+00 6.399595e-01 3.267259e+01 1425 1.523880e-02
95673 2.004593e-03 1.737298e-02 2.166634e-01 -7.058871e-02 1.707017e-01 1.397174e+00 -1.298823e+00 2.743323e+00 2.112143e+01 1466 1.610003e-02
57906 1.329863e-02 2.671010e-02 2.530255e-01 2.276017e-01 5.249992e-01 4.977628e+00 1.456174e+00 3.385839e+00 3.210333e+01 2278 2.000542e-02
83203 -1.309435e-02 1.505020e-02 1.537570e-01 -1.093474e-01 1.180276e-01 7.546601e-01 -5.718547e+00 6.118049e+00 3.570061e+01 1160 9.807666e-03
70622 1.459933e-02 1.787943e-02 1.555819e-01 3.229302e-01 2.872659e-01 1.704699e+00 7.138190e+00 6.236586e+00 3.586371e+01 1247 1.000020e-02
45708 -4.193079e-03 -8.491263e-03 1.068394e-01 -5.507997e-02 -1.014422e-01 5.816326e-01 -3.453522e+00 -6.308268e+00 3.222261e+01 1334 9.157332e-03
70705 1.003855e-02 9.349553e-03 1.415529e-01 7.404845e-02 6.230668e-02 5.234143e-01 6.941036e+00 5.742508e+00 4.140787e+01 1483 1.087084e-02
45816 6.976475e-03 -4.839722e-04 1.147641e-01 3.068351e-02 -2.173748e-05 2.811621e-01 4.221110e+00 8.230232e-02 2.962768e+01 1112 7.945163e-03
32995 -1.233498e-03 1.899476e-02 1.368796e-01 3.422411e-03 1.768203e-01 7.535227e-01 2.399768e-01 8.134709e+00 3.178328e+01 1855 1.346948e-02
45829 1.879257e-03 1.383412e-02 1.161206e-01 7.436100e-03 3.131122e-02 1.804026e-01 1.832226e+00 5.762620e+00 2.119532e+01 1207 9.838531e-03
20600 5.079593e-03 -1.367424e-02 1.490220e-01 3.115849e-02 -1.043290e-01 6.840795e-01 1.199342e+00 -4.169119e+00 2.460676e+01 1040 9.631778e-03
95888 8.889288e-03 1.350177e-02 1.263889e-01 3.300059e-02 6.694913e-02 3.453239e-01 3.646489e+00 8.083148e+00 3.311078e+01 485 4.642709e-03
33127 -2.051879e-02 6.818368e-03 1.701691e-01 -2.256396e-01 1.239555e-01 1.346020e+00 -6.551674e+00 3.741426e+00 3.755732e+01 1136 9.373995e-03
95996 4.279796e-03 1.009278e-02 1.077804e-01 6.192405e-02 1.104144e-01 4.873499e-01 3.524765e+00 6.134351e+00 2.320948e+01 718 5.869549e-03
70912 1.389256e-02 -7.372403e-03 1.487869e-01 4.164635e-01 -2.470545e-01 2.192679e+00 6.245351e+00 -3.718348e+00 3.170825e+01 1588 1.217720e-02
46001 -1.016570e-02 -1.025280e-02 1.615644e-01 -3.356612e-01 -2.762635e-01 3.616067e+00 -2.861735e+00 -2.338749e+00 3.037177e+01 2301 1.657149e-02
83512 -3.236416e-03 1.078040e-03 9.543340e-02 -3.380816e-02 6.706182e-03 2.816685e-01 -4.739042e+00 8.724396e-01 2.886901e+01 2030 1.309196e-02
33207 7.392902e-03 8.333312e-03 1.358819e-01 3.005628e-02 2.705276e-02 3.399550e-01 4.331747e+00 3.577927e+00 3.900535e+01 830 6.905777e-03
70975 -1.145240e-02 -9.832826e-04 2.299954e-01 -7.671350e-02 -1.189939e-02 1.115768e+00 -2.592175e+00 -4.335885e-01 3.518294e+01 1807 1.544835e-02
58306 6.282649e-03 9.546516e-03 1.133584e-01 5.598042e-02 1.692312e-01 6.168689e-01 1.957778e+00 6.290566e+00 1.983513e+01 2877 1.952240e-02
83692 -2.458162e-03 1.492654e-02 1.488882e-01 -1.966640e-02 1.099492e-01 8.339045e-01 -8.210876e-01 4.533985e+00 3.268541e+01 512 5.502913e-03
71130 -1.318243e-02 1.022924e-03 1.436149e-01 -1.623416e-01 3.722841e-02 8.588582e-01 -4.662823e+00 1.131809e+00 2.235902e+01 1574 1.297048e-02
96237 -9.420600e-03 -1.596926e-02 1.573652e-01 -2.331620e-01 -2.678634e-01 1.587439e+00 -4.066190e+00 -4.577826e+00 2.598961e+01 311 5.383746e-03
46233 -1.162631e-02 4.767074e-03 1.289658e-01 -3.133982e-01 1.773488e-01 1.857449e+00 -5.064931e+00 2.896607e+00 2.901082e+01 908 7.944929e-03
71191 5.109665e-03 -8.044845e-03 1.207299e-01 1.289554e-01 -1.991515e-01 1.237985e+00 3.322889e+00 -5.127558e+00 2.997693e+01 602 5.147082e-03
46303 -2.406386e-03 -9.925789e-03 9.515361e-02 -9.738965e-03 -3.266846e-02 1.510675e-01 -4.152604e+00 -1.287968e+01 3.166529e+01 3435 2.138715e-02
71251 3.030397e-03 1.175358e-02 1.171819e-01 4.152726e-02 1.489533e-01 6.625633e-01 2.482935e+00 8.848983e+00 3.517551e+01 905 6.634858e-03
46341 -5.028980e-03 -4.752820e-03 8.515834e-02 -6.299796e-02 -7.101454e-02 3.007303e-01 -9.397859e+00 -1.074227e+01 3.494826e+01 1262 8.538483e-03
58567 -6.312564e-03 -3.777875e-04 2.273853e-01 2.166164e-02 4.470454e-02 7.596982e-01 1.273928e+00 2.053022e+00 2.424121e+01 1206 1.426163e-02
21168 -4.110978e-04 6.310409e-04 1.089076e-01 3.132309e-02 -2.582547e-02 4.212326e-01 2.081554e+00 -1.735373e+00 2.048647e+01 1220 9.286780e-03
96474 6.924479e-03 1.818759e-02 1.904138e-01 3.926204e-02 7.781071e-02 5.760358e-01 1.783826e+00 3.288969e+00 2.127193e+01 464 8.577586e-03
71377 -4.748355e-03 -1.009489e-02 1.638885e-01 -6.847963e-02 -1.083012e-01 1.674842e+00 -1.308586e+00 -2.016457e+00 3.102422e+01 2267 1.665816e-02
46468 1.522367e-02 -1.082427e-02 1.199989e-01 1.331584e-01 -1.310105e-01 5.906516e-01 5.729143e+00 -5.838518e+00 2.286381e+01 829 6.876858e-03
21229 -3.842126e-03 4.309998e-03 1.176035e-01 -2.633860e-02 3.009955e-02 3.356950e-01 -2.888163e+00 3.310938e+00 2.799923e+01 466 4.400640e-03
58752 5.617649e-03 1.082545e-02 1.153874e-01 1.604736e-01 2.135865e-01 9.937584e-01 6.429960e+00 8.419085e+00 3.647189e+01 585 4.601308e-03
58792 -2.650145e-03 1.624378e-02 1.448538e-01 2.189944e-02 4.347989e-01 1.893252e+00 3.241102e-01 5.525876e+00 2.308282e+01 1163 9.990298e-03
58793 1.652441e-03 4.286662e-03 1.348019e-01 6.939225e-03 5.534113e-02 7.549941e-01 3.051602e-01 2.946932e+00 3.579832e+01 502 4.599028e-03
96621 -1.222322e-02 1.755704e-03 1.102073e-01 -1.145598e-01 2.162933e-02 4.420315e-01 -6.709458e+00 1.302968e+00 2.175529e+01 563 5.314216e-03
33773 5.878145e-03 -2.666737e-02 1.627804e-01 3.766444e-01 -4.579855e-01 2.197003e+00 3.430466e+00 -3.990714e+00 1.882137e+01 1029 1.129364e-02
71552 6.533668e-03 -3.722893e-03 1.125449e-01 3.306475e-02 -2.090484e-02 2.452381e-01 6.477018e+00 -4.194619e+00 3.239430e+01 1481 9.891290e-03
71583 -1.729306e-03 3.618654e-03 1.134351e-01 3.014130e-03 5.815590e-02 5.334944e-01 3.821861e-01 4.394152e+00 3.384484e+01 521 4.605197e-03
21400 -9.357594e-03 -3.489970e-03 1.070721e-01 -5.011433e-02 -1.602053e-02 2.624698e-01 -4.123742e+00 -1.267835e+00 1.572304e+01 1387 1.036579e-02
21468 -1.429569e-02 -1.551095e-02 1.676074e-01 -5.893993e-02 -6.510696e-02 5.165486e-01 -3.930520e+00 -4.366479e+00 3.072111e+01 1383 1.145305e-02
21488 1.334402e-02 2.593183e-03 1.090169e-01 6.548131e-02 1.495987e-02 2.457423e-01 6.544921e+00 1.552420e+00 1.716347e+01 1112 8.913064e-03
96855 -1.845134e-02 -2.222483e-02 1.712728e-01 -1.967831e-02 -2.386400e-02 1.791523e-01 -3.324796e+00 -4.441730e+00 2.135161e+01 1191 1.185245e-02
59049 -8.045772e-04 -7.264808e-03 1.185985e-01 -1.244233e-02 -1.047486e-01 6.880152e-01 -7.622504e-01 -6.385000e+00 3.729569e+01 587 4.896986e-03
21591 -1.032466e-02 -4.024167e-03 1.800287e-01 -2.525391e-01 -9.026655e-02 3.600942e+00 -2.479508e+00 -8.828485e-01 3.501930e+01 794 8.179047e-03
21601 1.272454e-03 -3.760052e-03 1.467099e-01 2.719331e-02 -1.720515e-02 5.838355e-01 1.692868e+00 -8.780875e-01 2.854829e+01 641 6.620095e-03
71869 -7.470728e-03 -1.273101e-02 1.238310e-01 -1.008698e-01 -1.723802e-01 8.072265e-01 -3.576354e+00 -6.113142e+00 2.616796e+01 854 6.795398e-03
34101 8.467205e-03 -6.192708e-03 1.080279e-01 3.304635e-02 -1.692378e-02 1.939321e-01 7.934469e+00 -3.464132e+00 2.773101e+01 866 6.622517e-03
46964 -2.203692e-03 -4.186621e-03 1.277084e-01 -7.552620e-02 -6.637898e-02 8.693541e-01 -2.701281e+00 -2.291234e+00 2.732303e+01 1154 9.566973e-03
34112 2.972127e-03 4.335953e-03 1.099305e-01 4.010209e-02 6.185425e-02 4.647411e-01 3.228819e+00 5.001787e+00 3.085430e+01 360 3.410839e-03
71931 -3.858224e-03 -1.175193e-03 1.122370e-01 -3.740997e-02 6.639131e-03 4.188182e-01 -2.748628e+00 6.401656e-01 2.511577e+01 620 5.617364e-03
71951 1.813899e-02 9.127866e-03 3.134739e-01 3.061336e-03 -2.864887e-02 5.186618e+00 -1.110592e-01 -2.782565e-01 3.589468e+01 324 9.131756e-03
21757 1.368157e-02 -1.740254e-02 1.690260e-01 6.160304e-01 -6.508375e-01 4.626893e+00 4.908994e+00 -5.162337e+00 3.633051e+01 1037 8.719164e-03
84548 -2.108935e-03 1.067912e-02 1.108073e-01 -4.986670e-02 1.931961e-01 8.073566e-01 -1.652750e+00 6.316353e+00 2.410543e+01 2192 1.456341e-02
97107 2.026101e-02 -6.615464e-03 1.424263e-01 2.603260e-01 -8.689914e-02 9.412972e-01 9.317814e+00 -3.116108e+00 3.100714e+01 514 5.490309e-03
34232 -1.679129e-02 -3.076048e-03 1.698774e-01 -2.403376e-01 -5.136904e-02 1.418143e+00 -7.336281e+00 -1.584866e+00 4.096523e+01 1764 1.282114e-02
97112 -9.938389e-04 -9.877101e-03 1.283703e-01 1.760163e-02 -1.692183e-01 1.187424e+00 5.175512e-01 -4.434802e+00 2.947570e+01 1304 1.007536e-02
21802 -6.012680e-03 -2.612930e-02 1.593788e-01 -1.304173e-01 -3.840924e-01 1.396043e+00 -2.443522e+00 -7.031017e+00 2.429023e+01 1696 1.382945e-02
84596 4.458815e-03 -1.346544e-02 1.350990e-01 3.608598e-02 -1.309684e-01 8.287963e-01 1.221859e+00 -4.539517e+00 2.679976e+01 1406 1.102434e-02
72026 -6.354019e-03 1.316787e-02 1.179565e-01 -5.197776e-02 1.048893e-01 4.623396e-01 -4.305289e+00 8.655302e+00 3.249775e+01 1717 1.157152e-02
59305 -7.425802e-03 -2.752633e-04 9.215434e-02 -7.434216e-02 -4.805703e-03 2.452466e-01 -9.296378e+00 -6.293929e-01 2.126839e+01 723 5.520859e-03
21833 -4.546443e-03 -7.354320e-03 2.047617e-01 -1.967232e-02 -2.234526e-02 4.952891e-01 -1.443114e+00 -1.430241e+00 2.771834e+01 1326 1.318544e-02
59353 -3.467182e-03 1.008202e-02 1.073824e-01 -2.742927e-02 5.247767e-02 2.521719e-01 -4.420664e+00 7.821393e+00 2.671161e+01 648 5.569658e-03
21867 5.008591e-03 1.838020e-02 1.959619e-01 7.070017e-02 8.503167e-01 5.275403e+00 4.162951e-01 5.272077e+00 3.218900e+01 931 9.287918e-03
34333 4.326235e-03 -1.491936e-02 1.552434e-01 1.133657e-02 -4.729457e-02 3.332952e-01 1.263366e+00 -5.834493e+00 3.208757e+01 573 5.900762e-03
72113 1.812478e-02 -1.267487e-04 1.285153e-01 1.543544e-01 -2.099377e-02 6.086418e-01 5.322061e+00 -8.152083e-01 1.875702e+01 401 5.719016e-03
34350 -9.904199e-03 4.336582e-03 1.057782e-01 -2.035408e-01 6.697505e-02 8.519982e-01 -7.853599e+00 2.540518e+00 3.026551e+01 829 6.350024e-03
84765 6.228265e-03 3.236307e-03 8.714703e-02 4.410756e-02 2.667770e-02 1.897930e-01 1.144819e+01 7.084647e+00 3.102249e+01 1304 8.160620e-03
34388 5.448460e-03 2.385404e-02 3.110485e-01 1.404912e-01 1.405554e+00 1.135049e+01 4.616070e-01 4.722965e+00 3.773534e+01 2135 1.971493e-02
34400 7.716681e-03 -1.672977e-02 1.617671e-01 2.492522e-02 -5.839410e-02 3.629121e-01 3.457960e+00 -8.372214e+00 4.041897e+01 1281 9.977623e-03
21957 -5.922194e-03 -6.048797e-03 9.530196e-02 -2.883721e-02 -2.366061e-02 1.771135e-01 -6.574045e+00 -5.052619e+00 2.347075e+01 2772 1.763201e-02
34431 -2.800778e-03 -3.105003e-03 1.305004e-01 -3.579052e-02 2.863564e-03 4.535868e-01 -2.557832e+00 4.627679e-01 2.505023e+01 802 7.618700e-03
47341 5.068693e-03 2.316771e-02 2.296295e-01 4.520806e-03 1.785628e-01 1.209911e+00 -1.589169e-02 4.507301e+00 2.843347e+01 501 8.608146e-03
97422 -2.059471e-03 3.731877e-03 1.069755e-01 -3.154200e-02 2.634967e-02 5.088888e-01 -2.015932e+00 1.546541e+00 2.748170e+01 377 3.671050e-03
72255 -6.687974e-03 9.348611e-03 9.756706e-02 -4.210087e-02 6.808480e-02 2.512599e-01 -6.968829e+00 1.155857e+01 3.024489e+01 1141 7.588440e-03
59605 -1.406036e-02 -3.263688e-03 1.345492e-01 -1.065495e-01 -3.487263e-02 6.009286e-01 -6.276329e+00 -2.144989e+00 3.164860e+01 1519 1.131800e-02
47503 4.713457e-03 2.213062e-03 1.097175e-01 1.390913e-02 2.748657e-02 3.082529e-01 1.724556e+00 4.739793e+00 3.723332e+01 746 5.444908e-03
34641 -2.357931e-02 1.907959e-03 1.405159e-01 -5.753633e-01 7.163196e-02 1.591161e+00 -1.028854e+01 1.300070e+00 2.704866e+01 1001 8.617109e-03
34644 2.364567e-02 -1.799124e-02 2.304736e-01 7.789521e-01 -7.756162e-01 6.471004e+00 4.882091e+00 -4.897077e+00 4.033705e+01 446 6.728871e-03
34710 1.015723e-03 1.220918e-02 1.118134e-01 1.018887e-02 4.820531e-02 2.410860e-01 2.194883e+00 8.612889e+00 3.093139e+01 531 4.601608e-03
72531 -3.163391e-03 3.412920e-03 1.063092e-01 -1.339041e-02 2.852466e-02 2.803602e-01 -1.458645e+00 3.581602e+00 2.482429e+01 1932 1.312723e-02
97764 1.068611e-02 -6.966237e-03 1.778531e-01 2.505910e-01 -4.623322e-01 4.093638e+00 1.233181e+00 -2.340714e+00 2.012828e+01 1704 1.652789e-02
22361 -1.460948e-02 5.537682e-03 1.042546e-01 -1.519059e-01 6.431815e-02 4.226933e-01 -8.675293e+00 3.714139e+00 2.012106e+01 1229 8.406255e-03
85234 7.674271e-04 -1.080395e-02 1.413091e-01 1.633253e-02 -6.858543e-02 6.918625e-01 6.569988e-01 -2.438941e+00 2.323871e+01 1444 1.173776e-02
72598 -6.003949e-03 7.569550e-03 1.113003e-01 -4.174137e-02 5.571042e-02 4.548836e-01 -3.138990e+00 4.228446e+00 3.017858e+01 1512 1.065965e-02
59914 -4.665654e-04 -8.505895e-03 9.135557e-02 5.218665e-03 -2.955695e-02 1.354713e-01 2.859031e+00 -1.058631e+01 2.218524e+01 489 4.145754e-03
22378 3.388748e-03 1.953902e-02 1.146014e-01 6.621095e-02 2.915119e-01 6.325527e-01 1.979225e+00 8.568556e+00 1.631815e+01 603 6.298706e-03
59950 -5.253280e-03 -4.686181e-03 1.452205e-01 -7.939197e-02 -2.395078e-02 1.076598e+00 -2.632395e+00 -6.840158e-01 3.306984e+01 868 7.549078e-03
97829 5.251190e-03 -1.919961e-02 2.544099e-01 1.180827e-02 -1.371747e-01 1.078563e+00 2.266394e-01 -4.077703e+00 2.848612e+01 2183 2.006175e-02
85303 9.291576e-04 -6.067987e-03 9.378729e-02 6.312121e-03 -3.536390e-02 2.055522e-01 1.452613e+00 -7.905615e+00 3.016019e+01 1688 1.084672e-02
97867 -4.382834e-03 5.874031e-03 1.016353e-01 -1.249543e-01 1.522359e-01 9.433511e-01 -4.154120e+00 5.042692e+00 2.900012e+01 1289 9.050153e-03
97887 -1.296520e-03 -1.314110e-02 1.440254e-01 -1.080306e-02 -2.053980e-01 1.163331e+00 -2.835543e-01 -5.734499e+00 3.040310e+01 2272 1.605563e-02
22495 2.166799e-03 3.032864e-03 1.352525e-01 1.719041e-02 2.618177e-02 3.210043e-01 2.014550e+00 3.104089e+00 2.490788e+01 308 4.687089e-03
34999 -3.964733e-03 8.702811e-03 1.685731e-01 -3.474583e-02 4.977756e-02 5.551689e-01 -2.182839e+00 2.912813e+00 2.741541e+01 1452 1.266330e-02
47906 -6.021881e-03 6.523480e-03 1.102047e-01 -1.004805e-01 1.022217e-01 7.530787e-01 -4.334201e+00 4.391080e+00 2.949806e+01 1011 7.367720e-03
22534 -4.607113e-03 -9.010033e-04 1.204462e-01 -4.435124e-02 -4.887034e-02 6.757158e-01 -2.052421e+00 -2.477178e+00 2.867460e+01 1965 1.382182e-02
60084 -2.065121e-02 5.805401e-03 1.494465e-01 -8.163120e-02 2.571278e-02 3.847753e-01 -7.363259e+00 2.403792e+00 2.841567e+01 1079 8.878571e-03
60098 -6.242013e-03 5.659687e-03 1.791282e-01 -9.068375e-02 1.695189e-01 2.689851e+00 -9.947847e-01 1.930380e+00 2.957813e+01 982 1.012094e-02
35059 8.545301e-03 2.315610e-03 1.201937e-01 2.366258e-01 8.148965e-02 1.647365e+00 4.818025e+00 1.672491e+00 3.226032e+01 393 4.178290e-03
97996 -1.148155e-02 7.306914e-05 1.132471e-01 -9.156269e-02 -2.079260e-02 5.228000e-01 -4.165390e+00 -1.085320e+00 2.130274e+01 2834 1.843300e-02
60131 5.921609e-03 4.839568e-03 1.837008e-01 1.286084e-01 6.426391e-02 2.094346e+00 2.353247e+00 1.139815e+00 3.664796e+01 1260 1.040431e-02
47997 1.293368e-02 2.632222e-03 1.234749e-01 2.254083e-01 3.086641e-02 9.663818e-01 7.087973e+00 9.418687e-01 2.811867e+01 3023 2.023921e-02
35095 -8.826700e-03 -4.162706e-03 1.144831e-01 -6.434543e-02 -1.463038e-02 4.239808e-01 -4.906834e+00 -9.251496e-01 2.735390e+01 897 7.022913e-03
48005 -9.063384e-04 5.209059e-03 1.655971e-01 -8.906732e-02 5.671914e-02 1.279569e+00 -2.220265e+00 1.297241e+00 2.805451e+01 797 8.588155e-03
98050 7.946339e-03 -4.002054e-03 1.050631e-01 4.795074e-02 -1.433319e-02 2.473268e-01 7.505113e+00 -1.938194e+00 2.668969e+01 1217 8.777391e-03
72885 -1.046444e-02 1.529456e-02 1.157364e-01 -5.200775e-02 6.849621e-02 2.729625e-01 -7.861579e+00 1.006778e+01 2.975318e+01 1946 1.362461e-02
72960 7.894561e-03 -4.375195e-03 2.147323e-01 4.805540e-02 -2.940291e-02 7.045637e-01 2.569438e+00 -1.601240e+00 3.133877e+01 856 9.859976e-03
22753 -9.773594e-03 8.414912e-03 1.414482e-01 -1.764374e-01 1.764556e-01 1.579951e+00 -3.097350e+00 3.122939e+00 2.673373e+01 375 5.347408e-03
85633 4.835597e-03 2.038064e-03 1.342139e-01 4.673830e-02 2.220738e-02 9.074490e-01 1.754042e+00 8.442851e-01 3.236753e+01 1729 1.220132e-02
85647 -6.484966e-04 -2.165835e-03 1.041283e-01 2.265136e-03 -3.265879e-02 3.060891e-01 3.108387e-01 -3.253118e+00 2.154603e+01 1204 8.860565e-03
60338 4.127449e-03 4.797979e-03 1.063219e-01 4.333368e-02 8.672751e-02 8.021222e-01 2.056811e+00 4.298131e+00 3.650260e+01 1299 8.613439e-03
60350 -2.658061e-02 -1.432783e-03 1.980223e-01 -8.882065e-01 -1.970826e-02 3.903967e+00 -7.492460e+00 -1.589184e-01 3.222587e+01 2956 2.158957e-02
85713 1.283979e-02 -8.121656e-03 1.281308e-01 3.944938e-01 -3.248750e-01 2.084059e+00 7.034854e+00 -5.838569e+00 3.605274e+01 939 7.433709e-03
73099 2.631161e-03 1.311340e-02 1.025343e-01 -2.203450e-03 4.838028e-02 2.002566e-01 -6.997626e-01 5.104534e+00 1.414434e+01 1924 1.453993e-02
35339 -2.552552e-03 -5.761450e-03 1.123631e-01 -1.032054e-02 -4.273216e-02 3.927917e-01 -8.039043e-01 -3.826078e+00 2.902139e+01 808 6.423865e-03
73104 9.767659e-03 -4.730626e-04 1.085845e-01 9.873031e-02 -8.126198e-03 3.962376e-01 1.131857e+01 -9.736954e-01 3.659762e+01 1278 9.000197e-03
48273 -3.688208e-03 -7.331702e-03 8.957942e-02 -3.165479e-02 -3.948039e-02 2.075874e-01 -4.992918e+00 -5.739556e+00 2.106816e+01 1412 9.486290e-03
85793 2.237360e-03 2.015593e-02 1.565521e-01 4.013444e-02 1.782163e-01 8.083720e-01 1.482932e+00 6.184983e+00 2.550604e+01 1878 1.488251e-02
48378 1.543559e-03 2.748534e-03 1.820964e-01 2.695706e-02 2.667928e-02 6.164947e-01 2.159295e+00 2.033311e+00 3.690928e+01 1013 9.331891e-03
85889 3.625802e-03 -6.673539e-03 1.003323e-01 1.642571e-02 -3.208725e-02 2.149050e-01 4.854597e+00 -9.638610e+00 4.345374e+01 596 4.272577e-03
73263 -4.548358e-03 -8.834710e-03 9.499260e-02 -2.792182e-02 -4.939378e-02 2.069421e-01 -4.097061e+00 -7.109473e+00 1.962328e+01 1563 1.071273e-02
60574 1.550441e-03 3.692069e-03 9.393131e-02 5.170970e-02 2.806114e-02 4.415004e-01 4.387712e+00 2.131700e+00 3.040382e+01 1173 7.797527e-03
35539 -5.310055e-03 1.490622e-02 1.279874e-01 -1.316244e-01 3.731307e-01 1.429069e+00 -2.982288e+00 8.457696e+00 3.071859e+01 846 6.753844e-03
35568 4.722459e-03 3.347688e-03 8.739386e-02 2.586748e-02 3.140662e-02 2.099083e-01 4.593626e+00 6.095630e+00 2.661549e+01 2666 1.693104e-02
35596 9.241050e-03 -2.976750e-03 1.389764e-01 4.543590e-02 -6.517905e-03 4.918061e-01 1.786742e+00 -1.748074e-01 1.741727e+01 550 7.856599e-03
86037 -1.270794e-02 -9.544308e-03 1.933093e-01 -2.782773e+00 -1.680079e+00 1.453368e+01 -6.892743e+00 -4.156785e+00 3.568310e+01 730 7.815518e-03
98581 2.842541e-03 -4.543724e-03 9.954269e-02 5.838507e-02 -8.102246e-02 6.993289e-01 3.294044e+00 -4.535701e+00 3.557134e+01 1776 1.124348e-02
35696 -1.295072e-02 -7.255422e-03 9.732645e-02 -4.402095e-02 -2.985992e-02 1.661220e-01 -1.319814e+01 -9.602033e+00 2.922327e+01 1745 1.096689e-02
23220 -8.724659e-03 -1.059353e-03 1.334473e-01 -4.455713e-02 -1.196634e-02 3.921394e-01 -4.464904e+00 -1.359065e+00 3.223433e+01 2005 1.445601e-02
48626 -1.284237e-02 -9.209585e-03 2.606547e-01 -1.039602e+00 -6.219636e-01 1.502536e+01 -2.351488e+00 -1.403331e+00 3.381415e+01 2180 1.923912e-02
23223 7.356803e-03 -7.715640e-03 1.016020e-01 2.416297e-02 -3.135406e-02 1.744136e-01 4.273668e+00 -6.011052e+00 1.851539e+01 561 5.299438e-03
35713 -1.880355e-02 -3.009279e-03 1.307830e-01 -4.365917e-01 -2.417462e-02 1.558927e+00 -1.012921e+01 -5.131505e-01 3.462515e+01 1286 9.578470e-03
35729 -1.326154e-02 2.949988e-03 1.292533e-01 -1.280512e-01 3.437670e-02 7.130261e-01 -6.602554e+00 1.807623e+00 3.357785e+01 1167 8.720809e-03
86126 -2.149925e-02 1.238660e-02 1.819937e-01 -3.072460e-01 1.525165e-01 1.427282e+00 -5.280872e+00 2.589733e+00 2.301412e+01 1259 1.257541e-02
35748 -1.096709e-03 4.339730e-04 1.284278e-01 6.928603e-04 1.938318e-02 5.473472e-01 1.045391e-01 1.106933e+00 2.447151e+01 1166 9.292153e-03
98697 1.858584e-03 6.990285e-03 9.308871e-02 1.842529e-02 4.332082e-02 2.505004e-01 2.948088e+00 6.465112e+00 2.801180e+01 601 4.397862e-03
86185 -6.196014e-03 -1.820656e-02 1.276725e-01 -4.832379e-02 -1.309989e-01 5.320578e-01 -3.036430e+00 -8.129699e+00 2.914675e+01 977 7.617368e-03
48758 -1.034020e-02 -1.025399e-02 1.524151e-01 -5.590719e-02 -6.809264e-02 5.466784e-01 -4.533634e+00 -5.754588e+00 3.922676e+01 1634 1.215102e-02
48807 -6.132314e-03 6.012723e-03 1.639326e-01 -2.801355e-02 6.296344e-02 1.105785e+00 -5.522727e-01 1.437411e+00 2.377192e+01 1698 1.395770e-02
98831 2.461063e-03 -4.596006e-03 1.074085e-01 2.665784e-02 -6.092847e-02 7.767100e-01 1.070531e+00 -2.492300e+00 2.961170e+01 2111 1.404554e-02
86295 5.790591e-03 -1.781914e-03 9.474020e-02 3.541845e-02 -1.480810e-02 2.437259e-01 5.899849e+00 -2.593929e+00 2.966780e+01 1080 7.373641e-03
86306 1.997569e-02 -1.275795e-02 2.210076e-01 3.651304e-02 -2.263600e-02 3.433158e-01 3.193000e+00 -1.907235e+00 2.361505e+01 724 1.076515e-02
23427 -1.787006e-02 -1.532752e-02 2.721871e-01 -6.905095e-01 -8.245017e-01 8.383585e+00 -3.661597e+00 -4.404840e+00 4.415541e+01 1289 1.205973e-02
60990 1.818550e-02 -4.713889e-03 1.307645e-01 1.020957e-01 -2.030461e-02 3.691928e-01 5.095554e+00 -9.467660e-01 1.447886e+01 998 1.076723e-02
98900 -4.587315e-03 -6.779377e-03 9.466265e-02 -1.864112e-02 -2.644053e-02 1.600567e-01 -6.054560e+00 -8.470277e+00 2.817258e+01 887 5.928708e-03
23528 5.649026e-03 -7.989616e-03 1.578250e-01 9.282023e-03 -4.095487e-02 3.985918e-01 4.599488e-01 -4.173504e+00 3.048182e+01 269 4.585351e-03
36032 -3.299886e-03 -7.016131e-03 1.039915e-01 -1.374133e-02 -3.296908e-02 2.242485e-01 -2.620835e+00 -6.514274e+00 3.018488e+01 717 5.629679e-03
61110 6.205743e-03 -2.032193e-02 2.548394e-01 1.202284e-01 -1.050314e-01 2.374874e+00 1.691652e+00 -1.256758e+00 3.145307e+01 432 8.917517e-03
23580 -2.560064e-02 2.613806e-03 1.901299e-01 -1.822491e-01 2.093675e-02 1.059289e+00 -6.597711e+00 7.717249e-01 3.660720e+01 961 8.819830e-03
23590 2.651066e-03 2.523045e-03 1.618343e-01 6.685789e-03 -2.296002e-03 4.664697e-01 3.043135e-01 -3.634701e-01 2.297671e+01 822 9.118302e-03
73853 -8.684446e-03 -8.536061e-03 1.272908e-01 -4.035930e-01 -3.587366e-01 2.139489e+00 -6.441770e+00 -5.712490e+00 3.282310e+01 1089 8.441455e-03
86495 -8.248204e-03 -6.919105e-03 1.185532e-01 -6.073534e-02 -2.899141e-02 4.402778e-01 -5.989529e+00 -2.518764e+00 3.671336e+01 618 4.822470e-03
36163 6.574406e-03 5.249562e-03 1.532799e-01 2.998574e-01 2.298376e-01 2.598567e+00 4.583445e+00 3.509876e+00 3.821510e+01 796 6.988007e-03
23688 -1.936846e-02 3.365539e-03 2.276521e-01 -4.826514e-01 1.902756e-01 4.336048e+00 -3.364893e+00 1.357555e+00 2.983989e+01 1017 1.170574e-02
73965 -1.628518e-04 2.114066e-02 2.549900e-01 -6.576599e-03 9.840226e-02 9.122827e-01 -2.117150e-01 2.550372e+00 2.169695e+01 773 1.312546e-02
99161 1.112947e-02 2.706819e-03 1.098916e-01 5.029618e-02 1.400647e-02 2.394150e-01 7.174840e+00 2.069952e+00 2.372702e+01 433 4.178344e-03
36298 -6.833561e-03 -2.225769e-03 1.207284e-01 -8.519032e-02 -3.570483e-02 5.364324e-01 -5.057824e+00 -2.161028e+00 2.683314e+01 1002 7.980875e-03
61372 -8.707870e-03 -1.626998e-02 1.116254e-01 -1.136775e-01 -1.766408e-01 4.803928e-01 -6.174158e+00 -9.432774e+00 2.169036e+01 871 7.020813e-03
86731 9.520870e-03 6.622450e-03 1.284467e-01 2.819252e-02 2.141032e-02 2.726426e-01 2.879784e+00 2.280776e+00 2.223977e+01 1958 1.467891e-02
49311 -2.517663e-03 1.637198e-04 1.056877e-01 -3.583161e-02 6.469752e-03 5.407928e-01 -1.607344e+00 3.042558e-01 2.099311e+01 2818 1.795200e-02
74189 -1.074074e-02 -4.719349e-03 2.547244e-01 -7.000588e-02 -8.867353e-02 2.620228e+00 -6.417057e-01 -9.090316e-01 2.561298e+01 1997 2.011083e-02
49377 -2.930128e-03 2.286207e-02 2.574173e-01 -1.849813e-01 3.948165e-01 3.914703e+00 -1.650253e+00 3.371683e+00 3.315248e+01 1944 1.747709e-02
49451 -4.891144e-03 -6.295089e-03 9.485872e-02 -2.301087e-02 -4.496161e-02 2.251292e-01 -2.751133e+00 -5.870771e+00 1.977908e+01 402 3.658157e-03
74332 -5.434072e-03 3.626889e-03 1.014924e-01 -5.074468e-02 8.141728e-02 6.036054e-01 -2.856799e+00 4.904623e+00 3.165784e+01 1115 7.808435e-03
61619 -2.976775e-03 -1.525411e-02 1.180005e-01 -3.236053e-02 -2.549981e-01 8.384335e-01 -1.007763e+00 -8.222409e+00 2.470842e+01 1381 1.077701e-02
61639 1.404646e-02 -2.006033e-02 2.097323e-01 2.917106e-01 -4.583463e-01 2.655244e+00 3.487109e+00 -5.504316e+00 3.071253e+01 2937 2.272092e-02
74406 -5.978036e-03 4.669229e-03 1.295605e-01 -9.078359e-02 1.744723e-01 1.191988e+00 -2.677231e+00 5.360524e+00 3.353982e+01 1475 1.071537e-02
61701 -1.108659e-02 2.158820e-03 1.786570e-01 -6.443981e-02 -2.438287e-03 6.090064e-01 -3.730221e+00 -3.214093e-01 3.008812e+01 682 7.725520e-03
87055 -2.622240e-02 -5.067699e-03 1.415719e-01 -1.405974e-01 -1.463354e-02 4.280145e-01 -6.491513e+00 -5.429226e-01 1.625744e+01 1741 1.458767e-02
87062 -2.145388e-02 -4.502801e-03 1.145498e-01 -1.375296e-01 -3.289019e-02 3.513951e-01 -1.100410e+01 -2.691154e+00 2.245318e+01 1105 8.872281e-03
49644 -6.215101e-03 -2.142887e-03 1.081660e-01 -6.460903e-02 -3.164040e-02 5.925972e-01 -2.782363e+00 -1.405502e+00 2.308225e+01 1326 9.382580e-03
74506 3.391614e-03 9.245910e-03 1.091525e-01 6.359401e-03 3.143728e-02 1.828050e-01 4.479688e-01 3.349649e+00 1.111737e+01 1234 1.031790e-02
49681 -3.080513e-03 -1.438676e-02 2.002429e-01 -3.252951e-01 -1.242843e+00 7.635244e+00 -1.542370e+00 -5.880351e+00 3.558972e+01 1037 9.958452e-03
24277 9.673109e-03 -2.630344e-04 1.048756e-01 8.805917e-02 -2.339160e-03 3.550354e-01 7.983517e+00 -2.114507e-01 2.547844e+01 623 5.353502e-03
87189 -5.844056e-03 4.418472e-03 1.727856e-01 -2.051439e-01 1.531771e-01 3.454928e+00 -2.054017e+00 1.533131e+00 3.382630e+01 1432 1.151636e-02
99733 -5.259043e-03 -7.234818e-03 1.878010e-01 -3.670105e-02 -2.438017e-02 5.529890e-01 -2.681083e+00 -1.461997e+00 3.113985e+01 2866 2.071832e-02
24343 -3.376089e-03 7.012163e-03 1.737068e-01 -1.915588e-02 4.148352e-02 6.901327e-01 -9.116112e-01 1.991439e+00 2.983435e+01 638 7.472088e-03
61996 2.898823e-03 8.483071e-03 9.763094e-02 2.775087e-02 6.071097e-02 2.916535e-01 3.366554e+00 7.074993e+00 2.628304e+01 1271 8.691315e-03
74713 -1.301483e-02 -7.759075e-03 1.636296e-01 -8.434253e-01 -5.500156e-01 5.867504e+00 -4.502280e+00 -2.939980e+00 3.092499e+01 342 4.996399e-03
36959 -7.604583e-03 1.116459e-03 1.164685e-01 -4.260744e-02 2.510939e-03 3.261640e-01 -4.807380e+00 1.915214e-01 2.880011e+01 2289 1.574931e-02
87380 4.845355e-03 2.201308e-04 9.200935e-02 3.742258e-02 1.495019e-02 2.547783e-01 6.383135e+00 2.886188e+00 3.189271e+01 912 6.071496e-03
49935 2.142293e-02 -1.799966e-02 2.743071e-01 8.492395e-02 -8.810804e-02 1.127516e+00 2.101330e+00 -2.319976e+00 2.823376e+01 574 1.117026e-02
37031 1.267701e-02 -1.468036e-02 1.216445e-01 3.415276e-02 -4.356312e-02 2.160027e-01 8.343355e+00 -1.122099e+01 3.665826e+01 186 2.604912e-03
74921 -2.054279e-02 1.650472e-02 1.228126e-01 -8.425160e-02 7.664144e-02 2.971954e-01 -8.182389e+00 7.723610e+00 2.239671e+01 2285 1.621087e-02
37252 -1.035532e-02 -1.490321e-02 1.405253e-01 -6.003426e-02 -1.357228e-01 5.879774e-01 -3.467650e+00 -8.433354e+00 3.123269e+01 693 6.527047e-03
62415 2.065202e-03 -1.249110e-02 1.108576e-01 3.991759e-03 -3.244180e-02 1.903928e-01 5.427709e-01 -5.620730e+00 2.240754e+01 2171 1.497476e-02
62467 -1.128859e-02 4.741799e-03 1.169532e-01 -7.047155e-02 4.465039e-02 4.113216e-01 -5.127558e+00 3.457645e+00 2.550381e+01 569 5.091843e-03
37419 -1.139551e-02 1.295964e-02 2.726693e-01 -1.810995e+00 1.785945e+00 2.167541e+01 -2.624049e+00 2.585242e+00 3.120797e+01 290 8.430982e-03
37453 -5.066908e-03 1.633425e-03 9.393196e-02 -3.283552e-02 2.309984e-02 2.305232e-01 -5.371093e+00 4.152102e+00 2.641991e+01 1619 1.076523e-02
