/n/home03/calmiller/DSMC_Simulations/6_10_20_fixed_collisions/flow_4.00000_gap_0.00400_len_0.04000_T1_2.00000_T2_0.50000/data
running....
idx x y z xnext ynext znext vx vy vz collides time
250328 1.694252e-02 -6.601500e-03 1.465041e-01 2.008204e-01 -5.480861e-02 5.399271e-01 1.035331e+01 -2.714317e+00 2.215181e+01 1838 9.822116e-03
250488 -3.134305e-04 6.716150e-04 1.632045e-01 -2.718135e-02 -8.976469e-02 2.550364e+00 -3.209985e-01 -1.080468e+00 2.852007e+01 2021 1.120417e-02
375511 -3.467764e-03 1.084011e-02 1.247634e-01 -2.225830e-02 2.059036e-01 4.322949e-01 -1.298853e+00 1.348332e+01 2.125741e+01 1997 1.328574e-02
250828 1.386710e-02 -1.789038e-02 1.446213e-01 2.272702e-01 -3.629971e-01 8.349131e-01 6.982854e+00 -1.129238e+01 2.258733e+01 2631 1.299541e-02
125894 -8.353060e-03 -4.127943e-03 1.266837e-01 -2.826817e-02 -1.774281e-02 1.739560e-01 -6.846230e+00 -4.680393e+00 1.625081e+01 4476 1.825254e-02
251573 1.587515e-02 2.187930e-02 6.567485e-02 2.427979e-02 3.630794e-02 6.258739e-02 1.554108e+01 2.668011e+01 -3.546137e+00 2355 9.121534e-03
751715 -2.543203e-02 4.124759e-04 1.547774e-01 -1.300877e+00 7.534559e-03 2.632706e+00 -1.273434e+01 7.110852e-02 2.474021e+01 2869 1.290314e-02
376776 -9.977813e-03 -5.402465e-03 1.400134e-01 -3.315353e-02 -2.184337e-02 2.113249e-01 -6.380844e+00 -4.526583e+00 1.963380e+01 2257 1.292139e-02
876904 9.340560e-03 1.396211e-02 1.489102e-01 1.339881e-01 1.874752e-01 6.927562e-01 7.363060e+00 1.024960e+01 3.212555e+01 3216 1.417014e-02
127284 1.386035e-02 -1.818508e-03 1.320569e-01 8.805284e-02 -1.226040e-02 2.935852e-01 6.549661e+00 -9.218025e-01 1.425960e+01 1855 1.075732e-02
3393 1.245755e-03 -9.534104e-03 1.300159e-01 2.467970e-02 -1.369658e-01 4.130067e-01 2.565948e+00 -1.395339e+01 3.098666e+01 1770 1.083154e-02
3825 -2.284029e-02 -4.597241e-03 1.444132e-01 -6.503732e-01 -8.556370e-02 1.283432e+00 -1.475360e+01 -1.903560e+00 2.677887e+01 1799 1.062052e-02
4230 -1.214856e-02 9.574111e-03 1.359352e-01 -6.068054e-02 4.533144e-02 2.416433e-01 -1.483907e+01 1.093311e+01 3.232114e+01 2237 1.145600e-02
878487 1.889224e-02 -2.171301e-02 1.673352e-01 8.793841e-02 -1.109037e-01 3.785571e-01 7.322431e+00 -9.458779e+00 2.240033e+01 4679 2.149283e-02
253703 -1.813544e-02 1.393685e-02 6.855954e-02 -2.770186e-02 1.993119e-02 6.860127e-02 -2.749575e+01 1.722891e+01 1.199470e-01 1662 8.879715e-03
628890 -4.048518e-03 7.328565e-03 1.140772e-01 -2.553770e-02 3.825506e-02 1.240526e-01 -8.994487e+00 1.294456e+01 4.175301e+00 3012 1.304021e-02
629136 -1.426743e-02 1.836944e-02 6.795505e-02 -1.761771e-02 2.545778e-02 6.840234e-02 -1.051152e+01 2.223970e+01 1.403381e+00 2797 1.259188e-02
379022 -1.786326e-02 7.122463e-03 1.516986e-01 -1.077099e-01 5.178160e-02 3.382916e-01 -8.297821e+00 4.124512e+00 1.723287e+01 3035 2.391477e-02
629577 -3.801800e-03 -1.178688e-02 1.299833e-01 -1.621785e-02 -6.228965e-02 2.271022e-01 -2.428966e+00 -9.879913e+00 1.899948e+01 1678 9.921011e-03
5869 4.432303e-03 -1.416788e-02 1.701386e-01 1.065505e-01 -2.226997e-01 1.168803e+00 3.118741e+00 -6.368670e+00 3.049971e+01 967 8.716654e-03
5960 4.061445e-03 2.447057e-03 1.353448e-01 1.517639e-02 4.401885e-02 3.258034e-01 1.382914e+00 5.172335e+00 2.369674e+01 1339 9.447876e-03
379892 -4.238109e-03 1.181939e-02 1.572732e-01 -4.423449e-02 5.585922e-02 4.030632e-01 -4.567173e+00 5.028894e+00 2.806668e+01 4398 2.206502e-02
754879 -6.769320e-03 -4.227744e-03 1.256524e-01 -3.038947e-01 -4.067723e-02 7.846194e-01 -1.090650e+01 -1.337941e+00 2.418852e+01 2112 9.624447e-03
506014 -1.865135e-02 -7.902518e-03 1.269488e-01 -6.955587e-02 -3.313451e-02 1.685002e-01 -1.247645e+01 -6.184240e+00 1.018405e+01 2933 1.596703e-02
880731 1.476410e-02 6.865717e-03 1.413044e-01 1.727862e-01 1.005185e-01 5.266502e-01 9.172976e+00 5.436422e+00 2.236881e+01 1210 9.912053e-03
7790 -4.488841e-03 -9.236945e-03 1.274469e-01 -1.814077e-02 -3.495261e-02 2.063620e-01 -4.422288e+00 -8.330112e+00 2.556310e+01 728 7.152999e-03
631503 1.065538e-02 7.145324e-03 1.526951e-01 2.082737e-01 1.272687e-01 8.326665e-01 7.454020e+00 4.530969e+00 2.564803e+01 1971 1.173971e-02
8377 -7.388069e-03 2.044882e-03 1.167261e-01 -4.087859e-02 1.060034e-03 1.501438e-01 -1.633190e+01 -4.802686e-01 1.629637e+01 4016 1.738402e-02
756460 -8.018161e-03 -9.274688e-03 1.295395e-01 -1.160254e-01 -1.204069e-01 4.524558e-01 -7.789477e+00 -8.014849e+00 2.328871e+01 1171 8.679756e-03
507044 2.029493e-02 1.183204e-02 6.641316e-02 2.690304e-02 1.814996e-02 6.675589e-02 1.510456e+01 1.444127e+01 7.834045e-01 1345 5.695218e-03
882160 9.510219e-03 8.875073e-03 1.217983e-01 1.224395e-01 7.868452e-02 2.390112e-01 1.553833e+01 9.605325e+00 1.612773e+01 2013 1.047792e-02
257813 -2.657902e-02 2.844781e-03 1.625684e-01 -3.554319e-01 7.826536e-02 7.297753e-01 -1.258800e+01 2.886988e+00 2.171184e+01 5091 2.684971e-02
507864 -2.376783e-02 1.726304e-02 6.812683e-02 -3.815891e-02 2.652208e-02 6.680637e-02 -3.602322e+01 2.317689e+01 -3.305321e+00 1340 5.520397e-03
633254 -1.819499e-02 1.253217e-02 1.659370e-01 -7.011379e-02 4.948401e-02 3.366953e-01 -7.768347e+00 5.528916e+00 2.554970e+01 2354 1.557005e-02
383472 -2.158215e-02 1.307176e-03 1.379162e-01 -1.147476e-01 1.687193e-04 2.636642e-01 -1.001327e+01 -1.223594e-01 1.351518e+01 2498 1.429718e-02
259587 -9.996116e-03 2.707532e-02 6.941846e-02 -1.458116e-02 6.028103e-02 7.393764e-02 -4.160833e+00 3.013349e+01 4.101062e+00 1518 6.240196e-03
884234 -8.910947e-03 1.277080e-02 1.289789e-01 -2.767814e-02 4.046313e-02 1.690625e-01 -7.539957e+00 1.112574e+01 1.610409e+01 2272 1.382492e-02
259836 -6.200492e-03 1.053715e-02 1.329696e-01 -5.892801e-02 7.775311e-02 2.923788e-01 -6.893280e+00 8.787413e+00 2.084022e+01 1701 9.141014e-03
884513 1.896723e-03 9.146416e-03 1.352705e-01 2.783794e-02 9.562329e-02 3.795947e-01 2.612585e+00 8.709239e+00 2.460632e+01 1432 9.015206e-03
509987 -8.387339e-03 8.640009e-03 1.474290e-01 -4.656659e-02 5.078565e-02 5.208420e-01 -1.851294e+00 2.043622e+00 1.810662e+01 3930 2.051755e-02
260099 6.124133e-03 2.583713e-02 6.661976e-02 8.881027e-03 3.228108e-02 6.563885e-02 8.593367e+00 2.008609e+01 -3.057523e+00 2156 8.575279e-03
635809 9.151538e-04 -8.779524e-03 1.697823e-01 -4.068746e-03 -7.486328e-02 5.480994e-01 -2.253289e-01 -2.987737e+00 1.710424e+01 4161 1.959614e-02
385356 -4.787678e-03 1.015374e-02 1.351309e-01 -3.841314e-02 8.419025e-02 3.125375e-01 -3.710391e+00 8.169536e+00 1.957587e+01 1257 9.751605e-03
385546 -5.258311e-03 -7.932422e-03 1.364718e-01 -4.491646e-02 -5.665978e-02 3.033407e-01 -6.984148e+00 -8.581315e+00 2.938706e+01 2275 1.188401e-02
760936 4.265600e-03 6.239982e-03 1.319281e-01 6.207714e-02 1.265789e-01 4.628696e-01 3.919462e+00 8.158644e+00 2.243691e+01 1993 9.824666e-03
511658 -1.318207e-02 9.346011e-03 1.346719e-01 -5.444802e-02 3.390492e-02 2.099031e-01 -1.515723e+01 9.020629e+00 2.763286e+01 1567 9.437283e-03
637423 2.769508e-02 8.170877e-03 6.228221e-02 5.274737e-02 1.846924e-02 6.100686e-02 3.114593e+01 1.280330e+01 -1.585559e+00 4365 2.049600e-02
262398 -1.838716e-02 1.873916e-02 1.300772e-01 -1.437590e-01 1.789105e-01 2.926987e-01 -7.871132e+00 1.005592e+01 1.020975e+01 1932 1.595040e-02
761701 -2.650548e-03 1.514028e-02 1.749549e-01 -1.953244e-02 5.306287e-02 3.700288e-01 -2.320615e+00 5.212907e+00 2.681520e+01 2640 1.618071e-02
137486 -1.194703e-02 -2.648899e-02 1.654723e-01 -1.245093e-02 -2.760457e-02 1.677947e-01 -4.933732e+00 -1.092285e+01 2.273884e+01 2076 1.171847e-02
137627 -4.822732e-03 7.885167e-03 1.114232e-01 -2.049145e-01 3.540923e-01 2.520190e-01 -1.317248e+01 2.279159e+01 9.255735e+00 2425 1.095890e-02
762121 -2.447153e-02 1.478408e-02 1.918107e-01 -2.595803e-02 1.565120e-02 1.990714e-01 -3.665319e+00 2.138113e+00 1.790294e+01 2593 1.623297e-02
512917 1.729036e-02 -8.270204e-03 1.445809e-01 2.194977e-01 -1.279286e-01 6.378709e-01 8.631604e+00 -5.107845e+00 2.105702e+01 2826 1.734044e-02
513128 2.985183e-02 -2.420372e-03 7.184806e-02 1.101637e-01 -1.685435e-02 1.077751e-01 3.262560e+01 -5.863607e+00 1.459486e+01 5103 2.314087e-02
513730 2.149909e-02 3.843141e-03 1.705873e-01 2.253717e-01 2.921428e-02 6.589948e-01 1.177349e+01 1.465165e+00 2.820518e+01 1138 9.269928e-03
17908 -2.047894e-02 6.329740e-03 1.565481e-01 -1.745506e-01 2.657912e-02 4.998746e-01 -1.033872e+01 1.358800e+00 2.303834e+01 2546 1.497482e-02
514592 1.075884e-02 2.355045e-02 1.540306e-01 1.123407e-01 2.020940e-01 4.431917e-01 4.970695e+00 8.736651e+00 1.414949e+01 3677 1.751365e-02
388928 2.205399e-02 -1.519511e-02 6.960196e-02 3.691110e-02 -2.099685e-02 7.421404e-02 2.597897e+01 -1.014487e+01 8.064619e+00 2336 9.803631e-03
639954 1.905767e-02 1.718085e-02 1.403956e-01 2.012200e-01 1.804958e-01 4.238506e-01 1.277372e+01 1.145208e+01 1.987663e+01 4335 2.167658e-02
18336 9.817363e-03 -9.305060e-03 1.531530e-01 5.788182e-02 -3.659778e-02 3.351727e-01 6.226630e+00 -3.535705e+00 2.358020e+01 4661 2.841948e-02
764072 -1.504290e-02 2.676418e-03 2.140195e-01 -4.747384e-01 6.409089e-02 2.445393e+00 -5.274478e+00 7.046604e-01 2.560244e+01 1743 1.425164e-02
889458 -1.366788e-02 3.594380e-04 1.197929e-01 -9.943263e-02 2.237161e-03 2.099050e-01 -1.129442e+01 2.472785e-01 1.186692e+01 5199 2.240522e-02
515293 2.772434e-02 -8.885416e-03 6.754749e-02 6.594056e-02 -1.571457e-02 7.589401e-02 3.066323e+01 -5.479449e+00 6.696930e+00 946 4.159315e-03
640512 -2.119754e-02 2.074597e-02 6.558591e-02 -2.845032e-02 2.999362e-02 6.199334e-02 -2.121859e+01 2.705472e+01 -7.608677e+00 6008 2.238044e-02
389628 -1.699865e-02 2.173836e-02 6.601863e-02 -3.672288e-02 5.264928e-02 6.616607e-02 -2.014132e+01 3.156457e+01 1.505554e-01 1214 5.177755e-03
515629 2.779391e-03 -1.562872e-02 1.791232e-01 3.976227e-02 -8.575796e-02 5.291267e-01 2.437794e+00 -4.622697e+00 2.307112e+01 1330 1.061011e-02
516244 4.000028e-03 4.010617e-03 1.256038e-01 2.922498e-02 4.955144e-02 2.187921e-01 5.372125e+00 9.698771e+00 1.984621e+01 2322 1.211667e-02
641683 2.561141e-02 -1.062545e-02 7.139307e-02 5.008068e-02 -1.838831e-02 8.619765e-02 1.647631e+01 -5.227102e+00 9.968625e+00 1652 7.644607e-03
641745 -1.384986e-02 -1.136121e-02 1.449984e-01 -4.606817e-02 -3.872566e-02 2.510022e-01 -5.716401e+00 -4.855194e+00 1.880795e+01 1856 1.233565e-02
20609 -2.484848e-02 -8.487044e-03 1.297964e-01 -4.520384e-02 -1.506211e-02 1.461634e-01 -1.715604e+01 -5.541640e+00 1.379460e+01 4045 2.193623e-02
20672 -6.089363e-03 -1.214601e-02 2.533156e-01 -1.762111e-02 -4.526436e-02 1.046492e+00 -3.559135e-01 -1.022158e+00 2.448044e+01 2195 1.708606e-02
642652 5.913557e-03 4.531175e-03 1.246325e-01 4.187666e-02 2.993642e-02 2.337819e-01 6.797068e+00 4.801620e+00 2.062936e+01 1889 1.359165e-02
267597 -2.692695e-02 4.314133e-05 1.407870e-01 -1.102548e-01 5.213193e-03 2.532596e-01 -1.147505e+01 7.119660e-01 1.548856e+01 2147 1.195033e-02
517894 -5.990456e-04 5.111669e-03 1.245667e-01 -1.037281e-02 5.399184e-02 2.636270e-01 -1.565146e+00 7.827548e+00 2.226876e+01 3447 1.680171e-02
392016 -1.419223e-02 -6.680910e-03 1.684479e-01 -1.125730e-01 -7.543518e-02 6.394829e-01 -4.893602e+00 -3.419937e+00 2.342996e+01 1886 1.120495e-02
518236 3.716844e-03 2.382778e-02 6.690761e-02 5.062891e-03 3.402430e-02 6.757514e-02 6.202641e+00 4.698598e+01 3.076011e+00 1224 5.023287e-03
767941 -2.681297e-02 -2.362102e-03 6.516052e-02 -5.168261e-02 -4.761315e-03 6.059254e-02 -3.582584e+01 -3.456176e+00 -6.377210e+00 2819 1.397620e-02
519189 -5.281539e-03 -1.788510e-03 1.576865e-01 -2.222779e-01 5.624653e-02 1.717945e+00 -3.789489e+00 1.013488e+00 2.724738e+01 1582 1.727528e-02
893257 -1.508377e-03 -1.480912e-02 1.268876e-01 -1.415147e-02 -7.474411e-02 2.164273e-01 -1.818027e+00 -8.618421e+00 1.287546e+01 2421 1.284941e-02
519474 2.471168e-02 2.967255e-03 6.656301e-02 3.928834e-02 3.137098e-03 6.815318e-02 3.012800e+01 3.510430e-01 3.286666e+00 3100 1.151700e-02
144750 -1.144302e-02 2.736133e-02 1.418799e-01 -6.708871e-01 1.611295e+00 2.031741e+00 -5.994157e+00 1.439751e+01 1.717829e+01 3767 1.927724e-02
145073 -1.669647e-02 4.407085e-03 2.161760e-01 -3.559404e-01 7.446959e-03 1.749032e+00 -5.223977e+00 4.681067e-02 2.360427e+01 3327 1.847504e-02
270091 2.502263e-02 -5.273795e-03 6.986989e-02 9.428153e-02 4.241859e-04 8.329820e-02 4.167040e+01 3.428254e+00 8.079296e+00 1692 9.205064e-03
520570 -1.129717e-02 -9.796433e-04 1.159955e-01 -2.305434e-01 -5.653226e-02 2.138269e-01 -1.555820e+01 -3.942137e+00 6.942338e+00 1922 8.827732e-03
769531 -2.663058e-02 -8.157565e-04 2.400345e-01 -1.510604e-01 -6.122947e-03 1.326366e+00 -2.244958e+00 -9.575216e-02 1.959956e+01 772 1.234906e-02
271065 -5.875889e-03 -5.221824e-03 1.127715e-01 -3.957664e-02 -3.486386e-02 1.327303e-01 -1.249788e+01 -1.099271e+01 7.401709e+00 5085 2.026046e-02
895716 8.575341e-03 2.344341e-02 6.778855e-02 1.107983e-02 2.902871e-02 6.806414e-02 1.095445e+01 2.442963e+01 1.205404e+00 1396 7.780898e-03
522173 2.541455e-02 -4.293753e-03 1.883504e-01 8.023894e-01 -2.613906e-01 2.640439e+00 8.334678e+00 -2.757900e+00 2.630376e+01 2381 1.423845e-02
147506 4.354236e-03 2.670933e-02 6.810767e-02 9.665723e-03 4.402243e-02 7.655501e-02 8.050711e+00 2.624177e+01 1.280378e+01 3421 1.305256e-02
272471 -6.391148e-03 1.092587e-02 1.295710e-01 -7.250449e-02 1.184906e-01 3.485510e-01 -8.273617e+00 1.346097e+01 2.740381e+01 6907 2.725566e-02
896505 -8.458763e-03 1.259210e-02 1.518269e-01 -5.452713e-02 7.515460e-02 3.381961e-01 -6.723941e+00 9.131355e+00 2.720165e+01 3417 2.075056e-02
273104 -2.778330e-02 -4.980138e-03 6.969484e-02 -2.988615e-02 -5.771138e-03 7.021338e-02 -2.865111e+01 -1.077731e+01 7.065005e+00 2626 1.358298e-02
28510 -1.374462e-02 2.461763e-02 6.641112e-02 -1.493656e-02 2.618423e-02 6.569700e-02 -1.746098e+01 2.294945e+01 -1.046132e+01 1229 7.344600e-03
897100 9.987237e-03 -5.217754e-03 1.431463e-01 1.085022e-01 -3.401129e-02 5.088006e-01 6.917674e+00 -2.021869e+00 2.567608e+01 864 6.102693e-03
771989 1.612845e-02 -8.973170e-03 3.262771e-01 6.408907e-01 -3.314765e-01 8.886163e+00 2.276477e+00 -1.175121e+00 3.119008e+01 4703 2.585127e-02
397029 -5.086083e-03 2.624537e-03 1.268947e-01 -2.704240e-02 1.695668e-02 2.056955e-01 -5.757957e+00 3.758546e+00 2.066519e+01 2273 1.072405e-02
524585 1.065779e-02 1.964405e-02 6.814772e-02 1.516430e-02 3.290905e-02 6.820326e-02 9.787263e+00 2.880904e+01 1.206154e-01 3207 1.415250e-02
650818 5.912477e-03 2.877470e-03 1.129735e-01 2.767882e-02 1.523069e-02 1.361961e-01 8.949402e+00 5.079123e+00 9.548137e+00 3887 1.860524e-02
151397 1.871356e-03 -1.470088e-02 1.467717e-01 3.805979e-02 -1.395382e-01 4.465487e-01 2.992448e+00 -1.032289e+01 2.478878e+01 4070 1.726630e-02
400089 -3.958721e-03 3.407185e-03 1.254419e-01 -1.807680e-02 2.420323e-02 2.077296e-01 -3.161617e+00 4.657089e+00 1.842760e+01 1507 8.961310e-03
652315 1.238296e-02 -1.152442e-02 1.684272e-01 4.735705e-02 -5.287801e-02 3.671943e-01 4.799838e+00 -5.675357e+00 2.727876e+01 2410 2.202131e-02
900851 -2.330403e-02 -5.314934e-03 2.734229e-01 -8.215298e-02 -3.420136e-02 7.487266e-01 -3.144768e+00 -1.543632e+00 2.539926e+01 1969 1.473065e-02
277332 -1.084949e-02 -8.352916e-03 1.447228e-01 -4.139189e-02 -3.395186e-02 2.416282e-01 -6.844746e+00 -5.736885e+00 2.171710e+01 2754 1.555943e-02
277672 -7.612167e-03 2.803408e-03 1.194970e-01 -3.201177e-02 1.187830e-02 1.464739e-01 -1.495940e+01 5.563818e+00 1.653955e+01 852 5.715398e-03
652898 -1.935482e-02 1.215990e-02 1.720518e-01 -2.816651e-01 2.332412e-01 9.315687e-01 -6.561739e+00 5.530390e+00 1.899946e+01 1939 1.256809e-02
653041 -2.340987e-02 1.130191e-02 6.758798e-02 -2.983442e-02 1.726843e-02 6.744629e-02 -3.727329e+01 3.461601e+01 -8.219939e-01 1727 6.730308e-03
34698 -2.391009e-02 4.683919e-03 6.829685e-02 -3.123062e-02 1.573469e-03 7.183925e-02 -2.442198e+01 -1.037675e+01 1.181776e+01 4292 1.774196e-02
401799 -1.697481e-02 1.690856e-02 6.758122e-02 -2.595231e-02 2.449791e-02 6.700456e-02 -2.904589e+01 2.455466e+01 -1.865723e+00 1381 5.413981e-03
777412 1.049716e-02 1.144111e-02 1.565572e-01 3.706953e-02 3.808542e-02 2.914321e-01 4.975841e+00 4.989313e+00 2.525617e+01 3071 1.815772e-02
902721 7.278611e-03 -9.665864e-03 1.890035e-01 2.253961e-01 -5.996902e-01 5.026758e+00 1.143277e+00 -3.092651e+00 2.535741e+01 5027 2.607384e-02
777512 -8.031541e-03 3.768999e-04 1.341096e-01 -3.237960e-02 8.894181e-05 2.130782e-01 -7.062793e+00 -8.352977e-02 2.290690e+01 4198 1.933903e-02
279436 1.820409e-03 -1.422652e-02 1.690714e-01 8.171688e-02 -2.668880e-01 1.021174e+00 1.828233e+00 -5.781533e+00 1.949826e+01 1334 1.482580e-02
280021 -1.863622e-02 1.152412e-02 1.517086e-01 -3.613135e-02 2.449740e-02 1.871056e-01 -6.418364e+00 4.759453e+00 1.298596e+01 1764 1.154267e-02
529888 -1.984222e-02 1.928114e-02 6.891850e-02 -3.118027e-02 2.770322e-02 7.236572e-02 -2.589925e+01 1.923836e+01 7.874397e+00 2153 1.007230e-02
280402 -2.642842e-02 -1.061813e-02 1.787941e-01 -2.341608e-01 -1.337392e-01 7.507131e-01 -7.385490e+00 -4.377312e+00 2.033338e+01 1275 1.128902e-02
37298 2.644476e-02 -1.245240e-02 6.601748e-02 9.097798e-02 -6.134786e-02 4.620697e-02 2.142673e+01 -1.623458e+01 -5.961716e+00 1870 9.614749e-03
904038 -3.605142e-03 -2.083480e-02 1.407553e-01 -1.890297e-02 -6.462400e-02 2.291679e-01 -3.022300e+00 -8.651170e+00 1.746716e+01 1392 9.730168e-03
404107 2.000034e-04 -2.663692e-02 6.470230e-02 4.116110e-03 -4.700317e-02 6.249113e-02 5.073848e+00 -2.638724e+01 -2.864873e+00 1318 8.538655e-03
281425 -2.888496e-03 3.346588e-03 1.290278e-01 -1.286370e-02 2.874063e-02 2.308307e-01 -2.716134e+00 6.914503e+00 2.771977e+01 1203 6.704084e-03
404580 -1.116976e-02 1.880127e-02 1.426996e-01 -2.533806e-01 4.151306e-01 8.413717e-01 -6.862707e+00 1.122944e+01 1.979590e+01 2130 1.431786e-02
904980 -1.705524e-02 1.820454e-02 6.868781e-02 -2.371834e-02 2.566462e-02 7.023078e-02 -2.093719e+01 2.344150e+01 4.848426e+00 2823 1.235138e-02
779741 -1.398791e-02 2.050839e-02 2.800201e-01 -3.837538e-01 5.046223e-01 3.718286e+00 -2.958228e+00 3.873044e+00 2.750707e+01 1823 1.580711e-02
531740 -1.506388e-02 -2.315066e-04 1.256783e-01 -1.605171e-01 2.288950e-02 2.597929e-01 -1.291760e+01 2.053360e+00 1.191062e+01 1842 9.373876e-03
405389 1.147327e-02 -2.501766e-03 1.182203e-01 2.599549e-01 2.541910e-02 3.269159e-01 2.259264e+01 2.538642e+00 1.897518e+01 1693 9.633489e-03
158096 -1.484265e-02 8.909091e-03 1.371052e-01 -2.163272e-01 9.957245e-02 5.183959e-01 -1.068052e+01 4.805985e+00 2.021189e+01 881 5.941421e-03
282974 -9.645165e-03 -1.298789e-02 1.787064e-01 -1.658936e-01 -2.044290e-01 1.133913e+00 -3.928999e+00 -4.813948e+00 2.401947e+01 1757 1.095135e-02
283029 -1.505954e-02 -2.206752e-02 6.688965e-02 -2.306540e-02 -3.928124e-02 6.539672e-02 -1.286519e+01 -2.766195e+01 -2.399096e+00 3000 1.170004e-02
781023 -7.810947e-03 -2.033669e-02 1.367545e-01 -6.217682e-02 -2.706088e-01 4.533716e-01 -2.179806e+00 -1.003469e+01 1.269480e+01 3866 1.840177e-02
40769 2.556750e-03 -1.342572e-02 1.577845e-01 -3.722931e-02 -1.419642e-01 6.218276e-01 -1.901685e+00 -6.143852e+00 2.218022e+01 2123 1.910169e-02
406424 1.559251e-02 2.226241e-02 6.893684e-02 2.186876e-02 3.002576e-02 7.094520e-02 1.416275e+01 1.751850e+01 4.531987e+00 724 3.856697e-03
533386 -8.639920e-03 -2.339408e-02 6.568614e-02 -1.096651e-02 -2.985915e-02 6.343103e-02 -7.909927e+00 -2.197993e+01 -3.613397e+00 5285 2.435721e-02
533569 1.658487e-02 -1.669483e-02 1.314036e-01 2.220723e-01 -1.884889e-01 4.854971e-01 6.183143e+00 -5.169306e+00 1.065472e+01 3649 1.847474e-02
782004 5.680216e-05 9.316235e-03 1.385657e-01 -2.975408e-02 1.310684e-01 5.974946e-01 -1.649760e+00 6.737871e+00 2.539752e+01 3418 1.483459e-02
159576 -3.917128e-03 8.168137e-03 1.247177e-01 -3.377759e-02 6.693743e-02 2.095709e-01 -5.369508e+00 1.056789e+01 1.525832e+01 2501 1.225925e-02
160352 1.115265e-02 2.114492e-02 1.368814e-01 6.627202e-02 8.897394e-02 2.722351e-01 5.816253e+00 7.157388e+00 1.428266e+01 3296 1.699079e-02
160520 1.924075e-02 6.877690e-03 1.540651e-01 4.831038e-01 1.285962e-01 1.065489e+00 1.077632e+01 2.827726e+00 2.117390e+01 1855 1.014379e-02
43426 -1.761376e-02 -1.005298e-02 1.324654e-01 -4.258305e-02 -1.974465e-02 1.671479e-01 -1.063990e+01 -4.129811e+00 1.477888e+01 2581 1.198289e-02
285796 -1.042491e-02 -1.323121e-02 1.652956e-01 -2.268712e-02 -3.255964e-02 2.283471e-01 -4.477231e+00 -7.057279e+00 2.302163e+01 2987 1.752710e-02
409056 1.089272e-02 -2.592485e-02 1.869198e-01 5.915405e-02 -8.926975e-02 4.186931e-01 4.764106e+00 -6.253078e+00 2.287945e+01 2173 1.587468e-02
409229 8.769829e-03 -1.710108e-02 2.636342e-01 2.187986e-01 -3.017756e-01 3.088314e+00 2.100374e+00 -2.846863e+00 2.824796e+01 2777 1.707807e-02
286640 1.018364e-02 8.320505e-04 1.441256e-01 4.280641e-02 6.842781e-03 3.136505e-01 5.625604e+00 1.036515e+00 2.923357e+01 2429 1.116424e-02
784582 8.546043e-03 -1.157173e-02 1.977219e-01 2.303395e-01 -3.760455e-01 2.975076e+00 2.018303e+00 -3.316684e+00 2.527372e+01 1531 1.244471e-02
785493 -1.454399e-02 7.227029e-03 1.677588e-01 -2.986944e-01 2.969460e-01 1.610504e+00 -4.461232e+00 4.548660e+00 2.265146e+01 1376 9.365066e-03
538174 -9.060679e-03 5.376904e-04 1.451319e-01 -5.234454e-02 1.313182e-04 3.456715e-01 -6.374410e+00 -5.984639e-02 2.953346e+01 2189 1.060022e-02
164271 1.542694e-02 8.908168e-03 1.190620e-01 1.086770e-01 6.197455e-02 1.778530e-01 1.206081e+01 6.863516e+00 7.603925e+00 2047 1.339861e-02
411954 4.722173e-03 -1.900758e-03 2.148603e-01 2.877276e-01 3.125538e-02 2.896872e+00 2.405335e+00 2.818025e-01 2.279510e+01 4831 3.061339e-02
411971 -2.562503e-02 -6.757023e-03 6.587945e-02 -2.939641e-02 -7.749464e-03 6.594602e-02 -1.014908e+01 -2.670736e+00 1.791635e-01 5655 2.186396e-02
664820 5.753313e-03 -1.601418e-02 1.187344e-01 1.550575e-01 -2.027179e-01 2.135218e-01 1.042169e+01 -1.303224e+01 6.616325e+00 2587 1.373300e-02
412866 -1.813418e-02 1.670775e-02 1.469049e-01 -3.024715e-01 3.231146e-01 7.937216e-01 -1.054507e+01 1.136355e+01 2.398815e+01 5505 2.319457e-02
49659 -1.381323e-03 -9.420158e-03 1.192348e-01 -1.013269e-03 -5.775175e-02 1.666427e-01 7.711998e-02 -1.012713e+01 9.933596e+00 2366 1.446600e-02
913932 1.249315e-02 1.705586e-02 2.119366e-01 2.079655e-01 1.885012e-01 1.310301e+00 4.288790e+00 3.761622e+00 2.409882e+01 2077 1.907465e-02
413653 1.656335e-02 2.746998e-03 1.259233e-01 1.111652e-01 1.515890e-02 2.118165e-01 1.398398e+01 1.834719e+00 1.269667e+01 1430 8.072331e-03
914935 -8.068064e-03 -2.338642e-02 1.971179e-01 -1.108957e-01 -2.430286e-01 1.219225e+00 -2.790586e+00 -5.960757e+00 2.773845e+01 7488 3.613631e-02
293333 -9.146720e-03 -2.248681e-02 2.170867e-01 -2.732230e-02 -1.084186e-01 5.673860e-01 -1.306145e+00 -6.175283e+00 2.517344e+01 3110 1.897535e-02
668975 2.333320e-02 -4.835022e-03 6.735682e-02 3.238738e-02 -8.913142e-03 6.892781e-02 2.167271e+01 -9.761668e+00 3.760409e+00 5631 2.451588e-02
543655 7.851229e-03 2.190496e-02 6.885746e-02 9.869295e-03 3.275781e-02 6.873218e-02 5.414705e+00 2.911946e+01 -3.361434e-01 2117 9.004561e-03
669335 -6.558413e-03 2.621046e-02 7.008047e-02 -8.088340e-03 3.594169e-02 7.237272e-02 -3.403907e+00 2.165083e+01 5.099987e+00 1287 6.150284e-03
54355 7.922072e-03 8.069854e-03 1.653959e-01 2.474150e-02 2.548546e-02 2.730869e-01 5.104636e+00 5.285575e+00 3.268383e+01 1521 1.007203e-02
917373 -1.030681e-02 -2.323079e-02 6.666166e-02 -2.288839e-02 -4.002774e-02 6.551528e-02 -1.944322e+01 -2.595753e+01 -1.771585e+00 1700 6.913671e-03
544404 1.017870e-02 -4.054756e-03 2.142478e-01 2.000316e-01 -4.161973e-02 2.193659e+00 3.175877e+00 -6.283903e-01 3.311177e+01 3329 1.740821e-02
56313 1.009789e-02 3.665483e-03 1.287809e-01 1.096219e-01 6.972031e-02 3.405697e-01 1.032197e+01 6.850769e+00 2.196533e+01 6586 2.704314e-02
545531 -2.762708e-02 4.257685e-03 6.695933e-02 -4.275430e-02 4.438783e-03 6.977536e-02 -2.706566e+01 3.240204e-01 5.038449e+00 2017 1.079484e-02
418151 -1.635578e-02 -1.650977e-02 6.793361e-02 -2.030331e-02 -2.504839e-02 7.026560e-02 -1.085313e+01 -2.347562e+01 6.411435e+00 1432 6.122096e-03
671257 1.758625e-02 -1.444764e-02 1.468747e-01 4.947523e-02 -3.680959e-02 2.048345e-01 9.051517e+00 -6.347318e+00 1.645159e+01 1045 1.084560e-02
171558 4.532719e-04 -2.362525e-02 1.444385e-01 -4.258510e-02 -3.850578e-01 7.712893e-01 -1.318655e+00 -1.107395e+01 1.920612e+01 3720 2.249692e-02
296340 -3.821117e-03 -4.495379e-03 1.441124e-01 -3.520302e-02 -2.502880e-02 3.684242e-01 -3.793657e+00 -2.482219e+00 2.711633e+01 1523 1.064593e-02
671818 1.405110e-02 1.982756e-03 1.330988e-01 1.221323e-01 2.814883e-02 3.237833e-01 1.127026e+01 2.728489e+00 1.988379e+01 2709 1.527881e-02
172663 -7.935071e-03 -7.193991e-03 1.269127e-01 -5.515985e-02 -3.916923e-02 2.180976e-01 -8.445020e+00 -5.718005e+00 1.630625e+01 1063 9.006076e-03
173153 -1.203252e-02 1.033202e-02 1.422140e-01 -3.291839e-02 2.362911e-02 2.007201e-01 -6.976851e+00 4.441847e+00 1.954376e+01 3929 1.716814e-02
673584 -6.232424e-03 1.627993e-02 2.479496e-01 -5.561545e-01 5.637827e-01 5.664942e+00 -2.203194e+00 2.193501e+00 2.170250e+01 1708 1.468464e-02
420499 -7.293759e-03 -3.567308e-04 1.280985e-01 -5.466006e-02 -3.611672e-03 2.513114e-01 -5.659484e+00 -3.889113e-01 1.472189e+01 3400 1.660974e-02
59485 1.825733e-03 7.289702e-03 1.223068e-01 2.654598e-02 3.318811e-02 1.951314e-01 7.657677e+00 8.022640e+00 2.255912e+01 1160 7.700935e-03
548086 -2.067239e-02 1.015808e-02 6.631630e-02 -4.538619e-02 1.812018e-02 6.595837e-02 -2.491118e+01 8.025698e+00 -3.607868e-01 1867 7.739095e-03
673730 -1.767535e-02 8.651786e-03 1.374903e-01 -1.347143e-01 5.863916e-02 2.936155e-01 -9.563496e+00 4.084571e+00 1.275731e+01 2192 1.192087e-02
421132 -1.522470e-02 -1.121319e-02 1.398570e-01 -1.860294e-01 -1.374158e-01 4.719163e-01 -9.336228e+00 -6.898266e+00 1.815045e+01 1358 8.728080e-03
548954 1.167506e-02 -2.794639e-04 1.231108e-01 3.003500e-02 9.370046e-04 1.476382e-01 1.215344e+01 8.052463e-01 1.623601e+01 1648 9.813770e-03
922029 1.998886e-02 3.016206e-03 1.985110e-01 1.288167e-01 5.420248e-02 6.643830e-01 5.355876e+00 2.519091e+00 2.292751e+01 1609 1.318584e-02
796572 -9.956207e-03 -3.923667e-03 1.904745e-01 -1.562738e-01 1.903467e-02 1.341516e+00 -3.133311e+00 4.916405e-01 2.464894e+01 1160 1.031371e-02
175477 -6.608022e-03 6.886593e-03 1.239796e-01 -4.476898e-02 7.149692e-02 2.454425e-01 -6.618913e+00 1.120648e+01 2.106740e+01 3435 1.696727e-02
62223 -2.103571e-04 -1.070684e-02 1.273915e-01 -5.345640e-03 -3.550274e-02 1.749775e-01 -2.325964e+00 -1.123100e+01 2.155350e+01 1468 9.704482e-03
176293 -1.010183e-02 8.274471e-03 1.186535e-01 -2.471924e-02 1.820228e-02 1.302594e-01 -1.201560e+01 8.160715e+00 9.540091e+00 4791 1.974856e-02
550668 8.845625e-03 2.283973e-02 6.611596e-02 2.993351e-02 4.183752e-02 5.121821e-02 1.735247e+01 1.563261e+01 -1.057038e+01 2850 1.310811e-02
551139 6.318681e-03 2.528081e-02 1.193934e-01 1.692320e-01 4.413792e-01 3.928489e-01 3.342232e+00 8.536424e+00 5.610049e+00 1487 9.618078e-03
301671 1.801439e-03 -6.501430e-03 1.386029e-01 2.259971e-02 -7.980698e-02 3.757223e-01 2.594923e+00 -9.146061e+00 2.958450e+01 3572 2.271011e-02
63918 5.592026e-03 -1.027225e-02 1.179050e-01 1.064889e-02 -2.806998e-02 1.449904e-01 2.085924e+00 -7.341449e+00 1.117258e+01 3249 1.395504e-02
424476 -2.190712e-03 2.435165e-02 1.420169e-01 2.523950e-02 3.489314e-01 4.981514e-01 7.452332e-01 8.818293e+00 9.675584e+00 2637 1.555568e-02
552497 -5.699359e-03 3.455454e-03 1.855079e-01 -1.994588e-01 1.185959e-01 1.921295e+00 -2.294147e+00 1.363284e+00 2.055203e+01 2067 1.465830e-02
303123 1.570666e-04 -1.269485e-02 1.706133e-01 1.946331e-02 -9.937667e-02 4.863537e-01 1.242990e+00 -5.580817e+00 2.032825e+01 4288 2.132450e-02
66000 -1.190176e-02 -8.713692e-03 1.186154e-01 -1.485945e-01 -5.159471e-02 2.157437e-01 -1.597053e+01 -5.010014e+00 1.134801e+01 3390 1.544022e-02
303760 1.371176e-02 2.057509e-02 1.585871e-01 1.607159e-02 2.624251e-02 1.700927e-01 3.994115e+00 9.592323e+00 1.947366e+01 5357 2.531337e-02
553675 -2.413587e-02 -1.528401e-02 1.628217e-01 -3.493488e-02 -2.372302e-02 1.883952e-01 -7.465840e+00 -5.834266e+00 1.768012e+01 3367 2.146079e-02
67372 -5.625526e-03 -3.497994e-03 1.122474e-01 -7.213570e-02 -8.690176e-02 1.844462e-01 -9.591904e+00 -1.202825e+01 1.041230e+01 3365 1.427907e-02
304764 -9.413216e-03 -9.324427e-03 1.325814e-01 -1.216635e-01 -1.628294e-01 4.239754e-01 -9.830366e+00 -1.344326e+01 2.551896e+01 1478 1.002272e-02
555005 -1.846585e-02 1.994982e-02 1.565413e-01 -1.526024e-01 1.522734e-01 5.619313e-01 -6.587637e+00 6.498599e+00 1.990928e+01 3833 1.986804e-02
68362 -1.574734e-02 -3.729051e-04 1.245438e-01 -6.021658e-02 5.485845e-03 1.726078e-01 -1.237956e+01 1.630988e+00 1.338027e+01 3637 1.724222e-02
305793 2.079235e-02 1.620171e-02 6.559930e-02 2.873911e-02 2.829896e-02 6.310801e-02 1.323871e+01 2.015310e+01 -2.453385e+00 3264 1.321410e-02
803397 1.201773e-02 -2.015992e-02 1.735657e-01 5.330765e-02 -7.338133e-02 3.334898e-01 4.450152e+00 -5.736105e+00 1.723633e+01 1441 1.214657e-02
556825 1.633148e-02 2.478403e-02 1.676248e-01 3.364672e-01 6.041718e-01 1.531115e+00 6.872968e+00 1.243883e+01 2.927267e+01 1914 9.882801e-03
429242 -5.576027e-03 -2.511936e-02 1.340243e-01 -3.469668e-02 -1.118987e-01 2.372340e-01 -4.307811e+00 -1.283725e+01 1.526779e+01 2169 1.565749e-02
557269 -2.674046e-02 -1.119151e-02 1.532510e-01 -5.353108e-01 -2.347601e-01 9.383413e-01 -1.223434e+01 -5.378243e+00 1.888640e+01 1410 9.314247e-03
805187 2.667243e-03 2.944134e-02 6.881368e-02 2.454512e-02 1.326371e-01 7.665940e-02 9.179346e+00 4.329807e+01 3.291847e+00 812 5.575498e-03
309035 1.259367e-02 1.085411e-02 1.190427e-01 5.297033e-02 3.845367e-02 1.514042e-01 8.532456e+00 5.832380e+00 6.838683e+00 2769 1.255733e-02
430741 -1.634115e-02 3.286509e-03 1.098839e-01 -3.232449e-01 1.362140e-03 1.237559e-01 -2.103498e+01 -1.318950e-01 9.507811e-01 4235 1.899184e-02
558962 1.004752e-02 -2.072474e-02 6.600838e-02 1.267879e-02 -3.480302e-02 6.696527e-02 4.639061e+00 -2.482068e+01 1.687040e+00 4861 1.851874e-02
931936 1.667477e-02 9.875488e-04 1.264074e-01 4.478527e-02 4.931651e-03 1.618775e-01 1.544124e+01 2.166514e+00 1.948388e+01 3547 1.611164e-02
310207 2.904894e-02 4.017435e-03 6.801177e-02 5.032365e-02 1.136582e-02 7.014831e-02 2.024859e+01 6.993953e+00 2.033496e+00 2889 1.553081e-02
311600 1.019405e-02 -3.091184e-03 1.493574e-01 2.532650e-01 -9.636804e-02 9.756685e-01 9.690243e+00 -3.718566e+00 3.294164e+01 1430 1.016233e-02
433668 -1.864343e-02 -1.412562e-02 6.844049e-02 -2.507063e-02 -1.997770e-02 6.853534e-02 -1.762306e+01 -1.604613e+01 2.600828e-01 1020 6.716854e-03
687954 -9.415785e-03 -2.636088e-02 6.605045e-02 -1.088905e-02 -3.104377e-02 6.305356e-02 -1.027603e+01 -3.266313e+01 -7.505025e+00 2634 1.046639e-02
434189 -2.661381e-02 9.670509e-04 6.714597e-02 -3.128233e-02 1.947417e-04 6.822116e-02 -2.890437e+01 -4.781632e+00 6.656902e+00 1647 6.905961e-03
809370 -5.581140e-03 -1.110316e-02 1.310778e-01 -1.522182e-01 -2.065805e-01 5.487255e-01 -8.863039e+00 -1.181505e+01 2.524348e+01 3496 1.737535e-02
809528 -1.113637e-02 6.915560e-03 1.724296e-01 -2.798154e-01 1.861450e-01 1.406170e+00 -5.499200e+00 3.668387e+00 2.525165e+01 3431 1.748694e-02
935464 2.427499e-02 8.791840e-03 6.727550e-02 3.046760e-02 1.071871e-02 6.666133e-02 2.476286e+01 7.705139e+00 -2.455939e+00 5430 2.082620e-02
809835 1.473258e-02 4.550692e-03 1.267946e-01 7.309847e-02 7.493716e-03 2.069965e-01 1.604921e+01 8.092604e-01 2.205361e+01 2190 1.213590e-02
936146 -2.853551e-02 8.911449e-03 6.249358e-02 -1.871930e-01 5.900598e-02 1.694669e-02 -2.321020e+01 7.328389e+00 -6.663109e+00 1359 6.786898e-03
314471 -8.429959e-03 1.256889e-02 1.495041e-01 -1.952709e-02 3.274473e-02 2.110568e-01 -4.257580e+00 7.740761e+00 2.361562e+01 1938 1.078258e-02
936833 2.007780e-02 -5.182045e-03 1.390747e-01 7.456815e-02 -5.326311e-03 2.148511e-01 7.742095e+00 -2.049758e-02 1.076645e+01 1459 1.077329e-02
80637 -1.509155e-03 2.365153e-03 1.295527e-01 -4.420469e-02 -1.959054e-03 3.150308e-01 -4.936813e+00 -5.000008e-01 2.144652e+01 5165 2.327636e-02
80767 -1.431834e-02 -4.259535e-03 1.316201e-01 -1.638313e-01 -3.602984e-02 4.045264e-01 -1.138874e+01 -2.420017e+00 2.078790e+01 1871 1.061749e-02
565799 1.061107e-03 2.099333e-02 1.832062e-01 -2.187472e-02 5.690322e-01 1.781982e+00 -2.829596e-01 6.761163e+00 1.972412e+01 3040 1.814703e-02
81749 4.920218e-03 6.305478e-04 1.306215e-01 6.593110e-02 -1.934745e-02 7.004577e-01 3.355287e+00 -1.098688e+00 3.133807e+01 1531 6.902754e-03
81822 1.342928e-02 4.914026e-03 1.652295e-01 2.202374e-01 6.979814e-02 1.092163e+00 5.679250e+00 1.781812e+00 2.545495e+01 1779 1.294468e-02
438090 2.038574e-03 1.749037e-02 1.281282e-01 6.229011e-03 6.137538e-02 1.665295e-01 1.479346e+00 1.549268e+01 1.355677e+01 2236 1.257568e-02
813695 1.345296e-02 2.305881e-02 6.749101e-02 8.168449e-02 1.071415e-01 7.926330e-02 2.726951e+01 3.360462e+01 4.704930e+00 1180 4.789742e-03
438827 -1.912652e-02 -1.843020e-02 1.963160e-01 -6.740189e-01 -5.848809e-01 2.798060e+00 -6.901399e+00 -5.969381e+00 2.741774e+01 2357 1.366716e-02
939662 2.386746e-02 -3.974940e-03 1.858091e-01 1.206007e-01 -2.216093e-02 5.045489e-01 6.995444e+00 -1.315154e+00 2.305027e+01 1782 1.448739e-02
439150 7.546348e-03 -1.292884e-02 1.162164e-01 9.568748e-02 -1.557785e-01 2.067489e-01 8.981545e+00 -1.455633e+01 9.225220e+00 2354 1.213574e-02
84479 2.588898e-02 1.493316e-02 6.991706e-02 3.300452e-02 1.416960e-02 7.259306e-02 2.401656e+01 -2.577183e+00 9.032103e+00 1844 1.007549e-02
85407 -1.915638e-02 6.903435e-03 1.522095e-01 -1.264803e-01 5.892826e-02 4.602137e-01 -8.304331e+00 4.025492e+00 2.383224e+01 2074 1.609703e-02
440356 -1.141721e-02 2.044895e-02 2.252461e-01 -1.439213e-01 1.857514e-01 1.745073e+00 -1.651046e+00 2.059723e+00 1.893755e+01 1677 1.987504e-02
569139 -9.931455e-03 -4.356417e-03 1.193491e-01 -8.885766e-02 -4.722153e-02 2.386590e-01 -6.910211e+00 -3.752961e+00 1.044591e+01 2263 1.164427e-02
195281 1.151465e-03 5.516821e-03 1.497684e-01 3.263424e-03 3.372207e-02 5.913568e-01 1.234174e-01 1.648242e+00 2.580528e+01 2659 2.246472e-02
195282 -1.038650e-02 6.461434e-03 1.260222e-01 -5.452506e-02 4.423648e-02 2.476937e-01 -6.693411e+00 5.728414e+00 1.845092e+01 5349 2.178359e-02
695246 -1.385394e-03 -6.661698e-03 1.355602e-01 -2.963297e-02 -7.985059e-02 4.343857e-01 -2.731890e+00 -7.078271e+00 2.890012e+01 2154 1.189707e-02
86449 -1.988353e-02 -2.076019e-02 6.777704e-02 -2.733570e-02 -3.015866e-02 6.980673e-02 -6.132490e+00 -7.734125e+00 1.670264e+00 2532 1.092417e-02
86767 9.394515e-03 -1.895422e-02 1.812528e-01 8.722115e-02 -1.814289e-01 8.033513e-01 3.050149e+00 -6.367642e+00 2.438102e+01 4642 2.281955e-02
87275 -6.174887e-03 1.573675e-02 1.168580e-01 -2.734466e-02 8.068918e-02 1.352221e-01 -3.894801e+00 1.194990e+01 3.378605e+00 1795 1.050783e-02
442190 1.933418e-02 -2.279982e-02 2.160930e-01 2.695744e-01 -5.581855e-01 3.543974e+00 1.548197e+00 -3.312347e+00 2.058908e+01 3082 1.850054e-02
197695 -2.221478e-02 -1.878290e-02 1.997329e-01 -5.942414e-01 -4.454167e-01 2.071914e+00 -8.138098e+00 -6.069626e+00 2.663511e+01 665 8.190357e-03
818029 -9.892046e-03 1.796220e-02 2.543170e-01 -1.109269e+00 6.994453e-01 8.387318e+00 -3.145847e+00 1.950051e+00 2.327243e+01 3906 2.416092e-02
443154 -8.744903e-03 1.743654e-03 1.146761e-01 -4.998576e-02 5.777600e-03 1.345682e-01 -1.361006e+01 1.331259e+00 6.564687e+00 2342 1.582360e-02
571872 1.100736e-02 3.835944e-04 1.702994e-01 4.163906e-02 -9.574694e-05 3.069330e-01 6.739152e+00 -1.054579e-01 3.006019e+01 1515 1.140856e-02
198073 1.612386e-02 -1.634037e-02 1.577742e-01 7.005015e-02 -5.680290e-02 3.032915e-01 7.336604e+00 -5.504876e+00 1.979745e+01 1646 1.116944e-02
322672 1.067261e-02 1.298914e-02 1.399239e-01 1.413899e-01 2.357988e-01 5.224950e-01 6.198283e+00 1.056507e+01 1.814056e+01 3369 1.891838e-02
818536 -1.186560e-02 -3.242441e-03 1.263011e-01 -3.333390e-02 -1.305657e-02 1.645054e-01 -1.027060e+01 -4.695154e+00 1.827726e+01 3278 1.750425e-02
698276 2.515021e-03 2.291869e-02 1.231198e-01 4.836014e-02 2.622565e-01 3.000539e-01 3.495002e+00 1.824592e+01 1.348857e+01 2188 1.247435e-02
443752 9.016947e-03 -1.127585e-02 1.424069e-01 1.338536e-01 -1.128964e-01 5.134021e-01 1.064293e+01 -8.663643e+00 3.162913e+01 1359 9.849386e-03
90788 2.391976e-02 -7.205625e-03 6.671554e-02 3.209692e-02 -8.984163e-03 6.196549e-02 2.849043e+01 -6.196686e+00 -5.222661e+00 5024 2.380985e-02
323852 -9.248092e-03 -2.327509e-03 1.702012e-01 -5.167617e-02 -6.397753e-03 4.264406e-01 -4.371881e+00 -4.194068e-01 2.640346e+01 1499 8.856510e-03
445242 2.353039e-02 -5.833886e-03 1.318735e-01 1.796381e-01 -4.357328e-02 2.558236e-01 1.368527e+01 -3.308446e+00 1.086616e+01 1805 1.038325e-02
574448 -1.252710e-02 2.094520e-02 6.810285e-02 -2.198048e-02 2.920043e-02 6.980605e-02 -1.503735e+01 1.313148e+01 2.709255e+00 1353 7.549200e-03
200658 7.648971e-03 2.457691e-03 1.516739e-01 1.331344e-01 8.365983e-02 8.814604e-01 4.513762e+00 2.920874e+00 2.625072e+01 2410 1.778612e-02
575079 2.664568e-02 1.013642e-02 6.656591e-02 6.388523e-02 3.961553e-02 6.609182e-02 2.395969e+01 1.896667e+01 -3.050288e-01 1317 5.998454e-03
325588 -1.585610e-04 1.251438e-02 1.447817e-01 -9.693294e-04 4.393467e-02 2.218047e-01 -2.404355e-01 9.317770e+00 2.284137e+01 5413 2.253607e-02
821312 -1.440382e-02 1.257056e-03 1.674942e-01 -2.314717e-01 1.822178e-02 8.701326e-01 -4.894763e+00 3.825453e-01 1.584412e+01 2694 1.617238e-02
446827 -6.020571e-04 -9.312124e-03 1.267779e-01 -3.101838e-02 -8.263971e-02 2.575806e-01 -4.600640e+00 -1.109121e+01 1.978464e+01 1632 7.845987e-03
447551 -3.890385e-03 2.936864e-02 6.423229e-02 -1.244056e-02 4.536146e-02 6.001926e-02 -6.598844e+00 1.234292e+01 -3.251531e+00 1044 7.593476e-03
702462 -1.391070e-02 -3.273856e-03 1.393347e-01 -7.011702e-02 -1.128930e-02 2.515044e-01 -1.192414e+01 -1.700472e+00 2.379675e+01 1610 9.703690e-03
822697 -1.551539e-02 1.663774e-02 1.414853e-01 -8.200761e-02 8.238694e-02 2.768548e-01 -9.400082e+00 9.295041e+00 1.913735e+01 3187 1.417480e-02
95126 4.116565e-04 5.683125e-03 1.545257e-01 3.281655e-02 3.633575e-02 4.297802e-01 2.778948e+00 2.628679e+00 2.360502e+01 4781 2.616849e-02
948748 -2.895395e-03 6.449948e-03 2.181838e-01 -7.583385e-03 1.456644e-02 4.788359e-01 -4.154247e-01 7.192400e-01 2.309761e+01 2180 1.905234e-02
949006 2.587430e-04 -2.518496e-02 1.730251e-01 -6.706785e-02 -5.051491e-01 1.633421e+00 -8.831726e-01 -6.296044e+00 1.915708e+01 3568 1.747042e-02
327954 7.763758e-03 -9.924779e-03 1.171919e-01 3.560427e-02 -6.935571e-02 1.613097e-01 8.883710e+00 -1.896399e+01 1.407769e+01 1088 6.322836e-03
204937 1.169933e-02 -1.060721e-02 1.298019e-01 6.129411e-02 -6.755679e-02 2.359003e-01 8.944321e+00 -1.027074e+01 1.913465e+01 1225 9.988658e-03
204969 7.062120e-03 -9.214215e-04 1.182271e-01 6.177879e-02 1.576902e-03 2.072420e-01 1.030399e+01 4.704725e-01 1.676286e+01 3465 2.111287e-02
205239 -1.108002e-02 -1.134878e-02 1.294829e-01 -9.895501e-02 -1.139030e-01 3.244538e-01 -7.334253e+00 -8.559416e+00 1.627272e+01 2299 1.404650e-02
579331 1.198484e-02 -9.508500e-03 1.226199e-01 2.492725e-01 -1.903301e-01 4.387501e-01 1.715504e+01 -1.307275e+01 2.285507e+01 2302 1.449154e-02
579603 6.891023e-04 6.398969e-03 1.522648e-01 1.829738e-02 2.745328e-02 4.880707e-01 1.070497e+00 1.279999e+00 2.041535e+01 1663 1.138748e-02
205689 -9.074441e-03 -6.264068e-03 1.322613e-01 -1.831700e-01 -1.341252e-01 6.452163e-01 -5.606387e+00 -4.117502e+00 1.651865e+01 4223 2.069440e-02
100004 3.430994e-03 -1.090856e-02 1.382238e-01 2.120857e-02 -1.777333e-01 5.265466e-01 1.004535e+00 -9.426556e+00 2.194247e+01 5222 2.380887e-02
452582 -5.649487e-03 -2.528380e-03 1.278223e-01 -8.713503e-02 -1.955846e-02 3.834280e-01 -6.740413e+00 -1.408714e+00 2.114348e+01 2399 1.388596e-02
581935 -1.463693e-02 -9.690906e-03 1.694183e-01 -1.245096e-01 -1.265331e-01 7.195287e-01 -4.252805e+00 -4.522574e+00 2.129295e+01 4246 2.223913e-02
332610 2.188713e-02 -1.876531e-02 7.014702e-02 2.852131e-02 -2.203730e-02 7.332886e-02 1.116871e+01 -5.508433e+00 5.356646e+00 2456 1.380789e-02
953698 1.589880e-02 -1.788029e-02 1.796961e-01 2.943308e-01 -3.271854e-01 1.506014e+00 5.891611e+00 -6.544886e+00 2.806484e+01 1785 1.022201e-02
582577 7.379900e-03 -2.634540e-02 1.507263e-01 4.913592e-02 -1.903908e-01 4.348820e-01 2.153308e+00 -8.459625e+00 1.465357e+01 2411 1.591462e-02
582638 1.909457e-03 -1.661071e-02 1.448365e-01 2.325155e-03 -4.087325e-01 9.527391e-01 1.611415e-02 -1.520024e+01 3.131761e+01 2070 9.729280e-03
334189 -1.288333e-02 1.265764e-02 1.663116e-01 -2.019997e-01 2.458087e-01 1.160958e+00 -4.818234e+00 5.940133e+00 2.534123e+01 1404 9.894733e-03
103759 8.564038e-03 -1.200692e-03 2.149824e-01 2.244063e-01 -1.626909e-01 5.009830e+00 1.202317e+00 -8.995570e-01 2.670898e+01 2901 2.436027e-02
209913 -6.542659e-03 -8.161662e-04 1.167442e-01 -3.825105e-02 -4.878271e-03 1.671107e-01 -1.042741e+01 -1.335837e+00 1.656318e+01 1271 8.055215e-03
454568 -8.858749e-03 -2.406724e-02 6.795567e-02 -1.492973e-02 -3.870014e-02 7.149140e-02 -9.967964e+00 -2.402578e+01 5.805319e+00 5794 2.183690e-02
584053 -7.033555e-03 2.630802e-02 6.673542e-02 -1.079230e-02 3.419012e-02 6.714899e-02 -8.816329e+00 1.848787e+01 9.700544e-01 6312 2.519227e-02
711085 1.685008e-02 1.851686e-02 6.734405e-02 1.977555e-02 2.399616e-02 6.833839e-02 1.097460e+01 2.055501e+01 3.730168e+00 1641 8.200102e-03
336575 6.885576e-03 4.732679e-03 1.332090e-01 4.668645e-02 3.888076e-02 2.799022e-01 4.772382e+00 4.094575e+00 1.758946e+01 4570 2.075241e-02
712284 1.295831e-02 1.142048e-02 1.358125e-01 3.341940e-02 3.275204e-02 1.890256e-01 7.358523e+00 7.671573e+00 1.913728e+01 5385 2.380750e-02
712656 1.973227e-03 2.124589e-02 1.419629e-01 2.493619e-03 8.735859e-02 2.638084e-01 9.526016e-02 1.210222e+01 2.230435e+01 2687 1.630398e-02
586603 -2.360940e-02 -1.229187e-02 6.823597e-02 -5.100514e-02 -2.231448e-02 6.812245e-02 -2.585388e+01 -9.458531e+00 -1.071271e-01 2418 9.697982e-03
337184 -4.340823e-03 -5.526209e-03 1.198997e-01 -2.311605e-02 -2.217552e-02 1.876183e-01 -7.394843e+00 -6.557527e+00 2.667178e+01 4604 1.966417e-02
212842 1.674233e-02 2.315943e-02 6.518542e-02 6.799667e-02 7.086052e-02 6.245908e-02 1.297456e+01 1.207509e+01 -6.418366e-01 754 4.063366e-03
586793 -4.980935e-03 5.679772e-03 1.287196e-01 -2.240766e-02 2.459281e-02 1.962481e-01 -5.648734e+00 6.130511e+00 2.188885e+01 2391 1.324701e-02
107816 -9.671625e-03 3.531703e-03 1.846980e-01 -6.073861e-02 6.146339e-02 6.420649e-01 -1.967603e+00 2.232099e+00 1.762228e+01 1974 1.619050e-02
587135 4.279715e-03 -2.675382e-03 1.375333e-01 4.343946e-02 -1.216522e-02 3.674589e-01 4.850306e+00 -1.175407e+00 2.847846e+01 1793 1.055276e-02
338786 2.023744e-02 -5.588995e-03 6.843882e-02 4.981544e-02 -1.309708e-02 7.426853e-02 4.522975e+01 -1.148112e+01 8.914606e+00 3782 1.405378e-02
588472 -9.547024e-03 -7.704312e-03 1.449801e-01 -7.311052e-02 -5.278561e-02 4.280242e-01 -4.957711e+00 -3.516170e+00 2.207636e+01 3222 1.612842e-02
459442 -3.394091e-03 -3.038128e-03 1.804468e-01 -1.025865e-01 -9.953652e-02 1.911704e+00 -1.341399e+00 -1.304968e+00 2.341215e+01 2691 1.905402e-02
339778 -8.536199e-03 5.017592e-03 1.139702e-01 -7.647442e-02 4.203712e-02 1.476252e-01 -1.055660e+01 5.752287e+00 5.229496e+00 2765 1.302961e-02
215459 2.622756e-02 1.450868e-02 6.777660e-02 8.459389e-02 4.794680e-02 6.558543e-02 3.669560e+01 2.102294e+01 -1.377617e+00 1811 7.157469e-03
339976 -2.402471e-02 7.692919e-03 6.737087e-02 -4.887240e-02 1.459959e-02 6.742215e-02 -3.940896e+01 1.095412e+01 8.134209e-02 1676 6.294717e-03
340114 -1.159744e-02 -2.363326e-02 1.491394e-01 -2.273265e-02 -4.728630e-02 1.885850e-01 -5.922465e+00 -1.258030e+01 2.097987e+01 2472 1.642285e-02
216601 -1.625685e-02 1.556528e-02 1.579917e-01 -3.563943e-02 4.012690e-02 2.329266e-01 -4.293554e+00 5.440796e+00 1.659927e+01 1893 1.536918e-02
217083 -2.534249e-04 2.554983e-02 6.807484e-02 -1.146819e-03 3.834356e-02 6.712562e-02 -1.377716e+00 1.972940e+01 -1.463806e+00 1919 7.812579e-03
836497 2.898106e-02 1.502354e-03 2.265847e-01 9.129977e-01 6.165692e-02 4.260374e+00 6.931253e+00 4.716500e-01 3.162747e+01 1101 1.107209e-02
113294 -8.484953e-03 -2.256998e-03 1.258002e-01 -5.098163e-02 -2.825297e-02 2.466009e-01 -8.179651e+00 -5.003639e+00 2.325140e+01 960 7.122495e-03
717931 1.784731e-02 -1.972056e-02 6.582363e-02 1.960068e-02 -2.275046e-02 6.824861e-02 1.049731e+01 -1.813983e+01 1.451820e+01 1179 5.412517e-03
592235 6.639472e-03 -2.382532e-02 6.968005e-02 7.932851e-03 -3.143944e-02 7.206466e-02 5.388052e+00 -3.171946e+01 9.933948e+00 2937 1.141526e-02
218760 -1.159173e-02 2.441801e-03 1.306512e-01 -3.109261e-02 3.225469e-04 1.742825e-01 -6.214132e+00 -6.753196e-01 1.390354e+01 1663 9.083874e-03
837981 -7.487429e-03 1.045559e-03 1.326389e-01 -7.456166e-02 2.430038e-02 3.294121e-01 -6.578848e+00 2.280905e+00 1.930012e+01 2832 1.369001e-02
115714 -1.690058e-02 5.202547e-03 1.491728e-01 -2.899657e-01 5.434601e-02 6.811893e-01 -1.661537e+01 2.990265e+00 3.237196e+01 3669 1.637115e-02
964405 2.779995e-03 4.675786e-03 1.270512e-01 2.665487e-02 3.082693e-02 2.617264e-01 4.940079e+00 5.411075e+00 2.786638e+01 3168 1.858344e-02
593943 -1.874669e-02 1.952040e-02 1.803952e-01 -8.788314e-02 6.639839e-02 3.891976e-01 -6.263089e+00 4.246689e+00 1.891546e+01 3404 1.833408e-02
344595 -1.481725e-02 -4.142795e-03 1.494023e-01 -4.163898e-02 -1.272031e-02 2.189354e-01 -1.141058e+01 -3.649074e+00 2.958099e+01 2040 1.246087e-02
965157 2.910147e-02 -3.865907e-03 6.594002e-02 3.178633e-02 -5.241912e-03 6.373416e-02 2.126194e+01 -1.089687e+01 -4.005715e+00 1773 7.200131e-03
345702 6.198218e-03 -2.261031e-02 1.544780e-01 1.705196e-01 -5.657513e-01 1.238037e+00 4.254015e+00 -1.406104e+01 2.805158e+01 1627 9.118963e-03
840284 -2.140638e-02 8.221953e-03 6.534711e-02 -3.634695e-02 1.306773e-02 6.393491e-02 -3.615764e+01 1.172725e+01 -2.173189e+00 1368 7.338678e-03
221846 -2.220793e-02 3.217553e-03 1.328679e-01 -2.650550e-01 6.180747e-03 3.719255e-01 -8.218770e+00 1.002845e-01 8.090519e+00 5579 2.631850e-02
595902 5.656151e-03 -1.818722e-02 1.590032e-01 1.917143e-02 -8.729820e-02 3.119038e-01 1.748776e+00 -8.942445e+00 1.978420e+01 2833 1.557921e-02
222174 4.258641e-03 -1.446000e-02 1.373454e-01 2.010804e-02 -4.206938e-02 2.113523e-01 3.052480e+00 -5.317364e+00 1.425319e+01 5612 2.493050e-02
966762 -1.344235e-02 2.337630e-02 1.398986e-01 -6.653976e-02 1.189424e-01 2.492055e-01 -5.376201e+00 9.676226e+00 1.106750e+01 1997 1.202772e-02
722646 -1.451480e-02 -4.416093e-03 1.397691e-01 -5.219315e-02 -2.364070e-02 2.209613e-01 -9.323735e+00 -4.757245e+00 2.009152e+01 1862 1.242173e-02
347153 -1.696281e-02 1.489101e-02 6.892794e-02 -2.341398e-02 1.947634e-02 7.371261e-02 -1.665540e+01 1.183823e+01 1.235289e+01 3565 1.411059e-02
596753 -1.433129e-02 -2.432802e-02 1.520713e-01 -1.545175e-01 -2.779469e-01 5.667698e-01 -7.757365e+00 -1.403429e+01 2.294781e+01 1851 1.095045e-02
466997 -5.306185e-03 8.937660e-03 1.359310e-01 -1.770289e-02 3.120649e-02 1.966214e-01 -4.169566e+00 7.489999e+00 2.041292e+01 1074 6.723890e-03
348443 -2.067277e-02 -1.354609e-02 6.729272e-02 -3.434381e-02 -2.265259e-02 6.675975e-02 -3.354689e+01 -2.234612e+01 -1.307836e+00 2355 9.098758e-03
842960 3.791141e-04 1.089748e-02 1.317573e-01 -8.155768e-03 1.467796e-01 4.111958e-01 -4.950552e-01 7.881673e+00 1.620848e+01 914 7.905802e-03
598741 -1.774202e-03 1.622741e-02 1.475527e-01 -5.406255e-03 3.602883e-02 1.962313e-01 -2.018656e+00 1.100541e+01 2.705504e+01 2469 1.296722e-02
349328 -1.287466e-02 7.185321e-03 1.264727e-01 -9.408060e-02 5.402005e-02 2.693903e-01 -7.628452e+00 4.399635e+00 1.342562e+01 1883 1.018541e-02
349508 2.081637e-02 -1.514112e-02 1.390777e-01 9.968899e-02 -7.550710e-02 2.707701e-01 9.479671e+00 -7.255365e+00 1.582807e+01 2900 1.440756e-02
225493 1.992891e-02 -9.191174e-03 2.270926e-01 3.633617e-01 -1.672971e-01 2.292121e+00 4.865555e+00 -2.239953e+00 2.925611e+01 3630 2.006258e-02
225912 -1.575912e-02 -1.794575e-02 6.655862e-02 -2.165436e-02 -2.377013e-02 6.281814e-02 -2.809895e+01 -2.776119e+01 -3.828571e+00 2648 1.042126e-02
970591 -2.166271e-02 -1.346201e-02 1.161957e-01 -6.179582e-02 -3.863074e-02 1.349862e-01 -7.435667e+00 -4.663138e+00 3.481415e+00 5384 2.290869e-02
970603 6.753553e-03 -1.035770e-03 1.313606e-01 6.800946e-02 -3.970346e-03 3.052360e-01 9.781255e+00 -4.685889e-01 2.776418e+01 2659 2.079346e-02
971697 -3.021943e-03 2.805486e-02 1.428734e-01 -1.867089e-02 1.959488e-01 3.817921e-01 -1.206303e+00 1.294214e+01 1.841711e+01 7786 3.226188e-02
601326 1.419571e-02 -9.431800e-04 1.197612e-01 1.464643e-01 -3.217298e-02 2.187447e-01 1.518368e+01 -3.585002e+00 1.136273e+01 1055 7.616563e-03
228355 -2.089135e-02 1.225844e-02 2.892910e-01 -4.683340e-01 -8.362640e-02 3.656913e+00 -1.896139e+00 -4.063335e-01 1.427105e+01 2842 2.640667e-02
846703 2.185651e-02 -1.061161e-02 6.806858e-02 3.027315e-02 -1.411691e-02 6.939828e-02 2.959380e+01 -1.232503e+01 4.675378e+00 5509 2.237355e-02
228673 3.965757e-03 -1.031301e-02 1.192377e-01 1.801199e-02 -7.213190e-02 1.920752e-01 2.737686e+00 -1.204884e+01 1.419644e+01 2934 1.488763e-02
472245 2.776548e-02 -3.396290e-03 6.524000e-02 6.262256e-02 -1.941239e-02 5.519608e-02 2.729221e+01 -1.254020e+01 -7.629239e+00 2463 1.007864e-02
353310 2.712211e-02 5.914142e-03 6.991231e-02 3.966867e-02 1.102681e-02 7.351344e-02 2.981893e+01 1.215109e+01 8.558662e+00 1253 6.920023e-03
847216 1.570532e-02 -4.285127e-03 1.433788e-01 3.216723e-01 -7.967279e-02 8.017476e-01 7.381680e+00 -1.818783e+00 1.588364e+01 3635 2.027762e-02
847228 -1.323263e-03 -2.648431e-02 6.605604e-02 -7.756103e-03 -4.674074e-02 5.860178e-02 -5.942597e+00 -1.871269e+01 -5.101338e+00 3630 1.395042e-02
847773 -1.538104e-02 1.918386e-03 1.407518e-01 -6.136079e-02 4.323099e-03 2.360278e-01 -1.087754e+01 5.688889e-01 2.253967e+01 2382 1.328677e-02
603823 -1.908968e-03 -9.610376e-03 1.280762e-01 -1.175612e-02 -4.144042e-02 1.990326e-01 -3.064871e+00 -9.906923e+00 2.208478e+01 3525 1.669401e-02
355643 -1.334354e-02 2.147421e-02 6.843817e-02 -1.645287e-02 2.642709e-02 6.978181e-02 -3.420469e+01 5.448506e+01 1.478100e+01 2486 9.178271e-03
605093 3.531495e-03 4.833625e-03 1.613295e-01 6.267599e-02 1.150163e-01 1.067331e+00 1.923304e+00 3.582999e+00 2.946203e+01 3198 1.667382e-02
850262 -2.289571e-03 1.656929e-02 1.468149e-01 -2.470193e-02 9.992480e-02 3.532488e-01 -2.235605e+00 8.314612e+00 2.059153e+01 1675 1.015986e-02
357702 1.196852e-02 -1.418739e-03 1.330429e-01 3.172704e-02 -4.561767e-03 1.760416e-01 1.009761e+01 -1.606247e+00 2.197450e+01 3120 1.661558e-02
234560 -7.292090e-03 -3.395832e-03 1.135881e-01 -4.745690e-02 -2.541111e-02 1.442216e-01 -1.119506e+01 -6.136276e+00 8.538402e+00 1462 7.457933e-03
477564 1.360980e-03 -1.072580e-02 1.599583e-01 1.594530e-02 -1.319335e-01 7.072033e-01 7.396621e-01 -6.147199e+00 2.775422e+01 818 6.610675e-03
852569 -1.119484e-02 7.549949e-04 1.584600e-01 -3.565758e-02 1.013514e-02 3.026819e-01 -4.590201e+00 1.760096e+00 2.706186e+01 1261 8.575563e-03
735242 2.124706e-02 -3.794823e-03 1.423907e-01 2.026006e-01 -2.571691e-02 3.243559e-01 1.092310e+01 -1.320388e+00 1.095994e+01 4319 2.538653e-02
735491 2.041585e-02 1.942636e-02 6.938869e-02 2.771846e-02 2.474897e-02 7.588665e-02 8.811652e+00 6.422491e+00 7.840728e+00 1444 6.484904e-03
609866 -6.970296e-03 -2.149780e-02 6.836444e-02 -1.876054e-02 -4.516893e-02 7.581181e-02 -1.137047e+01 -2.282836e+01 7.182225e+00 1584 7.245155e-03
736309 -2.227878e-02 5.132707e-03 1.559259e-01 -1.058769e-01 2.031686e-02 3.691608e-01 -9.039688e+00 1.641902e+00 2.305765e+01 1393 9.447429e-03
236822 -9.342207e-03 2.396415e-02 6.875471e-02 -2.275991e-02 4.882776e-02 7.174648e-02 -1.876627e+01 3.477474e+01 4.184354e+00 2032 7.882884e-03
361250 -2.898471e-03 1.663824e-03 1.414627e-01 -2.371363e-02 1.865075e-02 6.734149e-01 -1.072814e+00 8.755064e-01 2.741682e+01 2118 1.191449e-02
479784 -2.367372e-03 -1.580453e-02 1.330706e-01 -3.049330e-02 -3.416763e-01 7.532733e-01 -1.032546e+00 -1.196325e+01 2.276860e+01 1872 1.199950e-02
479990 2.632964e-02 -7.213423e-03 6.683751e-02 3.820250e-02 -8.690261e-03 6.537795e-02 2.315055e+01 -2.879645e+00 -2.845953e+00 3069 1.176726e-02
854801 -1.649979e-02 -1.253586e-02 1.556917e-01 -3.615385e-02 -3.745770e-02 2.412699e-01 -4.550134e+00 -5.769686e+00 1.981232e+01 2484 1.340216e-02
480385 -5.253099e-04 8.594578e-03 1.633370e-01 3.911955e-03 3.559867e-02 4.372444e-01 4.576479e-01 2.785132e+00 2.825010e+01 3014 1.440935e-02
238020 -1.884839e-02 -1.748523e-02 2.672434e-01 -2.981095e-01 -1.605967e-01 1.985167e+00 -3.876510e+00 -1.986576e+00 2.384704e+01 1455 1.490725e-02
362702 -6.710484e-03 -1.919634e-02 1.634480e-01 -4.488951e-02 -2.711192e-01 7.618025e-01 -1.180630e+00 -7.790341e+00 1.850323e+01 4225 2.110073e-02
238650 1.528091e-03 4.453712e-03 1.338218e-01 2.539508e-02 1.815177e-02 4.501315e-01 2.238475e+00 1.284735e+00 2.966655e+01 906 5.889747e-03
363108 -3.912999e-03 1.371228e-02 1.317737e-01 -5.726410e-03 4.028238e-02 1.853342e-01 -6.651339e-01 9.745545e+00 1.964523e+01 1927 1.085519e-02
982695 2.745489e-03 1.297017e-02 1.560356e-01 1.043126e-01 2.804600e-01 1.148329e+00 2.692568e+00 7.091219e+00 2.630594e+01 2382 1.349226e-02
363972 2.731202e-02 -6.429551e-03 6.591310e-02 3.483945e-02 -9.339253e-03 6.299715e-02 3.284173e+01 -1.269484e+01 -5.539824e+00 1719 7.747433e-03
364735 -2.109443e-02 -1.432835e-02 1.566091e-01 -1.186836e-01 -1.191426e-01 4.178042e-01 -6.512174e+00 -6.994307e+00 1.742968e+01 3669 2.106969e-02
740946 -1.045351e-02 -5.444641e-03 1.254081e-01 -8.555218e-02 -5.142795e-02 2.120588e-01 -1.117945e+01 -6.845236e+00 1.289913e+01 3100 1.651678e-02
483271 -2.873761e-03 -2.690975e-02 6.543347e-02 -1.290374e-03 -4.358851e-02 6.026822e-02 1.445917e+00 -1.523072e+01 -4.089502e+00 4646 1.862218e-02
741047 -6.882436e-03 1.790952e-02 2.534544e-01 -4.728185e-02 1.794106e-01 3.319861e+00 -2.730610e-01 1.091591e+00 2.072594e+01 4839 2.700344e-02
241810 1.351928e-02 -2.163954e-02 6.698259e-02 1.923961e-02 -3.023532e-02 6.634220e-02 1.897520e+01 -2.851354e+01 -2.124268e+00 1295 7.624629e-03
741871 2.682362e-02 4.523041e-03 6.986931e-02 3.893337e-02 8.153951e-03 7.217011e-02 3.686944e+01 1.105469e+01 7.005027e+00 3936 1.486577e-02
858647 1.701701e-02 1.807938e-02 6.745813e-02 2.959255e-02 2.938026e-02 6.782388e-02 1.601402e+01 1.439083e+01 4.657581e-01 4155 1.797531e-02
484387 1.464321e-03 -8.764592e-03 1.378537e-01 5.802316e-03 -9.480489e-02 3.604243e-01 3.700986e-01 -7.340579e+00 1.898875e+01 4468 2.347747e-02
742225 3.070356e-03 -6.635995e-04 2.105645e-01 2.183789e-01 -1.204108e-01 3.716088e+00 1.871142e+00 -1.040665e+00 3.046481e+01 4406 2.318932e-02
366635 -5.356622e-03 9.050403e-03 1.275135e-01 -1.759880e-02 2.443391e-02 1.691823e-01 -4.991810e+00 6.272707e+00 1.699067e+01 1203 7.691315e-03
859192 -1.088921e-02 7.657856e-03 1.430591e-01 -3.540199e-01 3.042128e-01 1.127737e+00 -8.483094e+00 7.331618e+00 2.434382e+01 2171 1.112790e-02
859821 -1.567056e-02 -1.858572e-03 1.279500e-01 -3.326845e-02 -4.456514e-03 1.524982e-01 -8.954288e+00 -1.321904e+00 1.249076e+01 1470 8.590159e-03
243957 -1.232521e-02 2.200428e-02 6.920439e-02 -1.487514e-02 3.496655e-02 7.134985e-02 -4.635300e+00 2.356299e+01 3.900059e+00 1788 7.259426e-03
486534 -6.772604e-03 -5.916681e-03 1.281861e-01 -2.925901e-02 -2.474493e-02 1.912746e-01 -7.683444e+00 -6.433480e+00 2.155691e+01 2827 1.373233e-02
987419 5.534754e-03 -1.143877e-03 1.522825e-01 9.277950e-02 -1.817262e-02 9.099581e-01 3.089445e+00 -6.030091e-01 2.683024e+01 2594 1.358409e-02
487354 6.635393e-03 7.206302e-03 1.174280e-01 6.453045e-02 8.211826e-02 1.879635e-01 8.503120e+00 1.100241e+01 1.035963e+01 1600 9.914421e-03
746470 -6.674195e-03 -8.811815e-03 1.587477e-01 -2.200726e-02 -4.116453e-02 3.235945e-01 -2.431746e+00 -5.130976e+00 2.614388e+01 1722 1.405721e-02
246527 2.212476e-02 -7.651727e-03 1.383010e-01 3.153423e-01 -1.014593e-01 5.219732e-01 1.502175e+01 -4.805829e+00 1.965580e+01 1427 8.748558e-03
862904 -8.516054e-04 -1.087948e-03 1.372583e-01 -1.844696e-02 -6.493164e-02 5.765929e-01 -9.002382e-01 -3.266461e+00 2.247786e+01 1939 1.013830e-02
863721 -1.847064e-03 1.398178e-02 1.426080e-01 -1.451560e-02 1.044210e-01 4.137458e-01 -9.127362e-01 6.515924e+00 1.953481e+01 780 6.642137e-03
489331 -3.142191e-03 1.838490e-02 1.317090e-01 -6.220691e-03 4.927143e-02 1.728266e-01 -1.191377e+00 1.195306e+01 1.591247e+01 2053 1.173614e-02
371991 -1.400115e-02 -8.318814e-03 1.479818e-01 -2.378257e-01 -2.121048e-01 9.279172e-01 -5.324041e+00 -4.847391e+00 1.855207e+01 2227 1.283622e-02
489833 -3.124643e-03 -2.407534e-02 6.820854e-02 -2.047059e-03 -3.283102e-02 6.884203e-02 3.433937e+00 -2.790171e+01 2.018746e+00 817 3.795690e-03
372679 9.634625e-03 2.585980e-02 6.266873e-02 1.177381e-01 2.894451e-01 6.057404e-02 1.057658e+01 2.578854e+01 -2.049396e-01 3219 1.333657e-02
864722 -1.568425e-03 9.258190e-03 1.353922e-01 -6.587959e-03 5.896630e-02 2.619370e-01 -1.076936e+00 1.066483e+01 2.715007e+01 912 5.517872e-03
248876 -2.830531e-02 -6.212705e-03 2.011598e-01 -1.198463e-01 -1.938842e-02 5.135082e-01 -9.308386e+00 -1.339778e+00 3.176128e+01 2337 1.434876e-02
749494 -2.264253e-02 -1.717591e-02 6.746364e-02 -3.381005e-02 -3.531224e-02 7.275309e-02 -8.160474e+00 -1.325281e+01 3.865177e+00 861 5.476914e-03
865433 9.455566e-03 1.380021e-02 1.670350e-01 8.344498e-02 1.010827e-01 5.629269e-01 5.040631e+00 5.946239e+00 2.697069e+01 1844 1.088820e-02
491252 -7.399632e-03 -7.980556e-03 1.235426e-01 -5.121290e-02 -4.038742e-02 2.281447e-01 -1.209392e+01 -8.945371e+00 2.887366e+01 2291 1.206941e-02
991711 -8.170460e-03 -2.799971e-02 1.310257e-01 -1.742890e-01 -7.072097e-01 7.058888e-01 -3.661866e+00 -1.497230e+01 1.267211e+01 2312 1.189168e-02
991827 -8.373824e-03 -6.694884e-03 1.231642e-01 -2.166819e-02 -2.939018e-02 1.626913e-01 -4.714163e+00 -8.047717e+00 1.401623e+01 1984 1.006326e-02
491540 3.718470e-03 -1.032211e-02 2.021139e-01 6.143153e-02 -5.669498e-02 6.214798e-01 2.544542e+00 -2.044559e+00 1.848965e+01 2200 1.665094e-02
624351 2.330555e-03 -4.770960e-03 1.327020e-01 3.808600e-02 -1.409279e-02 3.338278e-01 3.470836e+00 -9.048844e-01 1.952359e+01 1798 8.506744e-03
993243 8.518946e-03 8.856786e-03 1.300135e-01 4.548715e-02 5.684762e-02 2.333172e-01 7.706037e+00 1.000371e+01 2.153369e+01 2531 1.260613e-02
493434 -2.464106e-02 -8.323874e-03 1.638372e-01 -2.986452e-01 -1.036990e-01 7.349329e-01 -1.255070e+01 -4.368639e+00 2.615892e+01 2715 1.610285e-02
494076 1.170720e-02 -2.354363e-02 1.616759e-01 5.594100e-02 -1.351352e-01 4.229065e-01 3.440144e+00 -8.678681e+00 2.031638e+01 2159 1.234990e-02
495167 1.992121e-02 -1.414924e-02 6.681366e-02 2.618807e-02 -1.723571e-02 6.676368e-02 2.620204e+01 -1.290470e+01 -2.089831e-01 777 3.583732e-03
995749 1.255465e-02 -1.282515e-02 1.425431e-01 4.299499e-02 -4.690200e-02 2.213690e-01 7.036219e+00 -7.876792e+00 1.822043e+01 2080 1.262252e-02
495340 1.131573e-02 -5.267346e-04 1.211991e-01 1.062182e-01 1.615703e-02 2.278924e-01 2.098453e+01 3.689059e+00 2.359167e+01 3024 1.378539e-02
997437 -8.982190e-03 -6.436082e-03 1.382750e-01 -4.511972e-02 -2.961530e-02 2.318347e-01 -5.772453e+00 -3.702548e+00 1.494482e+01 2314 1.209646e-02
998772 2.241479e-02 1.823629e-02 1.229399e-01 5.912363e-01 4.842452e-01 4.687744e-01 9.850296e+00 8.069888e+00 5.988825e+00 2027 1.153663e-02
499337 4.680572e-03 7.528131e-03 1.154155e-01 1.685138e-02 2.730518e-02 1.374102e-01 5.531201e+00 8.987973e+00 9.995854e+00 6457 3.070845e-02
499644 -1.987289e-03 1.042256e-02 1.494809e-01 -8.703275e-03 1.469802e-01 6.587962e-01 -2.881833e-01 5.859695e+00 2.185475e+01 1865 1.220651e-02
