/n/home03/calmiller/DSMC_Simulations/5_13_20_density_control/flow_2.000_gap_0.007_len_0.000/data
running....
idx x y z xnext ynext znext vx vy vz collides time
118 1.793197e-02 -1.974697e-02 9.752104e-02 3.852442e-02 -3.682994e-02 1.548266e-01 1.792971e+00 9.685660e-02 2.849503e+01 633 5.428343e-03
171 1.819155e-02 1.632149e-03 8.503925e-02 -3.219848e-02 -8.730706e-04 3.617607e-01 -2.168401e+01 1.426863e+00 3.463260e+01 1551 1.155985e-02
902 1.188169e-02 -1.328932e-02 8.269368e-02 2.449378e-02 -2.839559e-02 1.073638e-01 8.417377e+00 -1.025226e+01 2.232529e+01 1651 1.243274e-02
911 -3.958072e-03 1.607671e-02 8.211472e-02 -1.037092e-02 2.939662e-02 1.003437e-01 -4.789242e+00 8.554308e+00 1.681225e+01 1905 1.505655e-02
1011 1.667888e-02 -4.304580e-03 1.069148e-01 4.158530e-02 -8.992207e-03 2.617751e-01 -8.213582e+00 2.195796e+00 4.474847e+01 1595 1.134746e-02
1160 -1.927174e-02 -2.081714e-02 9.597506e-02 8.583440e-03 1.175057e-02 4.553559e-01 1.030438e+01 1.009251e+01 7.192333e+00 1944 1.836246e-02
1333 1.278158e-02 -1.224926e-02 9.599351e-02 3.547799e-02 -1.632650e-02 1.616526e-01 -6.165108e-02 4.079813e+00 2.582677e+01 2280 1.690076e-02
1501 2.343030e-02 1.384242e-02 1.139651e-01 3.009344e-02 2.072511e-02 1.681876e-01 -6.436631e+00 -2.908374e+00 2.422184e+01 2982 2.224243e-02
1586 -1.642978e-03 1.154621e-03 1.198473e-01 -2.591309e-03 2.658018e-03 4.494391e-01 -1.885770e-01 -1.748454e-01 2.577166e+01 445 4.503332e-03
1723 6.557496e-03 2.880769e-02 1.328350e-01 1.096682e-02 2.883992e-02 3.793307e+00 -1.578271e+00 -1.155067e+01 3.448022e+01 991 8.180386e-03
2069 -3.415883e-03 -9.358991e-04 1.317142e-01 5.374382e-03 3.754176e-03 4.961931e-01 -5.104279e-01 6.286245e-01 3.826271e+01 509 4.935019e-03
2168 3.243345e-03 -1.574318e-02 8.282947e-02 7.170148e-03 -3.000306e-02 1.112820e-01 8.151791e-01 -1.809705e+00 1.590378e+01 619 5.072689e-03
2251 6.614614e-03 -2.715542e-02 1.025294e-01 8.390149e-03 -1.915339e-02 2.244845e+00 -2.565252e+00 1.338232e+01 2.013573e+01 615 7.111225e-03
2325 2.442174e-02 -8.155196e-03 1.262053e-01 2.384009e-02 -8.249154e-03 1.509560e+00 5.494356e+00 -1.631239e+00 1.351037e+01 649 8.775886e-03
3020 1.245461e-03 2.121184e-03 1.442843e-01 -1.168624e-03 -2.381605e-03 4.197387e-01 4.419967e-01 -1.299520e+00 3.626763e+01 742 6.177305e-03
3071 -1.526449e-02 -1.135400e-02 8.171695e-02 -2.718289e-02 -2.178523e-02 1.761020e-01 1.483672e+01 1.133977e+01 2.002377e+01 1533 1.173955e-02
3404 -1.575462e-02 2.394156e-02 1.180448e-01 -4.248536e-03 5.763361e-03 6.983189e-01 -1.381480e+01 2.167683e+01 4.189187e+01 1232 9.680164e-03
3546 4.676642e-03 2.620379e-02 1.093461e-01 9.327700e-03 4.966926e-02 7.264699e-01 -1.201863e+00 -7.211184e+00 3.516707e+01 1674 1.257046e-02
3587 -4.334153e-03 1.718294e-02 8.321559e-02 1.022347e-02 -3.232448e-02 1.877516e-01 -1.567900e+00 7.071148e+00 9.918437e+00 630 5.551362e-03
3607 -6.231151e-03 1.372847e-02 7.840374e-02 -2.000231e-02 3.337968e-02 1.090663e-01 -8.813035e+00 1.159758e+01 2.475181e+01 2084 1.505496e-02
3769 -5.230515e-03 -2.380708e-02 1.306116e-01 -3.401263e-03 -1.797613e-02 1.112140e+00 -2.378171e+00 -9.072460e+00 2.274808e+01 497 6.134050e-03
4150 3.506496e-03 -9.814311e-04 1.384456e-01 2.385550e-03 -1.138702e-03 4.886153e-01 1.510338e+00 -1.109887e-01 2.600397e+01 1567 1.331075e-02
4163 -3.572559e-04 -2.102125e-02 1.002910e-01 1.748979e-03 -5.017010e-02 1.840327e-01 6.769141e-01 7.722550e-01 3.451520e+01 1545 1.119499e-02
4399 -8.282223e-05 -2.210141e-02 8.871764e-02 -2.954056e-03 -4.966618e-02 1.292820e-01 -1.646194e+00 -1.064229e+01 2.726208e+01 1895 1.424451e-02
4539 2.850356e-03 2.473212e-04 2.065046e-01 -2.414097e-03 1.869956e-04 5.273795e+00 -2.067829e+00 -1.964241e+00 2.537346e+01 1390 1.504569e-02
5254 2.599082e-02 -6.353959e-03 1.252326e-01 8.845973e-03 -6.557155e-03 5.076917e-01 1.912581e+01 -9.706906e-01 2.789494e+01 1653 1.310681e-02
5276 1.185589e-03 6.304339e-03 7.357103e-02 7.024008e-04 3.023302e-02 1.188677e-01 -5.848320e-01 3.792685e+00 1.883804e+01 921 6.984448e-03
5500 -3.319007e-03 1.516003e-03 1.996483e-01 2.587187e-03 -1.244903e-03 1.818611e+00 -3.576739e+00 1.661589e+00 2.818870e+01 850 1.037971e-02
5879 -2.566440e-02 1.350064e-03 1.067224e-01 -4.277829e-02 1.543248e-03 6.624225e-01 1.450705e+01 -7.780031e-01 3.020881e+01 726 6.123929e-03
5965 2.064826e-02 9.469345e-03 1.069100e-01 3.321941e-02 1.676227e-02 1.413326e-01 9.325147e+00 5.799616e+00 3.629713e+01 883 7.147701e-03
6137 1.799987e-03 -3.750443e-03 2.210843e-01 1.804985e-03 -3.833762e-03 2.694047e+00 -1.421213e-01 2.511289e+00 2.784092e+01 638 9.010139e-03
6441 -4.906724e-04 -2.859990e-04 2.009806e-01 2.030451e-03 -1.617347e-03 1.363779e+00 4.389128e+00 -5.476271e+00 2.228448e+01 1369 1.553332e-02
6593 -2.730876e-02 1.051415e-02 1.196072e-01 4.648401e-03 -4.548008e-03 1.934586e+00 1.653870e+01 -6.448889e+00 1.487496e+01 1198 1.333047e-02
7139 1.838463e-02 -1.811896e-02 2.789600e-01 -1.752743e-02 1.689616e-02 1.959527e+01 3.483904e+00 -4.501449e+00 1.931631e+01 1417 2.145974e-02
7456 2.098336e-02 -5.149909e-03 1.001874e-01 3.329289e-02 -4.827579e-03 2.751447e-01 -2.046763e+01 4.301122e+00 3.635553e+01 826 6.719678e-03
7726 -1.434631e-02 5.060225e-03 9.242453e-02 -4.189012e-02 1.345382e-02 1.936293e-01 1.923879e+00 -8.981937e-01 3.585550e+01 1051 7.984237e-03
8049 1.850551e-02 1.264050e-02 1.083568e-01 2.946954e-02 3.350689e-02 2.400756e-01 -9.429851e+00 -5.661858e+00 3.896148e+01 1406 1.028967e-02
8135 -1.642448e-02 5.686359e-03 8.161281e-02 -3.767433e-02 1.470067e-02 1.285577e-01 -3.243382e+00 1.777290e+00 2.425056e+01 320 3.110925e-03
8749 7.359530e-03 -1.103064e-02 8.645184e-02 1.644722e-02 -2.847699e-02 1.499030e-01 5.454284e-01 -2.107575e+00 2.993779e+01 1136 8.090765e-03
9126 1.404979e-02 -1.642446e-02 8.642435e-02 -1.749288e-02 2.449717e-02 2.297255e-01 6.294782e+00 -6.825403e+00 1.378231e+01 1702 1.318230e-02
9140 -1.371935e-02 1.586277e-02 8.779681e-02 3.742372e-02 -3.801203e-02 3.783491e-01 -5.974832e+00 7.230412e+00 2.697984e+01 795 5.995670e-03
9260 -1.832925e-04 2.106264e-02 9.714849e-02 2.220419e-03 3.371985e-02 1.283189e-01 1.829175e+00 5.245545e+00 2.556848e+01 1460 1.129936e-02
9543 -1.990783e-02 -2.139022e-03 1.027368e-01 -3.252549e-02 -3.210230e-03 1.409463e-01 -4.722406e+00 -3.072121e-01 2.987675e+01 1894 1.427459e-02
9715 2.816393e-02 -3.310661e-03 9.364598e-02 3.264705e-02 1.139962e-03 1.224443e-01 -8.121362e+00 2.635153e+00 1.359607e+01 1170 1.057856e-02
10209 1.464372e-02 -2.935520e-03 8.186390e-02 3.772583e-02 -5.955840e-03 1.174493e-01 1.094839e+01 -1.197772e+00 2.517311e+01 1353 9.833391e-03
10372 -8.758999e-04 1.412502e-03 2.187567e-01 -1.136330e-02 -6.756135e-03 3.710576e+00 1.033616e-02 1.169097e+00 3.035413e+01 911 1.282949e-02
10383 1.707785e-02 -4.460939e-03 8.321736e-02 4.383079e-02 -1.320336e-02 1.327561e-01 6.434342e+00 -2.435622e+00 2.700428e+01 685 4.825187e-03
10467 2.221609e-02 -1.239580e-03 8.575477e-02 3.473720e-02 -2.957746e-03 2.921387e-01 1.262308e-01 -5.095395e-01 1.251963e+01 1198 9.949679e-03
10472 -4.114468e-03 1.727211e-03 2.166996e-01 2.693386e-03 -2.397517e-03 7.952025e+00 -2.834479e+00 1.342435e+00 1.501172e+01 1481 2.621849e-02
10491 4.045483e-03 1.363960e-02 9.906551e-02 1.163737e-02 3.587908e-02 1.801637e-01 1.600479e+00 4.116226e+00 4.102238e+01 1363 9.916874e-03
10704 7.899089e-04 -1.411302e-02 8.061053e-02 1.182308e-03 -3.561854e-02 1.107541e-01 2.372408e-01 -1.779646e+01 3.003276e+01 996 7.436430e-03
10738 1.111964e-02 -2.481559e-02 1.644702e-01 -1.066430e-02 2.520818e-02 6.736218e+00 -2.053042e+00 -6.343956e-02 2.538662e+01 619 7.594031e-03
11105 2.491193e-02 -1.114336e-03 1.233115e-01 -2.891840e-02 -3.188349e-04 8.063647e-01 -1.789951e+00 -1.918599e+00 2.970870e+01 2361 1.873203e-02
11144 1.233499e-03 1.317182e-02 9.811636e-02 1.215974e-04 3.964401e-02 1.657023e-01 -1.163933e+00 2.010698e+01 6.184285e+01 1341 9.059912e-03
11240 1.463564e-02 -2.239133e-02 1.242588e-01 -4.338052e-03 4.019803e-03 1.029977e+00 -8.562486e+00 1.405961e+01 2.587646e+01 1169 9.680022e-03
11517 1.535291e-02 3.601104e-04 8.173632e-02 3.654522e-02 -5.313004e-03 1.554579e-01 -8.880391e+00 -2.643867e-01 2.018716e+01 693 5.305606e-03
11595 3.509893e-04 -1.176221e-02 7.670506e-02 5.157928e-03 -3.472322e-02 1.046639e-01 4.806228e+00 -2.141040e+01 2.985562e+01 1651 1.117934e-02
12901 1.573053e-02 -1.006519e-02 8.633365e-02 4.475028e-02 -3.188388e-02 1.474060e-01 5.132999e+00 -4.444268e+00 2.973189e+01 1005 6.916926e-03
13362 1.082257e-02 1.924053e-02 8.474384e-02 -2.125034e-02 -4.034512e-02 2.622316e-01 4.777191e+00 8.279450e+00 1.666440e+01 806 7.319906e-03
13419 2.628587e-02 2.263782e-03 9.494932e-02 3.090931e-02 4.179237e-03 3.826434e-01 1.197660e+01 5.445992e+00 1.898858e+01 2150 1.625674e-02
14072 2.725589e-02 4.671819e-03 1.785107e-01 3.740667e-02 2.218469e-04 4.820956e+00 -1.453332e+00 4.106549e+00 2.427472e+01 1519 1.552235e-02
14492 2.813379e-02 -8.554543e-03 3.377758e-01 -3.342677e-02 1.157204e-02 1.647995e+01 -1.332792e+01 8.030610e+00 1.614217e+01 1256 2.386855e-02
14732 1.350268e-02 -2.338415e-03 7.614545e-02 4.099338e-02 -6.323764e-03 1.079647e-01 1.523493e+01 -2.125141e+00 2.368144e+01 959 6.664462e-03
14929 -2.938392e-02 -3.772452e-03 9.127581e-02 3.956139e-02 5.166315e-03 5.105092e-01 1.371104e+01 1.902608e+00 1.837610e+01 3446 2.513729e-02
14939 2.744112e-02 -3.607697e-03 2.045374e-01 -2.293544e-02 1.695004e-03 2.921846e+01 1.431467e+01 -5.612075e+00 2.901392e+01 774 1.026540e-02
15724 -1.679226e-02 1.742505e-02 1.506470e-01 1.689131e-02 -1.750000e-02 1.141335e+00 -1.310279e-01 -3.049093e-02 1.917461e+01 1980 1.757094e-02
15941 9.500302e-04 1.650501e-04 1.378193e-01 -1.641882e-03 -1.623761e-03 5.917768e-01 7.782590e-01 2.970964e-01 3.859603e+01 676 6.136069e-03
15980 1.507451e-02 -1.401384e-02 1.032409e-01 -3.291415e-02 2.522615e-02 4.543423e-01 7.706378e+00 -7.385466e+00 3.227318e+01 1194 9.113318e-03
15995 2.106930e-02 7.619354e-03 8.562893e-02 4.136379e-02 1.330574e-02 1.133371e-01 8.702163e+00 2.060310e+00 2.051411e+01 3863 2.878142e-02
16020 1.751638e-02 5.903209e-03 8.631016e-02 3.202279e-02 1.643789e-02 1.291277e-01 9.073676e-01 2.703095e+00 2.314168e+01 628 5.211464e-03
16161 -2.830790e-02 7.454083e-03 7.946006e-02 3.974974e-02 -1.020185e-02 1.801419e-01 2.212611e+01 -5.263483e+00 1.279353e+01 2053 1.527795e-02
16357 2.288312e-02 6.997920e-03 9.275779e-02 -4.739844e-02 -1.574355e-02 3.511802e-01 7.875941e+00 2.247360e+00 2.482217e+01 1584 1.047816e-02
16477 2.322828e-02 -3.283231e-04 8.571828e-02 -6.642817e-02 3.120424e-04 3.558936e-01 -1.052814e+01 -1.074301e-01 2.905140e+01 1541 1.112135e-02
16556 -1.832454e-02 -8.409354e-03 2.196310e-01 2.109873e-02 1.042804e-02 1.920682e+01 6.778738e+00 5.217207e+00 1.898718e+01 1288 1.744429e-02
16694 1.799397e-03 1.378073e-02 8.937721e-02 2.126195e-03 3.702490e-02 1.673840e-01 -7.320797e-01 -1.803553e+00 2.846039e+01 4861 3.517312e-02
16703 3.102534e-03 2.272411e-02 1.392936e-01 3.271783e-03 1.593090e-02 5.766387e-01 3.841155e-01 9.934159e+00 3.178966e+01 919 8.798765e-03
16773 -9.376419e-03 -2.398246e-02 9.278033e-02 -2.440541e-02 -4.168848e-02 1.268103e-01 -6.111222e+00 -3.988957e+00 2.231197e+01 4028 2.981818e-02
16960 -2.099028e-02 1.849386e-02 1.521596e-01 2.109870e-02 -1.872175e-02 4.124759e-01 -4.459974e+00 3.840289e+00 2.982352e+01 1348 1.133721e-02
17500 -1.763175e-02 -1.074591e-03 9.636955e-02 -4.742414e-02 -5.572085e-03 2.131989e-01 5.136089e+00 -4.477898e-03 3.816738e+01 842 5.622073e-03
17668 3.467592e-03 5.769113e-03 2.768292e-01 -1.988456e-03 -4.066384e-03 1.430106e+01 4.379119e+00 5.143776e+00 1.402423e+01 1029 2.167001e-02
18872 8.930614e-03 -2.742301e-02 1.112789e-01 -1.697499e-02 3.717574e-02 5.158717e-01 7.445114e+00 -2.109976e+01 3.444563e+01 1413 1.118050e-02
19065 7.172976e-03 -1.073941e-02 7.859602e-02 1.879361e-02 -2.854153e-02 1.053654e-01 7.979267e+00 -1.227046e+01 2.334908e+01 543 3.684697e-03
19255 4.907891e-03 -4.548930e-03 2.016905e-01 -6.022342e-03 4.916879e-03 1.651800e+01 -2.864919e+00 7.766827e-01 1.631631e+01 1442 1.793687e-02
19793 -2.412161e-02 7.042760e-03 7.523700e-02 6.399289e-02 -2.014126e-02 1.696462e-01 -1.603507e+01 4.717093e+00 8.398031e+00 545 4.900178e-03
19957 -2.289188e-02 -1.243369e-02 9.518886e-02 -2.929880e-02 -1.476161e-02 1.114607e-01 -1.845363e+00 3.096238e-02 1.562518e+01 909 8.602708e-03
20408 -1.856893e-02 1.130096e-02 8.813619e-02 -5.061690e-02 2.850459e-02 2.496515e-01 2.400331e+01 -1.405762e+01 3.287426e+01 530 4.004275e-03
20423 -3.502169e-03 9.411305e-03 7.372876e-02 -1.686646e-02 2.565931e-02 9.447982e-02 -7.642688e+00 8.120421e+00 1.488114e+01 966 7.851297e-03
20454 1.372582e-03 -2.838752e-02 2.489091e-01 -3.958517e-04 8.267262e-03 2.541437e+01 1.006786e+00 -2.076169e+01 3.359451e+01 1039 1.215423e-02
20510 -1.255246e-02 -1.374035e-02 8.570951e-02 -3.375488e-02 -3.064000e-02 1.669423e-01 7.048056e+00 7.805733e+00 2.242406e+01 1135 8.117525e-03
20983 -2.427770e-03 2.896137e-02 1.214706e-01 -2.031251e-03 3.312886e-02 5.852194e-01 1.087026e+00 7.591493e+00 3.043444e+01 553 5.049936e-03
21033 -1.500011e-02 -1.475290e-03 8.182012e-02 -3.253245e-02 -1.104203e-02 1.065157e-01 -1.148515e+01 -7.509906e+00 2.179673e+01 1355 9.942200e-03
21605 -3.393367e-03 1.752069e-03 1.327648e-01 2.076617e-03 -1.852136e-03 4.295229e-01 -1.691565e+00 6.997334e-01 2.977088e+01 1166 1.060707e-02
22209 -3.507927e-03 8.907220e-04 1.465616e-01 3.143138e-03 -1.315562e-03 3.966053e-01 -2.276050e+00 -2.513928e+00 3.302263e+01 3034 2.307897e-02
22230 -2.348864e-02 1.847854e-02 1.195271e-01 3.195037e-02 -2.782845e-02 5.649379e-01 -1.160088e+01 8.907263e+00 4.178130e+01 1839 1.302151e-02
22373 1.742188e-02 -6.384078e-03 8.294386e-02 2.625800e-02 -1.451410e-02 1.235085e-01 -7.508312e+00 2.170948e+00 1.325768e+01 557 4.772483e-03
22534 -2.116973e-02 -2.110864e-02 9.932614e-02 -4.300258e-02 -4.485815e-02 5.859007e-01 7.462317e+00 7.188574e+00 2.729819e+01 2431 1.791933e-02
22787 1.712674e-02 2.001558e-02 1.293871e-01 -2.627213e-02 -1.099666e-02 8.258106e-01 1.532860e+01 1.440832e+01 2.593500e+01 1319 1.142084e-02
23090 1.501464e-02 -1.223234e-02 9.847873e-02 -2.363518e-02 1.911112e-02 3.617839e-01 -1.049021e+01 8.342331e+00 3.253835e+01 942 7.002239e-03
23123 9.396596e-03 -1.205825e-02 7.962234e-02 2.252595e-02 -2.973473e-02 1.299936e-01 -2.836823e+00 3.533383e+00 1.675870e+01 691 5.908124e-03
23362 -2.171412e-02 7.560955e-03 9.433123e-02 -2.319551e-02 2.503819e-03 3.935728e-01 1.277690e+01 -4.509848e+00 1.621787e+01 1114 9.550206e-03
23573 8.279134e-04 1.313824e-02 7.632947e-02 -1.390001e-03 3.460460e-02 1.047396e-01 -1.632946e+00 1.112397e+01 2.093612e+01 2137 1.524830e-02
23998 -2.722189e-02 1.069155e-02 2.190249e-01 2.097053e-02 -8.737356e-03 6.707827e+00 -1.773684e+01 5.683475e+00 2.822003e+01 1952 1.852296e-02
24349 -2.694656e-02 5.686660e-03 9.489835e-02 -2.559195e-02 3.173132e-03 3.979787e-01 8.146847e+00 -2.780670e+00 9.672581e+00 1568 1.457773e-02
24448 -9.948714e-03 7.989545e-03 7.844159e-02 -2.874246e-02 2.728643e-02 1.141475e-01 -1.045703e+01 1.121938e+01 2.687281e+01 510 3.973770e-03
24672 1.585963e-02 -4.915162e-03 8.195355e-02 3.161474e-02 -9.565635e-03 1.308596e-01 -5.334659e+00 1.685588e+00 1.654386e+01 571 4.520980e-03
24784 1.589950e-02 -1.280823e-02 8.637246e-02 3.481162e-02 -2.973568e-02 1.717118e-01 -9.792868e+00 7.901164e+00 2.280148e+01 839 6.564283e-03
25067 1.411759e-03 -1.436170e-02 7.732696e-02 7.824010e-04 -3.208561e-02 9.309590e-02 -1.090838e+00 -2.492087e+01 2.416191e+01 814 5.835131e-03
25621 3.265397e-03 -2.938165e-02 9.895137e-02 -7.056784e-03 2.850596e-02 1.425202e+00 2.065908e+00 -1.806241e+01 2.384503e+01 1567 1.217715e-02
25833 2.949706e-05 2.576622e-03 1.927400e-01 -9.484025e-04 -4.403479e-03 1.943779e+01 -2.594335e+00 -5.012260e+00 1.924505e+01 2263 2.484177e-02
26008 -5.733665e-03 -1.677788e-02 9.628959e-02 -1.375033e-02 -2.801679e-02 1.327224e-01 -8.375230e-01 1.776894e+00 1.743238e+01 2035 1.595243e-02
26065 -1.202359e-02 -6.833039e-03 8.782324e-02 -2.912264e-02 -1.223988e-02 1.196831e-01 -1.398485e+01 -3.923234e+00 3.169003e+01 413 2.956289e-03
26201 4.589225e-03 2.160168e-02 8.936997e-02 3.814822e-03 3.612900e-02 1.415121e-01 -2.283757e+00 -8.215884e+00 1.765149e+01 906 7.581200e-03
26360 -8.063089e-03 1.417603e-02 9.241848e-02 -1.415108e-02 3.272558e-02 1.390282e-01 -1.344935e+00 6.705113e+00 3.022596e+01 425 3.621242e-03
26382 -1.476903e-02 -6.948619e-03 8.285501e-02 -3.971752e-02 -1.336438e-02 1.155129e-01 -1.344596e+01 -2.772138e+00 2.447977e+01 1260 9.428361e-03
26551 4.102116e-04 1.778917e-02 8.351462e-02 2.326999e-03 3.089154e-02 1.015474e-01 2.877001e+00 1.809076e+01 2.816811e+01 346 2.833677e-03
27068 1.131818e-02 1.002523e-03 7.447754e-02 3.402116e-02 -9.688322e-04 1.098232e-01 -2.829361e+00 -7.275366e-01 1.157380e+01 465 3.797650e-03
27247 2.058355e-02 -2.163387e-03 1.198976e-01 3.567206e-02 -2.126593e-03 1.996335e-01 -1.990954e+00 7.543816e-01 3.754411e+01 1068 8.923477e-03
27302 2.291139e-03 -1.732599e-03 3.437072e-01 -1.842766e-03 1.687890e-03 2.053526e+01 1.264721e+00 -9.378301e-01 2.981660e+01 1192 1.700028e-02
27386 3.239447e-03 -2.512001e-02 9.224125e-02 -5.710287e-03 4.757781e-02 6.817871e-01 2.866143e-01 -1.118979e+00 2.421854e+01 2213 1.591038e-02
27581 -2.911242e-02 3.316054e-03 1.350575e-01 1.310689e-02 -2.402715e-03 4.064053e-01 -1.669864e+01 1.842755e+00 2.524668e+01 619 6.733541e-03
27946 4.340124e-03 1.884712e-02 9.682061e-02 1.098318e-02 5.035155e-02 1.889053e-01 4.999897e-01 2.992360e+00 4.150897e+01 1180 8.081804e-03
28021 -2.612996e-02 3.251546e-03 9.354178e-02 5.424049e-02 -7.142154e-03 3.878830e-01 7.573912e+00 -1.144618e+00 3.259842e+01 1722 1.294896e-02
28136 -9.698961e-03 1.307920e-02 7.892950e-02 -1.865102e-02 2.832401e-02 9.755717e-02 -9.438349e+00 1.652557e+01 2.320134e+01 1120 8.127601e-03
28278 1.251178e-02 4.064934e-03 7.825297e-02 3.125256e-02 1.077022e-02 1.153243e-01 1.835719e+00 7.994770e-01 1.727009e+01 2059 1.558439e-02
28376 1.649635e-02 1.536907e-02 8.797803e-02 2.420740e-02 2.062334e-02 1.032934e-01 4.915461e+00 2.695921e+00 1.584687e+01 671 5.859473e-03
29791 -4.098682e-03 -2.725885e-02 1.388491e-01 -4.359879e-03 -3.126851e-02 1.320913e+00 -1.813891e-01 -5.702456e+00 3.924889e+01 802 7.243154e-03
30033 -1.696210e-02 1.314580e-02 8.472541e-02 -4.846050e-02 4.419679e-02 1.323735e-01 -8.837734e+00 9.762421e+00 2.630131e+01 2239 1.668927e-02
30321 7.940699e-03 -2.044533e-02 8.449159e-02 1.522248e-02 -3.997534e-02 1.040527e-01 1.041767e+01 -2.802901e+01 3.094481e+01 1279 8.747851e-03
30882 1.566720e-02 -1.499291e-02 8.706523e-02 3.778027e-02 -3.729874e-02 1.366088e-01 5.326530e+00 -5.608450e+00 2.766781e+01 602 4.702869e-03
30898 1.471574e-02 -2.036415e-02 9.038529e-02 1.988891e-02 -2.511187e-02 3.120954e-01 3.255073e+00 -1.970870e+00 1.410902e+01 512 5.149451e-03
31168 -5.776936e-03 -1.819486e-02 8.067607e-02 -1.478130e-02 -4.312728e-02 1.361811e-01 1.891056e+00 6.332463e+00 1.787420e+01 1702 1.214654e-02
31171 -2.885713e-02 -5.519242e-03 9.165628e-02 -4.079700e-03 7.121182e-04 7.593324e-01 2.518959e+01 4.009542e+00 1.883021e+01 478 4.577689e-03
31614 1.736773e-02 6.604227e-03 8.493720e-02 -4.396246e-02 -1.974977e-02 3.264642e-01 2.648123e+00 4.416875e-01 2.383921e+01 742 5.130108e-03
31752 6.945749e-03 -1.227626e-02 7.724259e-02 2.158758e-02 -2.848939e-02 1.347574e-01 -3.794721e+00 6.874505e+00 1.594904e+01 1101 8.217291e-03
31825 -1.191155e-03 -8.938781e-04 1.981685e-01 1.596826e-04 7.224689e-03 3.792379e+00 -7.508701e-01 -1.513520e+00 2.056978e+01 1610 1.795912e-02
31838 -5.668637e-03 1.476476e-02 2.853825e-01 6.056834e-03 -1.406611e-02 2.302680e+01 7.691926e-01 2.826864e+00 2.274142e+01 2724 2.972422e-02
32078 -1.274696e-02 -3.514654e-03 8.627473e-02 -3.211612e-02 -8.212652e-03 1.293760e-01 -1.399974e+01 -3.319503e+00 3.914976e+01 588 3.842404e-03
32386 1.417962e-02 2.014415e-02 1.248038e-01 -6.231855e-03 -1.394298e-02 1.414620e+00 -1.066361e+01 -9.628054e+00 3.568425e+01 1640 1.263309e-02
32402 1.457456e-02 1.596475e-02 8.357796e-02 2.964868e-02 2.843777e-02 1.053533e-01 9.337863e+00 6.993631e+00 1.896502e+01 738 5.309885e-03
32458 -2.293197e-02 4.417736e-04 9.176459e-02 -3.522971e-02 -1.158933e-03 1.123492e-01 -8.595609e+00 -1.654262e+00 2.157702e+01 969 9.027228e-03
32590 1.338912e-02 -2.592009e-02 1.849076e-01 -1.593149e-02 2.683189e-02 6.528998e+00 -6.408975e+00 1.078370e+00 6.344090e+00 1801 3.539246e-02
32767 -5.963089e-04 -4.601187e-03 2.717591e-01 -1.430051e-03 -4.933986e-03 3.884052e+00 3.071864e-01 -9.782976e-01 1.534515e+01 2388 3.105625e-02
33039 4.607407e-03 1.390777e-02 8.981229e-02 1.106354e-02 3.187032e-02 1.380678e-01 3.840261e+00 1.046589e+01 3.924544e+01 508 3.382139e-03
33188 1.165964e-03 2.695241e-02 9.802012e-02 -1.689446e-03 -3.948138e-02 1.426922e+00 -3.226037e-01 -7.872877e+00 2.516622e+01 870 7.109740e-03
33258 3.316369e-03 3.742150e-04 2.917963e-01 -2.581834e-03 -1.815759e-03 1.880898e+01 2.266777e+00 -4.050946e+00 1.851718e+01 845 1.887549e-02
33427 -2.188005e-02 -2.039706e-02 2.889926e-01 2.536115e-02 2.238840e-02 2.081512e+01 8.570431e+00 4.447307e+00 2.052612e+01 1185 1.771802e-02
33882 -9.299800e-05 -2.562311e-02 1.098510e-01 1.230780e-04 2.480821e-02 6.608715e-01 -4.003729e-01 1.119336e+01 2.488855e+01 871 7.705833e-03
34297 -8.463643e-03 1.521492e-02 8.331853e-02 -1.991333e-02 4.046442e-02 1.150995e-01 -6.466477e+00 1.496968e+01 2.522956e+01 3852 2.718999e-02
34946 5.478454e-03 2.826544e-02 9.703987e-02 -1.684996e-04 -4.116761e-02 3.579323e-01 3.286003e+00 1.546886e+01 2.392847e+01 953 7.784024e-03
34959 2.697948e-03 1.513208e-02 7.922715e-02 1.135443e-02 6.093304e-02 1.354296e-01 3.216487e+00 1.677408e+01 3.202132e+01 1502 1.057494e-02
35135 -2.126945e-02 1.416586e-02 1.136467e-01 -2.235485e-02 1.485657e-02 5.549013e-01 -1.202623e+01 7.644043e+00 2.961923e+01 1190 9.837620e-03
35704 -1.317695e-03 1.701624e-03 2.397398e-01 -1.780386e-03 -2.951045e-04 5.681310e+00 -1.117187e-01 1.474348e+00 3.715226e+01 1214 1.242589e-02
35864 -1.808991e-02 8.800461e-03 1.025365e-01 -2.853753e-02 1.250125e-02 1.816490e-01 8.421441e+00 -4.219463e+00 2.459473e+01 1221 9.574378e-03
35967 2.068844e-02 -7.404143e-04 9.050651e-02 3.675919e-02 -3.824780e-03 1.274854e-01 1.800119e+00 -1.249831e+00 2.144032e+01 2336 1.807547e-02
36105 2.523393e-02 6.573427e-05 9.073914e-02 3.167609e-02 -1.613881e-03 1.131627e-01 -2.463113e+00 -9.803884e-01 1.494909e+01 1135 9.044528e-03
36186 1.599636e-03 -1.911549e-02 9.932322e-02 1.122679e-03 -3.369807e-02 2.604631e-01 -1.208200e+00 1.822219e+01 3.443916e+01 1132 8.576734e-03
36197 -1.228291e-02 -1.525872e-02 9.868136e-02 -2.370132e-02 -2.736087e-02 1.448730e-01 1.761363e+00 2.732686e+00 1.924247e+01 1905 1.484450e-02
36316 -2.735320e-02 -4.799905e-03 1.305282e-01 -2.527220e-02 -5.564780e-03 1.369246e+00 8.851603e+00 1.045910e+00 2.680433e+01 1260 1.133041e-02
36351 1.675414e-02 3.174145e-03 8.429302e-02 5.228529e-02 2.379937e-03 1.915749e-01 -1.158176e+01 -1.975503e+00 2.776730e+01 1675 1.229780e-02
36679 3.149016e-03 -2.084690e-02 7.220817e-02 9.064112e-03 -4.369069e-02 8.287580e-02 6.786322e+00 -2.508150e+01 1.348582e+01 576 3.836454e-03
37184 1.658606e-02 -3.245920e-03 8.220920e-02 3.470999e-02 -2.080478e-04 1.599319e-01 -1.304810e+01 1.982512e+00 1.860450e+01 3499 2.646695e-02
37394 1.298874e-03 1.629228e-02 8.118798e-02 -2.238298e-03 4.482136e-02 1.245799e-01 -2.017531e+00 8.718035e+00 2.495366e+01 1058 7.846107e-03
37566 -1.126695e-02 -8.508620e-03 9.037364e-02 -2.581733e-02 -1.808673e-02 1.233416e-01 -1.358711e+01 -8.781901e+00 3.638578e+01 2224 1.468418e-02
37809 -7.245577e-03 -2.803057e-02 9.370267e-02 1.346313e-02 3.836322e-02 4.680139e-01 3.086405e-01 -4.401634e+00 1.552374e+01 1502 1.174340e-02
37992 -1.162737e-02 -2.622855e-02 9.337827e-02 -4.109908e-03 -3.462352e-02 6.728645e-01 7.626427e+00 2.041327e+01 1.704112e+01 2060 1.533254e-02
38249 -2.036901e-02 -1.924154e-03 9.987895e-02 -3.966811e-02 -7.913212e-03 1.416009e-01 -1.411315e+01 -5.120369e+00 4.053806e+01 1281 9.163704e-03
38541 -2.050778e-03 1.294459e-03 1.384174e-01 2.191754e-03 -1.226996e-03 3.992113e-01 2.852472e-01 2.666348e-01 3.363996e+01 587 6.034068e-03
39016 -1.751428e-02 -1.378542e-02 8.505068e-02 3.450214e-02 2.359399e-02 2.468892e-01 -6.083470e+00 -5.268013e+00 1.558720e+01 821 6.605234e-03
39106 1.272186e-02 1.378355e-02 9.674683e-02 3.104973e-02 2.913644e-02 1.520491e-01 9.434316e+00 7.221173e+00 4.137079e+01 869 6.639252e-03
39227 -2.388049e-02 -8.716705e-03 1.133745e-01 2.374523e-02 8.599471e-03 1.184869e+00 -5.452041e+00 -2.033573e+00 1.575234e+01 1037 9.603929e-03
39324 -1.327574e-02 -1.563995e-02 9.028328e-02 -3.016356e-02 -3.863389e-02 6.096194e-01 4.745511e+00 5.248279e+00 2.899445e+01 837 6.003912e-03
39742 -8.610259e-03 2.665144e-02 1.352579e-01 -1.589707e-02 3.827715e-02 1.885848e+00 -2.941514e+00 1.864885e+00 3.824630e+01 929 7.181724e-03
39806 7.409391e-03 -1.082788e-02 7.698781e-02 2.690688e-02 -2.831759e-02 1.154533e-01 3.724879e+00 -1.879619e+00 1.776230e+01 1075 7.982811e-03
40002 1.392679e-02 2.695102e-03 9.067812e-02 3.514510e-02 6.695458e-03 1.390379e-01 1.789550e+01 3.362638e+00 4.884000e+01 3090 2.282820e-02
40085 -1.725303e-02 -1.461557e-02 1.087968e-01 -2.245183e-02 -2.045396e-02 5.837311e-01 -5.083982e+00 -6.264402e+00 3.060147e+01 1217 9.604988e-03
40376 1.524050e-03 -1.722548e-02 8.118347e-02 1.306194e-03 -4.416117e-02 1.433363e-01 -7.596189e-01 4.679903e+00 2.080694e+01 529 3.998301e-03
40471 1.532597e-02 2.143411e-02 2.532750e-01 -1.371116e-02 -1.634152e-02 3.422754e+01 5.447593e+00 1.562570e+01 3.397427e+01 1167 1.372780e-02
40673 -2.147128e-02 7.358432e-03 1.140583e-01 -2.018573e-02 9.991799e-03 2.439138e+00 9.556332e+00 -2.683887e+00 2.539490e+01 1395 1.248758e-02
40818 -1.377951e-02 1.574711e-02 8.407225e-02 -2.214521e-02 2.797077e-02 1.886378e-01 1.364194e+01 -1.617936e+01 2.162361e+01 1231 9.356122e-03
40899 7.710347e-03 -1.343245e-02 7.246246e-02 2.612626e-02 -4.622144e-02 9.863856e-02 1.237002e+00 -2.321601e+00 1.044474e+01 2837 2.020624e-02
41197 2.490013e-03 1.870900e-05 1.811865e-01 7.531957e-03 3.150599e-03 6.410593e-01 1.439829e+00 1.347593e+00 7.530479e+00 1111 3.039790e-02
41371 1.951194e-02 -1.102960e-02 9.377655e-02 3.232644e-02 -1.821432e-02 4.806694e-01 -1.720038e-01 1.229350e-01 2.326578e+01 1147 9.573774e-03
41505 -2.321156e-02 -1.877061e-02 1.151938e-01 -9.506350e-03 -1.169428e-02 1.233570e+00 -1.423135e+01 -8.818468e+00 2.594809e+01 1257 1.100003e-02
41768 -1.102425e-02 1.328201e-02 1.085226e-01 -2.132356e-02 2.203934e-02 1.607027e-01 -2.324793e+00 9.381832e-01 3.191162e+01 941 7.879929e-03
41908 -2.353222e-02 -2.609974e-03 9.024515e-02 -4.352394e-02 -5.877435e-03 5.381039e-01 1.561626e+01 1.767676e+00 2.394929e+01 462 3.581945e-03
41999 -1.055453e-02 1.479250e-03 8.275008e-02 -3.930111e-02 5.427897e-03 1.384963e-01 -1.208040e+01 1.651610e+00 3.441291e+01 2867 2.017836e-02
43091 -2.412561e-02 1.489714e-02 1.011148e-01 2.776567e-02 -1.635531e-02 2.221957e-01 1.822893e+00 -9.454736e-02 1.486535e+01 1299 1.125646e-02
43108 -1.379533e-02 3.569692e-03 7.888856e-02 -2.899561e-02 8.989674e-03 9.977377e-02 -1.562915e+01 5.756920e+00 2.511046e+01 1592 1.102376e-02
43109 -1.935030e-02 5.479018e-03 9.062745e-02 3.212345e-02 -2.157216e-03 2.646019e-01 -2.666048e+00 2.990652e+00 1.816737e+01 505 5.109910e-03
43361 1.126312e-02 -2.575644e-02 1.186248e-01 1.286022e-02 -3.016970e-02 1.299928e-01 5.174824e+00 -1.454607e+01 4.070708e+01 757 6.058473e-03
43374 -1.267305e-02 2.372790e-02 9.577496e-02 -1.998990e-03 -1.964760e-03 6.338992e-01 1.448726e+01 -2.238686e+01 2.550261e+01 1726 1.273491e-02
43505 -1.666012e-02 2.471942e-02 1.010645e-01 -3.044080e-02 4.653385e-02 1.635219e-01 2.054825e+00 -2.646740e+00 2.746796e+01 424 3.993700e-03
43634 -1.268989e-02 -8.576340e-03 7.885092e-02 -3.057803e-02 -1.827611e-02 1.051089e-01 -1.135437e+01 -5.828770e+00 2.217024e+01 2525 1.805498e-02
43860 -7.731917e-04 1.333138e-02 8.716130e-02 -2.501285e-03 3.043389e-02 1.433412e-01 -5.591794e-01 3.898367e+00 3.164239e+01 610 4.413364e-03
43921 -1.368167e-02 1.968607e-02 1.473962e-01 1.445241e-02 -2.365946e-02 4.494301e+00 2.566295e+00 -1.847702e+00 2.037296e+01 3356 2.756400e-02
44200 1.774990e-02 -1.647918e-02 8.806296e-02 2.486717e-02 -1.777620e-02 1.307123e-01 -8.071900e+00 8.076247e+00 1.372960e+01 386 4.565717e-03
44271 -9.743556e-03 1.238395e-02 9.134886e-02 -2.766875e-02 2.902637e-02 1.955065e-01 5.709245e+00 -7.286804e+00 2.834309e+01 1671 1.263437e-02
44307 -6.924152e-03 -1.353495e-02 1.035498e-01 -1.778464e-02 -2.839752e-02 1.743968e-01 -1.579767e+00 -8.145981e-01 3.450220e+01 1431 1.136424e-02
44351 -2.485117e-02 -5.974377e-03 1.142493e-01 -3.433348e-02 -6.806308e-03 1.462152e-01 -2.698324e+00 4.875384e-01 2.736682e+01 1274 1.029344e-02
44367 4.166699e-03 -1.764085e-02 9.461771e-02 6.669574e-03 -4.366133e-02 5.225612e-01 -8.850943e-01 -5.000116e-01 2.494563e+01 2391 1.731393e-02
44432 -1.132855e-03 3.736862e-03 2.207463e-01 1.681438e-04 4.053010e-03 7.099842e+00 -9.496362e-01 6.598216e+00 2.641958e+01 3581 3.064731e-02
44798 -6.190469e-03 -1.841672e-02 1.112079e-01 -3.440044e-03 -3.258151e-02 2.136926e-01 3.521182e+00 9.118565e+00 3.043501e+01 818 7.218886e-03
45027 -1.180920e-02 -1.375136e-03 7.517618e-02 -3.303271e-02 -4.811667e-03 9.620059e-02 -3.280422e+01 -5.365529e+00 3.444275e+01 1569 1.134164e-02
45186 2.867946e-02 -3.538283e-03 2.773291e-01 -2.585654e-02 3.501044e-03 1.708492e+01 9.632178e+00 -3.096382e-01 1.680759e+01 1817 2.474096e-02
45512 -1.607320e-02 -1.867080e-02 1.360126e-01 8.383219e-03 3.126731e-02 8.306152e-01 -8.077223e+00 -1.536389e+00 2.865044e+01 683 6.867981e-03
45617 1.844650e-02 -2.096578e-02 1.012040e-01 -3.761267e-02 3.790890e-02 4.076225e-01 -3.343589e-01 -1.283323e+00 3.224566e+01 1025 8.259246e-03
45625 3.289725e-03 2.239918e-02 8.650695e-02 -5.882312e-03 -3.768330e-02 2.397635e-01 -8.019842e-01 -4.023709e+00 1.733043e+01 314 3.334320e-03
45810 6.332645e-03 -1.165395e-02 9.680935e-02 1.503779e-02 -2.948889e-02 1.466734e-01 3.812378e+00 -8.119575e+00 3.472903e+01 1415 1.081055e-02
45854 -2.510510e-02 2.355036e-03 8.803745e-02 5.426886e-02 -6.659355e-03 3.481616e-01 -1.093983e+01 9.040069e-01 2.435831e+01 1183 9.405330e-03
46047 5.310696e-04 1.107015e-03 2.010533e-01 1.178574e-04 -9.474961e-04 2.188636e+00 -3.171993e-01 -1.023712e+00 3.233100e+01 662 8.604680e-03
46477 1.767223e-03 -3.591099e-03 1.800536e-01 6.716717e-04 -2.586612e-03 3.507694e-01 -1.061920e+00 2.160759e+00 4.594729e+01 614 6.143803e-03
46540 1.764860e-02 -2.365977e-02 1.589000e-01 1.972485e-02 -2.300728e-02 2.126209e-01 -3.444578e+00 6.447705e+00 3.388227e+01 2652 2.106350e-02
47013 2.391836e-03 -7.276280e-04 2.411496e-01 4.396340e-05 -2.946371e-03 5.669035e+00 1.458213e+00 -7.529806e-01 2.883367e+01 2014 1.967866e-02
47322 -1.771468e-02 -1.276464e-02 3.193035e-01 2.067825e-02 1.565388e-02 2.983908e+01 7.348991e+00 7.425018e+00 2.951977e+01 1664 1.930187e-02
47457 2.697837e-03 7.713067e-04 1.262554e-01 -2.593886e-03 -6.253211e-03 4.301473e-01 -1.761524e+00 -7.959413e-01 4.850806e+00 2103 2.961395e-02
47485 8.609110e-03 -2.684563e-02 9.384257e-02 -1.423128e-02 4.322831e-02 3.370528e-01 -6.033678e+00 1.736163e+01 2.977734e+01 1731 1.322460e-02
47871 -1.323705e-02 -1.033781e-02 7.965510e-02 -4.264936e-02 -3.939786e-02 1.638310e-01 7.044931e+00 5.373211e+00 2.347948e+01 394 3.146223e-03
48062 -2.506626e-02 1.193286e-02 1.038801e-01 -2.939104e-02 1.124738e-02 1.436268e+00 -2.746109e+00 3.094604e+00 1.302351e+01 1865 1.944593e-02
48417 1.379586e-02 -1.788488e-02 1.077708e-01 1.987153e-02 -2.670011e-02 1.503923e-01 5.438831e-02 -6.036196e-01 2.818258e+01 1170 9.019522e-03
48785 1.828712e-02 2.314097e-02 2.354245e-01 -2.157476e-02 -2.791310e-02 2.019906e+01 -8.231472e+00 -1.214494e+01 1.996364e+01 1444 1.898325e-02
48847 1.152913e-02 6.595419e-03 2.628349e-01 -1.080757e-02 -6.379765e-03 1.738195e+01 2.704635e+00 9.903213e-01 1.711912e+01 1308 1.890451e-02
49262 7.450284e-03 -2.861587e-02 2.044889e-01 3.400274e-03 -4.288521e-03 1.250922e+01 3.933770e+00 -1.857185e+01 1.514256e+01 1433 1.995941e-02
49468 6.452489e-03 8.561636e-03 6.782790e-02 2.116983e-02 2.442149e-02 7.531518e-02 1.846015e+01 1.969805e+01 1.012416e+01 822 5.149908e-03
49488 8.799191e-03 -1.487195e-02 9.599532e-02 3.087000e-02 -3.741475e-02 2.391218e-01 -5.547799e+00 9.248553e+00 3.816099e+01 1303 9.205663e-03
49499 -2.429301e-02 1.178897e-02 2.356481e-01 2.203121e-02 -9.222171e-03 3.790147e+01 -7.793504e+00 7.932727e+00 3.766582e+01 4052 3.396699e-02
49655 1.316282e-02 -5.357880e-03 7.938156e-02 2.484921e-02 -1.775477e-02 1.471629e-01 -8.193781e+00 3.425892e+00 1.798727e+01 1658 1.142362e-02
49681 -2.467623e-04 -1.676155e-03 2.121453e-01 1.636018e-04 3.336430e-03 6.879354e+00 -1.259704e-01 1.567235e+00 2.425732e+01 713 1.132369e-02
49701 -1.583559e-02 1.099821e-02 9.476971e-02 3.159494e-02 -1.857068e-02 2.531227e-01 3.368029e+00 -6.908605e-01 1.742076e+01 444 4.815029e-03
50014 1.971776e-02 1.033061e-02 3.127477e-01 -2.207931e-02 -1.088600e-02 3.004220e+01 -5.532469e+00 -9.721776e-01 2.972945e+01 550 1.215652e-02
50218 -1.490652e-03 -6.668459e-04 2.177140e-01 4.028198e-03 1.421473e-03 1.469043e+01 -1.365200e+00 -5.675086e-01 2.808871e+01 1161 1.414158e-02
50250 1.583782e-02 9.352140e-04 9.184599e-02 3.246088e-02 6.352519e-03 1.339499e-01 7.017408e+00 3.240831e+00 3.040967e+01 688 5.346618e-03
50284 -2.149775e-02 -1.116400e-02 1.057040e-01 -2.910267e-02 -2.027976e-02 1.581661e-01 5.264765e+00 1.116837e+00 2.380131e+01 1112 9.253459e-03
50285 2.253559e-02 3.966379e-03 1.906448e-01 -2.579650e-02 -4.753980e-03 1.627057e+01 -7.910485e+00 -1.995918e+00 1.607992e+01 2215 2.327900e-02
50355 2.453458e-02 8.830599e-03 1.475143e-01 -3.067181e-03 4.317278e-04 1.393943e+00 1.594646e+01 5.444032e+00 2.986888e+01 823 8.944122e-03
50419 1.291413e-02 2.254020e-02 1.222402e-01 -1.188365e-02 -2.425202e-02 5.894190e-01 3.137094e+00 2.364470e+00 2.007920e+01 1360 1.360476e-02
51016 1.839082e-02 9.509676e-03 9.798572e-02 -4.856335e-02 -1.839725e-02 4.222085e-01 -4.381745e+00 8.300118e-02 3.419348e+01 731 5.464490e-03
51051 6.993262e-03 1.579346e-02 9.315344e-02 1.305071e-02 2.708230e-02 2.150533e-01 -6.501067e+00 -1.428429e+01 2.659927e+01 764 6.299486e-03
51083 1.657853e-03 1.436064e-03 1.946602e-01 -2.404088e-04 -6.012532e-04 3.120709e+00 9.879345e-01 8.425814e-01 4.170559e+01 879 8.490748e-03
51463 -1.986385e-02 -1.120132e-02 1.122665e-01 1.586072e-02 9.686094e-03 9.779031e-01 -7.188625e+00 -3.640197e+00 2.245025e+01 1808 1.583519e-02
52082 1.822112e-02 -1.277906e-03 9.560918e-02 3.496573e-02 -4.227374e-03 1.384352e-01 3.701921e+00 -1.165327e+00 2.619319e+01 1509 1.177181e-02
52103 9.113120e-03 -1.820410e-03 7.416293e-02 3.741604e-02 -6.717009e-03 1.162098e-01 4.380603e+00 -6.658999e-01 1.795357e+01 1823 1.323273e-02
52193 1.222082e-02 6.049370e-03 7.622306e-02 4.034946e-02 1.341629e-02 1.090644e-01 9.693568e+00 1.735269e+00 1.889741e+01 788 5.878578e-03
52359 6.033400e-03 -1.423093e-02 7.758456e-02 1.228627e-02 -2.756255e-02 9.309898e-02 4.679024e+00 -9.746072e+00 1.509642e+01 5245 3.820516e-02
52389 -7.132259e-03 1.626066e-02 8.136015e-02 -1.517254e-02 3.272094e-02 1.067639e-01 -1.846300e+00 3.317930e+00 1.481655e+01 832 6.351120e-03
52578 2.702524e-02 2.795550e-04 1.218345e-01 3.332208e-02 1.329886e-03 1.278176e+00 -1.581883e-01 7.765309e-01 2.536358e+01 804 7.877861e-03
52974 -6.619009e-03 -2.888585e-03 7.166449e-02 -3.163546e-02 -4.013946e-03 1.050472e-01 -1.189745e+01 1.237255e-01 2.135041e+01 1789 1.131145e-02
53673 2.225435e-02 6.190047e-03 1.585905e-01 4.093556e-02 9.750169e-03 1.910311e+00 6.670343e-01 7.723851e-01 1.723809e+01 1943 1.871547e-02
53940 1.543545e-02 2.080396e-02 1.189101e-01 2.431745e-03 -4.647762e-03 1.055956e+00 -1.157522e+01 -1.271417e+01 2.677746e+01 1454 1.184653e-02
54038 9.716882e-03 -2.619592e-02 9.642771e-02 8.296106e-03 -2.130821e-02 3.764685e-01 4.158993e+00 -1.383236e+01 1.943391e+01 1315 1.217305e-02
54211 2.300417e-03 -2.932454e-02 1.970865e-01 6.691197e-03 -2.682576e-02 8.618657e-01 8.265342e-01 -1.547416e+01 2.520018e+01 1274 1.415397e-02
54461 1.153501e-02 5.548391e-03 7.518946e-02 4.752707e-02 2.667155e-02 1.349099e-01 -2.414783e+00 -7.942431e-01 1.880423e+01 977 7.361479e-03
54527 2.304370e-02 1.471743e-02 1.436895e-01 -1.734937e-02 -1.382304e-02 2.696280e+00 -9.345450e+00 -4.815268e+00 2.058205e+01 2251 2.026767e-02
54771 1.399131e-03 6.323226e-03 2.700266e-01 1.603017e-03 6.727007e-03 1.307019e+00 8.529362e-01 1.557864e+00 2.322309e+01 605 1.276278e-02
54835 -2.699005e-03 -2.488762e-02 1.495792e-01 2.637373e-03 1.602989e-02 9.636683e+00 4.685629e-01 1.292073e+01 3.673567e+01 671 6.735642e-03
55056 1.573355e-02 1.140413e-02 8.317203e-02 2.638081e-02 1.776555e-02 9.270108e-02 1.768010e+01 1.038309e+01 1.740413e+01 1109 8.382690e-03
55163 1.606717e-02 -2.337068e-02 8.724047e-02 -3.069235e-02 3.530661e-02 9.453057e-01 6.587074e+00 -1.054641e+01 1.560891e+01 639 6.097838e-03
55243 -2.649371e-02 1.406515e-02 1.550588e-01 -9.310886e-04 2.972804e-03 6.714759e-01 -1.719754e+01 8.409023e+00 4.123507e+01 663 6.010687e-03
55346 -2.704046e-02 -1.155504e-02 1.526035e-01 -2.242030e-02 -1.423908e-02 3.969523e+00 -8.812842e+00 -2.252037e-01 2.360411e+01 4659 3.566358e-02
55370 4.782983e-03 3.921469e-04 2.801211e-01 -4.573011e-03 4.546260e-05 1.724431e+01 8.695512e-01 1.258967e+00 1.696419e+01 980 2.040623e-02
55557 1.027610e-02 9.088846e-03 8.939232e-02 2.195655e-02 2.287817e-02 1.386701e-01 5.090525e+00 6.698253e+00 3.549177e+01 1318 9.534133e-03
56242 -4.666463e-03 -1.174887e-03 6.715126e-02 -2.853749e-02 -1.294167e-02 1.034663e-01 -7.795984e+00 -4.198954e+00 1.857518e+01 737 4.503144e-03
56245 9.135388e-03 -2.391920e-02 2.326001e-01 -7.377681e-03 2.011466e-02 3.556386e+01 5.493593e+00 -1.213034e+01 3.533126e+01 1152 1.261027e-02
56508 5.149454e-03 -7.923327e-04 6.855317e-02 2.894165e-02 1.224745e-02 9.551754e-02 4.852097e+00 4.004910e+00 1.167254e+01 665 4.599119e-03
56581 -2.654725e-03 1.384276e-02 8.882031e-02 -5.423595e-03 3.866131e-02 1.538615e-01 -3.327441e-01 6.019429e+00 3.452874e+01 560 4.005288e-03
56667 -1.695856e-02 -4.929307e-03 9.426904e-02 -2.908409e-02 -1.030748e-02 1.203454e-01 -1.438280e+01 -6.684555e+00 3.635316e+01 1298 8.957548e-03
56799 -1.951149e-02 6.258231e-03 9.805195e-02 -3.414323e-02 1.401008e-02 1.359280e-01 -1.361263e+00 1.869534e+00 2.183551e+01 1663 1.370941e-02
57275 -1.797680e-02 1.170287e-02 1.027336e-01 -2.625102e-02 1.832756e-02 4.671814e-01 6.941299e-01 1.682525e-01 2.213315e+01 2424 1.931053e-02
57452 -2.107771e-02 -2.053471e-03 1.038040e-01 -3.603284e-02 -4.468168e-03 2.121209e-01 1.153040e+01 1.093286e+00 3.069851e+01 604 4.889781e-03
57922 -1.359183e-02 -3.191930e-03 8.843258e-02 -3.259175e-02 -1.070726e-02 1.253665e-01 -6.138772e+00 -3.006688e+00 2.266319e+01 544 4.441255e-03
58230 1.369530e-02 8.544865e-03 1.043230e-01 3.201392e-02 1.794492e-02 2.353166e-01 -7.347206e+00 -4.639719e+00 3.689534e+01 709 5.261224e-03
58453 4.083750e-03 -2.245403e-02 8.644243e-02 -4.420289e-03 3.774481e-02 2.199887e-01 1.188261e+00 -1.469121e+00 1.421388e+01 2364 1.754847e-02
58689 -1.851182e-02 2.019590e-02 9.747367e-02 -2.583664e-02 2.537170e-02 1.406154e-01 4.842906e+00 -6.079096e+00 1.861628e+01 417 4.497762e-03
58709 1.257756e-02 -1.157971e-02 8.439598e-02 2.611365e-02 -2.499016e-02 1.099027e-01 1.533219e+01 -1.530135e+01 3.307794e+01 911 6.098093e-03
58808 1.033535e-02 -1.521307e-02 8.197936e-02 1.970881e-02 -3.353981e-02 1.110894e-01 2.459007e+00 -6.078136e+00 1.861573e+01 1238 1.035638e-02
58980 2.399778e-03 1.931615e-02 9.819268e-02 3.827190e-03 3.536087e-02 1.249504e-01 1.698356e+00 1.997190e+01 3.814839e+01 1987 1.480271e-02
59906 -1.545133e-02 1.514602e-03 7.867235e-02 -5.345516e-02 -9.332152e-04 1.270073e-01 -1.641676e+01 -1.701322e+00 3.063919e+01 953 6.845139e-03
59935 2.661295e-02 5.199422e-03 1.461388e-01 -1.310331e-02 -1.230051e-03 7.008601e-01 2.047072e+01 3.663355e+00 4.483220e+01 3530 2.541434e-02
60312 -1.731007e-02 1.825233e-02 1.125441e-01 -1.724600e-02 1.815303e-02 1.534496e+00 -4.931078e+00 7.624353e+00 2.400918e+01 1475 1.194253e-02
60484 7.358142e-03 4.725471e-03 2.081318e-01 -7.102611e-03 -4.201366e-03 4.534760e+00 -1.366088e+00 -2.400079e+00 8.725041e+00 3278 5.762775e-02
60594 -2.675042e-02 5.824538e-03 3.234058e-01 1.918094e-02 -4.793135e-03 2.074155e+01 -2.293043e+01 3.250388e+00 2.041815e+01 1172 2.045815e-02
60932 1.203267e-02 1.488575e-02 1.116286e-01 1.459666e-02 2.705537e-02 1.835709e-01 -5.200756e+00 -5.070765e+00 2.485914e+01 1068 8.859047e-03
61189 -2.166349e-03 -2.500683e-02 1.327958e-01 2.388956e-03 2.521362e-02 3.063885e+00 -6.103014e-01 5.959311e-01 2.334149e+01 1381 1.270604e-02
61585 -1.603320e-02 -2.251060e-02 9.526751e-02 2.588515e-02 3.507043e-02 6.868854e-01 -5.962463e+00 -8.563616e+00 2.356098e+01 1695 1.286129e-02
62162 -2.177188e-02 1.021026e-02 9.187722e-02 3.395599e-02 -1.592490e-02 5.729945e-01 5.591331e+00 -2.622708e+00 2.058819e+01 1820 1.361034e-02
62223 2.344406e-02 9.289104e-03 8.527747e-02 4.515836e-02 1.880677e-02 3.681118e-01 1.068195e+01 4.885495e+00 1.759736e+01 625 5.289136e-03
62425 -8.157543e-03 -2.409779e-02 9.377017e-02 2.255457e-03 1.343844e-02 4.766307e-01 -7.887926e+00 -2.712004e+01 2.881106e+01 457 4.143978e-03
62516 -2.655029e-02 -5.934418e-03 9.758818e-02 -3.626585e-02 -7.752835e-03 3.955065e-01 -2.035918e+00 -1.899163e-01 1.859433e+01 1270 1.136712e-02
62554 -4.639549e-03 -2.864174e-02 9.899014e-02 2.536282e-03 1.727205e-02 8.766943e-01 3.323727e+00 1.839745e+01 2.143157e+01 1195 9.706516e-03
63023 -2.133650e-02 -3.533212e-03 8.478799e-02 -5.564294e-02 -1.084717e-02 1.451197e-01 6.715079e-01 -2.685446e-01 2.393539e+01 777 6.051951e-03
63139 -4.617205e-03 4.560496e-03 2.530397e-01 5.269770e-03 2.670330e-03 2.163117e+00 -3.236772e+00 2.533841e+00 4.637432e+01 1511 1.371069e-02
63355 1.615089e-02 -4.170694e-03 8.156228e-02 4.107447e-02 -8.256427e-03 1.091239e-01 1.240644e+01 -1.692418e+00 2.004931e+01 631 4.654313e-03
63628 -4.983816e-04 2.162730e-03 2.953553e-01 4.973355e-03 -3.292449e-03 2.372572e+00 1.634297e+00 -2.270967e+00 3.370438e+01 622 1.097321e-02
64332 1.001756e-03 -2.362615e-02 1.011149e-01 3.681144e-03 -2.099440e-02 1.999433e+00 -1.743829e+00 2.177868e+01 2.397515e+01 467 4.516754e-03
64413 -7.920236e-03 1.372499e-02 9.278195e-02 -8.661704e-03 3.503311e-02 1.557398e-01 1.807461e+00 6.641245e+00 3.732943e+01 1249 9.034014e-03
64573 1.207720e-02 -1.676685e-02 8.243547e-02 -3.395951e-02 4.104446e-02 2.885217e-01 -1.123863e+01 1.170949e+01 2.345106e+01 1446 1.054725e-02
64784 9.708313e-03 -2.471292e-02 1.601173e-01 -1.306135e-03 5.186422e-03 2.284783e+00 -7.834428e+00 2.079964e+01 7.918155e+00 956 1.979089e-02
64883 -1.727827e-02 5.762799e-03 8.389084e-02 -3.530746e-02 1.338899e-02 1.649464e-01 1.078547e+01 -3.616306e+00 2.151171e+01 784 6.365597e-03
65002 -3.708048e-04 -1.464287e-02 7.753085e-02 5.346338e-03 -3.778110e-02 1.422687e-01 4.891712e-01 6.930662e+00 1.888945e+01 4327 3.189905e-02
65387 -1.115618e-02 -1.467911e-02 8.476368e-02 2.949419e-02 2.957241e-02 2.681724e-01 6.118509e+00 3.451156e+00 2.022611e+01 811 5.868642e-03
65854 -2.014083e-02 1.344202e-02 1.237176e-01 -2.456548e-03 3.991433e-03 4.237445e+00 -1.354784e+01 8.043272e+00 2.812886e+01 2721 2.065961e-02
66542 1.852716e-02 3.454321e-03 8.213637e-02 4.741960e-02 8.971320e-03 1.159762e-01 2.242249e+00 4.580840e-01 1.521776e+01 640 5.423038e-03
66620 9.302580e-03 -9.271567e-03 8.610863e-02 2.514829e-02 -2.663953e-02 1.490935e-01 2.739860e+00 -3.306117e+00 3.107502e+01 1041 8.678966e-03
66769 1.165835e-02 1.546468e-02 9.890066e-02 2.205606e-02 3.272034e-02 1.480789e-01 1.107254e+00 2.981433e+00 2.706664e+01 2075 1.514026e-02
67024 -1.464278e-03 -1.287945e-02 7.548430e-02 -8.944858e-03 -4.536506e-02 1.742421e-01 2.375083e+00 1.542011e+01 2.159637e+01 659 4.592802e-03
67174 1.537681e-03 1.423695e-02 8.101613e-02 9.035203e-04 5.576101e-02 1.551041e-01 -7.889341e-01 1.781554e+00 2.741879e+01 1165 8.230423e-03
67344 -2.518020e-02 9.896654e-03 1.791167e-01 -1.254701e-02 8.545787e-03 1.916935e+00 -1.299466e+01 4.114496e+00 1.192344e+01 2048 2.768549e-02
67348 -2.090837e-02 1.273295e-02 1.057045e-01 4.562868e-02 -2.670054e-02 4.471022e-01 -6.125907e+00 3.891061e+00 3.308803e+01 1281 9.369933e-03
67476 -2.725330e-02 9.038468e-03 9.534354e-02 2.909527e-02 -1.233665e-02 8.200996e-01 -4.619488e+00 -2.874033e-01 1.066404e+01 2049 1.783222e-02
67785 1.322715e-02 -2.310175e-02 1.097517e-01 -5.922926e-03 7.842273e-03 1.590810e+00 8.867796e+00 -1.516086e+01 2.084527e+01 591 6.547781e-03
67848 2.149026e-02 -1.796047e-02 1.194052e-01 2.960277e-02 -2.788658e-02 1.972010e-01 -6.642632e+00 4.794388e+00 3.129166e+01 4297 3.125050e-02
67975 -1.094900e-03 -2.195789e-04 1.577886e-01 -6.203256e-04 -6.620929e-03 5.452545e-01 -1.650319e+00 -5.839993e+00 1.662385e+01 741 1.197577e-02
68035 -1.692264e-02 -4.208935e-03 8.405382e-02 -3.778862e-02 -5.330051e-03 1.177782e-01 -2.278575e+00 9.476307e-01 1.681979e+01 1570 1.301256e-02
68349 2.328333e-02 1.150450e-02 9.729389e-02 3.466636e-02 1.639213e-02 1.187352e-01 1.243279e+01 5.159063e+00 2.957505e+01 732 5.506622e-03
68350 5.069699e-03 1.448742e-02 8.004538e-02 8.892751e-03 3.445720e-02 1.087381e-01 -4.812079e-01 1.626670e+00 1.342188e+01 1631 1.262954e-02
68609 1.651662e-02 -3.339372e-03 8.014454e-02 4.445620e-02 -1.399959e-02 1.131196e-01 1.823275e+01 -7.532736e+00 2.770550e+01 766 5.311322e-03
69076 1.430293e-02 -1.762246e-02 9.444925e-02 3.121670e-02 -2.486648e-02 1.838458e-01 -6.725647e+00 9.110782e+00 2.654396e+01 1982 1.473133e-02
70234 -2.823541e-02 -2.037059e-03 1.152449e-01 2.986924e-02 2.442991e-03 8.595612e-01 -3.336051e+00 1.817151e-02 1.955448e+01 603 7.439833e-03
70481 -2.171418e-02 -2.138113e-03 8.442978e-02 -3.872611e-02 -4.876312e-03 1.815207e-01 1.848256e+01 1.962198e+00 2.195289e+01 2534 1.804254e-02
70801 -5.410614e-03 1.271532e-04 6.725145e-02 -3.471324e-02 1.184513e-02 1.053403e-01 -1.547913e+01 6.687804e+00 2.536743e+01 757 4.678251e-03
70857 -1.014020e-02 -1.313007e-02 9.320697e-02 -2.351635e-02 -3.370306e-02 1.359661e-01 -6.247725e+00 -1.016527e+01 3.091408e+01 2560 1.866599e-02
71317 6.657489e-03 -2.523009e-02 1.536640e-01 3.806826e-03 -3.393037e-02 4.994112e+00 3.208301e+00 -3.172779e+00 1.643962e+01 1524 1.618783e-02
71385 9.887411e-03 1.106761e-02 7.683126e-02 2.334177e-02 2.475800e-02 1.276372e-01 -6.629426e+00 -7.380185e+00 1.313969e+01 972 7.131668e-03
72343 -8.233082e-03 -9.777422e-03 7.748869e-02 -2.705844e-02 -2.321906e-02 1.287263e-01 2.851962e+00 4.086386e+00 1.566235e+01 2199 1.525892e-02
72441 1.426038e-03 5.201983e-03 3.110710e-01 1.440191e-03 4.906384e-03 3.069629e+00 1.496288e-02 -1.552562e+00 1.550355e+01 2284 3.527359e-02
72794 -2.029948e-02 -1.944514e-02 9.702886e-02 -2.523692e-02 -2.488587e-02 1.740282e-01 1.228349e+01 1.176943e+01 2.066986e+01 1545 1.219295e-02
72852 -1.297901e-02 -2.617133e-02 1.820672e-01 9.185223e-03 1.671463e-02 1.563013e+01 -6.484312e+00 -1.540284e+01 2.510456e+01 1251 1.360589e-02
73452 -1.498235e-03 -3.625253e-03 1.352883e-01 3.067853e-03 -1.181202e-03 3.649712e-01 -1.560690e-01 -2.670556e+00 2.347218e+01 1486 1.392820e-02
73522 1.350168e-02 9.747335e-03 8.181523e-02 2.678593e-02 2.348730e-02 1.169224e-01 1.722699e+00 3.033905e+00 1.916863e+01 5861 4.148985e-02
73791 1.783727e-02 -1.781928e-02 1.138566e-01 -2.591575e-02 2.837033e-02 9.749490e-01 -2.035874e+00 3.794502e+00 3.666669e+01 1879 1.404845e-02
74163 -2.324898e-03 -2.412241e-03 3.326240e-01 -7.980477e-04 3.267714e-04 1.198607e+01 -1.493464e+00 -1.431436e+00 2.266871e+01 1214 2.017079e-02
74292 9.828272e-03 -1.194404e-02 9.126260e-02 2.288535e-02 -2.659521e-02 1.344923e-01 5.984938e+00 -6.507025e+00 3.093832e+01 1468 9.975738e-03
74344 4.389474e-03 8.305740e-03 8.299629e-02 2.423294e-02 2.198324e-02 1.219416e-01 4.458214e+00 1.169180e+00 1.742206e+01 657 5.620547e-03
74410 -4.375070e-03 -2.607745e-03 6.740163e-02 -2.501418e-02 -2.759550e-02 1.009512e-01 -5.284343e+00 -7.329513e+00 1.563328e+01 1214 7.809477e-03
74583 1.972147e-02 5.118055e-03 1.011229e-01 -3.840209e-02 -9.476624e-03 4.377640e-01 1.546387e+01 3.968325e+00 2.900022e+01 1469 1.074964e-02
74782 2.244624e-02 1.353847e-02 9.644076e-02 -2.849825e-02 -1.528001e-02 4.821027e-01 -1.397580e-01 1.355983e+00 1.646602e+01 1360 1.115941e-02
74951 -1.450129e-02 -2.761592e-03 8.829217e-02 -2.996800e-02 -6.267977e-03 2.328209e-01 1.670540e+01 3.319599e+00 2.923957e+01 1281 9.290099e-03
75382 -1.133956e-04 -3.846004e-03 1.420565e-01 8.747317e-04 4.450174e-03 3.526842e-01 9.000400e-01 2.214611e-01 2.567145e+01 2061 1.672709e-02
75430 -2.333140e-03 3.065485e-03 1.930714e-01 2.084743e-03 -2.881227e-03 2.778059e+01 -8.365599e-01 6.976721e-01 2.758752e+01 776 1.044934e-02
75469 -1.861523e-02 -1.634373e-02 1.229074e-01 1.776051e-02 1.509917e-02 5.007487e-01 -1.244751e+01 -1.089473e+01 3.289904e+01 1370 1.029948e-02
75518 9.026135e-03 2.558081e-02 1.226498e-01 1.029358e-02 1.264628e-02 2.204387e+00 -7.186856e+00 -1.777363e+01 3.264130e+01 612 5.781582e-03
75863 1.236917e-02 1.937713e-02 9.216489e-02 1.114942e-02 1.775280e-02 6.003557e-01 5.806255e+00 7.840865e+00 1.729031e+01 4511 3.321388e-02
76031 -3.474402e-03 4.942041e-04 1.221416e-01 3.888953e-03 -3.148077e-03 7.129892e-01 4.521902e-01 1.723109e+00 2.825235e+01 1897 1.538104e-02
76605 1.522895e-02 -1.740174e-02 9.265471e-02 -3.357925e-02 3.885479e-02 4.119849e-01 3.361849e+00 -3.753020e+00 3.146292e+01 2434 1.770225e-02
76720 1.335272e-02 6.686583e-03 8.192041e-02 4.274788e-02 1.500478e-02 1.935342e-01 -1.133165e+01 -5.185382e+00 2.707521e+01 680 5.059606e-03
77044 8.968908e-03 -1.607535e-02 8.666521e-02 -2.261312e-02 4.496678e-02 3.766916e-01 2.338065e+00 -3.569550e+00 2.800570e+01 514 3.729345e-03
77299 1.367540e-03 -1.216565e-04 2.355516e-01 1.948744e-03 -5.307611e-03 3.904008e+00 9.240796e-01 -3.483448e-01 2.837221e+01 1378 1.560407e-02
77452 -2.230856e-03 -3.063427e-03 1.262574e-01 2.478784e-03 3.738721e-03 4.123912e-01 -1.792151e-01 4.279189e-02 3.373420e+01 481 4.923168e-03
77480 -2.349140e-02 3.044895e-03 9.363007e-02 -2.981814e-02 3.559896e-03 1.061104e-01 -2.703349e+00 4.484252e-02 1.321577e+01 3465 2.677689e-02
77617 1.355075e-02 1.461390e-02 1.163580e-01 -2.338248e-02 -1.981112e-02 3.601636e-01 1.726193e+00 3.558522e+00 2.538102e+01 614 5.628482e-03
77670 -2.435305e-02 1.387672e-02 9.543840e-02 2.109875e-02 -1.344742e-02 3.561295e-01 -1.840594e+01 1.071509e+01 2.180755e+01 972 7.733987e-03
77779 -4.537124e-03 1.382269e-03 2.534035e-01 -3.306174e-03 1.815151e-03 1.265575e+00 2.972710e+00 8.190698e-01 3.364751e+01 2484 2.218229e-02
77785 -5.196007e-03 -1.282375e-02 7.864209e-02 -1.663546e-02 -3.822722e-02 1.162138e-01 -8.236427e+00 -1.805036e+01 3.286043e+01 1041 7.294732e-03
77820 3.098900e-03 -1.148062e-03 1.725102e-01 3.119546e-03 1.018865e-03 3.740495e-01 -2.448340e+00 5.395493e-01 4.385227e+01 474 5.134084e-03
77825 4.489037e-03 2.676808e-02 1.010876e-01 -6.278071e-04 -2.335892e-02 1.038020e+00 2.718007e+00 1.686628e+01 2.290080e+01 794 7.500371e-03
77990 1.392017e-02 -2.059199e-02 1.071389e-01 2.281493e-02 -2.428055e-02 2.329985e-01 -9.713720e+00 1.381784e+01 3.127724e+01 2696 2.053998e-02
78319 -7.515691e-04 1.528944e-02 1.013768e-01 -7.934324e-03 3.815582e-02 1.887095e-01 -1.255271e+00 -1.358112e+00 3.381383e+01 1253 9.162126e-03
78392 8.740011e-03 1.450512e-02 8.415513e-02 1.740108e-02 2.914273e-02 1.312492e-01 -9.894896e-01 -1.570969e+00 1.990760e+01 487 4.196370e-03
78420 2.150561e-02 1.503319e-03 1.042768e-01 3.479721e-02 -5.461663e-04 1.580933e-01 -1.192335e+00 -1.297713e+00 2.835227e+01 2245 1.722407e-02
79012 -7.667264e-03 -1.091355e-02 7.731888e-02 -1.916808e-02 -2.561746e-02 9.503078e-02 -1.299538e+01 -1.647060e+01 2.239251e+01 2174 1.538400e-02
79276 -5.782258e-03 1.541605e-02 9.362739e-02 -7.592631e-03 2.996152e-02 1.531102e-01 1.880155e+00 -2.679161e+00 2.390248e+01 1342 1.024087e-02
79401 6.462320e-03 -2.704940e-02 1.366716e-01 -5.665976e-03 2.926250e-02 1.154042e+00 1.831901e+00 -2.977570e+00 2.668859e+01 688 7.704532e-03
79446 -1.413080e-02 -7.812461e-03 8.308945e-02 -3.351831e-02 -1.720750e-02 1.845388e-01 1.161665e+01 6.301759e+00 2.414628e+01 398 3.288312e-03
79559 -1.217411e-03 5.671004e-04 2.144132e-01 1.410222e-03 1.490213e-04 4.859565e+00 -4.343494e-01 4.012970e-01 3.619356e+01 2479 2.125866e-02
79764 1.227474e-02 -8.383667e-03 8.222507e-02 2.853316e-02 -1.736981e-02 1.078552e-01 8.984940e+00 -4.634292e+00 2.017076e+01 1039 7.663155e-03
79961 -5.283535e-03 1.230285e-02 8.738951e-02 -1.413750e-02 2.840709e-02 1.327905e-01 -1.800091e+00 2.425813e+00 2.332565e+01 626 5.236110e-03
80036 -2.098550e-02 -6.915895e-03 1.063714e-01 2.944763e-02 1.021902e-02 3.164515e-01 3.769072e+00 1.692986e+00 2.481067e+01 1270 1.035436e-02
80240 1.740243e-02 1.273783e-02 8.641816e-02 2.813123e-02 2.323428e-02 1.065837e-01 1.033145e+01 1.067998e+01 2.477697e+01 664 5.586454e-03
80464 5.049436e-04 3.454392e-03 2.649369e-01 -1.169410e-03 4.785178e-03 1.774280e+00 1.538688e+00 -5.456704e-01 2.594947e+01 1644 1.980549e-02
80822 -1.134846e-02 -1.054877e-02 9.200027e-02 -3.285330e-02 -2.838884e-02 1.655153e-01 -2.761090e+00 -1.888674e+00 3.348058e+01 1003 7.426974e-03
81016 1.052266e-04 -2.909690e-03 2.389206e-01 3.188087e-03 2.964090e-03 6.776725e+00 3.287288e+00 -3.994653e-01 3.031099e+01 1865 1.750571e-02
82205 -4.911788e-03 2.857934e-02 9.879848e-02 -4.434878e-03 3.056899e-02 6.243881e-01 1.254788e+00 -2.871919e+00 1.156718e+01 2516 2.190117e-02
82462 3.051346e-03 2.395801e-02 1.268359e-01 -8.643825e-03 -9.479907e-03 1.398024e+00 -3.152143e+00 -1.613654e+01 1.385169e+01 3069 2.547022e-02
82920 -9.963023e-03 -2.573640e-02 9.122132e-02 -1.350541e-02 -3.840420e-02 1.552019e-01 5.377379e+00 1.373072e+01 1.854240e+01 483 4.517586e-03
83126 -9.395190e-03 -9.731085e-03 7.854806e-02 -2.310511e-02 -2.669514e-02 1.040301e-01 -1.394975e+01 -1.752716e+01 2.970659e+01 1889 1.398510e-02
83146 -3.626905e-03 1.150497e-03 1.458655e-01 1.969966e-03 2.008878e-03 7.390392e-01 2.477353e+00 -4.409888e-01 1.250744e+01 728 1.151619e-02
83523 -2.522998e-02 -1.863438e-03 1.173791e-01 -2.961236e-02 -6.894567e-04 8.475261e-01 -3.780963e-01 1.451547e+00 2.388024e+01 529 5.695413e-03
83614 1.547862e-02 -1.459399e-02 1.278802e-01 2.668028e-02 -2.509286e-02 2.144428e-01 -1.106733e+00 1.065931e+00 4.226402e+01 1140 8.625388e-03
84015 1.473035e-02 -2.538038e-04 7.786858e-02 4.931300e-02 -4.289306e-05 1.118629e-01 1.329700e+01 1.737674e-01 2.047893e+01 1161 8.395058e-03
84055 1.566021e-02 -1.386446e-03 7.206959e-02 3.171641e-02 -2.945130e-04 7.830325e-02 3.662118e+00 9.156876e-01 3.723430e+00 576 4.882347e-03
84170 -2.109760e-02 2.086582e-02 1.033246e-01 3.364668e-02 -2.463109e-02 2.428669e+00 4.080582e-01 3.842428e+00 2.374209e+01 1379 1.139777e-02
84201 -1.670802e-02 -1.136972e-02 8.893282e-02 2.863495e-02 2.214345e-02 4.175957e-01 -1.503970e+01 -1.067069e+01 2.744031e+01 2500 1.813287e-02
84309 -1.103017e-02 -4.565011e-03 2.432073e-01 1.152969e-02 4.289470e-03 1.771385e+01 7.738938e-01 -1.042198e+00 1.747064e+01 1166 1.891500e-02
84586 -3.168396e-03 1.941009e-03 1.222797e-01 -3.200934e-03 2.151750e-03 5.303992e-01 -6.573052e-02 1.019820e+00 2.720079e+01 3945 2.900192e-02
84787 -2.855491e-03 -1.660309e-04 1.954879e-01 3.106357e-03 -2.551927e-03 1.038762e+01 -7.716817e-01 -1.165744e+00 2.912731e+01 3218 2.727928e-02
85040 1.799515e-02 1.175589e-02 1.016855e-01 3.327161e-02 2.716446e-02 1.761746e-01 -2.059272e+00 2.605918e-01 3.285368e+01 1346 1.037180e-02
85113 -1.830124e-02 -9.692808e-05 8.703302e-02 -3.304545e-02 -1.412383e-03 1.110727e-01 -1.328646e+01 -1.407386e+00 2.725977e+01 946 7.048113e-03
85660 8.931778e-03 2.787600e-02 1.327357e-01 7.098725e-03 2.022771e-02 5.423634e-01 -3.698346e+00 -1.217778e+01 2.415941e+01 1259 1.270117e-02
85798 2.533815e-02 2.425198e-03 1.203776e-01 -1.532347e-02 -4.634852e-03 5.373174e-01 -1.201096e+01 7.693476e-01 2.007008e+01 1740 1.456317e-02
86136 2.295931e-03 -1.611925e-02 8.277182e-02 6.866231e-03 -4.118895e-02 1.153276e-01 3.356574e+00 -1.776748e+01 2.911759e+01 761 5.271049e-03
86264 -3.496570e-03 -1.610409e-02 1.073411e-01 -1.273338e-02 -3.697981e-02 2.366370e-01 1.166303e+00 6.979511e+00 3.924907e+01 1537 1.148828e-02
86298 -1.216723e-02 8.033847e-03 8.975684e-02 -3.134646e-02 1.535142e-02 1.442221e-01 -2.692509e+00 -1.064743e-01 2.633093e+01 1381 1.069145e-02
86536 1.937689e-02 -5.660641e-03 8.606490e-02 2.915882e-02 -8.219852e-03 9.759363e-02 1.225863e+01 -3.142855e+00 1.739372e+01 1898 1.503874e-02
86632 -1.071587e-03 -1.729941e-02 8.101420e-02 2.183946e-03 -4.933968e-02 1.308272e-01 1.343497e+00 -2.972858e+00 2.181531e+01 1255 8.973704e-03
86754 2.102904e-02 4.996998e-03 8.571671e-02 4.039073e-02 4.551357e-03 1.469482e-01 -8.810706e+00 -2.586642e+00 1.932231e+01 1760 1.366351e-02
87026 -1.263239e-03 3.683001e-03 2.602606e-01 -4.952759e-03 4.549743e-03 5.583288e-01 -6.353928e-01 -1.085994e+00 1.745944e+01 1354 2.048220e-02
87510 1.922248e-02 2.169973e-02 9.653607e-02 3.133909e-02 3.328431e-02 4.504776e-01 -2.801311e+00 -3.839809e+00 2.084935e+01 1428 1.166483e-02
87769 1.195678e-02 -9.577406e-03 8.130889e-02 2.730417e-02 -2.179183e-02 1.088624e-01 7.210477e+00 -5.724801e+00 2.007217e+01 730 5.396975e-03
87991 1.356118e-02 -2.271867e-02 1.537367e-01 -8.874228e-03 1.274449e-02 2.196823e+00 9.261617e+00 -1.527557e+01 4.942056e+01 1002 8.052791e-03
88040 1.026584e-03 4.314956e-03 2.417132e-01 -1.608182e-03 6.125467e-03 1.641624e+00 8.805387e-01 1.717161e+00 3.369465e+01 1808 1.715322e-02
88121 -4.336666e-03 1.645272e-02 8.456401e-02 -8.197073e-03 6.165433e-02 1.977530e-01 2.723110e+00 -1.078016e+01 2.991242e+01 371 2.935813e-03
88581 4.219967e-03 2.642861e-02 2.501179e-01 -4.411500e-03 -2.892644e-02 2.010732e+01 -2.972871e-01 -5.529750e+00 1.985721e+01 959 1.577964e-02
88618 -9.472682e-03 -1.106698e-02 7.912437e-02 -2.408529e-02 -2.212942e-02 1.045904e-01 -2.102100e+01 -1.550025e+01 3.938014e+01 751 4.837279e-03
88841 -1.242637e-03 2.057637e-02 1.026780e-01 -2.592936e-03 3.742565e-02 5.775114e-01 1.939546e-01 -4.482263e+00 2.738610e+01 745 6.468593e-03
89227 2.677267e-02 -9.934816e-03 1.308746e-01 -2.678328e-02 2.957918e-03 1.590087e+00 1.097953e+01 -5.648016e+00 2.683124e+01 1651 1.368547e-02
89250 -1.282698e-02 2.378029e-02 9.122713e-02 -8.299266e-03 1.347253e-02 3.818915e-01 -7.891473e+00 1.735905e+01 2.057368e+01 890 7.019109e-03
89454 -1.324116e-02 -1.703392e-02 1.004234e-01 -2.365156e-02 -2.872971e-02 1.370494e-01 -5.446596e+00 -5.700540e+00 3.085260e+01 909 7.409312e-03
89599 -1.778835e-02 -1.658952e-02 1.104142e-01 -1.455508e-02 -1.310921e-02 1.637627e+00 1.402035e+01 1.298394e+01 3.106926e+01 873 6.788096e-03
89744 2.123380e-02 -1.755395e-02 8.826482e-02 4.077062e-02 -3.257690e-02 4.428869e-01 1.178057e+01 -8.829812e+00 2.223092e+01 655 5.141957e-03
89831 1.831991e-03 3.122400e-03 1.525706e-01 -1.647623e-03 -2.330122e-03 5.075511e-01 1.948245e+00 3.131742e+00 2.757329e+01 2922 2.408937e-02
89989 1.082176e-04 3.852824e-03 2.476176e-01 -4.422817e-04 -2.189994e-03 4.932623e+00 5.314900e-01 -3.080198e+00 4.897568e+01 1111 1.138080e-02
90003 1.297585e-02 1.042997e-02 8.194974e-02 4.303242e-02 4.556644e-02 1.788997e-01 -4.859077e+00 -3.148314e+00 2.918068e+01 1350 9.064880e-03
90070 -2.840271e-02 1.870221e-03 1.314135e-01 -7.883829e-03 5.024863e-03 2.459482e+00 -1.627919e+01 4.493211e-02 2.697107e+01 2631 2.093110e-02
90097 1.916764e-02 1.531566e-03 9.902733e-02 -4.718572e-02 1.284762e-03 4.946733e-01 3.864043e+00 1.168333e+00 3.875565e+01 1513 1.108609e-02
90164 -2.412071e-02 -8.190659e-03 1.117803e-01 -3.423871e-02 -1.300998e-02 2.225841e-01 1.331276e+01 4.472947e+00 3.155503e+01 1485 1.186960e-02
90387 1.348527e-02 -2.056708e-02 1.028213e-01 1.978502e-02 -4.432045e-02 1.989233e-01 -6.870369e+00 9.578555e+00 2.867330e+01 1180 9.526079e-03
90899 -2.105961e-03 1.181443e-04 1.952741e-01 -5.730361e-03 -5.521303e-03 9.387405e+00 -1.990790e+00 -6.071933e-01 2.162290e+01 2418 2.378737e-02
90921 1.118374e-02 2.174796e-02 1.136235e-01 -1.244255e-02 -2.826802e-02 4.153368e-01 -1.260383e+00 -9.774178e+00 3.794714e+01 1419 1.085440e-02
91068 8.984523e-03 2.498813e-02 1.416595e-01 -4.749686e-03 5.517860e-04 1.141162e+00 4.876112e+00 1.536305e+01 1.822891e+01 632 9.010169e-03
91199 -2.076946e-02 9.173938e-03 1.080049e-01 1.561113e-02 -7.195836e-03 2.106967e+00 1.382501e+01 -5.383307e+00 3.018113e+01 1749 1.326052e-02
91305 -5.502458e-04 -1.547972e-03 2.255049e-01 1.423801e-03 -1.238220e-03 1.233641e+00 7.309192e-01 6.784212e-01 2.153022e+01 1037 1.536905e-02
91460 8.818955e-03 1.768438e-02 8.716536e-02 2.289557e-02 3.485850e-02 1.741895e-01 -3.833955e+00 -8.404068e+00 2.601380e+01 758 5.517397e-03
91555 -6.705774e-03 1.745623e-02 8.720142e-02 -9.757546e-03 3.224598e-02 2.248646e-01 6.340897e+00 -1.797955e+01 2.862716e+01 3742 2.610283e-02
91900 1.361341e-03 -4.616976e-03 2.080251e-01 -1.987183e-03 4.096136e-03 1.156349e+01 -6.349478e-02 -1.395661e+00 4.357406e+01 1323 1.180747e-02
92084 1.736358e-02 -2.303359e-02 1.321707e-01 1.151662e-02 -6.444995e-03 2.507651e+00 7.711699e+00 -1.387419e+01 3.291780e+01 1106 8.974433e-03
92177 -5.936042e-03 -1.157015e-02 8.577411e-02 -1.657395e-02 -3.133811e-02 1.325650e-01 -6.096670e+00 -1.121496e+01 3.606309e+01 987 6.978967e-03
92513 2.630420e-02 2.693126e-03 1.384369e-01 -2.609038e-02 -4.311738e-03 2.027296e+00 3.551444e+00 -1.719507e+00 2.297522e+01 915 1.045817e-02
92949 -1.165592e-02 -9.547010e-03 8.938976e-02 -3.424563e-02 -2.379349e-02 1.292363e-01 -1.693903e+01 -1.028794e+01 3.624353e+01 548 4.122687e-03
93365 -6.899212e-03 1.500759e-02 2.929648e-01 1.019549e-02 -1.811252e-02 1.535127e+01 8.913833e+00 -7.904753e+00 1.505831e+01 2124 2.756495e-02
93368 2.169413e-02 -9.976111e-03 1.430989e-01 2.591616e-02 -6.732072e-03 4.932796e+00 -6.265011e+00 4.544849e+00 3.187345e+01 1630 1.366189e-02
93572 -1.845149e-02 -1.977558e-03 8.255377e-02 -5.670546e-02 -5.373429e-03 1.383681e-01 -1.074724e+01 -8.523448e-01 3.020200e+01 1417 1.024253e-02
93590 1.059037e-03 -6.915325e-03 2.197874e-01 -1.138166e-03 8.106253e-03 2.212237e+01 -1.623619e-01 2.964993e+00 2.190258e+01 1898 2.039283e-02
93604 3.036508e-03 -1.756026e-03 1.909824e-01 -1.314550e-03 1.217126e-03 2.154674e+01 5.040219e+00 -1.623928e+00 2.135576e+01 2621 2.454126e-02
94145 3.314736e-03 5.867298e-04 2.733115e-01 3.496684e-03 4.829269e-04 7.083807e+00 -8.368354e-01 5.559911e-01 3.541006e+01 2455 2.193365e-02
94314 2.414367e-03 2.220792e-02 1.070207e-01 -1.602440e-03 -3.757896e-02 7.488830e-01 1.090834e+00 1.855111e+00 2.645274e+01 565 5.412779e-03
94404 -8.929050e-03 1.742988e-02 8.490218e-02 -1.251127e-02 3.789884e-02 1.368058e-01 2.568675e+00 -1.569374e+00 2.140973e+01 741 6.614520e-03
94613 -1.421511e-02 -5.339079e-03 9.054418e-02 -3.704143e-02 -1.392295e-02 1.665997e-01 5.660459e-01 2.101984e-01 2.999770e+01 1770 1.282100e-02
94637 -5.359437e-04 1.108673e-03 2.112429e-01 -7.301636e-03 -4.726743e-03 3.524020e-01 2.083448e+00 2.336467e+00 1.112973e+01 1189 2.075118e-02
94696 1.602248e-02 2.324933e-03 8.140536e-02 4.572647e-02 2.151048e-03 1.341624e-01 6.879283e+00 -7.930059e-01 2.744696e+01 2140 1.537191e-02
94819 1.400343e-02 -1.954327e-02 1.323018e-01 -8.292766e-03 2.091781e-02 1.521432e+00 6.782945e+00 -6.604441e+00 2.569500e+01 560 7.172707e-03
94833 1.358779e-02 -5.644509e-03 8.945573e-02 2.817759e-02 -1.315736e-02 1.185703e-01 1.605330e+01 -8.441349e+00 3.692909e+01 1227 8.905161e-03
95054 2.548489e-03 1.691485e-02 9.779807e-02 5.065529e-04 3.148510e-02 1.757600e-01 -1.515069e+00 -2.963044e+00 3.197447e+01 957 7.572699e-03
95195 -1.164956e-02 1.288531e-02 9.685204e-02 -2.434727e-02 2.299144e-02 1.443846e-01 -3.323196e+00 1.680174e+00 2.892866e+01 1638 1.190175e-02
95952 6.876896e-03 2.277493e-02 8.505678e-02 1.965014e-02 5.081638e-02 1.263834e-01 2.674542e+00 3.416655e+00 2.091313e+01 1409 1.057320e-02
97201 1.500451e-02 1.906254e-02 1.111957e-01 -1.201566e-02 -1.908702e-02 7.475870e-01 8.471661e+00 1.058697e+01 2.479886e+01 474 4.972895e-03
97313 2.767881e-02 6.706864e-03 9.327927e-02 -2.887829e-02 -6.829640e-03 6.039877e-01 -1.009725e+01 -9.615343e-01 1.375202e+01 952 9.133963e-03
97462 1.613959e-02 -4.747254e-03 7.218756e-02 4.677233e-02 -1.506410e-02 9.380039e-02 1.018410e+01 -3.620969e+00 1.264400e+01 805 6.127255e-03
97888 -7.546605e-04 -1.331738e-02 8.638294e-02 -4.974318e-03 -3.191253e-02 1.492903e-01 -7.105790e-01 8.692904e-01 2.527447e+01 739 5.507639e-03
98234 -1.622601e-02 -7.728524e-03 8.437432e-02 -3.418174e-02 -2.183246e-02 1.413162e-01 4.790764e+00 1.436112e+00 1.970419e+01 2982 2.233806e-02
98938 -1.111771e-02 -1.990141e-02 1.058324e-01 -1.579424e-02 -2.797108e-02 1.351070e-01 -1.412036e+00 -2.296791e+00 2.453767e+01 351 4.055558e-03
99193 -1.634755e-02 8.954133e-03 9.913217e-02 -3.199892e-02 2.511280e-02 1.763886e-01 -4.965195e-01 3.086621e+00 3.846084e+01 2004 1.524074e-02
99440 -7.728552e-03 -1.423315e-02 9.156864e-02 -1.359268e-02 -2.941998e-02 1.442048e-01 8.509053e-01 1.670839e-01 2.411781e+01 1041 8.155725e-03
99540 1.296172e-02 1.109217e-02 9.391263e-02 2.570276e-02 2.354117e-02 2.173494e-01 -8.534212e+00 -7.348345e+00 3.194399e+01 1250 9.197835e-03
99734 -1.584696e-03 -2.781647e-02 1.264212e-01 -1.009250e-03 -3.133575e-02 1.469053e-01 8.770371e-01 -2.285466e-01 2.453173e+01 2676 2.117657e-02
99884 -1.608827e-02 1.865943e-02 9.311372e-02 3.424844e-02 -3.862246e-02 3.502003e-01 8.550595e+00 -9.186652e+00 2.940052e+01 1252 9.447462e-03
