running....
idx x y z xnext ynext znext vx vy vz collides time
1089 4.556098e-03 -3.594875e-03 1.193377e-01 6.441419e-02 -4.249267e-02 3.579408e-01 4.239640e+00 -2.755060e+00 1.689983e+01 4215 1.640457e-02
2355 8.829343e-03 -2.445672e-02 6.706156e-02 1.214674e-02 -5.928205e-02 6.880398e-02 2.398883e+00 -2.518296e+01 1.259978e+00 3954 1.554203e-02
6863 -1.304506e-02 -1.678756e-02 1.506067e-01 -2.507203e-01 -3.941816e-01 9.664317e-01 -5.290914e+00 -8.401208e+00 1.816116e+01 6140 2.674776e-02
8132 2.264278e-02 4.105457e-03 1.577711e-01 3.277246e+00 9.952906e-01 6.502891e+00 7.177181e+00 2.185801e+00 1.399251e+01 3922 1.984620e-02
8522 9.294782e-03 -9.692621e-03 1.401509e-01 1.232197e-01 -1.189649e-01 4.059033e-01 1.040633e+01 -9.981332e+00 2.427480e+01 4395 1.758159e-02
8535 -1.807844e-03 -2.660204e-03 1.349598e-01 -3.771293e-04 -1.304079e-02 2.164410e-01 5.427811e-01 -3.938162e+00 3.091218e+01 5447 2.051233e-02
10146 -1.556369e-02 -2.230443e-02 1.986266e-01 -3.734644e-01 -4.307280e-01 2.179859e+00 -5.142802e+00 -5.868784e+00 2.846903e+01 3616 1.599326e-02
11561 -4.798777e-03 -2.601592e-03 1.320473e-01 -9.829435e-02 3.785563e-02 7.355858e-01 -4.572854e+00 1.978757e+00 2.951898e+01 1750 7.386608e-03
12477 -2.432831e-02 1.975316e-03 1.648087e-01 -5.941964e-01 2.522674e-01 1.810467e+00 -4.709999e+00 2.068681e+00 1.360148e+01 2767 1.562965e-02
14192 -1.005854e-02 1.292272e-03 1.281872e-01 -5.198018e-02 4.769572e-03 2.056161e-01 -1.366756e+01 1.133692e+00 2.524387e+01 6793 2.627911e-02
14772 -1.649087e-02 -2.315996e-02 6.639608e-02 -5.848482e-02 -7.350018e-02 4.714407e-02 -1.276564e+01 -1.530280e+01 -5.852372e+00 2034 1.247472e-02
15783 4.120502e-03 -3.806914e-03 1.167067e-01 4.712388e-02 -5.684511e-02 2.629516e-01 7.093927e+00 -8.749292e+00 2.412487e+01 7016 2.447125e-02
15856 7.069390e-03 -3.263351e-03 1.322497e-01 2.198047e-02 -2.232367e-02 2.273613e-01 3.202182e+00 -4.093238e+00 2.042539e+01 2376 9.791639e-03
15895 5.270776e-03 6.349154e-04 1.368305e-01 1.534320e-02 2.270052e-03 2.681152e-01 3.360214e+00 5.454900e-01 4.379723e+01 3730 1.383527e-02
16523 8.109657e-04 2.052625e-03 1.304213e-01 1.329775e-01 2.310470e-01 1.451140e+00 2.718399e+00 4.709952e+00 2.716451e+01 6789 2.589995e-02
16681 -9.271339e-03 -4.662500e-03 1.474984e-01 -1.304196e-01 -4.912419e-02 6.576331e-01 -7.392314e+00 -2.712997e+00 3.112778e+01 5671 2.182876e-02
16698 -1.080923e-03 1.515680e-03 1.262471e-01 -1.048593e-02 4.181638e-02 3.878728e-01 -7.122311e-01 3.051930e+00 1.981264e+01 2604 1.159980e-02
16949 -8.525624e-03 5.678498e-03 1.253615e-01 -6.667422e-01 6.535585e-01 1.294399e+00 -7.076109e+00 6.964987e+00 1.256766e+01 3037 1.233968e-02
19477 3.509570e-03 -1.220187e-02 8.744974e-02 Inf -Inf Inf 2.969916e+00 -1.198848e+01 3.037069e+01 5562 2.008899e-02
19582 1.115763e-02 -5.790704e-03 8.256151e-02 Inf -Inf Inf 1.623462e+01 -7.303270e+00 1.464081e+01 2011 7.207655e-03
20823 -7.809675e-03 6.951744e-03 1.450484e-01 -1.057264e-01 1.985302e-01 1.018713e+00 -4.725764e+00 9.246173e+00 4.216578e+01 2287 9.214183e-03
23120 1.353162e-03 3.857475e-03 1.258320e-01 -2.909640e-04 1.528279e-02 2.141176e-01 -4.732427e-01 3.288645e+00 2.541201e+01 5358 1.999934e-02
24251 1.138819e-02 -5.557251e-03 8.741389e-02 Inf -Inf Inf 2.077352e+00 -5.787083e-01 3.592597e+00 4229 1.665348e-02
24996 2.799580e-03 4.334418e-03 1.194883e-01 8.301577e-04 3.823348e-02 1.704094e-01 -5.682461e-01 9.781046e+00 1.469248e+01 1884 7.980421e-03
25048 1.619231e-02 8.338904e-03 1.391818e-01 7.336735e-02 2.841656e-02 2.741493e-01 7.946540e+00 2.790516e+00 1.875860e+01 6841 2.768177e-02
26874 9.131182e-03 -9.991891e-03 1.265608e-01 2.242196e-01 -3.046808e-01 5.715419e-01 6.590750e+00 -9.029872e+00 1.363513e+01 5471 2.083022e-02
27010 3.591253e-03 7.184063e-03 1.258602e-01 2.150656e-02 4.616891e-02 2.033503e-01 5.456424e+00 1.187352e+01 2.360099e+01 2019 8.261475e-03
27035 1.850642e-03 6.139054e-03 1.206902e-01 2.574052e-02 7.696355e-02 2.828115e-01 4.535964e+00 1.344742e+01 3.078192e+01 3870 1.404588e-02
29303 -3.347330e-04 -1.658194e-03 1.202614e-01 -7.984063e-03 -8.815504e-03 2.027594e-01 -3.142783e+00 -2.940633e+00 3.389489e+01 4406 1.550800e-02
29843 -4.116470e-03 1.974393e-03 1.462500e-01 -6.024425e-02 2.036318e-02 8.251992e-01 -2.527199e+00 8.279703e-01 3.057024e+01 2084 9.066025e-03
30356 -9.139223e-04 7.312348e-03 1.336701e-01 5.702109e-03 4.315822e-02 2.187345e-01 1.809805e+00 9.805580e+00 2.326922e+01 5424 2.178293e-02
30506 -1.931033e-02 -1.362436e-02 6.922272e-02 -2.577958e-02 -1.670203e-02 6.965962e-02 -1.707445e+01 -8.122965e+00 1.153134e+00 1569 6.146778e-03
31095 5.811410e-03 -2.768853e-03 1.356874e-01 1.265955e-02 -1.321746e-02 2.506647e-01 1.586878e+00 -2.421191e+00 2.664299e+01 1840 7.401363e-03
34434 4.310868e-03 7.154447e-03 1.581765e-01 4.598481e-02 7.642777e-02 5.117992e-01 3.305245e+00 5.494208e+00 2.804653e+01 2253 1.106440e-02
34582 -5.133559e-03 -1.280440e-02 1.278317e-01 -5.224497e-02 -2.244808e-01 4.101969e-01 -4.035986e+00 -1.813410e+01 2.418993e+01 6567 2.556154e-02
35541 -2.846967e-03 1.541125e-03 1.229907e-01 -6.896926e-03 1.051409e-04 2.353850e-01 -1.294426e+00 -4.589614e-01 3.592286e+01 3546 1.288342e-02
35713 -3.379598e-03 -1.912709e-02 1.438580e-01 -5.187236e-01 -2.075101e+00 3.461694e+00 -3.620198e+00 -1.444284e+01 2.330719e+01 3704 1.584605e-02
37997 1.152441e-02 -4.587641e-03 1.334656e-01 1.027639e-01 -5.396404e-02 3.022437e-01 4.996677e+00 -2.704069e+00 9.243035e+00 4932 2.298727e-02
38099 1.153984e-02 5.118093e-03 9.243415e-02 Inf Inf Inf 3.964247e+00 4.513791e+00 3.178095e+01 3611 1.339170e-02
38594 -1.413446e-03 4.614612e-03 1.245079e-01 -3.607327e-02 4.441132e-02 2.596772e-01 -6.078595e+00 6.979495e+00 2.370582e+01 6301 2.283168e-02
39561 9.523254e-03 1.830734e-02 1.330432e-01 3.690135e-01 7.319358e-01 8.936078e-01 6.413522e+00 1.273156e+01 1.356893e+01 5955 2.408231e-02
39654 1.315952e-03 1.262023e-02 8.256708e-02 Inf Inf Inf 1.725178e+00 2.133526e+01 5.244491e-01 11821 4.236254e-02
40271 3.343669e-03 -8.937019e-04 1.246934e-01 4.517314e-02 -5.680039e-03 2.556094e-01 8.948770e+00 -1.023963e+00 2.800746e+01 1966 7.982939e-03
40453 -1.956443e-03 -1.903666e-02 1.509241e-01 -6.348163e-03 -8.625404e-02 2.837449e-01 -1.231050e+00 -1.884182e+01 3.723122e+01 4035 1.677242e-02
40627 -1.334416e-02 2.723915e-03 1.347369e-01 -3.581993e-01 1.543191e-01 1.029521e+00 -7.116749e+00 3.128459e+00 1.846558e+01 8580 3.283797e-02
40880 1.585518e-02 5.036373e-03 1.503130e-01 8.729429e-02 2.002397e-02 3.561515e-01 1.251369e+01 2.625315e+00 3.605586e+01 11492 4.238427e-02
41687 -1.618734e-02 -1.178739e-03 1.368097e-01 -4.667685e-01 -6.296605e-02 9.421589e-01 -1.820377e+01 -2.496248e+00 3.253663e+01 3822 1.557462e-02
41757 1.435355e-02 1.438414e-02 1.385375e-01 1.135383e+00 9.642850e-01 2.041861e+00 1.071666e+01 9.080729e+00 1.819512e+01 3986 1.609043e-02
42303 -8.781833e-03 -9.129306e-03 9.236867e-02 -Inf -Inf Inf -1.057544e+01 -5.573266e+00 2.558866e+01 2073 7.720876e-03
44141 -2.228652e-03 1.252231e-02 1.670116e-01 -9.607358e-02 6.513393e-01 3.509033e+00 -6.059214e-01 4.124601e+00 2.157818e+01 1618 9.415210e-03
44160 -2.310169e-03 8.660261e-03 1.334064e-01 -8.836309e-02 7.205078e-02 4.772377e-01 -4.216901e+00 3.106362e+00 1.684896e+01 2579 1.045365e-02
44570 1.248340e-02 -1.274515e-03 9.253161e-02 Inf -Inf -Inf 1.213609e+01 -1.250817e+00 -1.993565e+00 2017 1.174037e-02
45100 -8.170219e-03 1.697015e-02 1.858581e-01 -5.039653e+00 4.526662e+00 3.359216e+01 -3.604926e+00 3.231077e+00 2.393474e+01 3249 1.533483e-02
46913 -1.369149e-03 -4.649117e-03 1.313099e-01 -5.351898e-03 -5.521281e-02 3.992305e-01 -4.338993e-01 -5.508645e+00 2.918852e+01 2876 1.232298e-02
47103 6.939674e-03 -3.551624e-04 1.252047e-01 1.414375e-01 1.521360e-02 3.292424e-01 1.150788e+01 1.332092e+00 1.745784e+01 5154 2.401877e-02
48764 5.137903e-03 9.206431e-03 1.333836e-01 1.175540e-01 1.865597e-01 6.427536e-01 5.335467e+00 8.417496e+00 2.417560e+01 6297 2.376849e-02
49798 -1.889641e-03 -1.253505e-02 9.757673e-02 -Inf -Inf Inf -3.838744e+00 -1.038439e+01 2.786924e+01 2676 8.985616e-03
51771 -3.316244e-03 -2.295783e-02 1.532366e-01 5.255934e-02 -2.857590e-01 6.143251e-01 1.917513e+00 -9.018695e+00 1.582343e+01 2978 1.394893e-02
51840 5.619871e-03 -1.127578e-02 9.749184e-02 Inf -Inf Inf 8.221270e+00 -1.135364e+01 7.843489e+00 2656 9.525221e-03
51902 3.398775e-03 -4.721656e-03 1.213522e-01 2.929018e-02 -5.387053e-02 2.198710e-01 6.047540e+00 -1.147986e+01 2.301134e+01 2311 9.940373e-03
52251 -1.136009e-02 -2.069792e-02 6.549865e-02 -1.392631e-02 -3.365592e-02 6.498462e-02 -2.523401e+00 -1.274181e+01 -5.054577e-01 1984 8.151067e-03
52455 -6.311437e-05 1.067056e-02 1.581964e-01 -2.434215e-02 3.111860e-01 1.703775e+00 -5.025285e-01 6.220082e+00 3.199045e+01 1778 8.476725e-03
52838 4.367764e-03 -5.971305e-03 1.742715e-01 4.706136e-02 -6.479470e-02 6.905453e-01 3.420402e+00 -4.712644e+00 4.136133e+01 1798 7.723997e-03
52872 3.038664e-04 9.268824e-03 1.262902e-01 1.152892e-01 1.968445e-01 4.977363e-01 6.450125e+00 1.052210e+01 2.083634e+01 2637 1.345933e-02
54131 2.277020e-02 2.350227e-03 6.599762e-02 3.144319e-02 3.114641e-03 6.378656e-02 2.310559e+01 2.036466e+00 -5.890441e+00 4280 1.635613e-02
57551 -1.496304e-03 -1.037064e-02 1.219538e-01 -1.364508e-01 -2.917116e-01 7.174867e-01 -4.132371e+00 -8.614795e+00 1.823550e+01 2420 1.202138e-02
57897 3.443438e-03 -1.071601e-02 1.213904e-01 3.340795e-02 -8.329862e-02 2.590325e-01 4.155323e+00 -1.006538e+01 1.908750e+01 2639 1.002042e-02
58464 7.494227e-04 -9.190198e-03 1.295987e-01 -3.983251e-03 -3.282376e-02 1.742494e-01 -2.556759e+00 -1.276769e+01 2.412188e+01 2922 1.173026e-02
58579 1.152266e-02 -5.340161e-03 1.076250e-01 Inf -Inf Inf 9.028305e+00 -7.262238e+00 2.532629e+01 3746 1.480892e-02
59696 -7.269986e-03 -6.287571e-03 1.397242e-01 -3.320864e-02 -4.845911e-02 3.456381e-01 -3.480993e+00 -5.659463e+00 2.763385e+01 3748 1.520009e-02
59893 8.362586e-04 -7.463057e-04 1.252144e-01 -1.081370e-03 1.480507e-03 2.262195e-01 -5.942462e-01 6.900580e-01 3.130008e+01 1949 7.516941e-03
61962 -8.733227e-03 -9.204654e-03 9.236255e-02 -Inf Inf Inf -8.246862e+00 3.185162e+00 2.792539e+01 3694 1.384139e-02
63711 1.016352e-02 1.436047e-02 1.416462e-01 6.247925e-01 8.164404e-01 1.987495e+00 4.855241e+00 6.336004e+00 1.458122e+01 5198 2.180210e-02
64278 2.724389e-03 -3.212026e-03 1.137352e-01 1.091330e-01 3.857510e-02 2.782321e-01 9.228133e+00 3.623928e+00 1.426575e+01 1980 8.966774e-03
65422 2.498742e-03 -1.827462e-03 1.766375e-01 4.709170e-01 -1.737347e-01 5.504003e+00 2.714215e+00 -9.961036e-01 3.086902e+01 1964 9.718944e-03
66398 5.532569e-04 -2.201253e-03 1.416529e-01 -4.122334e-02 -2.042449e-02 5.171220e-01 -2.116278e+00 -9.231349e-01 1.902014e+01 2732 1.196647e-02
67993 -1.168321e-02 4.825106e-03 9.761744e-02 -Inf Inf Inf -4.518997e+00 1.381280e+01 8.935244e+00 1003 4.428027e-03
70720 1.240615e-02 2.279379e-03 8.752232e-02 Inf -Inf Inf 1.846115e+01 -5.661194e-01 1.982281e+01 11666 4.206370e-02
71165 -4.918777e-03 3.020130e-03 1.291148e-01 -6.281993e-02 3.090025e-02 3.601300e-01 -4.742078e+00 2.283369e+00 1.892004e+01 6916 2.466161e-02
72166 3.802561e-03 3.404506e-03 1.498907e-01 2.682149e-02 1.638388e-02 3.189855e-01 4.379292e+00 2.469294e+00 3.216986e+01 1063 5.969781e-03
72919 -2.101664e-03 -1.670212e-03 1.860406e-01 -4.565432e-02 -7.833604e-02 2.429842e+00 -7.774678e-01 -1.368578e+00 4.005459e+01 2530 1.196597e-02
73343 5.175959e-03 -8.743779e-04 1.434669e-01 1.785648e-01 -3.104772e-02 2.593250e+00 3.433989e+00 -5.975873e-01 4.851830e+01 3202 1.241967e-02
76697 8.648279e-03 5.140412e-03 1.303853e-01 7.338498e-02 4.242256e-02 3.088186e-01 1.153723e+01 6.644340e+00 3.179998e+01 3640 1.370705e-02
77858 -8.208742e-03 9.599456e-03 1.024300e-01 -Inf Inf Inf -1.036671e+01 2.920814e+00 1.234456e+01 2825 1.151644e-02
81136 6.876790e-03 4.422789e-03 1.182472e-01 2.782787e-01 1.126989e-01 2.969606e-01 6.995549e+00 2.790882e+00 4.606444e+00 3466 1.540441e-02
82126 1.047394e-02 -2.473430e-04 1.319153e-01 9.490837e-02 -7.710651e-03 3.234913e-01 1.815925e+01 -1.605128e+00 4.120211e+01 5160 2.006421e-02
83115 2.611137e-04 2.831819e-03 1.225176e-01 -2.242470e-02 9.675423e-03 2.380586e-01 -3.419382e+00 1.031521e+00 1.741524e+01 2726 1.142719e-02
85078 -2.272815e-03 4.685948e-04 1.292782e-01 -4.423091e-02 1.100459e-02 2.364036e-01 -6.865286e+00 1.723925e+00 1.752811e+01 4169 1.664812e-02
85084 -1.040719e-02 -1.110750e-02 1.612310e-01 -8.051532e-01 -5.618469e-01 3.929773e+00 -5.317374e+00 -3.684809e+00 2.521403e+01 7263 2.976474e-02
86390 1.036527e-02 7.234884e-03 9.261179e-02 Inf Inf Inf 2.744266e+00 1.365682e+01 1.340032e+01 7227 2.617263e-02
87312 5.601154e-03 -9.371743e-04 1.210469e-01 3.391403e-02 8.153698e-03 1.840203e-01 1.386725e+01 4.452582e+00 3.084351e+01 5507 1.966644e-02
87646 -3.631668e-04 -5.938477e-04 1.217409e-01 -1.866780e-02 -5.326663e-03 2.668048e-01 -4.956864e+00 -1.281638e+00 3.928305e+01 3172 1.205164e-02
87679 -8.707235e-03 -6.722505e-03 1.826097e-01 -5.507720e-01 -3.892990e-01 4.947000e+00 -4.205924e+00 -2.968442e+00 3.696729e+01 5813 2.237708e-02
88620 4.638812e-03 -1.169260e-02 1.200495e-01 4.889936e-01 -4.851982e-01 4.712585e-01 5.229933e+00 -5.112787e+00 3.792260e+00 3691 2.149891e-02
88644 1.643991e-02 2.015076e-02 7.126823e-02 3.246285e-02 5.070657e-02 8.633561e-02 1.011590e+01 1.929107e+01 9.512620e+00 9103 3.266659e-02
88729 -7.419349e-03 -3.537860e-04 1.470858e-01 -2.868155e-01 -1.735784e-02 1.556258e+00 -5.960915e+00 -3.627814e-01 3.006468e+01 1590 7.444857e-03
89489 1.067550e-02 6.666158e-03 7.749621e-02 Inf Inf Inf 1.352150e+01 7.972049e+00 9.888525e+00 3258 1.170782e-02
89953 -1.072858e-02 6.755780e-03 7.760489e-02 -Inf Inf Inf -1.247881e+01 1.600933e+01 6.934883e+00 4920 1.792417e-02
89955 -1.981373e-03 1.250478e-02 9.255823e-02 Inf Inf Inf 3.792079e+00 1.583523e+01 1.355151e+01 1376 5.658153e-03
91112 -3.177718e-03 6.277445e-03 1.180600e-01 -3.221726e-02 4.714879e-02 1.816827e-01 -6.794667e+00 9.563072e+00 1.488643e+01 2730 1.109134e-02
92345 -1.946820e-03 -1.342737e-03 1.256197e-01 -2.130293e-02 -8.755075e-03 3.592278e-01 -1.951187e+00 -7.471984e-01 2.354879e+01 2048 9.046399e-03
92373 -9.881194e-03 -7.714535e-03 7.750184e-02 -Inf -Inf Inf -1.158841e+01 -1.137433e+01 1.274926e+01 5494 1.907950e-02
92725 1.380098e-02 3.710895e-03 1.494684e-01 4.046262e-01 1.497821e-01 1.238244e+00 6.756948e+00 2.525413e+00 1.882376e+01 3051 1.350148e-02
92753 8.298237e-03 -2.336221e-02 1.250837e-01 2.752834e-01 -7.419533e-01 5.686114e-01 6.286605e+00 -1.692041e+01 1.044359e+01 1877 1.145591e-02
92865 1.175722e-02 4.336524e-03 1.738977e-01 1.430805e+00 5.459200e-01 7.414322e+00 7.783055e+00 2.970424e+00 3.971158e+01 2907 1.197175e-02
93042 3.415822e-03 4.636602e-03 1.226245e-01 3.603500e-02 9.368774e-02 3.495260e-01 3.491781e+00 9.532646e+00 2.428909e+01 2838 1.103916e-02
94809 -7.457846e-03 -9.572322e-03 1.560624e-01 -4.009789e-01 -7.280208e-01 3.784523e+00 -4.501317e+00 -8.218022e+00 4.150440e+01 1702 6.688856e-03
95486 -7.697356e-03 -3.360351e-03 1.781428e-01 -4.737302e-01 -9.715838e-02 2.246572e+00 -5.295174e+00 -1.065755e+00 2.350197e+01 1946 1.097774e-02
98296 3.554375e-03 -4.561700e-03 1.258633e-01 1.085564e-01 -6.319124e-02 5.482665e-01 8.946001e+00 -4.995139e+00 3.598805e+01 4465 1.594732e-02
98609 -8.708716e-03 8.429299e-03 1.815006e-01 -7.051559e-02 5.342623e-01 4.588399e+00 -4.007845e-01 3.409745e+00 2.857638e+01 9428 3.604798e-02
98686 -2.863862e-02 5.137586e-03 6.516308e-02 -8.814596e-02 1.559929e-02 4.810062e-02 -2.210041e+01 3.885369e+00 -6.336820e+00 3374 1.436805e-02
99095 7.986858e-04 8.033274e-03 1.210394e-01 -3.718037e-02 1.904449e-01 3.762118e-01 -3.082601e+00 1.480558e+01 2.071127e+01 3159 1.277767e-02
99781 -2.093581e-03 -4.665934e-03 1.458294e-01 -9.432540e-03 -5.449777e-02 4.942063e-01 -9.749327e-01 -6.619833e+00 4.627959e+01 2334 8.735071e-03
102314 3.076712e-03 -1.659224e-02 1.388837e-01 3.516226e-01 -6.487294e-01 1.400024e+00 2.262291e+00 -4.102984e+00 8.185624e+00 1636 1.196532e-02
102682 -6.586712e-03 -1.130588e-03 1.390714e-01 -5.660802e-02 9.565420e-03 4.861497e-01 -3.858013e+00 8.249550e-01 2.676924e+01 5005 2.006537e-02
102902 -1.228527e-02 3.049240e-03 7.762900e-02 -Inf Inf Inf -1.458418e+01 1.264959e+00 1.107643e+01 4038 1.476230e-02
103329 2.277547e-02 -1.520566e-02 1.779074e-01 2.489576e-01 -1.447248e-01 6.897864e-01 8.763229e+00 -5.018104e+00 1.983230e+01 2404 1.355039e-02
103483 1.028422e-02 2.482407e-03 1.443980e-01 5.018872e-02 1.854469e-02 3.316638e-01 6.542755e+00 2.633577e+00 3.070416e+01 1829 7.766980e-03
104702 -9.612565e-04 -5.733953e-03 1.168443e-01 -2.804676e-02 -6.639101e-02 2.025942e-01 -4.432579e+00 -9.926610e+00 1.403309e+01 3106 1.206193e-02
105756 2.604290e-02 -1.017012e-02 6.784796e-02 3.506040e-02 -1.422934e-02 6.616246e-02 1.360633e+01 -6.124884e+00 -2.543221e+00 2278 1.068083e-02
108917 -3.869017e-03 -3.435508e-03 1.571885e-01 -7.370045e-02 -4.254474e-02 1.112241e+00 -2.486837e+00 -1.392758e+00 3.401132e+01 5161 2.034707e-02
109422 -3.157526e-03 -1.030658e-04 1.173651e-01 -5.152563e-02 6.643544e-02 2.170113e-01 -8.851883e+00 1.217726e+01 1.823632e+01 2274 9.272445e-03
112584 -2.167739e-03 1.247433e-02 8.762731e-02 -Inf Inf Inf -2.018271e+00 2.379666e+01 2.830227e+01 2339 8.433129e-03
113932 3.769323e-03 1.212643e-02 1.804274e-02 -Inf Inf -Inf -3.196997e+00 9.837657e+00 -6.842905e+00 5168 1.752803e-02
114810 -3.748504e-03 5.047651e-03 1.279010e-01 -6.989154e-03 5.997644e-02 2.707830e-01 -3.940550e-01 6.679203e+00 1.737410e+01 1072 6.034816e-03
115393 2.898020e-04 1.254721e-02 8.748503e-02 -Inf Inf Inf -1.783970e+00 1.461914e+01 2.092025e+01 3942 1.445565e-02
115437 2.249849e-02 5.829209e-03 1.875576e-01 8.572004e-01 1.265471e-01 2.994547e+00 5.612205e+00 8.116592e-01 1.887308e+01 5697 2.674941e-02
115492 5.693319e-03 -7.716184e-04 1.420325e-01 2.430056e-02 -6.844700e-03 2.217354e-01 1.146296e+01 -3.741312e+00 4.910085e+01 3976 1.477889e-02
115727 7.621312e-03 -4.306498e-03 1.628725e-01 6.829970e-01 -2.059399e-01 3.267344e+00 6.358464e+00 -1.898319e+00 2.922769e+01 1795 8.259044e-03
116543 3.700208e-03 -6.758950e-03 1.160434e-01 3.763183e-02 -3.844846e-02 1.254812e-01 4.733754e+00 -4.420960e+00 1.316658e+00 3226 1.512078e-02
117194 1.030543e-03 -1.261785e-02 8.255104e-02 Inf -Inf Inf 7.745455e-01 -1.002337e+01 1.242427e+01 6779 2.562248e-02
117355 7.613719e-03 -2.488453e-04 1.365051e-01 7.166348e-02 2.865903e-02 3.726713e-01 6.535896e+00 2.949876e+00 2.409935e+01 6284 2.245027e-02
119580 -5.635856e-03 -1.855422e-02 1.908948e-01 -5.255512e-01 -1.415760e+00 9.416756e+00 -1.116199e+00 -2.999640e+00 1.980687e+01 1790 1.244720e-02
120482 -1.764068e-02 -3.912771e-03 1.494078e-01 -1.669010e+00 -1.985044e-01 3.311711e+00 -6.826233e+00 -8.043799e-01 1.307195e+01 4609 2.049936e-02
120697 -2.783783e-03 1.001551e-02 1.281127e-01 -5.251197e-02 1.350539e-01 4.254611e-01 -6.096385e+00 1.532898e+01 3.645318e+01 2841 1.079199e-02
121425 1.231462e-02 -3.029824e-03 1.811763e-02 Inf Inf -Inf 9.960272e+00 3.427123e+00 -2.149008e+01 3528 1.258661e-02
122625 -1.393276e-02 2.469067e-02 6.809158e-02 -2.100116e-02 4.213812e-02 6.817550e-02 -1.161585e+01 2.867223e+01 1.379214e-01 2432 9.321314e-03
123000 -3.929132e-03 -5.187501e-03 1.315951e-01 -9.071599e-02 -6.520204e-02 8.463623e-01 -2.420373e+00 -1.673728e+00 1.993393e+01 2255 1.052705e-02
124111 -3.961594e-03 -4.805170e-03 1.411040e-01 -2.135807e-02 -5.791139e-02 4.502261e-01 -1.336729e+00 -4.080632e+00 2.375265e+01 1759 9.038135e-03
124663 -4.914628e-04 2.853607e-03 1.170135e-01 1.549363e-02 -1.450750e-02 2.033536e-01 2.819918e+00 -3.062658e+00 1.523119e+01 3452 1.319537e-02
125207 1.573110e-02 -2.386446e-03 1.449730e-01 8.162274e-01 -1.309471e-01 1.492566e+00 1.080164e+01 -1.734756e+00 1.818399e+01 2191 1.011873e-02
125705 -3.653260e-04 6.104388e-04 1.257129e-01 9.536232e-04 5.233852e-04 2.142006e-01 7.920304e-01 -5.227579e-02 5.313695e+01 2977 1.169543e-02
125849 -5.704971e-03 4.208392e-04 1.302994e-01 -6.223293e-02 -4.460021e-02 5.336710e-01 -5.054399e+00 -4.025518e+00 3.606712e+01 4927 1.881841e-02
127731 2.431497e-02 1.467116e-02 1.375370e-01 1.116947e+00 8.305392e-01 1.430023e+00 1.158028e+01 8.646995e+00 1.369844e+01 5406 2.199489e-02
128953 -2.108973e-02 1.696119e-02 1.600638e-01 -1.672317e+00 1.446761e+00 4.139350e+00 -6.505703e+00 5.633295e+00 1.567806e+01 3852 1.714333e-02
129527 8.546401e-03 3.153975e-03 1.497925e-01 1.752889e-01 1.618733e-01 1.244008e+00 4.902383e+00 4.666496e+00 3.217094e+01 3255 1.392320e-02
130740 9.236307e-04 3.160515e-03 1.268881e-01 1.566476e-02 3.612103e-02 2.308838e-01 4.001253e+00 8.946626e+00 2.822801e+01 1636 6.936288e-03
131324 8.123457e-03 9.727001e-03 9.747977e-02 Inf Inf Inf 9.358854e+00 6.377775e+00 1.951244e+01 7305 2.735257e-02
131830 2.161022e-03 -1.812839e-02 1.830433e-01 2.348361e-02 -2.819480e-01 1.145757e+00 5.144664e-01 -6.365380e+00 2.322813e+01 4088 1.890184e-02
132706 3.508137e-03 1.880683e-03 1.232698e-01 4.236190e-03 1.401418e-02 2.158090e-01 2.143454e-01 3.572211e+00 2.724439e+01 3830 1.371769e-02
133384 -9.983591e-03 -1.916927e-04 1.615360e-01 -6.724026e-01 1.686519e-01 5.391109e+00 -3.922306e+00 9.997540e-01 3.096527e+01 5802 2.584405e-02
135444 1.170053e-02 4.512826e-03 8.753221e-02 Inf -Inf Inf 1.022862e+01 -4.244386e+00 2.020369e+00 2580 1.049752e-02
136317 1.093825e-02 -1.156821e-02 1.444179e-01 5.043264e-02 -6.295724e-02 3.127704e-01 6.763616e+00 -8.800633e+00 2.883121e+01 3747 1.451664e-02
136865 -2.621806e-03 1.116030e-02 1.765503e-01 -8.233753e-02 2.890236e-01 1.752419e+00 -1.285602e+00 4.481195e+00 2.541456e+01 1442 8.303298e-03
137225 8.576845e-03 3.045754e-03 1.557961e-01 4.814313e-01 1.076032e-01 3.217372e+00 4.739954e+00 1.048097e+00 3.068964e+01 2964 1.246703e-02
137566 3.583163e-03 3.195817e-03 1.174612e-01 1.087278e-02 3.012873e-02 1.624621e-01 3.562048e+00 1.316069e+01 2.198957e+01 2810 1.128603e-02
138772 -1.095097e-02 -6.352526e-03 9.244785e-02 -Inf -Inf Inf -1.029212e+01 -4.545469e+00 2.157124e+01 5616 2.006531e-02
138934 4.616728e-03 1.589385e-02 1.356679e-01 2.113195e-03 6.364088e-01 1.019514e+00 -3.083546e-02 7.642747e+00 1.088614e+01 2918 1.303938e-02
139237 1.683395e-03 3.825697e-03 1.141852e-01 1.942926e-02 3.635847e-02 1.777217e-01 3.970264e+00 7.278524e+00 1.421496e+01 5614 2.081700e-02
141752 1.036891e-02 1.855204e-02 1.582994e-01 7.860799e-01 1.372685e+00 3.901581e+00 7.282691e+00 1.271315e+01 3.514345e+01 3125 1.241928e-02
142036 -5.259768e-03 -1.155054e-02 1.074783e-01 -Inf Inf Inf -6.489975e+00 1.430151e+00 1.385408e+01 2402 9.228269e-03
142309 3.466953e-03 3.242737e-03 1.145083e-01 3.975090e-02 6.942708e-03 1.513328e-01 1.211545e+01 1.235445e+00 1.229594e+01 2460 8.937280e-03
143836 9.910406e-03 -2.589953e-02 1.473634e-01 3.163818e-01 -5.001812e-01 1.039632e+00 6.913711e+00 -1.069935e+01 2.012875e+01 862 6.140388e-03
144048 -4.242881e-03 -6.221789e-03 1.376878e-01 -2.649586e-02 -6.421107e-02 3.875579e-01 -3.200216e+00 -8.339477e+00 3.593400e+01 1302 5.668810e-03
144375 -3.456367e-03 -1.219617e-02 8.755152e-02 Inf -Inf Inf 4.656372e+00 -8.148363e+00 2.426557e+01 5165 1.864957e-02
145096 2.963071e-03 3.665262e-03 1.216389e-01 3.882694e-02 7.740913e-02 2.135175e-01 5.792626e+00 1.191089e+01 1.483996e+01 3071 1.191811e-02
145130 4.870985e-03 -9.470803e-03 1.351575e-01 1.444994e-01 -2.819354e-01 1.152515e+00 4.450766e+00 -8.685024e+00 3.242908e+01 4336 1.652403e-02
145814 6.575702e-03 1.069619e-02 7.750564e-02 Inf Inf Inf 6.748029e+00 1.447915e+01 1.694368e+01 2041 7.057582e-03
146485 -9.162960e-03 -4.198777e-03 1.381720e-01 -3.369932e-02 -2.003992e-02 2.030064e-01 -6.962187e+00 -4.494920e+00 1.839676e+01 4223 1.710846e-02
146929 3.621589e-03 1.012234e-03 1.250168e-01 2.794975e-02 1.805889e-02 7.455506e-01 1.114914e+00 7.812164e-01 2.843791e+01 5149 1.938998e-02
147135 -1.575130e-02 -1.413884e-02 1.478310e-01 -9.049143e-01 -6.300818e-01 1.714469e+00 -9.122925e+00 -6.319652e+00 1.607390e+01 2316 1.264144e-02
147726 -1.046255e-02 -7.117489e-03 8.740794e-02 -Inf Inf Inf -1.012155e+01 6.503774e+00 1.953211e+01 3332 1.202496e-02
147775 -1.265772e-03 -3.544768e-03 1.263786e-01 -1.145450e-02 -5.154247e-02 2.876701e-01 -1.366625e+00 -6.437983e+00 2.163420e+01 1204 5.894942e-03
148399 1.032423e-03 -3.175240e-03 1.233315e-01 -1.844979e-02 -2.098042e-01 1.001480e+00 -4.742532e-01 -5.029944e+00 2.137667e+01 2224 9.490813e-03
149127 -2.045092e-03 -5.718445e-03 1.212228e-01 -3.367405e-02 -4.674706e-02 2.269117e-01 -5.510080e+00 -7.147593e+00 1.841205e+01 2246 9.324899e-03
149271 -4.790674e-04 1.064145e-03 1.200469e-01 -3.077022e-03 4.634251e-02 2.777397e-01 -3.076975e-01 5.362695e+00 1.867687e+01 3132 1.347475e-02
149369 2.055661e-02 1.176957e-02 6.853241e-02 3.768397e-02 2.354591e-02 6.966910e-02 2.159842e+01 1.485052e+01 1.433418e+00 3239 1.243709e-02
149412 3.091382e-03 -1.295314e-03 1.147352e-01 3.361201e-02 -1.980150e-02 1.551260e-01 9.015988e+00 -5.466846e+00 1.193171e+01 2371 1.249480e-02
154393 -1.082594e-03 -1.485215e-03 1.210807e-01 -3.413026e-02 -7.667605e-03 1.763437e-01 -1.293595e+01 -2.419992e+00 2.163175e+01 4604 1.728617e-02
155832 4.055561e-03 -3.043500e-03 1.168404e-01 2.391234e-02 -4.981368e-02 2.347311e-01 3.328576e+00 -7.840048e+00 1.976192e+01 1379 5.864871e-03
155867 1.456143e-02 7.585783e-03 1.364910e-01 3.079718e-01 1.089763e-01 6.441751e-01 1.441206e+01 4.980216e+00 2.493700e+01 5610 2.146637e-02
156333 -8.930763e-03 8.354607e-03 1.612019e-01 -4.256890e-01 5.127409e-01 3.925737e+00 -3.789302e+00 4.586046e+00 3.422839e+01 7230 2.719547e-02
156349 -1.146814e-02 -5.425667e-03 1.026332e-01 -Inf -Inf Inf -5.558917e+00 -8.385860e+00 2.998881e+01 2923 1.122674e-02
157417 5.519957e-03 -1.143585e-02 8.761761e-02 Inf -Inf Inf 8.156278e+00 -1.663380e+01 1.243580e+01 3885 1.521771e-02
157618 -1.175503e-02 -4.472096e-03 8.752796e-02 -Inf -Inf Inf -7.544193e+00 -5.260501e+00 2.224750e+01 5944 2.298535e-02
157647 1.890828e-03 -3.746856e-03 1.141678e-01 2.076484e-02 -3.414209e-02 1.937404e-01 9.242030e+00 -1.488362e+01 3.896429e+01 7689 2.829982e-02
158303 3.587386e-03 -2.330344e-02 7.041635e-02 6.397996e-03 -3.015498e-02 7.218275e-02 5.893459e+00 -1.436673e+01 3.703900e+00 1973 7.548878e-03
158971 1.241980e-02 -2.625660e-03 9.734123e-02 Inf -Inf Inf 6.750451e+00 -9.174575e+00 1.936315e+01 2524 1.010525e-02
160446 6.787451e-03 3.413134e-03 1.321577e-01 5.914955e-02 2.289877e-02 2.688249e-01 7.304231e+00 2.718141e+00 1.906434e+01 2072 1.043237e-02
161475 -2.238726e-03 -6.885300e-04 1.221262e-01 -1.349403e-03 7.269293e-03 2.107398e-01 3.650761e-01 3.266769e+00 3.637683e+01 12468 4.513787e-02
161652 8.897194e-03 1.734543e-03 1.129999e-01 5.097338e-01 -6.314009e-02 5.361369e-01 1.162107e+01 -1.505306e+00 9.818178e+00 1688 1.024865e-02
162668 -2.622129e-03 2.961565e-03 1.149479e-01 -2.060891e-02 6.781530e-02 1.776558e-01 -2.344150e+00 8.452145e+00 8.172496e+00 4695 1.725145e-02
164195 7.372144e-04 1.684964e-03 1.255845e-01 -9.864426e-03 4.509068e-02 3.468039e-01 -1.068042e+00 4.372826e+00 2.228634e+01 2708 9.362001e-03
164801 1.836894e-02 -1.393008e-02 1.470026e-01 7.163160e-01 -4.871757e-01 2.032242e+00 6.392141e+00 -4.334215e+00 1.726595e+01 12738 5.000699e-02
165819 -1.991723e-02 -1.061296e-02 1.780259e-01 -4.301066e-01 -9.084763e-02 1.514325e+00 -8.011521e+00 -1.567085e+00 2.609963e+01 1960 1.076698e-02
166933 1.204760e-02 3.998120e-03 8.750565e-02 Inf Inf Inf 1.027063e+01 6.010079e+00 2.904385e+01 2191 7.715593e-03
167442 -5.156821e-03 2.751247e-03 1.458317e-01 -4.213986e-02 3.597952e-02 4.000922e-01 -4.053820e+00 3.642250e+00 2.787025e+01 5036 2.014582e-02
168517 4.979302e-03 1.164404e-02 9.240944e-02 Inf Inf Inf 1.101831e+01 4.183635e+00 1.473534e+01 1377 5.695216e-03
168673 7.097610e-03 -1.728163e-03 1.437458e-01 1.207106e-01 4.074318e-02 7.350745e-01 6.341647e+00 2.370665e+00 3.300678e+01 1827 1.014525e-02
173490 -6.638615e-03 -2.546007e-03 1.269262e-01 -3.301959e-02 -2.441864e-02 2.590200e-01 -6.716536e+00 -5.568722e+00 3.363077e+01 2498 9.944000e-03
174442 -1.148859e-02 -3.508052e-03 1.322061e-01 -3.063250e-01 -1.270193e-01 8.483933e-01 -9.630355e+00 -4.034295e+00 2.339309e+01 2798 1.148731e-02
174550 -7.497422e-03 -2.166174e-02 6.565600e-02 -8.644204e-03 -4.011743e-02 6.039541e-02 -1.731278e+00 -2.786226e+01 -7.941828e+00 9250 3.391405e-02
174986 -1.000791e-02 -7.775842e-03 9.744378e-02 -Inf -Inf Inf -1.702861e+01 -1.005382e+01 1.792593e+01 3861 1.418559e-02
175957 1.060722e-02 -6.756942e-03 8.755070e-02 Inf -Inf Inf 1.644772e+01 -1.396187e+01 2.672560e+01 5666 1.948875e-02
176978 -9.676607e-03 -7.980650e-03 9.245779e-02 -Inf -Inf Inf -9.548240e+00 -1.112314e+01 1.033680e+01 8005 3.005407e-02
177170 -4.153474e-03 3.312344e-03 1.854699e-01 -8.694167e-02 8.682919e-02 2.071185e+00 -2.029380e+00 2.047241e+00 4.622438e+01 1774 8.011481e-03
177441 1.348224e-03 1.240103e-03 1.345718e-01 -2.554876e-02 1.283500e-01 1.011071e+00 -6.055135e-01 2.861540e+00 1.973203e+01 1808 9.198962e-03
177538 4.690865e-04 -4.459460e-03 1.171871e-01 -2.671126e-04 -5.876004e-02 1.683967e-01 -1.453501e-01 -1.072074e+01 1.011047e+01 2065 9.498664e-03
177711 -9.779725e-03 8.073855e-03 8.749611e-02 -Inf Inf Inf -1.126629e+01 7.851913e+00 1.358948e+01 2146 8.376457e-03
177888 3.896137e-03 1.771626e-02 1.488609e-01 1.585030e-02 1.189045e-01 3.936962e-01 1.544243e+00 1.307153e+01 3.162790e+01 3735 1.503233e-02
177973 -7.838306e-03 3.914374e-03 1.340316e-01 -4.660462e-02 1.477055e-02 2.591481e-01 -6.537669e+00 1.830819e+00 2.110002e+01 3608 1.493498e-02
179422 1.904659e-02 2.100788e-02 6.867761e-02 2.580475e-02 2.757236e-02 6.806616e-02 2.859822e+01 2.777861e+01 -2.587460e+00 4243 1.576038e-02
179483 -9.176922e-03 -8.675861e-03 8.245638e-02 -Inf -Inf Inf -1.319139e+01 -1.661054e+01 2.265441e+01 2208 6.880024e-03
179619 -5.857073e-03 -3.147517e-04 1.254623e-01 -1.236150e-01 -8.900714e-03 5.075693e-01 -8.538067e+00 -6.225272e-01 2.770476e+01 2538 9.508049e-03
180784 -2.287033e-03 9.696900e-03 1.228327e-01 -4.097222e-02 8.535455e-02 3.779471e-01 -3.073122e+00 6.010187e+00 2.026610e+01 1562 6.156767e-03
182298 -1.616839e-02 -6.550893e-03 1.413465e-01 -3.163429e-01 -1.235406e-01 6.627101e-01 -7.226309e+00 -2.816373e+00 1.255115e+01 5582 2.322726e-02
182553 6.505456e-03 7.009628e-03 1.282503e-01 3.806980e-02 3.843819e-02 2.306614e-01 1.066485e+01 1.061897e+01 3.460230e+01 3683 1.446255e-02
182604 -1.696826e-02 -1.374450e-02 1.839118e-01 -1.442119e+00 -1.227670e+00 6.892260e+00 -7.965242e+00 -6.784696e+00 3.749332e+01 5851 2.289979e-02
182914 1.890093e-02 8.192937e-03 6.523831e-02 Inf Inf -Inf 1.272346e+01 3.693067e+00 -3.673797e+00 1430 5.334012e-03
184110 2.110292e-02 7.243541e-03 6.955988e-02 3.104634e-02 9.331558e-03 7.206711e-02 1.903313e+01 3.996764e+00 4.799205e+00 9456 3.427434e-02
184210 3.905996e-03 -5.135331e-03 1.238349e-01 1.147193e-01 -3.397399e-02 4.527226e-01 1.084269e+01 -2.821762e+00 3.218052e+01 2832 1.034085e-02
187831 2.176572e-02 -1.173102e-03 1.562259e-01 6.500032e-01 -7.607454e-02 1.369812e+00 8.228130e+00 -9.809963e-01 1.589453e+01 3063 1.559659e-02
188691 -3.327716e-03 -5.785225e-03 1.290352e-01 -2.873690e-02 -4.262786e-02 2.560204e-01 -4.711573e+00 -6.831656e+00 2.354659e+01 4030 1.569924e-02
188981 -3.012764e-03 1.222436e-02 9.250678e-02 -Inf Inf -Inf -1.229751e+01 1.030155e+01 -4.492179e+00 3373 1.302035e-02
189076 6.522550e-03 8.327490e-03 1.532009e-01 1.115301e-01 1.374169e-01 9.347953e-01 4.158399e+00 5.112062e+00 3.095187e+01 3870 1.608681e-02
191115 3.196119e-03 2.442003e-03 1.251757e-01 2.810304e-02 3.190086e-02 2.293685e-01 7.893056e+00 9.335574e+00 3.301892e+01 2747 1.136714e-02
192784 -3.296458e-04 1.393274e-02 1.418360e-01 1.878675e-02 2.464334e-01 7.856451e-01 5.328187e-01 6.480339e+00 1.794447e+01 4154 2.062277e-02
193085 -3.954277e-03 -2.084942e-03 1.205130e-01 3.175529e-03 -2.619867e-02 2.457477e-01 1.480762e+00 -5.008086e+00 2.600951e+01 3708 1.466145e-02
193288 -4.549147e-03 3.571046e-03 1.371751e-01 -1.851407e-02 3.526774e-02 2.964497e-01 -4.013204e+00 9.108919e+00 4.577195e+01 1770 7.748513e-03
194949 2.532194e-03 -2.265130e-03 1.308566e-01 4.344397e-02 -5.903554e-02 3.852266e-01 5.741047e+00 -7.966448e+00 3.569509e+01 6212 2.313692e-02
196024 -3.579437e-04 2.023348e-02 1.683280e-01 -3.566071e-01 1.938313e+00 5.490415e+00 -1.859716e+00 1.001289e+01 2.778272e+01 4043 1.676052e-02
196752 1.051325e-02 -5.639745e-03 1.469438e-01 6.859528e-02 -3.486964e-02 6.718292e-01 2.191240e+00 -1.102746e+00 1.980216e+01 5179 2.147098e-02
199050 -1.271875e-02 1.880921e-02 1.736709e-01 -5.869924e-01 6.638974e-01 2.477263e+00 -1.193259e+01 1.340401e+01 4.786534e+01 3346 1.335094e-02
200074 -5.929269e-03 1.113662e-02 9.254788e-02 Inf Inf Inf 3.737728e+00 9.941179e-01 1.165423e+01 4746 1.668800e-02
202119 -2.958812e-03 -3.751665e-03 1.444603e-01 -2.400323e-01 -3.888284e-01 2.142085e+00 -3.519337e+00 -5.716433e+00 2.965457e+01 3271 1.213125e-02
203161 -1.014691e-04 3.881377e-03 1.315590e-01 1.277385e-01 1.196164e-01 8.524276e-01 2.918424e+00 2.642083e+00 1.645652e+01 6158 2.422291e-02
204403 -1.450376e-02 6.782022e-03 1.459069e-01 -8.462183e-01 3.519716e-01 1.850827e+00 -1.173483e+01 4.870352e+00 2.405508e+01 2095 9.123841e-03
204738 9.635370e-03 -1.259797e-02 1.317204e-01 1.806064e-01 -1.856785e-01 5.935335e-01 6.348931e+00 -6.427267e+00 1.714922e+01 4610 1.823855e-02
205515 -1.905461e-03 2.685481e-03 1.170196e-01 1.397676e-02 3.227666e-02 2.088019e-01 3.989566e+00 7.433216e+00 2.305542e+01 2186 8.234871e-03
205761 7.444246e-03 -1.074651e-02 1.362736e-01 1.873510e-01 -2.998885e-01 7.796406e-01 4.012558e+00 -6.448893e+00 1.434937e+01 6140 2.403839e-02
205996 -6.656337e-04 -3.989722e-03 1.458175e-01 4.528945e-03 -8.040104e-03 7.923338e-01 2.416634e-01 -1.884328e-01 3.007738e+01 7623 2.956796e-02
206938 -5.390875e-03 -5.006513e-03 1.231999e-01 -5.556590e-02 -8.787225e-02 3.806367e-01 -5.972637e+00 -9.864011e+00 3.064426e+01 2463 9.337681e-03
207723 1.717337e-03 1.805008e-03 1.337032e-01 2.754988e-01 1.352356e-01 2.556040e+00 4.682306e+00 2.281976e+00 4.142765e+01 3001 1.122224e-02
209175 -5.893295e-03 -4.590933e-03 1.319496e-01 -9.078690e-02 -6.216321e-02 4.815867e-01 -7.316215e+00 -4.961636e+00 3.013207e+01 2575 1.026799e-02
210249 1.972690e-02 1.903840e-02 6.510771e-02 1.045288e-01 7.301624e-02 7.465632e-02 1.216139e+01 7.740925e+00 1.369360e+00 3475 1.599226e-02
210267 -6.365707e-03 1.028456e-02 1.531814e-01 -9.641358e-02 1.405174e-01 6.763793e-01 -4.210450e+00 6.089414e+00 2.446364e+01 11214 4.078419e-02
210766 -1.246087e-02 -9.533777e-03 1.201096e-01 -7.671622e-01 -6.821789e-01 7.798303e-01 -7.679459e+00 -6.844497e+00 6.712984e+00 4371 1.827850e-02
212771 2.141961e-03 5.137962e-03 1.305118e-01 2.669993e-02 2.706758e-02 3.417770e-01 4.558476e+00 4.070598e+00 3.921526e+01 2670 1.017467e-02
213565 -1.094911e-02 -6.179516e-03 8.257333e-02 -Inf -Inf Inf -7.290453e+00 -8.675309e+00 1.194741e+01 4949 1.756886e-02
213655 2.201089e-04 3.912316e-03 1.231114e-01 -8.808814e-03 1.563063e-02 2.088902e-01 -3.159963e+00 4.101202e+00 3.002104e+01 4200 1.681588e-02
216252 4.576632e-03 5.918206e-03 1.282014e-01 2.468827e-02 4.701504e-02 2.368369e-01 4.262336e+00 8.709806e+00 2.302353e+01 1314 5.848659e-03
218510 2.273011e-03 -2.839494e-02 6.562786e-02 1.129428e-02 -5.956939e-02 5.894852e-02 4.410425e+00 -1.524093e+01 -3.265476e+00 3313 1.655875e-02
220832 5.683064e-03 -6.385835e-03 1.164550e-01 1.140596e-01 -2.065244e-01 1.924798e-01 9.123586e+00 -1.684850e+01 6.400083e+00 3789 1.585884e-02
222514 1.661514e-02 5.537698e-03 1.426284e-01 6.605701e-02 1.801800e-02 2.437806e-01 9.165763e+00 2.313657e+00 1.875207e+01 5419 2.071829e-02
222962 1.560327e-04 -2.707200e-03 1.541155e-01 -4.306973e-01 4.087446e-02 8.685900e+00 -1.120766e+00 1.133676e-01 2.219347e+01 6999 2.855159e-02
224880 -5.728176e-03 1.122868e-02 1.075591e-01 -Inf Inf Inf -4.217014e+00 1.418071e+00 6.444586e+00 1864 8.238267e-03
225941 2.157926e-02 -1.002949e-02 7.023854e-02 6.218785e-02 -3.887833e-02 7.448140e-02 1.679176e+01 -1.192907e+01 1.754431e+00 2057 7.982004e-03
226421 -1.938657e-03 -2.351371e-03 1.172827e-01 2.340788e-02 -3.300243e-02 2.228430e-01 5.879587e+00 -7.110067e+00 2.448660e+01 2137 8.820533e-03
226801 -3.139371e-03 5.118788e-03 1.335506e-01 9.853830e-03 2.011792e-01 1.593356e+00 1.437197e-01 2.168654e+00 1.614713e+01 8470 3.365229e-02
227587 4.200229e-03 -4.564117e-03 1.524634e-01 -1.028618e-01 -7.469684e-01 6.004283e+00 -2.235606e-01 -1.550244e+00 1.221942e+01 6545 2.779780e-02
230283 -6.008503e-03 5.111303e-03 1.276876e-01 -1.910593e-02 4.764574e-02 2.401733e-01 -3.209199e+00 1.042201e+01 2.756184e+01 7044 2.745367e-02
230398 -7.032514e-03 2.117540e-04 1.327277e-01 -1.897531e-01 -4.228781e-02 7.586649e-01 -1.204807e+01 -2.802298e+00 4.127249e+01 1726 6.906837e-03
231441 2.219943e-03 -4.271361e-03 1.221620e-01 3.281914e-02 -7.449929e-02 3.098119e-01 2.091882e+00 -4.801059e+00 1.282849e+01 1728 7.043626e-03
232986 -8.943016e-03 -5.969151e-03 1.366879e-01 -9.486927e-02 -8.730685e-02 6.723221e-01 -3.200206e+00 -3.029312e+00 1.994897e+01 2471 1.188829e-02
233132 -3.497529e-03 -6.951753e-04 1.171226e-01 2.276504e-02 -2.788466e-02 2.384224e-01 3.420703e+00 -3.541434e+00 1.579931e+01 4166 1.498105e-02
235528 2.114466e-02 4.433401e-03 1.592811e-01 9.578229e-01 2.965849e-01 2.535242e+00 1.425668e+01 4.446683e+00 3.616325e+01 1826 8.733858e-03
236644 6.133500e-03 1.110418e-02 1.808517e-02 Inf Inf Inf 1.354801e+01 6.804466e+00 1.374450e-01 1424 5.492686e-03
236674 -8.671260e-04 -3.897483e-03 1.259401e-01 8.772147e-03 -5.288394e-02 2.912003e-01 1.413304e+00 -7.182361e+00 2.423035e+01 3898 1.512335e-02
239162 1.205251e-02 -1.422610e-04 1.319985e-01 5.209634e-01 -1.207739e-02 1.273685e+00 7.232674e+00 -1.696228e-01 1.622573e+01 10938 4.237016e-02
241222 -5.213166e-03 5.661841e-03 1.531321e-01 -1.314400e-02 1.543246e-02 2.091533e-01 -3.281075e+00 4.042216e+00 2.317658e+01 7610 3.035538e-02
241668 -6.014380e-03 5.157863e-03 1.251427e-01 -1.224305e-01 1.358924e-01 5.524538e-01 -3.634718e+00 4.081762e+00 1.334141e+01 1959 8.484810e-03
242155 3.909733e-03 6.677907e-03 1.229095e-01 7.339258e-02 1.099615e-01 2.949920e-01 5.716526e+00 8.497399e+00 1.415766e+01 6529 2.497192e-02
242257 -5.367025e-03 1.167081e-02 1.261488e-01 -7.859607e-02 1.280344e-01 3.276272e-01 -3.993423e+00 6.345693e+00 1.098729e+01 2384 1.051203e-02
243632 -1.095919e-02 -6.397050e-03 1.805729e-02 -Inf Inf -Inf -3.031053e+00 5.164072e+00 -1.590796e+01 2239 8.427319e-03
243842 1.051159e-02 -1.891873e-03 1.423610e-01 3.891828e-01 -1.514628e-01 1.158135e+00 6.084395e+00 -2.403268e+00 1.632120e+01 3358 1.556775e-02
244634 -3.057449e-03 5.934764e-03 1.211957e-01 -2.642014e-02 3.982800e-02 2.194503e-01 -4.781453e+00 6.936655e+00 2.010898e+01 7005 2.718222e-02
245332 8.751465e-03 -5.843198e-03 1.887139e-01 2.682263e-02 -2.162959e-02 3.793863e-01 3.071620e+00 -2.683268e+00 3.240926e+01 2019 1.034551e-02
245924 8.564469e-04 -1.265711e-02 9.756917e-02 -Inf -Inf -Inf -7.671947e+00 -1.136477e+01 -1.133880e+00 7706 3.030762e-02
246369 -1.048586e-02 -7.036523e-03 8.749102e-02 -Inf -Inf Inf -1.259209e+01 -1.459355e+01 1.634762e+01 6904 2.426370e-02
247260 -2.404101e-03 -1.230724e-02 1.075391e-01 -Inf -Inf Inf -4.096199e+00 -4.286703e+00 1.260333e+01 5126 1.995801e-02
248517 -6.945633e-03 2.278014e-03 1.442416e-01 -3.803668e-02 1.140369e-02 2.736010e-01 -8.069984e+00 2.368658e+00 3.357651e+01 1789 7.494698e-03
249335 1.054328e-02 7.059806e-03 9.745058e-02 Inf Inf Inf 7.294900e+00 3.109982e+00 3.360129e+00 5234 1.936964e-02
253064 -1.469142e-02 -8.957432e-03 1.544813e-01 -3.095581e-01 -1.504605e-01 9.886579e-01 -8.088348e+00 -3.881503e+00 2.288190e+01 2841 1.364442e-02
253653 -6.434479e-05 5.491095e-03 1.318868e-01 -4.818643e-02 3.267832e-01 7.992112e-01 -1.247190e+00 8.326997e+00 1.729519e+01 7234 2.789665e-02
253702 2.374687e-03 9.860408e-03 1.223495e-01 -4.097640e-02 2.180771e-01 4.810040e-01 -1.430869e+00 6.872509e+00 1.183794e+01 3031 1.503066e-02
256173 -7.155209e-03 1.048580e-02 1.810625e-02 Inf Inf -Inf 9.981231e+00 9.245663e+00 -1.321105e+01 5662 1.984832e-02
256593 -5.252917e-03 2.916311e-03 1.443119e-01 -1.696047e-01 1.218296e-01 1.629546e+00 -4.737392e+00 3.427640e+00 4.281143e+01 6258 2.285930e-02
258490 -4.335049e-03 -1.393946e-02 1.293859e-01 -1.263681e-01 -4.602293e-01 7.770112e-01 -4.289983e+00 -1.568899e+01 2.276679e+01 3199 1.246700e-02
262582 1.245761e-02 1.796506e-03 7.756907e-02 Inf Inf Inf 7.661435e+00 3.507616e+00 5.351901e+00 3596 1.324219e-02
263357 -4.167429e-03 1.538288e-03 1.134104e-01 -9.742757e-03 3.425705e-02 1.357302e-01 -1.531193e+00 8.985794e+00 6.129838e+00 1116 5.395712e-03
266013 5.644498e-03 1.126170e-02 9.243746e-02 Inf Inf Inf 4.001330e+00 1.021528e+01 3.042625e+01 3476 1.242292e-02
266115 3.312130e-03 1.535410e-03 1.365221e-01 2.706440e-02 4.832673e-02 6.464150e-01 1.240304e+00 2.443365e+00 2.662576e+01 3089 1.255792e-02
269058 -4.261759e-03 -3.239336e-03 1.431499e-01 -5.203048e-02 -4.185076e-02 7.524516e-01 -2.115621e+00 -1.710055e+00 2.698526e+01 7410 2.875652e-02
269574 -6.067374e-03 -9.563832e-04 1.256144e-01 -3.194251e-02 -1.542545e-02 1.668387e-01 -9.679911e+00 -5.412891e+00 1.542204e+01 9227 3.433318e-02
270177 -3.248183e-03 -1.725087e-03 1.172632e-01 -6.730383e-02 3.809491e-02 1.999535e-01 -1.648134e+01 1.024557e+01 2.127600e+01 2854 1.103101e-02
270402 -2.056485e-03 -1.250645e-02 1.809823e-02 Inf -Inf -Inf 1.045943e+01 -9.402227e+00 -8.972730e+00 1740 6.446310e-03
272989 1.780744e-02 -8.446572e-03 1.380624e-01 1.669221e-01 -1.087804e-01 4.326416e-01 8.755537e+00 -5.891285e+00 1.729676e+01 3367 1.502700e-02
273032 -2.364688e-03 2.837662e-03 1.361722e-01 -2.791268e-02 1.154577e-02 2.870772e-01 -7.323278e+00 2.496159e+00 4.325662e+01 3883 1.472845e-02
273286 5.767353e-03 -9.132918e-03 1.547556e-01 2.320638e-01 -2.080548e-01 1.679066e+00 4.477384e+00 -3.935766e+00 3.015922e+01 3115 1.232934e-02
273837 2.992366e-03 3.733601e-03 1.263868e-01 3.040611e-02 9.509039e-02 5.242450e-01 1.181254e+00 3.936548e+00 1.714364e+01 4342 1.795032e-02
275576 2.497988e-03 7.672736e-03 1.340233e-01 3.350894e-02 8.287168e-02 3.648878e-01 2.449298e+00 5.939341e+00 1.823408e+01 2616 1.121540e-02
275873 4.630602e-03 -3.308277e-03 1.247352e-01 8.327643e-03 -3.610923e-03 6.260055e-01 2.073339e-01 -1.697266e-02 2.811176e+01 4739 1.792613e-02
276508 -1.325147e-02 -3.834137e-04 1.480293e-01 -3.179819e-01 1.425823e-02 1.070031e+00 -9.968356e+00 4.789579e-01 3.016054e+01 2998 1.241893e-02
276965 4.103277e-04 8.576546e-03 1.205766e-01 7.678478e-03 5.686205e-02 1.449731e-01 1.378146e+00 9.155625e+00 4.625928e+00 4514 1.852098e-02
280168 -8.363740e-03 -6.845817e-04 1.234190e-01 -1.081442e-01 3.455928e-02 3.448237e-01 -5.210326e+00 1.840360e+00 1.156129e+01 9811 3.697781e-02
280579 -1.616054e-02 1.783709e-02 6.791015e-02 -4.031655e-02 5.118105e-02 6.998505e-02 -1.007996e+01 1.391396e+01 8.658259e-01 9196 3.682496e-02
284353 6.798181e-03 3.961027e-03 1.225985e-01 1.647442e-01 1.737071e-01 4.497251e-01 9.136863e+00 9.819468e+00 1.892362e+01 3072 1.164071e-02
285550 -9.220607e-03 -2.577370e-02 7.165851e-02 -1.060872e-02 -4.112215e-02 7.779392e-02 -1.905089e+00 -2.106466e+01 8.420418e+00 1664 7.005962e-03
286223 -8.640966e-03 9.281816e-03 1.806962e-02 -Inf Inf Inf -4.660146e+00 5.171270e+00 6.025435e+00 4838 1.707083e-02
286327 5.596081e-03 1.818454e-03 1.293241e-01 6.196728e-02 1.367099e-02 2.347619e-01 8.201731e+00 1.724486e+00 1.534067e+01 2870 1.131312e-02
287077 -1.191713e-02 -3.936930e-03 9.755349e-02 -Inf -Inf Inf -4.680794e+00 -7.558219e+00 3.025505e+01 2070 8.197702e-03
287198 8.339460e-03 3.541464e-03 1.315937e-01 5.374026e-02 3.114978e-02 3.365437e-01 3.789207e+00 2.304225e+00 1.710538e+01 3078 1.248291e-02
289023 -3.689629e-03 2.390382e-03 1.171495e-01 -1.427271e-02 2.967433e-02 2.629032e-01 -2.729377e+00 7.036528e+00 3.758988e+01 4112 1.504786e-02
291810 -1.110848e-02 -5.839120e-03 9.247812e-02 -Inf -Inf Inf -9.922933e+00 -4.357281e+00 2.368174e+01 6322 2.316704e-02
292566 1.109087e-02 -5.970187e-03 9.252356e-02 Inf -Inf Inf 4.786792e+00 -2.511526e+00 2.233473e+01 2365 8.463258e-03
293203 -9.680932e-03 -1.722328e-03 1.310426e-01 -5.890183e-01 -7.507757e-02 1.008184e+00 -8.102358e+00 -1.025914e+00 1.226732e+01 5626 2.441637e-02
294333 1.760860e-02 -1.520119e-02 1.631383e-01 2.331255e+00 -1.446470e+00 6.403241e+00 8.059715e+00 -4.985903e+00 2.173775e+01 4603 2.031359e-02
295112 2.310073e-02 1.803636e-02 7.007694e-02 4.712020e-02 2.795233e-02 7.645385e-02 9.541416e+00 3.938987e+00 2.533141e+00 1806 8.871478e-03
295987 -1.997623e-02 -2.098532e-02 1.908221e-01 -1.658600e+00 -2.578879e+00 8.342939e+00 -7.195943e+00 -1.123287e+01 3.579965e+01 2689 1.231756e-02
297304 1.234617e-02 -2.647612e-03 8.760490e-02 Inf -Inf Inf 1.787874e+01 -6.789058e+00 1.958589e+01 2031 7.621781e-03
300978 -1.730017e-03 2.546952e-03 1.318172e-01 3.738347e-02 6.334122e-02 6.084662e-01 1.753087e+00 2.724831e+00 2.136365e+01 7801 2.866774e-02
301495 -1.000563e-02 2.139330e-02 1.376451e-01 -3.020469e-01 1.318385e+00 1.561780e+00 -3.488345e+00 1.549217e+01 1.701085e+01 3519 1.541206e-02
302772 3.661952e-03 -6.862988e-05 1.533905e-01 1.047352e-01 6.008222e-02 9.728542e-01 3.421875e+00 2.036431e+00 2.774326e+01 6363 2.487776e-02
303704 -1.772359e-03 5.195010e-03 1.168268e-01 -2.815063e-02 1.889504e-02 1.799349e-01 -1.069439e+01 5.554326e+00 2.558553e+01 2059 8.703724e-03
304248 -6.583794e-03 1.075809e-02 7.753752e-02 -Inf Inf Inf -5.360330e+00 2.066691e+01 2.314045e+01 4319 1.504886e-02
304275 -7.237112e-03 -1.043461e-02 9.747763e-02 -Inf -Inf Inf -1.056081e+01 -1.488497e+01 3.118302e+01 2720 9.457061e-03
304763 -2.404984e-03 6.402041e-03 1.288118e-01 -1.343970e-02 4.259403e-02 3.307607e-01 -9.976601e-01 3.272157e+00 1.825842e+01 2094 9.952458e-03
305167 1.180129e-04 -1.266353e-02 8.244493e-02 Inf -Inf Inf 4.730656e+00 -1.435739e+01 8.785058e+00 1398 5.255193e-03
305675 8.994970e-03 6.071170e-03 1.276358e-01 5.849137e-02 4.161803e-02 2.477746e-01 1.383850e+01 9.938405e+00 3.358913e+01 2971 1.209909e-02
307373 1.623301e-02 7.370688e-03 1.851964e-01 9.663703e-02 4.779471e-02 6.308258e-01 4.944068e+00 2.485685e+00 2.740189e+01 4980 2.307793e-02
311041 -2.763092e-04 -4.021693e-03 1.225270e-01 -1.734628e-02 -4.390720e-02 6.011316e-01 -1.317168e+00 -3.077681e+00 3.693052e+01 2551 9.501248e-03
311136 2.621719e-03 -1.058008e-03 1.472711e-01 4.138055e-01 -1.040593e-01 3.143225e+00 5.563821e+00 -1.393733e+00 4.053894e+01 2869 1.140455e-02
311909 -9.507172e-03 7.374037e-04 1.459492e-01 -2.762763e-01 7.319466e-02 9.488451e-01 -7.975673e+00 2.166275e+00 2.400440e+01 3697 1.458920e-02
312139 1.341473e-02 -6.264698e-03 1.638209e-01 9.308408e-01 -2.069437e-01 3.655951e+00 2.914120e+00 -6.374385e-01 1.109243e+01 3286 1.709540e-02
312963 9.813122e-03 7.962638e-03 9.251896e-02 Inf -Inf Inf 1.195213e+01 -3.095968e+00 8.916593e+00 8902 3.245166e-02
313296 4.314165e-03 -1.233941e-02 1.601729e-01 3.807632e-02 -2.797522e-01 1.314537e+00 8.407194e-01 -6.658909e+00 2.874508e+01 1950 9.561885e-03
313608 -2.501412e-03 6.548436e-03 1.753075e-01 -4.513331e-02 1.766423e-01 1.405922e+00 -1.623926e+00 6.479183e+00 4.687633e+01 1855 8.045409e-03
313823 1.231558e-02 -2.187401e-02 6.548946e-02 1.414444e-02 -3.420299e-02 6.059141e-02 3.550642e+00 -2.393605e+01 -9.509308e+00 3200 1.215894e-02
314270 -2.551474e-02 3.007626e-03 1.550491e-01 -4.191522e-02 4.686758e-03 1.817145e-01 -1.203498e+01 1.232179e+00 1.956758e+01 4269 1.866415e-02
315027 -3.967579e-03 -6.003613e-03 1.259457e-01 2.827508e-02 -1.902312e-01 5.510166e-01 1.037200e+00 -5.926334e+00 1.367391e+01 6052 2.453056e-02
315040 -8.242923e-04 -2.744533e-03 1.171979e-01 7.297134e-04 -3.142687e-02 1.456166e-01 6.960119e-01 -1.284631e+01 1.272826e+01 6267 2.282328e-02
316813 2.788014e-03 -4.602912e-03 1.442974e-01 -1.827000e-03 -8.941526e-02 1.235295e+00 -1.752888e-01 -3.221367e+00 4.143859e+01 5020 1.876309e-02
317146 -1.725049e-02 1.988229e-02 1.892768e-01 -4.051950e-02 4.496784e-02 2.947427e-01 -6.261471e+00 6.750286e+00 2.837989e+01 4417 1.904533e-02
318346 2.579315e-03 1.964072e-03 1.411506e-01 2.787909e-01 6.255710e-02 4.942806e+00 1.398210e+00 3.067279e-01 2.430645e+01 3520 1.506463e-02
318712 -1.649003e-02 9.944430e-03 1.560949e-01 -1.057062e-01 8.214320e-02 4.944750e-01 -4.200210e+00 3.399046e+00 1.593060e+01 3974 2.185813e-02
318829 1.324351e-05 5.974099e-03 1.193256e-01 -2.698645e-03 5.677727e-02 1.974394e-01 -8.315078e-01 1.557705e+01 2.395090e+01 3064 1.154204e-02
319037 3.849075e-03 1.259671e-03 1.290209e-01 7.413040e-02 3.242414e-02 6.813192e-01 2.611944e+00 1.158200e+00 2.052568e+01 2582 1.158451e-02
321066 -1.354313e-02 -1.024844e-02 1.670863e-01 -8.744099e-01 -6.943760e-01 3.644441e+00 -9.144328e+00 -7.266963e+00 3.693728e+01 4709 1.896921e-02
322348 2.172900e-03 -2.621647e-02 1.827756e-01 -3.077471e-01 -4.337055e+00 1.186764e+01 -8.837764e-01 -1.229290e+01 3.332088e+01 3786 1.633296e-02
323545 -9.251087e-03 2.137175e-02 6.966179e-02 -1.201148e-02 2.915768e-02 6.939022e-02 -9.074499e+00 2.559543e+01 -8.927469e-01 3535 1.363795e-02
324033 -3.457657e-03 -1.054868e-02 1.460520e-01 -2.184439e-01 -6.061948e-01 2.143147e+00 -3.300455e+00 -9.144323e+00 3.065928e+01 2395 1.045276e-02
324681 9.693724e-03 1.246644e-02 1.379971e-01 1.751577e-02 2.930949e-02 1.688492e-01 2.766072e+00 5.956124e+00 1.091010e+01 2780 1.470338e-02
327160 -6.226859e-03 -1.056267e-02 1.278190e-01 -3.192124e-01 -3.092399e-01 7.380377e-01 -1.209504e+01 -1.154211e+01 2.358135e+01 4978 1.958622e-02
329383 -1.092773e-02 -2.256947e-03 1.498481e-01 -1.018640e+00 3.014914e-02 2.871607e+00 -4.148169e+00 1.333972e-01 1.120391e+01 4606 2.216586e-02
330045 1.905024e-02 1.898609e-02 1.902502e-01 9.619534e-01 1.191880e+00 4.254887e+00 5.868706e+00 7.300186e+00 2.529863e+01 4703 2.107294e-02
330128 8.115408e-03 -5.338046e-03 1.269584e-01 5.603078e-01 -3.494770e-01 1.635551e+00 1.129328e+01 -7.038229e+00 3.085329e+01 3841 1.395656e-02
332306 -2.048909e-03 -8.110434e-05 1.541617e-01 -1.204070e-02 -2.111238e-01 2.367502e+00 -9.070043e-02 -1.915740e+00 2.009159e+01 6728 2.701003e-02
333799 -7.231088e-03 5.089889e-03 1.324239e-01 -3.695585e-01 1.991691e-01 1.171361e+00 -2.513125e+00 1.346145e+00 7.206133e+00 2689 1.365996e-02
334164 -2.760582e-03 -3.341243e-03 1.245450e-01 -8.131624e-02 -7.619623e-02 3.395417e-01 -1.070305e+01 -9.926343e+00 2.929286e+01 3295 1.225592e-02
334473 1.167370e-02 -4.874325e-03 1.075392e-01 Inf -Inf Inf 5.348281e+00 -8.886516e+00 2.063041e+01 3097 1.230770e-02
334584 -2.139577e-02 -1.468316e-02 1.376810e-01 -4.470380e-01 -2.247372e-01 6.741656e-01 -1.106239e+01 -5.459280e+00 1.394317e+01 6414 2.690938e-02
336460 -6.741230e-03 2.597881e-03 1.450800e-01 -7.577992e-02 3.082588e-02 3.899001e-01 -9.138520e+00 3.736487e+00 3.240637e+01 5560 2.195093e-02
336682 3.901991e-03 1.017686e-03 1.169388e-01 1.798172e-02 3.629826e-02 2.373196e-01 2.865837e+00 7.181129e+00 2.450272e+01 3241 1.598851e-02
337559 1.830734e-02 7.490910e-03 1.713417e-01 6.597990e-01 3.557407e-01 2.695293e+00 8.775636e+00 4.764073e+00 3.452777e+01 1283 6.874516e-03
340205 1.426601e-03 1.006534e-03 1.226208e-01 1.410757e-02 2.762387e-02 2.500950e-01 5.403429e+00 1.134179e+01 5.431739e+01 3732 1.344251e-02
342485 1.005132e-02 2.168485e-02 1.544170e-01 4.035174e-01 1.231737e+00 2.690347e+00 3.027881e+00 9.311844e+00 1.951501e+01 2438 1.153469e-02
343207 7.424118e-03 2.244458e-03 1.370335e-01 2.322644e-02 1.442480e-02 2.308277e-01 3.974300e+00 3.063369e+00 2.358935e+01 6236 2.492675e-02
343724 6.753002e-03 -4.632804e-03 1.208854e-01 2.200842e-01 -5.768611e-02 5.507091e-01 6.698460e+00 -1.665840e+00 1.349619e+01 4879 1.920840e-02
345263 1.543871e-03 -4.978721e-03 1.170680e-01 -2.480908e-02 -6.073140e-02 1.981244e-01 -5.516740e+00 -1.167130e+01 1.696838e+01 4861 1.982526e-02
346595 -3.661436e-03 5.362658e-03 1.348535e-01 2.455514e-03 2.687413e-02 2.363649e-01 9.790686e-01 3.443090e+00 1.624774e+01 12503 4.799922e-02
347802 8.304741e-03 1.003211e-02 1.386534e-01 6.146981e-02 7.190289e-02 3.114861e-01 9.844131e+00 1.145610e+01 3.200198e+01 1420 6.150431e-03
347823 -5.115314e-03 -1.220665e-03 1.137433e-01 -7.280888e-02 1.905144e-02 1.726496e-01 -1.275061e+01 3.818409e+00 1.109546e+01 1187 4.345252e-03
348897 8.285237e-04 1.398751e-03 1.201780e-01 -2.895022e-03 5.069563e-02 2.011664e-01 -8.267303e-01 1.094527e+01 1.798166e+01 5851 2.028674e-02
349117 9.039783e-03 -1.517256e-03 1.250422e-01 3.147515e-01 2.230720e-02 6.069775e-01 1.443948e+01 1.125285e+00 2.276293e+01 3368 1.412596e-02
349977 -4.539805e-03 -3.205117e-03 1.168517e-01 -3.577659e-02 -3.115570e-02 1.865033e-01 -7.694284e+00 -6.884822e+00 1.715666e+01 1700 6.988734e-03
350079 -4.603511e-04 3.590957e-03 1.374749e-01 2.606386e-02 2.526614e-02 4.655229e-01 1.774919e+00 1.450437e+00 2.195197e+01 3742 1.578046e-02
350702 -2.742046e-03 7.758587e-05 1.221682e-01 -1.497912e-02 -4.108569e-02 3.723127e-01 -2.064661e+00 -6.945141e+00 4.220482e+01 1796 6.724682e-03
351562 -6.705821e-04 -7.779459e-04 1.282456e-01 -2.460392e-02 5.784555e-03 4.619052e-01 -1.359338e+00 3.727294e-01 1.895082e+01 4014 1.600530e-02
351661 -3.843768e-03 -5.491050e-03 1.398511e-01 -1.508315e-01 -7.030155e-02 7.872550e-01 -5.396579e+00 -2.379484e+00 2.376910e+01 3421 1.437659e-02
353183 1.179563e-02 1.006964e-02 1.377743e-01 7.705039e-01 6.674570e-01 1.819388e+00 7.732226e+00 6.699634e+00 1.713783e+01 1642 8.718092e-03
355559 1.917881e-03 7.564643e-03 1.607892e-01 1.180535e-01 1.209100e-01 2.607896e+00 8.825040e-01 8.613016e-01 1.859535e+01 3182 1.486554e-02
355858 -4.771616e-03 1.317142e-02 1.328561e-01 -4.378618e-01 4.599816e-01 1.095106e+00 -8.474213e+00 8.742669e+00 1.882820e+01 2083 1.062355e-02
357228 -2.767010e-02 4.696465e-03 1.726137e-01 -6.745885e-01 1.704292e-01 1.774151e+00 -1.503394e+01 3.851514e+00 3.721862e+01 2876 1.176024e-02
357811 6.629247e-03 2.277082e-02 1.562415e-01 8.652315e-02 2.729627e-01 5.697155e-01 6.937793e+00 2.172606e+01 3.590509e+01 3354 1.410000e-02
362528 1.328611e-02 1.308029e-02 1.598576e-01 1.911258e+00 1.975254e+00 7.430262e+00 6.356167e+00 6.571177e+00 2.434805e+01 2353 1.104676e-02
362551 2.991813e-03 -1.225143e-02 1.074830e-01 Inf -Inf Inf 3.019342e+00 -5.853636e+00 6.288732e+00 2663 1.137742e-02
363040 -6.613420e-03 9.313523e-03 1.615909e-01 -2.536379e-01 3.931746e-01 1.842295e+00 -3.148769e+00 4.892996e+00 2.142358e+01 4280 1.821892e-02
363817 -5.712227e-03 -1.132769e-02 1.812471e-02 Inf -Inf Inf 1.058397e+01 -1.258009e+01 3.432594e+00 1188 4.163380e-03
363851 2.335985e-02 1.006479e-02 1.518998e-01 1.721870e+00 3.987206e-01 3.202125e+00 1.244670e+01 2.848074e+00 2.235209e+01 3979 1.636329e-02
366825 5.795113e-03 1.625349e-03 1.224884e-01 9.256189e-02 8.340954e-02 4.022342e-01 7.338049e+00 6.916661e+00 2.365869e+01 1625 6.485290e-03
367811 1.198828e-02 -2.188053e-02 1.527267e-01 2.833250e-01 -7.493644e-01 1.344917e+00 4.779702e+00 -1.281491e+01 2.100090e+01 3094 1.367706e-02
368619 -8.416731e-03 4.906917e-03 1.385977e-01 -9.723030e-02 6.513642e-02 4.898319e-01 -7.566721e+00 5.131422e+00 2.992438e+01 1174 6.887482e-03
369173 2.672549e-03 -4.612843e-03 1.244443e-01 6.094294e-03 -2.316068e-03 2.351783e-01 1.048089e+00 7.035081e-01 3.391813e+01 2645 1.036224e-02
372385 -9.908908e-03 -2.395752e-02 6.913624e-02 -3.777726e-02 -5.879477e-02 7.187250e-02 -1.180001e+01 -1.475077e+01 1.158588e+00 2847 1.300111e-02
373503 2.089775e-03 8.122325e-03 1.788349e-01 1.221093e-01 6.314999e-01 7.931665e+00 5.682589e-01 2.951519e+00 3.670748e+01 3310 1.499556e-02
374610 1.176431e-02 -7.116176e-04 1.329468e-01 4.074281e-01 7.010064e-02 8.157145e-01 1.275802e+01 2.283313e+00 2.201557e+01 3564 1.482528e-02
375487 -6.086615e-03 -1.312113e-02 1.788392e-01 -7.383343e-02 -1.740408e-01 9.389556e-01 -2.631858e+00 -6.251478e+00 2.952933e+01 1919 9.408166e-03
376281 7.319995e-03 -6.703978e-03 1.317455e-01 8.486656e-02 -3.115307e-02 3.134238e-01 8.870081e+00 -2.796583e+00 2.078108e+01 3277 1.274382e-02
377606 -1.724768e-03 9.044714e-03 1.570507e-01 -1.247510e-01 1.638802e-01 1.382796e+00 -3.212590e+00 4.043226e+00 3.200793e+01 6556 2.566235e-02
378675 1.740405e-02 -2.337705e-02 6.749961e-02 2.647591e-02 -3.794074e-02 6.676207e-02 5.527307e+00 -8.873380e+00 -4.493715e-01 5643 2.579228e-02
379441 -2.148433e-03 -2.474460e-03 1.208207e-01 -1.092517e-02 -3.018175e-02 1.622373e-01 -4.326380e+00 -1.365795e+01 2.041577e+01 2099 8.250243e-03
379670 -1.531935e-03 -2.359301e-03 1.700138e-01 1.614803e-02 -1.960310e-01 7.841778e-01 4.202782e-01 -4.603856e+00 1.459957e+01 2373 1.306570e-02
380369 -2.449673e-03 -2.868637e-02 6.572889e-02 -5.915193e-03 -1.008206e-01 4.843301e-02 -1.702818e+00 -3.544391e+01 -8.498508e+00 6242 2.292936e-02
382104 -6.368587e-03 -2.260998e-03 1.420659e-01 -7.631262e-02 1.343222e-01 8.246218e-01 -1.350301e+00 2.636801e+00 1.317705e+01 2847 1.377391e-02
383246 -1.373964e-02 -1.675245e-02 1.277984e-01 -4.559045e-02 -5.429288e-02 1.673699e-01 -1.339143e+01 -1.578359e+01 1.663752e+01 2240 9.722230e-03
383708 -1.669831e-02 1.865536e-02 6.782254e-02 -2.212864e-02 2.421643e-02 6.843474e-02 -2.395762e+01 2.453440e+01 2.700893e+00 3570 1.273267e-02
387228 1.159549e-03 2.206059e-02 1.426198e-01 -4.242512e-03 1.865427e-01 3.087422e-01 -3.349207e-01 1.019768e+01 1.029937e+01 2795 1.481916e-02
387459 5.236507e-03 5.068845e-03 1.263750e-01 2.660758e-02 4.804260e-02 2.258925e-01 7.365804e+00 1.481144e+01 3.429993e+01 2661 9.951800e-03
389522 -2.669448e-03 -2.134759e-03 1.173808e-01 6.408073e-03 2.664180e-02 2.101172e-01 1.013196e+00 3.211924e+00 1.035086e+01 2281 9.284813e-03
390064 3.414290e-04 -2.364356e-03 1.256292e-01 -6.747241e-03 -2.696882e-02 2.652468e-01 -1.592835e+00 -5.528659e+00 3.137230e+01 11174 3.923727e-02
390183 -1.253192e-02 2.018726e-03 8.763027e-02 -Inf Inf Inf -1.229830e+01 1.024010e+00 2.832660e+01 2143 8.338104e-03
390713 -2.790316e-02 -8.414879e-03 1.544684e-01 -4.036220e-01 -9.267647e-02 7.080548e-01 -1.309019e+01 -2.935705e+00 1.928716e+01 2593 1.249183e-02
390944 3.846367e-03 3.694198e-03 1.221887e-01 1.512584e-02 5.968858e-02 3.457000e-01 1.118803e+00 5.554046e+00 2.216994e+01 2392 1.053801e-02
390978 2.137148e-02 -1.471208e-02 6.602319e-02 7.353681e-02 -3.929235e-02 4.322093e-02 2.500516e+01 -1.178241e+01 -1.093013e+01 4738 1.850954e-02
391346 -4.496983e-03 2.634795e-03 1.171519e-01 -6.880636e-02 9.291002e-02 1.837346e-01 -9.717152e+00 1.364059e+01 1.006065e+01 1590 7.379407e-03
391524 -4.004657e-04 -2.541090e-03 1.395437e-01 -2.309444e-02 -5.759098e-02 3.641348e-01 -2.499485e+00 -6.063123e+00 2.473617e+01 6686 2.566440e-02
394723 2.740981e-02 8.128974e-03 7.100422e-02 3.362145e-02 1.129658e-02 7.315346e-02 2.248927e+01 1.146833e+01 7.781348e+00 4212 1.597392e-02
395437 7.636886e-03 9.981578e-03 1.074642e-01 Inf Inf Inf 1.210548e+01 1.693811e+00 2.044157e+01 3387 1.298014e-02
397882 5.737610e-03 8.830823e-03 1.312968e-01 3.106873e-02 2.963675e-02 2.033344e-01 6.987763e+00 5.739459e+00 1.987209e+01 3282 1.394703e-02
398744 9.788584e-03 7.036386e-03 1.673291e-01 1.943390e-01 7.216190e-02 1.367046e+00 3.015622e+00 1.064175e+00 1.960382e+01 5240 2.256451e-02
398936 3.511231e-03 -1.342377e-03 1.137653e-01 1.521790e-02 -3.494800e-02 1.478655e-01 4.049011e+00 -1.162325e+01 1.179434e+01 2616 1.144512e-02
399026 -1.821701e-03 1.662027e-02 1.495539e-01 -6.175625e-03 3.201449e-02 1.948541e-01 -3.107325e+00 1.098661e+01 3.233001e+01 4923 1.902926e-02
399710 5.130532e-03 -5.220117e-03 1.393385e-01 8.550382e-03 -2.267058e-02 2.554407e-01 9.676019e-01 -4.937381e+00 3.284962e+01 2467 9.932420e-03
401542 -5.676757e-03 -2.344147e-03 1.209308e-01 -2.308645e-02 -2.650884e-02 1.889035e-01 -5.527631e+00 -7.672362e+00 2.158157e+01 6156 2.461785e-02
402866 2.497146e-04 -1.102841e-02 1.653037e-01 1.795935e-02 -3.365938e-02 4.120320e-01 1.835120e+00 -2.345082e+00 2.556665e+01 3988 1.681147e-02
402932 2.129936e-03 4.192147e-03 1.424342e-01 2.144691e-02 1.002242e-01 6.640801e-01 7.525768e-01 3.741346e+00 2.032299e+01 5217 2.392197e-02
404096 6.179197e-03 -1.101080e-02 1.075724e-01 Inf -Inf Inf 1.137110e+00 -6.741992e+00 1.294312e+01 1205 5.300045e-03
406258 2.469288e-02 9.419689e-03 1.798378e-01 2.438318e+00 3.567507e-01 7.303645e+00 5.475249e+00 7.879120e-01 1.616018e+01 1589 1.080117e-02
411387 -2.654002e-02 -8.146454e-03 6.906719e-02 -1.395490e-01 -4.435459e-02 1.026195e-01 -1.801795e+01 -5.772958e+00 5.349525e+00 1881 1.334184e-02
411637 8.737573e-03 -9.065481e-03 9.757652e-02 Inf -Inf Inf 1.410570e+01 -1.424482e+01 3.336558e+01 1483 5.043953e-03
411973 -4.169898e-03 1.438799e-03 1.170220e-01 -1.346192e-01 1.086277e-01 7.870529e-02 -4.793007e+00 3.938367e+00 -1.407842e+00 1726 8.713533e-03
413593 -7.975037e-04 8.044907e-03 1.508941e-01 -1.227971e-01 1.960695e-01 2.416927e+00 -1.635352e+00 2.520389e+00 3.037520e+01 6408 2.568496e-02
413936 -8.664822e-03 -7.086293e-04 1.223706e-01 -2.996713e-02 3.514707e-03 1.527209e-01 -9.055475e+00 1.795313e+00 1.290170e+01 2227 1.176123e-02
416979 -9.148928e-03 9.472885e-03 1.454405e-01 -2.174115e-01 1.554926e-01 9.697339e-01 -6.585999e+00 4.617659e+00 2.606707e+01 2046 8.791869e-03
417833 -9.338136e-03 -1.849051e-02 1.383025e-01 -1.293967e-01 -2.297138e-01 5.783917e-01 -5.075206e+00 -8.928986e+00 1.860378e+01 7045 2.676945e-02
418030 1.838718e-03 4.210924e-03 1.170393e-01 4.908108e-02 7.133972e-02 2.583428e-01 2.547336e+00 3.619624e+00 7.619169e+00 4278 1.730001e-02
420735 4.850218e-03 -7.068665e-03 1.320914e-01 7.373029e-02 -7.932427e-02 4.605584e-01 5.405267e+00 -5.670158e+00 2.577599e+01 4558 1.732201e-02
424884 -7.589431e-03 1.008594e-02 8.746722e-02 -Inf Inf Inf -9.933124e+00 3.156024e+00 2.290014e+01 4027 1.411970e-02
426753 -1.098524e-02 -6.358025e-03 8.262905e-02 -Inf -Inf Inf -9.807381e+00 -1.421596e+01 1.824687e+01 3681 1.290018e-02
427460 -4.236306e-03 -8.536661e-03 1.332439e-01 -1.581301e-01 -2.967203e-01 8.298295e-01 -6.409670e+00 -1.200284e+01 2.901277e+01 1906 8.441374e-03
427510 -7.703148e-03 1.005152e-02 9.753440e-02 -Inf Inf Inf -3.370949e+00 4.329006e+00 8.917323e-02 2539 1.200934e-02
428171 -4.786599e-05 -1.113422e-03 1.285101e-01 1.916186e-02 -5.541057e-02 3.042506e-01 2.688670e+00 -7.599647e+00 2.459734e+01 4565 1.720028e-02
428194 -5.032221e-03 1.124145e-02 1.391952e-01 -3.117873e-01 7.210578e-01 2.285180e+00 -6.007442e+00 1.390093e+01 4.202663e+01 3204 1.267873e-02
429927 -7.778238e-04 1.260587e-02 1.074024e-01 -Inf -Inf Inf -4.812072e-01 -5.857457e-01 2.255424e+01 6239 2.506787e-02
429952 3.923342e-03 -4.305332e-03 1.248166e-01 2.583220e-02 -1.942778e-02 1.644709e-01 6.554285e+00 -4.524052e+00 1.186302e+01 3368 1.370920e-02
430701 2.059431e-02 -1.373118e-02 6.986738e-02 5.563868e-02 -3.608267e-02 8.016715e-02 2.170803e+01 -1.384550e+01 6.380130e+00 1851 7.046856e-03
432248 -2.955647e-03 -2.996921e-03 1.257815e-01 -2.290214e-02 -1.446122e-03 2.294320e-01 -5.288818e+00 4.111946e-01 2.748296e+01 3923 1.408400e-02
434062 -6.690600e-03 2.284288e-03 1.221224e-01 -1.004157e-01 7.306674e-02 3.546417e-01 -8.986347e+00 6.786609e+00 2.229390e+01 5043 1.853592e-02
434847 1.686412e-03 2.842579e-03 1.140281e-01 2.850615e-02 1.037798e-02 1.481317e-01 1.030345e+01 2.894908e+00 1.310171e+01 4931 1.747820e-02
437420 1.721601e-02 1.937822e-02 1.734059e-01 1.439866e+00 1.912280e+00 5.846697e+00 2.646012e+00 3.520641e+00 1.055185e+01 6794 3.064143e-02
438863 -3.775332e-03 1.211473e-02 1.810574e-02 -Inf Inf -Inf -4.338967e+00 1.505376e+01 -1.462900e+01 1686 5.862120e-03
441377 -6.165431e-03 1.096902e-02 1.024716e-01 -Inf Inf -Inf -4.069400e+00 3.514657e+00 -4.871203e+00 7134 2.710294e-02
441756 1.239984e-03 -5.934171e-03 1.240475e-01 -2.791613e-03 -4.091764e-02 2.578889e-01 -7.829019e-01 -6.793494e+00 2.599086e+01 2421 9.032786e-03
442020 -4.700388e-03 1.172640e-02 9.260381e-02 -Inf Inf Inf -6.832799e+00 1.071133e+01 1.849406e+01 6387 2.230182e-02
443204 -1.101370e-02 -5.421819e-03 1.590984e-01 -7.670978e-02 -9.337672e-03 3.635141e-01 -1.101204e+01 -6.563794e-01 3.426437e+01 2763 1.282241e-02
443510 -5.588508e-03 8.214041e-03 1.665295e-01 -3.802153e-02 1.075226e-01 8.694339e-01 -1.293549e+00 3.960796e+00 2.803444e+01 2348 9.985725e-03
444066 -4.276241e-03 1.648324e-03 1.169750e-01 -5.887000e-02 2.629487e-02 3.913551e-01 -7.023222e+00 3.170658e+00 3.529766e+01 5600 2.069327e-02
445015 3.275453e-03 6.167499e-04 1.179440e-01 1.426225e-02 2.007432e-03 2.493442e-01 1.568216e+00 1.985010e-01 1.875561e+01 3199 1.317492e-02
445524 -2.900587e-04 -7.141129e-03 1.193896e-01 1.712911e-02 -5.424256e-02 1.707366e-01 6.510797e+00 -1.760520e+01 1.919208e+01 2429 1.167619e-02
446943 6.749473e-04 2.476062e-03 1.201222e-01 9.402023e-03 2.139623e-02 2.122654e-01 1.655081e+00 3.588191e+00 1.747487e+01 1495 5.543678e-03
447193 9.404521e-03 -8.474978e-03 1.026352e-01 Inf Inf Inf 1.207129e+01 2.340977e+00 3.128335e+00 4539 1.777052e-02
448490 1.355987e-02 1.864250e-03 1.591052e-01 5.544819e-01 1.153572e-01 2.311361e+00 7.584329e+00 1.591297e+00 3.017702e+01 1429 7.699184e-03
449608 5.450311e-03 -2.877724e-02 6.779509e-02 4.933413e-02 -2.060379e-01 4.728961e-02 8.186462e+00 -3.306772e+01 -3.825267e+00 4420 1.674826e-02
450314 3.573086e-03 -7.008282e-03 1.149346e-01 5.108009e-02 -1.428950e-01 2.502672e-01 4.459745e+00 -1.275644e+01 1.270441e+01 3354 1.329349e-02
450318 2.416294e-02 7.776055e-03 6.718418e-02 6.492978e-02 1.465018e-02 6.989296e-02 2.773731e+01 4.677076e+00 1.843024e+00 1964 9.415466e-03
450410 -4.857610e-03 2.257289e-03 1.202450e-01 -3.779338e-02 1.448248e-02 2.510423e-01 -5.015749e+00 1.861760e+00 1.991898e+01 3088 1.187393e-02
450740 -1.261305e-02 -8.614463e-04 9.739866e-02 -Inf -Inf Inf -1.267028e+01 -6.399715e+00 3.253220e+01 1379 5.352639e-03
451740 -1.200481e-02 -2.232529e-02 1.664970e-01 -5.140363e-01 -8.362567e-01 1.509163e+00 -4.254674e+00 -6.897998e+00 1.137898e+01 4762 2.142238e-02
452127 4.130109e-03 -9.624751e-04 1.363289e-01 4.705765e-03 -1.619423e-02 3.686603e-01 7.115348e-02 -1.882710e+00 2.871717e+01 3424 1.448226e-02
454896 9.375650e-03 -8.533719e-03 1.807977e-02 -Inf -Inf -Inf -9.581868e-02 -9.950007e+00 -1.842584e+01 3146 1.084896e-02
455974 1.465066e-02 -1.878214e-02 6.772562e-02 2.296136e-02 -2.891046e-02 6.852183e-02 6.846824e+00 -8.344287e+00 6.559555e-01 8268 3.144704e-02
457210 -2.868524e-03 2.682629e-03 1.222543e-01 -1.520340e-02 1.477229e-02 2.091329e-01 -2.863457e+00 2.806532e+00 2.016828e+01 3033 1.210643e-02
457487 6.983678e-03 -4.566059e-05 1.180596e-01 4.637599e-02 9.975916e-03 1.880442e-01 1.340441e+01 3.410139e+00 2.381435e+01 4302 1.791607e-02
457956 2.105077e-03 -1.132899e-03 1.570927e-01 2.749322e-04 2.443804e-03 7.970921e-01 -1.035602e-01 2.023906e-01 3.621488e+01 1795 7.875375e-03
458012 1.083161e-02 -4.715452e-03 1.759201e-01 2.584116e-01 -1.417138e-01 1.785040e+00 5.400199e+00 -2.988200e+00 3.509803e+01 11298 4.225975e-02
458730 6.318401e-03 -5.874886e-04 1.329031e-01 7.464047e-02 1.422732e-02 3.791840e-01 7.100294e+00 1.539612e+00 2.559446e+01 4331 1.716931e-02
460430 -2.130373e-02 -1.401880e-02 6.508619e-02 -2.784671e-02 -1.928198e-02 6.354169e-02 -1.134415e+01 -9.125244e+00 -2.677840e+00 1730 7.360016e-03
460548 -2.883882e-03 1.218516e-02 9.252085e-02 Inf Inf Inf 2.398715e+00 4.272196e+00 1.297300e+01 3671 1.352669e-02
460639 -6.463278e-03 -2.813752e-03 1.210641e-01 -3.671806e-02 -2.685107e-02 1.990721e-01 -5.487854e+00 -4.360080e+00 1.414971e+01 8185 3.034022e-02
460738 1.435725e-02 -3.889608e-03 1.979116e-01 9.462341e-01 -4.290973e-01 7.349115e+00 4.055735e+00 -1.850598e+00 3.112362e+01 4983 2.162854e-02
461268 2.531632e-03 -8.423300e-03 1.348110e-01 8.917078e-03 -7.037688e-02 2.789944e-01 6.474828e-01 -6.282079e+00 1.462016e+01 2717 1.413291e-02
461595 1.566356e-02 -1.260089e-02 1.825811e-01 4.811569e-01 -3.398313e-01 2.118673e+00 9.675816e+00 -6.801863e+00 4.024391e+01 2706 1.218986e-02
462000 -1.257426e-02 2.223060e-02 6.786379e-02 -1.522761e-02 2.635330e-02 6.914113e-02 -6.391788e+00 9.931344e+00 3.077045e+00 4734 2.163310e-02
462386 -2.388224e-02 -2.415833e-03 6.754723e-02 -3.640957e-02 -2.263152e-03 6.654650e-02 -3.269552e+01 3.984883e-01 -2.611831e+00 3750 1.460400e-02
463310 -2.736480e-02 -8.882052e-03 6.799615e-02 -4.325457e-02 -1.604795e-02 7.401839e-02 -1.313762e+01 -5.924752e+00 4.979171e+00 3484 2.317223e-02
463563 -1.301203e-02 2.349274e-02 6.809634e-02 -2.583876e-02 3.766953e-02 7.284820e-02 -1.939722e+01 2.143887e+01 7.186006e+00 5003 2.034721e-02
463682 -1.269208e-02 2.148878e-02 7.043171e-02 -2.633600e-02 3.250735e-02 7.473934e-02 -1.891372e+01 1.527437e+01 5.971402e+00 5780 2.018886e-02
464137 -1.156433e-02 1.014397e-02 1.434432e-01 -4.328144e-01 4.040704e-01 1.354412e+00 -6.650506e+00 6.219133e+00 1.911823e+01 1856 9.862417e-03
464888 1.028628e-03 -1.256750e-02 1.287655e-01 1.836584e-02 -1.297368e-01 3.148001e-01 1.764324e+00 -1.192374e+01 1.893182e+01 4535 2.007437e-02
464959 2.822409e-03 -3.643098e-03 1.375335e-01 1.703718e-02 -5.017892e-02 4.449872e-01 1.835488e+00 -6.008957e+00 3.970009e+01 1286 5.763708e-03
465021 4.160408e-04 -2.754211e-03 1.187170e-01 -1.487565e-03 -1.263821e-02 2.076694e-01 -9.694622e-01 -5.033687e+00 4.530139e+01 3651 1.242543e-02
465100 -5.801927e-03 -4.403476e-03 1.878293e-01 -7.231988e-02 -1.013405e-01 1.860072e+00 -1.217583e+00 -1.774391e+00 3.060969e+01 2114 1.069235e-02
466470 -1.475679e-02 2.425710e-03 1.381748e-01 -3.337311e-01 1.819491e-02 8.298565e-01 -1.454636e+01 7.191314e-01 3.154314e+01 2829 1.103277e-02
468918 -2.777098e-04 -3.025207e-03 1.233082e-01 6.986943e-04 -2.509126e-02 2.162114e-01 3.818279e-01 -8.629044e+00 3.633029e+01 1097 4.690190e-03
468988 -2.280998e-03 -3.247862e-03 1.311379e-01 -3.555016e-02 -6.231356e-02 3.655165e-01 -2.948153e+00 -5.234119e+00 2.076951e+01 2610 1.179969e-02
471583 -1.932560e-03 -1.244915e-02 1.024487e-01 -Inf -Inf Inf -2.335266e+00 -9.083989e+00 9.422712e+00 3178 1.172227e-02
474904 7.969127e-04 -1.260508e-02 1.075057e-01 -Inf -Inf Inf -6.231104e+00 -5.336218e+00 1.194410e+01 1999 8.539622e-03
476508 -7.972915e-03 -1.330014e-03 1.647623e-01 -2.689677e-01 -1.190071e-01 1.726819e+00 -5.666038e+00 -2.554699e+00 3.391131e+01 3109 1.321301e-02
478869 -7.313429e-03 7.067588e-03 1.764538e-01 -2.758280e-01 2.457543e-01 4.387673e+00 -1.931892e+00 1.717288e+00 3.029861e+01 1966 8.937644e-03
479017 -2.258877e-03 1.057787e-02 1.321110e-01 -4.915195e-01 7.226399e-01 1.608275e+00 -4.310572e+00 6.273536e+00 1.300557e+01 1976 9.853695e-03
482988 4.521912e-03 9.453852e-04 1.139447e-01 3.156750e-02 -7.283921e-03 2.160819e-01 5.649896e+00 -1.719124e+00 2.133674e+01 2498 9.457750e-03
483631 7.737124e-03 1.435788e-03 1.245741e-01 2.186388e-01 3.932116e-02 4.481613e-01 1.922640e+01 3.453739e+00 2.949914e+01 6180 2.238304e-02
484386 -4.379801e-03 1.205409e-02 1.635797e-01 -8.535545e-02 1.487889e-01 6.900893e-01 -5.116199e+00 8.639169e+00 3.326590e+01 1095 6.183534e-03
484595 5.652517e-04 -2.868811e-02 1.268955e-01 -6.500714e-03 -3.174103e-01 2.864264e-01 -4.156403e-01 -1.698346e+01 9.384065e+00 3119 1.504736e-02
485296 6.830146e-03 8.738628e-03 1.252060e-01 2.839732e-01 2.724201e-01 5.842081e-01 1.255712e+01 1.194719e+01 2.079701e+01 6874 2.487055e-02
485596 1.144509e-02 -1.955457e-04 1.210900e-01 1.849546e-01 -8.938546e-02 1.650825e-01 1.703622e+01 -8.757211e+00 4.319449e+00 4219 1.615775e-02
487680 9.345807e-03 7.859450e-03 1.388680e-01 1.198227e-01 1.152920e-01 4.747930e-01 7.778803e+00 7.564445e+00 2.365285e+01 7056 2.653551e-02
488194 1.145513e-03 -3.270882e-03 1.174200e-01 -1.957092e-02 -3.991901e-02 2.351504e-01 -4.196232e+00 -7.423290e+00 2.384697e+01 2984 1.110428e-02
488840 -1.132001e-02 -5.469718e-03 9.749456e-02 -Inf -Inf Inf -1.351696e+01 -7.138510e+00 3.796956e+01 4633 1.572555e-02
489086 3.454766e-03 2.622219e-03 1.226795e-01 6.911737e-02 2.910855e-02 2.868617e-01 1.220393e+01 4.922700e+00 3.051460e+01 1934 7.670057e-03
490893 8.436827e-03 4.390367e-03 1.228492e-01 3.132009e-02 8.521479e-03 1.510510e-01 8.674887e+00 1.566076e+00 1.069111e+01 1974 8.897366e-03
491289 4.231852e-03 -7.542816e-03 1.700673e-01 1.628939e-01 -3.603685e-01 2.026108e+00 3.015973e+00 -6.706787e+00 3.528107e+01 6673 2.638039e-02
492394 -1.296456e-02 2.259581e-03 1.487465e-01 -5.688209e-01 2.796451e-01 1.869664e+00 -8.575485e+00 4.279371e+00 2.654949e+01 3658 1.447882e-02
493636 1.105932e-02 -2.261151e-02 6.665392e-02 1.407543e-02 -3.021081e-02 6.490102e-02 9.075149e+00 -2.286552e+01 -5.274310e+00 3644 1.466413e-02
494682 -1.843496e-03 4.857510e-03 1.747887e-01 -2.797470e-02 1.016847e-01 8.549797e-01 -1.162701e+00 4.308302e+00 3.026492e+01 4743 1.958987e-02
495450 1.754136e-03 -4.500514e-03 1.305664e-01 5.225731e-03 -3.486604e-02 9.108676e-01 1.854564e-01 -1.622160e+00 4.168454e+01 13459 4.904448e-02
496025 -1.203433e-03 -3.750854e-03 1.216863e-01 1.349402e-03 -1.518520e-02 2.373670e-01 8.412930e-01 -3.768215e+00 3.812285e+01 5182 1.896704e-02
498324 2.739357e-02 1.222994e-03 6.966366e-02 3.354570e-02 9.844535e-04 7.062918e-02 2.319351e+01 -8.992967e-01 3.639997e+00 2265 8.775064e-03
499749 7.760332e-03 -1.001920e-02 1.075581e-01 Inf -Inf Inf 2.568345e+00 -1.303225e+01 3.154191e+01 6101 2.236445e-02
499807 3.163996e-03 5.602815e-03 1.280352e-01 6.967403e-03 3.427301e-02 2.578495e-01 6.861943e-01 5.172552e+00 2.342053e+01 14046 5.047926e-02
