/n/home03/calmiller/DSMC_Simulations/5_25_20_cold_second_stage/flow_2.000_gap_0.00200_len_0.000/data
running....
idx x y z xnext ynext znext vx vy vz collides time
230 -1.404903e-02 9.491161e-03 1.530256e-01 1.432210e-02 -9.185553e-03 1.579874e+00 1.318361e+00 -1.541262e+00 2.164706e+01 987 9.412054e-03
519 -1.412208e-02 1.209324e-02 1.641082e-01 -1.144689e-02 9.945405e-03 1.844893e+00 -4.864623e+00 4.022387e+00 3.865202e+01 1159 9.397379e-03
704 -2.078281e-03 -3.509582e-03 1.778679e-01 -3.179661e-03 -3.303876e-03 7.527992e+00 5.989542e-01 -7.918192e-01 2.490504e+01 1241 1.170646e-02
762 9.657931e-03 1.062330e-02 1.116747e-01 -9.945630e-03 -1.101519e-02 4.914890e-01 -1.622593e+00 -2.274324e+00 1.698004e+01 907 8.317148e-03
784 -5.263305e-03 -1.307185e-02 1.122957e-01 4.924284e-03 1.379349e-02 1.727068e+00 -2.806376e+00 -6.851596e+00 2.309133e+01 1384 1.065726e-02
914 -3.536571e-03 -6.283508e-03 2.868996e-01 4.478393e-03 1.325616e-02 7.275117e+00 -1.560383e+00 -1.319038e+01 3.261889e+01 1455 1.528662e-02
1170 2.680283e-03 -1.210302e-03 1.061011e-01 2.549452e-03 -5.090542e-05 5.391651e-01 -9.300830e-01 8.184458e-01 9.320044e+00 1707 1.512597e-02
1230 -4.104753e-03 9.956768e-03 3.337898e-01 -1.681742e-03 3.478168e-03 1.290183e+01 2.297392e+00 -5.859317e+00 4.958249e+01 742 9.299858e-03
1288 -9.973199e-04 -1.817080e-03 2.335891e-01 1.555358e-02 1.835931e-02 1.247047e+01 -9.936930e-01 -7.843387e-01 2.215949e+01 688 1.111133e-02
1321 -4.516059e-03 1.614980e-03 2.947285e-01 1.351411e-02 -6.157949e-03 3.367019e+01 -8.909350e+00 4.595685e+00 3.341709e+01 1242 1.410769e-02
1387 -6.878134e-03 -2.027916e-03 1.058142e-01 8.728218e-03 2.770890e-03 4.447001e-01 -5.363641e+00 -1.607485e+00 2.867349e+01 1230 9.394775e-03
1823 -4.376104e-03 -1.177947e-02 3.279667e-01 2.540952e-03 -5.714063e-04 1.136237e+01 -3.837719e+00 -7.819494e+00 3.259728e+01 297 1.047774e-02
1827 -1.337001e-03 -2.075385e-03 1.961211e-01 -2.067197e-03 3.659085e-03 9.794500e+00 5.284692e+00 -2.172746e+00 1.777789e+01 905 1.386172e-02
1924 -5.256863e-03 -7.849821e-03 2.326282e-01 -2.340374e-03 -2.253827e-03 1.401171e+01 -3.549944e+00 -5.128551e+00 3.132749e+01 812 1.057013e-02
2203 -1.240784e-02 1.116039e-02 2.332319e-01 1.522733e-05 -4.597662e-03 5.384363e+00 -7.624188e+00 6.193155e+00 3.999076e+01 2615 2.086039e-02
2292 7.249363e-03 3.005282e-03 1.816600e-01 8.318810e-03 3.903051e-03 1.451086e+00 1.321881e+00 3.088180e-01 2.963889e+01 1687 1.488005e-02
2315 -8.927638e-03 -4.877241e-03 1.170631e-01 -1.144733e-02 -5.955419e-03 5.652186e-01 -1.826201e+00 -6.417944e-01 2.870019e+01 2019 1.495812e-02
2433 -9.307726e-04 -9.340196e-04 1.740993e-01 2.647896e-03 -8.657652e-04 5.355751e+00 -9.716913e-01 1.427210e+00 1.714160e+01 5819 4.568763e-02
2598 -5.571259e-03 -1.326414e-02 1.033543e-01 3.933659e-03 9.268222e-03 2.404529e+00 4.343170e+00 1.057562e+01 2.400708e+01 1179 8.826837e-03
2606 -1.527717e-03 2.323584e-03 1.104596e-01 -6.101151e-04 3.044707e-03 7.135611e-01 -9.618583e-01 1.603648e+00 2.360429e+01 975 7.743462e-03
2633 1.492996e-02 -1.251752e-02 1.768979e-01 1.326622e-02 -1.250068e-02 3.326997e+00 3.992285e+00 -2.016965e+00 3.067545e+01 1041 9.442787e-03
2765 8.138903e-03 -6.580530e-03 2.408143e-01 -6.961644e-03 4.557393e-03 7.843640e+00 -3.667655e+00 3.191588e+00 3.853128e+01 3824 2.831823e-02
2830 -2.133283e-05 3.557836e-03 1.047888e-01 1.079718e-03 9.070124e-03 6.490503e-01 5.252448e-01 1.602434e+00 3.291301e+01 2719 1.972021e-02
2908 -2.582415e-04 -2.443813e-03 2.895034e-01 -3.164054e-04 -2.775127e-03 1.259273e+00 1.119156e+00 6.366655e+00 3.279866e+01 1012 1.231797e-02
3050 -6.963230e-03 5.027428e-03 9.687682e-02 6.644353e-03 -6.546801e-04 4.327414e-01 -9.996912e+00 4.665368e+00 2.508648e+01 1689 1.172097e-02
3340 -2.790183e-03 -7.397707e-04 9.430923e-02 9.874821e-03 4.857791e-03 4.241429e-01 -5.571624e-01 1.114961e-01 3.147424e+01 3334 2.249468e-02
3440 8.240942e-03 2.701984e-03 1.925699e-01 -4.844997e-03 -3.110901e-04 2.180911e+00 4.855246e+00 2.969418e+00 2.046756e+01 711 1.046021e-02
3516 -3.597911e-03 -1.909438e-03 1.052226e-01 1.630686e-03 6.317625e-03 4.790090e-01 -1.977304e+00 -2.726314e-01 3.613687e+01 537 3.910455e-03
3785 -1.115708e-02 4.404647e-03 1.561957e-01 6.971935e-03 -4.863794e-03 9.810187e-01 -7.163414e+00 2.960839e+00 3.140532e+01 886 8.026702e-03
3845 -2.036878e-03 -1.377550e-02 1.268519e-01 1.195640e-03 1.007691e-02 7.637279e-01 1.411565e+00 6.753781e+00 2.959159e+01 1767 1.227756e-02
4078 -9.000164e-03 -1.349421e-03 3.258169e-01 -7.536816e-03 -1.917264e-03 7.133297e+00 2.846531e+00 -2.944996e-01 2.543948e+01 769 1.564812e-02
4263 -6.593294e-03 -6.287854e-03 1.502621e-01 2.191553e-03 -2.363103e-03 3.764086e-01 -3.914891e+00 -3.820547e+00 2.056115e+01 4530 3.576172e-02
4284 -6.227564e-03 -5.554336e-03 1.558388e-01 -5.383999e-03 -4.580046e-03 5.953379e+00 1.994199e+00 1.908238e+00 2.289310e+01 873 8.778130e-03
4549 8.474654e-03 3.722573e-03 1.177513e-01 -1.445095e-02 -8.373318e-03 4.691119e-01 -1.039685e+00 -1.545041e+00 3.912614e+01 1347 8.735126e-03
4674 -1.236062e-02 1.873392e-02 2.558507e-01 5.907502e-03 -1.274696e-02 2.001317e+01 8.038846e+00 -1.253604e+01 3.683727e+01 1510 1.504470e-02
4978 -1.140344e-02 -7.445499e-03 1.454948e-01 -1.101477e-02 -6.957280e-03 1.370823e+00 -1.709581e+00 -1.559927e+00 2.086778e+01 1899 1.556248e-02
5118 -5.423886e-04 -3.516654e-03 3.055403e-01 -1.044981e-03 -5.647407e-03 4.753510e+00 5.391257e-01 2.127317e+00 2.153548e+01 3050 3.099228e-02
5130 2.333484e-03 4.142364e-04 1.151382e-01 -4.506191e-03 -2.284005e-03 7.942223e-01 -3.085270e-01 3.435775e-01 1.372974e+01 2649 2.029029e-02
5253 1.530843e-02 -8.939854e-04 1.565479e-01 1.561408e-02 -9.850471e-04 4.317206e+00 -6.514067e-01 3.398778e-01 2.557824e+01 856 8.330506e-03
5509 -7.739463e-05 4.138511e-04 3.049207e-01 8.100916e-03 -3.846491e-03 1.865572e+00 5.177086e-01 -4.729628e-01 3.264266e+01 2696 2.407919e-02
5709 -5.974710e-03 -9.449242e-03 9.872214e-02 1.547814e-03 -9.200950e-03 3.876282e-01 3.462000e+00 8.431558e+00 1.460404e+01 2252 1.587770e-02
5833 -6.550152e-03 3.039366e-03 1.185861e-01 3.398193e-03 -8.455704e-05 7.986516e-01 3.467572e+00 -2.538207e+00 1.909530e+01 906 8.098693e-03
5836 -3.137061e-03 1.828344e-03 1.023318e-01 1.102591e-02 5.251063e-03 3.601233e-01 6.288753e-01 2.426203e+00 2.604656e+01 871 6.865148e-03
6154 -3.783235e-03 9.790809e-04 1.277831e-01 4.653505e-03 -9.677734e-04 1.138881e+00 -1.115213e+00 3.593704e-01 2.574153e+01 4617 3.241338e-02
6233 3.408216e-03 5.462665e-03 1.200562e-01 -3.116055e-03 -4.535985e-03 8.263500e-01 -1.390154e+00 -4.206069e+00 3.212851e+01 1027 7.350520e-03
6328 1.399203e-02 1.924625e-02 2.221554e-01 -1.742255e-02 -2.444804e-02 2.103344e+01 -1.822070e+00 -2.251446e+00 2.903888e+01 3231 2.576273e-02
6465 5.284519e-03 5.730090e-03 1.409260e-01 5.123489e-03 5.407834e-03 2.582198e+00 1.799183e+00 3.525858e+00 3.301052e+01 1315 1.059945e-02
6514 2.550372e-03 9.649525e-03 9.836951e-02 2.419192e-03 6.554185e-03 3.743115e-01 4.665080e-01 6.733851e+00 1.930355e+01 2170 1.535402e-02
6525 1.224060e-02 1.012780e-02 1.455861e-01 -2.340410e-03 -4.231899e-03 6.137955e-01 -7.199478e+00 -5.741375e+00 2.461003e+01 506 6.638114e-03
7203 6.272163e-03 1.114990e-03 1.978538e-01 5.826037e-03 1.173211e-03 8.609837e-01 -3.058950e+00 3.503341e-01 2.227300e+01 2063 1.865518e-02
7395 -4.561542e-04 -6.502148e-03 9.769446e-02 3.704435e-03 8.934542e-03 4.132496e-01 1.502252e+00 -5.343272e-01 1.321851e+01 1751 1.234327e-02
7893 8.636629e-03 -9.172588e-03 2.604550e-01 -9.014138e-03 9.717171e-03 1.850770e+01 -5.675150e-01 1.008555e+00 1.824725e+01 4229 3.795812e-02
8118 -8.860884e-03 2.917685e-03 1.340770e-01 -8.464038e-03 2.362386e-03 9.489573e-01 -1.593375e+00 1.642316e+00 1.849808e+01 888 8.741831e-03
8209 3.951481e-03 -1.893142e-03 1.745335e-01 3.685020e-03 -2.115209e-03 2.845325e+00 1.077237e+00 -2.997504e-01 3.677199e+01 3370 2.506695e-02
8332 1.812049e-03 7.330665e-03 1.180805e-01 2.702928e-03 9.075073e-03 4.949993e-01 1.533905e+00 2.680869e+00 2.458912e+01 1098 8.897982e-03
8678 -4.332004e-03 4.839927e-03 1.043523e-01 6.670687e-03 -3.513952e-03 6.632915e-01 -1.422355e+00 2.350980e+00 2.243960e+01 1434 9.981603e-03
8794 -1.081998e-03 3.861845e-03 2.266496e-01 9.385940e-04 -2.557253e-03 2.650238e+00 -6.025545e-01 5.229250e+00 2.510998e+01 2884 2.482026e-02
8982 5.205069e-03 -6.238100e-03 2.802844e-01 -6.018038e-03 8.173512e-03 2.513448e+01 -1.996017e+00 5.107393e+00 2.485420e+01 1745 2.180741e-02
9002 -2.445258e-03 -1.090569e-02 1.406799e-01 1.057721e-03 5.567875e-03 8.344849e-01 1.580017e+00 6.356484e+00 3.291436e+01 2640 1.814193e-02
9386 -5.903545e-03 -6.674006e-03 1.301894e-01 -2.080011e-03 -3.049667e-03 1.042983e+00 4.874494e+00 5.768942e+00 4.518286e+01 685 5.543113e-03
9639 -2.010285e-03 -4.836879e-03 1.034057e-01 6.362805e-03 4.738220e-03 4.026062e-01 -1.309396e+00 -2.979599e+00 2.672154e+01 2282 1.490830e-02
9652 1.100845e-03 8.240811e-03 1.189536e-01 1.361912e-03 2.530893e-03 4.489580e-01 -1.153148e-01 7.269873e+00 2.371890e+01 2795 2.080710e-02
10044 -3.938397e-03 1.059512e-02 9.820689e-02 -3.539019e-03 1.529256e-02 4.754270e-01 2.708542e+00 -7.812988e+00 1.984207e+01 2117 1.499051e-02
10328 1.298694e-02 -1.434178e-02 1.596908e-01 -1.100795e-02 1.303353e-02 4.010186e-01 -5.381752e+00 3.974430e+00 3.465139e+01 1712 1.296696e-02
10541 -1.114909e-02 -1.360178e-03 2.163227e-01 1.488337e-02 1.766848e-03 3.847450e-01 -7.745655e+00 -8.331363e-01 2.415569e+01 1191 1.282342e-02
10714 -1.230624e-02 1.178802e-02 1.329126e-01 -5.699275e-03 2.059229e-03 1.857545e+00 8.683564e+00 -7.707719e+00 2.699629e+01 5722 3.745000e-02
10946 -1.569139e-02 -4.069610e-03 1.338406e-01 1.593964e-02 4.160167e-03 7.530401e-01 4.047136e-01 3.966047e-02 1.690552e+01 5132 3.706395e-02
11299 -1.127726e-05 -1.238459e-03 2.738698e-01 -2.299392e-05 4.265675e-03 1.067579e+00 -2.645077e-02 1.869650e+00 3.378325e+01 1189 1.309508e-02
11349 6.443504e-03 -8.349979e-03 1.474320e-01 -2.356496e-03 -1.925211e-03 5.183101e+00 -3.577807e+00 5.609272e+00 3.295254e+01 626 5.363431e-03
11645 -8.162746e-03 -3.943701e-03 1.505467e-01 -4.028643e-03 -5.376324e-03 3.789637e-01 -4.525566e+00 -1.812213e+00 1.952196e+01 1281 1.190803e-02
11836 -7.560818e-03 -1.722358e-02 2.142500e-01 5.241395e-04 8.194069e-03 5.631059e+00 -4.899939e+00 -8.949613e+00 3.140111e+01 564 8.399124e-03
12246 3.293606e-03 -4.513491e-03 1.265765e-01 -3.966319e-03 8.954323e-03 1.760456e+00 6.371545e-01 7.312840e-01 3.048279e+01 1194 8.743421e-03
12615 5.448913e-03 -3.625585e-03 1.194904e-01 7.771550e-03 -5.013918e-03 9.905405e-01 2.806352e+00 -1.637248e+00 2.876277e+01 2015 1.526861e-02
12638 7.532404e-03 4.528391e-03 2.405017e-01 3.317035e-03 1.549410e-04 2.488249e+00 -4.029074e+00 -3.159541e+00 3.675408e+01 785 9.462192e-03
13039 5.463858e-03 8.745363e-04 1.015652e-01 -1.676609e-02 4.473039e-03 4.521570e-01 1.973345e+00 8.830223e-01 3.285175e+01 1058 7.062794e-03
13221 -1.042571e-02 -6.487855e-03 1.858837e-01 -1.079986e-02 -5.118525e-03 4.449221e+00 -8.405336e-01 -2.538676e+00 3.621891e+01 671 7.257011e-03
13322 9.661843e-03 -1.291617e-03 1.412140e-01 9.746440e-03 1.407225e-03 1.146622e+00 -2.429435e+00 1.781449e+00 3.223061e+01 800 6.292533e-03
13843 1.546612e-03 -1.053943e-02 1.901802e-01 3.213490e-04 -2.545358e-03 2.121695e+00 -9.164291e-01 6.154614e+00 3.132119e+01 1808 1.473203e-02
13994 -9.411048e-04 -1.320567e-03 2.943822e-01 1.767763e-03 1.537408e-02 7.375902e+00 -1.435028e+00 -7.503127e+00 3.214532e+01 798 1.204364e-02
14016 -7.397674e-03 -1.349043e-02 1.851713e-01 3.666480e-03 1.117977e-02 8.041113e-01 3.869554e+00 6.022489e+00 3.144475e+01 2718 2.170582e-02
14060 -8.277966e-03 -6.381787e-04 2.042986e-01 8.238605e-03 5.322284e-04 1.126169e+00 8.654243e-01 2.153880e+00 4.159104e+01 2042 1.673902e-02
14074 2.147164e-02 7.978854e-03 2.843930e-01 1.067032e-02 7.044018e-03 1.703958e+01 1.109541e+01 2.693837e+00 2.099717e+01 1610 2.111915e-02
14220 5.910956e-03 3.077848e-03 1.085054e-01 2.566340e-03 5.996796e-04 6.213585e-01 3.555797e+00 2.357680e+00 1.811211e+01 1430 1.071638e-02
14498 -3.017512e-03 5.108612e-04 2.941343e-01 3.935362e-03 -1.277791e-04 2.985194e+01 2.418713e+00 1.111778e+00 2.955780e+01 2536 2.357309e-02
14516 -1.766233e-02 4.329103e-03 1.746926e-01 1.900538e-02 -3.052661e-03 1.356503e+00 1.910746e+00 -1.869282e+00 2.327916e+01 687 8.738761e-03
14765 -1.170021e-02 -1.235054e-03 1.623169e-01 -4.109209e-03 -3.031386e-03 2.778260e+00 -6.891068e+00 -6.400454e-01 2.611990e+01 1569 1.328570e-02
14880 -3.346326e-03 8.079967e-03 2.090510e-01 6.433883e-04 -2.127052e-03 4.845488e+00 -2.197770e+00 5.042447e+00 3.254886e+01 957 1.120323e-02
14925 -3.062544e-03 -5.375981e-03 2.464738e-01 1.895874e-03 -1.442826e-03 6.349709e+00 -3.492412e+00 -3.514294e+00 2.071420e+01 741 1.325117e-02
14976 -1.170020e-02 4.240923e-04 2.301534e-01 1.221743e-02 -5.203989e-04 6.556423e+00 -6.244602e+00 1.186038e+00 2.756927e+01 1863 1.806992e-02
14990 4.832723e-03 9.303864e-04 1.684866e-01 -4.833767e-06 -2.717376e-03 2.458818e+00 2.899636e+00 5.592483e-01 3.255729e+01 1159 9.655852e-03
15128 -3.793427e-03 8.539981e-03 1.113758e-01 -9.572727e-03 1.692213e-02 6.867539e-01 6.866052e-01 -2.353252e+00 3.270599e+01 650 5.471842e-03
15201 2.838028e-03 1.050742e-02 1.054708e-01 -1.807308e-03 -3.966271e-03 4.681883e-01 -1.284334e+00 -5.976456e+00 1.775601e+01 1708 1.289295e-02
15471 -1.351121e-02 6.856701e-03 1.064127e-01 -2.926288e-02 1.211076e-02 1.904160e-01 4.217349e+00 -2.521413e+00 2.842297e+01 2043 1.367367e-02
15543 1.822360e-02 7.870860e-03 1.379688e-01 5.528283e-03 1.509148e-03 3.590143e+00 -1.119062e+01 -4.796110e+00 2.515737e+01 1664 1.254164e-02
15569 6.585972e-03 7.873550e-04 1.665003e-01 -7.582799e-03 -2.408423e-03 2.563026e+00 2.601067e+00 5.748603e-03 1.102414e+01 5125 4.431728e-02
16195 1.263998e-02 -3.752487e-03 1.725714e-01 -8.480370e-03 -4.650365e-03 3.974138e-01 5.486214e+00 -5.203904e+00 2.480019e+01 1124 1.222970e-02
16197 1.169531e-02 1.334120e-03 1.250832e-01 2.727214e-03 -5.047171e-04 5.759699e-01 9.031110e+00 1.640408e+00 3.316941e+01 1162 8.360005e-03
16681 9.205253e-03 2.061687e-02 1.675488e-01 1.136393e-04 -6.690192e-03 1.975609e+00 -6.116030e+00 -1.165364e+01 3.648154e+01 1089 8.987914e-03
16792 7.180593e-03 -1.077628e-02 1.049821e-01 7.251034e-03 -7.950387e-03 3.827634e-01 -3.924137e+00 6.050576e+00 1.525617e+01 3443 2.564717e-02
17129 1.013798e-02 -1.236857e-02 1.436795e-01 -1.228040e-02 1.393286e-02 4.765551e-01 -5.029598e+00 3.365660e+00 4.278388e+01 510 4.336628e-03
17153 -2.849813e-03 -5.054846e-03 2.018213e-01 -5.334492e-04 4.038674e-03 2.120929e+00 1.684640e+00 4.014212e+00 3.101531e+01 1368 1.208089e-02
17500 -7.096423e-03 -2.800458e-03 1.194211e-01 -9.910960e-05 -2.097653e-03 5.811768e-01 -5.223708e+00 -1.123015e+00 3.540257e+01 783 5.631981e-03
17505 -7.070441e-03 7.594865e-03 1.407592e-01 9.273450e-03 -4.735972e-03 5.333333e-01 2.728197e+00 -3.874578e+00 2.017246e+01 473 5.944679e-03
17539 4.666172e-04 -8.641198e-05 2.812596e-01 -4.915926e-04 -1.266567e-02 8.160014e-01 -3.688041e-01 -2.012136e+00 3.030209e+01 1013 1.208397e-02
17678 -3.634582e-03 1.069802e-02 2.765801e-01 3.688739e-03 -8.472917e-03 3.889147e+00 4.741347e-01 -3.937034e+00 2.132345e+01 1840 2.033609e-02
17874 -6.563565e-03 5.067522e-03 1.611089e-01 -1.160448e-02 6.042622e-03 1.065441e+00 -1.606743e+00 1.882539e+00 2.160659e+01 1133 1.188937e-02
17983 5.697510e-03 1.003969e-03 1.647660e-01 5.946201e-03 -1.005871e-03 1.594935e+00 -1.210621e+00 -1.431334e+00 3.116350e+01 2264 1.652041e-02
18196 1.227711e-02 7.487786e-04 2.404162e-01 -2.436315e-02 -1.364368e-02 9.255632e+00 -5.937681e+00 3.659585e-01 3.002819e+01 898 1.129377e-02
18276 6.371098e-03 2.592267e-03 1.325844e-01 -5.205917e-03 -3.148520e-03 7.120148e-01 -3.524020e+00 -1.371556e+00 1.721663e+01 1413 1.264729e-02
18283 2.527385e-03 5.913816e-03 1.394368e-01 -2.837133e-03 -8.771091e-03 5.864325e-01 -4.211160e-01 2.746804e-01 2.154544e+01 856 9.371036e-03
18318 -5.772535e-03 7.750886e-03 1.085259e-01 -3.550783e-03 5.129387e-03 7.699694e-01 3.481941e+00 -4.677130e+00 1.983322e+01 1348 1.059147e-02
18459 1.917244e-03 -2.298795e-03 1.711931e-01 -2.732903e-03 7.305568e-03 1.596963e+00 -6.903844e-01 8.198604e-02 1.811187e+01 892 1.248271e-02
18815 4.404984e-03 7.869520e-03 9.943773e-02 -5.030893e-03 -2.152350e-02 4.140809e-01 2.603371e+00 4.551734e+00 2.844039e+01 1933 1.209852e-02
18932 -5.072004e-03 -2.834131e-03 1.172618e-01 3.444125e-03 1.264442e-03 1.636951e+00 -3.628292e+00 -1.930030e+00 3.660557e+01 2503 1.803874e-02
19796 -6.103258e-03 6.694893e-03 1.964400e-01 -1.515449e-03 -1.327790e-03 3.996178e+00 -4.167243e+00 3.944615e+00 2.651368e+01 2952 2.423173e-02
19904 -5.737421e-04 -1.841594e-02 2.093629e-01 -1.282853e-03 -1.949873e-02 2.510027e+00 8.682627e-01 -7.814503e-01 3.138015e+01 1067 1.103749e-02
20187 3.231522e-03 -3.179834e-03 3.390389e-01 -1.153884e-02 5.566735e-03 1.225015e+01 1.256279e+00 -1.582590e+00 3.389636e+01 1009 1.508312e-02
20295 5.023296e-03 -1.999342e-02 2.072733e-01 -4.654741e-03 1.066297e-02 3.386004e+00 1.528989e+00 -1.006418e+01 3.246677e+01 724 9.007044e-03
20441 3.053833e-03 5.411088e-03 2.845982e-01 -7.301956e-03 -1.081198e-02 7.612287e+00 -1.810662e-01 3.225440e-01 2.652845e+01 998 1.390810e-02
20665 -8.025212e-03 7.308009e-04 2.904229e-01 -1.974848e-03 -4.119790e-03 8.893222e+00 4.863389e+00 -2.061497e+00 4.422654e+01 3584 2.901386e-02
20751 1.622679e-02 2.959223e-03 1.721668e-01 9.512898e-03 3.057001e-03 5.640534e+00 8.518828e+00 1.345358e+00 2.336021e+01 798 9.291268e-03
20792 3.485438e-03 -8.055271e-03 9.593809e-02 6.689914e-03 -1.129334e-02 7.223103e-01 -1.943703e+00 4.584807e+00 1.886765e+01 1227 8.015490e-03
20955 1.710961e-03 6.304572e-03 1.605295e-01 2.173824e-03 1.904208e-03 7.469033e-01 9.813590e-01 3.744604e+00 2.252371e+01 2554 2.003365e-02
21056 7.153129e-03 -5.707089e-03 2.628788e-01 1.848544e-03 7.062536e-03 3.025276e+00 4.132195e+00 -4.464889e+00 2.391484e+01 1126 1.684651e-02
21373 6.170084e-03 -8.541408e-03 1.640799e-01 -5.297679e-03 7.674653e-03 2.817095e+00 -2.446172e+00 2.600394e+00 4.006715e+01 717 6.809483e-03
21533 -3.996081e-03 -7.900032e-03 2.109949e-01 -5.053348e-03 -6.480108e-04 1.603666e+01 -1.848768e+00 -4.738726e+00 3.162266e+01 1312 1.217851e-02
21941 -4.039925e-03 1.259144e-02 1.339559e-01 -2.149086e-03 8.941080e-03 8.337765e-01 2.217269e+00 -6.657708e+00 2.139522e+01 2718 1.974619e-02
22014 -1.014910e-02 2.412107e-03 1.286424e-01 -3.089731e-04 -2.938273e-04 6.248656e-01 6.828994e+00 -1.512334e+00 2.485104e+01 724 6.867760e-03
22033 -5.532049e-03 1.791102e-03 1.647961e-01 -3.591546e-03 -1.947444e-04 2.396145e+00 -2.501642e+00 1.721521e+00 2.549255e+01 702 7.314572e-03
22227 5.072542e-03 6.304550e-03 2.076823e-01 7.642223e-03 1.008606e-02 1.259327e+00 5.937598e-01 5.081436e-01 2.475525e+01 1384 1.340912e-02
22277 -9.429263e-03 1.005919e-02 1.507688e-01 5.536112e-03 -9.024026e-03 4.669872e-01 5.277916e+00 -5.395858e+00 1.670833e+01 3280 2.580761e-02
22345 -4.748967e-03 5.114762e-03 1.662780e-01 4.371085e-03 -3.898611e-03 7.395298e-01 1.576878e+00 -2.045516e+00 2.813306e+01 1162 1.035920e-02
22388 7.936805e-03 -9.710996e-03 1.925017e-01 8.057854e-03 -1.014816e-02 6.217519e+00 -9.829601e-01 3.885718e+00 2.394151e+01 1582 1.527265e-02
22536 -6.241310e-03 9.388515e-03 1.372195e-01 5.754191e-03 -2.554779e-03 1.534754e+00 -4.576246e+00 6.081842e+00 3.372866e+01 1422 1.080673e-02
22588 -9.104209e-03 4.764886e-03 1.122814e-01 -2.524209e-03 5.829219e-04 4.169266e-01 -6.275667e+00 3.759890e+00 2.267286e+01 964 7.861426e-03
22613 4.962717e-03 -1.879814e-03 2.076922e-01 3.710313e-03 -2.962704e-03 4.808437e+00 2.193820e+00 1.116470e+00 3.908676e+01 2465 1.993157e-02
22784 3.512509e-03 1.336847e-03 1.033211e-01 6.449108e-04 3.312134e-03 6.196618e-01 2.706775e+00 -1.060235e+00 1.824074e+01 2221 1.639831e-02
22833 9.888189e-03 4.248448e-03 1.896511e-01 1.132720e-03 2.488304e-03 9.835285e-01 -6.572566e+00 -2.025394e+00 2.516814e+01 833 9.943224e-03
22950 3.700464e-03 1.186855e-03 9.845731e-02 -9.862095e-03 1.950046e-03 3.552911e-01 -4.894778e+00 3.015362e+00 3.040757e+01 1217 8.349008e-03
23570 -3.863401e-03 -5.719315e-03 1.436634e-01 8.812450e-04 1.685286e-03 9.343454e-01 -3.068321e+00 -4.690555e+00 2.857829e+01 583 5.972920e-03
23645 -6.766835e-03 -1.344886e-03 1.002956e-01 3.510495e-03 1.237807e-03 5.999914e-01 -7.342942e+00 -1.755467e+00 3.769251e+01 900 5.657114e-03
23656 -2.514001e-02 2.868031e-04 1.938290e-01 2.525633e-02 -2.307365e-04 2.406230e+00 -2.473271e+00 -1.281554e+00 3.321952e+01 515 6.354174e-03
23660 -1.346581e-02 1.176733e-02 1.745205e-01 1.251010e-02 -1.111503e-02 6.172255e+00 -2.893874e+00 2.222803e+00 2.785440e+01 4622 3.381879e-02
23819 -2.829386e-03 -1.050704e-02 2.400368e-01 -7.073495e-03 -8.135607e-03 1.778509e+00 1.937446e+00 -3.897515e+00 2.118559e+01 1954 2.426502e-02
23841 -2.376156e-03 -2.984496e-03 2.504459e-01 1.821116e-03 7.273460e-04 4.175140e+00 1.218536e+00 4.361330e+00 2.311782e+01 1246 1.553496e-02
23870 8.379628e-03 6.823036e-03 1.322971e-01 -9.802954e-03 -4.717582e-03 2.410748e+00 1.902656e+00 2.938897e+00 2.322352e+01 1543 1.258009e-02
23956 -1.050457e-02 2.790882e-04 1.498663e-01 1.237245e-02 1.620142e-03 2.365652e+00 5.162003e+00 -3.278174e-01 1.805658e+01 920 1.069622e-02
23972 2.598374e-03 7.987112e-03 2.511474e-01 2.870122e-03 5.508487e-03 3.243075e+00 -2.119683e+00 -5.933096e+00 1.959037e+01 1119 1.625069e-02
24028 2.574226e-03 -7.313412e-03 1.343525e-01 2.807425e-03 -9.512823e-03 2.436601e+00 -7.059215e-01 1.389392e+00 3.030631e+01 3019 2.083509e-02
24477 -1.232664e-02 -4.492275e-03 1.243327e-01 1.526339e-02 3.197256e-03 4.884141e+00 -5.313483e+00 -2.288669e+00 3.314676e+01 2949 2.017701e-02
24989 -2.314555e-03 -8.017219e-03 1.249008e-01 3.067899e-04 -1.878029e-02 8.649675e-01 1.463918e+00 2.276125e+00 4.167850e+01 1938 1.331723e-02
25458 -5.133273e-05 -4.629136e-03 1.261295e-01 5.646230e-04 -4.041162e-04 9.637162e-01 -4.348935e-02 -2.770022e+00 2.050346e+01 1978 1.501820e-02
25867 -7.577442e-03 6.114591e-03 3.158744e-01 -7.392462e-03 8.379308e-03 1.879109e+01 7.514238e+00 -6.849228e+00 3.091418e+01 1967 2.129752e-02
26045 -2.680229e-04 -1.530106e-03 3.211023e-01 6.848075e-04 1.423224e-03 2.040341e+01 1.161990e+00 -3.903625e-01 2.008231e+01 1102 1.915108e-02
26052 -3.159003e-03 7.697513e-03 1.228048e-01 -1.586461e-03 3.466087e-03 5.362923e-01 -1.917556e+00 5.018895e+00 3.010082e+01 1569 1.097791e-02
26363 8.595335e-03 1.980196e-03 1.571785e-01 -4.615152e-03 -2.467765e-03 3.644855e+00 -4.633611e+00 -5.166572e-02 3.175764e+01 1928 1.435968e-02
26460 6.789569e-03 4.817311e-03 2.579017e-01 -1.831543e-02 -1.003750e-02 8.649340e-01 8.721426e+00 5.481377e+00 2.237853e+01 1804 1.931043e-02
27017 -1.342480e-02 -3.814578e-03 2.781374e-01 -1.547589e-02 -3.922974e-03 4.268766e+00 6.941582e+00 2.285102e-01 3.859542e+01 1840 1.677920e-02
27100 1.090064e-03 -1.839358e-03 2.550322e-01 -2.570937e-03 7.349265e-03 7.488369e+00 -1.311367e+00 2.931619e+00 3.020837e+01 3376 2.955787e-02
27223 7.640138e-03 -6.216417e-03 1.480596e-01 9.132926e-03 -7.674051e-03 8.152719e-01 1.184552e+00 -1.299894e+00 4.301477e+01 857 7.078423e-03
27257 -1.681630e-02 -5.404227e-03 3.270374e-01 1.221280e-03 -1.760511e-03 4.817372e+00 -1.010299e+01 -3.493110e+00 2.211865e+01 2865 2.971607e-02
27478 2.968723e-03 9.254022e-04 2.673703e-01 4.485837e-03 2.810827e-03 1.685401e+01 3.637674e+00 1.636035e+00 3.329443e+01 911 1.141962e-02
27652 1.513678e-02 -1.219869e-02 1.374442e-01 1.531603e-02 -1.221465e-02 1.883315e+00 -1.104616e+00 1.111796e+00 2.339789e+01 437 5.359162e-03
28171 9.443415e-03 2.628154e-03 1.177451e-01 -8.860476e-03 -1.099469e-03 3.897400e-01 -2.275736e+00 -1.690191e+00 1.293254e+01 1730 1.481123e-02
28205 4.727888e-03 1.920064e-03 2.973490e-01 -4.934282e-03 -2.590642e-03 8.205023e+00 -8.117101e-02 -1.285430e+00 2.733856e+01 1765 1.955638e-02
28411 8.955293e-03 -4.346101e-03 2.396162e-01 -1.720096e-02 8.317559e-03 8.960890e+00 9.025943e+00 -4.343066e+00 2.745769e+01 1060 1.298560e-02
28948 3.532740e-03 -7.002153e-03 1.286848e-01 -4.156587e-03 2.003087e-03 1.098251e+00 1.721329e+00 -4.047576e+00 1.763484e+01 2138 1.620146e-02
28958 1.241233e-03 9.953793e-03 1.455972e-01 -1.009853e-03 -9.792226e-03 6.918328e-01 -4.539747e-01 -1.414579e+00 1.505281e+01 1860 1.626146e-02
29365 -5.369155e-04 -1.834916e-02 1.415410e-01 1.393427e-04 -1.860565e-02 1.991266e+00 5.053340e-01 4.506235e+00 2.446577e+01 1240 1.120728e-02
29555 5.423055e-03 -7.198802e-03 1.878309e-01 -2.249923e-03 4.033570e-03 1.052186e+00 2.922224e+00 -3.586621e+00 3.521609e+01 620 6.232841e-03
29626 -6.191996e-03 3.989907e-03 2.759020e-01 -9.663072e-03 4.877670e-03 8.012234e+00 -9.891242e+00 2.396486e+00 1.410986e+01 1099 2.123740e-02
29628 1.056218e-03 7.847120e-03 1.231969e-01 -1.784214e-03 1.160844e-03 9.949172e-01 1.385597e+00 5.016436e+00 3.158997e+01 1524 1.141121e-02
29817 -1.443085e-03 2.179035e-03 1.952664e-01 -1.050998e-05 8.389497e-03 2.706247e+00 -1.118344e+00 5.900165e+00 1.764036e+01 556 9.353613e-03
29863 -4.272511e-03 9.569785e-03 1.998825e-01 5.237869e-03 -7.396884e-03 1.794915e+00 1.497422e+00 -4.373505e+00 3.233772e+01 1196 1.141361e-02
29929 -1.398760e-02 -9.617377e-03 1.612918e-01 1.256737e-02 9.617342e-03 2.438779e+00 -4.115030e+00 -7.240416e-01 1.613531e+01 2697 2.434708e-02
29948 1.884734e-04 1.043302e-05 1.294880e-01 4.890832e-04 2.693681e-03 2.390404e+00 3.840403e-01 1.330314e+00 1.588044e+01 2691 2.072813e-02
30000 -1.820739e-04 4.694473e-03 1.766245e-01 -1.562859e-03 8.256237e-04 5.775100e-01 3.007537e-01 2.832208e+00 3.223588e+01 1330 1.248851e-02
30010 -3.815657e-03 2.887889e-03 1.266622e-01 3.862892e-03 -2.905861e-03 1.024689e+00 2.046119e+00 -7.730631e-01 4.038374e+01 860 6.604557e-03
30281 1.562325e-03 3.334342e-03 3.089734e-01 -3.647551e-03 -7.949239e-03 1.504521e+00 -1.652236e+00 -3.556784e+00 3.695735e+01 877 1.255346e-02
30338 -2.628664e-03 -6.595137e-03 9.785966e-02 1.893483e-03 7.539479e-03 9.379538e-01 -2.838506e+00 -8.412025e+00 3.014321e+01 1714 1.237178e-02
30530 1.164150e-02 -1.907605e-03 2.262684e-01 2.364374e-03 1.556645e-03 3.188215e+00 -8.342267e+00 2.541751e+00 2.817947e+01 2049 1.986196e-02
30899 -6.531113e-03 -4.683028e-03 1.704030e-01 -4.040265e-03 -4.506369e-03 4.785848e+00 3.526518e+00 8.952743e-01 2.385758e+01 777 8.267316e-03
30960 2.784792e-03 -1.811732e-03 9.821049e-02 7.573007e-03 -6.990901e-03 5.324103e-01 5.078138e-01 -9.762576e-01 2.551994e+01 945 7.281824e-03
31257 8.298751e-03 9.662041e-03 2.249633e-01 9.972542e-04 -3.610503e-03 2.457885e+00 5.345177e+00 5.366719e+00 3.217364e+01 2383 1.945602e-02
31654 -1.268268e-03 -1.552392e-02 1.548557e-01 -3.864890e-03 -8.550703e-03 4.287831e-01 -3.924910e-02 -8.057845e+00 2.259190e+01 3837 2.760991e-02
32057 -7.234920e-04 1.330007e-03 3.234226e-01 4.118491e-03 6.916626e-03 1.512262e+01 1.075421e+00 3.594817e+00 3.616343e+01 1425 1.521684e-02
32240 -2.051850e-03 -6.544669e-04 2.134626e-01 -4.750228e-03 -8.557770e-03 8.121110e-01 -7.367835e-01 5.222974e-01 2.258889e+01 1329 1.428406e-02
32275 8.739898e-04 1.077389e-03 2.403556e-01 8.759875e-04 3.553854e-03 1.230986e+01 1.382587e-01 -2.208277e+00 3.405125e+01 876 9.966625e-03
32316 -1.001236e-02 3.465646e-03 2.766217e-01 -9.325161e-03 3.545580e-03 3.087647e+00 -2.697657e+00 -7.536781e-02 2.113975e+01 1006 1.622620e-02
32544 8.924393e-03 -1.749523e-02 1.303386e-01 6.472432e-03 -1.388059e-02 1.378872e+00 4.904043e+00 -7.653643e+00 2.848346e+01 1443 1.219633e-02
32629 -7.742606e-03 1.070825e-03 1.866474e-01 -3.242744e-03 3.093426e-03 5.028616e+00 -5.643464e+00 1.372604e+00 2.086093e+01 2018 1.899678e-02
32690 -7.082803e-03 -2.747482e-03 1.140307e-01 -5.576028e-03 3.842421e-04 5.124162e-01 -3.209295e+00 -1.846932e+00 1.469256e+01 1116 9.931972e-03
32930 3.068271e-03 1.758517e-02 2.045887e-01 3.503414e-03 1.771666e-02 3.157632e+00 -3.727882e+00 -8.116941e-01 3.327643e+01 618 7.755429e-03
33158 -3.546576e-04 -1.344453e-03 1.758042e-01 4.339656e-04 1.025146e-03 2.119396e+00 -1.028359e+00 4.175356e+00 1.250508e+01 1131 1.608481e-02
33514 -7.754570e-03 2.908815e-04 1.585068e-01 5.598737e-03 -1.087051e-03 1.494070e+00 -3.848746e+00 -6.777117e-03 2.444897e+01 1420 1.291376e-02
33528 8.675961e-04 -7.405176e-04 2.272231e-01 3.121346e-04 -1.483866e-03 6.002309e+00 -6.325428e-01 8.361333e-01 2.924765e+01 1844 1.838215e-02
33657 -5.840585e-03 1.090674e-02 1.363752e-01 5.013059e-03 -6.973747e-03 4.922950e-01 -1.767432e+00 5.155057e+00 1.521494e+01 1402 1.430660e-02
33668 -7.173702e-03 3.956681e-03 9.431620e-02 1.377699e-02 -8.114823e-03 4.376893e-01 3.928334e+00 -2.579125e+00 1.469621e+01 1326 9.271603e-03
33987 -3.490995e-03 6.660959e-03 1.452307e-01 -7.281833e-04 1.590929e-04 5.360523e-01 -2.364531e+00 5.161349e+00 2.957546e+01 1164 9.866827e-03
34060 2.375258e-03 -1.327620e-02 2.325663e-01 4.202441e-03 3.079555e-02 1.940530e+00 3.524554e+00 3.539660e+00 9.921305e+00 1615 2.420747e-02
34303 1.726498e-03 -8.065972e-03 1.264374e-01 1.834543e-03 -4.538768e-03 6.006946e-01 1.450401e-01 -4.881360e+00 3.412241e+01 2119 1.424226e-02
34707 -1.530562e-03 -1.190454e-03 2.471560e-01 -4.927339e-03 -2.105144e-03 6.388993e+00 4.033245e-01 -1.804083e-01 1.544901e+01 765 1.745669e-02
35387 2.025252e-03 -2.384262e-04 1.900316e-01 5.972575e-04 -1.166350e-03 7.845151e+00 1.908952e+00 -8.028090e-01 1.872304e+01 3581 2.989695e-02
35863 4.994296e-03 4.636854e-03 1.175360e-01 -2.068737e-04 2.992591e-03 1.112072e+00 4.509287e+00 2.101356e+00 2.308918e+01 1709 1.304719e-02
35918 -1.473239e-02 -4.778305e-03 1.004288e-01 2.870982e-02 9.279617e-03 3.344460e-01 -4.842272e+00 -1.575265e+00 2.267322e+01 1034 7.315372e-03
35994 4.727272e-03 2.355644e-03 1.439283e-01 3.103428e-03 2.634998e-03 1.601817e+00 2.185629e+00 2.207835e-01 2.509865e+01 3492 2.651533e-02
36086 -1.603142e-02 8.358293e-03 1.500986e-01 1.686285e-02 -8.668288e-03 7.372828e-01 -1.048691e+00 6.979850e-01 2.552926e+01 1886 1.559026e-02
36402 -3.423180e-03 7.395739e-03 1.270525e-01 5.817261e-03 -1.045625e-02 1.100347e+00 -9.442580e-01 2.480815e+00 2.454784e+01 2280 1.641333e-02
36965 7.265707e-03 9.661037e-04 1.074670e-01 1.381591e-02 1.163236e-03 1.174030e+00 -2.715997e+00 -4.451212e-01 3.266839e+01 1415 9.341773e-03
37000 -4.555457e-03 -1.255569e-03 2.564901e-01 3.193950e-03 1.037852e-03 3.427563e+00 -3.788818e+00 -6.392808e-01 2.845093e+01 1485 1.638371e-02
37276 5.944796e-03 -1.279923e-02 1.312529e-01 6.899564e-03 -1.548002e-02 1.013435e+00 3.392913e-01 -1.470492e+00 2.899013e+01 1351 9.986554e-03
37694 -1.859911e-03 -1.796971e-03 3.334179e-01 1.545698e-03 4.975773e-04 1.436320e+01 7.149216e-01 2.404965e+00 1.566852e+01 999 2.628653e-02
38121 -2.412188e-03 5.499241e-03 3.464297e-01 5.603185e-04 5.152711e-03 6.885313e-01 3.078905e+00 -1.247658e+00 2.158322e+01 580 1.597995e-02
38179 -9.521989e-03 -8.986201e-03 1.234111e-01 -9.757537e-03 -9.303164e-03 5.533967e-01 -1.743321e+00 -2.422513e+00 2.879761e+01 928 7.455546e-03
38385 -1.071254e-03 1.784312e-03 2.717532e-01 2.324813e-03 6.487131e-03 6.800765e-01 -1.274901e+00 -4.815690e-01 3.301361e+01 1338 1.501082e-02
38535 9.143353e-03 -1.077005e-02 1.724422e-01 8.285944e-03 -9.991846e-03 1.825581e+00 -3.492582e+00 4.039916e+00 3.546744e+01 2474 1.815367e-02
38698 9.021565e-03 -3.243817e-03 1.320809e-01 -1.908572e-04 -1.989877e-03 6.382235e-01 -5.755854e+00 2.580785e+00 2.561424e+01 1558 1.265576e-02
38804 4.909204e-03 3.789886e-03 2.770764e-01 2.106769e-02 5.984371e-03 6.021210e+00 -8.989470e+00 -4.117436e+00 2.704513e+01 537 1.098866e-02
38898 5.746399e-03 2.083495e-03 1.855982e-01 -3.400826e-03 1.352200e-03 2.061275e+00 2.902085e+00 1.609127e+00 3.446120e+01 2953 2.247318e-02
39064 -4.568024e-03 -1.105421e-02 1.317272e-01 -3.056922e-02 -3.614735e-02 3.344517e-01 -3.125233e+00 -7.087710e+00 3.654914e+00 914 2.209292e-02
39162 -6.941774e-04 -9.878294e-03 9.047515e-02 -7.384966e-03 -3.018173e-02 1.915238e-01 6.818495e-01 7.017662e+00 2.590275e+01 1064 7.321507e-03
39179 4.045422e-03 2.188403e-02 1.393804e-01 -1.415368e-04 1.243482e-02 6.036767e-01 2.577530e+00 1.121504e+01 1.720553e+01 726 8.581597e-03
39517 -6.021535e-03 -9.797069e-03 1.196903e-01 -6.071048e-03 -1.022732e-02 7.779664e-01 -3.693138e-01 -3.941335e+00 2.214641e+01 630 6.358449e-03
39632 -3.853796e-04 6.033940e-03 8.248239e-02 1.799887e-02 3.133366e-02 1.340053e-01 -4.547305e-02 -4.103158e+00 1.360235e+01 3564 2.255227e-02
39652 3.820359e-03 1.610086e-04 2.725502e-01 1.364735e-02 -7.202291e-03 1.444113e+01 2.959952e-01 1.184569e+00 3.008129e+01 2196 2.035676e-02
39754 -1.733666e-02 -2.628305e-03 9.578090e-02 1.602166e-02 1.512975e-03 4.906877e-01 4.458967e+00 1.349649e+00 4.922824e+00 1826 1.699297e-02
39765 5.716757e-03 7.687165e-03 1.136673e-01 2.531847e-03 -4.556247e-04 4.253343e-01 3.174167e+00 6.336605e+00 2.355566e+01 752 6.836513e-03
39883 8.750227e-03 -4.001027e-03 2.256050e-01 -4.547849e-03 -1.471920e-03 1.758921e+00 -1.217237e+01 2.758469e+00 2.538625e+01 4127 3.241017e-02
39904 -5.021768e-04 -1.151450e-03 3.053740e-01 -1.316918e-03 -2.253055e-05 4.847623e+00 -3.499279e-01 -6.927577e-01 2.232837e+01 1991 2.285196e-02
40208 1.219451e-02 -5.560436e-03 1.717909e-01 1.202605e-02 -5.757569e-03 6.426954e-01 1.196611e+00 6.631606e-01 3.228984e+01 1486 1.248792e-02
40233 8.172092e-03 -6.706792e-04 1.027552e-01 1.295158e-02 -6.594511e-03 3.596700e-01 -2.497409e+00 -9.244496e-01 1.471885e+01 680 6.594280e-03
40336 -2.354342e-04 4.254686e-03 1.042761e-01 -9.078766e-04 5.818386e-03 4.889472e-01 -1.048349e+00 2.064592e+00 2.494196e+01 1601 1.108974e-02
40378 -1.244178e-02 -1.853676e-02 2.086141e-01 1.155450e-02 1.787925e-02 6.655362e+00 -2.735697e+00 -2.830546e+00 3.773665e+01 572 7.112964e-03
40684 1.221414e-02 6.759077e-03 1.795674e-01 -1.033627e-02 -3.361082e-03 1.043784e+00 -3.780271e+00 -4.546469e+00 4.056990e+01 483 5.365178e-03
40868 -2.832839e-03 -1.553438e-03 1.249058e-01 -1.321567e-03 -1.844248e-04 1.240904e+00 -2.201486e+00 -1.862509e+00 3.871489e+01 2240 1.488684e-02
41005 -4.790932e-03 -5.195305e-03 2.494525e-01 8.738924e-03 2.194529e-03 2.109068e+00 3.405549e+00 3.260276e+00 2.970022e+01 596 9.825498e-03
41010 5.249216e-04 1.463837e-03 3.232035e-01 3.313722e-03 1.128925e-02 7.461539e+00 -4.266612e-01 -1.660243e+00 3.757178e+01 1065 1.323558e-02
41033 -5.635223e-03 -1.984131e-03 2.047326e-01 -8.748439e-05 1.081388e-03 4.391066e+00 -3.405237e+00 -1.299658e+00 3.631762e+01 1731 1.459605e-02
41112 7.468996e-03 -1.828027e-03 1.113565e-01 -7.449639e-03 4.680830e-03 6.003553e-01 1.234925e+00 2.397260e+00 1.286198e+01 1989 1.594334e-02
41161 -8.372526e-03 2.192691e-03 3.159085e-01 -8.794633e-03 2.511010e-03 1.326260e+01 -2.572037e-01 5.087113e-01 2.646601e+01 3397 3.135111e-02
41506 1.407374e-03 1.297086e-02 1.361360e-01 -1.700092e-03 -1.825773e-02 2.334800e+00 5.301213e-01 4.340553e+00 4.037945e+01 1391 9.850138e-03
41538 6.695593e-03 -7.054065e-03 2.654261e-01 -1.083369e-02 6.485449e-03 3.702045e+00 3.068781e+00 -3.682119e+00 2.165417e+01 1487 1.808067e-02
41584 -1.878710e-02 -1.797162e-02 2.089626e-01 -4.306672e-03 -6.143235e-03 4.410947e+00 -1.165331e+01 -1.129434e+01 2.646019e+01 878 1.055048e-02
41595 -2.937869e-03 6.929385e-03 2.760591e-01 3.498602e-03 5.491476e-04 4.988227e+00 9.644886e+00 -1.000363e+01 2.880695e+01 3253 2.781903e-02
41802 1.601245e-02 -3.173405e-03 1.336826e-01 -1.635494e-02 3.220826e-03 3.590565e-01 -4.727496e+00 6.435952e-01 3.015229e+01 1830 1.338685e-02
42077 -6.606642e-03 3.945594e-03 1.575297e-01 4.612236e-03 -8.016141e-04 6.885088e-01 2.759523e+00 -2.746665e+00 2.566181e+01 1559 1.354340e-02
42351 -1.616501e-02 -6.474029e-03 2.214736e-01 -3.658217e-03 -6.633679e-04 1.143831e+00 1.141252e+01 5.060841e+00 2.970639e+01 2616 2.268369e-02
42604 -2.992283e-03 3.534659e-03 2.015577e-01 -1.311687e-02 4.080998e-03 9.442727e+00 -4.690168e+00 3.104523e+00 2.034169e+01 2989 2.636867e-02
42615 -1.979758e-02 -3.516443e-03 1.222262e-01 -1.758409e-02 -2.845936e-03 1.029329e+00 6.675206e+00 1.312458e+00 1.487016e+01 1428 1.256396e-02
42807 -8.014335e-03 -5.757398e-03 1.171432e-01 -5.180797e-03 -4.049517e-03 2.037687e+00 -4.376007e+00 -2.763038e+00 2.622883e+01 737 6.111514e-03
43531 7.286023e-04 1.160237e-02 1.407802e-01 4.541230e-05 -1.671879e-02 3.688875e+00 -7.132409e-01 1.391099e+00 1.459407e+01 621 8.608009e-03
43678 3.248487e-03 2.084414e-03 2.828865e-01 -4.235472e-03 -3.816884e-03 2.800935e+01 -2.600682e+00 -4.774043e+00 2.772647e+01 991 1.344154e-02
44052 -1.059294e-02 -1.989381e-05 1.845295e-01 5.701974e-03 1.206014e-03 9.636427e+00 -5.305252e+00 3.567672e-01 2.947884e+01 1074 1.074243e-02
44398 1.538684e-03 -5.987695e-04 1.650929e-01 -1.287970e-03 -3.052134e-03 2.115919e+00 -2.148712e+00 -1.428414e+00 8.727414e+00 3069 2.786651e-02
44935 9.001723e-04 -3.504218e-03 2.422736e-01 1.087753e-02 -6.833112e-03 8.891395e-01 4.246445e+00 -4.660505e+00 2.657191e+01 4443 3.555714e-02
44980 4.253225e-03 5.106157e-03 9.428066e-02 -5.108160e-03 -6.433424e-03 3.787091e-01 -4.667672e-01 -9.213394e-01 1.235806e+01 1390 1.064528e-02
44992 2.372302e-03 -1.578687e-03 2.818799e-01 1.106973e-02 1.045267e-02 2.849435e+00 1.699826e+00 4.129755e+00 2.817554e+01 1520 1.787779e-02
45182 -1.064248e-03 8.746901e-03 1.669557e-01 -1.395803e-03 -2.370882e-03 6.046436e+00 1.287581e+00 -5.238922e+00 4.238107e+01 761 6.863406e-03
45269 1.577700e-02 7.697350e-04 1.660921e-01 -2.100881e-02 -1.017837e-03 2.802290e+00 -5.531159e+00 -2.713628e-01 1.909249e+01 1089 1.178421e-02
46004 2.373975e-03 -1.502449e-03 2.582039e-01 -1.982795e-03 3.506872e-03 2.999026e+00 -8.710054e-01 -3.113869e+00 2.865128e+01 829 1.146095e-02
46415 1.270478e-02 -4.921073e-03 1.048486e-01 9.473332e-03 -2.534952e-03 3.776997e-01 -8.033459e+00 3.064344e+00 1.455742e+01 5924 3.976539e-02
46606 -2.979007e-03 -9.997835e-03 1.340477e-01 -2.204455e-04 -2.582896e-03 4.576091e-01 -2.015927e+00 -6.047215e+00 2.516286e+01 1580 1.156256e-02
46660 6.298100e-03 3.894304e-03 1.207166e-01 -9.119598e-03 -8.795174e-03 4.768332e-01 1.522607e+00 3.427505e-02 3.669897e+01 1117 8.175409e-03
46711 2.261454e-03 -2.242410e-03 2.112645e-01 2.782527e-03 1.220112e-03 8.651230e+00 -3.831756e+00 1.167810e+00 1.656236e+01 573 1.168814e-02
46891 4.531040e-03 7.113723e-04 1.749708e-01 -4.372046e-03 -7.000913e-04 1.110581e+00 -1.798520e+00 -1.335033e-01 2.533320e+01 1138 1.136580e-02
47618 -2.097095e-03 -4.641797e-03 1.387195e-01 -4.222162e-03 -5.189919e-03 1.153657e+00 2.929731e+00 3.140131e-01 1.150701e+01 1435 1.650324e-02
47679 1.763238e-03 8.709058e-04 2.044986e-01 -3.724250e-03 -1.231207e-02 8.116326e-01 -1.538679e+00 -2.058786e+00 1.859448e+01 4262 3.496424e-02
47774 -6.304121e-04 -2.390294e-03 1.444692e-01 2.713159e-03 -1.608294e-03 3.077596e+00 -2.274676e-01 1.897568e+00 4.574404e+01 4890 3.303237e-02
47837 -6.593821e-03 -5.125898e-03 8.918857e-02 -2.660890e-02 -1.891779e-02 1.926999e-01 2.431945e+00 1.992807e+00 3.059818e+01 2330 1.558649e-02
48061 5.601718e-03 -1.697771e-02 1.135111e-01 -4.040271e-03 1.116629e-02 6.554671e-01 -3.046029e+00 1.094564e+01 2.509152e+01 1969 1.408189e-02
48380 -8.753233e-03 -6.855940e-03 1.007643e-01 -1.603350e-02 -1.094598e-02 6.132464e-01 -5.884723e+00 -3.004496e+00 3.251930e+01 577 3.588285e-03
48439 5.977494e-03 4.478186e-04 1.870060e-01 -6.733302e-03 -7.503735e-04 4.839089e+00 -3.231608e+00 -2.286927e-01 3.058573e+01 1446 1.354877e-02
48850 9.244028e-05 7.486311e-03 2.165478e-01 -8.057175e-04 5.562274e-03 6.687658e+00 -8.184916e-01 -2.999359e+00 3.946993e+01 2288 1.830075e-02
49182 5.243650e-03 -7.628125e-03 1.500271e-01 -1.248137e-03 2.875035e-03 2.108806e+00 5.955752e+00 -7.250547e+00 1.145243e+01 1633 1.605799e-02
49191 7.991494e-03 7.320584e-03 1.123117e-01 -9.172743e-03 -8.140642e-03 6.775940e-01 -3.905708e+00 -2.631120e+00 2.513491e+01 764 5.775828e-03
49220 2.418718e-02 5.237254e-03 1.098920e-01 2.671209e-02 5.950966e-03 4.127410e-01 7.329051e+00 2.149397e+00 2.004964e+01 843 6.781708e-03
49497 8.736942e-03 3.798876e-03 3.112151e-01 1.031736e-02 1.464705e-02 1.581651e+01 -1.562016e+00 4.405330e+00 1.771175e+01 4810 4.643438e-02
49522 1.783124e-04 1.145041e-02 9.412231e-02 -3.943452e-04 -1.116111e-02 3.513067e-01 1.013540e+00 -1.763594e+00 6.986287e+00 991 9.938038e-03
49867 1.681879e-02 -6.865103e-03 3.380911e-01 6.955873e-03 -3.941899e-03 2.139012e+01 1.348601e+01 -4.257821e+00 3.094085e+01 1733 2.055302e-02
50005 -1.187444e-02 -5.542407e-04 1.843280e-01 1.150308e-02 5.273621e-04 1.712491e+00 2.147765e+00 1.446995e-01 4.151502e+01 867 8.226095e-03
50325 1.045411e-02 -6.539675e-03 1.788286e-01 1.041576e-02 -7.168762e-03 8.183709e+00 -1.475576e+00 1.741342e-01 3.845362e+01 792 7.754284e-03
50724 1.224381e-03 2.287381e-03 1.681118e-01 3.783355e-03 -5.667653e-03 6.604438e-01 -3.559251e+00 1.716073e+00 1.380153e+01 2455 2.307745e-02
50751 -7.461869e-03 5.636399e-04 1.820322e-01 -2.334210e-03 -2.638369e-04 1.274378e+01 -4.248660e+00 4.534937e-01 3.556722e+01 1572 1.237285e-02
50997 -6.794367e-03 2.805307e-03 2.408147e-01 1.403743e-02 -4.305910e-03 1.624420e+00 -1.928602e+00 3.018272e-02 2.755769e+01 1033 1.202184e-02
51164 -1.333415e-02 -2.628922e-03 1.318377e-01 -1.522032e-02 -2.021404e-03 2.663676e+00 3.550143e+00 -1.619142e+00 1.070382e+01 1310 1.494983e-02
51503 -1.210359e-03 -2.021179e-02 1.471285e-01 -2.854268e-03 -1.782251e-02 2.982576e+00 -8.415085e-01 5.983807e+00 2.700542e+01 1888 1.453705e-02
51584 6.369471e-03 3.058066e-04 1.001839e-01 7.625625e-03 2.474943e-04 3.614204e-01 3.289610e-01 -1.061711e-01 1.660539e+01 2621 1.740335e-02
51788 4.365805e-05 -1.988707e-03 1.804424e-01 4.213083e-03 -5.020983e-03 7.247638e+00 5.278248e-01 5.563159e-01 2.774096e+01 1121 1.060846e-02
51795 4.541021e-03 1.604549e-02 1.459417e-01 -1.741779e-03 -4.647405e-03 4.101460e+00 2.549984e+00 9.208821e+00 2.282427e+01 2019 1.570256e-02
52113 6.421774e-03 1.336648e-02 1.394673e-01 -4.209443e-03 -1.449231e-02 2.257739e+00 2.980249e+00 4.425212e+00 3.076317e+01 1336 1.054836e-02
52265 -1.766805e-03 3.799890e-04 1.308407e-01 3.387381e-03 2.746888e-03 6.460269e-01 -2.301348e+00 -6.426278e-01 4.070667e+01 2361 1.622790e-02
52656 1.628735e-03 -2.066592e-04 2.093003e-01 5.170356e-04 -4.667004e-04 2.289535e+00 -1.727303e+00 -3.364756e-01 1.745495e+01 4600 3.878129e-02
52808 1.267821e-02 -6.882352e-03 1.242858e-01 5.435665e-03 -1.626709e-03 1.238173e+00 -7.176907e+00 4.019300e+00 1.784176e+01 1498 1.297507e-02
53138 1.814276e-03 -1.688926e-03 3.012332e-01 -4.768077e-03 -3.346819e-03 5.484772e+00 1.657963e+00 -6.413192e-01 2.968106e+01 1710 1.939733e-02
53286 -4.628240e-04 -4.632713e-04 8.916574e-02 -1.490858e-03 1.394953e-03 3.549749e-01 5.656042e-01 -1.311193e+00 1.976725e+01 889 5.904692e-03
53328 -1.283503e-03 -5.979918e-03 1.976878e-01 2.277327e-03 5.804564e-03 1.464763e+00 6.289709e-01 3.235797e+00 2.001975e+01 550 9.887240e-03
53586 3.288044e-04 5.896413e-03 1.160327e-01 3.819749e-03 -1.923179e-03 4.885852e-01 -8.552283e-01 4.401886e+00 2.984409e+01 1412 9.903599e-03
53904 -7.091656e-03 1.227468e-02 1.352984e-01 6.945689e-03 -7.598007e-03 1.794635e+00 -4.210840e+00 7.316635e+00 2.989766e+01 575 5.545413e-03
53935 -6.118896e-03 -1.161889e-02 2.655111e-01 3.706420e-03 5.626782e-03 1.400217e+01 -3.949364e+00 -9.383490e+00 3.366916e+01 811 1.044878e-02
54421 1.498051e-02 6.461315e-03 1.452866e-01 3.064961e-03 7.631298e-04 8.577941e-01 8.789356e+00 3.844879e+00 2.694432e+01 3501 2.661649e-02
54528 -1.072203e-02 1.226967e-03 1.166843e-01 -5.353502e-03 -3.240055e-03 6.134010e-01 -5.475988e+00 2.088040e+00 1.170234e+01 1960 1.628948e-02
54573 6.506328e-03 1.168393e-02 1.346488e-01 2.542303e-03 9.302112e-03 1.692169e+00 -3.627851e+00 -4.530642e+00 2.051684e+01 580 6.830951e-03
54610 3.334054e-03 4.883695e-03 1.337610e-01 -3.011290e-03 -4.178714e-03 4.183272e-01 -1.315848e+00 -2.765222e+00 3.991719e+01 1047 8.085503e-03
54698 7.937341e-03 -5.680717e-03 1.094108e-01 7.806902e-03 -5.894711e-03 4.509647e-01 2.716873e+00 4.305911e+00 2.313981e+01 1926 1.369988e-02
54729 2.098357e-02 -7.728384e-03 1.903595e-01 -1.964040e-02 7.185518e-03 5.234033e+00 4.439377e+00 -1.736056e+00 3.233716e+01 750 7.914511e-03
55205 1.291207e-03 -3.864825e-03 3.348098e-01 6.032515e-05 -3.076714e-03 7.687206e+00 -1.855945e+00 1.537137e+00 2.750899e+01 5343 4.584829e-02
55401 -9.602801e-03 -4.018272e-03 1.281412e-01 -9.791322e-03 -4.073112e-03 5.759592e-01 -2.562087e+00 -7.310896e-01 3.009509e+01 2341 1.687808e-02
55515 -8.325710e-03 -7.102192e-03 1.663787e-01 -5.652961e-03 -5.262817e-03 5.716017e+00 3.640677e+00 2.922611e+00 2.188004e+01 1584 1.365037e-02
55698 1.357656e-03 -7.744612e-03 2.183520e-01 -7.879591e-04 7.100846e-03 1.538603e+01 1.687918e+00 -2.266197e+00 1.516768e+01 1331 1.961560e-02
55877 8.629252e-03 3.125755e-03 1.863489e-01 1.335881e-02 6.318857e-03 2.162283e+00 -8.570205e+00 -3.444754e+00 1.430180e+01 2978 2.696794e-02
55889 -8.909024e-03 -4.279384e-03 1.382396e-01 3.523098e-03 -8.053980e-04 2.311177e+00 -5.002918e+00 -2.713958e+00 2.188424e+01 1067 1.043785e-02
55938 -2.003099e-02 -1.230193e-02 1.511261e-01 1.289072e-02 7.976471e-03 4.319844e+00 9.054985e+00 5.523631e+00 2.705221e+01 1645 1.271282e-02
56016 -1.463346e-03 1.232861e-03 2.412422e-01 -5.692020e-03 -4.888186e-03 2.545405e+01 2.799082e+00 7.324463e-01 3.075666e+01 2608 2.285772e-02
56101 -2.205043e-03 5.075476e-03 2.282935e-01 4.533143e-03 -1.810027e-02 3.385589e+00 -2.588319e+00 7.925114e+00 1.967339e+01 558 1.075602e-02
56142 9.561175e-03 -1.000135e-03 1.926532e-01 -1.150617e-02 1.316907e-03 6.192219e+00 -3.171511e-01 1.414730e-01 1.206897e+01 1635 2.039929e-02
56378 8.442414e-05 -6.613819e-03 8.517964e-02 6.554211e-03 -2.980276e-02 1.417377e-01 2.135998e+00 -5.486661e+00 2.657436e+01 938 6.650425e-03
56386 7.522620e-05 5.462576e-03 1.300584e-01 1.875601e-03 -2.309971e-03 1.534178e+00 3.018688e-03 -3.339385e+00 2.925940e+01 2048 1.426888e-02
56420 -6.744856e-03 2.525922e-03 9.393065e-02 2.413758e-02 -3.794890e-03 3.783322e-01 1.802204e+00 6.628633e-01 2.892820e+01 2442 1.741310e-02
56441 -1.526750e-02 -7.378819e-04 2.190158e-01 9.196438e-03 8.879167e-04 3.190538e+00 -8.754708e+00 5.478850e-02 3.058807e+01 10157 7.091159e-02
56451 -1.956279e-03 -1.876475e-03 2.380411e-01 -2.329039e-04 -1.434801e-04 6.426551e+00 -3.043993e+00 -2.817528e+00 2.871781e+01 2555 2.197444e-02
56572 1.216805e-02 -2.566215e-03 1.119912e-01 -1.941508e-02 5.325807e-03 3.823303e-01 -3.135127e+00 1.598548e+00 3.142335e+01 1517 1.083886e-02
56778 1.601812e-02 -7.537757e-03 1.860886e-01 1.217523e-02 -5.362926e-03 1.937444e+00 6.128448e+00 -3.091117e+00 4.081310e+01 802 7.152981e-03
57249 7.915213e-03 -7.704876e-03 1.312955e-01 -1.591815e-03 8.513905e-04 3.960182e-01 4.803198e+00 -4.654109e+00 2.347331e+01 496 5.402312e-03
57535 3.225624e-03 1.610357e-03 2.853016e-01 -1.109550e-02 1.526238e-03 2.339527e+00 -2.048545e+00 -9.507940e-01 3.266675e+01 999 1.314829e-02
57596 4.455704e-03 -1.070728e-02 1.404757e-01 8.521225e-03 -1.275860e-02 3.089466e+00 -1.725395e+00 5.042751e+00 3.823870e+01 3751 2.727105e-02
57743 -1.434259e-02 -1.209710e-02 1.409736e-01 -1.468026e-02 -1.267001e-02 2.740435e+00 -2.138489e+00 -3.904221e+00 3.504023e+01 3857 2.638857e-02
57907 -3.137687e-03 -2.423211e-03 1.466904e-01 3.751777e-03 4.771537e-03 2.449838e+00 -1.460076e+00 -9.005467e-01 2.319168e+01 2151 1.733570e-02
57911 1.222224e-02 -8.823522e-03 1.617610e-01 4.481485e-03 -1.204443e-03 1.651470e+00 -9.342697e+00 6.158192e+00 4.289360e+01 808 6.613882e-03
57968 -1.609009e-02 -7.745762e-03 1.633586e-01 -3.269158e-03 -4.319627e-03 1.535002e+00 -9.537712e+00 -3.910293e+00 2.415582e+01 1741 1.532452e-02
58001 -7.574269e-04 3.827813e-03 1.371156e-01 -2.347052e-03 2.973015e-03 5.645759e-01 -5.321889e-01 -1.477825e+00 2.583900e+01 1568 1.263776e-02
58210 -1.014423e-02 9.077738e-04 9.396546e-02 -1.849212e-02 -4.059147e-03 3.692162e-01 1.604070e+00 -1.689617e+00 1.602729e+01 983 7.398064e-03
58414 8.064359e-03 2.383592e-03 1.161560e-01 -7.464870e-03 -2.201899e-03 8.930523e-01 -5.626278e+00 -1.704121e+00 3.514553e+01 1776 1.199418e-02
58445 6.464610e-03 6.267260e-03 1.195474e-01 6.133884e-03 5.655713e-03 6.498384e-01 1.743412e+00 3.019617e+00 1.803648e+01 1568 1.209495e-02
58479 -8.860162e-03 3.561294e-03 2.094335e-01 7.720793e-03 -3.339355e-03 6.393594e+00 -3.922378e+00 8.632782e-01 3.088089e+01 1595 1.413390e-02
58621 -8.622335e-04 -2.615898e-03 2.167399e-01 5.593633e-04 1.820798e-03 5.426702e+00 1.392494e+00 3.668460e+00 2.134035e+01 1209 1.446821e-02
58759 3.579504e-03 -3.546819e-03 2.643016e-01 -2.806421e-03 2.747444e-03 8.653885e+00 1.497222e+00 -1.530734e+00 2.898215e+01 1168 1.371856e-02
59032 5.039901e-03 1.228817e-03 1.084618e-01 8.774381e-03 5.016447e-03 4.853485e-01 3.297144e-01 1.427771e+00 2.278006e+01 1112 8.294614e-03
59321 -1.033958e-02 -2.676118e-03 1.700785e-01 -1.297074e-02 -5.247762e-03 1.681754e+00 -2.086516e+00 2.357544e-01 2.094966e+01 1866 1.745289e-02
59373 9.453759e-04 1.469206e-03 1.608098e-01 2.653801e-03 5.812111e-03 5.175773e+00 -2.998404e-01 -1.071427e+00 1.481206e+01 5238 4.099424e-02
59435 1.581931e-03 1.324623e-02 2.047574e-01 2.183848e-03 -2.106445e-06 5.646120e+00 1.417696e+00 8.300618e+00 3.145362e+01 622 7.863799e-03
59668 1.462231e-02 4.770043e-03 1.155263e-01 -8.867767e-03 -6.778801e-03 5.602626e-01 1.265616e+01 5.371270e+00 3.521401e+01 443 3.691298e-03
59693 9.483764e-04 2.064705e-03 2.284048e-01 -7.980572e-04 8.189871e-04 9.631069e+00 8.849414e-01 1.124276e+00 3.198283e+01 2207 2.020873e-02
59748 6.236898e-03 7.364086e-03 1.209300e-01 5.869194e-03 7.001999e-03 8.273844e-01 2.596556e+00 2.587137e+00 2.397291e+01 843 7.260229e-03
60099 1.195070e-02 4.931127e-03 1.154683e-01 -1.242262e-02 -4.120652e-03 1.158727e+00 -3.134694e-02 -2.015326e+00 1.288639e+01 1322 1.205471e-02
60427 -1.547349e-02 3.149701e-03 1.319415e-01 1.962479e-02 -6.649445e-03 9.999237e-01 -4.534254e+00 1.587715e-01 3.541097e+01 1735 1.209298e-02
60507 5.315295e-03 -4.868854e-03 3.478133e-01 6.839687e-03 -4.441912e-03 5.675500e+00 -2.469428e+00 -1.228637e+00 2.253296e+01 4736 4.387630e-02
60826 -4.658822e-03 9.815072e-03 1.544993e-01 4.943948e-03 -8.471551e-03 1.177131e+00 1.925423e-01 -2.947728e+00 2.818372e+01 688 7.595015e-03
60885 -4.667001e-03 3.395662e-03 2.695844e-01 1.891479e-03 6.191519e-04 4.122747e+00 -3.505775e+00 4.552928e+00 3.439864e+01 1982 1.931090e-02
60916 6.996938e-03 2.460868e-02 1.591585e-01 1.639158e-03 8.310221e-03 4.922085e-01 4.062137e+00 1.381926e+01 2.759254e+01 2041 1.640152e-02
61066 2.243601e-03 -2.744830e-04 1.497499e-01 2.939707e-03 -1.572596e-03 4.846594e-01 -9.685044e-01 2.176910e+00 2.353184e+01 2541 2.034329e-02
61373 -1.181602e-02 -8.200080e-03 1.343648e-01 1.711051e-02 1.047469e-02 1.747593e+00 7.398500e-01 -3.838956e-01 3.031725e+01 898 7.606929e-03
61823 4.537292e-03 1.711399e-02 2.886976e-01 -4.540222e-03 -1.804767e-02 2.241661e+01 2.538740e-01 -1.648968e+00 2.212791e+01 1317 1.848211e-02
61875 -6.041534e-04 -3.138386e-03 2.041899e-01 7.484275e-04 3.630378e-03 1.614091e+01 3.726884e-01 1.208621e+00 1.593672e+01 2548 2.478506e-02
61890 7.636427e-03 2.653907e-03 1.262154e-01 5.997117e-03 2.008729e-03 5.662474e-01 -3.684068e+00 -1.293755e+00 2.503539e+01 470 4.495857e-03
61941 1.530406e-02 -3.158729e-03 1.747138e-01 1.265662e-02 -4.233481e-03 6.468825e+00 -5.867246e+00 5.800819e-01 3.503187e+01 2899 2.160777e-02
61971 -2.215613e-03 2.884578e-03 2.415871e-01 9.528380e-04 2.270823e-03 6.370692e+00 -1.226544e+00 2.086245e+00 1.746283e+01 2059 2.351709e-02
62065 -9.588275e-04 -2.001245e-02 1.290251e-01 -1.083241e-03 -1.823855e-02 9.549687e-01 3.774704e-01 -7.001061e+00 2.816325e+01 1867 1.369699e-02
62069 8.182114e-03 9.525795e-03 1.111557e-01 -5.595536e-03 -3.819702e-03 8.621168e-01 8.412378e+00 8.620981e+00 2.701479e+01 1309 9.720264e-03
62218 -1.724444e-02 8.458258e-03 1.369770e-01 1.245007e-02 -7.276495e-03 1.123911e+00 7.491128e+00 -2.492362e+00 2.734875e+01 564 5.432838e-03
62247 4.362045e-03 -3.551458e-04 1.792760e-01 -6.846706e-04 -1.197775e-03 2.467493e+00 2.947602e+00 5.490975e-02 1.973148e+01 944 1.292006e-02
62444 -1.334405e-02 6.021278e-04 1.369048e-01 1.711366e-02 -8.764610e-04 9.695939e-01 -1.437417e+00 9.403793e-03 3.498532e+01 2457 1.822197e-02
62658 -1.147130e-02 1.192437e-02 2.018356e-01 1.101239e-02 -1.063200e-02 4.624526e-01 -1.864785e+00 3.333421e+00 3.266809e+01 1886 1.630044e-02
62926 6.144325e-04 -8.331581e-03 1.158198e-01 8.779303e-04 -2.933459e-03 1.005869e+00 -9.038507e-01 7.826473e+00 2.517755e+01 2864 2.065991e-02
63168 5.184512e-03 -1.887438e-03 1.810515e-01 -1.040859e-02 -1.040257e-03 4.968379e-01 -3.053721e+00 1.138208e+00 1.703043e+01 1637 1.678473e-02
63403 -1.562065e-02 -2.455370e-03 2.299958e-01 5.155689e-03 1.656346e-03 1.168158e+00 -8.895270e+00 -1.105512e+00 3.860079e+01 1878 1.626614e-02
63437 2.161326e-03 2.615396e-03 1.323606e-01 3.940529e-03 2.395248e-03 9.676295e-01 1.396169e+00 -6.287104e-01 2.730977e+01 3207 2.237547e-02
63538 -1.089862e-02 -3.769455e-03 1.111199e-01 -6.761230e-03 -3.225893e-03 8.932854e-01 -5.534860e+00 -1.131167e+00 1.803364e+01 2068 1.485095e-02
63731 -1.489324e-03 -6.645901e-03 1.229618e-01 1.308150e-03 -2.920472e-03 5.369517e-01 1.171888e+00 3.605852e+00 2.360120e+01 1053 9.008285e-03
63786 -7.473653e-03 1.958757e-02 2.949411e-01 6.899495e-03 -1.756175e-02 3.549125e+00 -2.053887e+00 6.854961e+00 3.254184e+00 1047 7.509611e-02
63895 6.612082e-03 -1.950805e-03 1.288145e-01 -5.421357e-03 -2.399126e-04 1.747154e+00 4.209473e+00 -1.162646e+00 2.901564e+01 952 7.592148e-03
64167 -8.458505e-03 1.909571e-02 1.426414e-01 3.181645e-03 -3.396689e-03 1.297224e+00 4.696913e+00 -1.197597e+01 3.299932e+01 4113 2.927959e-02
64191 -5.161578e-03 4.812847e-03 1.891503e-01 -8.332661e-04 -2.835045e-03 3.636404e+00 -4.310039e+00 2.282625e+00 2.192835e+01 1353 1.616768e-02
64222 -1.116664e-03 4.368252e-04 1.976126e-01 -6.122406e-04 5.150331e-05 1.286578e+00 -5.741807e-01 2.652748e-01 2.602836e+01 4789 3.516585e-02
64881 -2.955996e-03 -3.590192e-03 1.074950e-01 2.916900e-03 3.530685e-03 8.767023e-01 8.349444e-01 1.263649e+00 2.080296e+01 1406 9.808131e-03
65092 -2.603594e-03 -2.364588e-03 3.236950e-01 1.927195e-03 9.256127e-04 2.047698e+01 -2.061353e+00 -4.201930e+00 2.015329e+01 2551 2.916662e-02
65093 -1.796063e-03 2.117167e-03 1.144310e-01 -2.355497e-03 2.026667e-03 4.488458e-01 -1.400189e+00 -3.721176e-01 2.203377e+01 1165 8.745044e-03
65124 1.448527e-02 -4.420985e-03 1.384251e-01 5.664948e-03 -1.622434e-03 9.238220e-01 -1.110685e+01 3.359734e+00 3.947096e+01 2453 1.727688e-02
65654 4.680056e-03 -1.216551e-02 1.144175e-01 6.641068e-03 -1.735354e-02 9.655400e-01 9.553174e-01 -2.564266e+00 2.775745e+01 1206 9.000837e-03
65996 9.984057e-03 -1.088760e-02 2.059831e-01 -7.619296e-03 8.846004e-03 4.750310e+00 4.221898e+00 -3.931465e+00 3.212414e+01 687 8.590862e-03
66381 5.058761e-03 -1.747435e-02 1.179398e-01 3.806300e-03 -1.187001e-02 4.905359e-01 -2.777283e+00 9.686317e+00 2.057133e+01 1485 1.140032e-02
66589 -1.892151e-03 4.087320e-03 2.017873e-01 -2.537157e-03 1.410811e-02 3.977728e+00 -7.950119e-01 4.659106e-01 2.360261e+01 1132 1.299189e-02
66706 -7.772149e-05 6.862583e-03 1.890934e-01 1.677870e-04 -6.263018e-03 4.558289e+00 9.419697e-01 6.386582e+00 1.902592e+01 3108 2.647195e-02
66727 7.575110e-03 7.996897e-03 9.974993e-02 -2.990220e-03 -7.367153e-03 1.163656e+00 8.507585e+00 1.169660e+01 3.766348e+01 932 6.145076e-03
67072 1.057924e-02 -7.816419e-03 2.825912e-01 1.054147e-02 -7.303468e-03 1.218148e+01 1.138142e+00 -1.603953e+00 2.116696e+01 1068 1.739216e-02
67193 -3.672847e-03 2.875802e-03 1.059962e-01 1.667338e-03 -4.891404e-04 1.228431e+00 2.155186e+00 -2.245264e+00 1.718009e+01 1820 1.353134e-02
68007 -3.740383e-03 -6.318136e-03 1.829770e-01 3.380824e-03 6.359297e-03 3.611331e-01 -1.144407e+00 -3.073053e-01 2.284066e+01 1862 1.798799e-02
68011 -9.017107e-03 3.129658e-03 1.829105e-01 1.432158e-03 3.674796e-04 9.226703e+00 -5.335183e+00 1.921890e+00 3.446237e+01 1255 1.125831e-02
68015 3.809582e-03 5.360365e-03 1.062169e-01 -1.194187e-03 -3.728711e-03 4.925447e-01 -3.189137e+00 -2.455061e+00 1.816991e+01 758 6.160980e-03
68402 -2.769773e-03 1.387534e-02 1.745283e-01 7.699957e-04 2.236500e-03 7.010258e-01 1.701150e+00 -8.242883e+00 2.883572e+01 1733 1.406113e-02
68551 4.228135e-05 4.660234e-03 1.059265e-01 2.147626e-04 4.382139e-03 8.034358e-01 -9.222755e-02 -4.398375e+00 2.006152e+01 2783 2.007302e-02
68605 -1.655257e-02 -5.953026e-04 1.380213e-01 -9.605141e-03 -3.741002e-04 1.575171e+00 -9.103910e+00 -3.246212e-01 1.430035e+01 1503 1.304357e-02
68799 1.020867e-02 -1.134576e-02 1.398958e-01 1.357855e-03 -2.402324e-03 7.161744e-01 6.061507e+00 -6.638920e+00 2.173666e+01 1404 1.220465e-02
69438 1.779597e-04 1.107499e-02 2.268250e-01 -9.918425e-04 -9.101338e-03 1.306297e+01 -2.289053e+00 6.215725e+00 1.283615e+01 1112 1.989801e-02
69606 1.218663e-02 1.505214e-02 1.982137e-01 1.340719e-02 1.659190e-02 4.618522e+00 4.513923e+00 5.707290e+00 1.420202e+01 2552 2.595644e-02
69720 -1.695285e-03 1.385583e-02 2.452412e-01 3.731725e-03 -5.063416e-04 6.941069e+00 -6.482590e-01 -1.068471e+01 1.092280e+01 802 2.140231e-02
69761 8.322832e-03 8.469255e-03 1.033059e-01 5.307457e-03 5.631123e-03 5.233037e-01 7.099977e+00 6.730711e+00 2.926910e+01 1133 8.507841e-03
69903 -5.627073e-03 1.375671e-02 1.388119e-01 6.223152e-03 -1.623013e-02 7.735768e-01 6.895078e-01 -3.659928e+00 2.793716e+01 692 6.575593e-03
70101 -6.561697e-03 8.724956e-03 1.847431e-01 8.678652e-03 -6.409846e-03 1.632030e+01 2.824867e+00 -4.465154e+00 2.123841e+01 1448 1.445322e-02
70248 7.351345e-03 -3.235419e-04 1.150982e-01 -7.848211e-03 3.457457e-04 5.010673e-01 6.474949e+00 -2.850475e-01 3.145024e+01 1985 1.388607e-02
70285 -3.143404e-04 9.597568e-04 1.035604e-01 1.648148e-03 -4.456315e-03 7.545380e-01 -8.701701e-01 2.430476e+00 2.351958e+01 682 5.299163e-03
70335 -2.384231e-03 -1.100774e-02 1.314084e-01 3.265497e-03 1.010739e-02 8.225720e-01 -1.095271e+00 -5.596665e+00 2.729081e+01 1048 8.980696e-03
70408 -1.076635e-03 8.691426e-04 1.521516e-01 1.044888e-03 -1.673835e-03 6.410583e-01 8.540246e-01 -8.361028e-01 2.780703e+01 1384 1.115669e-02
70439 -1.597409e-02 -4.960951e-04 2.568371e-01 -1.055482e-02 -3.937673e-03 1.423534e+01 -7.004672e+00 1.712662e+00 1.891800e+01 1300 1.873031e-02
70518 -3.975090e-03 -1.983940e-03 2.863315e-01 3.104445e-03 -2.022897e-03 1.036849e+01 1.530538e+00 2.419622e+00 2.039376e+01 590 1.469680e-02
70822 -1.045846e-02 -1.154781e-02 1.108927e-01 1.785738e-02 1.936869e-02 3.573546e-01 1.356451e+00 1.308443e+00 2.748104e+01 617 5.023909e-03
71061 5.720191e-03 1.184967e-03 1.041193e-01 4.655230e-03 -2.115207e-03 5.406687e-01 -4.268880e+00 -3.969097e-01 2.255648e+01 981 6.919690e-03
71136 2.411803e-03 -8.677384e-03 1.066987e-01 -8.114307e-04 -1.889178e-04 6.096833e-01 -1.392569e+00 6.269235e+00 2.476717e+01 3562 2.394147e-02
71281 9.231740e-03 -3.836702e-03 1.208197e-01 2.159990e-02 -9.626018e-03 7.924598e-01 2.093338e+00 -1.130292e+00 4.015254e+01 833 6.155732e-03
71295 -1.620693e-02 8.206624e-03 2.081264e-01 -1.646420e-02 8.657527e-03 1.615843e+00 8.908844e-01 -2.177375e+00 3.181749e+01 3123 2.356113e-02
71442 2.413988e-03 7.449619e-03 1.361030e-01 -1.844747e-03 -3.490893e-03 2.849698e+00 -9.108628e-01 -4.149931e+00 2.861640e+01 924 7.038412e-03
72053 -1.603775e-02 -2.783935e-04 1.384217e-01 -8.350916e-03 7.301649e-04 6.766700e-01 -9.332541e+00 -8.941838e-01 3.927831e+01 845 6.537795e-03
72096 -7.558376e-03 -9.634841e-04 1.012395e-01 3.710404e-03 -2.850131e-03 5.070736e-01 -4.505805e+00 -6.008326e-01 1.568588e+01 1715 1.234786e-02
72611 8.773194e-03 5.924665e-03 1.253284e-01 -1.098230e-02 -6.232543e-03 1.157079e+00 5.501805e+00 3.690102e+00 3.962839e+01 2809 1.947211e-02
72668 8.614266e-03 1.595757e-02 1.535276e-01 -6.109599e-04 -6.494550e-03 1.216178e+00 5.564694e+00 8.636599e+00 1.966326e+01 1682 1.436843e-02
72928 2.072547e-04 -3.422203e-03 2.117756e-01 1.177096e-02 6.645428e-03 6.995472e+00 2.303249e+00 -9.076138e-01 1.933997e+01 783 1.245067e-02
72933 -5.486878e-03 -6.305981e-03 2.831336e-01 -4.758257e-03 -2.853175e-03 3.123946e+00 1.631122e+00 5.416639e+00 3.799726e+01 961 1.148740e-02
73141 1.851264e-02 1.888798e-02 1.383180e-01 2.217604e-02 1.946531e-02 2.402162e+00 -6.325684e-01 -3.137012e+00 2.514787e+01 2468 1.798489e-02
73146 -6.003426e-03 1.573171e-02 1.356548e-01 8.017100e-03 -2.062684e-02 4.479180e-01 -1.485231e+00 4.012811e+00 3.254079e+01 702 6.190708e-03
73607 2.671640e-03 -1.068951e-02 1.114078e-01 2.934231e-03 -1.129100e-02 3.561796e-01 1.841806e+00 -4.115186e+00 1.637545e+01 3166 2.352442e-02
73794 2.721971e-03 2.668823e-03 9.886283e-02 -5.731390e-03 -5.242094e-03 3.623049e-01 -2.126074e+00 -1.757955e+00 3.106944e+01 1201 7.419793e-03
74117 -3.086400e-04 2.554036e-04 2.907838e-01 -1.809183e-02 8.015570e-03 2.922931e+00 -1.188343e+00 5.979429e-01 3.102149e+01 1050 1.398548e-02
74248 7.367136e-03 9.685044e-03 1.749043e-01 1.854889e-02 2.527964e-02 1.036931e+00 -3.575627e+00 -5.146049e+00 2.015717e+01 1235 1.381100e-02
74599 2.113440e-03 1.322713e-04 2.512986e-01 -1.055467e-03 5.312641e-03 1.453174e+00 1.084984e+00 1.675470e+00 3.059772e+01 2205 2.100407e-02
74618 -1.531529e-02 -5.299396e-03 1.637206e-01 8.498653e-03 1.444345e-03 1.011071e+00 8.632756e+00 3.094731e+00 2.513092e+01 1746 1.551113e-02
74702 8.954768e-04 -7.972653e-03 1.459766e-01 -6.114683e-04 6.573880e-03 6.289385e-01 -5.723273e-01 3.152364e+00 2.231351e+01 2603 1.976725e-02
74989 1.493545e-03 -1.930155e-03 2.211119e-01 -2.567450e-04 3.607732e-03 1.065813e+01 3.580430e+00 4.627876e+00 1.043702e+01 722 1.838447e-02
75074 8.821315e-04 -1.347019e-03 1.138496e-01 3.661603e-03 -1.976139e-03 7.308439e-01 -1.242441e+00 1.214806e+00 3.164283e+01 522 3.913517e-03
75459 1.540302e-02 -1.034547e-03 1.239312e-01 -2.053065e-02 2.173947e-03 4.076474e-01 3.648627e+00 1.681479e-02 2.970500e+01 1293 9.769424e-03
75560 8.155008e-03 -3.310498e-03 3.185291e-01 -9.153837e-03 3.533683e-03 2.581307e+01 -1.332542e+00 1.770287e-01 2.891634e+01 1326 1.716101e-02
75767 -1.423760e-04 -2.628913e-03 3.188978e-01 -3.696440e-03 5.264946e-03 3.054178e+00 -1.032350e-01 1.851176e+00 3.530857e+01 2902 2.504387e-02
76155 -1.885579e-02 -1.176862e-02 3.171838e-01 -1.826631e-02 -1.157726e-02 1.699068e+00 5.681646e+00 1.946928e+00 1.035920e+01 1677 4.599576e-02
76161 -9.246493e-03 1.086776e-03 1.901547e-01 1.191169e-02 2.012637e-03 9.650040e-01 2.781841e+00 -1.257676e+00 2.235043e+01 1337 1.396016e-02
76300 2.687669e-03 5.038205e-04 3.000184e-01 5.983882e-04 1.302821e-02 1.379641e+01 1.803139e+00 2.879142e+00 3.177470e+01 2280 2.264605e-02
76333 -3.725382e-04 2.146164e-02 1.126551e-01 -3.091352e-04 1.922990e-02 1.387980e+00 -2.282170e-01 8.445785e+00 1.729312e+01 2873 2.160995e-02
76552 1.194199e-02 1.292181e-03 1.033908e-01 7.629426e-03 3.744920e-03 6.917518e-01 -7.444566e+00 -9.085116e-01 1.755404e+01 1754 1.259608e-02
76583 -1.259717e-04 -1.533782e-02 1.271007e-01 -8.607105e-05 -8.822269e-03 2.781900e+00 -6.254119e-02 -7.925562e+00 1.398710e+01 1455 1.306503e-02
76996 -5.214310e-04 -1.239593e-02 1.497252e-01 -1.804624e-03 -1.132895e-02 4.899069e-01 2.028633e+00 -2.958044e+00 2.394582e+01 1336 1.123508e-02
77086 -9.684886e-04 5.805264e-03 1.473977e-01 -1.512108e-03 3.215835e-03 8.525959e-01 -4.171113e-01 3.168386e+00 2.657429e+01 2432 1.818748e-02
77450 -3.508960e-03 1.553334e-03 1.648872e-01 -2.900799e-04 2.058167e-03 1.924989e+00 2.099509e+00 -7.491812e-01 2.819314e+01 982 9.199584e-03
77488 -9.185366e-03 6.630067e-03 1.633518e-01 -8.801440e-03 7.960154e-03 3.381760e+00 1.756397e+00 4.386430e-01 3.585823e+01 1241 1.072927e-02
77500 1.777378e-02 -3.393685e-03 1.380967e-01 -7.414586e-03 3.851585e-03 4.984518e-01 1.125724e+01 -2.323573e+00 3.133336e+01 1154 9.249716e-03
77585 -6.588350e-03 2.319811e-03 1.079323e-01 -2.248140e-03 -3.989398e-06 5.618810e-01 -5.862430e+00 2.972813e+00 3.249164e+01 2681 1.832885e-02
77805 2.066266e-03 -3.717772e-03 2.306131e-01 -1.079114e-02 1.897436e-04 2.328845e+00 -1.435372e+00 2.234934e+00 2.702165e+01 7280 5.394200e-02
77838 8.160565e-03 -1.271688e-02 1.787424e-01 -1.150506e-02 2.043982e-02 5.369148e+00 -1.495740e+00 1.427994e+00 1.908712e+01 2004 1.748817e-02
77875 1.298417e-02 8.197565e-03 1.066618e-01 2.251522e-02 1.041527e-02 1.252270e+00 -4.915246e+00 -3.616290e+00 2.416640e+01 1705 1.229876e-02
78047 1.843488e-03 1.321481e-03 1.193560e-01 -3.975404e-03 1.630604e-03 1.007444e+00 1.168203e+00 7.677595e-01 3.415310e+01 2288 1.539030e-02
78279 -1.921099e-03 -9.075373e-03 1.215571e-01 -1.215420e-04 -9.095803e-03 2.047760e+00 2.017193e+00 1.455115e+00 1.840446e+01 1070 9.809003e-03
78311 1.837459e-03 -8.395667e-03 9.782700e-02 1.169054e-03 -1.363497e-02 4.117974e-01 -8.297645e-01 -6.329625e-01 1.915248e+01 943 7.136341e-03
78435 -2.725612e-03 1.742593e-03 3.412615e-01 -5.605252e-03 1.013425e-02 2.152380e+00 -2.328690e-01 -1.660697e+00 4.303291e+01 1116 1.338858e-02
78545 -6.600526e-03 -2.840400e-03 1.275962e-01 7.401040e-03 2.986797e-03 3.899470e-01 2.463419e+00 3.733932e-01 3.410766e+01 2145 1.543031e-02
78634 -1.502844e-03 -2.166281e-03 2.867760e-01 -1.701941e-02 5.359979e-03 4.760056e+00 -4.746122e-01 -1.435426e+00 3.448317e+01 1044 1.165899e-02
78786 6.779216e-03 2.144515e-03 2.176285e-01 1.127136e-02 8.643425e-03 1.225344e+01 -6.550273e+00 -3.102539e+00 1.966803e+01 491 1.048453e-02
79010 6.219745e-03 9.079568e-03 1.668000e-01 6.509535e-03 1.083147e-02 2.328229e+00 2.386449e-01 -1.626565e+00 1.834495e+01 1011 1.151782e-02
79091 -8.649823e-03 2.715738e-03 3.298909e-01 -5.363801e-03 1.322374e-03 1.940321e+00 4.017115e+00 -1.478967e+00 2.653736e+01 963 1.644677e-02
79127 -3.526299e-03 1.916322e-02 1.355371e-01 -4.014240e-03 2.037343e-02 9.809570e-01 -1.526501e+00 3.294614e+00 2.826921e+01 505 6.596954e-03
79349 -6.180209e-03 -1.553456e-02 1.817837e-01 3.001941e-04 -1.370973e-02 8.658353e-01 -3.706203e+00 -9.418981e+00 2.643450e+01 1701 1.517406e-02
79420 -3.985722e-03 -1.310605e-02 2.086745e-01 -4.799962e-05 -6.583763e-03 2.210728e+00 -2.680187e+00 -1.082492e+01 2.393175e+01 498 8.930664e-03
79618 -6.969966e-03 9.729269e-03 8.959401e-02 3.692092e-03 -1.537927e-02 4.023653e-01 -5.351529e+00 9.927383e+00 1.152797e+01 3190 2.232436e-02
79876 1.315283e-03 -2.564143e-03 1.276756e-01 3.746337e-03 1.213756e-03 2.131427e+00 -2.481347e+00 1.339367e+00 3.094417e+01 1503 1.165536e-02
79908 -9.808495e-03 -2.668759e-03 1.165711e-01 -8.254493e-03 -2.363416e-03 2.816077e+00 -4.372267e+00 -9.097370e-01 2.614485e+01 2170 1.583338e-02
79999 1.495219e-02 4.510837e-03 1.528547e-01 -1.325781e-02 -6.187058e-03 4.198988e-01 4.668121e+00 1.839314e-01 2.989236e+01 494 5.622420e-03
80021 9.162544e-03 -2.149286e-03 2.180988e-01 8.314405e-05 -2.335457e-03 3.558957e+00 -7.084013e+00 2.816677e+00 1.685020e+01 1940 2.064808e-02
80175 -5.013120e-03 -1.606723e-02 1.441872e-01 -1.216881e-02 -9.894447e-03 3.111070e+00 3.125730e+00 9.736942e+00 3.203503e+01 615 6.064237e-03
80321 -6.740910e-04 -2.932889e-03 2.853403e-01 -3.895789e-03 6.386222e-03 1.257648e+00 3.851363e-01 1.791470e+00 2.920364e+01 594 1.104037e-02
80328 1.319631e-03 3.442410e-03 1.312497e-01 -2.122379e-04 -2.624872e-03 1.553814e+00 8.025089e-01 2.181915e+00 2.550652e+01 819 7.553258e-03
80536 -3.904151e-03 -5.216493e-03 1.421708e-01 3.219595e-03 1.575892e-03 4.903921e-01 -1.688130e+00 -2.968049e+00 3.551173e+01 657 5.787465e-03
80869 6.569288e-04 -7.465518e-03 1.313407e-01 -5.489421e-03 3.122246e-02 3.253385e-01 2.036018e+00 -8.802380e+00 9.482482e+00 914 1.264611e-02
80941 -2.981605e-03 2.247614e-02 1.561877e-01 2.874312e-03 -2.253723e-02 4.039137e+00 4.723348e-01 -2.186684e+00 2.288234e+01 1138 1.132084e-02
81236 -7.015405e-03 -7.763094e-04 1.626333e-01 7.640514e-03 1.554440e-05 1.877968e+00 -1.579841e+00 -5.892410e-01 3.206612e+01 982 8.376881e-03
81361 -1.156412e-02 -1.169526e-02 1.656054e-01 -1.268548e-02 -1.145741e-02 1.247616e+00 -1.255324e+00 1.430033e+00 3.592362e+01 725 6.759908e-03
81381 -8.460104e-03 6.781737e-03 1.140981e-01 8.222477e-03 -5.995141e-03 4.344675e-01 -7.550665e+00 5.901140e+00 2.587829e+01 1988 1.423626e-02
81507 5.217227e-03 -1.807797e-03 1.129397e-01 -1.338459e-02 4.243404e-03 3.798118e-01 7.181008e-01 -3.237968e-01 2.638529e+01 2386 1.538760e-02
81615 -1.750833e-02 6.088310e-03 3.137927e-01 1.704718e-02 -5.641987e-03 1.242394e+01 -2.654818e+00 2.156767e+00 2.018289e+01 672 1.582074e-02
81662 -1.048651e-02 8.306582e-03 3.251321e-01 9.027495e-03 -5.783373e-03 1.279647e+01 -4.727800e+00 7.608362e+00 1.247134e+01 1950 3.271149e-02
81676 1.008340e-03 -3.034800e-03 3.051553e-01 1.180133e-03 1.306912e-03 7.623650e+00 2.354966e+00 -2.204605e+00 3.393205e+01 867 1.153352e-02
81701 1.155350e-02 1.192477e-03 1.228027e-01 3.798625e-03 1.820748e-03 4.257794e-01 7.688238e+00 -1.591558e-01 2.248599e+01 2465 1.616325e-02
81977 7.255058e-03 -9.468430e-04 9.194345e-02 -1.995840e-02 1.090776e-02 3.564837e-01 8.313235e-01 1.428961e+00 2.609590e+01 1050 6.501898e-03
82142 -3.708726e-03 2.329278e-03 2.009979e-01 -1.527716e-03 1.641779e-03 7.866045e-01 2.031555e+00 -9.946933e-01 3.507710e+01 762 8.304793e-03
82295 2.810734e-03 -3.604753e-03 1.403092e-01 2.828192e-03 -3.396912e-03 2.141228e+00 2.487658e-01 3.344724e+00 1.125515e+01 1277 1.411535e-02
82297 -6.936658e-04 -2.012239e-02 2.022691e-01 8.298655e-04 -1.304306e-02 1.465801e+00 1.918193e+00 1.113462e+01 2.793551e+01 997 1.073619e-02
82533 2.133573e-03 1.130615e-02 1.547556e-01 -3.736981e-03 1.021449e-03 3.482496e+00 -8.269619e-01 -7.042547e+00 3.079558e+01 2639 1.924182e-02
82817 -3.064065e-03 2.558482e-03 3.007525e-01 7.144533e-05 5.313999e-03 4.726690e+00 1.939571e+00 -5.388028e-01 2.935845e+01 3038 2.756858e-02
82850 -2.209735e-02 -7.256939e-03 1.486872e-01 8.971942e-04 3.043726e-03 5.829132e-01 -1.411293e+01 -5.205982e+00 3.564902e+01 583 5.219112e-03
82883 -2.271991e-03 1.596002e-03 1.359134e-01 1.498757e-03 3.126208e-03 7.837699e-01 9.991726e-01 -3.128671e+00 3.125634e+01 2097 1.522927e-02
82932 -1.011726e-02 -6.239364e-03 1.127018e-01 1.611039e-02 1.030504e-02 4.322198e-01 -2.498981e+00 -1.449085e+00 3.241772e+01 907 6.146030e-03
83037 -1.278853e-03 1.054703e-03 2.866365e-01 3.859185e-03 1.819474e-03 3.765722e+00 -2.053079e-04 -1.045406e+00 3.208049e+01 1315 1.439693e-02
83164 -6.306239e-04 4.043468e-03 1.750066e-01 -2.891465e-04 3.638882e-03 1.369510e+00 -9.428522e-01 1.320118e+00 2.029263e+01 1405 1.409338e-02
83514 -3.781998e-04 1.303476e-02 1.561399e-01 2.887337e-04 -1.291288e-02 2.188070e+00 -1.780208e+00 2.528978e+00 2.109719e+01 441 6.726552e-03
83613 1.857295e-02 -1.056688e-02 1.530808e-01 3.675032e-03 -4.862653e-04 1.918652e+00 1.138093e+01 -6.388011e+00 2.080679e+01 3353 2.640104e-02
83763 -2.585725e-04 -1.985352e-02 1.157159e-01 1.627577e-03 -2.480631e-02 5.232496e-01 1.341005e+00 8.750614e-01 2.527829e+01 1130 9.549158e-03
83946 -2.500948e-02 5.402158e-03 2.953594e-01 -2.579276e-02 5.771185e-03 2.125991e+01 -3.768643e+00 1.958503e+00 2.246571e+01 899 1.514524e-02
84592 -5.397077e-04 9.205516e-04 1.373419e-01 -5.001895e-04 -1.761264e-03 7.768032e-01 -6.457308e-01 -1.443220e-01 2.672312e+01 1266 1.006303e-02
84618 2.198204e-04 5.732983e-03 1.040532e-01 1.085410e-04 9.585166e-05 3.642994e-01 -3.106815e-01 -5.850722e+00 4.141818e+01 873 5.389883e-03
84750 -3.618719e-03 -4.609998e-03 3.102814e-01 -8.108453e-03 -5.479359e-03 4.629055e+00 -6.914087e-01 -1.823174e+00 1.843553e+01 1077 2.009507e-02
84759 -6.442652e-03 -4.048447e-03 1.024793e-01 -1.156797e-03 -3.521433e-03 4.284429e-01 -6.315849e+00 -1.153985e+00 2.350140e+01 2344 1.646817e-02
84788 1.576381e-04 4.614081e-03 1.928361e-01 7.849153e-05 4.705514e-03 4.762186e+00 6.595667e-01 -6.668870e-01 2.572907e+01 1973 1.780527e-02
84943 1.400182e-03 -2.435300e-03 2.129137e-01 -1.217935e-03 -4.547907e-03 1.500479e+01 3.710249e+00 2.575208e+00 1.999537e+01 579 1.079003e-02
85568 -6.516453e-03 -8.122562e-03 1.130488e-01 1.467023e-03 -1.008279e-04 5.030572e-01 -5.118421e+00 -5.648219e+00 3.040644e+01 1151 8.742664e-03
85823 3.050244e-04 -1.178870e-02 1.242093e-01 -4.244211e-03 -9.842301e-03 8.262305e-01 -5.675899e-01 6.251884e+00 2.138494e+01 2806 2.059705e-02
85834 -7.684813e-03 1.539625e-03 1.382335e-01 -1.309439e-02 -1.091013e-03 2.311434e+00 4.201392e+00 -9.594052e-01 3.462431e+01 574 5.658647e-03
85929 4.586948e-04 1.458717e-02 1.344914e-01 1.325572e-06 -1.225301e-02 4.415178e-01 -1.500325e+00 -8.237124e+00 4.327281e+01 666 5.442965e-03
86021 -8.054637e-03 -8.335318e-03 2.568690e-01 -4.949399e-03 -7.855886e-03 7.222738e+00 -4.235066e+00 -3.987818e+00 3.985365e+01 2010 1.768421e-02
86038 -3.539779e-03 4.188743e-03 1.363735e-01 4.426327e-03 -3.194710e-03 8.407674e-01 1.316933e+00 -1.979438e+00 2.048405e+01 1502 1.289143e-02
86760 1.096585e-02 -8.444472e-03 1.764045e-01 -8.531057e-03 7.401564e-03 3.929043e-01 -4.033452e+00 2.387570e+00 3.421097e+01 1265 1.153976e-02
86834 -1.514721e-02 -6.305358e-03 1.424628e-01 1.156210e-02 5.527020e-03 1.442549e+00 5.871221e+00 1.760263e+00 2.556677e+01 1439 1.203234e-02
86913 -7.088078e-04 2.014835e-02 2.292850e-01 5.001953e-04 -2.100614e-02 3.673288e+00 4.094892e-01 -5.930307e-01 3.600202e+01 1359 1.250657e-02
86959 -7.980878e-03 -2.905704e-04 1.374602e-01 -9.050052e-03 -7.219308e-04 7.156572e-01 -1.017236e-01 -4.474010e-01 1.897883e+01 1918 1.624007e-02
86980 -1.027298e-02 9.901299e-04 1.469825e-01 -9.659375e-03 5.396289e-04 1.794504e+00 -2.075034e+00 6.802737e-01 2.248762e+01 1475 1.302827e-02
87039 6.469843e-03 2.594214e-03 1.356558e-01 4.748300e-04 -2.482805e-03 3.572403e-01 3.872194e+00 1.626536e+00 1.967790e+01 379 5.877624e-03
87237 1.417383e-03 -1.158516e-02 1.266699e-01 -1.433806e-03 1.148966e-02 2.416953e+00 8.471638e-01 4.988995e+00 2.812455e+01 1928 1.371399e-02
87353 5.842853e-03 9.810910e-03 1.171215e-01 -1.824665e-04 -4.594812e-03 1.526652e+00 4.005249e+00 5.123520e+00 1.102206e+01 804 9.616973e-03
87494 -4.458210e-04 3.206162e-03 2.839782e-01 6.745486e-03 1.014930e-02 3.769614e+00 1.307380e+00 4.444764e+00 3.068943e+01 2706 2.371043e-02
87689 -1.036310e-02 -1.273349e-02 2.659865e-01 1.448695e-02 1.380776e-02 1.049281e+01 3.084433e+00 4.775702e+00 3.766542e+01 735 9.541272e-03
87977 5.650509e-03 -3.229225e-03 1.266575e-01 -3.883514e-03 -5.079893e-04 2.053526e+00 3.897359e+00 -1.908816e+00 3.430476e+01 605 4.651897e-03
88007 5.986848e-03 -2.353701e-03 1.596741e-01 -5.589077e-03 1.885797e-03 1.478665e+00 1.582137e+00 -1.622309e+00 2.529552e+01 1486 1.235870e-02
88159 -1.452718e-02 1.040979e-02 1.334719e-01 -1.359553e-02 9.473222e-03 1.274143e+00 -6.167686e+00 6.089301e+00 3.872145e+01 1929 1.349246e-02
88164 1.262601e-03 9.528262e-03 1.760677e-01 1.773638e-03 -6.039865e-03 1.805625e+00 -1.601034e+00 -4.360644e+00 3.265271e+01 616 6.861220e-03
88203 -1.354161e-02 1.003996e-02 1.061479e-01 8.461435e-04 2.830455e-03 3.704078e-01 -1.127380e+01 6.474759e+00 1.994401e+01 1365 1.068968e-02
88205 -5.746090e-03 -8.870028e-03 1.120211e-01 -5.778722e-03 -6.061202e-03 8.382317e-01 -5.516000e-01 -5.226414e+00 1.658344e+01 855 7.304087e-03
88304 1.521057e-02 6.742435e-03 1.315707e-01 -1.504611e-02 -4.167220e-03 5.595201e-01 4.421542e+00 3.106005e+00 1.784942e+01 1163 1.191499e-02
88407 -1.159449e-03 -8.002242e-04 1.210977e-01 -1.582940e-03 -1.823079e-03 5.755065e-01 4.790102e-01 1.379352e+00 3.215396e+01 1054 8.090045e-03
88510 -8.518670e-03 2.279059e-03 1.075778e-01 -7.969798e-06 -1.665383e-03 4.429844e-01 -6.049398e+00 2.284028e+00 2.602766e+01 872 6.234240e-03
88549 -5.853604e-04 1.311176e-02 1.438686e-01 1.985967e-03 5.491779e-03 2.953584e+00 6.027853e-01 -7.327744e+00 2.633241e+01 4584 3.178915e-02
88589 1.004699e-03 -1.164817e-03 1.138569e-01 -1.670679e-04 -3.436484e-04 3.651242e-01 -8.520911e-01 1.412058e+00 4.025170e+01 1343 9.183848e-03
88629 -7.176128e-03 1.613131e-02 1.792489e-01 -7.164544e-03 1.719585e-02 1.460906e+00 1.353936e+00 -2.168299e+00 4.165897e+01 1184 1.093374e-02
88729 -6.817102e-03 -1.093589e-02 1.685686e-01 -6.027923e-03 -1.579998e-02 4.636042e-01 -2.330782e+00 -9.965993e-01 2.265866e+01 1950 1.743730e-02
88813 5.593336e-04 -7.544720e-03 1.147561e-01 -1.647610e-03 3.095115e-03 8.928192e-01 1.083506e+00 5.863091e+00 3.648587e+01 1724 1.148379e-02
89999 -4.587394e-04 6.649283e-03 9.981325e-02 8.523686e-04 1.673276e-03 4.474031e-01 -1.844921e+00 7.573597e+00 2.465175e+01 3681 2.501499e-02
90009 4.649846e-04 -4.193749e-03 2.838305e-01 -1.478393e-03 3.924956e-03 1.440994e+01 -2.836159e+00 -1.001685e+00 1.412611e+01 1320 2.405360e-02
90244 6.107259e-03 4.134891e-03 1.086034e-01 1.739780e-03 1.552356e-03 5.695436e-01 5.089157e+00 3.095296e+00 3.338683e+01 830 5.463484e-03
90297 -1.370613e-02 7.427793e-03 1.128137e-01 2.788564e-03 -1.672485e-03 8.594058e-01 -9.006841e+00 4.909371e+00 1.792538e+01 3483 2.566481e-02
90342 -8.087438e-04 9.873311e-03 8.456131e-02 2.459351e-03 -1.830506e-02 3.768288e-01 1.233965e+00 -5.264253e+00 7.664897e+00 5284 3.450226e-02
90430 7.238960e-03 -5.795643e-03 2.225093e-01 -5.474423e-03 7.379068e-03 5.393803e+00 -3.216774e+00 1.745600e+00 3.376363e+01 2137 1.811328e-02
90565 8.904272e-04 2.150464e-03 1.131346e-01 -7.263126e-04 -2.230794e-03 1.132096e+00 6.416089e-01 -1.985575e-01 2.732129e+01 545 5.506626e-03
90576 -2.521068e-03 1.834190e-03 1.344206e-01 4.130447e-04 -4.294285e-03 8.233656e-01 -1.598199e+00 -3.051490e-01 2.842868e+01 1896 1.487018e-02
90699 -1.040304e-02 6.304935e-03 3.392771e-01 -8.938852e-03 4.539510e-03 1.673123e+01 -3.171456e+00 2.568578e+00 2.844134e+01 770 1.486967e-02
90850 3.653756e-03 -1.417127e-03 1.501593e-01 -3.969171e-04 5.158761e-03 2.113372e+00 -2.176920e+00 4.057076e-01 2.110069e+01 6737 4.779870e-02
90864 9.472979e-03 1.103985e-02 1.579187e-01 -7.930510e-03 -9.314539e-03 8.489717e-01 -3.659964e+00 -4.238747e+00 1.974145e+01 1766 1.526375e-02
90964 -7.582864e-03 -6.448493e-03 2.077549e-01 1.259838e-02 8.074566e-03 3.971893e+00 6.207627e+00 4.948960e+00 2.268476e+01 1003 1.190699e-02
91441 1.148804e-03 -3.637488e-03 9.143449e-02 -3.168858e-03 -8.876298e-05 3.526960e-01 2.058097e+00 4.615324e+00 1.223904e+01 1488 1.148445e-02
91455 -4.799865e-03 3.616419e-03 1.427988e-01 -1.855907e-03 -1.409116e-03 1.517059e+00 2.742726e+00 -2.312738e+00 2.884030e+01 2065 1.693697e-02
91699 -1.117865e-02 -9.864878e-03 1.704682e-01 8.291354e-03 8.754282e-03 2.034373e+00 5.016141e+00 2.635614e+00 9.359008e+00 1916 2.430574e-02
91880 1.369504e-02 -9.669662e-03 1.550478e-01 -1.225538e-02 6.043125e-03 1.057516e+00 -3.993783e+00 4.499917e+00 2.531436e+01 1147 1.058382e-02
92134 1.073625e-02 -9.502926e-03 1.949008e-01 -1.140244e-02 1.009202e-02 7.765241e+00 -8.999907e-01 7.971956e-01 2.931283e+01 2137 1.796563e-02
92204 5.524976e-03 -4.519208e-03 1.012170e-01 5.193759e-03 -5.812966e-03 3.994803e-01 -1.299136e+00 -1.971031e-01 9.695728e+00 1022 9.467116e-03
92357 1.497369e-03 -6.955542e-03 1.517546e-01 1.469783e-03 -7.036958e-03 6.818529e+00 -4.162958e-01 -1.099340e+00 3.749921e+01 1166 9.293935e-03
92684 7.260337e-03 4.188397e-03 2.499314e-01 2.008732e-02 6.926400e-03 7.954688e+00 2.582304e+00 -2.916630e-01 2.248938e+01 3812 3.337553e-02
92918 8.417225e-03 -6.063946e-03 1.330380e-01 -1.088571e-03 1.383436e-03 1.428726e+00 -5.032178e+00 3.525401e+00 2.030119e+01 1766 1.384026e-02
92923 8.232202e-03 -1.191424e-02 1.537958e-01 1.250267e-03 -1.972141e-03 2.257183e+00 4.887962e+00 -7.047756e+00 2.953842e+01 2142 1.739491e-02
92933 -7.715165e-03 9.128594e-03 1.679157e-01 -7.618073e-03 8.551462e-03 4.447735e+00 -7.023011e-01 2.616845e+00 3.620244e+01 1192 1.011246e-02
93312 -1.378149e-02 -2.353851e-02 1.191587e-01 1.741461e-02 2.427451e-02 1.412629e+00 -6.520250e+00 -1.171983e+01 2.353668e+01 5388 3.916549e-02
93448 -5.886648e-03 -9.661003e-03 1.514587e-01 6.099171e-03 5.623491e-03 1.694872e+00 -2.295631e+00 -4.831344e+00 2.841754e+01 1161 1.138507e-02
93794 -4.818731e-04 3.147181e-04 2.340655e-01 -1.845130e-02 -1.003706e-02 1.323209e+01 -3.218321e+00 -2.111480e+00 2.360436e+01 2969 2.615166e-02
94272 -3.325335e-03 9.521607e-03 1.091337e-01 -2.963825e-03 1.216245e-02 7.364129e-01 1.269779e+00 -2.420773e+00 1.974961e+01 2050 1.480575e-02
94571 -9.684938e-03 -4.008606e-03 1.392782e-01 -9.610638e-03 -4.043431e-03 3.709585e+00 -1.900555e+00 8.338840e-01 2.411463e+01 581 6.461571e-03
95148 1.947834e-02 -1.984758e-02 2.397700e-01 -2.706000e-03 4.110104e-03 2.337382e+00 -1.177742e+01 1.204015e+01 4.372815e+01 1089 1.045423e-02
95367 -9.495602e-03 1.602606e-03 2.359368e-01 4.143247e-03 -3.246245e-04 3.761715e+00 -1.139220e+01 2.665866e+00 2.497224e+01 1643 1.645570e-02
95426 2.255761e-03 -1.212043e-03 2.229536e-01 -6.287416e-03 5.603091e-03 3.865484e+00 2.174242e+00 -2.640840e+00 2.155764e+01 3012 2.599614e-02
95488 -2.858349e-03 -4.120366e-03 1.216516e-01 -5.116558e-03 -8.893580e-03 4.561401e-01 -2.372940e+00 -5.265235e+00 2.143972e+01 607 5.733817e-03
95502 -1.108017e-02 4.874041e-03 1.166578e-01 6.377843e-03 -3.745768e-03 5.346794e-01 5.513889e+00 -1.817230e+00 2.005256e+01 971 9.662507e-03
95555 6.518812e-03 1.111295e-02 2.871513e-01 -1.518459e-03 2.544507e-03 8.322072e+00 -4.254631e+00 -6.459639e+00 2.153447e+01 2591 2.724311e-02
95573 -3.772795e-03 -8.807103e-03 1.730895e-01 -4.351878e-03 -9.548275e-03 9.488333e-01 4.381474e+00 5.523006e+00 1.751147e+01 2497 2.213654e-02
95605 3.934450e-03 -1.013157e-02 3.461811e-01 5.336888e-03 -1.845370e-02 3.368394e+01 -1.173505e+00 1.813734e+00 3.351658e+01 1638 1.849883e-02
95665 1.082204e-02 -1.749398e-02 1.673905e-01 1.078771e-02 -1.749954e-02 5.739695e+00 -7.595436e-01 1.066822e+00 2.888688e+01 3174 2.416973e-02
95743 -1.043028e-02 1.037335e-02 1.735951e-01 -1.450155e-02 1.323042e-02 1.170537e+01 2.365344e+00 -1.179902e+00 1.695145e+01 3813 2.980821e-02
95941 2.588480e-03 -4.885026e-03 2.338110e-01 -9.812791e-03 5.693396e-03 8.055403e+00 -2.806663e+00 3.695039e+00 2.901177e+01 1289 1.449575e-02
96077 -9.351752e-03 5.174155e-03 1.154356e-01 -6.885646e-03 4.076029e-03 5.943109e-01 -6.625726e+00 3.017922e+00 3.324902e+01 438 3.899541e-03
96139 8.002783e-03 -3.773227e-03 2.850915e-01 -6.000580e-03 2.358677e-03 1.660693e+01 6.118889e+00 -4.214315e+00 1.632184e+01 787 1.844621e-02
96581 1.319191e-03 6.060419e-03 1.940139e-01 -8.676155e-03 -6.179361e-04 5.772075e+00 -8.725591e-01 -3.642382e+00 2.470413e+01 1139 1.233458e-02
96746 3.003327e-04 2.926249e-03 2.808333e-01 -2.819311e-03 3.664369e-04 5.014342e+00 1.550819e+00 2.025259e+00 2.689727e+01 893 1.344422e-02
97152 -8.907593e-04 -5.232503e-04 3.309785e-01 -3.627444e-04 -1.542392e-03 2.624395e+00 3.107181e+00 -5.934186e+00 1.932961e+01 987 2.017243e-02
97184 2.015992e-02 4.074670e-03 1.513713e-01 -1.749557e-03 1.360234e-03 2.634392e+00 -1.386793e+01 -3.531706e+00 4.967524e+01 1851 1.394304e-02
97370 5.403809e-03 1.288450e-02 1.384331e-01 -7.973546e-04 8.527049e-03 5.850191e-01 -3.252692e+00 -7.626834e+00 2.421376e+01 1339 1.154059e-02
97651 2.493891e-03 -6.885212e-03 1.270635e-01 -1.167123e-04 3.891770e-03 5.695223e-01 -2.229103e+00 3.571271e+00 2.110517e+01 2412 1.940868e-02
97701 -2.113567e-03 2.707254e-03 1.058633e-01 -4.198110e-04 -2.980980e-03 8.183714e-01 -1.264697e+00 1.649676e+00 2.744241e+01 1963 1.413040e-02
97703 7.909368e-04 6.307458e-04 1.070704e-01 3.207977e-03 -2.187004e-03 5.045635e-01 -3.628008e-02 7.486363e-01 3.319094e+01 1144 7.765699e-03
98118 -1.764923e-03 -1.403903e-03 1.477725e-01 -1.349916e-03 5.633337e-04 1.357954e+00 -1.829386e+00 -7.757810e-01 1.766161e+01 845 9.859585e-03
98278 -2.594858e-03 -3.425360e-03 2.364593e-01 -2.572182e-03 -3.930282e-03 3.679589e+00 -7.333341e-01 -7.132938e-01 2.948851e+01 662 9.607830e-03
98363 1.126903e-02 -1.334781e-02 1.682537e-01 -1.127790e-02 1.256018e-02 2.253127e+00 1.488488e+00 -2.707912e+00 2.534370e+01 1742 1.524856e-02
98898 2.715756e-03 -3.494078e-03 2.129886e-01 -5.074967e-03 6.079483e-03 5.920447e+00 -5.735460e+00 7.082433e+00 2.130283e+01 676 1.091009e-02
98918 5.330654e-03 2.184157e-03 2.119100e-01 6.197888e-03 1.614234e-03 4.153487e+00 -1.165526e+00 1.256368e+00 6.659648e+00 2543 3.662826e-02
99039 -2.568902e-03 -1.293992e-04 2.820031e-01 -3.243138e-03 2.200470e-04 2.054675e+01 -4.789981e-02 -2.763734e-01 2.491775e+01 963 1.405081e-02
99187 2.127937e-02 -2.083736e-02 1.297332e-01 -2.984657e-04 7.111563e-03 3.751523e-01 -1.284231e+01 1.299704e+01 1.350606e+01 2101 1.924785e-02
99226 -3.424291e-03 -8.972303e-03 1.367885e-01 -3.398539e-03 -9.780658e-03 3.570142e-01 -2.948550e-01 1.318399e+00 1.529868e+01 1833 1.536029e-02
99329 -1.798975e-02 6.107821e-03 1.819996e-01 -1.819652e-02 6.090154e-03 3.349730e+00 -1.504798e+00 -2.700108e-01 3.560445e+01 870 8.447555e-03
99434 -9.730802e-03 6.662420e-04 9.252015e-02 -3.011766e-02 3.147987e-03 1.450373e-01 -1.297779e+01 1.684503e+00 4.246429e+01 1476 8.985435e-03
99567 -4.043722e-03 -1.196674e-02 1.199734e-01 -1.320466e-04 -9.911473e-03 4.511701e-01 -2.658554e+00 -4.910663e+00 1.208472e+01 3150 2.414479e-02
99899 -1.071081e-02 -4.118489e-03 1.108623e-01 1.273871e-02 3.307272e-03 7.861243e-01 3.699572e+00 1.822403e+00 8.546431e+00 2331 2.039336e-02
99977 -7.720910e-03 5.628876e-03 2.299801e-01 -5.016562e-03 6.870628e-03 2.472636e+00 -5.838539e+00 4.893170e+00 2.665844e+01 3728 3.060752e-02
