/n/home03/calmiller/DSMC_Simulations/5_25_20_cold_second_stage/flow_2.000_gap_0.00200_len_0.000/data
running....
idx x y z xnext ynext znext vx vy vz collides time
87510 2.138916e-03 -1.036253e-02 1.273621e-01 1.305961e-02 -4.168086e-02 3.005374e-01 2.150464e+00 -6.167092e+00 3.410103e+01 1241 9.047166e-03
50021 1.752417e-02 -2.207308e-02 1.390904e-01 1.124184e-01 -1.568008e-01 5.403985e-01 4.894961e+00 -6.949705e+00 2.070082e+01 897 8.759314e-03
12563 8.532705e-03 1.616211e-03 8.963808e-02 3.475542e-02 7.168767e-03 1.668648e-01 9.849538e+00 2.085600e+00 2.900718e+01 359 2.577466e-03
151 -1.608053e-02 -4.602324e-03 1.352531e-01 -7.915846e-02 -1.614762e-02 3.771058e-01 -7.681062e+00 -1.405882e+00 2.945065e+01 1121 8.605587e-03
62616 2.368389e-02 7.823225e-03 1.660692e-01 3.795073e-01 1.057143e-01 1.255901e+00 6.191046e+00 1.703228e+00 1.896221e+01 981 1.084827e-02
37633 -3.784326e-03 1.131361e-02 9.854287e-02 -1.760020e-02 3.959390e-02 1.538534e-01 -4.865288e+00 9.958957e+00 1.947771e+01 1346 9.209727e-03
37663 7.441411e-03 3.221533e-03 9.725111e-02 1.040315e-01 3.139204e-02 3.792073e-01 1.107473e+01 3.229946e+00 3.232825e+01 1654 1.054783e-02
12670 3.599888e-03 -2.009131e-02 2.078258e-01 5.793255e-02 -2.512397e-01 1.795774e+00 9.829524e-01 -4.181792e+00 2.872817e+01 899 1.060922e-02
37723 2.990092e-03 -1.204320e-02 9.934293e-02 3.311743e-02 -9.785307e-02 2.920027e-01 4.282720e+00 -1.219821e+01 2.738734e+01 883 6.110465e-03
75255 -7.732121e-03 -5.598703e-03 1.142067e-01 -3.657974e-02 -3.021649e-02 2.419414e-01 -6.132037e+00 -5.232915e+00 2.715211e+01 963 7.448976e-03
405 -1.895979e-03 1.312843e-02 1.069992e-01 7.984049e-03 1.023383e-01 3.878631e-01 6.629124e-01 5.985643e+00 1.884490e+01 426 4.375305e-03
12779 1.349294e-02 -1.327099e-03 1.851125e-01 5.244387e-01 -2.831178e-02 3.960123e+00 4.901072e+00 -2.588414e-01 3.621050e+01 698 7.188768e-03
473 -1.111493e-03 -1.208381e-02 1.131755e-01 2.680459e-03 -6.358565e-02 2.580588e-01 6.415747e-01 -8.713791e+00 2.451334e+01 254 3.493241e-03
62827 -9.562869e-03 -3.654564e-03 1.761787e-01 -1.434582e-01 -4.105349e-02 1.497684e+00 -3.109924e+00 -8.686471e-01 3.069397e+01 2195 1.603559e-02
12822 7.196209e-03 5.754496e-03 1.449367e-01 1.609510e-01 2.011499e-01 2.177634e+00 2.116151e+00 2.689258e+00 2.797633e+01 1564 1.210729e-02
87827 -2.667208e-03 -4.516704e-03 1.366460e-01 2.386295e-02 1.730917e-02 1.322957e+00 5.171717e-01 4.254675e-01 2.312562e+01 1634 1.225682e-02
87837 -4.827713e-03 3.686378e-03 9.623405e-02 -2.684414e-02 1.988298e-02 1.969088e-01 -6.535272e+00 4.807737e+00 2.988392e+01 407 3.207629e-03
75354 5.879024e-03 2.003737e-03 1.186167e-01 3.622193e-02 3.304717e-02 4.881397e-01 2.358352e+00 2.412800e+00 2.872057e+01 770 6.205767e-03
25369 -2.228977e-03 4.850597e-03 1.368153e-01 -3.948457e-02 7.923894e-02 7.295125e-01 -1.570959e+00 3.136737e+00 2.499230e+01 551 6.132541e-03
25379 -9.628003e-03 -6.129735e-03 1.313363e-01 -9.422616e-02 -9.447589e-02 9.478299e-01 -2.716502e+00 -2.836853e+00 2.621814e+01 1306 1.018644e-02
50374 -1.068127e-02 5.360240e-03 2.671802e-01 -1.406655e-01 3.445592e-02 3.108152e+00 -1.258474e+00 2.816968e-01 2.750555e+01 2308 2.135082e-02
614 8.592388e-03 1.236476e-02 1.513336e-01 5.732862e-02 8.594961e-02 5.639481e-01 2.720286e+00 4.107249e+00 2.303070e+01 590 7.147366e-03
87912 7.582180e-03 -1.483860e-02 1.549365e-01 3.490505e-02 -8.013224e-02 4.286547e-01 2.371149e+00 -5.666350e+00 2.375397e+01 1904 1.481264e-02
12917 -1.094013e-02 -9.384068e-03 1.516549e-01 -5.089912e-02 -5.400902e-02 4.306202e-01 -3.420571e+00 -3.819987e+00 2.388000e+01 633 7.371074e-03
686 1.150272e-02 6.921814e-04 9.979491e-02 4.386743e-02 4.353841e-03 1.762668e-01 8.544760e+00 9.667321e-01 2.018971e+01 1123 8.141009e-03
705 6.202014e-03 1.057460e-02 1.352757e-01 3.965427e-02 5.354617e-02 3.944277e-01 3.172131e+00 4.074805e+00 2.457425e+01 2199 1.513705e-02
12980 3.431240e-03 5.510646e-03 1.201252e-01 2.432654e-02 4.578397e-02 3.465334e-01 2.918414e+00 5.624913e+00 3.162209e+01 1813 1.215291e-02
12982 -6.105023e-03 -7.787306e-03 1.225402e-01 -1.654189e-02 -2.544819e-02 2.301422e-01 -2.690050e+00 -4.552002e+00 2.773387e+01 413 4.350432e-03
62993 1.178768e-02 -1.717020e-03 1.059645e-01 1.269255e-01 -1.937191e-02 5.926376e-01 7.080392e+00 -1.085687e+00 2.992793e+01 1963 1.262094e-02
13000 3.943655e-03 -3.407462e-03 1.085227e-01 5.331581e-02 -2.606132e-02 5.142188e-01 3.395833e+00 -1.558140e+00 2.790391e+01 600 5.489118e-03
38038 3.852736e-03 -5.292180e-03 1.301952e-01 1.863481e-02 -3.761312e-02 4.223987e-01 1.502064e+00 -3.284257e+00 2.969194e+01 1330 9.676701e-03
38041 -9.904024e-03 8.391748e-03 2.347214e-01 -5.390331e-01 7.994426e-01 1.145356e+01 -1.295294e+00 1.936472e+00 2.746341e+01 342 8.010210e-03
845 -2.891673e-02 3.494389e-03 1.869543e-01 -2.894099e-01 5.327292e-02 8.614675e-01 -7.493255e+00 1.431912e+00 1.940281e+01 1134 1.274564e-02
75568 1.179413e-02 6.972378e-03 1.118353e-01 2.957419e-02 1.688415e-02 1.654359e-01 7.670687e+00 4.276143e+00 2.312441e+01 1424 1.005734e-02
13060 5.952887e-03 5.258565e-03 1.017227e-01 4.721419e-02 4.716932e-02 3.777548e-01 3.689704e+00 3.747780e+00 2.468359e+01 324 2.922809e-03
891 -1.820710e-02 -1.923242e-02 1.692222e-01 -2.013837e-01 -3.037240e-01 1.196275e+00 -3.874363e+00 -6.017275e+00 2.172317e+01 1749 1.514727e-02
898 -4.362081e-03 -2.187385e-02 2.467891e-01 -2.287778e-01 -7.696469e-01 8.479706e+00 -8.142008e-01 -2.712989e+00 2.986978e+01 665 1.020751e-02
88084 1.616206e-02 -2.893177e-03 3.177792e-01 1.139909e+00 -8.081580e-01 1.510044e+01 2.264066e+00 -1.622405e+00 2.978334e+01 649 1.208938e-02
38097 1.159949e-02 -1.597603e-02 1.823289e-01 1.143143e-01 -1.474151e-01 1.155223e+00 3.644981e+00 -4.664301e+00 3.452451e+01 1284 1.087547e-02
960 2.369571e-02 -9.928643e-03 1.657117e-01 1.205188e-01 -3.782439e-02 5.331553e-01 5.282742e+00 -1.522012e+00 2.004800e+01 1336 1.291827e-02
984 1.354617e-02 1.057000e-02 1.488432e-01 5.300502e-02 3.582976e-02 3.600893e-01 6.563389e+00 4.201583e+00 3.513762e+01 1008 8.118651e-03
25704 -3.035764e-03 -7.235373e-03 1.726896e-01 -3.084993e-02 -3.149264e-03 6.741053e-01 -1.485608e+00 2.182469e-01 2.678157e+01 1325 1.135144e-02
25711 -1.198271e-02 3.838842e-03 1.006911e-01 -1.238158e-01 4.024117e-02 4.031651e-01 -6.102755e+00 1.986483e+00 1.650607e+01 1197 8.917890e-03
63218 1.813595e-03 -5.623476e-03 9.903977e-02 1.056734e-03 -5.503328e-02 4.386587e-01 -7.231013e-02 -4.720589e+00 3.244702e+01 1017 6.834321e-03
25732 4.919361e-03 -1.993844e-02 1.792099e-01 4.622796e-03 -9.511996e-02 6.318052e-01 -1.317866e-02 -3.340896e+00 2.011231e+01 1186 1.251755e-02
25735 1.045700e-04 -2.839486e-02 1.612364e-01 4.387036e-03 -1.204683e-01 4.528858e-01 3.441148e-01 -7.398500e+00 2.343530e+01 2220 1.693005e-02
1163 -1.085680e-02 -4.382302e-03 1.243569e-01 -7.438023e-02 -2.041860e-02 4.474835e-01 -7.554624e+00 -1.907142e+00 3.842834e+01 794 6.163546e-03
38241 -3.319468e-03 6.326251e-03 9.232771e-02 -2.070821e-02 2.386785e-02 1.720198e-01 -5.045544e+00 5.089900e+00 2.312359e+01 479 3.635298e-03
1217 1.921014e-03 1.160770e-02 1.065267e-01 2.478797e-03 3.717462e-02 1.726097e-01 2.402592e-01 1.101268e+01 2.846455e+01 2512 1.588350e-02
50801 5.891787e-03 2.504494e-03 3.383806e-01 1.906776e-01 3.589158e-01 1.470958e+01 4.709368e-01 9.083340e-01 3.662580e+01 953 1.299448e-02
75821 1.455825e-02 2.195226e-02 2.702138e-01 7.575928e-01 1.587568e+00 9.647157e+00 1.854571e+00 3.907686e+00 2.340430e+01 769 1.413894e-02
13309 -2.842718e-03 1.452179e-02 1.510250e-01 -7.659685e-02 2.016145e-01 1.404606e+00 -1.530654e+00 3.882824e+00 2.601616e+01 1028 9.197041e-03
25851 6.214093e-04 2.486669e-03 1.089761e-01 -1.644007e-02 2.422507e-02 3.561083e-01 -1.584688e+00 2.019085e+00 2.295390e+01 840 6.616893e-03
1310 2.125868e-02 1.795089e-02 1.718729e-01 1.784100e-01 7.570420e-02 7.189004e-01 8.393481e+00 3.084615e+00 2.921684e+01 1348 1.120697e-02
75864 1.141402e-02 2.300257e-02 1.826377e-01 1.528642e-01 2.816268e-01 1.759061e+00 2.266155e+00 4.143384e+00 2.525567e+01 1973 1.606398e-02
25903 2.477466e-02 -1.246820e-02 2.097213e-01 1.502026e-01 -9.492977e-02 8.720958e-01 3.553949e+00 -2.336514e+00 1.876810e+01 532 1.131214e-02
1454 -9.323284e-03 -9.015863e-03 1.631944e-01 -9.982860e-02 -4.715584e-02 5.174766e-01 -6.799793e+00 -2.865511e+00 2.661773e+01 730 8.329075e-03
51012 2.846208e-03 -9.863319e-03 1.132055e-01 1.634434e-02 -4.308349e-02 2.789915e-01 2.478290e+00 -6.099304e+00 3.043871e+01 575 4.726663e-03
1623 -1.092598e-02 2.700363e-02 1.988235e-01 -4.715499e-01 9.823474e-01 4.376209e+00 -2.830590e+00 5.870703e+00 2.567054e+01 1011 1.082984e-02
26053 2.151552e-02 -5.549548e-03 1.791502e-01 1.541252e-01 -7.411212e-02 9.724913e-01 4.604558e+00 -2.380674e+00 2.754690e+01 1086 1.058439e-02
38604 1.824805e-02 1.382349e-02 1.476458e-01 1.494485e-01 9.795053e-02 6.998947e-01 5.517313e+00 3.537756e+00 2.322347e+01 650 7.560049e-03
26134 2.652132e-02 -9.196762e-03 1.845006e-01 2.026997e-01 -9.141308e-02 9.032811e-01 5.611910e+00 -2.618883e+00 2.289573e+01 1613 1.469113e-02
76119 2.986408e-03 9.104255e-03 1.105310e-01 6.799967e-03 6.964039e-02 3.178385e-01 4.746468e-01 7.534506e+00 2.580210e+01 1890 1.268075e-02
13605 6.274687e-03 5.740434e-04 1.045316e-01 3.840465e-02 -4.807314e-03 3.026641e-01 5.328094e+00 -8.923875e-01 3.285621e+01 1166 8.007227e-03
13619 1.090669e-02 6.207748e-03 1.503474e-01 2.449390e-01 8.057567e-02 1.725932e+00 4.531999e+00 1.440123e+00 3.051095e+01 1073 9.231971e-03
13648 1.018913e-02 -6.693252e-04 1.462562e-01 3.081735e-01 -9.891653e-02 2.145408e+00 4.766801e+00 -1.571643e+00 3.198006e+01 1104 9.231711e-03
13655 -4.096536e-03 -6.702045e-03 1.058054e-01 -1.209987e-02 -3.644829e-02 2.063034e-01 -1.711592e+00 -6.361526e+00 2.149247e+01 593 5.324721e-03
88650 -1.613291e-03 -4.090804e-03 1.071661e-01 -3.532388e-02 -5.299654e-02 4.398920e-01 -3.721627e+00 -5.399161e+00 3.673271e+01 854 6.178980e-03
88709 -3.009728e-03 -1.067003e-02 1.151070e-01 -1.433601e-02 -2.743866e-02 2.013652e-01 -3.029409e+00 -4.485060e+00 2.307123e+01 1320 9.871384e-03
63757 1.177221e-02 -1.499690e-02 2.148895e-01 1.520393e-01 -2.342887e-01 3.036205e+00 9.265178e-01 -1.448506e+00 1.863586e+01 1294 1.555451e-02
51258 -5.962382e-04 -2.613081e-02 2.570960e-01 -2.523930e-02 -2.013666e-01 1.520414e+00 -5.663598e-01 -4.027360e+00 2.903423e+01 3025 2.471902e-02
2093 4.261561e-04 -5.758012e-03 8.554563e-02 6.137228e-03 -2.964207e-02 1.673955e-01 2.351214e+00 -9.832923e+00 3.369711e+01 936 5.881685e-03
26356 -1.419856e-02 -5.039443e-03 1.737579e-01 -9.460731e-02 -3.315498e-02 6.337434e-01 -5.554214e+00 -1.942074e+00 3.177338e+01 590 6.608946e-03
38903 2.426729e-03 -7.221436e-03 8.926133e-02 7.340908e-03 -5.395424e-02 1.968992e-01 1.384360e+00 -1.316497e+01 3.032239e+01 1678 1.018844e-02
13886 -5.413184e-03 1.536997e-03 1.152024e-01 -2.615037e-02 1.799740e-02 2.441493e-01 -3.787424e+00 3.006317e+00 2.355076e+01 1453 1.050667e-02
38921 -4.937348e-03 1.695546e-02 1.788300e-01 -1.040042e-01 3.784282e-01 2.372493e+00 -1.077526e+00 3.931652e+00 2.385994e+01 546 7.798650e-03
88904 -3.679481e-03 -8.629018e-03 1.183102e-01 -4.800649e-02 -1.118884e-01 6.465282e-01 -3.122183e+00 -7.273100e+00 3.720515e+01 2040 1.329872e-02
76458 -2.016867e-03 -3.077355e-03 1.776038e-01 -1.493781e-02 -3.304701e-02 8.489860e-01 -6.990623e-01 -1.621450e+00 3.632383e+01 822 7.912529e-03
51471 8.608916e-03 1.641568e-03 9.676137e-02 7.459835e-02 1.774971e-02 2.917139e-01 9.412875e+00 2.297700e+00 2.780846e+01 1845 1.202291e-02
2392 4.502716e-03 8.968885e-03 2.402750e-01 6.877875e-02 1.118515e-01 1.683884e+00 1.072233e+00 1.716255e+00 2.408183e+01 1113 1.342618e-02
2435 -1.086590e-02 9.531932e-04 1.321330e-01 -4.536388e-02 -1.794354e-03 4.166010e-01 -3.082568e+00 -2.455072e-01 2.541865e+01 1011 8.696955e-03
14024 -6.342300e-03 1.039257e-02 1.326258e-01 -1.478497e-02 2.622888e-02 2.324094e-01 -2.811027e+00 5.272776e+00 3.322343e+01 945 7.421509e-03
14028 -7.012906e-03 2.432868e-03 1.043295e-01 -6.460908e-02 3.656963e-02 4.276608e-01 -3.934886e+00 2.332174e+00 2.208952e+01 809 6.533952e-03
39061 -5.231758e-03 -3.496556e-03 1.024161e-01 -5.362131e-02 -2.440267e-02 2.986176e-01 -6.610743e+00 -2.856090e+00 2.680409e+01 2090 1.356351e-02
39074 -2.243120e-02 7.830996e-03 1.541336e-01 -5.550623e-01 1.675784e-01 2.308723e+00 -6.748979e+00 2.024163e+00 2.730084e+01 1798 1.365862e-02
39091 -2.413639e-03 -7.363409e-03 9.373271e-02 -7.840946e-03 -5.385997e-02 2.682254e-01 -7.203065e-01 -6.170976e+00 2.315849e+01 713 5.366124e-03
2560 5.300729e-03 -2.105111e-02 2.305234e-01 1.801753e-01 -3.692548e-01 3.250471e+00 1.379695e+00 -2.747199e+00 2.382627e+01 2491 2.201158e-02
2601 1.498405e-03 2.100199e-02 2.231282e-01 8.263080e-02 1.006157e+00 6.341881e+00 4.043909e-01 4.910339e+00 3.049790e+01 5262 3.603242e-02
2625 -6.696633e-03 1.517460e-02 1.088265e-01 -4.251150e-02 1.047063e-01 3.107288e-01 -4.396469e+00 1.099050e+01 2.478459e+01 2913 1.828400e-02
89116 1.503814e-02 9.921802e-03 1.481102e-01 2.883692e-02 1.888656e-02 2.193457e-01 4.983312e+00 3.237546e+00 2.572608e+01 1867 1.436592e-02
76661 -2.342699e-03 -2.259611e-02 1.861214e-01 1.775819e-01 -6.593619e-01 3.010502e+00 1.230229e+00 -4.353865e+00 1.931161e+01 895 1.156065e-02
26711 2.372005e-03 1.077505e-02 1.255671e-01 1.214204e-02 5.912850e-02 3.385610e-01 9.586450e-01 4.744483e+00 2.089915e+01 1907 1.376180e-02
89141 -3.116258e-03 5.034085e-03 1.461876e-01 -1.491342e-01 1.669108e-01 3.150891e+00 -1.401556e+00 1.553777e+00 2.884070e+01 564 6.000026e-03
51691 1.737540e-02 5.537077e-03 1.079733e-01 3.573501e-02 1.110249e-02 1.432083e-01 1.095620e+01 3.321194e+00 2.102669e+01 435 4.494196e-03
39199 -1.449312e-03 -1.000639e-02 9.949855e-02 -4.387498e-03 -3.841783e-02 1.869531e-01 -1.048494e+00 -1.013865e+01 3.120825e+01 940 6.748070e-03
51725 -6.495810e-03 -4.022305e-03 1.702405e-01 -1.121208e-01 -9.028178e-02 2.230716e+00 -1.839315e+00 -1.502090e+00 3.588035e+01 1443 1.121312e-02
39230 4.574055e-03 1.270559e-02 1.018595e-01 4.383235e-02 1.114570e-01 3.530977e-01 4.016748e+00 1.010384e+01 2.570567e+01 1672 1.140875e-02
51741 5.582413e-03 4.684609e-03 1.388547e-01 3.095167e-02 2.222658e-02 3.653576e-01 3.646578e+00 2.521484e+00 3.255754e+01 1267 9.546730e-03
64297 6.152392e-03 3.265236e-03 9.969749e-02 4.601820e-02 3.025232e-02 4.150619e-01 4.580371e+00 3.100674e+00 3.623372e+01 1192 7.917444e-03
14259 1.237142e-02 -1.392555e-02 1.667072e-01 1.112306e-01 -9.917299e-02 8.375610e-01 4.195875e+00 -3.618151e+00 2.847300e+01 407 5.835670e-03
2874 3.445439e-03 1.200160e-02 1.268485e-01 1.103277e-02 3.251990e-02 2.633605e-01 1.765515e+00 4.774456e+00 3.176532e+01 462 4.578442e-03
51798 4.758802e-03 3.907183e-03 1.441585e-01 2.071321e-02 1.726102e-02 3.545550e-01 2.209737e+00 1.849549e+00 2.914059e+01 1684 1.220544e-02
14275 8.550885e-03 -1.725533e-03 1.163130e-01 8.739052e-02 -2.853635e-02 7.145410e-01 3.999951e+00 -1.360254e+00 3.035127e+01 749 5.657579e-03
64351 -1.823824e-02 4.874849e-03 1.042049e-01 -2.094418e-01 6.791487e-02 4.685164e-01 -7.070383e+00 2.331112e+00 1.347162e+01 869 8.192319e-03
14317 -7.945406e-04 -4.869283e-03 1.172133e-01 -6.938103e-03 -2.606526e-02 3.714847e-01 -5.944584e-01 -2.050948e+00 2.460360e+01 395 4.414115e-03
89349 2.609556e-03 -7.850725e-03 1.189532e-01 3.060268e-03 -4.595851e-02 3.794357e-01 3.531080e-02 -2.985534e+00 2.040736e+01 1379 1.041928e-02
89361 -1.932068e-02 2.502056e-03 1.595324e-01 -1.260107e-01 1.914338e-02 6.977751e-01 -6.117581e+00 9.542100e-01 3.086272e+01 4542 2.995878e-02
39427 -8.189434e-03 2.351755e-03 9.823618e-02 -7.194981e-02 9.167520e-03 3.016008e-01 -7.980976e+00 8.531389e-01 2.545543e+01 707 5.147512e-03
26966 3.597234e-03 -9.376690e-03 1.041278e-01 2.983051e-02 -7.271322e-02 3.738237e-01 2.769604e+00 -6.686818e+00 2.847342e+01 936 6.997899e-03
14403 6.974471e-03 5.701171e-03 9.232993e-02 5.658584e-02 4.598025e-02 2.646392e-01 7.587204e+00 6.159990e+00 2.635174e+01 569 4.177501e-03
51948 -2.911160e-03 1.063551e-02 1.156344e-01 -1.030095e-02 4.229894e-02 2.770585e-01 -1.265964e+00 5.424348e+00 2.765399e+01 1510 1.020324e-02
77037 8.149540e-03 1.269720e-03 1.011655e-01 1.775857e-01 -2.282157e-02 8.506297e-01 6.588716e+00 -9.368171e-01 2.914376e+01 406 3.543165e-03
39562 3.335129e-03 -8.023669e-03 1.369720e-01 8.243311e-03 -4.200536e-02 3.226216e-01 6.547394e-01 -4.533073e+00 2.476520e+01 870 7.950280e-03
39607 -1.111835e-02 -8.705138e-04 9.435078e-02 -7.107673e-02 -1.306215e-02 2.242900e-01 -1.070940e+01 -2.177596e+00 2.320895e+01 887 6.200443e-03
39629 8.350435e-03 4.243855e-03 1.085266e-01 5.478361e-02 3.921454e-02 3.594213e-01 6.694423e+00 5.041838e+00 3.617231e+01 700 5.257533e-03
39637 -2.794531e-02 5.745569e-03 2.371614e-01 -1.570651e-01 6.359233e-02 1.251895e+00 -2.978191e+00 1.334255e+00 2.340516e+01 449 9.874737e-03
14605 1.096619e-03 1.559429e-02 1.069883e-01 1.340962e-03 7.393170e-02 2.454023e-01 4.287922e-02 1.023751e+01 2.429000e+01 1117 8.430391e-03
77165 -8.245437e-03 -1.145340e-02 1.121986e-01 -9.701293e-02 -1.511054e-01 7.097181e-01 -3.514341e+00 -5.528881e+00 2.365604e+01 1093 8.169302e-03
64709 7.737201e-04 -1.048282e-02 1.232905e-01 -7.061869e-04 -3.648663e-02 2.452295e-01 -3.523635e-01 -6.191466e+00 2.903347e+01 2066 1.376290e-02
14674 2.465728e-02 8.449555e-03 1.691991e-01 9.925981e-02 3.302300e-02 4.572312e-01 7.809565e+00 2.572405e+00 3.015186e+01 485 6.444391e-03
27261 1.647736e-02 -1.705682e-02 2.290527e-01 5.334894e-02 -5.234041e-02 5.968811e-01 3.333292e+00 -3.189734e+00 3.325270e+01 930 1.058434e-02
64767 -2.150734e-03 5.331574e-03 8.607902e-02 8.058223e-04 3.729987e-02 1.665801e-01 9.647551e-01 1.043159e+01 2.626833e+01 1839 1.168846e-02
89706 2.105432e-02 -1.647531e-02 1.774585e-01 1.224322e-01 -1.146388e-01 7.787125e-01 5.035929e+00 -4.876256e+00 2.986720e+01 1077 9.547257e-03
14761 -1.765417e-02 -2.155855e-02 2.246596e-01 -3.447309e-02 -4.245558e-02 3.582928e-01 -3.779366e+00 -4.695754e+00 3.002863e+01 267 7.130656e-03
64825 -2.064705e-02 5.333703e-03 1.775651e-01 -4.204908e-01 1.012845e-01 2.115832e+00 -8.038864e+00 1.929091e+00 3.896888e+01 5057 3.184298e-02
77320 -1.068808e-02 1.034957e-02 3.032040e-01 -5.946777e-01 3.151925e-01 7.393646e+00 -2.240175e+00 1.169372e+00 2.719882e+01 495 1.236520e-02
64839 5.850209e-03 9.045310e-03 9.927907e-02 2.144302e-02 3.361398e-02 1.610636e-01 4.045244e+00 6.373849e+00 1.602875e+01 2759 1.848365e-02
52330 -9.250439e-03 6.337646e-03 1.196373e-01 -6.090374e-02 5.549389e-02 5.227956e-01 -2.548326e+00 2.425134e+00 1.988990e+01 580 6.202128e-03
77344 1.490687e-02 2.167897e-02 1.740029e-01 1.000097e-01 1.884001e-01 8.710864e-01 3.280303e+00 6.426293e+00 2.686920e+01 919 9.197445e-03
27388 -7.794591e-03 2.854702e-02 1.740560e-01 -1.221585e-02 4.977196e-02 2.449893e-01 -1.619321e+00 7.773798e+00 2.597987e+01 1447 1.280167e-02
89789 -2.623401e-02 -1.602139e-03 1.191284e-01 -2.196449e-01 -7.526971e-03 4.358557e-01 -1.263108e+01 -3.869328e-01 2.068450e+01 688 6.513154e-03
64917 -8.586439e-03 1.243185e-02 1.724954e-01 -6.960638e-02 8.130367e-02 8.066914e-01 -2.653654e+00 2.995119e+00 2.758011e+01 686 8.188588e-03
3860 -1.722776e-02 3.678604e-03 1.089858e-01 -9.759382e-02 3.904592e-02 2.749505e-01 -6.872286e+00 3.024341e+00 1.419203e+01 1154 9.603970e-03
14861 -1.466597e-02 -2.520341e-03 1.200668e-01 -4.110405e-02 -4.110349e-03 1.955462e-01 -9.377587e+00 -5.639758e-01 2.677255e+01 593 5.583565e-03
39915 3.788698e-03 2.334759e-03 8.820429e-02 2.399002e-02 2.205465e-02 2.082415e-01 5.721420e+00 5.585069e+00 3.399694e+01 666 4.442812e-03
4045 -4.193315e-03 5.581005e-03 1.197870e-01 -3.008799e-02 3.985426e-02 4.218107e-01 -2.511576e+00 3.324230e+00 2.929388e+01 1127 8.544056e-03
4069 -8.076292e-03 -2.038662e-03 9.956638e-02 -3.034411e-02 -9.961034e-03 1.880102e-01 -7.257899e+00 -2.582193e+00 2.882710e+01 1050 6.905136e-03
77538 2.155210e-03 -8.970189e-03 1.668128e-01 8.316382e-02 -1.535773e-01 1.688895e+00 1.508637e+00 -2.693043e+00 2.834600e+01 886 9.209085e-03
89984 5.995770e-03 -7.875612e-04 9.810552e-02 3.024781e-02 -4.999088e-03 1.766087e-01 7.127658e+00 -1.237765e+00 2.307202e+01 1082 7.703034e-03
4153 9.080460e-03 1.757753e-03 1.022474e-01 4.309283e-02 5.224172e-03 2.407760e-01 8.895278e+00 9.065747e-01 3.622949e+01 522 3.706833e-03
77593 1.454400e-02 -4.218463e-03 1.813591e-01 4.052498e-01 -3.045764e-02 3.272678e+00 3.135407e+00 -2.105689e-01 2.480778e+01 879 1.032479e-02
52618 -4.429280e-03 5.989660e-03 9.697146e-02 -2.991851e-02 2.243478e-02 2.088581e-01 -6.432115e+00 4.149866e+00 2.823419e+01 1483 9.780748e-03
27673 -7.666178e-03 1.056976e-04 1.459045e-01 -6.217540e-02 2.209919e-02 8.553091e-01 -2.270207e+00 9.159877e-01 2.954537e+01 761 6.855524e-03
40143 1.136428e-02 -5.180286e-04 1.440633e-01 1.300902e-01 4.526586e-03 9.008255e-01 3.678539e+00 1.562995e-01 2.344709e+01 1644 1.279438e-02
90069 2.952025e-03 5.967458e-03 8.697982e-02 3.001421e-02 6.687237e-02 2.984709e-01 4.029895e+00 9.069498e+00 3.149364e+01 1060 6.494643e-03
15128 1.538106e-02 1.996149e-02 1.097007e-01 6.850060e-02 7.913224e-02 2.217610e-01 5.973099e+00 6.653536e+00 1.260078e+01 763 8.040719e-03
4311 -1.089451e-02 5.950636e-03 1.988756e-01 -4.573029e-01 2.552951e-01 6.006005e+00 -2.772743e+00 1.548735e+00 3.606939e+01 273 5.297678e-03
77680 -8.023433e-03 -2.408077e-02 1.655121e-01 -6.096740e-02 -1.862097e-01 8.470227e-01 -2.774545e+00 -8.496416e+00 3.571478e+01 592 6.364073e-03
4366 -1.782972e-03 -1.690768e-03 1.851364e-01 -2.427317e-03 -5.170495e-02 1.358467e+00 -1.583005e-02 -1.228731e+00 2.882598e+01 427 6.600614e-03
15202 -9.876429e-04 -5.574908e-03 1.124808e-01 -1.004163e-02 -1.100592e-01 1.249049e+00 -2.402956e-01 -2.773045e+00 3.016486e+01 450 3.957964e-03
52783 -5.311551e-03 1.990155e-03 1.064424e-01 -3.175049e-02 -4.213991e-03 3.429331e-01 -2.766919e+00 -6.492836e-01 2.474950e+01 3051 1.931773e-02
77797 1.203809e-02 1.926946e-02 1.266535e-01 3.002908e-01 4.665321e-01 1.498166e+00 5.277600e+00 8.188903e+00 2.511093e+01 800 7.084202e-03
40324 -1.012202e-02 -1.394647e-03 1.211264e-01 -7.874817e-02 -3.209749e-03 4.614698e-01 -6.745427e+00 -1.784107e-01 3.345316e+01 503 4.472690e-03
90238 -1.045217e-02 -1.830391e-02 1.536831e-01 -5.110891e-02 -1.016439e-01 5.244065e-01 -3.191233e+00 -6.541528e+00 2.909886e+01 2432 1.722769e-02
65343 6.357708e-03 -7.249852e-03 1.168634e-01 3.970035e-02 -3.015208e-02 3.615615e-01 2.911100e+00 -1.999562e+00 2.136426e+01 664 6.188117e-03
40341 -9.411982e-03 -1.403993e-03 1.250424e-01 -1.618440e-01 -8.149289e-03 7.542043e-01 -7.428526e+00 -3.287210e-01 3.066118e+01 880 6.825581e-03
40344 -4.356167e-03 5.113613e-03 8.482047e-02 -1.860817e-02 2.818552e-02 1.337187e-01 -3.605327e+00 5.836496e+00 1.236977e+01 2285 1.453814e-02
52849 -1.361919e-03 2.508111e-03 1.443224e-01 -1.458313e-02 2.352374e-02 6.360616e-01 -8.240512e-01 1.309862e+00 3.064911e+01 1206 9.397904e-03
77849 -9.985126e-03 4.205653e-03 9.948943e-02 -2.718263e-02 1.305119e-02 1.475199e-01 -9.229263e+00 4.747073e+00 2.577618e+01 730 5.450731e-03
65386 3.709551e-03 9.082790e-03 1.014382e-01 2.255118e-02 3.316299e-02 1.985383e-01 6.052117e+00 7.734798e+00 3.118951e+01 1220 8.045795e-03
77864 1.771272e-02 7.559845e-03 1.464633e-01 2.777679e-01 5.821289e-02 1.069925e+00 1.056129e+01 2.057108e+00 3.750338e+01 4849 3.041475e-02
27952 -7.630889e-03 7.775835e-03 1.971643e-01 -1.946345e-01 1.325780e-01 2.364962e+00 -2.098920e+00 1.400774e+00 2.433127e+01 2672 2.068826e-02
27962 3.321659e-03 1.617702e-03 9.081209e-02 2.711228e-02 1.843957e-02 2.083123e-01 6.464643e+00 4.571020e+00 3.192842e+01 2143 1.325301e-02
65457 -1.310023e-02 8.566642e-04 1.322435e-01 -1.078854e-01 -7.920063e-03 5.504784e-01 -5.532530e+00 -5.122902e-01 2.441201e+01 1932 1.359800e-02
90369 -5.575364e-03 1.358085e-02 1.852246e-01 -4.057417e-01 6.713042e-01 5.754742e+00 -1.701817e+00 2.797149e+00 2.368590e+01 579 8.390323e-03
90378 -6.372310e-03 -7.013750e-03 1.322042e-01 -1.097539e-01 -1.806905e-01 1.234718e+00 -2.772441e+00 -4.657587e+00 2.956672e+01 1629 1.151779e-02
52982 5.741208e-03 -9.016173e-03 1.428089e-01 1.009983e-01 -1.292905e-01 1.383514e+00 2.179083e+00 -2.751372e+00 2.838213e+01 444 5.289466e-03
15438 -3.136267e-03 4.754049e-03 1.189737e-01 -2.259672e-02 2.545957e-02 3.777989e-01 -2.363783e+00 2.515017e+00 3.143846e+01 750 5.820268e-03
4827 7.295106e-03 -1.048267e-02 1.045714e-01 1.889892e-02 -2.839872e-02 1.625500e-01 5.237916e+00 -8.087236e+00 2.617129e+01 695 5.426895e-03
78014 -9.806504e-03 -2.806579e-02 3.333080e-01 -3.161934e-01 -7.528542e-01 5.525674e+00 -1.368653e+00 -3.237684e+00 2.319469e+01 905 1.870444e-02
15523 1.624869e-02 -1.213576e-02 1.423740e-01 8.095249e-01 -5.856426e-01 3.241267e+00 8.389711e+00 -6.065424e+00 3.277398e+01 1254 9.105586e-03
53087 -6.909994e-03 1.123219e-03 9.369672e-02 -5.350911e-02 -1.709482e-02 2.679326e-01 -6.944835e+00 -2.715101e+00 2.596700e+01 641 4.710593e-03
65618 -1.193395e-02 4.257484e-03 1.183063e-01 -8.164918e-02 5.636826e-02 4.193035e-01 -6.665968e+00 4.982681e+00 2.878048e+01 1242 8.793372e-03
78132 -7.965629e-03 1.369043e-02 1.296286e-01 -1.031644e-01 1.886255e-01 8.507885e-01 -3.383798e+00 6.217988e+00 2.563330e+01 3568 2.288358e-02
40649 -1.398848e-02 2.110519e-04 1.211180e-01 -9.651056e-02 2.191938e-02 4.842526e-01 -4.549367e+00 1.196760e+00 2.001928e+01 1330 1.020749e-02
5123 -5.659139e-03 4.742623e-03 1.349924e-01 -2.817432e-02 1.607793e-02 4.799764e-01 -1.690933e+00 8.513033e-01 2.590896e+01 1236 9.569003e-03
28294 -4.595409e-03 -4.557953e-03 1.449536e-01 -2.806107e-02 -3.993934e-02 5.029739e-01 -2.131320e+00 -3.213592e+00 3.251798e+01 2432 1.659738e-02
5284 6.493195e-03 -2.495168e-03 1.022953e-01 8.620710e-02 -1.841304e-02 4.578413e-01 6.872226e+00 -1.372298e+00 3.065203e+01 943 6.903889e-03
90711 -1.549622e-02 1.141457e-02 1.449151e-01 -2.169402e-01 1.811915e-01 1.096448e+00 -6.662044e+00 5.614770e+00 3.146855e+01 1182 9.355980e-03
28373 -1.105464e-02 -4.261206e-04 1.183425e-01 -4.894915e-02 4.409669e-03 3.606972e-01 -4.389782e+00 5.601883e-01 2.807490e+01 897 6.961819e-03
15786 2.279656e-02 -5.290064e-03 2.000573e-01 2.782918e-01 -7.293655e-02 1.574489e+00 6.804867e+00 -1.801699e+00 3.660667e+01 1411 1.230460e-02
53354 -7.535343e-03 -1.763856e-02 1.029047e-01 -7.735036e-02 -1.691519e-01 3.053671e-01 -3.744482e+00 -8.126318e+00 1.085894e+01 2646 1.827334e-02
90777 7.690244e-03 -4.250741e-03 1.220667e-01 6.990464e-02 -5.086826e-02 8.363776e-01 2.635124e+00 -1.974510e+00 3.025502e+01 2672 1.747327e-02
28435 -2.876295e-03 1.001185e-02 9.672086e-02 -1.150205e-02 3.491488e-02 1.613798e-01 -3.305590e+00 9.543423e+00 2.477880e+01 1085 7.540297e-03
65910 5.303508e-03 -1.005459e-02 1.088088e-01 1.799874e-02 -4.135064e-02 2.263237e-01 2.874212e+00 -7.085452e+00 2.660547e+01 762 6.079945e-03
5467 6.532176e-03 9.440724e-03 1.053462e-01 8.365322e-02 1.144546e-01 4.758599e-01 5.541139e+00 7.545237e+00 2.662137e+01 730 5.751756e-03
53399 3.995577e-03 3.934049e-03 9.448909e-02 2.185264e-02 2.952091e-02 1.919799e-01 4.283626e+00 6.137884e+00 2.338651e+01 1615 1.061156e-02
65926 1.836493e-02 3.070968e-03 2.764093e-01 2.325685e-01 -5.498394e-02 2.087355e+00 3.597794e+00 -9.750988e-01 3.041691e+01 1115 1.408275e-02
78403 -4.883473e-03 -8.373539e-03 1.950249e-01 -1.408251e-01 -9.233215e-02 2.486121e+00 -1.555877e+00 -9.609221e-01 2.622202e+01 3677 2.651683e-02
53445 -1.841437e-02 7.621576e-03 1.812679e-01 -1.164009e-01 5.542260e-02 7.137853e-01 -6.565582e+00 3.202905e+00 3.568131e+01 1939 1.413769e-02
90847 7.564303e-03 1.094038e-02 1.016267e-01 2.944927e-02 6.199918e-02 2.256602e-01 4.009657e+00 9.354746e+00 2.272481e+01 1831 1.199104e-02
15892 -8.406038e-03 -1.734663e-02 3.476877e-01 -6.050040e-03 -4.618194e-02 7.908339e-01 1.386267e-01 -1.696668e+00 2.607469e+01 2999 2.786284e-02
78460 8.125219e-03 -8.557142e-03 1.158197e-01 6.002000e-02 -3.271944e-02 3.759068e-01 4.284806e+00 -1.995013e+00 2.147466e+01 1491 1.113289e-02
90916 -2.760721e-02 -1.246405e-03 1.278124e-01 -6.882402e-01 -6.615895e-02 1.489854e+00 -1.151621e+01 -1.131561e+00 2.374322e+01 930 7.645818e-03
5670 -5.315381e-03 -1.557869e-02 1.091164e-01 -1.838492e-02 -4.867956e-02 1.936008e-01 -5.231977e+00 -1.325089e+01 3.382067e+01 2219 1.437605e-02
15977 -1.093860e-02 -1.097581e-02 1.834115e-01 -1.089015e-01 -9.019775e-02 1.083406e+00 -4.655527e+00 -3.764892e+00 4.277073e+01 240 4.007368e-03
90955 -2.394366e-02 4.394428e-04 1.605629e-01 -5.418369e-02 2.759733e-03 2.513284e-01 -7.943773e+00 6.095186e-01 2.384325e+01 565 7.013387e-03
78596 -1.445716e-03 -1.609487e-02 2.830681e-01 -7.705776e-03 -3.090863e-02 4.807678e-01 -1.018897e+00 -2.411110e+00 3.217791e+01 4181 3.163949e-02
78619 2.623982e-02 1.438545e-02 2.859078e-01 6.144496e-01 1.681510e-01 4.674648e+00 4.413853e+00 1.153837e+00 3.293256e+01 719 1.113268e-02
5851 -6.710285e-03 -1.183139e-02 1.031257e-01 -2.989433e-02 -5.276332e-02 2.246186e-01 -5.962453e+00 -1.052684e+01 3.124544e+01 520 4.203318e-03
41145 1.034276e-02 -5.107350e-03 1.060535e-01 9.935390e-02 -5.226322e-02 4.390411e-01 6.546271e+00 -3.468050e+00 2.448937e+01 2433 1.566247e-02
78655 1.784454e-03 9.325349e-04 1.130048e-01 3.137940e-03 4.951661e-03 3.584454e-01 2.031663e-01 6.032946e-01 3.684209e+01 1166 8.301355e-03
78658 1.555994e-05 -5.983630e-03 1.308244e-01 4.628180e-02 -9.208215e-02 6.165494e-01 2.519318e+00 -4.688290e+00 2.644899e+01 1067 8.548702e-03
78659 1.173910e-02 -8.917990e-03 1.045049e-01 6.782192e-02 -6.102834e-02 2.561661e-01 6.628842e+00 -6.159307e+00 1.792596e+01 2719 1.751858e-02
16133 -1.231053e-03 1.621711e-02 1.427961e-01 1.075648e-03 6.680201e-02 3.712436e-01 3.580069e-01 7.850927e+00 3.545573e+01 518 4.860486e-03
5986 -2.028246e-02 1.203950e-02 1.686349e-01 -1.449614e-01 7.537275e-02 7.381821e-01 -7.710463e+00 3.916689e+00 3.522224e+01 1691 1.231432e-02
91119 -1.168428e-02 -7.564785e-03 9.802684e-02 -3.874517e-02 -2.815105e-02 1.633026e-01 -7.323957e+00 -5.571617e+00 1.766672e+01 576 5.058616e-03
28788 -1.443810e-02 7.909594e-03 1.388401e-01 -7.919762e-02 5.596337e-02 5.129993e-01 -4.516401e+00 3.351323e+00 2.609428e+01 922 8.626131e-03
16154 3.956230e-03 -1.941347e-02 1.105861e-01 1.037170e-02 -6.949834e-02 2.097557e-01 1.211956e+00 -9.461604e+00 1.873428e+01 386 4.490480e-03
16156 -3.715142e-03 -6.576742e-04 1.299888e-01 -6.119720e-02 -1.943760e-02 6.367522e-01 -3.841201e+00 -1.254956e+00 3.386414e+01 1068 7.895182e-03
53732 -1.134012e-02 -3.037163e-03 1.093740e-01 -1.663473e-01 -2.700007e-02 5.638431e-01 -9.528726e+00 -1.473067e+00 2.793748e+01 848 6.666307e-03
53760 1.139592e-02 -2.940996e-03 1.186450e-01 6.203380e-02 -2.827635e-02 3.606665e-01 5.354578e+00 -2.679025e+00 2.559198e+01 2029 1.392941e-02
6072 -2.555270e-03 -1.667248e-04 1.392315e-01 -3.734051e-02 -1.170268e-02 6.887621e-01 -1.904329e+00 -6.315398e-01 3.008423e+01 1416 1.095413e-02
41287 2.747491e-03 5.077506e-03 9.780428e-02 3.507787e-02 5.039315e-02 3.759259e-01 2.575590e+00 3.610057e+00 2.215648e+01 1110 7.759848e-03
66362 -3.574587e-03 -7.141191e-03 9.821427e-02 -2.018990e-02 -3.285222e-02 2.122434e-01 -4.316975e+00 -6.680214e+00 2.962694e+01 3279 2.005106e-02
16288 -7.994363e-04 -1.454410e-02 1.584990e-01 -4.221425e-03 -3.179413e-02 2.740374e-01 -9.622594e-01 -4.850690e+00 3.248927e+01 1508 1.183453e-02
41382 1.492724e-02 2.070076e-02 1.956966e-01 3.934196e-01 7.269327e-01 3.439644e+00 2.647987e+00 4.940900e+00 2.269512e+01 1158 1.250368e-02
78862 1.243179e-02 -1.088685e-02 1.165052e-01 1.023333e-01 -9.777864e-02 4.366712e-01 6.323206e+00 -6.111516e+00 2.251881e+01 2001 1.390223e-02
41414 1.620367e-03 -1.013160e-02 9.505206e-02 2.472399e-03 -3.204863e-02 1.540225e-01 3.237557e-01 -8.328047e+00 2.240762e+01 1776 1.198313e-02
28966 -3.747721e-03 -6.169434e-03 9.331760e-02 -2.536725e-02 -4.212931e-02 2.406048e-01 -3.993850e+00 -6.642994e+00 2.720888e+01 1220 7.692556e-03
78921 1.269434e-02 1.922261e-02 1.421202e-01 1.541190e-01 2.003029e-01 8.210378e-01 5.237471e+00 6.706064e+00 2.514280e+01 1603 1.202608e-02
29005 -1.622561e-02 1.485888e-02 1.382763e-01 -5.106472e-02 4.907200e-02 2.902875e-01 -5.893354e+00 5.787461e+00 2.571407e+01 509 5.401183e-03
16364 -1.251541e-02 -9.523924e-04 1.046885e-01 -1.820752e-01 -1.074233e-02 5.650566e-01 -9.891512e+00 -5.711100e-01 2.685622e+01 2667 1.672645e-02
41482 2.952322e-03 5.911782e-03 1.741570e-01 8.461896e-03 4.617431e-02 1.110115e+00 2.458459e-01 1.796578e+00 4.176394e+01 744 6.854582e-03
29089 1.136093e-02 7.117387e-04 2.483654e-01 4.550598e-02 7.074144e-02 1.348648e+00 7.741681e-01 1.587778e+00 2.494662e+01 777 1.206420e-02
91436 -1.352352e-03 2.401947e-02 1.510725e-01 -1.628698e-02 8.411939e-02 3.570269e-01 -1.328103e+00 5.344551e+00 1.831507e+01 970 1.055593e-02
6583 -3.761749e-03 6.978289e-03 1.152424e-01 -1.330881e-02 3.299561e-02 2.558262e-01 -2.464220e+00 6.715404e+00 3.628648e+01 1194 8.134513e-03
66699 -9.992838e-03 2.742262e-03 1.119480e-01 -2.787042e-02 1.538436e-02 1.920977e-01 -4.238757e+00 2.997429e+00 1.900342e+01 653 6.495919e-03
16633 -8.395532e-03 -7.231258e-03 1.029571e-01 -3.224431e-02 -2.790100e-02 2.125342e-01 -4.421119e+00 -3.831784e+00 2.031354e+01 1562 1.033181e-02
66803 -1.529660e-02 1.051325e-02 1.263091e-01 -1.616935e-01 8.199885e-02 7.264808e-01 -6.876844e+00 3.357964e+00 2.819246e+01 434 5.071248e-03
66821 1.024233e-02 -7.619269e-03 1.178564e-01 1.863925e-02 -2.738225e-02 1.787084e-01 2.413590e+00 -5.680627e+00 1.749116e+01 3869 2.487959e-02
79308 -9.923147e-03 4.646641e-03 1.036916e-01 -6.290864e-02 4.076195e-02 3.250656e-01 -5.550486e+00 3.783252e+00 2.319000e+01 1971 1.336735e-02
29416 1.250152e-02 4.195904e-03 1.326109e-01 3.270529e-02 9.796841e-03 2.553878e-01 3.997474e+00 1.108190e+00 2.429237e+01 466 5.510387e-03
7100 1.288612e-02 -9.733055e-04 1.036256e-01 7.926677e-02 -1.060491e-02 2.780895e-01 1.261001e+01 -1.829669e+00 3.314206e+01 558 4.262664e-03
7184 -2.039890e-03 -4.494349e-03 1.181438e-01 1.266957e-02 -4.030083e-02 5.215655e-01 9.931386e-01 -2.417547e+00 2.723782e+01 1371 9.844983e-03
16854 -8.406658e-04 -8.693622e-03 9.564827e-02 -5.093837e-03 -3.880491e-02 1.635236e-01 -1.524665e+00 -1.079421e+01 2.433178e+01 1090 7.617736e-03
54472 1.458647e-03 -1.569960e-02 1.292508e-01 1.295051e-01 -4.564282e-01 1.593309e+00 2.364204e+00 -8.137457e+00 2.703184e+01 673 6.149069e-03
16870 -6.455222e-03 3.149926e-03 9.907161e-02 -3.309835e-02 1.464632e-02 2.276609e-01 -4.655855e+00 2.008981e+00 2.247082e+01 853 6.348407e-03
16893 -7.058737e-03 -4.350743e-03 1.143276e-01 -9.056240e-02 -4.258213e-02 6.929293e-01 -4.032559e+00 -1.846270e+00 2.794184e+01 354 3.695608e-03
29567 -1.062962e-02 2.832086e-03 1.801406e-01 -7.396406e-02 1.196656e-02 6.383212e-01 -3.811877e+00 5.497718e-01 2.757627e+01 243 5.605236e-03
16916 -1.510643e-02 -4.824688e-03 1.327817e-01 -8.487646e-02 -3.107595e-02 4.963138e-01 -4.388015e+00 -1.651009e+00 2.286346e+01 772 7.292279e-03
7389 1.081514e-02 1.804678e-02 1.069899e-01 3.102145e-02 5.205012e-02 1.645913e-01 4.179359e+00 7.033061e+00 1.191394e+01 1262 1.020019e-02
7415 1.024912e-02 -2.144737e-02 2.379523e-01 4.658562e-01 -8.766881e-01 8.008337e+00 2.285179e+00 -4.289613e+00 3.897376e+01 408 6.743167e-03
79575 1.140585e-03 -4.236779e-03 1.003503e-01 9.583463e-03 -2.263502e-02 3.568325e-01 8.786361e-01 -1.914673e+00 2.669168e+01 2148 1.408721e-02
91959 9.718001e-03 8.283585e-03 1.461182e-01 2.130767e-01 1.445062e-01 1.465915e+00 4.322113e+00 2.895227e+00 2.805049e+01 879 8.159714e-03
67148 -2.245524e-02 -4.429148e-03 3.010277e-01 -1.645654e-01 -4.947517e-02 2.228517e+00 -2.437439e+00 -7.726182e-01 3.305983e+01 473 9.891314e-03
42159 2.587060e-03 -2.095654e-02 2.284724e-01 -1.505337e-01 -6.260127e-01 3.485297e+00 -1.228635e+00 -4.854948e+00 2.613264e+01 1551 1.509840e-02
7499 3.647564e-03 6.704571e-03 1.281884e-01 5.039255e-02 3.968604e-02 8.198200e-01 2.100438e+00 1.481988e+00 3.107775e+01 1337 9.330641e-03
54652 1.306890e-02 2.650473e-02 1.503607e-01 8.904569e-02 2.133312e-01 6.295096e-01 3.250084e+00 7.991934e+00 2.049671e+01 2462 1.827742e-02
79631 -1.055616e-03 -5.140970e-03 1.494473e-01 4.223085e-02 -4.136714e-02 1.455842e+00 7.697232e-01 -6.441764e-01 2.323041e+01 657 7.444501e-03
67190 -6.421432e-03 -1.578985e-04 9.828449e-02 -7.960032e-02 -1.539216e-02 3.154378e-01 -7.396401e+00 -1.539770e+00 2.194831e+01 722 5.265005e-03
17063 8.818488e-03 -6.364310e-04 1.056805e-01 3.429948e-02 -9.118958e-03 2.046048e-01 5.693215e+00 -1.895250e+00 2.210266e+01 1638 1.106408e-02
54730 -3.520447e-03 6.360342e-03 8.580387e-02 -1.751985e-02 6.012539e-02 1.697684e-01 -3.346531e+00 1.285244e+01 2.007157e+01 424 3.244695e-03
54774 1.930924e-02 -4.095464e-03 1.571625e-01 2.282749e-01 -3.060895e-02 9.454523e-01 8.266046e+00 -1.048793e+00 3.118234e+01 1246 1.033610e-02
54819 7.177146e-04 9.968433e-03 1.117222e-01 2.241387e-02 1.114841e-01 4.886433e-01 1.715246e+00 8.025587e+00 2.979848e+01 906 6.493267e-03
54821 -1.790237e-02 2.152094e-02 2.266665e-01 -4.729539e-01 6.324512e-01 5.067483e+00 -3.585949e+00 4.814323e+00 3.814716e+01 810 9.039724e-03
29921 -1.032038e-02 -1.690416e-03 1.005888e-01 -4.515900e-02 -5.693494e-03 2.201950e-01 -6.642995e+00 -7.633030e-01 2.280639e+01 3422 2.112081e-02
67453 6.485662e-03 8.641883e-03 1.065874e-01 1.622844e-02 3.013905e-02 1.734197e-01 3.950903e+00 8.717556e+00 2.710194e+01 2409 1.542072e-02
54934 -3.645360e-03 7.097317e-03 1.552022e-01 -3.563697e-02 3.069756e-01 2.277963e+00 -4.462351e-01 4.182854e+00 2.960933e+01 610 6.570667e-03
67468 9.637311e-04 -1.286032e-02 1.010962e-01 -1.121748e-03 -7.958733e-02 2.441555e-01 -4.232016e-01 -1.354076e+01 2.903070e+01 2249 1.407408e-02
30040 -8.743963e-04 9.146395e-03 1.095567e-01 -1.708846e-02 4.423310e-02 2.697369e-01 -3.226878e+00 6.982859e+00 3.187861e+01 1067 7.534243e-03
30043 1.527834e-02 -7.143261e-03 2.107894e-01 3.705325e-01 -1.474684e-01 3.255396e+00 2.781398e+00 -1.098650e+00 2.383719e+01 1905 1.731626e-02
8028 -8.944773e-03 9.163924e-03 1.100118e-01 -9.016746e-02 8.826575e-02 4.220550e-01 -6.230505e+00 6.067816e+00 2.393650e+01 1115 8.096373e-03
92332 1.044125e-02 1.860625e-02 2.000698e-01 6.877838e-01 1.088710e+00 6.599802e+00 3.530692e+00 5.577983e+00 3.335901e+01 548 7.775455e-03
54992 -4.238804e-03 2.356679e-03 1.123198e-01 -1.668982e-02 2.854792e-02 3.015402e-01 -2.527034e+00 5.315727e+00 3.840384e+01 1135 7.887607e-03
8076 9.846502e-03 -3.101619e-03 1.048231e-01 5.262727e-02 -3.226155e-02 2.788123e-01 6.916593e+00 -4.714440e+00 2.812976e+01 612 4.904970e-03
8106 -8.270608e-03 -2.692214e-03 1.340279e-01 -1.172271e-01 -6.179290e-02 1.032110e+00 -3.349080e+00 -1.816624e+00 2.760505e+01 1392 1.042010e-02
30095 8.474622e-03 -9.221208e-04 9.236195e-02 5.525691e-02 1.268610e-02 2.215158e-01 1.076756e+01 3.132111e+00 2.972645e+01 1545 9.676755e-03
42549 -7.066104e-03 7.956749e-03 1.917609e-01 -1.911831e-02 4.373325e-02 5.535471e-01 -1.110140e+00 3.295406e+00 3.332446e+01 1335 1.170472e-02
17421 3.242146e-03 3.987504e-03 1.069702e-01 3.025054e-02 1.013418e-02 3.149458e-01 4.200897e+00 9.560569e-01 3.234862e+01 741 5.697394e-03
80017 -7.913481e-03 -8.047939e-03 9.134315e-02 -2.678523e-02 -2.309917e-02 1.342092e-01 -8.600162e+00 -6.859091e+00 1.953475e+01 749 5.316088e-03
17432 -6.678976e-03 -3.719068e-03 9.151847e-02 -2.983664e-02 -1.592005e-02 1.514651e-01 -6.815885e+00 -3.591058e+00 1.764380e+01 1830 1.203927e-02
55047 1.280823e-02 1.622965e-02 2.147551e-01 2.570335e-01 5.905172e-01 4.567854e+00 1.114513e+00 2.620739e+00 1.986520e+01 2250 2.057782e-02
17442 -1.213090e-02 -4.669998e-03 1.939063e-01 -1.776295e-01 -7.345545e-02 1.943581e+00 -2.817543e+00 -1.171043e+00 2.978747e+01 2367 1.815438e-02
80057 -2.183172e-02 -1.027995e-03 1.113725e-01 -4.992378e-02 -3.099094e-03 1.565754e-01 -1.080679e+01 -7.967353e-01 1.738920e+01 374 4.745045e-03
55124 6.490147e-03 1.755297e-02 1.202291e-01 3.221661e-02 7.672486e-02 2.846100e-01 2.549100e+00 5.863032e+00 1.628764e+01 2376 1.703062e-02
55130 -1.479256e-03 6.573127e-03 1.050401e-01 -1.958394e-02 3.097700e-02 2.542676e-01 -3.973903e+00 5.356550e+00 3.275483e+01 881 6.005175e-03
92492 2.106215e-04 4.119532e-03 1.304961e-01 2.593903e-03 2.388531e-02 1.311191e+00 7.415933e-02 6.150413e-01 3.673906e+01 1027 7.695551e-03
67694 -7.191859e-04 1.786123e-02 1.415524e-01 4.119620e-02 2.294016e-01 9.237194e-01 1.547689e+00 7.810943e+00 2.888083e+01 583 6.400707e-03
30284 2.765497e-02 -9.617653e-04 2.527109e-01 1.504681e-01 1.454056e-02 1.007586e+00 4.946558e+00 6.243887e-01 3.040418e+01 345 8.534784e-03
17620 -5.840508e-03 -7.613869e-03 1.718935e-01 -4.907451e-01 -5.511957e-01 8.146276e+00 -1.812660e+00 -2.032005e+00 2.980966e+01 2054 1.496139e-02
30347 8.827440e-03 2.655603e-03 1.143487e-01 1.449690e-01 5.361952e-02 7.554594e-01 5.178127e+00 1.938406e+00 2.438456e+01 684 5.798945e-03
17659 5.927896e-03 -2.545683e-03 1.174979e-01 5.831858e-02 -2.954275e-02 5.065401e-01 4.042805e+00 -2.083269e+00 3.002102e+01 651 5.392394e-03
55302 7.422282e-03 -1.235851e-03 9.558979e-02 5.690187e-02 -1.011665e-02 2.610129e-01 9.734833e+00 -1.747247e+00 3.254607e+01 868 6.071163e-03
8571 5.216128e-03 1.000694e-02 1.124018e-01 2.310895e-02 3.176741e-02 2.398058e-01 4.095546e+00 4.980827e+00 2.916191e+01 860 6.478246e-03
67863 1.295916e-02 -2.008196e-02 1.940242e-01 4.209733e-01 -8.976099e-01 5.627472e+00 2.194518e+00 -4.719815e+00 2.922399e+01 1287 1.157890e-02
55353 2.093203e-03 -1.307830e-02 1.751795e-01 2.396915e-02 -1.854025e-01 1.624156e+00 4.410628e-01 -3.474400e+00 2.921427e+01 1130 1.044356e-02
67901 1.714222e-02 1.602837e-02 1.266460e-01 3.754125e-02 3.538663e-02 2.040024e-01 5.629484e+00 5.342266e+00 2.134792e+01 1289 9.920125e-03
17778 -8.222582e-03 -3.304892e-03 1.388287e-01 -4.271329e-02 1.413265e-04 5.023205e-01 -1.925226e+00 1.923634e-01 2.028963e+01 412 6.215233e-03
17783 -1.577782e-02 -1.233025e-02 2.163161e-01 -1.026186e-01 -9.178780e-02 1.356071e+00 -1.933458e+00 -1.769075e+00 2.537597e+01 480 9.113726e-03
92768 1.295564e-03 7.891077e-03 1.244439e-01 1.427735e-02 9.526092e-02 8.933922e-01 5.102173e-01 3.433859e+00 3.022164e+01 696 5.927807e-03
92769 1.838406e-03 1.777853e-02 1.263727e-01 5.190700e-02 1.389303e-01 4.879889e-01 2.398656e+00 5.804066e+00 1.732409e+01 1653 1.265558e-02
92772 2.575143e-04 -1.480764e-02 1.181098e-01 -3.520373e-02 -3.110363e-01 1.123074e+00 -1.122432e+00 -9.376337e+00 3.180950e+01 1016 7.832153e-03
92859 -1.814231e-03 -7.516951e-04 1.259952e-01 -1.807404e-02 6.229806e-03 4.250293e-01 -1.700450e+00 7.301248e-01 3.127297e+01 1317 9.392060e-03
55536 2.354107e-02 1.134039e-03 1.232930e-01 1.206405e-01 6.373906e-03 3.101347e-01 1.011731e+01 5.459697e-01 1.946802e+01 3461 2.232362e-02
9029 4.260353e-03 1.944474e-02 1.198130e-01 4.221314e-03 3.396459e-02 1.531647e-01 -2.546481e-02 9.471242e+00 2.175518e+01 1969 1.424851e-02
30704 5.463424e-04 -2.159041e-02 2.822406e-01 2.692313e-02 -1.096508e-01 9.693619e-01 1.091548e+00 -3.644197e+00 2.843508e+01 2550 2.211414e-02
55649 -2.322901e-03 -1.483297e-02 1.825079e-01 -3.450752e-02 -2.182661e-01 1.740292e+00 -7.314593e-01 -4.623422e+00 3.540372e+01 411 5.528903e-03
9168 1.798059e-03 -1.044712e-04 1.062971e-01 2.453887e-02 1.823277e-02 3.804741e-01 2.024529e+00 1.632496e+00 2.440895e+01 847 6.585112e-03
93001 -3.444946e-03 -1.079391e-02 1.134998e-01 -2.788903e-02 -6.229984e-02 3.231556e-01 -3.493020e+00 -7.360113e+00 2.995947e+01 565 4.996414e-03
93028 -1.044847e-03 1.267268e-02 1.355153e-01 -8.199155e-02 4.765063e-01 2.404971e+00 -1.120216e+00 6.418964e+00 3.140686e+01 733 6.416073e-03
43227 1.955126e-03 -1.231906e-02 1.327387e-01 5.385941e-02 -2.498537e-01 1.032814e+00 1.718259e+00 -7.863434e+00 2.979643e+01 2701 1.792981e-02
18087 -5.013489e-03 -6.051727e-03 1.218351e-01 -2.411192e-02 -3.348952e-02 3.016690e-01 -2.992784e+00 -4.299588e+00 2.818052e+01 1096 7.960378e-03
55727 9.833404e-03 2.407750e-02 1.753101e-01 3.587533e-02 9.406743e-02 4.898136e-01 1.743855e+00 4.686761e+00 2.106022e+01 1066 1.149070e-02
55759 -2.680276e-02 8.930074e-04 1.869481e-01 -4.089499e-01 9.965600e-02 1.632561e+00 -5.975913e+00 1.544429e+00 2.260611e+01 1171 1.250788e-02
30868 2.020898e-02 -1.120605e-02 2.467075e-01 5.822552e-01 -1.667320e-01 6.604044e+00 3.002353e+00 -8.307927e-01 3.395979e+01 1031 1.187413e-02
43305 -9.523305e-04 8.766066e-04 1.141861e-01 1.323045e-04 2.484379e-02 6.727687e-01 5.609812e-02 1.239600e+00 2.889030e+01 1775 1.158338e-02
93139 1.525335e-02 -4.964831e-03 1.387767e-01 6.859430e-02 -2.581919e-02 4.435274e-01 5.632257e+00 -2.202007e+00 3.217855e+01 537 5.398351e-03
30914 -2.551369e-03 1.291407e-02 1.074761e-01 -7.150768e-03 4.204049e-02 2.017985e-01 -1.882492e+00 1.192118e+01 3.860531e+01 1915 1.223092e-02
9433 4.534569e-03 4.124510e-03 1.630570e-01 1.652563e-02 3.307212e-02 6.159436e-01 7.756252e-01 1.872437e+00 2.929435e+01 1149 9.848422e-03
55840 5.396090e-03 7.562894e-03 1.110515e-01 1.135597e-01 1.740855e-01 9.711557e-01 5.413318e+00 8.334039e+00 4.304606e+01 478 3.749084e-03
93167 1.313265e-02 3.799551e-03 1.088540e-01 8.256050e-02 3.160765e-02 3.083985e-01 7.046458e+00 2.822334e+00 2.025242e+01 767 6.309306e-03
68388 -1.222899e-02 -4.093596e-03 2.197646e-01 -7.116514e-02 -1.143428e-02 1.143967e+00 -2.278294e+00 -2.837689e-01 3.572687e+01 791 8.725783e-03
9502 3.045723e-03 -2.154963e-03 1.495843e-01 5.199427e-02 -1.235824e-03 5.301137e-01 3.567215e+00 6.698396e-02 2.773177e+01 682 7.146106e-03
68426 -4.614672e-03 -1.307615e-02 2.692664e-01 -4.719904e-03 -6.160591e-02 1.339636e+00 -2.043704e-03 -9.424956e-01 2.078763e+01 3338 2.977236e-02
93231 1.086499e-02 -2.309507e-02 1.267772e-01 2.459335e-01 -5.733575e-01 1.369049e+00 4.075079e+00 -9.539187e+00 2.153566e+01 1059 8.905927e-03
31031 -6.895357e-03 -7.898961e-03 1.283324e-01 -4.344611e-02 -4.045400e-02 3.778535e-01 -4.122982e+00 -3.672259e+00 2.814637e+01 1514 1.121424e-02
18333 -6.713506e-03 -9.682948e-03 1.439395e-01 -2.315257e-01 -2.553265e-01 2.200822e+00 -3.661247e+00 -4.000504e+00 3.349799e+01 1139 8.977040e-03
43500 -7.843666e-03 -2.701816e-02 2.308951e-01 -4.885564e-02 -2.042558e-01 1.082967e+00 -1.288014e+00 -5.566291e+00 2.676000e+01 1565 1.567646e-02
31077 -1.847549e-02 -4.845973e-03 1.136616e-01 -1.477778e-01 -2.685700e-02 4.062917e-01 -7.149865e+00 -1.217115e+00 1.618119e+01 945 8.903737e-03
43520 4.626064e-03 7.254804e-03 9.585203e-02 1.964211e-02 2.735796e-02 1.548659e-01 6.453472e+00 8.639769e+00 2.536251e+01 895 6.056290e-03
93373 -2.521180e-02 -1.529565e-02 2.668978e-01 -1.166535e-01 -6.735971e-02 1.108197e+00 -3.131426e+00 -1.782936e+00 2.881032e+01 1524 1.634382e-02
56111 -1.203151e-02 -9.445014e-04 1.504108e-01 -3.149336e-01 -6.981345e-02 1.557619e+00 -6.170265e+00 -1.402895e+00 2.866552e+01 1451 1.151984e-02
43677 -1.087048e-02 1.917380e-02 2.570628e-01 -4.302415e-01 4.603381e-01 5.400723e+00 -2.980881e+00 3.135787e+00 3.656104e+01 1261 1.252543e-02
81144 1.821967e-03 -1.006970e-02 1.173328e-01 6.064786e-03 -3.960056e-02 2.921053e-01 8.628239e-01 -6.005426e+00 3.554191e+01 1833 1.184875e-02
68729 2.013167e-02 -7.623783e-03 2.253886e-01 3.172294e-02 -1.515834e-02 3.495747e-01 2.972775e+00 -1.932363e+00 3.184962e+01 989 1.078611e-02
93528 1.232978e-02 1.045684e-03 1.162562e-01 1.068363e-01 2.335462e-02 4.858760e-01 7.427688e+00 1.753358e+00 2.905005e+01 2086 1.341723e-02
56223 -9.518300e-04 5.952655e-03 1.241097e-01 -2.485881e-02 3.432953e-02 4.861200e-01 -2.028580e+00 2.407864e+00 3.071767e+01 1095 8.506093e-03
18590 -1.728950e-03 -1.449831e-02 1.177436e-01 -1.674045e-02 -9.987409e-02 3.854185e-01 -1.940688e+00 -1.103738e+01 3.460503e+01 1823 1.192884e-02
81199 -8.230262e-03 -1.135357e-02 1.204406e-01 -4.569140e-02 -7.025740e-02 3.690818e-01 -5.209919e+00 -8.192068e+00 3.457984e+01 1218 8.765525e-03
18625 -1.098241e-02 -8.330960e-03 1.663516e-01 -3.561808e-01 -2.357246e-01 2.829642e+00 -3.994051e+00 -2.631015e+00 3.081509e+01 1281 1.127107e-02
10129 1.025094e-03 -1.021225e-02 1.260830e-01 1.496765e-02 -5.538246e-02 4.337813e-01 1.800715e+00 -5.833842e+00 3.973997e+01 996 7.315577e-03
93581 8.837988e-03 2.011161e-02 1.418396e-01 4.437601e-01 6.629915e-01 2.742596e+00 4.357781e+00 6.441451e+00 2.605875e+01 786 7.293270e-03
93619 -8.935952e-03 2.971323e-03 1.307691e-01 -3.398738e-02 2.360119e-02 3.212936e-01 -4.194074e+00 3.453824e+00 3.189735e+01 683 6.109559e-03
10204 1.049995e-02 -2.610740e-02 2.335193e-01 3.429767e-01 -8.822706e-01 5.912433e+00 2.299738e+00 -5.922072e+00 3.928099e+01 357 6.298384e-03
43842 1.005940e-02 7.084346e-03 1.378474e-01 2.539022e-01 2.395131e-01 1.575635e+00 4.463308e+00 4.254384e+00 2.631732e+01 488 5.607274e-03
18707 8.417366e-03 2.347365e-03 2.210139e-01 1.811747e-01 8.201113e-02 2.442350e+00 2.397453e+00 1.105540e+00 3.082676e+01 603 8.627992e-03
56353 1.315888e-03 -3.501242e-03 1.113862e-01 3.728279e-03 -2.100064e-02 4.837085e-01 2.040984e-01 -1.480522e+00 3.150002e+01 1120 7.580599e-03
56364 2.585989e-02 -1.219559e-02 1.791613e-01 4.125635e-01 -2.048198e-01 1.747482e+00 9.324557e+00 -4.644734e+00 3.781681e+01 730 7.208116e-03
10284 -2.824135e-03 -7.332628e-03 1.357704e-01 -2.260780e-02 -2.505735e-02 3.084426e-01 -1.764048e+00 -1.580458e+00 1.539664e+01 623 8.119973e-03
56380 2.883705e-03 2.224361e-02 1.297840e-01 2.503051e-02 1.063837e-01 3.550369e-01 4.064782e+00 1.544291e+01 4.134249e+01 619 5.111786e-03
31473 2.872620e-03 -1.341667e-02 1.203257e-01 3.211307e-02 -1.475995e-01 5.685695e-01 1.842707e+00 -8.456083e+00 2.824793e+01 1153 8.489658e-03
68928 2.887221e-03 1.383525e-02 1.359014e-01 5.149334e-02 1.783395e-01 9.396757e-01 1.669264e+00 5.649514e+00 2.760375e+01 887 7.605252e-03
93709 -4.690176e-03 8.539253e-04 1.918268e-01 -1.187967e-01 -1.314413e-02 1.792896e+00 -2.770290e+00 -3.398462e-01 3.887092e+01 540 6.414530e-03
18774 3.635608e-03 8.766411e-04 9.816827e-02 2.452777e-02 1.368282e-02 4.767146e-01 1.901324e+00 1.165447e+00 3.445022e+01 402 3.116885e-03
56440 -1.439857e-02 -6.238187e-03 1.469265e-01 -1.796978e-01 -6.179527e-02 9.134699e-01 -6.258459e+00 -2.103468e+00 2.902240e+01 1723 1.266810e-02
68982 1.861687e-03 9.790572e-03 1.362391e-01 1.674546e-02 5.800679e-02 3.870614e-01 2.132402e+00 6.907950e+00 3.593538e+01 853 7.011228e-03
31541 -1.649803e-02 -2.056238e-02 1.359432e-01 -1.075564e-01 -1.106306e-01 4.658039e-01 -7.625032e+00 -7.542113e+00 2.762182e+01 900 7.599541e-03
68989 -6.161309e-03 -7.177266e-03 1.289676e-01 -1.419516e-01 -1.274338e-01 9.973415e-01 -5.258887e+00 -4.657294e+00 3.363039e+01 710 5.734546e-03
44000 2.419748e-03 1.521006e-02 1.300270e-01 2.783777e-02 9.034340e-02 4.423502e-01 2.088836e+00 6.174408e+00 2.566651e+01 762 6.808838e-03
81458 -7.326662e-03 -1.298878e-02 1.150299e-01 -5.471894e-02 -1.623516e-01 5.470123e-01 -3.866754e+00 -1.218657e+01 3.524561e+01 1235 8.407262e-03
69058 8.555579e-03 -8.049598e-03 1.034426e-01 5.015485e-02 -3.946512e-02 2.786104e-01 5.928121e+00 -4.476882e+00 2.496236e+01 766 5.968476e-03
18891 2.070480e-02 -1.732172e-02 2.201613e-01 7.538454e-01 -7.503775e-01 7.063140e+00 2.774096e+00 -2.773775e+00 2.589282e+01 1157 1.256955e-02
56536 1.299331e-02 -8.927311e-05 1.071344e-01 6.509960e-02 -1.016518e-02 2.441133e-01 1.015638e+01 -1.963961e+00 2.669948e+01 610 4.858012e-03
56554 -4.382547e-03 -1.408250e-02 1.322865e-01 -7.046584e-02 -2.154350e-01 1.092533e+00 -2.184702e+00 -6.656679e+00 3.174559e+01 935 7.349380e-03
18951 -3.336944e-03 1.811061e-02 1.207926e-01 -3.479943e-02 1.363567e-01 5.384066e-01 -1.523544e+00 5.725964e+00 2.022260e+01 1176 9.428375e-03
10694 -1.542766e-03 -3.628144e-03 1.149959e-01 -7.295850e-03 -2.923476e-02 4.366484e-01 -6.302752e-01 -2.805315e+00 3.523843e+01 2351 1.546862e-02
10775 -3.127904e-03 3.471632e-03 1.251612e-01 -3.073693e-02 9.688175e-02 1.270426e+00 -8.466073e-01 2.864342e+00 3.511858e+01 789 6.187986e-03
19031 -1.230145e-02 -8.321851e-03 1.233961e-01 -6.147475e-02 -5.825786e-02 3.696712e-01 -7.063644e+00 -7.173205e+00 3.537691e+01 1140 8.433265e-03
44209 -2.104626e-02 -2.023200e-03 1.856177e-01 -1.828502e-01 -1.725656e-02 9.058825e-01 -6.864644e+00 -6.462861e-01 3.055774e+01 1053 9.768663e-03
81655 1.465518e-02 4.018973e-03 1.106748e-01 6.828041e-02 1.208890e-02 2.413939e-01 8.969746e+00 1.349835e+00 2.186504e+01 468 4.345163e-03
69233 -8.278676e-03 4.018672e-03 1.214179e-01 -2.885399e-02 1.142931e-02 2.318962e-01 -4.665434e+00 1.680354e+00 2.505085e+01 771 6.774098e-03
56712 -6.544464e-03 -1.001922e-02 1.206733e-01 -7.066087e-02 -1.138168e-01 6.174347e-01 -3.796939e+00 -6.146838e+00 2.941794e+01 1140 8.648872e-03
81683 3.053938e-03 -6.102923e-04 1.459031e-01 6.173558e-03 -6.807823e-03 1.213866e+00 6.638705e-02 -1.318865e-01 2.272677e+01 642 7.018697e-03
81706 1.291769e-02 1.642369e-02 1.586502e-01 2.532946e-02 3.231478e-02 2.330010e-01 3.902745e+00 4.996784e+00 2.337880e+01 705 8.424493e-03
94049 1.105656e-02 -1.756476e-02 1.435021e-01 3.159693e-01 -5.522653e-01 2.363829e+00 4.932905e+00 -8.650433e+00 3.592064e+01 1335 9.800893e-03
31870 7.901698e-03 -1.305903e-03 1.567486e-01 1.194571e-01 -1.631626e-02 1.203802e+00 3.097045e+00 -4.167235e-01 2.906871e+01 1888 1.437232e-02
31889 -1.009872e-02 -8.221883e-03 2.247317e-01 -4.520062e-02 -7.706413e-02 1.752693e+00 -7.076055e-01 -1.387764e+00 3.080157e+01 751 9.516964e-03
69339 6.058782e-03 4.387926e-03 1.219720e-01 6.402061e-02 4.385440e-02 5.200415e-01 3.751442e+00 2.554374e+00 2.576411e+01 2198 1.521842e-02
44327 -2.411332e-03 4.039803e-03 1.635706e-01 -4.352643e-02 8.111181e-02 1.343572e+00 -9.576613e-01 1.795177e+00 2.748483e+01 800 8.339005e-03
44334 -9.279774e-03 -2.468369e-02 2.381530e-01 -1.317393e-01 -3.917722e-01 2.966755e+00 -1.398139e+00 -4.191103e+00 3.115286e+01 659 9.641975e-03
19172 -2.264015e-02 -5.803880e-03 1.319992e-01 -1.554135e-01 -4.581687e-02 4.805878e-01 -1.049957e+01 -3.164184e+00 2.756601e+01 1255 1.001224e-02
11069 8.930181e-03 1.684180e-02 1.229761e-01 2.406732e-02 5.002139e-02 2.141455e-01 4.183206e+00 9.169305e+00 2.519500e+01 1206 9.511752e-03
81815 5.211868e-03 -4.683288e-05 9.462947e-02 3.273239e-02 -6.752958e-03 1.604625e-01 9.088080e+00 -2.214558e+00 2.173998e+01 1081 7.622359e-03
69394 -6.964185e-03 -4.583508e-03 1.188588e-01 -3.246165e-02 -2.095940e-02 2.911686e-01 -5.305153e+00 -3.407264e+00 3.585178e+01 297 3.267540e-03
31955 6.248883e-03 -1.744699e-03 1.320116e-01 3.340861e-02 5.604490e-03 5.185070e-01 1.710473e+00 4.628392e-01 2.434081e+01 631 6.129797e-03
31991 -8.848886e-03 -1.378906e-03 1.178766e-01 -6.301095e-02 -3.060534e-02 4.059866e-01 -4.727626e+00 -2.551078e+00 2.514816e+01 2984 1.943535e-02
32024 1.678837e-02 -1.410247e-03 1.426823e-01 8.720392e-02 -2.502361e-03 4.336130e-01 7.674656e+00 -1.190306e-01 3.170880e+01 1998 1.443394e-02
19291 -9.687846e-03 5.364730e-03 1.110747e-01 -5.033585e-02 3.488243e-02 2.910157e-01 -5.942252e+00 4.315134e+00 2.630522e+01 2928 1.900321e-02
94228 6.857517e-04 6.516151e-03 1.395444e-01 2.011915e-02 3.196857e-02 4.332989e-01 2.160422e+00 2.829561e+00 3.265686e+01 991 8.239260e-03
19321 2.648844e-03 2.019302e-02 9.861544e-02 2.769665e-02 1.494073e-01 2.352210e-01 3.142121e+00 1.620928e+01 1.713647e+01 996 7.702877e-03
94253 3.752360e-04 -7.000431e-03 8.434013e-02 2.880799e-03 -3.386709e-02 1.349046e-01 1.337658e+00 -1.434345e+01 2.699511e+01 1261 8.070195e-03
19326 -1.581865e-03 -9.717129e-03 1.054604e-01 1.685766e-03 -4.689633e-02 2.618015e-01 5.623433e-01 -6.398359e+00 2.690555e+01 1119 7.767174e-03
94260 -1.581408e-02 -1.262973e-02 1.354968e-01 -8.335277e-02 -7.590787e-02 4.614500e-01 -4.088711e+00 -3.830782e+00 1.973281e+01 649 7.201501e-03
11282 1.313405e-02 1.145781e-02 1.392771e-01 7.739507e-02 5.785207e-02 4.738728e-01 5.511876e+00 3.979386e+00 2.869936e+01 3062 2.097117e-02
19335 3.725714e-03 8.356605e-03 2.306168e-01 -9.108568e-02 4.249720e-02 4.016541e+00 -5.658337e-01 2.037508e-01 2.259437e+01 460 1.031093e-02
11317 -7.870773e-03 6.047727e-03 1.036404e-01 -9.328775e-02 6.832070e-02 4.910974e-01 -7.271694e+00 5.301404e+00 3.298488e+01 1385 9.398561e-03
44542 -4.840603e-03 1.279444e-02 1.112545e-01 -2.681417e-02 6.966293e-02 2.935660e-01 -3.390373e+00 8.774423e+00 2.812943e+01 770 5.778428e-03
57011 6.626539e-03 1.097027e-02 1.244407e-01 5.877584e-02 9.433785e-02 5.642180e-01 4.107014e+00 6.565606e+00 3.463462e+01 305 3.488710e-03
32137 -1.478553e-02 -6.335476e-03 1.490938e-01 -6.616297e-02 -3.258838e-02 4.168942e-01 -3.965460e+00 -2.026275e+00 2.066961e+01 740 8.209181e-03
32211 -3.053711e-03 1.011571e-02 9.524997e-02 -1.477282e-02 4.442172e-02 1.821856e-01 -4.013552e+00 1.174909e+01 2.977365e+01 1978 1.227830e-02
94399 1.646685e-02 -2.253950e-02 1.789616e-01 2.691172e-01 -2.723322e-01 1.568713e+00 3.304369e+00 -3.266994e+00 1.817631e+01 2063 1.848585e-02
11519 3.057881e-03 1.432308e-02 1.414176e-01 -1.950438e-02 1.665887e-01 1.005091e+00 -5.745124e-01 3.877205e+00 2.199208e+01 539 6.329489e-03
11525 -3.506604e-03 -8.427012e-03 1.110713e-01 -8.970829e-03 -3.208735e-02 2.134252e-01 -1.801594e+00 -7.800982e+00 3.374683e+01 2353 1.497653e-02
11560 5.570651e-03 1.822414e-02 1.385866e-01 9.532644e-03 3.269856e-02 1.957703e-01 1.438619e+00 5.255729e+00 2.076367e+01 951 8.716803e-03
82121 -1.955765e-02 -6.173141e-03 1.254149e-01 -9.045418e-02 -2.901904e-02 3.310640e-01 -9.367470e+00 -3.018600e+00 2.717216e+01 1511 1.103761e-02
57175 1.734668e-02 3.683856e-03 1.148524e-01 4.286839e-01 1.519984e-01 1.081936e+00 1.465657e+01 5.284672e+00 3.445868e+01 1577 1.012331e-02
19535 -7.682075e-03 4.248134e-03 9.986496e-02 -3.960326e-02 2.054105e-02 2.202063e-01 -8.667267e+00 4.423867e+00 3.267518e+01 437 3.634566e-03
44715 1.511709e-02 4.164838e-03 1.072294e-01 9.941582e-02 2.130510e-02 3.213643e-01 1.058498e+01 2.152220e+00 2.688788e+01 762 5.782380e-03
82168 1.893565e-02 -6.059665e-04 1.222318e-01 6.408397e-02 -4.531740e-03 2.276276e-01 8.883349e+00 -7.724322e-01 2.073759e+01 1631 1.196608e-02
69752 2.376334e-03 -8.769335e-03 1.190726e-01 3.965763e-03 -4.059634e-02 3.482735e-01 2.571969e-01 -5.150157e+00 3.708866e+01 389 3.733778e-03
82173 -5.465793e-03 -4.992229e-03 8.874948e-02 -3.444368e-02 -1.503509e-02 1.666088e-01 -8.559881e+00 -2.966597e+00 2.299913e+01 1089 7.063653e-03
69764 -4.271980e-03 7.528373e-03 1.689564e-01 -4.077372e-02 5.345877e-02 1.124090e+00 -1.391412e+00 1.750824e+00 3.640880e+01 3332 2.236211e-02
19582 -7.037660e-03 -1.140321e-02 2.151557e-01 -7.549761e-02 -2.488337e-01 2.678782e+00 -1.002934e+00 -3.478341e+00 3.609197e+01 652 8.018569e-03
32348 -2.785228e-03 1.895158e-02 1.889535e-01 -1.255886e-01 5.378309e-01 3.183010e+00 -1.207003e+00 5.099932e+00 2.942782e+01 759 8.670662e-03
11731 -3.006784e-03 -6.302355e-04 1.830515e-01 -8.893722e-04 -2.621286e-03 2.029136e+00 3.837806e-02 -3.608775e-02 3.346025e+01 1167 1.035350e-02
44799 1.385185e-02 -6.595771e-03 1.021897e-01 3.981550e-02 -1.957509e-02 1.551729e-01 9.489506e+00 -4.743834e+00 1.936491e+01 406 3.953900e-03
69814 -5.473950e-03 7.171611e-03 8.709215e-02 -6.417696e-02 5.907816e-02 2.164409e-01 -1.065993e+01 9.425755e+00 2.348855e+01 931 6.051977e-03
11880 9.262326e-03 4.873455e-03 1.304591e-01 6.794527e-02 2.295867e-02 4.534566e-01 5.210823e+00 1.605899e+00 2.868095e+01 492 5.306411e-03
69900 1.084009e-02 -7.244842e-03 9.766122e-02 9.893337e-02 -8.204647e-02 3.235335e-01 7.733355e+00 -6.566534e+00 1.982842e+01 709 5.544278e-03
32480 -2.003406e-02 -9.782167e-03 3.228511e-01 -1.893640e-01 -1.712126e-01 2.413854e+00 -2.047704e+00 -1.952175e+00 2.528646e+01 553 1.377250e-02
11942 2.761415e-02 -6.940275e-03 2.570642e-01 3.159900e-01 -4.278817e-02 2.154392e+00 6.378081e+00 -7.928567e-01 4.196368e+01 2382 1.821033e-02
19736 -2.058023e-02 9.357605e-03 1.159038e-01 -2.403654e-01 1.509747e-01 5.719898e-01 -7.597010e+00 4.895083e+00 1.576489e+01 1510 1.182790e-02
11957 6.465655e-03 3.263004e-03 1.005993e-01 5.620879e-02 3.549318e-02 4.663294e-01 3.575604e+00 2.316749e+00 2.628917e+01 2399 1.505322e-02
11985 1.935531e-03 1.030171e-02 1.391784e-01 3.626572e-02 1.305270e-01 1.057113e+00 1.763408e+00 6.175501e+00 4.715072e+01 1810 1.201857e-02
70009 1.839732e-02 9.769217e-03 2.049510e-01 1.046499e+00 7.077496e-01 1.017045e+01 3.841943e+00 2.608303e+00 3.724035e+01 1061 9.808020e-03
57585 1.183764e-02 -1.872993e-03 1.097977e-01 1.306100e-01 -4.298023e-03 5.295108e-01 9.152493e+00 -1.868707e-01 3.234272e+01 1448 9.347046e-03
94866 -8.975352e-04 -8.800416e-03 1.981560e-01 5.988907e-02 -9.800214e-02 1.221789e+00 1.348219e+00 -1.978453e+00 2.270370e+01 2213 1.934748e-02
32740 -5.455362e-03 1.513833e-02 1.197967e-01 -1.195147e-01 2.008037e-01 8.025534e-01 -4.751178e+00 7.733951e+00 2.844045e+01 820 6.537058e-03
45181 9.521278e-03 5.701516e-03 1.007681e-01 6.320024e-02 4.764624e-02 2.789826e-01 6.610913e+00 5.165766e+00 2.194827e+01 317 3.193270e-03
70213 1.841555e-02 -1.939872e-03 1.299577e-01 3.374123e-02 -4.716369e-03 1.860441e-01 6.509129e+00 -1.179235e+00 2.382106e+01 522 5.754663e-03
12439 -5.600976e-03 9.557410e-03 1.117765e-01 -1.852722e-02 3.518368e-02 2.288357e-01 -3.983327e+00 7.896944e+00 3.607275e+01 1663 1.091903e-02
32814 -3.332291e-03 -1.846688e-02 1.344676e-01 -7.581310e-02 -2.654468e-01 9.320037e-01 -2.451020e+00 -8.351903e+00 2.696958e+01 2147 1.461558e-02
20046 -1.321745e-02 7.120937e-03 1.196708e-01 -1.369900e-01 7.044783e-02 5.848590e-01 -7.731461e+00 3.955718e+00 2.905801e+01 460 4.171606e-03
45240 -1.057137e-02 2.472831e-03 1.113653e-01 -1.347884e-01 4.453644e-02 5.770955e-01 -6.792431e+00 2.300122e+00 2.546705e+01 521 4.936416e-03
70264 -1.735995e-03 1.878262e-02 1.998883e-01 1.029974e-02 1.205435e-01 7.227319e-01 4.214183e-01 3.563046e+00 1.830680e+01 1665 1.735865e-02
82675 3.435673e-03 -1.182816e-03 1.269396e-01 4.820102e-02 2.633184e-02 6.839856e-01 2.299193e+00 1.413181e+00 2.861045e+01 913 7.288721e-03
82708 1.327047e-02 6.368424e-03 1.511397e-01 7.721098e-02 1.839522e-02 6.052817e-01 4.014625e+00 7.551247e-01 2.851416e+01 1220 1.032627e-02
20092 -1.425716e-02 -4.125669e-03 1.832542e-01 -1.534908e-01 -1.076488e-01 1.533299e+00 -2.395067e+00 -1.780783e+00 2.322318e+01 1326 1.299150e-02
57775 1.410082e-02 3.183649e-03 1.718198e-01 2.098375e-01 4.325569e-02 1.081530e+00 4.948849e+00 1.013149e+00 2.300037e+01 429 7.736886e-03
32926 -4.927330e-03 5.381360e-03 1.046544e-01 -2.605710e-02 2.914376e-02 2.421568e-01 -4.050114e+00 4.554731e+00 2.635621e+01 673 5.170362e-03
20165 -6.607388e-03 -4.842454e-03 2.016768e-01 -1.799681e-01 -8.633852e-02 3.161322e+00 -2.094978e+00 -9.848397e-01 3.576585e+01 1586 1.278189e-02
95089 3.260786e-03 1.072962e-02 1.308821e-01 1.408824e-02 3.296145e-02 2.839308e-01 1.999897e+00 4.106352e+00 2.826901e+01 2356 1.629344e-02
32991 -2.254821e-02 -7.470517e-03 1.995221e-01 -8.431604e-02 -5.664031e-02 5.594665e-01 -4.477558e+00 -3.564324e+00 2.609241e+01 1433 1.349095e-02
95184 -1.966326e-03 -4.694470e-03 1.529069e-01 -4.927671e-02 -3.488280e-02 1.013622e+00 -1.434674e+00 -9.154526e-01 2.610095e+01 793 8.009705e-03
45474 -1.479278e-02 -7.233824e-03 1.265239e-01 -9.231337e-02 -5.001699e-02 4.810557e-01 -6.035872e+00 -3.331163e+00 2.760440e+01 440 5.022276e-03
95207 4.647295e-04 -9.949359e-03 1.351457e-01 1.894590e-02 -3.152781e-01 1.448397e+00 3.221958e-01 -5.323019e+00 2.289487e+01 1732 1.323397e-02
20323 -5.443456e-03 1.658102e-02 1.158020e-01 -5.680203e-02 1.882414e-01 5.516322e-01 -2.808117e+00 9.385821e+00 2.382975e+01 549 5.227325e-03
82955 -8.396521e-03 -1.687361e-05 1.088983e-01 -4.876084e-02 -2.539979e-03 2.836600e-01 -5.325682e+00 -3.328993e-01 2.305811e+01 919 6.822695e-03
95279 2.236101e-02 -1.759922e-02 3.477342e-01 2.492425e-01 -3.169277e-01 3.344365e+00 1.862515e+00 -2.457246e+00 2.459993e+01 646 1.601998e-02
45578 6.234860e-03 2.195082e-03 1.223736e-01 2.915676e-02 9.046062e-03 2.828003e-01 5.057421e+00 1.511580e+00 3.539605e+01 2232 1.450174e-02
70602 8.990964e-04 -2.642915e-02 1.357097e-01 2.553320e-02 -6.248393e-01 1.413137e+00 5.051642e-01 -1.227142e+01 2.619581e+01 907 8.194638e-03
20415 1.740807e-02 1.219024e-03 1.462485e-01 1.315125e-01 5.270613e-02 7.445746e-01 4.509795e+00 2.034946e+00 2.364788e+01 426 6.150881e-03
20456 -1.608182e-02 1.019931e-02 2.840843e-01 -1.223076e+00 1.438969e+00 1.938335e+01 -2.115997e+00 2.504794e+00 3.348316e+01 443 9.350370e-03
83082 7.592155e-03 -2.688960e-02 2.138875e-01 2.305505e-01 -3.834462e-01 2.233251e+00 3.047223e+00 -4.873141e+00 2.759910e+01 749 9.317118e-03
95388 -9.463978e-03 -1.355606e-03 9.050317e-02 -3.443381e-02 -4.932880e-03 1.400948e-01 -9.662960e+00 -1.384352e+00 1.919125e+01 687 4.913243e-03
33319 5.293843e-03 -7.963525e-03 1.199808e-01 2.201384e-02 -2.667177e-02 2.257457e-01 4.717656e+00 -5.278652e+00 2.984226e+01 1176 8.444030e-03
95461 6.192158e-03 -2.919641e-03 2.918689e-01 1.673355e-01 -1.311138e-01 7.604199e+00 7.601868e-01 -6.047501e-01 3.449559e+01 802 1.120417e-02
20560 -5.591324e-03 6.029802e-03 8.936291e-02 -3.198973e-02 3.135477e-02 1.644364e-01 -9.428003e+00 9.044632e+00 2.681195e+01 1498 9.671818e-03
58222 -5.338157e-04 -1.168918e-03 1.603341e-01 6.839328e-02 -5.721707e-03 6.250346e-01 3.675171e+00 -2.427533e-01 2.477769e+01 683 7.802741e-03
45776 -4.064003e-03 -1.715769e-02 1.148382e-01 -3.304780e-02 -1.115124e-01 3.621648e-01 -3.029748e+00 -9.863126e+00 2.585366e+01 1231 8.767626e-03
45808 8.685328e-03 1.305969e-02 1.183704e-01 6.636803e-02 1.237144e-01 4.997689e-01 4.007761e+00 7.688227e+00 2.649934e+01 1016 7.722898e-03
83240 -2.497966e-04 -1.858814e-02 2.438971e-01 2.581800e-01 -7.158410e-01 5.916018e+00 1.379344e+00 -3.721519e+00 3.027439e+01 1425 1.469257e-02
70875 -3.144188e-03 -3.944270e-03 8.868184e-02 -2.212063e-02 -2.108117e-02 1.804845e-01 -4.568421e+00 -4.125567e+00 2.210073e+01 655 4.508523e-03
45857 -6.060202e-03 -2.321650e-02 1.799412e-01 -1.468661e-01 -3.892348e-01 1.962007e+00 -1.724676e+00 -4.483213e+00 2.182782e+01 1709 1.525886e-02
83272 5.087959e-03 -8.028392e-03 1.113919e-01 2.457207e-02 -4.300830e-02 3.344597e-01 3.604753e+00 -6.471627e+00 4.126973e+01 488 3.986031e-03
70902 -1.649429e-02 -1.132138e-02 1.648083e-01 -3.090391e-02 -2.048770e-02 2.449321e-01 -6.035206e+00 -3.839142e+00 3.355838e+01 1412 1.113774e-02
20673 -1.951483e-02 8.352068e-03 1.649083e-01 -4.981571e-02 1.621407e-02 3.026563e-01 -5.340534e+00 1.385679e+00 2.427810e+01 510 7.242588e-03
58341 3.162697e-03 -2.884282e-02 1.920040e-01 1.600933e-03 -5.180500e-01 2.141121e+00 -2.441623e-02 -7.648140e+00 3.047200e+01 463 6.711218e-03
20708 1.145880e-02 -6.223397e-03 2.552112e-01 1.016501e-01 -1.092033e-01 2.409358e+00 1.307641e+00 -1.493057e+00 3.123195e+01 778 1.086570e-02
58450 -1.117929e-02 -9.231859e-03 1.379569e-01 -9.420584e-02 -8.602146e-02 6.060438e-01 -4.075611e+00 -3.769451e+00 2.297747e+01 746 7.404914e-03
58471 -1.078219e-02 1.892656e-04 1.025627e-01 -3.925260e-02 2.208870e-03 1.883522e-01 -1.107356e+01 7.855248e-01 3.336780e+01 1156 7.661567e-03
20810 -3.915168e-03 -3.780224e-03 2.773655e-01 -2.293833e-01 -1.046952e-01 6.556939e+00 -1.259800e+00 -5.638610e-01 3.508703e+01 880 1.122299e-02
46040 -2.151909e-02 1.789333e-02 1.597169e-01 -5.611023e-02 4.504905e-02 2.922979e-01 -7.829184e+00 6.146289e+00 3.000772e+01 947 8.928879e-03
20830 -5.200444e-03 -8.207380e-03 1.088746e-01 -3.134921e-02 -4.632558e-02 2.863433e-01 -4.008253e+00 -5.843005e+00 2.720355e+01 1729 1.155545e-02
83465 2.773349e-03 -9.219306e-03 1.534900e-01 7.573121e-04 -2.867089e-02 3.864671e-01 -2.047449e-01 -1.975467e+00 2.366071e+01 1217 1.136043e-02
58551 -6.717100e-03 -4.112586e-03 1.269170e-01 -2.963117e-02 -1.778859e-02 2.469851e-01 -4.300078e+00 -2.566454e+00 2.253210e+01 381 4.791560e-03
58559 -1.693493e-02 -1.616318e-03 1.551635e-01 -1.606554e-01 -9.617779e-04 7.993743e-01 -5.393384e+00 2.456285e-02 2.417523e+01 687 8.395738e-03
95840 -6.209578e-03 1.105613e-02 1.317511e-01 -1.288231e-01 3.810415e-01 1.873611e+00 -1.995011e+00 6.019930e+00 2.834133e+01 921 7.647805e-03
71205 2.388539e-03 -1.753687e-02 1.700679e-01 4.968383e-03 -4.635221e-02 3.495174e-01 3.266971e-01 -3.649015e+00 2.272449e+01 603 8.517088e-03
71215 -8.017197e-03 -2.000172e-03 9.878460e-02 -3.001845e-02 -6.131695e-03 1.623859e-01 -7.889582e+00 -1.481551e+00 2.280723e+01 1629 1.095578e-02
83612 -7.466767e-03 -2.210702e-02 2.225615e-01 -2.953683e-01 -9.996577e-01 6.685672e+00 -1.477594e+00 -5.017071e+00 3.317054e+01 1770 1.520968e-02
33797 -1.149645e-02 -1.165452e-02 1.793999e-01 -1.036871e-01 -1.157870e-01 1.066531e+00 -2.612994e+00 -2.951467e+00 2.514428e+01 734 9.070039e-03
95901 8.608239e-03 8.060274e-06 1.059263e-01 5.856352e-02 1.151452e-02 3.406534e-01 5.817228e+00 1.339913e+00 2.733367e+01 934 6.855085e-03
58669 -4.355528e-03 1.087633e-02 1.389052e-01 -8.369713e-02 1.161166e-01 7.902033e-01 -3.274915e+00 4.343912e+00 2.688307e+01 1209 9.646245e-03
83640 2.566114e-02 8.303660e-03 2.537536e-01 6.718120e-01 2.361692e-01 4.918821e+00 3.922637e+00 1.383320e+00 2.832057e+01 1195 1.335947e-02
21056 8.814017e-03 6.048344e-05 1.031699e-01 5.457127e-02 6.343547e-03 2.347749e-01 9.266329e+00 1.272387e+00 2.665141e+01 1112 7.829095e-03
83691 -6.730117e-03 2.027682e-02 3.208469e-01 -2.501562e-01 1.664454e+00 2.487005e+01 -3.042819e-01 2.055217e+00 3.068643e+01 1124 1.537485e-02
71311 -7.872095e-03 7.159570e-03 1.329525e-01 -1.027938e-01 3.788868e-02 7.538967e-01 -4.160324e+00 1.346827e+00 2.721537e+01 593 5.784873e-03
21126 7.295765e-03 -6.764746e-03 1.276227e-01 1.063929e-01 -8.171064e-02 8.337611e-01 2.902570e+00 -2.195175e+00 2.068289e+01 1598 1.186298e-02
33949 -1.731517e-02 2.131150e-02 1.413251e-01 -1.075436e-01 1.232446e-01 5.132389e-01 -4.957336e+00 5.600412e+00 2.043371e+01 2249 1.712252e-02
33955 7.447996e-03 -6.598988e-03 1.785663e-01 2.614193e-01 -3.578476e-01 4.314893e+00 2.145139e+00 -2.966780e+00 3.493700e+01 546 6.549996e-03
46372 -4.794581e-03 7.128169e-03 9.092182e-02 -1.896649e-02 2.773272e-02 1.427584e-01 -5.543091e+00 8.059107e+00 2.027497e+01 865 5.906345e-03
96057 1.467349e-02 6.428828e-03 1.857891e-01 4.816548e-02 2.452161e-02 4.119213e-01 4.328302e+00 2.338203e+00 2.922397e+01 1189 1.094417e-02
46415 1.808815e-02 5.605102e-03 1.422034e-01 4.110018e-01 2.054651e-01 1.787396e+00 7.670671e+00 3.901774e+00 3.211833e+01 663 6.341537e-03
21198 -6.880091e-04 9.253790e-03 9.425855e-02 -1.222728e-02 7.325650e-02 2.386328e-01 -1.743775e+00 9.671868e+00 2.181733e+01 1789 1.156855e-02
34009 2.206926e-03 -1.325068e-02 1.104816e-01 5.326377e-03 -3.881186e-02 1.816222e-01 1.092208e+00 -8.949691e+00 2.490835e+01 1100 8.564103e-03
96130 4.409278e-03 1.864064e-02 1.055260e-01 1.111688e-02 3.671052e-02 1.390896e-01 6.034796e+00 1.625737e+01 3.019705e+01 1648 1.080333e-02
58913 -9.312798e-03 1.700381e-02 1.453336e-01 -1.296822e-01 2.302664e-01 1.294063e+00 -2.364086e+00 4.188533e+00 2.256133e+01 960 9.440778e-03
34086 -4.030076e-03 1.472681e-02 1.518346e-01 -3.494864e-02 1.885931e-01 1.017060e+00 -1.075185e+00 6.046157e+00 3.008802e+01 487 5.402531e-03
21284 -6.796358e-03 -6.450883e-03 1.167929e-01 -8.541270e-02 -6.910343e-02 5.750711e-01 -5.698753e+00 -4.541567e+00 3.321974e+01 1255 8.609915e-03
96218 -2.502061e-02 3.566589e-03 1.789660e-01 -8.900531e-02 1.842185e-02 4.353360e-01 -6.384679e+00 1.482324e+00 2.558175e+01 1226 1.160608e-02
46558 -4.241079e-03 -1.071615e-02 1.077556e-01 -2.721105e-02 -8.848851e-02 3.795877e-01 -2.205308e+00 -7.466794e+00 2.609815e+01 691 5.696538e-03
83965 1.243888e-02 -2.729663e-04 1.160547e-01 3.407120e-02 2.389777e-03 1.858376e-01 5.621411e+00 6.919450e-01 1.813391e+01 798 7.357379e-03
83990 -6.475900e-05 1.081014e-02 9.787746e-02 -1.204746e-02 8.606875e-02 2.728754e-01 -1.640159e+00 1.030119e+01 2.395323e+01 2198 1.376221e-02
71593 5.248575e-03 -1.134723e-02 1.491498e-01 1.038406e-01 -1.568868e-01 1.294604e+00 2.277816e+00 -3.362465e+00 2.646394e+01 455 5.515254e-03
46619 1.697898e-02 -1.954692e-02 1.633777e-01 8.002604e-02 -6.236216e-02 3.984174e-01 6.192338e+00 -4.205214e+00 2.308506e+01 631 8.118312e-03
21392 2.728919e-02 -1.530146e-03 1.186716e-01 8.785538e-02 -4.912620e-03 2.180003e-01 1.297898e+01 -7.248441e-01 2.128557e+01 722 6.152139e-03
34206 -5.476035e-03 1.242088e-02 1.081910e-01 -4.680641e-02 1.204546e-01 4.570987e-01 -2.957817e+00 7.731454e+00 2.496965e+01 2051 1.335917e-02
21403 -1.349812e-02 -1.682611e-02 1.791015e-01 -7.650989e-02 -9.170163e-02 6.673835e-01 -2.804231e+00 -3.332207e+00 2.173015e+01 649 8.875583e-03
46648 -2.048894e-02 3.889800e-03 1.413500e-01 -6.018333e-02 9.601928e-03 2.537893e-01 -1.196128e+01 1.721260e+00 3.388179e+01 1761 1.249945e-02
71636 -7.650057e-03 3.321786e-03 2.813032e-01 -1.289388e-02 -1.166889e-03 4.257296e-01 -1.094600e+00 -9.369701e-01 3.014770e+01 1141 1.393161e-02
21478 1.426901e-02 5.921010e-03 9.392516e-02 9.047352e-02 2.387672e-02 1.935309e-01 1.382012e+01 3.256370e+00 1.806406e+01 1123 7.820964e-03
84113 -4.495056e-03 9.267727e-03 1.909936e-01 -1.655390e-02 5.199856e-02 6.076648e-01 -9.899022e-01 3.507744e+00 3.420424e+01 1457 1.184216e-02
34325 1.009201e-02 -1.465024e-02 2.081228e-01 7.509374e-02 -7.488284e-02 1.175096e+00 2.020411e+00 -1.872175e+00 3.005585e+01 922 1.016734e-02
71735 3.689297e-03 6.750643e-03 1.255965e-01 3.696056e-02 9.345613e-02 8.935901e-01 1.350917e+00 3.520514e+00 3.118294e+01 2683 1.766140e-02
21522 -2.051719e-02 1.529696e-02 1.238311e-01 -1.510545e-01 1.215412e-01 4.475660e-01 -1.067601e+01 8.689200e+00 2.647671e+01 754 6.590873e-03
71750 -3.563236e-04 7.899617e-03 1.058944e-01 3.040174e-03 8.544708e-02 6.386964e-01 1.615520e-01 3.688491e+00 2.534236e+01 1954 1.324610e-02
96481 -1.175261e-02 1.647965e-02 2.106343e-01 -9.525634e-02 3.303125e-01 2.408407e+00 -9.211723e-01 3.462050e+00 2.424475e+01 2072 1.837508e-02
21576 -1.309744e-02 -1.704309e-02 1.470569e-01 -2.020866e-02 -2.855006e-02 1.954935e-01 -3.510652e+00 -5.680737e+00 2.391212e+01 957 8.802832e-03
96526 5.934607e-03 -3.045830e-03 9.224525e-02 2.850275e-02 -1.194182e-02 2.031518e-01 5.650314e+00 -2.227260e+00 2.776731e+01 1248 8.304610e-03
21647 9.560121e-03 1.874387e-03 9.372997e-02 5.089851e-02 1.226684e-02 1.791645e-01 9.064048e+00 2.278699e+00 1.873276e+01 1322 8.995730e-03
34481 -1.837338e-02 4.570728e-04 1.265750e-01 -1.199955e-01 4.587633e-03 4.656977e-01 -6.272186e+00 2.549409e-01 2.093087e+01 562 6.069599e-03
71921 1.403676e-02 8.130656e-03 1.184402e-01 1.042467e-01 6.205135e-02 4.631103e-01 8.019252e+00 4.793304e+00 3.063961e+01 1392 1.004010e-02
46960 3.776065e-03 -7.570186e-03 8.846251e-02 1.169817e-02 -3.340570e-02 1.392956e-01 3.037630e+00 -9.906302e+00 1.949129e+01 1375 9.440952e-03
21735 -1.348042e-02 1.224841e-02 1.777493e-01 -1.338121e-01 1.587144e-01 1.138314e+00 -3.898137e+00 4.744755e+00 3.111745e+01 1049 9.854775e-03
96654 1.949269e-02 3.654012e-03 1.496937e-01 1.284409e-01 9.472068e-03 5.225577e-01 9.238992e+00 4.933808e-01 3.161949e+01 1179 9.618287e-03
46995 -5.607055e-03 -7.668762e-03 2.314973e-01 -1.137851e-01 -2.486625e-01 4.003256e+00 -7.762234e-01 -1.729233e+00 2.706398e+01 1526 1.517006e-02
46997 -2.823002e-03 -1.042251e-02 1.405828e-01 -1.049118e-01 -9.401287e-02 5.975098e-01 -3.861850e+00 -3.162084e+00 1.728478e+01 1165 1.059061e-02
46998 -3.543425e-03 6.915053e-04 1.076882e-01 -6.601964e-02 -5.394049e-03 5.950364e-01 -3.694945e+00 -3.599095e-01 2.882257e+01 3431 2.206101e-02
84381 1.687128e-02 -1.791620e-02 1.201388e-01 9.213548e-02 -1.004733e-01 3.028498e-01 7.178948e+00 -7.874567e+00 1.742758e+01 1134 9.655419e-03
96703 -3.321981e-03 -3.645080e-03 1.545397e-01 -2.007143e-02 -2.944580e-02 5.862545e-01 -1.540095e+00 -2.372351e+00 3.969574e+01 2202 1.466059e-02
84455 1.657649e-02 -3.974720e-03 1.100380e-01 1.409276e-01 -5.648369e-02 4.475868e-01 7.429239e+00 -3.137099e+00 2.016654e+01 2419 1.610095e-02
59509 8.490396e-03 -6.757649e-03 9.091570e-02 9.069701e-02 -7.061839e-02 2.686855e-01 1.063966e+01 -8.265229e+00 2.300801e+01 1665 1.027233e-02
47122 4.694038e-03 3.649830e-03 1.005898e-01 3.482325e-02 5.082245e-02 4.878868e-01 2.662989e+00 4.169382e+00 3.423150e+01 646 4.712088e-03
21890 7.870566e-03 4.171660e-04 1.065483e-01 2.165711e-01 2.970129e-02 9.455208e-01 7.328385e+00 1.028293e+00 2.945998e+01 651 4.961147e-03
47128 -1.010676e-02 -7.812137e-03 1.286695e-01 -2.869071e-01 -1.881806e-01 1.655158e+00 -5.504804e+00 -3.587036e+00 3.035770e+01 812 6.617264e-03
84512 -5.107673e-03 -6.735794e-03 8.694032e-02 -3.296711e-02 -5.378658e-02 1.645998e-01 -6.189426e+00 -1.045309e+01 1.725332e+01 777 5.736749e-03
34729 2.236180e-02 -1.578319e-02 2.203442e-01 4.413817e-01 -7.961565e-01 4.788744e+00 1.759298e+00 -3.276478e+00 1.918090e+01 1619 1.863976e-02
84536 1.068984e-02 -1.844111e-02 1.521183e-01 2.192349e-01 -4.127244e-01 1.384967e+00 2.462479e+00 -4.655656e+00 1.455735e+01 476 8.366018e-03
96854 1.379649e-02 -5.095944e-03 1.139474e-01 1.122625e-01 -4.011283e-02 4.021910e-01 1.038902e+01 -3.694588e+00 3.041222e+01 822 6.480241e-03
21960 -8.798887e-03 -2.186970e-02 1.315202e-01 -2.742006e-01 -6.087256e-01 2.150044e+00 -3.501260e+00 -7.741981e+00 2.662899e+01 1279 1.064567e-02
22005 -1.086911e-02 -5.354700e-03 1.378242e-01 -3.414164e-02 -1.037489e-02 2.567802e-01 -4.804154e+00 -1.036320e+00 2.455612e+01 774 7.265702e-03
22011 -2.427398e-03 1.046820e-02 8.827492e-02 -1.152935e-02 5.852802e-02 1.654104e-01 -2.540806e+00 1.341587e+01 2.153233e+01 941 6.856353e-03
72260 2.080559e-03 5.801216e-03 1.261908e-01 2.317897e-02 2.715265e-02 2.908487e-01 2.344185e+00 2.372298e+00 1.829468e+01 1401 1.125790e-02
22083 -1.116285e-02 1.101117e-02 9.934805e-02 -5.664805e-02 5.355973e-02 1.923998e-01 -6.253056e+00 5.849344e+00 1.279225e+01 927 7.809500e-03
84738 3.434288e-03 3.946508e-03 1.406944e-01 1.067840e-01 1.622616e-01 2.284799e+00 1.617725e+00 2.478094e+00 3.356150e+01 1551 1.113344e-02
22150 6.180836e-03 7.932116e-03 9.440111e-02 3.338886e-02 4.987667e-02 2.117972e-01 7.061262e+00 1.088582e+01 3.046766e+01 725 4.928077e-03
59798 -4.956569e-03 -5.166637e-03 1.051911e-01 -1.370232e-01 -4.853103e-02 7.318020e-01 -4.888401e+00 -1.605118e+00 2.319379e+01 1438 1.021904e-02
22169 5.627879e-03 2.024200e-02 1.832836e-01 5.475832e-02 1.575972e-01 8.682879e-01 1.697523e+00 4.745807e+00 2.366782e+01 1400 1.315354e-02
22184 -1.378855e-02 1.389932e-02 1.385032e-01 -2.228988e-02 2.558809e-02 1.975097e-01 -4.095406e+00 5.630918e+00 2.842560e+01 565 6.218458e-03
97147 -8.912124e-03 -8.584416e-03 1.241545e-01 -6.459958e-01 -5.191156e-01 3.538920e+00 -9.028654e+00 -7.235170e+00 4.839354e+01 1628 1.037691e-02
22279 7.916111e-03 -1.459286e-02 1.196545e-01 2.502983e-02 -4.701616e-02 2.472710e-01 3.603852e+00 -6.827785e+00 2.687382e+01 820 6.503162e-03
84929 7.687709e-03 -5.213983e-03 1.044923e-01 6.394815e-02 -6.573581e-02 3.996158e-01 5.119007e+00 -5.506740e+00 2.685260e+01 778 5.729187e-03
35135 4.000336e-03 1.257712e-02 1.209664e-01 2.366966e-02 5.545263e-02 3.325540e-01 3.187713e+00 6.948628e+00 3.429098e+01 1731 1.167991e-02
22327 1.151994e-02 -3.830780e-03 2.368194e-01 1.202626e-01 2.534778e-02 1.565468e+00 2.527919e+00 6.783080e-01 3.088683e+01 2945 2.356304e-02
97286 -2.589664e-03 8.654471e-04 1.269894e-01 -3.508119e-02 4.431961e-03 6.756130e-01 -2.134539e+00 2.343029e-01 3.604195e+01 597 5.206949e-03
85003 3.321633e-03 9.300678e-03 1.127307e-01 1.587205e-02 4.233489e-02 2.377635e-01 2.477984e+00 6.522354e+00 2.468677e+01 1097 8.234790e-03
22424 -8.824849e-04 -8.446358e-03 1.026049e-01 -1.065989e-03 -5.156165e-02 2.583183e-01 -3.363381e-02 -7.902463e+00 2.854020e+01 1532 9.955992e-03
35289 5.379938e-03 -2.574530e-03 1.190090e-01 3.428897e-02 -1.637857e-02 2.918781e-01 4.909410e+00 -2.344239e+00 2.935709e+01 1751 1.212191e-02
60121 2.544024e-02 -6.930242e-03 1.554581e-01 5.404769e-01 -1.551181e-01 1.759146e+00 7.788617e+00 -2.240964e+00 2.425169e+01 1273 1.072080e-02
72762 7.721619e-03 -3.544863e-03 1.086655e-01 1.497934e-01 -5.085753e-02 8.453354e-01 5.717060e+00 -1.903892e+00 2.964406e+01 1035 7.306401e-03
60173 -8.177677e-03 2.026951e-03 1.351323e-01 -1.359111e-01 5.373212e-02 9.672390e-01 -4.076101e+00 1.649963e+00 2.655335e+01 2457 1.671176e-02
60212 6.066959e-03 1.856974e-03 1.281745e-01 1.957837e-01 -9.804448e-03 1.689803e+00 3.812125e+00 -2.343220e-01 3.137900e+01 513 4.865253e-03
72906 4.731368e-03 1.235050e-02 1.196188e-01 1.248476e-02 7.368758e-02 3.983593e-01 6.951587e-01 5.499402e+00 2.499150e+01 3696 2.335899e-02
72915 -5.909134e-04 1.588957e-03 2.132469e-01 -3.074406e-01 -1.748740e-01 9.785038e+00 -1.061252e+00 -6.103042e-01 3.310443e+01 862 9.347514e-03
60317 -1.351551e-03 7.491118e-03 1.270611e-01 1.160058e-02 7.075811e-02 7.513309e-01 5.102802e-01 2.492555e+00 2.459461e+01 437 4.859985e-03
97649 1.130402e-02 -5.029065e-03 1.170378e-01 5.837552e-02 -1.920751e-02 3.164593e-01 7.134582e+00 -2.149014e+00 3.022613e+01 1706 1.148854e-02
48110 -1.681165e-02 4.211234e-04 2.284092e-01 -9.660322e-01 -8.079327e-02 7.959080e+00 -3.571210e+00 -3.055492e-01 2.908475e+01 1142 1.309613e-02
48113 -7.005462e-03 -5.994556e-03 1.496634e-01 -8.434644e-02 -4.755404e-02 8.088049e-01 -3.739875e+00 -2.009637e+00 3.187323e+01 1249 9.815989e-03
48126 3.105478e-03 8.968148e-03 1.103208e-01 3.192843e-03 3.633179e-02 2.645868e-01 1.630950e-02 5.108275e+00 2.879855e+01 1036 7.150016e-03
73111 1.979184e-02 3.568513e-03 1.854385e-01 1.276178e-01 1.305397e-02 7.619038e-01 4.576235e+00 4.025716e-01 2.446572e+01 1235 1.215096e-02
97808 7.668510e-03 1.673507e-02 3.112501e-01 4.900011e-01 1.055651e+00 2.025765e+01 8.359969e-01 1.800689e+00 3.457185e+01 1243 1.442511e-02
73132 -2.898580e-03 -1.734282e-03 1.739051e-01 -4.488216e-02 -1.872971e-01 2.880620e+00 -5.086785e-01 -2.248303e+00 3.279491e+01 663 7.441030e-03
48172 3.638000e-03 7.720416e-03 1.076437e-01 1.656282e-02 2.613901e-02 2.093295e-01 3.677224e+00 5.240252e+00 2.893051e+01 1111 7.859584e-03
22952 -1.731856e-03 -7.017239e-03 9.776067e-02 -1.883688e-02 -3.001377e-02 2.285743e-01 -2.834914e+00 -3.811350e+00 2.168051e+01 1248 8.749740e-03
97852 -3.343942e-03 -1.048281e-02 9.498091e-02 -1.053624e-02 -3.479103e-02 1.576619e-01 -2.406487e+00 -8.133338e+00 2.097256e+01 2887 1.748434e-02
22993 -9.056829e-03 -6.311484e-03 1.137813e-01 -3.934281e-02 -2.272509e-02 2.574443e-01 -6.579031e+00 -3.565532e+00 3.120795e+01 1549 1.016979e-02
22994 1.811541e-02 1.692233e-02 2.842783e-01 8.304569e-02 5.745965e-02 9.644375e-01 3.919355e+00 2.446935e+00 4.105612e+01 1745 1.533723e-02
35812 -7.323899e-03 -2.040455e-02 1.137847e-01 -5.991361e-02 -1.678908e-01 4.334492e-01 -4.019110e+00 -1.127147e+01 2.443000e+01 1423 1.029122e-02
85636 9.393705e-03 -1.104706e-02 1.076908e-01 3.467165e-02 -4.848036e-02 2.162993e-01 6.441849e+00 -9.539527e+00 2.767785e+01 1406 9.906289e-03
35834 -4.307495e-03 5.175573e-03 8.906533e-02 -5.009263e-02 5.781163e-02 2.605777e-01 -7.009845e+00 8.058742e+00 2.625907e+01 855 5.726721e-03
23039 -6.951169e-03 6.189257e-03 1.263562e-01 -7.124366e-02 6.349880e-02 5.937917e-01 -3.859405e+00 3.440227e+00 2.805962e+01 333 4.156211e-03
85655 1.476840e-02 5.132063e-03 1.129454e-01 1.352562e-01 2.983497e-02 4.458979e-01 1.155639e+01 2.369339e+00 3.193460e+01 1522 1.021772e-02
85657 -6.150038e-04 -7.928962e-03 1.020757e-01 -6.642513e-04 -4.098069e-02 2.524595e-01 -1.357497e-02 -9.110626e+00 4.145292e+01 1077 7.092709e-03
23104 -3.377881e-03 -1.105858e-02 1.167014e-01 -5.059973e-02 -5.691672e-01 2.149409e+00 -8.133732e-01 -9.613147e+00 3.501239e+01 1338 9.262765e-03
48365 -1.687390e-02 9.207907e-03 1.040004e-01 -1.231735e-01 5.520064e-02 2.848359e-01 -1.342882e+01 5.810262e+00 2.284496e+01 517 4.896003e-03
48367 -1.724038e-02 2.469926e-03 1.577244e-01 -8.931134e-02 9.643152e-03 5.598442e-01 -4.434195e+00 4.413357e-01 2.474059e+01 1711 1.378046e-02
73334 2.578017e-02 7.183177e-03 2.102606e-01 1.742297e-01 6.696494e-02 1.387652e+00 4.418339e+00 1.779299e+00 3.504298e+01 1291 1.203830e-02
35969 -1.903953e-02 1.751273e-02 1.822339e-01 -2.570247e-01 2.553020e-01 1.723196e+00 -5.081797e+00 5.077615e+00 3.290482e+01 456 6.273712e-03
60889 -6.097358e-03 -6.461347e-03 1.165133e-01 -1.365556e-01 -1.627653e-01 1.206003e+00 -3.858986e+00 -4.623512e+00 3.222737e+01 992 7.340412e-03
48524 1.353122e-02 -5.053602e-04 1.120381e-01 4.179962e-02 -1.834318e-03 2.131820e-01 6.361602e+00 -2.990726e-01 2.276171e+01 1123 8.532786e-03
98178 2.030787e-02 -1.236293e-02 1.237443e-01 3.837917e-02 -2.071086e-02 1.658234e-01 1.155212e+01 -5.336433e+00 2.689915e+01 808 7.017395e-03
23293 -1.183779e-02 -2.691629e-03 9.552685e-02 -4.382125e-02 -1.424231e-02 1.638017e-01 -7.259445e+00 -2.621716e+00 1.549668e+01 1966 1.311662e-02
36162 -2.146030e-02 1.274451e-02 1.212773e-01 -3.746269e-01 2.093026e-01 7.946875e-01 -1.097422e+01 6.107802e+00 2.092540e+01 2132 1.482846e-02
48621 -1.687074e-02 1.316582e-02 1.810961e-01 -1.143887e-01 8.238633e-02 7.527806e-01 -4.610147e+00 3.272389e+00 2.702630e+01 1938 1.524700e-02
61019 7.494419e-03 8.079297e-04 1.520578e-01 1.955252e-01 -8.663802e-02 2.174476e+00 2.356820e+00 -1.096067e+00 2.534944e+01 466 6.382273e-03
23417 -4.939715e-03 5.149196e-03 1.190074e-01 -6.485230e-02 4.282354e-02 4.909593e-01 -4.209088e+00 2.646767e+00 2.613104e+01 796 6.641084e-03
61039 1.335072e-02 -1.594963e-02 1.623563e-01 4.025351e-01 -4.897806e-01 2.613121e+00 3.973468e+00 -4.837687e+00 2.502165e+01 1472 1.240013e-02
36260 -6.695148e-03 2.881705e-03 1.194416e-01 -3.694180e-02 2.290479e-02 2.751754e-01 -4.378273e+00 2.898388e+00 2.254283e+01 2052 1.425929e-02
23482 1.601417e-03 -6.984980e-03 1.088295e-01 1.140042e-02 -3.445077e-02 3.165665e-01 1.486174e+00 -4.165622e+00 3.150660e+01 1303 8.882152e-03
61103 -1.763686e-02 5.057133e-03 2.125294e-01 -2.291212e-01 9.531967e-02 1.867917e+00 -4.034308e+00 1.721863e+00 3.157844e+01 536 8.152782e-03
73721 9.396938e-03 -2.107491e-02 1.236366e-01 2.996126e-02 -5.466441e-02 2.146563e-01 4.616170e+00 -7.539994e+00 2.043161e+01 1735 1.236168e-02
86158 -5.159600e-03 2.720741e-03 1.406263e-01 -1.171085e-01 5.076050e-02 1.193125e+00 -3.620284e+00 1.553544e+00 3.403645e+01 1438 1.076055e-02
23557 -1.144098e-02 1.550461e-02 2.596004e-01 -6.084754e-02 8.811711e-02 1.178733e+00 -1.999082e+00 2.938037e+00 3.718981e+01 4799 3.294071e-02
36385 -5.669039e-03 -2.811622e-03 9.328582e-02 -5.894209e-02 -5.790347e-02 4.611355e-01 -3.837635e+00 -3.968656e+00 2.649881e+01 1059 7.253380e-03
23581 -1.853859e-02 -9.613525e-03 1.318857e-01 -1.468963e-01 -5.578086e-02 5.628845e-01 -6.137008e+00 -2.207342e+00 2.060681e+01 508 5.947374e-03
98522 1.486605e-02 2.064398e-04 1.043574e-01 1.256587e-01 4.655593e-03 3.586391e-01 1.170997e+01 4.702432e-01 2.687572e+01 2221 1.440710e-02
36463 -1.301861e-02 1.574823e-02 1.894335e-01 -9.494561e-02 9.795035e-02 9.115225e-01 -2.950747e+00 2.960657e+00 2.600733e+01 790 9.393994e-03
23659 1.271705e-02 -9.083372e-03 1.808459e-01 2.851152e-02 -1.964621e-02 3.251061e-01 2.511870e+00 -1.679859e+00 2.294240e+01 738 9.218495e-03
86299 -2.956632e-03 -2.207553e-03 1.159863e-01 -1.478107e-02 -1.730331e-02 5.934735e-01 -8.244820e-01 -1.052581e+00 3.329371e+01 599 5.043847e-03
48943 -1.955407e-03 5.777857e-03 8.565502e-02 -1.090698e-02 2.913460e-02 1.552502e-01 -4.109470e+00 1.072256e+01 3.194960e+01 1103 6.783344e-03
23718 -1.182155e-02 -1.106503e-02 1.634490e-01 -8.421871e-02 -1.096361e-01 1.016658e+00 -1.928560e+00 -2.625797e+00 2.272831e+01 1428 1.283540e-02
49025 -2.125574e-02 1.524279e-02 1.992783e-01 -5.841244e-02 4.744018e-02 4.264618e-01 -4.344598e+00 3.764725e+00 2.656375e+01 2119 1.780732e-02
98658 -1.503974e-02 7.143207e-03 1.133743e-01 -1.532554e-01 6.660719e-02 5.289711e-01 -9.535045e+00 4.102227e+00 2.867067e+01 924 6.606321e-03
98675 -7.933895e-03 4.788391e-03 1.149559e-01 -1.984104e-01 7.561425e-02 1.383272e+00 -4.474313e+00 1.663707e+00 2.979288e+01 2553 1.649856e-02
86429 -2.064485e-02 -1.256796e-02 1.463263e-01 -1.374386e-01 -8.429810e-02 5.752830e-01 -6.199048e+00 -3.807211e+00 2.276768e+01 2934 2.077501e-02
36673 -8.929891e-03 -7.665522e-04 1.441473e-01 -1.110486e-01 -1.985476e-02 9.128173e-01 -4.725537e+00 -8.833059e-01 3.557016e+01 2767 1.801185e-02
86504 1.363842e-02 -1.333698e-02 2.034956e-01 3.338631e-02 -3.406924e-02 4.003637e-01 2.464564e+00 -2.587416e+00 2.456942e+01 1234 1.384650e-02
98786 -3.814949e-03 -1.865876e-02 1.105386e-01 -1.940911e-02 -1.950805e-01 4.643420e-01 -9.267561e-01 -1.048469e+01 2.102643e+01 2087 1.429327e-02
49198 -1.201882e-03 1.584799e-02 1.578041e-01 -9.032474e-03 1.217155e-01 6.303367e-01 -3.608367e-01 4.878417e+00 2.177448e+01 407 7.122030e-03
49218 -7.940839e-03 -3.083740e-03 1.061291e-01 -5.225340e-02 -2.118834e-02 2.797851e-01 -7.049618e+00 -2.880234e+00 2.762667e+01 2713 1.722234e-02
49226 1.400958e-02 2.531562e-04 1.156944e-01 7.179308e-02 -7.951168e-03 3.072981e-01 7.341674e+00 -1.042399e+00 2.434418e+01 490 4.851589e-03
61603 -1.381457e-02 2.275274e-02 2.647469e-01 -6.688630e-02 1.094967e-01 1.144498e+00 -1.944598e+00 3.178381e+00 3.223491e+01 468 8.986437e-03
86610 -2.743476e-02 -7.396768e-03 1.776389e-01 -3.411169e-01 -1.235139e-01 1.466261e+00 -6.355884e+00 -2.352786e+00 2.611029e+01 1438 1.302481e-02
23999 1.140195e-02 3.941563e-03 1.397298e-01 4.861062e-01 2.065689e-01 2.743636e+00 5.030176e+00 2.147129e+00 2.759214e+01 1208 9.693650e-03
36850 8.044905e-03 2.841230e-03 9.998296e-02 3.397089e-02 6.594359e-03 2.056298e-01 6.595953e+00 9.548510e-01 2.687811e+01 1053 7.394098e-03
74252 1.006142e-02 -1.301636e-02 1.377790e-01 6.927838e-02 -8.591689e-02 5.949445e-01 3.984658e+00 -4.905414e+00 3.076227e+01 623 6.145097e-03
86640 -1.362045e-02 -1.433930e-02 2.235475e-01 -8.038567e-01 -1.101250e-01 6.031009e+00 -4.115139e+00 -4.988022e-01 3.024223e+01 3499 2.619375e-02
86650 5.833147e-03 -7.200558e-03 1.092548e-01 2.996540e-02 -2.853685e-02 2.354800e-01 4.972519e+00 -4.396403e+00 2.600906e+01 1545 1.068548e-02
36910 -1.255123e-02 1.083454e-02 1.815641e-01 -1.000514e-01 4.504998e-02 8.149998e-01 -4.284025e+00 1.675193e+00 3.101312e+01 3165 2.174577e-02
98954 1.390169e-02 1.792116e-02 1.768469e-01 4.681574e-01 7.005412e-01 3.798009e+00 4.162863e+00 6.255626e+00 3.318484e+01 2238 1.680150e-02
36962 -2.098111e-03 6.951720e-03 1.017439e-01 -4.962569e-02 5.572394e-02 4.205268e-01 -4.694486e+00 4.817424e+00 3.148745e+01 2916 1.760606e-02
24111 -9.947315e-03 -1.059875e-03 9.422754e-02 -3.849333e-02 -2.702074e-03 1.521662e-01 -1.103189e+01 -6.346441e-01 2.239097e+01 596 4.308997e-03
36973 5.385111e-03 -9.849266e-03 1.604085e-01 5.404662e-02 -3.760708e-02 1.598660e+00 1.073014e+00 -6.120758e-01 3.171428e+01 1218 1.011401e-02
99017 -9.728941e-03 -1.432099e-02 1.229872e-01 -9.337632e-02 -1.333171e-01 5.392699e-01 -6.742685e+00 -9.592096e+00 3.355590e+01 865 7.059189e-03
61781 -2.745984e-03 -2.532266e-02 1.003828e-01 -1.398084e-02 -1.288821e-01 2.128798e-01 -9.943815e-01 -9.165899e+00 9.956943e+00 700 7.025909e-03
24196 4.871627e-03 -5.875804e-03 9.993904e-02 2.736798e-02 -3.480002e-02 2.358867e-01 4.649701e+00 -5.978257e+00 2.809861e+01 2814 1.751452e-02
99074 5.693412e-03 -2.586008e-03 1.198371e-01 3.615293e-02 -1.766733e-02 4.123727e-01 3.124211e+00 -1.546881e+00 3.000517e+01 1705 1.133057e-02
24198 1.252846e-02 1.531788e-02 3.077914e-01 2.241792e-01 2.219585e-01 6.296386e+00 1.139798e+00 1.112817e+00 3.225025e+01 325 9.800471e-03
61835 -1.087435e-02 3.036706e-03 1.296180e-01 -1.733975e-01 4.401784e-02 1.236803e+00 -4.968867e+00 1.252928e+00 3.385029e+01 508 4.766043e-03
61840 2.884808e-03 -6.958388e-03 1.401419e-01 2.634568e-02 -7.817319e-02 9.196605e-01 7.841564e-01 -2.380285e+00 2.605464e+01 2103 1.497792e-02
86938 4.890145e-03 -1.213907e-02 1.241307e-01 7.852928e-02 -2.849671e-01 1.181755e+00 1.770868e+00 -6.560947e+00 2.543365e+01 970 8.124307e-03
49595 9.371987e-04 3.622623e-03 1.741814e-01 -6.270736e-03 9.433312e-03 4.542834e-01 -7.621708e-01 6.144253e-01 2.961813e+01 832 8.216853e-03
49607 3.839195e-03 -8.526482e-03 9.089747e-02 1.456503e-02 -3.089467e-02 1.320887e-01 4.144468e+00 -8.643078e+00 1.591633e+01 1505 1.031081e-02
61974 -9.379416e-03 -2.050059e-03 1.082062e-01 -7.541709e-02 -1.551762e-02 4.106462e-01 -7.252103e+00 -1.478976e+00 3.321325e+01 669 5.319561e-03
74602 -7.049987e-03 -1.296525e-03 1.070172e-01 -5.073010e-02 -1.543338e-02 3.415745e-01 -4.918088e+00 -1.591715e+00 2.640958e+01 1415 9.635895e-03
74630 -1.325509e-02 1.886948e-02 1.348872e-01 -2.047293e-01 2.539896e-01 8.712634e-01 -6.524538e+00 8.011783e+00 2.509222e+01 897 7.862502e-03
37238 -1.210415e-02 1.457615e-02 1.312708e-01 -1.957298e-01 3.206161e-01 1.246131e+00 -3.585896e+00 5.976439e+00 2.177131e+01 553 6.315237e-03
37284 -1.113699e-03 -1.539295e-02 1.622043e-01 -2.260005e-02 -1.472998e-01 1.005062e+00 -6.831618e-01 -4.193998e+00 2.679880e+01 411 5.709788e-03
62081 5.644678e-03 -7.573854e-03 1.478934e-01 2.061578e-01 -1.766586e-01 1.818149e+00 4.209464e+00 -3.549674e+00 3.506445e+01 798 6.985125e-03
74730 -8.686912e-03 -3.439257e-03 1.026234e-01 -2.857760e-02 -2.195115e-02 1.862173e-01 -5.382531e+00 -5.009421e+00 2.262096e+01 1623 1.108067e-02
49804 7.907205e-04 -2.401297e-02 2.324207e-01 -4.271762e-03 -1.005891e-01 7.388498e-01 -2.803673e-01 -4.240892e+00 2.804674e+01 588 9.450157e-03
74803 -3.009216e-03 -4.672071e-03 1.659794e-01 -8.894803e-03 -2.053257e-02 4.075614e-01 -6.879496e-01 -1.853888e+00 2.823783e+01 847 8.108704e-03
24543 5.364088e-03 -9.633881e-03 1.568593e-01 7.644639e-02 -2.521389e-01 2.410817e+00 1.094815e+00 -3.735081e+00 3.471562e+01 1349 1.039238e-02
87196 -1.427675e-03 -3.093992e-03 1.278549e-01 -1.730638e-02 -1.274370e-02 3.670182e-01 -2.366033e+00 -1.437871e+00 3.563693e+01 402 4.038678e-03
24568 9.905093e-03 -1.868084e-02 1.432223e-01 7.035091e-02 -1.314226e-01 5.496302e-01 4.640982e+00 -8.656224e+00 3.120368e+01 758 6.881306e-03
37468 -3.866721e-03 -9.669653e-03 1.018225e-01 -1.083611e-01 -2.254732e-01 8.215503e-01 -4.495780e+00 -9.284759e+00 3.096566e+01 414 3.470630e-03
62227 2.627401e-02 5.262881e-03 1.365276e-01 8.209048e-01 1.106747e-01 2.160947e+00 1.033733e+01 1.371299e+00 2.633561e+01 592 5.968510e-03
49964 -5.630025e-03 -3.625809e-03 1.176532e-01 -2.616399e-02 -2.753634e-02 2.911033e-01 -3.349717e+00 -3.900539e+00 2.829502e+01 891 7.307327e-03
49967 -7.873759e-03 -1.148757e-03 1.889834e-01 -3.452577e-02 8.261492e-03 4.790313e-01 -2.261949e+00 7.986452e-01 2.461628e+01 2028 1.764913e-02
87318 -5.166443e-03 6.517843e-03 1.008951e-01 -3.036424e-02 6.619351e-02 3.933352e-01 -2.833013e+00 6.709395e+00 3.287933e+01 876 6.541103e-03
99558 -3.168692e-04 -1.083033e-02 1.143678e-01 -1.632605e-02 -6.130589e-02 3.117303e-01 -1.883465e+00 -5.938403e+00 2.321951e+01 896 7.136565e-03
87399 -2.959788e-03 1.003869e-03 1.053555e-01 -3.410840e-02 3.644492e-02 3.370265e-01 -3.550420e+00 4.039686e+00 2.640661e+01 1151 8.031410e-03
24789 2.134555e-03 -5.473569e-03 1.243277e-01 2.741761e-02 -5.746719e-02 6.555673e-01 1.678844e+00 -3.452478e+00 3.527535e+01 1448 9.724854e-03
62432 2.081736e-03 2.020882e-02 1.358901e-01 8.722802e-03 5.719742e-02 2.544835e-01 1.564979e+00 8.716431e+00 2.794676e+01 480 4.882263e-03
99696 -1.674855e-02 -1.026215e-02 1.327064e-01 -1.609542e-01 -5.606364e-02 5.791201e-01 -9.778422e+00 -3.105746e+00 3.027080e+01 1231 9.368539e-03
24836 3.371541e-03 -1.872866e-02 1.047545e-01 1.449612e-02 -1.302773e-01 2.588747e-01 1.532945e+00 -1.537118e+01 2.123746e+01 1347 9.316181e-03
99710 -3.054260e-03 1.449433e-02 1.221934e-01 -2.463393e-03 3.147908e-02 1.823136e-01 2.378726e-01 6.837755e+00 2.420331e+01 446 4.878337e-03
62477 -6.053193e-03 1.339419e-02 1.097922e-01 -5.329588e-02 1.138282e-01 4.493747e-01 -3.711767e+00 7.890906e+00 2.668034e+01 782 5.770769e-03
24892 -1.083670e-02 -4.211995e-03 1.079689e-01 -4.830853e-02 -1.920686e-02 2.600883e-01 -5.609387e+00 -2.244674e+00 2.277169e+01 655 5.748693e-03
99780 5.437663e-03 -2.080021e-03 1.139372e-01 4.768273e-02 -3.323995e-02 5.682041e-01 3.107546e+00 -2.292123e+00 3.341585e+01 852 6.640752e-03
99823 -2.278832e-03 -8.508553e-03 1.221493e-01 -2.588003e-02 -4.278758e-02 4.013280e-01 -1.752067e+00 -2.544750e+00 2.072520e+01 1184 9.384926e-03
99838 1.040964e-02 4.082856e-03 1.066910e-01 3.633172e-02 8.466409e-03 2.051956e-01 6.323495e+00 1.069334e+00 2.402946e+01 1713 1.131796e-02
99970 8.088189e-03 2.834744e-02 1.165527e-01 2.106670e-02 7.297442e-02 1.779297e-01 2.599847e+00 8.939648e+00 1.229500e+01 965 9.738517e-03
