/n/home03/calmiller/DSMC_Simulations/6_12_20_Yuiki_cell/flow_2.00000_gap_0.00000_len_0.00000_T1_4.00000_T2_4.00000/data
running....
idx x y z xnext ynext znext vx vy vz collides time
2 1.052975e-02 -1.336172e-02 1.052524e-01 8.372925e-02 -7.783532e-02 2.853177e-01 2.029166e+01 -1.787275e+01 4.991599e+01 877 2.305643e-03
18755 1.225171e-03 -1.799555e-02 1.507753e-01 -3.871014e-02 -3.610196e-01 2.276566e+00 -1.393494e+00 -1.196940e+01 7.417686e+01 517 2.203137e-03
68754 9.428032e-03 -1.654768e-02 1.554021e-01 2.603297e-01 -5.098173e-01 2.825036e+00 8.178764e+00 -1.607935e+01 8.702336e+01 865 2.597593e-03
62506 -4.898198e-03 2.989725e-03 7.857523e-02 -3.672524e-02 1.012724e-02 1.371976e-01 -3.461663e+01 7.763105e+00 6.376052e+01 1121 2.153573e-03
50009 1.079776e-02 -1.060479e-02 9.581420e-02 1.430414e-01 -1.345896e-01 4.292525e-01 2.424400e+01 -2.272992e+01 6.112866e+01 657 1.752168e-03
37511 6.986591e-03 6.658478e-03 8.015044e-02 4.928792e-02 5.219998e-02 1.752641e-01 2.578750e+01 2.776276e+01 5.798266e+01 353 8.912783e-04
81275 -3.946357e-03 1.212898e-04 9.444214e-02 -8.188067e-02 2.137321e-02 7.722731e-01 -8.217105e+00 2.240723e+00 7.146798e+01 868 2.062424e-03
25027 9.661221e-03 -2.491880e-03 1.773048e-01 7.295207e-02 -2.950370e-03 1.415065e+00 3.126905e+00 -2.265180e-02 6.115192e+01 634 3.136803e-03
6333 1.394579e-02 1.243111e-02 1.024144e-01 9.870164e-02 8.175408e-02 2.986165e-01 2.429918e+01 1.987463e+01 5.625039e+01 505 1.632842e-03
93838 1.230290e-03 -8.216701e-03 9.852851e-02 8.717482e-02 -2.106054e-01 8.750552e-01 7.038067e+00 -1.657378e+01 6.359039e+01 393 1.326222e-03
37593 -1.907195e-02 -8.713443e-03 8.863637e-02 -6.100705e-01 -3.018230e-01 6.557819e-01 -4.014729e+01 -1.991131e+01 3.852693e+01 253 1.083783e-03
68848 2.049620e-03 -3.462329e-05 1.357874e-01 9.593078e-02 -2.392658e-03 1.714784e+00 5.414384e+00 -1.359943e-01 9.106508e+01 1522 3.460910e-03
56356 -2.145372e-03 -5.317876e-03 7.964007e-02 -2.022284e-02 -2.923372e-02 1.520188e-01 -1.690454e+01 -2.236411e+01 6.768261e+01 859 1.823792e-03
75129 3.302379e-03 1.252345e-02 1.074348e-01 1.528135e-02 7.286783e-02 2.708649e-01 4.266443e+00 2.149232e+01 5.820745e+01 787 2.209861e-03
56376 -1.109063e-03 -7.183076e-03 8.530155e-02 -4.025098e-03 -7.955512e-02 2.324678e-01 -1.235520e+00 -3.066393e+01 6.235411e+01 575 1.370222e-03
62633 1.063175e-02 -5.199719e-03 9.685012e-02 1.142030e-01 -4.610038e-02 3.910546e-01 2.254998e+01 -8.905068e+00 6.405546e+01 370 1.217186e-03
18881 -2.220935e-03 5.735457e-03 9.531276e-02 -2.055409e-02 7.004490e-02 4.613733e-01 -3.990513e+00 1.399801e+01 7.967911e+01 1350 2.817794e-03
87684 1.197840e-02 -1.250009e-03 9.362673e-02 1.729590e-01 1.222584e-02 5.053724e-01 2.189246e+01 1.832640e+00 5.599510e+01 2858 5.856876e-03
75197 7.687348e-03 -1.060291e-02 9.965440e-02 2.086627e-02 -2.444051e-02 1.423043e-01 1.977842e+01 -2.076694e+01 6.400735e+01 252 1.033490e-03
94001 -2.853369e-02 2.417050e-03 1.079262e-01 -3.946724e-02 4.842573e-03 1.234098e-01 -3.433184e+01 7.616252e+00 4.861903e+01 1500 3.728877e-03
56516 1.288074e-02 9.992039e-04 1.444737e-01 8.185145e-02 2.469625e-02 5.229343e-01 1.451051e+01 4.985539e+00 7.962301e+01 981 2.840563e-03
12806 -1.821966e-02 -7.941270e-04 8.778966e-02 -1.131474e-01 -9.776225e-04 1.918430e-01 -4.032238e+01 -7.794319e-02 4.419866e+01 663 1.765915e-03
44065 3.279604e-03 -4.883426e-03 9.002991e-02 2.367315e-02 -2.241781e-02 2.243109e-01 6.737026e+00 -5.792498e+00 4.435985e+01 832 2.059874e-03
75353 1.528212e-02 5.963978e-03 1.337932e-01 2.439062e-01 1.206620e-01 1.172623e+00 1.545054e+01 7.751355e+00 7.020466e+01 1121 3.239934e-03
6613 7.326932e-03 1.442922e-02 9.861045e-02 1.795449e-02 3.362503e-02 1.429224e-01 1.301442e+01 2.350702e+01 5.426401e+01 593 1.746809e-03
19141 6.160391e-03 5.161535e-03 1.007780e-01 3.531017e-02 3.594231e-02 2.400760e-01 1.362900e+01 1.439158e+01 6.512891e+01 610 1.663890e-03
87913 -2.348463e-04 -1.093376e-02 1.351481e-01 -7.894771e-02 -3.855988e-01 3.033764e+00 -1.978181e+00 -9.415935e+00 7.284690e+01 1594 3.937013e-03
62926 -6.810989e-03 -1.177511e-02 8.977992e-02 -5.519833e-02 -1.046443e-01 2.736551e-01 -1.716486e+01 -3.294429e+01 6.522765e+01 1045 2.320572e-03
37914 6.767552e-03 1.207959e-02 8.814572e-02 7.517489e-02 1.225569e-01 2.874523e-01 1.924974e+01 3.108818e+01 5.608461e+01 516 1.405876e-03
25467 7.455072e-03 -1.995739e-03 1.018657e-01 3.337330e-02 -1.411215e-02 2.388621e-01 1.323863e+01 -6.188877e+00 6.997570e+01 532 1.642900e-03
50448 4.781824e-03 7.611619e-03 1.198256e-01 8.175612e-02 1.179973e-01 8.459366e-01 8.562638e+00 1.227933e+01 8.077276e+01 821 2.178010e-03
81715 2.781337e-03 -1.298472e-02 9.169175e-02 8.721139e-02 -2.533684e-01 5.133429e-01 1.007174e+01 -2.867559e+01 5.029914e+01 792 2.075581e-03
62988 5.568957e-05 2.347888e-03 9.775779e-02 -2.143384e-03 6.002588e-02 6.263195e-01 -3.260537e-01 8.551839e+00 7.836913e+01 1669 3.591701e-03
38003 -2.556143e-02 -2.058874e-04 1.090494e-01 -1.206326e-01 -1.597680e-03 2.592492e-01 -3.978010e+01 -5.823599e-01 6.284726e+01 596 1.847722e-03
94293 3.515948e-03 -2.020748e-02 1.405706e-01 -2.198233e-02 -6.736425e-01 3.539284e+00 -4.868350e-01 -1.247594e+01 6.489115e+01 833 2.788245e-03
25541 1.145144e-02 -9.493355e-03 1.130907e-01 2.552178e-01 -1.979262e-01 1.130356e+00 2.044339e+01 -1.580286e+01 8.531263e+01 859 2.248060e-03
19297 9.484994e-04 -1.420733e-02 9.588235e-02 1.622861e-03 -2.229107e-01 4.808694e-01 1.270263e-01 -3.931248e+01 7.251822e+01 1050 2.460066e-03
88081 5.381540e-03 1.099314e-02 9.428960e-02 2.297655e-01 5.654509e-01 1.473731e+00 9.489407e+00 2.344853e+01 5.833784e+01 1326 2.924077e-03
13100 -1.015844e-02 1.002991e-03 1.482368e-01 -2.391380e-01 2.283127e-02 2.068332e+00 -1.123607e+01 1.071118e+00 9.421941e+01 1097 2.936135e-03
1085 3.682854e-03 7.534522e-03 1.006838e-01 1.901996e-02 2.889067e-02 2.156654e-01 9.137694e+00 1.272378e+01 6.850486e+01 1509 3.331808e-03
31869 -6.683074e-03 -8.943831e-03 1.613707e-01 -6.853024e-02 -5.103970e-02 7.283744e-01 -8.098067e+00 -5.511896e+00 7.424161e+01 1220 3.566949e-03
75653 1.971159e-02 1.799132e-02 2.598581e-01 2.822276e-01 2.774302e-01 3.044763e+00 8.225576e+00 8.129156e+00 8.726113e+01 828 3.733320e-03
13148 9.873226e-03 -3.237734e-03 1.050545e-01 8.304626e-02 -2.897753e-03 3.490613e-01 1.744432e+01 8.105080e-02 5.817077e+01 1883 4.257864e-03
38124 1.214075e-02 -2.857407e-03 1.243079e-01 3.710279e-02 -1.354844e-02 2.822233e-01 9.653875e+00 -4.134673e+00 6.107252e+01 462 1.988801e-03
44415 1.976061e-03 -4.527039e-03 7.969142e-02 2.836358e-02 -3.509147e-02 2.193617e-01 9.389019e+00 -1.087522e+01 4.969648e+01 287 8.330732e-04
56940 1.565317e-04 -8.319106e-03 1.048042e-01 -3.306179e-03 -5.063938e-02 2.809877e-01 -1.298901e+00 -1.587480e+01 6.608836e+01 914 2.341815e-03
13216 -3.852293e-03 5.306803e-04 7.681362e-02 -3.100437e-02 5.175991e-03 1.583939e-01 -2.584368e+01 4.421464e+00 7.764916e+01 341 7.660817e-04
19447 -7.163301e-03 9.498942e-03 1.225242e-01 -3.235002e-02 5.943668e-02 3.588972e-01 -6.063253e+00 1.202162e+01 5.690257e+01 393 1.744043e-03
57006 5.809999e-03 -7.931362e-03 8.387844e-02 2.402672e-02 -3.856478e-02 1.353472e-01 1.519155e+01 -2.554626e+01 4.292160e+01 1060 2.441737e-03
63307 -9.520338e-05 -8.834092e-03 1.687040e-01 5.081126e-03 -5.076131e-02 7.374821e-01 4.751624e-01 -3.848720e+00 5.221112e+01 873 3.534090e-03
25833 -8.199859e-03 -1.344854e-02 1.122285e-01 -8.271808e-02 -1.490568e-01 6.058683e-01 -8.435325e+00 -1.535060e+01 5.587911e+01 1185 3.000879e-03
13342 9.420344e-04 8.535007e-03 7.680206e-02 4.660782e-03 4.079864e-02 1.097853e-01 4.712977e+00 4.088951e+01 4.180152e+01 555 1.259345e-03
25842 -1.537106e-02 1.685775e-02 1.275706e-01 -1.019899e-01 9.872889e-02 4.538575e-01 -2.077612e+01 1.963736e+01 7.826217e+01 1439 3.401803e-03
1523 -2.581231e-03 1.844277e-02 1.227678e-01 -1.313217e-01 6.288638e-01 2.183270e+00 -4.917507e+00 2.331629e+01 7.870514e+01 419 1.616834e-03
13373 -4.481403e-03 3.468040e-03 9.296634e-02 -3.414810e-02 2.667324e-02 3.440734e-01 -8.951073e+00 7.001500e+00 7.576434e+01 671 1.620362e-03
82127 1.898329e-02 6.229806e-03 2.279775e-01 1.961851e-01 1.384248e-01 2.486338e+00 6.094243e+00 4.546389e+00 7.766849e+01 689 3.422727e-03
7123 -1.404045e-02 -9.367856e-03 1.099894e-01 -4.765976e-02 -3.320373e-02 2.264049e-01 -1.938605e+01 -1.374458e+01 6.712920e+01 619 1.879842e-03
88421 7.409416e-03 -5.170826e-03 9.802547e-02 3.167428e-02 -3.226322e-02 2.611621e-01 8.636682e+00 -9.643099e+00 5.806583e+01 523 1.636836e-03
13479 1.365561e-02 2.380639e-03 1.570739e-01 1.781608e-01 4.038424e-02 1.300686e+00 8.812812e+00 2.035915e+00 6.126518e+01 1290 3.965134e-03
38444 8.513756e-03 7.311799e-03 1.422866e-01 9.118457e-02 5.107594e-02 6.887320e-01 1.244485e+01 6.588034e+00 8.225915e+01 482 1.961274e-03
44772 2.748739e-02 1.029939e-02 1.047715e-01 9.066244e-02 3.478085e-02 1.918163e-01 3.158855e+01 1.224113e+01 4.352378e+01 898 2.622942e-03
19738 -1.653757e-02 3.700804e-03 1.029242e-01 -4.003364e-02 1.183493e-02 1.524334e-01 -3.378289e+01 1.169532e+01 7.118483e+01 657 1.710487e-03
82257 6.160953e-03 -1.265733e-03 7.836096e-02 4.457969e-02 -1.097189e-02 1.674410e-01 1.800370e+01 -4.548476e+00 4.174448e+01 387 9.647449e-04
26053 -7.784606e-03 -5.731651e-03 1.122260e-01 -1.513740e-01 -8.032319e-02 8.117478e-01 -1.921029e+01 -9.979328e+00 9.358644e+01 173 9.226523e-04
32296 5.062359e-03 -1.073567e-02 1.064620e-01 1.583268e-02 -5.218137e-02 2.560404e-01 5.556414e+00 -2.138186e+01 7.716753e+01 210 9.557349e-04
32305 6.513209e-03 -2.576455e-02 1.023876e-01 8.180486e-02 -2.732560e-01 4.408406e-01 1.129685e+01 -3.713390e+01 5.078189e+01 375 1.425012e-03
26064 7.880043e-03 -8.057409e-03 9.680696e-02 7.348076e-02 -1.094771e-01 4.077328e-01 1.089159e+01 -1.683856e+01 5.162257e+01 581 1.641151e-03
76073 -1.308736e-02 1.478135e-02 1.008928e-01 -3.582773e-02 3.535732e-02 1.487407e-01 -2.772370e+01 2.508498e+01 5.833327e+01 1174 2.812343e-03
69827 -4.806953e-03 -6.423403e-03 8.621994e-02 -1.520449e-02 -2.914530e-02 1.439804e-01 -1.154496e+01 -2.522937e+01 6.413457e+01 1253 2.656832e-03
76108 -5.059400e-03 2.097144e-02 3.164955e-01 -1.361838e+00 8.331148e-01 1.745602e+01 -5.832136e+00 3.491013e+00 7.367455e+01 470 4.467178e-03
13624 -1.978097e-03 -3.350678e-03 7.958113e-02 -2.196045e-02 -4.968111e-02 2.875706e-01 -7.434602e+00 -1.723762e+01 7.738422e+01 314 7.878506e-04
44874 8.451864e-03 1.590458e-03 8.618349e-02 4.851978e-02 5.446350e-03 1.756526e-01 2.594132e+01 2.496435e+00 5.792536e+01 556 1.309861e-03
63641 6.430500e-03 -2.298524e-02 1.221071e-01 4.183018e-02 -1.480210e-01 4.297438e-01 6.183814e+00 -2.184196e+01 5.373970e+01 517 2.203557e-03
82369 -2.659292e-02 2.973420e-03 1.753377e-01 -1.523032e-01 3.801484e-02 9.278499e-01 -9.187204e+00 2.560911e+00 5.499538e+01 946 4.075193e-03
19856 -9.639634e-04 -1.194183e-02 1.091686e-01 1.500397e-03 -5.908768e-02 2.993820e-01 1.010419e+00 -1.933039e+01 7.798988e+01 496 1.594248e-03
69886 4.295956e-03 -1.036768e-02 1.441051e-01 5.275245e-02 -2.049174e-01 1.891705e+00 1.564998e+00 -6.283365e+00 5.644217e+01 380 2.170011e-03
94932 7.790164e-03 1.162247e-02 1.109907e-01 5.849234e-02 8.803563e-02 4.111773e-01 9.896925e+00 1.491564e+01 5.859561e+01 368 1.503686e-03
7363 2.551566e-03 -5.382768e-03 8.960069e-02 2.002761e-02 -4.163401e-02 2.029638e-01 1.001022e+01 -2.076460e+01 6.493406e+01 775 1.841335e-03
32402 -8.435475e-03 -1.948905e-02 1.276181e-01 -7.659182e-02 -2.165668e-01 7.789890e-01 -7.283977e+00 -2.106202e+01 6.961305e+01 698 2.159687e-03
51105 2.080220e-03 -1.936281e-03 8.423147e-02 2.922342e-02 -1.467312e-02 2.043630e-01 1.786720e+01 -8.384110e+00 7.907740e+01 438 1.076159e-03
82393 5.316756e-03 3.449147e-03 8.462377e-02 6.058698e-02 2.985058e-02 2.592027e-01 1.816964e+01 8.679261e+00 5.739144e+01 1126 2.477475e-03
32409 -2.368442e-03 -3.579330e-04 8.249321e-02 -4.878346e-02 -6.796028e-03 2.925342e-01 -1.498379e+01 -2.078360e+00 6.780590e+01 474 1.176991e-03
2177 -1.931245e-03 -4.675719e-03 8.431255e-02 -1.620552e-02 -5.147225e-02 2.573042e-01 -4.729238e+00 -1.550425e+01 5.731421e+01 819 1.783625e-03
88705 1.015112e-02 1.230216e-04 1.225099e-01 3.656386e-02 -1.614893e-03 2.559145e-01 1.171567e+01 -7.708714e-01 5.917311e+01 1035 2.918502e-03
2195 -9.111037e-03 6.753368e-03 1.308946e-01 -3.882405e-02 2.668472e-02 3.832268e-01 -8.956084e+00 6.007701e+00 7.605787e+01 434 1.710564e-03
51160 2.751423e-03 -2.267737e-03 9.022100e-02 4.099980e-02 -9.755820e-03 3.908691e-01 8.184132e+00 -1.602250e+00 6.433067e+01 450 1.186738e-03
57469 6.108286e-03 7.412084e-03 9.276582e-02 4.811921e-02 5.345501e-02 2.345476e-01 1.396405e+01 1.530426e+01 4.712698e+01 1010 2.427035e-03
63746 6.644875e-03 8.233434e-03 1.231381e-01 3.247160e-02 6.372112e-02 4.807350e-01 4.630321e+00 9.948060e+00 6.411145e+01 867 2.461777e-03
57508 -2.749235e-03 -8.871221e-03 9.208749e-02 -2.957838e-02 -7.693340e-02 3.094808e-01 -9.676123e+00 -2.454711e+01 7.840446e+01 449 1.116798e-03
63782 9.687274e-03 -1.836388e-02 9.167336e-02 2.124519e-01 -4.658835e-01 7.072676e-01 1.599133e+01 -3.529427e+01 4.854972e+01 1495 3.274743e-03
13828 -9.605593e-03 -2.415306e-02 2.214127e-01 -7.274587e-01 -8.010062e-01 7.089258e+00 -7.337688e+00 -7.940769e+00 7.020114e+01 484 3.265911e-03
20027 -3.289584e-03 8.556853e-03 9.176397e-02 -2.994786e-02 1.125663e-01 3.295634e-01 -7.313153e+00 2.853287e+01 6.523540e+01 358 1.063473e-03
76359 -1.164898e-03 1.104096e-02 2.452521e-01 5.987871e-02 1.224464e-01 3.972919e+00 1.230744e+00 2.246125e+00 7.515614e+01 722 3.894185e-03
38817 1.326349e-03 -8.702042e-03 1.095749e-01 -7.475811e-03 -4.503313e-02 2.946098e-01 -2.869869e+00 -1.184544e+01 6.032906e+01 669 2.073073e-03
32611 -7.409113e-03 7.370067e-03 9.039630e-02 -1.724559e-01 1.951626e-01 5.884531e-01 -2.210443e+01 2.515072e+01 6.670388e+01 539 1.355906e-03
51302 -6.440588e-03 3.478674e-03 7.959242e-02 -3.384755e-02 2.429159e-02 1.400728e-01 -2.328903e+01 1.768575e+01 5.139310e+01 759 1.592336e-03
63883 2.959282e-03 -1.711942e-03 8.020978e-02 2.010411e-02 -3.648344e-02 1.970208e-01 7.863249e+00 -1.594749e+01 5.357385e+01 776 1.748458e-03
63890 8.767383e-03 -6.022541e-03 8.269098e-02 3.218462e-02 -2.698236e-02 1.368605e-01 2.265923e+01 -2.028135e+01 5.241611e+01 945 2.096753e-03
20093 -5.498507e-03 -1.846124e-03 7.520214e-02 -3.714234e-02 -9.913619e-03 1.201544e-01 -2.798170e+01 -7.133846e+00 3.974991e+01 284 8.142960e-04
95216 -1.332262e-03 -1.423779e-02 8.541448e-02 -2.036721e-02 -2.632450e-01 3.969596e-01 -3.772322e+00 -4.934794e+01 6.174162e+01 554 1.357537e-03
57670 -1.328244e-02 -5.936502e-03 9.631459e-02 -1.378521e-01 -8.162575e-02 4.046639e-01 -2.731650e+01 -1.659766e+01 6.761697e+01 166 8.701028e-04
13977 2.630160e-02 -4.996888e-03 1.538290e-01 5.487728e-01 -1.602112e-01 2.024229e+00 2.072654e+01 -6.157384e+00 7.419913e+01 509 2.138096e-03
26480 1.785960e-02 -2.635068e-03 1.135935e-01 1.306072e-01 -1.081879e-02 4.091323e-01 2.669375e+01 -1.937551e+00 6.997081e+01 677 1.937509e-03
88980 -6.050657e-03 -5.789431e-03 9.901658e-02 -2.795834e-01 -1.817758e-01 1.280979e+00 -1.680786e+01 -1.081389e+01 7.262844e+01 660 1.861708e-03
2737 -4.779341e-03 2.351651e-02 1.081371e-01 -3.268833e-02 3.772446e-01 6.721613e-01 -2.989195e+00 3.788608e+01 6.040987e+01 488 1.754540e-03
14046 -6.889942e-03 -5.530513e-03 1.088798e-01 -8.233507e-02 -8.851975e-02 5.707737e-01 -1.097944e+01 -1.207733e+01 6.721891e+01 1166 2.867090e-03
7724 1.525274e-03 -6.097999e-03 8.326723e-02 2.703939e-03 -3.900523e-02 1.760732e-01 6.548523e-01 -1.828287e+01 5.156192e+01 501 1.341803e-03
95340 -7.489745e-03 -9.599251e-03 1.000441e-01 -1.654972e-01 -1.944406e-01 7.582854e-01 -1.785737e+01 -2.089003e+01 7.439180e+01 743 1.925146e-03
89049 -1.491656e-02 6.451518e-03 1.029192e-01 -1.326083e-01 6.632089e-02 3.726873e-01 -2.714074e+01 1.380640e+01 6.221090e+01 510 1.549012e-03
76574 -5.438489e-03 -5.918433e-04 9.296867e-02 -7.331939e-02 -2.959055e-03 4.450125e-01 -1.497085e+01 -5.220786e-01 7.764181e+01 565 1.386256e-03
26562 -6.766633e-03 -1.049489e-03 8.257923e-02 -4.100591e-02 -9.073136e-03 1.435448e-01 -2.577982e+01 -6.041255e+00 4.590291e+01 671 1.513868e-03
2846 -9.641819e-03 -8.930087e-03 8.303167e-02 -7.720617e-02 -6.731677e-02 2.086322e-01 -2.503628e+01 -2.163545e+01 4.654183e+01 1227 2.685200e-03
70318 -2.546391e-03 -6.827131e-03 1.163045e-01 -6.885124e-02 -1.535947e-01 8.937411e-01 -6.011355e+00 -1.330629e+01 7.048425e+01 1205 2.940233e-03
64095 -1.919375e-02 -3.904050e-03 1.947633e-01 -3.272701e-01 -1.383816e-01 2.847940e+00 -1.136501e+01 -4.960909e+00 9.787631e+01 815 2.845399e-03
70336 -1.050086e-02 8.660262e-03 9.493184e-02 -1.388785e-01 9.672710e-02 4.496705e-01 -2.368364e+01 1.624694e+01 6.544366e+01 867 2.004158e-03
7787 -5.098999e-03 6.089438e-03 9.856349e-02 -7.454826e-02 8.121909e-02 3.989351e-01 -1.418104e+01 1.534094e+01 6.133374e+01 556 1.586058e-03
20296 2.416944e-04 6.907180e-03 7.708361e-02 2.586822e-03 4.298804e-02 1.372668e-01 2.078292e+00 3.197546e+01 5.333535e+01 426 9.986183e-04
2920 2.913669e-02 3.444848e-03 1.175753e-01 1.993511e-01 3.222626e-02 4.395569e-01 2.258774e+01 3.819341e+00 4.272750e+01 503 2.262108e-03
76626 -1.190669e-02 -9.238920e-03 1.675053e-01 -4.768307e-02 -2.021205e-02 7.119820e-01 -4.037612e+00 -1.238393e+00 6.144794e+01 431 2.548855e-03
57864 -5.376512e-03 3.821287e-03 1.031387e-01 -3.937644e-02 4.634123e-02 3.705648e-01 -7.155434e+00 8.948508e+00 5.628100e+01 945 2.296186e-03
2989 -2.593268e-02 7.283271e-03 9.671271e-02 -3.231172e-01 5.944560e-02 4.655124e-01 -3.579065e+01 6.282036e+00 4.441544e+01 915 2.462350e-03
70384 -1.062495e-02 -1.305068e-03 1.107369e-01 -5.524282e-01 2.711571e-02 2.184468e+00 -2.091197e+01 1.096956e+00 8.003977e+01 1110 2.594467e-03
95443 -5.502152e-03 5.413839e-03 8.384888e-02 -6.671823e-02 8.477639e-02 2.506094e-01 -2.213365e+01 2.869479e+01 6.029490e+01 355 9.285691e-04
89172 5.284551e-03 -1.560010e-02 1.051223e-01 8.869776e-02 -4.157823e-01 9.967729e-01 6.651195e+00 -3.190969e+01 7.109835e+01 1446 3.191845e-03
45451 -4.839176e-03 2.020614e-03 8.401973e-02 -3.711464e-02 -5.924799e-04 2.059345e-01 -1.448934e+01 -1.173090e+00 5.473089e+01 382 1.026171e-03
95513 7.745894e-05 7.217591e-03 8.568656e-02 -1.589372e-03 3.036720e-02 1.432080e-01 -1.894658e+00 2.631375e+01 6.538364e+01 315 9.491783e-04
45489 1.069953e-02 6.836280e-03 9.662069e-02 1.047306e-01 5.979492e-02 3.370378e-01 2.130214e+01 1.199744e+01 5.446496e+01 774 1.985155e-03
64237 -7.872488e-03 -2.434360e-03 2.054126e-01 -2.375175e-02 -2.961690e-03 4.327728e-01 -4.324882e+00 -1.436237e-01 6.192390e+01 643 3.563675e-03
57984 -7.980707e-03 2.210549e-03 9.698407e-02 -2.084202e-01 9.512259e-02 9.320671e-01 -1.579127e+01 7.319913e+00 6.579055e+01 398 1.222104e-03
51663 6.835713e-03 -1.220230e-02 1.131560e-01 3.162214e-02 -6.582628e-02 2.695225e-01 1.117911e+01 -2.418535e+01 7.052405e+01 1470 3.403014e-03
7957 1.802288e-03 -1.334266e-02 1.398990e-01 2.682395e-02 -1.759775e-01 8.581769e-01 1.901875e+00 -1.236174e+01 5.459568e+01 1573 4.347830e-03
45533 8.071563e-03 6.628322e-03 9.027265e-02 5.815456e-02 6.735702e-02 2.306451e-01 1.920912e+01 2.329224e+01 5.383925e+01 2238 4.536630e-03
3256 2.143717e-02 7.429473e-03 1.783014e-01 3.601420e-01 1.438134e-01 1.746311e+00 1.390346e+01 5.598412e+00 6.436510e+01 538 2.777810e-03
26797 1.613626e-02 2.054106e-02 1.296034e-01 5.653445e-01 6.378156e-01 1.879702e+00 2.030578e+01 2.282239e+01 6.470609e+01 351 1.737240e-03
58022 2.762019e-02 -1.480607e-03 1.774390e-01 1.744486e+00 1.467900e-01 6.679160e+00 1.966417e+01 1.698222e+00 7.446766e+01 2856 6.612701e-03
95605 -1.146287e-03 -1.761061e-02 1.419175e-01 3.843628e-03 -2.890834e-01 1.368183e+00 3.194115e-01 -1.737736e+01 7.849498e+01 203 1.363242e-03
8000 -2.552220e-03 -6.896491e-03 8.925549e-02 -9.533848e-03 -6.790794e-02 2.638571e-01 -2.474643e+00 -2.162555e+01 6.188767e+01 272 9.137830e-04
76834 -1.678808e-02 1.666650e-02 1.018929e-01 -1.974950e-01 2.241894e-01 5.162241e-01 -1.689096e+01 1.939749e+01 3.872817e+01 1384 3.317860e-03
26832 -2.262484e-02 -1.636804e-03 8.783675e-02 -3.339899e-01 9.008083e-03 3.508440e-01 -5.053431e+01 1.727657e+00 4.268587e+01 931 2.195939e-03
64338 -1.779161e-02 1.968402e-03 1.067775e-01 -1.043832e-01 1.647269e-02 2.846140e-01 -2.708164e+01 4.536234e+00 5.561855e+01 456 1.575272e-03
3359 -8.843162e-03 -4.075596e-03 1.697779e-01 -1.306818e-01 -3.846314e-02 1.361569e+00 -8.087033e+00 -2.282471e+00 7.910503e+01 574 2.503572e-03
45604 3.830803e-04 3.722791e-03 9.549612e-02 1.399455e-02 7.405075e-02 7.996587e-01 1.169197e+00 6.041028e+00 6.048613e+01 437 1.360012e-03
39306 1.283932e-02 -2.521131e-02 1.595657e-01 2.789209e-01 -4.455032e-01 1.455190e+00 1.504833e+01 -2.376974e+01 7.327444e+01 973 3.151234e-03
45642 1.011988e-02 2.469039e-03 1.089501e-01 2.729540e-01 5.045579e-02 1.214325e+00 1.703837e+01 3.110769e+00 7.165658e+01 622 1.865197e-03
14413 1.110239e-02 -1.214210e-03 1.026184e-01 1.239134e-01 -1.443937e-02 5.711044e-01 1.590084e+01 -1.864101e+00 6.603364e+01 1528 3.463140e-03
8086 5.563431e-03 -1.010110e-04 1.063208e-01 7.600174e-02 -8.931599e-03 5.111478e-01 1.244808e+01 -1.560570e+00 7.154232e+01 350 1.222425e-03
83166 1.015628e-02 -1.388742e-03 9.348917e-02 1.400952e-01 -5.110391e-02 4.046308e-01 2.675253e+01 -1.023563e+01 6.405952e+01 890 2.075108e-03
33200 1.102933e-02 -4.626437e-03 8.300238e-02 4.255409e-02 -1.485000e-02 1.297476e-01 2.763044e+01 -8.960623e+00 4.097073e+01 1375 2.977633e-03
76974 4.580378e-03 1.776305e-03 9.918946e-02 2.057795e-01 5.388208e-02 9.427419e-01 1.681592e+01 4.354923e+00 7.050284e+01 215 8.055848e-04
20647 3.311174e-03 5.258285e-03 7.896299e-02 7.814008e-03 2.956102e-02 1.166234e-01 4.167555e+00 2.249317e+01 3.485622e+01 272 9.038116e-04
51861 1.719612e-02 -1.678771e-03 1.027618e-01 3.883940e-02 -3.682926e-03 1.504374e-01 3.094283e+01 -2.865288e+00 6.816055e+01 670 1.719554e-03
33220 -1.046688e-02 2.641352e-03 7.776536e-02 -5.851659e-02 1.092312e-02 1.279774e-01 -2.951065e+01 5.086408e+00 3.083869e+01 647 1.631533e-03
39409 -1.074911e-02 6.814570e-03 1.277990e-01 -2.049565e-01 9.941567e-02 1.202141e+00 -1.464821e+01 6.984494e+00 8.103287e+01 823 2.315136e-03
45746 6.156435e-03 -1.185634e-02 9.250302e-02 7.025948e-02 -1.123776e-01 3.242953e-01 1.734004e+01 -2.719125e+01 6.270042e+01 594 1.628209e-03
14512 1.931250e-02 1.620921e-02 1.473269e-01 1.817385e-01 1.931915e-01 8.065906e-01 1.892031e+01 2.061590e+01 7.679479e+01 339 1.815046e-03
45750 5.723165e-03 9.016958e-03 2.380439e-01 8.437704e-01 6.921751e-01 1.345042e+01 4.844165e+00 3.948859e+00 7.637151e+01 490 3.297466e-03
45754 -1.014744e-02 1.214547e-03 1.187326e-01 -6.453746e-02 1.949843e-02 3.627703e-01 -1.286809e+01 4.325771e+00 5.773670e+01 640 2.141934e-03
70756 -5.408336e-03 3.804302e-04 1.316870e-01 -1.695925e-01 -8.665754e-02 1.562436e+00 -7.123734e+00 -3.776464e+00 6.207834e+01 323 1.684078e-03
58251 -1.296815e-03 1.522913e-02 1.331514e-01 1.833422e-02 2.749741e-01 1.159505e+00 1.235324e+00 1.634499e+01 6.458546e+01 920 2.769377e-03
77047 -3.916656e-04 5.198379e-03 1.211317e-01 -1.286326e-02 8.689746e-02 7.588287e-01 -1.363797e+00 8.933981e+00 6.973362e+01 592 1.928276e-03
45839 -1.494942e-02 2.650432e-03 8.763857e-02 -3.803336e-01 1.093169e-01 5.770828e-01 -3.790218e+01 1.106477e+01 5.077124e+01 235 9.503651e-04
45863 1.910795e-03 -7.585947e-03 1.023681e-01 4.385849e-02 -2.251191e-01 1.106981e+00 2.492377e+00 -1.292502e+01 5.969037e+01 998 2.586632e-03
27117 5.100526e-03 4.959554e-03 9.435471e-02 6.776570e-02 5.741351e-02 4.159765e-01 1.484912e+01 1.242947e+01 7.621140e+01 881 1.940863e-03
3870 -1.812950e-03 -5.336828e-03 9.004322e-02 -1.537358e-02 -3.648069e-02 2.086836e-01 -8.523544e+00 -1.957549e+01 7.457149e+01 548 1.372417e-03
58355 -1.640901e-02 -5.919583e-03 1.027913e-01 -6.652714e-02 -2.807760e-02 1.938380e-01 -3.039131e+01 -1.343648e+01 5.521017e+01 2056 4.305019e-03
77149 9.480090e-04 -4.916733e-03 1.243710e-01 8.536013e-03 -3.310592e-02 3.863713e-01 1.899564e+00 -7.056817e+00 6.558857e+01 779 2.417810e-03
3925 5.144436e-03 -3.018101e-03 8.974607e-02 3.123152e-02 -4.760879e-02 2.809552e-01 1.053655e+01 -1.801013e+01 7.722916e+01 809 1.812566e-03
77181 1.160657e-02 -6.789459e-03 1.002241e-01 5.489607e-02 -2.873453e-02 2.077512e-01 2.095729e+01 -1.062404e+01 5.205597e+01 408 1.365028e-03
70919 -1.595098e-02 -2.081999e-02 1.251549e-01 -2.322999e-01 -2.881648e-01 9.666855e-01 -1.356971e+01 -1.676823e+01 5.278197e+01 957 3.095843e-03
39598 -9.271880e-03 -3.027240e-03 1.029184e-01 -6.571633e-02 -8.239484e-03 2.880718e-01 -2.603022e+01 -2.403706e+00 8.538631e+01 444 1.344386e-03
52068 1.010328e-02 9.046018e-06 8.865521e-02 1.156286e-01 9.508875e-04 2.900542e-01 3.920000e+01 3.498704e-01 7.481466e+01 3114 5.951606e-03
33465 -4.175423e-03 4.272610e-03 8.529824e-02 -2.284118e-02 3.181237e-02 1.803621e-01 -1.605308e+01 2.368497e+01 8.175761e+01 1212 2.490949e-03
27240 -1.140322e-02 7.335851e-03 1.393545e-01 -2.324155e-01 1.647732e-01 1.520631e+00 -1.052528e+01 7.497646e+00 6.578060e+01 427 2.032828e-03
58457 -4.880545e-03 -6.364678e-03 9.062204e-02 -2.061834e-02 -2.394932e-02 1.636268e-01 -1.215830e+01 -1.358509e+01 5.640011e+01 1065 2.431813e-03
52112 7.259686e-03 1.311467e-02 9.070497e-02 3.070380e-02 4.878449e-02 1.707308e-01 1.464686e+01 2.228495e+01 4.999664e+01 886 2.168015e-03
27295 2.943286e-03 -5.028257e-03 1.086272e-01 2.109854e-02 -6.769344e-02 6.280406e-01 2.527330e+00 -8.723402e+00 7.230572e+01 999 2.426492e-03
71045 -2.270650e-02 -3.937861e-03 1.297133e-01 -1.522578e-01 -2.508289e-02 4.400069e-01 -3.044956e+01 -4.969899e+00 7.293099e+01 1225 3.066259e-03
33547 -4.497415e-03 -1.023181e-03 9.027327e-02 -3.021944e-02 -9.604916e-03 2.229186e-01 -1.541541e+01 -5.143101e+00 7.949540e+01 348 9.812323e-04
39724 -1.271968e-03 1.106478e-02 1.066096e-01 -1.619360e-02 1.446016e-01 6.054234e-01 -1.697613e+00 1.519230e+01 5.674936e+01 559 1.772855e-03
64827 7.622012e-03 1.242579e-02 9.832536e-02 1.228744e-01 2.311412e-01 6.415216e-01 1.241683e+01 2.356351e+01 5.852176e+01 695 1.852275e-03
14856 8.135191e-03 6.284233e-03 8.972624e-02 7.548600e-02 4.833509e-02 3.124135e-01 1.907690e+01 1.191077e+01 6.307546e+01 346 1.058071e-03
83538 -5.166829e-03 4.664425e-03 8.019527e-02 -3.146018e-02 2.132967e-02 1.294242e-01 -3.287113e+01 2.083437e+01 6.154446e+01 480 1.104673e-03
83539 1.986494e-02 3.846663e-03 1.443429e-01 1.631161e+00 4.651888e-02 5.947772e+00 1.665489e+01 4.410739e-01 5.998614e+01 1100 3.562604e-03
52229 8.081161e-04 -2.944873e-02 1.748624e-01 7.730156e-02 -3.872003e-01 1.758633e+00 3.149718e+00 -1.473089e+01 6.521383e+01 258 2.269861e-03
14887 -8.199633e-03 -4.659919e-03 1.075047e-01 -4.572650e-02 -3.802865e-02 2.661220e-01 -1.121471e+01 -9.972072e+00 4.740197e+01 944 2.663045e-03
83588 -1.595370e-02 8.818868e-03 9.614290e-02 -2.728244e-02 1.850703e-02 1.207399e-01 -1.567531e+01 1.340528e+01 3.403426e+01 792 2.420950e-03
4373 -1.008141e-02 1.418753e-02 1.140754e-01 -1.324274e-01 1.313280e-01 6.499732e-01 -1.108251e+01 1.061098e+01 4.854342e+01 927 2.966933e-03
83606 2.002365e-02 -1.253288e-02 1.518500e-01 6.678938e-02 -3.218159e-02 3.729241e-01 1.069830e+01 -4.494911e+00 5.057374e+01 292 2.413047e-03
4381 1.033114e-02 -4.124323e-03 1.367424e-01 5.990038e-02 -2.484993e-02 6.879070e-01 6.391500e+00 -2.672377e+00 7.106764e+01 1834 4.321481e-03
14941 -1.693454e-02 2.102524e-02 1.783395e-01 -3.351744e-02 5.702818e-02 3.352417e-01 -7.291985e+00 1.583155e+01 6.899446e+01 456 2.605106e-03
52292 -1.344728e-02 -1.388790e-02 1.215849e-01 -1.713609e-01 -2.035505e-01 8.139839e-01 -1.749907e+01 -2.101731e+01 7.672769e+01 583 1.901129e-03
83632 3.430619e-03 3.901341e-03 8.184862e-02 2.130439e-02 3.815683e-02 1.701261e-01 1.248695e+01 2.393152e+01 6.167230e+01 655 1.625044e-03
58661 -3.155668e-03 1.801428e-03 1.013606e-01 -4.169224e-02 5.825397e-02 6.690344e-01 -4.517712e+00 6.618033e+00 6.654942e+01 211 1.012130e-03
33709 -1.107511e-02 -2.462454e-03 8.737757e-02 -1.300609e-01 -4.183891e-02 2.975829e-01 -3.298473e+01 -1.091577e+01 5.827221e+01 671 1.707215e-03
64970 -3.682839e-03 -1.903575e-02 1.243553e-01 -4.003120e-03 -3.007381e-02 1.547214e-01 -6.252692e-01 -2.154907e+01 5.928229e+01 452 1.909423e-03
4510 -5.682935e-03 -1.657415e-03 1.103158e-01 -3.442823e-02 -1.119839e-02 3.157944e-01 -9.334155e+00 -3.098140e+00 6.672291e+01 872 2.318988e-03
83707 2.079543e-04 -7.812614e-03 7.754737e-02 6.030907e-03 -6.822876e-02 1.593531e-01 3.270400e+00 -3.393210e+01 4.594534e+01 714 1.556837e-03
21180 2.458857e-02 -8.746554e-03 1.916985e-01 1.071601e-01 -5.507093e-02 6.976250e-01 8.762319e+00 -4.915848e+00 5.368789e+01 443 3.381637e-03
4615 -3.130497e-04 -1.375252e-02 1.162473e-01 -5.450594e-03 -1.280420e-01 4.833118e-01 -7.194007e-01 -1.600374e+01 5.139934e+01 408 1.811062e-03
4618 7.436909e-03 1.557029e-02 1.477178e-01 1.414271e-02 3.977686e-02 2.477277e-01 4.535363e+00 1.637173e+01 6.764009e+01 265 1.788606e-03
65045 8.776839e-03 2.094549e-03 9.843738e-02 2.350437e-01 6.846758e-02 7.935002e-01 2.348634e+01 6.889476e+00 7.214705e+01 390 1.204583e-03
27558 1.935493e-03 6.869364e-03 9.189958e-02 4.022412e-02 1.392538e-01 6.011356e-01 4.752121e+00 1.643065e+01 6.320286e+01 2813 5.515077e-03
8712 6.701093e-03 1.362557e-02 9.573415e-02 6.366369e-02 8.608812e-02 2.639517e-01 2.354190e+01 2.994782e+01 6.952212e+01 1755 3.744776e-03
83768 1.569714e-02 7.588536e-03 1.077354e-01 1.538085e-01 5.240799e-02 4.338581e-01 2.314896e+01 7.512226e+00 5.466169e+01 367 1.624002e-03
71325 1.073060e-02 -2.705972e-03 9.864185e-02 1.111870e-01 -1.097303e-02 3.744170e-01 2.050079e+01 -1.687114e+00 5.627925e+01 1156 2.807355e-03
46340 -5.649388e-03 7.321689e-03 8.506780e-02 -2.407458e-02 3.953296e-02 1.584908e-01 -1.398452e+01 2.444800e+01 5.572724e+01 599 1.522485e-03
58833 1.370455e-02 2.163011e-02 1.895431e-01 1.023459e+00 1.700038e+00 8.740809e+00 9.198505e+00 1.528971e+01 7.789901e+01 267 2.189009e-03
77631 -1.725449e-02 1.189193e-02 1.262231e-01 -1.114906e-01 8.442029e-02 3.911279e-01 -2.490023e+01 1.916434e+01 6.999640e+01 290 1.514782e-03
52483 7.501375e-03 -1.100507e-02 1.097016e-01 2.979078e-01 -3.951820e-01 1.737002e+00 1.176260e+01 -1.556068e+01 6.591210e+01 281 1.212699e-03
58842 2.267484e-02 1.670658e-02 2.049545e-01 1.090936e+00 1.070983e+00 6.080509e+00 1.430664e+01 1.411934e+01 7.868808e+01 562 2.997679e-03
83844 5.271244e-03 6.933461e-03 9.762324e-02 3.968672e-02 3.372986e-02 2.570572e-01 1.604680e+01 1.249428e+01 7.433879e+01 610 1.651720e-03
65147 1.549319e-02 -1.323208e-02 1.231095e-01 4.044089e-01 -3.153967e-01 1.188684e+00 2.239103e+01 -1.739651e+01 6.134827e+01 228 1.493010e-03
65158 6.072979e-03 -2.854910e-03 9.686814e-02 3.524999e-02 -2.318313e-02 2.969724e-01 1.023243e+01 -7.129145e+00 7.017696e+01 265 9.782668e-04
15203 5.191700e-03 -7.660264e-03 9.667972e-02 2.013122e-02 -3.834008e-02 2.069528e-01 9.280411e+00 -1.905827e+01 6.850152e+01 283 1.016540e-03
52567 1.223217e-02 1.258533e-02 2.190986e-01 6.750820e-02 1.163706e-01 1.634126e+00 2.739989e+00 5.144551e+00 7.014181e+01 1053 4.445228e-03
90221 -1.704045e-03 9.293123e-03 1.220173e-01 -6.912394e-03 3.134080e-02 3.608113e-01 -1.030496e+00 4.362235e+00 4.724651e+01 177 1.646118e-03
4962 3.453803e-03 -3.757520e-04 1.016714e-01 4.889418e-02 1.677680e-02 7.559657e-01 6.418641e+00 2.422868e+00 9.242176e+01 802 1.901393e-03
5007 -6.866248e-03 -3.109405e-03 8.873785e-02 -5.715784e-02 -1.599350e-02 2.369765e-01 -1.906703e+01 -4.884739e+00 5.620166e+01 295 9.932643e-04
33994 -1.119262e-02 -2.796971e-03 9.674442e-02 -4.079776e-02 -1.446691e-02 1.990005e-01 -1.439526e+01 -5.674414e+00 4.972118e+01 347 1.276854e-03
46516 -6.297946e-03 -3.358564e-03 8.540059e-02 -9.281608e-02 -3.683214e-02 2.955421e-01 -2.766176e+01 -1.070224e+01 6.718689e+01 195 7.176637e-04
83991 -1.503139e-02 -1.345538e-02 2.052315e-01 -1.803978e-01 -1.511904e-01 1.531294e+00 -1.148140e+01 -9.562951e+00 9.206862e+01 651 2.885661e-03
34036 -1.314002e-02 -1.559347e-02 1.032023e-01 -4.021616e-02 -5.322295e-02 1.766981e-01 -2.192397e+01 -3.046917e+01 5.951068e+01 924 2.375236e-03
90332 1.035099e-02 -4.657109e-03 1.229109e-01 2.031864e-01 -1.586294e-01 1.047146e+00 1.550643e+01 -1.238134e+01 7.432029e+01 254 1.309334e-03
8984 -7.266644e-03 -7.582508e-04 1.124396e-01 -4.880589e-02 -1.841590e-02 4.899303e-01 -8.081155e+00 -3.435167e+00 7.343805e+01 1450 3.249526e-03
59059 -1.012998e-02 3.178244e-03 1.097416e-01 -6.746291e-02 5.590273e-03 3.911002e-01 -1.246867e+01 5.245640e-01 6.118939e+01 701 2.065330e-03
71618 8.867729e-03 4.625316e-03 1.069642e-01 4.093256e-02 2.293468e-02 2.239910e-01 1.723215e+01 9.839742e+00 6.289209e+01 1146 2.754042e-03
96716 -3.369707e-03 7.193909e-03 9.027655e-02 -1.032494e-01 1.719885e-01 6.226688e-01 -1.349710e+01 2.226929e+01 7.194410e+01 613 1.657236e-03
90379 1.269810e-02 -1.202570e-02 1.031343e-01 2.674775e-02 -2.372463e-02 1.447025e-01 1.753818e+01 -1.460378e+01 5.188963e+01 556 1.867224e-03
46649 2.222965e-02 -4.312095e-03 1.632293e-01 1.862100e+00 -5.540161e-01 7.365543e+00 1.961512e+01 -5.860475e+00 7.678492e+01 436 2.161474e-03
15447 1.670033e-03 8.697800e-03 9.954721e-02 -9.535623e-03 7.047541e-02 3.427146e-01 -2.949639e+00 1.626158e+01 6.400841e+01 315 1.174404e-03
15454 -1.598709e-03 1.048659e-02 1.143832e-01 -4.042360e-02 1.619660e-01 7.055336e-01 -5.883620e+00 2.295557e+01 8.958441e+01 1765 3.760737e-03
52777 -1.962514e-03 -2.094920e-03 1.582617e-01 -5.221026e-02 -6.584446e-02 1.513540e+00 -1.965707e+00 -2.493901e+00 5.301890e+01 561 2.723211e-03
96813 -5.879607e-03 -4.980130e-04 8.648457e-02 -5.303005e-02 -6.939193e-03 2.588892e-01 -1.440926e+01 -1.968435e+00 5.268715e+01 338 9.716984e-04
5401 1.252870e-02 -1.027832e-02 2.397421e-01 1.101096e+00 -7.523247e-01 1.160173e+01 7.033275e+00 -4.794392e+00 7.341028e+01 222 3.008798e-03
59193 -1.428521e-02 -3.925502e-03 9.817749e-02 -1.702060e-01 -7.204400e-02 4.598144e-01 -2.590105e+01 -1.131562e+01 6.007393e+01 355 1.215302e-03
46733 3.068251e-03 1.376465e-02 1.083890e-01 6.926391e-02 2.481469e-01 8.670095e-01 5.692050e+00 2.015413e+01 6.523247e+01 704 2.004894e-03
71780 -2.186062e-02 -1.149103e-02 9.740264e-02 -1.446600e-01 -8.401949e-02 2.851727e-01 -3.334202e+01 -1.969265e+01 5.098261e+01 849 2.247315e-03
5570 1.117005e-02 -9.484595e-03 1.160866e-01 2.757416e-02 -2.746636e-02 1.840022e-01 1.138623e+01 -1.248129e+01 4.714076e+01 1234 3.268670e-03
71824 4.957346e-03 6.633080e-03 8.812538e-02 2.436629e-02 3.990600e-02 1.918068e-01 9.790742e+00 1.678436e+01 5.230155e+01 595 1.534362e-03
96935 1.254924e-02 6.000913e-03 9.967719e-02 4.290566e-02 2.440036e-02 1.761394e-01 1.741654e+01 1.055641e+01 4.386904e+01 257 1.353614e-03
84273 -5.281022e-03 2.051706e-03 1.054156e-01 -1.728474e-01 1.181049e-01 8.326913e-01 -1.847702e+01 1.279682e+01 8.019440e+01 718 1.875975e-03
90578 -8.657127e-03 6.771779e-03 1.173294e-01 -1.188627e-01 1.267222e-01 1.098510e+00 -6.121685e+00 6.662989e+00 5.450248e+01 269 1.479274e-03
90639 5.365147e-03 -4.107439e-03 9.918085e-02 9.015289e-02 -7.928103e-02 7.598414e-01 1.056077e+01 -9.363276e+00 8.228883e+01 999 2.198884e-03
5744 -7.277830e-03 -4.958472e-03 1.257649e-01 -4.267104e-02 -4.278021e-02 3.494351e-01 -1.032634e+01 -1.103489e+01 6.525815e+01 875 2.497818e-03
65669 2.069613e-02 -3.898746e-03 1.808233e-01 4.799222e-01 -6.087945e-02 2.799793e+00 1.267811e+01 -1.573098e+00 7.230337e+01 507 2.797806e-03
97059 3.869166e-03 -5.838278e-03 9.109393e-02 2.163110e-02 -3.298120e-02 2.165247e-01 1.224929e+01 -1.871876e+01 8.650174e+01 1286 2.733611e-03
78262 -1.239624e-02 1.207000e-03 8.908057e-02 -2.234428e-01 -2.385680e-03 4.499848e-01 -3.421205e+01 -5.823974e-01 5.850497e+01 468 1.275838e-03
97133 1.757897e-03 4.350458e-03 7.951669e-02 1.328858e-02 3.905576e-02 1.569514e-01 8.110257e+00 2.441043e+01 5.446469e+01 970 2.058009e-03
53106 -5.015887e-03 -1.888262e-02 1.094370e-01 -4.953162e-02 -2.654725e-01 7.183650e-01 -4.646084e+00 -2.573646e+01 6.355350e+01 840 2.199220e-03
5971 -1.785867e-02 2.962939e-03 1.602483e-01 -7.129178e-02 1.825442e-02 3.321608e-01 -1.389016e+01 3.975084e+00 4.468938e+01 333 2.780537e-03
65777 -1.014993e-02 2.629154e-02 1.147660e-01 -2.330345e-01 8.675643e-01 1.766808e+00 -9.065365e+00 3.421701e+01 6.719338e+01 346 1.481531e-03
28316 -8.967517e-05 3.282459e-04 1.100552e-01 -1.588604e-02 6.209014e-03 4.487856e-01 -3.145998e+00 1.171211e+00 6.746142e+01 622 1.909061e-03
15841 5.434620e-03 4.883936e-04 8.888457e-02 7.547271e-02 5.057945e-03 3.992923e-01 1.517742e+01 9.902324e-01 6.726606e+01 548 1.359225e-03
6045 2.196004e-02 -2.787020e-03 1.288587e-01 2.775785e-01 -2.179082e-02 8.983707e-01 1.740606e+01 -1.294043e+00 5.239907e+01 425 2.022998e-03
72093 -7.177310e-03 5.829948e-04 1.151720e-01 -8.483379e-02 3.913816e-02 7.665903e-01 -7.479667e+00 3.713531e+00 6.274289e+01 338 1.471370e-03
65863 -1.198303e-02 1.969542e-02 1.502708e-01 -3.288377e-01 5.508015e-01 2.161969e+00 -1.026392e+01 1.720419e+01 6.516521e+01 1187 3.475281e-03
6130 -2.707033e-02 1.092362e-03 1.843765e-01 -7.342433e-01 3.422218e-02 3.093080e+00 -1.703875e+01 7.982356e-01 7.008281e+01 498 2.608845e-03
72134 3.485185e-03 -1.438907e-02 1.065314e-01 2.140727e-02 -8.964797e-02 3.039434e-01 6.092440e+00 -2.558355e+01 6.710833e+01 901 2.531192e-03
6183 -1.194542e-02 -4.441982e-03 1.838043e-01 -9.844697e-01 -1.121259e+00 1.384171e+01 -5.280198e+00 -6.063619e+00 7.415387e+01 216 2.056001e-03
6202 1.612245e-03 7.664179e-03 8.559553e-02 6.190994e-03 3.189066e-02 1.509955e-01 4.483028e+00 2.372001e+01 6.403275e+01 326 9.170376e-04
90915 -1.733762e-02 -1.236562e-02 2.395787e-01 -1.382440e+00 -9.550834e-01 9.814921e+00 -1.294156e+01 -8.937233e+00 9.077698e+01 1426 4.558643e-03
72183 -6.867915e-03 -2.994409e-03 8.870654e-02 -5.196445e-02 -1.935688e-02 2.534628e-01 -1.666304e+01 -6.045884e+00 6.087696e+01 872 2.104145e-03
78481 1.142882e-02 -4.623278e-03 9.325507e-02 5.740763e-02 -1.574215e-02 2.015277e-01 2.309132e+01 -5.584080e+00 5.437632e+01 851 2.082544e-03
84658 1.498991e-02 -6.718456e-03 1.014468e-01 3.383786e-02 -1.605516e-02 1.374116e-01 3.820145e+01 -1.892382e+01 7.289428e+01 1151 2.704258e-03
9599 2.124283e-02 -7.957050e-04 1.790866e-01 9.738628e-01 -1.286468e-01 6.415573e+00 1.150688e+01 -1.544338e+00 7.533174e+01 1814 5.004551e-03
97348 1.306365e-02 -6.550750e-05 1.112709e-01 3.610900e-01 -2.462024e-02 1.409391e+00 2.259964e+01 -1.594501e+00 8.429548e+01 1036 2.516171e-03
9606 -7.958381e-03 2.591702e-02 1.577448e-01 -9.915856e-01 2.347055e+00 8.552815e+00 -8.318943e+00 1.963083e+01 7.100059e+01 1244 3.658967e-03
72248 5.320010e-03 -1.266903e-03 7.622409e-02 3.648021e-02 -2.278681e-03 1.249733e-01 4.181740e+01 -1.357820e+00 6.542206e+01 1305 2.648194e-03
47276 2.089401e-02 -1.611761e-02 8.273569e-02 1.781532e-01 -1.522506e-01 1.964431e-01 4.053258e+01 -3.508742e+01 2.930736e+01 698 1.709085e-03
22162 8.355929e-03 -2.593164e-03 1.184645e-01 2.898366e-01 -2.871247e-01 2.382300e+00 1.018305e+01 -1.029342e+01 8.189818e+01 469 1.491886e-03
72307 -2.385303e-03 1.483763e-03 9.818195e-02 -3.580656e-02 1.361422e-02 2.265807e-01 -1.277743e+01 4.637648e+00 4.908869e+01 570 1.918406e-03
84748 8.888103e-03 -5.360401e-03 9.221277e-02 5.839584e-02 -3.338227e-02 2.115460e-01 2.191936e+01 -1.240657e+01 5.283433e+01 1004 2.407765e-03
78603 3.544551e-03 1.507040e-03 1.092239e-01 3.695090e-02 2.344229e-02 3.218737e-01 9.372282e+00 6.154021e+00 5.965974e+01 877 2.495924e-03
40944 2.732861e-03 -2.995258e-03 9.313814e-02 9.791846e-02 -8.873072e-02 7.711042e-01 7.894135e+00 -7.110396e+00 5.622653e+01 352 1.100543e-03
22224 -1.795125e-02 1.950820e-02 9.628467e-02 -1.188402e+00 1.149693e+00 2.066273e+00 -3.253557e+01 3.141628e+01 5.476070e+01 720 2.018298e-03
66095 -6.824171e-03 -1.099398e-02 1.136219e-01 -3.092745e-02 -5.471267e-02 3.236825e-01 -7.610776e+00 -1.380448e+01 6.632809e+01 1724 3.861001e-03
16147 1.173315e-02 -1.443357e-02 2.275253e-01 1.719230e-01 -4.310613e-01 2.931796e+00 4.652964e+00 -1.210160e+01 7.854974e+01 1219 4.501577e-03
9741 -1.877981e-03 -3.863480e-03 8.783642e-02 -1.220566e-02 -3.349846e-02 2.343226e-01 -6.732955e+00 -1.932002e+01 9.549920e+01 604 1.381908e-03
78645 -3.162045e-03 -5.859209e-03 1.214590e-01 -1.079848e-01 -2.005867e-01 1.465872e+00 -5.646489e+00 -1.048938e+01 7.241947e+01 1817 4.178676e-03
47424 7.013424e-03 -7.671708e-03 1.074621e-01 5.027218e-02 -3.926404e-02 2.805079e-01 1.490175e+01 -1.088290e+01 5.961070e+01 588 1.860705e-03
66169 -7.219156e-03 3.135241e-03 9.213690e-02 -3.566778e-02 9.551699e-03 1.904582e-01 -2.100918e+01 4.738525e+00 7.260984e+01 929 2.084575e-03
78743 -4.486452e-03 -3.751114e-03 9.376361e-02 -3.496721e-02 -3.480159e-02 2.601227e-01 -1.505517e+01 -1.533656e+01 8.216868e+01 1153 2.444970e-03
59944 5.562413e-03 -6.716318e-03 8.587689e-02 3.654991e-02 -4.083042e-02 1.897267e-01 1.457547e+01 -1.604612e+01 4.884746e+01 1271 2.828529e-03
66233 -1.225130e-02 5.222468e-03 1.153833e-01 -3.006722e-01 1.177979e-01 1.153050e+00 -2.280155e+01 8.899817e+00 8.203429e+01 1031 2.480925e-03
22382 5.917492e-03 6.582061e-03 9.131619e-02 4.109971e-02 3.452256e-02 1.968892e-01 2.208669e+01 1.754048e+01 6.627663e+01 815 1.910809e-03
9896 2.276019e-02 -5.144855e-03 1.085745e-01 3.347363e-01 -4.348083e-02 6.314277e-01 3.937161e+01 -4.838028e+00 6.598446e+01 1118 2.782995e-03
41131 -1.459790e-02 -4.198146e-03 1.150482e-01 -6.046528e-02 -1.748426e-02 2.679287e-01 -2.411756e+01 -6.985984e+00 8.038624e+01 877 2.246236e-03
41137 -2.450752e-02 -5.686617e-03 1.411272e-01 -2.264334e+00 -7.127330e-01 7.344570e+00 -2.398792e+01 -7.572269e+00 7.714687e+01 243 1.524854e-03
91303 -3.052706e-03 -2.599005e-02 1.060334e-01 -7.910206e-03 -8.190677e-02 2.060090e-01 -2.169770e+00 -2.497713e+01 4.465752e+01 587 2.109468e-03
9945 -4.300340e-03 9.858299e-04 7.331930e-02 -3.438323e-02 1.318981e-03 1.142266e-01 -4.210631e+01 4.663041e-01 5.725703e+01 1123 2.184068e-03
91348 3.328186e-03 -1.177241e-02 9.933571e-02 3.692066e-02 -9.379039e-02 3.141390e-01 1.058491e+01 -2.584368e+01 6.768402e+01 957 2.346312e-03
28877 -3.848156e-03 -6.168035e-03 8.481441e-02 -6.346959e-02 -7.248190e-02 2.965574e-01 -2.100038e+01 -2.335765e+01 7.458198e+01 360 9.540217e-04
22480 -1.639374e-02 3.047496e-03 1.710947e-01 -1.425221e-01 3.840050e-02 9.528845e-01 -1.112655e+01 3.118702e+00 6.896640e+01 1444 4.250930e-03
66361 1.727384e-03 -7.743137e-03 7.687396e-02 8.413332e-03 -5.052606e-02 1.332875e-01 6.192173e+00 -3.962329e+01 5.224727e+01 655 1.490746e-03
85056 1.339506e-02 4.842779e-03 1.254671e-01 1.236982e-01 6.928919e-02 6.847121e-01 1.285450e+01 7.510458e+00 6.517331e+01 1366 3.310623e-03
78906 -1.533837e-03 2.387788e-04 9.326519e-02 -2.546741e-02 -2.026423e-02 5.401426e-01 -3.536733e+00 -3.029788e+00 6.603636e+01 263 9.224515e-04
35141 3.024040e-03 -7.811575e-03 7.852190e-02 1.741154e-02 -6.479826e-02 1.616442e-01 1.001455e+01 -3.966607e+01 5.785796e+01 1204 2.400311e-03
35143 -2.118924e-03 8.253248e-04 1.004485e-01 -3.882178e-02 -1.264994e-02 4.156558e-01 -8.377238e+00 -3.075659e+00 7.194444e+01 890 2.130183e-03
78934 5.925438e-03 -6.511439e-03 8.120449e-02 2.150527e-02 -2.396210e-02 1.265356e-01 1.548907e+01 -1.734899e+01 4.506699e+01 314 9.175405e-04
91420 1.729728e-03 -1.223968e-02 1.346123e-01 8.295429e-02 -2.560470e-01 1.930980e+00 3.292315e+00 -9.882362e+00 7.281307e+01 2000 4.681391e-03
16461 2.920808e-02 5.607850e-04 1.636556e-01 4.593011e-01 -3.651624e-02 1.437047e+00 2.563423e+01 -2.209849e+00 7.589613e+01 814 2.940254e-03
16463 -1.986794e-02 -3.891684e-03 2.392948e-01 -9.351881e-01 -1.088759e-01 6.403633e+00 -1.255509e+01 -1.440029e+00 8.455386e+01 1469 4.783827e-03
60174 -9.653421e-03 -9.492282e-03 8.322642e-02 -4.610561e-02 -3.720308e-02 1.321659e-01 -2.939021e+01 -2.234231e+01 3.945832e+01 707 1.700358e-03
16520 -1.127481e-02 4.084419e-03 1.070945e-01 -2.060378e-01 9.155682e-02 7.470123e-01 -1.890599e+01 8.491100e+00 6.211794e+01 483 1.519229e-03
53791 1.544399e-02 1.339296e-02 9.282499e-02 1.304987e-01 1.181852e-01 2.803297e-01 3.289716e+01 2.996285e+01 5.361252e+01 285 1.043641e-03
10106 5.246267e-03 -1.753741e-04 8.992279e-02 1.453493e-01 -3.329283e-02 6.745771e-01 2.151488e+01 -5.085673e+00 8.978229e+01 1859 3.772661e-03
22624 6.880698e-03 -6.742275e-03 8.378282e-02 1.934746e-01 -2.388551e-01 5.714182e-01 1.911615e+01 -2.377946e+01 4.995721e+01 1365 2.859654e-03
41379 1.622283e-02 -1.646784e-02 9.937977e-02 9.748817e-02 -1.054179e-01 2.681283e-01 2.050221e+01 -2.244096e+01 4.257311e+01 378 1.559676e-03
47818 9.469482e-03 -1.277600e-02 1.041072e-01 8.126632e-02 -1.029824e-01 3.601351e-01 1.328349e+01 -1.668954e+01 4.736899e+01 2232 4.952472e-03
35301 -2.587531e-02 7.930317e-03 1.140002e-01 -1.077556e+00 2.055744e-01 2.051720e+00 -3.028237e+01 5.691013e+00 5.579521e+01 476 1.899888e-03
53889 3.391883e-03 -4.979354e-03 1.104903e-01 5.928364e-02 -6.919849e-02 7.712960e-01 6.207560e+00 -7.132432e+00 7.339170e+01 338 1.253546e-03
22716 3.594978e-03 2.016505e-02 9.847561e-02 8.186581e-03 5.693199e-02 1.563459e-01 4.132245e+00 3.308867e+01 5.208078e+01 1200 3.006988e-03
79150 3.125102e-03 2.465479e-03 8.442743e-02 1.712554e-02 4.313351e-02 2.953820e-01 4.240500e+00 1.231767e+01 6.389462e+01 623 1.513929e-03
47890 -2.482021e-02 -8.898342e-03 3.078044e-01 -1.402948e+00 -3.294762e-01 1.262584e+01 -9.815281e+00 -2.283215e+00 8.773135e+01 948 4.842057e-03
91630 -4.715031e-03 4.191017e-03 9.777217e-02 -5.208664e-02 5.263105e-02 3.890441e-01 -1.455371e+01 1.488196e+01 8.948584e+01 344 1.035914e-03
41464 -8.245811e-03 -1.074129e-02 9.135327e-02 -1.078196e-01 -1.159562e-01 3.623079e-01 -2.074679e+01 -2.192217e+01 5.645504e+01 654 1.750091e-03
29179 3.521165e-03 -3.673374e-03 3.125235e-01 2.419615e-02 -2.717980e-02 7.728590e-01 3.133984e+00 -3.563182e+00 6.977919e+01 637 5.029857e-03
72916 -5.990284e-03 7.170973e-03 1.254607e-01 -1.428656e-01 1.679474e-01 1.261136e+00 -9.066552e+00 1.064975e+01 7.522651e+01 504 1.695203e-03
16733 1.183553e-02 -1.074625e-02 1.000383e-01 2.441582e-01 -2.347905e-01 8.071348e-01 2.291595e+01 -2.209938e+01 6.974689e+01 324 1.134637e-03
47963 6.062934e-03 -2.327085e-03 9.117115e-02 6.254670e-02 -3.255925e-02 3.327458e-01 1.742210e+01 -9.324941e+00 7.451234e+01 474 1.224151e-03
35454 -8.628177e-03 9.188933e-03 1.313663e-01 -3.088644e-02 3.193791e-02 3.210063e-01 -6.178864e+00 6.315083e+00 5.264382e+01 528 2.178382e-03
41546 -2.404532e-03 1.584010e-03 8.245881e-02 -3.441696e-02 1.530011e-02 2.411526e-01 -1.657815e+01 7.103099e+00 8.218212e+01 568 1.259055e-03
16826 1.128533e-02 -1.744082e-03 8.847302e-02 1.412634e-01 -1.291780e-02 3.597392e-01 1.850871e+01 -1.591123e+00 3.862796e+01 488 1.552006e-03
85482 2.593929e-03 -2.742908e-03 7.995659e-02 2.576380e-02 -1.857430e-02 1.827701e-01 1.478339e+01 -1.010112e+01 6.559949e+01 193 6.160619e-04
98180 2.962179e-03 -9.359957e-03 8.730572e-02 2.038941e-02 -6.352128e-02 2.289883e-01 6.768618e+00 -2.103589e+01 5.502854e+01 1655 3.612779e-03
66832 1.407260e-03 -1.439821e-03 1.320550e-01 2.366665e-02 -2.957011e-02 7.201086e-01 2.730182e+00 -3.450265e+00 7.212657e+01 870 2.572899e-03
73102 1.511990e-02 1.747773e-02 2.831227e-01 1.888191e+00 1.196196e+00 2.971667e+01 5.090421e+00 3.203387e+00 7.999119e+01 437 3.763900e-03
66851 2.934745e-03 -2.171298e-02 1.314927e-01 2.179643e-02 -2.787368e-01 8.595563e-01 1.900348e+00 -2.589560e+01 7.335368e+01 584 1.997416e-03
73115 -2.950939e-02 -4.348046e-03 1.572844e-01 -2.661679e+00 -3.195067e-01 7.767893e+00 -2.435016e+01 -2.915528e+00 7.040561e+01 358 2.124414e-03
79384 7.150676e-03 2.114169e-03 7.381757e-02 1.254155e-01 3.217048e-02 1.818831e-01 3.689956e+01 9.377805e+00 3.371730e+01 649 1.363740e-03
41696 1.370683e-02 2.648002e-02 1.308446e-01 8.129024e-02 1.663557e-01 4.217970e-01 1.087037e+01 2.249812e+01 4.679785e+01 1161 3.500819e-03
66943 4.566440e-03 -1.638175e-02 9.699661e-02 9.336295e-03 -7.089408e-02 2.171530e-01 2.024421e+00 -2.313611e+01 5.099673e+01 475 1.465639e-03
29469 5.854245e-03 -2.190595e-03 9.800670e-02 5.048695e-02 -5.425071e-03 2.871301e-01 1.831652e+01 -1.327375e+00 7.761311e+01 673 1.766345e-03
85644 3.575353e-03 -2.606949e-03 9.633342e-02 2.120039e-02 -7.790015e-03 4.389810e-01 4.552571e+00 -1.338794e+00 8.850637e+01 690 1.640814e-03
79485 8.938057e-03 1.545761e-03 9.122018e-02 1.526854e-01 4.184246e-02 4.935462e-01 3.095401e+01 8.677339e+00 8.663537e+01 92 5.168305e-04
17000 2.496128e-03 -1.815970e-02 1.357160e-01 -2.242541e-02 -2.100966e-01 8.631822e-01 -2.022823e+00 -1.557906e+01 5.904672e+01 390 2.026621e-03
35712 4.771386e-03 3.420944e-03 8.551814e-02 2.721508e-02 3.121378e-02 1.893703e-01 1.471596e+01 1.822330e+01 6.809416e+01 854 1.903244e-03
17010 5.717580e-03 -2.218195e-02 1.463973e-01 9.642970e-02 -3.749330e-01 1.407941e+00 5.356141e+00 -2.082836e+01 7.448845e+01 710 2.390616e-03
91967 1.768720e-02 -1.888135e-02 1.421122e-01 2.978085e-01 -2.562451e-01 1.104548e+00 1.966476e+01 -1.666315e+01 6.756384e+01 380 1.889251e-03
66981 1.787437e-03 6.735834e-03 9.958440e-02 1.653411e-02 1.632016e-01 9.116469e-01 1.401128e+00 1.486630e+01 7.715662e+01 426 1.255960e-03
60707 -1.907709e-03 1.408031e-02 1.168784e-01 -1.828205e-02 2.075225e-01 8.822737e-01 -1.392333e+00 1.644866e+01 6.508265e+01 428 1.665614e-03
60710 -6.811489e-03 2.441795e-04 1.155032e-01 -4.941024e-02 -9.362755e-04 4.240161e-01 -9.338460e+00 -2.587782e-01 6.763192e+01 680 2.130046e-03
54269 4.879187e-04 1.245120e-02 8.029679e-02 2.473883e-02 2.501512e-01 3.044988e-01 3.434018e+00 3.365919e+01 3.174783e+01 786 1.959080e-03
41829 1.181050e-02 -2.212262e-02 1.514597e-01 3.794579e-01 -5.867805e-01 2.632610e+00 8.583102e+00 -1.318251e+01 5.792499e+01 543 2.643815e-03
17101 2.074968e-02 -7.575056e-03 1.695581e-01 1.353071e-01 -5.269292e-02 7.567715e-01 1.373526e+01 -5.409565e+00 7.040600e+01 519 2.455970e-03
92067 -2.070500e-03 4.935759e-03 8.850784e-02 -1.337758e-02 5.220156e-02 3.056104e-01 -4.492514e+00 1.877958e+01 8.625890e+01 1509 3.035824e-03
85761 -2.484500e-02 7.051955e-03 1.580828e-01 -1.136761e+00 2.317437e-01 4.887432e+00 -1.691192e+01 3.417496e+00 7.193202e+01 153 1.643671e-03
85769 3.097119e-03 -6.970199e-03 8.565276e-02 1.969646e-02 -2.479037e-02 1.419846e-01 1.540342e+01 -1.653628e+01 5.227327e+01 592 1.458152e-03
98451 1.870631e-02 -5.027971e-03 1.155355e-01 8.174927e-02 -1.787115e-02 3.043160e-01 1.978952e+01 -4.031543e+00 5.925921e+01 685 2.149914e-03
10687 -5.965691e-03 1.019326e-02 1.447808e-01 -7.127757e-02 7.009328e-02 6.265022e-01 -1.042700e+01 9.562999e+00 7.690651e+01 485 1.979113e-03
92146 1.547286e-02 6.084374e-04 1.498196e-01 4.603068e-01 -5.228084e-02 2.040805e+00 1.999308e+01 -2.377111e+00 8.499043e+01 700 2.517556e-03
10740 2.463084e-03 1.424550e-03 9.317928e-02 3.577962e-02 9.420454e-03 4.095001e-01 9.060586e+00 2.174523e+00 8.602492e+01 460 1.241658e-03
48459 4.332460e-03 -1.417759e-02 1.148060e-01 1.587035e-02 -7.094470e-02 3.427604e-01 3.616662e+00 -1.779419e+01 7.145447e+01 871 2.276003e-03
23267 7.223425e-04 -3.710326e-03 8.474684e-02 1.353897e-02 -6.743456e-02 3.516604e-01 4.323933e+00 -2.149858e+01 9.004836e+01 536 1.154246e-03
98582 -7.798449e-03 -9.994048e-03 9.739239e-02 -1.309624e-01 -1.614253e-01 5.784796e-01 -1.530731e+01 -1.882049e+01 5.979144e+01 603 1.656264e-03
35990 1.092908e-02 1.382242e-03 1.674525e-01 9.091425e-02 2.484882e-02 9.548938e-01 6.108791e+00 1.792237e+00 6.014007e+01 2955 6.976381e-03
10804 7.224801e-03 9.335236e-03 8.957312e-02 5.263058e-02 9.872726e-02 3.063804e-01 1.126140e+01 2.217074e+01 5.377189e+01 335 1.029455e-03
73515 6.843982e-03 -3.556337e-03 1.221571e-01 3.456100e-02 -2.487158e-02 3.936909e-01 5.797803e+00 -4.458689e+00 5.679903e+01 737 2.453369e-03
98632 4.906587e-04 -7.678415e-03 1.679255e-01 -1.417676e-02 -3.996089e-02 7.356329e-01 -1.813802e+00 -3.992113e+00 7.020380e+01 263 2.052572e-03
92272 1.600057e-02 6.280858e-03 1.173376e-01 7.189096e-02 4.714915e-02 3.216812e-01 1.756498e+01 1.284390e+01 6.422021e+01 823 2.407754e-03
17324 -4.194212e-03 -4.004781e-04 8.771732e-02 -3.095898e-02 -2.323567e-03 1.972595e-01 -1.509409e+01 -1.084533e+00 6.177672e+01 798 1.854711e-03
29836 -1.901142e-03 -1.011042e-02 9.652303e-02 -1.378629e-02 -1.158630e-01 4.482008e-01 -2.077424e+00 -1.848467e+01 6.147034e+01 433 1.325169e-03
98670 -2.083434e-02 -1.817520e-02 1.310112e-01 -1.614328e-01 -1.574532e-01 6.165506e-01 -2.129291e+01 -2.109293e+01 7.353243e+01 229 1.463987e-03
48571 3.412722e-03 -9.778062e-03 1.533215e-01 1.164954e-01 -1.971431e-01 2.874006e+00 2.572845e+00 -4.262911e+00 6.190075e+01 2581 6.108753e-03
98683 6.922535e-03 9.841842e-03 1.029749e-01 2.527633e-01 3.661219e-01 1.446117e+00 1.575443e+01 2.283182e+01 8.607381e+01 762 1.901975e-03
29909 6.408476e-03 8.627473e-03 9.662315e-02 5.299860e-02 6.165693e-02 2.854761e-01 1.466165e+01 1.668807e+01 5.943096e+01 1190 2.799729e-03
54615 -9.152428e-03 -2.195193e-02 1.218760e-01 -2.252873e-01 -5.095272e-01 1.276944e+00 -1.137171e+01 -2.565326e+01 6.077266e+01 707 2.226465e-03
79920 -2.828660e-03 -1.073352e-02 1.096908e-01 -1.387496e-02 -1.495384e-01 5.991499e-01 -1.603430e+00 -2.014827e+01 7.104762e+01 502 1.632463e-03
42184 6.439701e-03 -7.703763e-03 1.013223e-01 2.031128e-02 -2.607491e-02 1.903966e-01 7.639102e+00 -1.011702e+01 4.905340e+01 278 1.301432e-03
23450 2.283702e-02 -1.254823e-02 1.507031e-01 8.769037e-01 -3.623215e-01 3.031988e+00 2.079220e+01 -8.515208e+00 7.014471e+01 325 1.917501e-03
42204 9.450624e-03 -1.883774e-04 1.018077e-01 1.707031e-01 -4.200824e-03 6.706560e-01 2.553230e+01 -6.353203e-01 9.006997e+01 428 1.215415e-03
86102 1.943795e-04 -9.006884e-03 1.114077e-01 2.613860e-02 -1.314061e-01 7.418274e-01 2.843544e+00 -1.341522e+01 6.909540e+01 1700 3.764767e-03
42238 -1.706861e-02 -4.892101e-03 1.652235e-01 -3.728713e-01 -1.081295e-01 2.514599e+00 -1.117096e+01 -3.241292e+00 7.376215e+01 1164 3.488399e-03
17502 8.997896e-03 1.213566e-03 8.957349e-02 1.816110e-01 1.034895e-02 4.597520e-01 2.558293e+01 1.353953e+00 5.486403e+01 1083 2.477507e-03
86164 -1.560531e-02 -1.974385e-02 1.683057e-01 -4.803509e-01 -3.633904e-01 2.284886e+00 -1.748101e+01 -1.292598e+01 7.961341e+01 857 2.922300e-03
23532 2.017421e-02 -2.189818e-02 1.681602e-01 2.316637e-02 -2.571389e-02 1.859156e-01 1.044340e+01 -1.331781e+01 6.197098e+01 964 3.663711e-03
30020 -1.285338e-04 -1.856065e-02 1.034365e-01 -5.041560e-02 -2.726256e-01 5.987242e-01 -5.936760e+00 -2.999424e+01 5.847237e+01 443 1.507826e-03
42282 1.720678e-04 -1.277883e-03 8.594246e-02 6.865238e-03 -4.822761e-02 6.821265e-01 9.879462e-01 -6.930020e+00 8.799982e+01 436 1.026285e-03
54732 -1.474688e-03 -4.224769e-03 8.410074e-02 -2.587427e-02 -3.824197e-02 2.294743e-01 -1.115970e+01 -1.555853e+01 6.648988e+01 630 1.564663e-03
48769 6.573712e-03 2.150559e-02 2.446126e-01 1.186324e-01 5.545272e-01 3.239515e+00 2.629725e+00 1.250863e+01 7.028256e+01 819 4.241188e-03
42305 9.433915e-03 -6.945413e-03 1.183961e-01 7.434785e-02 -3.319976e-02 3.746142e-01 1.685759e+01 -6.818029e+00 6.653764e+01 311 1.500197e-03
73828 -2.828274e-03 1.803632e-02 1.236500e-01 -7.535718e-02 2.498264e-01 7.892926e-01 -5.931643e+00 1.895653e+01 5.443836e+01 869 2.753812e-03
92606 -7.829548e-03 -1.193278e-02 1.064646e-01 -1.442249e-01 -3.017821e-01 9.362487e-01 -1.170440e+01 -2.487263e+01 7.120565e+01 140 8.478039e-04
92625 -9.066827e-03 9.236901e-03 9.656374e-02 -1.052136e-01 1.372057e-01 4.912279e-01 -1.785575e+01 2.376554e+01 7.329445e+01 1325 2.862476e-03
30181 -3.228046e-03 -2.235419e-02 1.708468e-01 -3.058104e-03 -6.249874e-02 3.627733e-01 7.142393e-02 -1.687214e+01 8.066377e+01 461 2.270264e-03
54883 -7.014821e-03 -2.715360e-03 8.644475e-02 -7.143407e-02 -3.482901e-02 2.912020e-01 -1.966537e+01 -9.803386e+00 6.250657e+01 1042 2.335131e-03
23701 2.726144e-04 -2.564810e-03 8.125503e-02 1.954656e-03 -4.526988e-02 2.742538e-01 6.023690e-01 -1.529344e+01 6.911628e+01 1392 2.802017e-03
30214 7.316298e-03 1.568639e-02 1.623985e-01 2.872464e-02 5.609067e-02 3.662287e-01 8.022187e+00 1.514039e+01 7.637975e+01 784 2.840630e-03
99110 2.918724e-04 2.256752e-02 1.185395e-01 1.000394e-02 7.624506e-01 1.788328e+00 3.631681e-01 2.766680e+01 6.243918e+01 981 2.703189e-03
42540 -4.642531e-03 6.485486e-03 7.819556e-02 -3.555476e-02 4.125277e-02 1.504855e-01 -2.080006e+01 2.339403e+01 4.864210e+01 879 1.889488e-03
99168 -1.371017e-02 -2.030277e-02 1.539504e-01 -3.263285e-02 -6.981530e-02 3.358829e-01 -6.164910e+00 -1.613092e+01 5.927264e+01 648 2.813587e-03
86517 1.190305e-02 1.202840e-02 1.225175e-01 2.142230e-02 2.169717e-02 1.643570e-01 1.515503e+01 1.539308e+01 6.661023e+01 705 2.304597e-03
74125 4.883895e-03 -3.442437e-03 3.248264e-01 -2.244108e-01 -2.195610e-02 3.279654e+00 -4.426485e+00 -3.574023e-01 5.704232e+01 201 5.089016e-03
67858 -2.885469e-02 -5.141812e-03 1.500601e-01 -7.247148e-01 -1.062766e-01 1.811502e+00 -2.925195e+01 -4.251413e+00 6.984219e+01 657 2.491849e-03
74143 1.409938e-02 4.160433e-03 1.003668e-01 6.501670e-02 1.347146e-02 2.069643e-01 3.815842e+01 6.977863e+00 7.988623e+01 425 1.194102e-03
55088 -2.513096e-03 -8.866500e-03 8.366545e-02 -1.147363e-02 -3.456075e-02 1.485500e-01 -8.078755e+00 -2.316576e+01 5.849948e+01 459 1.192183e-03
17955 -3.606829e-03 6.386919e-03 9.101057e-02 -1.377483e-02 3.007064e-02 1.677944e-01 -8.220386e+00 1.914726e+01 6.207641e+01 743 1.751057e-03
99328 -1.443708e-04 8.603512e-04 8.657138e-02 -3.071700e-03 -8.680933e-03 3.936173e-01 -7.084672e-01 -2.309165e+00 7.431072e+01 456 1.128705e-03
18037 1.627749e-03 -9.819031e-03 8.888271e-02 7.435350e-03 -6.394676e-02 2.005055e-01 2.297335e+00 -2.141151e+01 4.415505e+01 303 1.193491e-03
93000 4.383121e-03 -1.362215e-03 1.063737e-01 2.923560e-02 -3.722152e-02 9.047984e-01 2.240549e+00 -3.232858e+00 7.198113e+01 578 1.692412e-03
93019 -1.999211e-03 -5.664016e-03 8.788849e-02 -6.746065e-03 -3.582973e-02 1.830504e-01 -3.267284e+00 -2.076322e+01 6.550047e+01 921 2.072357e-03
42818 -5.235604e-03 5.768423e-03 8.088974e-02 -2.489446e-02 3.153018e-02 1.514453e-01 -1.943204e+01 2.546453e+01 6.974149e+01 205 6.279841e-04
99429 -2.369778e-02 1.533137e-02 1.134813e-01 -1.523473e-01 8.159821e-02 3.346092e-01 -3.676562e+01 1.893781e+01 6.319417e+01 1154 2.955164e-03
99438 1.382492e-02 -6.672811e-03 1.089879e-01 3.936337e-01 -1.725496e-01 1.301996e+00 2.040960e+01 -8.913638e+00 6.410808e+01 1853 4.142212e-03
80629 2.205787e-02 -7.816765e-03 3.282687e-01 6.328994e+00 -3.407704e+00 5.346377e+01 7.968762e+00 -4.295730e+00 6.713627e+01 678 5.335800e-03
86791 2.327290e-02 -6.749443e-03 9.686761e-02 8.702319e-02 -2.433929e-02 1.705521e-01 3.635279e+01 -1.003039e+01 4.201765e+01 1068 2.761399e-03
42859 -1.271943e-02 9.253748e-03 2.026545e-01 -2.538610e-01 4.159843e-01 5.619609e+00 -3.556567e+00 5.998817e+00 7.989397e+01 395 2.563942e-03
36886 -1.419758e-04 4.008763e-04 1.682647e-01 -2.212997e-02 5.398032e-02 2.898467e+00 -4.895955e-01 1.193026e+00 6.079203e+01 603 2.886157e-03
18233 -1.116706e-02 -2.053407e-02 1.067268e-01 -5.204471e-01 -8.907007e-01 1.785374e+00 -1.848792e+01 -3.158885e+01 6.093838e+01 1173 2.881953e-03
68180 -1.660728e-03 -5.625031e-03 7.883223e-02 -9.509469e-03 -3.292796e-02 1.382646e-01 -5.564777e+00 -1.935784e+01 4.213769e+01 834 1.828809e-03
80705 2.206698e-02 3.806654e-03 1.032239e-01 9.077374e-01 2.032964e-01 1.395917e+00 3.914277e+01 8.816579e+00 5.713141e+01 1188 2.872751e-03
18256 -8.064411e-03 8.326401e-03 2.126972e-01 -4.124772e-02 2.173869e-02 5.156076e-01 -7.062246e+00 2.854475e+00 6.446699e+01 474 3.288815e-03
68216 4.301437e-03 1.231481e-03 7.699989e-02 3.723375e-02 1.722098e-02 1.556713e-01 2.548765e+01 1.237491e+01 6.088697e+01 406 9.737667e-04
86920 -8.564508e-03 -2.227851e-02 1.298350e-01 -1.833234e-01 -4.640656e-01 1.246569e+00 -9.356143e+00 -2.365214e+01 5.978704e+01 1087 3.037466e-03
68266 9.958330e-03 -8.068067e-03 9.919943e-02 4.549998e-02 -2.980656e-02 1.977479e-01 2.525478e+01 -1.544669e+01 7.002548e+01 1344 2.994843e-03
74585 -2.147402e-03 -1.002466e-02 1.067113e-01 -1.085410e-02 -7.524964e-02 3.696020e-01 -1.710088e+00 -1.281087e+01 5.163450e+01 778 2.343448e-03
55525 6.869071e-03 2.583787e-02 1.305695e-01 1.631926e-02 8.579541e-02 3.009079e-01 3.245029e+00 2.058836e+01 5.849120e+01 700 2.394441e-03
18412 1.452464e-02 -6.208628e-03 1.171615e-01 5.694589e-01 -1.291520e-01 1.911054e+00 2.141428e+01 -4.744247e+00 6.922428e+01 976 2.472479e-03
80885 -3.989891e-03 -3.436221e-03 7.763061e-02 -3.035831e-02 -2.400605e-02 1.625038e-01 -1.601590e+01 -1.249390e+01 5.155109e+01 1103 2.355844e-03
37133 5.426215e-03 3.071910e-03 7.654676e-02 3.398376e-02 1.816388e-02 1.313054e-01 2.507662e+01 1.325238e+01 4.808404e+01 557 1.314011e-03
37153 -2.731401e-03 6.569426e-03 9.985600e-02 -2.585528e-02 5.773346e-02 4.541118e-01 -4.631511e+00 1.024771e+01 7.095433e+01 512 1.463984e-03
18458 3.439038e-03 -5.219124e-03 8.963559e-02 2.018385e-02 -2.233302e-02 1.619324e-01 1.361547e+01 -1.391557e+01 5.878563e+01 841 2.033053e-03
18463 1.360185e-02 6.900245e-03 1.148276e-01 3.728433e-02 1.190664e-02 1.787615e-01 1.955407e+01 4.133664e+00 5.278869e+01 1285 3.272196e-03
11918 -5.127780e-03 1.952691e-02 1.586765e-01 -6.842491e-03 3.276605e-02 2.521473e-01 -1.347888e+00 1.040693e+01 7.347485e+01 583 2.496673e-03
80965 -2.635271e-02 -1.265683e-02 1.468432e-01 -8.998389e-01 -1.603597e-01 2.298704e+00 -2.116762e+01 -3.579358e+00 5.214711e+01 763 3.197048e-03
74724 6.739571e-03 -2.844498e-03 1.452422e-01 1.587809e-01 -5.106607e-02 1.968612e+00 5.392056e+00 -1.710149e+00 6.466473e+01 679 2.602270e-03
18504 1.195265e-02 -2.972008e-03 9.833174e-02 1.669491e-01 -3.580643e-02 5.241495e-01 2.519656e+01 -5.337634e+00 6.922184e+01 1028 2.285758e-03
55652 2.469440e-03 2.315187e-02 1.620492e-01 4.138634e-01 1.058333e+00 5.941793e+00 4.682170e+00 1.178164e+01 6.578060e+01 495 2.475390e-03
74777 -1.734523e-03 -7.663111e-03 8.754313e-02 -5.613539e-03 -3.781754e-02 1.862666e-01 -2.161400e+00 -1.680215e+01 5.500907e+01 795 1.881671e-03
93509 8.731425e-03 2.940677e-03 9.257753e-02 6.261991e-02 3.033675e-02 2.668088e-01 1.609076e+01 8.180297e+00 5.202436e+01 566 1.597658e-03
68536 -1.401941e-03 1.770414e-02 1.154696e-01 -1.360212e-02 8.925910e-02 3.162481e-01 -3.421094e+00 2.006498e+01 5.630100e+01 1797 4.110524e-03
31117 2.700914e-03 7.488551e-03 1.139050e-01 2.919168e-02 7.092410e-02 3.668134e-01 7.975540e+00 1.909846e+01 7.614280e+01 846 2.204951e-03
31128 8.292501e-03 3.759364e-03 8.698428e-02 1.858765e-01 1.014423e-01 5.179228e-01 2.623091e+01 1.442873e+01 6.365389e+01 392 1.072164e-03
18666 -1.838778e-03 1.248736e-02 9.933494e-02 -1.499073e-02 7.086692e-02 2.489740e-01 -6.015341e+00 2.670119e+01 6.844076e+01 513 1.580691e-03
74892 -4.625197e-03 -5.317721e-03 1.073402e-01 -4.368238e-02 -2.004515e-02 5.072312e-01 -4.257755e+00 -1.605487e+00 4.359346e+01 887 2.751942e-03
31144 -3.708032e-03 7.292549e-03 9.647366e-02 -7.498363e-02 5.876352e-02 4.146701e-01 -1.202046e+01 8.680460e+00 5.366309e+01 1656 3.610235e-03
87314 8.198609e-03 -4.463825e-03 8.202988e-02 5.703789e-02 -2.284013e-02 1.672331e-01 3.100761e+01 -1.166695e+01 5.409474e+01 375 1.027756e-03
37414 -1.658233e-04 -4.076543e-03 1.017409e-01 -5.278175e-03 -5.206076e-02 3.308552e-01 -1.597662e+00 -1.499556e+01 7.160057e+01 595 1.687780e-03
43371 3.381669e-03 -2.762532e-03 8.948575e-02 2.567258e-02 -2.166595e-02 1.965377e-01 1.652274e+01 -1.401182e+01 7.935034e+01 386 1.043449e-03
93654 1.407728e-02 -2.136919e-02 1.096865e-01 1.040806e-01 -1.726861e-01 4.051655e-01 1.509312e+01 -2.537511e+01 4.955038e+01 1009 2.795772e-03
55815 -2.005416e-02 -5.027252e-03 1.145604e-01 -3.276361e-02 -9.188338e-03 1.424417e-01 -2.438513e+01 -7.983713e+00 5.349472e+01 2247 4.983559e-03
49993 -1.510482e-03 8.104271e-03 8.897635e-02 -6.572229e-03 1.121327e-01 3.524916e-01 -1.201571e+00 2.469454e+01 6.255396e+01 1243 2.564212e-03
24775 6.992671e-03 -5.808552e-03 1.298486e-01 1.412905e-01 -2.924615e-01 2.557316e+00 4.831562e+00 -1.031276e+01 8.733170e+01 668 2.078094e-03
24852 -1.391365e-03 -1.667507e-02 1.013081e-01 -2.798415e-02 -9.149186e-01 1.892657e+00 -1.008767e+00 -3.407386e+01 6.795278e+01 1356 3.033637e-03
12435 -7.253014e-03 -7.706606e-03 9.671811e-02 -1.644584e-01 -2.036386e-01 7.542837e-01 -1.918809e+01 -2.391495e+01 8.026076e+01 759 1.869364e-03
56217 -1.184446e-02 4.480647e-03 1.059650e-01 -1.078419e-01 2.480951e-02 4.347059e-01 -1.415709e+01 2.997970e+00 4.848059e+01 427 1.671542e-03
