/n/home03/calmiller/DSMC_Simulations/10_2_21_atoms/flow_2.00000_T2_0.70000/data
running....
idx x y z xnext ynext znext vx vy vz collides time
313464 -2.340713e-02 -1.909098e-04 6.735557e-02 -5.232975e-02 7.821490e-03 7.321764e-02 -2.100544e+01 5.819113e+00 4.257412e+00 59 2.237388e-03
380114 1.106288e-03 1.737905e-03 1.128528e-01 5.826079e-03 -6.592328e-04 1.913954e-01 1.476746e+00 -7.500252e-01 2.457470e+01 101 6.646876e-03
380114 5.826079e-03 -6.592328e-04 1.913954e-01 8.787182e-03 -4.289559e-04 2.573615e-01 1.640518e+00 1.275787e-01 3.654674e+01 102 8.451856e-03
380114 8.787182e-03 -4.289559e-04 2.573615e-01 8.817710e-01 4.324564e-02 6.422947e+01 6.045610e-01 3.024564e-02 4.430213e+01 102 8.451856e-03
324183 2.280406e-03 -2.047428e-03 1.172261e-01 3.517630e-02 9.444806e-02 4.519086e-01 4.885981e+00 1.433234e+01 4.970993e+01 45 1.686917e-03
575347 -4.512731e-04 -4.711480e-03 1.124787e-01 -2.507822e-03 -2.619354e-03 1.513248e-01 -1.958638e+00 1.992521e+00 3.699658e+01 60 3.189460e-03
575347 -2.507822e-03 -2.619354e-03 1.513248e-01 1.526222e-01 1.685544e-01 3.062449e+00 1.963869e+00 2.166974e+00 3.685339e+01 60 3.189460e-03
767515 5.731250e-05 -1.959914e-03 1.088708e-01 -4.409379e-04 -2.225286e-03 1.126601e-01 -7.370546e+00 -3.925599e+00 5.605428e+01 30 1.234205e-03
767515 -4.409379e-04 -2.225286e-03 1.126601e-01 -3.650294e-03 -6.928897e-03 1.446956e-01 -3.440776e+00 -5.042779e+00 3.434548e+01 31 2.166947e-03
767515 -3.650294e-03 -6.928897e-03 1.446956e-01 -1.465110e+00 -3.685546e+00 8.251557e+00 -6.675914e+00 -1.680383e+01 3.703195e+01 31 2.166947e-03
206431 1.157408e-02 -2.232385e-02 6.596479e-02 1.019127e-01 -9.332778e-02 4.740671e-02 2.684037e+01 -2.109588e+01 -4.993951e+00 102 3.061593e-03
644680 -2.536391e-02 -9.989797e-03 6.607209e-02 -3.792310e-02 6.695874e-03 6.670276e-02 -2.705288e+01 3.594146e+01 1.358481e+00 77 2.710898e-03
275406 3.965977e-03 -3.866045e-03 1.180589e-01 2.572993e-03 -1.980605e-02 1.560049e-01 -1.542950e+00 -1.765608e+01 4.203111e+01 72 3.838380e-03
275406 2.572993e-03 -1.980605e-02 1.560049e-01 9.626143e-02 -5.721040e-01 1.522445e+00 2.915135e+00 -1.718486e+01 4.251707e+01 72 3.838380e-03
649385 7.354284e-04 -1.801776e-03 1.109575e-01 -1.948855e-02 -5.176652e-02 2.174758e-01 -9.136500e+00 -2.257235e+01 4.812131e+01 107 3.468063e-03
775447 3.606676e-03 -1.731526e-03 1.094326e-01 2.723935e-03 -1.818021e-03 1.920983e-01 -5.813805e-01 -5.696625e-02 5.444430e+01 46 3.329938e-03
775447 2.723935e-03 -1.818021e-03 1.920983e-01 1.067303e+00 8.011220e-01 8.519018e+00 7.730180e+00 5.830354e+00 6.046391e+01 46 3.329938e-03
215209 -1.452034e-02 -2.058009e-02 6.657802e-02 -1.733765e-01 -2.276501e-01 7.340879e-02 -3.911168e+01 -5.098233e+01 1.681790e+00 47 1.520463e-03
967399 7.042278e-03 1.003796e-02 1.229237e-01 1.640342e+00 1.393130e+00 4.417840e+00 1.371246e+01 1.161183e+01 3.605823e+01 64 2.433245e-03
469779 1.332755e-03 9.764743e-04 1.184899e-01 -9.340200e-02 1.060769e-01 7.427700e-01 -6.435611e+00 7.139778e+00 4.240918e+01 54 2.661016e-03
98043 4.893862e-03 1.582501e-02 1.084720e-01 -4.249915e-01 2.402682e+00 1.789436e+00 -3.457982e+00 1.919980e+01 1.352161e+01 147 5.810355e-03
848640 3.319115e-03 1.401397e-02 6.686564e-02 1.267119e-02 3.074691e-02 6.711252e-02 2.433433e+01 4.353952e+01 6.424028e-01 100 2.999045e-03
660765 1.373822e-02 -1.236620e-02 6.665897e-02 2.094840e-02 -2.351462e-02 6.940367e-02 2.626735e+01 -4.061469e+01 9.999199e+00 85 2.284985e-03
790616 -5.844572e-03 -2.709674e-02 6.613307e-02 7.445710e-02 -7.657625e-01 4.087141e-02 6.014299e+00 -5.532334e+01 -1.735761e+00 55 2.228843e-03
293499 -3.869254e-03 2.866069e-03 1.096910e-01 -4.555756e-03 2.760639e-03 1.105148e-01 -1.396282e+01 -2.144369e+00 1.675406e+01 58 2.586462e-03
293499 -4.555756e-03 2.760639e-03 1.105148e-01 -2.461282e-02 -3.966321e-04 1.287261e-01 -2.187183e+01 -3.442942e+00 1.985910e+01 59 3.503489e-03
293499 -2.461282e-02 -3.966321e-04 1.287261e-01 -4.951541e+00 -8.811610e-01 4.315298e+00 -2.289797e+01 -4.093365e+00 1.945715e+01 59 3.503489e-03
419593 2.796856e-03 1.927009e-03 1.093412e-01 4.680791e-02 -3.704715e-03 1.267626e-01 1.726554e+01 -2.209325e+00 6.834414e+00 83 3.132760e-03
546709 -2.852159e-02 -8.004997e-03 6.639489e-02 -7.297898e-01 -3.145164e-01 -1.022289e-01 -4.241064e+01 -1.853691e+01 -1.004004e+01 45 1.681789e-03
746468 -4.617470e-04 1.650247e-03 1.097357e-01 -1.652378e-03 9.338921e-04 1.130054e-01 -2.910860e+01 -1.751347e+01 7.993694e+01 31 1.068995e-03
746468 -1.652378e-03 9.338921e-04 1.130054e-01 -4.847214e-02 -3.627678e-02 2.740370e-01 -2.316114e+01 -1.840765e+01 7.966027e+01 31 1.068995e-03
497805 4.800876e-03 -7.707851e-04 1.101615e-01 5.531066e-02 -1.441026e-02 1.536309e-01 3.127913e+01 -8.446503e+00 2.691922e+01 201 5.902389e-03
560392 -9.352688e-03 -7.329762e-03 1.180219e-01 -7.347013e-02 -8.305481e-02 2.105584e-01 -1.217864e+01 -1.438342e+01 1.757664e+01 109 4.387962e-03
373967 -6.420246e-03 2.274937e-02 6.518450e-02 -1.310715e-02 4.232523e-02 6.609656e-02 -7.374357e+00 2.158837e+01 1.005823e+00 151 4.810049e-03
187278 1.967142e-02 7.861256e-03 6.658925e-02 3.407365e-02 1.379259e-02 6.555404e-02 4.832199e+01 1.990064e+01 -3.473336e+00 96 2.858381e-03
