/n/home03/calmiller/DSMC_Simulations/5_29_20_cold_guided/flow_4.00000_gap_0.00800_len_0.08000_T1_2.00000_T2_0.50000/data
running....
idx x y z xnext ynext znext vx vy vz collides time
375138 -4.399144e-03 2.142037e-02 7.290554e-02 -8.651721e-03 4.059383e-02 8.108095e-02 -7.044861e+00 3.176295e+01 1.354346e+01 3007 1.196814e-02
750767 1.820417e-02 1.710836e-02 7.369673e-02 2.273088e-02 2.109995e-02 7.524378e-02 2.696889e+01 2.378074e+01 9.216941e+00 2908 1.144247e-02
501181 8.447759e-03 -2.738094e-02 7.147681e-02 1.029570e-02 -3.441141e-02 7.234919e-02 4.619744e+00 -1.757576e+01 2.180911e+00 5387 2.440799e-02
501352 2.519024e-02 -7.184089e-03 6.668304e-02 3.367514e-02 -9.539840e-03 6.569962e-02 1.825765e+01 -5.069064e+00 -2.116112e+00 913 8.715597e-03
376324 1.690783e-02 -2.364414e-02 7.292205e-02 2.868540e-02 -5.923077e-02 7.826555e-02 1.078900e+01 -3.259961e+01 4.894986e+00 1816 7.699041e-03
502443 -1.815197e-02 1.961375e-02 6.736607e-02 -5.032558e-02 4.304973e-02 5.072446e-02 -1.977868e+01 1.440724e+01 -7.431983e+00 2705 1.549093e-02
377555 -2.432674e-02 -1.036570e-02 6.736000e-02 -2.834825e-02 -1.113821e-02 6.170255e-02 -2.219939e+01 -4.264365e+00 -6.168512e+00 3016 1.603089e-02
377638 -1.162718e-02 2.505170e-02 7.210631e-02 -2.787502e-02 4.826136e-02 7.181292e-02 -1.679852e+01 2.399629e+01 -3.033320e-01 829 3.906262e-03
627636 -2.048989e-02 1.039396e-02 6.902730e-02 -2.973464e-02 1.427909e-02 6.895160e-02 -3.576312e+01 1.502954e+01 -2.928768e-01 1546 6.160191e-03
752997 -1.775220e-02 2.335480e-02 7.049368e-02 -4.115938e-02 5.865866e-02 7.638373e-02 -1.318148e+01 1.988096e+01 3.316916e+00 1441 6.320512e-03
4368 2.122417e-02 -1.794099e-02 7.079611e-02 5.768784e-02 -4.125881e-02 6.584542e-02 3.657249e+01 -2.338740e+01 -4.965459e+00 3119 1.215886e-02
878291 2.505862e-02 -1.170018e-02 6.625469e-02 5.209869e-02 -2.522600e-02 5.766412e-02 2.597806e+01 -1.299460e+01 -6.015286e+00 2311 9.965296e-03
253580 1.228006e-02 3.157578e-03 6.911527e-02 3.229231e-02 7.541775e-03 6.624611e-02 3.310793e+01 7.253141e+00 -4.746700e+00 1357 5.819525e-03
128271 1.625337e-02 -1.359486e-02 7.030710e-02 2.672613e-02 -2.626733e-02 7.683639e-02 2.395162e+01 -2.898243e+01 1.493276e+01 2389 1.141340e-02
878713 2.130976e-02 -1.999980e-03 7.219117e-02 3.564211e-02 -1.016526e-03 7.032435e-02 3.140423e+01 2.154890e+00 -4.090482e+00 1033 4.251979e-03
753663 -2.418683e-02 9.631902e-03 6.524885e-02 -3.019867e-02 1.278424e-02 6.375087e-02 -3.138501e+01 1.645688e+01 -6.161724e+00 1367 5.775058e-03
128621 1.324706e-02 -2.224693e-02 6.621911e-02 2.437680e-02 -3.234746e-02 6.554043e-02 1.092931e+01 -9.918651e+00 -6.664620e-01 2542 1.450992e-02
6312 1.292833e-02 2.405266e-02 7.335165e-02 1.798819e-02 3.047952e-02 7.348610e-02 1.513005e+01 1.921766e+01 4.020490e-01 1070 5.204521e-03
379472 8.304528e-04 -2.797133e-02 6.509855e-02 8.891952e-03 -4.207984e-02 6.362099e-02 1.155974e+01 -2.023082e+01 -2.094221e+00 1946 9.160758e-03
379503 -2.132921e-02 -1.357654e-02 6.862525e-02 -4.671789e-02 -3.106594e-02 6.755031e-02 -4.158665e+01 -2.864763e+01 -1.760742e+00 2889 1.134993e-02
629687 2.205652e-02 9.322497e-03 6.893159e-02 3.510802e-02 1.548521e-02 6.742638e-02 3.967448e+01 1.873366e+01 -4.575609e+00 4052 1.564779e-02
256072 -2.748798e-02 4.249749e-03 6.933229e-02 -8.347039e-02 1.028785e-02 6.651336e-02 -4.732498e+01 5.104339e+00 -2.382998e+00 1805 7.171224e-03
256323 1.092987e-02 -1.894763e-02 7.055629e-02 2.610130e-02 -3.417043e-02 8.222228e-02 2.534489e+01 -2.543069e+01 1.948882e+01 6744 2.612771e-02
256584 2.896777e-03 -1.253767e-02 1.741506e-01 1.185107e-01 -2.154069e-01 5.961604e-01 4.496008e+00 -7.889202e+00 1.641116e+01 1575 1.409871e-02
881660 2.166594e-02 3.604092e-03 6.782716e-02 3.195950e-02 4.000319e-03 6.705411e-02 2.221536e+01 8.551276e-01 -1.668367e+00 1317 9.889137e-03
257490 2.225933e-02 -1.141602e-02 7.168798e-02 3.158538e-02 -1.516290e-02 5.603747e-02 2.574841e+01 -1.034480e+01 -6.776806e+00 5167 2.065256e-02
257522 -6.712331e-03 -2.296556e-02 6.913052e-02 -8.757829e-03 -3.543445e-02 7.111117e-02 -4.768659e+00 -2.906867e+01 4.617481e+00 2922 1.164320e-02
882603 -1.518767e-02 -1.236326e-02 7.201409e-02 -3.409600e-02 -2.687799e-02 7.538042e-02 -2.540598e+01 -1.950258e+01 4.523130e+00 1420 5.868598e-03
382491 -2.282474e-02 4.658401e-03 6.798742e-02 -4.420107e-02 1.409632e-03 7.019864e-02 -2.693983e+01 -4.094307e+00 2.786716e+00 1286 5.878838e-03
10778 1.773616e-02 -2.168497e-02 7.391168e-02 7.559433e-02 -8.071497e-02 1.010440e-01 2.616644e+01 -2.669640e+01 1.227061e+01 4803 1.862717e-02
758160 2.136201e-02 -4.199710e-03 6.769714e-02 3.154446e-02 4.930829e-04 6.905969e-02 1.539208e+01 7.093763e+00 2.059672e+00 4923 2.923070e-02
883386 2.424536e-02 7.831952e-03 6.579558e-02 3.884878e-02 1.816823e-02 4.626783e-02 1.891529e+01 1.338820e+01 -2.346577e+01 2917 1.655643e-02
758677 -1.223541e-02 1.662151e-02 2.800882e-01 -1.058859e+00 9.851893e-01 1.027867e+01 -3.060556e+00 2.832305e+00 2.923806e+01 2590 2.635352e-02
758743 1.686418e-02 1.735694e-02 6.925169e-02 2.861612e-02 3.000587e-02 7.468910e-02 2.782193e+01 2.994551e+01 1.287271e+01 475 2.311015e-03
509207 1.553947e-02 -2.056989e-02 7.438261e-02 3.753427e-02 -3.939097e-02 8.629941e-02 2.831748e+01 -2.423144e+01 1.534245e+01 5031 1.980761e-02
634010 -1.480683e-02 1.070087e-02 1.822063e-01 -4.365667e-01 6.876121e-01 1.255889e+00 -9.232843e+00 1.481842e+01 2.350423e+01 2770 2.180368e-02
133899 -2.456865e-02 -1.380034e-02 7.116773e-02 -6.881369e-02 -4.001812e-02 6.927433e-02 -3.313044e+01 -1.963173e+01 -1.417765e+00 1809 7.786444e-03
634187 1.438841e-02 -2.595820e-02 6.671652e-02 1.896449e-02 -3.212079e-02 6.022684e-02 1.525714e+01 -2.054672e+01 -1.079132e+01 817 4.225984e-03
13510 -1.970885e-02 2.160120e-03 7.023337e-02 -3.709551e-02 4.737154e-03 7.300230e-02 -4.735294e+01 7.018607e+00 7.541234e+00 2085 8.157161e-03
635186 9.186162e-03 2.202863e-02 7.246857e-02 2.207065e-02 3.913182e-02 7.905402e-02 8.496198e+00 1.127806e+01 4.342531e+00 4681 2.035490e-02
635414 -2.907005e-03 2.655722e-02 6.803342e-02 -9.432430e-03 6.288302e-02 6.530057e-02 -5.228316e+00 2.910503e+01 -2.189626e+00 1588 7.013818e-03
511522 1.840465e-02 4.700171e-03 6.649243e-02 3.433197e-02 6.514549e-03 6.551390e-02 3.928233e+01 4.474894e+00 -2.413414e+00 1375 5.775854e-03
136695 5.353262e-03 -2.836892e-02 6.876695e-02 6.331808e-03 -7.143800e-02 5.187999e-02 6.134469e-01 -2.699987e+01 -5.976246e+00 1121 9.688113e-03
136756 -4.911680e-03 -2.367180e-02 6.589221e-02 -1.182304e-02 -4.139680e-02 6.832072e-02 -1.029039e+01 -2.639092e+01 3.615820e+00 2503 1.359205e-02
137197 6.672068e-03 -2.643669e-02 6.586083e-02 7.713185e-03 -2.909342e-02 6.371979e-02 8.529574e+00 -2.176582e+01 -4.910590e+00 2959 1.329574e-02
888269 1.478297e-02 2.158966e-02 7.895165e-02 2.783283e-02 4.803574e-02 1.170929e-01 4.218922e+00 8.549819e+00 1.233077e+01 1596 7.528825e-03
387814 1.006474e-02 -2.301351e-02 6.568470e-02 1.616213e-02 -3.566149e-02 5.950996e-02 1.229577e+01 -2.550543e+01 -1.005323e+01 1312 1.319535e-02
137555 2.001963e-02 -5.913610e-03 6.827532e-02 2.831536e-02 -1.124333e-02 6.583006e-02 2.235237e+01 -1.436063e+01 -6.588597e+00 2342 9.699496e-03
889302 -2.382255e-02 -1.500500e-02 6.894885e-02 -2.740028e-02 -1.759225e-02 6.001729e-02 -2.479720e+01 -1.793220e+01 -8.413236e+00 2427 9.632088e-03
138339 2.319483e-02 1.435918e-03 6.679136e-02 3.037101e-02 -2.722418e-03 6.807539e-02 1.851659e+01 -1.072970e+01 3.313165e+00 2284 1.209227e-02
21325 -2.286845e-02 1.043189e-02 7.305748e-02 -3.385857e-02 7.192704e-03 8.149897e-02 -1.418344e+01 -4.180376e+00 1.089427e+01 4400 1.887936e-02
515611 -2.047826e-03 1.949361e-02 7.089398e-02 -2.033447e-03 3.881456e-02 7.648718e-02 2.585181e-02 3.473607e+01 1.005571e+01 494 2.575802e-03
21657 6.589015e-03 6.499725e-03 1.732246e-01 4.201402e-02 4.158021e-02 2.507033e-01 1.005708e+01 9.959272e+00 2.199605e+01 1504 1.533684e-02
765617 8.030006e-03 2.139445e-02 6.528577e-02 9.178550e-03 3.320957e-02 6.594206e-02 2.069052e+00 2.128440e+01 1.182279e+00 3246 1.538226e-02
765850 -3.639792e-03 2.121712e-02 7.186301e-02 -5.665788e-03 4.003956e-02 7.331683e-02 -3.075011e+00 2.856828e+01 2.206576e+00 1461 6.021060e-03
21974 1.450704e-02 1.888183e-02 7.035899e-02 1.848712e-02 2.726888e-02 7.103187e-02 7.663164e+00 1.614825e+01 1.295545e+00 1546 9.718321e-03
22453 -1.731760e-02 -1.565850e-02 6.707849e-02 -2.242768e-02 -2.302284e-02 6.966399e-02 -1.447721e+01 -2.086371e+01 7.324901e+00 3371 1.868250e-02
766504 -5.247136e-03 2.413363e-02 6.840805e-02 -6.947579e-03 3.716868e-02 6.720341e-02 -3.665896e+00 2.810157e+01 -2.597030e+00 1760 7.636150e-03
891744 -1.632572e-02 2.403359e-02 7.454447e-02 -3.622188e-02 6.116757e-02 1.011399e-01 -1.269828e+01 2.369994e+01 1.697394e+01 1863 7.845693e-03
766801 2.171610e-02 5.851571e-03 7.280462e-02 3.118228e-02 8.528118e-03 7.476419e-02 2.353012e+01 6.653110e+00 4.870912e+00 2685 1.122342e-02
391361 1.172660e-02 -1.575545e-02 6.653497e-02 2.340782e-02 -2.198341e-02 6.517215e-02 2.774412e+01 -1.479204e+01 -3.236825e+00 778 4.937984e-03
140939 1.371729e-02 -2.204838e-02 7.029464e-02 1.641998e-02 -2.549135e-02 6.978064e-02 1.687355e+01 -2.149531e+01 -3.209018e+00 2827 1.180692e-02
23986 2.868161e-02 -2.135799e-03 6.671865e-02 4.081974e-02 1.703178e-04 6.786444e-02 2.928669e+01 5.564164e+00 2.764548e+00 1853 1.095533e-02
267549 -3.504392e-03 2.907615e-02 6.539002e-02 -6.248918e-03 3.840289e-02 6.601232e-02 -7.294542e+00 2.478907e+01 1.653967e+00 3133 1.865814e-02
392265 -2.314825e-02 -1.393428e-02 7.024212e-02 -3.148425e-02 -1.622645e-02 7.048308e-02 -1.850203e+01 -5.087556e+00 5.348363e-01 2423 1.359463e-02
25222 4.325383e-03 2.187322e-02 7.232924e-02 6.763415e-04 3.936114e-02 7.199363e-02 -6.987997e+00 3.348977e+01 -6.426902e-01 1030 4.483185e-03
893278 -1.985663e-02 -1.276227e-02 7.248150e-02 -5.233935e-02 -3.300991e-02 7.642361e-02 -2.087052e+01 -1.300934e+01 2.532847e+00 1406 8.163809e-03
268491 3.802635e-03 2.164556e-02 6.944299e-02 6.849048e-03 3.171251e-02 6.692113e-02 8.554094e+00 2.826725e+01 -7.081189e+00 1810 9.736693e-03
268507 5.869564e-03 -2.266498e-02 7.098699e-02 9.754087e-03 -3.308103e-02 7.398125e-02 8.774271e+00 -2.352754e+01 6.763379e+00 2593 1.082816e-02
268740 2.478014e-02 9.475795e-03 7.173221e-02 3.969888e-02 1.190415e-02 7.181880e-02 2.093531e+01 3.407682e+00 1.215105e-01 2104 1.147352e-02
642995 -3.614424e-03 1.375970e-02 2.062012e-01 -1.540951e-02 4.147372e-02 3.198902e-01 -1.892859e+00 4.447509e+00 1.824465e+01 3302 2.125584e-02
393100 -1.879494e-02 -7.347736e-03 6.998268e-02 -3.298631e-02 -1.148548e-02 6.928287e-02 -2.098485e+01 -6.118498e+00 -1.034810e+00 2047 1.529132e-02
643131 2.319511e-02 1.723635e-03 6.825185e-02 3.867420e-02 4.522905e-03 6.696280e-02 2.589590e+01 4.683067e+00 -2.156519e+00 2407 9.841756e-03
894137 2.700235e-02 -5.284351e-03 6.959768e-02 4.178131e-02 -9.604936e-03 5.020713e-02 2.736050e+01 -7.998761e+00 -1.920773e+01 1807 1.251111e-02
393649 6.078755e-03 2.287440e-02 7.319803e-02 1.259729e-02 5.154763e-02 7.617870e-02 4.632823e+00 2.037852e+01 2.118411e+00 2808 1.293387e-02
393758 2.007965e-02 4.448857e-03 7.053880e-02 3.079144e-02 1.176156e-02 6.776446e-02 2.847721e+01 1.944079e+01 -7.375583e+00 555 2.622740e-03
143146 -2.201631e-02 1.319345e-02 6.621804e-02 -2.766421e-02 1.902070e-02 5.884843e-02 -9.353141e+00 9.650150e+00 -8.468192e+00 2025 9.015141e-03
644463 -4.461068e-03 -2.676387e-02 6.445415e-02 7.602039e-02 -1.536481e-01 1.060860e-02 1.320428e+01 -2.081741e+01 -8.834230e+00 3566 1.635821e-02
28071 8.353672e-04 -2.621768e-02 6.860183e-02 7.046689e-03 -4.564095e-02 6.696330e-02 6.643930e+00 -2.077606e+01 -1.752648e+00 885 8.373698e-03
520431 1.776969e-02 2.399192e-02 7.298858e-02 4.982782e-02 6.035671e-02 8.306832e-02 2.460730e+01 2.791302e+01 7.737045e+00 1894 7.780454e-03
770406 -2.849226e-03 2.336447e-02 6.859469e-02 9.503502e-04 3.553711e-02 6.936929e-02 8.204209e+00 2.628369e+01 1.672542e+00 1755 7.585069e-03
270634 -2.753402e-02 -1.463792e-04 7.466367e-02 -1.051788e-01 9.437566e-03 8.754387e-02 -2.992353e+01 3.693559e+00 4.963903e+00 4384 1.735590e-02
521520 -7.948446e-03 -1.745834e-02 7.017783e-02 -1.953425e-02 -4.378717e-02 6.788093e-02 -9.122401e+00 -2.073072e+01 -1.808529e+00 4617 1.806905e-02
271990 2.611949e-02 -1.352196e-02 6.549972e-02 2.908717e-02 -1.444244e-02 6.514341e-02 2.482433e+01 -7.699688e+00 -2.980544e+00 1249 7.477400e-03
646220 -2.765052e-02 1.120710e-02 6.412024e-02 -3.597692e-02 1.220239e-02 6.168415e-02 -3.101102e+01 3.706887e+00 -9.073027e+00 1362 1.067638e-02
30628 4.532791e-03 -2.042532e-02 2.275708e-01 4.907824e-03 -1.034368e-01 4.841093e-01 3.493197e-02 -7.732002e+00 2.389495e+01 1328 1.506207e-02
30903 2.815695e-02 -1.029512e-02 7.375197e-02 1.279722e-01 -5.337533e-02 1.016238e-01 3.159749e+01 -1.363747e+01 8.823115e+00 2074 8.447319e-03
897534 1.334642e-02 -2.100137e-02 7.309337e-02 2.464446e-02 -3.905812e-02 8.568476e-02 1.767389e+01 -2.824675e+01 1.969712e+01 2944 1.164551e-02
772747 1.929582e-02 2.007857e-03 6.731180e-02 3.934758e-02 2.889196e-03 6.991009e-02 2.712137e+01 1.192071e+00 3.514353e+00 2129 9.674421e-03
272981 1.812230e-02 1.593249e-02 7.022889e-02 3.942581e-02 3.275574e-02 7.223715e-02 1.429658e+01 1.128992e+01 1.347723e+00 2047 1.163451e-02
647174 -1.433925e-02 2.395323e-02 6.679877e-02 -1.880848e-02 2.947509e-02 6.664013e-02 -1.913200e+01 2.363813e+01 -6.791122e-01 2125 1.371988e-02
146458 -5.955870e-03 2.062604e-02 6.906267e-02 -9.804283e-03 3.169104e-02 6.986030e-02 -6.042894e+00 1.737461e+01 1.252467e+00 1844 7.816186e-03
773302 2.131476e-02 1.863796e-02 6.987213e-02 2.307294e-02 2.060985e-02 6.990884e-02 2.168541e+01 2.432131e+01 4.528193e-01 828 4.830295e-03
523653 -2.124391e-02 1.130297e-02 7.036646e-02 -4.000013e-02 1.621145e-02 6.756751e-02 -2.658592e+01 6.957501e+00 -3.967362e+00 2308 9.543642e-03
398095 7.691572e-03 1.096696e-03 1.769870e-01 7.199421e-02 2.263540e-02 5.261111e-01 4.369977e+00 1.463760e+00 2.372631e+01 5030 2.500026e-02
274257 1.060419e-02 2.799881e-02 6.627314e-02 5.355024e-02 1.568462e-01 2.366260e-02 1.028038e+01 3.084335e+01 -9.633626e+00 1134 1.229525e-02
274725 2.926605e-03 2.790163e-02 7.098805e-02 -3.952648e-03 7.216500e-02 8.071416e-02 -4.858452e+00 3.126086e+01 6.869031e+00 2654 1.087178e-02
398966 -6.436899e-03 2.637509e-02 1.773338e-01 -2.621453e-03 2.073451e-01 3.088399e-01 2.405860e-01 1.141121e+01 8.292222e+00 1751 1.485879e-02
899916 -1.535293e-02 -1.653238e-02 7.019864e-02 -2.510849e-02 -2.500903e-02 6.671729e-02 -2.241064e+01 -1.947273e+01 -7.997418e+00 1145 5.120894e-03
525127 -1.445055e-02 -4.529231e-03 7.138921e-02 -4.958742e-02 -1.051352e-02 7.376838e-02 -6.952252e+01 -1.184063e+01 4.707469e+00 1318 5.231345e-03
34595 -1.979278e-03 -2.769670e-02 7.413578e-02 2.483078e-02 -1.611927e-01 8.639781e-02 8.188492e+00 -4.077317e+01 3.745146e+00 2810 1.103095e-02
525182 1.120860e-02 1.971907e-02 7.029867e-02 1.617680e-02 3.100990e-02 6.934733e-02 1.156729e+01 2.628803e+01 -2.214977e+00 7018 2.705040e-02
649170 -2.497196e-02 5.619984e-03 7.259080e-02 -5.457244e-02 8.608509e-03 7.030993e-02 -4.927712e+01 4.975120e+00 -3.797048e+00 1035 4.506151e-03
649268 1.955285e-02 -1.106468e-02 6.767482e-02 3.862615e-02 -2.441594e-02 5.034908e-02 2.001598e+01 -1.401114e+01 -1.275691e+01 2271 1.345736e-02
34875 1.045836e-02 -2.229871e-02 6.776645e-02 1.834820e-02 -3.536854e-02 6.597515e-02 1.465845e+01 -2.428229e+01 -3.328032e+00 3000 1.333312e-02
649428 1.644393e-02 1.996697e-02 6.765702e-02 2.150438e-02 2.886538e-02 5.913745e-02 1.118602e+01 1.966974e+01 -7.483645e+00 1494 9.190327e-03
148856 1.610055e-02 -1.483241e-02 7.256349e-02 5.220001e-02 -3.457906e-02 9.005571e-02 3.394572e+01 -1.856855e+01 1.644861e+01 5071 2.008251e-02
526199 -2.015978e-02 -1.167840e-02 6.941310e-02 -4.695007e-02 -3.116855e-02 6.588804e-02 -2.621478e+01 -1.907147e+01 -3.449343e+00 1664 6.984223e-03
36286 -2.787740e-02 -8.810673e-03 7.230977e-02 -4.067614e-02 -1.135201e-02 7.536423e-02 -2.958153e+01 -5.873752e+00 7.059738e+00 1380 6.142155e-03
526592 2.232731e-02 1.591120e-02 6.700038e-02 4.272448e-02 3.288790e-02 4.899367e-02 1.548456e+01 1.288791e+01 -1.076930e+01 1342 6.634384e-03
149677 2.336266e-02 5.841828e-03 7.112373e-02 3.434336e-02 7.427671e-03 6.957209e-02 2.038649e+01 2.944238e+00 -2.880728e+00 1924 1.041225e-02
650604 -7.295358e-03 -2.588959e-02 6.852034e-02 -8.951376e-03 -4.459706e-02 6.516650e-02 -2.709454e+00 -3.060777e+01 -5.487311e+00 1755 9.373994e-03
401130 -1.632285e-02 1.683111e-02 7.167004e-02 -4.321872e-02 5.684195e-02 7.322370e-02 -1.633825e+01 2.430512e+01 9.437914e-01 1504 9.525063e-03
37559 -2.573491e-02 -7.984540e-03 6.328419e-02 -1.583165e-01 -4.236979e-02 5.023411e-02 -3.226329e+01 -8.367534e+00 -3.175693e+00 1717 9.851473e-03
277442 -2.331413e-02 3.269965e-03 7.055679e-02 -3.484606e-02 1.527269e-03 7.159838e-02 -2.372137e+01 -3.584754e+00 2.142554e+00 2185 1.216012e-02
777455 -5.827346e-03 -2.539070e-02 6.677509e-02 -6.272736e-03 -3.103231e-02 6.576232e-02 -1.586135e+00 -2.009109e+01 -3.606729e+00 2039 9.346501e-03
527587 1.396699e-02 -1.737908e-02 7.003580e-02 2.084691e-02 -2.920837e-02 8.443785e-02 7.629088e+00 -1.311742e+01 1.597033e+01 2540 1.756998e-02
401556 7.956964e-03 -2.239907e-02 7.142420e-02 8.330418e-03 -3.058012e-02 7.107351e-02 1.063036e+00 -2.328738e+01 -9.982223e-01 3688 1.767824e-02
902926 -2.012906e-02 1.773476e-02 7.274149e-02 -2.396729e-02 2.049044e-02 7.455836e-02 -2.330742e+01 1.673369e+01 1.103282e+01 6559 2.568938e-02
38717 -1.886261e-02 -1.729806e-04 7.267665e-02 -3.013723e-02 -1.701380e-03 7.395779e-02 -3.152951e+01 -4.274178e+00 3.582720e+00 1821 7.470219e-03
529137 -1.741157e-03 2.758872e-02 7.421196e-02 -2.855314e-03 3.992600e-02 7.810972e-02 -3.300258e+00 3.654439e+01 1.154560e+01 1403 6.412337e-03
653193 2.722321e-02 2.429582e-03 7.319554e-02 6.442243e-02 8.873548e-04 7.626992e-02 3.268711e+01 -1.355161e+00 2.701471e+00 1720 7.104256e-03
40624 -1.027462e-02 -2.735431e-02 6.759368e-02 -1.089914e-02 -5.112985e-02 7.029757e-02 -5.634224e-01 -2.144955e+01 2.439368e+00 3135 1.394677e-02
403347 1.759038e-02 -9.407720e-03 7.023299e-02 2.827992e-02 -1.332813e-02 7.101058e-02 2.538845e+01 -9.311270e+00 1.846828e+00 927 4.432061e-03
40886 -3.086222e-03 -2.530834e-02 7.131485e-02 -4.593806e-03 -3.270295e-02 7.034562e-02 -5.796408e+00 -2.843105e+01 -3.726541e+00 1463 6.638871e-03
152533 -3.074825e-03 -2.049221e-02 7.202284e-02 -3.925089e-03 -4.171151e-02 7.226715e-02 -1.178048e+00 -2.939954e+01 3.384942e-01 1719 7.113083e-03
904786 -1.603538e-02 -1.869125e-02 7.270029e-02 -2.613175e-02 -3.231200e-02 7.277082e-02 -1.356683e+01 -1.830266e+01 9.477081e-02 1756 7.706044e-03
152989 1.623519e-02 -1.158131e-02 7.129073e-02 4.233377e-02 -2.310573e-02 7.593887e-02 4.059518e+01 -1.792572e+01 7.229971e+00 2072 8.278266e-03
780484 1.104984e-03 -2.548645e-02 6.924237e-02 6.770454e-04 -3.470282e-02 6.653516e-02 -8.715811e-01 -1.877093e+01 -5.513761e+00 2294 9.513944e-03
404512 1.625379e-02 -1.244807e-02 6.632446e-02 2.540446e-02 -1.606272e-02 6.521514e-02 2.574065e+01 -1.016794e+01 -3.120493e+00 2559 1.032688e-02
405044 2.635589e-02 1.242019e-02 7.218393e-02 4.608686e-02 2.580831e-02 7.342430e-02 2.193233e+01 1.488182e+01 1.378752e+00 2701 1.147580e-02
405096 -2.653093e-02 1.342747e-02 6.788409e-02 -1.680842e-01 9.503711e-02 6.889860e-02 -3.761690e+01 2.168726e+01 2.695989e-01 1486 6.344454e-03
655128 2.034849e-02 -1.804692e-02 6.873264e-02 3.488008e-02 -2.843704e-02 7.180115e-02 1.383185e+01 -9.889810e+00 2.920750e+00 870 4.813983e-03
281646 -2.084210e-02 -1.005451e-02 6.876703e-02 -4.100083e-02 -3.333019e-02 6.671705e-02 -1.618239e+01 -1.868452e+01 -1.645613e+00 6132 2.812063e-02
405774 2.010835e-02 -4.994769e-03 7.064222e-02 3.455606e-02 -9.913548e-03 7.001463e-02 3.562480e+01 -1.212860e+01 -1.547487e+00 1092 4.767846e-03
44786 1.195260e-02 2.533243e-02 6.876385e-02 1.495133e-02 3.103341e-02 6.949504e-02 8.309858e+00 1.579814e+01 2.026224e+00 3420 1.691704e-02
283089 -1.352020e-02 -2.197514e-02 7.126112e-02 -1.904032e-02 -3.105402e-02 7.343661e-02 -1.181511e+01 -1.943218e+01 4.656368e+00 3618 1.756810e-02
656704 -2.297942e-02 1.193488e-02 7.182867e-02 -4.040745e-02 1.127518e-02 7.303552e-02 -3.019661e+01 -1.143038e+00 2.091046e+00 1324 5.829686e-03
283227 6.123257e-03 1.828766e-02 6.874988e-02 1.199063e-02 3.190472e-02 7.111650e-02 1.079195e+01 2.504610e+01 4.352978e+00 3683 1.729204e-02
656800 1.687031e-02 -1.803044e-02 6.563734e-02 2.317556e-02 -2.239245e-02 6.230953e-02 2.278941e+01 -1.576584e+01 -8.071303e+00 3505 1.739295e-02
533616 -1.285581e-02 -2.044399e-02 7.200452e-02 -2.780736e-02 -3.400010e-02 7.603731e-02 -3.208780e+01 -2.909302e+01 8.654839e+00 1217 5.528634e-03
284101 2.834967e-02 4.137166e-03 7.438945e-02 6.225103e-02 1.400818e-02 8.241675e-02 1.396937e+01 4.067441e+00 3.307724e+00 1098 8.880484e-03
156997 -2.594906e-02 -4.740666e-03 6.904808e-02 -3.167836e-02 -7.345238e-03 6.973107e-02 -2.604959e+01 -1.184229e+01 3.105342e+00 2834 1.403965e-02
909872 -1.563161e-02 4.866259e-03 7.208331e-02 -3.366772e-02 9.403455e-03 6.944769e-02 -1.822389e+01 4.584436e+00 -2.663054e+00 649 3.236583e-03
785165 -2.532496e-02 -1.845253e-03 7.208164e-02 -4.088711e-02 -1.434916e-03 7.731130e-02 -3.148765e+01 8.302552e-01 1.058142e+01 1855 7.755272e-03
158221 -1.949795e-02 -1.090309e-02 7.200493e-02 -4.408608e-02 -2.313040e-02 7.975863e-02 -4.692079e+01 -2.333301e+01 1.479615e+01 1378 5.814365e-03
785853 -2.701327e-02 -8.594393e-03 7.309243e-02 -3.573970e-02 -1.078595e-02 7.426602e-02 -4.703550e+01 -1.181252e+01 6.325623e+00 3245 1.299878e-02
910764 -1.743712e-02 -2.227014e-02 7.144546e-02 -2.388344e-02 -2.776216e-02 7.500324e-02 -1.336475e+01 -1.138625e+01 7.376110e+00 4427 2.090346e-02
158425 -1.200150e-02 -2.164469e-02 7.095882e-02 -1.754389e-02 -2.811873e-02 7.244131e-02 -1.853058e+01 -2.164550e+01 4.956609e+00 1997 7.948444e-03
911175 2.609950e-02 5.751735e-03 7.073554e-02 6.460614e-02 1.342020e-02 6.793165e-02 3.014343e+01 6.002959e+00 -2.194912e+00 2871 1.280083e-02
911309 -7.189023e-03 -2.684228e-02 6.934342e-02 -8.480164e-03 -2.944049e-02 6.993365e-02 -1.231575e+01 -2.478346e+01 5.629987e+00 2375 1.252286e-02
786904 2.242276e-02 1.819628e-02 7.076926e-02 2.797602e-02 2.545796e-02 7.375819e-02 1.601781e+01 2.094556e+01 8.621266e+00 1738 1.124348e-02
660523 -2.295845e-02 1.736511e-02 6.550608e-02 -4.263574e-02 3.337244e-02 6.196464e-02 -1.387960e+01 1.129095e+01 -1.911024e+00 1442 7.038949e-03
51116 2.507021e-02 -1.019842e-02 6.472104e-02 3.804410e-02 -1.380087e-02 5.949855e-02 2.319154e+01 -6.439582e+00 -9.335493e+00 1681 1.025448e-02
410794 -2.225575e-03 -2.528723e-02 7.329327e-02 1.876903e-03 -7.713063e-02 8.864076e-02 3.774883e+00 -4.770354e+01 1.412194e+01 552 2.440203e-03
51718 -7.102735e-03 -4.861152e-03 1.798301e-01 -9.706040e-02 -9.614320e-02 4.129163e-01 -6.744288e+00 -6.843579e+00 1.747489e+01 1433 1.095536e-02
787521 -2.237143e-02 3.986949e-03 6.713053e-02 -3.264872e-02 4.687641e-03 6.517795e-02 -4.156101e+01 2.833571e+00 -7.896184e+00 1297 5.276871e-03
411345 -8.648647e-03 2.574004e-02 7.265511e-02 -1.281472e-02 4.179239e-02 4.769277e-02 -5.775422e+00 2.225335e+01 -1.363027e+01 1441 7.068224e-03
787909 1.106216e-02 -1.405516e-02 7.097624e-02 2.028147e-02 -2.674751e-02 6.865641e-02 2.186409e+01 -3.010058e+01 -5.501592e+00 2038 7.970379e-03
411952 1.952723e-02 1.200234e-02 7.087290e-02 2.856113e-02 1.920790e-02 6.999942e-02 2.989788e+01 2.384696e+01 -2.890787e+00 3798 1.528412e-02
412109 1.541286e-02 -2.493134e-02 7.055346e-02 2.920962e-02 -4.156244e-02 5.806843e-02 3.071627e+01 -3.702648e+01 -3.468895e+00 3027 1.231987e-02
412398 1.163155e-02 1.533510e-02 6.992288e-02 2.185064e-02 2.766452e-02 6.678452e-02 1.569624e+01 1.893766e+01 -4.820440e+00 1662 9.390269e-03
53791 -4.067572e-03 2.732745e-02 6.571763e-02 -3.673977e-03 2.994259e-02 6.338155e-02 2.787664e+00 1.852191e+01 -7.654920e+00 871 1.031953e-02
789034 -1.155609e-02 2.026136e-02 7.143698e-02 -1.821033e-02 3.530553e-02 7.642221e-02 -1.687873e+01 3.816009e+01 1.264520e+01 470 2.347746e-03
539159 2.671478e-03 2.468271e-02 7.401352e-02 -2.567176e-03 5.274326e-02 8.271182e-02 -6.120504e+00 3.278413e+01 1.016253e+01 1946 1.048170e-02
289201 -2.475096e-02 -7.888235e-03 6.603211e-02 -4.066926e-02 -1.368639e-02 6.818242e-02 -1.758344e+01 -6.404674e+00 2.375242e+00 1789 8.994933e-03
914006 1.480170e-02 -1.763891e-02 6.998407e-02 2.195712e-02 -3.109828e-02 6.912210e-02 1.353868e+01 -2.546631e+01 -1.630913e+00 2069 1.165733e-02
412844 2.858871e-02 -7.665966e-03 6.759026e-02 3.709511e-02 -1.046631e-02 7.069675e-02 4.075231e+01 -1.341586e+01 1.488252e+01 2437 9.704848e-03
789701 -2.093389e-02 -2.107544e-02 6.423864e-02 -3.491046e-02 -5.172933e-02 5.029041e-02 -8.729119e+00 -1.914500e+01 -8.711424e+00 2503 1.248637e-02
413454 1.777815e-02 -1.531881e-02 7.324291e-02 4.765284e-02 -3.325713e-02 8.404080e-02 4.249146e+01 -2.551408e+01 1.535809e+01 6392 2.445139e-02
663616 1.955925e-02 1.556074e-02 6.915892e-02 2.794109e-02 2.094507e-02 6.806922e-02 3.479019e+01 2.234857e+01 -4.523003e+00 4053 1.582296e-02
55908 -2.282216e-02 8.157281e-03 7.019418e-02 -3.171822e-02 1.076255e-02 6.964548e-02 -2.075358e+01 6.077810e+00 -1.280067e+00 1867 7.917470e-03
290771 6.519343e-03 -1.722157e-02 7.135860e-02 6.689392e-03 -2.943945e-02 7.570950e-02 4.175828e-01 -3.000296e+01 1.068434e+01 1159 8.122470e-03
791162 4.338642e-03 2.367971e-02 7.113457e-02 7.541009e-03 3.749231e-02 7.034413e-02 8.624316e+00 3.719881e+01 -2.128738e+00 4546 1.802749e-02
791541 1.574410e-02 1.681705e-02 6.861885e-02 2.216463e-02 2.157458e-02 7.048555e-02 1.870374e+01 1.385925e+01 5.437891e+00 2322 1.528046e-02
791602 -1.695953e-02 2.198715e-02 6.779112e-02 -1.910476e-02 2.576982e-02 6.146946e-02 -1.448985e+01 2.554974e+01 -6.210140e+00 2314 1.317673e-02
916601 2.610662e-02 -1.385901e-02 6.925438e-02 2.854001e-02 -1.599502e-02 6.844032e-02 1.767412e+01 -1.551418e+01 -5.912696e+00 3840 1.672317e-02
791867 -2.716975e-02 1.071885e-02 7.083660e-02 -3.315081e-02 1.304441e-02 7.117086e-02 -4.535271e+01 1.763401e+01 2.534549e+00 2111 8.490396e-03
57850 -2.660891e-02 5.807483e-04 7.430607e-02 -9.000085e-02 2.861544e-03 9.145758e-02 -3.627074e+01 1.304995e+00 9.813519e+00 1930 8.154050e-03
665408 1.024047e-02 -2.508486e-02 6.522387e-02 1.578407e-02 -4.606440e-02 5.873566e-02 5.855035e+00 -2.215816e+01 -6.569933e+00 5004 2.405495e-02
164216 -2.013950e-02 1.573699e-02 6.996527e-02 -4.641297e-02 3.975765e-02 4.615672e-02 -2.032736e+01 1.858440e+01 -1.087645e+01 1165 1.760649e-02
542387 2.799257e-02 6.662886e-03 7.164940e-02 3.247751e-02 7.322092e-03 7.240993e-02 2.793835e+01 4.106442e+00 4.737595e+00 1609 8.180982e-03
58675 -1.188988e-02 1.672005e-02 7.087455e-02 -2.092744e-02 2.699654e-02 6.925642e-02 -2.732208e+01 3.106757e+01 -4.891858e+00 6601 2.533749e-02
416732 -2.472651e-02 9.467809e-03 6.597029e-02 -2.993260e-02 1.124323e-02 6.255250e-02 -2.160821e+01 7.369007e+00 -6.878331e+00 4667 1.917104e-02
793648 -1.273925e-02 -2.435207e-02 7.111026e-02 -1.704735e-02 -4.075538e-02 7.785053e-02 -7.019421e+00 -2.672680e+01 1.098228e+01 1259 5.195709e-03
918504 1.514881e-02 -1.720949e-02 7.024310e-02 2.184928e-02 -2.272049e-02 7.011790e-02 1.553138e+01 -1.277423e+01 -2.902152e-01 821 4.238840e-03
543827 2.301071e-02 -1.119446e-02 7.025738e-02 3.298393e-02 -3.015583e-02 8.238752e-02 1.122206e+01 -2.133571e+01 1.364906e+01 1514 1.140426e-02
918626 -1.652522e-02 -7.457343e-04 7.141742e-02 -4.808741e-02 2.743101e-03 7.695937e-02 -4.687449e+01 5.181434e+00 8.230602e+00 4524 1.750918e-02
294109 1.370554e-02 2.201427e-02 7.146229e-02 1.540304e-02 2.618522e-02 7.074111e-02 9.904818e+00 2.433721e+01 -4.208035e+00 1781 7.732453e-03
166636 -4.364792e-03 2.418311e-02 6.914307e-02 -6.368227e-03 3.627751e-02 6.857321e-02 -6.518401e+00 3.935051e+01 -1.854100e+00 1176 5.172216e-03
62006 1.301134e-02 1.810089e-02 7.253419e-02 1.873627e-02 2.407475e-02 7.396580e-02 1.307159e+01 1.363997e+01 3.268750e+00 1884 8.247440e-03
669842 9.235589e-03 2.556894e-02 6.517052e-02 1.182715e-02 2.992577e-02 6.209415e-02 7.349601e+00 1.235586e+01 -8.267811e+00 3466 1.746615e-02
419869 -2.366617e-02 7.043196e-03 6.829995e-02 -3.244055e-02 8.609634e-03 6.741859e-02 -2.802250e+01 5.002695e+00 -2.814787e+00 1821 7.845434e-03
546887 -2.325792e-02 -6.822442e-04 7.095160e-02 -3.757121e-02 -1.131423e-03 7.579140e-02 -2.349324e+01 -7.372635e-01 7.943863e+00 1671 7.050611e-03
65412 -8.578078e-03 2.783907e-02 7.181816e-02 -3.651295e-02 1.240004e-01 6.920455e-02 -9.771485e+00 3.363676e+01 -9.142269e-01 3773 1.486532e-02
798715 -2.723609e-02 8.200046e-03 7.429547e-02 -4.307754e-02 1.667892e-02 8.846870e-02 -1.125206e+01 6.022480e+00 1.006713e+01 4159 2.113593e-02
548848 -2.277565e-02 -1.861075e-02 5.679106e-02 -5.613623e-01 -4.422135e-01 6.030500e-02 -2.644407e+01 -2.079848e+01 1.725308e-01 1248 8.592753e-03
923769 2.230192e-02 7.168003e-03 7.207110e-02 3.115051e-02 5.592408e-03 7.355162e-02 2.430424e+01 -4.327655e+00 4.066513e+00 657 5.777546e-03
673093 2.413809e-02 1.690596e-02 7.008649e-02 2.758705e-02 1.921384e-02 6.928008e-02 1.525513e+01 1.020804e+01 -3.566875e+00 1983 8.928656e-03
924836 -1.425519e-02 2.048876e-02 6.926340e-02 -3.508712e-02 3.922095e-02 6.556064e-02 -2.665478e+01 2.396812e+01 -4.737742e+00 756 3.762277e-03
423171 -1.720660e-02 -1.504508e-02 7.174638e-02 -2.569828e-02 -1.944106e-02 7.174453e-02 -2.748022e+01 -1.422598e+01 -5.971236e-03 1818 7.607945e-03
171631 1.704899e-02 -1.404520e-02 7.274905e-02 3.278158e-02 -2.487006e-02 7.413063e-02 3.166519e+01 -2.178735e+01 2.780709e+00 3738 1.510935e-02
423676 -1.252368e-03 -2.257278e-02 7.206139e-02 1.300273e-03 -4.795129e-02 7.682269e-02 2.361415e+00 -2.347732e+01 4.404618e+00 1509 1.598653e-02
925461 -1.988145e-02 2.195602e-02 6.903334e-02 -2.302459e-02 2.643057e-02 6.995377e-02 -1.031735e+01 1.468773e+01 3.021318e+00 4855 2.010489e-02
800805 2.112168e-02 -1.839987e-02 6.517048e-02 3.956015e-02 -2.888931e-02 5.851366e-02 2.271445e+01 -1.292200e+01 -8.002285e+00 5318 2.381594e-02
551252 -2.066377e-02 -1.861856e-02 7.570826e-02 -1.783251e-01 -1.314699e-01 1.483566e-01 -2.937363e+01 -2.102516e+01 1.353500e+01 4173 1.633609e-02
801778 1.157393e-02 2.031698e-02 7.065224e-02 1.678900e-02 2.711950e-02 6.911168e-02 1.254093e+01 1.635837e+01 -3.704664e+00 2757 1.329863e-02
801863 2.304805e-02 -7.256055e-04 7.081157e-02 6.582451e-02 -2.054752e-03 7.695308e-02 2.723780e+01 -8.463306e-01 3.910594e+00 4204 1.643157e-02
675075 1.842613e-02 -2.339192e-02 6.581683e-02 3.031356e-02 -4.333877e-02 6.039281e-02 1.462234e+01 -2.453598e+01 -4.883810e+00 1332 9.422555e-03
72042 -1.515505e-02 1.807368e-02 6.543074e-02 -2.304250e-02 2.482479e-02 6.790567e-02 -1.727748e+01 1.478833e+01 5.421333e+00 2954 1.433739e-02
802665 -2.257173e-02 -1.791372e-03 7.140505e-02 -3.370662e-02 -3.530203e-03 7.349750e-02 -5.489755e+01 -8.572833e+00 1.031625e+01 3106 1.227068e-02
425925 1.387033e-02 2.019268e-02 7.132595e-02 2.537401e-02 3.885234e-02 6.640518e-02 1.414653e+01 2.294653e+01 -6.051267e+00 1055 4.742612e-03
425987 -1.703885e-02 7.008267e-03 7.008962e-02 -3.788216e-02 1.761131e-02 7.298574e-02 -4.321650e+01 2.198433e+01 6.004807e+00 3259 1.335005e-02
73265 -1.823634e-02 -1.476144e-02 6.956309e-02 -3.076836e-02 -2.835986e-02 7.274695e-02 -2.107331e+01 -2.286654e+01 5.353852e+00 4936 1.963289e-02
73455 2.116958e-02 -1.988130e-02 7.495346e-02 2.210686e-02 -2.065409e-02 7.612640e-02 1.252077e+01 -1.032327e+01 1.566888e+01 1425 6.383425e-03
304015 2.055053e-02 -2.136312e-02 6.994621e-02 4.294664e-02 -3.656306e-02 7.327490e-02 2.278542e+01 -1.546417e+01 3.386551e+00 1310 1.132806e-02
928867 1.650211e-02 2.262985e-02 6.663201e-02 2.281930e-02 2.669516e-02 6.783468e-02 1.804420e+01 1.161201e+01 3.435287e+00 2135 2.126111e-02
929272 -5.951467e-03 -2.487501e-02 6.802347e-02 -6.633739e-03 -2.992433e-02 6.778850e-02 -2.492417e+00 -1.844573e+01 -8.583801e-01 1447 6.568133e-03
677737 -2.163889e-02 6.048391e-03 7.098381e-02 -3.839809e-02 9.477425e-03 7.114251e-02 -3.987419e+01 8.158505e+00 3.775916e-01 1484 5.929928e-03
305105 -1.981291e-02 -3.067584e-03 7.023063e-02 -3.401572e-02 -5.569274e-03 6.991184e-02 -4.109915e+01 -7.239228e+00 -9.224740e-01 2522 1.162977e-02
427868 6.516183e-03 1.566632e-02 2.269849e-01 2.444684e-02 4.049885e-02 3.915850e-01 2.666487e+00 3.692872e+00 2.447786e+01 1845 1.466726e-02
75953 -3.801766e-03 2.558686e-02 6.861599e-02 -3.939905e-03 3.634485e-02 6.642711e-02 -4.411056e-01 3.435242e+01 -6.989535e+00 6596 2.859922e-02
176130 -9.575591e-03 2.266920e-02 6.633087e-02 -2.078181e-02 3.919644e-02 5.263610e-02 -1.137613e+01 1.677784e+01 -1.138306e+01 985 9.979525e-03
176274 1.904503e-02 9.633598e-03 7.241856e-02 3.854644e-02 1.566536e-02 8.062815e-02 2.385097e+01 7.377073e+00 1.004064e+01 4171 1.658010e-02
428405 -5.756069e-03 2.673383e-02 7.201115e-02 -7.950426e-03 3.404323e-02 7.260502e-02 -9.040267e+00 3.011314e+01 2.446587e+00 2277 9.370781e-03
805847 -2.451328e-02 2.849583e-03 6.923382e-02 -3.391604e-02 4.978316e-03 6.879979e-02 -2.310261e+01 5.230300e+00 -1.066414e+00 1193 8.421321e-03
806148 -1.807164e-02 -1.706270e-02 6.626684e-02 -1.912326e-02 -2.440755e-02 6.073881e-02 -2.532802e+00 -1.768991e+01 -7.645357e+00 3309 1.704915e-02
428936 2.007335e-02 1.207505e-02 6.972013e-02 6.269810e-02 2.990843e-02 6.936923e-02 3.084661e+01 1.290562e+01 -2.539401e-01 2256 9.279261e-03
556427 -1.126091e-02 2.406807e-02 7.141037e-02 -1.842834e-02 3.913024e-02 7.345184e-02 -1.233303e+01 2.591754e+01 3.512764e+00 1303 5.931012e-03
306977 -2.174128e-02 -1.388035e-02 6.628816e-02 -2.938570e-02 -2.334048e-02 5.881715e-02 -1.497502e+01 -1.853188e+01 -9.941036e+00 2604 1.376942e-02
177756 -2.454252e-02 -7.567786e-03 6.522511e-02 -4.202817e-02 -1.540622e-02 5.892638e-02 -2.436867e+01 -1.092393e+01 -8.401560e+00 2634 1.111136e-02
557265 -2.440893e-03 -2.928403e-02 6.311272e-02 -4.097572e-03 -4.379264e-02 5.798192e-02 -2.627143e+00 -2.300758e+01 -8.136357e+00 6633 2.800044e-02
430077 -2.307727e-02 -4.117992e-03 7.177008e-02 -6.313854e-02 -8.582991e-03 7.944603e-02 -5.467886e+01 -6.094191e+00 1.047675e+01 2126 8.531674e-03
79268 -1.695414e-02 -1.093287e-02 7.068518e-02 -2.622252e-02 -1.756317e-02 7.302672e-02 -2.917890e+01 -2.087367e+01 7.371689e+00 2146 8.704736e-03
430719 -1.801350e-02 1.145818e-02 7.050397e-02 -3.127984e-02 2.007055e-02 6.998878e-02 -2.069410e+01 1.343441e+01 -8.036481e-01 1953 8.148782e-03
808360 -2.742062e-02 -3.066248e-03 7.131265e-02 -5.549900e-02 -8.054980e-03 6.909877e-02 -3.811645e+01 -6.772212e+00 -3.005336e+00 2166 8.791359e-03
558622 -6.035394e-03 -2.769238e-02 7.353515e-02 -8.702561e-03 -3.779635e-02 7.455624e-02 -9.909979e+00 -3.754172e+01 3.793908e+00 6295 2.422688e-02
432182 -2.532689e-03 3.671031e-03 1.618623e-01 -4.275300e-02 1.665597e-02 2.324475e-01 -1.184123e+01 3.822885e+00 2.078094e+01 2729 1.512537e-02
310036 6.671638e-03 -2.319399e-02 6.644362e-02 1.260433e-02 -5.482690e-02 6.580241e-02 5.370786e+00 -2.863685e+01 -5.804743e-01 1986 8.191336e-03
560050 2.588132e-02 1.886638e-03 6.611687e-02 4.053546e-02 7.383417e-03 6.765888e-02 3.133892e+01 1.175525e+01 3.297703e+00 2506 1.302531e-02
682688 -2.483159e-03 2.069078e-02 7.208591e-02 -5.585915e-03 3.141115e-02 7.846944e-02 -9.267794e+00 3.202124e+01 1.906731e+01 3736 1.474725e-02
180741 -1.885652e-02 -1.486296e-02 7.342458e-02 -5.841341e-02 -4.743668e-02 9.535036e-02 -2.938801e+01 -2.420000e+01 1.628933e+01 594 2.642180e-03
560496 -1.906370e-02 -1.356491e-02 7.280307e-02 -6.446301e-02 -4.033511e-02 7.586023e-02 -2.652301e+01 -1.563958e+01 1.786045e+00 3567 1.403755e-02
181329 -2.741203e-02 1.162438e-02 7.523131e-02 -4.831576e-02 1.945183e-02 8.200217e-02 -2.204463e+01 8.254672e+00 7.140400e+00 1848 8.049168e-03
811399 7.373668e-03 -2.323023e-02 7.159280e-02 1.809567e-02 -6.226698e-02 8.257792e-02 8.444544e+00 -3.074497e+01 8.651774e+00 2100 8.407403e-03
684415 1.922707e-02 -1.983800e-02 7.322435e-02 2.592622e-02 -2.620939e-02 7.575462e-02 1.855511e+01 -1.764729e+01 7.008284e+00 1208 9.784094e-03
182643 2.000933e-02 -1.849924e-02 6.761671e-02 3.786026e-02 -3.025202e-02 6.818560e-02 2.096943e+01 -1.380595e+01 6.682636e-01 755 3.855789e-03
312583 -1.276530e-02 2.124562e-02 6.724346e-02 -1.817838e-02 2.882257e-02 6.814086e-02 -8.046076e+00 1.126247e+01 1.333906e+00 3721 1.513840e-02
183046 1.591224e-02 -1.376278e-02 7.227523e-02 3.179299e-02 -2.687147e-02 6.831411e-02 1.795265e+01 -1.481893e+01 -4.477908e+00 1423 1.165397e-02
86939 2.422799e-02 9.444783e-03 6.840846e-02 4.205468e-02 1.497385e-02 6.806693e-02 3.065511e+01 9.507883e+00 -5.873149e-01 3542 2.083015e-02
183721 1.759357e-02 1.833322e-02 6.550038e-02 5.749038e-02 4.086660e-02 5.061830e-02 2.057657e+01 1.162147e+01 -7.252050e+00 1603 8.243906e-03
685906 -2.260251e-02 1.026401e-02 7.028878e-02 -5.001025e-02 2.845163e-02 7.168872e-02 -2.705954e+01 1.795655e+01 1.382148e+00 2204 9.000950e-03
686027 -2.409316e-02 5.321818e-03 6.729185e-02 -3.158325e-02 7.816938e-03 6.582694e-02 -2.159772e+01 7.194691e+00 -4.224074e+00 3159 1.531560e-02
686132 -7.872360e-03 2.136625e-02 7.211864e-02 -8.046354e-03 4.096899e-02 7.446208e-02 -4.707668e-01 5.303821e+01 6.340555e+00 3623 1.395591e-02
87801 -1.188030e-02 1.639129e-02 7.145873e-02 -1.931435e-02 2.406308e-02 7.035681e-02 -2.285396e+01 2.358483e+01 -3.387547e+00 1277 7.404358e-03
436317 4.264710e-03 1.899760e-02 6.808873e-02 9.047476e-03 2.917502e-02 6.692911e-02 9.650873e+00 2.053643e+01 -2.339935e+00 1296 7.475972e-03
564366 1.871106e-02 5.555478e-03 7.105907e-02 3.374639e-02 8.640822e-03 6.575480e-02 2.369665e+01 4.862698e+00 -8.359871e+00 2693 1.327082e-02
184658 1.796588e-02 1.504396e-02 7.224426e-02 2.773476e-02 2.321654e-02 7.064291e-02 2.949344e+01 2.467399e+01 -4.834660e+00 3486 1.413435e-02
436991 -1.219605e-02 2.170207e-02 6.938627e-02 -1.516429e-02 2.920983e-02 6.795029e-02 -1.074955e+01 2.718947e+01 -5.200450e+00 6039 2.383473e-02
564798 -2.859520e-02 8.839513e-03 7.011799e-02 -2.944239e-02 9.006947e-03 7.007849e-02 -3.464033e+01 6.846166e+00 -1.615326e+00 1381 6.164832e-03
564882 7.666385e-03 6.402803e-03 1.755657e-01 4.361342e-02 2.473050e-02 2.549170e-01 8.334166e+00 4.249197e+00 1.839726e+01 5385 2.998119e-02
314879 -2.458615e-02 -4.334074e-03 7.200810e-02 -3.339581e-02 -6.468149e-03 7.329009e-02 -2.343043e+01 -5.675851e+00 3.409619e+00 1380 9.698123e-03
89444 7.486479e-03 -2.875037e-02 6.734940e-02 7.750936e-03 -2.996029e-02 6.711331e-02 8.598113e+00 -3.933759e+01 -7.675735e+00 1313 5.826919e-03
939658 1.946932e-02 -1.581980e-02 7.241869e-02 5.612089e-02 -4.554293e-02 7.178441e-02 2.099492e+01 -1.702615e+01 -3.633333e-01 1284 5.648039e-03
688374 1.997102e-02 1.509559e-02 7.352924e-02 3.253139e-02 2.145477e-02 7.637190e-02 4.832909e+01 2.446848e+01 1.093783e+01 1431 5.992923e-03
186095 2.543067e-02 1.727873e-03 6.934776e-02 3.567189e-02 4.079693e-03 6.936254e-02 2.923987e+01 6.714722e+00 4.220764e-02 4323 2.211873e-02
816539 2.052206e-02 -2.159043e-02 7.514021e-02 2.077709e-02 -2.191210e-02 7.519692e-02 1.228616e+01 -1.549675e+01 2.732203e+00 2302 1.303412e-02
92017 -2.356970e-02 1.723505e-02 6.264623e-02 -3.035322e-02 2.445416e-02 5.772234e-02 -1.696060e+01 1.804967e+01 -1.231102e+01 2220 9.950208e-03
316871 -1.576246e-02 -1.756713e-02 6.875319e-02 -2.404249e-02 -2.652153e-02 6.546773e-02 -2.571972e+01 -2.781446e+01 -1.020539e+01 1453 6.293852e-03
92493 -2.365011e-02 1.772981e-02 7.480359e-02 -4.888955e-02 4.283753e-02 8.061018e-02 -1.236380e+01 1.229927e+01 2.844419e+00 1157 5.526347e-03
689585 1.605184e-02 -1.706914e-02 6.876244e-02 2.059828e-02 -2.319182e-02 6.830372e-02 2.142090e+01 -2.884750e+01 -2.161294e+00 1729 6.987621e-03
187308 -2.171730e-02 3.707298e-03 6.998741e-02 -3.909404e-02 3.932382e-03 7.075219e-02 -5.615570e+01 7.273958e-01 2.471524e+00 6625 2.592474e-02
690352 -2.990046e-03 2.191243e-02 7.018673e-02 -9.569249e-03 3.684424e-02 7.348492e-02 -1.168569e+01 2.652123e+01 5.858106e+00 1106 9.600369e-03
440242 2.857122e-02 8.132159e-03 6.784874e-02 2.890189e-02 8.257261e-03 6.780152e-02 2.246670e+01 8.499994e+00 -3.208249e+00 1611 6.987281e-03
690596 9.429093e-03 -2.516892e-02 6.957005e-02 2.758601e-02 -6.128997e-02 6.768802e-02 1.549086e+01 -3.081724e+01 -1.605679e+00 3018 1.483154e-02
94413 -1.831456e-03 -2.659888e-02 7.282944e-02 1.875474e-03 -4.367346e-02 7.835586e-02 3.803765e+00 -1.752062e+01 5.670781e+00 4513 2.328444e-02
95960 -7.982456e-03 -2.606884e-02 7.319219e-02 -2.230045e-02 -7.009914e-02 9.112998e-02 -8.671607e+00 -2.666668e+01 1.086392e+01 1427 6.347536e-03
944299 -1.545377e-02 -1.358918e-02 7.141768e-02 -2.033518e-02 -2.293880e-02 7.136902e-02 -2.039507e+01 -3.906373e+01 -2.033034e-01 2298 9.489747e-03
190078 7.032721e-03 2.761508e-02 7.412288e-02 2.591540e-02 1.669819e-01 1.069491e-01 6.178697e+00 4.560291e+01 1.074124e+01 3977 1.543046e-02
570523 2.694035e-02 -3.721801e-04 7.288482e-02 2.010602e-01 -1.044529e-02 1.273111e-01 3.295993e+01 -1.906784e+00 1.030260e+01 3524 1.432334e-02
98194 -2.637460e-03 2.875613e-02 6.741892e-02 -3.574608e-03 5.360331e-02 4.860980e-02 -9.623549e-01 2.551551e+01 -1.453191e+01 1753 1.372153e-02
443334 5.926327e-03 2.525163e-02 6.867248e-02 6.034229e-03 3.005329e-02 6.710580e-02 3.039466e-01 1.352562e+01 -4.413120e+00 1396 6.906102e-03
98258 2.314636e-02 -1.495296e-02 6.865671e-02 3.638558e-02 -2.350691e-02 7.047250e-02 1.698165e+01 -1.097195e+01 2.329073e+00 3098 1.680583e-02
443992 2.586803e-02 -4.803819e-03 6.925462e-02 3.120715e-02 -7.201930e-03 6.873272e-02 1.910943e+01 -8.583171e+00 -1.867970e+00 3122 1.265359e-02
444100 2.490679e-02 2.138066e-04 6.848040e-02 3.231135e-02 1.322247e-03 6.886837e-02 2.393112e+01 3.582416e+00 1.253920e+00 1445 6.412510e-03
99473 8.894337e-03 -2.389935e-02 6.630966e-02 1.151693e-02 -4.076543e-02 7.613161e-02 4.564899e+00 -2.935718e+01 1.709614e+01 2009 1.092350e-02
100168 1.848947e-02 -1.641728e-02 7.165254e-02 2.456477e-02 -1.984531e-02 7.135512e-02 2.235045e+01 -1.261139e+01 -1.094165e+00 1547 6.872364e-03
192705 2.021750e-02 1.242107e-02 7.350047e-02 8.407228e-02 5.702085e-02 9.667642e-02 2.815174e+01 1.966277e+01 1.021761e+01 1771 7.262245e-03
192708 -1.709652e-02 1.848476e-02 6.812189e-02 -3.960523e-02 4.248282e-02 7.137249e-02 -2.707931e+01 2.887109e+01 3.910663e+00 3254 1.284465e-02
445209 -5.834227e-03 -2.691339e-02 6.606699e-02 -1.527719e-02 -5.926313e-02 5.539814e-02 -6.135167e+00 -2.101789e+01 -5.662116e+00 1489 7.582062e-03
100987 2.228148e-02 1.104034e-02 6.922820e-02 3.059862e-02 1.618258e-02 6.530600e-02 2.161198e+01 1.336204e+01 -1.019177e+01 1739 7.553710e-03
574030 -1.957389e-02 1.298809e-02 6.750664e-02 -2.396838e-02 1.993565e-02 6.675168e-02 -1.099216e+01 1.737828e+01 -1.888424e+00 2480 1.084581e-02
193854 -2.924780e-02 3.934532e-03 6.866414e-02 -4.271138e-02 7.433447e-03 6.662616e-02 -2.265376e+01 5.887260e+00 -3.429097e+00 1543 8.203601e-03
696486 -2.218453e-02 -1.690054e-03 6.969877e-02 -3.364146e-02 3.627773e-04 6.869444e-02 -2.558597e+01 4.584444e+00 -2.242886e+00 2461 9.667611e-03
324300 -1.390779e-02 2.194619e-02 6.940541e-02 -2.984947e-02 4.416433e-02 7.378987e-02 -1.486561e+01 2.071842e+01 4.088514e+00 1328 1.138083e-02
446626 7.793231e-03 1.727751e-02 7.016202e-02 1.630961e-02 3.607536e-02 6.619832e-02 1.940354e+01 4.282862e+01 -9.030796e+00 836 3.509222e-03
325087 -1.463289e-02 -1.727556e-02 6.666024e-02 -3.569076e-02 -3.938839e-02 6.640758e-02 -1.583541e+01 -1.662874e+01 -1.900016e-01 6791 2.666623e-02
103767 -2.811810e-02 1.103826e-03 6.775272e-02 -3.919671e-02 -5.724688e-04 6.583481e-02 -2.222894e+01 -3.363443e+00 -3.848226e+00 1697 1.168512e-02
447210 7.981373e-03 -2.362309e-02 7.261209e-02 9.610247e-03 -5.645244e-02 7.055485e-02 1.325746e+00 -2.671992e+01 -1.674393e+00 3745 1.501023e-02
949828 1.794592e-02 -1.109460e-02 7.022809e-02 3.408927e-02 -1.616331e-02 7.047946e-02 3.434511e+01 -1.078373e+01 5.347952e-01 6116 2.341701e-02
575405 -1.218733e-02 -1.251971e-02 7.155284e-02 -2.451134e-02 -2.270324e-02 7.277825e-02 -1.082104e+01 -8.941602e+00 1.075970e+00 1679 9.929357e-03
825574 2.459450e-02 -5.168335e-03 7.280983e-02 3.177762e-02 -6.465566e-03 7.510740e-02 4.042841e+01 -7.301139e+00 1.293128e+01 2117 8.587389e-03
949995 -2.413742e-02 -5.901011e-03 6.748258e-02 -3.561288e-02 -9.826762e-03 5.885568e-02 -3.501452e+01 -1.197846e+01 -1.172211e+01 6636 2.604027e-02
950484 2.159035e-02 1.997467e-02 7.173120e-02 9.227556e-02 6.103154e-02 8.696993e-02 2.344732e+01 1.361917e+01 5.054912e+00 3549 1.445927e-02
826616 -2.053591e-02 -5.918441e-03 6.880552e-02 -3.396853e-02 -8.375209e-03 6.866726e-02 -4.314593e+01 -7.891198e+00 -4.440967e-01 1188 4.974658e-03
951077 2.063098e-02 1.089694e-02 7.174324e-02 2.720359e-02 2.207398e-02 6.783494e-02 1.038748e+01 1.766442e+01 -6.176756e+00 1224 8.570783e-03
326720 2.113359e-02 2.083698e-02 6.785975e-02 5.660560e-02 3.480913e-02 7.295960e-02 2.123092e+01 8.362694e+00 3.052391e+00 934 1.193573e-02
196327 -8.688021e-03 -2.088571e-02 7.277439e-02 -1.605462e-02 -3.807286e-02 7.816030e-02 -8.572650e+00 -2.000099e+01 6.267683e+00 1280 6.683217e-03
699654 -2.162254e-02 2.115018e-03 7.084565e-02 -4.914376e-02 2.530267e-02 9.071297e-02 -2.276127e+01 1.917722e+01 1.643115e+01 3747 2.531960e-02
449538 2.648096e-02 3.808688e-03 6.808065e-02 3.872585e-02 6.348367e-03 6.550620e-02 3.517200e+01 7.294932e+00 -7.394806e+00 1854 8.124134e-03
577747 -1.823337e-02 1.595897e-02 6.820335e-02 -5.215230e-02 4.409923e-02 6.662192e-02 -2.770874e+01 2.298808e+01 -1.291883e+00 1043 1.089326e-02
828229 -2.785454e-02 -9.074946e-04 6.560527e-02 -8.953327e-02 7.624898e-03 4.650434e-02 -3.072167e+01 4.249915e+00 -9.000717e+00 2500 1.055047e-02
828384 -1.715124e-02 2.022147e-02 6.766516e-02 -2.682421e-02 2.947931e-02 6.569738e-02 -1.542883e+01 1.476668e+01 -3.138698e+00 3293 1.867963e-02
197633 1.824215e-02 1.444396e-02 6.755177e-02 3.024803e-02 2.250551e-02 6.691858e-02 2.456280e+01 1.649312e+01 -1.295446e+00 1062 4.765154e-03
578960 -3.952179e-03 2.256579e-02 7.214606e-02 -6.503438e-03 3.596847e-02 6.612289e-02 -7.811318e+00 4.103565e+01 -1.844145e+01 1784 7.418836e-03
579329 -1.709094e-02 -1.063029e-02 6.938649e-02 -2.980724e-02 -1.561869e-02 6.567569e-02 -2.592752e+01 -1.017096e+01 -7.566015e+00 3070 1.364492e-02
198726 -1.899315e-02 -2.227949e-02 7.271329e-02 -3.239250e-02 -4.418477e-02 7.356298e-02 -1.351100e+01 -2.208780e+01 8.567734e-01 3657 1.501685e-02
451342 1.616191e-02 -1.032716e-02 7.174622e-02 2.598059e-02 -1.798272e-02 7.478101e-02 2.240088e+01 -1.746582e+01 6.923742e+00 1470 8.786329e-03
579607 1.944113e-02 -5.301827e-03 7.017617e-02 3.352855e-02 -7.651969e-03 7.470610e-02 3.796610e+01 -6.333717e+00 1.220832e+01 1783 7.011322e-03
111064 -1.804754e-02 1.522794e-02 7.099319e-02 -3.638266e-02 3.590114e-02 7.211693e-02 -2.260195e+01 2.548414e+01 1.385249e+00 1210 9.365777e-03
199944 2.152660e-02 -1.664470e-02 6.579390e-02 2.507382e-02 -2.551803e-02 6.556263e-02 6.098716e+00 -1.525586e+01 -3.976290e-01 5115 2.516144e-02
955178 -2.006930e-02 -2.220225e-02 6.519530e-02 -3.773982e-02 -4.204883e-02 5.108728e-02 -1.705428e+01 -1.915445e+01 -1.341276e+01 3514 1.731463e-02
330859 1.506432e-02 2.221439e-02 7.334425e-02 3.280669e-02 3.447693e-02 7.328706e-02 1.443014e+01 9.973309e+00 -4.650713e-02 3811 1.574848e-02
580888 -9.777830e-03 2.331730e-02 7.052890e-02 -1.523491e-02 3.092574e-02 7.181216e-02 -1.579016e+01 2.201514e+01 3.713142e+00 1688 9.575711e-03
112874 -2.186718e-02 -1.189514e-02 7.146817e-02 -2.760556e-02 -1.669774e-02 7.092114e-02 -2.084822e+01 -1.744843e+01 -1.987429e+00 2235 9.337291e-03
201297 -1.930480e-02 -1.607179e-02 6.842224e-02 -4.513866e-02 -4.082167e-02 7.296387e-02 -2.289086e+01 -2.193037e+01 4.024246e+00 3129 1.420152e-02
582365 2.546597e-02 -1.561787e-04 7.109622e-02 3.851861e-02 3.681175e-04 7.245049e-02 1.981566e+01 7.959524e-01 2.055960e+00 2941 1.217963e-02
201558 1.058910e-02 2.333812e-02 6.928247e-02 1.253235e-02 2.939650e-02 6.846958e-02 8.619744e+00 2.687328e+01 -3.605769e+00 2707 1.079206e-02
832580 2.586647e-03 2.657389e-02 6.883359e-02 1.350256e-03 3.345100e-02 6.820812e-02 -5.211074e+00 2.898529e+01 -2.636210e+00 1396 6.088831e-03
832750 3.858204e-03 1.874206e-02 7.110174e-02 5.687473e-03 4.448854e-02 7.021156e-02 2.558433e+00 3.600929e+01 -1.245011e+00 817 3.735108e-03
832813 -2.890685e-02 -2.558181e-03 7.104346e-02 -7.636464e-02 -6.137547e-03 7.259290e-02 -1.943461e+01 -1.465799e+00 6.345164e-01 1192 5.321930e-03
332744 -1.532388e-02 -1.945264e-02 7.313148e-02 -4.461869e-02 -5.033707e-02 8.501150e-02 -3.011451e+01 -3.174861e+01 1.221243e+01 1870 7.418833e-03
454586 2.320882e-02 -1.168733e-02 6.621593e-02 2.864857e-02 -1.676140e-02 6.526724e-02 2.111919e+01 -1.969945e+01 -3.683149e+00 2635 1.077669e-02
705428 -1.721225e-02 -1.046746e-02 7.216399e-02 -2.796789e-02 -1.550725e-02 7.163478e-02 -3.170532e+01 -1.485623e+01 -1.559988e+00 754 3.476788e-03
115280 1.916542e-02 7.591905e-03 7.092648e-02 3.268331e-02 1.197784e-02 7.353242e-02 3.783728e+01 1.227647e+01 7.294167e+00 721 3.377188e-03
958833 3.503784e-03 2.423686e-02 7.025328e-02 4.491171e-03 4.014771e-02 6.992003e-02 1.623592e+00 2.616274e+01 -5.479755e-01 3586 1.480715e-02
334392 -2.872906e-03 2.880038e-02 7.057232e-02 -3.650728e-03 6.673911e-02 7.465348e-02 -5.890554e-01 2.873152e+01 3.090718e+00 1191 5.621062e-03
116755 -1.361474e-02 1.958128e-02 7.252102e-02 -2.856579e-02 5.151339e-02 8.327515e-02 -1.155691e+01 2.468298e+01 8.312762e+00 3307 1.322272e-02
335136 9.679429e-03 -5.466690e-03 1.722855e-01 3.325758e-02 -1.574564e-02 2.208911e-01 4.444636e+00 -1.937649e+00 9.162470e+00 1790 1.793571e-02
118129 -2.750394e-03 2.715158e-02 6.514101e-02 -2.539974e-03 3.178115e-02 6.314424e-02 1.442107e+00 3.172859e+01 -1.298563e+01 876 9.307919e-03
204688 7.913926e-03 2.290389e-02 6.965533e-02 9.610159e-03 2.850421e-02 7.045305e-02 7.347746e+00 2.425947e+01 3.455568e+00 3124 1.456668e-02
118580 -1.117355e-02 -2.421126e-02 6.899102e-02 -1.290645e-02 -3.087843e-02 6.728526e-02 -5.946517e+00 -2.287860e+01 -5.853373e+00 3291 1.332184e-02
836092 2.238095e-02 1.608654e-02 7.152328e-02 2.795696e-02 1.951484e-02 7.683255e-02 1.446612e+01 8.894215e+00 1.377409e+01 1445 1.032812e-02
836177 -9.118042e-03 2.216694e-02 7.199261e-02 -2.015429e-02 3.794932e-02 7.367964e-02 -1.953838e+01 2.794083e+01 2.986694e+00 1202 7.687894e-03
204954 2.084378e-02 1.616714e-02 7.302168e-02 5.343888e-02 4.221668e-02 7.807141e-02 2.072595e+01 1.656388e+01 3.210924e+00 696 3.425053e-03
586258 -2.019959e-02 1.071933e-02 7.027272e-02 -7.190339e-02 4.030049e-02 7.722900e-02 -3.401607e+01 1.946152e+01 4.576552e+00 1200 5.264976e-03
336350 -6.588488e-03 -2.598404e-02 7.379695e-02 -1.345015e-02 -3.876274e-02 7.720344e-02 -1.307215e+01 -2.434472e+01 6.489703e+00 2239 1.169568e-02
836582 2.809174e-02 -3.549276e-03 6.929936e-02 3.404578e-02 -3.801320e-03 6.811621e-02 1.975725e+01 -8.363585e-01 -3.926032e+00 1683 1.161619e-02
120279 2.644608e-02 4.322070e-03 6.946716e-02 4.634978e-02 7.888225e-03 7.478080e-02 1.645486e+01 2.948226e+00 4.392914e+00 904 6.209318e-03
120300 -2.400280e-02 -1.539125e-02 6.965007e-02 -2.916478e-02 -1.929592e-02 6.896062e-02 -2.183880e+01 -1.651952e+01 -2.916849e+00 1171 7.450187e-03
459079 2.707706e-02 8.201933e-03 6.996898e-02 3.753703e-02 1.162986e-02 7.060837e-02 2.286198e+01 7.492299e+00 1.397487e+00 3205 1.665755e-02
459162 -1.874944e-02 1.488091e-02 7.344566e-02 -3.279359e-02 2.614442e-02 7.832092e-02 -1.846245e+01 1.480702e+01 6.409012e+00 1346 6.088454e-03
459181 2.217719e-02 6.830116e-04 7.161957e-02 4.662674e-02 1.230987e-03 6.782164e-02 2.611427e+01 5.852859e-01 -4.056520e+00 1429 5.848641e-03
587778 -3.815224e-03 -2.279025e-02 7.024089e-02 -4.147128e-03 -3.488024e-02 6.654040e-02 -6.712285e-01 -2.445032e+01 -7.483715e+00 1985 8.678490e-03
709879 -7.405818e-05 -2.602656e-02 7.080730e-02 -1.556222e-03 -4.342439e-02 7.125919e-02 -3.632005e+00 -4.263293e+01 1.107356e+00 938 4.198503e-03
962664 -2.721885e-02 -8.677875e-03 7.126869e-02 -3.030189e-02 -8.907911e-03 7.194150e-02 -3.773807e+01 -2.815767e+00 8.235451e+00 2704 1.113246e-02
459869 -2.393576e-03 2.526757e-02 6.874090e-02 -3.681491e-03 3.367003e-02 5.801139e-02 -3.328861e+00 2.171778e+01 -8.859579e+00 1278 9.086430e-03
710390 -9.663661e-03 1.864254e-02 7.035851e-02 -1.984956e-02 3.437033e-02 6.949155e-02 -1.963919e+01 3.032437e+01 -1.671565e+00 4363 2.046329e-02
710411 -2.268470e-02 -8.540081e-03 6.644839e-02 -3.134891e-02 -1.151323e-02 6.082443e-02 -1.820323e+01 -6.246491e+00 -6.107883e+00 3381 1.792439e-02
460739 -2.156138e-02 -1.256982e-02 6.960753e-02 -2.874692e-02 -1.662667e-02 6.929347e-02 -2.208880e+01 -1.247102e+01 -9.654484e-01 6312 2.492952e-02
963812 1.493301e-02 1.092791e-02 7.220484e-02 2.919873e-02 2.100231e-02 7.446670e-02 3.126083e+01 2.207626e+01 4.956456e+00 1549 6.649137e-03
460975 -8.436164e-03 2.051017e-02 7.267693e-02 -1.341654e-02 3.192881e-02 7.461912e-02 -1.237274e+01 2.836731e+01 4.824972e+00 2140 8.783863e-03
842486 4.394710e-03 -2.216920e-02 6.905436e-02 6.124965e-03 -3.152685e-02 6.940870e-02 2.680130e+00 -1.449481e+01 5.488713e-01 3020 1.305331e-02
967016 -2.028551e-02 -2.001794e-02 6.857749e-02 -4.091502e-02 -4.350063e-02 6.945100e-02 -1.217594e+01 -1.385994e+01 5.155650e-01 2984 1.551506e-02
842977 2.318006e-02 1.741176e-02 7.087429e-02 4.153584e-02 2.918965e-02 7.233560e-02 3.806054e+01 2.442135e+01 3.030007e+00 1312 5.778003e-03
211615 1.567956e-02 -2.252831e-02 7.176135e-02 6.898935e-02 -1.001910e-01 8.274786e-02 1.964191e+01 -2.861472e+01 4.047963e+00 2126 8.600329e-03
967508 2.874753e-02 -2.030473e-03 6.891211e-02 3.628022e-02 -2.234978e-03 5.905133e-02 3.778663e+01 -1.025868e+00 -1.111902e+01 2472 9.947333e-03
464801 1.834519e-02 -4.588468e-03 7.181900e-02 2.872195e-02 -9.652847e-03 7.225357e-02 2.530158e+01 -1.234844e+01 1.059592e+00 1007 4.448456e-03
844109 -2.733888e-02 9.910720e-03 6.666350e-02 -3.299358e-02 1.101176e-02 6.629244e-02 -1.444374e+01 2.812370e+00 -9.477893e-01 1479 1.027649e-02
716125 -2.140761e-03 -2.096803e-02 7.023871e-02 -3.450979e-03 -3.013952e-02 6.847185e-02 -3.294031e+00 -2.305810e+01 -4.442078e+00 1302 8.925802e-03
465703 3.786601e-03 3.475032e-03 1.907859e-01 3.752671e-02 3.692548e-02 4.613466e-01 1.738809e+00 1.723881e+00 1.394345e+01 2851 2.198458e-02
844578 2.245084e-02 7.177200e-03 7.054790e-02 3.770748e-02 1.076252e-02 7.237591e-02 3.158959e+01 7.423579e+00 3.785000e+00 740 3.632299e-03
844887 2.855913e-02 -1.385388e-03 6.854068e-02 4.927164e-02 1.842783e-03 5.677520e-02 2.691689e+01 4.195161e+00 -6.321161e+00 1845 7.973802e-03
213534 -1.311530e-02 -1.855540e-02 6.879207e-02 -1.860674e-02 -2.772021e-02 6.695605e-02 -1.955903e+01 -3.264260e+01 -6.539412e+00 2545 1.066519e-02
345128 1.810865e-02 -9.858761e-03 7.213986e-02 2.681559e-02 -1.487040e-02 7.341165e-02 3.781249e+01 -2.176452e+01 5.523125e+00 2184 8.482596e-03
595194 -1.235669e-04 -2.290565e-02 6.889226e-02 2.777361e-03 -3.270241e-02 6.624874e-02 5.473218e+00 -1.848369e+01 -4.987571e+00 1714 1.130085e-02
846012 -2.299589e-02 1.240779e-02 6.384655e-02 -3.193464e-02 1.911026e-02 6.291473e-02 -1.672136e+01 1.253805e+01 -1.743126e+00 2689 1.381559e-02
846504 2.737167e-02 1.538614e-03 7.409975e-02 3.037762e-02 1.447862e-03 7.539616e-02 2.109872e+01 -6.369890e-01 9.099461e+00 1084 7.715009e-03
846571 -2.350535e-02 1.686367e-02 6.582288e-02 -5.475370e-02 4.785720e-02 3.437481e-02 -2.536975e+01 2.516287e+01 -2.434189e+01 1326 6.164912e-03
970763 -2.195957e-02 3.147974e-03 6.919796e-02 -4.107251e-02 7.962628e-03 6.746627e-02 -2.417953e+01 6.090954e+00 -2.190735e+00 4210 1.870645e-02
846640 1.296714e-02 -8.481798e-03 7.111272e-02 3.611208e-02 -2.009443e-02 7.133581e-02 3.293591e+01 -1.652511e+01 3.174623e-01 2909 1.099226e-02
347024 2.244510e-02 -1.333135e-02 6.820978e-02 2.765029e-02 -1.568822e-02 6.726910e-02 3.292608e+01 -1.490868e+01 -5.950372e+00 2136 8.617426e-03
347335 -9.210975e-03 2.151052e-02 7.225427e-02 -2.000454e-02 3.283310e-02 7.796612e-02 -2.724112e+01 2.857624e+01 1.441573e+01 1666 6.653699e-03
848174 -2.270861e-03 -2.559010e-02 7.010352e-02 -2.313091e-03 -3.901445e-02 6.752612e-02 -7.419482e-02 -2.358560e+01 -4.528304e+00 1655 7.233662e-03
972456 -4.544693e-03 -2.828656e-02 6.769187e-02 -5.010870e-03 -2.969266e-02 6.750558e-02 -8.209449e+00 -2.476162e+01 -3.280646e+00 5504 2.639323e-02
469521 1.508875e-02 -2.171609e-02 7.223196e-02 3.204010e-02 -3.398965e-02 6.815330e-02 2.796558e+01 -2.024836e+01 -6.728797e+00 4430 1.744683e-02
469622 -2.285534e-02 4.678058e-03 6.988241e-02 -3.694370e-02 8.689002e-03 7.056135e-02 -3.485067e+01 9.921953e+00 1.679492e+00 6882 2.635083e-02
972859 -2.065160e-02 4.941449e-04 7.282925e-02 -3.201673e-02 1.400286e-03 7.392108e-02 -1.668193e+01 1.330050e+00 1.602610e+00 1715 7.830443e-03
598347 2.511217e-02 4.819473e-03 6.715247e-02 3.194328e-02 7.040825e-03 6.626965e-02 3.647051e+01 1.185956e+01 -4.713267e+00 1693 7.078145e-03
470461 1.489815e-02 -2.371583e-02 7.017707e-02 2.366146e-02 -4.199456e-02 6.770323e-02 1.188631e+01 -2.479275e+01 -3.355449e+00 2491 1.665857e-02
349649 -1.373184e-02 -2.654438e-02 7.232223e-02 -3.479984e-02 -6.649772e-02 8.210957e-02 -1.090644e+01 -2.068295e+01 5.066687e+00 1080 7.346398e-03
850078 2.524693e-02 1.225260e-02 7.247396e-02 3.479342e-02 1.659671e-02 7.362041e-02 3.350768e+01 1.524759e+01 4.023978e+00 2963 1.248761e-02
471368 -1.277623e-02 -1.789735e-02 7.183566e-02 -2.449089e-02 -4.627575e-02 8.468675e-02 -9.778369e+00 -2.368780e+01 1.072696e+01 778 4.233614e-03
721985 1.419127e-02 -1.610503e-02 2.369128e-01 1.469186e-01 -2.902019e-01 1.964616e+00 1.624912e+00 -3.355625e+00 2.115137e+01 2185 1.968020e-02
350110 -1.265119e-02 -1.244081e-02 7.004246e-02 -2.416845e-02 -2.083957e-02 7.248621e-02 -2.264178e+01 -1.651112e+01 4.804155e+00 847 3.747609e-03
722155 1.743104e-02 1.592430e-02 6.907607e-02 2.488603e-02 2.101914e-02 6.839797e-02 1.735949e+01 1.186371e+01 -1.579017e+00 1324 9.748512e-03
471813 -2.403920e-02 -8.840905e-03 7.200176e-02 -2.841379e-02 -9.996487e-03 7.193766e-02 -2.639191e+01 -6.971631e+00 -3.866906e-01 2333 1.283442e-02
722282 -1.799357e-02 1.506496e-02 7.067708e-02 -2.774379e-02 2.088178e-02 7.237287e-02 -2.002537e+01 1.194681e+01 3.482884e+00 964 4.385055e-03
218839 1.430742e-03 2.903294e-02 6.975824e-02 1.223747e-03 4.063431e-02 7.174826e-02 -5.238535e-01 2.936018e+01 5.036228e+00 3681 1.473857e-02
351134 -1.320107e-02 -2.011057e-02 6.754444e-02 -2.569043e-02 -2.469792e-02 6.893466e-02 -2.855719e+01 -1.048908e+01 3.178769e+00 2645 1.448181e-02
219778 -1.737318e-02 1.065894e-02 6.622735e-02 -2.707863e-02 2.186064e-02 6.553573e-02 -2.245869e+01 2.592106e+01 -1.600430e+00 1528 1.056494e-02
851904 -2.029780e-02 4.266457e-03 7.112596e-02 -3.303302e-02 8.514341e-03 7.184507e-02 -3.790459e+01 1.264323e+01 2.140343e+00 2455 9.608298e-03
219996 1.100725e-02 -2.115934e-02 6.894201e-02 1.215257e-02 -2.758825e-02 6.614388e-02 3.336691e+00 -1.872941e+01 -8.151816e+00 1185 5.310427e-03
474005 8.784440e-03 -1.656248e-02 6.677502e-02 1.914611e-02 -2.874703e-02 6.954482e-02 2.928446e+01 -3.443633e+01 7.828081e+00 3129 1.238099e-02
352732 1.599323e-02 -1.344606e-02 6.741199e-02 2.501489e-02 -2.230567e-02 6.736169e-02 2.454293e+01 -2.410207e+01 -1.368628e-01 2354 8.870893e-03
977747 2.332799e-02 -9.950117e-03 6.805391e-02 4.744929e-02 -2.152863e-02 6.923629e-02 3.089668e+01 -1.483078e+01 1.514498e+00 4116 1.661086e-02
353538 -2.341525e-02 1.819827e-02 6.548553e-02 -2.463073e-02 1.903944e-02 6.414308e-02 -8.881226e+00 6.146183e+00 -4.028860e+00 983 6.381759e-03
353812 -1.977084e-02 -1.143437e-02 6.948743e-02 -3.170460e-02 -1.403436e-02 7.043760e-02 -3.305293e+01 -7.201186e+00 2.631683e+00 3141 1.767771e-02
222268 -1.268693e-02 -2.086647e-02 7.318175e-02 -2.147971e-02 -3.448515e-02 7.728321e-02 -1.924341e+01 -2.980512e+01 8.976236e+00 4660 1.865966e-02
354342 -2.028998e-02 6.523980e-03 7.220204e-02 -5.684391e-02 1.378475e-02 8.299214e-02 -3.336849e+01 6.628041e+00 9.849812e+00 1480 6.025466e-03
476055 1.279857e-02 -1.935437e-02 6.994451e-02 1.725491e-02 -2.718980e-02 7.058256e-02 1.214261e+01 -2.134996e+01 1.738561e+00 3664 1.509418e-02
222943 -2.103064e-02 -2.134812e-02 7.129885e-02 -6.983280e-02 -8.727092e-02 8.556217e-02 -1.803843e+01 -2.436661e+01 5.272059e+00 2484 1.048216e-02
727271 1.776418e-02 1.026367e-02 7.099431e-02 7.198761e-02 1.988654e-02 8.899594e-02 3.238591e+01 5.747429e+00 1.075179e+01 6661 2.544799e-02
355365 -2.464421e-02 -1.161341e-02 7.110673e-02 -4.622484e-02 -2.612183e-02 6.714999e-02 -2.027695e+01 -1.363197e+01 -3.717718e+00 1908 8.248259e-03
979918 -1.393075e-02 -2.256259e-02 7.416059e-02 -2.565487e-02 -4.163260e-02 8.444195e-02 -1.820343e+01 -2.960902e+01 1.596335e+01 676 3.643179e-03
605492 -1.595602e-02 8.360478e-03 7.169415e-02 -3.065850e-02 1.418823e-02 6.765527e-02 -2.116815e+01 8.390609e+00 -5.815052e+00 2220 8.963559e-03
224305 -1.906937e-02 8.820641e-03 7.146846e-02 -2.757691e-02 1.475857e-02 7.317032e-02 -1.589005e+01 1.109064e+01 3.178671e+00 3165 1.570198e-02
856310 -9.318327e-03 1.932410e-02 7.171181e-02 -1.373441e-02 2.848649e-02 7.042329e-02 -5.615097e+00 1.165009e+01 -1.638365e+00 2903 1.586835e-02
980648 1.605954e-02 -1.977925e-02 6.674431e-02 4.001772e-02 -6.316540e-02 5.515095e-02 1.023160e+01 -1.852852e+01 -3.538087e+00 2384 1.267262e-02
477857 2.218584e-02 9.592811e-03 6.919486e-02 2.915442e-02 9.672012e-03 6.614416e-02 2.101071e+01 2.387971e-01 -9.198044e+00 1877 8.552587e-03
356671 -1.661202e-02 -1.659435e-02 7.047653e-02 -2.377628e-02 -2.318658e-02 7.223702e-02 -1.447380e+01 -1.331815e+01 3.556684e+00 1593 8.928351e-03
981520 1.792684e-02 -4.854837e-03 7.193398e-02 3.538170e-02 -9.325692e-03 7.359895e-02 3.749389e+01 -9.603619e+00 3.576425e+00 3602 1.452425e-02
357109 -1.979151e-02 1.979385e-02 6.036235e-02 -4.004206e-02 4.327888e-02 5.618671e-02 -1.948671e+01 2.259918e+01 -4.018139e+00 1492 1.055012e-02
857485 -8.179089e-03 -2.010372e-02 7.045592e-02 -8.528631e-03 -3.006928e-02 7.072985e-02 -1.150871e+00 -3.281171e+01 9.019482e-01 1895 1.103221e-02
981768 1.699354e-02 -1.614921e-02 6.764198e-02 2.226561e-02 -2.084682e-02 6.570591e-02 1.472374e+01 -1.311938e+01 -5.407007e+00 5239 2.237433e-02
729666 2.348946e-02 -1.193012e-02 6.836742e-02 2.881216e-02 -1.510303e-02 6.771710e-02 2.702600e+01 -1.611046e+01 -3.301963e+00 5383 2.105603e-02
607623 2.127278e-02 -6.493065e-03 6.864147e-02 3.439927e-02 -9.844761e-03 6.695064e-02 2.459794e+01 -6.280800e+00 -3.168472e+00 2460 9.833710e-03
358088 -1.407012e-02 -2.232764e-02 6.912388e-02 -1.638779e-02 -2.720774e-02 6.941383e-02 -1.039126e+01 -2.187984e+01 1.300019e+00 2510 1.449037e-02
608709 2.842426e-02 1.322775e-03 7.087447e-02 3.318087e-02 9.593879e-04 7.077792e-02 3.652249e+01 -2.790177e+00 -7.412944e-01 2967 1.201046e-02
859712 -1.961899e-02 2.111160e-02 6.698985e-02 -6.168572e-02 7.692198e-02 3.970858e-02 -1.888527e+01 2.505529e+01 -1.054172e+01 1407 6.166390e-03
359523 2.251481e-02 -1.074621e-02 7.017398e-02 2.701284e-02 -1.447521e-02 7.093658e-02 1.482505e+01 -1.229039e+01 2.513455e+00 1466 1.027337e-02
731543 -1.309049e-02 -2.607939e-02 7.033127e-02 -1.609878e-02 -5.304581e-02 7.487642e-02 -3.085913e+00 -2.766221e+01 4.662422e+00 2060 8.901307e-03
360296 1.892745e-02 1.077971e-02 7.234639e-02 3.100100e-02 1.624918e-02 7.488129e-02 3.803949e+01 1.723236e+01 7.986575e+00 2823 1.075781e-02
860632 1.868376e-02 1.224118e-02 7.177216e-02 3.741545e-02 1.566281e-02 8.208123e-02 2.504481e+01 4.574821e+00 1.378352e+01 2674 1.304653e-02
360914 -1.501163e-02 -1.740292e-02 7.117918e-02 -2.174351e-02 -2.509989e-02 7.599075e-02 -1.816341e+01 -2.076735e+01 1.298219e+01 1451 6.211099e-03
985861 -9.964027e-03 -2.458630e-02 7.025182e-02 -1.062049e-02 -3.259757e-02 6.980010e-02 -2.425234e+00 -2.959681e+01 -1.668844e+00 4017 1.731774e-02
733466 -2.716383e-02 -6.212688e-03 6.378180e-02 -4.277774e-02 -8.193978e-03 5.214953e-02 -2.104758e+01 -2.670783e+00 -1.568032e+01 1809 1.239885e-02
361527 -1.514447e-02 2.432604e-02 7.310651e-02 -7.159525e-02 1.085802e-01 1.032094e-01 -1.810113e+01 2.701638e+01 9.652576e+00 2903 1.179234e-02
611771 -1.562506e-02 -9.702126e-03 6.752929e-02 -2.978933e-02 -1.090406e-02 7.160446e-02 -4.298223e+01 -3.647344e+00 1.236634e+01 2836 1.180714e-02
362209 -2.347693e-02 -7.943192e-03 7.002330e-02 -3.073203e-02 -1.039927e-02 6.982016e-02 -3.103113e+01 -1.050502e+01 -8.688646e-01 1360 8.791323e-03
362650 5.725610e-03 -2.184902e-02 7.260573e-02 1.451657e-02 -4.034453e-02 7.534071e-02 1.144716e+01 -2.408396e+01 3.561354e+00 2575 1.058768e-02
987077 -2.289087e-02 -1.481959e-02 7.051958e-02 -4.977916e-02 -3.842224e-02 6.720120e-02 -2.338524e+01 -2.052767e+01 -2.886061e+00 6192 2.423632e-02
612641 2.215486e-02 -1.520033e-02 7.172010e-02 4.279125e-02 -2.051642e-02 6.976628e-02 3.168403e+01 -8.162047e+00 -2.999786e+00 1957 8.194456e-03
231582 -2.433401e-02 3.721337e-03 6.695175e-02 -3.362578e-02 5.124297e-03 6.847343e-02 -1.428780e+01 2.157309e+00 2.339862e+00 1783 9.693466e-03
231631 -2.075920e-02 -1.346931e-02 6.643449e-02 -2.865442e-02 -2.353860e-02 6.581767e-02 -1.161730e+01 -1.481630e+01 -9.076171e-01 3778 1.570221e-02
988100 -3.032806e-03 2.366723e-02 6.948866e-02 -1.437535e-02 8.986500e-02 7.862613e-02 -6.784114e+00 3.959370e+01 5.465234e+00 1199 4.996880e-03
735994 2.692376e-02 -1.212756e-02 7.343373e-02 3.842708e-02 -1.596430e-02 7.472871e-02 4.119959e+01 -1.374144e+01 4.638043e+00 1777 1.155119e-02
613947 2.118610e-02 1.032249e-02 6.639303e-02 2.750298e-02 1.236909e-02 6.216108e-02 2.378037e+01 7.704576e+00 -6.120796e+00 3702 1.463334e-02
736336 1.257412e-02 2.446393e-02 6.517498e-02 1.364872e-02 3.317312e-02 6.352991e-02 2.540757e+00 2.059188e+01 -3.487721e+00 10456 4.074405e-02
736641 2.554307e-02 -1.807540e-03 7.058894e-02 3.191144e-02 -2.001537e-03 6.975059e-02 2.539233e+01 -7.735170e-01 -3.342719e+00 2294 1.102069e-02
233151 -1.831189e-02 -1.385033e-02 7.209392e-02 -3.246582e-02 -1.855532e-02 7.005815e-02 -2.998809e+01 -9.968510e+00 -4.313212e+00 1692 1.106134e-02
614788 -9.051806e-03 2.376494e-02 7.109332e-02 -3.275005e-02 7.507054e-02 7.144914e-02 -1.190959e+01 2.578370e+01 1.788199e-01 1203 5.248348e-03
990129 1.128192e-02 -1.804558e-02 7.145547e-02 1.993450e-02 -3.911320e-02 8.134404e-02 1.485835e+01 -3.617765e+01 1.698080e+01 4325 1.667080e-02
487479 1.498659e-02 2.337279e-02 6.632463e-02 2.552884e-02 3.702649e-02 5.859826e-02 1.449100e+01 1.876789e+01 -7.226231e+00 3857 2.101150e-02
866413 7.163938e-03 -2.213513e-02 7.234683e-02 1.787083e-02 -5.470148e-02 8.539733e-02 9.337893e+00 -2.840238e+01 1.138185e+01 1465 6.023364e-03
487759 -5.983730e-04 -2.851828e-02 7.326537e-02 -8.469356e-06 -4.519859e-02 7.259442e-02 8.810099e-01 -2.491172e+01 -1.002048e+00 2633 1.134456e-02
234687 -1.842793e-02 -1.624590e-02 7.356627e-02 -2.480943e-02 -2.118395e-02 7.488729e-02 -2.096079e+01 -1.621961e+01 4.339057e+00 1829 7.846603e-03
366632 6.585417e-04 -2.084383e-02 6.893986e-02 1.671896e-03 -3.098860e-02 6.525960e-02 1.627986e+00 -1.629790e+01 -5.912449e+00 4297 2.129647e-02
866962 1.789071e-04 -2.978098e-02 6.901871e-02 8.788724e-04 -3.511593e-02 6.954865e-02 2.684413e+00 -2.045989e+01 2.032357e+00 2469 1.221085e-02
991584 -2.275283e-02 9.733851e-03 7.274647e-02 -3.556163e-02 1.421205e-02 7.209145e-02 -2.587349e+01 9.045868e+00 -1.323122e+00 3914 1.586409e-02
367474 -1.419935e-03 2.964712e-02 7.075994e-02 -2.943301e-02 1.570696e-01 7.426132e-02 -6.434893e+00 2.927027e+01 8.043035e-01 1938 8.722420e-03
236078 1.823752e-02 8.705196e-03 6.957322e-02 2.706809e-02 1.649526e-02 6.668363e-02 2.258914e+01 1.992745e+01 -7.391755e+00 4380 2.037914e-02
868675 8.794635e-03 -1.784917e-02 7.135171e-02 1.420396e-02 -2.660416e-02 7.313254e-02 2.780480e+01 -4.500207e+01 9.153753e+00 1167 4.729120e-03
868721 -2.113478e-02 4.794903e-05 6.993253e-02 -3.034484e-02 -1.650382e-03 7.094282e-02 -2.566458e+01 -4.732540e+00 2.815242e+00 2692 1.193654e-02
740703 5.602102e-04 -2.800167e-02 7.057770e-02 1.031778e-03 -3.474268e-02 6.993883e-02 2.781072e+00 -3.975508e+01 -3.767724e+00 1528 8.961059e-03
369599 -2.822617e-02 -6.936382e-03 7.485661e-02 -1.583890e-01 -4.747133e-02 1.240963e-01 -3.916637e+01 -1.219708e+01 1.481636e+01 1011 4.313788e-03
370064 3.688031e-03 2.953088e-02 6.942842e-02 1.276747e-02 5.860659e-02 6.797035e-02 7.832519e+00 2.508261e+01 -1.257827e+00 2965 1.345594e-02
371331 2.425258e-03 2.263574e-02 7.295220e-02 2.622107e-03 3.269234e-02 7.704046e-02 4.912919e-01 2.509909e+01 1.020340e+01 6554 2.547007e-02
995656 2.334547e-02 1.001512e-02 6.739882e-02 2.986067e-02 1.326993e-02 6.554266e-02 2.068025e+01 1.033128e+01 -5.891751e+00 4221 1.998806e-02
872124 2.489474e-02 9.831785e-03 7.002389e-02 4.819096e-02 1.731753e-02 6.757217e-02 2.093365e+01 6.726585e+00 -2.203078e+00 2460 1.379532e-02
621594 -2.589870e-02 -2.302525e-04 7.183763e-02 -3.385881e-02 -1.180590e-03 7.162827e-02 -2.797466e+01 -3.339825e+00 -7.357773e-01 7346 2.875713e-02
493799 9.792577e-03 -1.877605e-02 7.217460e-02 1.367140e-02 -3.122166e-02 7.000738e-02 7.224403e+00 -2.318028e+01 -4.036486e+00 1536 9.222780e-03
997181 1.468897e-02 2.172841e-02 6.924515e-02 3.134360e-02 6.039743e-02 7.541520e-02 9.728387e+00 2.258755e+01 3.604078e+00 1199 6.143109e-03
998397 3.581729e-03 -2.947829e-02 6.180958e-02 5.022174e-02 -1.287736e-01 3.597269e-02 1.186553e+01 -2.526138e+01 -6.573075e+00 2604 1.819566e-02
746489 2.578498e-02 7.982951e-03 6.555363e-02 2.898254e-02 8.728671e-03 6.511863e-02 3.851361e+01 8.981974e+00 -5.239433e+00 1494 9.886788e-03
746583 -2.877349e-02 -2.229108e-03 7.146886e-02 -1.244406e-01 -2.746759e-02 6.825646e-02 -2.890911e+01 -7.626676e+00 -9.707384e-01 3973 1.561701e-02
624393 -2.376140e-02 -1.446050e-02 6.342464e-02 -3.531402e-02 -2.875945e-02 5.428258e-02 -1.469275e+01 -1.818557e+01 -1.162697e+01 1614 1.061464e-02
624458 -8.120315e-03 -2.630811e-02 7.131086e-02 -8.547847e-03 -3.180313e-02 7.391110e-02 -2.379373e+00 -3.058179e+01 1.447129e+01 7070 2.965674e-02
746868 3.565147e-03 2.147840e-02 7.069342e-02 9.056703e-03 4.232562e-02 7.402421e-02 1.102708e+01 4.186135e+01 6.688253e+00 1656 6.557813e-03
746887 -4.095373e-04 -2.972972e-02 7.042299e-02 2.688360e-03 -5.183314e-02 7.097420e-02 2.820470e+00 -2.012398e+01 5.018484e-01 2303 1.459529e-02
244223 1.250255e-03 -2.600289e-02 7.408346e-02 5.060446e-04 -4.282776e-02 7.541245e-02 -1.661537e+00 -3.756348e+01 2.967116e+00 1310 5.548350e-03
749416 -1.490354e-02 2.197297e-02 6.995372e-02 -1.798993e-02 2.660615e-02 7.299896e-02 -8.415263e+00 1.263267e+01 8.303037e+00 4299 1.962812e-02
