/n/home03/calmiller/DSMC_Simulations/5_25_20_cold_second_stage/flow_2.000_gap_0.00200_len_0.02000/data
running....
idx x y z xnext ynext znext vx vy vz collides time
25005 -4.846639e-03 -1.380762e-03 1.586697e-01 -4.253739e-03 -1.560822e-03 3.004931e+00 -1.433345e+00 1.481703e-01 2.761902e+01 1000 9.306948e-03
21 -3.743740e-03 -1.066643e-02 1.527576e-01 2.302401e-03 9.702594e-03 6.404962e-01 1.751998e+00 3.082835e+00 2.347461e+01 1494 1.212347e-02
43782 -5.192182e-03 3.941051e-03 2.036310e-01 -6.844402e-03 5.702545e-03 7.797133e-01 1.890982e+00 -2.187953e+00 1.989057e+01 4817 3.421191e-02
55 -1.095887e-03 4.976000e-04 2.422628e-01 -1.052347e-03 3.010200e-04 2.873621e+00 -3.512809e-01 1.488704e+00 2.223482e+01 763 1.170872e-02
80 6.199058e-05 6.183103e-03 2.191293e-01 -1.837277e-03 -1.346573e-02 9.701402e-01 9.184964e-01 2.226694e+00 2.119990e+01 1634 1.657248e-02
37574 5.362123e-03 4.117875e-03 1.303233e-01 8.634245e-03 6.458532e-03 1.851736e+00 -3.328811e-01 -3.252829e-01 3.715038e+01 511 4.350010e-03
18845 -1.451896e-03 -5.407016e-03 1.548110e-01 5.191744e-04 -6.244016e-03 4.991612e-01 1.106493e+00 1.755510e+00 2.013546e+01 710 8.556760e-03
6345 1.835234e-03 -1.173105e-03 1.039615e-01 -1.849103e-03 -7.552043e-05 4.047810e-01 -1.059556e+00 7.060110e-01 1.613941e+01 1030 8.066185e-03
81341 -2.263193e-03 1.001299e-02 1.664143e-01 -1.050606e-03 6.370111e-03 1.468912e+00 -1.241353e+00 4.529695e+00 2.257048e+01 589 7.634110e-03
62597 4.896881e-03 7.083546e-03 1.603992e-01 3.991174e-03 5.920620e-03 4.551373e-01 -1.667374e+00 -2.262821e+00 1.871995e+01 979 1.054693e-02
158 -3.767136e-03 2.177547e-03 3.439543e-01 6.472970e-03 -4.293292e-03 6.014012e-01 -9.559990e-01 4.304019e-01 2.581423e+01 529 1.348339e-02
62617 -1.054722e-02 3.288962e-03 1.670058e-01 2.423127e-03 -1.998418e-03 7.627044e-01 -6.180959e+00 1.620723e+00 2.414172e+01 1315 1.148085e-02
12636 -1.252533e-03 -7.670332e-03 1.423264e-01 1.526202e-03 6.801573e-03 5.167210e-01 -5.222759e-01 2.502538e+00 1.719514e+01 2629 1.952903e-02
12673 -1.024167e-02 1.203205e-02 1.433352e-01 9.096538e-03 -1.002952e-02 6.134680e-01 -3.562960e+00 4.463737e+00 1.953236e+01 2934 2.110095e-02
6470 5.121663e-03 2.002721e-03 2.525885e-01 4.965430e-03 1.742515e-03 2.367243e+00 -8.801858e-01 -1.223543e+00 1.425721e+01 2379 2.956274e-02
50242 1.106696e-03 5.455560e-03 3.416859e-01 -3.572709e-04 2.108291e-03 1.335066e+01 -7.969030e-01 -6.946531e+00 1.675701e+01 1100 2.262282e-02
25261 1.781159e-02 5.902185e-03 1.166585e-01 1.118473e-02 7.494728e-03 5.690225e-01 -9.854432e+00 -2.955471e+00 1.376113e+01 1926 1.600148e-02
50270 -1.604519e-02 9.608366e-03 1.386197e-01 -1.573296e-02 9.586512e-03 8.117545e-01 -1.876002e+00 7.637699e-01 1.530708e+01 588 8.366597e-03
75281 -3.364587e-04 -5.114272e-03 1.922561e-01 1.931500e-03 1.028198e-02 1.657332e+00 -1.645169e-01 1.205928e+00 1.860115e+01 1679 1.627935e-02
50315 -3.988669e-03 -8.353671e-04 2.924966e-01 -1.598629e-02 -6.108895e-03 7.887031e+00 -1.103301e+00 -5.109451e-03 1.666036e+01 2315 2.650598e-02
44059 1.158944e-02 -4.691140e-03 3.322572e-01 -5.024851e-03 1.715895e-03 4.006374e+00 -6.182446e+00 2.611052e+00 2.395197e+01 318 1.331839e-02
6587 1.514290e-02 2.954847e-03 2.842497e-01 -6.708756e-03 -8.545149e-04 1.480695e+00 8.539173e+00 1.927128e+00 1.755767e+01 1284 1.920125e-02
94099 6.654120e-03 1.084969e-03 2.908620e-01 -8.909421e-03 -8.944294e-04 5.841433e+00 -1.577668e+00 3.648280e-01 2.019599e+01 1988 2.306485e-02
6604 -7.709533e-03 3.212445e-03 1.163553e-01 -1.306424e-02 4.402283e-03 4.868699e-01 -3.689015e+00 5.714779e-01 2.341917e+01 3780 2.431688e-02
87874 2.862824e-03 -4.058923e-03 3.021835e-01 1.047587e-02 -1.607350e-03 7.944192e-01 -1.914245e+00 2.466385e+00 2.644180e+01 1117 1.509359e-02
75379 9.709137e-03 3.855464e-03 2.034784e-01 -1.169379e-02 -5.015433e-03 3.631844e-01 1.126273e+00 8.960239e-01 2.416860e+01 1800 1.578731e-02
19156 -2.433422e-03 5.247555e-03 1.137183e-01 2.929419e-03 -4.891031e-03 3.521141e-01 -1.868073e+00 3.843613e+00 2.019297e+01 1787 1.253300e-02
19159 1.067376e-03 2.171828e-03 1.581170e-01 -1.160034e-03 -1.494262e-04 7.294888e-01 8.927795e-02 2.244855e+00 2.460669e+01 3763 2.600882e-02
12922 -6.962825e-03 9.560314e-03 1.343121e-01 -1.053151e-03 3.446942e-03 6.348692e-01 4.651797e+00 -6.831222e+00 2.547625e+01 818 7.149563e-03
81714 1.102627e-03 -3.211092e-03 1.979306e-01 2.442479e-03 -3.210780e-03 5.775578e+00 1.620428e+00 3.896198e-01 2.502502e+01 2020 1.657782e-02
81733 5.394377e-03 1.003213e-02 1.414781e-01 1.015608e-02 3.088893e-03 5.643837e-01 -2.144752e+00 -5.760506e+00 2.362220e+01 1808 1.382836e-02
19185 1.462342e-02 -6.355161e-04 1.761636e-01 3.761243e-03 1.176959e-05 5.055972e-01 8.465654e+00 -3.894043e-01 2.798766e+01 1049 9.821492e-03
44203 -2.666247e-03 4.154693e-03 1.291097e-01 -3.684479e-05 1.094284e-03 1.076037e+00 -2.064954e+00 2.679452e+00 3.381370e+01 1289 9.156299e-03
75417 1.435202e-03 4.840757e-03 2.864001e-01 -2.072739e-03 1.467799e-02 7.245716e+00 1.077131e+00 1.477781e+00 1.526372e+01 1168 2.065869e-02
87953 -7.423652e-04 9.404575e-03 2.001931e-01 -1.634122e-03 -9.787478e-03 1.231848e+00 1.608669e+00 -1.981875e+00 2.899567e+01 3408 2.411644e-02
56760 1.665966e-03 1.594516e-04 2.870161e-01 -2.796417e-03 6.715177e-03 3.033369e+00 -6.864472e-01 -8.876730e-01 1.642103e+01 2084 2.526607e-02
94225 -8.187357e-04 -2.686391e-03 2.269183e-01 -1.075833e-03 1.682769e-02 2.134932e+00 9.688659e-01 -4.373487e+00 2.024341e+01 2624 2.292607e-02
6728 5.944530e-03 -9.831479e-03 2.107932e-01 -6.465478e-03 1.025289e-02 1.016757e+01 2.921857e+00 -2.224356e+00 2.359956e+01 1688 1.584620e-02
69335 6.473591e-03 -3.677677e-03 1.496497e-01 -3.749531e-04 -1.572991e-03 5.199480e-01 4.580408e+00 -1.971354e+00 2.905775e+01 987 8.142363e-03
94311 -3.941917e-03 -1.660729e-02 2.606972e-01 -3.646044e-03 -1.588849e-02 2.221376e+00 -2.828421e+00 -6.995448e+00 1.893276e+01 1224 1.687501e-02
13112 8.732964e-04 -1.862382e-02 1.349669e-01 3.118314e-03 2.196869e-02 9.997799e-01 1.679262e+00 -5.118820e+00 2.211188e+01 1608 1.227931e-02
960 -1.310842e-02 5.507246e-03 1.180773e-01 -1.427984e-02 6.442481e-03 3.765859e-01 3.813561e+00 -1.437196e+00 1.537451e+01 1844 1.362858e-02
75577 2.196174e-03 2.510373e-04 1.193810e-01 -4.831866e-03 1.078159e-03 3.679484e-01 1.169137e+00 1.842666e-01 2.273133e+01 427 4.572502e-03
50632 1.302950e-02 -7.347447e-03 2.447393e-01 1.140494e-02 -8.906853e-03 1.912045e+00 -7.498456e+00 4.157548e+00 1.804420e+01 545 1.357472e-02
13150 -9.500955e-03 -8.351677e-03 2.262124e-01 5.920263e-03 9.152234e-03 3.000124e+00 -7.366996e+00 -7.362934e+00 1.729897e+01 2785 2.571875e-02
75601 1.139427e-02 -3.902892e-03 1.655772e-01 -2.254138e-02 6.655244e-03 9.768596e-01 -9.751874e+00 3.208223e+00 1.302826e+01 2177 1.979561e-02
1064 4.442726e-04 3.948043e-03 2.186418e-01 -1.540376e-04 -2.079533e-03 3.015089e+00 4.590209e-01 3.078300e+00 2.209383e+01 1411 1.538049e-02
50683 -1.225710e-02 3.777540e-03 2.196531e-01 -7.460489e-03 3.450341e-03 9.515975e-01 7.766087e+00 -8.862236e-01 2.411061e+01 1750 1.644498e-02
88131 -4.133789e-03 -1.277261e-02 2.668396e-01 1.154399e-02 2.506106e-02 4.295013e-01 -3.310512e-01 1.741408e+00 3.252789e+01 556 9.570985e-03
88139 6.074317e-03 8.734034e-03 2.741357e-01 -5.514774e-03 -9.234970e-03 3.418715e+00 -3.610379e+00 2.854469e+00 1.148429e+01 1404 2.775010e-02
13205 5.196643e-03 -4.952917e-03 2.625048e-01 4.932627e-03 -4.514409e-03 8.633287e-01 2.524470e+00 -4.127268e+00 2.035951e+01 1735 1.964466e-02
38220 -1.008053e-02 1.770680e-02 1.659763e-01 2.808486e-03 -6.835500e-03 5.719996e-01 5.793426e+00 -9.911602e+00 2.108211e+01 801 8.834777e-03
25690 3.080606e-03 -7.721571e-04 2.697957e-01 -7.621793e-03 -1.216327e-03 8.910475e+00 -2.643324e+00 -1.591644e+00 2.041133e+01 897 1.538127e-02
88183 -5.837802e-03 2.717199e-03 1.407755e-01 2.584496e-03 -6.069469e-03 4.271184e-01 -3.626552e+00 1.905973e+00 2.521700e+01 757 6.938097e-03
1164 -9.258894e-03 -8.820406e-03 2.897281e-01 -1.127312e-02 -1.691850e-02 6.253138e+00 4.153101e+00 3.123622e+00 1.212828e+01 817 2.138722e-02
57008 2.419435e-03 -4.496276e-03 3.220498e-01 -2.731718e-03 4.580471e-03 2.365589e+01 -7.424555e-01 -2.191995e-02 2.333384e+01 1466 1.947796e-02
88222 -2.951511e-03 2.748008e-03 1.544872e-01 -2.228754e-03 3.306134e-03 9.248172e-01 -3.983113e+00 -2.922591e+00 1.304468e+01 3152 2.496349e-02
44461 2.900742e-03 -5.077129e-04 2.150086e-01 -4.278275e-03 -1.287487e-03 6.252810e-01 -1.027131e-01 -1.169155e+00 1.731309e+01 907 1.374759e-02
44464 -3.204512e-05 -2.568911e-03 2.808306e-01 7.332416e-03 4.630318e-03 1.927788e+00 8.688843e-01 2.101657e+00 1.542941e+01 828 1.859672e-02
88244 -1.265746e-03 -1.043602e-02 1.302363e-01 2.788325e-03 1.489924e-02 3.543251e-01 4.698940e-01 -3.740685e-01 2.488057e+01 1924 1.367022e-02
13306 -9.652473e-04 -1.997010e-03 3.033441e-01 1.403162e-03 2.623383e-03 3.724095e+00 -5.131842e+00 -7.331720e+00 1.127056e+01 1951 3.018626e-02
1301 2.427540e-03 -4.014818e-03 2.195053e-01 6.905049e-03 -2.855550e-03 1.602566e+00 1.482663e+00 1.668161e+00 2.269475e+01 515 1.019170e-02
1307 3.423577e-04 8.709322e-04 2.297844e-01 6.872417e-03 -3.193153e-03 2.142023e+00 9.406505e+00 -5.973974e+00 2.135858e+01 3456 2.778315e-02
69588 5.438773e-03 -1.948927e-03 1.878936e-01 -3.646457e-03 2.307327e-03 1.882374e+00 2.940481e+00 2.064423e-01 2.513724e+01 2668 1.954865e-02
69599 7.302210e-03 -1.232212e-04 1.322303e-01 1.626525e-03 -1.361072e-03 4.625289e-01 4.752919e+00 5.626507e-01 2.519738e+01 1875 1.305340e-02
57090 1.953466e-03 -1.177054e-02 1.315976e-01 1.833171e-03 -1.029460e-02 6.567404e-01 -6.951523e-01 4.453569e+00 1.657295e+01 3096 2.111472e-02
88304 -2.390812e-03 -1.002835e-03 2.781672e-01 -2.962906e-03 -7.860063e-04 4.511031e+00 -1.658184e+00 -6.623869e-01 2.246465e+01 1009 1.631549e-02
1423 -7.803006e-03 -8.101442e-03 1.257170e-01 4.805360e-03 5.337816e-03 7.672606e-01 3.645756e+00 3.574365e+00 1.803005e+01 1177 1.010990e-02
75817 -3.385331e-03 1.968095e-03 2.195372e-01 1.402144e-02 -2.249544e-03 5.126544e+00 -1.616174e+00 -6.700547e-01 2.159839e+01 1299 1.540893e-02
63383 -4.438741e-03 5.759143e-03 1.183629e-01 5.196368e-03 -5.639337e-03 3.595496e-01 -3.741504e+00 4.648622e+00 1.995877e+01 3758 2.443603e-02
19706 5.231390e-03 -4.996955e-03 1.976809e-01 5.101855e-03 -6.772880e-03 6.101291e-01 -1.054527e+00 -5.826031e-01 1.342383e+01 2865 2.760074e-02
50932 -2.319978e-03 5.643843e-04 1.175577e-01 -2.142514e-03 6.534353e-04 4.200142e-01 1.605150e+00 7.731707e-01 2.026760e+01 2101 1.433102e-02
1508 -4.822798e-03 -1.759517e-04 2.285410e-01 -9.860553e-03 -2.823995e-03 8.268707e+00 1.060738e+00 1.213898e+00 2.181706e+01 1809 1.743241e-02
57198 1.526692e-03 4.884944e-03 1.268552e-01 -1.869485e-03 6.765343e-03 6.137909e-01 -2.072283e+00 -4.249059e-01 1.555268e+01 2180 1.605313e-02
25946 4.139131e-03 -8.217124e-03 3.029179e-01 8.298276e-04 3.136014e-03 4.836165e+00 2.423971e+00 -5.457382e+00 2.391608e+01 1532 1.887392e-02
50978 -8.367877e-04 9.542902e-03 1.711178e-01 1.748863e-03 -8.700439e-03 7.595405e-01 2.074935e+00 2.633914e+00 2.599339e+01 2217 1.654309e-02
25991 -2.208299e-04 3.205301e-03 1.593813e-01 4.127655e-03 1.722484e-03 3.566266e-01 -3.606445e+00 1.805732e+00 1.441407e+01 1201 1.301521e-02
26005 -3.434093e-03 -8.416891e-03 9.828596e-02 -1.469949e-02 -3.169281e-02 1.652437e-01 -1.036890e+00 -1.593999e+00 2.593940e+01 3834 2.347670e-02
19778 -5.367538e-03 -4.917445e-03 2.257802e-01 4.460968e-03 6.475479e-03 2.978981e+00 1.897124e+00 -1.685723e+00 1.286176e+01 1052 1.774028e-02
13529 9.026618e-04 -2.292585e-03 3.150684e-01 -4.561675e-03 -3.496972e-03 8.518232e-01 -3.025154e-01 1.564582e+00 1.596847e+01 647 2.116962e-02
51021 -1.513200e-03 -6.108942e-03 3.135738e-01 -2.473444e-03 -4.360056e-03 5.406605e+00 5.749863e-01 3.127768e+00 2.819287e+01 2967 2.630059e-02
75930 4.772030e-03 1.826894e-05 3.496175e-01 -5.535909e-03 8.750089e-05 1.739677e+01 -1.882351e+00 2.998704e-01 1.704715e+01 519 2.051506e-02
32287 3.586715e-03 2.477717e-03 1.307792e-01 -2.050416e-03 -1.933688e-03 4.170398e-01 2.898233e+00 2.143152e+00 2.298618e+01 1153 9.732086e-03
51053 -3.762336e-03 -1.389757e-03 3.307801e-01 -2.797018e-03 2.862967e-03 1.150831e+00 1.594955e+00 4.860173e+00 1.810298e+01 2042 2.621343e-02
26072 -1.163816e-02 3.256073e-03 1.371458e-01 -5.881489e-03 -2.545569e-03 3.955437e-01 -5.922202e+00 3.098541e+00 2.032550e+01 689 7.395609e-03
57319 -3.603284e-03 7.334477e-03 2.014017e-01 4.183564e-03 -8.876819e-03 1.486667e+00 -9.186495e-01 2.617389e+00 1.942467e+01 596 1.090789e-02
38580 -6.639681e-03 4.020028e-03 1.443758e-01 -2.456773e-03 1.514403e-03 3.696347e-01 -3.724336e+00 2.250999e+00 1.895202e+01 800 8.859444e-03
38582 -3.041411e-04 3.074603e-03 2.989666e-01 4.253207e-03 -3.280783e-03 1.611646e+01 2.131638e+00 6.504081e-01 2.630465e+01 1323 1.646094e-02
19896 1.530016e-02 5.060543e-04 1.580812e-01 -1.660055e-02 3.734213e-03 9.393201e-01 -1.054931e+01 -1.250086e-02 1.637825e+01 995 1.118885e-02
1866 1.073785e-03 -8.468721e-03 2.868075e-01 -7.061744e-04 4.123075e-03 1.937347e+00 9.589725e-01 -7.086116e+00 2.295499e+01 600 1.308585e-02
88618 -5.352237e-03 1.964945e-03 1.409733e-01 -1.312367e-03 -7.251821e-03 6.785269e-01 -3.266199e+00 9.069424e-01 2.091039e+01 852 8.066491e-03
44862 3.355991e-03 1.190279e-02 3.217497e-01 -2.941216e-03 2.680762e-03 1.792305e+01 -2.485233e+00 -6.927637e+00 2.321392e+01 621 1.455406e-02
20005 5.053180e-03 1.097139e-02 1.436711e-01 2.878345e-03 5.656231e-03 6.638876e-01 -3.442730e+00 -7.401268e+00 2.711995e+01 429 5.117277e-03
44885 5.734452e-03 1.473941e-03 2.562335e-01 -2.277277e-02 -6.921598e-03 4.293198e+00 -3.002186e-01 7.389687e-02 2.646204e+01 794 1.158399e-02
70048 7.099820e-04 1.276287e-03 2.532496e-01 7.260891e-03 2.363779e-03 4.696408e-01 4.681206e+00 2.372919e+00 2.425272e+01 1262 1.499559e-02
63746 -7.198110e-03 -1.956779e-03 2.015929e-01 -4.358959e-03 2.086886e-03 1.636919e+00 -4.586659e+00 -1.058274e+00 2.599392e+01 1608 1.489168e-02
70071 9.283740e-03 -4.846709e-03 2.422034e-01 -6.582617e-03 3.233992e-03 8.151094e-01 -4.472366e+00 2.377521e+00 8.947901e+00 851 2.533004e-02
88702 -1.879990e-03 -2.639184e-03 1.191612e-01 1.246798e-03 2.020051e-03 4.261011e-01 -1.319345e+00 -1.888413e+00 2.594424e+01 2363 1.573234e-02
38739 -1.184318e-03 -2.260632e-02 1.534694e-01 8.460353e-04 1.822799e-02 6.643367e-01 -7.371490e-01 -1.016712e+01 1.360580e+01 2019 1.785394e-02
88713 4.746629e-04 -8.113971e-03 2.344914e-01 -2.916617e-03 1.281801e-02 3.688871e-01 -1.836697e+00 2.169842e+00 1.568653e+01 589 1.345414e-02
51314 7.005436e-03 2.316347e-03 1.280679e-01 -3.942223e-03 -2.297014e-03 9.206250e-01 4.449740e+00 1.529267e+00 3.020542e+01 905 7.306381e-03
38754 -3.771713e-03 -2.814403e-03 1.339982e-01 3.678767e-03 2.010815e-04 1.052860e+00 -3.165417e+00 -1.820695e+00 3.401616e+01 2871 1.900309e-02
26297 7.486309e-03 7.326303e-03 1.443612e-01 -3.906564e-03 -3.186509e-03 3.978996e-01 4.528171e+00 4.425532e+00 2.272191e+01 1188 1.058600e-02
2133 -4.108786e-03 1.640573e-02 3.210206e-01 4.574400e-03 -1.043866e-02 2.076593e+00 1.139468e+00 -7.524707e+00 2.209032e+01 730 1.578331e-02
82605 3.908402e-03 5.236885e-03 1.748113e-01 2.911718e-03 -5.730161e-03 1.214889e+00 -2.019755e+00 -3.926661e+00 2.192074e+01 1848 1.816560e-02
88768 6.256850e-03 6.482206e-03 1.328683e-01 -5.234465e-03 -3.591441e-03 5.436926e-01 -2.205951e+00 -3.188748e+00 2.000117e+01 1410 1.122181e-02
95098 9.665705e-03 2.636899e-03 3.381012e-01 5.087020e-03 -9.720584e-04 1.164284e+01 5.627931e+00 1.618781e+00 2.260857e+01 1330 1.962641e-02
82625 -4.312489e-03 2.274408e-03 1.076923e-01 5.343869e-03 -4.931062e-03 4.167703e-01 -2.829235e+00 1.585416e+00 2.722769e+01 1554 1.076608e-02
26364 7.385627e-03 -6.978890e-03 1.819973e-01 -8.106037e-03 7.212453e-03 1.519524e+00 5.635729e-01 2.431117e-01 2.608881e+01 1520 1.320764e-02
45009 2.076299e-03 5.249334e-03 1.262123e-01 1.929178e-03 5.762707e-03 4.721682e-01 -6.577700e-01 1.766835e+00 2.296161e+01 2461 1.702144e-02
26376 1.691357e-03 6.339490e-04 2.139548e-01 -1.243963e-03 -6.230463e-04 3.171812e+00 -6.873229e-01 -1.852409e-01 2.705681e+01 2285 1.884951e-02
2248 -1.581280e-03 -2.641149e-03 2.173671e-01 1.028759e-02 6.189439e-03 5.423465e+00 -5.997208e-01 6.806490e-01 2.155983e+01 511 1.006008e-02
76283 -3.816710e-03 -6.946770e-03 2.099322e-01 -1.343429e-02 -1.606156e-02 4.621812e-01 6.360735e-01 -7.567333e-01 2.055773e+01 1398 1.567529e-02
63889 4.458348e-03 -6.734777e-04 2.429772e-01 -2.431147e-03 3.874857e-03 4.093971e-01 2.199367e+00 1.215316e+00 1.806970e+01 1460 1.817442e-02
7680 3.239788e-03 -4.297329e-03 1.855713e-01 2.456317e-03 -3.969123e-03 6.306194e-01 -1.443953e+00 1.721909e+00 2.592261e+01 736 8.589907e-03
76311 2.690168e-04 2.985620e-03 1.728628e-01 1.929937e-03 -4.451543e-03 6.180483e-01 -2.910529e-01 -1.503458e+00 2.357999e+01 1624 1.383171e-02
88881 6.856568e-03 1.082402e-02 1.411182e-01 4.554184e-04 -4.567830e-03 6.540791e-01 4.125572e+00 6.401914e+00 1.988189e+01 666 8.384767e-03
76341 5.924413e-03 1.547894e-02 1.415707e-01 5.734125e-03 -3.191754e-04 1.080769e+00 -3.360028e+00 -9.311428e+00 1.496780e+01 883 9.586117e-03
26472 8.787136e-03 -4.041801e-03 2.321200e-01 -8.970131e-03 3.418780e-04 1.761450e+00 2.891989e+00 -2.648763e+00 1.555079e+01 1270 1.874177e-02
63953 -5.949764e-03 -7.549909e-04 1.333916e-01 -3.067608e-03 2.257030e-03 5.917794e-01 -4.147498e+00 -3.593531e+00 3.278284e+01 945 7.539027e-03
70306 2.488329e-03 -1.444820e-03 2.468752e-01 6.354654e-04 1.019179e-02 4.382385e+00 -1.575622e+00 5.947810e+00 2.512152e+01 4274 3.220819e-02
32783 -1.698447e-03 6.775761e-03 1.109254e-01 -4.410432e-03 -1.406235e-02 3.881945e-01 -1.337235e+00 3.093312e+00 2.587081e+01 1724 1.156393e-02
64012 1.311013e-02 8.249683e-03 1.439435e-01 -2.180486e-03 -1.805482e-03 9.550887e-01 -9.668850e+00 -5.823388e+00 3.905909e+01 968 7.676394e-03
32848 1.100724e-03 -8.799753e-04 2.457863e-01 -2.369661e-03 -6.681609e-03 4.400666e+00 -1.352240e+00 -1.221221e+00 2.513868e+01 2323 2.072597e-02
64020 -1.958344e-03 -1.561319e-03 2.419188e-01 1.230019e-03 3.702311e-03 3.133327e+00 -9.619686e-01 -1.281580e-01 2.927301e+01 1266 1.276450e-02
70417 9.679524e-03 1.298427e-02 2.333761e-01 -4.056954e-03 -3.187289e-03 9.083641e-01 5.683216e+00 8.994529e+00 2.854027e+01 995 1.169020e-02
2548 -7.710713e-04 1.227470e-03 1.763272e-01 -7.889094e-04 1.165348e-03 8.824082e+00 -4.663220e-01 -1.648367e+00 2.653913e+01 999 9.622819e-03
45277 5.014183e-03 1.791694e-03 1.816193e-01 -2.845920e-03 -1.675139e-03 3.803894e-01 3.229795e+00 3.764743e-01 2.418876e+01 2806 2.126444e-02
39070 -7.667415e-03 3.792485e-03 1.138179e-01 -9.484982e-03 4.640233e-03 4.687375e-01 -3.496448e+00 1.615062e+00 2.326949e+01 3068 1.998440e-02
39071 -4.292603e-04 3.372904e-03 1.890093e-01 2.244968e-03 2.266044e-03 4.392424e-01 -4.967974e-01 1.811442e+00 2.142483e+01 1489 1.442229e-02
20469 3.038873e-03 1.165892e-02 1.474719e-01 -2.436515e-03 -7.434876e-03 5.832333e-01 -1.214498e+00 -5.361452e+00 2.158021e+01 2676 1.892556e-02
32991 -3.760348e-04 -3.553117e-03 2.021887e-01 7.560995e-03 -8.654199e-03 1.672594e+00 -6.909108e+00 3.771298e+00 1.675107e+01 1489 1.598645e-02
95421 -4.470138e-04 -1.175614e-03 2.604631e-01 -3.985254e-03 -3.458244e-03 6.180434e-01 -3.175502e+00 -1.900508e+00 2.258955e+01 954 1.454140e-02
64161 -1.825885e-03 -4.036316e-03 1.684820e-01 1.960172e-03 6.603133e-03 1.722206e+00 6.513284e-02 -2.678768e+00 1.925837e+01 556 8.639099e-03
20506 6.105768e-04 4.997541e-03 1.740392e-01 1.329683e-03 6.079539e-03 4.617666e-01 -5.730736e-01 -1.926557e-01 2.083950e+01 1986 1.675105e-02
14222 6.332099e-04 4.539688e-03 2.456554e-01 -2.537087e-04 -5.457192e-03 2.111774e+00 5.403607e-01 -5.123237e-01 1.922644e+01 1426 1.811017e-02
76565 -3.244024e-03 6.543822e-03 1.360735e-01 2.200569e-03 -9.074253e-03 7.012032e-01 -1.405311e+00 7.197253e-01 2.356679e+01 1742 1.294605e-02
45388 -7.120643e-03 -4.764358e-03 1.663811e-01 7.117367e-03 4.867394e-03 8.492767e-01 1.287433e-01 -1.419050e+00 1.847955e+01 1327 1.270801e-02
20532 -2.601895e-03 7.423883e-03 2.418569e-01 2.848245e-03 3.152550e-03 1.245731e+00 -1.274776e+00 4.854626e+00 1.439071e+01 933 1.772631e-02
2803 3.757066e-03 -1.042669e-03 2.807282e-01 -1.088773e-02 8.986737e-03 4.373731e+00 -5.898115e+00 3.493520e+00 3.020733e+01 684 1.068122e-02
70586 1.036233e-02 7.755803e-05 1.319171e-01 5.888711e-03 -3.565682e-03 5.136831e-01 -5.956644e+00 -2.141064e-01 2.091620e+01 1468 1.147431e-02
70596 7.306695e-03 7.557199e-03 3.431837e-01 5.922741e-03 4.970555e-03 1.059383e+00 2.482782e+00 3.576018e+00 1.651668e+01 2119 3.064426e-02
51760 -1.109816e-02 6.698938e-03 2.305387e-01 -1.222248e-02 7.583881e-03 6.074091e+00 1.903808e+00 -1.638207e+00 1.410629e+01 3007 3.000601e-02
51772 -8.258369e-03 9.126288e-03 1.922817e-01 8.035741e-03 -8.593781e-03 4.514334e-01 -1.097040e+00 1.962101e+00 3.329456e+01 1810 1.433013e-02
2847 -1.209288e-03 -2.813966e-03 2.273734e-01 -2.145335e-03 -1.170361e-03 6.289142e-01 2.976094e+00 3.788021e+00 1.903934e+01 509 1.116438e-02
57989 -4.190813e-03 -2.170416e-04 1.829937e-01 2.788488e-03 -5.131547e-03 4.982781e-01 -2.613793e+00 4.604607e-02 1.207643e+01 2683 2.500225e-02
8096 5.902381e-03 1.050017e-02 1.281722e-01 1.562199e-03 -1.641203e-03 7.279944e-01 -5.148440e+00 -7.096942e+00 2.929557e+01 1789 1.217992e-02
33121 -1.265776e-02 1.190528e-03 1.318188e-01 4.470078e-03 3.436113e-03 3.741185e-01 -8.146640e+00 3.700148e-01 2.076759e+01 1071 8.841391e-03
83093 -5.879025e-04 4.690783e-04 2.199481e-01 -1.196642e-02 -3.325799e-03 1.936743e+00 -2.609091e+00 -1.132279e+00 1.880257e+01 889 1.314057e-02
14365 5.303201e-03 2.996244e-04 3.464814e-01 1.008958e-02 1.597484e-04 4.913692e+00 -2.556222e+00 1.645182e-01 2.215747e+01 1226 1.971819e-02
95596 1.557501e-03 8.131876e-03 2.262276e-01 -3.925714e-03 -1.405445e-02 2.147459e+00 2.093166e-01 -9.671889e-01 2.423570e+01 1744 1.671769e-02
51888 3.321601e-03 5.969829e-03 1.585385e-01 3.474108e-03 3.920736e-03 8.108450e-01 -6.201440e-01 -2.667922e+00 2.107482e+01 1070 1.046284e-02
64358 1.463162e-03 1.324645e-03 2.164942e-01 6.991827e-03 1.650620e-03 6.056091e+00 -1.664851e+00 2.955436e-01 2.089915e+01 1865 1.696329e-02
76731 -8.586097e-03 -7.128830e-03 2.451999e-01 -8.450750e-03 -7.084967e-03 1.620133e+00 -9.332651e-01 -4.553527e-01 1.551076e+01 1344 1.878558e-02
26890 2.814560e-03 -1.638738e-03 1.831929e-01 6.854587e-04 -3.252873e-03 6.132177e-01 1.740857e+00 -1.197070e+00 1.682260e+01 515 9.589466e-03
51918 -5.905065e-03 1.765739e-03 1.300945e-01 6.281658e-03 -1.201634e-03 3.617730e-01 -3.185430e-01 9.110119e-01 2.824505e+01 4725 3.014365e-02
8190 6.284774e-03 1.105288e-02 1.186224e-01 4.226649e-03 5.751816e-03 4.842393e-01 3.405100e+00 8.132689e+00 2.601780e+01 1060 7.774888e-03
51934 -8.014664e-03 5.050573e-03 1.241923e-01 4.076768e-03 -6.183502e-03 5.610886e-01 5.470038e+00 5.270496e-01 2.046697e+01 4975 3.170555e-02
20745 -5.520884e-03 -6.051343e-03 1.976225e-01 -5.956208e-03 -6.452742e-03 2.605589e+00 3.917368e+00 3.594959e+00 2.034296e+01 785 1.112927e-02
33221 9.831664e-03 3.055839e-03 3.420786e-01 -8.295834e-03 -1.636207e-03 5.636248e+00 3.245216e+00 1.573744e+00 2.448843e+01 3566 3.271130e-02
95685 -1.486021e-02 -6.678133e-04 2.104473e-01 -1.680187e-02 5.747766e-05 1.455408e+00 4.715964e-01 -9.762385e-01 2.852505e+01 731 9.278295e-03
83208 -5.411213e-03 -1.829005e-03 3.260840e-01 -6.010635e-03 7.881358e-04 4.985477e+00 -1.123067e+00 -1.828150e+00 2.646056e+01 524 1.366096e-02
39353 -1.090560e-02 7.443968e-03 2.415175e-01 -1.076850e-02 9.466687e-03 3.816553e+00 -6.118377e+00 4.090331e+00 3.108741e+01 1093 1.184286e-02
83238 8.298524e-04 4.080413e-03 2.809503e-01 4.668893e-03 8.274274e-04 3.152563e+00 -2.210633e+00 2.968630e+00 2.177420e+01 796 1.477796e-02
64466 -7.668652e-03 -8.809556e-03 1.657411e-01 -6.158390e-03 -8.540120e-03 1.009328e+00 2.868780e+00 2.611245e+00 2.690215e+01 4068 2.657832e-02
45622 5.808611e-03 4.669625e-03 1.975115e-01 -7.074890e-03 -4.110374e-03 1.312377e+00 1.235441e+00 -1.330615e+00 2.178630e+01 1052 1.200669e-02
83254 4.658134e-03 9.406970e-03 1.408868e-01 -6.650907e-03 -9.498053e-03 4.144723e-01 7.250271e-01 2.968522e+00 2.917308e+01 1156 8.886329e-03
33280 -4.942931e-03 4.187798e-03 1.158880e-01 5.868815e-03 -5.347494e-03 3.680909e-01 2.352657e+00 -3.061642e+00 3.252772e+01 2717 1.657303e-02
26969 7.297214e-03 -3.052705e-03 1.225540e-01 -5.432227e-03 3.768164e-03 3.914354e-01 4.587261e+00 -1.974635e+00 2.376698e+01 2005 1.359380e-02
14567 -1.330163e-03 3.582121e-03 2.494926e-01 -1.791418e-03 7.002422e-03 3.749866e+00 -4.664813e-01 8.042548e-01 3.021557e+01 6282 4.277313e-02
58175 1.502003e-03 6.220112e-03 1.161704e-01 -4.704030e-04 3.186813e-03 3.719886e-01 1.217768e+00 3.146282e+00 1.999252e+01 1053 8.425777e-03
26990 -6.448731e-03 -8.657214e-03 1.825671e-01 8.288156e-03 1.207193e-02 1.338767e+00 2.152701e+00 2.664915e+00 2.343507e+01 907 1.013967e-02
64518 1.462501e-03 1.310307e-02 1.275937e-01 1.253232e-03 -7.639334e-03 3.825436e-01 8.618511e-01 7.959655e+00 2.280967e+01 1362 1.001368e-02
27043 6.832586e-04 -3.798014e-03 1.299158e-01 1.174981e-03 3.159204e-03 5.957551e-01 -1.801872e+00 1.220459e+00 2.199037e+01 878 7.554429e-03
8376 3.354008e-03 5.839660e-03 2.227518e-01 -1.764772e-03 -4.013159e-03 2.268150e+00 -1.716421e+00 -2.476600e+00 1.645256e+01 1161 1.632901e-02
27107 7.762517e-03 2.137016e-03 1.824807e-01 -7.616443e-04 3.981187e-03 2.181223e+00 4.679257e+00 1.186058e+00 2.835864e+01 821 9.029751e-03
14730 1.986882e-03 -1.060220e-02 1.278518e-01 1.027830e-03 1.486657e-02 7.984054e-01 1.886082e+00 -1.325931e+00 1.725514e+01 1345 1.085949e-02
45797 1.536486e-03 1.738370e-03 2.453274e-01 4.634424e-03 2.732687e-03 6.261108e-01 -2.651709e-01 -6.682672e-01 2.147985e+01 1977 1.995412e-02
14791 -3.699659e-03 1.046618e-02 1.819855e-01 -1.953417e-04 1.628957e-03 2.288117e+00 2.269500e+00 -6.225020e+00 2.299082e+01 630 9.284906e-03
3583 -1.002002e-02 -2.039745e-04 2.416787e-01 -5.830603e-03 -1.803949e-03 3.029256e+00 -5.125858e+00 1.157685e+00 1.897846e+01 1193 1.643490e-02
39612 9.179990e-03 -2.166426e-03 1.615329e-01 -1.091905e-02 -2.345172e-03 2.553441e+00 5.131214e+00 -1.384327e+00 2.815335e+01 2214 1.612135e-02
71094 -3.446335e-03 -1.781938e-03 1.588770e-01 3.643140e-04 -7.502566e-04 1.726149e+00 2.060169e+00 1.088729e+00 2.012174e+01 1810 1.498088e-02
83546 -5.129118e-03 1.141879e-02 1.711219e-01 -1.244028e-03 -2.850462e-03 7.607392e-01 3.020551e+00 -7.028581e+00 1.785491e+01 1173 1.254929e-02
39662 -1.226641e-02 4.253688e-03 1.973994e-01 2.808762e-03 -1.479600e-03 8.702448e-01 7.168334e+00 -2.437140e+00 3.534259e+01 1073 9.846431e-03
21146 -2.791052e-03 -3.763827e-03 1.510928e-01 -2.706952e-03 -3.738112e-03 4.523325e-01 -7.377429e-01 -2.846616e-01 2.051169e+01 1978 1.560977e-02
71172 -9.446847e-03 4.000036e-03 1.635464e-01 4.202891e-03 -7.265245e-03 4.566129e-01 5.508099e+00 -2.109356e+00 1.564099e+01 1504 1.523817e-02
83585 2.446430e-03 -9.999360e-05 2.135187e-01 2.586051e-03 -5.204961e-03 1.348326e+00 -2.101895e-01 -5.414679e+00 1.887159e+01 2026 1.922363e-02
3777 9.452465e-03 -8.567544e-03 1.019122e-01 -1.628994e-02 1.227515e-02 4.716505e-01 -4.079825e+00 1.594687e+00 1.586079e+01 1633 1.120150e-02
3816 -1.309010e-02 -5.398690e-03 1.297222e-01 -2.823175e-03 1.589547e-03 5.545769e-01 -9.318186e+00 -5.523118e+00 3.175927e+01 2836 1.840023e-02
3821 -2.126964e-03 2.765232e-04 1.470202e-01 -4.354964e-03 2.867051e-04 5.010694e-01 7.681017e-01 6.140088e-02 2.658981e+01 1223 1.033137e-02
71274 -4.576188e-03 7.053706e-03 1.630057e-01 4.997404e-03 -6.753798e-03 1.505584e+00 9.576335e-01 -1.980605e+00 2.063744e+01 1208 1.127284e-02
89778 1.069706e-02 1.028129e-02 2.875330e-01 5.901770e-03 7.674751e-03 1.065983e+00 5.646252e+00 5.095534e+00 1.871151e+01 2221 2.585821e-02
15032 -8.727288e-04 1.135463e-02 1.425482e-01 1.496611e-03 -1.080884e-02 5.328862e-01 -1.639089e+00 -2.162968e+00 1.786561e+01 2442 1.784443e-02
39828 -1.022740e-02 -1.255343e-02 3.398819e-01 -1.049691e-02 -9.179236e-03 7.095160e+00 -5.403161e+00 -6.904329e+00 2.195384e+01 3441 3.217514e-02
8759 1.577799e-02 -2.960979e-03 1.789278e-01 1.887587e-02 -6.510645e-03 4.536912e-01 4.853163e+00 -3.316085e-02 2.190789e+01 2116 1.708609e-02
96275 -7.574193e-03 1.405565e-02 1.320948e-01 9.503980e-03 -1.769626e-02 1.854138e+00 2.432482e+00 -4.611781e+00 3.284534e+01 590 5.242873e-03
4015 4.365930e-03 -1.288849e-02 1.714814e-01 -4.633865e-03 1.230082e-02 3.514719e-01 3.368879e-01 2.278377e+00 2.575717e+01 2058 1.600770e-02
27449 6.262045e-04 4.346421e-03 1.457302e-01 1.625418e-03 2.208151e-03 4.192323e-01 -4.013032e-01 2.276808e+00 2.059945e+01 606 7.499229e-03
96279 2.028892e-03 1.111907e-02 1.825460e-01 -2.134228e-03 -1.098628e-02 7.848317e-01 -8.019754e-01 1.291722e+00 2.696098e+01 451 6.881952e-03
77346 4.062190e-04 4.110077e-03 1.635446e-01 1.103292e-04 -9.402707e-04 7.525806e-01 4.352455e-01 3.020940e+00 2.502155e+01 538 6.922760e-03
27492 3.649734e-03 1.786455e-03 2.366939e-01 -6.715455e-03 -6.581463e-04 2.558924e+00 2.102620e+00 1.063493e+00 1.793067e+01 863 1.437535e-02
71434 3.115942e-03 -1.917961e-03 2.770260e-01 -2.177586e-03 -4.230725e-03 4.415079e+00 1.341255e+00 -3.087824e+00 3.238305e+01 2067 1.842905e-02
83851 8.208362e-03 1.439516e-02 1.209359e-01 2.352197e-03 9.330618e-03 3.891055e-01 -4.926720e+00 -8.643845e+00 1.448311e+01 1706 1.291600e-02
58761 -1.381122e-02 7.974452e-03 2.387920e-01 4.723066e-03 -3.513754e-03 4.613669e-01 -9.738436e+00 5.791031e+00 1.823303e+01 1116 1.598890e-02
21440 -3.394343e-05 -6.026030e-04 3.476615e-01 5.997691e-03 -5.973859e-03 5.937879e+00 -1.516887e+00 1.922100e+00 4.042947e+01 952 1.253724e-02
27541 -1.348222e-02 5.830294e-03 2.179508e-01 -8.938238e-03 1.204636e-02 5.373941e-01 -1.081986e+01 6.667034e+00 8.087092e+00 961 2.613513e-02
52643 -2.108924e-03 8.712201e-03 3.491347e-01 -6.417878e-04 5.360356e-03 9.356188e+00 -1.195702e+00 4.342652e+00 2.664433e+01 2284 2.414914e-02
8893 6.382748e-03 -1.256080e-02 2.025957e-01 3.070939e-03 -6.486105e-03 2.572757e+00 4.308511e+00 -8.536880e+00 2.387866e+01 2880 2.208305e-02
71536 -6.422739e-03 -2.721292e-03 1.697517e-01 -5.637201e-03 -3.804635e-03 9.586022e-01 -2.095585e+00 -1.543058e-01 2.817148e+01 1454 1.245553e-02
39987 -1.314028e-02 -3.431162e-03 1.198083e-01 4.116624e-03 5.302269e-03 3.588142e-01 -9.093547e+00 -3.229721e+00 1.966159e+01 544 5.190590e-03
40078 -2.321653e-03 2.203455e-03 2.975426e-01 2.333141e-04 1.727337e-03 6.629109e+00 1.516481e+00 -2.135595e+00 2.001418e+01 631 1.577851e-02
96474 -1.514358e-03 4.112426e-03 1.719499e-01 1.518586e-03 -4.103401e-03 7.559148e-01 5.851448e-01 1.257694e+00 1.576952e+01 1478 1.511449e-02
96477 9.345237e-03 -6.649857e-03 1.300568e-01 -1.076109e-02 1.064554e-02 6.409526e-01 1.440575e+00 7.102741e-01 2.155536e+01 2135 1.500728e-02
46356 3.067038e-03 -1.994653e-03 1.314848e-01 3.223336e-03 -2.040210e-03 6.517062e-01 -2.983149e+00 1.923488e+00 2.607869e+01 507 4.772569e-03
77520 -3.256260e-03 6.736770e-03 1.345833e-01 2.573448e-03 8.453112e-04 4.313014e-01 2.192652e+00 -4.003884e+00 1.644868e+01 1778 1.372785e-02
52813 -1.754811e-02 1.846409e-02 3.139103e-01 1.672433e-02 -1.527215e-02 3.903772e+00 -6.747852e+00 7.766210e+00 1.372950e+01 1951 3.493498e-02
21587 -7.287489e-04 1.079800e-02 2.071629e-01 -8.993815e-05 1.054694e-02 6.909499e-01 -5.929784e-01 2.475135e+00 3.582959e+01 1224 1.099104e-02
4377 6.291913e-03 -4.703040e-03 1.365421e-01 6.073110e-03 -4.952332e-03 3.693620e-01 1.086056e+00 7.099095e-01 1.601293e+01 761 8.275035e-03
40127 3.995430e-03 -5.447254e-03 1.853507e-01 3.799438e-04 1.944765e-03 6.265188e-01 3.885494e+00 -3.584115e+00 1.876894e+01 2644 2.154975e-02
65197 -2.001621e-03 -5.113684e-04 3.191080e-01 1.069628e-02 5.162222e-03 7.316033e+00 -1.235978e+00 -3.237121e-01 3.435755e+01 1442 1.549717e-02
9080 2.769341e-03 -4.165387e-03 2.096687e-01 1.797814e-03 -3.519376e-03 1.733863e+00 1.444630e+00 -1.298892e+00 3.500628e+01 1166 1.086034e-02
4454 5.054395e-04 -5.835879e-03 1.534958e-01 1.126216e-03 -3.164142e-03 4.136776e-01 3.211880e-02 -2.953153e+00 2.096051e+01 492 7.132989e-03
59020 6.569058e-03 8.195530e-03 2.760368e-01 -3.227388e-04 2.056394e-03 4.429015e-01 4.030512e+00 5.468137e+00 1.641224e+01 2588 2.770903e-02
4520 2.296137e-03 3.783514e-03 3.389250e-01 -1.529624e-03 7.460433e-04 6.448926e+00 4.510809e+00 3.861753e+00 2.959383e+01 1062 1.553304e-02
9132 2.744812e-03 4.640803e-03 1.874335e-01 1.096784e-02 1.087234e-02 1.225044e+00 -2.091957e-01 9.854326e-01 1.837910e+01 830 1.199656e-02
4551 1.645353e-03 1.393560e-03 3.378686e-01 2.068116e-04 -4.137471e-04 5.031110e+00 4.174051e+00 5.205281e+00 3.530440e+01 1851 1.829990e-02
4563 8.126549e-03 -6.213512e-03 1.915895e-01 7.430330e-03 -5.382724e-03 1.909925e+00 -1.908149e+00 1.900193e+00 2.300106e+01 2676 2.061238e-02
9153 -1.185996e-03 6.579442e-04 1.285559e-01 2.320951e-03 3.539526e-03 5.946350e-01 8.218634e-01 -2.303321e-01 2.553382e+01 2135 1.462478e-02
46508 2.343078e-03 5.143254e-03 1.354902e-01 2.850750e-03 5.490354e-03 5.089051e-01 -1.111021e+00 -2.523474e+00 2.084706e+01 1413 1.233385e-02
46513 3.845718e-04 1.205655e-02 1.680600e-01 1.776682e-04 1.185444e-02 8.770501e-01 7.211610e-01 1.267290e+00 2.417594e+01 1167 1.122744e-02
84147 -5.364600e-03 3.139039e-04 1.571495e-01 -6.048356e-03 3.966876e-03 1.071214e+00 -2.393887e+00 -4.031660e-01 1.622442e+01 1262 1.167165e-02
59084 -3.774041e-03 7.347914e-03 1.720496e-01 9.094687e-04 -8.331659e-03 1.480666e+00 -2.313243e+00 1.916191e+00 2.433693e+01 627 7.940854e-03
9211 -2.233465e-03 3.214505e-03 1.227439e-01 -2.467074e-03 3.395347e-03 5.370827e-01 -1.565802e+00 1.176893e+00 2.770803e+01 1316 9.260568e-03
4672 -8.061081e-03 1.173566e-04 2.186243e-01 4.443073e-03 3.255342e-04 5.937378e-01 9.235466e+00 -1.071631e+00 1.720523e+01 2190 2.130445e-02
52996 -3.405383e-03 6.281241e-03 1.856254e-01 3.684188e-03 -5.023134e-03 2.097153e+00 1.964411e+00 -3.661814e+00 1.778329e+01 941 1.243585e-02
27833 -1.312659e-03 1.028895e-02 1.054969e-01 8.399774e-04 -4.258404e-03 4.029604e-01 -1.509722e+00 1.056125e+01 2.244174e+01 393 3.622038e-03
9235 -1.198757e-02 -3.746149e-03 1.561252e-01 1.437418e-02 5.883222e-03 1.123478e+00 -9.316928e-01 6.593007e-01 4.112144e+01 636 5.625349e-03
46629 1.433874e-02 -2.823827e-04 1.452940e-01 1.040341e-02 -7.666075e-04 9.778507e-01 -7.780076e+00 1.047826e-01 2.534494e+01 2090 1.500072e-02
27888 -5.243342e-03 -3.465438e-03 2.191361e-01 1.277059e-03 5.333338e-03 5.882372e-01 5.509832e+00 6.652086e+00 2.286987e+01 707 1.087760e-02
71959 1.977153e-02 -5.879113e-03 3.064763e-01 -8.219180e-03 3.923034e-03 1.863035e+00 1.110662e+01 -3.134604e+00 9.815182e+00 939 3.584410e-02
53110 4.067924e-04 1.675187e-04 1.218905e-01 3.026674e-03 -8.407667e-04 4.628493e-01 6.289937e-02 1.515425e-01 2.980561e+01 1504 1.002560e-02
90397 -1.919006e-03 1.174115e-03 2.260078e-01 3.506136e-03 2.889919e-03 6.462102e+00 5.679782e+00 1.518390e+00 2.331026e+01 3097 2.527419e-02
72038 3.428167e-03 -5.144642e-03 2.543139e-01 -3.788777e-03 -1.527498e-03 1.505883e+00 -1.643493e+00 3.316454e+00 1.596612e+01 811 1.735905e-02
96840 1.512385e-03 5.667236e-03 1.891778e-01 8.746255e-04 6.556183e-03 4.930519e+00 8.074602e-01 2.799855e-01 2.476936e+01 1996 1.607780e-02
90407 2.055586e-03 2.519499e-03 2.261503e-01 -1.636271e-03 -3.655615e-03 3.533566e+00 -1.114520e+00 2.451230e+00 2.636354e+01 1321 1.389718e-02
4966 3.921461e-03 2.806801e-03 2.551884e-01 3.199578e-03 2.002532e-03 2.634837e+00 3.568596e+00 2.467465e+00 3.454346e+01 980 1.126587e-02
72064 6.169344e-03 3.374385e-03 1.618479e-01 -4.966032e-03 -1.726717e-03 4.428071e-01 -4.133720e+00 -2.180511e+00 1.555214e+01 475 9.441056e-03
9416 -7.578285e-04 2.172495e-02 1.611869e-01 8.152299e-04 -2.141775e-02 9.852074e-01 2.852547e-01 2.314459e+00 2.214528e+01 3164 2.264568e-02
5026 1.894316e-04 -9.827471e-04 2.423342e-01 2.671236e-03 6.220614e-03 1.673122e+00 2.225062e-01 1.388373e+00 2.298191e+01 1218 1.486260e-02
22020 1.344581e-02 -5.807709e-03 2.612721e-01 -1.464206e-02 5.674827e-03 1.418719e+00 2.204813e+00 -1.375401e+00 1.702025e+01 1345 1.895066e-02
65548 -2.450325e-03 -1.715712e-03 2.820099e-01 -1.283418e-02 -3.940246e-03 2.052536e+00 -2.038725e+00 -1.205264e+00 1.545897e+01 528 1.824278e-02
53265 -5.203936e-03 -1.708502e-03 2.025817e-01 -5.602477e-03 -1.584856e-03 4.056630e+00 3.741306e+00 1.201951e+00 1.821373e+01 4551 3.503315e-02
15826 -1.629153e-02 1.916299e-03 1.670387e-01 1.450030e-02 -1.789259e-03 1.623873e+00 -4.382338e+00 3.954554e-01 2.164013e+01 766 9.188915e-03
59481 -3.539367e-03 -7.939016e-03 1.375050e-01 -3.222523e-03 -1.062946e-02 1.571222e+00 1.216149e+00 1.338391e+00 2.345198e+01 1504 1.199970e-02
5230 -1.844910e-02 -1.886235e-03 3.082991e-01 1.574666e-02 4.851281e-04 8.730113e+00 -5.867389e+00 -1.325848e+00 2.138464e+01 1714 2.099848e-02
90595 -1.645623e-02 2.690832e-04 1.577470e-01 -1.647260e-02 5.173711e-04 1.373460e+00 -1.948205e+00 -2.972139e-01 2.077823e+01 1386 1.258700e-02
46936 -3.736540e-03 -3.109942e-03 2.443200e-01 -4.810681e-03 -9.794230e-03 3.701549e+00 1.217831e+00 -4.096333e-01 1.918763e+01 951 1.679156e-02
46942 6.011486e-03 3.822084e-03 1.814442e-01 2.677439e-04 3.184002e-03 1.543114e+00 3.667368e+00 2.610602e+00 1.949714e+01 655 9.490487e-03
97070 -7.123076e-03 -1.326163e-02 3.129807e-01 2.839415e-03 9.298395e-03 8.209454e-01 6.068447e+00 6.492392e+00 1.402377e+01 1420 2.597204e-02
78144 -7.550637e-03 1.167800e-02 1.524711e-01 6.715370e-03 -9.412771e-03 1.163382e+00 -2.623443e+00 4.468936e+00 2.600108e+01 1178 9.903497e-03
59566 -1.172912e-04 -1.891305e-02 1.691292e-01 -1.984135e-04 -1.765560e-02 7.281595e-01 6.002481e-01 -9.762788e+00 9.458414e+00 1609 1.999216e-02
46972 -6.758179e-03 7.876723e-03 1.992550e-01 6.963264e-03 -8.181211e-03 4.092941e+00 -3.164623e-01 5.794713e-01 3.100743e+01 644 8.001244e-03
9615 3.290817e-03 -4.473306e-03 2.409086e-01 -6.933412e-03 7.219246e-03 3.976873e+00 3.378370e+00 -2.253813e+00 2.672476e+01 917 1.187001e-02
22231 1.447599e-03 4.288609e-03 2.917719e-01 7.683178e-04 -1.820052e-03 5.751960e+00 -1.113977e+00 -2.308880e+00 1.813314e+01 2192 2.522490e-02
28225 -3.790440e-03 -5.036879e-03 1.237072e-01 -2.779394e-03 -3.302224e-04 4.881748e-01 2.115085e+00 3.014926e+00 2.005128e+01 742 7.315661e-03
78200 1.700139e-03 1.476359e-03 2.089022e-01 1.016645e-02 2.970983e-03 1.515380e+00 -1.332697e+00 2.371912e-01 1.825942e+01 725 1.136131e-02
65746 -1.349914e-03 7.154949e-04 2.346860e-01 7.150862e-04 -2.811912e-03 4.469251e-01 -1.029676e+00 1.116235e+00 1.725904e+01 799 1.556343e-02
34728 -4.174374e-05 -1.518891e-03 2.267367e-01 1.359755e-02 -6.137884e-03 4.221594e+00 -3.462827e+00 2.556815e+00 2.022614e+01 825 1.284082e-02
72357 -3.344200e-04 1.277154e-04 2.217196e-01 3.329687e-04 -1.050289e-03 7.102374e-01 2.046928e-02 9.678298e+00 6.004575e+00 1303 4.786427e-02
84622 -3.478672e-03 -5.118776e-04 1.149037e-01 2.002859e-05 9.819505e-04 3.771881e-01 -2.245253e+00 -5.755343e-01 2.121362e+01 1241 9.458071e-03
47033 -1.753497e-03 1.015244e-02 1.387653e-01 3.562564e-04 1.120130e-02 7.767426e-01 2.836117e+00 2.924800e-03 2.098797e+01 451 5.692308e-03
53507 8.157157e-03 -6.563364e-03 2.243650e-01 2.864559e-03 -3.320989e-03 5.856175e+00 5.478248e+00 -4.566089e+00 3.251925e+01 1632 1.415807e-02
90725 5.521482e-03 -1.109726e-02 1.346384e-01 5.505734e-03 -1.115913e-02 1.150763e+00 -4.227062e-01 -1.440303e+00 1.714131e+01 1482 1.211593e-02
9717 -3.484824e-03 -4.870126e-03 1.989581e-01 4.069221e-03 4.947846e-03 3.559102e-01 -1.876175e+00 -4.284680e-02 2.204483e+01 2741 2.227138e-02
16055 3.387704e-04 2.430098e-03 1.179617e-01 -1.488182e-03 6.634324e-03 3.878514e-01 4.903697e-01 2.748477e-01 2.232839e+01 849 7.009583e-03
97195 -7.856588e-03 1.246618e-02 1.508081e-01 -1.623456e-03 -4.303310e-03 7.970918e-01 4.856363e+00 -7.218022e+00 1.917083e+01 518 7.147861e-03
53546 1.199028e-03 3.440125e-03 1.292770e-01 1.825354e-03 4.902476e-03 5.480406e-01 1.134639e+00 2.596497e+00 2.735257e+01 4613 2.908078e-02
78299 3.737921e-03 4.334146e-03 1.268518e-01 -3.195770e-03 5.013343e-04 6.582890e-01 -1.418621e+00 -3.195805e+00 2.631112e+01 921 7.332241e-03
59701 8.684353e-03 1.006120e-02 2.875867e-01 9.600296e-03 3.811037e-03 2.001499e+00 -4.678043e+00 -5.840453e+00 2.213423e+01 2314 2.279177e-02
34832 4.111204e-03 9.820743e-03 1.788850e-01 9.920434e-04 1.298283e-02 2.276541e+00 2.422969e+00 5.238292e+00 2.092401e+01 1196 1.205571e-02
34833 -4.225074e-03 -1.535721e-02 1.714784e-01 -9.639121e-04 -1.018856e-02 4.633248e-01 -2.456402e+00 -7.887101e+00 2.444965e+01 487 7.058222e-03
47101 -4.360993e-03 5.146406e-03 2.288077e-01 5.207045e-04 1.875185e-04 2.368806e+00 -2.954878e+00 3.280033e+00 1.635179e+01 2376 2.406508e-02
53588 -4.475994e-03 -2.325877e-03 3.363235e-01 4.198246e-03 -7.551491e-04 5.420918e+00 -6.045434e+00 -1.466563e+00 1.567849e+01 2845 3.582485e-02
16131 2.337445e-03 4.814122e-03 2.753852e-01 3.437043e-03 -9.745904e-03 7.099370e+00 -1.123242e+00 -3.736998e+00 3.027734e+01 2592 2.166937e-02
84718 -4.929936e-04 -4.667043e-03 3.461852e-01 1.458278e-03 5.355406e-03 2.202649e+00 1.314480e+00 7.246765e+00 2.056319e+01 1361 2.105835e-02
40853 7.145113e-03 4.306377e-03 2.324052e-01 2.626486e-03 2.194501e-03 3.193593e+00 -4.717695e+00 -2.403054e+00 3.286095e+01 1036 1.060775e-02
90847 5.279880e-03 7.030778e-03 1.575042e-01 8.769310e-03 9.111125e-03 1.339852e+00 -2.634832e+00 -9.646414e-01 1.617552e+01 2971 2.354466e-02
59804 2.578028e-03 -4.312060e-03 2.354740e-01 2.142426e-03 2.669439e-03 4.601232e+00 2.096651e+00 -2.150317e+00 2.325820e+01 1012 1.313041e-02
9864 2.165173e-04 4.727605e-03 1.272853e-01 -2.139311e-03 -7.990465e-03 3.901848e-01 -7.992276e-01 -9.295488e-02 2.860360e+01 1192 8.743920e-03
28440 -7.891616e-04 -5.807509e-03 2.300323e-01 -8.860791e-04 -5.380352e-03 1.374045e+01 -1.936378e-01 1.452845e+00 3.375476e+01 2614 2.042108e-02
59814 7.138798e-03 -7.410593e-03 2.275753e-01 3.624652e-03 -7.618184e-03 1.623288e+00 -3.641291e+00 2.590827e+00 1.532429e+01 835 1.557504e-02
72574 1.161474e-02 -1.142003e-02 1.747555e-01 -3.570549e-03 5.003338e-03 7.176749e+00 -6.668754e+00 6.388589e+00 2.584831e+01 2631 1.918333e-02
53685 8.684916e-03 3.028384e-03 2.351318e-01 7.865022e-03 2.894093e-03 1.017611e+00 -5.754513e+00 -9.815669e-01 2.628685e+01 1152 1.319090e-02
5719 1.232217e-02 4.963897e-03 1.691413e-01 1.830904e-03 -1.601495e-03 1.061191e+00 -7.845871e+00 -4.001379e+00 1.919436e+01 777 1.001808e-02
16244 5.434019e-03 -1.610823e-02 2.708257e-01 -7.186044e-03 1.017308e-02 9.084305e-01 -6.702203e-01 7.311462e+00 1.805521e+01 975 1.746542e-02
22497 1.939839e-03 6.199628e-04 2.819478e-01 -2.536083e-03 -1.120038e-03 1.816267e+01 -4.684450e-01 -4.637219e-02 2.784782e+01 2029 1.968805e-02
40924 -1.441181e-03 -8.849469e-04 2.172537e-01 -1.241841e-04 -9.609274e-03 3.154097e+00 8.967106e-01 -1.829015e+00 1.950808e+01 2294 2.098422e-02
90954 5.064431e-03 -7.900874e-03 1.571122e-01 4.081596e-03 -2.952151e-03 4.616538e-01 -1.986448e+00 4.420276e+00 1.816051e+01 2963 2.188599e-02
5808 -4.555356e-03 4.254347e-03 1.708552e-01 -2.740887e-03 5.967284e-03 3.572258e-01 -2.356075e+00 1.614631e+00 1.551205e+01 898 1.177548e-02
35001 1.942865e-03 1.485359e-02 2.726978e-01 -8.829267e-04 1.920324e-02 1.691569e+00 1.783410e+00 2.601488e+00 1.630721e+01 4116 3.735618e-02
78503 -2.992105e-03 1.278719e-02 2.261629e-01 1.674977e-03 -1.774162e-02 1.457288e+00 1.477577e+00 -3.035176e+00 1.309054e+01 1003 2.028710e-02
9969 -7.087942e-03 3.770902e-03 1.976086e-01 1.081215e-02 -4.707057e-03 1.934392e+00 -7.185836e-01 -2.736505e-01 1.830865e+01 1667 1.643230e-02
28533 -1.376089e-03 4.314402e-03 2.188436e-01 9.280551e-04 -4.175189e-03 1.334460e+00 -2.310178e+00 8.439890e-01 2.144141e+01 1418 1.511272e-02
97433 5.067785e-03 1.017514e-04 2.804131e-01 5.967614e-03 -8.576761e-03 6.634019e-01 1.716045e+00 2.323995e+00 3.084578e+01 1080 1.349886e-02
59915 2.006309e-02 -1.415569e-02 2.395831e-01 -1.517955e-02 1.541686e-02 6.472087e-01 -1.113086e+01 7.554919e+00 1.210598e+01 4290 4.002786e-02
78531 7.428958e-03 -1.187953e-02 1.682196e-01 -8.602520e-03 1.474665e-02 5.770907e-01 -3.745074e+00 9.443781e+00 1.095896e+01 1889 1.906500e-02
10013 2.049550e-03 1.959488e-03 1.895966e-01 -1.272975e-02 1.256125e-03 7.593509e-01 -2.178915e+00 -1.090217e+00 1.730995e+01 883 1.284351e-02
78558 -3.534149e-03 -1.656560e-03 2.338072e-01 1.203450e-04 -9.417602e-03 2.827089e+00 -2.142112e+00 -2.154619e+00 2.272469e+01 1442 1.508114e-02
35079 4.966307e-03 -8.415228e-03 1.355133e-01 -7.531481e-03 4.933369e-03 3.810118e-01 -3.015855e+00 5.072846e+00 1.328063e+01 930 1.016455e-02
47340 1.604554e-03 6.711251e-04 2.099981e-01 -8.726365e-03 -6.733154e-04 1.855421e+00 1.765912e+00 -2.329545e-01 2.075036e+01 2019 1.803570e-02
10032 -6.999525e-03 -1.283786e-03 3.143805e-01 6.756248e-03 1.309469e-03 1.250475e+01 2.792698e+00 -2.647257e-01 2.790879e+01 1342 1.681035e-02
28611 4.724284e-03 -5.343844e-03 1.678879e-01 -5.624490e-03 1.460212e-03 5.429221e-01 -2.646348e+00 3.160756e+00 2.005394e+01 354 6.787999e-03
5978 1.783624e-03 4.559577e-03 1.549820e-01 -1.249746e-03 -1.920042e-03 6.913866e-01 -7.631537e-01 -2.483927e+00 2.636400e+01 903 8.932153e-03
53854 -1.207286e-03 -3.553102e-03 2.555257e-01 -1.968287e-03 -4.448566e-03 1.553044e+00 -1.904300e+00 -2.107174e+00 2.176334e+01 1195 1.510768e-02
84964 2.257787e-03 6.857540e-03 1.464609e-01 -1.967648e-03 -6.264922e-03 7.821989e-01 9.546768e-01 2.078890e+00 2.817551e+01 3603 2.427209e-02
5997 5.872379e-03 -4.378263e-03 1.879922e-01 -4.351004e-03 4.774175e-03 4.103539e-01 2.572822e+00 -1.224124e-01 2.704325e+01 2335 1.816157e-02
16412 -2.294093e-04 3.231446e-03 1.430190e-01 8.531906e-05 -3.259347e-03 1.836883e+00 -2.459117e+00 -4.445655e-01 2.539455e+01 3199 2.170321e-02
41065 2.125225e-02 8.886662e-03 1.720266e-01 -1.039407e-02 -1.935000e-03 4.188843e-01 1.122024e+01 5.200993e+00 2.463998e+01 2167 1.717769e-02
53878 -3.565076e-04 -9.437735e-04 1.911824e-01 4.784808e-04 6.505132e-04 1.963854e+00 1.809942e-01 5.231419e-01 2.268482e+01 1573 1.444719e-02
66161 -6.140525e-04 2.055954e-03 2.296385e-01 -6.677328e-04 -4.121386e-03 3.961050e-01 -1.850503e+00 -2.632517e+00 2.054215e+01 3032 2.517027e-02
10067 2.094994e-03 2.871343e-03 1.853407e-01 -3.197770e-03 5.835526e-03 7.718515e-01 2.354943e+00 1.460463e-01 1.390398e+01 663 1.208813e-02
85004 4.368086e-03 8.772021e-03 1.721702e-01 1.560976e-03 -2.657945e-03 4.076630e-01 3.035329e+00 4.978910e+00 2.331152e+01 862 9.157836e-03
91096 1.157910e-03 -7.286273e-04 1.480021e-01 -1.370572e-03 1.006627e-03 6.453453e-01 -1.157643e-01 2.514736e-01 2.163108e+01 3205 2.208369e-02
60047 -1.657266e-02 1.596724e-03 1.728345e-01 -1.931982e-03 -3.644194e-03 1.280440e+00 -1.084498e+01 2.496597e-01 2.033669e+01 2401 1.873049e-02
6117 -6.357534e-03 -1.410203e-03 3.401174e-01 3.276225e-03 2.060923e-03 1.014584e+01 -8.748131e+00 1.682070e+00 2.035743e+01 3029 3.094638e-02
97599 -2.254567e-03 1.011937e-03 2.749003e-01 -4.360531e-04 8.645788e-03 1.116991e+00 -1.534869e+00 -3.689069e+00 8.251748e+00 1707 3.486331e-02
66241 -1.257362e-02 1.013223e-02 1.431882e-01 1.444090e-02 -1.122241e-02 3.688005e-01 -3.719838e-01 6.817965e-01 2.678946e+01 1624 1.191139e-02
28743 4.212524e-04 -1.642333e-03 2.589009e-01 1.375102e-03 -1.561453e-03 6.035802e+00 -7.820786e-02 8.010098e-01 2.267567e+01 587 1.272165e-02
60082 1.829202e-04 -2.486877e-03 1.186869e-01 5.764600e-04 -2.404866e-03 4.667950e-01 -8.173207e-01 -3.642036e-01 2.427116e+01 899 6.838343e-03
6199 9.523432e-03 -2.707741e-03 1.790411e-01 8.616681e-03 2.531396e-03 6.100261e-01 7.498348e+00 -1.227377e+00 1.726456e+01 1954 1.830064e-02
97635 -4.044244e-05 1.796979e-03 2.472748e-01 5.726963e-03 1.232939e-03 1.384592e+00 3.686471e-01 -1.008561e+00 1.816538e+01 537 1.302609e-02
28771 5.603709e-03 1.218897e-02 1.703081e-01 1.491811e-03 7.063645e-03 1.024831e+00 3.279486e+00 6.876781e+00 2.079297e+01 5199 3.532041e-02
6244 -9.369655e-04 3.665533e-03 1.170176e-01 1.056203e-03 -3.966865e-03 3.714109e-01 -5.249002e-01 2.059440e+00 2.332350e+01 1437 1.051771e-02
85135 -4.459999e-03 1.632129e-03 1.182591e-01 6.862688e-03 -4.879538e-03 4.200376e-01 -1.880953e+00 3.978823e-01 2.889516e+01 1451 9.960922e-03
47517 -2.015368e-03 -3.789170e-03 1.580153e-01 2.205647e-03 3.554470e-03 4.948194e-01 -1.008604e-01 -8.093811e-01 1.456603e+01 738 1.096920e-02
54047 -1.424400e-02 3.018365e-03 1.788499e-01 -3.967094e-03 6.241357e-04 5.082012e-01 -8.169365e+00 1.764888e+00 2.758972e+01 377 6.167173e-03
60154 -9.504707e-03 -6.607251e-03 2.097514e-01 1.583771e-02 8.054904e-03 1.708521e+00 5.837604e+00 4.032986e+00 2.383018e+01 1144 1.265189e-02
85177 -1.057817e-02 2.363880e-03 1.435534e-01 7.770595e-03 -2.362318e-03 3.607820e-01 -5.362237e+00 1.106098e+00 2.105021e+01 1096 1.017518e-02
54065 -6.308880e-03 -1.944708e-03 1.994830e-01 5.607585e-03 2.425647e-03 1.121557e+00 -2.805905e+00 1.638303e+00 2.471968e+01 477 7.973994e-03
22865 -2.271831e-03 -1.162959e-02 1.513134e-01 -4.207110e-03 -2.379388e-03 5.590817e-01 1.197579e+00 6.895544e+00 2.229364e+01 1237 1.096818e-02
41277 -1.313869e-04 1.171691e-02 2.750372e-01 1.398801e-03 -2.470724e-04 7.614004e-01 -9.121963e-01 -1.084016e+01 2.317331e+01 1132 1.564108e-02
28862 1.000235e-02 3.751071e-03 1.377962e-01 -1.161963e-03 -5.221766e-06 1.055983e+00 -6.481116e+00 -2.584804e+00 2.625294e+01 1051 8.897047e-03
41286 8.473418e-03 -5.254499e-03 1.559487e-01 5.834421e-03 3.966712e-03 7.535842e-01 -4.982841e+00 3.223882e+00 1.798830e+01 871 1.122565e-02
85212 7.440585e-03 -6.395986e-03 3.088610e-01 -6.729404e-03 5.840221e-03 7.092831e+00 -1.896240e+00 1.538747e+00 2.353979e+01 2875 2.628252e-02
60244 4.827252e-05 1.491250e-02 2.164150e-01 8.345745e-05 1.462624e-02 3.616300e+00 -2.898879e-01 2.662921e+00 1.435563e+01 929 1.638015e-02
78831 -3.409563e-03 8.946047e-03 1.434469e-01 2.206583e-03 -1.336080e-03 6.509932e-01 -1.552281e+00 5.741308e+00 1.300684e+01 1307 1.341806e-02
10316 -5.767533e-04 -4.378982e-03 2.079088e-01 -1.367616e-04 4.551784e-03 3.568281e+00 2.273810e+00 -3.157737e-01 2.676188e+01 1342 1.323396e-02
35428 -4.051164e-03 -2.546899e-03 3.255502e-01 7.209415e-03 1.679354e-02 7.355441e+00 -2.419039e+00 -1.500966e+00 1.595610e+01 424 1.790414e-02
35436 9.865760e-05 3.092197e-03 2.683600e-01 6.360061e-03 -5.139584e-03 8.291001e-01 -4.746802e+00 6.871432e+00 1.297099e+01 4397 3.961627e-02
16725 -3.178300e-03 -5.018918e-04 2.129773e-01 3.238365e-03 -5.713469e-04 5.974170e-01 -1.278996e+00 -4.515089e-01 1.553676e+01 946 1.645727e-02
10385 -6.525329e-03 1.010463e-02 1.321855e-01 -4.719105e-03 5.861586e-03 4.567531e-01 3.338762e+00 -5.374640e+00 1.828169e+01 545 6.564917e-03
97933 6.203902e-03 4.012353e-03 2.058608e-01 5.874014e-03 4.995213e-03 2.595016e+00 1.638348e+00 3.210774e-01 2.732383e+01 747 9.273740e-03
66540 -6.186123e-03 -7.151777e-03 1.332001e-01 -4.808933e-03 -5.304443e-03 3.741583e-01 2.278818e+00 2.855115e+00 1.516889e+01 919 1.080477e-02
29049 -3.116042e-03 -4.021129e-03 1.332200e-01 1.178968e-03 1.996530e-03 5.461311e-01 1.729326e+00 2.147719e+00 2.123839e+01 1154 9.544742e-03
35573 -1.002995e-03 1.008613e-02 1.765432e-01 5.079061e-03 -9.178873e-03 6.709119e-01 -6.479865e-01 -4.170774e+00 2.498335e+01 872 9.505581e-03
78983 -1.074941e-02 -1.789771e-02 1.571011e-01 4.640530e-03 7.629942e-03 4.196384e+00 6.104606e+00 1.021856e+01 3.248020e+01 453 5.788728e-03
91547 1.738304e-03 -2.114498e-03 1.952186e-01 -1.573164e-02 -2.880680e-02 3.680108e-01 3.569429e+00 3.264537e+00 1.445878e+01 886 1.353592e-02
23117 1.614918e-02 -1.280442e-02 1.491581e-01 1.353264e-03 -2.953336e-03 4.485062e-01 -9.762276e+00 7.438815e+00 1.695038e+01 1192 1.202666e-02
35639 8.818096e-03 2.193621e-03 1.308841e-01 -4.118278e-03 4.255063e-04 6.191889e-01 -4.657146e+00 -1.801967e+00 2.391759e+01 1289 1.048471e-02
98012 -5.806908e-03 5.801715e-03 1.538867e-01 -3.655239e-03 2.612995e-03 3.959759e-01 2.730270e+00 -3.464334e+00 1.505455e+01 1070 1.717860e-02
41555 -4.423778e-03 8.485222e-03 3.454259e-01 1.009197e-02 -7.632302e-03 1.565106e+01 3.709259e+00 -5.925676e+00 2.100056e+01 680 1.796411e-02
10531 -1.956991e-03 -9.784620e-04 2.167678e-01 -3.289068e-03 2.606099e-03 1.193090e+00 1.479703e+00 3.590751e-01 2.887497e+01 955 1.076920e-02
41564 4.842055e-03 5.043365e-04 2.206504e-01 3.705234e-03 3.807362e-04 1.373908e+00 -4.147610e+00 -4.498967e-01 2.578983e+01 1200 1.292625e-02
98048 -1.020519e-02 1.085025e-02 1.406701e-01 -1.266827e-03 3.329215e-03 3.647504e-01 6.323809e+00 -6.172799e+00 1.306934e+01 655 9.739295e-03
10562 -7.537485e-03 6.989791e-03 1.633390e-01 -4.612981e-03 -9.023157e-04 1.163584e+00 4.393214e+00 -4.224069e+00 3.016337e+01 2767 1.900642e-02
29152 -4.700229e-03 5.691552e-04 2.304231e-01 -5.451659e-03 -2.221086e-03 2.768952e+00 3.133916e+00 -2.189859e-01 1.668919e+01 2262 2.357986e-02
23242 -7.656666e-03 -7.164862e-04 1.763779e-01 -4.466437e-03 8.535880e-04 4.909581e-01 4.352999e+00 1.664917e+00 1.995466e+01 655 9.482427e-03
98097 -4.910395e-04 -1.923379e-03 1.614738e-01 1.883985e-03 -3.031065e-03 1.050997e+00 -7.009588e-01 -5.823486e-01 2.128051e+01 979 1.023105e-02
79165 -1.110050e-02 6.933883e-04 1.250486e-01 -1.215163e-02 1.636815e-04 4.023051e-01 -1.882721e+00 -1.361036e+00 1.823048e+01 2466 1.767689e-02
91742 4.542113e-03 6.337306e-03 1.379105e-01 -1.721548e-03 4.161413e-03 4.653713e-01 -2.591941e+00 -4.229450e+00 1.721411e+01 2082 1.528724e-02
10676 6.810805e-03 -1.805151e-03 1.243971e-01 1.147949e-02 -1.208930e-03 6.225930e-01 2.364582e-01 7.880723e-01 3.009243e+01 487 4.544822e-03
54526 8.119758e-03 -4.999148e-03 1.542444e-01 -4.240911e-03 1.181117e-03 1.842249e+00 -4.085396e+00 3.004180e+00 2.615454e+01 759 7.381467e-03
10686 -1.177833e-03 -4.703590e-03 1.919640e-01 2.009112e-03 7.735217e-03 9.935645e-01 -1.422824e-01 -4.140426e-01 2.261587e+01 748 9.658084e-03
35824 4.253515e-03 1.195621e-02 2.479878e-01 -7.524272e-03 -1.429934e-02 3.937641e-01 -1.671635e+00 -5.541161e+00 3.337901e+01 1371 1.305426e-02
98168 1.295944e-03 -2.998263e-04 3.269335e-01 -1.182935e-03 -1.590054e-04 4.727838e+00 4.836254e-01 -2.563908e-01 1.899565e+01 1143 2.065563e-02
29265 3.890825e-03 2.202144e-04 1.321596e-01 -3.300503e-03 -1.709245e-04 8.672651e-01 1.680248e+00 9.906679e-02 2.980681e+01 2110 1.374712e-02
48035 -1.035154e-02 -8.108038e-03 1.765005e-01 7.894443e-03 5.710430e-03 3.641432e-01 4.041786e+00 3.394434e+00 3.288077e+01 3298 2.224454e-02
91825 1.871619e-04 4.837698e-03 1.260796e-01 -5.244547e-04 -4.937638e-03 5.643217e-01 -1.908901e-01 9.641228e-01 1.863082e+01 1160 1.088772e-02
98270 -1.124549e-03 -1.437206e-02 1.354830e-01 -3.215309e-03 -1.420797e-02 9.564947e-01 7.894163e-01 -3.859636e+00 1.424804e+01 1753 1.444730e-02
48073 -2.478299e-03 1.180598e-03 1.873702e-01 -7.843740e-03 5.256116e-03 9.231315e-01 9.849542e+00 -6.080899e+00 1.448085e+01 2386 2.155273e-02
98287 -1.760190e-04 6.146706e-03 1.536991e-01 -2.656206e-04 7.343680e-03 4.982256e-01 -8.148793e-02 5.794673e-01 2.204597e+01 3252 2.309588e-02
98312 1.347791e-03 1.519486e-03 2.686684e-01 -1.645679e-03 -1.563201e-03 8.923754e+00 1.707274e+00 2.134850e-01 2.386523e+01 2016 1.977715e-02
54680 1.294812e-04 3.851505e-05 3.040819e-01 -9.115097e-04 2.123071e-04 1.155210e+01 -2.767466e-01 2.105518e-02 2.289350e+01 3674 3.210920e-02
98325 5.420724e-03 3.775633e-03 1.749072e-01 6.542429e-04 -2.416918e-03 8.503790e-01 3.224820e+00 2.452031e+00 2.567234e+01 2314 1.772034e-02
17202 3.879303e-03 -1.523065e-03 3.060321e-01 -1.768251e-04 1.627060e-03 6.083013e+00 2.442881e+00 -1.233543e+00 2.466907e+01 1291 1.769387e-02
48116 1.842909e-03 -3.320874e-03 2.670571e-01 -1.073363e-02 8.421972e-03 1.796293e+01 -4.489130e+00 4.768773e+00 2.903673e+01 569 1.017086e-02
91942 -4.027185e-03 -3.540612e-03 1.169981e-01 -5.693678e-03 -2.871742e-03 5.715956e-01 7.808192e-01 1.426181e+00 2.690340e+01 2139 1.470936e-02
23551 2.539295e-03 1.234987e-03 2.388209e-01 -1.926739e-02 5.511333e-03 1.490528e+00 4.159618e+00 1.190248e-02 2.224749e+01 623 1.154586e-02
73647 -1.329121e-03 6.394492e-03 1.345661e-01 -1.803409e-03 2.489678e-03 4.344563e-01 4.992098e-01 -3.531172e+00 1.708364e+01 2133 1.634386e-02
85841 -1.172619e-02 -3.356295e-03 1.340322e-01 -7.648327e-03 1.358925e-03 4.979385e-01 7.193761e+00 1.987233e+00 1.953931e+01 1143 1.015424e-02
54762 -8.477445e-03 -1.585610e-02 1.396569e-01 -4.831955e-03 -9.303388e-03 9.560835e-01 -4.720678e+00 -8.590396e+00 2.856578e+01 1070 8.409879e-03
17274 -5.047175e-03 5.301761e-03 1.229061e-01 -6.216899e-03 6.569819e-03 5.055590e-01 -8.988278e-01 9.951487e-01 2.459973e+01 2110 1.418874e-02
36038 -1.922965e-03 3.075247e-03 1.502785e-01 6.793106e-04 -3.724912e-03 9.909057e-01 -1.248650e+00 2.297841e+00 3.167888e+01 952 8.141570e-03
85864 -4.845596e-03 -7.676436e-03 1.413986e-01 4.133504e-03 7.118439e-03 4.424451e-01 2.358307e+00 3.649613e+00 1.558131e+01 1037 1.110570e-02
73683 5.007176e-03 2.465478e-03 3.101809e-01 -4.281353e-03 -3.191008e-03 1.990406e+00 1.699260e+00 2.826449e-01 1.490832e+01 1836 2.712252e-02
92006 5.497765e-03 1.524065e-03 3.283424e-01 -1.098280e-02 -7.258863e-04 2.629888e+00 -7.303009e+00 -1.266032e+00 1.907919e+01 875 1.874534e-02
17371 7.260925e-03 1.798451e-04 2.493774e-01 -1.635849e-02 -5.233646e-03 7.932028e-01 -4.808753e-03 1.413137e+00 2.727935e+01 1801 1.676427e-02
23717 -1.218363e-03 -2.689101e-03 1.611211e-01 -2.789525e-03 -5.216741e-03 8.355114e-01 4.433902e-02 -1.905357e-01 1.598006e+01 945 1.162961e-02
85932 -4.476046e-03 -3.241002e-03 2.207713e-01 4.822937e-03 6.692623e-03 9.502883e-01 4.694536e+00 4.490749e+00 2.299454e+01 2738 2.246978e-02
48267 2.944459e-03 6.025318e-03 3.368819e-01 1.172498e-02 1.059444e-02 2.136537e+00 1.505585e+00 -8.628883e-01 1.089522e+01 1872 3.519812e-02
67047 -4.270256e-03 5.399861e-03 1.427451e-01 3.799070e-03 -6.323999e-03 6.968712e-01 -1.314917e+00 -1.508300e+00 2.442452e+01 1850 1.409705e-02
98506 3.498605e-03 9.206544e-03 1.685726e-01 -7.425859e-03 4.768548e-04 5.295813e-01 4.850780e+00 6.082455e+00 1.313326e+01 1432 1.637426e-02
79517 1.727832e-03 -5.485228e-03 2.388863e-01 -6.267659e-03 1.911306e-02 1.561802e+00 1.643287e+00 -5.142265e+00 1.866807e+01 1492 1.683990e-02
17418 1.625965e-03 2.130463e-04 2.201771e-01 1.612107e-02 2.166245e-03 3.663215e+00 -5.730235e+00 -7.739458e-01 1.957645e+01 840 1.217739e-02
48302 6.594330e-03 -7.542319e-04 2.951734e-01 -3.190837e-03 5.753879e-04 4.635212e-01 -5.844282e+00 3.502668e-01 2.490346e+01 1255 1.625885e-02
11023 -1.879121e-02 -2.490455e-03 2.116337e-01 2.164895e-02 2.669721e-03 9.493970e+00 5.286554e-01 2.527248e-01 2.924639e+01 474 7.646732e-03
79551 1.282393e-02 8.470877e-03 1.858525e-01 1.124022e-02 7.379323e-03 1.074019e+00 -5.173119e+00 -3.544029e+00 1.983219e+01 3298 2.468891e-02
92169 -2.634006e-03 1.733589e-02 2.555520e-01 -3.646228e-03 9.172787e-03 1.409532e+01 2.812669e-01 9.685379e+00 1.950130e+01 1690 1.994802e-02
23834 -1.103181e-02 -5.681132e-03 1.502365e-01 -2.874679e-03 1.428581e-03 6.663245e-01 6.765812e+00 3.351764e+00 2.750408e+01 881 8.169855e-03
73896 -2.301148e-05 1.542286e-03 2.527322e-01 1.689854e-02 -6.659272e-05 1.029852e+00 -3.093900e+00 -9.496060e-01 1.216053e+01 1594 2.323191e-02
11117 3.929699e-03 1.452797e-03 2.583113e-01 -1.551222e-02 -6.592204e-03 7.851291e-01 -4.493787e-01 -5.825976e-02 2.745054e+01 1291 1.426873e-02
17565 5.380122e-03 2.189365e-03 1.097329e-01 5.744169e-03 2.277637e-03 4.160379e-01 1.560553e+00 3.481008e-01 2.039624e+01 725 5.837187e-03
79654 -1.448133e-02 -7.039965e-03 1.623470e-01 -1.342251e-02 -6.469662e-03 6.117081e-01 -3.938917e+00 -2.079752e+00 3.104425e+01 1819 1.328792e-02
98655 1.563303e-03 -3.370577e-04 3.015136e-01 -1.314605e-02 -4.882616e-03 2.828407e+00 -5.137429e+00 -1.295151e+00 1.681163e+01 695 1.700146e-02
92208 9.799581e-04 -5.087398e-03 1.797686e-01 -3.661333e-04 -4.348601e-03 2.762146e+00 1.062685e+00 -1.629291e+00 2.525393e+01 918 9.751834e-03
61273 8.867282e-03 -1.781743e-03 1.178325e-01 -1.570329e-02 2.762120e-03 3.632555e-01 2.123086e+00 -5.144259e-01 2.462839e+01 733 6.223037e-03
79698 5.916369e-03 -1.769934e-03 1.840623e-01 -3.189095e-03 4.652617e-03 7.167338e-01 -4.424595e+00 2.116991e+00 1.653319e+01 1290 1.423334e-02
86117 -1.517903e-03 -5.410142e-03 2.371462e-01 4.809970e-03 6.087475e-04 1.007405e+00 -2.700262e+00 -3.908302e+00 1.819311e+01 4241 3.393832e-02
86125 -1.233690e-02 -7.400494e-03 1.732625e-01 2.044535e-02 1.527389e-02 4.849851e-01 6.467607e+00 3.739416e+00 1.660753e+01 1087 1.274423e-02
98706 2.756614e-03 9.546273e-04 1.739500e-01 6.497384e-04 2.255631e-03 4.879320e-01 -1.599140e+00 -2.120764e-01 1.781763e+01 1132 1.323456e-02
86135 4.409810e-03 7.094655e-03 2.028515e-01 -1.558710e-03 -4.220599e-03 1.720579e+00 7.442187e+00 7.674040e+00 1.854335e+01 1565 1.535233e-02
74002 -2.130974e-03 7.806455e-03 2.658987e-01 -2.774930e-03 1.043144e-03 5.483193e-01 7.207858e-01 -4.732510e+00 1.628349e+01 4172 3.734798e-02
92281 5.728056e-03 1.285241e-02 1.815904e-01 -2.075866e-03 -7.129607e-03 3.696566e-01 -3.180631e+00 -6.360826e+00 3.614174e+01 1050 8.974988e-03
36385 9.205346e-03 -1.738962e-03 2.093160e-01 1.631883e-02 1.143453e-03 9.044827e-01 8.158416e-01 -1.557029e+00 2.529560e+01 1572 1.533271e-02
23990 1.798967e-02 7.867304e-03 1.925191e-01 1.064455e-02 5.078596e-03 5.304029e+00 -8.838810e+00 -3.579710e+00 2.636864e+01 2116 1.653066e-02
48564 2.532706e-04 -7.040856e-03 1.719719e-01 -1.345876e-04 4.606020e-03 9.089611e-01 -1.272906e-01 3.117072e+00 2.085640e+01 2767 2.068070e-02
92337 -9.331208e-03 -4.690117e-03 2.716206e-01 -2.254477e-03 -2.730414e-03 1.175923e+00 8.168296e+00 4.876755e+00 1.133871e+01 1699 2.518624e-02
17754 -1.233718e-02 1.332592e-02 1.257814e-01 1.054255e-02 -1.002538e-02 4.699307e-01 4.187163e+00 -6.799607e+00 1.591180e+01 780 7.461927e-03
29837 -4.868046e-03 2.456073e-03 1.890511e-01 5.787809e-03 -2.497043e-03 7.708423e-01 7.108050e-01 -5.929706e-01 2.814146e+01 755 8.805986e-03
61448 6.590141e-03 -4.282936e-03 2.594526e-01 -1.608851e-03 -1.745360e-03 1.039239e+00 5.261685e+00 -5.681426e+00 1.472119e+01 2634 2.894078e-02
36431 9.863038e-04 -1.196679e-02 1.507419e-01 4.719316e-04 -1.251232e-02 4.089393e-01 1.600227e+00 9.900805e-01 1.783228e+01 2160 1.735063e-02
11309 -9.474175e-04 -1.579946e-02 1.999062e-01 -5.450507e-03 -1.308274e-02 8.302473e-01 -1.602215e+00 5.913288e+00 1.361613e+01 4905 3.943615e-02
48623 -9.890993e-03 7.568519e-03 2.120998e-01 1.448489e-02 -9.115901e-03 6.219711e-01 8.447507e+00 -6.146925e+00 2.321352e+01 2923 2.372597e-02
48625 2.345102e-03 -2.397601e-03 2.780603e-01 -8.022942e-03 -1.085632e-03 1.396835e+01 -6.492868e+00 1.336838e+00 2.879655e+01 3834 2.973345e-02
86303 -6.413132e-03 -3.660179e-03 1.832814e-01 6.633793e-03 1.422170e-03 5.214896e-01 3.557083e+00 2.136993e+00 1.802606e+01 1714 1.679922e-02
79889 -2.312461e-04 -1.000314e-03 2.432686e-01 -8.079090e-04 6.926249e-04 2.260736e+00 1.726787e+00 6.026215e-01 3.054615e+01 597 9.097827e-03
79893 6.989943e-04 -2.611983e-03 2.022680e-01 -3.627047e-03 1.040961e-02 7.516950e-01 1.268215e-01 9.537422e-03 1.609278e+01 2067 2.102289e-02
92418 -5.320026e-03 -2.783668e-03 1.611029e-01 -3.261320e-03 2.921829e-03 1.462824e+00 3.258514e+00 1.612698e+00 2.064534e+01 4205 2.955809e-02
29916 9.530890e-04 8.340834e-03 1.164061e-01 3.673206e-03 -6.211660e-04 4.287078e-01 -1.071702e+00 6.668476e+00 2.379082e+01 2482 1.624003e-02
86349 1.663158e-03 -3.586382e-03 2.317361e-01 1.557537e-03 2.274786e-03 2.161928e+00 4.705448e-01 -4.198433e+00 1.889576e+01 2705 2.371208e-02
17914 -1.202774e-02 7.900007e-03 2.833429e-01 -7.575988e-03 7.018540e-03 6.888297e-01 7.452819e+00 -4.956761e+00 2.170773e+01 2255 2.321070e-02
29945 6.795337e-03 1.441574e-03 1.335645e-01 -2.402405e-03 -1.809799e-03 7.970723e-01 -5.838186e+00 2.058943e-01 1.834709e+01 1709 1.375632e-02
24173 -1.674157e-03 -7.083865e-03 2.091248e-01 -1.082950e-02 -9.829498e-03 1.283161e+00 -2.955299e+00 1.218869e+00 1.412742e+01 981 1.511301e-02
86428 -4.454729e-03 -1.232634e-04 3.340332e-01 -1.713347e-03 2.641710e-03 9.468030e+00 -2.902350e+00 2.195342e-01 2.496091e+01 1238 1.822719e-02
36582 5.641134e-03 -2.519638e-02 1.765003e-01 3.984927e-03 -1.719818e-02 1.296033e+00 -2.647405e+00 1.249938e+01 1.863101e+01 1427 1.394398e-02
74331 -3.844424e-04 1.227336e-03 3.492943e-01 2.637809e-05 -6.011757e-05 3.644505e+01 -1.033795e+00 3.368472e+00 3.609575e+01 1521 1.671814e-02
61672 -6.807442e-03 1.497238e-03 1.443357e-01 6.824493e-03 -1.348952e-03 6.393890e-01 -4.136878e-01 4.610954e-01 2.188456e+01 3016 2.102904e-02
55357 5.283295e-03 -2.731160e-03 2.037974e-01 -3.035830e-03 3.671980e-03 4.007886e-01 1.424026e+01 5.831753e+00 8.804649e+00 2872 2.829399e-02
29998 -5.652463e-03 8.372226e-03 3.048240e-01 6.159185e-03 1.100826e-04 6.337835e+00 -5.691444e+00 5.557098e+00 2.570051e+01 4224 3.429778e-02
36635 -1.261026e-03 2.323182e-03 2.801118e-01 4.621231e-03 6.379448e-03 4.643471e+00 6.674543e-01 -1.518045e+00 2.617247e+01 3527 2.866960e-02
74383 -6.275741e-03 3.572760e-03 2.219711e-01 -6.698341e-03 3.223528e-03 1.953727e+01 -4.481612e+00 2.492169e+00 2.677397e+01 892 1.105697e-02
92583 2.876904e-03 -9.604174e-04 2.374363e-01 2.518574e-03 -1.510587e-03 2.950089e+00 2.578401e+00 3.832672e+00 2.037384e+01 1770 1.823214e-02
92587 1.257289e-04 1.227696e-03 2.582911e-01 7.629887e-03 4.107524e-03 1.069583e+01 -1.695426e-01 -7.874007e-01 2.329500e+01 1346 1.629213e-02
30078 -2.973714e-03 2.080392e-03 1.357649e-01 2.376979e-03 2.440762e-04 1.054929e+00 1.045678e+00 -2.499770e+00 2.552343e+01 421 5.049576e-03
48880 -7.199155e-03 2.097618e-03 2.835222e-01 -1.382223e-02 3.366740e-03 2.336076e+01 -3.026008e+00 9.457562e-01 3.479367e+01 3131 2.447968e-02
42666 9.292033e-03 -6.053339e-03 2.017328e-01 -5.355970e-03 4.805467e-03 2.463171e+00 4.456482e+00 -2.329975e+00 3.303120e+01 990 9.642515e-03
18136 7.633005e-03 4.720874e-03 1.415355e-01 -1.791206e-03 2.510051e-03 1.306705e+00 5.200964e+00 2.448735e+00 2.786163e+01 3050 2.003691e-02
30095 -6.827212e-03 -2.239154e-03 2.674817e-01 -6.841153e-03 -2.241892e-03 1.805443e+00 -2.395190e-01 -4.000111e-02 1.729889e+01 3816 3.874331e-02
80094 -4.739632e-03 -6.751908e-04 1.835007e-01 2.315385e-03 -3.273120e-04 9.069987e-01 -2.514356e+00 -7.091856e-01 3.040341e+01 3725 2.517274e-02
74503 5.910584e-03 -4.968017e-03 1.658474e-01 5.629849e-03 -4.665886e-03 4.291468e-01 2.711367e+00 -2.290187e+00 2.193740e+01 540 7.192830e-03
55515 4.380976e-03 2.281360e-03 1.908890e-01 -2.861116e-03 1.071080e-03 2.322109e+00 1.992629e+00 1.967112e+00 3.103219e+01 3408 2.428819e-02
55543 -1.407263e-03 9.453561e-03 1.678224e-01 -2.419915e-03 -2.638426e-03 4.212946e-01 -1.491634e+00 5.422766e+00 2.565548e+01 939 9.451649e-03
61967 -7.338487e-03 1.743138e-03 1.242614e-01 1.885787e-03 -1.568288e-03 4.954918e-01 -4.237135e+00 8.439303e-01 1.476638e+01 658 7.045396e-03
11659 -2.462156e-03 6.834836e-03 2.457741e-01 6.622094e-03 -1.010314e-02 4.073785e-01 4.653988e+00 -3.011061e+00 1.968902e+01 1459 1.719105e-02
24424 1.928697e-03 1.047280e-03 2.219730e-01 3.759411e-03 -6.366140e-03 1.023646e+00 -2.852550e-01 3.688945e+00 1.878968e+01 1095 1.468419e-02
92752 1.705187e-02 -1.309802e-02 1.278901e-01 1.556446e-02 -1.464757e-02 5.417062e-01 -4.258308e+00 8.924688e-01 1.349059e+01 1959 1.589963e-02
80244 -4.738496e-03 -2.315952e-03 1.542806e-01 -3.827221e-03 -3.008003e-03 6.062844e-01 1.620603e+00 -8.576251e-02 2.826024e+01 942 8.424369e-03
11698 5.930159e-03 2.787803e-03 2.611460e-01 5.157205e-04 -1.285221e-03 1.343081e+00 -4.318559e+00 -1.463196e+00 2.171459e+01 1897 2.058811e-02
92803 5.689709e-03 -5.197336e-03 1.293209e-01 -3.945980e-03 1.576680e-03 7.462639e-01 -2.485131e+00 3.957732e+00 2.923455e+01 1561 1.073220e-02
11743 -3.111722e-03 7.878376e-03 1.191246e-01 -1.435520e-03 6.256861e-03 4.325055e-01 -3.858885e+00 4.098327e+00 2.183374e+01 1339 9.628970e-03
55693 -6.792650e-03 -8.294997e-04 1.776372e-01 -4.439261e-03 -6.051923e-03 4.582390e-01 -3.181866e+00 1.232467e+00 2.238312e+01 1390 1.261384e-02
92885 8.540159e-03 1.125210e-03 1.586628e-01 -6.418779e-03 1.190865e-03 7.508739e-01 -3.278479e+00 -1.738959e+00 2.842031e+01 1489 1.207056e-02
99405 1.788842e-04 2.983535e-03 1.183713e-01 2.782702e-03 -3.928309e-03 4.089564e-01 -1.839059e-01 2.226096e+00 2.487918e+01 406 4.239953e-03
80340 -6.083043e-03 6.945122e-03 1.438386e-01 -6.002096e-03 7.344274e-03 1.632423e+00 5.824058e-01 6.984180e-01 2.497782e+01 1397 1.091973e-02
24531 9.026954e-03 5.740733e-03 2.863409e-01 -1.566099e-02 -6.544640e-03 2.976576e+00 -2.283600e+00 7.591403e-01 2.392614e+01 638 1.316325e-02
67869 -3.994175e-03 -4.212004e-05 1.915719e-01 4.235135e-03 9.135844e-05 9.723307e-01 3.310205e+00 6.855555e-01 1.504196e+01 675 1.272282e-02
36963 2.230683e-03 -1.630103e-03 1.790172e-01 1.583197e-03 2.644599e-03 6.011586e-01 -3.556583e+00 -5.392260e-01 2.001101e+01 842 1.035796e-02
36978 6.018671e-03 -1.237084e-02 1.323840e-01 3.326751e-03 -6.178081e-03 6.662078e-01 2.948819e+00 -6.349558e+00 1.919973e+01 1397 1.098991e-02
99458 1.417897e-03 7.225602e-03 1.812255e-01 -1.550556e-03 6.236768e-04 4.043072e-01 4.868741e-01 4.934646e+00 2.299260e+01 1972 1.660801e-02
30442 1.425628e-02 -1.020597e-02 1.506716e-01 2.424566e-03 -5.356682e-03 4.028396e-01 8.445147e+00 -5.379493e+00 2.088897e+01 1254 1.125827e-02
37008 -3.404511e-03 -2.129304e-03 2.724583e-01 1.522516e-03 -1.568002e-02 2.171549e+00 2.032282e+00 1.386170e+00 2.441339e+01 466 1.082645e-02
11839 -1.021171e-03 1.457531e-02 1.692088e-01 -1.129046e-04 4.396347e-03 3.735479e-01 -6.372408e-01 9.437072e+00 1.956570e+01 482 8.252017e-03
67955 7.579885e-03 7.411491e-03 1.497854e-01 9.287751e-05 -1.451367e-03 2.128960e+00 4.706916e+00 4.883328e+00 2.298391e+01 971 9.031852e-03
80429 4.158775e-03 3.375215e-03 2.373843e-01 -4.757663e-03 -3.483248e-03 1.118393e+00 1.962519e+00 2.344074e-01 2.397498e+01 916 1.230836e-02
55823 1.917107e-03 -3.062413e-03 1.258993e-01 -1.767413e-03 2.146114e-03 4.820257e-01 9.229310e-01 -1.572073e+00 3.446138e+01 3233 2.050178e-02
62242 -3.012647e-03 -5.272159e-03 2.653301e-01 4.666930e-03 2.701693e-03 2.706916e+00 -9.774014e-01 -2.776655e+00 2.146286e+01 2866 2.571395e-02
99579 8.796163e-04 1.632601e-03 2.284636e-01 -1.114790e-02 -1.572614e-02 6.389373e+00 -3.245483e-01 -6.929700e-01 2.053665e+01 942 1.289850e-02
11964 1.576881e-02 6.688622e-03 1.614381e-01 2.132334e-02 6.031448e-03 5.867123e-01 3.339138e+00 2.472773e+00 1.543948e+01 804 1.068642e-02
43103 -2.758365e-03 6.544921e-03 1.168915e-01 -3.587667e-03 6.803409e-03 3.735718e-01 -1.365478e+00 -5.186048e-02 1.675383e+01 4223 2.786278e-02
74949 7.709679e-03 -1.090681e-04 1.264274e-01 -9.487742e-03 -1.313925e-03 3.666812e-01 -5.931888e-01 -1.444590e+00 2.878073e+01 1291 9.566507e-03
55934 3.481860e-04 -3.027436e-03 2.578298e-01 -3.200250e-03 1.368057e-02 5.218918e-01 -1.476946e-01 1.555159e+00 1.418288e+01 2519 2.931098e-02
30604 4.117906e-03 -6.623281e-04 1.302654e-01 -4.056833e-03 1.352162e-03 8.843446e-01 -7.295937e-01 -5.422146e-01 3.554022e+01 821 6.499290e-03
62332 8.852679e-03 1.363605e-02 1.703264e-01 8.381193e-03 1.043589e-02 2.392539e+00 1.717171e+00 5.685345e+00 3.801582e+01 1469 1.128805e-02
80540 -7.253128e-04 5.517236e-03 3.293468e-01 2.030649e-03 -7.394980e-03 7.296196e-01 -5.153869e-01 -4.050171e-01 1.939415e+01 1982 2.429296e-02
87076 -1.394752e-03 -4.749885e-03 3.474078e-01 -8.020402e-03 -7.983648e-04 7.741590e+00 -4.440304e-01 2.807858e+00 2.601563e+01 1087 1.703204e-02
43136 9.744604e-03 5.203057e-03 2.575375e-01 -3.350012e-04 8.786282e-04 5.226734e-01 -6.261159e+00 -3.107269e+00 1.526282e+01 816 1.719453e-02
30638 -3.905639e-03 5.547531e-03 1.528817e-01 -1.326325e-03 2.423915e-03 1.387869e+00 2.344386e+00 -3.330351e+00 2.565651e+01 1138 9.977595e-03
80592 3.449801e-03 3.537868e-03 3.049755e-01 -3.403161e-03 -3.491587e-03 7.850205e+00 3.297204e-01 3.317202e-01 2.078140e+01 1344 1.996702e-02
93236 4.567008e-03 5.468004e-03 2.864273e-01 -8.393392e-03 -6.277659e-03 9.247333e+00 -2.172853e+00 3.916692e-01 2.679910e+01 2217 2.122898e-02
68191 -8.886278e-03 1.052157e-03 1.971073e-01 -8.611527e-03 7.961538e-04 9.103247e-01 2.134381e+00 -1.819302e+00 2.396428e+01 2316 1.914132e-02
18750 2.315476e-03 3.607133e-03 2.731386e-01 -1.433697e-03 -9.313518e-03 6.162694e-01 -1.249324e+00 5.244189e+00 1.612327e+01 2083 2.742233e-02
80648 6.461335e-03 2.683414e-03 2.720568e-01 1.033911e-02 9.104573e-03 2.966598e+00 -2.469887e+00 -3.269189e-01 2.219524e+01 1049 1.530752e-02
99760 -3.886841e-03 5.043142e-04 1.382606e-01 2.964440e-03 2.568634e-03 4.500491e-01 1.983479e+00 -6.530548e-01 1.621110e+01 743 8.160552e-03
24924 1.093821e-02 1.377638e-03 1.453010e-01 1.376528e-02 1.405452e-03 7.539835e-01 3.321585e+00 5.098632e-01 1.445912e+01 2085 1.948578e-02
93358 3.960484e-03 9.907556e-03 1.401007e-01 4.210014e-03 8.208370e-03 4.181989e-01 1.630037e-01 3.411828e+00 1.977619e+01 1539 1.233947e-02
93365 2.765449e-04 3.166634e-03 2.249544e-01 1.186573e-02 -4.443673e-05 4.837528e+00 -3.750511e+00 2.158741e+00 2.096564e+01 1409 1.522750e-02
99994 -3.468699e-03 2.997184e-03 1.543044e-01 -3.574641e-03 3.905199e-03 5.599364e-01 4.972478e-01 3.013186e-01 2.558758e+01 1711 1.299805e-02
68422 1.350890e-03 -3.257146e-03 2.172830e-01 6.435997e-03 7.558630e-03 3.692270e+00 -1.132845e+00 -4.576970e+00 1.979775e+01 2148 2.032897e-02
43467 -1.449549e-02 -8.254670e-03 1.308272e-01 -1.804737e-02 -1.372284e-02 5.516685e-01 3.825089e+00 1.034828e+00 2.483216e+01 1029 8.205831e-03
80841 3.094794e-03 -2.453381e-03 1.928673e-01 -1.965652e-05 -2.337213e-03 1.380604e+00 -2.047317e+00 9.366637e-01 1.556040e+01 661 1.157714e-02
68443 -4.214959e-03 2.183549e-03 2.230399e-01 6.093514e-03 -1.512886e-03 1.562626e+00 6.783222e+00 2.584510e+00 2.002023e+01 1224 1.512263e-02
68454 -2.565430e-03 1.329703e-03 2.358992e-01 -9.874511e-03 1.376252e-03 9.346235e-01 -1.838132e-01 -5.797865e-01 2.158291e+01 1055 1.395456e-02
49685 -4.148513e-03 -2.785126e-03 2.788859e-01 3.199937e-03 1.964849e-03 3.928581e+00 1.893290e+00 1.314633e+00 2.174886e+01 1098 1.580785e-02
80862 6.809066e-03 7.876315e-03 1.313808e-01 -5.708905e-03 -4.046297e-03 5.881460e-01 -2.162563e+00 -5.159298e+00 2.144352e+01 1631 1.216117e-02
87492 7.793689e-04 3.660339e-03 2.128026e-01 -3.345608e-03 -4.022413e-03 8.994959e-01 5.387643e+00 4.887989e-01 1.878313e+01 1316 1.533041e-02
43583 4.142620e-03 -1.758752e-02 1.886109e-01 -1.461903e-03 1.143013e-02 4.184646e-01 2.644797e+00 -7.894687e+00 2.615652e+01 1213 1.169230e-02
49786 -1.749707e-03 1.358835e-03 2.051040e-01 3.263489e-04 -6.095677e-03 4.646553e-01 -1.047006e+00 7.609291e-01 2.347268e+01 967 1.214349e-02
80969 -1.137319e-02 1.163285e-02 2.497127e-01 -1.142894e-02 3.790953e-03 2.755053e+00 4.733964e+00 -6.541382e+00 9.307678e+00 2662 3.685331e-02
49809 -8.425214e-04 -2.155083e-03 2.565655e-01 1.499920e-02 -2.361423e-03 5.536569e+00 5.177752e+00 -2.423177e+00 2.280628e+01 817 1.386846e-02
31160 -5.470746e-03 -1.061269e-02 2.215326e-01 1.176880e-02 1.699162e-02 2.714865e+00 5.116662e-01 2.492948e+00 1.174324e+01 1858 2.410118e-02
68625 5.682432e-03 -8.016502e-03 1.940578e-01 4.579817e-03 -7.415865e-03 1.906321e+00 3.988338e+00 -5.736363e+00 2.025595e+01 2414 2.025253e-02
49898 -2.808383e-03 2.782516e-03 2.672725e-01 2.377358e-03 -2.483134e-03 2.190229e+00 -5.733411e+00 3.992662e+00 2.882179e+01 1385 1.456529e-02
