/n/home03/calmiller/DSMC_Simulations/5_25_20_cold_second_stage/flow_2.000_gap_0.00200_len_0.02000/data
running....
idx x y z xnext ynext znext vx vy vz collides time
35 1.348997e-03 -6.154559e-03 1.124450e-01 1.574387e-02 -3.349122e-02 2.367956e-01 2.290509e+00 -4.349803e+00 1.978663e+01 1427 1.016863e-02
25043 3.860822e-03 5.429911e-03 1.140426e-01 7.621419e-03 3.883864e-02 2.769479e-01 7.459784e-01 6.627189e+00 3.231503e+01 2162 1.389693e-02
62559 1.421185e-02 -1.450022e-02 1.619393e-01 1.156284e-01 -1.254657e-01 7.080087e-01 3.408497e+00 -3.729424e+00 1.835277e+01 1474 1.357106e-02
25226 -5.499467e-03 -2.657043e-03 1.302732e-01 -4.516629e-02 2.125819e-03 5.975133e-01 -1.665421e+00 2.008096e-01 1.961718e+01 1577 1.233451e-02
37743 1.374648e-02 1.156679e-02 1.525776e-01 7.261001e-02 4.869353e-02 4.208158e-01 3.889673e+00 2.453316e+00 1.772504e+01 3167 2.323476e-02
75247 7.790049e-03 5.209205e-03 1.164612e-01 3.543020e-02 2.578810e-02 2.572244e-01 2.785330e+00 2.073760e+00 1.418488e+01 1091 9.636806e-03
321 -1.680940e-02 8.822464e-03 1.229141e-01 -3.116324e-02 1.587662e-02 1.600086e-01 -8.014182e+00 3.938548e+00 2.071095e+01 665 6.306828e-03
62803 -4.863737e-03 -6.115650e-03 1.129299e-01 -2.046824e-02 -4.795028e-02 2.614254e-01 -2.062574e+00 -5.529624e+00 1.962787e+01 940 7.462175e-03
467 -9.228875e-05 -4.343175e-03 2.593598e-01 -1.291394e-01 -1.107057e-01 8.531242e+00 -3.067832e-01 -2.528554e-01 1.966472e+01 1032 1.579847e-02
12909 -7.423027e-03 -7.267235e-03 1.206364e-01 -3.418460e-02 -3.257452e-02 2.471553e-01 -4.485516e+00 -4.241762e+00 2.120586e+01 1480 1.073888e-02
50407 -9.705179e-03 -1.788094e-02 2.119383e-01 -5.048389e-02 -1.035701e-01 1.109116e+00 -9.169856e-01 -1.926882e+00 2.017472e+01 907 1.233952e-02
37919 2.554576e-03 -1.431563e-02 1.180044e-01 3.639118e-03 -8.628061e-02 2.887711e-01 1.056755e-01 -7.012118e+00 1.663915e+01 1192 9.500286e-03
696 -6.735231e-03 1.115875e-02 1.460521e-01 -1.760021e-02 3.109287e-02 2.805532e-01 -1.974455e+00 3.622560e+00 2.444244e+01 2887 2.030798e-02
13001 1.678134e-02 1.185792e-02 1.948128e-01 6.978935e-01 6.382958e-01 4.355173e+00 3.969726e+00 3.651068e+00 2.424783e+01 2097 1.736602e-02
780 8.724087e-03 5.792314e-03 1.989220e-01 2.224199e-01 1.805984e-01 4.648941e+00 1.336849e+00 1.093561e+00 2.783866e+01 862 9.571131e-03
38067 1.695196e-02 5.423205e-03 1.875734e-01 7.114707e-02 3.154099e-02 5.766908e-01 3.002566e+00 1.447001e+00 2.155824e+01 804 1.034855e-02
50686 4.096783e-03 1.224458e-02 1.236442e-01 1.982683e-02 9.573753e-02 4.844527e-01 1.097534e+00 5.825559e+00 2.517471e+01 987 8.200685e-03
13324 2.465902e-03 -4.985753e-03 1.028667e-01 7.608507e-03 -3.040654e-02 2.210836e-01 8.882169e-01 -4.390611e+00 2.041811e+01 1297 9.215453e-03
50892 -6.594378e-04 1.062992e-02 1.262453e-01 -4.359214e-02 1.501091e-01 6.248244e-01 -2.048461e+00 6.655009e+00 2.378885e+01 522 5.443634e-03
1406 1.298464e-02 2.341926e-02 1.812349e-01 1.093183e-01 1.593257e-01 8.925798e-01 2.373487e+00 3.348488e+00 1.752625e+01 1085 1.270854e-02
13487 1.029567e-04 1.544909e-02 1.335718e-01 8.048077e-03 1.006052e-01 4.233916e-01 6.316855e-01 6.770430e+00 2.304244e+01 591 6.044247e-03
51026 -3.571851e-03 8.282241e-03 1.252027e-01 -1.226257e-02 2.776667e-02 2.522440e-01 -1.806161e+00 4.049378e+00 2.640254e+01 380 4.326509e-03
26051 7.785267e-03 -2.779408e-03 1.149082e-01 4.134956e-02 -1.483165e-02 2.681362e-01 6.597435e+00 -2.369002e+00 3.011867e+01 1238 8.832402e-03
1607 9.578094e-03 -2.969843e-03 1.319198e-01 9.367370e-02 -5.223943e-02 5.469533e-01 4.684509e+00 -2.744541e+00 2.311926e+01 3081 2.057873e-02
13572 3.597904e-03 -2.233805e-03 1.126634e-01 3.091954e-02 -2.120451e-03 3.169781e-01 3.311498e+00 1.373896e-02 2.476381e+01 1908 1.301744e-02
88544 -5.955030e-03 5.440712e-03 1.162245e-01 -6.650159e-02 4.130807e-02 3.917978e-01 -4.328515e+00 2.564182e+00 1.970092e+01 1098 8.837635e-03
76087 2.136460e-03 4.162783e-03 1.254900e-01 -7.318918e-03 2.718404e-02 5.388826e-01 -3.345911e-01 8.146378e-01 1.462845e+01 3417 2.360392e-02
13798 -1.138876e-02 -2.222409e-03 1.437828e-01 -2.537657e-01 -3.973991e-02 1.336631e+00 -4.819834e+00 -7.460614e-01 2.372062e+01 1436 1.149504e-02
38824 4.858133e-04 -1.095116e-02 1.458080e-01 4.981065e-03 -6.595046e-02 3.927959e-01 2.940875e-01 -3.598154e+00 1.615840e+01 1843 1.504575e-02
2073 1.382724e-02 9.940166e-03 1.413502e-01 2.648732e-01 2.403426e-01 1.258794e+00 5.216421e+00 4.787477e+00 2.321908e+01 1290 1.022533e-02
13910 4.953248e-03 1.952347e-02 1.410114e-01 7.936196e-02 2.726963e-01 8.425168e-01 2.403719e+00 8.178564e+00 2.266162e+01 1712 1.321466e-02
88886 -2.965027e-03 -2.332455e-02 2.406248e-01 -5.020949e-02 -2.976952e-01 2.103661e+00 -7.604174e-01 -4.416098e+00 2.998626e+01 1535 1.458864e-02
76465 1.395197e-02 5.438087e-03 1.328292e-01 1.911124e-01 6.686062e-02 8.332807e-01 6.366990e+00 2.207472e+00 2.517361e+01 1600 1.175178e-02
39108 2.113428e-02 1.231187e-02 2.663279e-01 4.430979e-01 3.233732e-01 3.801282e+00 2.275267e+00 1.677272e+00 1.906080e+01 850 1.489688e-02
2562 -1.120566e-02 1.366573e-03 1.077091e-01 -3.178019e-02 6.195238e-03 1.592063e-01 -6.194467e+00 1.453788e+00 1.550452e+01 1904 1.332896e-02
64113 4.606028e-03 -6.637686e-04 1.251693e-01 2.500433e-02 -6.006000e-03 3.535540e-01 1.921791e+00 -5.033090e-01 2.151686e+01 1786 1.266812e-02
14152 1.958634e-03 6.948021e-03 1.395832e-01 9.648553e-03 9.093455e-02 6.330955e-01 3.335637e-01 3.643063e+00 2.140696e+01 788 7.788845e-03
26695 1.484315e-02 -1.051084e-02 1.377908e-01 2.787612e-02 -1.626413e-02 1.763600e-01 6.322037e+00 -2.790810e+00 1.870913e+01 936 9.526681e-03
2740 1.153029e-02 -2.918622e-03 3.115248e-01 2.872934e-01 -2.146818e-01 7.652768e+00 1.271067e+00 -9.760738e-01 3.383777e+01 863 1.252345e-02
2765 -9.696321e-03 4.599193e-03 1.163402e-01 -7.341474e-02 3.986136e-02 3.906128e-01 -5.665858e+00 3.135520e+00 2.438839e+01 1194 8.498546e-03
14527 -1.070361e-02 1.119136e-02 1.669115e-01 -9.183574e-02 9.462288e-02 9.220105e-01 -3.849130e+00 3.958219e+00 3.582396e+01 786 6.966753e-03
64488 -9.975567e-04 -1.239321e-02 1.726451e-01 -1.246145e-02 -7.458960e-02 6.875452e-01 -6.398015e-01 -3.471189e+00 2.873664e+01 724 7.567414e-03
52101 3.810030e-03 2.437413e-03 1.190693e-01 3.408135e-02 2.285991e-02 2.761928e-01 2.939145e+00 1.982890e+00 1.525566e+01 634 6.680942e-03
52107 -1.150493e-02 1.122214e-02 2.138565e-01 9.962519e-03 2.474699e-01 2.884120e+00 1.110860e-01 1.222494e+00 1.381761e+01 2318 2.393660e-02
89549 1.948776e-02 -6.661944e-03 1.484180e-01 2.165084e-01 -4.304237e-02 8.327620e-01 7.391994e+00 -1.364953e+00 2.567583e+01 1350 1.085270e-02
39668 8.418923e-04 4.174298e-03 1.049388e-01 1.579848e-02 3.640702e-02 2.813184e-01 2.359582e+00 5.085102e+00 2.782602e+01 606 5.061774e-03
14684 9.761116e-03 -1.063154e-02 1.148031e-01 1.003615e-01 -8.475751e-02 3.285213e-01 4.790414e+00 -3.919344e+00 1.130016e+01 467 6.195753e-03
64654 -2.034792e-02 1.468350e-02 1.463415e-01 -3.644047e-02 2.330927e-02 1.854251e-01 -7.035442e+00 3.771069e+00 1.708684e+01 1133 1.116907e-02
52289 -6.353983e-03 9.946654e-03 1.472233e-01 -5.568855e-02 6.182038e-02 5.116176e-01 -2.488477e+00 2.616555e+00 1.838036e+01 1324 1.207975e-02
64739 9.744459e-03 -2.821001e-03 1.228404e-01 3.772160e-02 -5.396093e-03 2.299822e-01 4.633065e+00 -4.264399e-01 1.774288e+01 1218 9.835245e-03
77355 1.220826e-03 1.053539e-02 1.386723e-01 -1.031440e-02 1.090634e-01 6.815180e-01 -5.931248e-01 5.066170e+00 2.791234e+01 400 4.565669e-03
3764 -6.530993e-03 1.880296e-02 1.287352e-01 -5.727867e-02 1.157676e-01 3.694464e-01 -3.236228e+00 6.183526e+00 1.535038e+01 3096 2.108612e-02
89944 -2.327442e-02 1.936267e-03 1.366483e-01 -4.543961e-01 3.122146e-02 9.074662e-01 -8.367978e+00 5.684192e-01 1.496141e+01 1916 1.539876e-02
52542 2.046760e-02 5.950326e-03 3.230157e-01 2.218484e-01 5.397361e-02 3.096210e+00 2.425353e+00 5.783739e-01 3.339929e+01 2322 2.090608e-02
4081 3.434040e-03 1.471892e-02 1.242113e-01 2.521063e-02 1.050876e-01 4.036649e-01 1.359792e+00 5.642876e+00 1.744987e+01 1427 1.103629e-02
4194 8.108659e-05 2.041784e-02 1.192645e-01 -6.810532e-03 1.611004e-01 3.236908e-01 -4.574988e-01 9.339187e+00 1.357080e+01 1010 9.267941e-03
40130 9.292721e-03 -1.788186e-02 1.838510e-01 1.611910e-01 -2.901772e-01 2.029809e+00 2.563495e+00 -4.595363e+00 3.115312e+01 918 8.984821e-03
77661 2.569736e-03 -1.970349e-02 2.218023e-01 6.564072e-03 -4.152070e-02 4.112875e-01 5.681457e-01 -3.103233e+00 2.695195e+01 821 1.072561e-02
27788 1.809995e-03 6.071022e-03 1.108658e-01 -2.009922e-04 4.293201e-02 3.179215e-01 -1.954535e-01 3.582623e+00 2.012433e+01 1353 9.595662e-03
90182 -1.570691e-02 3.011450e-03 1.273588e-01 -9.746924e-02 -2.262534e-03 3.402269e-01 -6.113374e+00 -3.943361e-01 1.591616e+01 383 5.927184e-03
65226 -6.650819e-03 -1.991676e-03 1.085838e-01 -6.081854e-02 -1.154486e-02 3.987610e-01 -4.484459e+00 -7.908931e-01 2.402331e+01 866 6.550468e-03
65235 2.396965e-03 -8.310307e-03 1.124105e-01 4.946565e-03 -4.052252e-02 2.456033e-01 4.676347e-01 -5.908200e+00 2.442955e+01 1488 1.058455e-02
15302 -4.235754e-03 -1.008102e-02 1.138488e-01 -1.341990e-02 -4.272980e-02 1.992492e-01 -1.775977e+00 -6.313432e+00 1.651423e+01 816 7.098920e-03
4520 -9.934274e-03 -2.718832e-03 1.127404e-01 -5.298417e-02 -1.348709e-02 2.332596e-01 -5.850932e+00 -1.463520e+00 1.637983e+01 717 6.747072e-03
40444 -6.060750e-03 -2.609769e-02 1.732721e-01 -2.243814e-02 -6.404066e-02 3.081007e-01 -1.940215e+00 -4.495069e+00 1.597302e+01 1580 1.608370e-02
65396 2.156350e-02 1.448714e-03 1.580008e-01 7.145944e-02 1.282588e-02 3.044889e-01 8.311523e+00 1.895176e+00 2.440157e+01 530 6.502120e-03
4754 -2.858984e-03 6.986704e-03 1.593750e-01 -9.218543e-03 2.163314e-02 4.566007e-01 -6.770838e-01 1.559363e+00 3.164476e+01 1818 1.353898e-02
4885 8.031382e-03 -1.565139e-02 1.340356e-01 3.944328e-02 -1.209475e-01 4.464273e-01 2.260439e+00 -7.577236e+00 2.248008e+01 886 8.420210e-03
78153 7.367970e-03 2.034787e-02 2.141832e-01 9.921367e-02 2.186208e-01 1.480340e+00 1.956630e+00 4.223896e+00 2.697350e+01 2531 1.988379e-02
78158 2.636971e-02 -7.208285e-03 3.157187e-01 4.749657e-01 -4.553317e-02 6.149325e+00 1.653025e+00 -1.412229e-01 2.149618e+01 1835 2.346033e-02
78233 -1.064601e-02 -8.076187e-03 1.766869e-01 -1.327124e-01 -1.725994e-01 1.606274e+00 -2.617090e+00 -3.527359e+00 3.065017e+01 1738 1.348915e-02
5169 -1.202639e-02 2.008063e-02 1.306296e-01 -1.039580e-01 1.590934e-01 3.996186e-01 -3.008012e+00 4.548515e+00 8.801350e+00 831 1.100255e-02
15922 -3.532624e-03 -5.779868e-03 1.251632e-01 -5.121969e-03 -6.157404e-02 3.748990e-01 -9.519391e-02 -3.341796e+00 1.495794e+01 737 8.079762e-03
78447 2.263993e-03 2.607142e-02 1.257222e-01 -4.754681e-04 6.622251e-02 1.804946e-01 -7.646412e-01 1.120701e+01 1.528812e+01 1793 1.360760e-02
78532 3.216624e-04 -9.900808e-03 1.436533e-01 9.187763e-03 -7.004917e-02 5.594128e-01 4.651101e-01 -3.155345e+00 2.181048e+01 739 7.331825e-03
5735 -7.395306e-03 1.291591e-03 1.672897e-01 -3.407828e-02 9.155553e-03 5.108027e-01 -1.703835e+00 5.021515e-01 2.193495e+01 1035 1.029252e-02
78594 -5.021396e-03 -6.319849e-04 2.642404e-01 -3.906529e-02 -3.910138e-04 1.612569e+00 -5.762123e-01 4.078573e-03 2.282123e+01 554 1.143421e-02
41102 3.303917e-03 -9.879381e-03 1.550591e-01 3.109534e-03 -6.628747e-02 4.781409e-01 -1.272635e-02 -3.693059e+00 2.115229e+01 2340 1.717413e-02
28706 2.291218e-02 -7.958476e-03 1.632132e-01 1.861784e-01 -8.304457e-02 7.116736e-01 6.951647e+00 -3.197061e+00 2.335268e+01 575 7.600041e-03
78666 -1.039485e-02 -3.627979e-03 1.124515e-01 -2.848124e-02 -1.036014e-02 1.714204e-01 -7.564459e+00 -2.815663e+00 2.466317e+01 1311 9.530034e-03
16195 3.898781e-03 -1.613192e-02 1.682526e-01 9.869101e-02 -4.671375e-01 2.811839e+00 1.270056e+00 -6.042712e+00 3.541959e+01 985 8.293621e-03
78791 7.088546e-03 1.288950e-02 1.518400e-01 4.748710e-02 6.928741e-02 4.899698e-01 3.885183e+00 5.423862e+00 3.251839e+01 990 8.241549e-03
28857 4.630670e-03 1.150830e-02 1.391875e-01 5.431277e-02 1.278847e-01 7.636447e-01 1.953625e+00 4.576212e+00 2.455522e+01 1525 1.176103e-02
6182 6.186217e-03 -2.381995e-04 1.157631e-01 3.028444e-02 -6.787340e-03 1.960894e-01 5.488450e+00 -1.491588e+00 1.829458e+01 936 8.091245e-03
53928 -2.086191e-03 -2.257323e-03 1.228395e-01 -1.039967e-02 -3.323053e-02 2.984839e-01 -1.062033e+00 -3.956778e+00 2.243830e+01 2107 1.417351e-02
6257 5.076327e-03 1.588885e-02 1.948177e-01 7.567970e-01 2.029930e+00 1.363357e+01 2.262468e+00 6.061697e+00 4.044687e+01 3319 2.209895e-02
53985 2.167956e-02 5.515519e-03 2.143350e-01 2.491277e-01 7.991173e-02 1.799213e+00 3.925395e+00 1.283961e+00 2.735249e+01 666 9.350568e-03
91358 4.433875e-03 1.424304e-02 1.636252e-01 4.415203e-02 1.331490e-01 8.383444e-01 1.385630e+00 4.148222e+00 2.353864e+01 2407 1.785541e-02
41477 -3.463819e-03 6.218573e-03 1.131184e-01 -4.346531e-02 5.405739e-02 3.747636e-01 -2.863624e+00 3.424683e+00 1.873064e+01 781 6.332208e-03
91377 6.927666e-03 2.180771e-02 2.158597e-01 3.966836e-02 1.834184e-01 1.050842e+00 9.053236e-01 4.468750e+00 2.308836e+01 1535 1.477545e-02
6513 -7.994975e-03 4.328163e-03 1.445443e-01 -5.133879e-02 1.006807e-01 8.218170e-01 -1.079914e+00 2.400630e+00 1.687430e+01 2550 1.888589e-02
6652 -1.589199e-03 8.475387e-04 1.137488e-01 -4.902305e-02 1.697809e-02 6.862245e-01 -2.082167e+00 7.080701e-01 2.512952e+01 947 6.883180e-03
16657 -5.967362e-03 1.177926e-02 2.011165e-01 -6.461058e-02 1.653539e-01 1.658836e+00 -1.025842e+00 2.686472e+00 2.549979e+01 1995 1.675588e-02
41695 -8.811402e-03 6.800848e-03 1.082078e-01 -3.103028e-02 2.664938e-02 1.899978e-01 -3.685109e+00 3.291975e+00 1.356526e+01 1728 1.314675e-02
66718 -1.174718e-02 -5.034276e-03 3.471973e-01 -8.782216e-02 2.390884e-02 1.584077e+00 -1.723537e+00 6.557284e-01 2.802246e+01 653 1.385578e-02
54413 1.859422e-02 8.225361e-03 1.663467e-01 1.279453e-01 6.789098e-02 7.923772e-01 4.671263e+00 2.548797e+00 2.674278e+01 2488 1.877997e-02
7134 7.904253e-04 3.936772e-03 1.397921e-01 7.352273e-03 4.666644e-02 6.390336e-01 4.220039e-01 2.748019e+00 3.210709e+01 965 7.415802e-03
41981 -4.498444e-03 -1.164781e-02 1.053863e-01 -1.428857e-02 -2.986590e-02 1.394175e-01 -3.327609e+00 -6.192229e+00 1.156701e+01 638 6.483358e-03
54545 -1.819807e-03 -9.290370e-04 1.755719e-01 3.963574e-02 1.395787e-01 4.004393e+00 2.520431e-01 8.542646e-01 2.327862e+01 496 7.594637e-03
29637 -1.146405e-02 1.953558e-02 1.519550e-01 -1.781314e-01 2.464900e-01 8.655901e-01 -4.278531e+00 5.826166e+00 1.831979e+01 1645 1.439809e-02
79572 -1.594525e-02 1.391621e-02 1.594161e-01 -6.771010e-02 3.648536e-02 3.648777e-01 -3.745344e+00 1.632947e+00 1.486577e+01 816 1.134388e-02
79581 -9.073043e-03 9.367727e-03 1.294911e-01 -7.863965e-02 8.424278e-02 4.947325e-01 -6.045858e+00 6.507202e+00 3.174220e+01 1348 9.859950e-03
7394 3.793542e-03 9.741662e-03 1.203115e-01 1.328996e-02 5.874216e-02 2.829370e-01 1.162024e+00 5.995917e+00 1.989958e+01 1626 1.172164e-02
67042 6.894216e-03 -6.425032e-03 1.173208e-01 2.814867e-02 -2.066606e-02 2.214377e-01 4.854540e+00 -3.252666e+00 2.378043e+01 572 4.992512e-03
92030 5.476530e-05 5.880667e-03 1.156201e-01 1.465719e-03 3.272470e-02 2.212835e-01 2.923262e-01 5.561639e+00 2.189170e+01 1808 1.295665e-02
7533 3.020427e-04 -1.525060e-02 1.149841e-01 2.490531e-03 -5.359415e-02 2.041694e-01 3.819052e-01 -6.691196e+00 1.556340e+01 952 7.889930e-03
7607 -8.113037e-03 1.100848e-02 1.198087e-01 -2.685951e-02 4.000480e-02 2.192584e-01 -3.709931e+00 5.738378e+00 1.968112e+01 1357 1.063332e-02
67171 8.494828e-03 7.801193e-03 1.658146e-01 2.022506e-02 2.956068e-02 3.498902e-01 1.745976e+00 3.238771e+00 2.739857e+01 741 7.831681e-03
7798 -2.721456e-02 5.477010e-03 2.780020e-01 -2.328695e-01 5.441777e-02 1.676959e+00 -3.753379e+00 8.932107e-01 2.553216e+01 960 1.415570e-02
67320 -7.032128e-03 -1.085515e-02 1.115395e-01 -8.149173e-02 -1.438959e-01 4.689958e-01 -4.444857e+00 -7.941855e+00 2.133831e+01 566 5.188334e-03
30093 1.362593e-02 1.667862e-03 2.269684e-01 4.933256e-01 1.193546e-01 5.207600e+00 2.604496e+00 6.389719e-01 2.704199e+01 370 7.918855e-03
42494 7.283992e-03 4.956098e-03 1.046907e-01 4.649226e-02 3.034485e-02 2.406631e-01 4.559674e+00 2.952552e+00 1.581273e+01 3092 2.082157e-02
42514 3.973617e-03 -1.080551e-02 1.361908e-01 1.847441e-02 -3.171401e-02 2.613457e-01 2.575407e+00 -3.713444e+00 2.222807e+01 1087 9.529377e-03
55129 5.416427e-03 1.084037e-02 1.602075e-01 6.486235e-02 1.324422e-01 1.421533e+00 8.583070e-01 1.755741e+00 1.821158e+01 1287 1.255148e-02
17587 -9.470823e-03 4.212512e-03 1.096317e-01 -5.846914e-02 1.210805e-02 2.432569e-01 -4.932261e+00 7.947798e-01 1.345097e+01 702 6.621091e-03
92439 1.079292e-04 -1.102396e-02 1.244997e-01 -5.629208e-04 -1.135449e-01 5.028199e-01 -3.393885e-02 -5.186618e+00 1.913953e+01 1815 1.350545e-02
67496 -3.830825e-03 -5.799002e-03 1.017036e-01 -3.505313e-02 -2.533366e-02 2.679652e-01 -5.469656e+00 -3.422164e+00 2.912640e+01 1197 8.233842e-03
17623 -9.114278e-03 -3.261252e-03 2.419169e-01 -5.496551e-02 -5.136657e-02 1.821016e+00 -7.292834e-01 -7.651355e-01 2.511624e+01 950 1.253630e-02
80159 2.376478e-02 2.406145e-03 1.433937e-01 9.768546e-02 8.741979e-03 3.511969e-01 7.754181e+00 6.646206e-01 2.179828e+01 614 7.083540e-03
92509 2.360856e-03 7.955959e-03 1.336150e-01 2.641721e-02 1.201750e-01 6.656977e-01 9.008078e-01 4.202123e+00 1.992423e+01 884 8.666314e-03
67625 1.385017e-02 3.215119e-03 2.205594e-01 2.205050e-01 3.451637e-02 1.686302e+00 3.163361e+00 4.791427e-01 2.243679e+01 1135 1.361777e-02
17733 -5.070281e-03 -1.651876e-03 1.408993e-01 -4.297794e-02 -7.124172e-03 4.762084e-01 -2.308704e+00 -3.332812e-01 2.042145e+01 856 8.923164e-03
42786 1.666697e-02 -1.365342e-02 1.275826e-01 2.822757e-02 -2.485926e-02 1.575745e-01 6.197023e+00 -6.006852e+00 1.607703e+01 1609 1.330580e-02
30403 -8.829331e-03 9.873728e-04 1.523482e-01 -7.267769e-02 7.362274e-03 6.775591e-01 -3.955134e+00 3.948980e-01 3.253458e+01 1041 9.181661e-03
8626 3.727417e-03 -4.753403e-03 1.361842e-01 1.696657e-02 -1.555902e-02 3.840733e-01 8.141742e-01 -6.645180e-01 1.524455e+01 651 8.360265e-03
8795 -7.497784e-03 -3.756571e-03 1.257817e-01 -4.773393e-02 -2.041302e-02 3.410778e-01 -3.769496e+00 -1.560448e+00 2.016986e+01 639 6.099072e-03
8807 6.577856e-03 -1.078987e-02 2.578841e-01 3.266089e-02 -5.437617e-02 1.443171e+00 6.164665e-01 -1.030152e+00 2.801399e+01 950 1.285948e-02
80519 -7.388105e-03 9.710563e-03 1.007558e-01 -2.529302e-02 3.522118e-02 1.431685e-01 -4.570834e+00 6.512448e+00 1.082726e+01 2980 2.002644e-02
18136 1.519636e-02 3.523640e-03 1.207731e-01 4.361381e-02 1.443957e-02 1.816320e-01 8.420921e+00 3.234711e+00 1.803429e+01 675 6.849101e-03
18241 -8.070640e-04 -5.089943e-03 1.264301e-01 -8.498783e-05 -4.034223e-02 3.360558e-01 9.262748e-02 -4.522141e+00 2.689065e+01 532 5.087141e-03
30931 -5.968632e-03 -1.786859e-02 1.477875e-01 -3.645528e-02 -1.444363e-01 6.131835e-01 -1.800711e+00 -7.475792e+00 2.748888e+01 681 6.869632e-03
93153 3.563254e-03 -4.256949e-03 1.641369e-01 -2.225197e-03 -1.293272e-02 3.508937e-01 -7.093221e-01 -1.063137e+00 2.288534e+01 505 7.446853e-03
30976 -4.590055e-03 -2.063943e-03 9.854312e-02 -4.106040e-02 -2.366464e-02 2.609641e-01 -6.690677e+00 -3.962762e+00 2.979698e+01 722 5.258799e-03
80991 1.217091e-02 -1.552646e-02 1.426045e-01 4.344904e-01 -5.228590e-01 1.744257e+00 4.694540e+00 -5.639553e+00 1.780411e+01 632 7.313866e-03
56028 1.443327e-02 1.072292e-02 1.904512e-01 4.018791e-02 3.089901e-02 3.036705e-01 2.657353e+00 2.081760e+00 1.168192e+01 663 1.428740e-02
18493 -2.421099e-03 1.364996e-02 1.339701e-01 1.729630e-03 6.293039e-02 3.355673e-01 5.937436e-01 7.049351e+00 2.883759e+01 2288 1.616874e-02
81086 2.742864e-03 -6.101631e-04 1.570612e-01 4.665573e-02 1.176731e-02 1.026692e+00 9.682276e-01 2.729088e-01 1.917435e+01 1188 1.125816e-02
43692 1.304426e-02 4.779907e-03 2.141872e-01 4.055970e-02 3.169765e-02 8.032716e-01 7.541465e-01 7.377647e-01 1.614570e+01 2820 2.542597e-02
93511 -1.306834e-02 1.987951e-03 1.296272e-01 -7.118457e-02 3.353911e-02 3.171512e-01 -6.348993e+00 3.446852e+00 2.048633e+01 1486 1.136552e-02
56394 9.945701e-03 -8.024540e-03 2.232750e-01 6.205512e-02 -9.345863e-02 1.171539e+00 1.656080e+00 -2.715165e+00 3.013660e+01 629 8.984988e-03
56431 -5.147916e-03 -2.883663e-03 1.811147e-01 -3.189236e-02 -2.327563e-02 8.789194e-01 -8.901843e-01 -6.787433e-01 2.322631e+01 1512 1.362228e-02
43907 5.827818e-03 2.141950e-02 1.667275e-01 1.646642e-02 1.507141e-01 5.872062e-01 4.205322e-01 5.110874e+00 1.662106e+01 1539 1.431102e-02
56464 -5.444016e-03 2.856635e-02 2.069347e-01 -1.414871e-01 2.947557e-01 1.413806e+00 -2.782601e+00 5.444591e+00 2.468515e+01 1420 1.430553e-02
10401 1.606911e-02 -7.349745e-03 1.656421e-01 1.745750e-01 -1.341599e-01 1.029414e+00 4.434188e+00 -3.547504e+00 2.416394e+01 1013 9.964235e-03
31654 -5.236569e-04 -4.667674e-04 1.366800e-01 1.082553e-02 -3.161028e-03 3.795497e-01 1.116082e+00 -2.649544e-01 2.388387e+01 423 5.349392e-03
68948 -1.729078e-02 -1.198688e-02 2.443032e-01 -9.923726e-02 -5.585477e-02 1.064194e+00 -2.692460e+00 -1.441337e+00 2.693860e+01 341 8.577196e-03
56617 2.768901e-03 8.528669e-03 1.437977e-01 -2.452770e-04 4.999295e-02 3.784973e-01 -2.395067e-01 3.294754e+00 1.864925e+01 939 1.022586e-02
19103 1.295266e-02 -7.226647e-03 1.255995e-01 2.866766e-02 -2.751105e-02 2.025047e-01 2.937643e+00 -3.791813e+00 1.437608e+01 3153 2.368460e-02
19159 -2.146148e-03 1.525794e-02 1.667642e-01 -3.506412e-03 3.752735e-02 3.013732e-01 -1.800825e-01 2.948202e+00 1.782061e+01 930 1.069071e-02
93996 9.136192e-03 -2.899860e-04 1.513084e-01 1.002709e-01 4.549996e-03 6.337865e-01 3.146683e+00 1.671141e-01 1.665892e+01 1043 1.078908e-02
56755 -1.113918e-02 1.072412e-02 2.188725e-01 -8.283426e-02 1.073521e-01 1.178740e+00 -1.597547e+00 2.153114e+00 2.138826e+01 1121 1.341952e-02
69119 -1.040773e-02 2.228151e-02 1.478386e-01 -5.433299e-02 8.590022e-02 3.455267e-01 -3.863179e+00 5.595196e+00 1.738645e+01 967 9.898911e-03
69138 -1.250286e-02 -1.950192e-02 1.967497e-01 -7.946196e-02 -1.061826e-01 6.824424e-01 -3.153638e+00 -4.082483e+00 2.287514e+01 2872 2.256867e-02
94108 -1.180318e-02 -6.253026e-03 1.150879e-01 -6.152824e-02 -3.187120e-02 2.081034e-01 -6.960934e+00 -3.586249e+00 1.302110e+01 1615 1.224073e-02
81863 6.076376e-03 4.702134e-03 1.177951e-01 3.883932e-02 8.684065e-05 2.923555e-01 3.779967e+00 -5.324814e-01 2.013961e+01 2138 1.475340e-02
69204 -2.256131e-03 1.464857e-02 1.333961e-01 -3.529288e-04 7.043133e-02 3.380698e-01 2.069981e-01 6.067103e+00 2.226094e+01 1758 1.308441e-02
11065 1.458366e-02 -3.682191e-03 1.035891e-01 1.104759e-01 -2.428484e-02 2.108241e-01 9.550774e+00 -2.052004e+00 1.068050e+01 2877 1.913203e-02
11083 -6.480335e-03 7.443506e-03 1.287301e-01 -7.753410e-02 4.724913e-02 4.997360e-01 -4.657933e+00 2.609460e+00 2.432131e+01 931 7.232585e-03
81918 -2.562639e-02 -1.209651e-02 3.329288e-01 -8.597641e-01 -6.699267e-01 1.138866e+01 -1.553945e+00 -1.225495e+00 2.059612e+01 846 1.862659e-02
32024 -2.287460e-03 -8.893702e-03 9.413470e-02 -1.563552e-02 -3.140207e-02 1.163890e-01 -4.846108e+00 -8.171827e+00 8.079591e+00 2242 1.467466e-02
57116 4.951602e-03 -2.900457e-02 3.009194e-01 4.974598e-02 -8.950777e-01 4.969193e+00 1.857620e-01 -3.591601e+00 1.935930e+01 948 1.783552e-02
11672 5.798948e-03 -1.999768e-03 1.053492e-01 3.276105e-02 -1.799953e-02 2.175071e-01 3.786600e+00 -2.247032e+00 1.575163e+01 1874 1.275273e-02
69618 1.432328e-02 -6.731520e-03 1.117792e-01 4.804218e-02 -2.070056e-02 1.648385e-01 7.642716e+00 -3.166218e+00 1.202642e+01 3001 2.169112e-02
19733 -4.974837e-03 -3.848370e-03 1.403509e-01 -4.216878e-02 -2.103343e-02 4.302849e-01 -2.283435e+00 -1.055036e+00 1.779982e+01 1159 1.131050e-02
44893 -8.731059e-03 9.005328e-04 1.019598e-01 -3.361787e-02 6.992420e-04 1.644444e-01 -8.142117e+00 -6.585547e-02 2.044281e+01 936 6.641219e-03
82481 1.418311e-03 -1.766859e-04 1.446174e-01 1.559814e-02 -8.838938e-03 6.532209e-01 6.371970e-01 -3.892543e-01 2.285504e+01 570 6.566682e-03
57520 7.387663e-03 -3.649789e-03 1.364450e-01 1.102801e-01 -6.355493e-02 9.089546e-01 4.024840e+00 -2.343307e+00 3.021823e+01 1511 1.081804e-02
32695 1.454169e-02 -2.924336e-03 2.399798e-01 3.693515e-01 -3.165880e-01 3.844958e+00 2.196821e+00 -1.942063e+00 2.232039e+01 2040 2.030809e-02
20036 -1.123977e-02 -1.195207e-02 1.344107e-01 -1.989938e-01 -1.694205e-01 8.710196e-01 -4.427864e+00 -3.713630e+00 1.737169e+01 1904 1.551174e-02
12328 -9.202022e-03 -3.616700e-03 1.188495e-01 -3.481442e-02 -1.205829e-02 2.163007e-01 -6.093806e+00 -2.008457e+00 2.318600e+01 1508 1.085243e-02
82768 -5.468953e-03 4.454172e-03 1.020424e-01 -2.503288e-02 1.961957e-02 1.936756e-01 -6.111151e+00 4.737188e+00 2.862330e+01 506 4.127782e-03
70144 1.865076e-02 1.185721e-02 1.292326e-01 2.108137e-01 1.649716e-01 6.343096e-01 6.644380e+00 5.294205e+00 1.746395e+01 1188 1.044744e-02
82915 -1.475557e-02 -3.196622e-03 1.243217e-01 -6.649298e-02 -7.136174e-03 2.607758e-01 -1.091778e+01 -8.313356e-01 2.879492e+01 467 4.482947e-03
45449 1.704389e-02 -7.916343e-03 1.662511e-01 1.147141e-01 -7.630615e-02 6.224436e-01 3.200014e+00 -2.240687e+00 1.494645e+01 1860 1.748788e-02
83256 -1.649977e-03 -5.979636e-03 1.026672e-01 -2.166110e-03 -3.079825e-02 1.715497e-01 -1.525229e-01 -7.334170e+00 2.035554e+01 1778 1.186427e-02
33418 -1.984433e-02 1.369461e-02 1.947867e-01 -3.012973e-01 2.040898e-01 1.839064e+00 -4.413713e+00 2.985754e+00 2.578535e+01 625 8.384720e-03
58398 -1.471487e-02 -1.390868e-02 2.605907e-01 -7.106080e-01 -4.206768e-01 7.636763e+00 -2.787247e+00 -1.629220e+00 2.954363e+01 1815 1.734510e-02
70713 -2.535399e-03 -2.140159e-02 3.432800e-01 -2.578413e-01 -5.052557e-01 4.796357e+00 -1.247639e+00 -2.364517e+00 2.176147e+01 769 1.746797e-02
45920 -1.732979e-02 -1.316629e-02 1.562743e-01 -7.010508e-02 -6.322027e-02 3.803517e-01 -5.058350e+00 -4.797521e+00 2.147713e+01 2136 1.643629e-02
58496 7.217012e-03 -1.175452e-02 1.582197e-01 3.225437e-01 -3.804249e-01 2.903899e+00 2.334225e+00 -2.729105e+00 2.032506e+01 1155 1.087553e-02
95712 1.421123e-02 -4.299013e-03 1.612859e-01 4.990199e-02 -2.650948e-02 3.117789e-01 4.993761e+00 -3.107633e+00 2.105660e+01 1087 1.066227e-02
20966 -2.214209e-02 3.403756e-03 1.702164e-01 -4.205112e-01 1.144358e-01 1.748529e+00 -6.124828e+00 1.707091e+00 2.426617e+01 1125 1.069717e-02
46048 1.039757e-02 -9.464187e-03 2.865558e-01 3.312830e-01 -2.742265e-01 7.074379e+00 1.015186e+00 -8.376294e-01 2.147466e+01 672 1.384297e-02
33754 -1.092445e-02 -2.274352e-02 1.533583e-01 -6.516034e-02 -1.557368e-01 5.306315e-01 -3.660755e+00 -8.976637e+00 2.546477e+01 430 5.430800e-03
71038 -1.716180e-03 1.992659e-03 1.289050e-01 4.223144e-03 9.118106e-03 5.074409e-01 2.514006e-01 3.016070e-01 1.602272e+01 2141 1.769429e-02
95956 -5.643192e-03 -8.275506e-03 1.241839e-01 -5.402105e-02 -7.907484e-02 5.701296e-01 -2.163157e+00 -3.165706e+00 1.993992e+01 1054 8.606237e-03
21200 -1.265817e-04 1.895154e-03 1.426717e-01 2.592240e-02 2.188120e-02 5.672873e-01 1.571209e+00 1.205508e+00 2.561175e+01 2062 1.480965e-02
96158 1.767500e-03 -2.968436e-03 1.491509e-01 2.704743e-02 -2.064392e-03 5.311109e-01 1.565360e+00 5.597941e-02 2.365137e+01 816 8.386299e-03
46395 1.140300e-02 1.265612e-02 1.877062e-01 2.100799e-02 2.456779e-02 3.274709e-01 1.230436e+00 1.525931e+00 1.790438e+01 1857 2.224838e-02
46453 -4.244671e-03 -5.604329e-03 1.531185e-01 -7.822680e-02 -6.161498e-02 8.901149e-01 -2.240506e+00 -1.696250e+00 2.231951e+01 946 9.230953e-03
84065 1.977536e-02 -1.971809e-02 2.114971e-01 3.190114e-01 -2.131252e-01 1.963052e+00 3.889052e+00 -2.513635e+00 2.276426e+01 1652 1.600993e-02
21513 -3.421894e-03 -2.956860e-02 1.813577e-01 -4.293900e-02 -2.822954e-01 9.782258e-01 -1.214657e+00 -7.768189e+00 2.449373e+01 2050 1.628442e-02
84138 5.881749e-04 6.764622e-03 1.092484e-01 -1.074267e-02 9.396676e-02 3.062526e-01 -8.487719e-01 6.532148e+00 1.475721e+01 416 4.676729e-03
46674 2.763556e-03 -6.725777e-03 1.084109e-01 1.666384e-02 -4.580996e-02 2.666467e-01 2.623865e+00 -7.377663e+00 2.986913e+01 1526 1.024731e-02
34409 -2.411640e-03 3.447480e-03 1.399689e-01 7.022377e-03 4.277937e-02 6.648975e-01 3.174308e-01 1.323418e+00 1.766252e+01 1214 1.146354e-02
71602 2.658394e-02 1.342461e-02 2.761892e-01 5.402648e-01 1.489070e-01 3.566251e+00 3.872832e+00 1.021452e+00 2.480500e+01 710 1.315903e-02
59358 -1.061998e-02 -3.443212e-03 1.327870e-01 -5.231652e-02 -1.973535e-02 3.359866e-01 -4.928389e+00 -1.925675e+00 2.401751e+01 1065 8.912177e-03
84422 7.039105e-03 5.568016e-03 1.104576e-01 3.933316e-02 2.346112e-02 1.786840e-01 5.900711e+00 3.269396e+00 1.246620e+01 791 7.907014e-03
34579 -1.189047e-02 5.079354e-03 1.337315e-01 -1.302560e-01 4.158455e-02 5.666791e-01 -3.851795e+00 1.187934e+00 1.408877e+01 2110 1.652339e-02
46936 -2.742973e-02 -9.644027e-03 1.677649e-01 -2.824144e-01 -1.455476e-01 9.636635e-01 -5.226600e+00 -2.785712e+00 1.631409e+01 1820 1.611101e-02
96724 -6.227579e-03 9.399706e-03 1.600178e-01 -2.185375e-01 2.305607e-01 2.497641e+00 -2.530685e+00 2.636188e+00 2.786392e+01 1401 1.130727e-02
71848 8.305825e-04 -2.217883e-03 1.171072e-01 8.588510e-03 -1.185953e-02 5.709635e-01 4.071364e-01 -5.059942e-01 2.381839e+01 918 7.270772e-03
34721 -3.420056e-03 7.266114e-03 1.120477e-01 -2.054842e-02 4.461371e-02 3.419097e-01 -2.662656e+00 5.805797e+00 3.573275e+01 720 5.298599e-03
84675 -7.003169e-03 1.185780e-03 1.590861e-01 -1.148449e-01 2.086119e-02 1.136216e+00 -3.216870e+00 5.869084e-01 2.914733e+01 825 7.910231e-03
47114 2.836595e-03 -2.191106e-02 2.442378e-01 1.430559e-03 -5.743876e-02 5.319534e-01 -1.345086e-01 -3.398763e+00 2.752435e+01 1358 1.433584e-02
34827 1.062044e-02 -1.290861e-03 1.227043e-01 4.327465e-02 1.207523e-02 2.590066e-01 3.846171e+00 1.574323e+00 1.605435e+01 1090 9.402338e-03
84781 -1.176643e-02 -1.068222e-02 1.418719e-01 -1.763456e-01 -2.065562e-01 1.150381e+00 -5.007912e+00 -5.960169e+00 3.068751e+01 507 5.363273e-03
47217 4.340508e-03 1.321779e-02 1.176537e-01 1.260646e-02 4.662307e-02 2.001022e-01 1.601688e+00 6.472921e+00 1.597599e+01 493 5.785941e-03
84840 -1.068187e-02 1.142182e-03 9.709584e-02 -1.883118e-01 -2.273632e-02 2.954035e-01 -1.534659e+01 -2.063017e+00 1.713306e+01 1112 7.762031e-03
97147 4.905831e-03 -8.642371e-03 1.453225e-01 8.236251e-02 -1.663784e-01 1.108936e+00 2.298081e+00 -4.679908e+00 2.858967e+01 908 8.148051e-03
72287 -1.335540e-02 -4.710369e-03 1.285058e-01 -9.692806e-02 -3.165222e-02 3.693365e-01 -7.496192e+00 -2.416595e+00 2.160172e+01 1217 9.270000e-03
97216 -1.133494e-02 2.105123e-02 1.711499e-01 -7.098405e-02 1.207072e-01 5.901340e-01 -3.657448e+00 6.110509e+00 2.569045e+01 858 9.014444e-03
22617 5.897292e-03 5.185825e-03 1.620810e-01 1.201841e-02 3.969237e-02 6.664859e-01 3.417921e-01 1.926783e+00 2.816505e+01 887 8.402113e-03
60226 2.769351e-02 3.897636e-03 2.883216e-01 2.696658e-01 5.047556e-02 2.663601e+00 2.470135e+00 4.754832e-01 2.424765e+01 1230 1.610502e-02
47675 -1.156097e-02 -1.264154e-03 1.117321e-01 -3.075876e-02 2.309482e-04 1.562630e-01 -5.993564e+00 4.667721e-01 1.390259e+01 4139 2.735049e-02
35423 2.168672e-03 -1.177523e-02 1.181661e-01 1.080234e-02 -6.116558e-02 2.505986e-01 1.231967e+00 -7.047674e+00 1.889724e+01 649 6.115385e-03
97762 9.592342e-03 2.158942e-02 2.420950e-01 7.253683e-02 1.253871e-01 1.018994e+00 2.145326e+00 3.537717e+00 2.647890e+01 536 9.672693e-03
23026 -3.153132e-04 -2.386719e-02 2.970444e-01 5.069148e-03 -2.170666e-01 1.755054e+00 6.310388e-02 -2.264225e+00 1.708733e+01 1728 2.736525e-02
60668 3.200897e-03 2.036623e-03 1.793698e-01 1.111511e-01 4.521275e-02 2.454104e+00 1.713764e+00 6.854426e-01 3.611254e+01 766 7.722289e-03
35794 1.278428e-03 -1.058443e-02 3.174124e-01 -1.590322e-02 -2.246543e-02 1.255739e+00 -4.160907e-01 -2.877240e-01 2.272361e+01 1313 1.834113e-02
60687 -6.584403e-03 1.071315e-02 1.291164e-01 -2.591182e-02 3.790677e-02 2.255758e-01 -4.095811e+00 5.762797e+00 2.044142e+01 1684 1.246661e-02
60757 -2.511847e-03 -9.361854e-03 1.182306e-01 -1.114163e-02 -4.182482e-02 2.225163e-01 -1.386374e+00 -5.215174e+00 1.675350e+01 1383 1.115177e-02
35911 -1.340972e-02 8.803447e-03 1.145328e-01 -2.513029e-02 1.831251e-02 1.433917e-01 -4.130529e+00 3.351155e+00 1.017036e+01 751 7.964799e-03
97949 -7.512380e-03 1.048262e-03 1.072858e-01 -3.923777e-02 -7.519237e-03 2.565110e-01 -5.100363e+00 -1.377362e+00 2.399033e+01 593 4.947227e-03
60851 9.935956e-04 8.542574e-03 9.473335e-02 5.059588e-03 3.751582e-02 1.202918e-01 1.702426e+00 1.213106e+01 1.070129e+01 905 6.751512e-03
85871 -1.586793e-03 -1.690274e-02 1.658588e-01 -7.559660e-02 -2.896308e-01 1.581893e+00 -9.805984e-01 -3.613530e+00 1.876185e+01 1799 1.551064e-02
36029 1.574032e-02 1.557305e-03 1.656640e-01 1.511791e-01 7.191825e-03 6.801058e-01 4.053623e+00 1.686387e-01 1.539702e+01 1126 1.258038e-02
98146 7.085918e-03 -5.015883e-03 1.235445e-01 3.078262e-02 -3.849827e-02 2.742674e-01 2.699056e+00 -3.813645e+00 1.716735e+01 1494 1.122997e-02
98163 -2.074728e-02 -1.010691e-02 1.583474e-01 -3.195292e-01 -1.756436e-01 1.142475e+00 -7.705900e+00 -4.269367e+00 2.538168e+01 1775 1.443632e-02
36145 2.082120e-02 -1.689258e-02 3.112115e-01 7.964228e-01 -5.562605e-01 7.480247e+00 3.992352e+00 -2.776357e+00 3.690208e+01 1221 1.382114e-02
23466 1.966624e-02 -9.321513e-03 1.920648e-01 5.665293e-02 -2.745813e-02 3.962108e-01 5.316710e+00 -2.607075e+00 2.934529e+01 2501 1.865082e-02
48588 -1.463820e-02 -1.064238e-03 1.240446e-01 -8.279556e-02 1.850605e-02 3.243367e-01 -4.496680e+00 1.291149e+00 1.321427e+01 2913 2.130060e-02
73520 -6.190441e-03 -2.522895e-03 1.398855e-01 -3.630250e-02 -2.284523e-02 4.495248e-01 -2.079320e+00 -1.403313e+00 2.138144e+01 1072 9.239127e-03
73650 -1.372697e-02 9.242561e-03 2.830226e-01 -5.138832e-01 4.818519e-01 6.399116e+00 -2.357097e+00 2.227276e+00 2.882344e+01 968 1.363304e-02
73739 1.581945e-03 5.127208e-03 1.304471e-01 2.816244e-02 5.719872e-02 7.432281e-01 1.103479e+00 2.161729e+00 2.543937e+01 1378 1.005198e-02
86514 -1.115034e-02 1.627655e-02 1.842630e-01 -2.282866e-01 3.523855e-01 2.131249e+00 -2.788189e+00 4.315886e+00 2.500072e+01 2616 1.954512e-02
61573 -1.004196e-02 2.245211e-02 6.631553e-02 -1.373826e-02 3.121977e-02 6.563028e-02 -1.016146e+01 2.410307e+01 -1.883817e+00 972 6.493868e-03
49005 -2.476622e-02 8.849957e-03 1.849995e-01 -1.308675e-01 1.976263e-02 5.867574e-01 -6.388280e+00 6.570445e-01 2.418955e+01 2257 1.786935e-02
24126 1.450346e-04 -5.418685e-03 1.396311e-01 -3.032025e-03 -4.915195e-02 6.150209e-01 -2.118745e-01 -2.916522e+00 3.170321e+01 1904 1.308556e-02
61805 2.047109e-02 -1.409583e-02 2.174769e-01 2.574119e-01 -2.143845e-01 2.170887e+00 3.297766e+00 -2.787638e+00 2.718776e+01 1434 1.395179e-02
74107 -1.253175e-02 -7.255762e-03 1.127222e-01 -9.207822e-02 -5.721583e-02 2.920873e-01 -9.297717e+00 -5.839538e+00 2.096493e+01 1128 8.219505e-03
99058 -2.428440e-03 -8.163885e-03 1.223449e-01 -1.332932e-02 -6.245242e-02 3.715515e-01 -8.014228e-01 -3.991245e+00 1.832145e+01 1487 1.174378e-02
61977 3.538087e-03 7.408381e-03 1.262726e-01 4.912024e-02 8.157264e-02 7.008411e-01 2.103445e+00 3.422402e+00 2.651418e+01 910 7.656700e-03
74247 6.074783e-03 -2.397711e-03 1.166382e-01 3.500826e-02 -2.340404e-03 2.339717e-01 5.010162e+00 9.923399e-03 2.031764e+01 852 7.179798e-03
49498 -2.135621e-03 5.380568e-03 1.035027e-01 5.147746e-03 6.841744e-02 2.450852e-01 9.988863e-01 8.645270e+00 1.941750e+01 1067 7.366956e-03
62176 -4.630540e-05 -1.228023e-02 1.237949e-01 -7.106431e-03 -6.660197e-02 3.515423e-01 -8.088691e-01 -6.223569e+00 2.609271e+01 758 6.481971e-03
87274 -7.918569e-04 -1.138766e-02 2.342711e-01 9.332214e-02 -2.949807e-01 4.936597e+00 4.230779e-01 -1.274857e+00 2.113873e+01 2214 2.087992e-02
49670 -1.173452e-02 -1.946653e-02 1.584003e-01 -1.098003e-01 -1.425249e-01 7.814645e-01 -2.807341e+00 -3.522809e+00 1.783654e+01 575 8.421706e-03
49676 -5.432980e-03 -8.300042e-03 1.038183e-01 -4.414780e-02 -4.420129e-02 1.916418e-01 -6.984734e+00 -6.477124e+00 1.584466e+01 1416 1.037867e-02
24686 -2.212083e-02 2.019493e-03 1.388115e-01 -4.282459e-02 3.431888e-03 1.930596e-01 -6.551437e+00 4.469343e-01 1.716612e+01 744 8.594682e-03
74563 -2.139151e-02 1.028054e-02 1.733470e-01 -3.275897e-01 1.816709e-01 1.286159e+00 -5.775478e+00 3.232748e+00 2.098974e+01 1091 1.138407e-02
37495 -5.937758e-03 4.514169e-03 1.783140e-01 -5.363198e-02 1.253115e-01 1.500318e+00 -6.608267e-01 1.673706e+00 1.831702e+01 1064 1.210062e-02
62376 2.191731e-02 3.759176e-03 1.471087e-01 2.485567e-01 4.624977e-02 8.267483e-01 4.798707e+00 8.996665e-01 1.439022e+01 2654 2.057222e-02
62424 -1.403959e-02 -9.399447e-03 1.675422e-01 -1.775592e-01 -1.633407e-01 1.705722e+00 -2.119077e+00 -1.994949e+00 1.993352e+01 1447 1.423171e-02
24855 -4.998977e-03 -1.680717e-02 1.997332e-01 -1.116986e-01 -4.139578e-01 2.857890e+00 -8.949792e-01 -3.331236e+00 2.229620e+01 719 1.046963e-02
24879 -7.160316e-03 5.048452e-03 1.196012e-01 -3.598920e-02 2.266953e-02 2.833375e-01 -4.527125e+00 2.767115e+00 2.571223e+01 1827 1.228640e-02
49902 1.571016e-02 -1.889973e-02 2.391826e-01 9.457849e-02 -1.319246e-01 9.732745e-01 2.378403e+00 -3.408449e+00 2.213773e+01 755 1.245171e-02
99746 1.145841e-02 -3.659386e-03 1.145527e-01 4.534926e-02 -1.963281e-02 2.315386e-01 8.154172e+00 -3.843221e+00 2.814693e+01 499 4.382886e-03
