
Currently Loaded Modules:
  1) Anaconda/5.0.1-fasrc02   5) cmake/3.12.1-fasrc01
  2) intel/19.0.5-fasrc01     6) Anaconda3/2019.10
  3) openmpi/4.0.2-fasrc01    7) python/3.7.7-fasrc01
  4) fftw/3.3.8-fasrc01

 

Failed to open connection to "session" message bus: Using X11 for dbus-daemon autolaunch was disabled at compile time, set your DBUS_SESSION_BUS_ADDRESS instead
Error: no DISPLAY environment variable specified
--------------------------------------------------------------------------
Primary job  terminated normally, but 1 process returned
a non-zero exit code. Per user-direction, the job has been aborted.
--------------------------------------------------------------------------
--------------------------------------------------------------------------
mpirun detected that one or more processes exited with non-zero status, thus causing
the job to be terminated. The first process to do so was:

  Process name: [[49001,1],3]
  Exit code:    1
--------------------------------------------------------------------------
 Activating environment at `~/JuliaTest/Project.toml`
ERROR: LoadError: failed process: Process(`mpirun /n/home03/calmiller/programs/sparta/spa -kokkos off`, ProcessExited(1)) [1]

Stacktrace:
 [1] pipeline_error at ./process.jl:525 [inlined]
 [2] run(::Base.CmdRedirect; wait::Bool) at ./process.jl:440
 [3] runsim(::Float64, ::Float64, ::Float64, ::Float64) at /n/home03/calmiller/DSMC_Simulations/5_29_20_cold_guided/RunCells.jl:152
 [4] top-level scope at /n/home03/calmiller/DSMC_Simulations/5_29_20_cold_guided/RunCells.jl:224
 [5] include(::Module, ::String) at ./Base.jl:377
 [6] exec_options(::Base.JLOptions) at ./client.jl:288
 [7] _start() at ./client.jl:484
in expression starting at /n/home03/calmiller/DSMC_Simulations/5_29_20_cold_guided/RunCells.jl:224
