
Currently Loaded Modules:
  1) Anaconda/5.0.1-fasrc02   5) cmake/3.12.1-fasrc01
  2) intel/19.0.5-fasrc01     6) Anaconda3/2019.10
  3) openmpi/4.0.2-fasrc01    7) python/3.7.7-fasrc01
  4) fftw/3.3.8-fasrc01

 

Failed to open connection to "session" message bus: Using X11 for dbus-daemon autolaunch was disabled at compile time, set your DBUS_SESSION_BUS_ADDRESS instead
Error: no DISPLAY environment variable specified
 Activating environment at `~/JuliaTest/Project.toml`
ERROR: LoadError: SystemError: opening file "./flow_4.00000_gap_0.00100_len_0.04000_T1_2.00000_T2_2.00000/run_omega_0.00000_M_191.0.cell": No such file or directory
Stacktrace:
 [1] systemerror(::String, ::Int32; extrainfo::Nothing) at ./error.jl:168
 [2] #systemerror#50 at ./error.jl:167 [inlined]
 [3] systemerror at ./error.jl:167 [inlined]
 [4] open(::String; read::Nothing, write::Nothing, create::Nothing, truncate::Bool, append::Nothing) at ./iostream.jl:254
 [5] open(::String, ::String) at ./iostream.jl:310
 [6] open(::var"#12#14"{Int64,Float64,Array{Float64,1},Float64,Int64,Float64}, ::String, ::Vararg{String,N} where N; kwargs::Base.Iterators.Pairs{Union{},Union{},Tuple{},NamedTuple{(),Tuple{}}}) at ./io.jl:296
 [7] open at ./io.jl:296 [inlined]
 [8] runsim(::Float64, ::Float64, ::Float64, ::Float64) at /n/home03/calmiller/DSMC_Simulations/5_29_20_cold_guided/RunCells.jl:163
 [9] top-level scope at /n/home03/calmiller/DSMC_Simulations/5_29_20_cold_guided/RunCells.jl:224
 [10] include(::Module, ::String) at ./Base.jl:377
 [11] exec_options(::Base.JLOptions) at ./client.jl:288
 [12] _start() at ./client.jl:484
in expression starting at /n/home03/calmiller/DSMC_Simulations/5_29_20_cold_guided/RunCells.jl:224
