loading things...
running....
SPARTA (24 Jan 2020)
Created orthogonal box = (0 0 -0.1) to (0.12 0.03 0.1)
WARNING: Could not acquire nearby ghost cells b/c grid partition is not clumped (../grid.cpp:415)
Created 400 child grid cells
  parent cells = 1
  CPU time = 0.00301821 secs
  create/ghost percent = 85.4435 14.5565
Balance grid migrated 372 cells
  CPU time = 0.00153997 secs
  reassign/sort/migrate/ghost percent = 59.8771 3.11318 19.3597 17.65
Reading surface file ...
  10 points
  10 lines
  0 0.0681 xlo xhi
  0 0.009 ylo yhi
  0 0 zlo zhi
  0.002 min line length
  49 = cells with surfs
  62 = total surfs in all grid cells
  3 = max surfs in one grid cell
  0.333333 = min surf-size/cell-size ratio
  0 0 = number of pushed cells
  49 0 = cells overlapping surfs, overlap cells with unmarked corner pts
  342 9 49 = cells outside/inside/overlapping surfs
  49 = surf cells with 1,2,etc splits
  0.000327138558272347 0.000327138558272347 = cell-wise and global flow volume
  CPU time = 0.00898267 secs
  read/check/sort/surf2grid/ghost/inout/particle percent = 93.1652 1.66428 0.470361 2.68366 2.01647 2.76774 0.0980109
  surf2grid time = 0.000241064 secs
  map/rvous1/rvous2/split percent = 10.0044 0 0 40.2872
1 surfaces in group inlet
Memory usage per proc in Mbytes:
  particles (ave,min,max) = 0 0 0
  grid      (ave,min,max) = 1.51388 1.51388 1.51388
  surf      (ave,min,max) = 0.00102997 0.00102997 0.00102997
  total     (ave,min,max) = 1.51491 1.51491 1.51491
WALL Step CPU Np Natt Ncoll Nscoll Nscheck 
 0.031712222        0            0        0        0        0        0        0 
  0.14451218     1000   0.11275557     3000      946      422       19     2480 
  0.42464422     2000   0.39288751     6000     2799     1148       56     4531 
  0.88397769     3000   0.85222202     9000     4875     2048       62     6088 
   1.5114907     4000    1.4797373    11998     6941     2897       76     7624 
   2.2678902     5000    2.2361356    14994     8936     3707      111     9167 
   3.1522427     6000    3.1204872    17976    10800     4351      100    10491 
   4.1696594     7000    4.1379041    20953    12567     5090      127    11620 
   5.2940252     8000    5.2622735    23905    14227     5759      124    12900 
   6.5064444     9000    6.4746891    26810    15422     6274      146    14259 
   7.7825967    10000    7.7508415    29707    16472     6557      164    15429 
Loop time of 7.7509 on 16 procs for 10000 steps with 29707 particles

MPI task timing breakdown:
Section |  min time  |  avg time  |  max time  |%varavg| %total
---------------------------------------------------------------
Move    | 0.0016775  | 0.32398    | 2.3592     | 113.7 |  4.18
Coll    | 0.00061284 | 0.43196    | 5.0692     | 191.7 |  5.57
Sort    | 0.00087888 | 0.015491   | 0.098671   |  22.9 |  0.20
Comm    | 0.12696    | 0.14825    | 0.16223    |   2.5 |  1.91
Modify  | 0.00052663 | 0.0011755  | 0.0096683  |   6.4 |  0.02
Output  | 0.00043206 | 0.0053335  | 0.0058157  |   1.8 |  0.07
Other   |            | 6.825      |            |       | 88.05

Particle moves    = 149516333 (150M)
Cells touched     = 151545545 (152M)
Particle comms    = 508344 (0.508M)
Boundary collides = 0 (0K)
Boundary exits    = 293 (0.293K)
SurfColl checks   = 87381624 (87.4M)
SurfColl occurs   = 881251 (0.881M)
Surf reactions    = 0 (0K)
Collide attempts  = 85778485 (85.8M)
Collide occurs    = 34895381 (34.9M)
Gas reactions     = 0 (0K)
Particles stuck   = 0

Particle-moves/CPUsec/proc: 1.20564e+06
Particle-moves/step: 14951.6
Cell-touches/particle/step: 1.01357
Particle comm iterations/step: 1.8835
Particle fraction communicated: 0.00339992
Particle fraction colliding with boundary: 0
Particle fraction exiting boundary: 1.95965e-06
Surface-checks/particle/step: 0.584429
Surface-collisions/particle/step: 0.00589401
Surface-reactions/particle/step: 0
Collision-attempts/particle/step: 0.573706
Collisions/particle/step: 0.233388
Gas-reactions/particle/step: 0

Particles: 1856.69 ave 8826 max 0 min
Histogram: 11 1 0 0 0 1 0 1 1 1
Cells:     25 ave 25 max 25 min
Histogram: 16 0 0 0 0 0 0 0 0 0
GhostCell: 27.25 ave 30 max 19 min
Histogram: 4 0 0 0 0 0 0 0 0 12
EmptyCell: 22.25 ave 25 max 14 min
Histogram: 4 0 0 0 0 0 0 0 0 12
Surfs:     10 ave 10 max 10 min
Histogram: 16 0 0 0 0 0 0 0 0 0
GhostSurf: 0 ave 0 max 0 min
Histogram: 16 0 0 0 0 0 0 0 0 0
Adapting grid ...
  436 30 69 = cells outside/inside/overlapping surfs
  69 = surf cells with 1,2,etc splits
  0.000327138558272347 0.000327138558272347 = cell-wise and global flow volume
  45 cells refined, 0 cells coarsened
  adapted to 535 child grid cells, 46 parent cells
  CPU time = 0.0007312 secs
  adapt/redo percent = 68.1217 31.8783
Memory usage per proc in Mbytes:
  particles (ave,min,max) = 1.26562 0 1.6875
  grid      (ave,min,max) = 1.51765 1.51765 1.51765
  surf      (ave,min,max) = 0.00102997 0.00102997 0.00102997
  total     (ave,min,max) = 2.78431 1.51868 3.20618
WALL Step CPU Np Natt Ncoll Nscoll Nscheck 
   7.7898054    10000            0    29707    16472     6557        0        0 
   9.0728003    11000     1.282973    32534    16095     6698      150    10992 
   10.370737    12000    2.5809047    35304    16698     6923      177    11426 
    11.68184    13000    3.8920077    38021    17160     7183      194    11997 
   12.997386    14000     5.207554    40656    17720     7228      160    12434 
   14.319267    15000    6.5294392    43280    18183     7401      180    12909 
   15.624727    16000    7.8348944    45822    18846     7813      184    13344 
   16.948002    17000    9.1581697    48268    19658     8039      194    13964 
   18.295666    18000    10.505833    50678    20610     8241      201    14447 
   19.672973    19000    11.883141    53059    21366     8639      213    14707 
    21.05007    20000    13.260238    55364    22090     8883      218    15123 
Loop time of 13.2603 on 16 procs for 10000 steps with 55364 particles

MPI task timing breakdown:
Section |  min time  |  avg time  |  max time  |%varavg| %total
---------------------------------------------------------------
Move    | 0.0018151  | 0.94752    | 3.7188     | 155.7 |  7.15
Coll    | 0.00058934 | 0.98914    | 9.1228     | 233.3 |  7.46
Sort    | 0.0010654  | 0.052352   | 0.25251    |  37.1 |  0.39
Comm    | 0.14508    | 0.17293    | 0.19878    |   3.7 |  1.30
Modify  | 0.0005276  | 0.0013061  | 0.0084488  |   5.3 |  0.01
Output  | 0.00046457 | 0.008503   | 0.0095537  |   2.5 |  0.06
Other   |            | 11.09      |            |       | 83.62

Particle moves    = 430223119 (430M)
Cells touched     = 440306301 (440M)
Particle comms    = 1401628 (1.4M)
Boundary collides = 0 (0K)
Boundary exits    = 4343 (4.34K)
SurfColl checks   = 128687958 (129M)
SurfColl occurs   = 1842600 (1.84M)
Surf reactions    = 0 (0K)
Collide attempts  = 184628867 (185M)
Collide occurs    = 76017617 (76M)
Gas reactions     = 0 (0K)
Particles stuck   = 0

Particle-moves/CPUsec/proc: 2.02778e+06
Particle-moves/step: 43022.3
Cell-touches/particle/step: 1.02344
Particle comm iterations/step: 2.0067
Particle fraction communicated: 0.00325791
Particle fraction colliding with boundary: 0
Particle fraction exiting boundary: 1.00948e-05
Surface-checks/particle/step: 0.299119
Surface-collisions/particle/step: 0.00428289
Surface-reactions/particle/step: 0
Collision-attempts/particle/step: 0.429147
Collisions/particle/step: 0.176693
Gas-reactions/particle/step: 0

Particles: 3460.25 ave 16283 max 0 min
Histogram: 11 0 1 0 0 1 1 0 1 1
Cells:     33.4375 ave 64 max 25 min
Histogram: 11 0 0 1 0 1 1 0 0 2
GhostCell: 30.8125 ave 49 max 19 min
Histogram: 3 1 0 7 1 1 0 1 0 2
EmptyCell: 24.5 ave 35 max 14 min
Histogram: 4 0 0 0 0 7 1 1 1 2
Surfs:     10 ave 10 max 10 min
Histogram: 16 0 0 0 0 0 0 0 0 0
GhostSurf: 0 ave 0 max 0 min
Histogram: 16 0 0 0 0 0 0 0 0 0
Adapting grid ...
  832 70 104 = cells outside/inside/overlapping surfs
  104 = surf cells with 1,2,etc splits
  0.000327138558272346 0.000327138558272347 = cell-wise and global flow volume
  157 cells refined, 0 cells coarsened
  adapted to 1006 child grid cells, 203 parent cells
  CPU time = 0.00132326 secs
  adapt/redo percent = 68.9155 31.0845
Memory usage per proc in Mbytes:
  particles (ave,min,max) = 1.26562 0 1.6875
  grid      (ave,min,max) = 1.53083 1.53083 1.53083
  surf      (ave,min,max) = 0.00102997 0.00102997 0.00102997
  total     (ave,min,max) = 2.79749 1.53186 3.21936
WALL Step CPU Np Natt Ncoll Nscoll Nscheck 
   21.059772    20000            0    55364    22090     8883        0        0 
   22.293582    21000    1.2337788    57630    19494     8554      217     8765 
   23.411373    22000    2.3515658    59781    19098     8388      227     8807 
   24.475539    23000    3.4157319    61829    19087     8138      222     9230 
   25.592173    24000    4.5323656    63795    19497     8400      216     9464 
   26.776616    25000    5.7168094    65697    19778     8396      220     9665 
   28.023838    26000    6.9640305    67542    20267     8577      220     9605 
   29.326837    27000    8.2670296    69327    20812     8915      237    10106 
   30.673983    28000    9.6141758    71023    21553     8882      244    10145 
   32.084305    29000    11.024498    72699    22074     9201      238    10413 
   33.538025    30000    12.478218    74362    22854     9706      254    10666 
Loop time of 12.4783 on 16 procs for 10000 steps with 74362 particles

MPI task timing breakdown:
Section |  min time  |  avg time  |  max time  |%varavg| %total
---------------------------------------------------------------
Move    | 0.001795   | 1.3952     | 6.8738     | 196.4 | 11.18
Coll    | 0.00058801 | 1.2081     | 6.5436     | 188.1 |  9.68
Sort    | 0.001051   | 0.094593   | 0.55725    |  56.2 |  0.76
Comm    | 0.15033    | 0.18127    | 0.22219    |   4.8 |  1.45
Modify  | 0.00051801 | 0.0013783  | 0.0088206  |   5.4 |  0.01
Output  | 0.00050029 | 0.0054677  | 0.0067675  |   2.9 |  0.04
Other   |            | 9.592      |            |       | 76.87

Particle moves    = 654291826 (654M)
Cells touched     = 685049001 (685M)
Particle comms    = 2050580 (2.05M)
Boundary collides = 0 (0K)
Boundary exits    = 11002 (11K)
SurfColl checks   = 96129545 (96.1M)
SurfColl occurs   = 2324944 (2.32M)
Surf reactions    = 0 (0K)
Collide attempts  = 202697743 (203M)
Collide occurs    = 86991567 (87M)
Gas reactions     = 0 (0K)
Particles stuck   = 0

Particle-moves/CPUsec/proc: 3.27715e+06
Particle-moves/step: 65429.2
Cell-touches/particle/step: 1.04701
Particle comm iterations/step: 2.0093
Particle fraction communicated: 0.00313404
Particle fraction colliding with boundary: 0
Particle fraction exiting boundary: 1.68151e-05
Surface-checks/particle/step: 0.146922
Surface-collisions/particle/step: 0.00355337
Surface-reactions/particle/step: 0
Collision-attempts/particle/step: 0.309797
Collisions/particle/step: 0.132955
Gas-reactions/particle/step: 0

Particles: 4647.62 ave 24161 max 0 min
Histogram: 11 0 1 1 0 1 0 0 0 2
Cells:     62.875 ave 202 max 25 min
Histogram: 11 0 1 0 0 1 1 0 0 2
GhostCell: 40.1875 ave 97 max 19 min
Histogram: 3 7 1 1 1 1 0 0 1 1
EmptyCell: 28.4375 ave 53 max 14 min
Histogram: 3 1 7 1 0 0 1 1 0 2
Surfs:     10 ave 10 max 10 min
Histogram: 16 0 0 0 0 0 0 0 0 0
GhostSurf: 0 ave 0 max 0 min
Histogram: 16 0 0 0 0 0 0 0 0 0
Adapting grid ...
  2334 129 169 = cells outside/inside/overlapping surfs
  169 = surf cells with 1,2,etc splits
  0.000327138558272346 0.000327138558272347 = cell-wise and global flow volume
  542 cells refined, 0 cells coarsened
  adapted to 2632 child grid cells, 745 parent cells
  CPU time = 0.00270346 secs
  adapt/redo percent = 62.6184 37.3816
Memory usage per proc in Mbytes:
  particles (ave,min,max) = 1.47656 0 3.375
  grid      (ave,min,max) = 1.57632 1.57632 1.57632
  surf      (ave,min,max) = 0.00102997 0.00102997 0.00102997
  total     (ave,min,max) = 3.05391 1.57735 4.95235
WALL Step CPU Np Natt Ncoll Nscoll Nscheck 
   33.544849    30000            0    74362    22854     9706        0        0 
   35.066982    31000     1.522107    75974    20723     9556      251     6408 
   36.691046    32000    3.1461662    77416    21129     9576      232     6377 
   38.359994    33000    4.8151152    78900    21838     9913      257     6493 
   40.081283    34000    6.5364035    80358    22326     9975      263     6576 
   41.839027    35000    8.2941471    81558    22881    10161      226     6583 
   43.650385    36000    10.105506    82782    23482    10394      248     6780 
   45.516047    37000    11.971168    84007    24103    10493      276     6945 
   47.423544    38000    13.878664    85236    24738    10812      266     6924 
    49.36482    39000    15.819941    86401    25357    11081      250     6993 
   51.346105    40000    17.801226    87439    25984    11445      282     7218 
Loop time of 17.8018 on 16 procs for 10000 steps with 87439 particles

MPI task timing breakdown:
Section |  min time  |  avg time  |  max time  |%varavg| %total
---------------------------------------------------------------
Move    | 0.0018133  | 1.7999     | 9.5366     | 234.1 | 10.11
Coll    | 0.00058599 | 1.4847     | 7.1338     | 202.7 |  8.34
Sort    | 0.0010542  | 0.13386    | 0.82555    |  70.7 |  0.75
Comm    | 0.1586     | 0.18901    | 0.23583    |   5.1 |  1.06
Modify  | 0.00052113 | 0.0014644  | 0.0092061  |   5.4 |  0.01
Output  | 0.00021492 | 0.0067023  | 0.0083266  |   3.3 |  0.04
Other   |            | 14.19      |            |       | 79.69

Particle moves    = 813605310 (814M)
Cells touched     = 889694226 (890M)
Particle comms    = 2503866 (2.5M)
Boundary collides = 0 (0K)
Boundary exits    = 16923 (16.9K)
SurfColl checks   = 67066804 (67.1M)
SurfColl occurs   = 2637921 (2.64M)
Surf reactions    = 0 (0K)
Collide attempts  = 229484464 (229M)
Collide occurs    = 102571970 (103M)
Gas reactions     = 0 (0K)
Particles stuck   = 0

Particle-moves/CPUsec/proc: 2.85648e+06
Particle-moves/step: 81360.5
Cell-touches/particle/step: 1.09352
Particle comm iterations/step: 2.0154
Particle fraction communicated: 0.00307749
Particle fraction colliding with boundary: 0
Particle fraction exiting boundary: 2.08e-05
Surface-checks/particle/step: 0.0824316
Surface-collisions/particle/step: 0.00324226
Surface-reactions/particle/step: 0
Collision-attempts/particle/step: 0.282059
Collisions/particle/step: 0.126071
Gas-reactions/particle/step: 0

Particles: 5464.94 ave 29857 max 0 min
Histogram: 11 0 2 0 1 0 0 0 0 2
Cells:     164.5 ave 682 max 25 min
Histogram: 11 0 1 0 1 0 1 0 0 2
GhostCell: 65.4375 ave 225 max 19 min
Histogram: 10 1 1 1 1 0 0 0 0 2
EmptyCell: 36.625 ave 85 max 14 min
Histogram: 3 7 1 1 0 0 1 1 0 2
Surfs:     10 ave 10 max 10 min
Histogram: 16 0 0 0 0 0 0 0 0 0
GhostSurf: 0 ave 0 max 0 min
Histogram: 16 0 0 0 0 0 0 0 0 0
Adapting grid ...
  7222 147 279 = cells outside/inside/overlapping surfs
  279 = surf cells with 1,2,etc splits
  0.000327138558272346 0.000327138558272347 = cell-wise and global flow volume
  1672 cells refined, 0 cells coarsened
  adapted to 7648 child grid cells, 2417 parent cells
  CPU time = 0.00636323 secs
  adapt/redo percent = 48.6752 51.3248
Memory usage per proc in Mbytes:
  particles (ave,min,max) = 1.47656 0 3.375
  grid      (ave,min,max) = 1.71664 1.71664 1.71664
  surf      (ave,min,max) = 0.00102997 0.00102997 0.00102997
  total     (ave,min,max) = 3.19423 1.71767 5.09267
WALL Step CPU Np Natt Ncoll Nscoll Nscheck 
   51.361038    40000            0    87439    25984    11445        0        0 
   53.502466    41000    2.1413952    88469    23391    11398      267     3317 
    55.72355    42000    4.3624792    89481    24197    11583      305     3443 
   57.998033    43000    6.6369677    90437    24924    11583      315     3565 
   60.311137    44000    8.9500667    91361    25435    11737      286     3499 
   62.662169    45000    11.301098    92232    26051    11971      289     3334 
   65.053646    46000    13.692576    93163    26654    12139      286     3456 
     67.4785    47000     16.11743    94017    27073    12344      309     3481 
   69.928042    48000    18.566971    94784    27733    12541      302     3462 
   72.383971    49000    21.022901    95583    28241    12787      275     3502 
   74.882558    50000    23.521487    96322    28705    12982      302     3581 
Loop time of 23.5223 on 16 procs for 10000 steps with 96322 particles

MPI task timing breakdown:
Section |  min time  |  avg time  |  max time  |%varavg| %total
---------------------------------------------------------------
Move    | 0.0018135  | 2.2765     | 12.614     | 271.9 |  9.68
Coll    | 0.0005969  | 1.7926     | 9.4761     | 232.1 |  7.62
Sort    | 0.0010496  | 0.17819    | 1.1077     |  82.7 |  0.76
Comm    | 0.16368    | 0.19844    | 0.25659    |   6.1 |  0.84
Modify  | 0.00054174 | 0.0015326  | 0.0099055  |   5.7 |  0.01
Output  | 0.00021279 | 0.008956   | 0.010929   |   3.7 |  0.04
Other   |            | 19.07      |            |       | 81.06

Particle moves    = 921411705 (921M)
Cells touched     = 1090755789 (1.09B)
Particle comms    = 2809948 (2.81M)
Boundary collides = 0 (0K)
Boundary exits    = 21117 (21.1K)
SurfColl checks   = 34536882 (34.5M)
SurfColl occurs   = 2872896 (2.87M)
Surf reactions    = 0 (0K)
Collide attempts  = 258597799 (259M)
Collide occurs    = 119967474 (120M)
Gas reactions     = 0 (0K)
Particles stuck   = 0

Particle-moves/CPUsec/proc: 2.44824e+06
Particle-moves/step: 92141.2
Cell-touches/particle/step: 1.18379
Particle comm iterations/step: 2.0143
Particle fraction communicated: 0.00304961
Particle fraction colliding with boundary: 0
Particle fraction exiting boundary: 2.29181e-05
Surface-checks/particle/step: 0.0374826
Surface-collisions/particle/step: 0.00311793
Surface-reactions/particle/step: 0
Collision-attempts/particle/step: 0.280654
Collisions/particle/step: 0.1302
Gas-reactions/particle/step: 0

Particles: 6020.12 ave 33448 max 0 min
Histogram: 11 1 1 0 1 0 0 0 0 2
Cells:     478 ave 2368 max 25 min
Histogram: 11 0 2 0 0 1 0 0 0 2
GhostCell: 134.188 ave 650 max 19 min
Histogram: 11 1 0 2 0 0 0 0 1 1
EmptyCell: 49.6875 ave 139 max 14 min
Histogram: 7 4 1 0 0 0 1 1 0 2
Surfs:     10 ave 10 max 10 min
Histogram: 16 0 0 0 0 0 0 0 0 0
GhostSurf: 0 ave 0 max 0 min
Histogram: 16 0 0 0 0 0 0 0 0 0
Adapting grid ...
  13894 147 339 = cells outside/inside/overlapping surfs
  339 = surf cells with 1,2,etc splits
  0.000327138558272347 0.000327138558272347 = cell-wise and global flow volume
  2244 cells refined, 0 cells coarsened
  adapted to 14380 child grid cells, 4661 parent cells
  CPU time = 0.0115007 secs
  adapt/redo percent = 34.6908 65.3092
Memory usage per proc in Mbytes:
  particles (ave,min,max) = 1.6875 0 5.0625
  grid      (ave,min,max) = 1.90496 1.90496 1.90496
  surf      (ave,min,max) = 0.00102997 0.00102997 0.00102997
  total     (ave,min,max) = 3.59349 1.90599 6.96849
WALL Step CPU Np Natt Ncoll Nscoll Nscheck 
   74.898531    50000            0    96322    28705    12982        0        0 
   77.735755    51000    2.8371912    97074    26298    12950      290     2761 
   80.609532    52000    5.7109684    97817    27355    13042      293     2817 
   83.563299    53000    8.6647353    98485    27899    13041      326     3032 
   86.537145    54000    11.638582    99114    28698    13505      337     2904 
   89.534294    55000     14.63573    99746    29101    13417      281     2859 
    92.54198    56000    17.643417   100400    29766    13874      314     2957 
   95.591668    57000    20.693104   100990    30319    14212      335     3057 
   98.665893    58000     23.76733   101578    30937    14230      302     2935 
   101.74438    59000    26.845817   102139    31191    14364      295     3006 
   104.88335    60000    29.984782   102701    31624    14370      330     2994 
Loop time of 29.9858 on 16 procs for 10000 steps with 102701 particles

MPI task timing breakdown:
Section |  min time  |  avg time  |  max time  |%varavg| %total
---------------------------------------------------------------
Move    | 0.0018194  | 2.9518     | 16.868     | 318.0 |  9.84
Coll    | 0.00059574 | 2.1132     | 11.416     | 256.7 |  7.05
Sort    | 0.0010458  | 0.21926    | 1.3681     |  92.0 |  0.73
Comm    | 0.16694    | 0.20262    | 0.26398    |   6.3 |  0.68
Modify  | 0.00053129 | 0.0016045  | 0.010701   |   6.1 |  0.01
Output  | 0.0002086  | 0.010724   | 0.013057   |   4.0 |  0.04
Other   |            | 24.49      |            |       | 81.66

Particle moves    = 996893772 (997M)
Cells touched     = 1263982696 (1.26B)
Particle comms    = 3028175 (3.03M)
Boundary collides = 0 (0K)
Boundary exits    = 23621 (23.6K)
SurfColl checks   = 29246241 (29.2M)
SurfColl occurs   = 3058367 (3.06M)
Surf reactions    = 0 (0K)
Collide attempts  = 289340092 (289M)
Collide occurs    = 136656381 (137M)
Gas reactions     = 0 (0K)
Particles stuck   = 0

Particle-moves/CPUsec/proc: 2.07784e+06
Particle-moves/step: 99689.4
Cell-touches/particle/step: 1.26792
Particle comm iterations/step: 2.0172
Particle fraction communicated: 0.00303761
Particle fraction colliding with boundary: 0
Particle fraction exiting boundary: 2.36946e-05
Surface-checks/particle/step: 0.0293374
Surface-collisions/particle/step: 0.0030679
Surface-reactions/particle/step: 0
Collision-attempts/particle/step: 0.290242
Collisions/particle/step: 0.137082
Gas-reactions/particle/step: 0

Particles: 6418.81 ave 35847 max 0 min
Histogram: 11 1 1 0 1 0 0 0 0 2
Cells:     898.75 ave 4915 max 25 min
Histogram: 11 1 1 0 1 0 0 0 0 2
GhostCell: 213.875 ave 1283 max 19 min
Histogram: 11 1 2 0 0 0 0 1 0 1
EmptyCell: 58.6875 ave 181 max 14 min
Histogram: 7 5 0 0 0 1 1 0 0 2
Surfs:     10 ave 10 max 10 min
Histogram: 16 0 0 0 0 0 0 0 0 0
GhostSurf: 0 ave 0 max 0 min
Histogram: 16 0 0 0 0 0 0 0 0 0
Adapting grid ...
  16698 157 375 = cells outside/inside/overlapping surfs
  375 = surf cells with 1,2,etc splits
  0.000327138558272347 0.000327138558272347 = cell-wise and global flow volume
  950 cells refined, 0 cells coarsened
  adapted to 17230 child grid cells, 5611 parent cells
  CPU time = 0.0123717 secs
  adapt/redo percent = 24.6778 75.3222
Memory usage per proc in Mbytes:
  particles (ave,min,max) = 1.79297 0 5.0625
  grid      (ave,min,max) = 1.98469 1.98469 1.98469
  surf      (ave,min,max) = 0.00102997 0.00102997 0.00102997
  total     (ave,min,max) = 3.77869 1.98572 7.04822
WALL Step CPU Np Natt Ncoll Nscoll Nscheck 
   104.90268    60000            0   102701    31624    14370        0        0 
   108.03178    61000    3.1290582   103224    29133    14617      309     2653 
   111.21906    62000    6.3163341   103759    30407    14669      309     2535 
   114.48266    63000    9.5799326   104265    31027    14745      321     2571 
   117.74424    64000    12.841515   104785    31667    15105      330     2656 
   121.02806    65000    16.125335   105292    31976    14955      325     2645 
   124.35348    66000    19.450762   105678    32633    15234      329     2605 
    127.7133    67000     22.81058   106084    32854    15265      302     2614 
   131.05811    68000    26.155388   106499    33381    15394      298     2604 
   134.43449    69000    29.531766   106911    33670    15469      336     2680 
   137.82518    70000    32.922458   107236    34000    15550      323     2679 
Loop time of 32.9236 on 16 procs for 10000 steps with 107236 particles

MPI task timing breakdown:
Section |  min time  |  avg time  |  max time  |%varavg| %total
---------------------------------------------------------------
Move    | 0.0018272  | 3.1861     | 18.239     | 331.9 |  9.68
Coll    | 0.00059789 | 2.3397     | 12.839     | 273.0 |  7.11
Sort    | 0.0010336  | 0.2418     | 1.51       |  96.9 |  0.73
Comm    | 0.16896    | 0.20515    | 0.26692    |   6.4 |  0.62
Modify  | 0.00054857 | 0.0016487  | 0.010922   |   6.1 |  0.01
Output  | 0.00021991 | 0.012095   | 0.014677   |   4.3 |  0.04
Other   |            | 26.94      |            |       | 81.82

Particle moves    = 1051527661 (1.05B)
Cells touched     = 1365491450 (1.37B)
Particle comms    = 3189259 (3.19M)
Boundary collides = 0 (0K)
Boundary exits    = 25465 (25.5K)
SurfColl checks   = 26398042 (26.4M)
SurfColl occurs   = 3197770 (3.2M)
Surf reactions    = 0 (0K)
Collide attempts  = 316312787 (316M)
Collide occurs    = 150153067 (150M)
Gas reactions     = 0 (0K)
Particles stuck   = 0

Particle-moves/CPUsec/proc: 1.99615e+06
Particle-moves/step: 105153
Cell-touches/particle/step: 1.29858
Particle comm iterations/step: 2.0191
Particle fraction communicated: 0.00303298
Particle fraction colliding with boundary: 0
Particle fraction exiting boundary: 2.42171e-05
Surface-checks/particle/step: 0.0251045
Surface-collisions/particle/step: 0.00304107
Surface-reactions/particle/step: 0
Collision-attempts/particle/step: 0.300813
Collisions/particle/step: 0.142795
Gas-reactions/particle/step: 0

Particles: 6702.25 ave 37501 max 0 min
Histogram: 11 1 1 0 1 0 0 0 0 2
Cells:     1076.88 ave 5881 max 25 min
Histogram: 11 1 1 0 1 0 0 0 0 2
GhostCell: 249.312 ave 1489 max 19 min
Histogram: 11 2 1 0 0 0 0 0 1 1
EmptyCell: 63.375 ave 203 max 14 min
Histogram: 7 5 0 0 0 1 1 0 0 2
Surfs:     10 ave 10 max 10 min
Histogram: 16 0 0 0 0 0 0 0 0 0
GhostSurf: 0 ave 0 max 0 min
Histogram: 16 0 0 0 0 0 0 0 0 0
Adapting grid ...
  18081 159 388 = cells outside/inside/overlapping surfs
  388 = surf cells with 1,2,etc splits
  0.000327138558272347 0.000327138558272347 = cell-wise and global flow volume
  466 cells refined, 0 cells coarsened
  adapted to 18628 child grid cells, 6077 parent cells
  CPU time = 0.01313 secs
  adapt/redo percent = 22.1595 77.8405
Memory usage per proc in Mbytes:
  particles (ave,min,max) = 1.89844 0 5.0625
  grid      (ave,min,max) = 2.0238 2.0238 2.0238
  surf      (ave,min,max) = 0.00102997 0.00102997 0.00102997
  total     (ave,min,max) = 3.92326 2.02483 7.08733
WALL Step CPU Np Natt Ncoll Nscoll Nscheck 
   137.84533    70000            0   107236    34000    15550        0        0 
    141.1829    71000    3.3375407   107702    31450    15557      320     2543 
   144.58935    72000     6.743986   108005    32347    15664      323     2562 
   148.04162    73000    10.196258   108437    33143    15823      322     2513 
   151.50319    74000    13.657827   108781    33514    15954      338     2543 
   154.99054    75000    17.145179   109074    33974    15804      332     2551 
   158.46592    76000    20.620553   109395    34478    16165      293     2470 
    161.9939    77000    24.148534   109670    34690    16144      343     2650 
   165.53792    78000    27.692554   109957    35187    16376      368     2559 
   169.07741    79000    31.232046   110253    35465    16131      317     2532 
   172.65554    80000    34.810175   110613    35742    16327      340     2624 
Loop time of 34.8114 on 16 procs for 10000 steps with 110613 particles

MPI task timing breakdown:
Section |  min time  |  avg time  |  max time  |%varavg| %total
---------------------------------------------------------------
Move    | 0.0018334  | 3.3343     | 19.116     | 340.6 |  9.58
Coll    | 0.0006     | 2.4908     | 13.763     | 283.7 |  7.16
Sort    | 0.0010393  | 0.25553    | 1.5895     |  99.8 |  0.73
Comm    | 0.17166    | 0.2083     | 0.2714     |   6.6 |  0.60
Modify  | 0.00053249 | 0.0016677  | 0.011123   |   6.2 |  0.00
Output  | 0.00030168 | 0.012994   | 0.015748   |   4.4 |  0.04
Other   |            | 28.51      |            |       | 81.89

Particle moves    = 1090222267 (1.09B)
Cells touched     = 1429195182 (1.43B)
Particle comms    = 3299986 (3.3M)
Boundary collides = 0 (0K)
Boundary exits    = 26623 (26.6K)
SurfColl checks   = 25477720 (25.5M)
SurfColl occurs   = 3284959 (3.28M)
Surf reactions    = 0 (0K)
Collide attempts  = 336416786 (336M)
Collide occurs    = 159918354 (160M)
Gas reactions     = 0 (0K)
Particles stuck   = 0

Particle-moves/CPUsec/proc: 1.95737e+06
Particle-moves/step: 109022
Cell-touches/particle/step: 1.31092
Particle comm iterations/step: 2.019
Particle fraction communicated: 0.00302689
Particle fraction colliding with boundary: 0
Particle fraction exiting boundary: 2.44198e-05
Surface-checks/particle/step: 0.0233693
Surface-collisions/particle/step: 0.00301311
Surface-reactions/particle/step: 0
Collision-attempts/particle/step: 0.308576
Collisions/particle/step: 0.146684
Gas-reactions/particle/step: 0

Particles: 6913.31 ave 38751 max 0 min
Histogram: 11 1 1 0 1 0 0 0 0 2
Cells:     1164.25 ave 6328 max 25 min
Histogram: 11 1 1 0 1 0 0 0 0 2
GhostCell: 266.75 ave 1526 max 19 min
Histogram: 11 2 1 0 0 0 0 0 0 2
EmptyCell: 65.625 ave 210 max 14 min
Histogram: 7 5 0 0 0 0 2 0 0 2
Surfs:     10 ave 10 max 10 min
Histogram: 16 0 0 0 0 0 0 0 0 0
GhostSurf: 0 ave 0 max 0 min
Histogram: 16 0 0 0 0 0 0 0 0 0
Adapting grid ...
  19080 162 394 = cells outside/inside/overlapping surfs
  394 = surf cells with 1,2,etc splits
  0.000327138558272347 0.000327138558272347 = cell-wise and global flow volume
  336 cells refined, 0 cells coarsened
  adapted to 19636 child grid cells, 6413 parent cells
  CPU time = 0.0137132 secs
  adapt/redo percent = 21.8434 78.1566
Memory usage per proc in Mbytes:
  particles (ave,min,max) = 1.89844 0 5.0625
  grid      (ave,min,max) = 2.05199 2.05199 2.05199
  surf      (ave,min,max) = 0.00102997 0.00102997 0.00102997
  total     (ave,min,max) = 3.95146 2.05302 7.11552
WALL Step CPU Np Natt Ncoll Nscoll Nscheck 
   172.67701    80000            0   110613    35742    16327        0        0 
   176.18856    81000    3.5115187   110923    33098    16614      318     2517 
   179.79731    82000    7.1202706   111121    34164    16535      350     2590 
   183.38735    83000    10.710312   111403    34696    16693      334     2645 
   187.01904    84000    14.342006   111625    35125    16664      355     2586 
    190.6617    85000    17.984657   111850    35705    16977      346     2511 
   194.31531    86000    21.638272   112126    36141    16798      315     2513 
   197.98379    87000    25.306754   112280    36251    16828      326     2578 
   201.68788    88000    29.010839   112472    36642    16886      346     2643 
   205.36613    89000    32.689096   112667    36852    16935      328     2587 
   209.07126    90000    36.394223   112876    37193    17069      343     2553 
Loop time of 36.3955 on 16 procs for 10000 steps with 112876 particles

MPI task timing breakdown:
Section |  min time  |  avg time  |  max time  |%varavg| %total
---------------------------------------------------------------
Move    | 0.0018405  | 3.4472     | 19.855     | 347.0 |  9.47
Coll    | 0.00059457 | 2.6085     | 14.538     | 291.5 |  7.17
Sort    | 0.0010419  | 0.2662     | 1.6622     | 102.0 |  0.73
Comm    | 0.1715     | 0.20852    | 0.27117    |   6.6 |  0.57
Modify  | 0.00053269 | 0.0016787  | 0.011152   |   6.2 |  0.00
Output  | 0.00021084 | 0.013593   | 0.016465   |   4.5 |  0.04
Other   |            | 29.85      |            |       | 82.02

Particle moves    = 1118225251 (1.12B)
Cells touched     = 1475137074 (1.48B)
Particle comms    = 3381077 (3.38M)
Boundary collides = 0 (0K)
Boundary exits    = 27737 (27.7K)
SurfColl checks   = 25540280 (25.5M)
SurfColl occurs   = 3359512 (3.36M)
Surf reactions    = 0 (0K)
Collide attempts  = 352149207 (352M)
Collide occurs    = 167565572 (168M)
Gas reactions     = 0 (0K)
Particles stuck   = 0

Particle-moves/CPUsec/proc: 1.92027e+06
Particle-moves/step: 111823
Cell-touches/particle/step: 1.31918
Particle comm iterations/step: 2.0188
Particle fraction communicated: 0.00302361
Particle fraction colliding with boundary: 0
Particle fraction exiting boundary: 2.48045e-05
Surface-checks/particle/step: 0.02284
Surface-collisions/particle/step: 0.00300432
Surface-reactions/particle/step: 0
Collision-attempts/particle/step: 0.314918
Collisions/particle/step: 0.14985
Gas-reactions/particle/step: 0

Particles: 7054.75 ave 39514 max 0 min
Histogram: 11 1 1 0 1 0 0 0 0 2
Cells:     1227.25 ave 6646 max 25 min
Histogram: 11 1 1 0 1 0 0 0 0 2
GhostCell: 279.25 ave 1576 max 19 min
Histogram: 11 2 1 0 0 0 0 0 0 2
EmptyCell: 67.4375 ave 215 max 14 min
Histogram: 7 5 0 0 0 0 2 0 0 2
Surfs:     10 ave 10 max 10 min
Histogram: 16 0 0 0 0 0 0 0 0 0
GhostSurf: 0 ave 0 max 0 min
Histogram: 16 0 0 0 0 0 0 0 0 0
Adapting grid ...
  19878 164 395 = cells outside/inside/overlapping surfs
  395 = surf cells with 1,2,etc splits
  0.000327138558272347 0.000327138558272347 = cell-wise and global flow volume
  267 cells refined, 0 cells coarsened
  adapted to 20437 child grid cells, 6680 parent cells
  CPU time = 0.0152156 secs
  adapt/redo percent = 20.3076 79.6924
Memory usage per proc in Mbytes:
  particles (ave,min,max) = 1.89844 0 5.0625
  grid      (ave,min,max) = 2.19159 2.0744 3.0119
  surf      (ave,min,max) = 0.00102997 0.00102997 0.00102997
  total     (ave,min,max) = 4.09106 2.07543 8.07543
WALL Step CPU Np Natt Ncoll Nscoll Nscheck 
   209.09347    90000            0   112876    37193    17069        0        0 
    212.7067    91000    3.6131918   113003    34153    17264      324     2491 
   216.36867    92000    7.2751636   113180    34994    17177      342     2647 
   220.06838    93000    10.974876   113227    35906    17096      343     2648 
   223.78368    94000    14.690168   113346    36255    17153      327     2543 
   227.55333    95000    18.459818   113598    36574    17272      338     2628 
   231.31696    96000     22.22345   113842    37211    17290      355     2647 
   235.08966    97000    25.996153   113912    37455    17511      339     2660 
   238.87155    98000    29.778041   114101    37751    17422      310     2466 
   242.67814    99000    33.584627   114333    37979    17583      345     2602 
   246.47182   100000    37.378307   114521    37978    17615      348     2676 
Loop time of 37.3797 on 16 procs for 10000 steps with 114521 particles

MPI task timing breakdown:
Section |  min time  |  avg time  |  max time  |%varavg| %total
---------------------------------------------------------------
Move    | 0.0018403  | 3.5253     | 20.317     | 351.0 |  9.43
Coll    | 0.00059782 | 2.6888     | 15.015     | 296.1 |  7.19
Sort    | 0.0010483  | 0.2734     | 1.7056     | 103.3 |  0.73
Comm    | 0.17233    | 0.20924    | 0.27276    |   6.6 |  0.56
Modify  | 0.0005343  | 0.0016635  | 0.011134   |   6.2 |  0.00
Output  | 0.0002142  | 0.014032   | 0.016996   |   4.6 |  0.04
Other   |            | 30.67      |            |       | 82.04

Particle moves    = 1136265642 (1.14B)
Cells touched     = 1505513971 (1.51B)
Particle comms    = 3436098 (3.44M)
Boundary collides = 0 (0K)
Boundary exits    = 28355 (28.4K)
SurfColl checks   = 25915383 (25.9M)
SurfColl occurs   = 3410740 (3.41M)
Surf reactions    = 0 (0K)
Collide attempts  = 362761503 (363M)
Collide occurs    = 172769346 (173M)
Gas reactions     = 0 (0K)
Particles stuck   = 0

Particle-moves/CPUsec/proc: 1.89987e+06
Particle-moves/step: 113627
Cell-touches/particle/step: 1.32497
Particle comm iterations/step: 2.0191
Particle fraction communicated: 0.00302403
Particle fraction colliding with boundary: 0
Particle fraction exiting boundary: 2.49546e-05
Surface-checks/particle/step: 0.0228075
Surface-collisions/particle/step: 0.00300171
Surface-reactions/particle/step: 0
Collision-attempts/particle/step: 0.319258
Collisions/particle/step: 0.15205
Gas-reactions/particle/step: 0

Particles: 7157.56 ave 40227 max 0 min
Histogram: 11 1 1 0 1 0 0 0 0 2
Cells:     1277.31 ave 6889 max 25 min
Histogram: 11 1 1 0 1 0 0 0 0 2
GhostCell: 290.75 ave 1627 max 19 min
Histogram: 11 2 1 0 0 0 0 0 0 2
EmptyCell: 69.375 ave 224 max 14 min
Histogram: 7 5 0 0 0 0 2 0 0 2
Surfs:     10 ave 10 max 10 min
Histogram: 16 0 0 0 0 0 0 0 0 0
GhostSurf: 0 ave 0 max 0 min
Histogram: 16 0 0 0 0 0 0 0 0 0
Adapting grid ...
  20432 164 396 = cells outside/inside/overlapping surfs
  396 = surf cells with 1,2,etc splits
  0.000327138558272347 0.000327138558272347 = cell-wise and global flow volume
  185 cells refined, 0 cells coarsened
  adapted to 20992 child grid cells, 6865 parent cells
  CPU time = 0.0148003 secs
  adapt/redo percent = 21.835 78.165
Memory usage per proc in Mbytes:
  particles (ave,min,max) = 1.89844 0 5.0625
  grid      (ave,min,max) = 2.20712 2.08993 3.02743
  surf      (ave,min,max) = 0.00102997 0.00102997 0.00102997
  total     (ave,min,max) = 4.10658 2.09096 8.09096
WALL Step CPU Np Natt Ncoll Nscoll Nscheck 
   246.49407   100000            0   114521    37978    17615        0        0 
    250.2204   101000    3.7263086   114602    34838    17463      341     2603 
   253.98598   102000    7.4918867   114737    36194    17745      331     2540 
   257.78344   103000    11.289339   114807    36654    17488      333     2580 
   261.57986   104000    15.085764   114929    37108    17551      375     2676 
     265.399   105000    18.904907   115088    37483    17661      354     2582 
   269.21663   106000    22.722535   115225    38045    17732      353     2627 
   273.07517   107000    26.581072   115313    38057    17716      323     2588 
   276.94927   108000    30.455178   115375    38347    17716      348     2689 
