/n/home03/calmiller/DSMC_Simulations/5_25_20_cold_second_stage/flow_2.000_gap_0.00100_len_0.000/data
running....
idx x y z xnext ynext znext vx vy vz collides time
62506 2.988468e-03 -7.365484e-03 8.724206e-02 1.939825e-02 -3.851162e-02 1.470183e-01 4.378589e+00 -8.310660e+00 1.594997e+01 1033 7.527670e-03
50080 4.512582e-03 1.539241e-03 9.545591e-02 5.662456e-02 3.689975e-02 3.583827e-01 5.516138e+00 3.742968e+00 2.783123e+01 1057 6.224146e-03
87581 4.624863e-03 3.282964e-03 9.213806e-02 3.148999e-02 -1.554834e-03 2.588801e-01 2.825786e+00 -5.088598e-01 1.753862e+01 568 4.006824e-03
62606 -7.579121e-03 1.045898e-03 9.833452e-02 -4.626902e-02 4.692920e-06 2.592162e-01 -5.831153e+00 -1.569253e-01 2.424730e+01 2758 1.986968e-02
75112 -8.305794e-03 -7.819395e-03 1.196111e-01 -3.656103e-02 -2.661720e-02 2.696281e-01 -2.971613e+00 -1.976972e+00 1.577734e+01 680 6.841995e-03
87784 -7.152266e-03 1.532211e-02 1.040053e-01 -3.690970e-02 9.851657e-02 2.479084e-01 -3.378289e+00 9.444867e+00 1.633698e+01 1095 8.117625e-03
627 -2.402848e-03 1.598092e-02 1.044343e-01 -2.468671e-02 1.023014e-01 2.843698e-01 -2.049084e+00 7.937490e+00 1.654573e+01 2250 1.784756e-02
25561 -5.748172e-03 -3.626827e-04 1.007998e-01 -4.933424e-02 1.018633e-02 3.138858e-01 -2.710600e+00 6.560386e-01 1.325173e+01 2341 1.726966e-02
13048 1.343937e-02 1.727852e-02 1.181366e-01 3.219497e-01 3.052351e-01 1.222353e+00 2.448482e+00 2.285357e+00 8.763575e+00 704 1.062705e-02
50575 -9.248626e-03 -5.018772e-03 2.043298e-01 -2.968010e-01 -1.554316e-01 4.384611e+00 -2.025840e+00 -1.059676e+00 2.945057e+01 604 7.691671e-03
75588 -1.632672e-03 -7.087723e-03 1.018164e-01 1.951181e-03 -8.774048e-02 3.461077e-01 1.295691e-01 -2.915885e+00 8.832001e+00 1520 1.300416e-02
88159 1.618060e-02 3.762498e-03 2.294419e-01 7.446960e-01 -1.823477e-01 5.302107e+00 1.903057e+00 -4.861645e-01 1.325102e+01 759 1.580273e-02
25770 -3.834381e-03 -1.116762e-02 2.002645e-01 -1.204936e-01 -4.602725e-01 4.606594e+00 -7.232483e-01 -2.784300e+00 2.731777e+01 899 9.936645e-03
13264 -8.094936e-03 -2.762780e-02 2.646130e-01 5.292453e-01 -1.921807e+00 9.270342e+00 6.535761e-01 -2.303922e+00 1.095382e+01 1429 2.907306e-02
63291 -2.145597e-02 9.901116e-03 1.325604e-01 -1.533757e+00 8.732573e-01 4.285007e+00 -6.528983e+00 3.727325e+00 1.792715e+01 756 7.309160e-03
38302 2.566363e-02 9.782601e-03 1.145793e-01 4.795386e-01 1.425004e-01 8.122092e-01 6.787856e+00 1.984841e+00 1.043329e+01 1974 1.486460e-02
75862 -6.574768e-03 3.221511e-03 9.058876e-02 -4.602279e-02 2.288234e-02 2.015888e-01 -8.732371e+00 4.352199e+00 2.457142e+01 2083 1.436133e-02
1230 2.288842e-02 1.109634e-02 1.984799e-01 4.215446e-01 2.091153e-01 2.938688e+00 3.592728e+00 1.784566e+00 2.469502e+01 1032 1.201877e-02
1248 2.302033e-03 1.336069e-02 9.988386e-02 4.998006e-03 3.994160e-02 1.427985e-01 9.830982e-01 9.692842e+00 1.564901e+01 493 4.500570e-03
38373 1.116106e-02 -1.486840e-02 1.378683e-01 4.215817e-02 -9.656616e-02 4.871097e-01 1.155598e+00 -3.045760e+00 1.302001e+01 814 1.091639e-02
38423 -5.169882e-03 -1.207866e-02 1.157115e-01 -1.547895e-01 -2.519521e-01 9.710319e-01 -2.994070e+00 -4.800157e+00 1.711599e+01 3095 2.031342e-02
25968 1.340259e-03 1.161458e-02 1.177511e-01 -2.097598e-04 9.859796e-02 4.495018e-01 -1.240769e-01 6.962902e+00 2.655619e+01 1689 1.126647e-02
1398 8.341136e-03 -8.558287e-03 2.219158e-01 1.913488e-01 -1.613731e-01 3.748307e+00 2.461939e+00 -2.055765e+00 4.743932e+01 1315 1.137091e-02
88642 8.390984e-03 5.393936e-03 1.019869e-01 1.854510e-01 2.046573e-01 8.215256e-01 3.446267e+00 3.878428e+00 1.400498e+01 2327 1.792368e-02
88652 -7.640076e-03 -1.387778e-02 9.734786e-02 -7.042218e-02 -1.662384e-01 3.884165e-01 -5.520179e+00 -1.339646e+01 2.559251e+01 530 3.529614e-03
51177 2.032358e-02 1.842747e-04 1.264653e-01 6.032269e-01 -5.206870e-02 1.758149e+00 9.937771e+00 -8.908477e-01 2.781815e+01 624 4.908777e-03
38664 1.104529e-02 2.376833e-02 1.874596e-01 1.333868e+00 2.704412e+00 1.050998e+01 3.584571e+00 7.263976e+00 2.797184e+01 2092 1.614158e-02
88700 5.474364e-03 -1.767240e-03 1.021396e-01 5.554320e-02 -6.330271e-03 4.111421e-01 5.124564e+00 -4.670279e-01 3.162652e+01 2467 1.656293e-02
1857 8.230813e-03 -9.106878e-04 1.770625e-01 2.628779e-01 8.745245e-02 5.726298e+00 1.099668e+00 3.815874e-01 2.396382e+01 1072 1.140247e-02
26409 2.274230e-02 1.825846e-02 1.348814e-01 1.734195e-01 1.290979e-01 5.244355e-01 8.670587e+00 6.378158e+00 2.241654e+01 1494 1.204109e-02
51452 -2.317051e-03 6.533924e-03 1.103961e-01 -5.116210e-02 5.542803e-02 4.968485e-01 -3.395423e+00 3.398833e+00 2.686392e+01 1673 1.129710e-02
13971 1.160329e-02 1.385955e-02 1.432208e-01 1.560810e-01 2.269791e-01 1.171433e+00 3.569491e+00 5.265368e+00 2.540320e+01 734 6.626382e-03
2240 -5.334084e-03 -1.961557e-03 1.700794e-01 -1.034238e-01 -1.543952e-02 2.993941e+00 -1.171102e+00 -1.609147e-01 3.371434e+01 3779 2.756627e-02
51551 1.348872e-02 1.331152e-03 1.343196e-01 1.029112e-01 8.197391e-03 5.607401e-01 6.407550e+00 4.919991e-01 3.055509e+01 1700 1.284350e-02
76574 -1.320732e-02 -1.395428e-03 1.387993e-01 -1.086791e-01 6.205082e-04 6.899299e-01 -5.107752e+00 1.078528e-01 2.948554e+01 1513 1.145916e-02
89166 2.133615e-02 1.148291e-03 1.411220e-01 5.827869e-02 1.028205e-02 2.437398e-01 8.506420e+00 2.103147e+00 2.362886e+01 3458 2.385833e-02
64250 -2.655573e-02 -3.030965e-03 1.225929e-01 -3.058652e-01 -1.710306e-02 6.190988e-01 -8.207382e+00 -4.135020e-01 1.458960e+01 807 7.839041e-03
2645 -2.195570e-02 5.559183e-03 1.835835e-01 -3.579011e-02 3.515031e-03 2.499051e-01 -6.490334e+00 -9.590016e-01 3.111439e+01 1026 9.632681e-03
39332 -1.163453e-02 -6.760631e-03 1.167394e-01 -8.439170e-02 -5.415103e-02 3.952377e-01 -7.360887e+00 -4.794516e+00 2.817585e+01 1564 1.135774e-02
2771 2.748248e-03 9.123916e-03 1.134793e-01 1.374436e-01 4.778902e-01 1.700564e+00 1.328399e+00 4.623089e+00 1.565222e+01 1629 1.145157e-02
39410 4.259468e-03 -4.691533e-03 1.517585e-01 -2.625687e-02 -5.132567e-02 8.173862e-01 -1.327664e+00 -2.028895e+00 2.895924e+01 1529 1.196612e-02
2883 -8.192385e-03 -1.435877e-03 9.515327e-02 -3.627096e-02 -1.046917e-02 1.547752e-01 -1.055396e+01 -3.395365e+00 2.241024e+01 1565 9.950179e-03
2964 -3.172213e-03 -4.279932e-03 9.121011e-02 -8.477005e-02 -7.079132e-02 3.523888e-01 -6.883361e+00 -5.610712e+00 2.203229e+01 1955 1.212792e-02
52047 -7.394642e-03 -1.825172e-03 9.700975e-02 -4.974724e-02 -2.903071e-03 3.430461e-01 -5.468302e+00 -1.391717e-01 3.176667e+01 1268 7.967777e-03
52060 7.118166e-03 6.257098e-03 1.766939e-01 5.447660e-02 5.235451e-02 8.232377e-01 2.823495e+00 2.748313e+00 3.854674e+01 2052 1.449466e-02
89574 9.916223e-03 6.320145e-03 1.289734e-01 2.604693e-02 2.471711e-02 2.343847e-01 2.473620e+00 2.821146e+00 1.616467e+01 912 8.808218e-03
89644 8.763248e-03 8.377005e-03 1.218281e-01 2.733849e-02 3.773558e-02 4.137530e-01 1.254855e+00 1.983326e+00 1.972106e+01 1198 1.036607e-02
27190 9.957054e-04 -8.965158e-04 1.105842e-01 3.815742e-03 4.541378e-03 3.782570e-01 3.723902e-01 7.180823e-01 3.534661e+01 4204 2.701006e-02
52166 4.616703e-03 -2.472314e-03 8.668671e-02 2.129475e-02 -2.721031e-02 1.607330e-01 6.358779e+00 -9.431767e+00 2.823137e+01 944 5.976368e-03
27204 -5.623040e-03 -7.357381e-03 8.585088e-02 -2.083088e-02 -2.504384e-02 1.095019e-01 -5.375727e+00 -6.251882e+00 8.360264e+00 860 6.647636e-03
27297 -1.107807e-02 -8.477314e-03 1.171407e-01 -2.190318e-01 -1.785441e-01 9.688312e-01 -8.241092e+00 -6.739653e+00 3.375203e+01 1014 7.151640e-03
52275 4.238738e-03 3.137663e-03 9.310113e-02 1.390175e-01 5.608554e-02 4.342135e-01 6.885294e+00 2.704890e+00 1.742603e+01 1097 7.533090e-03
77349 9.369731e-04 -1.997236e-02 1.189835e-01 1.910761e-02 -4.742067e-01 1.104648e+00 4.278019e-01 -1.069430e+01 2.320608e+01 616 5.605219e-03
52388 -7.671007e-03 -6.625180e-03 1.607288e-01 -2.603271e-01 -5.131947e-02 2.539681e+00 -3.888819e+00 -6.879232e-01 3.661623e+01 559 4.993495e-03
39881 -1.400959e-02 9.098870e-03 1.766573e-01 -9.269484e-01 4.111191e-01 3.664335e+00 -4.969697e+00 2.188448e+00 1.898561e+01 1450 1.454469e-02
3553 -2.712346e-03 -9.585100e-03 9.907333e-02 -9.784870e-03 -3.106274e-02 1.618733e-01 -2.593606e+00 -7.876187e+00 2.302975e+01 707 5.138851e-03
14962 -1.742697e-02 -6.436552e-04 1.555214e-01 -5.767022e-01 -1.698993e-01 3.322963e+00 -4.003867e+00 -1.211706e+00 2.267580e+01 1038 9.210832e-03
89973 -1.001064e-02 -2.411367e-03 1.472725e-01 -3.472624e-01 -2.080181e-01 3.111016e+00 -2.487117e+00 -1.516279e+00 2.185660e+01 2228 1.716420e-02
14985 8.103230e-03 -1.895860e-02 2.526640e-01 4.729846e-01 -1.561261e+00 1.913330e+01 7.443639e-01 -2.469521e+00 3.023150e+01 1085 1.221458e-02
15058 -5.987770e-03 9.181326e-03 1.275649e-01 -7.449113e-02 1.078609e-01 8.148864e-01 -3.346171e+00 4.820182e+00 3.357347e+01 1919 1.277389e-02
27592 5.219519e-03 1.489377e-02 1.184222e-01 1.519574e-01 3.031527e-01 1.171468e+00 4.587680e+00 9.012260e+00 3.292291e+01 2895 1.864406e-02
15092 2.328167e-02 1.104802e-02 1.491295e-01 3.946776e-01 2.433866e-01 1.376405e+00 6.143435e+00 3.843223e+00 2.030095e+01 4544 3.321339e-02
3808 3.984588e-03 -1.479690e-02 2.218191e-01 4.865679e-02 -1.316772e-01 3.011734e+00 3.483887e-01 -9.115238e-01 2.175794e+01 1246 1.509122e-02
65041 -7.599021e-03 1.866208e-03 9.736147e-02 -6.320805e-02 -9.347251e-03 2.612688e-01 -5.132937e+00 -1.035047e+00 1.512930e+01 819 6.511129e-03
3861 -3.936442e-03 4.831957e-03 1.335624e-01 -1.460848e-02 2.688692e-02 4.006560e-01 -1.174548e+00 2.427336e+00 2.939591e+01 1093 8.734658e-03
15304 -1.139305e-03 1.055515e-02 1.412276e-01 1.498910e-02 1.694775e-01 1.273804e+00 3.919876e-01 3.862478e+00 2.752634e+01 542 5.478693e-03
65208 5.349660e-03 2.576959e-02 1.232944e-01 1.335336e-01 4.841285e-01 9.673976e-01 2.144553e+00 7.668476e+00 1.412209e+01 619 7.076390e-03
78134 -7.284679e-03 1.158624e-03 1.025772e-01 -4.045606e-02 6.811919e-03 2.574597e-01 -6.735325e+00 1.147881e+00 3.144830e+01 736 5.127171e-03
4608 -1.263475e-02 1.131099e-02 1.760325e-01 -2.364942e-01 1.359759e-01 1.532472e+00 -3.937168e+00 2.192567e+00 2.385663e+01 1484 1.280704e-02
28231 1.070102e-02 6.322650e-03 9.450468e-02 7.987390e-02 4.184207e-02 2.174563e-01 6.942927e+00 3.565108e+00 1.234073e+01 684 5.036854e-03
4812 -3.393983e-03 4.146296e-03 1.158983e-01 -1.456219e-03 4.744646e-02 4.914322e-01 1.460048e-01 3.262539e+00 2.829537e+01 2275 1.580524e-02
53286 8.511265e-03 -6.600398e-03 1.116856e-01 2.751526e-02 -2.671269e-02 2.083095e-01 5.982190e+00 -6.331066e+00 3.041584e+01 1738 1.149007e-02
53295 -3.753745e-03 -1.083330e-02 9.925846e-02 -1.911681e-02 -4.027837e-02 2.031432e-01 -2.425525e+00 -4.648796e+00 1.640136e+01 697 5.253315e-03
28397 1.389408e-02 -2.114029e-03 1.707932e-01 1.778961e-01 -9.759422e-03 1.168565e+00 5.292425e+00 -2.467205e-01 3.219857e+01 522 5.404168e-03
78478 6.449346e-03 1.500803e-04 9.356177e-02 3.916713e-02 -9.967255e-03 2.411946e-01 3.295822e+00 -1.019169e+00 1.487177e+01 717 5.458533e-0340910 -8.850080e-03 -2.621388e-02 2.660824e-01 -2.172074e-01 -1.133260e+00 8.507636e+00 -9.239438e-01 -4.909106e+00 3.654651e+01 739 9.486510e-03

65829 1.628276e-02 -4.057140e-03 1.091755e-01 1.702137e-01 -4.016181e-02 5.224445e-01 1.115558e+01 -2.616554e+00 2.995016e+01 1489 9.920254e-03
90979 -1.204134e-02 -7.940192e-03 9.726524e-02 -1.550558e-01 -9.127115e-02 4.017339e-01 -7.817087e+00 -4.554822e+00 1.664208e+01 2042 1.472940e-02
41068 -2.057909e-03 -8.896477e-03 1.480735e-01 -1.503133e-02 -3.611204e-02 4.074008e-01 -1.648605e+00 -3.458433e+00 3.295417e+01 1451 1.067459e-02
28651 -5.721687e-03 -6.306906e-03 8.938235e-02 -4.340236e-02 -3.989481e-02 1.945896e-01 -7.288716e+00 -6.497036e+00 2.035064e+01 1151 7.013613e-03
5463 2.464806e-02 1.209232e-04 1.636975e-01 1.990094e-01 -9.273156e-03 7.124098e-01 7.727322e+00 -4.163255e-01 2.431776e+01 860 8.660489e-03
16272 2.478641e-02 -1.565646e-02 1.685585e-01 3.070644e-01 -2.729523e-01 1.349615e+00 6.783157e+00 -6.182834e+00 2.838085e+01 1881 1.452442e-02
66127 -1.584664e-02 -1.742483e-02 1.095131e-01 -3.100246e-02 -3.770468e-02 1.464691e-01 -5.990899e+00 -8.016364e+00 1.460822e+01 702 6.595866e-03
78830 -2.793830e-03 -4.348593e-03 1.482814e-01 -8.391025e-02 -1.463761e-02 1.518686e+00 -1.654696e+00 -2.098858e-01 2.795491e+01 1187 1.049646e-02
5731 -1.003730e-02 1.616778e-02 1.377919e-01 -1.309959e-01 2.184080e-01 6.653383e-01 -1.629848e+00 2.725073e+00 7.108389e+00 1582 1.910668e-02
16438 -1.827356e-03 -3.743271e-03 8.623554e-02 -1.157820e-02 -2.933588e-02 1.376397e-01 -3.786058e+00 -9.937101e+00 1.995921e+01 2450 1.558987e-02
5760 -1.491562e-03 1.008406e-02 1.110410e-01 -1.543346e-02 5.038629e-02 2.747320e-01 -2.384648e+00 6.893366e+00 2.799800e+01 1221 8.074606e-03
28988 3.965097e-03 -1.084734e-02 1.045965e-01 1.177761e-02 -3.117930e-02 1.803592e-01 3.430438e+00 -8.927673e+00 3.326708e+01 1727 1.205517e-02
66319 -3.519039e-03 -6.814487e-03 1.097160e-01 -1.589545e-02 -3.840727e-02 2.511193e-01 -2.350346e+00 -5.999638e+00 2.685325e+01 1262 8.887338e-03
79074 -1.504069e-02 1.142530e-02 2.523695e-01 2.573492e-03 2.247047e-01 3.994662e+00 6.750623e-02 8.173919e-01 1.434231e+01 714 1.766799e-02
66406 -1.079717e-02 -6.602218e-03 1.014521e-01 -8.383919e-02 -4.687906e-02 3.033991e-01 -9.975413e+00 -5.500643e+00 2.758008e+01 1007 6.723554e-03
66526 7.744040e-03 1.980270e-02 1.034425e-01 1.476901e-01 3.308497e-01 5.484824e-01 4.593126e+00 1.020878e+01 1.460651e+01 732 6.347965e-03
79235 -1.090947e-02 -4.091101e-03 1.060715e-01 -7.594827e-02 -3.066181e-02 2.864469e-01 -4.554624e+00 -1.860729e+00 1.263158e+01 633 5.325178e-03
66580 -1.514795e-02 3.561406e-03 1.051052e-01 -6.848839e-02 2.216475e-02 2.108015e-01 -1.047561e+01 3.653537e+00 2.075785e+01 2240 1.542499e-02
54265 3.466257e-03 9.408319e-03 1.402215e-01 1.958217e-02 4.317777e-02 3.437602e-01 2.303934e+00 4.827688e+00 2.909793e+01 666 5.871210e-03
16822 -7.454827e-03 -1.280292e-02 1.013662e-01 -5.136847e-02 -1.328831e-01 3.314902e-01 -3.358410e+00 -9.183446e+00 1.759933e+01 1371 1.354658e-02
54305 -6.245747e-03 6.348604e-04 9.947102e-02 -5.127653e-02 1.843764e-03 3.251869e-01 -3.488393e+00 9.364991e-02 1.748550e+01 1379 9.532945e-03
54388 -7.376577e-04 7.565608e-03 1.009344e-01 -3.528399e-03 3.452281e-02 2.119966e-01 -4.084023e-01 3.944968e+00 1.625305e+01 1694 1.318497e-02
79440 -5.041307e-03 -9.289669e-03 1.095506e-01 -2.588710e-02 -3.061166e-02 2.025976e-01 -3.486180e+00 -3.565818e+00 1.556087e+01 2178 1.610450e-02
91941 7.127273e-03 -7.155182e-03 1.256215e-01 8.025626e-02 -9.277639e-02 9.770709e-01 3.114757e+00 -3.646834e+00 3.626548e+01 1515 1.008233e-02
54440 1.972001e-03 -2.877182e-02 2.552574e-01 1.544115e-01 -6.375614e-01 4.068574e+00 9.153078e-01 -3.655416e+00 2.289668e+01 1712 1.809459e-02
54448 4.665633e-03 7.272127e-03 1.068943e-01 7.983640e-03 5.622555e-02 3.987430e-01 2.146818e-01 3.167388e+00 1.888321e+01 1008 7.596733e-03
6573 -4.564707e-03 -1.373764e-02 1.002718e-01 -2.240101e-02 -7.038952e-02 2.214214e-01 -3.311181e+00 -1.051701e+01 2.249056e+01 894 6.377324e-03
54470 2.103735e-03 -1.100453e-03 2.768123e-01 7.193295e-03 -3.506553e-03 1.054994e+00 2.496762e-01 -1.180349e-01 3.817490e+01 777 9.586355e-03
92073 -4.454408e-03 -5.751475e-03 8.868889e-02 -3.771601e-02 -4.116477e-02 2.383637e-01 -4.021509e+00 -4.281661e+00 1.809650e+01 1938 1.251555e-02
54564 -8.450805e-03 8.520760e-03 1.128377e-01 -8.331810e-02 8.356254e-02 5.664161e-01 -3.749666e+00 3.758405e+00 2.271710e+01 2080 1.378788e-02
79630 2.159264e-03 4.648895e-03 9.923501e-02 3.845610e-03 3.241271e-02 3.292296e-01 1.358950e-01 2.237360e+00 1.853422e+01 633 4.897225e-03
6799 -9.276629e-03 -5.271215e-03 9.772543e-02 -7.423072e-02 -2.663056e-02 2.954851e-01 -5.368812e+00 -1.765466e+00 1.634592e+01 1522 1.021239e-02
6803 -1.128590e-02 -1.159007e-02 2.120706e-01 -2.752448e-01 -3.845462e-01 2.881988e+00 -2.221492e+00 -3.138818e+00 2.247017e+01 1619 1.641750e-02
6827 -6.686013e-03 8.167779e-03 1.107139e-01 -6.432523e-02 8.705685e-02 4.441298e-01 -5.766032e+00 7.891796e+00 3.335380e+01 700 4.911204e-03
66998 -1.905765e-02 -4.756864e-03 2.600439e-01 -5.876293e-01 1.722010e-01 6.820808e+00 -3.477985e+00 1.082461e+00 4.013257e+01 1061 1.147908e-02
6920 1.001079e-02 -2.702387e-03 1.011322e-01 4.695100e-02 2.634109e-03 2.278785e-01 8.709240e+00 1.258164e+00 2.988245e+01 384 2.882406e-03
17241 8.875612e-03 1.289039e-02 9.360338e-02 8.096355e-02 1.027661e-01 2.744770e-01 7.527781e+00 9.385268e+00 1.888772e+01 1102 7.141677e-03
42160 1.613802e-02 -1.811117e-03 1.834167e-01 3.928376e-01 -1.121345e-01 1.868034e+00 6.691043e+00 -1.959594e+00 2.992265e+01 1738 1.443949e-02
42186 -7.069990e-03 7.439673e-03 9.881102e-02 -5.148900e-02 6.779148e-02 2.774771e-01 -5.896253e+00 8.011199e+00 2.371643e+01 927 6.521320e-03
42187 -7.011461e-03 1.385720e-02 1.314300e-01 -8.551962e-02 1.895637e-01 9.556933e-01 -3.151650e+00 7.053605e+00 3.308942e+01 1382 9.435263e-03
29805 -5.352631e-03 -3.227277e-03 1.209709e-01 -4.284535e-02 -2.821265e-02 3.241069e-01 -5.380118e+00 -3.585344e+00 2.914955e+01 2900 1.872806e-02
54786 -6.189462e-03 1.012154e-02 1.371239e-01 -5.487411e-02 1.663905e-01 6.623559e-01 -8.342479e-01 2.677785e+00 9.000243e+00 5977 4.450710e-02
17365 2.972376e-02 7.294105e-04 1.697309e-01 1.434798e+00 1.612107e-01 4.975544e+00 7.768025e+00 8.872289e-01 2.656919e+01 812 8.570750e-03
7153 3.389317e-03 3.848123e-03 8.525824e-02 1.883427e-02 2.407931e-02 1.361473e-01 5.520965e+00 7.231858e+00 1.819084e+01 1365 8.807988e-03
29961 1.103698e-02 -2.014110e-02 2.492400e-01 8.875001e-02 -1.270378e-01 1.440543e+00 2.955553e+00 -4.065456e+00 4.530720e+01 816 8.954764e-03
17465 -6.485827e-03 5.742839e-04 1.383588e-01 -2.411518e-02 -9.381989e-03 3.597053e-01 -2.036141e+00 -1.149922e+00 2.556490e+01 872 7.687657e-03
17570 -4.494837e-03 -3.888162e-03 9.715327e-02 -4.153368e-02 -1.293809e-02 2.312382e-01 -6.472322e+00 -1.581422e+00 2.343057e+01 1130 9.226720e-03
17613 1.075219e-02 2.005630e-02 1.358160e-01 2.212134e-02 4.218756e-02 1.984553e-01 3.328798e+00 6.479858e+00 1.834031e+01 659 7.723632e-03
17671 -9.150720e-03 1.662239e-02 2.603092e-01 -1.459781e-01 1.729675e-01 2.833775e+00 -1.691944e+00 1.933291e+00 3.182227e+01 1558 1.572479e-02
55185 -2.617848e-03 3.730932e-03 1.451924e-01 2.597569e-03 7.432945e-02 8.670665e-01 2.420493e-01 3.276501e+00 3.350242e+01 2110 1.492575e-02
30246 -2.499738e-03 8.840602e-03 1.062781e-01 -8.169084e-03 5.890425e-02 3.573587e-01 -8.724135e-01 7.703923e+00 3.863692e+01 2073 1.360491e-02
55263 -8.942772e-03 3.984829e-03 9.975301e-02 -5.646365e-02 3.932579e-02 2.157641e-01 -9.692801e+00 7.208471e+00 2.366270e+01 672 4.436252e-03
92818 -7.214507e-03 6.331823e-03 1.546602e-01 -2.829373e-02 4.311288e-02 4.757363e-01 -2.340492e+00 4.083915e+00 3.565007e+01 1184 9.451675e-03
7852 -1.783252e-02 1.314120e-03 1.060821e-01 -7.973298e-02 -8.186425e-04 2.047792e-01 -1.082017e+01 -3.728060e-01 1.725222e+01 732 5.952636e-03
80417 8.778080e-03 3.912333e-03 1.011346e-01 7.507134e-02 3.860991e-02 2.877137e-01 5.320177e+00 2.784555e+00 1.497337e+01 2178 1.516029e-02
55484 -6.618792e-03 1.782060e-03 9.932996e-02 -3.393004e-02 2.510513e-02 1.989681e-01 -7.825791e+00 6.683016e+00 2.855043e+01 799 5.268063e-03
18037 -4.761382e-03 -1.120034e-03 8.451112e-02 -3.344366e-02 1.243495e-03 1.380499e-01 -1.189641e+01 9.803093e-01 2.220601e+01 793 4.853850e-03
55563 2.019024e-02 -9.655182e-03 1.675852e-01 4.916065e-01 -1.865786e-01 2.360476e+00 4.849931e+00 -1.820188e+00 2.256046e+01 1385 1.211731e-02
93102 -1.028555e-03 -3.561676e-03 9.969383e-02 6.313614e-05 -4.864027e-02 3.869783e-01 4.844655e-02 -2.000476e+00 1.274897e+01 952 7.124620e-03
43064 -5.497103e-03 2.057630e-03 9.479158e-02 -4.628873e-02 2.990922e-02 2.938906e-01 -7.043641e+00 4.809237e+00 3.437917e+01 698 4.769666e-03
43066 9.044970e-03 2.373519e-02 1.582583e-01 2.729295e-01 8.847462e-01 3.145600e+00 1.703462e+00 5.558110e+00 1.928428e+01 1062 1.049752e-02
67928 8.706389e-03 7.035212e-03 2.023633e-01 4.248586e-02 6.449612e-02 9.370415e-01 1.237379e+00 2.104856e+00 2.691207e+01 3785 2.705454e-02
18216 -1.275232e-02 -4.820291e-03 1.027818e-01 -7.584093e-02 -3.568224e-02 2.548149e-01 -7.035083e+00 -3.441451e+00 1.695339e+01 2055 1.396590e-02
18273 -7.468274e-03 -2.192949e-02 1.792798e-01 -1.532732e+00 -2.216577e+00 1.136155e+01 -1.970207e+00 -2.834860e+00 1.444432e+01 1984 2.046541e-02
43190 -1.079836e-02 -6.189562e-03 1.345765e-01 -4.440960e-02 -3.531713e-02 3.293812e-01 -4.047374e+00 -3.507463e+00 2.345786e+01 1740 1.282084e-02
68057 1.026694e-02 2.739255e-02 1.538075e-01 1.902556e-01 4.481580e-01 1.273371e+00 3.722292e+00 8.701727e+00 2.315336e+01 962 8.868685e-03
30876 -2.149263e-02 -1.088618e-02 1.744061e-01 -3.797619e-01 -2.807774e-01 2.446616e+00 -4.611914e+00 -3.474245e+00 2.924962e+01 645 6.731827e-03
8591 1.022552e-02 -2.374220e-02 1.211501e-01 1.197897e-01 -2.301594e-01 5.882348e-01 5.687657e+00 -1.071546e+01 2.424713e+01 1172 9.105410e-03
8851 -1.366771e-02 4.810648e-03 2.038046e-01 -9.057785e-01 2.914606e-01 9.855867e+00 -1.829986e+00 5.880047e-01 1.979926e+01 783 1.184464e-02
56170 5.175341e-03 -5.853391e-03 9.924413e-02 5.351293e-02 -3.003657e-02 3.137164e-01 6.015310e+00 -3.009445e+00 2.668972e+01 4008 2.541421e-02
31222 5.924087e-03 3.415134e-03 1.009429e-01 5.220618e-02 1.791916e-02 3.083041e-01 5.404133e+00 1.693565e+00 2.421255e+01 1228 8.592938e-03
31280 -4.904806e-05 -4.662033e-03 1.247441e-01 5.250118e-02 -2.262558e-01 1.676748e+00 1.122634e+00 -4.733925e+00 3.315558e+01 632 5.585944e-03
31303 2.045312e-02 1.063897e-02 1.592391e-01 1.552054e-01 4.920236e-02 7.109228e-01 6.585614e+00 1.884671e+00 2.696189e+01 443 5.719429e-03
43680 2.846096e-03 1.094753e-02 8.860184e-02 2.311083e-02 5.319456e-02 1.661283e-01 2.558503e+00 5.333856e+00 9.788029e+00 897 6.945198e-03
68532 -8.877958e-03 1.990917e-03 1.307197e-01 -9.999274e-02 -1.592575e-02 8.207976e-01 -3.492843e+00 -6.868271e-01 2.645382e+01 1763 1.173807e-02
31386 6.151784e-03 1.545438e-02 1.129086e-01 2.607420e-02 5.963854e-02 2.200861e-01 4.276519e+00 9.484510e+00 2.300657e+01 2017 1.332048e-02
9374 2.147075e-02 5.768006e-03 1.194641e-01 3.365590e-01 4.088477e-02 5.917636e-01 7.386770e+00 8.232596e-01 1.107235e+01 945 8.921069e-03
81406 -8.722909e-04 8.358086e-03 1.047581e-01 1.419558e-03 4.296754e-02 2.500829e-01 3.813991e-01 5.759547e+00 2.418429e+01 1537 1.050261e-02
93920 -3.517426e-03 5.352797e-03 1.016451e-01 -5.463242e-02 5.914417e-02 4.059471e-01 -4.230628e+00 4.452144e+00 2.518613e+01 1250 8.726253e-03
93949 -6.482794e-03 -4.023263e-03 1.294328e-01 -5.335382e-02 -6.169085e-02 6.922721e-01 -2.395532e+00 -2.947334e+00 2.876617e+01 705 5.721017e-03
93997 9.660691e-03 8.434796e-04 1.060478e-01 1.007885e-01 2.782612e-02 5.097694e-01 4.331975e+00 1.282683e+00 1.919185e+01 2337 1.680608e-02
68742 -7.221773e-03 -3.822803e-03 9.009173e-02 -5.768748e-02 -2.532739e-02 2.139860e-01 -7.507781e+00 -3.199236e+00 1.843175e+01 838 5.093158e-03
31581 -4.807170e-03 6.529210e-03 1.227448e-01 -5.225909e-02 1.031568e-01 6.803486e-01 -1.994660e+00 4.061777e+00 2.343910e+01 1547 1.143233e-02
56572 -3.089523e-03 -1.152120e-02 1.462552e-01 -1.462206e-02 -1.371658e-01 8.682307e-01 -5.026405e-01 -5.476167e+00 3.146699e+01 1635 1.156164e-02
56577 -6.445078e-03 -5.771774e-03 8.960850e-02 -4.000733e-02 -5.814428e-02 2.319160e-01 -4.955545e+00 -7.732923e+00 2.101203e+01 1238 8.266458e-03
68855 7.435648e-03 -3.382795e-03 1.228423e-01 4.198586e-02 -2.329109e-02 3.040261e-01 3.939102e+00 -2.269763e+00 2.065693e+01 2664 1.899585e-02
68885 -1.059381e-02 -1.203199e-03 9.389631e-02 -3.408769e-02 -7.007580e-03 1.441173e-01 -8.494170e+00 -2.098564e+00 1.815732e+01 743 5.801152e-03
31706 6.795029e-03 -1.165200e-02 8.736230e-02 2.158079e-02 -2.982991e-02 1.070085e-01 4.473547e+00 -5.499870e+00 5.944106e+00 2098 1.423986e-02
94211 -8.339528e-03 -1.340310e-02 1.273019e-01 -2.872731e-01 -3.496585e-01 1.362531e+00 -3.807829e+00 -4.590352e+00 1.686259e+01 1204 1.045855e-02
81880 9.289065e-04 6.394145e-03 1.043036e-01 -1.000109e-02 3.889290e-02 2.503813e-01 -1.732220e+00 5.150504e+00 2.315084e+01 1754 1.120244e-02
31916 -5.840755e-03 2.814404e-02 1.174205e-01 -1.156447e-01 3.436540e-01 5.816739e-01 -3.989187e+00 1.146251e+01 1.686637e+01 1095 9.242061e-03
81930 7.073421e-03 1.554800e-03 8.295299e-02 7.137326e-02 3.241543e-03 1.930127e-01 7.845015e+00 2.057940e-01 1.342803e+01 751 4.387007e-03
44380 3.831716e-03 -2.398228e-02 9.389994e-02 1.005955e-02 -6.351846e-02 1.230368e-01 2.974728e+00 -1.888447e+01 1.391725e+01 1584 1.040852e-02
44434 -1.065919e-02 -1.936652e-02 1.345801e-01 -1.154688e-01 -2.857895e-01 9.299321e-01 -2.428585e+00 -6.173394e+00 1.842942e+01 1187 9.970878e-03
44450 -1.645675e-02 1.302363e-02 1.488442e-01 -5.622864e-02 6.519621e-02 3.869318e-01 -6.759958e+00 8.867682e+00 4.046735e+01 588 4.830418e-03
57049 -5.561325e-03 1.450964e-02 1.620829e-01 -5.055395e-02 1.793010e-01 1.150576e+00 -1.496856e+00 5.482431e+00 3.288609e+01 1605 1.247347e-02
10397 1.630105e-03 2.084920e-02 1.853979e-01 2.820340e-03 8.248727e-02 4.395178e-01 1.534911e-01 7.948760e+00 3.277095e+01 735 7.610363e-03
82098 1.535577e-02 -1.476664e-02 1.650487e-01 2.626664e-01 -1.962088e-01 1.538067e+00 4.544406e+00 -3.334054e+00 2.522962e+01 2165 1.710645e-02
10418 -8.249433e-03 8.371207e-03 1.067407e-01 -4.527956e-02 6.418548e-02 3.002051e-01 -6.101698e+00 9.196887e+00 3.187841e+01 885 5.960897e-03
69294 -7.501781e-03 -3.604000e-03 1.114128e-01 -4.006350e-02 -3.127135e-02 3.367700e-01 -3.868894e+00 -3.287358e+00 2.677633e+01 1063 7.840675e-03
82151 9.825422e-03 -4.737461e-03 2.002206e-01 -9.175343e-02 -2.510732e-01 2.836129e+00 -6.419505e-01 -1.556774e+00 1.665822e+01 1095 1.428531e-02
10613 1.350478e-02 -2.085143e-02 2.752048e-01 2.920503e-01 -6.021350e-01 6.455286e+00 1.140756e+00 -2.380591e+00 2.530992e+01 3291 2.911017e-02
82268 1.803898e-02 -2.364005e-03 1.778208e-01 5.125436e-01 -6.087057e-02 2.602744e+00 5.268983e+00 -6.233918e-01 2.583773e+01 644 7.781246e-03
10891 -1.180534e-02 -9.918400e-03 1.244176e-01 -3.703062e-02 -2.676328e-02 2.343170e-01 -6.273997e+00 -4.189636e+00 2.733404e+01 1079 8.947703e-03
19973 -1.404519e-03 -1.483270e-02 8.784472e-02 -2.054560e-04 -1.051356e-01 1.766268e-01 1.755174e-01 -1.321843e+01 1.299580e+01 2050 1.365340e-02
10917 1.164263e-03 1.085433e-02 2.194886e-01 -5.745297e-02 2.539838e-01 2.527614e+00 -7.866761e-01 3.262933e+00 3.097634e+01 892 1.046281e-02
69664 1.624887e-04 7.671816e-04 1.036342e-01 -2.267433e-02 1.902285e-02 3.662534e-01 -1.812866e+00 1.449198e+00 2.084763e+01 3392 2.221537e-02
44882 9.286822e-03 -5.771820e-03 2.327210e-01 1.864435e-01 -1.948091e-01 4.523419e+00 1.634758e+00 -1.744389e+00 3.959350e+01 1216 1.132959e-02
95003 -7.089372e-03 -1.675415e-02 1.470938e-01 -9.468416e-02 -2.245581e-01 1.048684e+00 -2.741487e+00 -6.503718e+00 2.821741e+01 1400 1.102867e-02
11027 -1.298258e-02 8.094419e-03 1.210697e-01 -1.081450e-01 6.938973e-02 4.341959e-01 -7.415753e+00 4.776578e+00 2.440108e+01 1245 8.926189e-03
20080 -1.036805e-02 -2.778989e-02 1.157117e-01 -1.948723e-02 -5.203489e-02 1.492227e-01 -3.495104e+00 -9.292366e+00 1.284375e+01 1303 1.082091e-02
44928 -1.291131e-02 -9.586299e-03 2.869648e-01 -5.308265e-02 -1.978766e-02 6.422112e-01 -2.645036e+00 -6.716972e-01 2.339080e+01 844 1.491950e-02
11148 1.654512e-02 5.284319e-03 1.103312e-01 1.243736e-01 3.530131e-02 3.479785e-01 7.284315e+00 2.027788e+00 1.605419e+01 1962 1.387150e-02
95135 -4.600416e-03 6.263139e-04 1.213765e-01 -2.575485e-02 1.019829e-02 4.101990e-01 -1.427346e+00 6.458465e-01 1.948763e+01 1092 8.962514e-03
95136 -1.772017e-02 -6.176175e-03 1.387010e-01 -1.738873e-01 -7.062553e-02 7.481417e-01 -7.297451e+00 -3.011619e+00 2.847823e+01 1054 7.643691e-03
69868 9.976223e-03 -7.068196e-03 1.545493e-01 6.813523e-02 -5.871354e-02 7.117701e-01 3.364250e+00 -2.987463e+00 3.223284e+01 572 5.712910e-03
82716 -1.387936e-03 -3.565964e-03 1.359920e-01 -6.530287e-03 -8.838360e-02 9.940786e-01 -1.844738e-01 -3.042701e+00 3.078252e+01 1310 9.681004e-03
32772 1.269722e-02 -6.132888e-03 9.479397e-02 7.810589e-02 -6.507558e-02 2.062215e-01 7.164182e+00 -6.455966e+00 1.220461e+01 524 5.520996e-03
20314 1.661846e-03 -9.099725e-03 9.233030e-02 5.991321e-03 -4.732551e-02 1.957250e-01 8.914862e-01 -7.871108e+00 2.129009e+01 862 6.066252e-03
11411 1.059502e-02 4.584285e-03 1.127601e-01 4.893490e-02 1.105606e-02 2.695788e-01 2.619128e+00 4.421090e-01 1.071282e+01 676 7.719779e-03
32861 1.032380e-02 2.343415e-04 1.326351e-01 7.750616e-02 7.570111e-03 6.893437e-01 3.423830e+00 3.738545e-01 2.837167e+01 900 7.459982e-03
45217 -1.544331e-02 -7.227425e-03 2.169329e-01 -4.152525e-01 -6.800677e-01 6.570452e+00 -1.890985e+00 -3.182345e+00 3.005035e+01 1166 1.185191e-02
20395 1.929515e-03 -5.324820e-03 1.016015e-01 6.264652e-03 -5.687281e-02 2.930508e-01 5.740284e-01 -6.825623e+00 2.535036e+01 1147 7.626352e-03
11541 1.084386e-02 6.309081e-03 9.987275e-02 6.385637e-02 4.421659e-02 2.695336e-01 9.273450e+00 6.631141e+00 2.967868e+01 1517 9.783131e-03
32937 1.327930e-03 3.755696e-03 1.736365e-01 1.054272e-02 -1.185812e-02 8.987929e-01 3.391433e-01 -5.746543e-01 2.668882e+01 1569 1.373332e-02
20583 -1.165928e-03 4.666512e-03 8.145540e-02 -1.889372e-03 3.645171e-02 1.757838e-01 -1.060026e-01 4.657326e+00 1.382146e+01 966 5.903036e-03
83071 -1.113431e-02 1.421330e-03 8.850030e-02 -3.244337e-02 5.770820e-03 1.164907e-01 -1.078952e+01 2.202298e+00 1.417253e+01 883 5.639912e-03
95644 1.592272e-02 -1.818170e-02 2.356959e-01 7.015928e-01 -9.447905e-01 8.300362e+00 3.243413e+00 -4.383121e+00 3.814814e+01 796 8.553661e-03
33199 9.775104e-04 -6.860798e-03 9.707176e-02 3.975814e-02 -7.549656e-02 2.733437e-01 3.813312e+00 -6.748977e+00 1.733288e+01 1263 9.333545e-03
70341 1.768893e-02 -1.032396e-02 1.758752e-01 7.907330e-02 -3.988793e-02 4.799974e-01 5.823265e+00 -2.804604e+00 2.885073e+01 599 7.254583e-03
83206 1.876811e-02 -2.118014e-02 2.330657e-01 1.614300e-01 -1.574961e-01 1.367223e+00 2.791950e+00 -2.667758e+00 2.219592e+01 1753 1.790291e-02
70365 -3.207894e-03 7.118117e-03 9.568859e-02 -1.284886e-02 3.730892e-02 2.019771e-01 -1.732385e+00 5.424985e+00 1.909898e+01 1960 1.340526e-02
20777 8.334147e-03 8.840734e-03 1.078034e-01 6.752755e-02 8.645057e-02 3.764437e-01 2.594545e+00 3.401768e+00 1.177495e+01 2128 1.614578e-02
70396 -7.791843e-03 -2.216984e-03 9.863553e-02 -5.872664e-02 -1.460635e-02 2.635385e-01 -3.733915e+00 -9.082366e-01 1.208867e+01 1228 1.000387e-02
20816 3.623896e-03 7.852580e-03 1.017428e-01 3.483435e-02 3.700593e-02 2.530315e-01 5.008753e+00 4.678623e+00 2.427930e+01 719 5.297065e-03
83304 5.182139e-03 -3.653489e-03 1.720070e-01 1.681001e-02 -9.004508e-03 3.667577e-01 1.896856e+00 -8.729126e-01 3.176970e+01 883 8.010073e-03
70449 2.032215e-02 -1.322090e-02 1.651013e-01 4.490427e-02 -3.252490e-02 2.996212e-01 4.651826e+00 -3.653017e+00 2.545602e+01 1553 1.260147e-02
12192 9.623153e-03 4.835167e-03 1.037818e-01 1.487822e-01 2.731122e-02 5.707744e-01 4.979811e+00 8.043061e-01 1.671135e+01 1355 9.324015e-03
33372 -3.407113e-03 -1.025430e-02 1.053205e-01 -1.234070e-01 -2.701937e-01 7.730485e-01 -2.306511e+00 -4.996279e+00 1.283436e+01 841 7.509214e-03
83377 -5.953520e-03 9.558513e-04 2.028360e-01 -2.385805e-02 1.543281e-02 6.796369e-01 -8.925790e-01 7.217076e-01 2.376955e+01 1862 1.646113e-02
12270 -1.568249e-03 -1.634673e-02 1.074158e-01 -1.044291e-02 -1.217795e-01 3.620999e-01 -1.038836e+00 -1.234158e+01 2.981240e+01 1011 6.753168e-03
20909 4.321284e-03 4.056737e-03 1.137952e-01 3.123378e-02 3.163258e-02 5.393789e-01 2.259909e+00 2.315613e+00 3.573733e+01 4095 2.583522e-02
45794 2.488764e-02 -9.295231e-03 1.276612e-01 4.735437e-01 -1.071401e-01 1.165508e+00 5.195439e+00 -1.133044e+00 1.201827e+01 1869 1.625547e-02
45931 -2.346775e-03 -1.010853e-02 1.523485e-01 -9.791783e-02 -3.672617e-01 3.672664e+00 -7.593756e-01 -2.837820e+00 2.797124e+01 754 6.521696e-03
83609 -5.754393e-03 2.128797e-02 1.396483e-01 -1.733678e-02 4.874693e-02 2.196308e-01 -3.558296e+00 8.435832e+00 2.457192e+01 2276 1.705411e-02
46019 -7.740720e-03 -2.556700e-03 9.686186e-02 -4.850021e-02 -2.367960e-02 2.570757e-01 -7.513731e+00 -3.893861e+00 2.953431e+01 1254 8.150472e-03
70789 1.841196e-02 1.064072e-02 1.842553e-01 2.331807e-01 1.501747e-01 1.619191e+00 5.902113e+00 3.834569e+00 3.943383e+01 1735 1.333317e-02
46050 -6.401605e-03 -8.249489e-03 1.008534e-01 -4.100495e-02 -5.300448e-02 2.417480e-01 -4.620340e+00 -5.975817e+00 1.881266e+01 1574 1.068323e-02
58674 3.436978e-03 -2.690233e-02 1.569209e-01 1.692900e-01 -7.564011e-01 2.893165e+00 1.401213e+00 -6.163187e+00 2.311722e+01 911 8.626656e-03
96291 -3.305081e-03 1.027145e-02 9.593841e-02 -1.888544e-02 5.208529e-02 1.848781e-01 -2.404324e+00 6.452610e+00 1.372496e+01 824 5.818717e-03
33826 -1.024805e-02 -1.415666e-02 1.401316e-01 -1.521802e-01 -2.440617e-01 1.278797e+00 -3.796297e+00 -6.149333e+00 3.045618e+01 462 4.511060e-03
21389 9.035525e-03 6.074298e-03 1.533628e-01 5.564219e-02 3.059844e-02 5.277395e-01 4.468240e+00 2.351160e+00 3.589197e+01 2038 1.410487e-02
96361 7.230779e-03 9.411339e-03 1.118809e-01 7.806178e-02 1.155227e-01 4.983533e-01 5.045928e+00 7.559266e+00 2.753190e+01 1132 8.212557e-03
21461 5.250274e-03 1.294603e-02 1.359559e-01 2.950687e-02 5.753503e-02 3.067750e-01 3.242926e+00 5.961218e+00 2.283725e+01 1567 1.279654e-02
34032 -2.277774e-03 7.452013e-03 9.096614e-02 -1.552630e-02 5.322772e-02 2.086359e-01 -2.082586e+00 7.195657e+00 1.849696e+01 677 4.349220e-03
46402 4.190412e-03 -6.748947e-03 1.243850e-01 4.399698e-02 -1.867626e-01 9.706223e-01 1.027615e+00 -4.647091e+00 2.184580e+01 1913 1.468966e-02
71163 7.527168e-04 -1.705529e-02 1.287802e-01 -1.186727e-02 -1.938306e-01 6.323779e-01 -6.152887e-01 -8.618698e+00 2.455296e+01 952 7.442702e-03
46456 -9.384722e-03 7.192000e-03 8.938655e-02 -5.920151e-02 3.118382e-02 1.660845e-01 -1.081432e+01 5.208189e+00 1.664974e+01 806 5.661577e-03
84200 -1.501972e-02 5.205568e-03 2.905679e-01 -8.593588e-02 3.311833e-02 1.363209e+00 -1.331431e+00 5.240544e-01 2.013854e+01 1965 2.249077e-02
71334 -7.241984e-03 7.253200e-03 9.921765e-02 -1.586564e-01 1.404022e-01 6.523807e-01 -7.704212e+00 6.774841e+00 2.814584e+01 3084 1.999838e-02
96902 4.337235e-03 9.840490e-03 1.289595e-01 1.094430e-01 1.505478e-01 9.118560e-01 4.338342e+00 5.807830e+00 3.231482e+01 861 6.494342e-03
84423 1.118723e-02 -1.933960e-03 1.186493e-01 1.314739e-01 -3.102431e-02 6.054988e-01 6.974391e+00 -1.686699e+00 2.822822e+01 1392 9.236593e-03
46851 -3.143322e-03 1.170567e-02 9.510329e-02 -1.965230e-02 6.349586e-02 2.070138e-01 -3.528869e+00 1.107039e+01 2.392137e+01 3934 2.510981e-02
46868 -6.670509e-03 -1.310620e-02 1.132263e-01 -5.871808e-02 -1.097693e-01 4.390145e-01 -5.366025e+00 -9.965819e+00 3.358827e+01 1296 8.368859e-03
97048 -5.808486e-03 7.325144e-03 8.866740e-02 -4.724054e-02 4.796123e-02 1.838073e-01 -9.051579e+00 8.877685e+00 2.078504e+01 1951 1.267574e-02
22090 2.280640e-02 -5.390355e-03 2.576225e-01 1.593013e+00 -6.024701e-01 1.084876e+01 4.338526e+00 -1.649749e+00 2.926363e+01 1065 1.313950e-02
22151 1.279576e-02 -1.370508e-02 1.348621e-01 1.683253e-01 -2.307541e-01 1.088007e+00 3.543107e+00 -4.944577e+00 2.171353e+01 1164 9.048936e-03
22235 -3.814562e-03 1.085985e-02 1.807350e-01 -1.029714e-02 6.659784e-02 6.275032e-01 -3.534209e-01 3.038758e+00 2.435719e+01 2102 1.728346e-02
84726 -1.055797e-02 6.175399e-03 1.237526e-01 -1.807953e-01 1.287104e-01 1.054426e+00 -4.160954e+00 2.995011e+00 2.274760e+01 1307 9.460127e-03
71812 -5.059080e-03 -6.833066e-03 1.101570e-01 -5.982123e-02 -1.062299e-01 5.717652e-01 -2.286093e+00 -4.149407e+00 1.927024e+01 532 4.507821e-03
71829 -1.974427e-02 1.534132e-02 1.364761e-01 -1.167427e-01 9.975484e-02 4.551218e-01 -1.064800e+01 9.266490e+00 3.497932e+01 2391 1.603336e-02
97353 1.678956e-02 -1.971330e-02 1.528199e-01 4.269398e-02 -5.364972e-02 2.766379e-01 7.453309e+00 -9.764302e+00 3.562532e+01 2872 1.904666e-02
34995 3.452245e-03 1.104382e-02 1.420856e-01 2.610259e-02 3.159248e-02 2.482162e-01 1.706692e+00 1.548331e+00 7.996887e+00 2489 2.605680e-02
22516 -1.659369e-02 2.093104e-02 1.544909e-01 -5.266350e-01 5.711532e-01 2.478290e+00 -7.180498e+00 7.746175e+00 3.271507e+01 681 6.262470e-03
22538 6.383391e-03 2.189353e-03 9.410067e-02 6.556468e-02 4.228755e-02 2.906348e-01 4.651615e+00 3.151695e+00 1.544747e+01 569 4.394845e-03
97504 5.695075e-04 -9.918125e-03 8.810711e-02 6.330787e-03 -3.426601e-02 1.188028e-01 3.056158e+00 -1.291571e+01 1.628297e+01 1758 1.238531e-02
85049 -1.572960e-02 -1.066365e-03 1.268453e-01 -8.502004e-02 -1.708587e-02 3.473086e-01 -6.437246e+00 -1.488250e+00 2.048157e+01 1702 1.311196e-02
72235 7.603305e-03 4.935802e-03 8.382392e-02 3.115500e-02 1.712603e-02 1.145700e-01 8.402142e+00 4.348902e+00 1.096875e+01 782 4.835480e-03
60303 -2.760011e-03 -1.650886e-02 1.534932e-01 -2.638811e-02 -6.978566e-02 4.348462e-01 -1.986194e+00 -4.478483e+00 2.365072e+01 780 7.589114e-03
60352 6.638063e-03 -9.418325e-04 8.024430e-02 3.847121e-02 -5.455354e-03 1.153885e-01 1.706916e+01 -2.420183e+00 1.884456e+01 2103 1.295997e-02
22943 -1.512905e-03 -4.694556e-04 1.128398e-01 6.423703e-03 2.044600e-02 4.681016e-01 4.485324e-01 1.182024e+00 2.007739e+01 2651 1.809088e-02
22949 -9.898343e-03 -1.713102e-02 1.133346e-01 -4.375834e-02 -9.702136e-02 3.009528e-01 -2.546569e+00 -6.008454e+00 1.411053e+01 1586 1.206064e-02
47773 -8.503066e-03 -7.239886e-03 8.934551e-02 -5.848456e-02 -1.021028e-01 2.291205e-01 -4.133264e+00 -7.844771e+00 1.155881e+01 1374 9.787659e-03
97963 -9.204866e-04 6.522908e-03 9.933417e-02 -8.103075e-03 5.354497e-02 3.823950e-01 -8.329092e-01 5.452785e+00 3.282437e+01 845 5.875808e-03
72481 6.615520e-03 2.029253e-02 1.307042e-01 2.225201e-02 8.135122e-02 2.783888e-01 1.812303e+00 7.076834e+00 1.711696e+01 1417 1.168123e-02
85656 -1.917567e-03 9.859644e-03 9.463127e-02 6.771267e-03 1.438120e-01 3.793638e-01 6.528264e-01 1.006437e+01 2.139308e+01 1272 8.407078e-03
85682 -6.050151e-03 -1.334783e-03 9.379532e-02 -3.759434e-02 -3.838582e-03 2.339468e-01 -6.464571e+00 -5.131212e-01 2.872222e+01 1395 9.050631e-03
60642 4.593364e-03 -6.502748e-03 8.651388e-02 2.505176e-02 -3.727400e-02 1.580000e-01 4.217625e+00 -6.343683e+00 1.473731e+01 968 5.780642e-03
72680 1.121260e-02 -1.913263e-02 2.595058e-01 4.045398e-01 -6.137043e-01 5.702424e+00 1.342188e+00 -2.028914e+00 1.857339e+01 2157 2.397754e-02
23371 1.025010e-02 -8.121482e-03 1.054498e-01 1.239834e-01 -7.271121e-02 3.922680e-01 1.118297e+01 -6.350863e+00 2.820174e+01 969 6.482326e-03
35941 -8.907996e-03 -7.048286e-04 1.143660e-01 -3.488874e-02 -3.945004e-03 2.194373e-01 -5.756879e+00 -7.179663e-01 2.328196e+01 2057 1.417132e-02
48274 2.916761e-03 -5.407500e-03 8.377899e-02 1.452309e-02 -4.586403e-02 1.557960e-01 1.889302e+00 -6.585599e+00 1.172308e+01 904 7.283086e-03
48279 2.857305e-04 -5.056897e-03 8.791164e-02 9.975107e-03 -6.334698e-02 2.102425e-01 9.706308e-01 -5.839194e+00 1.225446e+01 978 1.063954e-02
60903 -2.750461e-03 -5.644495e-03 2.396579e-01 -2.626693e-02 -7.590203e-03 1.310712e+00 -4.624222e-01 -3.825993e-02 2.106094e+01 2042 2.062697e-02
36054 9.672047e-03 -7.335327e-03 9.435464e-02 2.577178e-01 -2.624208e-01 6.663770e-01 5.880996e+00 -6.047903e+00 1.356226e+01 1256 9.507982e-03
61106 1.736943e-02 1.478687e-02 1.299842e-01 8.839290e-02 6.273076e-02 3.964484e-01 8.694245e+00 5.868988e+00 3.261886e+01 5101 3.269141e-02
73082 -1.672242e-03 -4.163881e-04 1.341829e-01 -3.950750e-04 -8.726137e-03 6.037167e-01 7.471589e-02 -4.861309e-01 2.746832e+01 1096 9.413822e-03
98689 -1.811940e-03 1.139198e-02 1.201260e-01 -3.464556e-02 1.841004e-01 8.141644e-01 -1.146463e+00 6.030522e+00 2.423399e+01 1402 1.010973e-02
73152 -2.470276e-02 -8.982082e-03 1.368619e-01 -4.221037e-01 -1.010046e-01 9.641953e-01 -6.468395e+00 -1.497827e+00 1.346630e+01 669 8.481279e-03
23814 6.148242e-03 4.829763e-03 1.003896e-01 2.240001e-02 3.122460e-02 1.696238e-01 4.076190e+00 6.620227e+00 1.736501e+01 475 4.137324e-03
36318 -4.080681e-03 7.228770e-03 1.099155e-01 -3.142650e-01 5.208383e-01 2.089158e+00 -4.527461e+00 7.496661e+00 2.888909e+01 1163 7.262946e-03
61272 -7.093172e-03 1.063469e-02 1.518888e-01 -1.327200e-01 1.167382e-01 1.254859e+00 -2.362952e+00 1.995732e+00 2.074608e+01 1178 1.070129e-02
61317 -1.780588e-03 -2.514989e-02 1.120643e-01 -1.215306e-02 -1.022384e-01 2.324506e-01 -1.969691e+00 -1.463881e+01 2.286087e+01 1368 9.703036e-03
48759 -1.512592e-02 3.408079e-03 9.786117e-02 -1.670213e-01 4.090498e-02 3.380785e-01 -1.249841e+01 3.085358e+00 1.976580e+01 1934 1.305014e-02
24037 8.632464e-03 1.004978e-02 2.008582e-01 3.175044e-01 2.634317e-01 5.087504e+00 2.106644e+00 1.728177e+00 3.332909e+01 1040 1.022579e-02
24050 -1.705300e-02 -1.401271e-02 9.874009e-02 -6.122168e-02 -4.397089e-02 1.569977e-01 -9.129497e+00 -6.192241e+00 1.204164e+01 1293 9.994440e-03
99020 -1.591556e-04 1.488564e-02 1.763555e-01 -1.563757e-02 5.729683e-02 1.138569e+00 -3.961855e-01 1.085557e+00 2.462881e+01 1015 1.024186e-02
61565 8.910336e-03 -1.931256e-02 1.415578e-01 1.770296e-01 -3.980857e-01 1.228453e+00 1.936482e+00 -4.362897e+00 1.251940e+01 2161 1.975837e-02
73502 1.086578e-02 -3.211468e-03 1.178191e-01 7.881846e-02 -1.802124e-02 3.468558e-01 7.684399e+00 -1.674757e+00 2.590051e+01 750 6.094723e-03
86671 -8.986426e-03 5.173980e-03 9.292029e-02 -2.457114e-02 2.133535e-02 1.388232e-01 -6.615789e+00 6.860585e+00 1.948603e+01 688 4.566775e-03
61662 -1.021050e-02 -3.603137e-03 8.655322e-02 -5.927781e-02 -2.091176e-02 1.547884e-01 -9.995846e+00 -3.526061e+00 1.390068e+01 1391 9.308445e-03
73668 1.479942e-02 -1.871726e-03 1.160608e-01 2.134979e-01 -1.769183e-02 6.149210e-01 8.899571e+00 -7.085715e-01 2.234361e+01 1976 1.329788e-02
49192 8.188618e-03 -5.205110e-03 9.000062e-02 2.853262e-02 -2.662047e-02 1.490772e-01 8.178336e+00 -8.609022e+00 2.374893e+01 3633 2.311690e-02
73726 -6.856553e-03 -2.793572e-03 1.007537e-01 -3.642535e-02 -1.939443e-02 2.412586e-01 -4.141309e+00 -2.325062e+00 1.967865e+01 3626 2.407464e-02
86873 1.255457e-04 1.780006e-02 1.232510e-01 6.832182e-03 9.206955e-02 3.024690e-01 4.999288e-01 5.536226e+00 1.335934e+01 1992 1.574766e-02
99465 9.555439e-03 -4.028504e-03 1.217851e-01 1.340253e-01 -3.957554e-02 5.588830e-01 5.137723e+00 -1.467269e+00 1.804202e+01 4893 3.322875e-02
99518 -3.100125e-03 -2.532440e-02 2.003257e-01 -1.768490e-02 -3.098246e-01 1.933664e+00 -1.812456e-01 -3.535497e+00 2.154027e+01 1552 1.671787e-02
49439 1.136994e-03 7.666075e-03 9.604417e-02 1.172792e-02 7.030415e-02 2.484215e-01 1.079189e+00 6.382665e+00 1.552687e+01 744 5.289309e-03
87132 1.387828e-02 1.198647e-02 1.057327e-01 2.530003e-02 1.994762e-02 1.333521e-01 8.193761e+00 5.711186e+00 1.981370e+01 1027 7.542136e-03
49487 -9.862886e-04 2.734812e-03 1.268730e-01 -1.535999e-02 4.659487e-03 5.411434e-01 -9.060015e-01 1.213158e-01 2.611224e+01 1304 9.789878e-03
62109 -5.445818e-03 -8.400796e-03 1.019835e-01 -3.405209e-02 -6.972190e-02 3.254040e-01 -4.370862e+00 -9.369486e+00 3.413729e+01 955 6.509025e-03
87163 1.199569e-02 -7.057141e-03 1.108520e-01 1.060479e-01 -7.468494e-02 4.222281e-01 7.639192e+00 -5.492926e+00 2.529087e+01 940 6.914813e-03
99656 -2.591324e-03 -5.031728e-03 8.109428e-02 -3.166642e-02 -3.498424e-02 1.434088e-01 -5.744752e+00 -5.918115e+00 1.231230e+01 2697 1.622630e-02
62140 -5.559979e-03 3.161192e-03 1.098337e-01 -4.463783e-02 9.162159e-03 2.952260e-01 -3.617736e+00 5.555556e-01 1.716319e+01 671 5.397550e-03
24736 -4.307039e-03 -2.603204e-02 1.918466e-01 -1.231434e-01 -4.301087e-01 1.917696e+00 -1.815341e+00 -6.172660e+00 2.636401e+01 805 9.302752e-03
24763 -9.793368e-03 2.164158e-03 9.348879e-02 -1.068669e-01 7.873630e-03 2.811015e-01 -9.361492e+00 5.506048e-01 1.809282e+01 1336 8.248081e-03
62210 -1.810857e-02 -1.677919e-02 1.487785e-01 -8.129660e-02 -7.560792e-02 3.758134e-01 -6.446149e+00 -6.001434e+00 2.316105e+01 1298 1.076176e-02
74097 -1.459696e-02 1.499927e-02 1.605194e-01 -8.340744e-01 9.984041e-01 4.856904e+00 -5.324137e+00 6.389171e+00 3.051236e+01 1779 1.397355e-02
62214 -4.925941e-03 9.876124e-03 1.143971e-01 -3.888404e-02 5.291061e-02 3.200342e-01 -3.652797e+00 4.629123e+00 2.211992e+01 906 7.114908e-03
37343 6.475835e-03 -1.800653e-03 1.133168e-01 1.775408e-01 -9.000236e-02 1.026862e+00 5.129050e+00 -2.644556e+00 2.739086e+01 2561 1.734026e-02
49678 -7.160781e-03 1.719214e-02 1.867366e-01 -5.221028e-02 9.486164e-02 8.651264e-01 -1.898493e+00 3.273177e+00 2.858896e+01 4370 3.121191e-02
99917 6.763797e-03 3.647759e-03 1.114186e-01 7.752756e-02 5.146657e-02 5.697001e-01 5.409907e+00 3.655760e+00 3.503573e+01 849 5.615188e-03
62454 -9.041044e-04 -2.959665e-03 1.261827e-01 8.977924e-03 -7.386890e-02 9.646939e-01 3.871519e-01 -2.778038e+00 3.285067e+01 767 5.943712e-03
49978 -5.823677e-03 4.436456e-03 1.039337e-01 -5.628494e-02 4.764040e-02 5.713010e-01 -2.629413e+00 2.251252e+00 2.435337e+01 1078 7.170939e-03
74706 -6.602204e-03 -5.981954e-03 8.439375e-02 -3.298163e-02 -2.152567e-02 1.241896e-01 -7.714202e+00 -4.545489e+00 1.163761e+01 801 5.797530e-03
74801 3.338112e-03 -2.621190e-04 9.666890e-02 3.679631e-02 -1.713932e-02 2.701892e-01 4.755037e+00 -2.398566e+00 2.466048e+01 1399 1.046523e-02
74803 -3.660713e-03 1.003835e-02 1.104679e-01 -3.173027e-02 9.832939e-02 4.099388e-01 -1.202990e+00 3.783930e+00 1.283456e+01 2587 1.961237e-02
74976 -1.809512e-02 1.190737e-02 1.181317e-01 -7.206572e-02 4.756762e-02 2.416014e-01 -8.128957e+00 5.371084e+00 1.859679e+01 1049 8.143646e-03
