/n/home03/calmiller/DSMC_Simulations/5_13_20_density_control/flow_2.000_gap_0.005_len_0.000/data
running....
idx x y z xnext ynext znext vx vy vz collides time
351 1.117692e-02 -1.171673e-02 9.106330e-02 4.775362e-02 -3.989064e-02 1.852561e-01 7.295821e+00 -4.507277e+00 4.244435e+01 1319 9.076711e-03
573 8.352527e-03 -1.578508e-02 8.035228e-02 1.713551e-02 -3.257710e-02 9.759669e-02 8.891123e+00 -1.702404e+01 2.058356e+01 1977 1.376010e-02
2057 -4.189291e-05 1.607336e-02 9.101253e-02 1.171071e-03 3.853541e-02 1.362886e-01 7.977601e-01 1.102831e+01 3.321822e+01 669 4.766732e-03
2438 2.352515e-04 -2.172888e-03 1.917761e-01 -1.056288e-04 2.275587e-03 2.622755e+00 -2.904969e+00 -2.284243e+00 2.986159e+01 773 9.853166e-03
3170 -8.702460e-03 1.510684e-02 8.408349e-02 -2.498692e-02 4.136132e-02 1.460705e-01 -6.096172e-01 5.578323e-01 2.526225e+01 3222 2.359893e-02
3929 2.642953e-02 1.359517e-02 1.331080e-01 -1.771404e-02 -8.063019e-03 6.519527e-01 -1.923490e+01 -9.723331e+00 1.097696e+01 1082 1.249170e-02
4543 8.213311e-03 1.780440e-02 9.402779e-02 1.511541e-02 2.947513e-02 1.125115e-01 3.285846e+00 4.753393e+00 1.472611e+01 959 7.932332e-03
4736 -3.829908e-03 -1.434886e-02 7.971462e-02 -1.443673e-02 -3.980194e-02 1.182767e-01 -3.503448e+00 -6.887448e+00 2.122056e+01 570 4.075214e-03
5255 -2.260932e-02 -7.443855e-03 1.109835e-01 -2.315824e-02 -7.003550e-03 5.585379e-01 1.055526e+01 3.564699e+00 2.522828e+01 1881 1.449063e-02
6329 -8.841153e-03 -4.010332e-04 2.367099e-01 8.252885e-03 5.545615e-05 1.435008e+01 -2.172760e+00 -9.994754e-01 1.411337e+01 708 1.630189e-02
6382 -2.321280e-02 9.855975e-03 9.012621e-02 -3.606809e-02 1.765786e-02 1.155033e-01 -3.114055e+00 2.835416e+00 1.852021e+01 1288 9.812826e-03
7118 1.529313e-02 -2.447111e-02 1.182721e-01 -4.890116e-03 9.986483e-03 6.366153e-01 1.198427e+01 -1.989513e+01 4.089868e+01 1015 8.348045e-03
7911 4.893143e-03 1.649438e-02 8.228670e-02 1.213087e-02 3.395176e-02 1.512577e-01 -2.583675e+00 -8.912523e+00 1.948317e+01 828 7.080120e-03
8380 7.798123e-04 -1.380475e-02 7.793121e-02 -2.305166e-03 -3.914523e-02 1.376953e-01 -3.763189e-01 9.867875e+00 1.522840e+01 509 3.578323e-03
8826 1.207038e-02 2.304674e-02 1.136341e-01 -9.228851e-03 -2.103141e-02 1.198376e+00 5.562000e+00 9.832138e+00 1.995446e+01 2637 2.172824e-02
8919 4.730814e-03 2.463280e-02 1.168774e-01 1.137810e-02 3.239064e-02 1.031016e+00 1.164388e+00 -4.607623e+00 2.897648e+01 803 6.581584e-03
9489 1.427725e-03 -1.825005e-03 2.357215e-01 2.502396e-03 5.317006e-03 1.508399e+01 -1.982087e+00 -7.840095e-01 2.683055e+01 703 1.114783e-02
9726 2.183538e-02 -1.519183e-05 7.242255e-02 -3.568754e-02 1.990862e-03 1.368712e-01 1.535226e+01 -1.315458e-01 5.630478e+00 3152 2.173100e-02
10024 -1.238356e-02 8.404259e-03 7.900635e-02 -4.018961e-02 1.831500e-02 1.504357e-01 5.997077e+00 -4.391952e+00 2.038944e+01 576 4.197229e-03
10087 1.900586e-02 1.074764e-03 8.273707e-02 5.348132e-02 -8.169469e-03 1.142059e-01 1.724679e+01 -6.035969e+00 2.242497e+01 3369 2.491170e-02
10478 1.675558e-02 -3.334805e-03 8.210905e-02 -5.410462e-02 1.498825e-02 3.302941e-01 4.732850e+00 -5.178199e-01 2.350474e+01 1492 1.119293e-02
10576 -2.265479e-02 3.475649e-03 8.488253e-02 5.154597e-02 -1.088979e-04 3.023639e-01 1.517004e+01 3.062912e+00 2.499076e+01 1051 8.035730e-03
11312 1.884965e-02 -1.347804e-02 8.334086e-02 -2.487842e-02 2.693796e-02 1.636176e-01 9.703873e+00 -6.326499e+00 7.475541e+00 372 3.926990e-03
11362 -1.485045e-03 6.933534e-04 2.878136e-01 2.516306e-03 1.843209e-04 1.103786e+01 2.827658e+00 2.519616e+00 1.075004e+01 1430 3.642977e-02
11609 -1.666633e-02 -1.004159e-03 2.288655e-01 1.990536e-02 1.309784e-03 3.039299e+01 8.187773e+00 8.054169e-01 3.016413e+01 1064 1.207999e-02
12151 -5.843116e-03 1.644889e-02 8.109110e-02 -1.631127e-02 5.224100e-02 1.748173e-01 4.376513e+00 -1.265345e+01 2.346892e+01 3047 2.021768e-02
12482 -1.393595e-02 9.353460e-03 7.938488e-02 -2.663964e-02 1.897570e-02 9.191107e-02 -2.261061e+01 1.722976e+01 2.387497e+01 1751 1.206794e-02
12833 -5.935361e-03 1.590386e-02 8.099782e-02 -1.920244e-02 4.372008e-02 1.411027e-01 5.387142e-01 -2.705096e+00 2.118507e+01 532 3.987118e-03
13604 4.051367e-03 -1.441590e-02 8.971076e-02 -1.961128e-03 -3.730114e-02 1.883986e-01 -2.597819e+00 5.846153e+00 3.008157e+01 2294 1.564596e-02
14098 2.477220e-02 8.050909e-03 1.105392e-01 3.706997e-02 1.089170e-02 6.032741e-01 -5.308442e+00 -2.071893e+00 2.887956e+01 1310 1.084701e-02
14472 2.423279e-03 -1.210641e-03 2.098915e-01 1.342744e-03 1.192556e-03 1.083738e+00 -1.192618e+00 1.521463e+00 5.303859e+01 1733 1.445728e-02
14637 -4.054283e-03 -2.806574e-02 9.001682e-02 4.794445e-03 3.206585e-02 6.605929e-01 2.369627e+00 1.251523e+01 1.529221e+01 1609 1.279311e-02
15430 -5.556976e-03 1.770587e-02 8.222623e-02 -1.037462e-02 4.313817e-02 1.264036e-01 7.254073e-01 5.234064e-01 1.901791e+01 1191 1.018715e-02
15754 4.421652e-03 -1.324161e-02 7.797651e-02 9.050598e-03 -3.691906e-02 1.081251e-01 3.067988e+00 -1.739066e+01 2.722948e+01 475 3.324963e-03
16230 -1.610322e-02 -2.291173e-03 1.021912e-01 -4.011634e-02 -1.371160e-02 1.855444e-01 -8.659151e-01 -2.407204e+00 3.613368e+01 1438 1.088399e-02
17230 1.040437e-02 -1.510038e-02 8.240740e-02 2.244080e-02 -3.451291e-02 1.174971e-01 1.684701e+00 -3.234654e+00 1.844622e+01 538 4.190333e-03
17256 7.890312e-03 -1.998379e-02 9.011698e-02 1.174609e-02 -2.373826e-02 3.871740e-01 -4.558188e+00 1.163522e+01 1.611968e+01 1662 1.354780e-02
17261 5.643157e-03 1.817443e-02 9.872472e-02 1.074501e-02 3.127339e-02 1.794085e-01 -1.653033e+00 -5.897380e+00 2.887863e+01 838 7.222435e-03
17296 -1.072391e-02 1.209554e-02 8.017221e-02 -3.118598e-02 3.534838e-02 1.186305e-01 -8.764283e+00 9.982280e+00 2.512749e+01 1067 7.952864e-03
18128 -2.205260e-02 8.977081e-04 8.579754e-02 -3.258174e-02 3.124534e-03 9.828920e-02 -1.516077e+01 3.574492e+00 2.099168e+01 593 4.981480e-03
19577 1.391331e-03 1.583519e-02 7.902395e-02 4.406356e-03 3.159335e-02 9.931486e-02 2.259720e+00 1.025602e+01 1.827937e+01 529 4.435948e-03
19766 7.464610e-03 -1.128541e-02 7.680919e-02 1.656263e-02 -2.860013e-02 1.090967e-01 1.228589e+00 -3.256109e+00 1.662913e+01 2962 2.185616e-02
20484 -3.040614e-03 -1.275176e-03 2.066233e-01 -4.199047e-03 -9.928659e-04 8.604925e-01 -2.164923e+00 6.851947e-01 4.277792e+01 465 5.966225e-03
20690 2.893991e-02 2.189593e-03 2.861525e-01 -3.042897e-02 -2.231992e-03 1.307408e+01 -2.534736e+00 6.727535e-03 1.278793e+01 1155 2.878850e-02
20804 1.984175e-02 -1.735661e-02 8.873851e-02 -2.995211e-02 2.775897e-02 2.655465e-01 7.915620e+00 -6.702029e+00 1.709434e+01 1066 8.654490e-03
22477 -1.405830e-02 1.324295e-02 9.608064e-02 -4.432996e-02 3.628425e-02 1.758445e-01 -2.724205e+00 1.100787e+00 3.357381e+01 1302 9.782388e-03
22652 -9.754048e-03 2.074588e-02 1.043916e-01 -1.228901e-02 3.120138e-02 2.362930e-01 6.901603e+00 -1.509276e+01 3.177714e+01 1177 8.929788e-03
22884 1.766190e-03 1.838667e-02 9.485035e-02 4.055244e-04 4.712897e-02 1.376237e-01 -1.370835e+00 1.792092e+01 3.526084e+01 3172 2.192638e-02
23471 -9.803746e-03 -1.500474e-02 8.182183e-02 -1.846531e-02 -3.258112e-02 1.088526e-01 -4.555432e+00 -1.021294e+01 2.228235e+01 8148 5.673251e-02
23945 -7.939538e-03 -1.625208e-02 8.244029e-02 -1.799262e-02 -3.302194e-02 1.456627e-01 4.430488e+00 9.140062e+00 1.756672e+01 812 6.322042e-03
24275 -2.615952e-03 -4.331682e-04 2.005251e-01 -4.743894e-03 8.624684e-03 2.463230e+00 1.377000e+00 6.161062e-01 1.855423e+01 1230 1.742890e-02
24572 4.292523e-03 -2.373435e-03 2.276828e-01 -5.383545e-03 1.611831e-03 4.037088e+00 1.950075e+00 -1.248595e+00 3.338652e+01 719 8.771362e-03
24860 1.948937e-03 2.450578e-02 1.055357e-01 -3.904777e-03 -4.484634e-02 3.892319e-01 3.561990e-01 5.440377e+00 2.850377e+01 637 5.370418e-03
24928 -2.003772e-02 -1.167327e-02 8.665871e-02 2.482519e-02 1.465890e-02 4.328197e-01 8.077486e+00 5.103308e+00 1.524818e+01 419 4.688361e-03
24998 -3.067609e-05 1.602878e-02 8.153460e-02 -7.114521e-03 3.955581e-02 1.280492e-01 -2.824704e+00 4.429552e+00 2.422292e+01 2083 1.536404e-02
25179 -1.385658e-02 3.660079e-03 7.765131e-02 -3.526445e-02 1.288271e-02 1.058498e-01 -1.479642e+01 6.803154e+00 2.483043e+01 476 3.314439e-03
25264 9.533721e-03 1.458450e-02 9.178146e-02 1.144431e-02 5.144422e-02 1.551327e-01 -4.630630e+00 -3.652137e+00 2.010567e+01 2799 2.029833e-02
25932 -2.017284e-02 -1.318044e-02 8.988679e-02 2.559626e-02 1.721513e-02 5.074234e-01 1.152617e+01 8.699669e+00 1.845035e+01 2744 1.948997e-02
26308 -1.891407e-02 -3.599831e-03 8.338312e-02 -5.710002e-02 -2.023038e-02 2.156038e-01 2.240609e+01 6.002830e+00 2.828424e+01 851 5.980440e-03
26859 -2.495627e-03 1.496529e-02 7.767086e-02 -5.783355e-03 3.444864e-02 9.767178e-02 -2.259598e+00 1.335838e+01 1.788515e+01 973 7.342077e-03
27759 7.855257e-03 2.377631e-02 9.088861e-02 2.107588e-02 4.634620e-02 1.471991e-01 -4.259418e-01 -5.049830e+00 2.170443e+01 945 7.623838e-03
28292 -4.721022e-03 2.735394e-04 2.589883e-01 4.000609e-03 -3.558464e-04 2.065670e+00 1.597835e+00 9.761612e-02 4.965085e+01 731 9.012619e-03
28376 2.146607e-03 2.712654e-03 1.768205e-01 -2.078509e-03 -1.943826e-03 4.202922e+01 3.164130e-01 2.328780e+00 4.185240e+01 2750 2.141525e-02
28889 1.069394e-02 -2.590197e-02 9.697578e-02 3.623748e-03 -1.286490e-02 7.992944e-01 1.013256e+01 -1.947177e+01 2.435019e+01 1972 1.457259e-02
28980 1.713951e-02 -2.305002e-02 8.780698e-02 -3.520350e-02 4.376458e-02 2.354623e-01 -6.104289e+00 6.167101e+00 1.656877e+01 636 5.461103e-03
29463 2.218614e-02 1.540664e-02 9.057998e-02 2.888499e-02 1.949046e-02 1.976543e-01 -1.979245e+01 -1.362946e+01 2.253560e+01 841 6.450620e-03
29667 1.230305e-02 -1.932505e-02 1.020594e-01 1.750117e-02 -2.592685e-02 1.173931e-01 6.286215e+00 -7.580690e+00 2.311039e+01 2249 1.667910e-02
29914 -1.557501e-03 -2.127289e-03 1.356646e-01 -1.144349e-03 -9.194331e-03 4.337417e-01 -1.136040e+00 -2.724550e+00 2.897327e+01 1529 1.340633e-02
30771 2.174853e-02 1.083874e-02 1.198303e-01 2.459000e-02 1.060816e-02 1.019641e+00 1.108992e+00 2.042228e+00 1.545940e+01 1566 1.564791e-02
31162 2.269641e-02 -4.724892e-03 8.615097e-02 -3.914690e-02 5.461610e-03 6.875086e-01 -3.251535e+00 -7.927465e-01 1.558751e+01 997 8.656129e-03
33468 -1.405745e-02 1.869020e-02 1.094570e-01 -2.319885e-02 2.623796e-02 1.778299e-01 2.485842e+00 -4.654117e+00 3.001029e+01 871 7.456503e-03
33783 -3.142750e-03 -1.237000e-04 2.707403e-01 2.804844e-03 -9.082300e-04 3.832208e+01 -1.136213e+00 -2.922497e+00 3.805134e+01 890 1.111900e-02
34204 -7.799414e-03 2.829600e-02 9.727225e-02 1.194961e-02 -3.487174e-02 2.426127e-01 -4.700035e-01 5.426318e+00 1.576974e+01 671 6.955765e-03
34331 -5.204935e-03 -2.676071e-02 9.595096e-02 1.266435e-02 4.157332e-02 2.842433e-01 2.196245e+00 -1.502454e-01 2.070013e+01 898 8.003389e-03
34475 1.676947e-02 4.882274e-03 9.386112e-02 2.871853e-02 8.720363e-03 1.208500e-01 6.023629e+00 2.032086e+00 2.285797e+01 680 5.481030e-03
34508 1.516048e-02 1.619662e-02 1.014811e-01 -2.079704e-02 -2.467888e-02 2.783992e-01 4.970461e-01 -8.742582e-01 1.985455e+01 927 8.313825e-03
35696 1.185028e-02 -2.566281e-02 1.076895e-01 1.839304e-02 -3.944675e-02 1.306175e+00 -6.055217e+00 1.313578e+01 2.506974e+01 516 4.813351e-03
35777 1.944443e-02 -1.771524e-02 8.992405e-02 1.691098e-02 -1.504169e-02 1.074507e+00 1.579662e+01 -1.659373e+01 2.224385e+01 1056 7.711736e-03
35916 -2.459988e-03 -1.384436e-02 7.809799e-02 -6.527219e-03 -3.414212e-02 1.037993e-01 -4.425119e+00 -2.187294e+01 3.132935e+01 844 6.127650e-03
37565 -1.519031e-02 -7.763042e-03 7.989759e-02 -5.470837e-02 -3.367302e-02 1.480796e-01 -6.656155e+00 -5.153331e+00 3.060759e+01 1356 9.502149e-03
37589 -2.249186e-02 -1.213979e-02 1.505355e-01 1.873208e-02 5.507134e-03 1.137978e+01 -7.238981e+00 -8.473948e+00 1.594136e+01 2658 2.295227e-02
38052 6.562858e-03 -2.118928e-02 8.552230e-02 1.101966e-02 -3.305636e-02 9.916658e-02 2.807525e+00 -6.834575e+00 1.293743e+01 1318 1.068305e-02
38131 -2.969505e-03 -1.595148e-03 2.005344e-01 -4.626498e-03 -1.878314e-03 1.284610e+01 -1.631901e+00 -8.965612e-01 4.551018e+01 1355 1.171584e-02
38338 2.761974e-02 2.877986e-03 9.531623e-02 -4.242849e-02 -2.370818e-03 3.787553e-01 1.617877e+01 1.704907e+00 2.563776e+01 722 5.534064e-03
38552 -2.305382e-02 9.950346e-03 1.089139e-01 -2.488030e-02 1.953311e-02 1.605691e+00 1.642696e+01 -7.952834e+00 3.075561e+01 1736 1.288050e-02
38814 3.098431e-03 1.832724e-02 9.530679e-02 3.137094e-03 4.053445e-02 1.635378e-01 -1.276423e+00 -2.739221e+00 2.644878e+01 832 5.799476e-03
38994 1.633917e-02 4.717022e-03 9.305935e-02 4.112247e-02 1.175709e-02 2.348370e-01 -1.193583e+01 -3.439937e+00 3.557674e+01 766 5.471782e-03
39652 -1.810111e-02 -4.131520e-03 8.385157e-02 -4.370138e-02 -9.938583e-03 1.492048e-01 5.887085e+00 1.347963e+00 2.132924e+01 1300 9.555595e-03
39695 -2.501744e-02 -8.451778e-03 9.307057e-02 -1.797043e-02 -6.274304e-03 3.846998e-01 -1.795804e+01 -5.599965e+00 2.028143e+01 2620 1.991181e-02
40253 -7.590421e-03 -1.845661e-03 3.197752e-01 1.181012e-02 3.875322e-03 1.007467e+00 -3.690557e+00 -2.026671e+00 3.218846e+01 720 1.445929e-02
40378 2.125425e-02 8.192050e-03 8.385315e-02 6.183596e-02 1.784364e-02 4.441056e-01 -7.769931e+00 -3.487059e+00 1.994642e+01 2292 1.637985e-02
40937 -1.100874e-02 -7.877435e-04 2.546931e-01 1.148947e-02 -4.420359e-03 2.730119e+00 7.563764e+00 1.257300e-01 1.812787e+01 4107 4.272716e-02
41839 1.411917e-02 -5.405800e-03 7.907207e-02 3.945240e-02 -1.610873e-02 1.208154e-01 7.584092e+00 -3.363882e+00 2.372033e+01 1108 9.096126e-03
42442 -2.252039e-02 -1.611972e-02 9.728493e-02 6.586312e-03 5.153760e-03 5.182799e-01 1.568207e+01 1.092551e+01 2.014138e+01 3495 2.559129e-02
42779 2.503333e-03 1.320001e-02 2.431081e-01 -3.023899e-03 -1.604889e-02 2.394931e+01 -1.326037e+00 -7.285825e+00 2.370620e+01 1788 2.096727e-02
43381 -6.701986e-03 -2.192113e-02 1.079325e-01 -7.721032e-03 -2.338540e-02 4.223364e-01 -4.141597e+00 -5.483885e+00 2.090359e+01 1302 1.085253e-02
43931 5.143261e-03 -1.754559e-02 9.735009e-02 3.127244e-03 -3.022745e-02 1.844046e-01 -2.816993e+00 7.719075e+00 2.742414e+01 1836 1.305627e-02
44441 8.159291e-03 -9.959116e-04 2.881887e-01 -6.039718e-03 -4.502981e-05 8.152143e+00 3.595953e+00 -6.743554e-01 2.344200e+01 1805 2.199715e-02
45050 -2.606580e-03 6.304604e-05 3.198013e-01 -3.227483e-03 -5.452417e-05 9.024989e+00 5.434465e+00 1.039400e+00 1.679814e+01 2052 2.821941e-02
45862 1.282542e-02 -1.068402e-02 8.205421e-02 2.141931e-02 -2.292088e-02 1.038784e-01 3.117030e+00 -6.060095e+00 1.663982e+01 1331 1.009835e-02
46067 -1.134974e-05 1.936974e-02 8.390693e-02 5.754290e-04 5.469089e-02 1.397706e-01 2.700203e-01 1.049636e+01 3.156453e+01 1928 1.403963e-02
46254 -5.664352e-03 -2.395683e-02 1.244961e-01 -6.181191e-03 -2.020228e-02 8.274727e-01 7.475228e-01 -1.015042e+01 2.409254e+01 2264 1.814537e-02
46389 -1.378377e-02 -1.324463e-02 9.715513e-02 -3.059139e-02 -3.126409e-02 1.706110e-01 8.790543e-02 -4.668938e-01 3.235290e+01 2909 2.098248e-02
46464 5.269129e-03 2.731756e-02 2.502518e-01 -4.736209e-03 -2.939818e-02 2.141058e+01 1.810014e+00 -4.299708e+00 2.116032e+01 822 1.621801e-02
46637 -6.245077e-03 -1.840572e-02 9.209315e-02 -1.036250e-02 -3.717264e-02 3.070724e-01 -1.462073e+00 -8.821022e+00 1.333297e+01 2130 1.687406e-02
46881 1.508136e-02 2.056059e-02 1.149346e-01 1.287949e-02 2.739170e-02 1.341568e+00 -4.770136e+00 -3.941420e-02 2.679424e+01 444 4.820778e-03
47372 -4.499121e-03 6.000427e-03 3.224277e-01 -5.561165e-03 8.998494e-03 4.491385e+01 8.528398e-01 -3.216531e+00 5.686423e+01 937 1.001902e-02
47731 4.258763e-03 -4.056593e-03 1.998938e-01 -9.320566e-03 1.029866e-02 4.932282e+00 4.915265e-01 -1.274656e-01 2.178526e+01 2280 2.424624e-02
47870 1.487771e-02 2.594251e-02 1.277049e-01 1.473907e-02 3.228149e-02 1.632457e-01 -2.963597e+00 -3.602920e-02 3.026156e+01 1853 1.460331e-02
48019 5.186900e-03 -4.202688e-03 2.024530e-01 -5.606810e-03 3.464573e-03 2.213165e+01 4.011755e+00 -3.092446e+00 2.973199e+01 1562 1.492734e-02
48596 1.147389e-02 -9.830923e-03 9.020338e-02 2.183323e-02 -3.351016e-02 2.061324e-01 -7.451668e+00 6.765749e+00 3.014862e+01 2268 1.688819e-02
49736 -4.867522e-03 8.493760e-03 2.229342e-01 5.005039e-03 -1.283305e-02 2.543285e+01 1.072718e-01 -1.176836e+01 2.520992e+01 841 1.248633e-02
50419 1.225156e-03 -3.956471e-04 2.539555e-01 2.294258e-03 -1.361010e-03 6.658809e-01 -8.399255e+00 4.177484e+00 1.889947e+01 1864 2.269264e-02
50515 1.510579e-02 -4.140430e-03 8.105214e-02 4.420185e-02 -1.829560e-02 1.266524e-01 5.367470e+00 -3.676555e+00 2.219941e+01 614 4.401707e-03
50670 5.493057e-03 -1.395982e-02 7.931783e-02 1.511849e-02 -3.149225e-02 1.008911e-01 7.492125e+00 -1.295988e+01 2.032311e+01 1251 9.022044e-03
50870 8.681516e-03 1.299477e-02 9.181860e-02 1.761646e-02 2.602914e-02 1.326826e-01 1.657159e+00 2.323647e+00 2.332732e+01 740 6.026288e-03
51112 9.018423e-03 -1.160448e-02 8.849135e-02 1.949342e-02 -2.382671e-02 1.182320e-01 4.548568e-01 -1.607813e-01 1.404624e+01 2430 1.860746e-02
53654 -9.556450e-04 -1.639936e-02 8.032391e-02 -1.017264e-02 -6.003564e-02 1.547762e-01 4.066105e-01 8.857355e+00 2.061665e+01 732 5.847614e-03
54139 1.375338e-02 2.191819e-03 7.710089e-02 3.815236e-02 4.181653e-03 1.081814e-01 3.799962e+00 -5.141334e-02 1.487329e+01 569 4.630889e-03
54532 -3.622598e-03 -1.503278e-02 9.056998e-02 -8.242264e-03 -2.922046e-02 1.640307e-01 1.722780e+00 7.426255e+00 2.163735e+01 3849 2.796604e-02
55597 -1.275587e-02 4.933275e-03 7.850789e-02 -2.643806e-02 1.607332e-02 9.412453e-02 -8.779910e+00 8.157880e+00 1.379373e+01 1461 9.614831e-03
55924 -1.007541e-02 -1.223276e-02 7.881128e-02 -3.476913e-02 -2.311513e-02 9.949023e-02 -2.298583e+01 -8.916462e+00 2.175475e+01 1137 8.220702e-03
56251 -1.499895e-02 2.848238e-03 9.006962e-02 -3.954754e-02 1.056669e-02 1.599271e-01 7.649468e+00 -1.347312e+00 1.989413e+01 2540 1.854648e-02
56627 -1.327967e-02 -8.177740e-03 7.884368e-02 -3.627049e-02 -1.808473e-02 1.357317e-01 7.541402e+00 4.694186e+00 1.564186e+01 336 3.283683e-03
57462 1.961284e-02 -1.005228e-02 8.570079e-02 3.618944e-02 -2.137218e-02 1.056352e-01 2.155450e+01 -1.509155e+01 2.936544e+01 1133 9.817042e-03
58245 2.348916e-02 -1.440650e-02 9.772356e-02 2.489795e-02 -1.486814e-02 8.556743e-01 1.041066e+00 1.881896e-01 1.269207e+01 606 6.597364e-03
59128 1.919530e-02 2.020656e-03 8.486978e-02 3.298389e-02 2.688183e-03 1.026324e-01 1.380361e+01 5.233205e-01 2.193567e+01 1493 1.135556e-02
59967 1.901903e-02 -1.410939e-02 2.827726e-01 -1.419687e-02 1.073848e-02 1.895745e+01 1.472215e+01 -1.033851e+01 1.867467e+01 1578 2.284086e-02
60608 -2.291686e-02 1.458354e-02 1.280976e-01 1.766518e-02 -1.112747e-02 6.032253e-01 9.411045e+00 -6.129500e+00 2.216786e+01 1785 1.447817e-02
61761 2.003173e-02 2.066520e-03 8.446285e-02 3.006886e-02 1.997141e-03 9.586822e-02 2.435304e+01 -3.090258e-01 2.939120e+01 1009 7.524813e-03
61895 -6.953936e-04 -1.309493e-02 7.627237e-02 -5.605144e-03 -3.354068e-02 9.578159e-02 -4.095185e+00 -1.524985e+01 1.804484e+01 346 2.749802e-03
61976 -1.362013e-03 1.683508e-02 9.341228e-02 4.281279e-04 -3.162035e-02 2.890991e-01 -7.941005e-01 -4.483196e-01 2.091648e+01 532 4.808538e-03
62302 1.785587e-02 -2.078452e-02 1.218379e-01 -2.687388e-02 3.256844e-02 1.952315e+00 3.246303e-01 2.636799e-01 3.421741e+01 724 6.409864e-03
62310 1.733442e-02 -2.626923e-03 9.437491e-02 3.664564e-02 -3.279763e-03 2.723237e-01 -1.828275e+01 2.312208e+00 3.747805e+01 1295 9.629251e-03
62383 1.568154e-02 -2.418035e-02 1.199783e-01 1.986985e-02 -3.165414e-02 1.492337e+00 1.389299e+00 -3.099651e+00 3.021115e+01 700 5.996886e-03
62593 3.149346e-03 -1.173338e-03 2.002134e-01 -1.486735e-02 2.670105e-03 1.977679e+00 1.194647e+00 -5.801221e-01 2.093727e+01 871 1.251787e-02
62721 1.180134e-02 1.602957e-02 8.341008e-02 3.110573e-02 4.150572e-02 1.536113e-01 -4.567053e+00 -6.264874e+00 2.160606e+01 571 4.416284e-03
62957 3.507741e-04 1.757844e-03 2.155417e-01 2.747985e-03 2.941004e-03 1.221849e+01 -1.743157e-01 -1.016184e+00 2.513512e+01 688 1.046644e-02
63060 9.495740e-03 -1.395302e-02 9.245397e-02 1.830069e-02 -3.073545e-02 1.502545e-01 -1.373632e+00 1.014695e+00 2.406194e+01 630 5.298462e-03
63521 2.120331e-04 4.043067e-03 1.880482e-01 6.592336e-04 2.249352e-03 1.215211e+01 9.968999e-02 -1.978034e+00 2.594726e+01 1978 1.854952e-02
63650 -2.349893e-02 8.847481e-03 1.182498e-01 3.288920e-02 -1.483394e-02 5.374293e-01 -7.521108e+00 2.279104e+00 4.210397e+01 4607 3.322142e-02
63840 -1.881456e-02 6.358309e-03 8.561828e-02 -4.013151e-02 1.276238e-02 1.529169e-01 5.893205e+00 -2.104318e+00 2.284037e+01 511 3.923284e-03
65483 -2.142276e-02 7.450266e-03 1.046649e-01 2.635709e-02 -1.475836e-02 2.731119e-01 -5.732923e+00 1.296279e-01 1.766156e+01 951 8.725901e-03
65679 1.477288e-02 -7.550276e-03 9.234684e-02 2.954743e-02 -1.731995e-02 1.607898e-01 -3.337658e+00 1.259493e+00 2.574302e+01 800 5.942014e-03
65819 -1.483427e-02 2.575919e-02 1.163974e-01 -2.030652e-02 4.449115e-02 9.739746e-01 1.046538e+01 -1.885824e+01 4.532533e+01 1390 9.811830e-03
66194 -6.830405e-03 1.331892e-02 8.967168e-02 -2.199168e-02 3.220684e-02 1.684261e-01 2.058549e-01 -2.369756e+00 2.878318e+01 1394 1.019092e-02
67017 -1.235056e-02 8.180561e-03 7.978314e-02 -4.158360e-02 2.366454e-02 1.454361e-01 -1.671499e-01 -6.251143e-01 2.421398e+01 2377 1.621185e-02
67123 -3.990783e-03 -2.050472e-03 2.513277e-01 3.175737e-03 1.747518e-03 1.961393e+01 -2.533198e+00 -9.743609e-01 1.936260e+01 2756 2.674859e-02
68423 1.362044e-03 -8.855993e-03 2.879828e-01 -1.089856e-03 8.526412e-03 3.836072e+01 8.476659e-01 -1.442792e+00 3.807274e+01 549 9.594660e-03
69088 -1.375100e-02 1.002940e-02 7.976137e-02 -3.711781e-02 2.734602e-02 1.159562e-01 -7.158685e+00 5.350330e+00 2.095378e+01 774 5.739915e-03
69184 -1.656930e-02 -1.694517e-02 1.078162e-01 -3.052040e-02 -2.781308e-02 1.684727e-01 1.040305e+00 2.199474e+00 2.847207e+01 1347 1.079996e-02
69298 1.344627e-02 -5.020047e-03 7.737947e-02 2.799684e-02 -1.123458e-02 9.391109e-02 1.337068e+01 -5.817316e+00 1.834901e+01 1694 1.231976e-02
69664 -2.444491e-02 -9.392978e-03 1.116176e-01 -3.935056e-02 -1.689601e-02 1.565968e-01 -3.338286e+00 -2.361830e+00 3.131272e+01 2223 1.711374e-02
69874 -6.224797e-03 7.474117e-04 3.305291e-01 -1.136525e-02 9.918924e-04 1.377022e+01 -1.332623e+00 -4.882771e-02 6.434719e+01 1121 1.146554e-02
70007 1.091274e-03 -6.023443e-03 2.612389e-01 2.244653e-04 -5.427476e-03 6.203721e+00 1.028079e+00 -1.531703e+00 2.686607e+01 2923 2.850924e-02
70795 -1.144475e-02 -1.171980e-02 7.990957e-02 -2.573289e-02 -2.274429e-02 1.029567e-01 -1.234329e+01 -9.071945e+00 2.413293e+01 851 6.294348e-03
70858 7.276499e-04 -2.780004e-03 1.989468e-01 1.077934e-03 -2.874193e-03 2.494748e+00 8.503269e-01 -6.413830e-02 3.084296e+01 691 8.859962e-03
71408 1.675889e-02 -1.284669e-02 9.851469e-02 3.314292e-02 -3.507937e-02 1.870752e-01 -6.486569e+00 3.888047e+00 2.862716e+01 1489 1.190720e-02
71918 -5.026350e-03 2.631755e-02 1.394949e-01 3.264611e-03 -3.102069e-02 3.054242e+00 2.696819e+00 1.715384e+00 1.719932e+01 978 1.136303e-02
72014 1.001493e-03 -2.162989e-02 8.834820e-02 3.772895e-03 -4.765030e-02 5.667043e-01 -6.784437e-01 1.395993e+01 2.568261e+01 1332 1.042169e-02
72596 6.251954e-03 -1.664706e-02 8.319526e-02 1.298896e-02 -3.625817e-02 1.104405e-01 4.524045e+00 -1.344939e+01 2.468961e+01 1789 1.259770e-02
73291 -2.005905e-02 -1.179905e-02 1.112345e-01 5.411334e-02 2.702562e-02 5.855478e-01 -1.267607e+01 -7.399556e+00 4.245264e+01 1082 7.201013e-03
73419 -8.449129e-03 1.660919e-02 8.353087e-02 -1.825143e-02 4.215875e-02 1.365932e-01 1.735754e+00 -2.187646e+00 1.974722e+01 897 7.289858e-03
73955 1.561511e-02 1.115051e-02 8.401679e-02 3.811590e-02 2.427803e-02 1.247327e-01 1.551346e+00 1.817624e-01 1.853133e+01 1038 8.041129e-03
74492 2.520209e-03 -1.691613e-02 8.209559e-02 4.280661e-03 -3.271846e-02 1.026985e-01 1.439098e+00 -1.377656e+01 2.242838e+01 1170 8.813407e-03
75228 -2.885871e-03 -2.335250e-03 1.922922e-01 2.957259e-03 2.856689e-03 4.748680e+01 3.494080e-02 1.338216e+00 4.729451e+01 858 8.051834e-03
75345 2.062025e-02 1.092814e-02 1.025924e-01 3.154376e-02 8.250565e-03 1.577194e-01 -7.462875e+00 -5.382698e+00 1.961264e+01 1549 1.263851e-02
75935 -2.055045e-02 7.182635e-03 1.025328e-01 -3.239566e-02 7.162045e-03 5.059099e-01 5.463321e+00 -2.895361e+00 2.330114e+01 4330 3.319845e-02
76427 -1.931058e-04 2.793692e-02 1.058171e-01 3.138723e-04 -3.048273e-02 2.595517e-01 7.383044e-01 -1.492689e+01 2.031649e+01 1212 1.160560e-02
76952 -2.500272e-02 -1.318312e-02 2.755764e-01 2.975336e-02 1.485782e-02 2.564045e+01 1.197664e+01 3.969578e+00 2.536487e+01 1240 1.724738e-02
77061 -1.837812e-02 4.617388e-03 8.106664e-02 -2.951093e-02 7.603174e-03 9.133421e-02 -1.663176e+01 4.490868e+00 1.735253e+01 1661 1.261642e-02
77389 -9.664753e-03 2.080064e-03 2.348150e-01 1.083086e-02 -2.426617e-03 2.161376e+01 2.736000e+00 -8.588802e-01 2.137895e+01 1881 2.207969e-02
77478 5.425008e-03 1.562855e-03 2.107651e-01 6.499145e-03 6.097700e-03 9.897179e-01 -2.335197e+00 -1.513651e-02 2.397299e+01 1376 1.564203e-02
77567 1.906029e-03 1.178210e-03 2.577294e-01 9.466690e-03 4.479365e-03 2.185572e+01 -1.162860e+00 -3.720562e-01 2.215183e+01 1710 2.044546e-02
77592 3.474259e-03 -1.689923e-02 9.505361e-02 1.121167e-02 -4.534074e-02 1.617057e-01 2.441567e+00 -7.774872e+00 3.719064e+01 2366 1.615049e-02
77983 -8.759215e-04 -1.193930e-03 3.348800e-01 1.127383e-03 2.367140e-04 4.363352e+01 6.598050e-01 -2.773255e+00 4.329864e+01 744 1.083665e-02
78735 -5.575372e-03 1.719303e-02 8.105329e-02 -1.219847e-02 4.436327e-02 1.194630e-01 6.239756e-01 -2.927217e-01 1.547966e+01 1277 9.329741e-03
79525 -1.644567e-02 -9.369272e-04 9.186018e-02 -3.091989e-02 1.277289e-03 1.291022e-01 -5.901523e+00 1.663012e+00 2.758611e+01 1374 1.096309e-02
80018 -1.912424e-03 -2.467429e-02 8.994036e-02 4.441024e-04 3.349275e-02 2.232849e-01 -1.663554e+00 3.932758e+00 1.582087e+01 1851 1.502097e-02
80151 -2.162309e-02 -4.647322e-03 8.367763e-02 -3.066226e-02 -6.600720e-03 9.588852e-02 -5.076190e+00 -1.101120e+00 1.232867e+01 1055 9.708123e-03
80162 -9.426851e-03 1.257215e-02 9.141170e-02 -1.690868e-02 2.632342e-02 1.296846e-01 -4.266334e+00 8.729305e+00 3.349722e+01 808 6.358820e-03
81337 1.375731e-02 -9.690073e-03 9.137301e-02 3.395814e-02 -3.189800e-02 2.235202e-01 -1.143466e+01 8.782689e+00 3.144817e+01 2028 1.406583e-02
81781 2.974694e-03 3.518776e-03 1.990593e-01 9.946832e-03 1.020033e-02 3.550008e-01 -2.049903e+00 -2.383335e+00 4.050994e+01 2021 1.687761e-02
82345 1.257249e-02 1.718000e-02 9.915268e-02 2.994351e-02 3.707926e-02 1.662119e-01 -9.080277e-01 -2.155449e+00 2.686613e+01 2245 1.674605e-02
82930 -9.306614e-03 9.369044e-03 7.754050e-02 -2.404632e-02 2.465351e-02 1.000745e-01 -8.841582e+00 9.225529e+00 1.811976e+01 776 6.235763e-03
83212 3.367868e-04 -2.107541e-03 2.172048e-01 3.538506e-03 -2.976230e-03 5.201356e+00 3.791989e-01 8.107586e-01 3.007419e+01 1603 1.658981e-02
83270 -7.620374e-03 -4.278766e-04 2.286851e-01 8.122648e-03 2.113588e-03 2.325668e+01 9.787080e-01 4.737655e+00 2.302799e+01 1885 2.001446e-02
83334 -1.260028e-02 -1.427719e-02 9.728579e-02 -2.445659e-02 -2.567608e-02 3.954590e-01 3.237463e+00 4.054467e+00 1.701817e+01 674 5.573360e-03
83416 1.485811e-02 -7.336367e-03 8.202874e-02 2.967040e-02 -1.335919e-02 9.910893e-02 1.818406e+01 -7.240878e+00 2.373380e+01 449 3.640604e-03
83805 -2.050534e-02 2.332743e-03 8.270450e-02 -3.313363e-02 -6.927541e-03 1.381118e-01 1.567294e+01 -7.388617e-01 1.308192e+01 1814 1.381822e-02
84400 -1.585741e-02 -5.932402e-03 3.011342e-01 1.581361e-02 5.744330e-03 3.773138e+01 -1.039961e+00 -8.740891e-01 3.743024e+01 1123 1.314396e-02
84769 2.403837e-03 2.353732e-03 2.003629e-01 1.329735e-03 3.033276e-03 1.421655e+01 -3.041242e+00 -4.147768e+00 2.599299e+01 1166 1.242563e-02
84968 2.269551e-02 -2.341179e-03 1.039121e-01 2.876338e-02 -2.668574e-03 5.800579e-01 1.374161e+01 -6.689072e-01 3.131579e+01 505 4.457981e-03
85271 2.471064e-02 -1.450865e-02 1.278840e-01 1.163054e-02 -5.055659e-03 5.370423e-01 1.502069e+01 -1.021912e+01 2.998084e+01 2767 2.006293e-02
85510 -2.216153e-02 2.262887e-03 1.027007e-01 -4.974270e-02 -3.023306e-03 2.001292e-01 4.163528e+00 -2.009433e+00 3.629305e+01 2795 2.028925e-02
85819 1.458124e-02 -2.016760e-02 8.687329e-02 -2.227886e-02 3.355459e-02 1.931959e-01 3.578046e+00 -4.225089e+00 1.085509e+01 1103 1.021175e-02
85893 1.441021e-02 -2.152164e-03 8.935802e-02 4.224645e-02 -4.613468e-03 1.542013e-01 7.224017e+00 -3.723653e-01 3.462504e+01 1487 1.056318e-02
86004 1.339392e-02 -9.392414e-03 9.181201e-02 2.451442e-02 -1.804817e-02 1.148428e-01 1.354645e+01 -1.066491e+01 3.229331e+01 1205 8.471189e-03
86585 -2.052282e-03 -1.682646e-03 1.959522e-01 2.136648e-03 1.506720e-03 4.573912e+00 -9.222319e-01 2.009985e+00 2.816996e+01 884 1.003644e-02
87439 -2.090264e-04 9.065350e-04 2.177297e-01 9.348780e-04 4.310561e-03 6.662546e+00 -2.406776e-01 3.151080e-02 3.154785e+01 1046 1.181017e-02
87695 1.529029e-02 6.546150e-06 7.956765e-02 3.135449e-02 -3.997860e-04 9.966284e-02 1.553447e+01 -4.487704e-01 2.320181e+01 1176 8.413523e-03
88172 -7.600636e-03 -1.430577e-02 8.060232e-02 -1.503922e-02 -2.698467e-02 1.993576e-01 8.615829e+00 1.588889e+01 2.399733e+01 1306 9.025060e-03
88548 2.193524e-02 -1.682186e-04 8.431642e-02 3.350682e-02 -7.296671e-04 9.637476e-02 1.611365e+01 -8.725742e-01 1.955451e+01 865 6.412682e-03
89022 8.474315e-03 1.690223e-02 9.840154e-02 1.573239e-02 4.404116e-02 1.520259e-01 2.768567e+00 1.366538e+01 3.901260e+01 738 5.072027e-03
89156 -2.163263e-03 -3.661181e-03 1.874830e-01 -2.085514e-03 -5.855874e-03 3.121178e+00 3.829027e-01 -2.057184e+00 3.271212e+01 399 5.784837e-03
89225 -2.901952e-02 7.207718e-03 1.206734e-01 -8.876567e-03 3.925796e-03 1.531826e+00 1.696888e+01 -4.115995e+00 1.822396e+01 1970 1.681257e-02
89550 1.682996e-03 1.670893e-03 2.038823e-01 -4.119375e-03 4.697505e-04 3.524104e+00 -1.548325e+00 1.971563e+00 3.407101e+01 562 8.588347e-03
89889 -5.254006e-04 1.684090e-03 2.047728e-01 8.460589e-04 2.089586e-03 4.710005e+00 1.794873e+00 2.997787e-01 2.021105e+01 1708 1.861325e-02
90818 -3.424295e-03 -2.605263e-03 1.916675e-01 3.957846e-03 2.667646e-03 4.250756e+01 1.309510e+00 2.571570e-02 4.231589e+01 3765 2.812083e-02
91510 1.720119e-02 1.808910e-02 2.985529e-01 -1.751648e-02 -1.771864e-02 8.378755e+00 1.030973e-01 2.091751e+00 8.080202e+00 2834 4.566930e-02
91983 1.189911e-02 -8.632664e-03 8.939672e-02 2.592463e-02 -2.131886e-02 1.580986e-01 -3.823179e+00 2.438158e+00 2.302942e+01 2213 1.697154e-02
92405 1.706183e-02 6.729723e-03 8.064737e-02 5.295156e-02 2.674232e-02 4.542192e-01 -1.179007e+01 -4.821029e+00 2.000530e+01 1130 7.195453e-03
92449 -1.322002e-03 1.398442e-02 7.713885e-02 -5.284179e-03 4.407121e-02 1.188624e-01 -1.331948e+00 8.948357e+00 2.289427e+01 1292 9.587776e-03
93378 1.988803e-02 -1.697629e-02 1.124233e-01 3.129422e-02 -2.413642e-02 1.552705e-01 1.441711e+00 2.120124e-01 2.803826e+01 648 5.708560e-03
93698 -8.007191e-03 1.332487e-02 7.884239e-02 -2.351010e-02 3.359303e-02 1.121456e-01 -5.437338e+00 6.329974e+00 1.984242e+01 368 3.025021e-03
93867 -1.626667e-02 1.156791e-03 8.049585e-02 -4.125816e-02 8.091911e-03 1.437569e-01 8.223299e+00 -3.906933e-01 1.810623e+01 947 7.584976e-03
94567 1.012244e-02 2.296207e-02 1.170589e-01 8.474819e-03 1.838322e-02 6.252844e-01 4.772628e+00 1.292614e+01 3.526228e+01 2243 1.636136e-02
94740 2.452166e-03 -2.891656e-02 1.102314e-01 -1.528978e-02 2.184643e-02 4.042491e-01 2.762682e+00 -1.931840e+01 2.542038e+01 1289 1.076793e-02
94762 3.459532e-03 2.406308e-02 9.244238e-02 -4.233276e-03 -4.765472e-02 3.350765e-01 1.128293e+00 3.046573e+00 2.476728e+01 1441 1.184701e-02
95071 1.448831e-03 1.489109e-02 7.903699e-02 -1.650507e-03 3.036389e-02 1.038724e-01 -1.392220e+00 -1.462436e+00 1.051965e+01 1033 7.667791e-03
96022 7.223261e-03 2.734908e-03 2.865612e-01 -7.652805e-03 -3.804484e-03 3.650575e+01 -7.961798e-01 -2.863690e+00 3.621919e+01 1928 1.889292e-02
96099 2.119290e-02 1.666479e-02 8.944849e-02 3.484980e-02 2.493421e-02 1.235516e-01 -3.039977e+00 -3.184941e+00 1.569261e+01 472 5.121933e-03
96344 -1.078560e-02 1.575964e-02 9.566877e-02 -4.001019e-02 2.896704e-02 1.674269e-01 -2.032821e+00 -3.573106e+00 2.795645e+01 1816 1.318963e-02
97038 3.181224e-03 -1.416616e-03 2.181650e-01 -6.238207e-04 7.536756e-04 2.512589e+01 -3.069867e+00 8.867396e-01 3.269773e+01 1077 1.140462e-02
97066 1.565824e-03 -1.440125e-02 7.629617e-02 1.048699e-02 -4.642176e-02 1.060470e-01 2.654960e+00 -6.609840e+00 1.446304e+01 1691 1.156381e-02
97353 2.221521e-02 1.595638e-02 8.781263e-02 3.052792e-02 2.313013e-02 3.577343e-01 1.270203e+01 1.125434e+01 1.756877e+01 851 6.123590e-03
97765 -5.947583e-03 -2.166380e-02 1.318083e-01 -4.988096e-03 -1.459461e-02 4.870364e+00 1.955379e+00 9.391828e+00 1.516871e+01 3405 2.852511e-02
98172 -1.442935e-02 -9.344419e-03 9.349331e-02 -3.502075e-02 -1.910991e-02 1.444297e-01 -6.503837e+00 -2.413907e+00 3.087230e+01 1737 1.223605e-02
98327 -1.114142e-03 -2.322403e-03 2.291226e-01 3.244756e-04 -2.241006e-03 2.876878e+00 -8.472175e-01 -4.131314e+00 1.017176e+01 1002 2.205907e-02
99023 -1.628883e-02 -1.036607e-02 2.337461e-01 1.963203e-02 1.338261e-02 2.029536e+01 8.503894e+00 7.923226e+00 2.006161e+01 1657 1.990414e-02
99757 -1.237818e-02 7.995614e-03 7.764640e-02 -2.966120e-02 1.352653e-02 9.547652e-02 -2.127957e+01 6.323786e+00 2.428250e+01 589 4.504853e-03
