running....
idx x y z xnext ynext znext vx vy vz collides time
1 1.362716e-02 6.351559e-03 1.711809e-01 -5.059562e-03 -1.453681e-03 1.170573e+00 -2.266820e+01 -1.148530e+01 8.667449e+00 8825 3.681492e-02
2 -9.887088e-03 7.967178e-03 7.637704e-02 -1.026489e-02 8.048485e-03 7.676407e-02 -1.966900e+01 4.069172e+00 2.043724e+01 1620 5.378566e-03
3 -8.277609e-03 -9.517197e-03 1.412713e-01 -8.387643e-03 -9.809051e-03 1.415002e-01 -2.177752e+00 -6.531728e+00 5.581024e+00 5039 2.628313e-02
4 -6.223552e-03 4.532078e-04 1.270327e-02 -6.221677e-03 4.538594e-04 1.269950e-02 3.707332e+00 1.286324e+00 -7.459069e+00 2125 7.099395e-03
5 -3.675602e-03 4.556671e-03 6.347497e-02 -3.644910e-03 4.597857e-03 6.361174e-02 5.009563e+00 6.635838e+00 2.217413e+01 3612 1.287136e-02
6 -3.237672e-03 -1.513302e-03 6.336042e-02 -3.291176e-03 -1.551615e-03 6.353371e-02 -7.911505e+00 -5.673278e+00 2.572920e+01 5294 1.860163e-02
7 5.844043e-03 -7.261472e-03 6.347977e-02 5.887323e-03 -7.231716e-03 6.350016e-02 7.127550e+00 5.001115e+00 3.382178e+00 2234 7.440647e-03
8 -3.354555e-03 -3.586924e-03 6.346792e-02 -3.336834e-03 -3.594768e-03 6.351167e-02 6.114024e+00 -2.684645e+00 1.505741e+01 2556 8.555058e-03
9 -5.249472e-04 -5.534460e-05 1.270547e-02 -5.390110e-04 -3.811854e-05 1.268042e-02 -4.700575e+00 5.760613e+00 -8.376743e+00 863 3.427704e-03
10 -1.997084e-03 1.263536e-02 1.907721e-02 -1.956655e-03 1.261109e-02 1.904689e-02 1.555317e+01 -9.379765e+00 -1.165639e+01 692 2.487598e-03
11 1.172023e-02 4.783715e-03 1.004659e-01 1.180537e-02 4.742896e-03 1.005929e-01 9.763906e+00 -4.813773e+00 1.478865e+01 8691 3.272526e-02
12 -1.563924e-03 1.075134e-03 1.274657e-02 -1.491166e-03 1.012360e-03 1.261505e-02 9.697123e+00 -8.363566e+00 -1.749783e+01 4339 1.607962e-02
13 -4.519264e-03 1.163777e-02 1.078739e-01 -4.643800e-03 1.187536e-02 1.075214e-01 -1.879693e+00 3.339359e+00 -6.378068e+00 5773 3.675013e-02
14 3.095635e-03 2.610196e-03 6.339744e-02 3.120191e-03 2.659363e-03 6.351084e-02 5.634591e+00 1.130477e+01 2.611280e+01 12959 4.549876e-02
15 -5.174732e-03 1.991019e-03 1.291077e-02 -4.947965e-03 1.908265e-03 1.269656e-02 1.011689e+01 -3.695424e+00 -9.394273e+00 10447 3.643237e-02
16 1.703934e-03 -1.261281e-03 1.992538e-01 -2.831763e-03 -5.372200e-06 1.911967e+00 -4.603468e+00 -6.173663e+00 8.155130e+00 3657 3.326297e-02
17 -3.991556e-03 -9.390100e-04 6.347434e-02 -4.031502e-03 -9.466062e-04 6.362871e-02 -7.405014e+00 -1.406722e+00 2.873958e+01 6369 2.251285e-02
18 -8.930819e-03 8.585823e-03 1.051994e-01 -9.163946e-03 8.851128e-03 1.053795e-01 -6.237102e+00 7.179259e+00 5.178584e+00 17937 7.993619e-02
19 9.564927e-03 -2.622713e-03 6.346590e-02 9.577863e-03 -2.609143e-03 6.356194e-02 2.654166e+00 2.873427e+00 2.020574e+01 7626 2.630741e-02
20 6.752352e-03 -3.415606e-03 6.341720e-02 6.803506e-03 -3.327682e-03 6.350614e-02 3.892293e+00 6.973256e+00 6.988620e+00 10921 3.925081e-02
21 -1.711689e-03 2.868740e-04 1.271079e-02 -1.709119e-03 2.731270e-04 1.269890e-02 9.227484e-01 -4.899122e+00 -4.234074e+00 6716 2.450806e-02
22 2.826764e-03 -1.231571e-02 1.152986e-01 2.451475e-03 -1.248402e-02 1.148697e-01 -1.080857e+01 -4.139741e+00 -1.219371e+01 2034 1.650680e-02
23 -5.776933e-03 -1.414462e-03 1.599253e-01 -5.574251e-03 -1.362944e-03 1.603477e-01 8.314108e+00 2.111255e+00 1.688757e+01 8865 4.378952e-02
24 7.422361e-03 3.747746e-03 1.289082e-02 7.427119e-03 3.656854e-03 1.269931e-02 4.486727e-01 -1.045285e+01 -2.192323e+01 6149 2.126396e-02
25 -5.625565e-03 1.103673e-02 9.116041e-02 -5.789213e-03 1.227336e-02 9.122751e-02 -1.978080e+00 1.796952e+01 1.034727e+00 2361 1.317314e-02
26 8.660648e-03 -4.675188e-04 1.600550e-01 8.871493e-03 -1.142755e-04 1.604435e-01 3.181648e+00 6.534385e+00 7.156286e+00 2239 1.268029e-02
27 -1.311511e-03 4.348972e-03 6.343753e-02 -1.365830e-03 4.567634e-03 6.356142e-02 -3.803657e+00 1.533123e+01 8.738773e+00 9960 3.427881e-02
28 -4.038978e-03 4.205284e-03 6.346052e-02 -4.149045e-03 4.174621e-03 6.351050e-02 -9.685291e+00 -2.787246e+00 4.428240e+00 3455 1.121474e-02
29 -1.224884e-02 -2.389493e-03 8.739451e-02 -1.273915e-02 -2.688911e-03 8.864582e-02 -6.003872e+00 -4.176275e+00 1.849914e+01 4198 1.565198e-02
30 1.259215e-02 9.388643e-04 7.644025e-02 1.265630e-02 1.440370e-03 7.658667e-02 1.514905e+00 1.627769e+01 4.767364e+00 17252 6.793926e-02
31 -3.637303e-03 6.762160e-06 6.349972e-02 -3.963198e-03 -1.149741e-04 6.380803e-02 -1.224006e+01 -4.625419e+00 1.171827e+01 2305 7.509237e-03
32 -8.487637e-04 3.628261e-03 6.337106e-02 -9.357975e-04 3.786882e-03 6.373791e-02 -5.810893e+00 1.054444e+01 2.457507e+01 11449 3.998829e-02
33 4.884474e-03 -4.371046e-03 6.349687e-02 4.883400e-03 -4.370829e-03 6.350296e-02 -2.083919e+00 4.247210e-01 1.180277e+01 7326 2.561106e-02
34 -3.140852e-03 6.366481e-03 1.598651e-01 -2.875223e-03 6.654560e-03 1.601278e-01 6.205474e+00 6.089901e+00 5.939775e+00 5500 4.234303e-02
35 -9.723630e-03 8.084910e-03 1.393020e-01 -9.722843e-03 8.242182e-03 1.393053e-01 2.467178e-01 1.204705e+01 2.559435e-01 3666 2.991088e-02
36 6.148089e-03 2.785129e-03 6.327488e-02 6.145901e-03 2.974291e-03 6.352349e-02 -2.861607e-01 1.026841e+01 1.359710e+01 5481 1.953229e-02
37 -2.741157e-03 1.147331e-02 1.128230e-01 -3.014325e-03 1.323010e-02 1.125883e-01 -4.018529e+00 2.642477e+01 -3.683503e+00 7752 4.393216e-02
38 1.029903e-02 7.185011e-03 1.012982e-01 1.031867e-02 7.962078e-03 1.011043e-01 -4.997114e-01 1.330767e+01 -3.474370e+00 4378 2.246481e-02
39 -4.306477e-03 1.983047e-03 6.348138e-02 -4.351041e-03 2.034686e-03 6.350817e-02 -4.779931e+00 5.579757e+00 2.908521e+00 1836 6.210235e-03
40 2.192189e-03 4.149558e-03 6.336939e-02 2.163851e-03 4.157944e-03 6.353686e-02 -2.566569e+00 6.799938e-01 1.495381e+01 7278 2.559595e-02
41 2.949344e-03 -1.102745e-02 6.348384e-02 2.925391e-03 -1.101841e-02 6.355571e-02 -3.580701e+00 1.450374e+00 1.065680e+01 4925 1.664397e-02
42 1.265734e-03 -4.037421e-03 6.345268e-02 1.303971e-03 -4.011619e-03 6.361209e-02 4.859175e+00 3.335757e+00 2.031890e+01 2749 9.142736e-03
43 1.549505e-03 3.797744e-03 1.273459e-02 1.535438e-03 3.797851e-03 1.268859e-02 -2.586037e+00 -1.102945e-02 -8.414830e+00 24616 8.865085e-02
44 2.326721e-03 -8.572943e-03 6.349537e-02 2.353740e-03 -8.600184e-03 6.353399e-02 4.831451e+00 -4.819697e+00 6.933750e+00 7888 2.858415e-02
45 1.112256e-02 5.751728e-03 1.033325e-01 1.124383e-02 6.654977e-03 1.038785e-01 3.937896e-01 1.144348e+01 7.324065e+00 4127 3.627254e-02
46 -3.583857e-03 -9.742682e-04 6.349500e-02 -3.403608e-03 -9.314337e-04 6.373423e-02 9.886127e+00 2.352690e+00 1.299373e+01 5592 1.959341e-02
47 -3.328786e-03 -2.668808e-03 6.348701e-02 -3.225405e-03 -2.643540e-03 6.350328e-02 1.659481e+01 4.073111e+00 2.606914e+00 14424 5.118123e-02
48 -1.122383e-02 -5.579741e-03 1.086442e-01 -1.143721e-02 -5.953861e-03 1.083523e-01 -2.496850e+00 -5.645915e+00 -4.806635e+00 7463 5.101081e-02
49 4.007761e-03 -3.839380e-03 6.348053e-02 4.130990e-03 -3.808336e-03 6.352788e-02 9.023472e+00 2.370467e+00 3.498538e+00 3753 1.292692e-02
50 -2.249179e-03 -3.028254e-03 6.348643e-02 -2.267180e-03 -2.997654e-03 6.351724e-02 -6.195548e+00 1.056060e+01 1.062016e+01 4012 1.406816e-02
51 2.795755e-03 1.232936e-02 8.723053e-02 3.043697e-03 1.247060e-02 8.686228e-02 9.323280e+00 4.893159e+00 -1.401401e+01 3855 2.071539e-02
52 2.568872e-03 -1.217371e-02 1.480644e-01 2.597586e-03 -1.263698e-02 1.484430e-01 1.002545e+00 -1.730502e+01 1.453156e+01 5228 3.980971e-02
53 2.267067e-03 -3.555775e-03 1.612036e-01 2.141197e-03 -4.015373e-03 1.612614e-01 -3.242025e+00 -1.112834e+01 1.427910e+00 11764 5.541078e-02
54 -1.190621e-02 -4.353565e-03 9.458377e-02 -1.200523e-02 -4.232867e-03 9.467153e-02 -8.458906e+00 1.063079e+01 7.675945e+00 5048 1.871780e-02
55 1.245394e-02 2.298334e-03 8.837144e-02 1.254885e-02 2.316328e-03 8.861263e-02 7.460959e+00 1.415683e+00 1.954054e+01 15482 5.523229e-02
56 5.809737e-03 1.126913e-02 1.465086e-01 5.905054e-03 1.158613e-02 1.463345e-01 4.033735e+00 1.368367e+01 -7.720873e+00 4644 3.043545e-02
57 1.240635e-02 1.929523e-03 1.248725e-01 1.294857e-02 2.033949e-03 1.248921e-01 7.945809e+00 1.571010e+00 3.269674e-01 4553 2.234022e-02
58 -2.728424e-03 8.712497e-03 6.348711e-02 -2.726442e-03 8.686855e-03 6.350090e-02 9.570559e-01 -1.230262e+01 6.599273e+00 5986 2.081936e-02
59 -7.004654e-03 -2.953059e-03 6.514794e-02 -3.846695e-03 -3.848512e-03 6.238902e-02 1.133104e+01 -3.145789e-01 -6.913296e+00 8414 4.154922e-02
60 -2.922188e-03 -2.853403e-03 6.346464e-02 -3.039221e-03 -2.794175e-03 6.367761e-02 -8.704180e+00 4.490694e+00 1.594586e+01 3184 1.065422e-02
61 -7.946782e-04 -1.252807e-02 1.025604e-01 -6.296049e-04 -1.290419e-02 1.027543e-01 3.723313e+00 -7.529550e+00 4.317386e+00 3483 1.765914e-02
62 2.154268e-03 -6.808847e-03 6.333389e-02 2.089443e-03 -6.810441e-03 6.351405e-02 -6.595305e+00 -6.183420e-02 1.824378e+01 7716 2.743151e-02
63 1.032177e-03 3.593183e-03 6.349474e-02 1.026406e-03 3.578388e-03 6.350112e-02 -2.804420e+00 -7.192920e+00 3.100454e+00 14624 5.207122e-02
64 -1.260957e-02 -9.514150e-04 7.877787e-02 -1.269180e-02 -9.642769e-04 7.886413e-02 -1.038427e+01 -1.636163e+00 1.104738e+01 4297 1.521505e-02
65 6.184428e-04 8.000473e-04 1.273678e-02 5.585635e-04 1.097671e-03 1.259786e-02 -3.469244e+00 1.714406e+01 -8.012670e+00 1899 6.593093e-03
66 -2.538046e-03 -2.914600e-03 6.348473e-02 -2.567094e-03 -2.911582e-03 6.351184e-02 -6.844876e+00 7.312205e-01 6.401727e+00 2569 8.609889e-03
67 -2.446135e-03 -4.801739e-03 6.347988e-02 -2.457930e-03 -4.839728e-03 6.356663e-02 -2.395624e+00 -7.737591e+00 1.774966e+01 17217 6.017415e-02
68 1.359406e-03 -7.503419e-04 1.277216e-02 1.267498e-03 -7.960119e-04 1.264390e-02 -9.429144e+00 -4.664831e+00 -1.313164e+01 4025 1.437447e-02
69 -7.175376e-03 4.176655e-03 1.598984e-01 -7.239427e-03 4.081087e-03 1.604866e-01 -6.585864e-01 -2.140836e+00 1.119298e+01 2719 1.367197e-02
70 -4.415262e-03 -2.258672e-03 1.270178e-02 -4.436423e-03 -2.238557e-03 1.269193e-02 -9.439435e+00 8.994342e+00 -4.403403e+00 4164 1.446134e-02
71 -5.301603e-04 6.094470e-03 6.347500e-02 -5.107037e-04 6.112166e-03 6.353821e-02 4.956213e+00 4.469432e+00 1.609239e+01 9488 3.273915e-02
72 -1.211706e-02 -1.701119e-03 1.216747e-01 -1.272681e-02 -1.780064e-03 1.213690e-01 -1.568760e+01 -2.023801e+00 -8.208484e+00 1994 1.317224e-02
73 1.048404e-02 -8.858528e-04 1.594838e-01 9.542182e-03 -1.432980e-03 1.613705e-01 -1.002036e+01 -4.652243e+00 1.667024e+01 4773 2.248278e-02
74 -4.108301e-03 3.344573e-03 6.347150e-02 -4.107519e-03 3.336938e-03 6.350794e-02 4.241225e-01 -4.038216e+00 1.922763e+01 5781 2.006981e-02
75 1.549212e-03 4.179002e-03 6.344161e-02 1.550922e-03 4.145877e-03 6.350234e-02 5.458598e-01 -1.072755e+01 1.963014e+01 8354 2.953361e-02
76 -1.128478e-02 -4.934639e-03 6.338455e-02 -1.122202e-02 -4.975412e-03 6.350174e-02 4.476971e+00 -2.638882e+00 7.897193e+00 20499 7.145770e-02
77 4.760198e-03 2.551549e-03 1.598351e-01 4.396342e-03 2.555929e-03 1.609468e-01 -6.424611e+00 -1.565484e-01 1.836054e+01 7414 3.146730e-02
78 -4.926865e-03 4.323994e-03 6.349143e-02 -4.903904e-03 4.379969e-03 6.356407e-02 1.719838e+00 3.848973e+00 5.113661e+00 19096 6.704857e-02
79 -1.054724e-02 -5.913453e-04 6.348146e-02 -1.051663e-02 -6.867589e-04 6.353953e-02 5.125496e+00 -1.567823e+01 9.545498e+00 6995 2.465592e-02
80 -4.247818e-03 8.612765e-03 6.339197e-02 -4.333561e-03 8.703507e-03 6.351482e-02 -6.126230e+00 6.399245e+00 8.902892e+00 3598 1.363844e-02
81 -1.463697e-03 3.169520e-03 6.409050e-02 -1.473847e-03 3.207658e-03 6.414950e-02 -3.166995e+00 1.191129e+01 1.844934e+01 6843 2.331924e-02
82 1.578642e-03 3.113296e-03 6.364566e-02 1.587069e-03 3.130723e-03 6.367622e-02 7.343356e+00 1.518637e+01 2.663825e+01 7191 2.473304e-02
83 -1.666225e-03 -4.740650e-03 1.270158e-02 -1.642130e-03 -4.758162e-03 1.268967e-02 1.328706e+01 -9.641200e+00 -6.566756e+00 4380 1.673533e-02
84 7.620654e-03 -1.048903e-02 1.905294e-02 7.624950e-03 -1.050294e-02 1.903968e-02 2.843649e+00 -9.232291e+00 -8.828957e+00 3947 1.421079e-02
85 -4.229020e-03 -8.380769e-04 6.339930e-02 -4.241647e-03 -7.599270e-04 6.353851e-02 -1.367197e+00 8.816997e+00 1.568608e+01 3022 1.072758e-02
86 -3.536242e-03 -1.129722e-03 6.349897e-02 -3.468229e-03 -1.009241e-03 6.353055e-02 1.077652e+01 1.904176e+01 4.987302e+00 39414 1.387231e-01
87 9.014225e-03 -8.931926e-03 1.430462e-01 9.508576e-03 -9.070810e-03 1.435559e-01 4.541528e+00 -4.568555e-01 5.894853e+00 3226 1.770184e-02
88 -4.034022e-03 -5.158452e-03 1.579908e-01 -5.471514e-03 -5.730306e-03 1.602198e-01 -6.043847e+00 -1.378356e+00 1.141350e+01 3752 1.772360e-02
89 6.182488e-03 2.313660e-03 6.347629e-02 6.201515e-03 2.296111e-03 6.353126e-02 4.707687e+00 -4.389644e+00 1.370838e+01 6536 2.273137e-02
90 5.142544e-03 -8.881707e-04 6.349024e-02 5.135282e-03 -9.486782e-04 6.361775e-02 -1.030452e+00 -8.103043e+00 1.709717e+01 5547 1.869727e-02
91 5.938764e-03 -3.029313e-03 1.993514e-01 -5.382413e-03 5.468335e-05 2.839731e-01 4.854169e+00 -8.283180e+00 2.931203e+01 2407 1.830984e-02
92 1.991369e-04 -5.118385e-03 1.669495e-01 -4.700911e-03 -5.582936e-03 2.804443e-01 -5.811980e+00 4.370076e+00 2.028739e+01 5416 2.314664e-02
93 -7.029673e-03 9.447500e-03 1.596399e-01 -7.185774e-03 9.471214e-03 1.603461e-01 -2.696806e+00 -1.942241e-01 1.451163e+01 34892 1.389653e-01
94 -3.605061e-03 4.472020e-03 6.348172e-02 -3.566989e-03 4.467584e-03 6.358416e-02 6.598923e+00 -8.036454e-01 1.767221e+01 4460 1.585618e-02
95 -7.481271e-03 -9.790580e-03 1.171929e-01 -7.955968e-03 -1.061655e-02 1.176811e-01 -5.562889e+00 -1.003355e+01 6.584558e+00 2862 1.740231e-02
96 1.581464e-03 3.094006e-03 6.456904e-02 1.546692e-03 3.267557e-03 6.465956e-02 -2.699024e+00 1.325905e+01 6.947091e+00 8571 2.947044e-02
97 -8.289338e-03 9.508108e-03 8.678656e-02 -8.483822e-03 9.720173e-03 8.733793e-02 -1.029678e+01 1.121471e+01 2.984020e+01 2345 8.247357e-03
98 3.497855e-03 -2.693557e-03 6.340579e-02 3.444222e-03 -2.637506e-03 6.350260e-02 -6.144356e+00 6.408911e+00 1.100905e+01 3921 1.361137e-02
99 1.177666e-02 4.702700e-03 1.230710e-01 1.199797e-02 4.836530e-03 1.236399e-01 2.919934e+00 1.968382e+00 1.005905e+01 21949 8.674235e-02
100 -6.755885e-03 -2.909532e-03 6.347107e-02 -6.758969e-03 -2.899499e-03 6.350670e-02 -1.054716e+00 3.536150e+00 1.251451e+01 4753 1.734122e-02
101 -7.941829e-04 3.563162e-03 1.274059e-02 -8.468522e-04 3.475319e-03 1.269150e-02 -8.644649e+00 -1.446181e+01 -8.064404e+00 4712 1.633678e-02
102 1.193718e-02 1.612704e-03 8.191633e-02 1.269999e-02 1.891628e-03 8.276294e-02 2.705521e+01 1.000566e+01 3.058346e+01 4599 1.702962e-02
103 2.539016e-03 3.861011e-03 1.273565e-02 2.520918e-03 3.762432e-03 1.269400e-02 -3.182204e+00 -1.724897e+01 -7.273071e+00 2355 8.354821e-03
104 -3.829433e-03 6.161638e-03 6.540010e-02 -3.686739e-03 6.145718e-03 6.501091e-02 4.118579e+00 -7.690435e-01 -1.067709e+01 10217 4.739989e-02
105 1.132337e-02 -5.094221e-03 1.364853e-01 1.159669e-02 -5.608557e-03 1.370108e-01 -2.386343e-01 -2.775931e+00 3.910033e+00 15288 5.887964e-02
106 1.121103e-02 5.917879e-03 1.213010e-01 1.146691e-02 5.911646e-03 1.214837e-01 7.922631e+00 -4.712582e-01 6.020935e+00 3069 1.472238e-02
107 6.794175e-03 -4.246706e-04 1.272755e-02 6.731586e-03 -3.993651e-04 1.267433e-02 -1.202844e+01 4.845209e+00 -1.018420e+01 3960 1.417433e-02
108 8.257017e-04 -9.950187e-03 6.347451e-02 7.837122e-04 -9.961969e-03 6.362699e-02 -5.300498e+00 -1.367598e+00 1.921457e+01 3041 1.031488e-02
109 3.439485e-03 -1.898579e-03 1.270348e-02 3.433182e-03 -1.895395e-03 1.268426e-02 -6.040489e+00 3.051600e+00 -1.840302e+01 18424 6.464536e-02
110 1.178831e-03 -3.283416e-03 6.405327e-02 1.165587e-03 -3.336562e-03 6.417521e-02 -9.499841e-01 -3.642013e+00 8.516814e+00 3888 1.346227e-02
111 -1.063571e-03 5.592517e-03 6.346578e-02 -1.066846e-03 5.625642e-03 6.350732e-02 -4.948022e-01 5.055061e+00 6.407906e+00 9293 3.310979e-02
112 -2.663064e-03 2.227555e-03 6.465403e-02 -2.750314e-03 2.293138e-03 6.472695e-02 -1.845738e+01 1.387208e+01 1.544227e+01 8652 3.008132e-02
113 -5.375006e-03 -9.805143e-03 6.524411e-02 -4.724641e-03 -7.129619e-03 6.389394e-02 4.653412e+00 1.185697e+01 -3.352753e+00 15337 6.480122e-02
114 9.042526e-03 4.190447e-03 1.598999e-01 9.097405e-03 4.302575e-03 1.601563e-01 8.554043e-01 2.585029e+00 6.480435e+00 4698 2.950740e-02
115 2.954959e-03 3.119310e-03 1.616216e-01 2.863300e-03 3.367329e-03 1.617733e-01 -4.477647e+00 1.177210e+01 7.260180e+00 8761 4.936400e-02
116 3.721575e-03 1.178163e-02 1.552276e-01 4.431142e-03 1.239595e-02 1.556725e-01 1.122753e+01 8.944381e+00 7.265671e+00 3055 1.784602e-02
117 1.434743e-03 -4.239341e-03 6.338577e-02 1.385377e-03 -4.369563e-03 6.364389e-02 -3.560856e+00 -9.226966e+00 1.846473e+01 11827 4.240124e-02
118 -9.603633e-03 1.415486e-03 6.349219e-02 -9.600835e-03 1.415194e-03 6.356594e-02 9.375492e-01 -9.970795e-02 2.353893e+01 1566 5.574854e-03
119 4.920976e-03 4.834399e-03 6.347810e-02 4.904073e-03 4.775175e-03 6.352333e-02 -3.632460e+00 -1.264121e+01 9.630496e+00 8191 2.917934e-02
120 -2.012086e-03 -7.191691e-03 1.276283e-02 -2.009573e-03 -7.113440e-03 1.269222e-02 4.433399e-01 1.331639e+01 -1.196054e+01 2043 7.087483e-03
121 3.716680e-03 4.791257e-03 6.349145e-02 3.607128e-03 4.750339e-03 6.367304e-02 -1.173209e+01 -4.429251e+00 1.936198e+01 14942 5.104712e-02
122 -5.115056e-03 8.092727e-03 1.249595e-02 -5.059168e-03 8.048924e-03 1.238158e-02 3.845536e+00 -3.104564e+00 -7.638810e+00 2580 8.694224e-03
123 4.403095e-03 1.188491e-02 1.141555e-01 4.407195e-03 1.196488e-02 1.147513e-01 -2.206275e-01 8.641238e-01 1.263451e+01 12586 5.415743e-02
124 7.189479e-04 -4.363960e-03 6.347113e-02 7.411414e-04 -4.363854e-03 6.352262e-02 6.024931e+00 5.248051e-02 1.398793e+01 6508 2.325790e-02
125 2.615463e-03 2.310108e-03 6.342847e-02 2.645042e-03 2.343509e-03 6.352520e-02 2.914960e+00 3.301080e+00 9.659614e+00 3875 1.392736e-02
126 -1.558450e-03 -3.936827e-03 6.343514e-02 -1.623764e-03 -3.905481e-03 6.368151e-02 -8.542871e+00 4.152947e+00 3.229122e+01 1499 5.405903e-03
127 4.550349e-03 -3.081692e-03 6.342100e-02 4.672850e-03 -3.016531e-03 6.350321e-02 1.229908e+01 6.622796e+00 8.298855e+00 2438 8.020056e-03
128 -2.328549e-03 3.092837e-03 6.348037e-02 -2.326393e-03 3.090301e-03 6.353386e-02 8.809295e-01 -1.037602e+00 2.164342e+01 14280 4.963878e-02
129 -1.188623e-02 3.695757e-03 1.583713e-01 -1.207915e-02 4.120180e-03 1.589250e-01 -5.111125e+00 1.236782e+01 1.638506e+01 6842 3.531123e-02
130 -5.144756e-03 -3.970525e-03 6.336538e-02 -5.184228e-03 -4.012018e-03 6.350914e-02 -4.701971e+00 -4.960411e+00 1.735597e+01 7779 2.671501e-02
131 3.144797e-03 -2.794605e-03 6.348940e-02 3.136183e-03 -2.734624e-03 6.351470e-02 -1.983492e+00 1.368719e+01 5.766504e+00 6595 2.289583e-02
132 -7.959158e-03 2.091515e-03 6.342355e-02 -7.868481e-03 2.147715e-03 6.351749e-02 1.277722e+01 7.844832e+00 1.315083e+01 6181 2.282436e-02
133 -3.642481e-03 3.981427e-03 6.339051e-02 -3.873818e-03 4.205460e-03 6.376534e-02 -6.048296e+00 5.832477e+00 1.013069e+01 5789 2.114727e-02
134 9.085147e-03 -8.559452e-03 9.884832e-02 9.756368e-03 -8.470805e-03 9.985675e-02 1.441874e+01 2.549427e+00 2.258907e+01 4020 1.453552e-02
135 1.247828e-02 1.951076e-03 1.090953e-01 1.255938e-02 1.969581e-03 1.092152e-01 7.305774e+00 1.681363e+00 1.109825e+01 3919 1.792913e-02
136 -1.157038e-02 5.316799e-04 6.342310e-02 -1.146062e-02 5.298789e-04 6.353166e-02 1.310948e+01 -2.193830e-01 1.282336e+01 17172 6.142908e-02
137 -3.326473e-04 5.028439e-04 1.279954e-02 -3.822019e-04 4.724589e-04 1.264621e-02 -3.867790e+00 -2.384973e+00 -1.198855e+01 7749 2.797648e-02
138 4.591982e-03 1.863200e-03 6.341668e-02 4.672434e-03 1.899700e-03 6.353718e-02 7.828672e+00 3.555038e+00 1.183040e+01 4001 1.378401e-02
139 1.089410e-02 -5.509393e-03 1.052309e-01 1.137067e-02 -5.775079e-03 1.053712e-01 8.586359e+00 -4.829110e+00 2.772731e+00 3493 1.512693e-02
140 -2.442968e-03 -3.532166e-03 6.349395e-02 -2.424442e-03 -3.526807e-03 6.351697e-02 5.737165e+00 1.673022e+00 7.116313e+00 7408 2.610526e-02
141 -1.222661e-02 1.766908e-03 1.433757e-01 -1.260770e-02 1.994520e-03 1.430837e-01 -1.226512e+01 7.569492e+00 -9.816905e+00 10355 4.243579e-02
142 -1.885414e-03 5.633513e-03 6.347650e-02 -1.901872e-03 5.644559e-03 6.355610e-02 -2.434640e+00 1.590478e+00 1.186571e+01 6192 2.211581e-02
143 3.885604e-04 1.962839e-03 1.270668e-02 4.260937e-04 1.952252e-03 1.268640e-02 1.491258e+01 -4.214085e+00 -8.057271e+00 6699 2.277232e-02
144 4.061359e-03 9.869505e-04 6.348370e-02 4.026847e-03 9.935274e-04 6.355111e-02 -7.264098e+00 1.371898e+00 1.413240e+01 7581 2.574556e-02
145 7.676361e-03 -9.667400e-03 1.420523e-01 7.545214e-03 -1.022279e-02 1.424155e-01 -3.375226e+00 -1.142616e+01 7.910841e+00 8533 4.472538e-02
146 7.505088e-03 6.200438e-04 1.270515e-02 7.545516e-03 6.035060e-04 1.265380e-02 9.544286e+00 -3.927305e+00 -1.218283e+01 2955 1.113673e-02
147 -4.986496e-03 -3.934595e-03 6.345357e-02 -4.970838e-03 -3.782607e-03 6.358734e-02 2.390675e+00 2.276418e+01 2.000226e+01 12312 4.374864e-02
148 -2.748926e-03 3.708529e-04 1.273934e-02 -2.759183e-03 3.153775e-04 1.263401e-02 -2.455959e+00 -1.337640e+01 -2.539435e+01 2733 9.800255e-03
149 -8.799043e-03 -3.587785e-03 6.342369e-02 -8.789975e-03 -3.640917e-03 6.353429e-02 1.080512e+00 -5.556662e+00 1.167168e+01 4330 1.615736e-02
150 -5.622303e-03 1.129657e-02 1.030424e-01 -5.605997e-03 1.149845e-02 1.037345e-01 8.777683e-01 1.105103e+00 8.492670e+00 6454 2.547734e-02
151 -3.040807e-03 1.232971e-02 1.380231e-01 -3.170554e-03 1.235015e-02 1.382130e-01 -6.742082e+00 7.284106e-01 9.990001e+00 2744 2.567576e-02
152 -5.369990e-04 3.887990e-03 1.273088e-02 -5.647525e-04 3.975735e-03 1.264401e-02 -1.819202e+00 5.702409e+00 -5.732209e+00 4136 1.460266e-02
153 1.239415e-03 -9.686701e-03 1.120602e-02 1.189161e-03 -9.429323e-03 1.105639e-02 -3.242043e+00 1.668148e+01 -9.568694e+00 1695 6.362233e-03
154 2.706490e-03 -2.262380e-03 6.346055e-02 2.812363e-03 -2.276843e-03 6.353523e-02 6.636594e+00 -8.622711e-01 4.726469e+00 5031 1.739057e-02
155 5.487896e-03 -5.690373e-03 6.348054e-02 5.515160e-03 -5.702962e-03 6.351289e-02 1.087060e+01 -5.007480e+00 1.292088e+01 2200 7.317086e-03
156 1.068202e-02 6.797181e-03 7.632540e-02 1.072391e-02 6.823978e-03 7.629720e-02 9.485644e+00 6.068346e+00 -6.432622e+00 11216 6.725034e-02
157 5.766419e-03 6.474952e-04 6.347117e-02 5.748170e-03 6.511953e-04 6.350554e-02 -3.293368e+00 6.526517e-01 6.111132e+00 3072 1.075303e-02
158 -9.520752e-03 -8.404480e-03 1.141862e-01 -9.663096e-03 -8.596930e-03 1.137651e-01 -4.759580e+00 -6.617838e+00 -1.523935e+01 3465 1.531318e-02
159 -2.978727e-03 1.774091e-03 6.407962e-02 -2.988951e-03 1.943288e-03 6.424363e-02 -4.329857e-01 8.549234e+00 8.338684e+00 9515 3.404542e-02
160 -1.258939e-02 1.611843e-03 7.985255e-02 -1.261023e-02 1.574346e-03 7.988964e-02 -4.027711e+00 -7.430471e+00 7.337000e+00 4253 1.551208e-02
161 2.535859e-03 -2.422379e-03 6.347668e-02 2.557849e-03 -2.417497e-03 6.360334e-02 4.547885e+00 1.031160e+00 2.629912e+01 4143 1.420683e-02
162 3.347409e-03 9.856751e-04 6.482160e-02 3.355846e-03 1.007600e-03 6.487843e-02 2.780705e+00 7.260099e+00 1.883042e+01 3827 1.283543e-02
163 -1.145712e-02 5.332716e-03 1.351653e-01 -1.154989e-02 5.304063e-03 1.364292e-01 -8.804500e-01 -9.598722e-01 2.413355e+01 5061 3.456303e-02
164 3.340516e-03 -1.075228e-02 1.147141e-01 4.628349e-03 -1.233045e-02 1.152422e-01 1.261305e+01 -1.449233e+01 5.399100e+00 6544 2.794854e-02
165 1.144919e-03 6.057330e-03 1.598430e-01 1.139932e-03 5.925048e-03 1.607669e-01 -1.837847e-01 -2.951386e+00 1.729268e+01 1853 1.159531e-02
166 5.818451e-03 1.126605e-02 8.417338e-02 5.817108e-03 1.147590e-02 8.462413e-02 -2.359508e-01 1.054589e+01 2.334877e+01 11751 4.171749e-02
167 -2.816260e-03 1.870060e-04 1.276873e-02 -2.989431e-03 1.017869e-04 1.268761e-02 -9.385342e+00 -4.661255e+00 -4.433133e+00 6326 2.232266e-02
168 1.251580e-02 -9.892846e-04 1.041155e-01 1.306514e-02 -6.003654e-04 1.058641e-01 7.438862e+00 6.194302e+00 2.749068e+01 2572 9.078747e-03
169 3.134008e-03 1.025626e-02 1.400555e-01 5.248070e-03 1.197194e-02 1.402410e-01 1.509838e+01 1.073270e+01 1.392544e+00 1847 1.314706e-02
170 -5.679863e-03 -9.855344e-04 1.292049e-02 -5.664921e-03 -9.261224e-04 1.267963e-02 1.131891e+00 4.026048e+00 -1.623557e+01 1982 7.197723e-03
171 8.978354e-03 8.671018e-03 8.440268e-02 9.417458e-03 8.627540e-03 8.467907e-02 8.804847e+00 -1.530690e+00 5.938600e+00 6384 3.884719e-02
172 -3.211134e-03 -7.943398e-03 1.273462e-02 -3.177440e-03 -7.915046e-03 1.261935e-02 5.438465e+00 4.624682e+00 -1.850411e+01 3518 1.231217e-02
173 1.131977e-02 -3.454749e-03 6.526291e-02 1.124459e-02 -3.384816e-03 6.504827e-02 -3.218933e+00 2.709273e+00 -7.891321e+00 3109 1.569313e-02
174 1.319253e-03 -3.476164e-03 6.344925e-02 1.298757e-03 -3.510732e-03 6.350905e-02 -5.519238e+00 -9.276935e+00 1.608197e+01 6135 2.193036e-02
175 6.138399e-03 5.206452e-03 1.599064e-01 6.132085e-03 5.328714e-03 1.601398e-01 -5.351426e-01 7.363391e+00 1.429750e+01 2993 1.795805e-02
176 3.554439e-03 4.502539e-03 1.276467e-02 3.471208e-03 4.462139e-03 1.269702e-02 -1.927915e+01 -9.375816e+00 -1.565335e+01 6282 2.240152e-02
177 6.857997e-03 -1.036792e-02 1.143983e-01 6.479251e-03 -1.094248e-02 1.151839e-01 -5.175277e+00 -5.141551e+00 8.916707e+00 4234 3.912449e-02
178 3.344381e-03 9.654821e-04 6.381652e-02 3.363552e-03 9.770448e-04 6.387879e-02 5.902672e+00 3.565128e+00 1.922521e+01 5880 2.012285e-02
179 1.210858e-02 7.678897e-03 1.907572e-02 1.210285e-02 7.699193e-03 1.902391e-02 -2.211766e+00 7.631150e+00 -1.955701e+01 1664 5.664198e-03
180 9.026245e-03 8.663322e-03 9.614688e-02 9.289635e-03 8.775412e-03 9.614724e-02 7.147163e+00 2.794602e+00 1.024650e-02 19734 7.905638e-02
181 -3.348273e-03 5.575856e-03 6.346016e-02 -3.320799e-03 5.597214e-03 6.352764e-02 5.091054e+00 3.892102e+00 1.243919e+01 2884 1.050854e-02
182 -1.253549e-02 1.229512e-03 8.807310e-02 -1.267415e-02 1.402664e-03 8.882319e-02 -2.281156e+00 3.800416e+00 1.683290e+01 8625 3.138760e-02
183 1.397723e-03 6.434519e-03 1.600630e-01 1.571972e-03 6.374786e-03 1.608090e-01 3.713529e+00 -1.740937e+00 1.632263e+01 15209 6.463221e-02
184 -1.115776e-02 5.972548e-03 1.129398e-01 -1.160917e-02 6.034641e-03 1.132225e-01 -1.860375e+01 2.402833e+00 1.190143e+01 23759 9.911725e-02
185 8.260236e-03 1.278421e-03 6.349019e-02 8.232305e-03 1.306777e-03 6.352457e-02 -6.410224e+00 6.444745e+00 7.823264e+00 6369 2.271323e-02
186 7.765890e-04 1.666199e-03 1.271713e-02 7.793321e-04 1.672866e-03 1.264997e-02 1.022335e+00 2.485453e+00 -2.510612e+01 2551 8.567744e-03
187 1.831524e-03 -6.070791e-03 6.743755e-02 -6.165408e-04 -6.989242e-03 6.336318e-02 -6.152470e+00 2.058239e+00 -9.259138e+00 4406 3.298904e-02
188 -1.084591e-02 -5.534817e-03 7.308289e-02 -1.158048e-02 -6.154449e-03 7.348027e-02 -1.442682e+01 -1.242771e+01 8.234251e+00 8120 2.921469e-02
189 -5.391558e-03 4.753655e-03 6.348218e-02 -5.423247e-03 4.744552e-03 6.354188e-02 -4.984229e+00 -1.490551e+00 9.484899e+00 12678 4.534936e-02
190 -6.019184e-03 2.229372e-03 6.349937e-02 -6.092718e-03 2.124261e-03 6.365755e-02 -4.473218e+00 -6.649661e+00 9.928829e+00 2324 8.388644e-03
191 -7.267984e-04 3.398103e-03 6.352669e-02 -7.433267e-04 3.444988e-03 6.361400e-02 -3.580354e+00 1.014705e+01 1.894097e+01 4796 1.658264e-02
192 -5.529182e-04 3.484551e-03 6.344366e-02 -5.059084e-04 3.465660e-03 6.355443e-02 9.023230e+00 -3.651270e+00 2.125186e+01 5587 1.941734e-02
193 -3.091836e-03 3.994531e-03 1.599593e-01 -3.333800e-03 3.561682e-03 1.601973e-01 -9.676312e+00 -1.765847e+01 9.631989e+00 5752 5.659689e-02
194 -1.763899e-03 -2.693722e-03 1.271191e-02 -1.769636e-03 -2.800796e-03 1.262105e-02 -5.892155e-01 -1.141381e+01 -9.717214e+00 7255 2.602378e-02
195 1.111087e-02 5.179598e-03 7.957945e-02 1.167276e-02 5.358255e-03 8.024494e-02 2.351476e+01 7.419388e+00 2.831669e+01 9728 3.468495e-02
196 -4.025417e-03 -9.395663e-03 6.345589e-02 -4.030928e-03 -9.407474e-03 6.350188e-02 -2.163450e+00 -4.633361e+00 1.817896e+01 3161 1.123740e-02
197 1.178716e-02 -4.184362e-03 1.423883e-01 1.403520e-02 -3.889982e-03 1.417281e-01 1.512258e+01 3.068110e+00 -5.144749e+00 8276 4.107096e-02
198 -3.621540e-03 -1.353840e-02 1.913939e-02 -3.637773e-03 -1.349824e-02 1.901241e-02 -2.030420e+00 5.283616e+00 -1.621255e+01 1773 6.462918e-03
199 1.193799e-02 1.346768e-04 9.888442e-02 1.285861e-02 4.872123e-04 9.812846e-02 7.909589e+00 3.655828e+00 -7.919215e+00 3961 1.799622e-02
200 1.504398e-02 -8.311411e-03 6.346381e-02 1.506968e-02 -8.316079e-03 6.353331e-02 8.785894e+00 -1.571765e+00 2.393070e+01 3703 1.345449e-02
201 -3.885953e-03 -3.714219e-03 6.344291e-02 -3.891385e-03 -3.718760e-03 6.350287e-02 -2.163631e+00 -1.807231e+00 2.404307e+01 1656 5.361063e-03
202 -4.488934e-04 -5.193136e-03 1.277016e-02 -4.206921e-04 -5.177171e-03 1.269736e-02 5.059033e+00 2.904649e+00 -1.304947e+01 930 3.124655e-03
203 -3.400474e-03 5.470171e-03 1.600725e-01 -3.289452e-03 5.655068e-03 1.603672e-01 4.808531e+00 7.617876e+00 1.244984e+01 3846 2.501137e-02
204 -1.252705e-02 -1.812637e-03 7.275067e-02 -1.315414e-02 -2.079008e-03 7.273656e-02 -1.050088e+01 -4.743116e+00 -2.594346e-01 9383 3.650344e-02
205 2.270622e-03 3.303243e-03 6.340775e-02 2.321270e-03 3.284931e-03 6.353010e-02 6.767336e+00 -2.492308e+00 1.640832e+01 10202 3.624196e-02
206 2.353976e-03 -2.446694e-03 1.279929e-02 2.419057e-03 -2.322784e-03 1.265679e-02 4.243356e+00 8.234503e+00 -9.407838e+00 1429 5.185434e-03
207 -3.130535e-03 1.546234e-03 6.371193e-02 -3.168217e-03 1.496719e-03 6.383146e-02 -5.809034e+00 -7.687303e+00 1.852159e+01 9118 3.132701e-02
208 1.385824e-03 3.963880e-03 1.272304e-02 1.379560e-03 3.947941e-03 1.267102e-02 -2.553822e+00 -6.499509e+00 -2.116425e+01 2492 9.715878e-03
209 6.454789e-04 2.194678e-03 1.272980e-02 5.972600e-04 2.199772e-03 1.268882e-02 -1.165133e+01 1.216983e+00 -9.897951e+00 810 3.026602e-03
210 5.936080e-03 -1.111266e-02 9.256735e-02 6.140538e-03 -1.200230e-02 9.259015e-02 3.037734e+00 -1.447278e+01 3.958412e-01 19055 8.051785e-02
211 -3.158999e-03 5.298403e-03 6.345932e-02 -3.178350e-03 5.357037e-03 6.353434e-02 -1.610298e+00 4.952672e+00 6.454429e+00 1887 6.742488e-03
212 -6.576133e-04 1.165104e-03 1.271311e-02 -6.594717e-04 1.156436e-03 1.268582e-02 -9.510735e-01 -4.447662e+00 -1.399024e+01 1336 4.980325e-03
213 -2.743243e-03 1.312374e-04 1.781357e-01 -1.831051e-03 1.200979e-03 4.757528e-01 -3.609859e+00 -1.331135e+00 7.651111e+00 3747 2.544034e-02
214 -1.104823e-02 6.144770e-03 9.326207e-02 -1.114214e-02 6.205287e-03 9.334839e-02 -6.865930e+00 4.443680e+00 6.510864e+00 8897 4.396339e-02
215 2.460876e-03 -5.623458e-03 6.348879e-02 2.453970e-03 -5.611961e-03 6.350625e-02 -6.410501e+00 1.067582e+01 1.620195e+01 1694 5.926570e-03
216 6.615785e-04 -7.331796e-03 6.348935e-02 6.221839e-04 -7.346296e-03 6.352275e-02 -9.616140e+00 -3.493303e+00 8.148987e+00 6655 2.330455e-02
217 4.297072e-03 -1.189960e-02 1.738782e-02 4.272803e-03 -1.198384e-02 1.730014e-02 -4.370913e+00 -1.495095e+01 -1.566191e+01 2129 7.474176e-03
218 4.386631e-03 -1.154042e-02 1.179306e-01 5.336220e-03 -1.353026e-02 1.168874e-01 6.795917e+00 -1.381001e+01 -8.419192e+00 2405 1.238582e-02
219 -4.175603e-03 2.503662e-03 1.597650e-01 -3.786355e-03 2.019912e-03 1.604783e-01 6.236561e+00 -7.485534e+00 1.069883e+01 13581 5.449123e-02
220 4.959730e-03 3.598801e-03 6.348034e-02 4.939623e-03 3.567512e-03 6.354014e-02 -4.691380e+00 -7.274086e+00 1.385935e+01 16860 5.913227e-02
221 2.008697e-03 -9.955244e-03 1.599116e-01 2.590230e-03 -1.021522e-02 1.609907e-01 8.560017e+00 -2.938271e+00 1.628755e+01 4581 4.901010e-02
222 -4.486189e-03 -1.074029e-03 6.522024e-02 -4.200638e-03 -9.584568e-04 6.471440e-02 6.336767e+00 2.512697e+00 -1.068084e+01 15132 5.832619e-02
223 -6.726853e-04 -6.489706e-03 6.349961e-02 -6.733934e-04 -6.494350e-03 6.350894e-02 -5.585084e-01 -3.659217e+00 7.377169e+00 4101 1.445455e-02
224 7.247973e-04 8.091749e-03 1.597163e-01 5.953760e-04 8.768097e-03 1.610276e-01 -1.834483e+00 8.294026e+00 1.783972e+01 3087 1.753451e-02
225 6.583298e-03 -2.856562e-03 6.568417e-02 5.983540e-03 -3.151376e-03 6.483010e-02 -7.217550e+00 -2.692440e+00 -9.005552e+00 15609 5.838063e-02
226 4.081551e-03 -4.146421e-03 6.529451e-02 3.842425e-03 -4.436839e-03 6.496677e-02 -3.614465e+00 -3.372385e+00 -4.341979e+00 8499 3.667008e-02
227 1.251080e-02 -8.774249e-04 1.153337e-01 1.288417e-02 -1.054487e-03 1.154339e-01 6.729201e+00 -3.556858e+00 2.050269e+00 5984 2.464019e-02
228 6.016544e-03 -6.293523e-04 6.344126e-02 5.975842e-03 -6.455019e-04 6.350472e-02 -2.394737e+00 -8.687453e-01 3.481331e+00 16186 5.813847e-02
229 -7.648501e-03 1.012526e-02 1.566258e-01 -7.905684e-03 1.019940e-02 1.568698e-01 -7.279071e+00 1.704661e+00 7.270204e+00 5643 3.565818e-02
230 -3.954338e-03 -3.176013e-04 6.348537e-02 -3.951391e-03 -3.203814e-04 6.351409e-02 2.495048e+00 -2.346785e+00 2.424925e+01 3766 1.322703e-02
231 3.167583e-03 -9.358327e-04 1.270315e-02 3.167662e-03 -9.437051e-04 1.269003e-02 2.510566e-02 -3.540368e+00 -5.908393e+00 2549 8.968555e-03
232 -2.178938e-03 -5.454320e-03 6.342215e-02 -2.255217e-03 -5.414374e-03 6.350972e-02 -8.776381e+00 4.680641e+00 1.010776e+01 3051 1.051583e-02
233 -6.362314e-03 -2.195145e-03 6.346674e-02 -6.353703e-03 -2.175715e-03 6.350889e-02 2.611314e+00 5.831745e+00 1.262857e+01 6764 2.358398e-02
234 -1.170794e-02 -4.871141e-03 8.294006e-02 -1.182781e-02 -5.285312e-03 8.344801e-02 -5.836897e+00 -2.118934e+01 2.616430e+01 1268 4.960475e-03
235 1.219772e-02 3.379845e-03 1.473429e-01 1.222952e-02 3.499311e-03 1.473042e-01 3.104866e+00 1.227519e+01 -3.997011e+00 5114 2.941192e-02
236 -2.413019e-03 3.421579e-03 6.349076e-02 -2.415502e-03 3.423669e-03 6.358639e-02 -3.018307e-01 2.385769e-01 1.266616e+01 5806 2.056948e-02
237 1.171494e-02 -6.604596e-03 6.323951e-02 1.171070e-02 -6.645771e-03 6.354124e-02 -6.448466e-01 -1.156132e+00 1.053016e+01 3024 1.098151e-02
238 6.813804e-03 -4.760334e-03 6.343829e-02 6.865816e-03 -4.825504e-03 6.356652e-02 4.004526e+00 -5.088080e+00 1.018740e+01 20244 7.044742e-02
239 -5.207158e-03 5.407356e-03 6.349712e-02 -5.181282e-03 5.446565e-03 6.352096e-02 2.954820e+00 4.300773e+00 2.658213e+00 3512 1.233209e-02
240 3.064332e-03 3.245594e-03 1.606533e-01 3.143272e-03 3.346634e-03 1.606638e-01 5.243295e+00 6.726138e+00 7.080285e-01 9909 4.620050e-02
241 5.100478e-03 -2.960596e-04 6.346899e-02 5.093146e-03 -3.463452e-04 6.353195e-02 -2.093718e+00 -1.417384e+01 1.774903e+01 3639 1.329990e-02
242 2.968845e-03 1.226859e-02 9.103071e-02 3.440081e-03 1.361012e-02 9.337594e-02 7.151414e+00 2.000107e+01 3.705569e+01 8021 2.679187e-02
243 1.055049e-02 7.065002e-03 1.464808e-01 1.057368e-02 7.110813e-03 1.465127e-01 3.590476e+00 7.220361e+00 5.083823e+00 2969 2.023361e-02
244 -4.173059e-04 -3.969888e-03 6.344722e-02 -4.957733e-04 -3.966178e-03 6.361323e-02 -1.427783e+01 7.076010e-01 3.021380e+01 8243 3.016842e-02
245 -1.355527e-02 1.856175e-03 1.921943e-02 -1.359654e-02 1.639625e-03 1.875942e-02 -1.196517e+00 -8.921312e+00 -1.881465e+01 9951 3.445058e-02
246 5.114325e-03 2.200506e-03 1.600680e-01 4.850757e-03 2.293126e-03 1.607209e-01 -6.319849e+00 1.960470e+00 1.484639e+01 3781 2.275153e-02
247 -1.629665e-03 5.149865e-03 6.339022e-02 -1.592113e-03 5.196910e-03 6.358735e-02 3.366657e+00 4.097992e+00 1.753152e+01 4240 1.517632e-02
248 7.126440e-03 -1.035513e-02 8.418347e-02 7.181618e-03 -1.049940e-02 8.434675e-02 4.747046e+00 -1.255098e+01 1.440189e+01 8386 2.930032e-02
249 -5.785118e-03 2.034728e-03 1.597645e-01 -5.856958e-03 2.002367e-03 1.602182e-01 -1.459380e+00 -9.313076e-01 1.138224e+01 15511 7.494085e-02
250 -1.247941e-02 -2.293323e-03 1.167227e-01 -1.260332e-02 -2.635678e-03 1.167107e-01 -3.377775e+00 -1.082517e+01 -3.822883e-01 2539 2.687090e-02
251 -4.275753e-03 5.247891e-03 1.599319e-01 -4.473323e-03 4.892061e-03 1.608930e-01 -5.188652e+00 -1.004350e+01 2.638211e+01 7503 4.013615e-02
252 8.367696e-03 8.959758e-03 1.037837e-01 8.687966e-03 9.309900e-03 1.037557e-01 1.001756e+01 1.096052e+01 -9.115098e-01 4344 1.988194e-02
253 -3.910501e-03 -5.132645e-03 1.722428e-01 4.617644e-03 9.323211e-03 4.456511e-01 -3.005553e+00 -2.905766e-01 2.101771e+01 9425 3.916425e-02
254 1.019841e-02 -7.560808e-03 1.454674e-01 1.016503e-02 -7.636599e-03 1.452733e-01 -1.582550e+00 -2.262547e+00 -6.635231e+00 7987 3.508091e-02
255 4.674303e-04 3.822987e-03 1.272050e-02 4.241869e-04 3.787998e-03 1.269293e-02 -7.104937e+00 -5.779836e+00 -4.527948e+00 2613 8.850486e-03
256 -2.605738e-03 2.773425e-03 1.282767e-02 -2.683288e-03 2.768456e-03 1.258337e-02 -3.667185e+00 -3.250570e-01 -1.180668e+01 1646 5.919519e-03
257 -1.210449e-03 -1.231126e-02 1.138897e-01 -1.147301e-03 -1.271753e-02 1.141743e-01 2.199745e+00 -1.327732e+01 9.680945e+00 6084 2.752508e-02
258 -1.643708e-03 -1.189863e-02 1.146819e-01 -1.989052e-03 -1.255254e-02 1.144803e-01 -6.269250e+00 -1.116994e+01 -3.742276e+00 11934 6.820259e-02
259 3.614441e-03 1.820094e-04 6.348607e-02 3.627935e-03 1.888787e-04 6.352338e-02 5.582140e+00 2.847703e+00 1.546926e+01 9008 3.127284e-02
260 -5.634496e-03 -2.972422e-03 6.342557e-02 -5.699910e-03 -2.988911e-03 6.362375e-02 -8.579844e+00 -2.145315e+00 2.618607e+01 7124 2.622410e-02
261 3.940765e-03 1.201365e-03 6.348593e-02 3.928143e-03 1.211424e-03 6.351499e-02 -7.708287e+00 6.132375e+00 1.772729e+01 5916 2.122407e-02
262 6.569710e-03 -1.081493e-02 1.008880e-01 6.914183e-03 -1.087974e-02 1.020331e-01 5.198706e+00 -1.339973e-01 1.924286e+01 2852 9.620941e-03
263 -2.688736e-03 -3.145948e-03 6.349240e-02 -2.677665e-03 -3.307719e-03 6.355307e-02 8.018838e-01 -1.078035e+01 4.069986e+00 6842 2.380738e-02
264 1.201915e-02 -3.703758e-03 7.618203e-02 1.212431e-02 -3.800701e-03 7.622596e-02 7.459123e+00 -7.025581e+00 3.217547e+00 3414 2.200404e-02
265 2.273032e-03 -1.407020e-03 1.271826e-02 2.262544e-03 -1.360358e-03 1.262508e-02 -1.097506e+00 4.755896e+00 -9.456558e+00 968 3.590866e-03
266 3.607323e-03 -1.635901e-03 1.619688e-01 3.728183e-03 -1.663282e-03 1.621583e-01 8.691759e+00 -1.952400e+00 1.374723e+01 14060 5.614620e-02
267 -4.090578e-03 -1.303991e-03 1.610116e-01 -4.338868e-03 -6.968985e-04 1.618035e-01 -3.349843e+00 9.296523e+00 1.198867e+01 6284 3.725239e-02
268 -1.556191e-03 -4.132157e-03 6.565757e-02 -1.236943e-03 -3.694367e-03 6.342821e-02 1.651530e+00 3.541502e+00 -5.123997e+00 4289 3.531691e-02
269 1.063925e-02 6.829269e-03 1.512925e-01 1.067503e-02 6.946152e-03 1.511213e-01 -9.642057e-01 4.541700e-01 -1.964386e+00 3842 2.827364e-02
270 4.345457e-03 4.021095e-04 6.336231e-02 4.499418e-03 3.600202e-05 6.355125e-02 7.313451e+00 -1.771948e+01 9.140373e+00 9334 3.232784e-02
271 1.153786e-02 5.029869e-03 1.448983e-01 1.170513e-02 5.005930e-03 1.450287e-01 8.451455e+00 -1.398084e+00 6.844786e+00 6762 3.827155e-02
272 4.004178e-03 4.049119e-03 6.349550e-02 4.002986e-03 4.054114e-03 6.352394e-02 -6.678747e-01 2.744385e+00 1.568794e+01 5298 1.840604e-02
273 4.736472e-03 -1.174055e-02 8.466892e-02 4.697916e-03 -1.184871e-02 8.443009e-02 -1.782289e+00 -4.114903e+00 -1.000581e+01 7917 4.774962e-02
274 -1.083069e-02 6.527549e-03 1.424500e-02 -1.095655e-02 6.535012e-03 1.417788e-02 -8.898237e+00 4.074094e-01 -4.864685e+00 3591 1.297482e-02
275 -5.311358e-03 -1.141299e-04 6.344995e-02 -5.312480e-03 -2.774708e-04 6.366115e-02 -2.000895e-02 -1.520637e+01 1.966550e+01 7153 2.550032e-02
276 -2.080943e-04 -8.825417e-03 6.344321e-02 -2.039242e-04 -8.813647e-03 6.352361e-02 8.609745e-01 2.489254e+00 1.657014e+01 11146 4.015955e-02
277 1.249526e-02 6.569095e-04 9.016341e-02 1.308751e-02 1.023496e-04 9.060201e-02 9.533818e+00 -9.950710e+00 7.840192e+00 7041 2.512783e-02
278 1.807078e-03 -1.899148e-03 1.270963e-02 1.814608e-03 -1.898665e-03 1.268991e-02 3.720140e+00 2.446014e-01 -9.753261e+00 4813 1.631684e-02
279 -1.188486e-02 -1.139964e-02 1.686330e-01 5.944538e-03 -5.927510e-04 6.201941e-01 -2.265028e+01 -2.050338e+01 1.530316e+00 6265 3.204951e-02
280 1.034763e-02 6.783120e-03 1.062497e-01 1.130127e-02 6.711268e-03 1.064142e-01 2.097554e+01 -2.073224e+00 3.740448e+00 3202 1.572061e-02
281 3.944015e-03 -1.075941e-02 1.217285e-01 4.420260e-03 -1.203167e-02 1.220006e-01 5.074590e+00 -1.352830e+01 3.196102e+00 10323 4.158973e-02
282 4.684636e-03 -2.464758e-03 1.587762e-01 4.595225e-03 -2.691767e-03 1.600993e-01 -2.215953e+00 -4.620269e+00 2.796930e+01 8962 3.355739e-02
283 -1.083820e-05 -5.084337e-03 1.270578e-02 4.726186e-06 -5.066997e-03 1.264041e-02 6.073158e+00 6.785493e+00 -2.550683e+01 1978 7.102359e-03
284 5.017815e-03 1.149262e-02 9.985621e-02 4.970633e-03 1.169854e-02 1.003278e-01 -2.156733e+00 8.234592e+00 1.979228e+01 3001 1.328777e-02
285 -2.264753e-03 -7.863181e-03 1.275493e-02 -2.254272e-03 -7.868617e-03 1.266096e-02 2.243336e+00 -1.100649e+00 -1.997289e+01 5241 1.843500e-02
286 -1.262179e-02 -6.322930e-04 1.160160e-01 -1.277675e-02 -6.961289e-04 1.162442e-01 -5.234238e+00 -2.338871e+00 8.456297e+00 4203 1.947747e-02
287 -9.967776e-03 7.583279e-03 1.308739e-01 -1.066773e-02 8.539864e-03 1.300096e-01 -4.267516e+00 6.870547e+00 -7.439646e+00 2081 1.400488e-02
288 -8.355159e-03 4.902205e-03 6.343376e-02 -8.261890e-03 4.938323e-03 6.356837e-02 1.045946e+01 3.941738e+00 1.493563e+01 12297 4.233709e-02
289 -2.385747e-03 -2.562570e-03 6.349974e-02 -2.385894e-03 -2.555284e-03 6.351378e-02 -1.435033e-01 7.322887e+00 1.410055e+01 4465 1.643136e-02
290 -1.634776e-03 -6.132539e-03 6.348997e-02 -1.465718e-03 -6.115202e-03 6.353401e-02 1.708099e+01 1.839241e+00 4.443822e+00 13532 4.757154e-02
291 1.074265e-02 6.754460e-03 9.408600e-02 1.089460e-02 6.944917e-03 9.412544e-02 1.158436e+01 1.464806e+01 3.060558e+00 8506 3.174565e-02
292 -1.214140e-02 2.578873e-03 9.585555e-02 -1.291392e-02 3.189077e-03 9.865261e-02 -9.737188e+00 8.418671e+00 3.992174e+01 6219 2.143481e-02
293 9.123127e-03 -8.539437e-03 7.263728e-02 9.476559e-03 -9.129234e-03 7.312657e-02 6.474658e+00 -1.129393e+01 9.900874e+00 11061 3.914966e-02
294 1.129581e-02 -5.375264e-03 8.971550e-02 1.158780e-02 -5.515922e-03 9.093015e-02 7.587557e+00 -3.658571e+00 3.406759e+01 5498 1.942171e-02
295 -8.022028e-03 -9.634916e-03 7.867089e-02 -8.437104e-03 -1.027494e-02 7.913034e-02 -1.292322e+01 -2.005318e+01 1.472288e+01 4656 1.545242e-02
296 1.918153e-03 3.006718e-03 6.341630e-02 1.912919e-03 3.260570e-03 6.355641e-02 -6.197408e-01 2.880629e+01 1.592048e+01 13953 5.053112e-02
297 1.018861e-02 7.227800e-03 1.357970e-01 1.046327e-02 7.284043e-03 1.363468e-01 3.250142e+00 1.721250e-01 8.483287e+00 3891 1.826425e-02
298 4.146134e-03 -4.974797e-03 6.542747e-02 5.783007e-03 -4.990312e-03 6.418482e-02 5.075899e+00 1.714031e+00 -5.140471e+00 3665 3.495249e-02
299 -7.307707e-03 -9.657380e-03 8.520738e-02 -8.004871e-03 -1.007681e-02 8.733865e-02 -1.006068e+01 -5.549154e+00 3.296893e+01 3249 1.190603e-02
300 -2.979481e-03 3.502262e-03 6.344133e-02 -2.971743e-03 3.485638e-03 6.350611e-02 9.173649e-01 -1.932989e+00 7.354225e+00 5759 2.070291e-02
301 1.342456e-02 2.593711e-03 6.348326e-02 1.341450e-02 2.561854e-03 6.354174e-02 -2.202849e+00 -6.698638e+00 1.226377e+01 4614 1.728125e-02
302 -1.023257e-02 7.191911e-03 1.319875e-01 -1.047315e-02 7.227123e-03 1.319395e-01 -1.337729e+01 1.809309e+00 -2.725119e+00 8179 3.575684e-02
303 -5.864733e-03 -7.998486e-03 6.545465e-02 -5.893981e-03 -7.056375e-03 6.356230e-02 5.455910e-01 1.078576e+01 -1.945013e+01 14115 5.909668e-02
304 6.494664e-03 4.065329e-03 6.348384e-02 6.482609e-03 4.060886e-03 6.350786e-02 -3.808721e+00 -1.411551e+00 7.526871e+00 10196 3.547866e-02
305 -5.311124e-03 -2.303945e-03 1.270201e-02 -5.299099e-03 -2.294572e-03 1.264304e-02 7.090241e+00 5.522310e+00 -3.470494e+01 5870 2.182596e-02
306 -4.629841e-03 -4.575253e-03 6.347103e-02 -4.606696e-03 -4.547719e-03 6.351767e-02 1.020867e+01 1.214180e+01 2.053905e+01 4499 1.570059e-02
307 -5.254172e-04 -9.127256e-03 1.600229e-01 -7.926331e-05 -9.564993e-03 1.603671e-01 1.047644e+01 -9.669329e+00 8.065817e+00 5562 2.791887e-02
308 -1.384153e-03 -3.138469e-03 6.476555e-02 -1.321022e-03 -3.313298e-03 6.457457e-02 1.778812e+00 -4.543570e+00 -5.155124e+00 6586 3.186289e-02
309 1.034034e-02 1.106088e-03 6.332290e-02 1.028457e-02 1.131668e-03 6.355914e-02 -5.137130e+00 2.259206e+00 2.103480e+01 3203 1.105483e-02
310 4.576865e-03 1.430464e-03 6.346987e-02 4.499904e-03 1.366465e-03 6.351945e-02 -9.472131e+00 -7.847986e+00 6.066229e+00 6101 2.125146e-02
311 -3.054657e-03 2.496468e-03 6.347385e-02 -3.032560e-03 2.508741e-03 6.351956e-02 1.645716e+00 8.272918e-01 3.273774e+00 5096 1.836409e-02
312 -8.120982e-04 -3.422985e-03 1.270951e-02 -8.128742e-04 -3.425275e-03 1.268564e-02 -4.069857e-01 -1.197834e+00 -1.258775e+01 5481 1.938536e-02
313 3.781750e-03 1.783101e-03 6.732782e-02 2.908161e-03 3.135635e-03 6.455062e-02 -4.505313e+00 3.734692e+00 -9.657114e+00 5703 2.720557e-02
314 5.574614e-03 -4.278657e-03 6.532286e-02 5.500195e-03 -4.328905e-03 6.500855e-02 -6.738764e+00 -4.416613e+00 -2.807273e+01 3346 1.994742e-02
315 1.203033e-02 -3.902763e-03 1.005940e-01 1.213207e-02 -3.831543e-03 1.007360e-01 4.895706e+00 3.781426e+00 7.313472e+00 3734 4.718281e-02
316 -8.334953e-03 -9.222336e-03 1.321291e-01 -8.719361e-03 -9.308311e-03 1.322114e-01 -9.648532e+00 -1.744236e+00 2.167696e+00 4667 2.030750e-02
317 1.766491e-03 -3.318622e-03 6.349210e-02 1.792679e-03 -3.309915e-03 6.357212e-02 8.063458e+00 2.699516e+00 2.466349e+01 6020 2.128864e-02
318 6.584180e-04 -5.503776e-03 1.274001e-02 6.002312e-04 -5.498008e-03 1.266964e-02 -8.263391e+00 8.759882e-01 -9.985487e+00 2211 7.891043e-03
319 2.831898e-03 2.049522e-03 6.344884e-02 2.841405e-03 2.053996e-03 6.352047e-02 2.495489e+00 1.170466e+00 1.892438e+01 6603 2.276941e-02
320 -3.936318e-03 2.721273e-04 6.531400e-02 -2.306599e-03 1.100270e-03 6.429907e-02 7.354299e+00 2.829456e+00 -3.750354e+00 5560 2.410218e-02
321 -7.834686e-03 3.556080e-03 6.348299e-02 -7.838716e-03 3.610348e-03 6.357148e-02 -1.045898e+00 1.464241e+01 2.390724e+01 9766 3.533253e-02
322 3.456625e-03 1.587417e-03 6.347755e-02 3.467384e-03 1.593785e-03 6.351982e-02 5.164533e+00 3.057953e+00 2.032903e+01 3948 1.369974e-02
323 1.184772e-03 -1.037791e-02 1.600700e-01 1.270290e-03 -1.013319e-02 1.601459e-01 3.511805e+00 1.053983e+01 3.154481e+00 11124 6.026774e-02
324 3.336029e-03 5.540191e-03 6.349599e-02 3.285107e-03 5.524153e-03 6.359778e-02 -9.034353e+00 -2.882939e+00 1.800334e+01 2308 7.799711e-03
325 6.720855e-04 -4.710614e-03 6.340629e-02 5.971739e-04 -4.733595e-03 6.355506e-02 -8.199712e+00 -2.448863e+00 1.626733e+01 6248 2.261067e-02
326 1.624365e-03 3.435061e-03 1.273437e-02 1.615962e-03 3.439152e-03 1.269606e-02 -3.577057e+00 1.726997e+00 -1.627917e+01 3328 1.233027e-02
327 3.421671e-03 9.183018e-04 6.348249e-02 3.416062e-03 8.849891e-04 6.350903e-02 -3.372728e+00 -1.998084e+01 1.591689e+01 9483 3.233431e-02
