/n/home03/calmiller/DSMC_Simulations/6_10_20_fixed_collisions/flow_4.00000_gap_0.00800_len_0.08000_T1_2.00000_T2_2.00000/data
running....
idx x y z xnext ynext znext vx vy vz collides time
500425 4.777746e-03 -4.272109e-03 1.555056e-01 3.965007e-02 -7.536250e-02 1.613111e-01 8.037163e+00 -1.638449e+01 1.338030e+00 8229 3.518549e-02
970 -2.106928e-03 6.683030e-05 1.647489e-01 1.390750e-02 -3.523375e-03 3.560170e-01 3.927083e+00 -8.803956e-01 4.690306e+01 1463 7.433461e-03
1668 -4.452983e-03 2.268395e-03 1.640940e-01 -6.286902e-02 1.015206e-02 2.847755e-01 -1.173879e+01 1.584234e+00 2.425114e+01 2383 1.154142e-02
126797 6.148217e-05 -1.713107e-02 1.617242e-01 -3.342004e-02 -3.080013e-01 2.324603e-01 -1.171278e+00 -1.017546e+01 2.474547e+00 1604 1.378349e-02
751918 1.450509e-02 -2.180939e-02 7.402645e-02 1.660977e-02 -2.557720e-02 7.571302e-02 1.314737e+01 -2.353648e+01 1.053552e+01 2328 9.298868e-03
877076 2.001846e-02 -1.607217e-02 6.927493e-02 2.602132e-02 -2.203704e-02 6.879124e-02 1.535385e+01 -1.525669e+01 -1.237170e+00 1432 6.770352e-03
627554 5.258033e-03 1.552325e-02 1.984661e-01 1.126153e+00 1.761239e+00 5.610352e+00 6.178826e+00 9.623089e+00 2.983249e+01 3208 1.848152e-02
127522 -3.557021e-03 7.649938e-03 1.796982e-01 -1.585077e-01 1.872170e-01 1.369352e+00 -2.632909e+00 3.051188e+00 2.021449e+01 2203 1.209059e-02
127896 6.620789e-03 2.864695e-02 2.466463e-01 4.925792e-01 1.620280e+00 5.520999e+00 2.984890e+00 9.776246e+00 3.239652e+01 1179 9.956357e-03
3805 8.441216e-03 -4.322177e-03 1.727450e-01 5.034752e-02 -7.330231e-02 4.137127e-01 4.805581e+00 -7.910256e+00 2.763282e+01 2392 1.195360e-02
378312 -5.099102e-03 -2.954608e-03 1.627822e-01 -6.312903e-02 -8.806502e-02 3.974913e-01 -4.060344e+00 -5.955161e+00 1.642256e+01 1739 9.707361e-03
378717 -2.806845e-02 2.373266e-03 7.271671e-02 -3.587031e-02 3.352156e-03 7.595748e-02 -2.449959e+01 3.073935e+00 1.017675e+01 2082 8.715421e-03
753866 -1.658039e-02 -1.130502e-02 7.193944e-02 -2.644773e-02 -1.901529e-02 7.458062e-02 -2.095363e+01 -1.637301e+01 5.608643e+00 6105 2.346398e-02
629942 -6.827976e-03 1.423210e-02 2.013684e-01 -5.007283e-02 7.599790e-02 3.962940e-01 -2.560594e+00 3.657248e+00 1.154185e+01 2259 1.694654e-02
505046 4.829973e-03 4.860510e-03 1.708786e-01 4.890788e-02 2.728161e-02 2.917909e-01 6.351326e+00 3.230728e+00 1.742265e+01 1931 1.203064e-02
255763 -1.454110e-02 5.913492e-03 1.732582e-01 -1.626521e-01 5.266412e-02 3.548167e-01 -1.394036e+01 4.400218e+00 1.708847e+01 2176 1.319116e-02
380798 -4.452204e-03 -3.324810e-03 1.570033e-01 -3.097090e-02 -1.533355e-02 1.872778e-01 -1.131030e+01 -5.121762e+00 1.291217e+01 5948 2.807307e-02
755944 2.744839e-03 8.435512e-03 1.691702e-01 7.647093e-03 3.534307e-02 2.484162e-01 1.414519e+00 7.764030e+00 2.286599e+01 7386 3.173031e-02
631719 5.232700e-03 -6.018586e-04 1.660825e-01 7.141049e-02 -1.952292e-02 2.694245e-01 9.527349e+00 -2.723989e+00 1.487773e+01 6107 2.631734e-02
131794 -2.996166e-03 5.142736e-03 1.660654e-01 -9.775332e-03 3.000054e-02 2.176555e-01 -1.872021e+00 6.864313e+00 1.424624e+01 1482 1.008167e-02
758046 9.080313e-04 2.244283e-02 1.927339e-01 -5.149066e-02 2.951401e-01 7.199973e-01 -1.792351e+00 9.327886e+00 1.803558e+01 1498 1.144593e-02
382973 -2.422828e-04 -5.535212e-03 1.670575e-01 7.977753e-05 -3.664669e-02 2.100041e-01 8.908733e-02 -8.605963e+00 1.187977e+01 2905 1.573381e-02
758257 1.773197e-02 1.408794e-02 7.285321e-02 3.188683e-02 2.746729e-02 7.923113e-02 2.692733e+01 2.545205e+01 1.213295e+01 5912 2.239371e-02
508296 2.272832e-03 8.254929e-03 1.674931e-01 1.474386e-02 1.228547e-01 4.712354e-01 9.485131e-01 8.716152e+00 2.310183e+01 2875 1.383945e-02
633514 4.985125e-03 -4.881049e-03 1.687021e-01 1.352457e-01 -2.733542e-01 8.049774e-01 5.920207e+00 -1.220182e+01 2.891804e+01 3941 1.788988e-02
508848 -4.904889e-03 -1.217181e-02 1.842296e-01 -8.044656e-02 -1.201184e-01 6.046880e-01 -4.885407e+00 -6.981090e+00 2.719175e+01 6318 2.753665e-02
11056 2.393890e-03 4.034952e-03 1.613195e-01 3.722632e-02 4.023302e-02 2.145999e-01 7.457700e+00 7.750085e+00 1.140744e+01 3004 1.647203e-02
134218 8.317479e-03 -6.812293e-03 1.686060e-01 1.612706e-01 -1.038394e-01 4.520459e-01 1.229860e+01 -7.801725e+00 2.279074e+01 5630 2.554094e-02
259488 1.583916e-03 -2.606048e-02 7.238438e-02 5.817471e-03 -7.142177e-02 7.525899e-02 2.541296e+00 -2.722923e+01 1.725560e+00 2381 9.786478e-03
260484 -8.094270e-03 -2.532127e-02 2.480223e-01 -1.790041e-01 -5.678589e+00 2.236726e+01 -2.066730e-01 -6.836223e+00 2.674772e+01 3062 1.759667e-02
12701 -3.656696e-03 5.857475e-03 1.819069e-01 -4.289518e-02 5.728792e-02 4.199204e-01 -5.362086e+00 7.028162e+00 3.252545e+01 2670 1.323975e-02
885696 -2.548391e-02 1.068348e-02 7.051010e-02 -2.973318e-02 1.217027e-02 7.016515e-02 -2.246794e+01 7.861429e+00 -1.823961e+00 8824 3.394636e-02
885986 6.378648e-03 4.283708e-03 1.745905e-01 3.926514e-02 4.101279e-02 2.912992e-01 7.043686e+00 7.866698e+00 2.499688e+01 1525 8.975730e-03
261519 -5.802912e-03 3.634244e-03 1.617550e-01 -2.047528e-02 3.181419e-02 1.955681e-01 -7.358689e+00 1.413320e+01 1.695844e+01 1721 1.134027e-02
14490 2.607415e-02 1.228433e-03 6.792796e-02 3.898261e-02 9.470451e-04 6.563820e-02 2.158746e+01 -4.705797e-01 -3.829280e+00 2208 1.251928e-02
512169 -1.123471e-03 -4.002066e-04 2.024040e-01 -4.342597e-01 -3.527346e-01 5.421409e+00 -2.815120e+00 -2.289958e+00 3.392034e+01 2983 1.440838e-02
762692 -9.986367e-03 1.579631e-02 1.807576e-01 -2.252264e-01 3.262104e-01 1.124104e+00 -3.430186e+00 4.946934e+00 1.503370e+01 3775 2.149800e-02
763125 -3.609273e-03 -6.613313e-03 1.671202e-01 -3.022182e-02 -4.205801e-02 2.674547e-01 -4.540025e+00 -6.046766e+00 1.711678e+01 11501 4.677017e-02
15940 3.925268e-03 1.236094e-03 2.052161e-01 3.011494e-02 -2.370588e-02 6.465440e-01 1.364776e+00 -1.299757e+00 2.299813e+01 3162 1.647304e-02
17532 -7.230539e-03 8.362532e-03 1.963467e-01 -7.166572e-02 6.552464e-02 4.966042e-01 -2.731609e+00 2.423281e+00 1.272885e+01 1902 1.528064e-02
264701 -9.985789e-03 -1.244491e-02 2.137822e-01 -4.116035e-01 -4.500064e-01 3.675610e+00 -3.229686e+00 -3.518735e+00 2.783896e+01 485 6.397889e-03
264835 -1.459237e-03 -2.242103e-03 2.124713e-01 -3.090509e-01 -4.604533e-02 4.235154e+00 -2.565950e+00 -3.654094e-01 3.355749e+01 4152 1.916213e-02
140214 -5.192015e-03 5.133477e-03 1.643243e-01 -4.931268e-02 1.480918e-02 2.367505e-01 -9.766273e+00 2.141753e+00 1.603179e+01 1582 1.012927e-02
18574 -1.171282e-02 9.559802e-03 1.791819e-01 -4.960489e-01 4.885900e-01 1.366681e+00 -6.476036e+00 6.405091e+00 1.587799e+01 1680 1.186596e-02
765656 -1.359001e-02 8.513200e-03 2.276934e-01 -5.784295e-01 3.669095e-01 3.556345e+00 -4.403506e+00 2.794069e+00 2.595028e+01 2442 1.409843e-02
766640 1.086508e-02 -4.229008e-03 1.607317e-01 1.696058e-01 2.145382e-02 2.325545e-01 1.468179e+01 2.375382e+00 6.642827e+00 1719 1.336909e-02
20141 -1.750989e-02 1.402832e-02 1.833732e-01 -1.439776e-01 2.327107e-01 5.648891e-01 -3.274067e+00 5.661374e+00 9.876900e+00 3928 2.134855e-02
516745 4.678812e-03 3.123292e-03 1.632026e-01 5.687612e-02 5.460572e-02 5.054837e-01 6.664232e+00 6.572961e+00 4.370035e+01 1298 7.226826e-03
642158 -3.871613e-03 -6.149095e-03 1.833229e-01 -3.888423e-02 -8.950424e-02 5.444001e-01 -3.360680e+00 -8.000829e+00 3.465792e+01 2242 1.187049e-02
21064 1.339324e-02 1.218398e-02 1.738960e-01 9.675195e-02 8.297975e-02 2.968641e-01 1.167742e+01 9.917525e+00 1.722616e+01 1584 1.065814e-02
21260 -6.744440e-03 -3.976187e-04 1.634596e-01 -9.087078e-02 -2.121948e-02 3.394492e-01 -1.099079e+01 -2.720297e+00 2.299238e+01 1722 9.569467e-03
143312 -1.687023e-03 8.797729e-03 1.619229e-01 -9.035346e-03 4.608714e-02 1.904466e-01 -2.453032e+00 1.244803e+01 9.521836e+00 5185 2.349772e-02
768809 -6.108418e-03 -3.934274e-03 2.332091e-01 -7.546230e-02 -4.610331e-02 1.835772e+00 -1.628669e+00 -9.902749e-01 3.763373e+01 4247 2.022323e-02
644372 -1.108862e-02 -2.400009e-02 7.389268e-02 -2.436335e-02 -5.444650e-02 8.665584e-02 -9.907220e+00 -2.272282e+01 9.525426e+00 2481 1.035928e-02
23834 2.567816e-03 -1.295370e-02 1.859731e-01 1.901849e-03 -3.060690e-02 2.334640e-01 -2.955377e-01 -7.833998e+00 2.107513e+01 2813 1.520551e-02
24732 -2.127034e-03 -4.282856e-03 2.150032e-01 -1.074191e-02 -1.433386e-02 6.507225e-01 -7.475704e-01 -8.721929e-01 3.781029e+01 3802 1.842667e-02
770780 1.346525e-03 -5.250113e-03 1.584166e-01 6.527262e-02 -1.236573e-02 2.059096e-01 1.001663e+01 -1.114951e+00 7.441714e+00 6486 2.938017e-02
520914 9.164984e-03 1.719611e-02 1.927554e-01 1.825502e-01 5.469220e-01 1.658845e+00 2.642863e+00 8.074466e+00 2.234720e+01 3878 1.932355e-02
395846 6.781758e-04 -7.478127e-03 1.681182e-01 3.265478e-04 -3.206269e-02 2.491723e-01 -9.676966e-02 -6.765786e+00 2.230647e+01 5146 2.184672e-02
771379 1.324263e-02 2.033753e-02 1.815516e-01 4.279967e-01 5.639009e-01 8.826293e-01 1.228893e+01 1.610548e+01 2.077255e+01 3370 1.617914e-02
646910 -7.135050e-03 -8.846452e-04 1.624299e-01 -3.266087e-02 -7.981166e-03 2.131184e-01 -4.532507e+00 -1.260098e+00 9.000533e+00 1927 1.209157e-02
271691 -1.300848e-02 6.952985e-03 2.079088e-01 -1.747982e-01 5.936458e-02 9.868521e-01 -5.489476e+00 1.778309e+00 2.642930e+01 6273 2.786150e-02
397286 -4.152454e-03 -1.743751e-03 1.575596e-01 -3.539578e-02 -9.010734e-03 2.741905e-01 -7.629743e+00 -1.774626e+00 2.848171e+01 2586 1.235260e-02
522829 2.615578e-02 -4.658175e-03 2.475275e-01 8.574435e-01 -9.363978e-02 3.765950e+00 6.502986e+00 -6.960841e-01 2.752387e+01 2209 1.442662e-02
524419 -2.959552e-03 1.015009e-02 1.878409e-01 -7.568725e-04 6.462588e-02 3.842863e-01 2.056189e-01 5.085286e+00 1.833808e+01 3023 1.645156e-02
774640 -2.072225e-02 -1.666018e-03 3.128495e-01 -1.063126e+00 -6.897779e-02 8.067194e+00 -3.647602e+00 -2.355389e-01 2.713417e+01 2252 1.714092e-02
774767 -7.142082e-03 2.834585e-02 2.765287e-01 -4.013785e-01 3.252091e-01 1.865069e+00 -3.994031e+00 3.007538e+00 1.609359e+01 6334 4.851348e-02
399549 -4.753985e-03 1.268106e-02 1.768490e-01 -9.978576e-03 3.576889e-02 2.273686e-01 -2.385309e+00 1.054084e+01 2.306495e+01 3950 1.828090e-02
150003 2.732606e-02 -1.047055e-02 6.986212e-02 3.478282e-02 -1.283794e-02 7.050657e-02 2.078551e+01 -6.599054e+00 1.796387e+00 2773 1.202849e-02
651832 -7.407427e-03 -5.609171e-03 2.005183e-01 -4.114856e-02 -3.156146e-02 3.696289e-01 -5.414960e+00 -4.164964e+00 2.713978e+01 4676 2.126083e-02
652246 1.954822e-03 2.655240e-02 7.142720e-02 9.928374e-04 4.440078e-02 7.319352e-02 -1.363122e+00 2.529096e+01 2.502858e+00 908 4.535800e-03
401502 9.066925e-03 -2.857607e-03 2.244347e-01 5.747173e-01 -1.538925e-01 6.138522e+00 2.800496e+00 -7.477634e-01 2.928024e+01 2765 1.490654e-02
401666 -1.633569e-02 2.027288e-02 7.386974e-02 -2.661904e-02 3.448179e-02 7.944011e-02 -1.976656e+01 2.731223e+01 1.070730e+01 4312 1.673072e-02
653413 1.586335e-02 2.471340e-02 6.683207e-02 3.564095e-02 6.029316e-02 7.523519e-02 1.243274e+01 2.236642e+01 5.282434e+00 4623 1.847303e-02
778489 -2.513974e-02 1.374986e-02 3.070062e-01 -3.458195e+00 1.726149e+00 1.859436e+01 -7.515613e+00 3.748767e+00 4.003451e+01 2519 1.505114e-02
903777 -1.389257e-02 -1.947137e-02 7.275659e-02 -2.256004e-02 -3.323214e-02 7.797675e-02 -1.569001e+01 -2.491001e+01 9.449636e+00 2709 1.080289e-02
656259 -5.987637e-03 -2.015385e-03 2.305796e-01 -3.531557e-01 -4.199837e-02 5.362075e+00 -1.986772e+00 -2.288145e-01 2.936650e+01 3033 1.640874e-02
155749 2.181110e-02 -1.499614e-02 1.865589e-01 1.467367e-01 -1.498407e-01 4.824594e-01 5.266566e+00 -5.684727e+00 1.247446e+01 2632 1.619827e-02
280752 -6.658544e-04 -1.336959e-03 2.009724e-01 -2.932007e-01 -3.077119e-01 3.563004e+00 -2.566911e+00 -2.688354e+00 2.950088e+01 2551 1.408359e-02
656902 8.399258e-03 3.002957e-03 2.154050e-01 9.102285e-01 3.211729e-01 4.218542e+00 5.679003e+00 2.003581e+00 2.520857e+01 3839 1.917425e-02
531443 6.245318e-03 9.252630e-04 1.612613e-01 9.673325e-02 -1.549352e-02 3.841278e-01 1.087563e+01 -1.973354e+00 2.678605e+01 1512 8.112755e-03
906786 4.750665e-03 3.433111e-03 1.646630e-01 3.059808e-02 4.791837e-02 2.377573e-01 3.932220e+00 6.767635e+00 1.111999e+01 1200 8.783304e-03
533093 -1.293907e-02 -1.589517e-02 1.841356e-01 -1.276073e+00 -1.308859e+00 2.128450e+00 -8.822714e+00 -9.031068e+00 1.358061e+01 2802 1.548196e-02
659094 8.934252e-03 2.271377e-02 7.357188e-02 2.116260e-02 4.438691e-02 8.359455e-02 1.312807e+01 2.326776e+01 1.076010e+01 4022 1.611862e-02
158646 2.888905e-03 -7.956578e-03 2.178301e-01 -1.842100e-01 -4.909220e-01 4.087410e+00 -1.253910e+00 -3.236765e+00 2.593337e+01 1159 1.070115e-02
408683 1.862850e-02 -9.605192e-03 2.282918e-01 5.557785e-01 -3.086235e-01 2.415221e+00 1.071120e+01 -5.962662e+00 4.360910e+01 1931 1.119966e-02
909097 -7.122907e-03 1.307282e-02 1.977056e-01 -1.463985e-01 2.480940e-01 9.080612e-01 -3.411751e+00 5.757174e+00 1.740116e+01 2752 1.751629e-02
41346 2.753205e-02 -1.172881e-03 6.959982e-02 3.552583e-02 -3.226845e-03 6.938387e-02 2.291804e+01 -5.888685e+00 -6.191347e-01 3615 1.441685e-02
409838 -9.084497e-03 -5.007287e-04 1.626238e-01 -5.120370e-01 -1.161765e-01 7.931845e-01 -1.351207e+01 -3.107687e+00 1.694032e+01 2223 1.219940e-02
43580 -2.142814e-02 7.472304e-03 7.220927e-02 -9.170489e-02 3.046107e-02 7.266960e-02 -3.114259e+01 1.018729e+01 2.039924e-01 3004 1.225314e-02
910995 1.374304e-02 5.949592e-03 1.930182e-01 1.712588e-01 7.116876e-02 5.793748e-01 7.641510e+00 3.163957e+00 1.874319e+01 1288 1.248448e-02
411302 -2.652803e-02 9.378578e-03 7.408928e-02 -4.716236e-02 1.734232e-02 7.975427e-02 -2.696471e+01 1.040693e+01 7.402952e+00 1210 5.587225e-03
536683 -1.807929e-03 -3.456560e-03 2.367762e-01 -1.154436e-01 -7.840199e-02 1.247663e+00 -2.424836e+00 -1.599237e+00 2.157099e+01 1807 1.310098e-02
912004 1.602658e-02 1.303657e-03 1.743977e-01 1.482379e-01 1.485546e-03 3.280041e-01 9.398961e+00 1.293057e-02 1.091995e+01 3054 1.690524e-02
663116 -9.363660e-04 1.084233e-02 1.786697e-01 -1.339965e-01 4.156347e-01 1.278712e+00 -3.398153e+00 1.033779e+01 2.809341e+01 2690 1.315040e-02
787595 1.843492e-02 -1.572576e-02 7.093353e-02 3.301921e-02 -2.743009e-02 7.591668e-02 2.679597e+01 -2.150458e+01 9.155616e+00 1992 8.082216e-03
787770 -2.496301e-02 7.153813e-03 2.511266e-01 -9.089717e-01 -2.576903e-01 4.726025e+00 -4.216164e+00 -1.263140e+00 2.134245e+01 2852 1.929788e-02
288901 1.547165e-02 -2.200155e-02 7.397877e-02 3.163094e-02 -4.614430e-02 8.085778e-02 1.967127e+01 -2.938981e+01 8.374056e+00 2729 1.078101e-02
289213 2.122856e-02 1.601086e-02 3.443952e-01 1.574566e+00 1.754491e+00 1.636584e+01 3.512715e+00 3.931396e+00 3.623087e+01 4941 2.650661e-02
789191 2.153857e-03 2.425617e-02 1.906252e-01 6.601481e-02 4.343686e-01 7.830986e-01 2.282022e+00 1.465505e+01 2.117158e+01 6284 2.810400e-02
665325 1.333681e-02 1.262768e-03 2.108017e-01 2.301942e-01 -4.446594e-02 1.177727e+00 4.277182e+00 -9.019290e-01 1.907113e+01 1893 1.435454e-02
789937 1.303140e-03 -3.006761e-03 1.616209e-01 3.198546e-02 -6.918751e-03 2.215118e-01 6.803752e+00 -8.674771e-01 1.328071e+01 1660 1.096323e-02
166007 -6.048653e-03 -2.327586e-02 2.868053e-01 -2.467576e-01 -1.182514e+00 5.498951e+00 -1.105129e+00 -5.322228e+00 2.392970e+01 3371 2.062687e-02
166229 1.092849e-02 -2.774031e-03 1.787179e-01 3.873665e-01 -1.837103e-01 1.209692e+00 7.671462e+00 -3.687316e+00 2.101030e+01 1349 8.757203e-03
51131 -1.166963e-02 -3.531862e-03 1.832674e-01 -1.016499e-01 -6.769798e-02 4.797898e-01 -8.497661e+00 -6.059792e+00 2.800332e+01 1661 9.950658e-03
668234 7.562766e-03 -1.128475e-02 1.947735e-01 4.567513e-01 -8.527552e-01 2.784739e+00 4.413939e+00 -8.268686e+00 2.545022e+01 680 6.455608e-03
542384 7.338650e-03 1.856598e-02 2.251620e-01 5.021482e-02 9.506107e-02 6.713785e-01 2.609936e+00 4.656369e+00 2.716186e+01 4179 2.086977e-02
51666 9.505263e-03 -4.680700e-03 1.725289e-01 5.615031e-02 -1.857513e-03 2.555338e-01 8.197502e+00 4.961531e-01 1.458747e+01 1454 1.038542e-02
792813 1.311698e-02 -6.767623e-03 2.253692e-01 7.874820e-01 -4.945239e-01 4.469326e+00 5.361081e+00 -3.376832e+00 2.938175e+01 3951 1.957314e-02
543209 -7.171594e-05 2.575558e-02 7.348113e-02 -1.136584e-03 4.337419e-02 7.657382e-02 -2.132526e+00 3.528338e+01 6.193498e+00 1487 6.387416e-03
168756 1.571964e-03 1.922072e-03 1.643288e-01 -4.173132e-03 9.067785e-03 3.568843e-01 -7.286505e-01 9.062908e-01 2.442182e+01 4939 2.253812e-02
294344 6.515779e-03 -2.343778e-05 1.629364e-01 6.873479e-02 -2.053245e-02 3.594739e-01 6.519253e+00 -2.148916e+00 2.059303e+01 1866 1.644326e-02
671187 -2.408904e-02 -1.975667e-03 1.824354e-01 -1.742299e-01 -3.672515e-02 4.109629e-01 -6.594410e+00 -1.526249e+00 1.003727e+01 2191 1.483221e-02
55762 -2.581816e-02 4.319036e-03 7.489530e-02 -5.111640e-02 7.840052e-03 8.454865e-02 -2.026105e+01 2.819938e+00 7.731247e+00 1452 6.630574e-03
920996 -1.410967e-02 1.174738e-03 1.889954e-01 -2.709916e-01 3.509653e-02 8.223700e-01 -1.185097e+01 1.564945e+00 2.922005e+01 3975 2.022867e-02
672110 -6.386644e-03 -1.047676e-03 1.648200e-01 -1.185206e-01 9.136644e-04 5.905415e-01 -8.879628e+00 1.553141e-01 3.371191e+01 4932 2.138367e-02
546249 -1.291187e-02 1.050179e-02 2.224839e-01 -3.206077e-02 4.073387e-02 3.353197e-01 -3.165331e+00 4.997391e+00 1.865186e+01 5402 2.842161e-02
57088 -1.112410e-02 2.371623e-02 7.268468e-02 -2.127150e-02 4.233919e-02 7.638386e-02 -1.120533e+01 2.056452e+01 4.084843e+00 4015 1.538871e-02
297279 2.300925e-02 -8.257298e-03 2.282707e-01 1.776011e-01 -8.147451e-02 8.512187e-01 4.150923e+00 -1.965945e+00 1.672669e+01 4521 2.479518e-02
922327 8.415590e-03 4.547996e-05 2.497800e-01 1.384851e-01 9.079897e-02 1.453602e+00 2.645147e+00 1.845601e+00 2.448143e+01 867 1.105747e-02
673963 -1.216696e-02 -9.501941e-03 2.551044e-01 -2.949636e-01 -2.312323e-01 3.948929e+00 -2.679620e+00 -2.100990e+00 3.500057e+01 833 9.121221e-03
61191 -1.076374e-02 2.540111e-02 7.354291e-02 -3.420849e-02 8.249040e-02 8.348514e-02 -8.607174e+00 2.095895e+01 3.650050e+00 2677 1.105582e-02
61334 -5.603784e-03 -2.798794e-03 1.615167e-01 -3.547768e-02 -1.248486e-02 1.910042e-01 -5.004072e+00 -1.622478e+00 4.939344e+00 3195 1.857217e-02
677060 -3.713814e-03 -2.998300e-03 1.822128e-01 -1.000510e-02 -9.550337e-03 6.618336e-01 -3.906854e-01 -4.068781e-01 2.978420e+01 2302 1.208173e-02
926134 -2.447245e-02 -3.709588e-03 2.495765e-01 -1.729773e+00 6.112357e-02 6.169695e+00 -6.036517e+00 2.295000e-01 2.095637e+01 1411 1.343481e-02
177474 -3.098417e-03 1.843235e-03 1.681709e-01 -3.218866e-02 8.586470e-03 2.406906e-01 -7.447091e+00 1.726265e+00 1.856503e+01 5693 2.549418e-02
803130 9.953917e-03 5.697503e-03 2.916655e-01 5.209438e-01 3.050414e-01 3.478857e+00 4.566644e+00 2.675193e+00 2.848348e+01 5025 2.674939e-02
428508 1.375320e-02 -2.824219e-03 1.889876e-01 3.492506e-01 8.630418e-02 9.317189e-01 5.972212e+00 1.586581e+00 1.322141e+01 1590 1.195721e-02
179555 -4.082323e-05 -5.318224e-03 1.794507e-01 -2.360696e-02 -6.886079e-02 8.452682e-01 -1.226544e+00 -3.307192e+00 3.465372e+01 1765 9.641349e-03
804555 3.352188e-03 3.283701e-03 1.662003e-01 2.275921e-02 2.464272e-02 2.538495e-01 6.436987e+00 7.084430e+00 2.907179e+01 4731 2.122949e-02
180513 1.392093e-02 4.210588e-03 2.371612e-01 4.397729e+00 2.028782e+00 2.609346e+01 5.529567e+00 2.553716e+00 3.261414e+01 4160 2.075531e-02
68849 5.060657e-03 1.269076e-02 1.894773e-01 1.595598e-01 3.232009e-01 1.129748e+00 6.155788e+00 1.237181e+01 3.746368e+01 2224 1.148013e-02
931725 1.234103e-02 -4.431367e-03 2.374396e-01 2.344082e-01 -8.058342e-02 1.511382e+00 3.729083e+00 -1.278790e+00 2.139279e+01 3381 1.936694e-02
558000 -9.288750e-03 5.140142e-03 2.647992e-01 -1.744857e+00 3.562443e-02 1.753786e+01 -2.495376e+00 4.382990e-02 2.483498e+01 1479 1.376945e-02
684268 1.065861e-02 -1.712027e-02 1.795326e-01 4.719386e-02 -7.993802e-02 2.666571e-01 4.760782e+00 -8.185563e+00 1.135290e+01 4278 2.273891e-02
685613 -2.642873e-03 3.149268e-03 1.806297e-01 -3.681005e-02 8.413816e-02 8.598647e-01 -1.687086e+00 3.999020e+00 3.353885e+01 1513 9.111778e-03
434172 -7.411692e-03 -1.047113e-02 1.853856e-01 -1.044928e-01 -2.817445e-01 1.044007e+00 -3.072927e+00 -8.586668e+00 2.717811e+01 2003 1.180967e-02
560310 -1.305457e-02 2.452983e-02 2.759937e-01 -1.886470e-01 3.037097e-01 1.628382e+00 -3.744669e+00 5.953768e+00 2.884091e+01 2410 1.652153e-02
73346 4.223616e-03 1.608151e-02 2.866946e-01 2.047656e-01 2.316539e-01 3.647819e+00 1.352622e+00 1.454000e+00 2.267022e+01 2262 2.085394e-02
687018 1.017369e-02 1.934184e-02 1.930236e-01 1.944713e-01 2.939790e-01 7.222518e-01 8.562413e+00 1.275956e+01 2.458778e+01 2899 1.533458e-02
75573 -1.827150e-02 -1.501197e-02 6.599009e-02 -2.493529e-02 -1.900619e-02 6.663389e-02 -2.276367e+01 -1.364435e+01 2.199214e+00 3087 1.245286e-02
437285 -1.469841e-02 1.266030e-02 7.148999e-02 -2.428054e-02 1.805107e-02 7.189776e-02 -2.098392e+01 1.180526e+01 8.929692e-01 2092 8.902650e-03
188683 8.001994e-03 -4.673989e-03 1.730377e-01 3.249918e-02 -2.745790e-02 2.363005e-01 7.983373e+00 -7.425035e+00 2.061670e+01 5781 2.555003e-02
78035 -6.307887e-03 1.322034e-02 2.204320e-01 -5.008849e-01 3.998620e-01 2.594081e+00 -5.558735e+00 4.345609e+00 2.667833e+01 4038 1.969656e-02
814410 4.681261e-03 4.771793e-03 1.608667e-01 3.220374e-02 2.525391e-02 1.963896e-01 9.621834e+00 7.160530e+00 1.241879e+01 1448 1.167606e-02
939402 2.438243e-03 1.391713e-02 2.235367e-01 3.615804e-03 5.018801e-02 4.232256e-01 1.216789e-01 3.747919e+00 2.063413e+01 3001 1.727272e-02
814662 -1.458713e-02 2.390407e-02 7.231961e-02 -1.721077e-02 3.021273e-02 7.370740e-02 -1.356120e+01 3.260857e+01 7.173276e+00 2659 1.071266e-02
940016 -7.164012e-04 5.487556e-03 1.848996e-01 -2.828561e-02 1.106395e-01 1.092998e+00 -8.985820e-01 3.427290e+00 2.959828e+01 2144 1.368063e-02
190536 -1.490661e-02 1.825810e-02 2.108960e-01 -1.196555e-01 1.236927e-01 5.731939e-01 -8.406945e+00 8.461978e+00 2.907733e+01 2305 1.307656e-02
566866 -8.229786e-03 -8.052364e-03 1.988795e-01 -7.170231e-01 -9.652726e-01 4.238013e+00 -5.172646e+00 -6.985622e+00 2.947687e+01 1308 8.868014e-03
82055 2.724275e-03 2.197184e-02 2.637659e-01 3.894052e-01 9.635850e-01 3.679735e+00 1.984720e+00 4.833024e+00 1.753316e+01 2672 1.938458e-02
567951 1.866551e-02 -9.085500e-03 1.787084e-01 7.387011e-01 -3.769622e-01 1.176624e+00 1.227958e+01 -6.273816e+00 1.701858e+01 3701 1.850515e-02
82452 6.433212e-03 -1.215160e-02 1.800198e-01 2.134101e-01 -2.585439e-01 7.387829e-01 8.503877e+00 -1.012331e+01 2.295741e+01 1920 1.095523e-02
442787 -6.391815e-03 -2.649223e-02 2.154432e-01 -9.363085e-02 -3.567937e-01 9.872207e-01 -2.778245e+00 -1.051890e+01 2.457830e+01 6084 2.884332e-02
193638 6.239165e-03 -6.260860e-03 2.060514e-01 3.202018e-01 1.465312e-02 1.855554e+00 3.547513e+00 2.363104e-01 1.863798e+01 1420 1.073754e-02
443182 3.212292e-03 1.827236e-02 1.636626e-01 1.797022e-02 2.379893e-01 2.777383e-01 7.498722e-01 1.116415e+01 5.796356e+00 6085 2.884797e-02
83898 1.307697e-02 -2.795378e-03 1.696409e-01 3.773276e-02 -1.233419e-02 2.048457e-01 1.121175e+01 -4.337592e+00 1.600869e+01 6756 2.833041e-02
945082 2.206992e-02 3.991726e-03 2.632291e-01 7.647998e-02 -9.714199e-03 5.592539e-01 4.523181e+00 -1.139392e+00 2.460894e+01 3242 1.937507e-02
85203 9.176132e-04 -3.054489e-03 1.871314e-01 -1.229492e-02 -1.013946e-01 8.110885e-01 -3.593269e-01 -2.674450e+00 1.696908e+01 1694 1.069578e-02
820483 -3.718140e-03 4.098579e-04 1.665717e-01 -3.705430e-02 6.932952e-03 3.404713e-01 -3.834983e+00 7.504150e-01 2.000537e+01 3556 1.666763e-02
86393 1.448975e-02 3.886237e-03 2.163813e-01 4.158498e-01 2.153406e-01 1.949119e+00 7.472955e+00 3.937086e+00 3.226199e+01 4433 2.077818e-02
946266 5.262447e-03 3.459983e-03 1.628412e-01 3.099328e-02 2.501105e-02 2.590496e-01 3.730966e+00 3.124901e+00 1.395020e+01 3561 2.091405e-02
87174 1.914544e-03 -1.025938e-02 2.822110e-01 2.876956e+00 1.121340e+00 1.334318e+01 3.602959e+00 1.418103e+00 1.636781e+01 6900 3.861265e-02
197022 -1.056049e-02 2.502023e-03 1.604129e-01 -2.114639e-01 1.638670e-02 2.617184e-01 -1.577366e+01 1.090137e+00 7.953863e+00 4807 2.496633e-02
88586 -1.075985e-04 -2.184397e-02 1.790657e-01 -1.207409e-03 -3.621191e-02 2.026662e-01 -3.704572e-01 -4.839659e+00 7.949512e+00 2908 1.656915e-02
323954 8.607108e-04 -5.791819e-03 1.997174e-01 6.667344e-02 -1.789144e-01 1.158154e+00 1.753326e+00 -4.612184e+00 2.553384e+01 1284 9.942432e-03
449370 6.879356e-03 1.614143e-02 2.348491e-01 3.391863e-01 5.287291e-01 4.284769e+00 3.542494e+00 5.464341e+00 4.317338e+01 881 7.168959e-03
449570 -7.446819e-05 2.050712e-02 2.894665e-01 2.426810e-01 4.522658e-01 1.179077e+01 3.888428e-01 6.915858e-01 1.842264e+01 2928 2.414411e-02
825236 -1.247103e-03 1.290666e-02 1.909192e-01 -5.477202e-02 2.317454e-01 6.788225e-01 -2.548707e+00 1.042049e+01 2.323259e+01 3895 1.977410e-02
825405 -8.503357e-03 -8.999265e-03 1.834708e-01 -7.611125e-02 -6.858663e-02 4.517875e-01 -2.633212e+00 -2.320826e+00 1.045048e+01 2454 1.878475e-02
200630 -7.003974e-03 -6.568608e-03 1.694597e-01 -3.999481e-02 -5.942398e-02 2.936033e-01 -7.877026e+00 -1.261996e+01 2.964103e+01 7273 3.042654e-02
325551 7.935552e-03 1.181751e-02 2.058274e-01 1.774323e-02 2.597169e-02 2.710011e-01 5.072874e+00 7.321041e+00 3.371017e+01 2846 1.415756e-02
702822 -1.612829e-02 7.345150e-03 2.416847e-01 -3.991260e-01 4.728828e-02 1.782708e+00 -8.037455e+00 8.382323e-01 3.233936e+01 832 8.757169e-03
703190 1.297919e-03 1.622815e-03 2.036411e-01 -1.366726e-02 2.901623e-02 5.023211e-01 -7.150763e-01 1.308931e+00 1.427173e+01 1983 1.491377e-02
201994 8.852867e-03 -1.677009e-02 1.912883e-01 3.879603e-02 -6.354720e-02 3.222498e-01 3.603746e+00 -5.629759e+00 1.576159e+01 2090 1.394518e-02
451285 -1.358250e-02 -1.157592e-02 1.885393e-01 -2.313277e-01 -2.420045e-01 7.839385e-01 -9.024871e+00 -9.550559e+00 2.467747e+01 3636 1.711594e-02
703716 -2.214153e-02 -1.296105e-02 2.704169e-01 -4.487560e-01 -2.646368e-01 1.925082e+00 -5.554984e+00 -3.277092e+00 2.154554e+01 2051 1.626876e-02
327578 1.068009e-02 1.102439e-02 1.830659e-01 7.205833e-02 7.565625e-02 3.295505e-01 4.881281e+00 5.140034e+00 1.164960e+01 2415 1.481274e-02
704754 -3.876700e-03 4.586608e-03 1.618908e-01 -5.866048e-02 5.829854e-02 3.602627e-01 -8.120464e+00 7.961585e+00 2.940417e+01 4155 1.765946e-02
328428 1.762561e-02 -3.066630e-04 2.136006e-01 2.106602e-01 -5.795396e-02 8.614741e-01 6.522129e+00 -1.947750e+00 2.188993e+01 2925 1.610526e-02
578960 9.588637e-03 -2.278018e-02 1.890894e-01 3.186586e-01 -8.381454e-01 1.514675e+00 4.061616e+00 -1.071505e+01 1.742007e+01 3762 2.082711e-02
96596 1.228817e-02 -1.577683e-02 1.936594e-01 5.078447e-02 -1.211607e-01 4.015053e-01 2.508276e+00 -6.866420e+00 1.354247e+01 5410 2.801596e-02
830134 8.304748e-03 8.054123e-03 1.878992e-01 1.090264e-01 8.255911e-02 5.570315e-01 6.701254e+00 4.956998e+00 2.455928e+01 972 7.058425e-03
97337 6.659723e-03 -2.901015e-02 2.357235e-01 3.038798e-02 -1.249918e-01 5.610667e-01 1.233936e+00 -4.991313e+00 1.691876e+01 1652 1.884359e-02
830341 -4.702437e-03 -1.674545e-02 2.442503e-01 -1.012634e-01 -7.547688e-02 1.065419e+00 -2.605544e+00 -1.584774e+00 2.215793e+01 3828 2.203027e-02
98297 -1.880670e-02 -1.699468e-03 1.841287e-01 -1.436340e-01 -1.065533e-02 3.768564e-01 -8.981134e+00 -6.443606e-01 1.386646e+01 3153 1.969475e-02
831200 -6.286194e-04 7.186248e-03 1.639065e-01 -4.872079e-03 3.908251e-02 2.326373e-01 -1.243851e+00 9.349492e+00 2.014650e+01 4435 2.233639e-02
831806 -6.735395e-03 -1.932510e-02 1.679248e-01 -2.225602e-01 -6.699568e-01 6.563972e-01 -2.688449e+00 -8.104676e+00 6.084717e+00 1563 1.075497e-02
332348 -5.772775e-03 2.089150e-02 1.968127e-01 -5.349546e-04 2.883462e-01 7.135626e-01 2.040583e-01 1.041967e+01 2.013186e+01 3082 1.678903e-02
100362 -1.746597e-02 1.861739e-02 7.352021e-02 -2.175757e-02 2.376638e-02 7.605238e-02 -1.346514e+01 1.615527e+01 7.944855e+00 2534 1.033232e-02
457145 2.238647e-02 1.156033e-02 2.317170e-01 3.015218e-01 1.549322e-01 1.017419e+00 7.615409e+00 3.911493e+00 2.143562e+01 2823 1.744681e-02
709718 1.728579e-02 -2.118187e-02 6.463241e-02 2.280769e-02 -2.756010e-02 6.127912e-02 1.258004e+01 -1.453093e+01 -7.639477e+00 1884 1.107234e-02
333440 1.649905e-02 1.295093e-02 7.136807e-02 2.390449e-02 1.841978e-02 7.375983e-02 2.553340e+01 1.885615e+01 8.246593e+00 2741 1.090430e-02
710981 7.385949e-03 1.425669e-02 2.655262e-01 3.096086e-01 6.405663e-01 3.663870e+00 3.596653e+00 7.453506e+00 4.044258e+01 4824 2.269572e-02
959855 5.177348e-03 2.058216e-04 1.756979e-01 3.244693e-02 8.762298e-03 2.502126e-01 5.504635e+00 1.727209e+00 1.504152e+01 1485 1.199776e-02
335526 -2.224942e-02 -9.746123e-03 6.888905e-02 -4.102261e-02 -1.928976e-02 6.719354e-02 -1.611868e+01 -8.194174e+00 -1.455763e+00 5088 2.083496e-02
836495 1.402907e-03 5.405212e-03 1.616789e-01 1.247783e-02 3.237067e-02 3.000387e-01 2.914282e+00 7.095757e+00 3.640833e+01 1985 1.032504e-02
106646 -6.602695e-03 -2.621044e-03 1.890966e-01 -2.726662e-01 -4.101661e-03 1.659363e+00 -5.581965e+00 -3.106306e-02 3.084594e+01 1710 9.654793e-03
338483 2.082236e-02 -1.197069e-02 2.009858e-01 3.172801e-01 -1.603946e-01 7.689353e-01 8.409601e+00 -4.210333e+00 1.611099e+01 4207 2.188452e-02
463187 -9.801165e-04 9.051067e-03 1.573257e-01 -4.997868e-03 2.969354e-02 1.637314e-01 -3.907809e+00 2.007761e+01 6.230444e+00 2455 1.260027e-02
107804 -1.700276e-02 -1.775560e-02 1.934112e-01 -7.425862e-01 -1.061208e+00 2.425265e+00 -4.859362e+00 -6.988185e+00 1.494712e+01 1974 1.355893e-02
964161 4.230661e-03 -2.273206e-02 2.349968e-01 7.145561e-02 -1.600530e-01 6.029506e-01 2.831033e+00 -5.782972e+00 1.549557e+01 2246 1.851244e-02
716820 7.246622e-03 5.520104e-03 1.867596e-01 6.139301e-02 6.729567e-02 5.891518e-01 4.071106e+00 4.644722e+00 3.025468e+01 2282 1.230792e-02
340477 5.825895e-03 7.093206e-03 1.647746e-01 6.581066e-02 1.005336e-01 3.604528e-01 6.066249e+00 9.449614e+00 1.978890e+01 4051 1.959008e-02
216020 1.313735e-03 -4.465216e-03 1.571642e-01 2.448648e-02 -1.920063e-02 1.990545e-01 5.595767e+00 -3.558317e+00 1.011571e+01 2860 1.372050e-02
966087 7.315920e-03 -1.056291e-02 1.696089e-01 5.288395e-02 -5.406801e-02 2.420418e-01 1.198552e+01 -1.144291e+01 1.905164e+01 2523 1.549752e-02
216681 -8.800800e-03 -1.907384e-02 1.926226e-01 -5.422722e-01 -1.035523e+00 2.313196e+00 -4.511231e+00 -8.595468e+00 1.793235e+01 1483 1.090445e-02
966707 -2.368177e-02 -1.309723e-02 6.551979e-02 -2.555586e-02 -1.582712e-02 6.369084e-02 -7.952419e+00 -1.158390e+01 -4.113374e+00 2646 1.473944e-02
841982 7.567117e-03 -3.573295e-03 1.651748e-01 1.445403e-01 -3.570913e-02 3.698514e-01 1.262445e+01 -2.961874e+00 1.886449e+01 2216 1.134846e-02
592286 1.295993e-02 -5.234393e-03 1.932845e-01 3.044493e-01 -1.184135e-01 1.152834e+00 1.024519e+01 -3.977989e+00 3.372598e+01 3805 1.731675e-02
592773 -2.419102e-03 -2.808539e-03 1.654796e-01 -1.573942e-02 -4.333289e-02 2.538689e-01 -2.122390e+00 -6.456938e+00 1.408349e+01 2523 1.383061e-02
593068 -4.102101e-03 1.554477e-03 1.758932e-01 -2.630524e-02 9.451602e-02 1.020052e+00 -9.385283e-01 3.929491e+00 3.568265e+01 2170 1.050461e-02
593228 -2.373332e-03 -8.423047e-03 1.805756e-01 -1.502418e-02 -9.965529e-02 5.042882e-01 -1.166710e+00 -8.413788e+00 2.985402e+01 1243 8.957086e-03
722754 7.822360e-03 -3.783840e-03 1.865976e-01 4.435512e-02 -3.434409e-03 3.353844e-01 8.009843e+00 7.661325e-02 3.262164e+01 2220 1.198590e-02
595593 -5.372949e-03 -2.043822e-03 1.634337e-01 -2.339598e-02 -2.307819e-02 2.300868e-01 -9.717806e+00 -1.134149e+01 3.593855e+01 3414 1.517349e-02
117031 -8.673789e-03 1.929764e-02 1.950138e-01 -2.036010e-01 2.715576e-01 1.021457e+00 -2.835220e+00 3.669126e+00 1.202064e+01 2057 1.920112e-02
846709 -8.270882e-04 5.064842e-03 1.623007e-01 -2.153678e-02 2.424859e-02 2.085452e-01 -7.574309e+00 7.016215e+00 1.691337e+01 2709 1.441809e-02
117339 -1.627543e-03 4.339465e-03 1.819087e-01 -6.571152e-03 2.096327e-02 7.969767e-01 -2.502126e-01 8.413863e-01 3.113065e+01 2513 1.265108e-02
222071 -2.657366e-03 1.029851e-02 1.937546e-01 -1.282252e-01 5.141438e-01 3.134350e+00 -9.443182e-01 3.789110e+00 2.211441e+01 4177 2.140213e-02
597563 -1.786580e-03 -8.824233e-03 1.681411e-01 -3.294399e-02 -1.112955e-01 3.589689e-01 -2.865888e+00 -9.425407e+00 1.755251e+01 5396 2.692199e-02
598139 3.259004e-03 1.146384e-02 2.401381e-01 2.635947e-01 7.355846e-01 9.220285e+00 7.838362e-01 2.180231e+00 2.703803e+01 2309 1.463919e-02
119420 3.691348e-03 -6.163399e-05 2.036989e-01 -2.385416e-03 1.225803e-01 1.557863e+00 -1.092708e-01 2.205315e+00 2.435023e+01 2649 1.464185e-02
348483 -1.631645e-03 5.668578e-03 1.724135e-01 3.804063e-03 4.732767e-02 2.919486e-01 9.172608e-01 7.029858e+00 2.017121e+01 2782 1.567496e-02
473698 1.600362e-02 -1.850481e-02 2.569468e-01 3.532279e+00 -3.111826e+00 2.093290e+01 6.169218e+00 -5.427156e+00 3.627544e+01 1809 1.152770e-02
224721 9.524712e-03 -2.420367e-02 7.022532e-02 1.441638e-02 -3.892865e-02 7.051427e-02 7.596221e+00 -2.286626e+01 4.487087e-01 1777 7.604474e-03
225031 -2.512021e-02 3.312135e-03 2.226608e-01 -1.367773e+00 -5.948590e-02 3.609533e+00 -1.207896e+01 -5.649523e-01 3.046945e+01 4714 2.316812e-02
225807 1.645055e-02 1.785797e-02 6.826365e-02 2.466284e-02 2.644143e-02 6.842851e-02 1.743894e+01 1.822711e+01 3.500698e-01 1384 6.089675e-03
225861 7.667619e-03 -1.309528e-02 1.839033e-01 4.482529e-01 -5.569938e-01 1.243940e+00 6.826578e+00 -8.427347e+00 1.642457e+01 2622 1.449711e-02
727989 2.975609e-03 -5.250676e-03 1.664529e-01 5.952754e-02 -1.218043e-01 4.927828e-01 4.430514e+00 -9.131298e+00 2.556605e+01 3219 1.513077e-02
850765 9.483761e-04 1.075739e-02 1.891512e-01 3.397129e-02 1.737054e-01 6.822147e-01 1.434974e+00 7.080723e+00 2.142553e+01 2564 1.560583e-02
850945 -5.602921e-03 6.304383e-03 1.649614e-01 -4.529618e-02 3.514908e-02 2.776386e-01 -4.880940e+00 3.546931e+00 1.385552e+01 2614 1.328836e-02
601064 -3.974184e-03 -1.205278e-02 2.176028e-01 -3.934450e-01 -1.624876e+00 7.112872e+00 -1.674187e+00 -6.932916e+00 2.964015e+01 1773 1.066517e-02
122630 7.469313e-04 3.548797e-03 1.638368e-01 3.439439e-02 2.778344e-02 2.970096e-01 6.761351e+00 4.869876e+00 2.676067e+01 2736 1.358736e-02
976149 -3.774872e-03 1.571804e-02 2.468388e-01 -1.133292e-01 9.879043e-01 6.665331e+00 -3.888058e-01 3.450268e+00 2.277909e+01 3257 1.994155e-02
852159 -5.140019e-04 6.626488e-03 2.131771e-01 7.401734e-01 2.672768e+00 1.558073e+01 1.577187e+00 5.677164e+00 3.272298e+01 5624 2.529697e-02
852230 -5.770851e-03 5.875992e-03 1.822499e-01 -8.628190e-02 3.018914e-02 4.557011e-01 -8.301270e+00 2.506861e+00 2.819480e+01 1280 8.430030e-03
603091 -5.024647e-03 6.474683e-03 1.852650e-01 -3.127829e-01 7.465964e-01 2.927487e+00 -4.141905e+00 9.960786e+00 3.690567e+01 6258 2.681928e-02
978656 8.912246e-03 -2.156792e-03 2.050458e-01 1.486554e-01 5.400605e-03 7.463030e-01 7.274468e+00 3.934078e-01 2.817568e+01 3069 1.524720e-02
478756 9.429855e-03 -1.091828e-02 1.841666e-01 3.771780e-02 -4.851775e-02 3.019128e-01 5.553502e+00 -7.381546e+00 2.311599e+01 6068 2.765190e-02
854794 -2.219658e-02 4.310697e-03 7.315508e-02 -2.692263e-01 6.162505e-02 1.560139e-01 -3.112228e+01 7.220805e+00 1.043905e+01 3605 1.422943e-02
605968 -4.120083e-03 2.868402e-03 1.556316e-01 -4.427140e-02 1.275757e-02 1.998738e-01 -1.505572e+01 3.708187e+00 1.658970e+01 5894 2.469985e-02
733445 4.300454e-04 -3.061221e-04 1.836301e-01 3.560928e-02 1.292376e-02 4.341302e-01 4.053908e+00 1.524556e+00 2.886658e+01 1084 7.994198e-03
232262 -5.182748e-03 -4.516793e-03 2.458038e-01 -4.000678e-01 -6.235796e-01 9.273292e+00 -1.632358e+00 -2.559053e+00 3.731742e+01 3596 1.817186e-02
857448 1.089489e-02 -1.427842e-02 2.262388e-01 9.023710e-02 -1.081542e-01 5.822419e-01 5.582650e+00 -6.605258e+00 2.504897e+01 1947 1.234325e-02
858394 -8.415965e-03 -1.632892e-03 2.175597e-01 -8.984801e-01 7.464359e-02 4.605622e+00 -3.991556e+00 3.420673e-01 1.967858e+01 4759 2.338783e-02
737451 4.861485e-03 2.876480e-03 1.574024e-01 4.012835e-02 3.734688e-02 1.886178e-01 9.709291e+00 9.490018e+00 8.593890e+00 3258 1.715897e-02
610797 9.679255e-03 1.208371e-02 2.742737e-01 6.377134e-01 1.272110e+00 8.035906e+00 2.506085e+00 5.027964e+00 3.097174e+01 1397 1.262381e-02
236595 2.156164e-02 -7.216274e-03 1.843734e-01 4.188074e-01 -1.463512e-01 7.997380e-01 1.207609e+01 -4.229638e+00 1.870680e+01 2405 1.460524e-02
485857 -8.462283e-03 -7.179494e-03 1.707589e-01 -2.980305e-02 -2.301343e-02 1.980930e-01 -1.257177e+01 -9.327714e+00 1.610241e+01 5012 2.505805e-02
986462 1.208179e-02 -1.789267e-02 1.983255e-01 1.926513e-01 -3.964822e-01 1.260739e+00 2.435088e+00 -5.105506e+00 1.432729e+01 2651 1.782038e-02
237641 1.499872e-02 9.445190e-03 3.222582e-01 7.559445e-01 7.737764e-01 6.888301e+00 2.641435e+00 2.724802e+00 2.340762e+01 1568 1.699984e-02
863522 -5.347064e-03 -4.140748e-03 2.164731e-01 -1.774639e-02 -1.833274e-02 3.618547e-01 -3.212200e+00 -3.676614e+00 3.766293e+01 1143 8.592094e-03
488112 -8.983636e-03 6.203508e-04 2.287719e-01 -2.832707e-01 -1.136517e-01 2.170990e+00 -4.038297e+00 -1.682415e+00 2.859505e+01 1092 9.492158e-03
864349 -4.024203e-04 -1.845811e-02 2.747860e-01 2.604324e-01 -4.570257e-01 5.465069e+00 1.451015e+00 -2.439737e+00 2.887337e+01 1321 1.462425e-02
614688 -2.493162e-02 -9.756300e-03 6.757766e-02 -6.694091e-02 -3.817741e-02 4.708100e-02 -2.037829e+01 -1.378680e+01 -7.529249e+00 1538 1.035298e-02
615525 1.793723e-02 -1.160857e-03 3.216149e-01 1.294259e+01 -5.093040e+00 8.658713e+01 4.084921e+00 -1.609321e+00 2.726478e+01 4568 2.605167e-02
490111 -5.920587e-03 8.266240e-03 1.614206e-01 -5.179680e-02 5.309753e-02 2.167341e-01 -1.206363e+01 1.178886e+01 1.454526e+01 5556 2.492416e-02
867446 -1.843252e-02 1.063998e-02 7.187868e-02 -3.858459e-02 2.756638e-02 7.858509e-02 -2.317792e+01 1.946792e+01 7.713381e+00 3820 1.501396e-02
367682 -5.215019e-03 1.889649e-02 2.933909e-01 -5.628240e-01 3.860158e+00 2.081669e+01 -8.168567e-01 5.627169e+00 3.006515e+01 2295 1.655643e-02
868129 -1.355449e-02 -2.612793e-02 7.185809e-02 -1.773805e-02 -3.140660e-02 7.145484e-02 -1.168742e+01 -1.474680e+01 -1.126543e+00 2948 1.232778e-02
368191 -4.374470e-03 -4.761268e-03 1.616352e-01 -2.637919e-02 -3.283935e-02 2.291259e-01 -4.290237e+00 -5.474354e+00 1.315860e+01 2749 1.433977e-02
619045 9.524688e-03 -7.956221e-03 1.643593e-01 7.325983e-02 -7.801339e-02 2.523069e-01 9.991054e+00 -1.098209e+01 1.378657e+01 3883 2.067517e-02
493526 6.943261e-03 4.801842e-03 1.837672e-01 1.046040e-01 1.188784e-01 8.674640e-01 2.373537e+00 2.772506e+00 1.661651e+01 2351 1.410141e-02
746973 2.386657e-03 4.551950e-03 1.798713e-01 2.288600e-02 5.407023e-02 3.573617e-01 4.769393e+00 1.152096e+01 4.129507e+01 1628 8.747095e-03
245670 -2.953513e-03 5.886179e-03 1.618244e-01 -2.829252e-02 2.888086e-02 1.996456e-01 -7.610014e+00 6.905948e+00 1.135878e+01 1943 1.326725e-02
996078 4.748628e-03 -1.953710e-02 1.971619e-01 3.703791e-02 -1.516190e-01 5.012103e-01 1.995123e+00 -8.161211e+00 1.878685e+01 3150 1.728421e-02
996396 -1.197922e-03 5.098479e-04 1.610321e-01 -1.114872e-02 8.645866e-03 4.031292e-01 -1.448720e+00 1.184509e+00 3.524650e+01 3393 1.501076e-02
247056 -5.753820e-03 1.055151e-03 1.743025e-01 -4.159525e-02 1.331316e-02 3.172859e-01 -7.155603e+00 2.447264e+00 2.854607e+01 2912 1.482596e-02
872019 8.739858e-03 9.086803e-03 2.237107e-01 1.258413e-01 7.480907e-02 1.026527e+00 3.283110e+00 1.842619e+00 2.250812e+01 3169 1.892694e-02
873285 3.968127e-03 1.587291e-02 1.729290e-01 8.671585e-03 4.162036e-01 6.913312e-01 1.356349e-01 1.154445e+01 1.494931e+01 3598 1.848346e-02
873489 -9.077645e-03 -8.310888e-03 1.868760e-01 -2.140492e-02 -4.186629e-02 2.527055e-01 -3.017084e+00 -8.212639e+00 1.611168e+01 8370 3.744430e-02
498579 2.445196e-02 -1.045363e-02 2.137396e-01 2.537706e-01 -1.223242e-01 9.438210e-01 6.881981e+00 -3.357299e+00 2.191016e+01 2092 1.469586e-02
999593 -3.340669e-03 1.748502e-03 1.631773e-01 -2.188898e-02 3.583151e-02 2.344116e-01 -5.353824e+00 9.837790e+00 2.056121e+01 2049 1.054416e-02
