/n/home03/calmiller/DSMC_Simulations/5_13_20_density_control/flow_2.000_gap_0.003_len_0.000/data
running....
idx x y z xnext ynext znext vx vy vz collides time
544 -1.692282e-02 -2.109509e-02 8.787473e-02 -8.889055e-03 -1.352302e-02 6.226537e-01 -1.858342e+01 -1.790300e+01 1.833888e+01 1251 9.983038e-03
654 -1.290234e-02 1.209657e-02 9.134866e-02 -3.332513e-02 2.498804e-02 1.246177e-01 -8.827573e+00 4.619803e+00 2.248011e+01 1698 1.287028e-02
705 -5.109754e-03 -1.970529e-04 2.111441e-01 6.330293e-03 9.901250e-04 3.253995e+01 3.152967e+00 2.229157e+00 3.232880e+01 993 9.935540e-03
2424 -1.097113e-03 -6.078470e-03 1.996200e-01 4.292151e-03 1.127002e-02 5.847764e-01 9.477154e-01 2.099258e-01 4.134011e+01 1297 1.109070e-02
4256 -9.055029e-04 -2.104552e-03 1.793427e-01 -5.879747e-04 3.069328e-03 6.084294e-01 -9.084183e+00 5.795488e+00 1.917364e+01 1870 1.715286e-02
4319 2.552942e-02 -7.115298e-03 2.498793e-01 -2.801030e-02 8.406093e-03 1.063071e+01 -5.533808e+00 3.235576e+00 1.038083e+01 3047 4.140999e-02
6847 -1.440690e-02 -2.299505e-02 2.389213e-01 1.688142e-02 2.939072e-02 2.049284e+01 6.158496e+00 1.674009e+01 2.025392e+01 548 1.225612e-02
8035 4.138011e-03 4.662622e-04 2.956331e-01 -3.857285e-03 5.561682e-04 2.408113e+01 1.032175e+00 2.915451e+00 2.378550e+01 3850 3.772341e-02
8437 -8.654430e-04 -5.326969e-03 1.845405e-01 -1.846766e-03 -7.840405e-03 1.427442e+01 1.123125e+00 5.862656e+00 2.052760e+01 687 1.164606e-02
9251 6.108017e-04 -2.476757e-03 2.043337e-01 -2.946063e-03 1.682182e-03 4.163760e+00 -3.788649e-01 1.493151e+00 2.608745e+01 1890 1.841459e-02
9526 2.121315e-02 -1.582572e-02 8.965375e-02 -4.557119e-02 3.107320e-02 5.942602e-01 -2.173435e+00 5.341047e-01 2.083370e+01 283 3.002828e-03
13475 1.151560e-02 9.639848e-03 7.769113e-02 4.835250e-02 2.884720e-02 1.255521e-01 1.174305e+01 5.015793e+00 2.545697e+01 410 3.169727e-03
14418 -2.404279e-02 4.986106e-04 2.572848e-01 1.953293e-02 7.443947e-04 8.431930e+00 -1.413013e+01 3.540476e+00 8.174645e+00 845 2.607204e-02
15294 8.959566e-03 9.466782e-03 2.695624e-01 -1.038574e-02 -9.498954e-03 3.179093e+01 -3.511478e+00 4.560793e-01 3.152137e+01 1749 1.991187e-02
16514 1.082935e-02 -1.056397e-02 7.846224e-02 2.874332e-02 -2.400183e-02 1.058326e-01 1.225340e+01 -8.732132e+00 2.375990e+01 823 5.732582e-03
17586 2.282445e-02 6.758510e-03 8.606591e-02 -3.029473e-02 -2.200762e-02 1.678291e-01 6.624870e-01 -7.856192e+00 9.266582e+00 2712 2.079028e-02
18995 2.212803e-02 2.208819e-03 2.565691e-01 -2.146857e-02 -2.793088e-03 2.125244e+01 3.141588e+00 -1.523025e+00 2.099587e+01 1427 1.989633e-02
20059 -2.891009e-03 -2.500893e-03 2.007999e-01 -1.035480e-02 -3.498291e-04 2.375393e+01 4.868771e-01 1.483853e+00 2.477061e+01 388 7.514694e-03
20127 -4.590444e-04 4.583150e-03 1.974042e-01 -5.411617e-04 5.054855e-03 3.343893e+00 -4.306561e-01 2.414781e+00 1.179532e+01 589 1.164898e-02
20750 1.708419e-03 -1.851790e-03 1.948450e-01 3.478690e-04 7.380789e-03 5.928204e-01 1.367688e+00 1.705527e+00 4.282247e+01 845 7.507726e-03
21824 -1.606719e-02 1.466745e-02 8.023756e-02 -4.942528e-02 2.650516e-02 1.212684e-01 1.222018e+01 -1.019511e+01 1.028945e+01 1504 1.075379e-02
22833 -1.313808e-02 1.173622e-02 9.050580e-02 -2.859687e-02 2.548532e-02 1.157617e-01 -1.148275e+01 1.020401e+01 2.405925e+01 3873 2.775869e-02
23248 -1.970428e-03 -2.716897e-04 1.659066e-01 -6.319041e-03 2.687923e-03 3.808263e-01 2.235844e+00 -2.650521e-01 4.715536e+01 1073 9.156391e-03
24200 -2.029214e-02 -4.607429e-03 8.554432e-02 -4.178223e-02 -1.096531e-02 1.218100e-01 -5.715447e+00 -2.059377e+00 2.233359e+01 653 5.700353e-03
24658 -6.799089e-03 -6.234199e-04 2.431118e-01 -3.429030e-03 1.388810e-03 9.043855e+00 3.802776e+00 5.061183e-01 4.180254e+01 2126 1.795991e-02
25153 -6.006908e-03 -1.809901e-02 8.151167e-02 -1.962724e-02 -5.525569e-02 1.410300e-01 1.299608e+00 4.383539e+00 1.951349e+01 1589 1.108153e-02
27498 -1.051393e-02 1.547496e-02 7.990486e-02 -2.285643e-02 3.085874e-02 9.409893e-02 -7.897997e+00 9.398774e+00 1.234931e+01 888 6.801957e-03
28992 -2.481127e-03 -3.881333e-03 1.894016e-01 4.757949e-03 6.194888e-03 8.562776e+00 -1.844760e+00 -2.794820e+00 2.858870e+01 1104 1.145736e-02
30504 -2.371424e-03 5.533525e-04 2.094728e-01 -1.536942e-03 -2.093700e-03 7.165274e-01 1.510784e+00 -2.198845e-01 2.695537e+01 1266 1.353166e-02
32048 1.324734e-02 -1.225833e-02 9.240331e-02 3.042399e-02 -3.824026e-02 2.501070e-01 -1.216337e+01 1.259863e+01 3.568551e+01 2589 1.777768e-02
33951 4.969342e-03 -1.239642e-03 1.863114e-01 1.316231e-02 -2.486413e-03 2.335722e+00 5.874975e-01 8.781524e-02 1.103400e+01 670 1.531572e-02
34525 -2.121800e-02 -1.446330e-02 1.014837e-01 3.837021e-05 -7.312551e-03 5.751792e-01 1.628286e+01 1.475536e+01 2.304895e+01 1487 1.316990e-02
35719 1.861442e-02 -6.057286e-03 8.231075e-02 3.374970e-02 -9.534206e-03 1.067845e-01 5.501241e+00 -8.631390e-01 1.773938e+01 1111 1.017636e-02
36774 -2.008089e-02 -1.375198e-03 8.401310e-02 4.396237e-02 5.871900e-03 3.099140e-01 -4.204867e+00 2.555173e-01 2.233319e+01 3439 2.419440e-02
37777 -6.861090e-03 2.618328e-02 9.113428e-02 -4.349831e-03 2.459377e-02 7.088379e-01 3.405120e+00 -1.128106e+01 9.989039e+00 971 8.538570e-03
38862 6.236236e-03 5.310104e-03 2.147208e-01 -1.640066e-03 -2.951190e-03 8.503826e+00 3.933444e+00 3.495007e+00 2.353250e+01 1562 1.611369e-02
39186 2.485272e-02 6.548075e-03 8.954089e-02 3.653077e-02 1.088763e-02 1.109875e-01 4.197655e+00 2.080179e+00 1.809807e+01 1714 1.312647e-02
39811 1.630956e-04 1.553505e-02 7.713125e-02 -1.019473e-02 6.990365e-02 1.128716e-01 -2.242425e+00 4.870153e+00 1.364312e+01 804 5.799621e-03
39985 -1.828886e-03 -5.794142e-03 1.962111e-01 -7.245991e-04 -1.865976e-03 4.628089e+00 -1.111535e+00 -3.791721e+00 2.152068e+01 1538 1.502677e-02
42534 -5.588224e-03 -1.591115e-02 1.003252e-01 -2.061592e-02 -3.692175e-02 1.383436e-01 -7.230257e+00 -8.126315e+00 2.528015e+01 1581 1.172567e-02
43489 -2.707660e-02 1.860143e-03 9.246609e-02 3.440265e-02 -2.873656e-03 2.272803e-01 8.537345e+00 -1.376332e+00 1.677771e+01 1341 1.080676e-02
43763 5.633577e-03 -1.785786e-02 8.037969e-02 1.981130e-02 -4.352556e-02 1.321659e-01 -2.833369e+00 9.516360e+00 1.459402e+01 348 2.666001e-03
46056 1.715720e-03 -1.306355e-02 7.544783e-02 4.691321e-04 -3.243979e-02 9.208034e-02 -1.045897e+00 -4.417675e+00 9.047199e+00 869 6.818110e-03
46352 3.805738e-03 -2.708221e-03 1.880456e-01 -6.742735e-03 2.562038e-03 2.355433e+01 -8.077550e+00 -5.694635e-01 2.336628e+01 1137 1.261156e-02
48635 -1.955030e-03 -3.962400e-03 2.235828e-01 1.003847e-02 1.284332e-03 9.574064e+00 5.557197e-01 -2.237026e+00 3.378660e+01 682 8.570404e-03
49846 3.758185e-03 2.893350e-03 3.444680e-01 1.057311e-02 2.171781e-03 8.710692e+00 -5.292569e-02 1.341789e+00 3.356708e+01 801 1.355405e-02
50581 -1.108462e-02 -1.220399e-02 7.926434e-02 -3.656148e-02 -3.033587e-02 1.502148e-01 5.232172e+00 6.148528e+00 2.035485e+01 2128 1.525129e-02
53143 -2.472602e-03 -9.376002e-05 1.780016e-01 3.674223e-03 -3.888855e-04 1.967391e+01 3.251891e+00 -1.368960e+00 1.949591e+01 413 6.589480e-03
53492 -2.517665e-03 1.473179e-03 1.992263e-01 -2.683883e-03 -7.867264e-03 4.631147e+00 6.995835e-01 -4.304871e+00 2.279694e+01 1532 1.847113e-02
53668 -6.828810e-03 -4.394645e-03 2.176965e-01 7.546053e-03 3.565919e-03 1.307814e+01 1.631762e+00 -2.595181e+00 1.286044e+01 818 1.748813e-02
55689 9.323619e-04 -3.273980e-03 1.970416e-01 2.940354e-03 -2.984728e-03 8.266199e+00 2.697964e+00 7.775325e-01 4.176148e+01 2317 1.917230e-02
56951 1.289975e-03 6.193256e-03 2.156546e-01 -4.726233e-03 -1.139464e-02 5.714937e+00 6.220266e-01 3.351821e+00 4.249677e+01 890 8.685556e-03
57557 -1.087342e-02 -3.010192e-03 3.385600e-01 9.905842e-03 3.361198e-03 2.754272e+01 -3.361798e+00 8.177199e-01 2.720416e+01 546 1.268560e-02
58277 -1.981230e-03 -1.717224e-03 2.078294e-01 -3.031404e-03 -3.608995e-03 8.367282e+00 1.463360e+00 1.353904e+00 3.857633e+01 420 6.103424e-03
60251 -3.152958e-03 -2.283331e-03 1.893331e-01 -2.521855e-03 -1.806983e-03 1.579357e+01 -3.083521e+00 -2.324043e+00 1.756512e+01 1114 1.484040e-02
61347 1.409699e-02 -4.018976e-03 7.792994e-02 2.983234e-02 -1.305749e-02 9.438696e-02 1.729737e+01 -1.046523e+01 2.079219e+01 1016 7.176189e-03
61922 -1.796750e-02 -1.900283e-03 2.648399e-01 1.843505e-02 1.751200e-03 2.830412e+01 2.827930e-01 -5.309747e-01 2.803928e+01 2958 2.753926e-02
63947 -4.398020e-03 -3.483964e-03 1.894852e-01 6.675739e-03 7.123467e-03 1.846248e+01 6.180774e+00 1.008082e+01 1.827300e+01 1424 1.507953e-02
65363 -2.302160e-02 7.951733e-03 8.292518e-02 -3.413919e-02 1.057988e-02 8.970618e-02 -2.241900e+01 5.112129e+00 1.490939e+01 1535 1.144757e-02
68383 -5.849731e-03 1.637465e-03 2.104652e-01 3.609003e-03 -1.909116e-03 7.682833e+00 7.880428e+00 8.421282e-01 1.980213e+01 1299 1.583190e-02
70909 2.484590e-03 -1.862363e-04 2.053587e-01 8.018762e-03 9.523801e-03 8.749404e+00 2.512212e+00 5.531123e+00 3.373337e+01 1119 1.264100e-02
72930 -1.215166e-03 -5.503888e-03 2.057430e-01 -3.776594e-03 -8.109363e-03 1.037581e+01 -1.713287e+00 -9.075508e-01 2.361416e+01 2351 2.127545e-02
73726 1.040814e-03 -4.719296e-04 2.289716e-01 -2.639743e-04 -4.543872e-03 2.773523e+01 8.309605e-01 1.404675e+00 4.139654e+01 1573 1.405726e-02
80377 9.797544e-03 1.283588e-02 7.956693e-02 3.659951e-02 4.719450e-02 1.622346e-01 -1.287048e+00 -1.783210e+00 2.747282e+01 1161 7.641431e-03
82044 -1.494666e-02 -1.849261e-02 8.180182e-02 1.874908e-02 4.076142e-02 1.439585e-01 -5.364984e+00 -2.792011e+00 6.225472e+00 1536 1.222774e-02
83832 4.798656e-03 -1.527767e-02 7.726873e-02 7.869715e-03 -3.830845e-02 8.924492e-02 8.514784e-01 -1.108871e+01 8.595796e+00 464 4.175178e-03
84887 -1.535424e-04 -1.322988e-02 7.573388e-02 -2.005912e-03 -3.598007e-02 1.063526e-01 -7.707414e-01 -6.141589e+00 1.694179e+01 889 6.654568e-03
85600 -1.568560e-02 -7.875161e-03 9.084291e-02 -2.799651e-02 -1.202656e-02 1.080498e-01 -5.426208e+00 -1.291465e+00 1.349154e+01 1101 9.751299e-03
87698 -1.751079e-02 7.735896e-03 8.133444e-02 -4.366172e-02 3.425161e-02 3.644167e-01 4.692315e+00 -2.754480e-04 1.593200e+01 1875 1.401559e-02
89859 -1.036430e-02 1.055540e-02 7.808952e-02 -2.361480e-02 2.013140e-02 9.551230e-02 -1.120931e+01 7.613198e+00 1.793418e+01 2620 1.860995e-02
90749 1.232322e-03 1.935771e-03 2.297709e-01 4.950146e-03 -1.319067e-02 2.046940e+01 2.405829e+00 -2.907291e+00 4.061695e+01 2142 1.892240e-02
91705 3.853147e-03 -3.132951e-04 1.788320e-01 -3.372925e-03 -6.117217e-03 1.316544e+01 1.247613e+00 -3.517576e+00 1.699203e+01 925 1.284861e-02
93536 2.438386e-02 1.111038e-02 1.956874e-01 -1.552365e-02 -6.803195e-03 8.867807e+00 2.644022e+01 1.281034e+01 8.672120e+00 904 1.907513e-02
94231 1.660136e-02 -6.887368e-03 8.120121e-02 -3.217041e-02 1.148709e-02 2.282660e-01 -7.909911e+00 1.933015e+00 1.699706e+01 1658 1.174412e-02
95888 -2.536951e-02 -1.427943e-02 2.539962e-01 1.572158e-02 8.756145e-03 2.937337e+01 -2.872256e+01 -1.642910e+01 2.911937e+01 1077 1.323267e-02
97596 -2.248073e-03 2.336204e-03 1.749451e-01 2.572040e-03 -7.083219e-03 3.739818e-01 1.602303e+00 -2.076476e+00 6.234814e+01 1375 1.019589e-02
99689 -2.921554e-02 5.001325e-04 1.492394e-01 -3.291034e-02 -1.930560e-03 7.816278e-01 -1.500767e+01 4.579707e-01 1.536078e+01 963 1.273077e-02
