/n/home03/calmiller/DSMC_Simulations/6_10_20_fixed_collisions/flow_4.00000_gap_0.00200_len_0.04000_T1_2.00000_T2_2.00000/data
running....
idx x y z xnext ynext znext vx vy vz collides time
500369 1.099361e-02 -1.944382e-02 6.655354e-02 1.319933e-02 -2.903146e-02 6.790422e-02 3.715835e+00 -1.615166e+01 2.275399e+00 4076 1.421070e-02
875926 -3.223260e-03 2.192935e-02 1.576973e-01 -1.227117e-02 6.431854e-02 2.232090e-01 -3.530338e+00 1.653952e+01 2.556153e+01 4000 1.664698e-02
626268 -2.397414e-02 5.191678e-03 6.595271e-02 -4.144463e-02 8.799775e-03 6.634497e-02 -3.947540e+01 8.152664e+00 8.863155e-01 6421 2.109618e-02
2074 -1.371468e-03 -2.733582e-02 6.561094e-02 -6.808953e-04 -6.883584e-02 7.273036e-02 9.704402e-01 -5.831863e+01 1.000469e+01 3427 1.159112e-02
127315 -5.983179e-03 -2.444252e-02 6.610277e-02 -8.566868e-03 -2.990875e-02 6.515156e-02 -6.753900e+00 -1.428901e+01 -2.486514e+00 5831 2.079181e-02
2835 -1.533116e-03 2.543408e-02 6.638889e-02 -4.312939e-04 6.740018e-02 5.445958e-02 1.067142e+00 4.064519e+01 -9.037818e+00 4450 1.574174e-02
628809 1.657025e-03 -1.591674e-02 1.477524e-01 2.314716e-02 -7.723747e-02 3.228948e-01 5.289394e+00 -1.509294e+01 4.310800e+01 4112 1.577855e-02
4737 2.450311e-02 -1.588777e-02 6.603437e-02 2.918422e-02 -1.699820e-02 6.519144e-02 2.704606e+01 -6.415761e+00 -4.870211e+00 4851 1.685240e-02
254218 1.739640e-02 1.857221e-02 6.615790e-02 2.537135e-02 2.553103e-02 6.665100e-02 2.070973e+01 1.807100e+01 1.280517e+00 4712 1.553142e-02
629319 2.676772e-02 5.393060e-03 1.221628e-01 3.050937e-01 3.590118e-02 3.093761e-01 2.514653e+01 2.756385e+00 1.691457e+01 5491 2.038541e-02
504945 -1.402404e-02 2.327373e-02 1.804329e-01 -9.862859e-01 1.992302e+00 5.492501e+00 -8.755509e+00 1.773169e+01 4.783676e+01 3247 1.449032e-02
505672 1.120075e-02 7.664139e-03 1.195319e-01 1.037889e-01 5.716083e-02 1.961672e-01 2.715180e+01 1.451508e+01 2.247356e+01 9540 3.129638e-02
381099 -2.900099e-04 7.061636e-03 1.128551e-01 -2.703824e-02 6.444450e-02 2.006865e-01 -8.155208e+00 1.749534e+01 2.677871e+01 4680 1.887725e-02
7510 1.922507e-02 1.840511e-02 6.743155e-02 2.407221e-02 2.236959e-02 6.875262e-02 3.187760e+01 2.607267e+01 8.688128e+00 5306 1.663313e-02
256531 -2.110504e-04 9.845019e-03 1.525408e-01 -1.008971e-01 2.077592e-01 8.910045e-01 -5.383779e+00 1.058266e+01 3.948635e+01 1762 9.554916e-03
506695 1.898436e-02 -1.504329e-02 6.615347e-02 2.947187e-02 -2.280955e-02 6.542487e-02 3.821626e+01 -2.830006e+01 -2.655019e+00 4737 1.496823e-02
632270 -6.539739e-03 1.145661e-02 1.307066e-01 -7.643192e-02 1.950801e-01 4.405415e-01 -1.098821e+01 2.886865e+01 4.871118e+01 3315 1.353539e-02
8480 -1.668856e-02 -1.561103e-02 1.204754e-01 -2.372698e-02 -1.998879e-02 1.237001e-01 -1.877559e+01 -1.167806e+01 8.602091e+00 3352 1.311514e-02
507537 1.172251e-02 -1.203471e-02 1.244902e-01 1.095745e-01 -8.208127e-02 2.354480e-01 1.613107e+01 -1.154729e+01 1.829158e+01 2301 1.091720e-02
883322 -5.061151e-04 -2.336062e-02 6.683720e-02 -3.186590e-03 -4.503123e-02 6.954868e-02 -5.930892e+00 -4.794898e+01 5.999500e+00 3849 1.296857e-02
633523 2.390917e-02 -1.556315e-02 6.963259e-02 2.893125e-02 -1.634518e-02 7.134422e-02 1.688472e+01 -2.629262e+00 5.754658e+00 7670 2.757566e-02
633817 -1.838479e-02 -6.492329e-03 1.434609e-01 -2.813758e-02 -1.056529e-02 1.664506e-01 -1.923208e+01 -8.031703e+00 4.533471e+01 4838 1.726603e-02
133493 -9.950446e-03 1.103412e-02 1.279845e-01 -2.381055e-01 2.476251e-01 6.145603e-01 -2.591969e+01 2.687806e+01 5.527774e+01 3739 1.555707e-02
133815 -9.099850e-03 2.116165e-02 1.518707e-01 -6.721944e-01 8.147130e-01 2.137360e+00 -1.444804e+01 1.729054e+01 4.326144e+01 2322 1.069447e-02
10918 2.124049e-02 -1.675135e-02 6.709435e-02 5.384948e-02 -8.200451e-02 7.674584e-02 1.529347e+01 -3.060344e+01 4.526504e+00 7801 2.558625e-02
385028 -2.194138e-02 5.552638e-05 6.633034e-02 -3.452393e-02 7.689989e-05 6.599112e-02 -4.789134e+01 8.135128e-02 -1.291129e+00 5568 1.952010e-02
385706 7.742589e-03 -7.655506e-03 1.174295e-01 5.421118e-02 -4.918250e-02 1.690487e-01 1.825365e+01 -1.631251e+01 2.027690e+01 3844 1.568833e-02
386284 1.452107e-02 -1.704667e-02 1.167370e-01 1.622966e-01 -1.971704e-01 1.952614e-01 1.868979e+01 -2.278102e+01 9.931320e+00 2330 1.094797e-02
886475 1.506291e-02 4.129630e-03 1.326029e-01 1.320888e-01 4.729950e-02 3.471439e-01 2.657946e+01 9.804940e+00 4.872752e+01 6925 2.458297e-02
636727 2.569236e-02 2.156023e-03 6.829460e-02 7.051693e-02 -8.603484e-04 1.007301e-01 3.265331e+01 -2.197333e+00 2.362829e+01 3450 1.161471e-02
136441 1.149544e-03 -5.545451e-03 1.368410e-01 1.456626e-02 -3.555800e-02 3.054819e-01 3.673429e+00 -8.217284e+00 4.617302e+01 6153 2.157592e-02
636929 -2.608537e-03 -6.189719e-03 1.443565e-01 -8.253943e-02 -1.901705e-01 1.107373e+00 -4.670993e+00 -1.075145e+01 5.627664e+01 5504 1.926583e-02
137260 -3.780604e-03 6.766377e-03 1.530051e-01 -1.431337e-03 3.020418e-02 4.979095e-01 2.568392e-01 2.562393e+00 3.770750e+01 2589 1.060994e-02
387904 2.851874e-02 7.949134e-03 6.645323e-02 4.558983e-02 1.174980e-02 6.633610e-02 4.910168e+01 1.093186e+01 -3.369068e-01 1556 6.700776e-03
14976 -1.717544e-02 -2.159978e-02 6.707463e-02 -1.924830e-02 -2.337026e-02 6.733123e-02 -1.700497e+01 -1.452437e+01 2.105095e+00 3060 1.134983e-02
138616 -2.381413e-03 8.640458e-03 1.282075e-01 -5.032051e-03 3.165741e-02 1.619024e-01 -4.023658e+00 3.493965e+01 5.114867e+01 5639 2.065785e-02
139854 2.648046e-02 -4.308409e-03 6.556365e-02 4.923268e-02 -1.324607e-02 6.108426e-02 3.942282e+01 -1.548631e+01 -6.120069e+00 3272 1.069179e-02
891525 1.588098e-02 2.372059e-02 6.303162e-02 1.857866e-01 1.950238e-01 -3.838869e-02 2.562957e+01 2.584039e+01 -1.529884e+01 912 4.355413e-03
266345 2.801948e-02 -3.706928e-03 6.823183e-02 4.935350e-02 -2.462337e-03 7.284347e-02 3.485212e+01 2.033213e+00 7.533746e+00 4218 1.399209e-02
266451 1.225364e-02 9.166916e-04 1.246301e-01 6.002775e-02 8.911097e-03 1.687982e-01 1.336452e+01 2.236387e+00 1.235579e+01 2707 1.131157e-02
516120 -1.115517e-02 -2.693529e-02 6.883817e-02 -1.692183e-02 -5.290661e-02 7.897003e-02 -7.683257e+00 -3.460315e+01 1.349928e+01 4966 1.707554e-02
268204 -7.841107e-03 -9.674686e-03 1.158067e-01 -1.307338e-01 -2.113174e-01 2.948167e-01 -2.209509e+01 -3.625369e+01 3.218452e+01 1794 7.065511e-03
518336 2.089218e-02 -4.823760e-03 1.784175e-01 9.057795e-01 -1.975742e-01 5.421875e+00 7.931964e+00 -1.727778e+00 4.700136e+01 3378 1.415947e-02
394538 -2.496175e-02 1.040601e-02 6.747555e-02 -3.528859e-02 1.045755e-02 6.847334e-02 -2.371138e+01 1.183328e-01 2.291022e+00 1607 6.099488e-03
143826 5.548817e-03 -1.715966e-02 1.638957e-01 9.683992e-03 -5.173892e-02 3.659665e-01 6.131860e-01 -5.127598e+00 2.996414e+01 3850 1.512744e-02
144266 -6.143098e-03 1.274231e-03 1.394413e-01 -6.576526e-02 2.367942e-03 3.290754e-01 -1.176216e+01 2.157655e-01 3.741070e+01 8646 3.078897e-02
519852 -2.561783e-03 -1.518905e-02 1.711072e-01 -8.528718e-02 -3.637523e-01 1.382102e+00 -4.053509e+00 -1.707945e+01 5.933823e+01 2945 1.222796e-02
395668 2.745972e-02 5.474525e-03 6.539666e-02 2.963702e-02 5.913907e-03 6.432570e-02 4.726548e+01 9.538237e+00 -9.934692e+00 2983 9.823931e-03
397070 -5.030398e-04 -1.561456e-02 1.161949e-01 1.894765e-02 -9.307630e-02 1.440677e-01 9.812039e+00 -3.907612e+01 1.406067e+01 2892 1.190913e-02
146283 2.839477e-02 -3.996411e-03 6.616685e-02 1.996152e-01 -8.195165e-03 7.564517e-02 4.976146e+01 -1.220275e+00 2.754665e+00 1146 4.383588e-03
648157 -8.281304e-03 -8.227813e-03 1.531025e-01 -1.591898e-02 -3.106741e-02 2.741657e-01 -2.945189e+00 -8.807256e+00 4.668359e+01 3580 1.341565e-02
898508 -4.180970e-03 4.755098e-03 1.103710e-01 -2.861077e-02 1.951877e-02 1.302822e-01 -2.425820e+01 1.465997e+01 1.977135e+01 12110 4.075368e-02
398997 7.099016e-03 3.682863e-03 1.312550e-01 4.038566e-02 1.727558e-02 2.282645e-01 2.072099e+01 8.461487e+00 6.038859e+01 7364 2.443905e-02
649403 -1.346181e-02 2.443057e-02 6.798638e-02 -3.377728e-02 5.979457e-02 7.541192e-02 -1.891250e+01 3.292179e+01 6.912740e+00 3362 1.110503e-02
523969 -1.098469e-02 -2.413059e-02 6.821595e-02 -2.779844e-02 -5.191403e-02 6.702259e-02 -1.625443e+01 -2.685920e+01 -1.153655e+00 1814 6.897146e-03
651285 2.137246e-02 -1.112338e-02 6.711415e-02 2.838726e-02 -1.661367e-02 6.892909e-02 4.089775e+01 -3.200949e+01 1.058143e+01 6162 2.181454e-02
277301 1.393476e-02 -8.247061e-03 1.399658e-01 4.035648e-02 -1.720618e-02 1.987936e-01 1.535146e+01 -5.205399e+00 3.417994e+01 2253 1.022904e-02
652240 1.233683e-02 2.875399e-03 1.315216e-01 3.764575e-02 6.215851e-03 1.891800e-01 2.052957e+01 2.709639e+00 4.677014e+01 4875 1.825708e-02
652302 -1.204507e-02 6.459062e-03 1.944536e-01 -4.150826e-01 3.245450e-01 2.097904e+00 -9.033794e+00 7.129666e+00 4.266447e+01 3971 1.798921e-02
402582 -2.812906e-02 3.309485e-03 6.625891e-02 -4.358851e-02 6.272305e-03 6.590787e-02 -7.104930e+01 1.361668e+01 -1.613309e+00 7861 2.503457e-02
152071 -4.016306e-04 1.005468e-02 1.386233e-01 -6.230206e-03 9.926443e-02 6.225446e-01 -4.496840e-01 6.882675e+00 3.733531e+01 4495 1.614705e-02
152623 2.184305e-02 1.282442e-02 6.573755e-02 3.766678e-02 2.623483e-02 6.621055e-02 2.170385e+01 1.839375e+01 6.487739e-01 6510 2.117867e-02
33255 -1.240951e-02 -4.977639e-03 1.186012e-01 -6.518644e-02 -2.432114e-02 1.600762e-01 -3.111366e+01 -1.140360e+01 2.445084e+01 3506 1.300206e-02
654322 -7.297969e-03 -5.547355e-03 1.170595e-01 -4.130088e-02 -4.960281e-02 1.965956e-01 -9.456725e+00 -1.225249e+01 2.212020e+01 1669 8.562816e-03
34403 -1.441115e-02 2.105636e-04 1.569749e-01 -6.826133e-02 1.975838e-03 3.101630e-01 -1.581658e+01 5.184867e-01 4.499354e+01 3189 1.277137e-02
34453 -2.644214e-02 7.909719e-03 6.792348e-02 -5.843027e-02 1.425216e-02 6.519316e-02 -3.280463e+01 6.504332e+00 -2.800017e+00 1430 4.983408e-03
280151 3.159006e-04 -9.516025e-03 1.126979e-01 -1.311730e-02 -4.478517e-02 1.289323e-01 -1.351079e+01 -3.547285e+01 1.632815e+01 4890 1.705682e-02
905477 9.474866e-03 1.388884e-02 1.144726e-01 2.562953e-02 2.023666e-01 1.948694e-01 3.146476e+00 3.671019e+01 1.565905e+01 6102 2.554995e-02
282000 2.353799e-02 1.305030e-03 1.514223e-01 3.029217e-01 2.140114e-02 5.666864e-01 2.408805e+01 1.732657e+00 3.580344e+01 4529 1.645855e-02
407027 -6.325974e-03 7.162721e-04 1.238104e-01 -3.922322e-02 -1.614248e-02 2.469086e-01 -1.364924e+01 -6.994788e+00 5.107411e+01 3398 1.449539e-02
657055 -6.746484e-03 1.049085e-04 1.620991e-01 -1.162282e-01 -4.841580e-02 1.049834e+00 -7.176331e+00 -3.180447e+00 5.818946e+01 6584 2.629576e-02
908747 3.227221e-03 2.669968e-02 1.247650e-01 4.749764e-02 4.709036e-01 3.075623e-01 3.303686e+00 3.314878e+01 1.364127e+01 3392 1.372407e-02
283607 1.342847e-02 1.587282e-02 1.710856e-01 1.433457e-01 2.380509e-01 1.088134e+00 7.742572e+00 1.324096e+01 5.465258e+01 3344 1.350851e-02
283683 7.421374e-03 -2.621405e-03 1.292718e-01 1.287478e-01 4.143822e-03 3.854304e-01 2.601234e+01 1.450462e+00 5.492032e+01 7446 2.572716e-02
783959 -7.490567e-03 -1.036764e-03 1.683609e-01 -4.324506e-02 2.497010e-02 4.690906e-01 -5.324138e+00 3.872635e+00 4.478112e+01 5126 1.954895e-02
284284 1.078640e-02 9.893618e-03 1.108351e-01 3.243028e-02 4.635147e-02 9.740953e-02 1.242130e+01 2.092296e+01 -2.258497e+00 3103 1.195837e-02
659164 6.150314e-03 -8.752417e-03 1.117298e-01 2.442775e-02 -5.537475e-02 1.213142e-01 1.872139e+01 -4.775478e+01 9.817185e+00 2878 1.182606e-02
909690 -2.700707e-02 6.274419e-03 6.722574e-02 -4.839808e-02 1.091503e-02 7.252048e-02 -3.564814e+01 7.733583e+00 8.823691e+00 2323 8.928782e-03
410309 -1.487727e-02 8.896179e-04 1.395603e-01 -4.161020e-01 -3.985265e-03 9.865043e-01 -1.800434e+01 -2.187529e-01 3.800531e+01 3312 1.302470e-02
158937 -2.114155e-02 -6.269832e-04 1.518988e-01 -3.780391e-01 5.349757e-02 9.090033e-01 -2.562338e+01 3.885860e+00 5.435614e+01 4661 1.906797e-02
410326 -2.632484e-02 -7.268884e-03 2.075861e-01 -1.210536e+00 -2.937054e-01 5.050838e+00 -1.411037e+01 -3.413010e+00 5.770936e+01 3350 1.700747e-02
785337 1.170714e-02 -1.376452e-02 1.663793e-01 5.639509e-02 -7.810431e-02 4.913642e-01 5.732261e+00 -8.253064e+00 4.168682e+01 6687 2.386147e-02
159191 -1.750806e-02 -1.783783e-02 6.786669e-02 -4.427303e-02 -2.143758e-02 8.492383e-02 -2.171341e+01 -2.920341e+00 1.383781e+01 3084 1.095949e-02
660532 4.599966e-03 -2.906869e-02 6.656968e-02 4.727776e-03 -4.177516e-02 6.545269e-02 4.329532e-01 -4.304299e+01 -3.783799e+00 3089 1.061572e-02
159252 -2.641038e-02 8.212708e-03 1.372068e-01 -1.271834e-01 3.648230e-02 2.727690e-01 -2.331872e+01 6.541538e+00 3.136888e+01 3376 1.555170e-02
660894 -7.153525e-03 2.441209e-02 6.792346e-02 -1.577656e-02 3.307398e-02 7.269709e-02 -2.032607e+01 2.041766e+01 1.125231e+01 9434 3.004466e-02
661114 -1.197590e-02 1.923849e-02 1.598002e-01 -9.521844e-02 1.396158e-01 4.954816e-01 -1.305417e+01 1.887769e+01 5.264187e+01 3251 1.387891e-02
534956 1.732383e-02 4.055662e-03 1.350303e-01 7.290357e-02 1.960675e-02 2.146969e-01 1.871540e+01 5.236527e+00 2.682619e+01 7825 3.042295e-02
286801 -2.227572e-03 8.143123e-03 1.324964e-01 -9.098916e-03 8.215043e-02 4.688931e-01 -9.732146e-01 1.048194e+01 4.764513e+01 12328 4.049411e-02
42908 -2.561563e-02 7.545408e-03 6.583881e-02 -5.663161e-02 1.607819e-02 6.755481e-02 -3.742890e+01 1.029703e+01 2.070810e+00 1622 6.518815e-03
790693 1.985075e-03 -1.452941e-02 1.566259e-01 -2.208549e-02 -8.141119e-02 7.019703e-01 -1.450102e+00 -4.029212e+00 3.285361e+01 4251 1.620898e-02
47179 2.795857e-02 -4.041107e-03 6.836085e-02 3.200782e-02 -3.768712e-03 7.022022e-02 3.219772e+01 2.165951e+00 1.478479e+01 6101 2.055018e-02
164947 -2.652680e-03 1.089153e-03 1.216721e-01 -1.411217e-02 3.104856e-02 2.476180e-01 -3.244263e+00 8.481722e+00 3.565617e+01 2968 1.105848e-02
48708 -5.037898e-03 -1.998814e-03 1.372603e-01 -3.761605e-02 -4.042896e-04 2.829098e-01 -1.111890e+01 5.442101e-01 4.971005e+01 3798 1.497287e-02
48935 -2.164668e-03 1.373858e-02 1.213370e-01 -3.756789e-02 3.223935e-01 4.523953e-01 -4.294656e+00 3.744198e+01 4.015966e+01 5682 2.000641e-02
918494 -2.315672e-02 -1.055103e-02 6.541293e-02 -2.704112e-02 -1.350982e-02 6.569347e-02 -3.946390e+01 -3.006009e+01 2.850180e+00 3087 1.071881e-02
293599 -1.103102e-02 1.481175e-02 1.415158e-01 -1.503356e-02 4.060058e-02 1.755676e-01 -2.406623e+00 1.550613e+01 2.047446e+01 3938 1.787742e-02
793502 -8.232939e-03 -2.784028e-03 1.108516e-01 -3.706169e-02 -2.578350e-02 1.387681e-01 -2.580396e+01 -2.058631e+01 2.498745e+01 3123 1.149454e-02
542321 6.368251e-03 -8.452603e-03 1.341367e-01 2.475491e-02 -1.325269e-01 6.586283e-01 1.091483e+00 -7.365393e+00 3.113527e+01 3831 1.565806e-02
419283 1.360336e-02 1.617430e-03 1.474291e-01 1.752626e-01 -8.337178e-03 5.615029e-01 1.870928e+01 -1.152075e+00 4.792193e+01 1513 7.384591e-03
419698 -9.272395e-03 8.409433e-03 1.567422e-01 -6.543779e-02 8.472735e-02 5.333384e-01 -6.027747e+00 8.190542e+00 4.041681e+01 2219 1.166216e-02
419857 6.231670e-03 -5.068070e-03 1.185257e-01 4.103753e-02 -9.960583e-03 1.859735e-01 2.395312e+01 -3.366988e+00 4.641702e+01 4582 1.867688e-02
295998 -2.669988e-02 2.268257e-03 1.714174e-01 -5.276965e-01 8.169075e-02 1.525422e+00 -1.873792e+01 2.970504e+00 5.064152e+01 2279 1.159797e-02
423193 1.244257e-02 6.848577e-04 1.695191e-01 1.053341e-01 1.208218e-02 6.367652e-01 1.302093e+01 1.597602e+00 6.549551e+01 6437 2.366521e-02
924032 2.719629e-02 1.082534e-02 6.615712e-02 4.942700e-02 1.461613e-02 6.828532e-02 5.222625e+01 8.905651e+00 4.999745e+00 1156 5.571163e-03
799217 5.983103e-03 -2.544830e-02 6.479645e-02 1.191750e-02 -4.204300e-02 6.042076e-02 1.468425e+01 -4.106239e+01 -1.082733e+01 2078 8.138880e-03
57839 3.362200e-03 6.954959e-03 1.365237e-01 3.345558e-02 4.027227e-02 3.089946e-01 7.953799e+00 8.805897e+00 4.558474e+01 2429 1.221570e-02
549543 4.694367e-03 -4.173562e-03 1.101531e-01 1.590366e-02 -4.356113e-02 1.347185e-01 1.064698e+01 -3.741167e+01 2.333302e+01 3929 1.590868e-02
801660 -9.458905e-03 -8.314740e-03 1.273497e-01 -6.316907e-02 -8.407055e-02 2.625613e-01 -1.279555e+01 -1.804756e+01 3.221191e+01 2373 9.556835e-03
175613 1.026675e-02 -2.616020e-02 6.600646e-02 1.070951e-02 -3.230884e-02 6.544072e-02 2.788228e+00 -3.872006e+01 -3.562639e+00 2884 1.020315e-02
551566 2.615357e-02 6.188618e-03 1.191575e-01 1.315257e-01 6.800350e-03 1.734086e-01 2.265358e+01 1.315140e-01 1.166325e+01 3102 1.241291e-02
303820 -2.739564e-02 -6.570637e-03 6.515601e-02 -4.581584e-02 -5.544340e-03 6.770953e-02 -2.811300e+01 1.566340e+00 3.897182e+00 1832 6.849315e-03
176859 5.740908e-03 3.161728e-03 1.340425e-01 1.126982e-01 1.205652e-01 9.895845e-01 6.482962e+00 7.116128e+00 5.185662e+01 1800 1.206614e-02
177455 2.740124e-02 -7.256898e-03 6.701489e-02 3.546116e-02 -6.977993e-03 6.883178e-02 3.094886e+01 1.070954e+00 6.976571e+00 3872 1.282383e-02
806172 9.441327e-03 -1.605743e-02 1.528347e-01 2.736416e-02 -3.610350e-02 2.106393e-01 1.363333e+01 -1.524840e+01 4.397013e+01 2876 1.203114e-02
554783 -2.336008e-02 6.856396e-03 6.676092e-02 -3.136219e-02 1.610503e-02 6.724017e-02 -3.035175e+01 3.507975e+01 1.817767e+00 3742 1.180760e-02
431850 -1.521140e-02 -2.223693e-02 6.785831e-02 -1.801856e-02 -2.453641e-02 6.830156e-02 -2.962206e+01 -2.426487e+01 4.677350e+00 3467 1.275963e-02
431854 -6.146443e-03 -2.654595e-03 1.109720e-01 -2.569526e-02 -1.900377e-02 1.218070e-01 -2.233064e+01 -1.867569e+01 1.237679e+01 2782 1.173026e-02
681945 1.656129e-02 -1.909349e-02 6.672410e-02 2.300807e-02 -2.238575e-02 6.719794e-02 3.688531e+01 -1.883666e+01 2.711094e+00 1858 6.629426e-03
180116 -5.488182e-03 2.442139e-02 6.571843e-02 -9.147746e-03 3.217540e-02 6.551096e-02 -1.382926e+01 2.930189e+01 -7.840058e-01 1245 4.751186e-03
807454 -8.899717e-03 7.348346e-04 1.279397e-01 -5.887659e-02 -2.578593e-02 2.373379e-01 -1.968246e+01 -1.044471e+01 4.308444e+01 2089 8.866940e-03
309185 2.080349e-02 2.030516e-02 6.782485e-02 2.927993e-02 2.582825e-02 7.039245e-02 3.865212e+01 2.518503e+01 1.170810e+01 4585 1.480126e-02
936027 2.499847e-02 1.433409e-02 6.620371e-02 9.924813e-02 6.512677e-02 5.343315e-02 3.083837e+01 2.109590e+01 -4.378919e+00 2957 9.714866e-03
559451 4.647139e-03 7.505983e-03 1.121451e-01 3.134719e-02 3.959102e-02 1.099136e-01 1.387978e+01 1.667912e+01 -1.160073e+00 3767 1.411358e-02
184790 5.283700e-03 2.421968e-02 6.729675e-02 2.864692e-02 6.005937e-02 8.668746e-02 2.615220e+01 4.011804e+01 2.170547e+01 4218 1.363792e-02
560235 -6.014160e-03 2.339559e-03 1.358288e-01 -4.911697e-02 9.170150e-03 3.109390e-01 -1.098686e+01 1.741110e+00 4.463542e+01 2304 9.824598e-03
437571 -2.565055e-02 -3.250882e-03 6.519575e-02 -6.126226e-02 -1.094738e-02 5.651249e-02 -5.199065e+01 -1.123636e+01 -1.236819e+01 2538 8.855636e-03
72144 2.227370e-02 -1.709603e-02 6.741006e-02 4.804029e-02 -2.533480e-02 7.627446e-02 5.032522e+01 -1.609131e+01 1.731322e+01 5963 1.920268e-02
186363 9.690319e-03 6.245835e-03 1.257108e-01 1.601979e-01 1.693074e-01 5.256679e-01 1.534907e+01 1.662935e+01 4.078844e+01 4698 1.967411e-02
813503 -3.777801e-03 1.370113e-02 1.284455e-01 -4.773762e-02 1.399403e-01 3.579582e-01 -8.384520e+00 2.407779e+01 4.377530e+01 7305 2.555343e-02
439336 -1.976269e-02 1.236931e-02 6.571652e-02 -2.532894e-02 1.612303e-02 6.601911e-02 -2.834656e+01 1.911611e+01 1.540949e+00 2376 7.966832e-03
440293 8.695478e-03 4.928620e-03 1.189914e-01 3.596702e-02 3.394378e-02 1.449177e-01 1.325500e+01 1.410246e+01 1.260116e+01 3263 1.224270e-02
814924 -2.268680e-02 1.645034e-02 6.625579e-02 -4.908695e-02 3.308085e-02 6.627489e-02 -3.422462e+01 2.155946e+01 2.475088e-02 6552 2.152462e-02
188496 2.915267e-03 -2.516561e-02 6.714939e-02 1.279005e-02 -4.345659e-02 7.105743e-02 2.180339e+01 -4.038625e+01 8.628909e+00 3024 1.041800e-02
442686 9.377506e-03 2.623299e-02 6.598312e-02 9.756047e-03 3.395695e-02 6.547478e-02 1.577078e+00 3.217958e+01 -2.117823e+00 2742 9.151637e-03
317919 1.920543e-02 1.828251e-02 6.716910e-02 2.967853e-02 4.266511e-02 7.399985e-02 1.496063e+01 3.483008e+01 9.757601e+00 3173 1.113549e-02
318344 1.867875e-02 1.494408e-02 6.651432e-02 2.747921e-02 1.926059e-02 6.650850e-02 4.225352e+01 2.072479e+01 -2.795981e-02 3577 1.212623e-02
817996 -3.713180e-03 -7.181353e-03 1.428560e-01 -1.670441e-02 -2.686587e-02 2.254054e-01 -9.013965e+00 -1.365810e+01 5.727692e+01 2810 1.001668e-02
191520 2.268513e-02 1.221869e-02 6.760016e-02 2.862855e-02 1.451319e-02 6.966464e-02 2.431443e+01 9.386766e+00 8.445771e+00 1545 5.410948e-03
819606 -5.597697e-03 -9.739199e-03 1.818719e-01 -1.964284e-01 -1.209233e-01 1.156415e+00 -8.409712e+00 -4.899766e+00 4.294708e+01 2958 1.301603e-02
81023 2.893358e-04 7.757155e-03 1.236364e-01 7.488835e-02 6.184855e-02 2.380572e-01 1.588641e+01 1.151916e+01 2.436675e+01 2101 9.614938e-03
820408 2.274362e-03 -5.042964e-03 1.441237e-01 2.738644e-02 -2.001336e-02 3.269863e-01 4.880083e+00 -2.909228e+00 3.553608e+01 2065 9.149366e-03
568731 9.862278e-03 1.550688e-02 1.413217e-01 4.176949e-02 4.662163e-02 3.244575e-01 3.950240e+00 3.852129e+00 2.267295e+01 2995 1.475264e-02
820875 2.074171e-03 -1.131795e-02 1.725049e-01 -6.427034e-02 -1.185230e-01 1.022348e+00 -4.154227e+00 -6.712752e+00 5.321380e+01 3720 1.556195e-02
446365 -8.947770e-03 3.737724e-04 1.290474e-01 -1.838222e-01 -3.331364e-02 5.975225e-01 -2.239654e+01 -4.314420e+00 5.999862e+01 9164 3.289400e-02
194201 7.209636e-03 -1.540123e-02 1.165839e-01 2.168023e-01 -8.711064e-01 5.932403e-01 8.968665e+00 -3.661642e+01 2.039657e+01 5307 1.967751e-02
322220 -1.113865e-02 2.725100e-02 6.752616e-02 -1.213734e-02 3.444999e-02 6.822862e-02 -4.350824e+00 3.136254e+01 3.060297e+00 2570 9.321747e-03
82919 1.360742e-02 1.719051e-02 1.397271e-01 1.349583e-01 1.140022e-01 4.554551e-01 1.402264e+01 1.118703e+01 3.648381e+01 2950 1.077203e-02
822276 1.955630e-02 -1.411869e-02 1.852965e-01 2.170236e+00 -2.295247e+00 8.899778e+00 1.778631e+01 -1.886513e+01 7.206952e+01 8198 2.938207e-02
698311 -9.839538e-03 1.150881e-03 1.161569e-01 -5.362737e-02 1.338344e-02 1.604893e-01 -2.351228e+01 6.568384e+00 2.380468e+01 8311 2.965157e-02
84634 6.410721e-03 -8.646887e-03 1.231292e-01 5.001706e-02 -1.016575e-01 3.372553e-01 8.820141e+00 -1.881302e+01 4.331072e+01 2637 1.119795e-02
571224 5.043031e-04 -1.952508e-02 1.548932e-01 3.589614e-02 -1.443199e-01 4.061905e-01 8.210075e+00 -2.894947e+01 5.829506e+01 3218 1.214892e-02
949492 5.802921e-03 1.083329e-02 1.249401e-01 9.077892e-02 1.458784e-01 3.237742e-01 1.072566e+01 1.704538e+01 2.509682e+01 3035 1.251069e-02
949889 -2.717978e-02 -9.173402e-03 6.799023e-02 -7.585929e-02 -3.342260e-02 8.257691e-02 -4.127165e+01 -2.055905e+01 1.236693e+01 3402 1.220487e-02
823903 2.851583e-02 2.919560e-03 6.731558e-02 3.598205e-02 7.783262e-03 6.812405e-02 2.730113e+01 1.778469e+01 2.956256e+00 1706 6.391681e-03
85768 -1.537079e-02 3.529589e-03 1.224724e-01 -7.734707e-02 2.791045e-02 1.818777e-01 -3.139584e+01 1.235082e+01 3.009343e+01 2927 1.278978e-02
324812 2.367474e-02 -1.530809e-02 6.681623e-02 4.963481e-02 -4.228687e-02 7.207741e-02 2.710806e+01 -2.817182e+01 5.493834e+00 2098 7.569074e-03
326610 -2.415232e-02 9.308593e-03 6.556194e-02 -3.353868e-02 1.446520e-02 6.641837e-02 -3.171128e+01 1.742132e+01 2.893398e+00 1823 7.453000e-03
574066 5.701646e-03 4.863533e-03 1.157220e-01 2.781237e-02 2.446181e-02 1.470414e-01 2.144645e+01 1.900948e+01 3.037849e+01 6267 2.230736e-02
953271 -9.025916e-03 -6.159992e-03 1.425342e-01 -6.088057e-02 -7.216184e-02 3.133907e-01 -8.467200e+00 -1.077726e+01 2.789868e+01 3215 1.726183e-02
827903 2.302977e-02 -1.250723e-03 6.634336e-02 3.317882e-02 -3.423669e-03 7.316982e-02 2.637661e+01 -5.647324e+00 1.774147e+01 2491 8.433610e-03
201142 1.023341e-02 2.356554e-02 6.700266e-02 4.766706e-02 5.938195e-02 7.851657e-02 3.244999e+01 3.104806e+01 9.981030e+00 4098 1.270642e-02
454125 8.321939e-03 8.132546e-03 1.400373e-01 2.860034e-02 3.500223e-02 2.283949e-01 5.571326e+00 7.382227e+00 2.427554e+01 3082 1.349662e-02
954948 -2.481392e-02 -8.489076e-03 6.530804e-02 -6.201003e-02 -3.904471e-03 6.336409e-02 -2.890568e+01 3.562768e+00 -1.171791e+00 2448 8.832122e-03
576881 2.660512e-04 -2.430844e-02 6.661890e-02 -6.215318e-03 -4.313898e-02 6.968641e-02 -8.086947e+00 -2.349527e+01 3.827398e+00 2619 1.013933e-02
92869 1.358500e-02 9.302231e-03 1.486834e-01 1.300187e-01 1.659001e-01 8.270720e-01 6.880048e+00 9.253339e+00 4.008586e+01 5300 2.045241e-02
830331 -1.222961e-02 -2.556340e-02 6.575228e-02 -1.624814e-02 -3.826550e-02 6.522209e-02 -8.858958e+00 -2.800216e+01 -1.168832e+00 4980 1.671410e-02
706344 -2.347601e-02 -1.602086e-03 6.677833e-02 -3.171370e-02 2.758832e-03 6.807002e-02 -4.597042e+01 2.433608e+01 7.208256e+00 1800 7.384837e-03
203793 -1.131038e-02 -2.598033e-02 2.229538e-01 -9.369257e-02 -7.216274e-01 2.463639e+00 -1.820709e+00 -1.537433e+01 4.952086e+01 3451 1.427602e-02
332084 1.896671e-02 -2.279908e-02 1.416324e-01 4.346626e-01 -3.806757e-01 7.012096e-01 3.137319e+01 -2.700948e+01 4.223213e+01 4076 1.656321e-02
579379 4.684226e-03 -2.627437e-02 6.442604e-02 -4.898682e-03 -8.384986e-02 5.268113e-02 -6.000118e+00 -3.604958e+01 -7.353803e+00 1939 7.959588e-03
707347 7.192893e-03 -2.341600e-02 6.680018e-02 8.217310e-03 -3.170250e-02 6.873596e-02 4.168659e+00 -3.372028e+01 7.877252e+00 3079 1.309324e-02
332944 2.661456e-02 1.010937e-02 6.208182e-02 1.126534e-01 1.574057e-03 4.182378e-02 2.793804e+01 -2.771536e+00 -6.578071e+00 4307 1.526555e-02
458006 1.692102e-02 2.124214e-02 6.845439e-02 3.031752e-02 4.150239e-02 7.651745e-02 2.157632e+01 3.263103e+01 1.298632e+01 4993 1.599970e-02
334058 1.313785e-02 -2.191537e-02 2.076750e-01 3.004665e-02 -5.594733e-02 3.538888e-01 4.878825e+00 -9.819503e+00 4.218820e+01 5181 2.230431e-02
581915 -2.985225e-02 -2.460270e-03 6.815801e-02 -6.721189e-02 6.897973e-03 8.298419e-02 -3.401017e+01 8.519232e+00 1.349694e+01 1861 6.889807e-03
960401 -1.386952e-02 -2.544614e-02 6.443703e-02 -2.124017e-02 -9.409061e-02 5.045567e-02 -3.941658e+00 -3.670953e+01 -7.476922e+00 3503 1.231432e-02
336466 4.552261e-03 -1.586987e-02 2.383811e-01 8.327340e-01 -1.178561e+00 7.643681e+00 5.676369e+00 -7.969100e+00 5.075603e+01 2860 1.353941e-02
208712 -3.596546e-03 1.612280e-02 3.065628e-01 8.931610e-02 2.061800e-01 2.127256e+00 2.607977e+00 5.334741e+00 5.110528e+01 3315 1.568569e-02
337751 3.933663e-03 4.964254e-03 1.192317e-01 2.828441e-02 4.117640e-02 2.024905e-01 1.046828e+01 1.556744e+01 3.579261e+01 4071 1.622428e-02
100943 -1.200221e-02 2.017878e-02 6.558676e-02 -1.883526e-02 2.546042e-02 6.647551e-02 -3.484729e+01 2.693540e+01 4.532511e+00 2257 8.638819e-03
101416 2.331382e-02 -1.670308e-02 1.776950e-01 1.109196e+00 -1.457470e+00 3.476146e+00 1.256455e+01 -1.667085e+01 3.816577e+01 8192 2.874571e-02
465257 1.812149e-02 1.801125e-03 1.462566e-01 9.421848e-01 3.049016e-01 1.885384e+00 2.583691e+01 8.474723e+00 4.862620e+01 6009 2.138341e-02
840972 1.117327e-02 -6.269189e-03 1.465970e-01 4.953872e-01 -6.270636e-01 3.307648e+00 9.345271e+00 -1.198126e+01 6.100791e+01 4163 1.470776e-02
841286 1.645490e-02 -2.491419e-02 2.653032e-01 2.009602e-01 -6.386134e-01 4.470614e+00 2.142557e+00 -7.126548e+00 4.883394e+01 3049 1.468200e-02
588894 2.337172e-02 1.229976e-03 6.703361e-02 3.365414e-02 3.577814e-03 6.763180e-02 3.426715e+01 7.824395e+00 1.993525e+00 2339 8.278568e-03
716907 2.158661e-03 6.863991e-03 1.151041e-01 3.261209e-02 7.099073e-02 2.028462e-01 1.063824e+01 2.240128e+01 3.065082e+01 2544 1.083557e-02
467038 -3.681318e-03 -2.419137e-02 6.690488e-02 -4.840813e-03 -3.401589e-02 6.911668e-02 -5.107674e+00 -4.327783e+01 9.743151e+00 5299 1.721293e-02
842035 -1.877414e-02 1.587573e-02 6.641036e-02 -2.961722e-02 2.679525e-02 6.609937e-02 -2.505024e+01 2.522683e+01 -7.184622e-01 2914 1.117667e-02
343333 1.047399e-03 1.543598e-02 1.871010e-01 -2.867676e-03 1.712469e-01 8.027192e-01 -2.968821e-01 1.181522e+01 4.668264e+01 5090 2.257335e-02
717976 3.855949e-03 2.342920e-02 1.719340e-01 -1.221350e-02 1.904875e-01 4.510783e-01 -1.651117e+00 1.716504e+01 2.868174e+01 3662 1.875997e-02
344033 -1.242065e-02 7.145478e-03 1.353371e-01 -5.031403e-02 3.761089e-02 2.159007e-01 -1.030290e+01 8.283298e+00 2.190461e+01 4921 1.828994e-02
591055 -1.451029e-02 -9.126693e-03 1.748644e-01 -3.720131e-01 -8.794831e-02 1.686065e+00 -1.235729e+01 -2.724514e+00 5.223549e+01 3870 1.562312e-02
591178 -1.609568e-03 -2.447490e-02 1.666989e-01 -1.560552e-03 -3.326845e-02 1.920580e-01 5.632011e-02 -1.010382e+01 2.913769e+01 4274 1.837859e-02
217005 4.600812e-03 -2.710488e-02 6.526434e-02 9.612410e-03 -5.863451e-02 6.664346e-02 7.261368e+00 -4.568368e+01 1.998225e+00 2401 8.648286e-03
346734 8.132288e-03 -1.279310e-03 1.340887e-01 3.866699e-02 -5.687021e-03 1.978364e-01 2.168431e+01 -3.130149e+00 4.527060e+01 2367 1.121385e-02
346909 -9.372982e-03 7.690511e-03 1.105549e-01 -7.103061e-02 8.468106e-02 1.248256e-01 -1.692961e+01 2.113964e+01 3.918381e+00 4552 1.658880e-02
347345 5.598839e-03 -2.721768e-02 6.686923e-02 1.619413e-02 -3.785026e-02 7.180061e-02 1.897733e+01 -1.904411e+01 8.832652e+00 2810 1.094385e-02
722066 -4.992606e-03 -2.540378e-02 6.575344e-02 -5.168838e-03 -4.518150e-02 6.855571e-02 -2.994947e-01 -3.361087e+01 4.762254e+00 2514 9.720924e-03
722267 9.704139e-03 5.510974e-03 1.241662e-01 1.529128e-01 9.380581e-02 4.137546e-01 1.857710e+01 1.145365e+01 3.756554e+01 6828 2.500967e-02
973699 -1.281671e-02 -1.964354e-02 1.367235e-01 -1.786638e-01 -3.451426e-01 5.773453e-01 -1.326944e+01 -2.604321e+01 3.525418e+01 5341 1.898688e-02
847538 2.675181e-03 9.138339e-03 1.224349e-01 1.511992e-02 4.200862e-02 2.049107e-01 5.951807e+00 1.572050e+01 3.944476e+01 2502 9.941870e-03
113936 -6.637640e-03 1.614945e-02 1.535283e-01 -1.526735e-01 6.200226e-01 1.459775e+00 -3.482533e+00 1.440063e+01 3.115021e+01 1823 1.004989e-02
113966 2.203897e-03 -7.196381e-03 1.193462e-01 1.701592e-02 -2.829965e-02 1.628062e-01 1.797752e+01 -2.561327e+01 5.274788e+01 4673 1.658625e-02
597536 2.773946e-03 -2.722052e-02 2.143843e-01 -2.331275e-01 -1.874625e+00 7.656505e+00 -1.581459e+00 -1.238481e+01 4.989119e+01 2024 1.300092e-02
222577 2.614233e-02 6.470885e-03 6.820860e-02 4.081912e-02 6.774056e-03 7.255241e-02 2.677641e+01 5.531066e-01 7.924870e+00 2177 7.291642e-03
476331 6.734718e-03 -1.378864e-02 1.428346e-01 9.098141e-02 -1.945556e-01 7.365125e-01 6.245781e+00 -1.340149e+01 4.401338e+01 1793 8.720082e-03
118501 1.223293e-02 1.668938e-02 1.777457e-01 2.733065e-02 2.276948e-02 2.502959e-01 1.023377e+01 4.121308e+00 4.917709e+01 2031 9.556555e-03
354866 -8.536098e-03 -6.470206e-03 1.459706e-01 -4.628763e-02 -3.621313e-02 3.199012e-01 -1.011113e+01 -7.966158e+00 4.658448e+01 4049 1.951155e-02
480249 6.388492e-03 2.860786e-02 6.716391e-02 4.571918e-03 3.897415e-02 6.850210e-02 -3.272008e+00 1.867173e+01 2.410346e+00 2600 1.000737e-02
731036 1.230379e-02 9.233042e-03 1.157994e-01 7.460227e-02 6.523731e-02 1.769961e-01 2.454940e+01 2.206910e+01 2.411522e+01 2592 1.211642e-02
122199 -1.455607e-02 -2.125488e-02 6.517217e-02 -2.206284e-02 -3.709521e-02 6.576292e-02 -8.894084e+00 -1.876776e+01 6.999173e-01 2292 9.062113e-03
982030 1.028885e-02 2.741459e-02 6.706311e-02 1.942594e-02 5.097164e-02 7.257778e-02 1.456926e+01 3.756213e+01 8.793231e+00 1650 6.449908e-03
357027 2.543209e-02 8.639413e-03 6.668912e-02 3.524869e-02 1.770422e-02 6.763177e-02 2.814775e+01 2.599209e+01 2.702929e+00 2793 1.007887e-02
604242 -8.998444e-03 -1.884757e-02 3.135919e-01 -4.650655e-01 -5.000828e-01 5.011657e+00 -5.133948e+00 -5.417266e+00 5.288614e+01 3983 1.826446e-02
733595 4.407275e-03 7.681919e-04 1.218115e-01 1.002991e-01 -2.501172e-02 3.534636e-01 2.392005e+01 -6.430753e+00 5.778520e+01 3628 1.495726e-02
232840 5.614177e-03 2.527044e-02 6.751022e-02 -2.953019e-03 8.383912e-02 7.691749e-02 -4.713242e+00 3.222155e+01 5.175407e+00 1761 7.063084e-03
362362 -1.158029e-02 -2.313561e-02 6.560943e-02 -1.442843e-02 -2.973424e-02 6.593779e-02 -1.357802e+01 -3.145782e+01 1.565385e+00 4891 1.643781e-02
861681 1.460904e-02 3.083194e-03 1.622862e-01 1.365768e-01 -1.229177e-03 1.408699e+00 3.008923e+00 -1.063855e-01 3.074878e+01 3547 1.467254e-02
861993 1.880305e-02 -1.285627e-02 6.653232e-02 3.269811e-02 -2.487614e-02 6.810627e-02 2.592005e+01 -2.242206e+01 2.936078e+00 4085 1.369593e-02
364434 -1.626818e-02 -1.387901e-02 2.389553e-01 -3.039252e-01 -7.284291e-02 1.810168e+00 -7.715393e+00 -1.581501e+00 4.214229e+01 3009 1.456058e-02
364983 -1.433924e-02 -2.889560e-03 1.172808e-01 -1.345399e-01 -5.528132e-02 2.320160e-01 -3.443801e+01 -1.501047e+01 3.287214e+01 5948 2.125790e-02
490096 2.376921e-02 2.669037e-03 1.530510e-01 1.115339e-01 1.848834e-02 3.168785e-01 1.559871e+01 2.811617e+00 2.911761e+01 7080 2.669335e-02
866452 6.767813e-04 -1.801939e-02 1.184552e-01 2.506070e-02 -2.515984e-01 2.757494e-01 4.965789e+00 -4.756841e+01 3.203298e+01 3043 1.384171e-02
367564 -5.946209e-03 6.794010e-03 1.191775e-01 -9.655220e-02 9.426016e-02 2.418380e-01 -2.885375e+01 2.785386e+01 3.906161e+01 2294 9.925009e-03
238324 1.971813e-02 1.740432e-02 1.469067e-01 3.085190e-01 2.707702e-01 6.787327e-01 2.089674e+01 1.833277e+01 3.848129e+01 3219 1.271070e-02
742963 -1.342326e-02 -2.654051e-02 6.806530e-02 -1.368625e-02 -2.712456e-02 6.825589e-02 -2.374432e+01 -5.273105e+01 1.720757e+01 4612 1.552669e-02
743746 2.539900e-02 8.723143e-03 6.531387e-02 3.685649e-02 1.555948e-02 6.313087e-02 2.989876e+01 1.783968e+01 -4.528207e+00 14444 4.700963e-02
239373 -2.500216e-02 -1.377765e-02 6.658186e-02 -2.763916e-02 -1.515074e-02 6.714496e-02 -5.551383e+01 -2.890621e+01 1.185424e+01 4336 1.750005e-02
240086 -6.608521e-04 2.532245e-02 6.703890e-02 -5.319203e-04 3.030194e-02 6.894133e-02 8.584507e-01 3.315428e+01 1.266675e+01 5774 1.866478e-02
370095 5.433144e-03 2.055732e-02 2.066013e-01 1.020786e-01 3.244182e-01 1.549924e+00 3.047596e+00 9.581883e+00 4.236004e+01 3373 1.423352e-02
869884 5.478820e-03 -2.146417e-02 6.686347e-02 7.774487e-03 -3.190446e-02 6.692016e-02 9.511321e+00 -4.325582e+01 2.348865e-01 4485 1.430814e-02
870487 -4.816157e-03 -2.059617e-02 2.083242e-01 -4.470990e-01 -3.825137e-01 3.152641e+00 -7.573692e+00 -6.197508e+00 5.041875e+01 1998 1.179999e-02
372247 2.934802e-03 1.040271e-02 1.184452e-01 1.889156e-02 3.905753e-02 1.462788e-01 1.612166e+01 2.895094e+01 2.812120e+01 3114 1.410729e-02
242354 -2.137372e-02 -1.039990e-02 6.573335e-02 -3.058760e-02 -1.239548e-02 6.818481e-02 -2.709718e+01 -5.868823e+00 7.209531e+00 3489 1.226861e-02
873660 5.880182e-03 1.268877e-02 1.218876e-01 1.453513e-01 2.335126e-01 3.521505e-01 1.301583e+01 2.060788e+01 2.148876e+01 7790 2.743413e-02
749471 -2.440236e-02 1.511282e-02 6.509294e-02 -2.992305e-02 1.850318e-02 6.564795e-02 -2.924954e+01 1.796270e+01 2.940564e+00 1058 4.699304e-03
499942 1.626647e-02 -2.105775e-02 6.346960e-02 4.711104e-02 -3.101346e-02 5.069390e-02 2.584807e+01 -8.342992e+00 -1.070617e+01 2732 1.183293e-02
874661 1.055710e-02 -2.044609e-02 1.292003e-01 8.377146e-02 -1.986101e-01 3.006077e-01 1.250713e+01 -3.043559e+01 2.928135e+01 3158 1.482149e-02
621207 3.952914e-03 6.647879e-03 1.229248e-01 7.036554e-03 3.353681e-02 2.120839e-01 1.231096e+00 1.073500e+01 3.559544e+01 3472 1.475628e-02
245860 -8.140404e-03 -1.409666e-02 3.126253e-01 7.128594e-01 -9.837090e-01 6.206378e+00 3.102259e+00 -4.171968e+00 2.535915e+01 2850 1.850013e-02
622233 7.110877e-03 2.637038e-02 6.512201e-02 4.078937e-02 9.153840e-02 6.565283e-02 1.566413e+01 3.031015e+01 2.468885e-01 5999 1.921420e-02
622512 4.333089e-03 8.883233e-03 1.148013e-01 1.953514e-02 2.303489e-02 1.361833e-01 1.942251e+01 1.808051e+01 2.731823e+01 3149 1.264376e-02
249052 1.053371e-02 2.399745e-02 6.707645e-02 1.429278e-02 5.272509e-02 7.388154e-02 4.861057e+00 3.714928e+01 8.800028e+00 5140 1.708972e-02
