/n/home03/calmiller/DSMC_Simulations/6_10_20_fixed_collisions/flow_4.00000_gap_0.00200_len_0.04000_T1_2.00000_T2_2.00000/data
running....
idx x y z xnext ynext znext vx vy vz collides time
375356 1.676471e-03 -1.110184e-02 1.446131e-01 -3.575763e-03 -4.860894e-02 2.552988e-01 -1.295212e+00 -9.249329e+00 2.729535e+01 4665 1.749767e-02
125549 -3.240635e-03 2.303660e-02 1.587468e-01 -8.126200e-03 6.593696e-02 2.463722e-01 -1.340726e+00 1.177297e+01 2.404667e+01 5214 2.100064e-02
375680 3.965532e-04 1.429998e-02 1.767152e-01 -4.343052e-03 5.219704e-02 3.399388e-01 -8.326322e-01 6.657583e+00 2.867438e+01 1836 1.141873e-02
500959 -8.167551e-03 2.568088e-02 1.738568e-01 -4.123297e-02 1.284576e-01 4.503909e-01 -4.513789e+00 1.403013e+01 3.774991e+01 4577 1.800519e-02
626160 1.566442e-02 8.151768e-03 1.596104e-01 3.326386e-02 1.634330e-02 2.314683e-01 7.727005e+00 3.596480e+00 3.154910e+01 7561 2.821669e-02
1725 6.332545e-03 -4.572949e-03 1.493190e-01 1.388928e-01 -1.251995e-01 1.055309e+00 4.955327e+00 -4.509227e+00 3.386745e+01 5507 1.947865e-02
751501 -6.202363e-03 2.252629e-02 1.389827e-01 -3.470336e-02 1.522007e-01 3.048655e-01 -2.857891e+00 1.300289e+01 1.663363e+01 6360 2.496276e-02
501888 -1.679117e-02 -1.423401e-02 1.616508e-01 -1.028686e-01 -7.095892e-02 4.429354e-01 -6.474615e+00 -4.266761e+00 2.115780e+01 11729 4.030912e-02
376953 -3.364057e-03 -1.610852e-02 2.376612e-01 -3.982016e-03 -2.915547e-02 3.830876e-01 -1.499073e-01 -3.164989e+00 3.527819e+01 2941 1.466042e-02
252107 1.490041e-02 1.127136e-02 1.579689e-01 8.715273e-02 9.225745e-02 4.181933e-01 7.785813e+00 8.726951e+00 2.804143e+01 4317 1.640359e-02
877700 -1.850321e-02 -5.482068e-03 1.738747e-01 -3.916732e-01 -1.557682e-01 1.640296e+00 -6.779193e+00 -2.730173e+00 2.663974e+01 1321 8.120884e-03
252876 -2.364185e-03 -1.100194e-02 1.408510e-01 3.207966e-04 -3.067443e-02 2.146650e-01 8.785294e-01 -6.436862e+00 2.415203e+01 3394 1.431207e-02
377900 1.410394e-02 1.596951e-03 1.302386e-01 5.497497e-02 1.453789e-02 2.027865e-01 1.175228e+01 3.721109e+00 2.086082e+01 3237 1.432772e-02
128015 2.379630e-02 1.821473e-02 2.479039e-01 1.942794e-01 1.101378e-01 1.197322e+00 6.537125e+00 3.524762e+00 3.640517e+01 3314 1.680569e-02
878164 7.898440e-03 1.324920e-02 1.471743e-01 2.488016e-02 4.173367e-02 2.448192e-01 4.234404e+00 7.102625e+00 2.434785e+01 3818 1.650136e-02
754065 4.293279e-03 2.448397e-03 1.083497e-01 3.019334e-02 1.949242e-02 1.661351e-01 1.035689e+01 6.815547e+00 2.310716e+01 3055 1.117582e-02
629541 -4.080496e-03 -7.176488e-03 1.171275e-01 -1.004677e-02 -3.430618e-02 1.563359e-01 -3.302750e+00 -1.501817e+01 2.170459e+01 5414 2.095958e-02
254678 -1.392206e-02 2.886299e-04 1.404191e-01 -8.750542e-02 -8.703826e-03 3.484318e-01 -9.982957e+00 -1.219995e+00 2.822080e+01 3287 1.340186e-02
504996 1.385917e-02 1.599020e-03 2.289334e-01 3.846585e-01 1.088765e-01 3.284154e+00 3.504667e+00 1.013950e+00 2.887689e+01 2665 1.624579e-02
505004 3.553996e-03 2.767921e-02 2.059552e-01 3.049348e-02 9.779366e-01 4.103404e+00 2.104190e-01 7.422273e+00 3.044220e+01 3552 1.643832e-02
630418 -8.289347e-03 -9.424236e-03 1.291215e-01 -2.342424e-02 -2.562875e-02 1.722838e-01 -7.661065e+00 -8.202494e+00 2.184816e+01 9196 3.280010e-02
255499 1.390841e-02 -9.639192e-03 1.787650e-01 1.039295e-01 -1.153206e-01 7.508179e-01 4.592393e+00 -5.391299e+00 2.918307e+01 6094 2.243971e-02
505501 2.031447e-03 1.585171e-02 1.353387e-01 7.740477e-03 6.730666e-02 2.287671e-01 1.407966e+00 1.268986e+01 2.304139e+01 4031 1.658084e-02
7340 -2.148807e-03 9.346393e-03 1.854916e-01 -3.342854e-02 6.678490e-02 8.807964e-01 -1.422175e+00 2.611519e+00 3.161296e+01 2793 1.506601e-02
505953 9.318925e-03 1.257652e-02 1.627375e-01 3.440522e-01 5.233077e-01 2.274736e+00 5.346411e+00 8.157475e+00 3.373316e+01 6362 2.239102e-02
506051 -2.109854e-02 1.412682e-03 1.456059e-01 -1.321060e-01 1.588714e-02 3.727491e-01 -1.824151e+01 2.378542e+00 3.732572e+01 4635 1.706988e-02
756340 -4.634240e-03 1.401153e-02 1.278524e-01 -1.600018e-02 3.343122e-02 1.631660e-01 -8.512027e+00 1.454353e+01 2.644654e+01 9109 3.118913e-02
8030 -1.176146e-02 -1.353178e-02 1.417471e-01 -9.880368e-02 -1.427361e-01 4.474458e-01 -4.840609e+00 -7.185333e+00 1.700058e+01 7129 2.813058e-02
8128 -9.686503e-03 3.509165e-04 1.195925e-01 -4.226358e-02 1.348742e-02 1.646158e-01 -1.229483e+01 4.957816e+00 1.699212e+01 6360 2.230853e-02
631598 3.119281e-03 5.925535e-03 1.120846e-01 1.056728e-02 3.373298e-02 1.434595e-01 5.152846e+00 1.923839e+01 2.170650e+01 6534 2.247124e-02
256760 -1.077185e-02 4.190826e-03 1.337516e-01 -6.026325e-02 2.719337e-02 2.462238e-01 -1.151787e+01 5.353258e+00 2.617506e+01 2849 1.150292e-02
8725 8.253794e-03 1.784828e-03 1.173852e-01 2.818258e-02 1.628324e-02 1.480315e-01 1.301048e+01 9.465273e+00 2.000740e+01 4241 1.846230e-02
9395 -9.819519e-03 7.157634e-04 1.617314e-01 -8.070307e-02 6.639810e-03 6.218413e-01 -4.453677e+00 3.722132e-01 2.890912e+01 3135 1.562224e-02
632714 8.479171e-04 1.703608e-02 1.365700e-01 1.720650e-02 7.664905e-02 2.619822e-01 2.337100e+00 8.516720e+00 1.791724e+01 2611 1.419257e-02
758368 -1.177957e-02 4.616166e-03 1.390020e-01 -3.916130e-02 2.340197e-02 2.000114e-01 -7.766612e+00 5.328446e+00 1.730485e+01 2262 1.037463e-02
758501 -1.741468e-02 -3.289468e-03 2.048212e-01 -1.121778e-01 -2.427245e-02 5.481544e-01 -5.189615e+00 -1.149114e+00 1.880232e+01 5920 2.544049e-02
633873 -1.067014e-03 1.854389e-02 1.629699e-01 -3.765802e-03 6.570443e-02 2.835117e-01 -5.719274e-01 9.994265e+00 2.554521e+01 10673 3.855526e-02
509683 -1.629346e-02 1.795476e-02 1.417629e-01 -1.133022e-01 1.680127e-01 3.958389e-01 -9.130832e+00 1.412403e+01 2.391461e+01 4117 1.789913e-02
509862 7.749452e-03 1.278162e-02 1.493867e-01 9.589489e-02 1.595254e-01 6.090481e-01 7.419505e+00 1.235193e+01 3.869128e+01 6049 2.091055e-02
12719 4.566919e-03 1.012064e-02 1.619951e-01 4.451104e-02 9.232401e-02 6.227478e-01 2.379030e+00 4.895946e+00 2.744194e+01 2863 1.278373e-02
260746 -3.757692e-03 -2.376031e-02 2.167217e-01 4.776362e-03 -1.115212e-01 5.735393e-01 7.646924e-01 -7.863798e+00 3.197258e+01 3090 1.726687e-02
635991 -6.356185e-03 -2.409232e-03 1.329576e-01 -3.914339e-02 1.517824e-03 3.320962e-01 -5.480991e+00 6.564803e-01 3.328971e+01 5532 2.041109e-02
136031 -2.351471e-03 -2.652672e-02 1.637332e-01 -1.809079e-02 -9.353681e-02 3.231672e-01 -2.039497e+00 -8.683147e+00 2.065940e+01 2630 1.468716e-02
260997 1.579784e-02 6.283181e-04 1.355373e-01 5.219367e-02 -2.864427e-03 2.252291e-01 7.199443e+00 -6.908983e-01 1.774189e+01 4363 1.877391e-02
636873 -9.820747e-03 -2.907342e-03 1.205677e-01 -3.587169e-02 -6.573458e-03 1.591522e-01 -1.562107e+01 -2.198333e+00 2.313662e+01 3172 1.230827e-02
262002 5.798282e-03 -4.555746e-03 1.516548e-01 4.893982e-02 -3.920115e-02 5.123973e-01 4.469454e+00 -3.589257e+00 3.737285e+01 9739 3.374571e-02
637167 7.947003e-05 -9.403201e-03 1.183408e-01 1.730114e-02 -6.733923e-02 2.001961e-01 4.387705e+00 -1.476083e+01 2.085493e+01 6148 2.327867e-02
512077 -1.696607e-02 -9.499667e-03 2.257991e-01 -4.858092e-02 -1.023152e-02 4.545882e-01 -3.405893e+00 -7.884332e-02 2.464763e+01 2358 1.551206e-02
262315 1.936713e-02 1.078832e-02 2.273053e-01 2.881822e-01 1.825261e-01 1.528993e+00 4.057663e+00 2.592317e+00 1.964848e+01 3167 1.828010e-02
887221 4.320851e-03 1.109376e-02 1.185779e-01 1.816697e-02 4.603437e-02 1.563954e-01 6.272195e+00 1.582785e+01 1.713105e+01 2691 1.103373e-02
137475 9.801928e-03 -3.847433e-03 1.300797e-01 7.771692e-02 -3.485113e-02 3.524577e-01 1.019383e+01 -4.653560e+00 3.337825e+01 7910 2.850330e-02
887240 -4.030097e-03 -1.327076e-02 1.562576e-01 -1.123494e-02 -3.949525e-02 2.648258e-01 -2.059998e+00 -7.498067e+00 3.104167e+01 19806 6.788241e-02
387421 -8.593825e-04 -1.091436e-02 2.063946e-01 2.794279e-03 -4.683113e-02 7.768651e-01 1.674255e-01 -1.645852e+00 2.614126e+01 4988 2.222417e-02
887439 3.331235e-04 -1.072478e-02 1.191398e-01 6.882183e-03 -3.007938e-02 1.458763e-01 4.047624e+00 -1.196204e+01 1.652441e+01 3777 1.437250e-02
16168 1.976810e-02 -2.195737e-03 1.371026e-01 2.976730e-01 1.653498e-02 6.483186e-01 1.377288e+01 9.282887e-01 2.533571e+01 2316 1.359036e-02
138219 -2.604758e-02 7.816976e-04 1.552677e-01 -8.595733e-02 1.602369e-03 2.623100e-01 -1.527231e+01 2.092071e-01 2.728743e+01 6873 2.576433e-02
888519 -5.539308e-06 -1.336098e-02 1.436839e-01 1.036741e-02 -7.135174e-02 2.860799e-01 1.906218e+00 -1.065685e+01 2.616783e+01 8370 2.954684e-02
17363 -1.183827e-02 -1.118656e-03 1.223432e-01 -3.922692e-02 -4.824270e-03 1.608957e-01 -1.758829e+01 -2.379651e+00 2.475744e+01 9025 3.098422e-02
513969 -9.148101e-03 -7.477712e-03 1.130253e-01 -1.872641e-01 -1.271250e-01 1.915697e-01 -1.511640e+01 -1.015426e+01 6.665927e+00 2740 1.308737e-02
889062 4.562698e-03 3.728147e-03 1.192787e-01 2.859313e-02 1.412990e-02 1.735332e-01 1.251715e+01 5.418143e+00 2.826046e+01 4157 1.621565e-02
639692 -2.105080e-03 -1.597177e-02 2.198300e-01 5.667653e-02 -2.343595e-01 1.738281e+00 8.069332e-01 -2.997950e+00 2.084475e+01 2848 1.641292e-02
265276 -2.317109e-02 -9.918965e-03 2.892374e-01 -2.771487e-01 1.860013e-03 2.018063e+00 -5.497474e+00 2.549620e-01 3.742131e+01 6191 2.626866e-02
640858 -8.575859e-03 5.670940e-03 1.334382e-01 -5.010536e-02 6.200753e-02 3.073119e-01 -5.126778e+00 6.954698e+00 2.146454e+01 2496 1.112669e-02
765750 -1.444838e-02 -4.064264e-03 1.624468e-01 -5.401269e-02 -1.803826e-02 3.676362e-01 -4.870928e+00 -1.720397e+00 2.526173e+01 8413 3.043799e-02
391483 -1.065315e-02 4.700305e-03 1.198961e-01 -3.835017e-02 1.401754e-02 1.545142e-01 -2.176974e+01 7.323304e+00 2.720964e+01 3323 1.890374e-02
766750 -2.522461e-02 7.745371e-03 2.312811e-01 -3.420060e-01 1.553490e-01 1.760090e+00 -5.110230e+00 2.381102e+00 2.466233e+01 4343 2.148673e-02
641923 -6.505997e-03 9.730142e-03 1.496590e-01 -3.480339e-02 5.338872e-02 2.965860e-01 -6.123963e+00 9.448343e+00 3.179711e+01 8019 2.822475e-02
142052 -1.805947e-02 3.038442e-04 1.232056e-01 -3.563927e-01 2.178956e-02 4.059222e-01 -1.763861e+01 1.120133e+00 1.473910e+01 7061 2.477982e-02
142328 1.069143e-02 6.687555e-03 1.537783e-01 1.124700e-01 8.378686e-02 5.776995e-01 8.253200e+00 6.251963e+00 3.437566e+01 7909 2.815645e-02
267354 -7.550285e-03 -1.954081e-02 2.188459e-01 -1.354559e-01 -2.632633e-01 1.357882e+00 -2.850693e+00 -5.431960e+00 2.538623e+01 5094 2.419476e-02
142725 -2.033220e-02 -4.005973e-03 1.095599e-01 -1.850602e-01 -3.572611e-02 1.273012e-01 -1.493774e+01 -2.876422e+00 1.608805e+00 3473 1.498383e-02
267611 4.571709e-03 5.324113e-03 1.344030e-01 3.120575e-02 2.382319e-02 2.741570e-01 6.516947e+00 4.526443e+00 3.419568e+01 7146 2.557259e-02
143244 1.415538e-02 -2.759997e-03 1.409234e-01 1.045715e-01 -1.944530e-02 3.289646e-01 7.892928e+00 -1.456554e+00 1.641517e+01 7353 2.692849e-02
268354 7.196840e-03 -7.502461e-03 1.269714e-01 2.971329e-02 -2.654160e-02 1.682804e-01 8.840336e+00 -7.475084e+00 1.621862e+01 8771 3.469314e-02
143626 8.585804e-03 -1.380579e-02 2.723347e-01 2.942182e-01 -6.142250e-01 4.994066e+00 1.562642e+00 -3.284784e+00 2.583173e+01 3975 2.336412e-02
268479 -7.741237e-03 -1.702415e-02 1.568701e-01 -4.024887e-02 -8.249409e-02 3.003201e-01 -4.053572e+00 -8.163840e+00 1.788765e+01 3043 1.638330e-02
768539 -1.126343e-02 -2.060582e-02 2.410927e-01 -1.146066e-01 -1.458624e-01 1.035296e+00 -3.606653e+00 -4.371429e+00 2.771752e+01 3756 1.886364e-02
769472 1.191671e-02 4.963694e-03 1.374161e-01 1.670039e-01 4.536417e-02 5.636048e-01 9.663117e+00 2.517258e+00 2.655481e+01 2863 1.231932e-02
269467 1.363078e-04 -6.816257e-03 1.226428e-01 -1.281477e-02 -4.579933e-02 2.168841e-01 -3.651230e+00 -1.099029e+01 2.656895e+01 4400 1.948366e-02
769657 5.514459e-03 4.787274e-03 2.089738e-01 1.852721e-01 9.355336e-02 2.098752e+00 2.395382e+00 1.182863e+00 2.518246e+01 4026 1.820711e-02
24661 2.359189e-03 6.665050e-03 3.401092e-01 9.992244e-02 1.200016e-01 2.372671e+00 1.088974e+00 1.265031e+00 2.268689e+01 5325 3.153987e-02
520001 2.708571e-02 3.755297e-03 2.030381e-01 5.814820e-01 6.642234e-02 2.158483e+00 8.451088e+00 9.552819e-01 2.980835e+01 3296 1.487598e-02
894996 -6.103869e-03 -1.024884e-02 1.326288e-01 -6.465500e-02 -7.692385e-02 3.328786e-01 -7.977143e+00 -9.083958e+00 2.728250e+01 3675 1.441627e-02
770664 -2.096415e-02 6.633944e-03 2.448305e-01 -2.349820e-01 7.648337e-02 1.373306e+00 -4.176848e+00 1.363206e+00 2.202373e+01 3566 2.152236e-02
520868 9.646015e-03 1.668325e-02 1.369210e-01 3.109275e-02 9.783848e-02 2.919567e-01 2.496807e+00 9.448009e+00 1.804910e+01 6658 2.447374e-02
146277 4.652427e-03 1.345244e-03 1.104310e-01 3.020177e-02 3.477023e-03 1.253406e-01 2.583957e+01 2.155995e+00 1.507890e+01 6428 2.533684e-02
896536 5.391500e-03 -1.405532e-02 1.537988e-01 4.414793e-02 -9.468012e-02 3.972490e-01 5.784207e+00 -1.203286e+01 3.633374e+01 3593 1.442879e-02
396703 6.501530e-03 -4.562967e-04 1.099211e-01 6.977847e-02 5.908278e-03 1.432844e-01 1.530626e+01 1.539547e+00 8.070350e+00 8072 2.842185e-02
897255 1.396711e-03 1.081434e-02 1.171526e-01 1.203422e-02 6.600318e-02 1.843820e-01 4.380650e+00 2.272742e+01 2.768587e+01 5109 1.718088e-02
773559 6.530060e-03 6.342360e-03 1.206368e-01 4.256231e-02 6.646925e-02 2.675304e-01 5.869923e+00 9.795119e+00 2.393006e+01 3399 1.389511e-02
648712 -1.219194e-02 -2.325100e-02 1.268032e-01 -1.974044e-02 -4.164632e-02 1.431667e-01 -5.236526e+00 -1.276115e+01 1.135167e+01 3429 1.461779e-02
398637 -2.522202e-02 1.250714e-02 1.800187e-01 -3.668544e-02 2.047707e-02 2.096439e-01 -1.072353e+01 7.455520e+00 2.771309e+01 5161 2.227415e-02
30188 3.226222e-03 -2.112487e-02 1.938591e-01 5.659119e-02 -6.162932e-01 2.346338e+00 6.597353e-01 -7.357889e+00 2.661046e+01 4165 1.840122e-02
774480 -1.904726e-02 8.657447e-03 1.461472e-01 -9.968875e-02 4.166287e-02 3.404865e-01 -9.355746e+00 3.829176e+00 2.254657e+01 4887 1.976284e-02
524489 1.060399e-02 -7.387936e-03 1.273980e-01 3.522900e-02 -3.281743e-02 1.893615e-01 7.169187e+00 -7.403402e+00 1.803971e+01 4615 1.838074e-02
30517 -1.626355e-02 -9.277421e-03 1.760237e-01 -1.733412e-01 -7.337566e-02 8.507539e-01 -6.540289e+00 -2.668877e+00 2.809394e+01 2669 1.296746e-02
774920 1.465859e-02 -1.132219e-02 1.482995e-01 3.320698e-02 -2.273074e-02 2.109027e-01 6.006306e+00 -3.694296e+00 2.027208e+01 3452 1.766724e-02
525001 7.402706e-03 -3.377381e-03 1.274940e-01 9.700717e-02 -2.736466e-02 4.051692e-01 9.730350e+00 -2.604833e+00 3.015337e+01 1668 1.115241e-02
775274 1.102542e-02 6.207315e-03 1.287411e-01 2.328338e-02 2.073982e-02 1.658111e-01 7.732392e+00 9.167194e+00 2.338400e+01 2523 1.048542e-02
400088 -2.550866e-02 4.219487e-03 1.792982e-01 -1.370168e-01 8.986444e-03 4.938976e-01 -7.409271e+00 3.167452e-01 2.090387e+01 7886 2.947093e-02
525305 3.864865e-04 -6.881012e-03 1.219395e-01 5.723005e-03 -3.101510e-02 1.713641e-01 1.892415e+00 -8.558336e+00 1.752673e+01 6045 2.450045e-02
900322 6.480019e-03 -1.097302e-02 1.341046e-01 3.534659e-02 -9.666836e-02 3.806286e-01 2.954626e+00 -8.771312e+00 2.523287e+01 2799 1.471753e-02
401531 1.581333e-02 8.704028e-03 1.230576e-01 3.194620e-02 1.604917e-02 1.388557e-01 1.374092e+01 6.256107e+00 1.345578e+01 5340 2.140003e-02
401657 -2.861462e-03 1.196524e-02 1.577279e-01 -4.734735e-03 4.323962e-02 2.775536e-01 -3.107732e-01 5.188371e+00 1.987890e+01 3334 1.496233e-02
777191 -2.132752e-02 7.887671e-03 6.640797e-02 -3.218581e-02 1.512500e-02 6.937327e-02 -1.486858e+01 9.910287e+00 4.060469e+00 6876 2.375040e-02
902065 2.338187e-02 6.328300e-03 3.060686e-01 3.259680e-01 9.137451e-02 4.168265e+00 2.197912e+00 6.177549e-01 2.805405e+01 5886 2.907740e-02
777581 -1.544867e-02 1.920912e-02 2.688610e-01 -1.101190e+00 7.574962e-01 9.403410e+00 -3.336709e+00 2.268910e+00 2.807237e+01 2891 1.747247e-02
527679 -6.593187e-03 -7.733339e-03 1.191665e-01 -2.361289e-02 -1.998438e-02 1.469107e-01 -1.488489e+01 -1.071438e+01 2.426416e+01 2135 8.162592e-03
902835 -1.222283e-02 1.207894e-03 1.485009e-01 -4.452999e-02 2.812083e-03 2.366102e-01 -7.759311e+00 3.852831e-01 2.116147e+01 2589 1.402081e-02
778338 -8.955324e-03 1.102514e-02 1.556078e-01 -8.848856e-02 1.735106e-01 6.367147e-01 -4.067796e+00 8.310459e+00 2.460663e+01 5366 2.117363e-02
903210 -1.629484e-02 -4.455214e-03 1.351213e-01 -4.859571e-02 -2.044347e-02 1.955723e-01 -1.289475e+01 -6.382632e+00 2.413247e+01 2120 9.406589e-03
653807 1.709544e-02 -1.222083e-02 1.460338e-01 5.131666e-02 -4.199642e-02 2.165414e-01 9.432056e+00 -8.206751e+00 1.943331e+01 2751 1.367181e-02
779068 1.064411e-03 -6.394099e-03 1.201718e-01 1.043014e-03 -6.106077e-02 2.177499e-01 -7.153021e-03 -1.827498e+01 3.262021e+01 4115 1.482622e-02
403916 -4.767860e-03 7.525501e-03 1.309735e-01 -2.407417e-02 3.254624e-02 2.235984e-01 -5.015946e+00 6.500604e+00 2.406476e+01 3209 1.476204e-02
655136 1.424889e-02 -2.162952e-02 1.459604e-01 3.047025e-02 -3.858400e-02 1.806506e-01 9.050712e+00 -9.459754e+00 1.935541e+01 3847 1.577404e-02
404917 1.583381e-02 3.849384e-03 1.615599e-01 2.269370e-01 1.262409e-01 1.123958e+00 6.158624e+00 3.570592e+00 2.807653e+01 9946 3.574873e-02
404939 3.069880e-03 9.723812e-03 1.353471e-01 3.512456e-02 7.577092e-02 3.493580e-01 3.755310e+00 7.737634e+00 2.507208e+01 1687 8.300987e-03
530579 1.931321e-02 9.133223e-03 1.580033e-01 1.052668e-01 3.532879e-02 3.849262e-01 8.916657e+00 2.717477e+00 2.354054e+01 3584 1.688483e-02
530613 1.452856e-02 -9.427332e-03 1.556178e-01 3.612606e-02 -2.002422e-02 2.104709e-01 8.497298e+00 -4.169227e+00 2.158135e+01 5015 2.330893e-02
530742 -2.497106e-03 1.067463e-02 2.187347e-01 -1.535229e-02 2.261478e-01 2.313984e+00 -1.713428e-01 2.871976e+00 2.792693e+01 3295 1.573533e-02
405686 -1.543378e-02 -1.211469e-02 1.530008e-01 -5.926235e-02 -3.400283e-02 3.148055e-01 -5.764158e+00 -2.878640e+00 2.127990e+01 5706 2.283154e-02
906019 -7.895108e-03 -7.800518e-03 1.285218e-01 -5.857657e-02 -3.840377e-02 2.527620e-01 -9.266857e+00 -5.595655e+00 2.271671e+01 3607 1.484542e-02
531335 1.538054e-02 1.280347e-02 2.079146e-01 6.944555e-02 4.995344e-02 5.593609e-01 5.166278e+00 3.549931e+00 3.358308e+01 8818 3.189314e-02
781835 4.645454e-03 -1.024059e-02 1.500780e-01 3.002929e-02 -7.540595e-02 4.281902e-01 2.561074e+00 -6.574786e+00 2.805981e+01 2222 1.039887e-02
39660 1.147344e-02 -1.326703e-02 1.344376e-01 4.487746e-02 -4.193438e-02 2.134667e-01 8.544020e+00 -7.332483e+00 2.021391e+01 1852 1.001464e-02
282008 9.197056e-03 1.057984e-02 1.123230e-01 2.478862e-02 3.504230e-02 1.233038e-01 9.771658e+00 1.533129e+01 6.882005e+00 3268 1.345365e-02
40092 -9.348288e-03 4.652118e-03 1.371196e-01 -4.917716e-02 3.068846e-02 2.867266e-01 -8.587929e+00 5.613974e+00 3.225837e+01 3836 1.578300e-02
40100 -3.453153e-03 3.197794e-03 2.749720e-01 -2.358494e-01 -1.114819e-01 7.922538e+00 -8.819444e-01 -4.352098e-01 2.902253e+01 3150 1.734270e-02
282620 -6.338482e-03 -1.381719e-02 1.301710e-01 -1.759490e-02 -2.955240e-02 1.564452e-01 -7.035421e+00 -9.834731e+00 1.642178e+01 4403 1.762674e-02
40560 -2.330453e-02 -4.288054e-06 2.125891e-01 -5.694680e-02 -5.803567e-03 3.497488e-01 -6.683840e+00 -1.152165e+00 2.725006e+01 1442 1.174416e-02
532706 -3.098630e-03 -1.280998e-02 1.768443e-01 -7.083001e-02 -1.688187e-01 9.172958e-01 -3.452219e+00 -7.951649e+00 3.774027e+01 4487 1.810242e-02
407572 8.484462e-03 -1.165577e-03 1.222939e-01 7.893767e-02 -8.221861e-03 3.220558e-01 1.174429e+01 -1.176257e+00 3.329958e+01 7030 2.607481e-02
782930 -9.652520e-03 -4.617042e-03 1.955118e-01 -2.451441e-01 -1.508834e-01 2.699971e+00 -3.288487e+00 -2.042515e+00 3.497314e+01 5904 2.342047e-02
158565 1.931498e-02 8.867826e-03 1.483614e-01 2.295749e-01 6.485062e-02 6.284417e-01 1.139679e+01 3.034454e+00 2.602196e+01 2475 1.199048e-02
159015 1.832722e-02 2.561410e-03 1.331333e-01 1.440581e-01 8.611826e-03 3.252580e-01 1.432954e+01 6.895651e-01 2.189642e+01 3301 1.432767e-02
533731 1.855693e-02 6.937398e-03 1.643162e-01 9.087182e-02 3.851714e-02 3.576768e-01 9.054086e+00 3.953898e+00 2.420944e+01 3519 1.666040e-02
783930 7.406469e-03 2.415199e-02 1.615749e-01 1.493277e-02 7.474842e-02 2.991463e-01 1.476522e+00 9.926088e+00 2.698897e+01 6975 2.558109e-02
408662 1.095363e-02 4.375629e-03 1.389064e-01 4.014272e-02 1.525232e-02 2.245989e-01 1.127374e+01 4.200919e+00 3.309709e+01 1827 8.270960e-03
42218 -4.548235e-03 -1.691102e-02 1.582746e-01 -1.982649e-02 -7.075552e-02 2.938478e-01 -3.234888e+00 -1.140058e+01 2.870512e+01 6130 2.270107e-02
534159 -1.167691e-02 -6.490541e-03 1.243296e-01 -1.142974e-01 -7.466656e-02 2.884676e-01 -1.403191e+01 -9.322108e+00 2.244355e+01 2538 1.066857e-02
160184 -9.833940e-04 -4.322338e-03 1.595323e-01 -6.226235e-03 -3.233065e-02 4.268658e-01 -3.684661e-01 -1.968420e+00 1.878816e+01 2149 1.169760e-02
160534 -2.264483e-02 -1.955566e-02 1.893433e-01 -4.673675e-02 -4.503359e-02 2.634381e-01 -7.043998e+00 -7.449239e+00 2.166383e+01 2538 1.327154e-02
43931 2.867817e-02 1.233782e-03 1.559759e-01 3.251110e-01 -2.723332e-03 6.154001e-01 1.722446e+01 -2.299311e-01 2.669519e+01 3209 1.431891e-02
43969 5.370872e-04 1.913938e-02 1.541858e-01 1.289414e-02 1.113353e-01 3.851763e-01 1.090012e+00 8.132572e+00 2.037560e+01 8720 3.243124e-02
44147 1.325734e-04 2.688050e-02 1.217084e-01 -2.784363e-03 1.427588e-01 2.197650e-01 -3.276773e-01 1.301731e+01 1.101529e+01 4526 1.810888e-02
44229 1.176789e-02 -1.147612e-03 1.205140e-01 3.877090e-02 -1.001212e-02 1.543492e-01 1.865488e+01 -6.124000e+00 2.337484e+01 7384 2.564411e-02
44336 1.579937e-02 -1.691232e-02 2.696706e-01 8.631693e-02 -1.888869e-01 1.350087e+00 1.477013e+00 -3.602063e+00 2.262967e+01 4263 2.248953e-02
285851 8.464520e-03 -1.419119e-02 1.238994e-01 2.739222e-02 -4.031432e-02 1.680686e-01 8.127246e+00 -1.121684e+01 1.896554e+01 5397 2.535889e-02
161475 -9.301193e-04 2.470091e-02 1.831248e-01 4.751349e-02 2.447302e-01 1.173379e+00 9.309096e-01 4.228161e+00 1.902907e+01 3672 1.710974e-02
786887 -2.701683e-02 6.606048e-03 1.257743e-01 -3.871162e-02 8.866107e-03 1.342591e-01 -1.939249e+01 3.747666e+00 1.406957e+01 6947 2.572848e-02
45662 -1.922879e-02 1.942949e-02 1.696920e-01 -1.167176e-01 9.587523e-02 4.195588e-01 -1.042447e+01 8.174336e+00 2.671823e+01 2407 1.176077e-02
286869 1.587487e-02 5.547325e-03 1.630867e-01 3.632984e-02 2.510288e-02 2.524882e-01 5.189920e+00 4.961717e+00 2.268332e+01 8059 2.882613e-02
287151 -7.950991e-03 -3.027367e-04 1.616184e-01 -2.250715e-01 5.530303e-03 1.471061e+00 -5.320961e+00 1.429500e-01 3.209044e+01 8516 2.924503e-02
162515 6.513101e-03 9.340838e-04 1.253924e-01 3.524908e-02 2.236486e-02 2.572373e-01 4.735820e+00 3.531889e+00 2.172864e+01 4265 1.776331e-02
411887 -8.382185e-03 1.775461e-03 1.182833e-01 -5.253968e-02 1.498465e-02 1.746165e-01 -1.146961e+01 3.430997e+00 1.463217e+01 4912 1.717594e-02
287374 -4.313840e-03 1.371785e-02 1.325956e-01 -1.962347e-02 1.056663e-01 3.180204e-01 -2.414068e+00 1.449872e+01 2.923835e+01 2713 1.070385e-02
412077 4.141587e-03 -1.455659e-02 1.420712e-01 1.712920e-02 -4.721784e-02 2.019340e-01 4.784232e+00 -1.203139e+01 2.205159e+01 2299 1.005417e-02
537428 -1.291927e-02 1.187780e-02 1.460839e-01 -1.121899e-01 1.541521e-01 5.677927e-01 -5.450720e+00 7.811956e+00 2.315506e+01 2743 1.165648e-02
162904 1.369501e-02 1.142553e-02 1.851818e-01 1.297194e-01 1.043702e-01 8.366846e-01 6.291657e+00 5.040111e+00 3.532905e+01 3241 1.693468e-02
412308 7.080917e-03 -1.269118e-02 1.399170e-01 2.572139e-02 -3.485246e-02 2.140691e-01 5.321776e+00 -6.326951e+00 2.117011e+01 4580 1.832809e-02
662754 1.486797e-02 1.375710e-02 2.286952e-01 1.379145e-01 1.019587e-01 1.141062e+00 3.745385e+00 2.684748e+00 2.777130e+01 11597 4.556300e-02
912746 8.442649e-03 -1.395255e-03 1.303113e-01 4.914962e-02 -1.814787e-02 3.329608e-01 3.687023e+00 -1.517364e+00 1.835493e+01 5711 2.262808e-02
663237 -1.178179e-02 -1.644383e-04 1.250939e-01 -8.187629e-02 -7.181180e-03 2.280079e-01 -1.516315e+01 -1.517892e+00 2.226279e+01 2695 1.275081e-02
788569 1.484389e-02 8.864748e-03 1.746059e-01 2.665169e-02 2.078895e-02 2.383589e-01 7.174833e+00 7.245560e+00 3.873855e+01 1529 7.645952e-03
788680 6.250285e-03 -1.290579e-02 1.256627e-01 2.005769e-02 -3.319455e-02 1.621193e-01 6.699598e+00 -9.844467e+00 1.768940e+01 4133 1.509467e-02
288797 -6.013658e-03 2.181175e-02 6.701587e-02 -8.688453e-03 2.963733e-02 6.895632e-02 -6.506651e+00 1.903634e+01 4.720298e+00 4301 1.558183e-02
538793 9.661504e-03 1.438201e-02 1.398462e-01 2.611204e-02 4.038182e-02 2.000474e-01 6.043067e+00 9.550967e+00 2.211475e+01 2043 1.044819e-02
913979 -1.017828e-02 -4.873861e-03 1.218514e-01 -7.129224e-02 -1.406993e-02 2.254424e-01 -1.579090e+01 -2.376122e+00 2.676632e+01 4156 1.477646e-02
164704 4.519965e-04 3.588986e-03 1.589223e-01 3.982179e-02 2.458251e-01 2.411740e+00 4.553089e-01 2.801444e+00 2.605367e+01 7400 2.720753e-02
289548 1.409780e-02 -1.094252e-02 1.403648e-01 1.439802e-01 -1.094662e-01 5.507549e-01 6.688583e+00 -5.073700e+00 2.113396e+01 3987 2.005047e-02
914368 8.074280e-03 2.673130e-02 6.727828e-02 9.863506e-03 3.025633e-02 6.765268e-02 1.287429e+01 2.536422e+01 2.693965e+00 1881 8.567893e-03
914706 -3.192806e-03 2.127110e-02 1.836305e-01 -6.264515e-02 2.109599e-01 7.378358e-01 -2.725799e+00 8.696943e+00 2.540947e+01 4090 1.958867e-02
49659 2.933784e-03 -5.391930e-03 1.278727e-01 1.170314e-02 -7.904306e-02 3.770839e-01 1.209795e+00 -1.016070e+01 3.438046e+01 4326 1.542019e-02
165695 3.909253e-03 1.431230e-02 1.162467e-01 1.797827e-02 4.118491e-02 1.350242e-01 7.852713e+00 1.499912e+01 1.048076e+01 9344 3.317484e-02
165731 -1.001120e-02 -6.166929e-03 1.676658e-01 -1.436043e-01 -9.701788e-02 8.968879e-01 -5.456265e+00 -3.710572e+00 2.978319e+01 2784 1.303164e-02
665686 7.388695e-03 -2.767445e-02 1.683812e-01 1.529021e-01 -4.854302e-01 1.089647e+00 4.216990e+00 -1.326580e+01 2.669834e+01 2503 1.297511e-02
915296 -3.496418e-03 2.490557e-02 1.934368e-01 5.242416e-02 2.768672e-01 1.011592e+00 1.458531e+00 6.571710e+00 2.133928e+01 7212 3.165351e-02
665819 1.117068e-02 -1.838369e-02 1.330805e-01 7.217104e-02 -1.330260e-01 3.018039e-01 4.958399e+00 -9.318668e+00 1.371464e+01 2288 1.267826e-02
666016 -1.356290e-02 -1.128399e-02 1.293927e-01 -5.703336e-02 -4.502499e-02 2.015313e-01 -1.270946e+01 -9.864857e+00 2.109115e+01 3659 1.936021e-02
415664 -1.766261e-02 -2.897991e-03 1.298454e-01 -5.409919e-02 -1.392013e-02 1.877313e-01 -1.081112e+01 -3.270385e+00 1.717536e+01 6387 2.324300e-02
791355 -1.597878e-02 5.503913e-04 1.222421e-01 -4.999312e-02 6.089018e-03 1.533600e-01 -1.639561e+01 2.669731e+00 1.499947e+01 2843 1.199182e-02
51290 2.565223e-02 1.380221e-02 2.100592e-01 1.125423e+00 7.137851e-01 5.368171e+00 7.201925e+00 4.583885e+00 3.377824e+01 2089 1.115564e-02
51468 2.517328e-02 -8.189127e-03 6.616102e-02 4.127766e-02 -9.094396e-03 6.303606e-02 1.499767e+01 -8.430578e-01 -9.153746e-01 4606 1.698163e-02
416202 9.747305e-03 -2.993544e-04 1.320454e-01 6.585530e-02 8.466598e-03 2.728171e-01 1.012331e+01 1.581601e+00 2.539879e+01 3046 1.281131e-02
666818 -4.535117e-03 1.720727e-02 1.586550e-01 -3.248781e-02 1.000077e-01 4.130040e-01 -2.870604e+00 8.503193e+00 2.612039e+01 2518 1.197269e-02
541657 -7.228573e-03 -2.002612e-02 1.379745e-01 -2.795127e-02 -1.080591e-01 2.728985e-01 -3.047262e+00 -1.294521e+01 1.984051e+01 2364 1.078982e-02
666925 1.784947e-03 6.311847e-03 1.164559e-01 1.588747e-02 2.983590e-02 1.713564e-01 5.543433e+00 9.246856e+00 2.158035e+01 4237 1.656347e-02
792192 2.305557e-02 1.184112e-02 1.632119e-01 3.342619e-01 1.202322e-01 8.536664e-01 7.947594e+00 2.768095e+00 1.763284e+01 3318 2.290412e-02
167703 -2.395642e-02 1.022040e-02 1.412948e-01 -1.196652e-01 4.164142e-02 2.638293e-01 -1.335787e+01 4.385361e+00 1.710186e+01 7722 2.924598e-02
167730 1.041362e-02 5.135232e-03 1.273698e-01 6.506165e-02 5.054228e-02 2.368029e-01 1.406065e+01 1.168299e+01 2.815654e+01 6245 2.408053e-02
168237 2.404303e-02 -5.790328e-04 1.806847e-01 6.985535e-02 -4.038720e-03 3.192956e-01 8.879638e+00 -6.705789e-01 2.686645e+01 2084 1.068270e-02
542844 4.857813e-04 9.835686e-03 1.319247e-01 -1.004707e-02 5.394735e-02 2.524709e-01 -2.416624e+00 1.012084e+01 2.765772e+01 7537 2.667519e-02
292992 -1.097571e-02 -1.858406e-02 1.870806e-01 -1.847149e-01 -3.179048e-01 1.764547e+00 -3.449783e+00 -5.943346e+00 3.132233e+01 5164 2.519364e-02
543307 -1.046690e-02 8.942090e-03 1.269883e-01 -1.228515e-01 8.391148e-02 3.324145e-01 -1.511925e+01 1.008573e+01 2.763626e+01 5365 1.951652e-02
54012 1.542604e-02 -1.521541e-03 1.307356e-01 3.967597e-02 8.705482e-04 1.625007e-01 1.295792e+01 1.278210e+00 1.697364e+01 4921 1.995345e-02
54057 1.886582e-02 8.005041e-03 2.319497e-01 3.905876e-01 9.298421e-03 2.533028e+00 5.543588e+00 1.928852e-02 3.431661e+01 5208 2.301186e-02
543622 2.312188e-02 -1.566822e-02 1.904602e-01 1.350403e-01 -7.605311e-02 5.546812e-01 8.174420e+00 -4.410456e+00 2.660236e+01 3919 1.858784e-02
54335 -1.746200e-02 6.051309e-05 1.616422e-01 -6.278136e-02 -5.023408e-03 3.200655e-01 -9.838812e+00 -1.103717e+00 3.439362e+01 2719 1.190670e-02
54427 1.841530e-03 -7.424089e-03 1.183054e-01 4.541525e-03 -3.342860e-02 1.524727e-01 1.530776e+00 -1.474339e+01 1.937137e+01 4228 1.584694e-02
418663 9.144035e-03 -7.354155e-03 2.097135e-01 1.289106e-01 -1.944593e-01 1.709744e+00 2.515580e+00 -3.929959e+00 3.150667e+01 4353 1.878888e-02
55383 -7.104784e-03 -7.843002e-03 1.996466e-01 -2.639356e-02 -2.378005e-02 4.132120e-01 -2.741800e+00 -2.265370e+00 3.035722e+01 3143 1.442153e-02
544721 -1.109556e-02 6.468568e-03 1.312971e-01 -7.278213e-02 4.495791e-02 2.455098e-01 -1.104476e+01 6.891383e+00 2.044939e+01 4064 1.758056e-02
919738 -1.059165e-02 -2.075296e-03 1.362983e-01 -5.556885e-02 -4.118109e-03 2.805924e-01 -8.588070e+00 -3.900604e-01 2.755191e+01 7795 2.870871e-02
419910 -4.479137e-03 1.067110e-02 1.524845e-01 -3.557255e-02 7.068476e-02 4.347036e-01 -3.059837e+00 5.905816e+00 2.777258e+01 4598 2.467072e-02
670649 -1.229194e-02 -2.498635e-02 1.853711e-01 -1.953823e-01 -5.442673e-01 2.261031e+00 -1.970516e+00 -5.588779e+00 2.233936e+01 3158 1.562638e-02
796003 -1.041547e-02 -1.323792e-02 1.633298e-01 -4.578819e-02 -5.133657e-02 3.127300e-01 -6.548065e+00 -7.052679e+00 2.765640e+01 2466 1.129721e-02
57011 1.054905e-02 2.072712e-03 1.630235e-01 4.281423e-02 1.410480e-02 3.477607e-01 6.147885e+00 2.292623e+00 3.520028e+01 2454 1.086557e-02
671224 1.566302e-02 -1.778037e-02 6.677643e-02 1.893441e-02 -2.371502e-02 6.597508e-02 1.240755e+01 -2.250862e+01 -3.039338e+00 1879 7.410463e-03
296133 -1.860717e-02 1.437689e-02 6.550886e-02 -2.413928e-02 1.905110e-02 6.570094e-02 -1.937285e+01 1.636856e+01 6.726748e-01 3534 1.326632e-02
921626 -6.403899e-03 1.637099e-02 1.097884e-01 -1.148774e-02 2.943682e-02 1.110681e-01 -3.965435e+00 1.019144e+01 9.981862e-01 7604 2.656550e-02
672266 -7.473355e-03 -1.273725e-02 1.506977e-01 -3.503838e-02 -9.495732e-02 4.340868e-01 -2.484052e+00 -7.409352e+00 2.553792e+01 3315 1.365691e-02
672522 5.002451e-04 -9.063928e-03 1.320174e-01 -1.358915e-02 -4.260824e-02 2.537478e-01 -2.719844e+00 -6.475457e+00 2.349907e+01 2233 1.126257e-02
297319 -6.142508e-03 3.750594e-03 1.169441e-01 -4.285213e-02 1.656525e-02 1.831810e-01 -1.414279e+01 4.936988e+00 2.551851e+01 5073 1.882148e-02
422052 7.254325e-03 -3.610911e-04 1.260615e-01 3.054151e-02 1.594328e-03 1.814410e-01 8.165591e+00 6.856628e-01 1.941865e+01 1737 8.485374e-03
547563 -6.673066e-03 4.779327e-03 1.277270e-01 -2.869164e-02 1.637862e-02 1.980587e-01 -5.288924e+00 2.786183e+00 1.689388e+01 2017 9.780604e-03
672928 1.785610e-02 9.771872e-03 1.235194e-01 3.525634e-02 1.402615e-02 1.379307e-01 1.283383e+01 3.137809e+00 1.062928e+01 4948 1.958365e-02
298587 2.823278e-02 -4.254236e-03 1.201024e-01 2.174063e-01 -5.670934e-03 1.937262e-01 1.836308e+01 -1.375189e-01 7.146659e+00 3697 1.673095e-02
674349 2.063148e-02 6.053479e-03 1.738054e-01 1.816844e-01 -1.788767e-02 7.577075e-01 5.643562e+00 -8.389375e-01 2.046090e+01 2020 1.101505e-02
61024 -1.762225e-03 2.750104e-02 1.199436e-01 -3.101453e-02 2.328783e-01 2.275446e-01 -2.578916e+00 1.810629e+01 9.486222e+00 4464 1.980844e-02
174603 -1.623717e-02 -1.727569e-02 1.210375e-01 -1.315662e-01 -1.232179e-01 2.246286e-01 -1.620318e+01 -1.488437e+01 1.455405e+01 2431 1.005174e-02
674980 2.420723e-03 1.472750e-02 1.256683e-01 5.243084e-02 1.762943e-01 3.496309e-01 4.949980e+00 1.599181e+01 2.216772e+01 6268 2.270240e-02
675005 1.960054e-02 -1.153785e-02 1.422047e-01 5.475859e-02 -4.160184e-02 2.189156e-01 9.659802e+00 -8.260192e+00 2.107660e+01 2838 1.336686e-02
924686 -7.166596e-03 1.157516e-02 1.223336e-01 -1.857242e-02 3.246816e-02 1.601607e-01 -4.629635e+00 8.480490e+00 1.535406e+01 4248 1.675080e-02
800253 2.776840e-03 1.029295e-02 1.879974e-01 1.765551e-02 4.693919e-02 4.449056e-01 1.348528e+00 3.321432e+00 2.328488e+01 1438 1.023899e-02
675331 -1.648341e-02 2.698703e-03 1.312856e-01 -1.511434e-01 4.737557e-02 3.648640e-01 -1.663514e+01 5.519130e+00 2.885496e+01 7293 2.666533e-02
175577 5.103494e-03 8.147402e-03 1.149940e-01 3.392562e-02 3.160899e-02 1.524577e-01 1.160111e+01 9.443456e+00 1.507943e+01 2360 9.427889e-03
175728 -6.730392e-03 9.544630e-03 1.242066e-01 -2.208189e-02 2.522011e-02 1.556800e-01 -9.739922e+00 9.945480e+00 1.996863e+01 3206 1.393890e-02
550445 2.309542e-03 -1.698177e-02 2.265116e-01 9.601460e-02 -2.223804e-01 2.189714e+00 1.368371e+00 -2.999427e+00 2.866857e+01 2151 1.371767e-02
925301 4.995160e-05 -1.082291e-02 1.256799e-01 -1.150516e-03 -3.429934e-02 1.688796e-01 -6.616240e-01 -1.293876e+01 2.380902e+01 5639 2.060481e-02
925336 2.689720e-02 -4.460440e-03 6.636319e-02 3.008164e-02 -5.607176e-03 6.748257e-02 1.246325e+01 -4.488084e+00 4.380987e+00 1908 9.601611e-03
300759 4.220940e-03 1.289986e-02 1.293233e-01 1.051986e-01 2.356413e-01 4.609283e-01 7.401209e+00 1.632595e+01 2.430515e+01 3255 1.314661e-02
63079 -6.195415e-03 4.618549e-03 1.396951e-01 -3.160527e-02 1.685997e-02 2.874923e-01 -4.205273e+00 2.025928e+00 2.446011e+01 3773 1.547972e-02
676128 2.680909e-03 9.978581e-03 1.310698e-01 1.231948e-02 1.152283e-01 2.925238e-01 1.882946e+00 2.056108e+01 3.154089e+01 7235 2.536498e-02
551096 2.120432e-03 6.149916e-03 1.218830e-01 -5.655048e-03 3.424836e-02 1.793685e-01 -2.639490e+00 9.538389e+00 1.951421e+01 8294 2.907937e-02
63665 2.762073e-02 9.005122e-03 2.297487e-01 1.578849e-01 6.836902e-02 1.047666e+00 3.964413e+00 1.806660e+00 2.489221e+01 9537 3.931536e-02
63725 -3.985510e-03 -1.075713e-03 1.181202e-01 -3.478607e-02 5.394855e-03 1.892683e-01 -1.486642e+01 3.123131e+00 3.434085e+01 5919 2.144314e-02
177672 -1.591130e-02 1.272208e-02 1.588062e-01 -4.809908e-02 4.796341e-02 2.832084e-01 -6.295306e+00 6.892521e+00 2.433066e+01 7871 2.979832e-02
65221 -1.671712e-02 1.652741e-02 1.839519e-01 -6.310370e-02 9.650807e-02 5.463266e-01 -2.378650e+00 4.101316e+00 1.858216e+01 3924 1.909984e-02
302589 -2.341586e-02 -1.700515e-02 1.935473e-01 -7.386442e-02 -6.297432e-02 4.347990e-01 -4.842874e+00 -4.412870e+00 2.315927e+01 3830 2.094573e-02
927497 -1.023968e-02 -4.779786e-04 1.665275e-01 -2.673407e-02 1.014592e-02 3.844307e-01 -1.658713e+00 1.068363e+00 2.191284e+01 1769 1.264800e-02
552756 -9.629590e-03 -1.326502e-02 1.355967e-01 -4.055916e-02 -4.662035e-02 2.076738e-01 -1.176894e+01 -1.269196e+01 2.742590e+01 5231 2.110777e-02
178490 -2.098272e-02 1.079600e-02 1.489204e-01 -3.597110e-01 1.959762e-01 8.571577e-01 -1.186913e+01 6.488765e+00 2.481683e+01 8725 3.187496e-02
553310 -2.372959e-02 1.134025e-02 1.437111e-01 -3.249178e-01 1.530674e-01 6.426995e-01 -1.113189e+01 5.238222e+00 1.844256e+01 4640 1.845665e-02
928654 7.417839e-03 5.828400e-03 2.350901e-01 2.910161e-02 5.898626e-02 6.808668e-01 1.064465e+00 2.609539e+00 2.188334e+01 2767 1.698070e-02
679491 4.226291e-03 1.648559e-02 1.424676e-01 1.068874e-01 3.744655e-01 9.093723e-01 3.338316e+00 1.164072e+01 2.493806e+01 4651 1.770642e-02
554340 -4.377719e-03 7.458437e-03 1.225682e-01 -2.901771e-02 3.720533e-02 1.849446e-01 -7.227448e+00 8.725411e+00 1.829634e+01 1551 8.585924e-03
929178 2.169140e-02 3.187926e-03 1.430573e-01 7.703669e-02 1.268623e-02 2.338957e-01 1.191139e+01 2.044221e+00 1.955020e+01 3698 1.623774e-02
304916 -8.053224e-03 -5.325319e-03 1.178530e-01 -4.007724e-02 -1.760148e-02 1.645907e-01 -1.541382e+01 -5.908769e+00 2.249580e+01 6564 2.285058e-02
680863 2.082368e-02 1.765080e-03 1.580211e-01 1.656747e-01 3.398430e-02 4.947101e-01 9.958247e+00 2.215014e+00 2.314677e+01 2850 1.370472e-02
805972 -8.787354e-03 9.601280e-04 1.541319e-01 -5.187829e-02 8.150894e-03 3.753323e-01 -5.529193e+00 9.226798e-01 2.838323e+01 2948 1.219644e-02
555972 -1.403456e-02 1.088864e-02 1.368782e-01 -1.842937e-01 1.807420e-01 6.038719e-01 -9.426551e+00 9.404081e+00 2.585552e+01 4682 1.695591e-02
806438 7.121056e-03 1.268213e-02 1.215149e-01 6.311512e-02 7.754098e-02 2.065885e-01 1.181616e+01 1.368686e+01 1.795268e+01 4359 1.678306e-02
806534 5.007847e-03 2.224269e-02 1.602169e-01 1.394741e-01 6.669691e-01 1.590105e+00 2.588253e+00 1.240991e+01 2.752297e+01 2285 1.363589e-02
556299 1.045205e-02 -1.532917e-02 1.371467e-01 1.071553e-01 -9.605461e-02 3.213207e-01 9.581653e+00 -7.998524e+00 1.824852e+01 2449 1.127728e-02
431024 -1.622821e-02 -1.128093e-03 1.473506e-01 -1.161386e-01 -1.282425e-02 4.337764e-01 -1.194072e+01 -1.397858e+00 3.423198e+01 3227 1.539945e-02
556525 -7.642768e-03 1.160152e-02 1.304402e-01 -3.931769e-02 7.505214e-02 2.455806e-01 -5.698161e+00 1.141445e+01 2.071318e+01 5192 1.939363e-02
182144 8.237696e-03 1.326387e-02 1.673535e-01 3.517642e-02 3.319178e-02 3.348703e-01 3.538098e+00 2.617306e+00 2.200145e+01 3305 1.509587e-02
182468 -2.225093e-03 -2.066702e-02 1.417078e-01 2.243620e-02 -1.275729e-01 3.031551e-01 1.923198e+00 -8.336996e+00 1.259038e+01 4104 1.726175e-02
70894 4.309533e-03 -1.735336e-02 2.694797e-01 1.569235e-01 -2.026510e-01 2.779154e+00 1.535844e+00 -1.864759e+00 2.525633e+01 2638 1.714936e-02
182892 -1.023416e-02 -8.880005e-03 1.235926e-01 -2.337854e-02 -2.083486e-02 1.463261e-01 -1.140449e+01 -1.037242e+01 1.972425e+01 5982 2.198034e-02
71170 8.788986e-03 -2.384139e-03 1.166093e-01 6.782570e-02 -1.119673e-02 1.813623e-01 1.531729e+01 -2.286459e+00 1.680039e+01 4308 1.590157e-02
183045 -1.212471e-02 8.638972e-03 1.500684e-01 -2.414173e-02 2.714057e-02 2.164180e-01 -5.509500e+00 8.482514e+00 3.041958e+01 5020 1.836288e-02
183092 -6.383187e-03 -4.760230e-03 1.534853e-01 -2.874739e-02 -2.050595e-02 3.067726e-01 -4.253915e+00 -2.995006e+00 2.915690e+01 2721 1.269941e-02
183423 3.729264e-03 4.375675e-03 1.496943e-01 8.290342e-03 4.740065e-02 5.488347e-01 2.847684e-01 2.686241e+00 2.492012e+01 6003 2.308413e-02
557907 -1.645811e-02 1.124030e-03 1.245324e-01 -3.420809e-02 3.714850e-03 1.459980e-01 -1.532938e+01 2.237505e+00 1.853828e+01 6056 2.142268e-02
307852 -3.015728e-03 6.633680e-03 1.310160e-01 -3.423370e-02 8.978523e-02 4.147712e-01 -2.658360e+00 7.080753e+00 2.416311e+01 2973 1.277437e-02
72197 -6.222922e-03 -1.234170e-02 1.228539e-01 -4.024997e-02 -7.502029e-02 2.194995e-01 -5.115345e+00 -9.422579e+00 1.452890e+01 4170 1.632180e-02
558414 -5.736709e-03 -7.828797e-03 1.425731e-01 -2.792240e-02 -2.880979e-02 3.497147e-01 -2.351104e+00 -2.223438e+00 2.195159e+01 2888 1.538712e-02
683685 -1.068705e-02 5.350190e-03 1.321251e-01 -1.117345e-01 4.707241e-02 3.382036e-01 -1.264706e+01 5.221940e+00 2.579273e+01 8598 3.198855e-02
558655 4.125682e-03 3.690293e-03 2.008087e-01 2.334151e-02 1.319321e-03 7.460540e-01 1.585574e+00 -1.956384e-01 4.499036e+01 5484 2.023818e-02
809126 9.835464e-03 2.364521e-02 1.903153e-01 7.381723e-02 1.949801e-01 7.082475e-01 3.388122e+00 9.072951e+00 2.742684e+01 4239 1.836975e-02
809397 -8.776483e-04 1.250828e-03 2.118907e-01 -8.796486e-02 5.882523e-02 1.656446e+00 -1.743049e+00 1.152351e+00 2.891276e+01 2232 1.373440e-02
433429 -1.374928e-02 -1.096744e-02 1.690481e-01 -5.881648e-02 -5.271348e-02 3.359975e-01 -4.575334e+00 -4.238161e+00 1.694912e+01 2922 1.587955e-02
73638 1.175470e-02 4.803357e-03 1.349087e-01 6.687292e-02 1.382942e-02 2.615241e-01 7.807109e+00 1.278479e+00 1.793419e+01 5159 2.326311e-02
309378 1.370059e-02 1.418908e-03 1.203409e-01 3.682482e-02 8.634275e-03 1.478173e-01 1.290320e+01 4.026137e+00 1.533173e+01 1797 8.672485e-03
684947 -1.459855e-02 1.303483e-02 1.589740e-01 -7.740180e-02 1.404570e-01 5.813583e-01 -2.215426e+00 4.494903e+00 1.489988e+01 2289 1.304694e-02
434462 7.417632e-03 1.092557e-02 1.618913e-01 3.053987e-02 4.036758e-02 2.890177e-01 5.267025e+00 6.706609e+00 2.895820e+01 7767 2.946826e-02
75005 -7.117520e-03 1.018361e-02 1.453753e-01 -5.546658e-02 3.995874e-02 3.495959e-01 -5.740647e+00 3.535301e+00 2.424780e+01 4849 1.896298e-02
75394 1.936776e-02 4.412105e-03 1.694384e-01 1.515123e-01 3.853266e-02 5.995403e-01 6.230505e+00 1.608756e+00 2.027895e+01 7282 2.891524e-02
686192 -2.934291e-03 -1.415237e-02 1.260846e-01 -1.106441e-02 -3.220926e-02 1.498338e-01 -5.673920e+00 -1.260171e+01 1.657433e+01 5441 1.973019e-02
435428 -5.273167e-03 -7.163527e-04 1.173064e-01 -3.335759e-02 -2.546162e-03 1.746164e-01 -1.225883e+01 -7.987101e-01 2.501579e+01 2409 1.014934e-02
311005 -1.763256e-03 2.714033e-02 2.276001e-01 -2.754218e-02 4.590469e-01 1.720866e+00 -3.711100e-01 6.217671e+00 2.149686e+01 2913 1.620115e-02
76024 -2.385941e-02 -1.512372e-02 1.922706e-01 -6.623619e-01 -5.364594e-01 3.165854e+00 -6.610082e+00 -5.397116e+00 3.078396e+01 1861 1.069016e-02
686741 4.475697e-03 -9.354820e-03 1.329740e-01 6.056928e-02 -1.255999e-01 3.808549e-01 7.726100e+00 -1.601112e+01 3.414210e+01 4798 1.773561e-02
686742 -8.152587e-03 -2.767642e-02 6.905422e-02 -2.423954e-02 -6.596552e-02 8.481348e-02 -7.197020e+00 -1.712988e+01 7.050420e+00 6654 2.401932e-02
311456 -2.399742e-02 2.614807e-03 1.343951e-01 -8.686474e-02 3.247757e-03 2.035812e-01 -2.055864e+01 2.069851e-01 2.262499e+01 5699 2.103828e-02
687864 1.209391e-02 -2.321579e-02 6.563293e-02 1.362261e-02 -5.676613e-02 6.689729e-02 9.551727e-01 -2.096315e+01 7.900082e-01 2475 1.093191e-02
813104 -9.262693e-03 -2.015948e-02 1.855715e-01 -1.366803e-01 -3.153463e-01 1.215975e+00 -4.123555e+00 -9.552988e+00 3.334645e+01 5305 2.138538e-02
813681 -7.820854e-03 -4.242697e-03 1.475356e-01 -4.184789e-02 -2.247970e-02 2.772056e-01 -7.987444e+00 -4.280922e+00 3.043850e+01 3306 1.278793e-02
313148 1.251531e-02 -1.926671e-02 1.618170e-01 4.836331e-02 -8.889640e-02 3.385192e-01 5.184245e+00 -1.006967e+01 2.555423e+01 7737 2.977587e-02
938127 -8.796190e-03 7.504310e-04 1.549280e-01 -3.117449e-02 -2.937525e-03 2.772603e-01 -4.333298e+00 -7.141298e-01 2.368822e+01 8889 3.672653e-02
437749 7.261204e-03 -2.900520e-02 1.330968e-01 3.561107e-02 -1.571581e-01 2.622639e-01 3.487802e+00 -1.576628e+01 1.589105e+01 2419 1.109434e-02
938647 -2.263565e-03 -1.901234e-02 1.425953e-01 -9.300661e-03 -5.721539e-02 2.241139e-01 -2.117772e+00 -1.149698e+01 2.453252e+01 6993 2.900401e-02
79236 1.221768e-02 -4.347922e-03 1.525735e-01 1.296333e-01 -3.448437e-02 5.602114e-01 9.210860e+00 -2.364103e+00 3.197784e+01 1615 7.648295e-03
438318 2.227624e-02 -1.219004e-02 6.582991e-02 2.762244e-02 -1.360804e-02 6.536831e-02 2.038475e+01 -5.406749e+00 -1.760060e+00 7836 2.756009e-02
438399 -1.362442e-02 2.349861e-02 6.719098e-02 -2.063537e-02 3.318594e-02 6.902336e-02 -1.431912e+01 1.978534e+01 3.742448e+00 6529 2.298839e-02
814584 -8.714693e-03 -1.383182e-02 2.519737e-01 1.372224e-03 -1.129784e-01 1.526839e+00 2.486293e-01 -2.443834e+00 3.142375e+01 3508 1.722846e-02
190425 1.537058e-02 -1.191651e-02 1.318961e-01 6.169853e-02 -4.533010e-02 2.143927e-01 1.204234e+01 -8.685424e+00 2.144391e+01 1943 1.128478e-02
439240 -7.335272e-05 1.887406e-02 1.076938e-01 3.290058e-02 1.812648e-01 1.105345e-01 2.216201e+00 1.091440e+01 1.909259e-01 4567 1.850285e-02
690306 4.597470e-03 -1.308049e-02 1.330532e-01 2.000335e-02 -3.634951e-02 1.975175e-01 5.692977e+00 -8.598662e+00 2.382165e+01 2020 1.026334e-02
816257 6.192912e-03 -3.871016e-03 1.609355e-01 1.959431e-02 -2.642118e-02 2.774813e-01 2.477777e+00 -4.169286e+00 2.154809e+01 3540 1.724259e-02
691476 6.732213e-03 -1.196928e-02 1.322212e-01 2.067950e-02 -3.491865e-02 1.977901e-01 5.423851e+00 -8.924600e+00 2.549856e+01 3464 1.421057e-02
82241 7.767224e-03 -7.224533e-03 1.186372e-01 2.705980e-02 -1.925811e-02 1.449605e-01 1.552910e+01 -9.686145e+00 2.118839e+01 2806 1.276525e-02
82996 -2.866301e-02 -1.249063e-04 1.251103e-01 -4.262897e-02 -1.342569e-03 1.343016e-01 -9.432656e+00 -8.224133e-01 6.207807e+00 3659 1.766423e-02
83446 7.639438e-03 2.038881e-02 1.790388e-01 6.593409e-02 7.573709e-02 5.267360e-01 3.001014e+00 2.849334e+00 1.789948e+01 3279 1.621760e-02
318053 2.278771e-02 5.092405e-04 2.500016e-01 6.239262e-01 3.553130e-02 3.571501e+00 5.183597e+00 3.019940e-01 2.864117e+01 3181 1.663547e-02
442581 1.395505e-02 2.032755e-02 1.942721e-01 6.575571e-02 9.626442e-02 4.689468e-01 6.212541e+00 9.107237e+00 3.294220e+01 2544 1.143670e-02
194083 2.295743e-02 2.881289e-03 1.616099e-01 3.223370e-02 3.879122e-03 1.826277e-01 1.200109e+01 1.290937e+00 2.719164e+01 6595 2.458732e-02
85528 1.230218e-02 9.588114e-03 1.851495e-01 1.570559e-01 1.247528e-01 1.756369e+00 2.472206e+00 1.966863e+00 2.683439e+01 4057 1.881313e-02
569243 -1.568580e-02 -3.234807e-03 1.265080e-01 -6.208459e-02 -2.276483e-02 1.825150e-01 -1.053852e+01 -4.435841e+00 1.272082e+01 2826 1.185708e-02
694404 1.115664e-02 -9.697195e-03 1.173287e-01 7.763185e-02 -7.777352e-02 1.848123e-01 1.362973e+01 -1.395801e+01 1.383648e+01 3684 1.445168e-02
85958 -9.915230e-03 1.245777e-02 1.176810e-01 -3.832869e-02 4.127003e-02 1.415526e-01 -1.895243e+01 1.921843e+01 1.592290e+01 2414 1.016181e-02
195077 -3.172434e-03 2.311729e-02 1.713193e-01 8.260944e-04 6.897714e-02 3.091116e-01 7.029916e-01 8.062737e+00 2.422561e+01 3313 1.484488e-02
319566 -2.505374e-03 1.743884e-02 1.629667e-01 -4.532877e-02 2.767403e-01 1.023794e+00 -1.018348e+00 6.166237e+00 2.047062e+01 2489 1.311644e-02
945979 9.609482e-03 -6.276612e-04 1.446541e-01 6.025277e-02 -1.536823e-02 3.596474e-01 8.446409e+00 -2.458467e+00 3.585709e+01 3734 1.437712e-02
946055 1.656033e-02 -2.414606e-02 1.682010e-01 9.901979e-02 -1.746885e-01 5.622371e-01 4.790096e+00 -8.745060e+00 2.288969e+01 3567 1.500505e-02
88512 -1.422401e-03 -2.733909e-02 1.679066e-01 -6.031583e-02 -4.054142e-01 9.008674e-01 -1.796073e+00 -1.153016e+01 2.235310e+01 4553 1.864660e-02
571643 2.631302e-03 -5.611693e-03 1.671104e-01 1.767711e-02 -4.646844e-02 5.418593e-01 1.512266e+00 -4.106543e+00 3.766631e+01 2381 1.044321e-02
321576 6.494312e-04 6.971629e-03 1.099142e-01 -3.714791e-02 6.739288e-02 1.367867e-01 -1.130302e+01 1.806854e+01 8.036016e+00 1111 5.554650e-03
946854 -2.470223e-02 2.385032e-03 1.379269e-01 -7.310880e-02 5.577267e-03 1.969788e-01 -1.644627e+01 1.084571e+00 2.006307e+01 7238 2.864592e-02
823275 1.504094e-02 9.255058e-03 1.428009e-01 3.690808e-02 1.862368e-02 1.872394e-01 8.415533e+00 3.605499e+00 1.710210e+01 5711 2.125695e-02
947527 2.040031e-02 -8.448506e-03 1.468965e-01 1.056358e-01 -4.965051e-02 3.124200e-01 1.252648e+01 -6.055181e+00 2.432587e+01 4857 1.868882e-02
90553 -7.706526e-03 -8.686213e-04 1.167260e-01 -4.052059e-02 3.999139e-03 1.804101e-01 -8.507520e+00 1.262037e+00 1.651103e+01 4127 1.575401e-02
948018 5.606853e-04 2.539289e-02 1.466924e-01 7.467061e-04 3.386714e-02 1.604017e-01 3.617145e-01 1.647803e+01 2.665745e+01 4158 1.608478e-02
447618 8.885633e-03 -2.823971e-04 1.413219e-01 6.481119e-02 -1.953148e-02 3.118636e-01 9.277041e+00 -3.193076e+00 2.828979e+01 2141 9.918208e-03
574375 -6.193496e-03 1.429165e-02 1.385699e-01 -5.429056e-02 2.110833e-01 4.912485e-01 -3.777187e+00 1.545456e+01 2.769676e+01 4741 2.057064e-02
574437 2.254966e-03 -1.566846e-02 1.990054e-01 5.947963e-02 -1.184711e-01 9.855289e-01 2.400328e+00 -4.312129e+00 3.299127e+01 2113 1.075819e-02
949638 1.349715e-02 3.162616e-03 1.275495e-01 2.889328e-02 1.218430e-02 1.541702e-01 1.131324e+01 6.629233e+00 1.956120e+01 7129 2.802226e-02
92713 -1.314347e-02 1.653926e-03 1.374138e-01 -4.733026e-02 7.965952e-03 2.326666e-01 -8.304532e+00 1.533295e+00 2.313847e+01 2024 1.000481e-02
825475 8.397787e-03 -1.056276e-02 2.421643e-01 2.172011e-02 -1.044182e-01 1.520132e+00 2.649052e-01 -1.866251e+00 2.541151e+01 4449 2.219278e-02
325045 3.189705e-03 -6.944290e-03 1.174208e-01 5.819123e-02 -5.247907e-02 2.239351e-01 1.176285e+01 -9.738251e+00 2.277957e+01 1745 7.348768e-03
575648 -1.269971e-03 1.749684e-02 1.440368e-01 3.301603e-03 9.501083e-02 3.587109e-01 4.209193e-01 7.136958e+00 1.976572e+01 11094 4.417324e-02
325918 6.980353e-03 -1.181884e-02 1.224213e-01 1.686597e-02 -2.653318e-02 1.481782e-01 8.179482e+00 -1.217483e+01 2.131159e+01 4022 1.542862e-02
94261 6.037263e-03 2.512808e-03 1.960872e-01 1.247356e-01 1.449427e-01 2.459418e+00 1.609177e+00 1.930903e+00 3.068366e+01 7622 2.812818e-02
576466 1.807037e-02 4.299146e-04 1.403288e-01 3.275432e-01 -1.865397e-02 6.607417e-01 1.571171e+01 -9.688749e-01 2.642098e+01 3177 1.265616e-02
827402 -5.070980e-03 -7.745684e-03 1.191649e-01 -2.451990e-02 -2.600052e-02 1.595108e-01 -1.120023e+01 -1.051259e+01 2.323438e+01 1373 6.063853e-03
951630 4.260257e-03 -7.782767e-03 1.225750e-01 1.339068e-02 -3.708626e-02 1.859661e-01 4.202346e+00 -1.348716e+01 2.917623e+01 3005 1.070482e-02
827476 -1.397456e-02 1.753636e-03 1.779993e-01 -6.347546e-02 7.957789e-03 4.277406e-01 -5.776563e+00 7.240005e-01 2.914384e+01 7894 2.946443e-02
951792 7.057773e-03 -1.141135e-02 1.521008e-01 3.283846e-02 -4.604908e-02 3.167999e-01 3.522626e+00 -4.732835e+00 2.250418e+01 6548 2.607482e-02
951865 -2.875915e-03 -9.651111e-03 1.335974e-01 4.831402e-03 -3.655646e-02 2.204711e-01 2.272062e+00 -7.931505e+00 2.560977e+01 4213 1.540264e-02
451286 -1.899311e-02 7.552073e-03 3.002176e-01 -5.173281e-01 2.936959e-01 4.215112e+00 -4.008173e+00 2.301492e+00 3.148801e+01 1622 1.447032e-02
202911 1.016033e-02 9.769283e-05 1.562827e-01 6.453563e-02 -1.073404e-03 4.083093e-01 5.696289e+00 -1.226827e-01 2.640200e+01 2073 1.309777e-02
451342 -6.683786e-03 -6.647629e-03 1.266696e-01 -2.506632e-02 -1.997862e-02 1.866897e-01 -7.298011e+00 -5.292508e+00 2.382844e+01 3156 1.180616e-02
203144 9.740829e-03 1.746243e-02 1.445246e-01 3.653764e-02 5.936484e-02 2.215637e-01 5.994680e+00 9.373935e+00 1.723431e+01 5355 2.222005e-02
95930 -7.653860e-03 1.596758e-02 1.324385e-01 -1.619225e-02 2.908675e-02 1.622115e-01 -3.575597e+00 5.493876e+00 1.246796e+01 2900 1.406003e-02
577819 2.037828e-02 -2.174461e-03 1.989966e-01 3.811909e-01 -6.269176e-02 1.589126e+00 7.804161e+00 -1.308953e+00 3.006768e+01 5408 2.165546e-02
327763 -1.782491e-03 2.507671e-02 1.698139e-01 6.939805e-03 1.312158e-01 4.858475e-01 6.539649e-01 7.957908e+00 2.369501e+01 4536 2.034565e-02
452149 1.685468e-02 -8.608361e-03 1.638304e-01 1.352629e-01 -8.902118e-02 5.531994e-01 8.138931e+00 -5.527272e+00 2.676375e+01 3706 1.631710e-02
327906 1.824902e-02 -7.865486e-03 1.321104e-01 6.000421e-02 -3.350828e-02 2.046725e-01 1.122691e+01 -6.894698e+00 1.951009e+01 3395 1.433501e-02
452574 -1.607556e-02 -2.180817e-02 1.436293e-01 -3.388481e-02 -4.310803e-02 1.805170e-01 -8.160763e+00 -9.760274e+00 1.690314e+01 2760 1.325604e-02
204237 -8.948724e-03 -7.586901e-03 1.295707e-01 -2.068588e-02 -3.077975e-02 1.726766e-01 -5.469477e+00 -1.080779e+01 2.008719e+01 5958 2.439399e-02
98021 7.419696e-03 2.926287e-03 1.191764e-01 3.559520e-02 7.406453e-04 1.827916e-01 1.062781e+01 -8.244247e-01 2.399569e+01 2462 1.008006e-02
453546 -1.337517e-02 1.449691e-02 1.521073e-01 -4.566661e-02 4.677590e-02 2.296047e-01 -7.089258e+00 7.086526e+00 1.701377e+01 2905 1.730666e-02
98326 2.314219e-02 4.138602e-03 1.398362e-01 4.912099e-02 2.697359e-03 1.745476e-01 1.175523e+01 -6.521524e-01 1.570667e+01 1813 1.030604e-02
704652 -4.933988e-03 2.652446e-02 6.598313e-02 -4.808822e-03 3.277837e-02 6.702861e-02 5.538648e-01 2.767368e+01 4.626272e+00 4439 1.927871e-02
453894 8.000839e-03 -1.210546e-02 1.328423e-01 6.984421e-02 -9.388575e-02 3.213404e-01 6.869354e+00 -9.083880e+00 2.093773e+01 3657 1.690935e-02
705279 1.058947e-02 -9.745751e-03 1.442569e-01 1.041009e-01 -1.035682e-01 4.239897e-01 6.257385e+00 -6.278200e+00 1.871853e+01 4054 1.988116e-02
329897 2.018081e-02 8.899856e-03 2.241367e-01 1.663917e-01 8.273771e-02 9.072968e-01 5.849795e+00 2.954200e+00 2.733275e+01 8009 3.109336e-02
330196 -1.378888e-02 2.513659e-02 2.333951e-01 -5.295217e-01 1.461622e+00 5.425033e+00 -2.743885e+00 7.642621e+00 2.762139e+01 4745 2.578208e-02
580875 -3.752603e-03 -2.674046e-02 1.340195e-01 -4.812897e-03 -3.225130e-02 1.392249e-01 -3.125530e+00 -1.624483e+01 1.534470e+01 4504 1.863746e-02
330530 4.178535e-03 1.664506e-02 1.323614e-01 2.465942e-02 1.660407e-01 3.662959e-01 1.603056e+00 1.169332e+01 1.831025e+01 5329 2.165884e-02
330643 -4.796319e-03 -5.721246e-03 1.191950e-01 -4.408223e-02 -2.240552e-02 1.680646e-01 -1.854513e+01 -7.875902e+00 2.306919e+01 4796 1.886868e-02
100386 9.900053e-04 1.870297e-02 1.384336e-01 4.318026e-04 3.379403e-02 1.568029e-01 -4.279343e-01 1.156925e+01 1.408246e+01 3630 2.039026e-02
831731 -1.271738e-02 1.802118e-03 1.181174e-01 -3.528137e-02 1.139200e-02 1.480178e-01 -1.461091e+01 6.209754e+00 1.936142e+01 1553 7.602257e-03
831736 2.656946e-02 7.435744e-03 6.385306e-02 3.914216e-02 1.409905e-02 6.091092e-02 2.389258e+01 1.266265e+01 -5.591118e+00 2471 9.328598e-03
955960 -3.248102e-03 9.475980e-03 2.045005e-01 -1.180042e-01 1.677779e-01 2.946484e+00 -1.338908e+00 1.846976e+00 3.199189e+01 7034 2.722266e-02
455412 -2.786690e-03 -3.546980e-03 1.344154e-01 -2.575714e-02 -2.777571e-02 3.060975e-01 -4.830223e+00 -5.094814e+00 3.610130e+01 13241 4.448647e-02
706771 -1.059476e-02 2.783706e-02 6.719163e-02 -2.746544e-02 8.958529e-02 8.028635e-02 -7.321391e+00 2.679696e+01 5.682733e+00 5947 2.028014e-02
101296 -2.530392e-03 -1.162911e-02 1.289282e-01 -2.131115e-02 -3.819003e-02 1.793186e-01 -9.818662e+00 -1.388616e+01 2.634429e+01 4326 2.112994e-02
832483 -2.515240e-03 -1.385494e-03 1.539662e-01 -2.395804e-02 -1.584782e-02 4.816476e-01 -1.964494e+00 -1.324973e+00 3.002071e+01 6762 2.556150e-02
707192 -1.172888e-02 1.117323e-02 1.374589e-01 -3.936890e-02 4.402737e-02 2.377527e-01 -6.073193e+00 7.218865e+00 2.203703e+01 8473 3.155358e-02
332013 -1.718287e-02 -1.920778e-02 1.407747e-01 -7.409301e-02 -8.439731e-02 2.368567e-01 -9.839054e+00 -1.127046e+01 1.661139e+01 1661 9.410097e-03
332103 1.277508e-03 -1.216803e-02 1.232300e-01 8.883590e-03 -1.894937e-01 3.408063e-01 7.618392e-01 -1.776126e+01 2.179284e+01 9095 3.294817e-02
208217 -2.879882e-02 5.616740e-03 1.885272e-01 -3.019044e-01 4.874859e-02 8.565944e-01 -9.309538e+00 1.470265e+00 2.277287e+01 2539 1.421823e-02
102614 6.288374e-03 -1.551702e-03 1.386837e-01 3.394698e-02 -9.005915e-03 2.327060e-01 6.888403e+00 -1.856479e+00 2.341635e+01 7430 2.680626e-02
583090 5.846288e-03 1.238150e-02 1.995072e-01 5.431354e-02 1.251364e-01 1.373692e+00 1.316210e+00 3.062049e+00 3.188696e+01 6688 2.615040e-02
833636 -2.005590e-02 -1.205263e-02 1.719023e-01 -3.565103e-02 -2.194325e-02 2.332222e-01 -7.131598e+00 -4.522947e+00 2.804139e+01 6440 2.486273e-02
708483 -1.357979e-02 2.486488e-03 1.211300e-01 -4.573440e-02 1.324391e-02 1.546498e-01 -2.069324e+01 6.922985e+00 2.157179e+01 1504 6.638658e-03
583593 1.400665e-02 -1.944067e-03 1.195913e-01 5.136518e-02 -3.917671e-03 1.601769e-01 1.839488e+01 -9.717782e-01 1.998382e+01 9947 3.305556e-02
958280 8.145814e-03 -1.251356e-02 1.917594e-01 9.191105e-02 -1.326384e-01 9.831607e-01 2.647218e+00 -3.796285e+00 2.501052e+01 2181 1.249074e-02
709242 -2.830924e-02 4.902328e-03 6.741136e-02 -3.085576e-02 5.523579e-03 6.770625e-02 -2.444326e+01 5.963182e+00 2.830481e+00 12243 4.239681e-02
709255 9.289200e-04 -2.165598e-02 1.266826e-01 2.598671e-04 -8.063359e-02 1.748138e-01 -1.961850e-01 -1.729389e+01 1.411343e+01 3062 1.300800e-02
458274 -4.479834e-03 8.189123e-03 1.307211e-01 -3.754867e-02 5.677608e-02 2.720310e-01 -5.189307e+00 7.624480e+00 2.217497e+01 5408 2.079272e-02
959094 -2.030534e-03 -1.921584e-02 1.284415e-01 -5.164286e-03 -6.640869e-02 1.879164e-01 -1.039749e+00 -1.565814e+01 1.973321e+01 1538 7.132954e-03
210453 -7.353476e-03 1.714997e-02 2.262577e-01 -3.902141e-02 1.073279e-01 7.072108e-01 -1.967173e+00 5.601742e+00 2.987621e+01 3268 1.629107e-02
104737 -8.210118e-03 1.286784e-02 2.002573e-01 -1.446312e-01 1.709708e-01 1.312909e+00 -3.831282e+00 4.440203e+00 3.124799e+01 1753 1.018727e-02
458782 -1.488198e-02 2.249474e-03 1.432640e-01 -9.454409e-02 -1.763271e-02 3.069909e-01 -1.034994e+01 -2.583153e+00 2.127189e+01 1390 8.839404e-03
959508 -9.015617e-03 -2.909835e-03 1.251183e-01 -5.545632e-02 -3.713219e-02 2.040059e-01 -7.569741e+00 -5.578175e+00 1.285853e+01 4079 1.781904e-02
334595 1.086221e-02 2.046222e-02 6.686770e-02 1.365936e-02 2.833311e-02 6.671761e-02 8.996941e+00 2.531645e+01 -4.827442e-01 4171 1.380438e-02
710058 2.660044e-02 9.629107e-03 6.729282e-02 7.548841e-02 1.964104e-02 6.722625e-02 1.892257e+01 3.875220e+00 -2.576532e-02 2026 8.298475e-03
211100 9.493442e-03 7.095256e-04 1.255398e-01 5.593051e-02 -8.782346e-03 2.681204e-01 7.753507e+00 -1.584839e+00 2.380641e+01 2906 1.279735e-02
960083 4.314483e-04 7.692335e-03 1.372209e-01 2.968459e-03 8.074234e-02 4.718523e-01 2.091282e-01 6.021580e+00 2.758398e+01 4428 1.626759e-02
710450 4.950878e-03 9.401798e-03 1.443545e-01 1.732112e-02 7.307137e-02 3.934240e-01 1.297519e+00 6.678324e+00 2.612498e+01 1924 8.993289e-03
960394 -1.166427e-02 4.184009e-03 1.201514e-01 -3.079448e-02 1.753190e-02 1.409757e-01 -1.795424e+01 1.252737e+01 1.954418e+01 3437 1.454033e-02
335299 -1.457390e-03 1.850275e-02 1.306178e-01 -5.480888e-03 5.427188e-02 1.769563e-01 -2.141413e+00 1.903729e+01 2.466258e+01 2317 9.936898e-03
211525 6.063686e-04 2.233601e-02 1.552915e-01 3.940635e-03 9.273784e-02 2.955056e-01 6.806551e-01 1.437179e+01 2.862322e+01 5354 2.025408e-02
212149 2.061485e-05 6.760291e-03 1.415946e-01 -1.573960e-02 5.268255e-02 3.276501e-01 -3.025976e+00 8.817114e+00 3.572281e+01 2873 1.130150e-02
106959 9.364692e-03 -7.789124e-03 1.124446e-01 2.462021e-02 -2.411987e-02 1.232547e-01 1.198940e+01 -1.283442e+01 8.495758e+00 3858 1.468417e-02
336252 -1.039773e-02 1.194360e-02 1.588727e-01 -4.138701e-02 4.486405e-02 3.271952e-01 -5.027209e+00 5.340491e+00 2.730597e+01 5357 2.161193e-02
107045 1.126750e-02 -4.324692e-03 1.899943e-01 1.195330e-01 -1.873397e-02 1.135421e+00 2.787073e+00 -3.709373e-01 2.433807e+01 2546 1.379074e-02
336314 -2.289024e-02 -1.696224e-02 1.564343e-01 -5.757309e-02 -5.038573e-02 2.327714e-01 -1.022707e+01 -9.855721e+00 2.250985e+01 4150 1.812784e-02
212858 9.594656e-03 5.298667e-03 1.411543e-01 7.925129e-02 3.761489e-02 3.392510e-01 1.097728e+01 5.092757e+00 3.121831e+01 5351 2.018631e-02
461559 2.578457e-03 -9.228316e-03 1.888746e-01 -1.909809e-04 -4.973403e-02 6.469811e-01 -1.158784e-01 -1.694835e+00 1.916803e+01 5814 2.889111e-02
962843 2.048290e-02 -7.565306e-03 1.210537e-01 1.716117e-01 -4.200579e-02 2.438706e-01 1.884497e+01 -4.294550e+00 1.531464e+01 4123 1.649437e-02
338202 -4.303543e-03 1.015976e-02 1.490333e-01 -1.499670e-02 6.433114e-02 3.593302e-01 -1.496516e+00 7.581332e+00 2.943123e+01 3307 1.247107e-02
214608 -5.442884e-03 2.599376e-02 2.202709e-01 -8.111146e-02 5.197068e-01 2.041829e+00 -1.733224e+00 1.130872e+01 4.172362e+01 5814 2.238637e-02
713979 2.526462e-02 -5.819575e-03 1.592830e-01 2.298828e-01 -5.826982e-02 5.961780e-01 1.116232e+01 -2.861262e+00 2.383347e+01 4387 1.993848e-02
338831 -4.226799e-03 8.646369e-03 1.281498e-01 -1.392760e-02 3.410184e-02 1.913134e-01 -2.433123e+00 6.384657e+00 1.584247e+01 2513 1.222580e-02
215228 9.282503e-03 -8.001273e-03 1.166900e-01 3.665045e-02 -2.876938e-02 1.440028e-01 1.318702e+01 -1.000694e+01 1.316047e+01 2768 1.272888e-02
714640 5.636407e-03 1.098629e-02 1.428524e-01 2.931971e-02 5.513347e-02 3.205525e-01 4.177279e+00 7.786713e+00 3.134288e+01 1871 1.076607e-02
589798 -1.288699e-03 -7.735839e-03 1.409393e-01 -2.251226e-02 -7.299022e-02 3.352414e-01 -2.721737e+00 -8.368305e+00 2.491755e+01 2334 1.032855e-02
964586 -7.384929e-03 -3.064151e-03 1.502664e-01 -2.226023e-02 -2.350914e-02 3.728791e-01 -1.990523e+00 -2.735825e+00 2.978869e+01 1372 7.447203e-03
840693 3.607634e-03 6.775188e-03 1.392267e-01 1.531820e-02 2.850290e-02 2.943329e-01 1.692869e+00 3.140940e+00 2.242202e+01 5098 1.974209e-02
339988 -1.597589e-02 1.406531e-03 1.130640e-01 -8.808260e-02 1.329624e-04 1.441937e-01 -2.137153e+01 -3.774698e-01 9.226443e+00 2013 8.655973e-03
216674 -3.185202e-03 1.275639e-02 1.366664e-01 -4.806078e-02 1.337013e-01 4.845346e-01 -2.805805e+00 7.561971e+00 2.175015e+01 2584 1.263627e-02
216700 1.058377e-02 -2.295427e-02 2.443459e-01 3.313670e-02 -1.599381e-01 1.163983e+00 6.852286e-01 -4.161999e+00 2.794144e+01 2418 1.371214e-02
965657 1.096452e-02 -2.160851e-02 1.806817e-01 9.697148e-02 -2.200239e-01 7.490449e-01 3.658204e+00 -8.439363e+00 2.417466e+01 5669 2.509977e-02
340485 5.766434e-03 -2.553677e-02 1.666048e-01 5.885437e-02 -2.035889e-01 5.159763e-01 4.596541e+00 -1.541638e+01 3.024982e+01 3468 1.437548e-02
841695 8.941562e-03 5.940914e-03 1.128449e-01 3.104532e-02 2.588651e-02 1.289311e-01 8.125928e+00 7.332529e+00 5.913728e+00 1355 7.751371e-03
965935 8.091016e-03 -2.738543e-02 6.685906e-02 1.801942e-02 -5.728963e-02 6.918465e-02 7.789132e+00 -2.346075e+01 1.824499e+00 3485 1.221128e-02
966227 7.663161e-03 -1.772652e-02 1.517715e-01 1.988621e-02 -3.999971e-02 2.163385e-01 5.843748e+00 -1.064865e+01 3.086897e+01 13454 4.601395e-02
217391 -5.194841e-04 8.762112e-03 1.433848e-01 -7.674101e-03 6.086604e-02 3.281523e-01 -8.929915e-01 6.503265e+00 2.306146e+01 4042 1.776659e-02
465460 2.237957e-02 -5.844332e-05 1.855981e-01 1.043191e-01 -1.070470e-03 5.067570e-01 8.640221e+00 -1.067146e-01 3.386504e+01 3829 1.574316e-02
113603 -1.270575e-02 2.052595e-02 1.303124e-01 -1.824190e-01 2.904654e-01 4.896756e-01 -7.236961e+00 1.151084e+01 1.532407e+01 6753 2.458347e-02
717334 6.102395e-03 5.784450e-03 1.265228e-01 6.597710e-02 4.985204e-02 3.701759e-01 8.141099e+00 5.991823e+00 3.312925e+01 4664 1.637925e-02
342402 -4.314394e-03 1.596191e-02 1.159709e-01 -6.512517e-03 4.253993e-02 1.291715e-01 -5.074837e-01 6.136104e+00 3.047631e+00 5524 2.279431e-02
219471 2.777519e-03 2.179165e-02 6.654573e-02 4.687702e-03 3.236855e-02 6.830988e-02 4.931785e+00 2.730783e+01 4.554738e+00 2450 8.314581e-03
593925 9.642239e-03 -1.300481e-02 1.635349e-01 3.410966e-02 -4.793423e-02 2.773436e-01 6.059082e+00 -8.649881e+00 2.818346e+01 2047 1.095218e-02
467774 -5.471595e-03 8.403929e-03 1.354530e-01 -2.942682e-02 5.674048e-02 2.416956e-01 -5.305820e+00 1.070602e+01 2.353157e+01 6085 2.203053e-02
116232 2.715511e-03 -1.013223e-02 1.428971e-01 5.889074e-03 -3.963031e-02 2.224804e-01 1.140448e+00 -1.060040e+01 2.859896e+01 5030 2.107261e-02
116391 -3.826102e-03 -7.260478e-03 1.353616e-01 -1.985044e-02 -2.980896e-02 2.200436e-01 -4.857504e+00 -6.835188e+00 2.566992e+01 3084 1.270431e-02
845211 -6.959197e-03 1.741994e-03 1.205206e-01 -4.093893e-02 2.506015e-03 1.964919e-01 -9.759961e+00 2.194491e-01 2.182115e+01 9693 3.373525e-02
343948 1.495111e-02 7.482018e-03 1.290736e-01 5.079226e-02 3.301968e-02 1.807395e-01 1.306727e+01 9.310737e+00 1.883677e+01 6383 2.331802e-02
969222 1.689552e-02 9.762072e-03 2.275210e-01 9.090863e-02 3.816509e-02 8.313870e-01 3.102551e+00 1.190625e+00 2.531342e+01 11389 4.458292e-02
468464 7.568245e-03 -3.932194e-03 1.456779e-01 6.486257e-02 -6.928031e-02 4.694421e-01 5.627293e+00 -6.418315e+00 3.179924e+01 3143 1.263385e-02
117013 -1.704979e-02 1.509290e-02 1.293667e-01 -1.329330e-01 1.249647e-01 2.622254e-01 -8.195918e+00 7.770759e+00 9.396523e+00 2985 1.429417e-02
117030 -4.323886e-03 1.845796e-02 1.234489e-01 -2.546415e-02 1.081983e-01 2.080879e-01 -3.728451e+00 1.582725e+01 1.492756e+01 6533 2.517176e-02
845635 -1.335673e-04 -2.873014e-03 1.295485e-01 1.245011e-02 -3.419298e-02 2.873403e-01 2.676312e+00 -6.661170e+00 3.355938e+01 2725 1.073980e-02
468902 8.347252e-03 -1.652652e-02 1.972588e-01 1.898023e-02 -4.677790e-02 3.698974e-01 1.045062e+00 -2.973256e+00 1.696778e+01 4176 2.130745e-02
595402 -1.558644e-02 -1.447673e-02 2.121483e-01 -1.968326e-01 -1.754105e-01 1.578570e+00 -3.753146e+00 -3.332528e+00 2.829511e+01 5641 2.329170e-02
344735 -1.957771e-03 6.391953e-03 1.206528e-01 -1.040545e-02 3.439910e-02 2.201430e-01 -2.040587e+00 6.765297e+00 2.403247e+01 7770 2.830676e-02
846078 1.324516e-02 -9.131619e-03 1.212166e-01 3.184630e-02 -2.271711e-02 1.474723e-01 1.228527e+01 -8.972649e+00 1.734081e+01 5077 1.803881e-02
720457 -1.083997e-03 6.689515e-04 1.695182e-01 -1.143151e-02 7.042319e-02 1.500131e+00 -2.465186e-01 1.661821e+00 3.170045e+01 4005 1.621197e-02
221355 -3.577815e-03 1.139015e-02 1.231135e-01 -1.897148e-02 4.869369e-02 1.809340e-01 -5.599599e+00 1.356953e+01 2.103277e+01 2536 1.239755e-02
846152 2.015990e-02 4.141474e-04 1.548287e-01 7.605465e-02 -1.470523e-03 2.942230e-01 1.393439e+01 -4.698427e-01 3.475058e+01 4516 1.884694e-02
221403 -1.132053e-02 9.598803e-03 1.255539e-01 -3.076627e-02 2.230957e-02 1.664773e-01 -8.669151e+00 5.666617e+00 1.824417e+01 4069 1.602954e-02
221659 -7.501878e-03 -1.867259e-02 1.265966e-01 -4.138267e-02 -1.176515e-01 2.263641e-01 -7.478656e+00 -2.184805e+01 2.202213e+01 3743 1.511827e-02
118568 4.486036e-04 1.171315e-02 1.368493e-01 1.052757e-02 6.171639e-02 2.361624e-01 1.812651e+00 8.992831e+00 1.786095e+01 4534 1.791023e-02
118953 -2.058126e-03 -2.083871e-02 1.623185e-01 -1.394511e-03 -9.797993e-02 3.907980e-01 7.536983e-02 -8.761293e+00 2.594950e+01 3781 1.562966e-02
346091 8.132876e-03 5.354807e-03 1.175819e-01 4.653059e-02 2.148062e-02 1.747654e-01 1.176450e+01 4.940713e+00 1.752022e+01 2406 1.090902e-02
119497 5.884880e-03 2.475604e-02 3.423528e-01 -2.379286e-01 1.428186e+00 1.483836e+01 -6.842280e-01 3.938527e+00 4.068101e+01 2777 1.665999e-02
223183 -1.805482e-02 2.269311e-02 1.753612e-01 -3.515407e-01 3.974058e-01 1.416601e+00 -7.687628e+00 8.638003e+00 2.861348e+01 2747 1.324642e-02
848509 1.480514e-02 7.775707e-03 1.588926e-01 4.406913e-01 1.982835e-01 1.816779e+00 8.025379e+00 3.589919e+00 3.124114e+01 4254 1.656656e-02
223882 -3.737174e-03 1.601205e-03 2.451025e-01 -7.541546e-02 -3.897255e-01 4.905040e+00 -4.567421e-01 -2.493578e+00 2.969365e+01 2518 1.619789e-02
223983 -1.067748e-02 -6.427270e-03 1.241462e-01 -7.199480e-02 -4.751760e-02 2.272849e-01 -8.495262e+00 -5.692896e+00 1.428944e+01 6627 2.625419e-02
972724 8.441084e-03 7.809927e-03 1.305906e-01 6.263448e-02 4.896574e-02 2.899029e-01 1.107568e+01 8.411151e+00 3.255918e+01 3966 1.819098e-02
347518 -1.845065e-02 1.413014e-02 1.598342e-01 -3.634261e-01 2.890612e-01 1.233398e+00 -7.092979e+00 5.652809e+00 2.207337e+01 4848 1.891400e-02
598492 -1.166480e-02 2.574217e-02 1.727191e-01 -8.496210e-02 2.342151e-01 6.978012e-01 -2.859781e+00 8.133818e+00 2.048670e+01 4123 2.012263e-02
348151 7.718190e-04 1.548636e-02 1.295820e-01 -1.543488e-02 9.280052e-02 2.469314e-01 -2.820087e+00 1.345324e+01 2.041968e+01 2412 1.000244e-02
472562 6.495050e-03 -1.726960e-03 1.219088e-01 4.013312e-02 8.494828e-03 1.854256e-01 1.549309e+01 4.707971e+00 2.925468e+01 1275 5.527185e-03
348193 -1.500919e-02 -7.071596e-03 1.359282e-01 -6.126693e-02 -5.298552e-02 2.572507e-01 -9.371587e+00 -9.301933e+00 2.457933e+01 5134 2.067334e-02
122183 1.423973e-02 2.333143e-03 1.302059e-01 4.978799e-02 1.051486e-02 1.826314e-01 1.479970e+01 3.406271e+00 2.182612e+01 1527 7.636447e-03
724964 1.865980e-04 2.150948e-02 1.757720e-01 -3.330935e-02 1.788793e-01 6.478191e-01 -1.407339e+00 6.611923e+00 1.983315e+01 3462 1.814421e-02
851008 3.850469e-03 -1.062129e-02 1.386197e-01 9.511497e-03 -3.041476e-02 1.837242e-01 2.811690e+00 -9.830914e+00 2.240230e+01 4210 1.726904e-02
600604 1.191795e-02 -1.116385e-02 1.406571e-01 9.102624e-02 -7.684297e-02 4.403178e-01 6.457349e+00 -5.361170e+00 2.446031e+01 5428 2.383650e-02
124782 -1.859781e-02 -1.168083e-02 2.674909e-01 -3.237925e-01 -3.149250e-01 4.661026e+00 -1.454626e+00 -1.445329e+00 2.094057e+01 7719 3.458981e-02
124923 -6.510937e-03 -5.183223e-03 1.630723e-01 -9.343162e-02 -9.054972e-03 7.415634e-01 -2.328158e+00 -1.037042e-01 1.549480e+01 4154 1.896657e-02
124956 -1.087672e-02 -7.417611e-03 1.357649e-01 -2.773137e-02 -2.197987e-02 1.812888e-01 -8.922809e+00 -7.709223e+00 2.410027e+01 4196 1.541410e-02
227360 -7.678705e-04 9.252944e-03 1.198535e-01 -2.712101e-02 6.418903e-02 2.252698e-01 -8.406265e+00 1.752381e+01 3.362626e+01 4037 1.585304e-02
601779 7.039957e-04 8.335739e-03 1.202855e-01 7.222410e-03 2.942433e-02 1.571496e-01 4.768121e+00 1.542598e+01 2.696557e+01 4906 1.787811e-02
227817 1.858429e-02 8.107150e-03 1.434178e-01 3.124428e-01 1.681460e-01 7.789383e-01 1.240341e+01 6.755049e+00 2.682456e+01 2777 1.325818e-02
602115 -1.038998e-02 2.423162e-02 1.932566e-01 -2.784415e-01 4.562070e-01 1.692174e+00 -4.718852e+00 7.604612e+00 2.638735e+01 6018 2.506856e-02
852731 -7.228969e-03 3.636150e-03 1.216412e-01 -2.326919e-02 2.103660e-02 1.731130e-01 -7.927651e+00 8.599921e+00 2.543922e+01 5611 2.128776e-02
852742 8.695257e-03 -1.048874e-02 1.233328e-01 6.224170e-02 -6.202947e-02 2.104111e-01 1.242849e+01 -1.196295e+01 2.021146e+01 3238 1.394518e-02
228078 -1.147068e-02 4.405833e-03 1.347179e-01 -4.773106e-02 1.814182e-02 2.261303e-01 -1.132518e+01 4.290150e+00 2.855077e+01 2074 8.925587e-03
602351 1.673688e-03 -1.216511e-02 1.601536e-01 1.626159e-02 -4.354460e-02 3.343580e-01 1.787324e+00 -3.844646e+00 2.134370e+01 3804 1.655098e-02
727166 -1.419317e-02 -1.484322e-02 3.140032e-01 -1.501141e-01 -2.447436e-01 2.150219e+00 -2.480469e+00 -4.195532e+00 3.350974e+01 7927 3.208863e-02
228751 7.679319e-03 -4.625703e-03 1.112683e-01 3.394299e-02 -2.352968e-02 1.290534e-01 1.011450e+01 -7.280181e+00 6.849293e+00 2812 1.206920e-02
229283 -7.849729e-03 5.027499e-03 1.121302e-01 -2.388215e-02 2.674045e-02 1.294385e-01 -1.080944e+01 1.463938e+01 1.166961e+01 2310 1.051729e-02
854680 1.920812e-02 -3.312082e-03 1.465151e-01 1.520741e-01 -3.292937e-02 3.868970e-01 1.432170e+01 -3.192465e+00 2.591091e+01 2025 8.983873e-03
854799 1.144669e-02 -4.573205e-03 1.276985e-01 5.105429e-02 -2.852031e-02 2.098875e-01 8.810159e+00 -5.326699e+00 1.828181e+01 4886 2.283723e-02
230245 4.716901e-03 -1.236593e-02 1.231875e-01 1.110395e-02 -7.064574e-02 1.923631e-01 1.783270e+00 -1.627179e+01 1.931388e+01 3745 1.427302e-02
353519 -9.530726e-03 -4.906448e-04 1.132399e-01 -3.511570e-02 -6.359517e-04 1.324784e-01 -1.988035e+01 -1.129081e-01 1.494892e+01 2183 1.106439e-02
478442 1.003919e-02 2.544238e-02 1.382816e-01 6.828899e-02 1.918673e-01 3.072972e-01 6.138590e+00 1.753851e+01 1.781152e+01 3364 1.529085e-02
605146 -1.008287e-02 -4.394491e-03 3.000388e-01 -6.138306e-01 8.890935e-02 8.303709e+00 -2.597654e+00 4.014443e-01 3.443618e+01 4250 2.139317e-02
979580 -1.728213e-02 3.813093e-03 1.211451e-01 -1.023184e-01 3.343011e-02 1.985042e-01 -1.750401e+01 6.096417e+00 1.592372e+01 5219 1.937227e-02
729936 -1.203413e-02 -9.841615e-03 1.608654e-01 -7.447084e-02 -4.529204e-02 3.768969e-01 -6.566558e+00 -3.728372e+00 2.272034e+01 5027 2.093791e-02
730257 1.277056e-02 2.220706e-02 1.479173e-01 5.264593e-02 9.023350e-02 2.845596e-01 8.179987e+00 1.395487e+01 2.803065e+01 7473 2.906102e-02
478989 8.751995e-03 1.643794e-02 1.356659e-01 2.814576e-02 4.978137e-02 2.026038e-01 6.266513e+00 1.077392e+01 2.162896e+01 9422 3.314662e-02
730324 -2.952414e-03 -1.567082e-02 2.759786e-01 3.539042e-06 -4.427317e-02 5.879752e-01 2.857317e-01 -2.764792e+00 3.015856e+01 2096 1.316999e-02
231723 -4.050302e-03 1.365011e-02 1.595403e-01 -4.495028e-02 8.023690e-02 4.374979e-01 -3.519658e+00 5.730143e+00 2.391971e+01 3839 1.877640e-02
355102 1.433042e-02 -1.862305e-02 1.554024e-01 1.530939e-01 -2.406195e-01 7.588508e-01 4.921793e+00 -7.873980e+00 2.140368e+01 4821 1.979348e-02
606215 -1.843077e-02 1.651004e-02 1.407800e-01 -2.949469e-01 2.298046e-01 5.359380e-01 -1.361188e+01 1.049972e+01 1.945219e+01 4633 1.838501e-02
479596 1.825263e-02 -1.603781e-02 1.952368e-01 7.257249e-02 -6.478525e-02 3.718250e-01 7.153894e+00 -6.420009e+00 2.325656e+01 2092 1.094910e-02
980869 1.974696e-02 -6.942211e-03 1.228009e-01 1.888371e-01 -9.516691e-02 2.859208e-01 1.555040e+01 -8.113601e+00 1.500135e+01 2579 1.219320e-02
731089 1.118125e-02 -1.479837e-02 1.546847e-01 4.760777e-02 -6.691234e-02 3.025627e-01 4.103739e+00 -5.871055e+00 1.665964e+01 2794 1.707713e-02
731292 -1.265678e-03 -2.792590e-02 2.254158e-01 -4.377957e-02 -5.218553e-01 2.284724e+00 -5.670446e-01 -6.587965e+00 2.746678e+01 6070 2.462824e-02
731583 -1.146862e-02 1.177207e-03 1.878404e-01 -4.743263e-02 1.241845e-02 5.881629e-01 -2.466318e+00 7.708950e-01 2.745307e+01 3221 1.470808e-02
355887 -2.292366e-02 1.678135e-02 1.837585e-01 -4.716172e-02 4.121399e-02 2.715412e-01 -6.456312e+00 6.508142e+00 2.338276e+01 1970 1.096461e-02
731738 -5.176813e-03 -1.351184e-02 1.207729e-01 -1.259912e-02 -3.713392e-02 1.463868e-01 -2.841422e+00 -9.043056e+00 9.805565e+00 1588 8.416108e-03
480788 -5.550924e-03 3.954695e-03 1.802306e-01 -3.987729e-02 8.688427e-02 1.302282e+00 -8.224303e-01 1.986922e+00 2.688340e+01 6987 2.691385e-02
607479 2.807264e-02 3.032812e-03 1.368934e-01 9.854321e-02 1.492095e-02 2.277697e-01 2.138715e+01 3.607937e+00 2.758011e+01 3698 1.470565e-02
233319 5.190853e-03 2.442561e-02 1.814368e-01 7.455150e-03 3.173164e-02 2.005127e-01 3.739721e+00 1.206667e+01 3.150587e+01 2523 1.273453e-02
982123 3.068619e-03 1.422110e-02 1.244055e-01 5.330161e-03 8.677281e-02 2.199485e-01 4.564839e-01 1.464429e+01 1.928500e+01 2210 1.385261e-02
481611 1.276477e-02 -6.969400e-04 1.264229e-01 3.411622e-02 -1.837148e-03 1.604445e-01 1.292393e+01 -6.901625e-01 2.059310e+01 4510 1.707177e-02
859055 -1.482869e-02 1.416431e-02 1.738087e-01 -1.210679e-01 9.060378e-02 4.926088e-01 -5.922168e+00 4.261018e+00 1.777109e+01 2095 1.227322e-02
859165 -2.878894e-02 6.609570e-04 6.618281e-02 -4.183854e-02 -2.809150e-03 6.696518e-02 -2.005595e+01 -5.333213e+00 1.202431e+00 7565 2.629141e-02
234884 4.969693e-03 4.151469e-03 1.173140e-01 2.934865e-02 1.965119e-02 1.495516e-01 1.383228e+01 8.794329e+00 1.829119e+01 3017 1.391587e-02
358367 -1.116996e-02 7.609553e-03 1.278368e-01 -5.316329e-02 4.184487e-02 2.285294e-01 -9.444617e+00 7.699780e+00 2.264653e+01 5556 2.121046e-02
235429 2.889932e-03 -1.434574e-02 1.755573e-01 1.000027e-01 -3.503560e-01 1.647383e+00 2.102966e+00 -7.276268e+00 3.187223e+01 2453 1.337054e-02
483180 2.634008e-02 4.219441e-03 1.736724e-01 4.289837e-01 5.294861e-03 1.296057e+00 7.733427e+00 2.065519e-02 2.155723e+01 8303 3.282116e-02
358899 9.523032e-03 4.037684e-03 1.158145e-01 4.949745e-02 8.774353e-03 1.513732e-01 1.373746e+01 1.627786e+00 1.221997e+01 4545 1.675738e-02
359037 3.975799e-03 1.566495e-02 1.255900e-01 1.680774e-02 4.314826e-02 1.614105e-01 7.176905e+00 1.537142e+01 2.003442e+01 2499 1.140458e-02
610248 5.827619e-03 -4.960987e-03 1.179000e-01 5.462588e-02 -2.672780e-02 2.571484e-01 6.810952e+00 -3.038074e+00 1.943541e+01 5163 1.983481e-02
236330 8.251246e-03 -4.197231e-03 1.189269e-01 6.073384e-02 -7.079930e-03 1.953064e-01 1.069380e+01 -5.873758e-01 1.556300e+01 9137 3.459398e-02
359683 1.169215e-02 -8.130113e-03 1.292494e-01 5.706015e-02 -3.639337e-02 2.065936e-01 1.221295e+01 -7.608396e+00 2.082084e+01 5273 1.934624e-02
986096 2.631574e-02 -3.076641e-03 6.599058e-02 3.793950e-02 -5.639424e-03 6.606855e-02 1.252267e+01 -2.760975e+00 8.400543e-02 2084 1.077269e-02
360532 1.489412e-02 -2.704800e-03 1.150163e-01 8.428931e-02 -1.527455e-02 1.497066e-01 2.257955e+01 -4.089899e+00 1.128742e+01 2757 1.382203e-02
862212 3.222821e-03 -1.717777e-02 1.438476e-01 2.129858e-02 -6.306687e-02 2.549784e-01 3.993717e+00 -1.013888e+01 2.455360e+01 6909 3.061689e-02
237988 -6.329489e-03 -7.382231e-03 1.362497e-01 -4.309298e-02 -3.246753e-02 2.855533e-01 -7.538899e+00 -5.144112e+00 3.061691e+01 7465 2.610345e-02
986782 -1.720336e-02 1.257132e-02 2.252938e-01 -1.813588e-01 1.427670e-01 1.210329e+00 -4.457829e+00 3.535612e+00 2.674976e+01 7148 2.936358e-02
612560 2.018427e-02 -1.138749e-02 1.225642e-01 1.102917e-01 -6.323542e-02 1.901240e-01 1.192173e+01 -6.859778e+00 8.938549e+00 4621 2.168069e-02
863137 -3.560378e-03 2.239805e-02 2.049373e-01 -1.285972e-02 7.496285e-02 4.666908e-01 -1.121492e+00 6.339264e+00 3.156722e+01 3223 1.611469e-02
486718 -2.181963e-02 4.829059e-04 1.667092e-01 -3.325177e-02 1.040910e-03 1.952989e-01 -1.401566e+01 6.841062e-01 3.505058e+01 4831 1.980289e-02
487191 2.098991e-02 -1.053043e-02 2.086247e-01 7.982620e-01 -6.561404e-01 5.050609e+00 5.472156e+00 -4.545227e+00 3.408856e+01 3491 1.644468e-02
988646 -2.583947e-02 -1.276431e-02 1.338189e-01 -2.049978e-01 -1.135797e-01 3.151179e-01 -1.952582e+01 -1.098751e+01 1.975912e+01 1923 1.024312e-02
738880 -1.059972e-02 -7.784013e-04 1.191453e-01 -4.289712e-02 8.071597e-04 1.623822e-01 -1.621920e+01 7.962417e-01 2.171282e+01 3396 1.397187e-02
988823 -1.066554e-02 -4.497091e-03 1.272767e-01 -7.111061e-02 -3.975007e-02 2.750672e-01 -1.306289e+01 -7.618582e+00 3.193927e+01 5064 1.859760e-02
487903 1.155862e-02 5.676974e-03 1.701365e-01 9.852299e-02 3.625100e-02 5.509505e-01 6.540083e+00 2.299295e+00 2.863880e+01 3076 1.323784e-02
739743 1.649682e-02 2.279487e-02 6.564992e-02 2.354663e-02 4.046376e-02 6.240209e-02 1.195227e+01 2.995587e+01 -3.607804e+00 8988 3.064312e-02
740060 1.259094e-02 1.353221e-03 1.257424e-01 1.092437e-01 1.743027e-02 2.859686e-01 1.561011e+01 2.596560e+00 2.587768e+01 5933 2.042369e-02
866057 -1.653922e-03 -2.251102e-02 6.635571e-02 -3.664123e-03 -4.214011e-02 6.682533e-02 -2.574896e+00 -2.514320e+01 6.015395e-01 15893 5.060851e-02
740190 -2.285588e-02 -1.733805e-02 1.734679e-01 -4.080744e-01 -3.597134e-01 1.373989e+00 -1.011945e+01 -8.993986e+00 3.153692e+01 4894 2.101876e-02
615930 -2.056988e-02 -2.034165e-02 1.178232e-01 -6.848386e-02 -7.222807e-02 1.329789e-01 -1.218602e+01 -1.319633e+01 3.854562e+00 6231 2.279656e-02
616033 2.335373e-03 3.134987e-03 1.632284e-01 3.790320e-02 2.544642e-02 4.551983e-01 3.496478e+00 2.193314e+00 2.870196e+01 4904 1.894877e-02
489752 -1.557543e-02 -2.325174e-03 1.270041e-01 -1.275926e-01 -1.883006e-02 2.645520e-01 -1.351621e+01 -1.991512e+00 1.659679e+01 3889 1.706691e-02
490012 1.187869e-02 2.517847e-04 1.357763e-01 4.542328e-02 4.920247e-03 1.932236e-01 9.828432e+00 1.367841e+00 1.683184e+01 3871 1.575707e-02
243322 -4.687843e-03 1.127008e-02 1.187310e-01 -1.952294e-02 3.773277e-02 1.398981e-01 -1.013437e+01 1.807758e+01 1.445997e+01 6534 2.318108e-02
742212 -6.280921e-03 -8.632779e-03 1.522410e-01 -2.074955e-02 -2.988515e-02 2.452801e-01 -4.137479e+00 -6.077372e+00 2.660565e+01 3820 1.563934e-02
742376 -7.388765e-03 5.202197e-03 1.243332e-01 -3.990691e-02 1.900481e-02 1.898115e-01 -1.117357e+01 4.742718e+00 2.249903e+01 6373 2.519251e-02
617916 1.347126e-03 1.360886e-02 1.267474e-01 1.494364e-02 8.567194e-02 2.328478e-01 2.862343e+00 1.517075e+01 2.233631e+01 3161 1.487176e-02
742968 8.080632e-03 1.565420e-02 1.514583e-01 1.874562e-02 2.780771e-02 1.956808e-01 5.548741e+00 6.323187e+00 2.300789e+01 4368 1.801013e-02
491550 1.881972e-02 1.257381e-02 1.834004e-01 1.255478e+00 9.525317e-01 5.053322e+00 8.874060e+00 6.744988e+00 3.494578e+01 3686 1.527325e-02
244404 9.163942e-03 -1.501834e-03 1.781030e-01 1.773886e-01 -2.539206e-02 1.283191e+00 4.807676e+00 -6.827567e-01 3.158221e+01 3328 1.483607e-02
618792 3.775700e-03 -9.843772e-03 1.608391e-01 7.552597e-02 -1.192995e-01 7.201097e-01 4.053596e+00 -6.183799e+00 3.159649e+01 2242 1.081753e-02
869457 -9.271150e-03 -1.452260e-02 1.335768e-01 -8.217506e-02 -1.200499e-01 3.184755e-01 -6.354162e+00 -9.197549e+00 1.611541e+01 7234 2.725027e-02
993623 1.728893e-02 1.479084e-02 1.505108e-01 3.933451e-02 2.129581e-02 2.176336e-01 4.639952e+00 1.369108e+00 1.412739e+01 6296 2.589962e-02
492778 -7.824353e-03 5.713907e-03 1.184261e-01 -5.145678e-02 5.092513e-02 2.135079e-01 -9.489607e+00 9.832980e+00 2.067933e+01 4928 2.600150e-02
870315 5.438845e-03 1.313365e-02 1.585782e-01 1.677319e-02 2.960438e-02 2.272234e-01 3.601202e+00 5.233158e+00 2.181029e+01 3230 1.446366e-02
368430 -1.466367e-03 -8.725704e-03 1.184216e-01 -2.001530e-02 -3.273930e-02 1.670285e-01 -8.418662e+00 -1.089887e+01 2.206084e+01 2210 9.718523e-03
744482 -1.026631e-02 2.182533e-02 1.630842e-01 -1.336927e-01 4.440366e-01 1.105746e+00 -2.582218e+00 8.833132e+00 1.972155e+01 3387 1.650479e-02
994460 -9.196898e-03 2.539105e-03 1.450493e-01 -1.086921e-01 4.086758e-02 5.008158e-01 -6.040131e+00 2.326837e+00 2.159780e+01 6837 2.602776e-02
994853 2.105264e-02 1.060713e-02 1.982267e-01 2.691823e-01 1.325417e-01 1.222064e+00 7.030186e+00 3.454736e+00 2.900809e+01 1626 9.655588e-03
745025 -8.276803e-03 3.601854e-03 1.265292e-01 -3.957827e-02 3.560051e-02 2.298970e-01 -7.888126e+00 8.063822e+00 2.604921e+01 2509 1.210711e-02
246578 1.227918e-02 8.159513e-03 1.276101e-01 6.384819e-02 5.097847e-02 2.185641e-01 1.307047e+01 1.085272e+01 2.305283e+01 3484 1.288823e-02
745431 -2.806645e-03 8.998753e-03 1.356059e-01 -3.392265e-02 9.748376e-02 4.897542e-01 -2.082964e+00 5.923353e+00 2.370736e+01 4775 1.840692e-02
621288 1.478683e-02 8.328371e-03 1.325144e-01 4.925393e-02 2.204368e-02 1.959397e-01 1.192097e+01 4.743648e+00 2.193660e+01 3721 1.646185e-02
995746 -9.020276e-03 2.506797e-02 1.485680e-01 -1.753408e-02 4.646584e-02 1.819429e-01 -4.097429e+00 1.029812e+01 1.606229e+01 2993 1.399705e-02
370258 -6.478169e-03 -3.986215e-04 1.105312e-01 -4.941491e-02 1.245173e-02 1.404618e-01 -1.551716e+01 4.644065e+00 1.081678e+01 2886 1.069965e-02
247733 5.218947e-03 1.785915e-02 1.213013e-01 3.159369e-02 8.375032e-02 1.717364e-01 7.476754e+00 1.867893e+01 1.429741e+01 3003 1.317125e-02
248339 1.806754e-02 -1.533348e-02 1.264105e-01 4.174882e-01 -2.931040e-01 4.909094e-01 1.812582e+01 -1.260530e+01 1.654106e+01 5284 1.969443e-02
371087 1.714805e-02 -1.420675e-02 1.273486e-01 1.674657e-01 -1.275113e-01 3.308749e-01 1.556704e+01 -1.173393e+01 2.107738e+01 2754 1.220029e-02
371690 -1.280738e-02 -1.691254e-03 2.609618e-01 -2.613261e-01 -1.015628e-01 3.009161e+00 -2.923148e+00 -1.174717e+00 3.232510e+01 4138 1.871271e-02
496463 -1.102158e-03 2.655190e-02 6.721757e-02 -2.493762e-03 3.130287e-02 6.764109e-02 -5.522878e+00 1.885522e+01 1.680833e+00 1371 5.964198e-03
371967 -2.724301e-02 2.774085e-03 2.146369e-01 -9.262775e-02 -3.070986e-04 4.821970e-01 -6.329904e+00 -2.982897e-01 2.590252e+01 3564 1.925542e-02
496510 1.925557e-02 1.864415e-02 1.341096e-01 8.545443e-02 7.955272e-02 2.360141e-01 1.084391e+01 9.977311e+00 1.669277e+01 2239 1.331414e-02
874552 -1.050627e-02 -4.850096e-03 1.585551e-01 -4.759773e-02 -1.094598e-02 2.856779e-01 -6.430468e+00 -1.056830e+00 2.203901e+01 2654 1.503404e-02
496976 -2.016901e-02 1.572509e-02 1.485054e-01 -4.275057e-02 3.855711e-02 2.065787e-01 -1.128367e+01 1.140881e+01 2.901839e+01 5039 1.868723e-02
999103 -1.058749e-02 6.374027e-03 1.957754e-01 -6.968930e-02 3.767289e-02 5.291024e-01 -3.773294e+00 1.998243e+00 2.128091e+01 3602 1.772238e-02
999316 1.260474e-02 -1.799168e-02 1.613171e-01 1.997530e-02 -3.686691e-02 2.179433e-01 2.849495e+00 -7.297255e+00 2.189197e+01 6941 2.588838e-02
749749 3.375672e-03 1.027268e-02 2.257543e-01 9.617762e-02 1.596965e-02 1.250037e+00 2.063288e+00 1.266621e-01 2.277312e+01 2519 1.560174e-02
