running....
Running without a11y support!
SPARTA (24 Jan 2020)

# variables to be set in RunCells.jl
variable FNUM equal "3.600E+11"
variable ZMAX equal "3.500E-01"
variable RMAX equal "3.000E-02"
variable TIMESTEP equal "2.000E-07"
variable NPERSTEP equal "1.000E+00"
variable T1 equal "2.000E+00"
variable T2 equal "2.000E+00"

global		        fnum ${FNUM} cellmax 10000
global		        fnum 360000000000 cellmax 10000
seed	    	    12345
dimension   	    2
units               si
timestep 	        ${TIMESTEP}
timestep 	        2e-07

species		        he4.species He
mixture		        He He nrho 1 vstream 26.2 0 0 temp ${T1}
mixture		        He He nrho 1 vstream 26.2 0 0 temp 2
collide             vss He he4.vss #kk

# read_restart data/cell.restart.*

boundary	        o ao p
create_box  	    0 ${ZMAX} 0 ${RMAX} -0.1 0.1
create_box  	    0 0.35 0 ${RMAX} -0.1 0.1
create_box  	    0 0.35 0 0.03 -0.1 0.1
Created orthogonal box = (0 0 -0.1) to (0.35 0.03 0.1)
create_grid 	    20 20 1
Created 400 child grid cells
  parent cells = 1
  CPU time = 0.00148891 secs
  create/ghost percent = 81.8269 18.1731
balance_grid        rcb cell
Balance grid migrated 200 cells
  CPU time = 0.000672586 secs
  reassign/sort/migrate/ghost percent = 49.295 2.24893 22.569 25.8871

read_surf           data.cell
Reading surface file ...
  12 points
  12 lines
  0 0.06509 xlo xhi
  0 0.0254 ylo yhi
  0 0 zlo zhi
  0.00159 min line length
  42 = cells with surfs
  74 = total surfs in all grid cells
  4 = max surfs in one grid cell
  0.0908571 = min surf-size/cell-size ratio
  0 0 = number of pushed cells
  42 0 = cells overlapping surfs, overlap cells with unmarked corner pts
  356 2 42 = cells outside/inside/overlapping surfs
  30 12 = surf cells with 1,2,etc splits
  0.000929288775062441 0.000929288775062441 = cell-wise and global flow volume
  CPU time = 0.0061156 secs
  read/check/sort/surf2grid/ghost/inout/particle percent = 83.7469 1.10913 0.146756 9.05161 5.9456 1.46259 0.0761823
  surf2grid time = 0.00055356 secs
  map/rvous1/rvous2/split percent = 6.40725 20.7165 0.0926729 64.7971
group       inlet surf id 12
1 surfaces in group inlet
fix		    in emit/surf He inlet n ${NPERSTEP} perspecies no
fix		    in emit/surf He inlet n 1 perspecies no

read_surf           data.diffuser
Reading surface file ...
  4 points
  16 lines
  0.00953 0.0127 xlo xhi
  0 0.00953 ylo yhi
  0 0 zlo zhi
  0.00317 min line length
  42 = cells with surfs
  90 = total surfs in all grid cells
  6 = max surfs in one grid cell
  0.0908571 = min surf-size/cell-size ratio
  0 0 = number of pushed cells
  42 0 = cells overlapping surfs, overlap cells with unmarked corner pts
  356 2 42 = cells outside/inside/overlapping surfs
  24 18 = surf cells with 1,2,etc splits
  0.000928384303459465 0.000928384303459465 = cell-wise and global flow volume
  CPU time = 0.00561388 secs
  read/check/sort/surf2grid/ghost/inout/particle percent = 89.0242 1.41209 0.221861 5.55626 3.78563 1.83379 0.0406136
  surf2grid time = 0.000311922 secs
  map/rvous1/rvous2/split percent = 14.1202 37.2516 0.27058 31.3264

read_surf           data.stages trans 65.09E-3 0 0 group stages
Reading surface file ...
  22 points
  38 lines
  0.06709 0.14817 xlo xhi
  0.00036 0.02223 ylo yhi
  0 0 zlo zhi
  0.00048 min line length
  65 = cells with surfs
  149 = total surfs in all grid cells
  10 = max surfs in one grid cell
  0.0274286 = min surf-size/cell-size ratio
  0 0 = number of pushed cells
  65 0 = cells overlapping surfs, overlap cells with unmarked corner pts
  313 22 65 = cells outside/inside/overlapping surfs
  41 24 = surf cells with 1,2,etc splits
  0.000843814397727863 0.000843814397727863 = cell-wise and global flow volume
  CPU time = 0.00324601 secs
  read/check/sort/surf2grid/ghost/inout/particle percent = 79.6405 2.83502 0.323905 10.6619 6.53867 3.11863 0.15841
  surf2grid time = 0.000346088 secs
  map/rvous1/rvous2/split percent = 13.7231 35.1994 0.165276 35.2982

surf_collide	    diffuse diffuse ${T1} 1.0
surf_collide	    diffuse diffuse 2 1.0
surf_collide	    cold diffuse ${T2} 1.0
surf_collide	    cold diffuse 2 1.0
surf_modify         all collide diffuse
surf_modify         stages collide cold

stats		    1000
stats_style	    wall step cpu np nattempt ncoll nscoll nscheck

# Run until convergence
label loop
variable a loop 125
run 		    20000
Memory usage per proc in Mbytes:
  particles (ave,min,max) = 0 0 0
  grid      (ave,min,max) = 1.88888 1.88888 1.88888
  surf      (ave,min,max) = 0.00391388 0.00391388 0.00391388
  total     (ave,min,max) = 1.89279 1.89279 1.89279
WALL Step CPU Np Natt Ncoll Nscoll Nscheck 
  0.02930621        0            0        0        0        0        0        0 
 0.082485245     1000  0.053162105     1000       29       18        8     5520 
  0.18997906     2000   0.16065417     2000       59       24        9     9773 
  0.37064926     3000   0.34132457     3000       75       34       12    13083 
  0.61862188     4000    0.5892979     4000       87       32       23    15789 
  0.93154282     5000    0.9022192     5000       95       35       23    18108 
   1.3068978     6000    1.2775749     6000      104       52       14    20297 
   1.7424745     7000    1.7131505     7000      112       50       16    22020 
   2.2389335     8000     2.209609     8000      115       46       11    23725 
   2.7969606     9000    2.7676371     9000      132       53       17    25638 
   3.4118495    10000    3.3825266    10000      132       51       17    26840 
   4.0843829    11000    4.0550593    11000      129       52       25    28213 
   4.8156613    12000    4.7863389    12000      142       58       22    29601 
   5.6024276    13000    5.5731043    12999      143       64       32    31291 
   6.4488342    14000    6.4195148    13999      143       56       28    32335 
   7.3494709    15000     7.320148    14998      143       66       31    33412 
   8.3095752    16000    8.2802516    15997      141       63       25    34483 
   9.3259698    17000    9.2966471    16996      150       69       35    35836 
   10.399936    18000    10.370613    17993      148       61       38    37396 
   11.530702    19000    11.501385    18992      147       67       35    38238 
   12.716257    20000    12.686935    19988      149       54       37    39446 
Loop time of 12.687 on 2 procs for 20000 steps with 19988 particles

MPI task timing breakdown:
Section |  min time  |  avg time  |  max time  |%varavg| %total
---------------------------------------------------------------
Move    | 0.0022002  | 5.7337     | 11.465     | 239.4 | 45.19
Coll    | 0.0036558  | 0.36823    | 0.7328     |  60.1 |  2.90
Sort    | 0.0071019  | 0.21783    | 0.42856    |  45.2 |  1.72
Comm    | 0.04601    | 6.3578     | 12.67      | 250.3 | 50.11
Modify  | 0.0017495  | 0.0069574  | 0.012165   |   6.2 |  0.05
Output  | 0.00067251 | 0.0010718  | 0.0014711  |   1.2 |  0.01
Other   |            | 0.001393   |            |       |  0.01

Particle moves    = 199977615 (200M)
Cells touched     = 201563687 (202M)
Particle comms    = 5 (0.005K)
Boundary collides = 0 (0K)
Boundary exits    = 12 (0.012K)
SurfColl checks   = 502003290 (502M)
SurfColl occurs   = 434210 (0.434M)
Surf reactions    = 0 (0K)
Collide attempts  = 2323458 (2.32M)
Collide occurs    = 1002209 (1M)
Gas reactions     = 0 (0K)
Particles stuck   = 0

Particle-moves/CPUsec/proc: 7.88121e+06
Particle-moves/step: 9998.88
Cell-touches/particle/step: 1.00793
Particle comm iterations/step: 1
Particle fraction communicated: 2.50028e-08
Particle fraction colliding with boundary: 0
Particle fraction exiting boundary: 6.00067e-08
Surface-checks/particle/step: 2.5103
Surface-collisions/particle/step: 0.00217129
Surface-reactions/particle/step: 0
Collision-attempts/particle/step: 0.0116186
Collisions/particle/step: 0.00501161
Gas-reactions/particle/step: 0

Particles: 9994 ave 19985 max 3 min
Histogram: 1 0 0 0 0 0 0 0 0 1
Cells:     224 ave 248 max 200 min
Histogram: 1 0 0 0 0 0 0 0 0 1
GhostCell: 224 ave 248 max 200 min
Histogram: 1 0 0 0 0 0 0 0 0 1
EmptyCell: 0 ave 0 max 0 min
Histogram: 2 0 0 0 0 0 0 0 0 0
Surfs:     38 ave 38 max 38 min
Histogram: 2 0 0 0 0 0 0 0 0 0
GhostSurf: 0 ave 0 max 0 min
Histogram: 2 0 0 0 0 0 0 0 0 0
adapt_grid all refine particle 16 4
Adapting grid ...
  421 28 110 = cells outside/inside/overlapping surfs
  68 42 = surf cells with 1,2,etc splits
  0.000843814397727863 0.000843814397727863 = cell-wise and global flow volume
  53 cells refined, 0 cells coarsened
  adapted to 559 child grid cells, 54 parent cells
  CPU time = 0.00161547 secs
  adapt/redo percent = 76.5628 23.4372
balance_grid rcb part
Balance grid migrated 267 cells
  CPU time = 0.00497551 secs
  reassign/sort/migrate/ghost percent = 15.4341 4.00584 72.2908 8.26924
next a
jump in.cell loop
variable a loop 125
run 		    20000
Memory usage per proc in Mbytes:
  particles (ave,min,max) = 2.53125 1.6875 3.375
  grid      (ave,min,max) = 1.89333 1.89333 1.89333
  surf      (ave,min,max) = 0.00391388 0.00391388 0.00391388
  total     (ave,min,max) = 4.42849 3.58474 5.27224
WALL Step CPU Np Natt Ncoll Nscoll Nscheck 
   12.848255    20000            0    19988      149       54        0        0 
   13.424406    21000   0.57613278    20985      139       63       27    15674 
   13.992272    22000    1.1439981    21983      144       65       36    15776 
   14.572694    23000    1.7244214    22979      129       45       40    16055 
   15.169486    24000    2.3212139    23978      139       55       30    16445 
   15.780618    25000    2.9323469    24973      151       64       41    16877 
   16.410472    26000    3.5622006    25971      146       62       43    17230 
   17.056834    27000     4.208564    26967      150       67       30    17595 
   17.719505    28000    4.8712345    27961      171       78       37    18022 
   18.398317    29000    5.5500476    28955      152       72       43    18506 
   19.086722    30000      6.23845    29948      155       62       39    18901 
    19.79006    31000     6.941793    30943      160       63       42    19099 
   20.512174    32000    7.6639015    31933      159       77       24    19792 
   21.261998    33000    8.4137277    32929      174       66       39    19995 
   22.040927    34000     9.192656    33916      181       85       40    19960 
    22.85054    35000     10.00227    34906      196       93       37    20820 
   23.689231    36000     10.84096    35902      201       97       41    21131 
   24.557819    37000    11.709547    36894      196       95       39    21661 
   25.451564    38000    12.603293    37886      186       87       36    22026 
   26.372123    39000    13.523853    38871      199       80       52    22334 
   27.322671    40000      14.4744    39855      205       90       32    22477 
Loop time of 14.4745 on 2 procs for 20000 steps with 39855 particles

MPI task timing breakdown:
Section |  min time  |  avg time  |  max time  |%varavg| %total
---------------------------------------------------------------
Move    | 11.38      | 11.855     | 12.33      |  13.8 | 81.90
Coll    | 1.0153     | 1.1012     | 1.187      |   8.2 |  7.61
Sort    | 0.55458    | 0.68943    | 0.82428    |  16.2 |  4.76
Comm    | 0.5605     | 0.81888    | 1.0773     |  28.6 |  5.66
Modify  | 0.0033562  | 0.0073963  | 0.011436   |   4.7 |  0.05
Output  | 0.00034384 | 0.0008017  | 0.0012596  |   0.0 |  0.01
Other   |            | 0.001877   |            |       |  0.01

Particle moves    = 598811626 (599M)
Cells touched     = 607727289 (608M)
Particle comms    = 174070 (0.174M)
Boundary collides = 0 (0K)
Boundary exits    = 133 (0.133K)
SurfColl checks   = 376781183 (377M)
SurfColl occurs   = 765235 (0.765M)
Surf reactions    = 0 (0K)
Collide attempts  = 3302228 (3.3M)
Collide occurs    = 1480438 (1.48M)
Gas reactions     = 0 (0K)
Particles stuck   = 0

Particle-moves/CPUsec/proc: 2.0685e+07
Particle-moves/step: 29940.6
Cell-touches/particle/step: 1.01489
Particle comm iterations/step: 1
Particle fraction communicated: 0.000290692
Particle fraction colliding with boundary: 0
Particle fraction exiting boundary: 2.22107e-07
Surface-checks/particle/step: 0.629215
Surface-collisions/particle/step: 0.00127792
Surface-reactions/particle/step: 0
Collision-attempts/particle/step: 0.00551464
Collisions/particle/step: 0.00247229
Gas-reactions/particle/step: 0

Particles: 19927.5 ave 23784 max 16071 min
Histogram: 1 0 0 0 0 0 0 0 0 1
Cells:     321.5 ave 527 max 116 min
Histogram: 1 0 0 0 0 0 0 0 0 1
GhostCell: 321.5 ave 527 max 116 min
Histogram: 1 0 0 0 0 0 0 0 0 1
EmptyCell: 0 ave 0 max 0 min
Histogram: 2 0 0 0 0 0 0 0 0 0
Surfs:     38 ave 38 max 38 min
Histogram: 2 0 0 0 0 0 0 0 0 0
GhostSurf: 0 ave 0 max 0 min
Histogram: 2 0 0 0 0 0 0 0 0 0
adapt_grid all refine particle 16 4
Adapting grid ...
  958 34 239 = cells outside/inside/overlapping surfs
  161 78 = surf cells with 1,2,etc splits
  0.000843814397727862 0.000843814397727863 = cell-wise and global flow volume
  224 cells refined, 0 cells coarsened
  adapted to 1231 child grid cells, 278 parent cells
  CPU time = 0.00268897 secs
  adapt/redo percent = 63.7207 36.2793
balance_grid rcb part
Balance grid migrated 96 cells
  CPU time = 0.00159121 secs
  reassign/sort/migrate/ghost percent = 17.0273 5.38391 53.2102 24.3785
next a
jump in.cell loop
variable a loop 125
run 		    20000
Memory usage per proc in Mbytes:
  particles (ave,min,max) = 3.375 3.375 3.375
  grid      (ave,min,max) = 1.91212 1.91212 1.91212
  surf      (ave,min,max) = 0.00391388 0.00391388 0.00391388
  total     (ave,min,max) = 5.29104 5.29104 5.29104
WALL Step CPU Np Natt Ncoll Nscoll Nscheck 
   27.332806    40000            0    39855      205       90        0        0 
   28.228539    41000    0.8957266    40838      163       77       45    11307 
   29.142387    42000      1.80957    41824      167       77       42    11478 
   30.072774    43000    2.7399609    42805      185       99       49    11904 
   31.015526    44000    3.6827124    43786      180       80       42    11883 
   31.975126    45000    4.6423126    44773      178       86       44    12173 
   32.959429    46000    5.6266225    45757      204       99       46    12453 
   33.973547    47000    6.6407311    46740      201       97       53    12514 
   35.013694    48000    7.6808796    47725      204       93       40    12750 
   36.082014    49000    8.7491995    48709      197      106       51    13004 
   37.176829    50000    9.8440156    49687      215      103       46    13166 
   38.297247    51000    10.964433    50670      215      105       61    13561 
   39.439602    52000    12.106787    51643      220       88       75    13622 
   40.608946    53000    13.276131    52615      236      117       52    13945 
   41.804683    54000    14.471869    53585      230      103       44    13954 
   43.024151    55000    15.691337    54566      244      115       60    13999 
   44.268931    56000    16.936115    55543      259      121       48    14244 
   45.537191    57000    18.204377    56517      238      100       67    14418 
   46.834224    58000    19.501411    57483      253      111       47    14772 
   48.158599    59000    20.825784    58451      271      131       63    14969 
   49.510633    60000    22.177819    59426      258      114       74    15161 
Loop time of 22.1779 on 2 procs for 20000 steps with 59426 particles

MPI task timing breakdown:
Section |  min time  |  avg time  |  max time  |%varavg| %total
---------------------------------------------------------------
Move    | 17.473     | 17.825     | 18.178     |   8.4 | 80.38
Coll    | 2.0612     | 2.14       | 2.2189     |   5.4 |  9.65
Sort    | 1.266      | 1.4076     | 1.5491     |  11.9 |  6.35
Comm    | 0.22498    | 0.79266    | 1.3603     |  63.8 |  3.57
Modify  | 0.0042939  | 0.0093331  | 0.014372   |   5.2 |  0.04
Output  | 0.00034057 | 0.00079969 | 0.0012588  |   0.0 |  0.00
Other   |            | 0.00205    |            |       |  0.01

Particle moves    = 993364072 (993M)
Cells touched     = 1022496797 (1.02B)
Particle comms    = 217201 (0.217M)
Boundary collides = 0 (0K)
Boundary exits    = 429 (0.429K)
SurfColl checks   = 263708219 (264M)
SurfColl occurs   = 1044583 (1.04M)
Surf reactions    = 0 (0K)
Collide attempts  = 4297202 (4.3M)
Collide occurs    = 2064989 (2.06M)
Gas reactions     = 0 (0K)
Particles stuck   = 0

Particle-moves/CPUsec/proc: 2.23953e+07
Particle-moves/step: 49668.2
Cell-touches/particle/step: 1.02933
Particle comm iterations/step: 1
Particle fraction communicated: 0.000218652
Particle fraction colliding with boundary: 0
Particle fraction exiting boundary: 4.31866e-07
Surface-checks/particle/step: 0.26547
Surface-collisions/particle/step: 0.00105156
Surface-reactions/particle/step: 0
Collision-attempts/particle/step: 0.00432591
Collisions/particle/step: 0.00207878
Gas-reactions/particle/step: 0

Particles: 29713 ave 32679 max 26747 min
Histogram: 1 0 0 0 0 0 0 0 0 1
Cells:     693.5 ave 941 max 446 min
Histogram: 1 0 0 0 0 0 0 0 0 1
GhostCell: 693.5 ave 941 max 446 min
Histogram: 1 0 0 0 0 0 0 0 0 1
EmptyCell: 0 ave 0 max 0 min
Histogram: 2 0 0 0 0 0 0 0 0 0
Surfs:     38 ave 38 max 38 min
Histogram: 2 0 0 0 0 0 0 0 0 0
GhostSurf: 0 ave 0 max 0 min
Histogram: 2 0 0 0 0 0 0 0 0 0
adapt_grid all refine particle 16 4
Adapting grid ...
  2960 37 448 = cells outside/inside/overlapping surfs
  341 107 = surf cells with 1,2,etc splits
  0.00084381439772786 0.000843814397727863 = cell-wise and global flow volume
  738 cells refined, 0 cells coarsened
  adapted to 3445 child grid cells, 1016 parent cells
  CPU time = 0.00589672 secs
  adapt/redo percent = 47.7661 52.2339
balance_grid rcb part
Balance grid migrated 113 cells
  CPU time = 0.00243609 secs
  reassign/sort/migrate/ghost percent = 21.823 7.71658 40.2224 30.238
next a
jump in.cell loop
variable a loop 125
run 		    20000
Memory usage per proc in Mbytes:
  particles (ave,min,max) = 3.375 3.375 3.375
  grid      (ave,min,max) = 1.97406 1.97406 1.97406
  surf      (ave,min,max) = 0.00391388 0.00391388 0.00391388
  total     (ave,min,max) = 5.35297 5.35297 5.35297
WALL Step CPU Np Natt Ncoll Nscoll Nscheck 
   49.525228    60000            0    59426      258      114        0        0 
   50.797786    61000    1.2725478    60391      239      121       60     3483 
   52.099347    62000    2.5741079    61362      229      126       54     3600 
   53.414601    63000    3.8893627    62335      289      145       69     3613 
    54.74366    64000    5.2184252    63300      269      131       54     3509 
    56.09173    65000    6.5664909    64265      254      129       72     3645 
   57.457635    66000    7.9323965    65234      268      147       69     3780 
   58.842511    67000    9.3172734    66206      280      151       62     3790 
   60.253799    68000    10.728559    67173      327      146       70     4007 
   61.681159    69000    12.155922    68129      287      146       52     3836 
   63.129827    70000    13.604588    69096      307      146       62     3967 
   64.600685    71000    15.075447    70060      307      159       81     4097 
   66.097078    72000    16.571839    71013      344      176       63     4193 
   67.615099    73000    18.089859    71974      343      167       53     4154 
    69.16022    74000    19.634983    72937      352      175       75     4209 
   70.726357    75000     21.20112    73901      363      175       57     4155 
   72.323819    76000    22.798586    74853      377      172       81     4270 
   73.941345    77000     24.41611    75812      376      178       67     4405 
   75.583545    78000     26.05831    76770      398      202       70     4332 
   77.250226    79000     27.72499    77724      385      201       71     4523 
   78.939857    80000    29.414623    78669      408      184       78     4569 
Loop time of 29.4147 on 2 procs for 20000 steps with 78669 particles

MPI task timing breakdown:
Section |  min time  |  avg time  |  max time  |%varavg| %total
---------------------------------------------------------------
Move    | 23.175     | 23.39      | 23.605     |   4.5 | 79.52
Coll    | 3.184      | 3.2926     | 3.4013     |   6.0 | 11.19
Sort    | 2.2305     | 2.3027     | 2.375      |   4.8 |  7.83
Comm    | 0.2435     | 0.41555    | 0.5876     |  26.7 |  1.41
Modify  | 0.0040834  | 0.010819   | 0.017555   |   6.5 |  0.04
Output  | 0.00046496 | 0.00065029 | 0.00083562 |   0.0 |  0.00
Other   |            | 0.002229   |            |       |  0.01

Particle moves    = 1381597748 (1.38B)
Cells touched     = 1461707516 (1.46B)
Particle comms    = 303314 (0.303M)
Boundary collides = 0 (0K)
Boundary exits    = 757 (0.757K)
SurfColl checks   = 80091365 (80.1M)
SurfColl occurs   = 1342542 (1.34M)
Surf reactions    = 0 (0K)
Collide attempts  = 6322813 (6.32M)
Collide occurs    = 3177275 (3.18M)
Gas reactions     = 0 (0K)
Particles stuck   = 0

Particle-moves/CPUsec/proc: 2.34848e+07
Particle-moves/step: 69079.9
Cell-touches/particle/step: 1.05798
Particle comm iterations/step: 1
Particle fraction communicated: 0.000219539
Particle fraction colliding with boundary: 0
Particle fraction exiting boundary: 5.47916e-07
Surface-checks/particle/step: 0.0579701
Surface-collisions/particle/step: 0.000971731
Surface-reactions/particle/step: 0
Collision-attempts/particle/step: 0.00457645
Collisions/particle/step: 0.00229971
Gas-reactions/particle/step: 0

Particles: 39334.5 ave 40810 max 37859 min
Histogram: 1 0 0 0 0 0 0 0 0 1
Cells:     1829.5 ave 2178 max 1481 min
Histogram: 1 0 0 0 0 0 0 0 0 1
GhostCell: 1829.5 ave 2178 max 1481 min
Histogram: 1 0 0 0 0 0 0 0 0 1
EmptyCell: 0 ave 0 max 0 min
Histogram: 2 0 0 0 0 0 0 0 0 0
Surfs:     38 ave 38 max 38 min
Histogram: 2 0 0 0 0 0 0 0 0 0
GhostSurf: 0 ave 0 max 0 min
Histogram: 2 0 0 0 0 0 0 0 0 0
adapt_grid all refine particle 16 4
Adapting grid ...
  8765 93 509 = cells outside/inside/overlapping surfs
  389 120 = surf cells with 1,2,etc splits
  0.000843814397727857 0.000843814397727863 = cell-wise and global flow volume
  1974 cells refined, 0 cells coarsened
  adapted to 9367 child grid cells, 2990 parent cells
  CPU time = 0.0153773 secs
  adapt/redo percent = 30.3219 69.6781
balance_grid rcb part
Balance grid migrated 172 cells
  CPU time = 0.00451968 secs
  reassign/sort/migrate/ghost percent = 17.7822 7.52172 18.1606 56.5354
next a
jump in.cell loop
variable a loop 125
run 		    20000
Memory usage per proc in Mbytes:
  particles (ave,min,max) = 5.0625 5.0625 5.0625
  grid      (ave,min,max) = 3.07722 3.07722 3.07722
  surf      (ave,min,max) = 0.00391388 0.00391388 0.00391388
  total     (ave,min,max) = 8.14364 8.14364 8.14364
WALL Step CPU Np Natt Ncoll Nscoll Nscheck 
   78.965862    80000            0    78669      408      184        0        0 
    80.89571    81000    1.9298387    79621      329      197       68     3615 
   82.855702    82000    3.8898299    80564      310      183       78     3635 
   84.832258    83000    5.8663851    81511      342      187       87     3832 
   86.832757    84000    7.8668842    82461      407      224       84     3778 
   88.851662    85000    9.8857966    83413      380      209       87     3868 
   90.893627    86000    11.927755    84357      370      200       74     3734 
   92.956481    87000    13.990609    85297      401      193       95     3931 
   95.043949    88000    16.078079    86229      435      227       84     3969 
