running....
Running without a11y support!
SPARTA (24 Jan 2020)

# variables to be set in RunCells.jl
variable FNUM equal "3.600E+11"
variable ZMAX equal "3.500E-01"
variable RMAX equal "3.000E-02"
variable TIMESTEP equal "2.000E-07"
variable NPERSTEP equal "1.000E+00"
variable T1 equal "2.000E+00"
variable T2 equal "2.000E+00"

global		        fnum ${FNUM} cellmax 10000
global		        fnum 360000000000 cellmax 10000
seed	    	    12345
dimension   	    2
units               si
timestep 	        ${TIMESTEP}
timestep 	        2e-07

species		        he4.species He
mixture		        He He nrho 1 vstream 26.2 0 0 temp ${T1}
mixture		        He He nrho 1 vstream 26.2 0 0 temp 2
collide             vss He he4.vss #kk

# read_restart data/cell.restart.*

boundary	        o ao p
create_box  	    0 ${ZMAX} 0 ${RMAX} -0.1 0.1
create_box  	    0 0.35 0 ${RMAX} -0.1 0.1
create_box  	    0 0.35 0 0.03 -0.1 0.1
Created orthogonal box = (0 0 -0.1) to (0.35 0.03 0.1)
create_grid 	    20 20 1
Created 400 child grid cells
  parent cells = 1
  CPU time = 0.00210418 secs
  create/ghost percent = 85.4401 14.5599
balance_grid        rcb cell
Balance grid migrated 200 cells
  CPU time = 0.00119173 secs
  reassign/sort/migrate/ghost percent = 65.1811 0.369882 16.6422 17.8069

read_surf           data.cell
Reading surface file ...
  12 points
  12 lines
  0 0.06509 xlo xhi
  0 0.0254 ylo yhi
  0 0 zlo zhi
  0.00159 min line length
  42 = cells with surfs
  74 = total surfs in all grid cells
  4 = max surfs in one grid cell
  0.0908571 = min surf-size/cell-size ratio
  0 0 = number of pushed cells
  42 0 = cells overlapping surfs, overlap cells with unmarked corner pts
  356 2 42 = cells outside/inside/overlapping surfs
  30 12 = surf cells with 1,2,etc splits
  0.000929288775062441 0.000929288775062441 = cell-wise and global flow volume
  CPU time = 0.00626013 secs
  read/check/sort/surf2grid/ghost/inout/particle percent = 82.1172 1.38505 0.177792 10.2561 6.06392 1.57455 0.123799
  surf2grid time = 0.000642043 secs
  map/rvous1/rvous2/split percent = 5.92484 16.1703 0.132234 69.7992
group       inlet surf id 12
1 surfaces in group inlet
fix		    in emit/surf He inlet n ${NPERSTEP} perspecies no
fix		    in emit/surf He inlet n 1 perspecies no

read_surf           data.diffuser
Reading surface file ...
  4 points
  16 lines
  0.00953 0.0127 xlo xhi
  0 0.00953 ylo yhi
  0 0 zlo zhi
  0.00317 min line length
  42 = cells with surfs
  90 = total surfs in all grid cells
  6 = max surfs in one grid cell
  0.0908571 = min surf-size/cell-size ratio
  0 0 = number of pushed cells
  42 0 = cells overlapping surfs, overlap cells with unmarked corner pts
  356 2 42 = cells outside/inside/overlapping surfs
  24 18 = surf cells with 1,2,etc splits
  0.000928384303459465 0.000928384303459465 = cell-wise and global flow volume
  CPU time = 0.00569784 secs
  read/check/sort/surf2grid/ghost/inout/particle percent = 87.4325 1.56293 0.227349 5.54259 5.23465 1.9655 0.13621
  surf2grid time = 0.000315808 secs
  map/rvous1/rvous2/split percent = 14.5319 32.9352 0.216587 31.06

read_surf           data.stages trans 65.09E-3 0 0 group stages
Reading surface file ...
  22 points
  38 lines
  0.06609 0.10717 xlo xhi
  0.00036 0.02223 ylo yhi
  0 0 zlo zhi
  0.00048 min line length
  61 = cells with surfs
  145 = total surfs in all grid cells
  10 = max surfs in one grid cell
  0.0274286 = min surf-size/cell-size ratio
  0 0 = number of pushed cells
  61 0 = cells overlapping surfs, overlap cells with unmarked corner pts
  327 12 61 = cells outside/inside/overlapping surfs
  37 24 = surf cells with 1,2,etc splits
  0.00088564569665369 0.00088564569665369 = cell-wise and global flow volume
  CPU time = 0.00328151 secs
  read/check/sort/surf2grid/ghost/inout/particle percent = 78.4986 3.16419 0.717506 10.8889 6.73081 3.22352 0.190979
  surf2grid time = 0.000357319 secs
  map/rvous1/rvous2/split percent = 13.2361 35.0703 0.265309 34.0712

surf_collide	    diffuse diffuse ${T1} 1.0
surf_collide	    diffuse diffuse 2 1.0
surf_collide	    cold diffuse ${T2} 1.0
surf_collide	    cold diffuse 2 1.0
surf_modify         all collide diffuse
surf_modify         stages collide cold

stats		    1000
stats_style	    wall step cpu np nattempt ncoll nscoll nscheck

# Run until convergence
label loop
variable a loop 125
run 		    20000
Memory usage per proc in Mbytes:
  particles (ave,min,max) = 0 0 0
  grid      (ave,min,max) = 1.88888 1.88888 1.88888
  surf      (ave,min,max) = 0.00391388 0.00391388 0.00391388
  total     (ave,min,max) = 1.89279 1.89279 1.89279
WALL Step CPU Np Natt Ncoll Nscoll Nscheck 
 0.030289954        0            0        0        0        0        0        0 
 0.083318228     1000  0.053006738     1000       29       18        8     5520 
  0.19142804     2000    0.1611174     2000       59       24        9     9773 
   0.3729334     3000   0.34262258     3000       75       34       12    13083 
  0.62179664     4000   0.59148671     4000       87       32       23    15789 
    0.937149     5000   0.90684382     5000       95       35       23    18108 
   1.3137854     6000    1.2834754     6000      104       52       14    20297 
   1.7521674     7000    1.7218569     7000      112       50       16    22021 
    2.254069     8000     2.223759     8000      124       54       23    24140 
   2.8136526     9000    2.7833424     9000      120       63       18    25373 
   3.4311223    10000    3.4008115    10000      129       56       23    27014 
   4.1072733    11000     4.076965    11000      130       72       17    27973 
   4.8420557    12000    4.8117472    12000      131       67       29    29498 
   5.6372211    13000    5.6069199    13000      134       53       27    30819 
   6.4868869    14000    6.4565788    13999      142       52       24    31932 
   7.3949186    15000    7.3646108    14999      152       60       21    33373 
   8.3662296    16000    8.3359219    15998      151       64       24    34682 
   9.4012785    17000    9.3709821    16997      158       70       31    36071 
   10.486374    18000    10.456067    17996      157       70       23    37185 
     11.6309    19000    11.600596    18994      163       71       29    38423 
   12.835835    20000    12.805532    19990      161       60       42    39809 
Loop time of 12.8056 on 2 procs for 20000 steps with 19990 particles

MPI task timing breakdown:
Section |  min time  |  avg time  |  max time  |%varavg| %total
---------------------------------------------------------------
Move    | 0.001541   | 5.768      | 11.534     | 240.1 | 45.04
Coll    | 0.003249   | 0.37307    | 0.7429     |  60.5 |  2.91
Sort    | 0.0068794  | 0.22853    | 0.45018    |  46.4 |  1.78
Comm    | 0.058952   | 6.4246     | 12.79      | 251.1 | 50.17
Modify  | 0.0012478  | 0.0090354  | 0.016823   |   8.2 |  0.07
Output  | 0.00086248 | 0.00127    | 0.0016776  |   1.1 |  0.01
Other   |            | 0.001057   |            |       |  0.01

Particle moves    = 199988282 (200M)
Cells touched     = 201576408 (202M)
Particle comms    = 3 (0.003K)
Boundary collides = 0 (0K)
Boundary exits    = 10 (0.01K)
SurfColl checks   = 501373852 (501M)
SurfColl occurs   = 434048 (0.434M)
Surf reactions    = 0 (0K)
Collide attempts  = 2353421 (2.35M)
Collide occurs    = 986989 (0.987M)
Gas reactions     = 0 (0K)
Particles stuck   = 0

Particle-moves/CPUsec/proc: 7.80864e+06
Particle-moves/step: 9999.41
Cell-touches/particle/step: 1.00794
Particle comm iterations/step: 1
Particle fraction communicated: 1.50009e-08
Particle fraction colliding with boundary: 0
Particle fraction exiting boundary: 5.00029e-08
Surface-checks/particle/step: 2.50702
Surface-collisions/particle/step: 0.00217037
Surface-reactions/particle/step: 0
Collision-attempts/particle/step: 0.0117678
Collisions/particle/step: 0.00493523
Gas-reactions/particle/step: 0

Particles: 9995 ave 19989 max 1 min
Histogram: 1 0 0 0 0 0 0 0 0 1
Cells:     224 ave 248 max 200 min
Histogram: 1 0 0 0 0 0 0 0 0 1
GhostCell: 224 ave 248 max 200 min
Histogram: 1 0 0 0 0 0 0 0 0 1
EmptyCell: 0 ave 0 max 0 min
Histogram: 2 0 0 0 0 0 0 0 0 0
Surfs:     38 ave 38 max 38 min
Histogram: 2 0 0 0 0 0 0 0 0 0
GhostSurf: 0 ave 0 max 0 min
Histogram: 2 0 0 0 0 0 0 0 0 0
adapt_grid all refine particle 16 4
Adapting grid ...
  444 20 107 = cells outside/inside/overlapping surfs
  65 42 = surf cells with 1,2,etc splits
  0.00088564569665369 0.00088564569665369 = cell-wise and global flow volume
  57 cells refined, 0 cells coarsened
  adapted to 571 child grid cells, 58 parent cells
  CPU time = 0.00214072 secs
  adapt/redo percent = 80.2352 19.7648
balance_grid rcb part
Balance grid migrated 279 cells
  CPU time = 0.00302263 secs
  reassign/sort/migrate/ghost percent = 9.88441 2.51433 81.0225 6.57877
next a
jump in.cell loop
variable a loop 125
run 		    20000
Memory usage per proc in Mbytes:
  particles (ave,min,max) = 2.53125 1.6875 3.375
  grid      (ave,min,max) = 1.89366 1.89366 1.89366
  surf      (ave,min,max) = 0.00391388 0.00391388 0.00391388
  total     (ave,min,max) = 4.42883 3.58508 5.27258
WALL Step CPU Np Natt Ncoll Nscoll Nscheck 
   12.847146    20000            0    19990      161       60        0        0 
    13.41397    21000    0.5668102    20988      139       77       44    15823 
   13.993064    22000    1.1459043    21987      133       56       33    15696 
   14.583494    23000    1.7363351    22986      144       61       35    16148 
   15.186064    24000    2.3389038    23983      150       62       37    16667 
   15.799404    25000    2.9522431    24982      140       61       28    16751 
   16.429315    26000     3.582154    25980      136       70       33    16905 
   17.072922    27000    4.2257609    26977      133       63       44    17578 
   17.734553    28000    4.8873917    27973      149       75       43    17540 
   18.408382    29000    5.5612221    28969      154       77       43    18252 
   19.102263    30000    6.2551023    29963      162       72       46    18662 
   19.810875    31000    6.9637151    30959      154       77       42    19150 
   20.541774    32000    7.6946146    31953      159       69       33    19154 
   21.302979    33000    8.4558196    32948      168       75       39    19881 
   22.094961    34000    9.2478014    33940      165       76       40    20193 
   22.913303    35000    10.066144    34932      170       73       42    20535 
   23.760032    36000    10.912872    35926      183       86       37    20793 
   24.637829    37000    11.790669    36912      179       89       37    21208 
   25.544762    38000      12.6976    37908      189       71       46    21801 
    26.47713    39000    13.629973    38896      188       88       49    22444 
   27.438551    40000     14.59139    39885      191       80       43    22413 
Loop time of 14.5915 on 2 procs for 20000 steps with 39885 particles

MPI task timing breakdown:
Section |  min time  |  avg time  |  max time  |%varavg| %total
---------------------------------------------------------------
Move    | 11.414     | 11.868     | 12.322     |  13.2 | 81.34
Coll    | 1.0129     | 1.1118     | 1.2106     |   9.4 |  7.62
Sort    | 0.56229    | 0.71917    | 0.87606    |  18.5 |  4.93
Comm    | 0.67937    | 0.88205    | 1.0847     |  21.6 |  6.04
Modify  | 0.0035594  | 0.0075918  | 0.011624   |   4.6 |  0.05
Output  | 0.00048044 | 0.00099129 | 0.0015021  |   0.0 |  0.01
Other   |            | 0.001842   |            |       |  0.01

Particle moves    = 599109965 (599M)
Cells touched     = 608037352 (608M)
Particle comms    = 174589 (0.175M)
Boundary collides = 0 (0K)
Boundary exits    = 105 (0.105K)
SurfColl checks   = 374084745 (374M)
SurfColl occurs   = 763207 (0.763M)
Surf reactions    = 0 (0K)
Collide attempts  = 3174089 (3.17M)
Collide occurs    = 1437674 (1.44M)
Gas reactions     = 0 (0K)
Particles stuck   = 0

Particle-moves/CPUsec/proc: 2.05294e+07
Particle-moves/step: 29955.5
Cell-touches/particle/step: 1.0149
Particle comm iterations/step: 1
Particle fraction communicated: 0.000291414
Particle fraction colliding with boundary: 0
Particle fraction exiting boundary: 1.7526e-07
Surface-checks/particle/step: 0.624401
Surface-collisions/particle/step: 0.0012739
Surface-reactions/particle/step: 0
Collision-attempts/particle/step: 0.00529801
Collisions/particle/step: 0.00239968
Gas-reactions/particle/step: 0

Particles: 19942.5 ave 23994 max 15891 min
Histogram: 1 0 0 0 0 0 0 0 0 1
Cells:     327.5 ave 539 max 116 min
Histogram: 1 0 0 0 0 0 0 0 0 1
GhostCell: 327.5 ave 539 max 116 min
Histogram: 1 0 0 0 0 0 0 0 0 1
EmptyCell: 0 ave 0 max 0 min
Histogram: 2 0 0 0 0 0 0 0 0 0
Surfs:     38 ave 38 max 38 min
Histogram: 2 0 0 0 0 0 0 0 0 0
GhostSurf: 0 ave 0 max 0 min
Histogram: 2 0 0 0 0 0 0 0 0 0
adapt_grid all refine particle 16 4
Adapting grid ...
  990 22 237 = cells outside/inside/overlapping surfs
  158 79 = surf cells with 1,2,etc splits
  0.00088564569665369 0.00088564569665369 = cell-wise and global flow volume
  226 cells refined, 0 cells coarsened
  adapted to 1249 child grid cells, 284 parent cells
  CPU time = 0.00283884 secs
  adapt/redo percent = 62.3486 37.6514
balance_grid rcb part
Balance grid migrated 102 cells
  CPU time = 0.00168483 secs
  reassign/sort/migrate/ghost percent = 17.8481 5.43361 55.4133 21.305
next a
jump in.cell loop
variable a loop 125
run 		    20000
Memory usage per proc in Mbytes:
  particles (ave,min,max) = 3.375 3.375 3.375
  grid      (ave,min,max) = 1.91263 1.91263 1.91263
  surf      (ave,min,max) = 0.00391388 0.00391388 0.00391388
  total     (ave,min,max) = 5.29154 5.29154 5.29154
WALL Step CPU Np Natt Ncoll Nscoll Nscheck 
   27.451463    40000            0    39885      191       80        0        0 
   28.346816    41000      0.89534    40869      134       70       56    11278 
   29.263166    42000    1.8116894    41863      149       65       45    11371 
   30.194315    43000    2.7428395    42842      175       79       44    11749 
   31.137001    44000     3.685525    43827      178       87       43    11683 
   32.108503    45000    4.6570279    44813      192       92       52    12064 
   33.102377    46000    5.6509013    45801      212      102       50    12118 
   34.111186    47000    6.6597101    46783      195       95       48    12358 
   35.142888    48000    7.6914125    47772      202       98       48    12463 
   36.197332    49000    8.7458608    48748      232      119       52    12520 
   37.271494    50000    9.8200162    49727      205      112       60    12943 
   38.368573    51000    10.917099    50709      218      117       53    13188 
    39.49565    52000    12.044174    51685      234      108       45    13401 
   40.648631    53000    13.197156    52662      233      115       54    13595 
   41.824209    54000    14.372733    53632      240      118       69    13709 
   43.024269    55000    15.572795    54613      224      105       56    13629 
    44.24792    56000    16.796444    55589      232      103       62    14255 
   45.496474    57000    18.044997    56568      252      129       53    14347 
    46.76988    58000    19.318405    57533      272      121       56    14421 
   48.069047    59000    20.617572    58515      276      122       57    14617 
   49.396464    60000    21.944992    59479      274      124       57    14684 
Loop time of 21.9451 on 2 procs for 20000 steps with 59479 particles

MPI task timing breakdown:
Section |  min time  |  avg time  |  max time  |%varavg| %total
---------------------------------------------------------------
Move    | 17.809     | 17.831     | 17.853     |   0.5 | 81.25
Coll    | 2.1202     | 2.1664     | 2.2126     |   3.1 |  9.87
Sort    | 1.3476     | 1.4705     | 1.5933     |  10.1 |  6.70
Comm    | 0.27904    | 0.46397    | 0.64891    |  27.2 |  2.11
Modify  | 0.0037927  | 0.0099473  | 0.016102   |   6.2 |  0.05
Output  | 0.00048151 | 0.00089193 | 0.0013024  |   0.0 |  0.00
Other   |            | 0.002255   |            |       |  0.01

Particle moves    = 994249568 (994M)
Cells touched     = 1023664182 (1.02B)
Particle comms    = 225810 (0.226M)
Boundary collides = 0 (0K)
Boundary exits    = 406 (0.406K)
SurfColl checks   = 259030587 (259M)
SurfColl occurs   = 1053734 (1.05M)
Surf reactions    = 0 (0K)
Collide attempts  = 4286698 (4.29M)
Collide occurs    = 2061816 (2.06M)
Gas reactions     = 0 (0K)
Particles stuck   = 0

Particle-moves/CPUsec/proc: 2.26531e+07
Particle-moves/step: 49712.5
Cell-touches/particle/step: 1.02958
Particle comm iterations/step: 1
Particle fraction communicated: 0.000227116
Particle fraction colliding with boundary: 0
Particle fraction exiting boundary: 4.08348e-07
Surface-checks/particle/step: 0.260529
Surface-collisions/particle/step: 0.00105983
Surface-reactions/particle/step: 0
Collision-attempts/particle/step: 0.00431149
Collisions/particle/step: 0.00207374
Gas-reactions/particle/step: 0

Particles: 29739.5 ave 32288 max 27191 min
Histogram: 1 0 0 0 0 0 0 0 0 1
Cells:     703.5 ave 950 max 457 min
Histogram: 1 0 0 0 0 0 0 0 0 1
GhostCell: 703.5 ave 950 max 457 min
Histogram: 1 0 0 0 0 0 0 0 0 1
EmptyCell: 0 ave 0 max 0 min
Histogram: 2 0 0 0 0 0 0 0 0 0
Surfs:     38 ave 38 max 38 min
Histogram: 2 0 0 0 0 0 0 0 0 0
GhostSurf: 0 ave 0 max 0 min
Histogram: 2 0 0 0 0 0 0 0 0 0
adapt_grid all refine particle 16 4
Adapting grid ...
  2951 23 429 = cells outside/inside/overlapping surfs
  325 104 = surf cells with 1,2,etc splits
  0.000885645696653689 0.00088564569665369 = cell-wise and global flow volume
  718 cells refined, 0 cells coarsened
  adapted to 3403 child grid cells, 1002 parent cells
  CPU time = 0.00598524 secs
  adapt/redo percent = 45.3564 54.6436
balance_grid rcb part
Balance grid migrated 89 cells
  CPU time = 0.00245692 secs
  reassign/sort/migrate/ghost percent = 18.7037 6.33854 40.2359 34.7218
next a
jump in.cell loop
variable a loop 125
run 		    20000
Memory usage per proc in Mbytes:
  particles (ave,min,max) = 3.375 3.375 3.375
  grid      (ave,min,max) = 1.97289 1.97289 1.97289
  surf      (ave,min,max) = 0.00391388 0.00391388 0.00391388
  total     (ave,min,max) = 5.3518 5.3518 5.3518
WALL Step CPU Np Natt Ncoll Nscoll Nscheck 
   49.408482    60000            0    59479      274      124        0        0 
   50.683355    61000    1.2748579    60442      222      112       66     3509 
   51.978904    62000     2.570408    61410      229      116       77     3498 
   53.290583    63000    3.8820851    62381      254      131       78     3608 
   54.625416    64000    5.2169207    63348      271      151       66     3555 
     56.0107    65000    6.6022042    64319      295      159       64     3708 
   57.413175    66000    8.0046792    65282      299      153       64     3627 
   58.845121    67000    9.4366243    66251      262      123       69     3693 
   60.298102    68000    10.889605    67207      337      187       72     3726 
    61.74368    69000    12.335182    68167      322      152       59     3888 
   63.196943    70000    13.788445    69128      313      166       68     3752 
   64.670839    71000    15.262343    70090      345      160       64     3835 
   66.165682    72000     16.75719    71051      321      155       72     3768 
    67.71471    73000    18.306214    72015      325      160       68     3897 
   69.281721    74000    19.873225    72977      358      175       52     3950 
   70.864341    75000    21.455845    73939      367      181       62     3935 
   72.469002    76000    23.060505    74900      366      177       83     4213 
   74.089044    77000    24.680548    75855      373      176       85     4155 
   75.730603    78000    26.322106    76811      388      188       71     4174 
   77.393069    79000    27.984572    77764      364      195       71     4096 
   79.083665    80000    29.675168    78719      380      187       72     4167 
Loop time of 29.6752 on 2 procs for 20000 steps with 78719 particles

MPI task timing breakdown:
Section |  min time  |  avg time  |  max time  |%varavg| %total
---------------------------------------------------------------
Move    | 23.386     | 23.44      | 23.495     |   1.1 | 78.99
Coll    | 3.2285     | 3.3327     | 3.4369     |   5.7 | 11.23
Sort    | 2.4206     | 2.4457     | 2.4707     |   1.6 |  8.24
Comm    | 0.35379    | 0.43895    | 0.5241     |  12.9 |  1.48
Modify  | 0.0041486  | 0.014142   | 0.024136   |   8.4 |  0.05
Output  | 0.00074649 | 0.00085098 | 0.00095547 |   0.0 |  0.00
Other   |            | 0.002748   |            |       |  0.01

Particle moves    = 1382461609 (1.38B)
Cells touched     = 1463227037 (1.46B)
Particle comms    = 304587 (0.305M)
Boundary collides = 0 (0K)
Boundary exits    = 760 (0.76K)
SurfColl checks   = 76172914 (76.2M)
SurfColl occurs   = 1354590 (1.35M)
Surf reactions    = 0 (0K)
Collide attempts  = 6346818 (6.35M)
Collide occurs    = 3194324 (3.19M)
Gas reactions     = 0 (0K)
Particles stuck   = 0

Particle-moves/CPUsec/proc: 2.32932e+07
Particle-moves/step: 69123.1
Cell-touches/particle/step: 1.05842
Particle comm iterations/step: 1
Particle fraction communicated: 0.000220322
Particle fraction colliding with boundary: 0
Particle fraction exiting boundary: 5.49744e-07
Surface-checks/particle/step: 0.0550995
Surface-collisions/particle/step: 0.000979839
Surface-reactions/particle/step: 0
Collision-attempts/particle/step: 0.00459095
Collisions/particle/step: 0.00231061
Gas-reactions/particle/step: 0

Particles: 39359.5 ave 40826 max 37893 min
Histogram: 1 0 0 0 0 0 0 0 0 1
Cells:     1805.5 ave 2123 max 1488 min
Histogram: 1 0 0 0 0 0 0 0 0 1
GhostCell: 1805.5 ave 2123 max 1488 min
Histogram: 1 0 0 0 0 0 0 0 0 1
EmptyCell: 0 ave 0 max 0 min
Histogram: 2 0 0 0 0 0 0 0 0 0
Surfs:     38 ave 38 max 38 min
Histogram: 2 0 0 0 0 0 0 0 0 0
GhostSurf: 0 ave 0 max 0 min
Histogram: 2 0 0 0 0 0 0 0 0 0
adapt_grid all refine particle 16 4
Adapting grid ...
  8728 69 486 = cells outside/inside/overlapping surfs
  379 107 = surf cells with 1,2,etc splits
  0.000885645696653683 0.00088564569665369 = cell-wise and global flow volume
  1960 cells refined, 0 cells coarsened
  adapted to 9283 child grid cells, 2962 parent cells
  CPU time = 0.0176603 secs
  adapt/redo percent = 34.1329 65.8671
balance_grid rcb part
Balance grid migrated 117 cells
  CPU time = 0.00525878 secs
  reassign/sort/migrate/ghost percent = 19.8011 8.6458 21.6967 49.8564
next a
jump in.cell loop
variable a loop 125
run 		    20000
Memory usage per proc in Mbytes:
  particles (ave,min,max) = 5.0625 5.0625 5.0625
  grid      (ave,min,max) = 3.07487 3.07487 3.07487
  surf      (ave,min,max) = 0.00391388 0.00391388 0.00391388
  total     (ave,min,max) = 8.14129 8.14129 8.14129
WALL Step CPU Np Natt Ncoll Nscoll Nscheck 
   79.115216    80000            0    78719      380      187        0        0 
   81.164385    81000    2.0491583    79666      322      184       83     3488 
   83.248725    82000     4.133498    80628      336      185       70     3583 
