running....
Running without a11y support!
SPARTA (24 Jan 2020)

# variables to be set in RunCells.jl
variable FNUM equal "3.600E+11"
variable ZMAX equal "3.500E-01"
variable RMAX equal "3.000E-02"
variable TIMESTEP equal "2.000E-07"
variable NPERSTEP equal "1.000E+00"
variable T1 equal "2.000E+00"
variable T2 equal "5.000E-01"

global		        fnum ${FNUM} cellmax 10000
global		        fnum 360000000000 cellmax 10000
seed	    	    12345
dimension   	    2
units               si
timestep 	        ${TIMESTEP}
timestep 	        2e-07

species		        he3.species He
mixture		        He He nrho 1 vstream 26.2 0 0 temp ${T1}
mixture		        He He nrho 1 vstream 26.2 0 0 temp 2
collide             vss He he3.vss #kk

# read_restart data/cell.restart.*

boundary	        o ao p
create_box  	    0 ${ZMAX} 0 ${RMAX} -0.1 0.1
create_box  	    0 0.35 0 ${RMAX} -0.1 0.1
create_box  	    0 0.35 0 0.03 -0.1 0.1
Created orthogonal box = (0 0 -0.1) to (0.35 0.03 0.1)
create_grid 	    20 20 1
Created 400 child grid cells
  parent cells = 1
  CPU time = 0.00163507 secs
  create/ghost percent = 79.4382 20.5618
balance_grid        rcb cell
Balance grid migrated 200 cells
  CPU time = 0.000943302 secs
  reassign/sort/migrate/ghost percent = 61.0204 0.379306 20.8789 17.7214

read_surf           data.cell
Reading surface file ...
  12 points
  12 lines
  0 0.06509 xlo xhi
  0 0.0254 ylo yhi
  0 0 zlo zhi
  0.00159 min line length
  42 = cells with surfs
  74 = total surfs in all grid cells
  4 = max surfs in one grid cell
  0.0908571 = min surf-size/cell-size ratio
  0 0 = number of pushed cells
  42 0 = cells overlapping surfs, overlap cells with unmarked corner pts
  356 2 42 = cells outside/inside/overlapping surfs
  30 12 = surf cells with 1,2,etc splits
  0.000929288775062441 0.000929288775062441 = cell-wise and global flow volume
  CPU time = 0.00636002 secs
  read/check/sort/surf2grid/ghost/inout/particle percent = 80.2666 2.44109 0.199905 11.0513 6.04102 2.65663 0.0150628
  surf2grid time = 0.000702868 secs
  map/rvous1/rvous2/split percent = 5.50644 15.2904 0.123352 57.0145
group       inlet surf id 12
1 surfaces in group inlet
fix		    in emit/surf He inlet n ${NPERSTEP} perspecies no
fix		    in emit/surf He inlet n 1 perspecies no

read_surf           data.diffuser
Reading surface file ...
  4 points
  16 lines
  0.00953 0.0127 xlo xhi
  0 0.00953 ylo yhi
  0 0 zlo zhi
  0.00317 min line length
  42 = cells with surfs
  90 = total surfs in all grid cells
  6 = max surfs in one grid cell
  0.0908571 = min surf-size/cell-size ratio
  0 0 = number of pushed cells
  42 0 = cells overlapping surfs, overlap cells with unmarked corner pts
  356 2 42 = cells outside/inside/overlapping surfs
  24 18 = surf cells with 1,2,etc splits
  0.000928384303459465 0.000928384303459465 = cell-wise and global flow volume
  CPU time = 0.00585768 secs
  read/check/sort/surf2grid/ghost/inout/particle percent = 86.5414 2.41899 0.286871 6.62149 4.13126 2.74955 0.0151596
  surf2grid time = 0.000387866 secs
  map/rvous1/rvous2/split percent = 9.04823 21.7415 0.27097 32.0051

read_surf           data.stages trans 65.09E-3 0 0 group stages
Reading surface file ...
  22 points
  38 lines
  0.06909 0.08017 xlo xhi
  0.00036 0.02223 ylo yhi
  0 0 zlo zhi
  0.00048 min line length
  57 = cells with surfs
  141 = total surfs in all grid cells
  10 = max surfs in one grid cell
  0.0274286 = min surf-size/cell-size ratio
  0 0 = number of pushed cells
  57 0 = cells overlapping surfs, overlap cells with unmarked corner pts
  341 2 57 = cells outside/inside/overlapping surfs
  33 24 = surf cells with 1,2,etc splits
  0.00091701917084806 0.00091701917084806 = cell-wise and global flow volume
  CPU time = 0.00366876 secs
  read/check/sort/surf2grid/ghost/inout/particle percent = 72.6097 5.81551 0.340061 14.844 6.3908 5.31109 0.034126
  surf2grid time = 0.000544589 secs
  map/rvous1/rvous2/split percent = 8.92306 23.1499 0.177198 33.43

surf_collide	    diffuse diffuse ${T1} 1.0
surf_collide	    diffuse diffuse 2 1.0
surf_collide	    cold diffuse ${T2} 1.0
surf_collide	    cold diffuse 0.5 1.0
surf_modify         all collide diffuse
surf_modify         stages collide cold

stats		    1000
stats_style	    wall step cpu np nattempt ncoll nscoll nscheck

# Run until convergence
label loop
variable a loop 125
run 		    20000
Memory usage per proc in Mbytes:
  particles (ave,min,max) = 0 0 0
  grid      (ave,min,max) = 1.88888 1.88888 1.88888
  surf      (ave,min,max) = 0.00391388 0.00391388 0.00391388
  total     (ave,min,max) = 1.89279 1.89279 1.89279
WALL Step CPU Np Natt Ncoll Nscoll Nscheck 
 0.033427811        0            0        0        0        0        0        0 
 0.083157107     1000  0.049677195     1000       33       10        6     5498 
  0.19287812     2000   0.15940005     2000       57       26       11     9553 
  0.37395082     3000    0.3404729     3000       72       39       15    12676 
  0.62218894     4000     0.588712     4000       80       35       14    15195 
  0.93542058     5000    0.9019446     5000       85       26       29    17229 
   1.3115352     6000    1.2780596     6000      101       36       22    19318 
   1.7468011     7000    1.7133235     6999      100       45       16    20771 
   2.2440984     8000    2.2106219     7999      103       44       23    22549 
   2.8011159     9000    2.7676388     8998      105       46       21    23623 
   3.4176453    10000    3.3841703     9997      107       43       22    25067 
   4.0906003    11000    4.0571237    10991      115       55       22    26430 
   4.8243552    12000    4.7908778    11990      118       55       25    27414 
   5.6097062    13000    5.5762298    12987      129       56       29    28841 
   6.4596268    14000    6.4261531    13977      119       43       37    30438 
   7.3612609    15000     7.327784    14971      125       59       28    31478 
   8.3260007    16000    8.2925237    15964      129       58       37    32684 
   9.3473832    17000    9.3139074    16957      131       50       38    34066 
   10.428693    18000    10.395217    17949      132       51       30    35179 
   11.574369    19000    11.540894    18936      146       64       33    36243 
    12.78031    20000    12.746834    19924      153       53       28    37917 
Loop time of 12.7469 on 2 procs for 20000 steps with 19924 particles

MPI task timing breakdown:
Section |  min time  |  avg time  |  max time  |%varavg| %total
---------------------------------------------------------------
Move    | 0.0041563  | 5.7257     | 11.447     | 239.1 | 44.92
Coll    | 0.0034455  | 0.36665    | 0.72985    |  60.0 |  2.88
Sort    | 0.0070082  | 0.24475    | 0.48249    |  48.1 |  1.92
Comm    | 0.068786   | 6.3985     | 12.728     | 250.2 | 50.20
Modify  | 0.0014504  | 0.0081282  | 0.014806   |   7.4 |  0.06
Output  | 0.0017284  | 0.0019716  | 0.0022147  |   0.5 |  0.02
Other   |            | 0.001272   |            |       |  0.01

Particle moves    = 199686862 (200M)
Cells touched     = 201494256 (201M)
Particle comms    = 22 (0.022K)
Boundary collides = 0 (0K)
Boundary exits    = 76 (0.076K)
SurfColl checks   = 474244459 (474M)
SurfColl occurs   = 461685 (0.462M)
Surf reactions    = 0 (0K)
Collide attempts  = 2062930 (2.06M)
Collide occurs    = 891677 (0.892M)
Gas reactions     = 0 (0K)
Particles stuck   = 0

Particle-moves/CPUsec/proc: 7.83274e+06
Particle-moves/step: 9984.34
Cell-touches/particle/step: 1.00905
Particle comm iterations/step: 1
Particle fraction communicated: 1.10172e-07
Particle fraction colliding with boundary: 0
Particle fraction exiting boundary: 3.80596e-07
Surface-checks/particle/step: 2.37494
Surface-collisions/particle/step: 0.00231204
Surface-reactions/particle/step: 0
Collision-attempts/particle/step: 0.0103308
Collisions/particle/step: 0.00446538
Gas-reactions/particle/step: 0

Particles: 9962 ave 19919 max 5 min
Histogram: 1 0 0 0 0 0 0 0 0 1
Cells:     224 ave 248 max 200 min
Histogram: 1 0 0 0 0 0 0 0 0 1
GhostCell: 224 ave 248 max 200 min
Histogram: 1 0 0 0 0 0 0 0 0 1
EmptyCell: 0 ave 0 max 0 min
Histogram: 2 0 0 0 0 0 0 0 0 0
Surfs:     38 ave 38 max 38 min
Histogram: 2 0 0 0 0 0 0 0 0 0
GhostSurf: 0 ave 0 max 0 min
Histogram: 2 0 0 0 0 0 0 0 0 0
adapt_grid all refine particle 16 4
Adapting grid ...
  458 9 107 = cells outside/inside/overlapping surfs
  62 45 = surf cells with 1,2,etc splits
  0.00091701917084806 0.00091701917084806 = cell-wise and global flow volume
  58 cells refined, 0 cells coarsened
  adapted to 574 child grid cells, 59 parent cells
  CPU time = 0.00208878 secs
  adapt/redo percent = 74.8635 25.1365
balance_grid rcb part
Balance grid migrated 279 cells
  CPU time = 0.00286525 secs
  reassign/sort/migrate/ghost percent = 10.4952 2.73784 77.6261 9.14091
next a
jump in.cell loop
variable a loop 125
run 		    20000
Memory usage per proc in Mbytes:
  particles (ave,min,max) = 2.53125 1.6875 3.375
  grid      (ave,min,max) = 1.89375 1.89375 1.89375
  surf      (ave,min,max) = 0.00391388 0.00391388 0.00391388
  total     (ave,min,max) = 4.42891 3.58516 5.27266
WALL Step CPU Np Natt Ncoll Nscoll Nscheck 
   12.792426    20000            0    19924      153       53        0        0 
   13.340116    21000   0.54767189    20910      130       60       39    15232 
   13.905455    22000    1.1130105    21897      132       69       37    15114 
   14.484322    23000    1.6918783    22870      140       56       37    15804 
   15.084476    24000     2.292033    23852      135       60       44    15904 
   15.699045    25000    2.9066018    24821      127       74       32    16265 
   16.321458    26000     3.529015    25797      128       56       29    16639 
   16.960958    27000    4.1685143    26758      137       50       34    17362 
   17.616017    28000    4.8235734    27734      149       75       38    17584 
   18.283451    29000    5.4910071    28700      144       66       50    18090 
   18.971588    30000    6.1791434    29663      151       67       35    18419 
   19.676331    31000    6.8838878    30639      156       71       40    18508 
   20.410464    32000    7.6180198    31593      153       70       45    19109 
   21.173766    33000    8.3813239    32556      153       70       43    19586 
   21.964835    34000    9.1723901    33515      166       75       43    20371 
   22.783813    35000    9.9913721    34471      172       68       46    20471 
   23.636448    36000    10.844006    35425      180       71       55    20937 
   24.520107    37000    11.727665    36378      181       74       49    21424 
   25.428923    38000     12.63648    37330      180       69       48    21732 
    26.36583    39000    13.573387    38268      184       76       63    22303 
   27.322308    40000    14.529865    39215      188       83       53    23092 
Loop time of 14.53 on 2 procs for 20000 steps with 39215 particles

MPI task timing breakdown:
Section |  min time  |  avg time  |  max time  |%varavg| %total
---------------------------------------------------------------
Move    | 11.568     | 11.918     | 12.267     |  10.1 | 82.02
Coll    | 1.0123     | 1.1037     | 1.1952     |   8.7 |  7.60
Sort    | 0.61886    | 0.73066    | 0.84246    |  13.1 |  5.03
Comm    | 0.61306    | 0.76546    | 0.91787    |  17.4 |  5.27
Modify  | 0.0037019  | 0.0088509  | 0.014      |   5.5 |  0.06
Output  | 0.00053829 | 0.0016334  | 0.0027285  |   2.7 |  0.01
Other   |            | 0.002158   |            |       |  0.01

Particle moves    = 592759842 (593M)
Cells touched     = 602913667 (603M)
Particle comms    = 191456 (0.191M)
Boundary collides = 0 (0K)
Boundary exits    = 709 (0.709K)
SurfColl checks   = 368992642 (369M)
SurfColl occurs   = 827417 (0.827M)
Surf reactions    = 0 (0K)
Collide attempts  = 3027127 (3.03M)
Collide occurs    = 1382263 (1.38M)
Gas reactions     = 0 (0K)
Particles stuck   = 0

Particle-moves/CPUsec/proc: 2.03978e+07
Particle-moves/step: 29638
Cell-touches/particle/step: 1.01713
Particle comm iterations/step: 1
Particle fraction communicated: 0.000322991
Particle fraction colliding with boundary: 0
Particle fraction exiting boundary: 1.1961e-06
Surface-checks/particle/step: 0.622499
Surface-collisions/particle/step: 0.00139587
Surface-reactions/particle/step: 0
Collision-attempts/particle/step: 0.00510684
Collisions/particle/step: 0.00233191
Gas-reactions/particle/step: 0

Particles: 19607.5 ave 22846 max 16369 min
Histogram: 1 0 0 0 0 0 0 0 0 1
Cells:     332 ave 545 max 119 min
Histogram: 1 0 0 0 0 0 0 0 0 1
GhostCell: 332 ave 545 max 119 min
Histogram: 1 0 0 0 0 0 0 0 0 1
EmptyCell: 0 ave 0 max 0 min
Histogram: 2 0 0 0 0 0 0 0 0 0
Surfs:     38 ave 38 max 38 min
Histogram: 2 0 0 0 0 0 0 0 0 0
GhostSurf: 0 ave 0 max 0 min
Histogram: 2 0 0 0 0 0 0 0 0 0
adapt_grid all refine particle 16 4
Adapting grid ...
  957 9 238 = cells outside/inside/overlapping surfs
  155 83 = surf cells with 1,2,etc splits
  0.00091701917084806 0.00091701917084806 = cell-wise and global flow volume
  210 cells refined, 0 cells coarsened
  adapted to 1204 child grid cells, 269 parent cells
  CPU time = 0.00283574 secs
  adapt/redo percent = 60.5187 39.4813
balance_grid rcb part
Balance grid migrated 87 cells
  CPU time = 0.00164103 secs
  reassign/sort/migrate/ghost percent = 21.1916 5.64543 49.1082 24.0548
next a
jump in.cell loop
variable a loop 125
run 		    20000
Memory usage per proc in Mbytes:
  particles (ave,min,max) = 3.375 3.375 3.375
  grid      (ave,min,max) = 1.91137 1.91137 1.91137
  surf      (ave,min,max) = 0.00391388 0.00391388 0.00391388
  total     (ave,min,max) = 5.29028 5.29028 5.29028
WALL Step CPU Np Natt Ncoll Nscoll Nscheck 
   27.333743    40000            0    39215      188       83        0        0 
   28.232377    41000   0.89861751    40166      163       82       49    10893 
   29.144631    42000    1.8108722    41085      168       80       39    11132 
   30.068913    43000    2.7351528    42025      195       88       61    11416 
   31.010813    44000    3.6770538    42961      199      106       43    11444 
   31.966316    45000     4.632557    43905      201       93       48    11484 
   32.948138    46000    5.6143778    44838      194       85       59    11930 
    33.99216    47000    6.6584003    45771      210      113       47    11967 
   35.062365    48000    7.7286051    46693      195       96       49    12244 
   36.144509    49000    8.8107501    47622      213       89       51    12344 
   37.259034    50000    9.9252816    48542      199      106       64    12787 
   38.394355    51000    11.060596    49465      238      120       68    12686 
   39.532016    52000     12.19826    50387      217      109       61    13077 
   40.719394    53000    13.385635    51298      233      118       48    13039 
   41.938859    54000    14.605098    52190      243      112       53    12936 
   43.143478    55000    15.809717    53101      260      117       57    13386 
   44.435394    56000    17.101634    54026      273      128       69    13600 
    45.72811    57000     18.39435    54939      270      131       51    13762 
   47.008754    58000    19.674994    55830      271      115       67    13695 
   48.334379    59000    21.000618    56717      260      114       66    14180 
   49.693938    60000    22.360178    57618      295      127       70    14499 
Loop time of 22.3603 on 2 procs for 20000 steps with 57618 particles

MPI task timing breakdown:
Section |  min time  |  avg time  |  max time  |%varavg| %total
---------------------------------------------------------------
Move    | 17.418     | 17.738     | 18.058     |   7.6 | 79.33
Coll    | 2.0742     | 2.1649     | 2.2556     |   6.2 |  9.68
Sort    | 1.4843     | 1.6361     | 1.788      |  11.9 |  7.32
Comm    | 0.24822    | 0.80233    | 1.3564     |  61.9 |  3.59
Modify  | 0.0058438  | 0.013671   | 0.021499   |   6.7 |  0.06
Output  | 0.00055119 | 0.0016942  | 0.0028373  |   2.8 |  0.01
Other   |            | 0.003523   |            |       |  0.02

Particle moves    = 969999688 (970M)
Cells touched     = 1003073916 (1B)
Particle comms    = 255449 (0.255M)
Boundary collides = 0 (0K)
Boundary exits    = 1597 (1.6K)
SurfColl checks   = 251507808 (252M)
SurfColl occurs   = 1141414 (1.14M)
Surf reactions    = 0 (0K)
Collide attempts  = 4433469 (4.43M)
Collide occurs    = 2142533 (2.14M)
Gas reactions     = 0 (0K)
Particles stuck   = 0

Particle-moves/CPUsec/proc: 2.16902e+07
Particle-moves/step: 48500
Cell-touches/particle/step: 1.0341
Particle comm iterations/step: 1
Particle fraction communicated: 0.00026335
Particle fraction colliding with boundary: 0
Particle fraction exiting boundary: 1.64639e-06
Surface-checks/particle/step: 0.259286
Surface-collisions/particle/step: 0.00117672
Surface-reactions/particle/step: 0
Collision-attempts/particle/step: 0.00457059
Collisions/particle/step: 0.0022088
Gas-reactions/particle/step: 0

Particles: 28809 ave 31370 max 26248 min
Histogram: 1 0 0 0 0 0 0 0 0 1
Cells:     685 ave 921 max 449 min
Histogram: 1 0 0 0 0 0 0 0 0 1
GhostCell: 685 ave 921 max 449 min
Histogram: 1 0 0 0 0 0 0 0 0 1
EmptyCell: 0 ave 0 max 0 min
Histogram: 2 0 0 0 0 0 0 0 0 0
Surfs:     38 ave 38 max 38 min
Histogram: 2 0 0 0 0 0 0 0 0 0
GhostSurf: 0 ave 0 max 0 min
Histogram: 2 0 0 0 0 0 0 0 0 0
adapt_grid all refine particle 16 4
Adapting grid ...
  2848 10 425 = cells outside/inside/overlapping surfs
  317 108 = surf cells with 1,2,etc splits
  0.00091701917084806 0.00091701917084806 = cell-wise and global flow volume
  693 cells refined, 0 cells coarsened
  adapted to 3283 child grid cells, 962 parent cells
  CPU time = 0.00654851 secs
  adapt/redo percent = 51.3608 48.6392
balance_grid rcb part
Balance grid migrated 92 cells
  CPU time = 0.00267851 secs
  reassign/sort/migrate/ghost percent = 22.5019 8.21375 37.9393 31.345
next a
jump in.cell loop
variable a loop 125
run 		    20000
Memory usage per proc in Mbytes:
  particles (ave,min,max) = 3.375 3.375 3.375
  grid      (ave,min,max) = 1.96953 1.96953 1.96953
  surf      (ave,min,max) = 0.00391388 0.00391388 0.00391388
  total     (ave,min,max) = 5.34844 5.34844 5.34844
WALL Step CPU Np Natt Ncoll Nscoll Nscheck 
   49.709974    60000            0    57618      295      127        0        0 
   51.027632    61000      1.31764    58528      235      131       55     3410 
   52.375182    62000      2.66519    59430      272      136       64     3371 
   53.786137    63000     4.076145    60317      265      127       60     3446 
   55.135822    64000    5.4258291    61181      302      166       68     3474 
   56.495852    65000    6.7858605    62061      268      125       71     3342 
   57.916926    66000    8.2069338    62939      281      157       70     3344 
   59.383403    67000    9.6734116    63835      305      148       76     3346 
   60.871165    68000    11.161174    64735      317      142       74     3469 
   62.372174    69000    12.662183    65615      328      169       54     3659 
   63.912278    70000    14.202285    66503      329      171       76     3652 
   65.418233    71000    15.708242    67382      349      190       72     3642 
   67.001238    72000    17.291248    68240      365      186       90     3690 
    68.56233    73000    18.852338    69109      335      178       72     3792 
   70.170763    74000    20.460771    69971      387      186       84     3670 
   71.782607    75000    22.072615    70849      383      189       84     3784 
   73.457114    76000    23.747121    71713      387      190       79     3823 
   75.167163    77000     25.45717    72558      420      211       73     3772 
   76.890312    78000     27.18032    73438      398      196       72     4001 
   78.643469    79000    28.933477    74298      419      218       73     3823 
   80.292932    80000    30.582939    75159      415      209       75     3764 
Loop time of 30.583 on 2 procs for 20000 steps with 75159 particles

MPI task timing breakdown:
Section |  min time  |  avg time  |  max time  |%varavg| %total
---------------------------------------------------------------
Move    | 23.315     | 23.381     | 23.447     |   1.4 | 76.45
Coll    | 3.2826     | 3.3904     | 3.4982     |   5.9 | 11.09
Sort    | 2.9632     | 3.0694     | 3.1756     |   6.1 | 10.04
Comm    | 0.66338    | 0.71567    | 0.76796    |   6.2 |  2.34
Modify  | 0.0080388  | 0.019695   | 0.03135    |   8.3 |  0.06
Output  | 0.0008736  | 0.0017242  | 0.0025748  |   2.0 |  0.01
Other   |            | 0.005133   |            |       |  0.02

Particle moves    = 1329136598 (1.33B)
Cells touched     = 1419515054 (1.42B)
Particle comms    = 344000 (0.344M)
Boundary collides = 0 (0K)
Boundary exits    = 2459 (2.46K)
SurfColl checks   = 71986046 (72M)
SurfColl occurs   = 1451410 (1.45M)
Surf reactions    = 0 (0K)
Collide attempts  = 6707548 (6.71M)
Collide occurs    = 3381910 (3.38M)
Gas reactions     = 0 (0K)
Particles stuck   = 0

Particle-moves/CPUsec/proc: 2.173e+07
Particle-moves/step: 66456.8
Cell-touches/particle/step: 1.068
Particle comm iterations/step: 1
Particle fraction communicated: 0.000258815
Particle fraction colliding with boundary: 0
Particle fraction exiting boundary: 1.85007e-06
Surface-checks/particle/step: 0.05416
Surface-collisions/particle/step: 0.00109199
Surface-reactions/particle/step: 0
Collision-attempts/particle/step: 0.00504655
Collisions/particle/step: 0.00254444
Gas-reactions/particle/step: 0

Particles: 37579.5 ave 38388 max 36771 min
Histogram: 1 0 0 0 0 0 0 0 0 1
Cells:     1749.5 ave 2020 max 1479 min
Histogram: 1 0 0 0 0 0 0 0 0 1
GhostCell: 1749.5 ave 2020 max 1479 min
Histogram: 1 0 0 0 0 0 0 0 0 1
EmptyCell: 0 ave 0 max 0 min
Histogram: 2 0 0 0 0 0 0 0 0 0
Surfs:     38 ave 38 max 38 min
Histogram: 2 0 0 0 0 0 0 0 0 0
GhostSurf: 0 ave 0 max 0 min
Histogram: 2 0 0 0 0 0 0 0 0 0
adapt_grid all refine particle 16 4
Adapting grid ...
  8395 56 466 = cells outside/inside/overlapping surfs
  354 112 = surf cells with 1,2,etc splits
  0.000917019170848055 0.00091701917084806 = cell-wise and global flow volume
  1878 cells refined, 0 cells coarsened
  adapted to 8917 child grid cells, 2840 parent cells
  CPU time = 0.016451 secs
  adapt/redo percent = 35.2214 64.7786
balance_grid rcb part
Balance grid migrated 117 cells
  CPU time = 0.00454842 secs
  reassign/sort/migrate/ghost percent = 21.0356 8.29895 16.6253 54.0402
next a
jump in.cell loop
variable a loop 125
run 		    20000
Memory usage per proc in Mbytes:
  particles (ave,min,max) = 5.0625 5.0625 5.0625
  grid      (ave,min,max) = 3.06464 3.06464 3.06464
  surf      (ave,min,max) = 0.00391388 0.00391388 0.00391388
  total     (ave,min,max) = 8.13105 8.13105 8.13105
WALL Step CPU Np Natt Ncoll Nscoll Nscheck 
   80.320697    80000            0    75159      415      209        0        0 
   82.447033    81000    2.1263243    76030      343      186       92     3494 
   84.653119    82000    4.3324044    76898      378      207       95     3349 
   86.946829    83000    6.6261147    77746      369      201       93     3378 
   89.197622    84000    8.8769085    78604      394      223       62     3456 
   91.581657    85000    11.260943    79472      409      211       72     3529 
   93.793427    86000    13.472712    80300      428      223       75     3724 
   96.179519    87000    15.858805    81156      456      247       86     3527 
   98.596505    88000    18.275791    81994      436      226       77     3498 
   100.99405    89000     20.67334    82867      443      230       91     3721 
   103.45127    90000    23.130559    83716      446      231       80     3567 
    105.7971    91000    25.476383    84536      491      288       93     3655 
   108.26288    92000    27.942165    85372      479      260      110     4003 
   110.82261    93000    30.501893    86192      491      242       71     3712 
   113.46665    94000    33.145932    87008      531      285       86     3834 
   116.04997    95000    35.729252    87858      523      260       74     3779 
   118.55643    96000    38.235716    88668      565      278       92     3953 
   121.13237    97000    40.811661    89453      572      296       97     3991 
   123.75231    98000    43.431591    90283      546      298      103     3942 
    126.5516    99000    46.230886    91121      535      272       94     3936 
   129.43193   100000    49.111214    91934      557      277      100     4124 
Loop time of 49.1114 on 2 procs for 20000 steps with 91934 particles

MPI task timing breakdown:
Section |  min time  |  avg time  |  max time  |%varavg| %total
---------------------------------------------------------------
Move    | 35.657     | 35.765     | 35.873     |   1.8 | 72.82
Coll    | 5.1374     | 5.2049     | 5.2723     |   3.0 | 10.60
Sort    | 6.1239     | 6.363      | 6.6022     |   9.5 | 12.96
Comm    | 1.4825     | 1.744      | 2.0054     |  19.8 |  3.55
Modify  | 0.0096111  | 0.026997   | 0.044383   |  10.6 |  0.05
Output  | 0.0011904  | 0.002205   | 0.0032197  |   2.2 |  0.00
Other   |            | 0.005501   |            |       |  0.01

Particle moves    = 1672805521 (1.67B)
Cells touched     = 1885964044 (1.89B)
Particle comms    = 447068 (0.447M)
Boundary collides = 0 (0K)
Boundary exits    = 3225 (3.23K)
SurfColl checks   = 74063824 (74.1M)
SurfColl occurs   = 1756682 (1.76M)
Surf reactions    = 0 (0K)
Collide attempts  = 9263900 (9.26M)
Collide occurs    = 4886101 (4.89M)
Gas reactions     = 0 (0K)
Particles stuck   = 0

Particle-moves/CPUsec/proc: 1.70307e+07
Particle-moves/step: 83640.3
Cell-touches/particle/step: 1.12743
Particle comm iterations/step: 1
Particle fraction communicated: 0.000267256
Particle fraction colliding with boundary: 0
Particle fraction exiting boundary: 1.9279e-06
Surface-checks/particle/step: 0.0442752
Surface-collisions/particle/step: 0.00105014
Surface-reactions/particle/step: 0
Collision-attempts/particle/step: 0.00553794
Collisions/particle/step: 0.0029209
Gas-reactions/particle/step: 0

Particles: 45967 ave 46971 max 44963 min
Histogram: 1 0 0 0 0 0 0 0 0 1
Cells:     4570.5 ave 4833 max 4308 min
Histogram: 1 0 0 0 0 0 0 0 0 1
GhostCell: 4570.5 ave 4833 max 4308 min
Histogram: 1 0 0 0 0 0 0 0 0 1
EmptyCell: 0 ave 0 max 0 min
Histogram: 2 0 0 0 0 0 0 0 0 0
Surfs:     38 ave 38 max 38 min
Histogram: 2 0 0 0 0 0 0 0 0 0
GhostSurf: 0 ave 0 max 0 min
Histogram: 2 0 0 0 0 0 0 0 0 0
adapt_grid all refine particle 16 4
Adapting grid ...
  11772 112 504 = cells outside/inside/overlapping surfs
  392 112 = surf cells with 1,2,etc splits
  0.000917019170848057 0.00091701917084806 = cell-wise and global flow volume
  1157 cells refined, 0 cells coarsened
  adapted to 12388 child grid cells, 3997 parent cells
  CPU time = 0.021479 secs
  adapt/redo percent = 25.1487 74.8513
balance_grid rcb part
Balance grid migrated 185 cells
  CPU time = 0.00676738 secs
  reassign/sort/migrate/ghost percent = 19.7735 9.94187 15.5424 54.7422
next a
jump in.cell loop
variable a loop 125
run 		    20000
Memory usage per proc in Mbytes:
  particles (ave,min,max) = 5.0625 5.0625 5.0625
  grid      (ave,min,max) = 3.16174 3.16174 3.16174
  surf      (ave,min,max) = 0.00391388 0.00391388 0.00391388
  total     (ave,min,max) = 8.22815 8.22815 8.22815
WALL Step CPU Np Natt Ncoll Nscoll Nscheck 
   129.46712   100000            0    91934      557      277        0        0 
   132.43987   101000    2.9727331    92747      485      288      118     3908 
   135.95916   102000    6.4920253    93523      488      264      104     3964 
   139.70063   103000    10.233495    94315      544      308       93     3878 
   143.39096   104000    13.923822    95099      569      311       86     3865 
   147.14236   105000    17.675227    95884      544      268       92     4006 
   150.71201   106000    21.244868    96684      573      280       98     4010 
   154.43827   107000    24.971132    97478      625      331      102     4163 
   158.15962   108000    28.692478    98249      659      344       99     4082 
   161.96362   109000    32.496486    99008      663      370       96     4211 
    165.6616   110000    36.194462    99770      661      363      104     3966 
    169.5556   111000     40.08847   100566      622      324      103     4126 
   173.56229   112000    44.095157   101366      687      339       94     4217 
   177.47261   113000    48.005474   102150      650      321      104     4270 
   181.09274   114000    51.625605   102926      698      359       97     4174 
   185.20639   115000    55.739252   103695      678      350      112     4205 
   189.15418   116000    59.687045   104483      718      375      100     4427 
   192.87312   117000    63.405985   105262      745      372      111     4230 
