running....
Running without a11y support!
SPARTA (24 Jan 2020)

# variables to be set in RunCells.jl
variable FNUM equal "3.600E+11"
variable ZMAX equal "3.500E-01"
variable RMAX equal "3.000E-02"
variable TIMESTEP equal "2.000E-07"
variable NPERSTEP equal "1.000E+00"
variable T1 equal "2.000E+00"
variable T2 equal "5.000E-01"

global		        fnum ${FNUM} cellmax 10000
global		        fnum 360000000000 cellmax 10000
seed	    	    12345
dimension   	    2
units               si
timestep 	        ${TIMESTEP}
timestep 	        2e-07

species		        he3.species He
mixture		        He He nrho 1 vstream 26.2 0 0 temp ${T1}
mixture		        He He nrho 1 vstream 26.2 0 0 temp 2
collide             vss He he3.vss #kk

# read_restart data/cell.restart.*

boundary	        o ao p
create_box  	    0 ${ZMAX} 0 ${RMAX} -0.1 0.1
create_box  	    0 0.35 0 ${RMAX} -0.1 0.1
create_box  	    0 0.35 0 0.03 -0.1 0.1
Created orthogonal box = (0 0 -0.1) to (0.35 0.03 0.1)
create_grid 	    20 20 1
Created 400 child grid cells
  parent cells = 1
  CPU time = 0.00156346 secs
  create/ghost percent = 80.916 19.084
balance_grid        rcb cell
Balance grid migrated 200 cells
  CPU time = 0.000615805 secs
  reassign/sort/migrate/ghost percent = 47.3497 0.547089 26.2016 25.9015

read_surf           data.cell
Reading surface file ...
  12 points
  12 lines
  0 0.06509 xlo xhi
  0 0.0254 ylo yhi
  0 0 zlo zhi
  0.00159 min line length
  42 = cells with surfs
  74 = total surfs in all grid cells
  4 = max surfs in one grid cell
  0.0908571 = min surf-size/cell-size ratio
  0 0 = number of pushed cells
  42 0 = cells overlapping surfs, overlap cells with unmarked corner pts
  356 2 42 = cells outside/inside/overlapping surfs
  30 12 = surf cells with 1,2,etc splits
  0.000929288775062441 0.000929288775062441 = cell-wise and global flow volume
  CPU time = 0.00610567 secs
  read/check/sort/surf2grid/ghost/inout/particle percent = 82.8929 1.30769 0.211508 9.54835 6.03956 1.76945 0.145095
  surf2grid time = 0.000582991 secs
  map/rvous1/rvous2/split percent = 6.62394 19.4121 0.163639 63.7559
group       inlet surf id 12
1 surfaces in group inlet
fix		    in emit/surf He inlet n ${NPERSTEP} perspecies no
fix		    in emit/surf He inlet n 1 perspecies no

read_surf           data.diffuser
Reading surface file ...
  4 points
  16 lines
  0.00953 0.0127 xlo xhi
  0 0.00953 ylo yhi
  0 0 zlo zhi
  0.00317 min line length
  42 = cells with surfs
  90 = total surfs in all grid cells
  6 = max surfs in one grid cell
  0.0908571 = min surf-size/cell-size ratio
  0 0 = number of pushed cells
  42 0 = cells overlapping surfs, overlap cells with unmarked corner pts
  356 2 42 = cells outside/inside/overlapping surfs
  24 18 = surf cells with 1,2,etc splits
  0.000928384303459465 0.000928384303459465 = cell-wise and global flow volume
  CPU time = 0.00574881 secs
  read/check/sort/surf2grid/ghost/inout/particle percent = 87.6587 1.276 0.280719 5.84757 4.93702 2.07253 0.125052
  surf2grid time = 0.000336166 secs
  map/rvous1/rvous2/split percent = 16.5939 33.4891 0.372138 30.2571

read_surf           data.stages trans 65.09E-3 0 0 group stages
Reading surface file ...
  22 points
  38 lines
  0.06909 0.09017 xlo xhi
  0.00036 0.02223 ylo yhi
  0 0 zlo zhi
  0.00048 min line length
  59 = cells with surfs
  143 = total surfs in all grid cells
  10 = max surfs in one grid cell
  0.0274286 = min surf-size/cell-size ratio
  0 0 = number of pushed cells
  59 0 = cells overlapping surfs, overlap cells with unmarked corner pts
  334 7 59 = cells outside/inside/overlapping surfs
  35 24 = surf cells with 1,2,etc splits
  0.000906561346116603 0.000906561346116603 = cell-wise and global flow volume
  CPU time = 0.00329353 secs
  read/check/sort/surf2grid/ghost/inout/particle percent = 78.3975 3.14632 0.405371 10.9096 7.14121 3.30232 0.221647
  surf2grid time = 0.00035931 secs
  map/rvous1/rvous2/split percent = 13.4394 33.1984 0.18285 34.2504

surf_collide	    diffuse diffuse ${T1} 1.0
surf_collide	    diffuse diffuse 2 1.0
surf_collide	    cold diffuse ${T2} 1.0
surf_collide	    cold diffuse 0.5 1.0
surf_modify         all collide diffuse
surf_modify         stages collide cold

stats		    1000
stats_style	    wall step cpu np nattempt ncoll nscoll nscheck

# Run until convergence
label loop
variable a loop 125
run 		    20000
Memory usage per proc in Mbytes:
  particles (ave,min,max) = 0 0 0
  grid      (ave,min,max) = 1.88888 1.88888 1.88888
  surf      (ave,min,max) = 0.00391388 0.00391388 0.00391388
  total     (ave,min,max) = 1.89279 1.89279 1.89279
WALL Step CPU Np Natt Ncoll Nscoll Nscheck 
 0.029347724        0            0        0        0        0        0        0 
 0.079494604     1000  0.050126489     1000       33       10        6     5498 
  0.18919813     2000    0.1598289     2000       57       26       11     9553 
  0.37043721     3000   0.34107529     3000       72       39       15    12676 
  0.61843452     4000    0.5890724     4000       80       35       14    15195 
  0.93053276     5000   0.90116438     5000       85       26       29    17209 
   1.3066624     6000    1.2773038     6000       99       47       16    19269 
   1.7438538     7000    1.7144887     7000      102       47       19    20682 
   2.2364819     8000    2.2071184     8000      107       46       23    22358 
   2.7898475     9000    2.7604839     9000      102       45       30    23723 
   3.3992751    10000    3.3699116    10000      116       59       22    24883 
   4.0689902    11000    4.0396222    10999      112       42       23    26043 
   4.8007104    12000    4.7713455    11999      107       48       32    27675 
   5.5923342    13000    5.5629768    12999      114       42       30    28607 
   6.4386586    14000    6.4092976    13998      125       60       27    30030 
   7.3510889    15000    7.3217233    14997      121       54       25    31567 
   8.3232495    16000    8.2938901    15993      127       59       32    32609 
   9.3610646    17000    9.3317021    16987      128       54       35    33733 
   10.458161    18000    10.428797    17980      132       60       42    35243 
    11.61847    19000     11.58911    18970      128       57       29    36179 
   12.837356    20000    12.807993    19963      129       59       36    37473 
Loop time of 12.8081 on 2 procs for 20000 steps with 19963 particles

MPI task timing breakdown:
Section |  min time  |  avg time  |  max time  |%varavg| %total
---------------------------------------------------------------
Move    | 0.0040623  | 5.7349     | 11.466     | 239.3 | 44.78
Coll    | 0.0036639  | 0.37227    | 0.74089    |  60.4 |  2.91
Sort    | 0.0078352  | 0.2547     | 0.50157    |  48.9 |  1.99
Comm    | 0.079979   | 6.4339     | 12.788     | 250.5 | 50.23
Modify  | 0.0017149  | 0.0093227  | 0.016931   |   7.9 |  0.07
Output  | 0.0011754  | 0.0014865  | 0.0017976  |   0.8 |  0.01
Other   |            | 0.00152    |            |       |  0.01

Particle moves    = 199916619 (200M)
Cells touched     = 201723899 (202M)
Particle comms    = 13 (0.013K)
Boundary collides = 0 (0K)
Boundary exits    = 37 (0.037K)
SurfColl checks   = 471815293 (472M)
SurfColl occurs   = 461155 (0.461M)
Surf reactions    = 0 (0K)
Collide attempts  = 2028428 (2.03M)
Collide occurs    = 881390 (0.881M)
Gas reactions     = 0 (0K)
Particles stuck   = 0

Particle-moves/CPUsec/proc: 7.80432e+06
Particle-moves/step: 9995.83
Cell-touches/particle/step: 1.00904
Particle comm iterations/step: 1
Particle fraction communicated: 6.50271e-08
Particle fraction colliding with boundary: 0
Particle fraction exiting boundary: 1.85077e-07
Surface-checks/particle/step: 2.36006
Surface-collisions/particle/step: 0.00230674
Surface-reactions/particle/step: 0
Collision-attempts/particle/step: 0.0101464
Collisions/particle/step: 0.00440879
Gas-reactions/particle/step: 0

Particles: 9981.5 ave 19958 max 5 min
Histogram: 1 0 0 0 0 0 0 0 0 1
Cells:     224 ave 248 max 200 min
Histogram: 1 0 0 0 0 0 0 0 0 1
GhostCell: 224 ave 248 max 200 min
Histogram: 1 0 0 0 0 0 0 0 0 1
EmptyCell: 0 ave 0 max 0 min
Histogram: 2 0 0 0 0 0 0 0 0 0
Surfs:     38 ave 38 max 38 min
Histogram: 2 0 0 0 0 0 0 0 0 0
GhostSurf: 0 ave 0 max 0 min
Histogram: 2 0 0 0 0 0 0 0 0 0
adapt_grid all refine particle 16 4
Adapting grid ...
  457 15 105 = cells outside/inside/overlapping surfs
  63 42 = surf cells with 1,2,etc splits
  0.000906561346116603 0.000906561346116603 = cell-wise and global flow volume
  59 cells refined, 0 cells coarsened
  adapted to 577 child grid cells, 60 parent cells
  CPU time = 0.00216381 secs
  adapt/redo percent = 78.8936 21.1064
balance_grid rcb part
Balance grid migrated 281 cells
  CPU time = 0.00304952 secs
  reassign/sort/migrate/ghost percent = 11.3816 2.96489 77.8036 7.84989
next a
jump in.cell loop
variable a loop 125
run 		    20000
Memory usage per proc in Mbytes:
  particles (ave,min,max) = 2.53125 1.6875 3.375
  grid      (ave,min,max) = 1.89383 1.89383 1.89383
  surf      (ave,min,max) = 0.00391388 0.00391388 0.00391388
  total     (ave,min,max) = 4.42899 3.58524 5.27274
WALL Step CPU Np Natt Ncoll Nscoll Nscheck 
   12.848611    20000            0    19963      129       59        0        0 
   13.406654    21000    0.5580373    20951      133       65       40    14818 
   13.973454    22000    1.1248306    21936      128       70       35    14975 
   14.555689    23000    1.7070706    22925      134       53       34    15320 
   15.155093    24000    2.3064689    23900      138       70       39    15806 
   15.772393    25000     2.923778    24886      122       54       35    16002 
   16.406688    26000    3.5580657    25869      140       69       40    16158 
    17.05269    27000    4.2040648    26848      132       58       40    16855 
   17.713409    28000     4.864789    27832      130       63       44    17221 
   18.390731    29000    5.5421144    28816      141       51       39    17288 
   19.085213    30000    6.2365892    29787      144       61       40    18023 
   19.799066    31000    6.9504451    30763      156       77       34    18103 
   20.529583    32000    7.6809674    31734      155       74       40    18764 
    21.28058    33000    8.4319562    32701      152       67       45    19205 
   22.056329    34000    9.2077181    33673      165       87       43    19763 
   22.859101    35000    10.010479    34642      172       78       28    20243 
   23.690017    36000    10.841398    35621      177       81       35    20578 
   24.544264    37000    11.695647    36574      182       82       39    20660 
   25.430253    38000    12.581634    37537      192       90       49    21217 
   26.347253    39000    13.498636    38497      181       81       52    21488 
   27.292637    40000    14.444022    39452      191       86       55    21913 
Loop time of 14.4441 on 2 procs for 20000 steps with 39452 particles

MPI task timing breakdown:
Section |  min time  |  avg time  |  max time  |%varavg| %total
---------------------------------------------------------------
Move    | 11.328     | 11.863     | 12.399     |  15.5 | 82.13
Coll    | 1.0308     | 1.107      | 1.1832     |   7.2 |  7.66
Sort    | 0.63139    | 0.73064    | 0.82988    |  11.6 |  5.06
Comm    | 0.36701    | 0.73237    | 1.0977     |  42.7 |  5.07
Modify  | 0.0031107  | 0.0080988  | 0.013087   |   5.5 |  0.06
Output  | 0.00047634 | 0.0010008  | 0.0015252  |   1.7 |  0.01
Other   |            | 0.001869   |            |       |  0.01

Particle moves    = 595216272 (595M)
Cells touched     = 605388281 (605M)
Particle comms    = 187234 (0.187M)
Boundary collides = 0 (0K)
Boundary exits    = 511 (0.511K)
SurfColl checks   = 360870625 (361M)
SurfColl occurs   = 827323 (0.827M)
Surf reactions    = 0 (0K)
Collide attempts  = 2978173 (2.98M)
Collide occurs    = 1374038 (1.37M)
Gas reactions     = 0 (0K)
Particles stuck   = 0

Particle-moves/CPUsec/proc: 2.06041e+07
Particle-moves/step: 29760.8
Cell-touches/particle/step: 1.01709
Particle comm iterations/step: 1
Particle fraction communicated: 0.000314565
Particle fraction colliding with boundary: 0
Particle fraction exiting boundary: 8.58511e-07
Surface-checks/particle/step: 0.606285
Surface-collisions/particle/step: 0.00138995
Surface-reactions/particle/step: 0
Collision-attempts/particle/step: 0.00500351
Collisions/particle/step: 0.00230847
Gas-reactions/particle/step: 0

Particles: 19726 ave 23068 max 16384 min
Histogram: 1 0 0 0 0 0 0 0 0 1
Cells:     330.5 ave 541 max 120 min
Histogram: 1 0 0 0 0 0 0 0 0 1
GhostCell: 330.5 ave 541 max 120 min
Histogram: 1 0 0 0 0 0 0 0 0 1
EmptyCell: 0 ave 0 max 0 min
Histogram: 2 0 0 0 0 0 0 0 0 0
Surfs:     38 ave 38 max 38 min
Histogram: 2 0 0 0 0 0 0 0 0 0
GhostSurf: 0 ave 0 max 0 min
Histogram: 2 0 0 0 0 0 0 0 0 0
adapt_grid all refine particle 16 4
Adapting grid ...
  988 15 234 = cells outside/inside/overlapping surfs
  155 79 = surf cells with 1,2,etc splits
  0.000906561346116603 0.000906561346116603 = cell-wise and global flow volume
  220 cells refined, 0 cells coarsened
  adapted to 1237 child grid cells, 280 parent cells
  CPU time = 0.00277646 secs
  adapt/redo percent = 61.4418 38.5582
balance_grid rcb part
Balance grid migrated 70 cells
  CPU time = 0.00175732 secs
  reassign/sort/migrate/ghost percent = 18.9814 5.58766 47.3825 28.0484
next a
jump in.cell loop
variable a loop 125
run 		    20000
Memory usage per proc in Mbytes:
  particles (ave,min,max) = 3.375 3.375 3.375
  grid      (ave,min,max) = 1.91229 1.91229 1.91229
  surf      (ave,min,max) = 0.00391388 0.00391388 0.00391388
  total     (ave,min,max) = 5.29121 5.29121 5.29121
WALL Step CPU Np Natt Ncoll Nscoll Nscheck 
   27.303337    40000            0    39452      191       86        0        0 
   28.214836    41000   0.91148689    40414      180       93       49    11106 
   29.149548    42000    1.8461991    41367      181       88       48    11563 
   30.100007    43000    2.7966617    42325      192       94       48    11560 
   31.063688    44000    3.7603456    43280      174       86       48    11566 
   32.048518    45000    4.7451707    44222      184       86       45    11637 
   33.046984    46000    5.7436376    45174      199       97       67    11968 
   34.064741    47000    6.7613975    46114      198       87       52    12178 
   35.105875    48000    7.8025328    47069      229      105       48    12561 
   36.163376    49000    8.8600329    48017      228      108       57    12548 
   37.243122    50000    9.9397787    48947      199       98       55    12709 
   38.349472    51000    11.046123    49882      235      116       61    12986 
   39.478962    52000    12.175615    50820      239      118       61    13319 
   40.638205    53000    13.334857    51762      233      102       53    13480 
    41.81274    54000    14.509389    52685      248      116       67    13560 
   43.016358    55000    15.713009    53621      260      124       50    13527 
     44.2464    56000    16.943051    54540      264      122       61    13688 
   45.498451    57000    18.195101    55468      274      119       63    13965 
   46.775216    58000    19.471866    56392      281      138       70    14256 
   48.079029    59000     20.77568    57315      253      119       59    14440 
   49.403034    60000    22.099685    58226      267      133       63    14606 
Loop time of 22.0998 on 2 procs for 20000 steps with 58226 particles

MPI task timing breakdown:
Section |  min time  |  avg time  |  max time  |%varavg| %total
---------------------------------------------------------------
Move    | 17.818     | 17.867     | 17.915     |   1.1 | 80.85
Coll    | 2.1319     | 2.1762     | 2.2205     |   3.0 |  9.85
Sort    | 1.5648     | 1.5768     | 1.5888     |   1.0 |  7.13
Comm    | 0.4567     | 0.46098    | 0.46526    |   0.6 |  2.09
Modify  | 0.0038439  | 0.015219   | 0.026594   |   9.2 |  0.07
Output  | 0.00050201 | 0.00090666 | 0.0013113  |   0.0 |  0.00
Other   |            | 0.003039   |            |       |  0.01

Particle moves    = 978279120 (978M)
Cells touched     = 1011441459 (1.01B)
Particle comms    = 291369 (0.291M)
Boundary collides = 0 (0K)
Boundary exits    = 1226 (1.23K)
SurfColl checks   = 255255047 (255M)
SurfColl occurs   = 1142719 (1.14M)
Surf reactions    = 0 (0K)
Collide attempts  = 4438614 (4.44M)
Collide occurs    = 2136240 (2.14M)
Gas reactions     = 0 (0K)
Particles stuck   = 0

Particle-moves/CPUsec/proc: 2.21333e+07
Particle-moves/step: 48914
Cell-touches/particle/step: 1.0339
Particle comm iterations/step: 1
Particle fraction communicated: 0.000297838
Particle fraction colliding with boundary: 0
Particle fraction exiting boundary: 1.25322e-06
Surface-checks/particle/step: 0.260923
Surface-collisions/particle/step: 0.00116809
Surface-reactions/particle/step: 0
Collision-attempts/particle/step: 0.00453717
Collisions/particle/step: 0.00218367
Gas-reactions/particle/step: 0

Particles: 29113 ave 31273 max 26953 min
Histogram: 1 0 0 0 0 0 0 0 0 1
Cells:     697.5 ave 954 max 441 min
Histogram: 1 0 0 0 0 0 0 0 0 1
GhostCell: 697.5 ave 954 max 441 min
Histogram: 1 0 0 0 0 0 0 0 0 1
EmptyCell: 0 ave 0 max 0 min
Histogram: 2 0 0 0 0 0 0 0 0 0
Surfs:     38 ave 38 max 38 min
Histogram: 2 0 0 0 0 0 0 0 0 0
GhostSurf: 0 ave 0 max 0 min
Histogram: 2 0 0 0 0 0 0 0 0 0
adapt_grid all refine particle 16 4
Adapting grid ...
  2913 16 429 = cells outside/inside/overlapping surfs
  321 108 = surf cells with 1,2,etc splits
  0.000906561346116602 0.000906561346116603 = cell-wise and global flow volume
  707 cells refined, 0 cells coarsened
  adapted to 3358 child grid cells, 987 parent cells
  CPU time = 0.00680147 secs
  adapt/redo percent = 52.7826 47.2174
balance_grid rcb part
Balance grid migrated 129 cells
  CPU time = 0.00253204 secs
  reassign/sort/migrate/ghost percent = 24.2749 9.10834 30.8552 35.7615
next a
jump in.cell loop
variable a loop 125
run 		    20000
Memory usage per proc in Mbytes:
  particles (ave,min,max) = 3.375 3.375 3.375
  grid      (ave,min,max) = 1.97163 1.97163 1.97163
  surf      (ave,min,max) = 0.00391388 0.00391388 0.00391388
  total     (ave,min,max) = 5.35054 5.35054 5.35054
WALL Step CPU Np Natt Ncoll Nscoll Nscheck 
   49.418478    60000            0    58226      267      133        0        0 
   50.755095    61000    1.3366031    59150      259      142       75     3561 
   52.119527    62000    2.7010345    60057      276      138       74     3801 
    53.51597    63000    4.0974788    60964      276      140       68     3600 
   54.943193    64000    5.5247011    61886      293      144       73     3655 
   56.370907    65000    6.9524271    62785      299      163       76     3673 
   57.811461    66000    8.3929698    63684      309      153       72     3768 
   59.307355    67000    9.8888634    64592      344      178       76     3888 
   60.820132    68000    11.401641    65491      306      151       74     3934 
   62.367412    69000    12.948925    66383      331      166       72     4076 
   63.937651    70000     14.51916    67260      358      173       72     3891 
   65.515647    71000    16.097155    68150      352      187       80     4126 
   67.102668    72000    17.684175    69029      357      189       68     3949 
   68.709176    73000    19.290684    69924      366      170       71     4076 
    70.33983    74000    20.921337    70790      375      184       88     4063 
   71.984814    75000     22.56632    71677      413      225       82     4177 
   73.657504    76000    24.239012    72565      407      194       73     4193 
   75.369005    77000    25.950514    73447      415      214       74     4176 
   77.114236    78000    27.695745    74322      397      183       95     4324 
   78.869942    79000    29.451452    75170      416      186       75     4220 
   80.644573    80000    31.226082    76058      433      196       80     4477 
Loop time of 31.2262 on 2 procs for 20000 steps with 76058 particles

MPI task timing breakdown:
Section |  min time  |  avg time  |  max time  |%varavg| %total
---------------------------------------------------------------
Move    | 23.569     | 23.71      | 23.851     |   2.9 | 75.93
Coll    | 3.2624     | 3.4543     | 3.6461     |  10.3 | 11.06
Sort    | 2.6868     | 3.0694     | 3.452      |  21.8 |  9.83
Comm    | 0.2299     | 0.96297    | 1.696      |  74.7 |  3.08
Modify  | 0.0061655  | 0.023285   | 0.040404   |  11.2 |  0.07
Output  | 0.0011618  | 0.0015065  | 0.0018512  |   0.9 |  0.00
Other   |            | 0.004843   |            |       |  0.02

Particle moves    = 1344488603 (1.34B)
Cells touched     = 1435089278 (1.44B)
Particle comms    = 384807 (0.385M)
Boundary collides = 0 (0K)
Boundary exits    = 2168 (2.17K)
SurfColl checks   = 79582063 (79.6M)
SurfColl occurs   = 1462096 (1.46M)
Surf reactions    = 0 (0K)
Collide attempts  = 6736040 (6.74M)
Collide occurs    = 3391545 (3.39M)
Gas reactions     = 0 (0K)
Particles stuck   = 0

Particle-moves/CPUsec/proc: 2.15282e+07
Particle-moves/step: 67224.4
Cell-touches/particle/step: 1.06739
Particle comm iterations/step: 1
Particle fraction communicated: 0.000286211
Particle fraction colliding with boundary: 0
Particle fraction exiting boundary: 1.61251e-06
Surface-checks/particle/step: 0.0591913
Surface-collisions/particle/step: 0.00108747
Surface-reactions/particle/step: 0
Collision-attempts/particle/step: 0.00501011
Collisions/particle/step: 0.00252255
Gas-reactions/particle/step: 0

Particles: 38029 ave 39237 max 36821 min
Histogram: 1 0 0 0 0 0 0 0 0 1
Cells:     1787 ave 2101 max 1473 min
Histogram: 1 0 0 0 0 0 0 0 0 1
GhostCell: 1787 ave 2101 max 1473 min
Histogram: 1 0 0 0 0 0 0 0 0 1
EmptyCell: 0 ave 0 max 0 min
Histogram: 2 0 0 0 0 0 0 0 0 0
Surfs:     38 ave 38 max 38 min
Histogram: 2 0 0 0 0 0 0 0 0 0
GhostSurf: 0 ave 0 max 0 min
Histogram: 2 0 0 0 0 0 0 0 0 0
adapt_grid all refine particle 16 4
Adapting grid ...
  8506 68 484 = cells outside/inside/overlapping surfs
  367 117 = surf cells with 1,2,etc splits
  0.000906561346116597 0.000906561346116603 = cell-wise and global flow volume
  1900 cells refined, 0 cells coarsened
  adapted to 9058 child grid cells, 2887 parent cells
  CPU time = 0.0189216 secs
  adapt/redo percent = 40.4771 59.5229
balance_grid rcb part
Balance grid migrated 131 cells
  CPU time = 0.0052532 secs
  reassign/sort/migrate/ghost percent = 20.1734 10.1096 16.9361 52.7809
next a
jump in.cell loop
variable a loop 125
run 		    20000
Memory usage per proc in Mbytes:
  particles (ave,min,max) = 5.0625 5.0625 5.0625
  grid      (ave,min,max) = 3.06858 3.06858 3.06858
  surf      (ave,min,max) = 0.00391388 0.00391388 0.00391388
  total     (ave,min,max) = 8.13499 8.13499 8.13499
WALL Step CPU Np Natt Ncoll Nscoll Nscheck 
   80.674928    80000            0    76058      433      196        0        0 
   82.987202    81000    2.3122622    76923      390      236       83     3802 
   85.309362    82000    4.6344241    77790      410      233       66     3796 
   87.647639    83000     6.972701    78665      374      211       79     3802 
   90.085184    84000    9.4102549    79529      401      228       99     3722 
   92.601092    85000    11.926156    80392      441      228       90     3906 
   95.131762    86000    14.456821    81239      438      231       91     4020 
   97.666698    87000    16.991756    82107      416      221       90     3943 
   100.18462    88000    19.509681    82971      444      241       91     4040 
   102.66068    89000    21.985739    83812      497      263      103     3984 
   105.27185    90000    24.596904    84672      461      224      109     4114 
   108.01632    91000    27.341377    85508      498      278       90     3953 
   110.76255    92000    30.087619    86365      507      261       88     4237 
   113.47269    93000    32.797758    87229      489      264       88     4310 
   116.18362    94000    35.508685    88065      494      252       99     4173 
   118.87024    95000    38.195295    88914      505      263      110     4261 
   121.72525    96000     41.05031    89738      571      286       84     4288 
   124.62277    97000    43.947831    90572      582      315       89     4378 
   127.53126    98000    46.856322    91399      503      268       96     4340 
    130.3867    99000     49.71176    92249      541      276      114     4347 
   133.22249   100000    52.547552    93092      594      310      109     4575 
Loop time of 52.5476 on 2 procs for 20000 steps with 93092 particles

MPI task timing breakdown:
Section |  min time  |  avg time  |  max time  |%varavg| %total
---------------------------------------------------------------
Move    | 34.863     | 36.534     | 38.205     |  27.7 | 69.53
Coll    | 4.9996     | 5.4649     | 5.9301     |  19.9 | 10.40
Sort    | 5.412      | 6.757      | 8.1021     |  51.7 | 12.86
Comm    | 0.25517    | 3.7543     | 7.2535     | 180.6 |  7.14
Modify  | 0.011039   | 0.029598   | 0.048158   |  10.8 |  0.06
Output  | 0.0012396  | 0.0028063  | 0.0043731  |   3.0 |  0.01
Other   |            | 0.00507    |            |       |  0.01

Particle moves    = 1692731806 (1.69B)
Cells touched     = 1905529074 (1.91B)
Particle comms    = 442573 (0.443M)
Boundary collides = 0 (0K)
Boundary exits    = 2966 (2.97K)
SurfColl checks   = 81659478 (81.7M)
SurfColl occurs   = 1767106 (1.77M)
Surf reactions    = 0 (0K)
Collide attempts  = 9241683 (9.24M)
Collide occurs    = 4872725 (4.87M)
Gas reactions     = 0 (0K)
Particles stuck   = 0

Particle-moves/CPUsec/proc: 1.61066e+07
Particle-moves/step: 84636.6
Cell-touches/particle/step: 1.12571
Particle comm iterations/step: 1
Particle fraction communicated: 0.000261455
Particle fraction colliding with boundary: 0
Particle fraction exiting boundary: 1.7522e-06
Surface-checks/particle/step: 0.0482412
Surface-collisions/particle/step: 0.00104394
Surface-reactions/particle/step: 0
Collision-attempts/particle/step: 0.00545963
Collisions/particle/step: 0.00287862
Gas-reactions/particle/step: 0

Particles: 46546 ave 47300 max 45792 min
Histogram: 1 0 0 0 0 0 0 0 0 1
Cells:     4646 ave 4928 max 4364 min
Histogram: 1 0 0 0 0 0 0 0 0 1
GhostCell: 4646 ave 4928 max 4364 min
Histogram: 1 0 0 0 0 0 0 0 0 1
EmptyCell: 0 ave 0 max 0 min
Histogram: 2 0 0 0 0 0 0 0 0 0
Surfs:     38 ave 38 max 38 min
Histogram: 2 0 0 0 0 0 0 0 0 0
GhostSurf: 0 ave 0 max 0 min
Histogram: 2 0 0 0 0 0 0 0 0 0
adapt_grid all refine particle 16 4
Adapting grid ...
  12022 112 527 = cells outside/inside/overlapping surfs
  410 117 = surf cells with 1,2,etc splits
  0.000906561346116599 0.000906561346116603 = cell-wise and global flow volume
  1201 cells refined, 0 cells coarsened
  adapted to 12661 child grid cells, 4088 parent cells
  CPU time = 0.023871 secs
  adapt/redo percent = 28.959 71.041
balance_grid rcb part
Balance grid migrated 114 cells
  CPU time = 0.00808687 secs
  reassign/sort/migrate/ghost percent = 17.8622 10.6647 19.159 52.3141
next a
jump in.cell loop
variable a loop 125
run 		    20000
Memory usage per proc in Mbytes:
  particles (ave,min,max) = 5.0625 5.0625 5.0625
  grid      (ave,min,max) = 3.16937 3.16937 3.16937
  surf      (ave,min,max) = 0.00391388 0.00391388 0.00391388
  total     (ave,min,max) = 8.23579 8.23579 8.23579
WALL Step CPU Np Natt Ncoll Nscoll Nscheck 
   133.26062   100000            0    93092      594      310        0        0 
   137.19199   101000    3.9313544    93935      472      276       95     4288 
   141.21096   102000     7.950325    94759      540      318       89     4247 
