running....
Running without a11y support!
SPARTA (24 Jan 2020)

# variables to be set in RunCells.jl
variable FNUM equal "3.600E+11"
variable ZMAX equal "3.500E-01"
variable RMAX equal "3.000E-02"
variable TIMESTEP equal "2.000E-07"
variable NPERSTEP equal "1.000E+00"
variable T1 equal "2.000E+00"
variable T2 equal "5.000E-01"

global		        fnum ${FNUM} cellmax 10000
global		        fnum 360000000000 cellmax 10000
seed	    	    12345
dimension   	    2
units               si
timestep 	        ${TIMESTEP}
timestep 	        2e-07

species		        he3.species He
mixture		        He He nrho 1 vstream 26.2 0 0 temp ${T1}
mixture		        He He nrho 1 vstream 26.2 0 0 temp 2
collide             vss He he3.vss #kk

# read_restart data/cell.restart.*

boundary	        o ao p
create_box  	    0 ${ZMAX} 0 ${RMAX} -0.1 0.1
create_box  	    0 0.35 0 ${RMAX} -0.1 0.1
create_box  	    0 0.35 0 0.03 -0.1 0.1
Created orthogonal box = (0 0 -0.1) to (0.35 0.03 0.1)
create_grid 	    20 20 1
Created 400 child grid cells
  parent cells = 1
  CPU time = 0.00183501 secs
  create/ghost percent = 72.7319 27.2681
balance_grid        rcb cell
Balance grid migrated 200 cells
  CPU time = 0.0142405 secs
  reassign/sort/migrate/ghost percent = 97.077 0.0271129 1.28893 1.60691

read_surf           data.cell
Reading surface file ...
  12 points
  12 lines
  0 0.06509 xlo xhi
  0 0.0254 ylo yhi
  0 0 zlo zhi
  0.00159 min line length
  42 = cells with surfs
  74 = total surfs in all grid cells
  4 = max surfs in one grid cell
  0.0908571 = min surf-size/cell-size ratio
  0 0 = number of pushed cells
  42 0 = cells overlapping surfs, overlap cells with unmarked corner pts
  356 2 42 = cells outside/inside/overlapping surfs
  30 12 = surf cells with 1,2,etc splits
  0.000929288775062441 0.000929288775062441 = cell-wise and global flow volume
  CPU time = 0.00651818 secs
  read/check/sort/surf2grid/ghost/inout/particle percent = 73.6371 1.10003 0.140484 11.1342 13.9882 1.99521 0.15354
  surf2grid time = 0.000725746 secs
  map/rvous1/rvous2/split percent = 5.55842 18.8829 0.112712 66.0494
group       inlet surf id 12
1 surfaces in group inlet
fix		    in emit/surf He inlet n ${NPERSTEP} perspecies no
fix		    in emit/surf He inlet n 1 perspecies no

read_surf           data.diffuser
Reading surface file ...
  4 points
  16 lines
  0.00953 0.0127 xlo xhi
  0 0.00953 ylo yhi
  0 0 zlo zhi
  0.00317 min line length
  42 = cells with surfs
  90 = total surfs in all grid cells
  6 = max surfs in one grid cell
  0.0908571 = min surf-size/cell-size ratio
  0 0 = number of pushed cells
  42 0 = cells overlapping surfs, overlap cells with unmarked corner pts
  356 2 42 = cells outside/inside/overlapping surfs
  24 18 = surf cells with 1,2,etc splits
  0.000928384303459465 0.000928384303459465 = cell-wise and global flow volume
  CPU time = 0.00541327 secs
  read/check/sort/surf2grid/ghost/inout/particle percent = 86.4529 1.64496 0.209577 6.29344 5.3991 2.08451 0.156005
  surf2grid time = 0.000340681 secs
  map/rvous1/rvous2/split percent = 14.4317 34.5091 0.239227 32.1298

read_surf           data.stages trans 65.09E-3 0 0 group stages
Reading surface file ...
  22 points
  38 lines
  0.06709 0.08817 xlo xhi
  0.00036 0.02223 ylo yhi
  0 0 zlo zhi
  0.00048 min line length
  65 = cells with surfs
  144 = total surfs in all grid cells
  9 = max surfs in one grid cell
  0.0274286 = min surf-size/cell-size ratio
  0 0 = number of pushed cells
  65 0 = cells overlapping surfs, overlap cells with unmarked corner pts
  328 7 65 = cells outside/inside/overlapping surfs
  47 18 = surf cells with 1,2,etc splits
  0.000906561346116603 0.000906561346116603 = cell-wise and global flow volume
  CPU time = 0.0031639 secs
  read/check/sort/surf2grid/ghost/inout/particle percent = 76.5187 3.3929 0.364139 12.2149 7.50931 3.47293 0.172129
  surf2grid time = 0.000386468 secs
  map/rvous1/rvous2/split percent = 13.7359 36.9324 0.180093 33.3515

surf_collide	    diffuse diffuse ${T1} 1.0
surf_collide	    diffuse diffuse 2 1.0
surf_collide	    cold diffuse ${T2} 1.0
surf_collide	    cold diffuse 0.5 1.0
surf_modify         all collide diffuse
surf_modify         stages collide cold

stats		    1000
stats_style	    wall step cpu np nattempt ncoll nscoll nscheck

# Run until convergence
label loop
variable a loop 125
run 		    20000
Memory usage per proc in Mbytes:
  particles (ave,min,max) = 0 0 0
  grid      (ave,min,max) = 1.88888 1.88888 1.88888
  surf      (ave,min,max) = 0.00391388 0.00391388 0.00391388
  total     (ave,min,max) = 1.89279 1.89279 1.89279
WALL Step CPU Np Natt Ncoll Nscoll Nscheck 
 0.042446574        0            0        0        0        0        0        0 
 0.093752772     1000  0.051284763     1000       33       10        6     5498 
   0.2018965     2000   0.15942837     2000       57       26       11     9553 
  0.38118536     3000   0.33871693     3000       72       39       15    12676 
  0.62709232     4000   0.58462772     4000       80       35       14    15195 
  0.93760628     5000   0.89513814     5000       85       26       29    17213 
   1.3096034     6000    1.2671369     6000       98       48       18    19180 
   1.7401996     7000    1.6977343     7000       95       44       20    20520 
   2.2286822     8000    2.1862136     8000       99       45       28    22125 
   2.7756393     9000    2.7331749     8999      104       44       23    23394 
   3.3789782    10000    3.3365101     9999      103       40       22    24912 
   4.0404227    11000    3.9979587    10999      101       44       23    26161 
   4.7621415    12000    4.7196768    11997      109       51       28    27563 
   5.5396914    13000    5.4972289    12996      109       44       26    28780 
   6.3736741    14000    6.3312076    13995      120       49       27    30323 
   7.2654161    15000    7.2229527    14993      116       46       28    31013 
   8.2153586    16000    8.1728947    15992      120       52       28    32507 
   9.2205664    17000    9.1781023    16987      129       56       32    33684 
   10.279859    18000    10.237396    17983      130       51       34    35107 
   11.400667    19000    11.358202    18977      126       60       32    36385 
    12.57728    20000    12.534817    19968      129       63       44    37516 
Loop time of 12.5349 on 2 procs for 20000 steps with 19968 particles

MPI task timing breakdown:
Section |  min time  |  avg time  |  max time  |%varavg| %total
---------------------------------------------------------------
Move    | 0.0018526  | 5.67       | 11.338     | 238.0 | 45.23
Coll    | 0.003333   | 0.35717    | 0.71101    |  59.2 |  2.85
Sort    | 0.0066334  | 0.21884    | 0.43106    |  45.4 |  1.75
Comm    | 0.040846   | 6.28       | 12.519     | 249.0 | 50.10
Modify  | 0.0013749  | 0.0064539  | 0.011533   |   6.3 |  0.05
Output  | 0.00072518 | 0.001097   | 0.0014688  |   1.1 |  0.01
Other   |            | 0.001317   |            |       |  0.01

Particle moves    = 199911281 (200M)
Cells touched     = 201717350 (202M)
Particle comms    = 14 (0.014K)
Boundary collides = 0 (0K)
Boundary exits    = 32 (0.032K)
SurfColl checks   = 471396924 (471M)
SurfColl occurs   = 459668 (0.46M)
Surf reactions    = 0 (0K)
Collide attempts  = 1968441 (1.97M)
Collide occurs    = 859018 (0.859M)
Gas reactions     = 0 (0K)
Particles stuck   = 0

Particle-moves/CPUsec/proc: 7.97421e+06
Particle-moves/step: 9995.56
Cell-touches/particle/step: 1.00903
Particle comm iterations/step: 1
Particle fraction communicated: 7.00311e-08
Particle fraction colliding with boundary: 0
Particle fraction exiting boundary: 1.60071e-07
Surface-checks/particle/step: 2.35803
Surface-collisions/particle/step: 0.00229936
Surface-reactions/particle/step: 0
Collision-attempts/particle/step: 0.00984657
Collisions/particle/step: 0.004297
Gas-reactions/particle/step: 0

Particles: 9984 ave 19964 max 4 min
Histogram: 1 0 0 0 0 0 0 0 0 1
Cells:     218 ave 236 max 200 min
Histogram: 1 0 0 0 0 0 0 0 0 1
GhostCell: 218 ave 236 max 200 min
Histogram: 1 0 0 0 0 0 0 0 0 1
EmptyCell: 0 ave 0 max 0 min
Histogram: 2 0 0 0 0 0 0 0 0 0
Surfs:     38 ave 38 max 38 min
Histogram: 2 0 0 0 0 0 0 0 0 0
GhostSurf: 0 ave 0 max 0 min
Histogram: 2 0 0 0 0 0 0 0 0 0
adapt_grid all refine particle 16 4
Adapting grid ...
  449 15 116 = cells outside/inside/overlapping surfs
  80 36 = surf cells with 1,2,etc splits
  0.000906561346116603 0.000906561346116603 = cell-wise and global flow volume
  60 cells refined, 0 cells coarsened
  adapted to 580 child grid cells, 61 parent cells
  CPU time = 0.00160647 secs
  adapt/redo percent = 76.7287 23.2713
balance_grid rcb part
Balance grid migrated 285 cells
  CPU time = 0.00225703 secs
  reassign/sort/migrate/ghost percent = 9.75773 3.27957 79.3264 7.63627
next a
jump in.cell loop
variable a loop 125
run 		    20000
Memory usage per proc in Mbytes:
  particles (ave,min,max) = 2.53125 1.6875 3.375
  grid      (ave,min,max) = 1.89391 1.89391 1.89391
  surf      (ave,min,max) = 0.00391388 0.00391388 0.00391388
  total     (ave,min,max) = 4.42908 3.58533 5.27283
WALL Step CPU Np Natt Ncoll Nscoll Nscheck 
    12.58683    20000            0    19968      129       63        0        0 
   13.133931    21000   0.54709158    20962      117       59       36    14876 
   13.691115    22000    1.1042822    21952      114       48       36    14878 
    14.26456    23000    1.6777265    22944      122       58       44    15356 
   14.851166    24000    2.2643368    23937      119       63       38    15791 
   15.448897    25000    2.8620686    24930      129       54       28    15906 
   16.058074    26000      3.47125    25923      145       57       41    16539 
   16.684317    27000    4.0974883    26914      135       57       37    16836 
   17.326837    28000    4.7400016    27898      139       66       28    17175 
   17.983848    29000    5.3970212    28884      158       79       50    17801 
   18.666653    30000    6.0798273    29861      150       60       42    18201 
   19.374609    31000    6.7877711    30841      160       76       38    18823 
   20.112598    32000    7.5257707    31828      160       68       38    19089 
   20.879581    33000    8.2927501    32811      161       79       49    19594 
   21.671807    34000    9.0849795    33796      170       72       44    19935 
    22.49433    35000    9.9075019    34783      151       58       44    20314 
   23.342075    36000    10.755248    35764      163       66       50    20718 
    24.21676    37000    11.629931    36744      184       79       56    21168 
   25.120055    38000     12.53323    37726      199       79       53    21611 
   26.054185    39000    13.467357    38702      182       80       36    22082 
   27.021158    40000    14.434331    39682      206       96       57    22357 
Loop time of 14.4344 on 2 procs for 20000 steps with 39682 particles

MPI task timing breakdown:
Section |  min time  |  avg time  |  max time  |%varavg| %total
---------------------------------------------------------------
Move    | 11.613     | 11.88      | 12.147     |   7.7 | 82.30
Coll    | 0.97792    | 1.0926     | 1.2072     |  11.0 |  7.57
Sort    | 0.5453     | 0.70359    | 0.86189    |  18.9 |  4.87
Comm    | 0.74709    | 0.74851    | 0.74993    |   0.2 |  5.19
Modify  | 0.0033898  | 0.0072795  | 0.011169   |   4.6 |  0.05
Output  | 0.00030068 | 0.00083207 | 0.0013635  |   0.0 |  0.01
Other   |            | 0.001928   |            |       |  0.01

Particle moves    = 597030828 (597M)
Cells touched     = 607222836 (607M)
Particle comms    = 191735 (0.192M)
Boundary collides = 0 (0K)
Boundary exits    = 286 (0.286K)
SurfColl checks   = 363871747 (364M)
SurfColl occurs   = 825948 (0.826M)
Surf reactions    = 0 (0K)
Collide attempts  = 3050192 (3.05M)
Collide occurs    = 1363923 (1.36M)
Gas reactions     = 0 (0K)
Particles stuck   = 0

Particle-moves/CPUsec/proc: 2.06808e+07
Particle-moves/step: 29851.5
Cell-touches/particle/step: 1.01707
Particle comm iterations/step: 1
Particle fraction communicated: 0.000321148
Particle fraction colliding with boundary: 0
Particle fraction exiting boundary: 4.79037e-07
Surface-checks/particle/step: 0.609469
Surface-collisions/particle/step: 0.00138343
Surface-reactions/particle/step: 0
Collision-attempts/particle/step: 0.00510894
Collisions/particle/step: 0.00228451
Gas-reactions/particle/step: 0

Particles: 19841 ave 23530 max 16152 min
Histogram: 1 0 0 0 0 0 0 0 0 1
Cells:     326 ave 533 max 119 min
Histogram: 1 0 0 0 0 0 0 0 0 1
GhostCell: 326 ave 533 max 119 min
Histogram: 1 0 0 0 0 0 0 0 0 1
EmptyCell: 0 ave 0 max 0 min
Histogram: 2 0 0 0 0 0 0 0 0 0
Surfs:     38 ave 38 max 38 min
Histogram: 2 0 0 0 0 0 0 0 0 0
GhostSurf: 0 ave 0 max 0 min
Histogram: 2 0 0 0 0 0 0 0 0 0
adapt_grid all refine particle 16 4
Adapting grid ...
  979 15 255 = cells outside/inside/overlapping surfs
  183 72 = surf cells with 1,2,etc splits
  0.000906561346116602 0.000906561346116603 = cell-wise and global flow volume
  223 cells refined, 0 cells coarsened
  adapted to 1249 child grid cells, 284 parent cells
  CPU time = 0.00278333 secs
  adapt/redo percent = 64.055 35.945
balance_grid rcb part
Balance grid migrated 76 cells
  CPU time = 0.00163844 secs
  reassign/sort/migrate/ghost percent = 17.6815 5.50717 54.5697 22.2417
next a
jump in.cell loop
variable a loop 125
run 		    20000
Memory usage per proc in Mbytes:
  particles (ave,min,max) = 3.375 3.375 3.375
  grid      (ave,min,max) = 1.91263 1.91263 1.91263
  surf      (ave,min,max) = 0.00391388 0.00391388 0.00391388
  total     (ave,min,max) = 5.29154 5.29154 5.29154
WALL Step CPU Np Natt Ncoll Nscoll Nscheck 
   27.033347    40000            0    39682      206       96        0        0 
   27.927007    41000    0.8936573    40655      147       75       62    11464 
   28.846622    42000    1.8132748    41622      165       88       49    11219 
   29.780829    43000    2.7474829    42581      182       98       54    11411 
   30.733663    44000    3.7003158    43542      170       91       54    11590 
   31.706709    45000    4.6733602    44510      175       81       58    11829 
   32.693429    46000    5.6600856    45473      211      109       41    12145 
   33.697202    47000    6.6638601    46438      206      102       51    12079 
   34.727184    48000    7.6938366    47391      202       92       52    12365 
   35.782218    49000    8.7488757    48356      197       95       54    12528 
   36.865178    50000    9.8318365    49316      209       90       64    12787 
   37.973439    51000    10.940095    50273      233      118       43    13133 
   39.108065    52000    12.074723    51239      222      104       69    13238 
   40.268562    53000    13.235227    52194      235      119       67    13315 
   41.456039    54000    14.422696    53136      236      109       54    13779 
   42.672837    55000    15.639493    54082      244      112       66    13779 
   43.909875    56000    16.876525    55045      245      114       53    13948 
   45.158142    57000    18.124797    55983      259      124       61    14025 
   46.435883    58000    19.402537    56932      273      114       54    14269 
   47.744178    59000    20.710834    57880      281      122       47    14407 
   49.073557    60000    22.040213    58822      274      137       65    14803 
Loop time of 22.0403 on 2 procs for 20000 steps with 58822 particles

MPI task timing breakdown:
Section |  min time  |  avg time  |  max time  |%varavg| %total
---------------------------------------------------------------
Move    | 17.621     | 17.779     | 17.938     |   3.8 | 80.67
Coll    | 2.0986     | 2.1619     | 2.2252     |   4.3 |  9.81
Sort    | 1.2753     | 1.4277     | 1.5801     |  12.8 |  6.48
Comm    | 0.29095    | 0.65917    | 1.0274     |  45.4 |  2.99
Modify  | 0.0037638  | 0.0091185  | 0.014473   |   5.6 |  0.04
Output  | 0.00029929 | 0.00077425 | 0.0012492  |   0.0 |  0.00
Other   |            | 0.00221    |            |       |  0.01

Particle moves    = 985903842 (986M)
Cells touched     = 1019258712 (1.02B)
Particle comms    = 289214 (0.289M)
Boundary collides = 0 (0K)
Boundary exits    = 860 (0.86K)
SurfColl checks   = 256777743 (257M)
SurfColl occurs   = 1149799 (1.15M)
Surf reactions    = 0 (0K)
Collide attempts  = 4416770 (4.42M)
Collide occurs    = 2137923 (2.14M)
Gas reactions     = 0 (0K)
Particles stuck   = 0

Particle-moves/CPUsec/proc: 2.23659e+07
Particle-moves/step: 49295.2
Cell-touches/particle/step: 1.03383
Particle comm iterations/step: 1
Particle fraction communicated: 0.000293349
Particle fraction colliding with boundary: 0
Particle fraction exiting boundary: 8.72296e-07
Surface-checks/particle/step: 0.260449
Surface-collisions/particle/step: 0.00116624
Surface-reactions/particle/step: 0
Collision-attempts/particle/step: 0.00447992
Collisions/particle/step: 0.00216849
Gas-reactions/particle/step: 0

Particles: 29411 ave 31829 max 26993 min
Histogram: 1 0 0 0 0 0 0 0 0 1
Cells:     696.5 ave 955 max 438 min
Histogram: 1 0 0 0 0 0 0 0 0 1
GhostCell: 696.5 ave 955 max 438 min
Histogram: 1 0 0 0 0 0 0 0 0 1
EmptyCell: 0 ave 0 max 0 min
Histogram: 2 0 0 0 0 0 0 0 0 0
Surfs:     38 ave 38 max 38 min
Histogram: 2 0 0 0 0 0 0 0 0 0
GhostSurf: 0 ave 0 max 0 min
Histogram: 2 0 0 0 0 0 0 0 0 0
adapt_grid all refine particle 16 4
Adapting grid ...
  2976 16 459 = cells outside/inside/overlapping surfs
  360 99 = surf cells with 1,2,etc splits
  0.000906561346116602 0.000906561346116603 = cell-wise and global flow volume
  734 cells refined, 0 cells coarsened
  adapted to 3451 child grid cells, 1018 parent cells
  CPU time = 0.00596423 secs
  adapt/redo percent = 45.6034 54.3966
balance_grid rcb part
Balance grid migrated 141 cells
  CPU time = 0.0022113 secs
  reassign/sort/migrate/ghost percent = 17.5109 6.09691 42.9964 33.3958
next a
jump in.cell loop
variable a loop 125
run 		    20000
Memory usage per proc in Mbytes:
  particles (ave,min,max) = 3.375 3.375 3.375
  grid      (ave,min,max) = 1.97423 1.97423 1.97423
  surf      (ave,min,max) = 0.00391388 0.00391388 0.00391388
  total     (ave,min,max) = 5.35314 5.35314 5.35314
WALL Step CPU Np Natt Ncoll Nscoll Nscheck 
   49.084861    60000            0    58822      274      137        0        0 
   50.359628    61000     1.274757    59766      243      141       75     3549 
   51.678067    62000    2.5931972    60708      280      148       69     3582 
   53.028992    63000    3.9441226    61641      309      159       71     3664 
   54.373274    64000    5.2884043    62582      304      150       81     3700 
   55.735686    65000    6.6508162    63513      300      145       64     3622 
   57.121242    66000    8.0363729    64441      311      174       82     3722 
   58.523726    67000    9.4388556    65369      331      164       74     3714 
   59.940803    68000    10.855933    66296      304      141       78     3782 
   61.375374    69000    12.290505    67233      340      159       72     3880 
   62.827094    70000    13.742225    68171      371      185       73     3937 
   64.296024    71000    15.211154    69082      352      180       83     3877 
   65.795496    72000    16.710626    70000      350      177       91     4025 
   67.317416    73000    18.232547    70927      380      189       71     3914 
    68.86554    74000    19.780671    71857      357      183       78     4024 
    70.44807    75000    21.363206    72776      390      181       97     4140 
   72.020143    76000    22.935275    73694      373      183       83     4146 
   73.619354    77000    24.534488    74609      427      202       84     4252 
   75.243153    78000    26.158288    75523      429      224       94     4251 
   76.885663    79000    27.800801    76413      436      216       88     4326 
   78.572036    80000    29.487174    77342      424      190      103     4417 
Loop time of 29.4872 on 2 procs for 20000 steps with 77342 particles

MPI task timing breakdown:
Section |  min time  |  avg time  |  max time  |%varavg| %total
---------------------------------------------------------------
Move    | 23.353     | 23.42      | 23.486     |   1.4 | 79.42
Coll    | 3.2013     | 3.3413     | 3.4813     |   7.7 | 11.33
Sort    | 2.2267     | 2.327      | 2.4272     |   6.6 |  7.89
Comm    | 0.27371    | 0.38583    | 0.49795    |  18.0 |  1.31
Modify  | 0.004423   | 0.010389   | 0.016356   |   5.9 |  0.04
Output  | 0.00050138 | 0.00071884 | 0.0009363  |   0.0 |  0.00
Other   |            | 0.002327   |            |       |  0.01

Particle moves    = 1362701964 (1.36B)
Cells touched     = 1454241079 (1.45B)
Particle comms    = 392412 (0.392M)
Boundary collides = 0 (0K)
Boundary exits    = 1480 (1.48K)
SurfColl checks   = 77700138 (77.7M)
SurfColl occurs   = 1484529 (1.48M)
Surf reactions    = 0 (0K)
Collide attempts  = 6810132 (6.81M)
Collide occurs    = 3430711 (3.43M)
Gas reactions     = 0 (0K)
Particles stuck   = 0

Particle-moves/CPUsec/proc: 2.31066e+07
Particle-moves/step: 68135.1
Cell-touches/particle/step: 1.06717
Particle comm iterations/step: 1
Particle fraction communicated: 0.000287966
Particle fraction colliding with boundary: 0
Particle fraction exiting boundary: 1.08608e-06
Surface-checks/particle/step: 0.0570192
Surface-collisions/particle/step: 0.0010894
Surface-reactions/particle/step: 0
Collision-attempts/particle/step: 0.00499752
Collisions/particle/step: 0.00251758
Gas-reactions/particle/step: 0

Particles: 38671 ave 39664 max 37678 min
Histogram: 1 0 0 0 0 0 0 0 0 1
Cells:     1824.5 ave 2150 max 1499 min
Histogram: 1 0 0 0 0 0 0 0 0 1
GhostCell: 1824.5 ave 2150 max 1499 min
Histogram: 1 0 0 0 0 0 0 0 0 1
EmptyCell: 0 ave 0 max 0 min
Histogram: 2 0 0 0 0 0 0 0 0 0
Surfs:     38 ave 38 max 38 min
Histogram: 2 0 0 0 0 0 0 0 0 0
GhostSurf: 0 ave 0 max 0 min
Histogram: 2 0 0 0 0 0 0 0 0 0
adapt_grid all refine particle 16 4
Adapting grid ...
  8579 50 504 = cells outside/inside/overlapping surfs
  403 101 = surf cells with 1,2,etc splits
  0.000906561346116598 0.000906561346116603 = cell-wise and global flow volume
  1894 cells refined, 0 cells coarsened
  adapted to 9133 child grid cells, 2912 parent cells
  CPU time = 0.0152191 secs
  adapt/redo percent = 30.4189 69.5811
balance_grid rcb part
Balance grid migrated 105 cells
  CPU time = 0.00443641 secs
  reassign/sort/migrate/ghost percent = 19.3521 7.2869 17.7004 55.6606
next a
jump in.cell loop
variable a loop 125
run 		    20000
Memory usage per proc in Mbytes:
  particles (ave,min,max) = 5.0625 5.0625 5.0625
  grid      (ave,min,max) = 3.07068 3.07068 3.07068
  surf      (ave,min,max) = 0.00391388 0.00391388 0.00391388
  total     (ave,min,max) = 8.13709 8.13709 8.13709
WALL Step CPU Np Natt Ncoll Nscoll Nscheck 
   78.599609    80000            0    77342      424      190        0        0 
   80.586229    81000    1.9866172    78243      327      205       64     3652 
   82.539642    82000    3.9400256    79145      361      207       67     3711 
   84.496149    83000    5.8965311    80038      407      222       76     3819 
   86.470935    84000    7.8713181    80942      392      224       91     3748 
   88.468609    85000    9.8689952    81843      422      229       81     3830 
   90.492922    86000    11.893306    82734      440      256       93     3855 
    92.55706    87000    13.957448    83637      465      243      101     3800 
    94.67819    88000     16.07858    84509      480      246       88     3873 
   96.795879    89000    18.196269    85399      474      231       80     4010 
   98.888378    90000     20.28876    86301      468      234       84     4021 
   101.00645    91000    22.406839    87192      463      233      100     4096 
   103.17582    92000    24.576214    88072      446      241       95     4100 
   105.44103    93000    26.841417    88940      512      266       98     4235 
   107.69238    94000    29.092773    89815      504      250       88     4272 
   109.93799    95000    31.338382    90705      501      266       85     4173 
   112.17367    96000    33.574057    91584      573      298      106     4299 
   114.42448    97000    35.824868    92446      554      278       93     4234 
    116.7521    98000    38.152495    93345      518      267       79     4229 
   119.13531    99000    40.535701    94222      547      284       96     4452 
    121.5333   100000    42.933691    95089      562      278      105     4419 
Loop time of 42.9338 on 2 procs for 20000 steps with 95089 particles

MPI task timing breakdown:
Section |  min time  |  avg time  |  max time  |%varavg| %total
---------------------------------------------------------------
Move    | 33.939     | 34.024     | 34.109     |   1.5 | 79.25
Coll    | 4.6984     | 4.7845     | 4.8705     |   3.9 | 11.14
Sort    | 3.4558     | 3.6404     | 3.825      |   9.7 |  8.48
Comm    | 0.29369    | 0.46888    | 0.64406    |  25.6 |  1.09
Modify  | 0.0053366  | 0.013156   | 0.020975   |   6.8 |  0.03
Output  | 0.00039686 | 0.00075777 | 0.0011187  |   0.0 |  0.00
Other   |            | 0.002509   |            |       |  0.01

Particle moves    = 1725334407 (1.73B)
Cells touched     = 1940069856 (1.94B)
Particle comms    = 452067 (0.452M)
Boundary collides = 0 (0K)
Boundary exits    = 2253 (2.25K)
SurfColl checks   = 80504512 (80.5M)
SurfColl occurs   = 1799293 (1.8M)
Surf reactions    = 0 (0K)
Collide attempts  = 9343908 (9.34M)
Collide occurs    = 4931057 (4.93M)
Gas reactions     = 0 (0K)
Particles stuck   = 0

Particle-moves/CPUsec/proc: 2.0093e+07
Particle-moves/step: 86266.7
Cell-touches/particle/step: 1.12446
Particle comm iterations/step: 1
Particle fraction communicated: 0.000262017
Particle fraction colliding with boundary: 0
Particle fraction exiting boundary: 1.30583e-06
Surface-checks/particle/step: 0.0466602
Surface-collisions/particle/step: 0.00104287
Surface-reactions/particle/step: 0
Collision-attempts/particle/step: 0.00541571
Collisions/particle/step: 0.00285803
Gas-reactions/particle/step: 0

Particles: 47544.5 ave 48346 max 46743 min
Histogram: 1 0 0 0 0 0 0 0 0 1
Cells:     4667.5 ave 4938 max 4397 min
Histogram: 1 0 0 0 0 0 0 0 0 1
GhostCell: 4667.5 ave 4938 max 4397 min
Histogram: 1 0 0 0 0 0 0 0 0 1
EmptyCell: 0 ave 0 max 0 min
Histogram: 2 0 0 0 0 0 0 0 0 0
Surfs:     38 ave 38 max 38 min
Histogram: 2 0 0 0 0 0 0 0 0 0
GhostSurf: 0 ave 0 max 0 min
Histogram: 2 0 0 0 0 0 0 0 0 0
adapt_grid all refine particle 16 4
Adapting grid ...
  12198 104 539 = cells outside/inside/overlapping surfs
  438 101 = surf cells with 1,2,etc splits
  0.000906561346116599 0.000906561346116603 = cell-wise and global flow volume
  1236 cells refined, 0 cells coarsened
  adapted to 12841 child grid cells, 4148 parent cells
  CPU time = 0.0198454 secs
  adapt/redo percent = 20.7327 79.2673
balance_grid rcb part
Balance grid migrated 103 cells
  CPU time = 0.0060478 secs
  reassign/sort/migrate/ghost percent = 18.7007 7.68872 14.3526 59.258
next a
jump in.cell loop
variable a loop 125
run 		    20000
Memory usage per proc in Mbytes:
  particles (ave,min,max) = 5.0625 5.0625 5.0625
  grid      (ave,min,max) = 3.17441 3.17441 3.17441
  surf      (ave,min,max) = 0.00391388 0.00391388 0.00391388
  total     (ave,min,max) = 8.24082 8.24082 8.24082
WALL Step CPU Np Natt Ncoll Nscoll Nscheck 
   121.56219   100000            0    95089      562      278        0        0 
   124.15899   101000    2.5967927    95970      487      299       94     4559 
   126.78255   102000    5.2203602    96838      498      259      114     4391 
