running....
Running without a11y support!
SPARTA (24 Jan 2020)

# variables to be set in RunCells.jl
variable FNUM equal "3.600E+11"
variable ZMAX equal "3.500E-01"
variable RMAX equal "3.000E-02"
variable TIMESTEP equal "2.000E-07"
variable NPERSTEP equal "1.000E+00"
variable T1 equal "2.000E+00"
variable T2 equal "2.000E+00"

global		        fnum ${FNUM} cellmax 10000
global		        fnum 360000000000 cellmax 10000
seed	    	    12345
dimension   	    2
units               si
timestep 	        ${TIMESTEP}
timestep 	        2e-07

species		        he4.species He
mixture		        He He nrho 1 vstream 26.2 0 0 temp ${T1}
mixture		        He He nrho 1 vstream 26.2 0 0 temp 2
collide             vss He he4.vss #kk

# read_restart data/cell.restart.*

boundary	        o ao p
create_box  	    0 ${ZMAX} 0 ${RMAX} -0.1 0.1
create_box  	    0 0.35 0 ${RMAX} -0.1 0.1
create_box  	    0 0.35 0 0.03 -0.1 0.1
Created orthogonal box = (0 0 -0.1) to (0.35 0.03 0.1)
create_grid 	    20 20 1
Created 400 child grid cells
  parent cells = 1
  CPU time = 0.00154728 secs
  create/ghost percent = 80.2829 19.7171
balance_grid        rcb cell
Balance grid migrated 200 cells
  CPU time = 0.000572144 secs
  reassign/sort/migrate/ghost percent = 46.5713 0.953257 25.2728 27.2026

read_surf           data.cell
Reading surface file ...
  12 points
  12 lines
  0 0.06509 xlo xhi
  0 0.0254 ylo yhi
  0 0 zlo zhi
  0.00159 min line length
  42 = cells with surfs
  74 = total surfs in all grid cells
  4 = max surfs in one grid cell
  0.0908571 = min surf-size/cell-size ratio
  0 0 = number of pushed cells
  42 0 = cells overlapping surfs, overlap cells with unmarked corner pts
  356 2 42 = cells outside/inside/overlapping surfs
  30 12 = surf cells with 1,2,etc splits
  0.000929288775062441 0.000929288775062441 = cell-wise and global flow volume
  CPU time = 0.0058414 secs
  read/check/sort/surf2grid/ghost/inout/particle percent = 85.8438 1.02089 0.136235 7.50114 5.49798 1.29633 0.113928
  surf2grid time = 0.000438171 secs
  map/rvous1/rvous2/split percent = 6.27746 18.2924 0.182577 64.9614
group       inlet surf id 12
1 surfaces in group inlet
fix		    in emit/surf He inlet n ${NPERSTEP} perspecies no
fix		    in emit/surf He inlet n 1 perspecies no

read_surf           data.diffuser
Reading surface file ...
  4 points
  16 lines
  0.00953 0.0127 xlo xhi
  0 0.00953 ylo yhi
  0 0 zlo zhi
  0.00317 min line length
  42 = cells with surfs
  90 = total surfs in all grid cells
  6 = max surfs in one grid cell
  0.0908571 = min surf-size/cell-size ratio
  0 0 = number of pushed cells
  42 0 = cells overlapping surfs, overlap cells with unmarked corner pts
  356 2 42 = cells outside/inside/overlapping surfs
  24 18 = surf cells with 1,2,etc splits
  0.000928384303459465 0.000928384303459465 = cell-wise and global flow volume
  CPU time = 0.00548746 secs
  read/check/sort/surf2grid/ghost/inout/particle percent = 90.3632 1.04748 0.171883 4.40373 4.01371 1.54756 0.0923013
  surf2grid time = 0.000241653 secs
  map/rvous1/rvous2/split percent = 13.651 32.7987 0.368711 32.7527

read_surf           data.stages trans 65.09E-3 0 0 group stages
Reading surface file ...
  22 points
  38 lines
  0.06909 0.08017 xlo xhi
  0.00036 0.02223 ylo yhi
  0 0 zlo zhi
  0.00048 min line length
  57 = cells with surfs
  141 = total surfs in all grid cells
  10 = max surfs in one grid cell
  0.0274286 = min surf-size/cell-size ratio
  0 0 = number of pushed cells
  57 0 = cells overlapping surfs, overlap cells with unmarked corner pts
  341 2 57 = cells outside/inside/overlapping surfs
  33 24 = surf cells with 1,2,etc splits
  0.00091701917084806 0.00091701917084806 = cell-wise and global flow volume
  CPU time = 0.00306498 secs
  read/check/sort/surf2grid/ghost/inout/particle percent = 82.5228 2.59261 0.278566 9.07168 5.53433 2.81588 0.203884
  surf2grid time = 0.000278045 secs
  map/rvous1/rvous2/split percent = 12.1362 33.4356 0.302109 33.7611

surf_collide	    diffuse diffuse ${T1} 1.0
surf_collide	    diffuse diffuse 2 1.0
surf_collide	    cold diffuse ${T2} 1.0
surf_collide	    cold diffuse 2 1.0
surf_modify         all collide diffuse
surf_modify         stages collide cold

stats		    1000
stats_style	    wall step cpu np nattempt ncoll nscoll nscheck

# Run until convergence
label loop
variable a loop 125
run 		    20000
Memory usage per proc in Mbytes:
  particles (ave,min,max) = 0 0 0
  grid      (ave,min,max) = 1.88888 1.88888 1.88888
  surf      (ave,min,max) = 0.00391388 0.00391388 0.00391388
  total     (ave,min,max) = 1.89279 1.89279 1.89279
WALL Step CPU Np Natt Ncoll Nscoll Nscheck 
 0.028340472        0            0        0        0        0        0        0 
 0.077867577     1000  0.049505242     1000       29       18        8     5520 
  0.18656138     2000   0.15819826     2000       59       24        9     9773 
  0.36851879     3000   0.34015642     3000       75       34       12    13083 
  0.61757868     4000   0.58921667     4000       87       32       23    15789 
  0.93095358     5000   0.90259321     5000       95       35       23    18108 
   1.3078607     6000     1.279501     6000      104       52       14    20315 
   1.7458503     7000    1.7174902     7000      123       57       26    22242 
   2.2439337     8000    2.2155743     8000      122       48       22    23893 
   2.8024219     9000    2.7740618     8996      131       35       30    25474 
   3.4205426    10000    3.3921832     9994      133       65       24    26913 
   4.0964019    11000    4.0680426    10992      144       55       24    28343 
   4.8286437    12000    4.8002855    11988      143       51       26    29640 
   5.6183041    13000    5.5899456    12982      151       54       25    30739 
     6.46298    14000    6.4346201    13978      146       58       22    32012 
   7.3686355    15000    7.3402762    14973      150       64       24    33397 
   8.3291767    16000     8.300822    15965      144       56       32    34710 
   9.3492607    17000    9.3209016    16958      145       61       26    36131 
   10.425931    18000    10.397573    17948      163       65       40    37215 
   11.557385    19000    11.529026    18931      159       74       36    38343 
   12.745237    20000    12.716878    19919      157       57       45    39745 
Loop time of 12.7169 on 2 procs for 20000 steps with 19919 particles

MPI task timing breakdown:
Section |  min time  |  avg time  |  max time  |%varavg| %total
---------------------------------------------------------------
Move    | 0.0016713  | 5.7436     | 11.486     | 239.6 | 45.16
Coll    | 0.0039389  | 0.36712    | 0.73031    |  59.9 |  2.89
Sort    | 0.0069459  | 0.2183     | 0.42966    |  45.2 |  1.72
Comm    | 0.057777   | 6.3794     | 12.701     | 250.3 | 50.16
Modify  | 0.0011283  | 0.0063468  | 0.011565   |   6.6 |  0.05
Output  | 0.00067706 | 0.0010928  | 0.0015086  |   1.3 |  0.01
Other   |            | 0.001051   |            |       |  0.01

Particle moves    = 199671356 (200M)
Cells touched     = 201255038 (201M)
Particle comms    = 10 (0.01K)
Boundary collides = 0 (0K)
Boundary exits    = 81 (0.081K)
SurfColl checks   = 501590719 (502M)
SurfColl occurs   = 432793 (0.433M)
Surf reactions    = 0 (0K)
Collide attempts  = 2398206 (2.4M)
Collide occurs    = 985413 (0.985M)
Gas reactions     = 0 (0K)
Particles stuck   = 0

Particle-moves/CPUsec/proc: 7.85062e+06
Particle-moves/step: 9983.57
Cell-touches/particle/step: 1.00793
Particle comm iterations/step: 1
Particle fraction communicated: 5.00823e-08
Particle fraction colliding with boundary: 0
Particle fraction exiting boundary: 4.05667e-07
Surface-checks/particle/step: 2.51208
Surface-collisions/particle/step: 0.00216753
Surface-reactions/particle/step: 0
Collision-attempts/particle/step: 0.0120108
Collisions/particle/step: 0.00493517
Gas-reactions/particle/step: 0

Particles: 9959.5 ave 19914 max 5 min
Histogram: 1 0 0 0 0 0 0 0 0 1
Cells:     224 ave 248 max 200 min
Histogram: 1 0 0 0 0 0 0 0 0 1
GhostCell: 224 ave 248 max 200 min
Histogram: 1 0 0 0 0 0 0 0 0 1
EmptyCell: 0 ave 0 max 0 min
Histogram: 2 0 0 0 0 0 0 0 0 0
Surfs:     38 ave 38 max 38 min
Histogram: 2 0 0 0 0 0 0 0 0 0
GhostSurf: 0 ave 0 max 0 min
Histogram: 2 0 0 0 0 0 0 0 0 0
adapt_grid all refine particle 16 4
Adapting grid ...
  449 8 102 = cells outside/inside/overlapping surfs
  60 42 = surf cells with 1,2,etc splits
  0.00091701917084806 0.00091701917084806 = cell-wise and global flow volume
  53 cells refined, 0 cells coarsened
  adapted to 559 child grid cells, 54 parent cells
  CPU time = 0.00169634 secs
  adapt/redo percent = 77.2524 22.7476
balance_grid rcb part
Balance grid migrated 268 cells
  CPU time = 0.00272944 secs
  reassign/sort/migrate/ghost percent = 10.17 3.07799 78.3672 8.38478
next a
jump in.cell loop
variable a loop 125
run 		    20000
Memory usage per proc in Mbytes:
  particles (ave,min,max) = 2.53125 1.6875 3.375
  grid      (ave,min,max) = 1.89333 1.89333 1.89333
  surf      (ave,min,max) = 0.00391388 0.00391388 0.00391388
  total     (ave,min,max) = 4.42849 3.58474 5.27224
WALL Step CPU Np Natt Ncoll Nscoll Nscheck 
    12.75547    20000            0    19919      157       57        0        0 
   13.312889    21000    0.5574038    20908      128       55       31    15796 
   13.876939    22000    1.1214573    21895      133       59       31    15867 
   14.454026    23000    1.6985412    22870      138       52       25    16426 
   15.046012    24000    2.2905255    23846      149       73       28    17118 
   15.652011    25000    2.8965256    24820      142       75       35    17461 
   16.277005    26000    3.5215196    25798      158       68       35    17894 
   16.918759    27000    4.1632738    26771      162       76       32    18374 
   17.578157    28000    4.8226715    27740      162       75       32    18878 
   18.257242    29000    5.5017561    28704      155       69       39    19119 
   18.946659    30000    6.1911732    29673      158       69       52    19432 
   19.646785    31000    6.8912993    30646      160       73       43    19570 
   20.370331    32000    7.6148456    31608      164       59       34    20086 
    21.12009    33000    8.3646039    32571      173       82       40    20692 
   21.901674    34000    9.1461892    33525      172       84       47    20895 
   22.712436    35000    9.9569502    34492      187       82       39    21253 
   23.553581    36000    10.798095    35451      175       76       41    21873 
   24.419704    37000    11.664218    36403      180       84       50    22215 
   25.310006    38000     12.55452    37366      188       79       43    22804 
   26.230509    39000    13.475023    38317      183       88       65    23218 
   27.184148    40000    14.428661    39257      199       86       56    23335 
Loop time of 14.4288 on 2 procs for 20000 steps with 39257 particles

MPI task timing breakdown:
Section |  min time  |  avg time  |  max time  |%varavg| %total
---------------------------------------------------------------
Move    | 11.464     | 11.845     | 12.227     |  11.1 | 82.09
Coll    | 0.98736    | 1.0809     | 1.1745     |   9.0 |  7.49
Sort    | 0.55444    | 0.68277    | 0.8111     |  15.5 |  4.73
Comm    | 0.6477     | 0.81084    | 0.97397    |  18.1 |  5.62
Modify  | 0.0035244  | 0.006609   | 0.0096936  |   3.8 |  0.05
Output  | 0.00028641 | 0.00072531 | 0.0011642  |   0.0 |  0.01
Other   |            | 0.001652   |            |       |  0.01

Particle moves    = 593007015 (593M)
Cells touched     = 601866693 (602M)
Particle comms    = 176935 (0.177M)
Boundary collides = 0 (0K)
Boundary exits    = 662 (0.662K)
SurfColl checks   = 388587107 (389M)
SurfColl occurs   = 762373 (0.762M)
Surf reactions    = 0 (0K)
Collide attempts  = 3247838 (3.25M)
Collide occurs    = 1476175 (1.48M)
Gas reactions     = 0 (0K)
Particles stuck   = 0

Particle-moves/CPUsec/proc: 2.05495e+07
Particle-moves/step: 29650.4
Cell-touches/particle/step: 1.01494
Particle comm iterations/step: 1
Particle fraction communicated: 0.000298369
Particle fraction colliding with boundary: 0
Particle fraction exiting boundary: 1.11634e-06
Surface-checks/particle/step: 0.655282
Surface-collisions/particle/step: 0.00128561
Surface-reactions/particle/step: 0
Collision-attempts/particle/step: 0.0054769
Collisions/particle/step: 0.0024893
Gas-reactions/particle/step: 0

Particles: 19628.5 ave 23627 max 15630 min
Histogram: 1 0 0 0 0 0 0 0 0 1
Cells:     321.5 ave 528 max 115 min
Histogram: 1 0 0 0 0 0 0 0 0 1
GhostCell: 321.5 ave 528 max 115 min
Histogram: 1 0 0 0 0 0 0 0 0 1
EmptyCell: 0 ave 0 max 0 min
Histogram: 2 0 0 0 0 0 0 0 0 0
Surfs:     38 ave 38 max 38 min
Histogram: 2 0 0 0 0 0 0 0 0 0
GhostSurf: 0 ave 0 max 0 min
Histogram: 2 0 0 0 0 0 0 0 0 0
adapt_grid all refine particle 16 4
Adapting grid ...
  931 9 234 = cells outside/inside/overlapping surfs
  152 82 = surf cells with 1,2,etc splits
  0.00091701917084806 0.00091701917084806 = cell-wise and global flow volume
  205 cells refined, 0 cells coarsened
  adapted to 1174 child grid cells, 259 parent cells
  CPU time = 0.00261867 secs
  adapt/redo percent = 62.5778 37.4222
balance_grid rcb part
Balance grid migrated 92 cells
  CPU time = 0.00159528 secs
  reassign/sort/migrate/ghost percent = 17.0768 5.26165 54.1522 23.5093
next a
jump in.cell loop
variable a loop 125
run 		    20000
Memory usage per proc in Mbytes:
  particles (ave,min,max) = 3.375 3.375 3.375
  grid      (ave,min,max) = 1.91053 1.91053 1.91053
  surf      (ave,min,max) = 0.00391388 0.00391388 0.00391388
  total     (ave,min,max) = 5.28944 5.28944 5.28944
WALL Step CPU Np Natt Ncoll Nscoll Nscheck 
   27.196678    40000            0    39257      199       86        0        0 
   28.081791    41000   0.88509733    40213      161       91       36    11994 
   28.989624    42000    1.7929303    41152      186       93       50    11817 
   29.911066    43000    2.7143715    42103      186       95       57    12261 
   30.848849    44000    3.6521554    43048      198       89       48    12421 
   31.801626    45000    4.6049309    43997      188       83       40    12566 
   32.768663    46000    5.5719686    44928      177       79       51    12790 
   33.755918    47000    6.5592306    45852      195       99       34    12693 
   34.764954    48000    7.5682616    46784      207      104       67    12939 
    35.79971    49000    8.6030148    47719      220      110       62    13241 
    36.85708    50000     9.660385    48646      204       93       51    13305 
   37.936701    51000    10.740007    49564      207      103       43    13162 
   39.044157    52000    11.847464    50483      239      114       57    13918 
   40.182337    53000    12.985642    51395      233      109       56    14042 
   41.344699    54000    14.148004    52322      231      114       63    13950 
   42.523949    55000    15.327254    53218      259      122       60    14121 
   43.723466    56000    16.526771    54136      230      111       64    14624 
   44.944436    57000    17.747742    55052      248      119       63    14812 
   46.192204    58000     18.99551    55970      258      130       67    15026 
   47.463574    59000    20.266881    56882      257      118       44    14971 
   48.760146    60000    21.563451    57796      288      146       57    15183 
Loop time of 21.5635 on 2 procs for 20000 steps with 57796 particles

MPI task timing breakdown:
Section |  min time  |  avg time  |  max time  |%varavg| %total
---------------------------------------------------------------
Move    | 17.318     | 17.493     | 17.667     |   4.2 | 81.12
Coll    | 2.0494     | 2.0973     | 2.1452     |   3.3 |  9.73
Sort    | 1.2498     | 1.3552     | 1.4606     |   9.1 |  6.28
Comm    | 0.28458    | 0.60777    | 0.93097    |  41.5 |  2.82
Modify  | 0.0037791  | 0.0079953  | 0.012211   |   4.7 |  0.04
Output  | 0.00027408 | 0.00062863 | 0.00098318 |   0.0 |  0.00
Other   |            | 0.002021   |            |       |  0.01

Particle moves    = 972022986 (972M)
Cells touched     = 1000943518 (1B)
Particle comms    = 207886 (0.208M)
Boundary collides = 0 (0K)
Boundary exits    = 1461 (1.46K)
SurfColl checks   = 268061156 (268M)
SurfColl occurs   = 1029765 (1.03M)
Surf reactions    = 0 (0K)
Collide attempts  = 4265343 (4.27M)
Collide occurs    = 2063719 (2.06M)
Gas reactions     = 0 (0K)
Particles stuck   = 0

Particle-moves/CPUsec/proc: 2.25386e+07
Particle-moves/step: 48601.1
Cell-touches/particle/step: 1.02975
Particle comm iterations/step: 1
Particle fraction communicated: 0.000213869
Particle fraction colliding with boundary: 0
Particle fraction exiting boundary: 1.50305e-06
Surface-checks/particle/step: 0.275777
Surface-collisions/particle/step: 0.0010594
Surface-reactions/particle/step: 0
Collision-attempts/particle/step: 0.00438811
Collisions/particle/step: 0.00212312
Gas-reactions/particle/step: 0

Particles: 28898 ave 31609 max 26187 min
Histogram: 1 0 0 0 0 0 0 0 0 1
Cells:     669 ave 900 max 438 min
Histogram: 1 0 0 0 0 0 0 0 0 1
GhostCell: 669 ave 900 max 438 min
Histogram: 1 0 0 0 0 0 0 0 0 1
EmptyCell: 0 ave 0 max 0 min
Histogram: 2 0 0 0 0 0 0 0 0 0
Surfs:     38 ave 38 max 38 min
Histogram: 2 0 0 0 0 0 0 0 0 0
GhostSurf: 0 ave 0 max 0 min
Histogram: 2 0 0 0 0 0 0 0 0 0
adapt_grid all refine particle 16 4
Adapting grid ...
  2790 10 432 = cells outside/inside/overlapping surfs
  323 109 = surf cells with 1,2,etc splits
  0.00091701917084806 0.00091701917084806 = cell-wise and global flow volume
  686 cells refined, 0 cells coarsened
  adapted to 3232 child grid cells, 945 parent cells
  CPU time = 0.00563436 secs
  adapt/redo percent = 47.4595 52.5405
balance_grid rcb part
Balance grid migrated 117 cells
  CPU time = 0.00213087 secs
  reassign/sort/migrate/ghost percent = 16.5161 5.71513 43.0288 34.74
next a
jump in.cell loop
variable a loop 125
run 		    20000
Memory usage per proc in Mbytes:
  particles (ave,min,max) = 3.375 3.375 3.375
  grid      (ave,min,max) = 1.9681 1.9681 1.9681
  surf      (ave,min,max) = 0.00391388 0.00391388 0.00391388
  total     (ave,min,max) = 5.34702 5.34702 5.34702
WALL Step CPU Np Natt Ncoll Nscoll Nscheck 
   48.771414    60000            0    57796      288      146        0        0 
   50.012662    61000    1.2412339    58702      239      137       48     3027 
   51.282316    62000    2.5108887    59616      248      128       68     3291 
   52.573062    63000     3.801633    60515      294      159       57     3211 
   53.878356    64000    5.1069284    61434      282      129       59     3230 
   55.208891    65000    6.4374635    62330      295      153       68     3300 
   56.549569    66000    7.7781425    63220      268      131       66     3281 
   57.901358    67000    9.1299303    64112      287      151       52     3256 
   59.274514    68000    10.503086    65017      270      154       55     3403 
   60.660731    69000    11.889303    65889      304      146       59     3356 
   62.070587    70000     13.29916    66776      311      144       59     3462 
   63.505072    71000    14.733645    67656      342      170       63     3631 
   64.960218    72000    16.188791    68546      323      163       69     3541 
     66.4227    73000    17.651273    69420      316      141       66     3554 
   67.896957    74000     19.12553    70297      359      176       69     3607 
   69.387876    75000    20.616448    71182      376      198       83     3542 
   70.898808    76000     22.12738    72060      339      175       61     3550 
   72.426338    77000    23.654911    72946      380      208       65     3634 
   73.980875    78000    25.209446    73797      375      164       70     3714 
    75.54319    79000    26.771761    74674      382      194       69     3663 
    77.12515    80000    28.353723    75556      413      201       66     3658 
Loop time of 28.3538 on 2 procs for 20000 steps with 75556 particles

MPI task timing breakdown:
Section |  min time  |  avg time  |  max time  |%varavg| %total
---------------------------------------------------------------
Move    | 22.252     | 22.474     | 22.697     |   4.7 | 79.26
Coll    | 3.0096     | 3.1808     | 3.352      |   9.6 | 11.22
Sort    | 2.1523     | 2.1652     | 2.1781     |   0.9 |  7.64
Comm    | 0.13608    | 0.5218     | 0.90752    |  53.4 |  1.84
Modify  | 0.003892   | 0.0087417  | 0.013591   |   5.2 |  0.03
Output  | 0.00067137 | 0.0007299  | 0.00078842 |   0.0 |  0.00
Other   |            | 0.002059   |            |       |  0.01

Particle moves    = 1334894855 (1.33B)
Cells touched     = 1414217074 (1.41B)
Particle comms    = 291244 (0.291M)
Boundary collides = 0 (0K)
Boundary exits    = 2240 (2.24K)
SurfColl checks   = 68958851 (69M)
SurfColl occurs   = 1308614 (1.31M)
Surf reactions    = 0 (0K)
Collide attempts  = 6335814 (6.34M)
Collide occurs    = 3184022 (3.18M)
Gas reactions     = 0 (0K)
Particles stuck   = 0

Particle-moves/CPUsec/proc: 2.354e+07
Particle-moves/step: 66744.7
Cell-touches/particle/step: 1.05942
Particle comm iterations/step: 1
Particle fraction communicated: 0.000218177
Particle fraction colliding with boundary: 0
Particle fraction exiting boundary: 1.67803e-06
Surface-checks/particle/step: 0.0516586
Surface-collisions/particle/step: 0.000980312
Surface-reactions/particle/step: 0
Collision-attempts/particle/step: 0.0047463
Collisions/particle/step: 0.00238522
Gas-reactions/particle/step: 0

Particles: 37778 ave 38800 max 36756 min
Histogram: 1 0 0 0 0 0 0 0 0 1
Cells:     1725 ave 1982 max 1468 min
Histogram: 1 0 0 0 0 0 0 0 0 1
GhostCell: 1725 ave 1982 max 1468 min
Histogram: 1 0 0 0 0 0 0 0 0 1
EmptyCell: 0 ave 0 max 0 min
Histogram: 2 0 0 0 0 0 0 0 0 0
Surfs:     38 ave 38 max 38 min
Histogram: 2 0 0 0 0 0 0 0 0 0
GhostSurf: 0 ave 0 max 0 min
Histogram: 2 0 0 0 0 0 0 0 0 0
adapt_grid all refine particle 16 4
Adapting grid ...
  8246 65 480 = cells outside/inside/overlapping surfs
  370 110 = surf cells with 1,2,etc splits
  0.000917019170848054 0.00091701917084806 = cell-wise and global flow volume
  1853 cells refined, 0 cells coarsened
  adapted to 8791 child grid cells, 2798 parent cells
  CPU time = 0.0143951 secs
  adapt/redo percent = 29.3357 70.6643
balance_grid rcb part
Balance grid migrated 173 cells
  CPU time = 0.00419479 secs
  reassign/sort/migrate/ghost percent = 20.5801 9.15947 16.6361 53.6243
next a
jump in.cell loop
variable a loop 125
run 		    20000
Memory usage per proc in Mbytes:
  particles (ave,min,max) = 5.0625 5.0625 5.0625
  grid      (ave,min,max) = 3.06111 3.06111 3.06111
  surf      (ave,min,max) = 0.00391388 0.00391388 0.00391388
  total     (ave,min,max) = 8.12753 8.12753 8.12753
WALL Step CPU Np Natt Ncoll Nscoll Nscheck 
   77.152147    80000            0    75556      413      201        0        0 
    78.97904    81000    1.8268773    76413      353      204       86     3191 
   80.834791    82000    3.6826285    77289      338      192       84     3295 
   82.717091    83000    5.5649284    78158      360      216       64     3331 
   84.613706    84000    7.4615421    78988      390      203       81     3299 
   86.529497    85000    9.3773334    79865      362      208       89     3344 
   88.468265    86000    11.316102    80720      369      209       82     3304 
   90.419818    87000    13.267659    81570      407      219       89     3433 
   92.409134    88000     15.25697    82417      382      203       73     3550 
   94.405993    89000    17.253829    83269      442      221       74     3538 
   96.425211    90000    19.273049    84104      414      216       73     3511 
   98.455422    91000     21.30326    84954      417      212       78     3503 
   100.50894    92000    23.356775    85801      494      250       88     3541 
   102.57835    93000    25.426191    86628      461      232       91     3506 
   104.66681    94000    27.514644    87475      504      250       89     3507 
   106.77387    95000    29.621707    88327      460      239       74     3627 
   108.89145    96000    31.739286    89150      502      259       87     3658 
   111.04871    97000    33.896545    89988      496      252       96     3605 
   113.20385    98000    36.051692    90826      515      257       79     3671 
   115.38934    99000    38.237173    91671      511      246       83     3752 
   117.60116   100000    40.448998    92512      536      273       86     3756 
Loop time of 40.449 on 2 procs for 20000 steps with 92512 particles

MPI task timing breakdown:
Section |  min time  |  avg time  |  max time  |%varavg| %total
---------------------------------------------------------------
Move    | 31.687     | 31.992     | 32.297     |   5.4 | 79.09
Coll    | 4.3885     | 4.5239     | 4.6593     |   6.4 | 11.18
Sort    | 3.1024     | 3.2079     | 3.3134     |   5.9 |  7.93
Comm    | 0.1587     | 0.71158    | 1.2645     |  65.5 |  1.76
Modify  | 0.0041716  | 0.010704   | 0.017236   |   6.3 |  0.03
Output  | 0.00082258 | 0.00084657 | 0.00087055 |   0.0 |  0.00
Other   |            | 0.002084   |            |       |  0.01

Particle moves    = 1681634157 (1.68B)
Cells touched     = 1868209717 (1.87B)
Particle comms    = 456784 (0.457M)
Boundary collides = 0 (0K)
Boundary exits    = 3044 (3.04K)
SurfColl checks   = 69021023 (69M)
SurfColl occurs   = 1571887 (1.57M)
Surf reactions    = 0 (0K)
Collide attempts  = 8551942 (8.55M)
Collide occurs    = 4504728 (4.5M)
Gas reactions     = 0 (0K)
Particles stuck   = 0

Particle-moves/CPUsec/proc: 2.07871e+07
Particle-moves/step: 84081.7
Cell-touches/particle/step: 1.11095
Particle comm iterations/step: 1
Particle fraction communicated: 0.000271631
Particle fraction colliding with boundary: 0
Particle fraction exiting boundary: 1.81014e-06
Surface-checks/particle/step: 0.041044
Surface-collisions/particle/step: 0.000934738
Surface-reactions/particle/step: 0
Collision-attempts/particle/step: 0.00508549
Collisions/particle/step: 0.00267878
Gas-reactions/particle/step: 0

Particles: 46256 ave 46629 max 45883 min
Histogram: 1 0 0 0 0 0 0 0 0 1
Cells:     4505.5 ave 4780 max 4231 min
Histogram: 1 0 0 0 0 0 0 0 0 1
GhostCell: 4505.5 ave 4780 max 4231 min
Histogram: 1 0 0 0 0 0 0 0 0 1
EmptyCell: 0 ave 0 max 0 min
Histogram: 2 0 0 0 0 0 0 0 0 0
Surfs:     38 ave 38 max 38 min
Histogram: 2 0 0 0 0 0 0 0 0 0
GhostSurf: 0 ave 0 max 0 min
Histogram: 2 0 0 0 0 0 0 0 0 0
adapt_grid all refine particle 16 4
Adapting grid ...
  11935 117 513 = cells outside/inside/overlapping surfs
  403 110 = surf cells with 1,2,etc splits
  0.000917019170848059 0.00091701917084806 = cell-wise and global flow volume
  1258 cells refined, 0 cells coarsened
  adapted to 12565 child grid cells, 4056 parent cells
  CPU time = 0.0194394 secs
  adapt/redo percent = 20.6864 79.3136
balance_grid rcb part
Balance grid migrated 55 cells
  CPU time = 0.00615207 secs
  reassign/sort/migrate/ghost percent = 20.0735 10.6231 11.4463 57.8571
next a
jump in.cell loop
variable a loop 125
run 		    20000
Memory usage per proc in Mbytes:
  particles (ave,min,max) = 5.0625 5.0625 5.0625
  grid      (ave,min,max) = 3.16669 3.16669 3.16669
  surf      (ave,min,max) = 0.00391388 0.00391388 0.00391388
  total     (ave,min,max) = 8.2331 8.2331 8.2331
WALL Step CPU Np Natt Ncoll Nscoll Nscheck 
   117.63024   100000            0    92512      536      273        0        0 
   120.18104   101000    2.5507968    93349      408      264       76     3778 
   122.73832   102000    5.1080722    94199      481      262      107     3751 
   125.30248   103000    7.6722328    95023      473      271      107     3727 
   127.87778   104000    10.247532    95843      501      279       99     3859 
    130.5113   105000    12.881052    96675      522      287       88     3746 
    133.1563   106000     15.52605    97481      515      282       90     3771 
   135.81829   107000     18.18804    98283      557      289       94     3902 
   138.50632   108000     20.87607    99087      517      265       84     3757 
    141.2383   109000    23.608051    99898      554      305      101     3844 
   143.96914   110000    26.338899   100702      568      305       85     3903 
   146.70424   111000    29.073989   101496      547      266       85     3867 
   149.49184   112000    31.861595   102297      618      316       91     3934 
   152.30221   113000    34.671961   103120      623      333       75     3951 
   155.14027   114000    37.510021   103940      617      309      107     4152 
   157.99101   115000    40.360767   104737      652      340      101     3948 
   160.83962   116000    43.209372   105555      703      360      108     3923 
   163.71634   117000     46.08609   106360      640      308       92     4033 
   166.62717   118000    48.996919   107161      713      372       93     4199 
   169.57495   119000    51.944705   107941      700      360       80     4094 
   172.50073   120000    54.870483   108730      683      369       98     4130 
Loop time of 54.8705 on 2 procs for 20000 steps with 108730 particles

MPI task timing breakdown:
Section |  min time  |  avg time  |  max time  |%varavg| %total
---------------------------------------------------------------
Move    | 41.597     | 42.485     | 43.373     |  13.6 | 77.43
Coll    | 5.7984     | 5.939      | 6.0796     |   5.8 | 10.82
Sort    | 3.9974     | 4.6059     | 5.2143     |  28.4 |  8.39
Comm    | 0.17855    | 1.8239     | 3.4692     | 121.8 |  3.32
Modify  | 0.0045249  | 0.012918   | 0.021311   |   7.4 |  0.02
Output  | 0.00082699 | 0.0013181  | 0.0018093  |   1.4 |  0.00
Other   |            | 0.002419   |            |       |  0.00

Particle moves    = 2013796034 (2.01B)
Cells touched     = 2281623807 (2.28B)
Particle comms    = 792772 (0.793M)
Boundary collides = 0 (0K)
Boundary exits    = 3782 (3.78K)
SurfColl checks   = 78057053 (78.1M)
SurfColl occurs   = 1829674 (1.83M)
Surf reactions    = 0 (0K)
Collide attempts  = 11438565 (11.4M)
Collide occurs    = 6088403 (6.09M)
Gas reactions     = 0 (0K)
Particles stuck   = 0

Particle-moves/CPUsec/proc: 1.83504e+07
Particle-moves/step: 100690
Cell-touches/particle/step: 1.133
Particle comm iterations/step: 1
Particle fraction communicated: 0.00039367
Particle fraction colliding with boundary: 0
Particle fraction exiting boundary: 1.87805e-06
Surface-checks/particle/step: 0.0387612
Surface-collisions/particle/step: 0.00090857
Surface-reactions/particle/step: 0
Collision-attempts/particle/step: 0.0056801
Collisions/particle/step: 0.00302335
Gas-reactions/particle/step: 0

Particles: 54365 ave 55326 max 53404 min
Histogram: 1 0 0 0 0 0 0 0 0 1
Cells:     6392.5 ave 6558 max 6227 min
Histogram: 1 0 0 0 0 0 0 0 0 1
GhostCell: 6392.5 ave 6558 max 6227 min
Histogram: 1 0 0 0 0 0 0 0 0 1
EmptyCell: 0 ave 0 max 0 min
Histogram: 2 0 0 0 0 0 0 0 0 0
Surfs:     38 ave 38 max 38 min
Histogram: 2 0 0 0 0 0 0 0 0 0
GhostSurf: 0 ave 0 max 0 min
Histogram: 2 0 0 0 0 0 0 0 0 0
adapt_grid all refine particle 16 4
Adapting grid ...
  16376 158 543 = cells outside/inside/overlapping surfs
  433 110 = surf cells with 1,2,etc splits
  0.000917019170848058 0.00091701917084806 = cell-wise and global flow volume
  1504 cells refined, 0 cells coarsened
  adapted to 17077 child grid cells, 5560 parent cells
  CPU time = 0.0280189 secs
  adapt/redo percent = 19.2603 80.7397
balance_grid rcb part
Balance grid migrated 122 cells
  CPU time = 0.00814362 secs
  reassign/sort/migrate/ghost percent = 20.235 10.966 12.0835 56.7155
next a
jump in.cell loop
variable a loop 125
run 		    20000
Memory usage per proc in Mbytes:
  particles (ave,min,max) = 6.75 6.75 6.75
  grid      (ave,min,max) = 4.73041 4.73041 4.73041
  surf      (ave,min,max) = 0.00391388 0.00391388 0.00391388
  total     (ave,min,max) = 11.4843 11.4843 11.4843
WALL Step CPU Np Natt Ncoll Nscoll Nscheck 
   172.54549   120000            0   108730      683      369        0        0 
   175.81585   121000    3.2703418   109511      590      380       97     4029 
   179.15188   122000     6.606376   110311      620      377      102     4096 
   182.49186   123000    9.9463523   111083      634      356      102     4161 
   185.89368   124000    13.348179   111861      622      316      111     4291 
   189.28037   125000    16.734869   112609      637      354       79     4178 
