running....
Running without a11y support!
SPARTA (24 Jan 2020)

# variables to be set in RunCells.jl
variable FNUM equal "3.600E+11"
variable ZMAX equal "3.500E-01"
variable RMAX equal "3.000E-02"
variable TIMESTEP equal "2.000E-07"
variable NPERSTEP equal "1.000E+00"
variable T1 equal "2.000E+00"
variable T2 equal "2.000E+00"

global		        fnum ${FNUM} cellmax 10000
global		        fnum 360000000000 cellmax 10000
seed	    	    12345
dimension   	    2
units               si
timestep 	        ${TIMESTEP}
timestep 	        2e-07

species		        he4.species He
mixture		        He He nrho 1 vstream 26.2 0 0 temp ${T1}
mixture		        He He nrho 1 vstream 26.2 0 0 temp 2
collide             vss He he4.vss #kk

# read_restart data/cell.restart.*

boundary	        o ao p
create_box  	    0 ${ZMAX} 0 ${RMAX} -0.1 0.1
create_box  	    0 0.35 0 ${RMAX} -0.1 0.1
create_box  	    0 0.35 0 0.03 -0.1 0.1
Created orthogonal box = (0 0 -0.1) to (0.35 0.03 0.1)
create_grid 	    20 20 1
Created 400 child grid cells
  parent cells = 1
  CPU time = 0.00216096 secs
  create/ghost percent = 79.2641 20.7359
balance_grid        rcb cell
Balance grid migrated 200 cells
  CPU time = 0.00115123 secs
  reassign/sort/migrate/ghost percent = 60.4782 0.431887 18.0651 21.0249

read_surf           data.cell
Reading surface file ...
  12 points
  12 lines
  0 0.06509 xlo xhi
  0 0.0254 ylo yhi
  0 0 zlo zhi
  0.00159 min line length
  42 = cells with surfs
  74 = total surfs in all grid cells
  4 = max surfs in one grid cell
  0.0908571 = min surf-size/cell-size ratio
  0 0 = number of pushed cells
  42 0 = cells overlapping surfs, overlap cells with unmarked corner pts
  356 2 42 = cells outside/inside/overlapping surfs
  30 12 = surf cells with 1,2,etc splits
  0.000929288775062441 0.000929288775062441 = cell-wise and global flow volume
  CPU time = 0.00625354 secs
  read/check/sort/surf2grid/ghost/inout/particle percent = 78.6129 1.69833 0.282272 12.2006 7.2059 2.33668 0.104165
  surf2grid time = 0.000762971 secs
  map/rvous1/rvous2/split percent = 7.52493 19.7499 0.177464 63.3223
group       inlet surf id 12
1 surfaces in group inlet
fix		    in emit/surf He inlet n ${NPERSTEP} perspecies no
fix		    in emit/surf He inlet n 1 perspecies no

read_surf           data.diffuser
Reading surface file ...
  4 points
  16 lines
  0.00953 0.0127 xlo xhi
  0 0.00953 ylo yhi
  0 0 zlo zhi
  0.00317 min line length
  42 = cells with surfs
  90 = total surfs in all grid cells
  6 = max surfs in one grid cell
  0.0908571 = min surf-size/cell-size ratio
  0 0 = number of pushed cells
  42 0 = cells overlapping surfs, overlap cells with unmarked corner pts
  356 2 42 = cells outside/inside/overlapping surfs
  24 18 = surf cells with 1,2,etc splits
  0.000928384303459465 0.000928384303459465 = cell-wise and global flow volume
  CPU time = 0.00544891 secs
  read/check/sort/surf2grid/ghost/inout/particle percent = 85.5129 1.60243 0.30685 6.64852 5.92927 2.3018 0.134302
  surf2grid time = 0.000362272 secs
  map/rvous1/rvous2/split percent = 14.3293 33.3106 0.298119 33.1787

read_surf           data.stages trans 65.09E-3 0 0 group stages
Reading surface file ...
  22 points
  38 lines
  0.06709 0.08817 xlo xhi
  0.00036 0.02223 ylo yhi
  0 0 zlo zhi
  0.00048 min line length
  65 = cells with surfs
  144 = total surfs in all grid cells
  9 = max surfs in one grid cell
  0.0274286 = min surf-size/cell-size ratio
  0 0 = number of pushed cells
  65 0 = cells overlapping surfs, overlap cells with unmarked corner pts
  328 7 65 = cells outside/inside/overlapping surfs
  47 18 = surf cells with 1,2,etc splits
  0.000906561346116603 0.000906561346116603 = cell-wise and global flow volume
  CPU time = 0.00332967 secs
  read/check/sort/surf2grid/ghost/inout/particle percent = 76.4408 3.48566 0.444398 12.1196 7.50953 4.20341 0.231855
  surf2grid time = 0.000403544 secs
  map/rvous1/rvous2/split percent = 13.4771 34.8088 0.258708 34.342

surf_collide	    diffuse diffuse ${T1} 1.0
surf_collide	    diffuse diffuse 2 1.0
surf_collide	    cold diffuse ${T2} 1.0
surf_collide	    cold diffuse 2 1.0
surf_modify         all collide diffuse
surf_modify         stages collide cold

stats		    1000
stats_style	    wall step cpu np nattempt ncoll nscoll nscheck

# Run until convergence
label loop
variable a loop 125
run 		    20000
Memory usage per proc in Mbytes:
  particles (ave,min,max) = 0 0 0
  grid      (ave,min,max) = 1.88888 1.88888 1.88888
  surf      (ave,min,max) = 0.00391388 0.00391388 0.00391388
  total     (ave,min,max) = 1.89279 1.89279 1.89279
WALL Step CPU Np Natt Ncoll Nscoll Nscheck 
 0.030185222        0            0        0        0        0        0        0 
 0.083449365     1000  0.053239582     1000       29       18        8     5520 
  0.19125766     2000   0.16104895     2000       59       24        9     9773 
  0.37238037     3000   0.34217162     3000       75       34       12    13083 
  0.62049199     4000   0.59028379     4000       87       32       23    15789 
  0.93466713     5000    0.9044616     5000       95       35       23    18108 
   1.3098921     6000    1.2796833     6000      104       52       14    20303 
   1.7470913     7000    1.7168827     7000      111       48       20    22115 
   2.2461593     8000    2.2159521     8000      119       47       25    23850 
   2.8073366     9000    2.7771283     9000      129       64       21    25462 
   3.4281746    10000    3.3979692    10000      127       53       28    26967 
   4.1118201    11000    4.0816134    10999      127       54       25    28669 
   4.8517494    12000    4.8215412    11996      138       55       24    29823 
    5.648405    13000    5.6181963    12996      147       67       23    30943 
   6.5052282    14000    6.4750265    13996      139       44       29    32260 
   7.4215221    15000    7.3913137    14990      152       52       28    33554 
   8.4024137    16000    8.3722085    15989      148       64       32    34765 
   9.4524428    17000     9.422237    16987      156       73       32    35799 
   10.566028    18000    10.535822    17985      145       64       32    37301 
   11.741288    19000     11.71109    18979      155       69       33    38536 
    12.95276    20000    12.922554    19971      165       70       36    39660 
Loop time of 12.9226 on 2 procs for 20000 steps with 19971 particles

MPI task timing breakdown:
Section |  min time  |  avg time  |  max time  |%varavg| %total
---------------------------------------------------------------
Move    | 0.0026604  | 5.7933     | 11.584     | 240.6 | 44.83
Coll    | 0.0032705  | 0.38201    | 0.76075    |  61.3 |  2.96
Sort    | 0.0072232  | 0.24487    | 0.48251    |  48.0 |  1.89
Comm    | 0.075019   | 6.4904     | 12.906     | 251.8 | 50.23
Modify  | 0.0012165  | 0.0093377  | 0.017459   |   8.4 |  0.07
Output  | 0.00083999 | 0.0012364  | 0.0016329  |   1.1 |  0.01
Other   |            | 0.001415   |            |       |  0.01

Particle moves    = 199913402 (200M)
Cells touched     = 201496817 (201M)
Particle comms    = 15 (0.015K)
Boundary collides = 0 (0K)
Boundary exits    = 29 (0.029K)
SurfColl checks   = 503119662 (503M)
SurfColl occurs   = 435456 (0.435M)
Surf reactions    = 0 (0K)
Collide attempts  = 2345537 (2.35M)
Collide occurs    = 1011572 (1.01M)
Gas reactions     = 0 (0K)
Particles stuck   = 0

Particle-moves/CPUsec/proc: 7.73503e+06
Particle-moves/step: 9995.67
Cell-touches/particle/step: 1.00792
Particle comm iterations/step: 1
Particle fraction communicated: 7.50325e-08
Particle fraction colliding with boundary: 0
Particle fraction exiting boundary: 1.45063e-07
Surface-checks/particle/step: 2.51669
Surface-collisions/particle/step: 0.00217822
Surface-reactions/particle/step: 0
Collision-attempts/particle/step: 0.0117328
Collisions/particle/step: 0.00506005
Gas-reactions/particle/step: 0

Particles: 9985.5 ave 19966 max 5 min
Histogram: 1 0 0 0 0 0 0 0 0 1
Cells:     218 ave 236 max 200 min
Histogram: 1 0 0 0 0 0 0 0 0 1
GhostCell: 218 ave 236 max 200 min
Histogram: 1 0 0 0 0 0 0 0 0 1
EmptyCell: 0 ave 0 max 0 min
Histogram: 2 0 0 0 0 0 0 0 0 0
Surfs:     38 ave 38 max 38 min
Histogram: 2 0 0 0 0 0 0 0 0 0
GhostSurf: 0 ave 0 max 0 min
Histogram: 2 0 0 0 0 0 0 0 0 0
adapt_grid all refine particle 16 4
Adapting grid ...
  444 15 115 = cells outside/inside/overlapping surfs
  79 36 = surf cells with 1,2,etc splits
  0.000906561346116603 0.000906561346116603 = cell-wise and global flow volume
  58 cells refined, 0 cells coarsened
  adapted to 574 child grid cells, 59 parent cells
  CPU time = 0.00171652 secs
  adapt/redo percent = 76.3693 23.6307
balance_grid rcb part
Balance grid migrated 283 cells
  CPU time = 0.00250953 secs
  reassign/sort/migrate/ghost percent = 9.73425 2.86213 77.4242 9.97944
next a
jump in.cell loop
variable a loop 125
run 		    20000
Memory usage per proc in Mbytes:
  particles (ave,min,max) = 2.53125 1.6875 3.375
  grid      (ave,min,max) = 1.89375 1.89375 1.89375
  surf      (ave,min,max) = 0.00391388 0.00391388 0.00391388
  total     (ave,min,max) = 4.42891 3.58516 5.27266
WALL Step CPU Np Natt Ncoll Nscoll Nscheck 
   12.962539    20000            0    19971      165       70        0        0 
   13.518197    21000   0.55564114    20966      149       61       25    15926 
   14.095131    22000    1.1325758    21953      150       63       29    15976 
   14.690635    23000    1.7280785    22941      146       62       38    16483 
   15.298726    24000    2.3361695    23932      144       70       36    16604 
    15.91211    25000    2.9495527    24919      132       56       24    16970 
   16.533467    26000    3.5709111    25909      158       63       29    17427 
   17.170333    27000     4.207778    26900      150       64       34    17893 
   17.827437    28000      4.86488    27889      167       82       35    18384 
   18.496037    29000    5.5334832    28875      152       69       36    18710 
   19.185673    30000    6.2231164    29863      148       70       43    19144 
   19.894458    31000    6.9319067    30850      154       56       38    19556 
   20.628132    32000     7.665577    31827      164       66       54    20176 
   21.392363    33000    8.4298065    32806      179       84       35    20691 
   22.181932    34000    9.2193778    33787      183       68       51    20720 
   23.002367    35000    10.039812    34766      182       85       46    21071 
   23.851414    36000    10.888858    35748      179       74       33    21610 
   24.726866    37000    11.764311    36723      191       82       40    21632 
   25.635447    38000     12.67289    37704      194       84       51    22469 
   26.573708    39000    13.611152    38675      191       93       40    22504 
   27.539033    40000    14.576476    39649      200       84       39    23215 
Loop time of 14.5766 on 2 procs for 20000 steps with 39649 particles

MPI task timing breakdown:
Section |  min time  |  avg time  |  max time  |%varavg| %total
---------------------------------------------------------------
Move    | 11.547     | 11.896     | 12.245     |  10.1 | 81.61
Coll    | 1.0287     | 1.116      | 1.2033     |   8.3 |  7.66
Sort    | 0.58956    | 0.70785    | 0.82615    |  14.1 |  4.86
Comm    | 0.69546    | 0.8449     | 0.99434    |  16.3 |  5.80
Modify  | 0.003411   | 0.0087657  | 0.01412    |   5.7 |  0.06
Output  | 0.0005142  | 0.0010502  | 0.0015862  |   1.7 |  0.01
Other   |            | 0.002011   |            |       |  0.01

Particle moves    = 596857680 (597M)
Cells touched     = 605788413 (606M)
Particle comms    = 176830 (0.177M)
Boundary collides = 0 (0K)
Boundary exits    = 322 (0.322K)
SurfColl checks   = 383295282 (383M)
SurfColl occurs   = 766259 (0.766M)
Surf reactions    = 0 (0K)
Collide attempts  = 3299401 (3.3M)
Collide occurs    = 1474891 (1.47M)
Gas reactions     = 0 (0K)
Particles stuck   = 0

Particle-moves/CPUsec/proc: 2.04732e+07
Particle-moves/step: 29842.9
Cell-touches/particle/step: 1.01496
Particle comm iterations/step: 1
Particle fraction communicated: 0.000296268
Particle fraction colliding with boundary: 0
Particle fraction exiting boundary: 5.39492e-07
Surface-checks/particle/step: 0.642189
Surface-collisions/particle/step: 0.00128382
Surface-reactions/particle/step: 0
Collision-attempts/particle/step: 0.00552795
Collisions/particle/step: 0.00247109
Gas-reactions/particle/step: 0

Particles: 19824.5 ave 23964 max 15685 min
Histogram: 1 0 0 0 0 0 0 0 0 1
Cells:     323 ave 531 max 115 min
Histogram: 1 0 0 0 0 0 0 0 0 1
GhostCell: 323 ave 531 max 115 min
Histogram: 1 0 0 0 0 0 0 0 0 1
EmptyCell: 0 ave 0 max 0 min
Histogram: 2 0 0 0 0 0 0 0 0 0
Surfs:     38 ave 38 max 38 min
Histogram: 2 0 0 0 0 0 0 0 0 0
GhostSurf: 0 ave 0 max 0 min
Histogram: 2 0 0 0 0 0 0 0 0 0
adapt_grid all refine particle 16 4
Adapting grid ...
  963 15 253 = cells outside/inside/overlapping surfs
  181 72 = surf cells with 1,2,etc splits
  0.000906561346116602 0.000906561346116603 = cell-wise and global flow volume
  219 cells refined, 0 cells coarsened
  adapted to 1231 child grid cells, 278 parent cells
  CPU time = 0.00275543 secs
  adapt/redo percent = 62.5476 37.4524
balance_grid rcb part
Balance grid migrated 97 cells
  CPU time = 0.00162802 secs
  reassign/sort/migrate/ghost percent = 18.1506 5.32481 51.8889 24.6357
next a
jump in.cell loop
variable a loop 125
run 		    20000
Memory usage per proc in Mbytes:
  particles (ave,min,max) = 3.375 3.375 3.375
  grid      (ave,min,max) = 1.91212 1.91212 1.91212
  surf      (ave,min,max) = 0.00391388 0.00391388 0.00391388
  total     (ave,min,max) = 5.29104 5.29104 5.29104
WALL Step CPU Np Natt Ncoll Nscoll Nscheck 
   27.551505    40000            0    39649      200       84        0        0 
   28.461726    41000    0.9102076    40624      165       83       49    11427 
   29.389192    42000    1.8376726    41589      160       78       48    11742 
   30.344135    43000    2.7926161    42561      174       88       45    11678 
   31.311576    44000    3.7600591    43521      181       88       54    11970 
   32.311901    45000    4.7603825    44484      197       89       48    12177 
   33.330353    46000    5.7788382    45445      210       99       47    12304 
   34.357713    47000    6.8061944    46416      203       83       56    12370 
   35.384915    48000    7.8333952    47373      203      104       52    12519 
   36.436461    49000    8.8849432    48330      216      102       46    12783 
   37.522177    50000    9.9706585    49278      225      110       43    13086 
   38.642058    51000    11.090542    50226      212      115       56    13488 
    39.77852    52000    12.227003    51182      230      108       50    13557 
   40.933956    53000    13.382438    52121      227      106       44    13827 
   42.116257    54000    14.564739    53063      243      103       72    14009 
   43.321013    55000    15.769495    54013      248      119       63    13809 
   44.555594    56000    17.004077    54960      238      119       56    14249 
     45.8104    57000    18.258881    55905      273      136       60    14717 
   47.083917    58000      19.5324    56852      264      129       55    14611 
   48.377396    59000    20.825878    57801      257      119       68    15043 
   49.697229    60000    22.145712    58741      267      124       50    14796 
Loop time of 22.1458 on 2 procs for 20000 steps with 58741 particles

MPI task timing breakdown:
Section |  min time  |  avg time  |  max time  |%varavg| %total
---------------------------------------------------------------
Move    | 17.811     | 17.86      | 17.909     |   1.2 | 80.65
Coll    | 2.1866     | 2.1955     | 2.2043     |   0.6 |  9.91
Sort    | 1.5002     | 1.5522     | 1.6042     |   4.2 |  7.01
Comm    | 0.51093    | 0.51847    | 0.526      |   1.0 |  2.34
Modify  | 0.0039659  | 0.015707   | 0.027448   |   9.4 |  0.07
Output  | 0.000575   | 0.00078702 | 0.00099905 |   0.0 |  0.00
Other   |            | 0.003336   |            |       |  0.02

Particle moves    = 984970616 (985M)
Cells touched     = 1014327367 (1.01B)
Particle comms    = 215027 (0.215M)
Boundary collides = 0 (0K)
Boundary exits    = 908 (0.908K)
SurfColl checks   = 262287031 (262M)
SurfColl occurs   = 1045068 (1.05M)
Surf reactions    = 0 (0K)
Collide attempts  = 4298492 (4.3M)
Collide occurs    = 2072535 (2.07M)
Gas reactions     = 0 (0K)
Particles stuck   = 0

Particle-moves/CPUsec/proc: 2.22383e+07
Particle-moves/step: 49248.5
Cell-touches/particle/step: 1.0298
Particle comm iterations/step: 1
Particle fraction communicated: 0.000218308
Particle fraction colliding with boundary: 0
Particle fraction exiting boundary: 9.21855e-07
Surface-checks/particle/step: 0.266289
Surface-collisions/particle/step: 0.00106101
Surface-reactions/particle/step: 0
Collision-attempts/particle/step: 0.00436408
Collisions/particle/step: 0.00210416
Gas-reactions/particle/step: 0

Particles: 29370.5 ave 32119 max 26622 min
Histogram: 1 0 0 0 0 0 0 0 0 1
Cells:     687.5 ave 932 max 443 min
Histogram: 1 0 0 0 0 0 0 0 0 1
GhostCell: 687.5 ave 932 max 443 min
Histogram: 1 0 0 0 0 0 0 0 0 1
EmptyCell: 0 ave 0 max 0 min
Histogram: 2 0 0 0 0 0 0 0 0 0
Surfs:     38 ave 38 max 38 min
Histogram: 2 0 0 0 0 0 0 0 0 0
GhostSurf: 0 ave 0 max 0 min
Histogram: 2 0 0 0 0 0 0 0 0 0
adapt_grid all refine particle 16 4
Adapting grid ...
  2845 16 443 = cells outside/inside/overlapping surfs
  346 97 = surf cells with 1,2,etc splits
  0.000906561346116602 0.000906561346116603 = cell-wise and global flow volume
  691 cells refined, 0 cells coarsened
  adapted to 3304 child grid cells, 969 parent cells
  CPU time = 0.0063912 secs
  adapt/redo percent = 52.3159 47.6841
balance_grid rcb part
Balance grid migrated 109 cells
  CPU time = 0.00243212 secs
  reassign/sort/migrate/ghost percent = 20.6248 8.3858 36.6694 34.32
next a
jump in.cell loop
variable a loop 125
run 		    20000
Memory usage per proc in Mbytes:
  particles (ave,min,max) = 3.375 3.375 3.375
  grid      (ave,min,max) = 1.97012 1.97012 1.97012
  surf      (ave,min,max) = 0.00391388 0.00391388 0.00391388
  total     (ave,min,max) = 5.34903 5.34903 5.34903
WALL Step CPU Np Natt Ncoll Nscoll Nscheck 
   49.709482    60000            0    58741      267      124        0        0 
   51.017924    61000    1.3084266    59678      242      142       55     3600 
    52.36575    62000    2.6562518    60612      275      145       55     3560 
   53.763179    63000    4.0536794    61546      270      151       67     3644 
   55.225564    64000    5.5160698    62475      267      140       59     3618 
   56.711125    65000     7.001628    63416      289      157       73     3716 
   58.152914    66000     8.443417    64335      273      139       56     3748 
   59.583997    67000    9.8744974    65261      278      148       47     3788 
    61.07381    68000    11.364312    66198      331      169       74     3853 
   62.623349    69000    12.913851    67119      293      139       60     3919 
   64.182249    70000     14.47275    68040      322      160       63     3921 
   65.775198    71000    16.065698    68959      342      160       62     3981 
   67.409379    72000     17.69988    69871      328      159       63     4096 
   68.991844    73000    19.282347    70780      345      168       68     4056 
   70.606063    74000    20.896563    71715      345      171       72     3949 
   72.250182    75000    22.540683    72627      360      175       72     4221 
   73.964362    76000    24.254863    73549      353      183       75     4240 
   75.670316    77000    25.960818    74449      401      205       64     4245 
   77.447355    78000    27.737858    75362      390      205       65     4277 
   79.203868    79000    29.494371    76272      354      173       78     4359 
    80.89328    80000    31.183782    77163      389      184       69     4219 
Loop time of 31.1839 on 2 procs for 20000 steps with 77163 particles

MPI task timing breakdown:
Section |  min time  |  avg time  |  max time  |%varavg| %total
---------------------------------------------------------------
Move    | 23.045     | 23.403     | 23.76      |   7.4 | 75.05
Coll    | 3.1544     | 3.4222     | 3.6901     |  14.5 | 10.97
Sort    | 2.2576     | 2.8811     | 3.5046     |  36.7 |  9.24
Comm    | 0.18685    | 1.4524     | 2.7179     | 105.0 |  4.66
Modify  | 0.0039164  | 0.020115   | 0.036314   |  11.4 |  0.06
Output  | 0.0010699  | 0.0017042  | 0.0023385  |   1.5 |  0.01
Other   |            | 0.00365    |            |       |  0.01

Particle moves    = 1360244720 (1.36B)
Cells touched     = 1440609445 (1.44B)
Particle comms    = 298262 (0.298M)
Boundary collides = 0 (0K)
Boundary exits    = 1578 (1.58K)
SurfColl checks   = 78656550 (78.7M)
SurfColl occurs   = 1338975 (1.34M)
Surf reactions    = 0 (0K)
Collide attempts  = 6356493 (6.36M)
Collide occurs    = 3200840 (3.2M)
Gas reactions     = 0 (0K)
Particles stuck   = 0

Particle-moves/CPUsec/proc: 2.18101e+07
Particle-moves/step: 68012.2
Cell-touches/particle/step: 1.05908
Particle comm iterations/step: 1
Particle fraction communicated: 0.000219271
Particle fraction colliding with boundary: 0
Particle fraction exiting boundary: 1.16009e-06
Surface-checks/particle/step: 0.0578253
Surface-collisions/particle/step: 0.000984363
Surface-reactions/particle/step: 0
Collision-attempts/particle/step: 0.00467305
Collisions/particle/step: 0.00235314
Gas-reactions/particle/step: 0

Particles: 38581.5 ave 39499 max 37664 min
Histogram: 1 0 0 0 0 0 0 0 0 1
Cells:     1749 ave 2044 max 1454 min
Histogram: 1 0 0 0 0 0 0 0 0 1
GhostCell: 1749 ave 2044 max 1454 min
Histogram: 1 0 0 0 0 0 0 0 0 1
EmptyCell: 0 ave 0 max 0 min
Histogram: 2 0 0 0 0 0 0 0 0 0
Surfs:     38 ave 38 max 38 min
Histogram: 2 0 0 0 0 0 0 0 0 0
GhostSurf: 0 ave 0 max 0 min
Histogram: 2 0 0 0 0 0 0 0 0 0
adapt_grid all refine particle 16 4
Adapting grid ...
  8476 72 507 = cells outside/inside/overlapping surfs
  406 101 = surf cells with 1,2,etc splits
  0.000906561346116597 0.000906561346116603 = cell-wise and global flow volume
  1917 cells refined, 0 cells coarsened
  adapted to 9055 child grid cells, 2886 parent cells
  CPU time = 0.0152878 secs
  adapt/redo percent = 31.6353 68.3647
balance_grid rcb part
Balance grid migrated 133 cells
  CPU time = 0.0043644 secs
  reassign/sort/migrate/ghost percent = 20.7563 9.53037 16.6934 53.0198
next a
jump in.cell loop
variable a loop 125
run 		    20000
Memory usage per proc in Mbytes:
  particles (ave,min,max) = 5.0625 5.0625 5.0625
  grid      (ave,min,max) = 3.0685 3.0685 3.0685
  surf      (ave,min,max) = 0.00391388 0.00391388 0.00391388
  total     (ave,min,max) = 8.13491 8.13491 8.13491
WALL Step CPU Np Natt Ncoll Nscoll Nscheck 
   80.920744    80000            0    77163      389      184        0        0 
   83.128911    81000    2.2081526    78073      309      185       68     3495 
   85.458473    82000    4.5377138    78983      351      195       90     3580 
   87.866879    83000    6.9461241    79900      335      167       91     3705 
   90.154461    84000    9.2337018    80795      371      210       68     3645 
   92.447955    85000    11.527195    81700      371      197       82     3727 
   94.837796    86000    13.917036    82595      382      181       79     3609 
   97.361583    87000    16.440823    83508      403      201       78     3578 
   99.844141    88000    18.923382    84416      408      209       83     3763 
   101.96007    89000    21.039315    85294      444      223       70     3882 
   104.53296    90000    23.612199    86177      456      218       81     3862 
   107.11234    91000    26.191582    87078      453      212       92     3943 
   109.71565    92000    28.794889    87976      473      250       72     3831 
   112.32196    93000    31.401205    88873      493      240       73     3869 
   114.90453    94000    33.983775    89764      456      251       86     4019 
   117.55858    95000    36.637823    90648      471      256       92     3930 
   120.39584    96000    39.475084    91502      494      263       84     4016 
   122.80931    97000    41.888553    92368      457      241       86     4100 
   125.46727    98000    44.546513    93236      589      308       92     4092 
   128.38196    99000    47.461198    94120      489      234      102     4084 
