running....
Running without a11y support!
SPARTA (24 Jan 2020)

# variables to be set in RunCells.jl
variable FNUM equal "3.600E+11"
variable ZMAX equal "3.500E-01"
variable RMAX equal "3.000E-02"
variable TIMESTEP equal "2.000E-07"
variable NPERSTEP equal "1.000E+00"
variable T1 equal "2.000E+00"
variable T2 equal "2.000E+00"

global		        fnum ${FNUM} cellmax 10000
global		        fnum 360000000000 cellmax 10000
seed	    	    12345
dimension   	    2
units               si
timestep 	        ${TIMESTEP}
timestep 	        2e-07

species		        he4.species He
mixture		        He He nrho 1 vstream 26.2 0 0 temp ${T1}
mixture		        He He nrho 1 vstream 26.2 0 0 temp 2
collide             vss He he4.vss #kk

# read_restart data/cell.restart.*

boundary	        o ao p
create_box  	    0 ${ZMAX} 0 ${RMAX} -0.1 0.1
create_box  	    0 0.35 0 ${RMAX} -0.1 0.1
create_box  	    0 0.35 0 0.03 -0.1 0.1
Created orthogonal box = (0 0 -0.1) to (0.35 0.03 0.1)
create_grid 	    20 20 1
Created 400 child grid cells
  parent cells = 1
  CPU time = 0.00163742 secs
  create/ghost percent = 77.3984 22.6016
balance_grid        rcb cell
Balance grid migrated 200 cells
  CPU time = 0.00102027 secs
  reassign/sort/migrate/ghost percent = 61.8359 0.344126 19.2255 18.5945

read_surf           data.cell
Reading surface file ...
  12 points
  12 lines
  0 0.06509 xlo xhi
  0 0.0254 ylo yhi
  0 0 zlo zhi
  0.00159 min line length
  42 = cells with surfs
  74 = total surfs in all grid cells
  4 = max surfs in one grid cell
  0.0908571 = min surf-size/cell-size ratio
  0 0 = number of pushed cells
  42 0 = cells overlapping surfs, overlap cells with unmarked corner pts
  356 2 42 = cells outside/inside/overlapping surfs
  30 12 = surf cells with 1,2,etc splits
  0.000929288775062441 0.000929288775062441 = cell-wise and global flow volume
  CPU time = 0.00592971 secs
  read/check/sort/surf2grid/ghost/inout/particle percent = 80.0226 2.50902 0.175995 10.8115 6.48088 2.65245 0.0199335
  surf2grid time = 0.000641089 secs
  map/rvous1/rvous2/split percent = 5.68299 15.6476 0.128687 58.263
group       inlet surf id 12
1 surfaces in group inlet
fix		    in emit/surf He inlet n ${NPERSTEP} perspecies no
fix		    in emit/surf He inlet n 1 perspecies no

read_surf           data.diffuser
Reading surface file ...
  4 points
  16 lines
  0.00953 0.0127 xlo xhi
  0 0.00953 ylo yhi
  0 0 zlo zhi
  0.00317 min line length
  42 = cells with surfs
  90 = total surfs in all grid cells
  6 = max surfs in one grid cell
  0.0908571 = min surf-size/cell-size ratio
  0 0 = number of pushed cells
  42 0 = cells overlapping surfs, overlap cells with unmarked corner pts
  356 2 42 = cells outside/inside/overlapping surfs
  24 18 = surf cells with 1,2,etc splits
  0.000928384303459465 0.000928384303459465 = cell-wise and global flow volume
  CPU time = 0.00564682 secs
  read/check/sort/surf2grid/ghost/inout/particle percent = 83.6669 3.23212 0.219008 8.04476 4.83718 3.2576 0.0187893
  surf2grid time = 0.000454273 secs
  map/rvous1/rvous2/split percent = 9.50904 21.5734 0.290794 33.9897

read_surf           data.stages trans 65.09E-3 0 0 group stages
Reading surface file ...
  22 points
  38 lines
  0.06609 0.08717 xlo xhi
  0.00036 0.02223 ylo yhi
  0 0 zlo zhi
  0.00048 min line length
  57 = cells with surfs
  141 = total surfs in all grid cells
  10 = max surfs in one grid cell
  0.0274286 = min surf-size/cell-size ratio
  0 0 = number of pushed cells
  57 0 = cells overlapping surfs, overlap cells with unmarked corner pts
  341 2 57 = cells outside/inside/overlapping surfs
  33 24 = surf cells with 1,2,etc splits
  0.000906561346116603 0.000906561346116603 = cell-wise and global flow volume
  CPU time = 0.00336187 secs
  read/check/sort/surf2grid/ghost/inout/particle percent = 72.7373 5.80603 0.347337 14.316 6.79328 5.39703 0.0301321
  surf2grid time = 0.000481286 secs
  map/rvous1/rvous2/split percent = 9.1214 23.6483 0.194895 34.3376

surf_collide	    diffuse diffuse ${T1} 1.0
surf_collide	    diffuse diffuse 2 1.0
surf_collide	    cold diffuse ${T2} 1.0
surf_collide	    cold diffuse 2 1.0
surf_modify         all collide diffuse
surf_modify         stages collide cold

stats		    1000
stats_style	    wall step cpu np nattempt ncoll nscoll nscheck

# Run until convergence
label loop
variable a loop 125
run 		    20000
Memory usage per proc in Mbytes:
  particles (ave,min,max) = 0 0 0
  grid      (ave,min,max) = 1.88888 1.88888 1.88888
  surf      (ave,min,max) = 0.00391388 0.00391388 0.00391388
  total     (ave,min,max) = 1.89279 1.89279 1.89279
WALL Step CPU Np Natt Ncoll Nscoll Nscheck 
 0.031489315        0            0        0        0        0        0        0 
 0.082545263     1000  0.051018444     1000       29       18        8     5520 
  0.19089676     2000   0.15936256     2000       59       24        9     9773 
  0.37287201     3000   0.34134008     3000       75       34       12    13083 
  0.62235248     4000   0.59081814     4000       87       32       23    15789 
  0.93813832     5000   0.90660791     5000       95       35       23    18108 
   1.3166059     6000    1.2850731     6000      104       52       14    20314 
    1.756456     7000     1.724921     7000      113       51       11    22153 
   2.2610918     8000    2.2295557     8000      127       53       17    24028 
   2.8255981     9000    2.7940637     9000      124       58       26    25642 
   3.4449128    10000    3.4133798    10000      138       58       28    27105 
   4.1270209    11000     4.095486    11000      132       59       25    28243 
   4.8704838    12000    4.8389487    11997      139       55       30    29906 
   5.6774301    13000    5.6458996    12996      160       61       33    31453 
   6.5423832    14000    6.5108494    13995      148       67       24    32399 
   7.4728148    15000    7.4412819    14991      155       61       31    33759 
   8.4693591    16000    8.4378277    15989      160       67       28    34969 
   9.5115373    17000     9.480005    16989      146       67       33    36057 
   10.614413    18000    10.582881    17987      152       58       22    37536 
   11.803644    19000     11.77211    18984      159       61       24    39065 
   13.025732    20000      12.9942    19978      155       55       30    39860 
Loop time of 12.9943 on 2 procs for 20000 steps with 19978 particles

MPI task timing breakdown:
Section |  min time  |  avg time  |  max time  |%varavg| %total
---------------------------------------------------------------
Move    | 0.0020555  | 5.8137     | 11.625     | 241.0 | 44.74
Coll    | 0.003192   | 0.37897    | 0.75474    |  61.0 |  2.92
Sort    | 0.0071428  | 0.26231    | 0.51747    |  49.8 |  2.02
Comm    | 0.074059   | 6.526      | 12.978     | 252.6 | 50.22
Modify  | 0.001365   | 0.0097061  | 0.018047   |   8.5 |  0.07
Output  | 0.001822   | 0.0021373  | 0.0024525  |   0.7 |  0.02
Other   |            | 0.001485   |            |       |  0.01

Particle moves    = 199925610 (200M)
Cells touched     = 201515428 (202M)
Particle comms    = 13 (0.013K)
Boundary collides = 0 (0K)
Boundary exits    = 22 (0.022K)
SurfColl checks   = 504860792 (505M)
SurfColl occurs   = 436806 (0.437M)
Surf reactions    = 0 (0K)
Collide attempts  = 2386686 (2.39M)
Collide occurs    = 1015396 (1.02M)
Gas reactions     = 0 (0K)
Particles stuck   = 0

Particle-moves/CPUsec/proc: 7.69282e+06
Particle-moves/step: 9996.28
Cell-touches/particle/step: 1.00795
Particle comm iterations/step: 1
Particle fraction communicated: 6.50242e-08
Particle fraction colliding with boundary: 0
Particle fraction exiting boundary: 1.10041e-07
Surface-checks/particle/step: 2.52524
Surface-collisions/particle/step: 0.00218484
Surface-reactions/particle/step: 0
Collision-attempts/particle/step: 0.0119379
Collisions/particle/step: 0.00507887
Gas-reactions/particle/step: 0

Particles: 9989 ave 19974 max 4 min
Histogram: 1 0 0 0 0 0 0 0 0 1
Cells:     224 ave 248 max 200 min
Histogram: 1 0 0 0 0 0 0 0 0 1
GhostCell: 224 ave 248 max 200 min
Histogram: 1 0 0 0 0 0 0 0 0 1
EmptyCell: 0 ave 0 max 0 min
Histogram: 2 0 0 0 0 0 0 0 0 0
Surfs:     38 ave 38 max 38 min
Histogram: 2 0 0 0 0 0 0 0 0 0
GhostSurf: 0 ave 0 max 0 min
Histogram: 2 0 0 0 0 0 0 0 0 0
adapt_grid all refine particle 16 4
Adapting grid ...
  462 8 107 = cells outside/inside/overlapping surfs
  60 47 = surf cells with 1,2,etc splits
  0.000906561346116603 0.000906561346116603 = cell-wise and global flow volume
  59 cells refined, 0 cells coarsened
  adapted to 577 child grid cells, 60 parent cells
  CPU time = 0.00206813 secs
  adapt/redo percent = 74.8405 25.1595
balance_grid rcb part
Balance grid migrated 285 cells
  CPU time = 0.00240143 secs
  reassign/sort/migrate/ghost percent = 12.0113 3.17431 76.4028 8.41156
next a
jump in.cell loop
variable a loop 125
run 		    20000
Memory usage per proc in Mbytes:
  particles (ave,min,max) = 2.53125 1.6875 3.375
  grid      (ave,min,max) = 1.89383 1.89383 1.89383
  surf      (ave,min,max) = 0.00391388 0.00391388 0.00391388
  total     (ave,min,max) = 4.42899 3.58524 5.27274
WALL Step CPU Np Natt Ncoll Nscoll Nscheck 
   13.036541    20000            0    19978      155       55        0        0 
   13.604329    21000   0.56776341    20973      129       59       38    15943 
   14.186224    22000    1.1496561    21967      139       75       33    15960 
   14.774731    23000    1.7381664    22964      131       62       29    16662 
   15.381836    24000    2.3452709    23962      131       63       40    16946 
   15.999228    25000    2.9626625    24954      143       68       34    17235 
   16.628732    26000    3.5921656    25947      145       56       42    17596 
   17.276134    27000    4.2395658    26944      161       69       31    18255 
   17.941476    28000    4.9049096    27938      151       64       31    18465 
   18.622749    29000    5.5861837    28928      153       65       43    19019 
   19.318949    30000    6.2823832    29922      153       65       41    19485 
    20.03584    31000    6.9992726    30911      157       72       36    20016 
     20.7763    32000    7.7397341    31906      164       74       33    20140 
   21.542321    33000    8.5057565    32888      164       66       36    21054 
   22.343323    34000    9.3067595    33872      188       80       53    21566 
    23.17207    35000    10.135502    34860      177       73       39    21863 
   24.034738    36000    10.998173    35836      177       71       37    22101 
   24.921541    37000    11.884983    36824      188       79       43    22480 
   25.837198    38000    12.800631    37808      191       72       49    23117 
   26.780829    39000    13.744261    38784      188       86       40    23557 
   27.752301    40000    14.715735    39764      189       88       51    23956 
Loop time of 14.7159 on 2 procs for 20000 steps with 39764 particles

MPI task timing breakdown:
Section |  min time  |  avg time  |  max time  |%varavg| %total
---------------------------------------------------------------
Move    | 11.636     | 12.016     | 12.396     |  11.0 | 81.65
Coll    | 1.015      | 1.104      | 1.193      |   8.5 |  7.50
Sort    | 0.61847    | 0.73078    | 0.84309    |  13.1 |  4.97
Comm    | 0.66767    | 0.85291    | 1.0381     |  20.1 |  5.80
Modify  | 0.0034754  | 0.0084375  | 0.0134     |   5.4 |  0.06
Output  | 0.00056146 | 0.0017643  | 0.0029671  |   2.9 |  0.01
Other   |            | 0.002201   |            |       |  0.01

Particle moves    = 598075775 (598M)
Cells touched     = 607040354 (607M)
Particle comms    = 174907 (0.175M)
Boundary collides = 0 (0K)
Boundary exits    = 214 (0.214K)
SurfColl checks   = 391358800 (391M)
SurfColl occurs   = 766105 (0.766M)
Surf reactions    = 0 (0K)
Collide attempts  = 3193591 (3.19M)
Collide occurs    = 1448063 (1.45M)
Gas reactions     = 0 (0K)
Particles stuck   = 0

Particle-moves/CPUsec/proc: 2.03207e+07
Particle-moves/step: 29903.8
Cell-touches/particle/step: 1.01499
Particle comm iterations/step: 1
Particle fraction communicated: 0.00029245
Particle fraction colliding with boundary: 0
Particle fraction exiting boundary: 3.57814e-07
Surface-checks/particle/step: 0.654363
Surface-collisions/particle/step: 0.00128095
Surface-reactions/particle/step: 0
Collision-attempts/particle/step: 0.00533978
Collisions/particle/step: 0.0024212
Gas-reactions/particle/step: 0

Particles: 19882 ave 23756 max 16008 min
Histogram: 1 0 0 0 0 0 0 0 0 1
Cells:     335.5 ave 555 max 116 min
Histogram: 1 0 0 0 0 0 0 0 0 1
GhostCell: 335.5 ave 555 max 116 min
Histogram: 1 0 0 0 0 0 0 0 0 1
EmptyCell: 0 ave 0 max 0 min
Histogram: 2 0 0 0 0 0 0 0 0 0
Surfs:     38 ave 38 max 38 min
Histogram: 2 0 0 0 0 0 0 0 0 0
GhostSurf: 0 ave 0 max 0 min
Histogram: 2 0 0 0 0 0 0 0 0 0
adapt_grid all refine particle 16 4
Adapting grid ...
  982 9 246 = cells outside/inside/overlapping surfs
  154 92 = surf cells with 1,2,etc splits
  0.000906561346116603 0.000906561346116603 = cell-wise and global flow volume
  220 cells refined, 0 cells coarsened
  adapted to 1237 child grid cells, 280 parent cells
  CPU time = 0.00292869 secs
  adapt/redo percent = 60.1064 39.8936
balance_grid rcb part
Balance grid migrated 95 cells
  CPU time = 0.00172669 secs
  reassign/sort/migrate/ghost percent = 17.4137 5.20064 51.7152 25.6705
next a
jump in.cell loop
variable a loop 125
run 		    20000
Memory usage per proc in Mbytes:
  particles (ave,min,max) = 3.375 3.375 3.375
  grid      (ave,min,max) = 1.91229 1.91229 1.91229
  surf      (ave,min,max) = 0.00391388 0.00391388 0.00391388
  total     (ave,min,max) = 5.29121 5.29121 5.29121
WALL Step CPU Np Natt Ncoll Nscoll Nscheck 
   27.765662    40000            0    39764      189       88        0        0 
    28.67379    41000   0.90811288    40738      168       93       47    11774 
   29.604868    42000    1.8391875    41714      182       99       49    12186 
   30.553986    43000    2.7883088    42697      177       85       40    12309 
   31.533219    44000    3.7675416    43672      198       91       56    12318 
   32.547284    45000    4.7816041    44652      187       94       53    12543 
   33.551609    46000    5.7859317    45629      178       86       47    12701 
   34.571477    47000    6.8058006    46603      183       85       52    13093 
   35.613701    48000    7.8480237    47571      189      103       41    13193 
   36.675921    49000    8.9102434    48545      201       99       49    13145 
   37.762403    50000    9.9967266    49521      212       84       52    13603 
     38.8778    51000    11.112121    50499      219      108       52    13980 
   40.018316    52000    12.252639    51462      229      113       43    13998 
   41.190149    53000     13.42447    52427      220      107       53    14224 
     42.3868    54000    14.621124    53392      209       92       54    14492 
   43.607537    55000    15.841858    54364      266      137       57    14535 
   44.855034    56000    17.089355    55336      263      130       69    14829 
   46.126697    57000    18.361021    56304      254      122       59    15185 
   47.425315    58000    19.659635    57266      271      134       54    15196 
   48.749364    59000    20.983687    58229      279      125       59    15530 
   50.098976    60000      22.3333    59175      273      136       49    15644 
Loop time of 22.3334 on 2 procs for 20000 steps with 59175 particles

MPI task timing breakdown:
Section |  min time  |  avg time  |  max time  |%varavg| %total
---------------------------------------------------------------
Move    | 17.863     | 18.012     | 18.161     |   3.5 | 80.65
Coll    | 2.1387     | 2.1839     | 2.2291     |   3.1 |  9.78
Sort    | 1.5508     | 1.5685     | 1.5863     |   1.4 |  7.02
Comm    | 0.38623    | 0.54932    | 0.7124     |  22.0 |  2.46
Modify  | 0.0039891  | 0.014834   | 0.025678   |   8.9 |  0.07
Output  | 0.00062681 | 0.0016436  | 0.0026603  |   2.5 |  0.01
Other   |            | 0.003254   |            |       |  0.01

Particle moves    = 990116977 (990M)
Cells touched     = 1019605640 (1.02B)
Particle comms    = 217397 (0.217M)
Boundary collides = 0 (0K)
Boundary exits    = 589 (0.589K)
SurfColl checks   = 273136362 (273M)
SurfColl occurs   = 1055743 (1.06M)
Surf reactions    = 0 (0K)
Collide attempts  = 4285323 (4.29M)
Collide occurs    = 2076360 (2.08M)
Gas reactions     = 0 (0K)
Particles stuck   = 0

Particle-moves/CPUsec/proc: 2.21667e+07
Particle-moves/step: 49505.8
Cell-touches/particle/step: 1.02978
Particle comm iterations/step: 1
Particle fraction communicated: 0.000219567
Particle fraction colliding with boundary: 0
Particle fraction exiting boundary: 5.94879e-07
Surface-checks/particle/step: 0.275863
Surface-collisions/particle/step: 0.00106628
Surface-reactions/particle/step: 0
Collision-attempts/particle/step: 0.0043281
Collisions/particle/step: 0.00209709
Gas-reactions/particle/step: 0

Particles: 29587.5 ave 32417 max 26758 min
Histogram: 1 0 0 0 0 0 0 0 0 1
Cells:     710.5 ave 974 max 447 min
Histogram: 1 0 0 0 0 0 0 0 0 1
GhostCell: 710.5 ave 974 max 447 min
Histogram: 1 0 0 0 0 0 0 0 0 1
EmptyCell: 0 ave 0 max 0 min
Histogram: 2 0 0 0 0 0 0 0 0 0
Surfs:     38 ave 38 max 38 min
Histogram: 2 0 0 0 0 0 0 0 0 0
GhostSurf: 0 ave 0 max 0 min
Histogram: 2 0 0 0 0 0 0 0 0 0
adapt_grid all refine particle 16 4
Adapting grid ...
  2930 10 445 = cells outside/inside/overlapping surfs
  323 122 = surf cells with 1,2,etc splits
  0.000906561346116603 0.000906561346116603 = cell-wise and global flow volume
  716 cells refined, 0 cells coarsened
  adapted to 3385 child grid cells, 996 parent cells
  CPU time = 0.00724653 secs
  adapt/redo percent = 53.9749 46.0251
balance_grid rcb part
Balance grid migrated 105 cells
  CPU time = 0.00266082 secs
  reassign/sort/migrate/ghost percent = 22.9737 8.45011 35.009 33.5672
next a
jump in.cell loop
variable a loop 125
run 		    20000
Memory usage per proc in Mbytes:
  particles (ave,min,max) = 3.375 3.375 3.375
  grid      (ave,min,max) = 1.97238 1.97238 1.97238
  surf      (ave,min,max) = 0.00391388 0.00391388 0.00391388
  total     (ave,min,max) = 5.3513 5.3513 5.3513
WALL Step CPU Np Natt Ncoll Nscoll Nscheck 
     50.1123    60000            0    59175      273      136        0        0 
   51.490548    61000    1.3782344    60132      260      153       59     3735 
   52.890112    62000    2.7777958    61095      250      124       71     3864 
   54.287776    63000    4.1754587    62044      261      142       56     4017 
    55.65536    64000    5.5430435    62999      288      144       50     3817 
   57.037469    65000    6.9251551    63949      289      129       67     3899 
   58.463984    66000    8.3516674    64904      278      146       60     3885 
   59.933679    67000    9.8213616    65846      296      153       57     4046 
   61.455363    68000    11.343047    66791      291      156       69     4234 
    63.02229    69000    12.909972    67749      326      165       54     4203 
   64.612795    70000     14.50048    68693      326      178       75     4203 
   66.105806    71000    15.993488    69633      284      147       59     4209 
    67.62623    72000    17.513913    70575      363      192       70     4349 
   69.162071    73000    19.049753    71517      348      183       72     4371 
   70.830471    74000    20.718157    72471      342      174       63     4523 
   72.530366    75000     22.41805    73404      344      173       55     4418 
    74.26524    76000    24.152923    74346      364      184       76     4505 
   75.947008    77000     25.83469    75279      362      193       78     4645 
   77.653624    78000    27.541305    76215      398      211       75     4665 
   79.354303    79000    29.241986    77157      395      186       66     4688 
   81.147722    80000    31.035404    78095      396      193       64     4652 
Loop time of 31.0355 on 2 procs for 20000 steps with 78095 particles

MPI task timing breakdown:
Section |  min time  |  avg time  |  max time  |%varavg| %total
---------------------------------------------------------------
Move    | 23.568     | 23.699     | 23.83      |   2.7 | 76.36
Coll    | 3.2607     | 3.4495     | 3.6384     |  10.2 | 11.11
Sort    | 2.3639     | 2.827      | 3.2901     |  27.5 |  9.11
Comm    | 0.23271    | 1.0336     | 1.8344     |  78.8 |  3.33
Modify  | 0.0047397  | 0.020732   | 0.036724   |  11.1 |  0.07
Output  | 0.0018765  | 0.0022397  | 0.0026028  |   0.8 |  0.01
Other   |            | 0.003609   |            |       |  0.01

Particle moves    = 1373432723 (1.37B)
Cells touched     = 1454687193 (1.45B)
Particle comms    = 300051 (0.3M)
Boundary collides = 0 (0K)
Boundary exits    = 1080 (1.08K)
SurfColl checks   = 84334080 (84.3M)
SurfColl occurs   = 1359711 (1.36M)
Surf reactions    = 0 (0K)
Collide attempts  = 6421561 (6.42M)
Collide occurs    = 3232085 (3.23M)
Gas reactions     = 0 (0K)
Particles stuck   = 0

Particle-moves/CPUsec/proc: 2.21268e+07
Particle-moves/step: 68671.6
Cell-touches/particle/step: 1.05916
Particle comm iterations/step: 1
Particle fraction communicated: 0.000218468
Particle fraction colliding with boundary: 0
Particle fraction exiting boundary: 7.86351e-07
Surface-checks/particle/step: 0.0614039
Surface-collisions/particle/step: 0.000990009
Surface-reactions/particle/step: 0
Collision-attempts/particle/step: 0.00467556
Collisions/particle/step: 0.00235329
Gas-reactions/particle/step: 0

Particles: 39047.5 ave 40381 max 37714 min
Histogram: 1 0 0 0 0 0 0 0 0 1
Cells:     1814.5 ave 2156 max 1473 min
Histogram: 1 0 0 0 0 0 0 0 0 1
GhostCell: 1814.5 ave 2156 max 1473 min
Histogram: 1 0 0 0 0 0 0 0 0 1
EmptyCell: 0 ave 0 max 0 min
Histogram: 2 0 0 0 0 0 0 0 0 0
Surfs:     38 ave 38 max 38 min
Histogram: 2 0 0 0 0 0 0 0 0 0
GhostSurf: 0 ave 0 max 0 min
Histogram: 2 0 0 0 0 0 0 0 0 0
adapt_grid all refine particle 16 4
Adapting grid ...
  8544 59 506 = cells outside/inside/overlapping surfs
  373 133 = surf cells with 1,2,etc splits
  0.000906561346116598 0.000906561346116603 = cell-wise and global flow volume
  1908 cells refined, 0 cells coarsened
  adapted to 9109 child grid cells, 2904 parent cells
  CPU time = 0.016647 secs
  adapt/redo percent = 33.9861 66.0139
balance_grid rcb part
Balance grid migrated 109 cells
  CPU time = 0.00462551 secs
  reassign/sort/migrate/ghost percent = 19.6933 8.34326 17.5277 54.4358
next a
jump in.cell loop
variable a loop 125
run 		    20000
Memory usage per proc in Mbytes:
  particles (ave,min,max) = 5.0625 5.0625 5.0625
  grid      (ave,min,max) = 3.07001 3.07001 3.07001
  surf      (ave,min,max) = 0.00391388 0.00391388 0.00391388
  total     (ave,min,max) = 8.13642 8.13642 8.13642
WALL Step CPU Np Natt Ncoll Nscoll Nscheck 
   81.177022    80000            0    78095      396      193        0        0 
   83.307803    81000    2.1307652    79020      332      214       76     3757 
   85.517847    82000    4.3408093    79950      358      204       79     3833 
   87.825197    83000    6.6481584    80888      328      181       71     3877 
   90.210526    84000    9.0334933    81813      368      203       86     3814 
