running....
idx x y z xnext ynext znext vx vy vz collides time
761 -1.153584e-02 1.446602e-02 1.461835e-01 1.351688e-02 -1.181930e-02 5.418340e-01 -6.176823e+00 8.038298e+00 1.545391e+01 4926 2.005715e-02
3077 2.189327e-04 8.245466e-03 1.730730e-01 3.859607e-04 3.369817e-03 7.922320e+00 -2.563744e-01 -6.413341e+00 3.016675e+01 2517 1.153198e-02
3318 5.976862e-03 -1.120511e-02 9.258743e-02 -4.003450e-03 1.623594e-02 1.508230e+01 5.920501e+00 1.356541e+01 1.498971e+01 6142 2.252401e-02
3965 -1.134506e-02 5.586668e-03 1.805113e-02 9.966641e-03 -8.274394e-03 -2.293390e-01 -4.549730e+00 -7.270425e+00 -2.473901e-01 4193 1.486801e-02
4493 -5.381175e-03 -1.034143e-02 1.450202e-01 7.877267e-03 2.239490e-02 3.280603e-01 -1.005185e+00 5.087103e-01 1.921204e+01 3999 1.766767e-02
4606 2.935415e-03 -1.789287e-02 1.668269e-01 2.657730e-03 1.106621e-03 4.488183e-01 -2.231306e+00 1.087164e+01 1.457257e+01 4968 2.214095e-02
6656 1.192033e-02 -4.352002e-03 8.757510e-02 -1.652177e-02 9.049579e-03 6.969580e+00 -1.231099e+01 1.301988e+01 6.882005e+00 4753 1.673379e-02
7684 4.238190e-03 1.054322e-03 1.337439e-01 1.351409e-02 2.775413e-03 2.554962e-01 -1.450598e+00 -4.091255e-01 3.745313e+01 2064 8.834312e-03
12719 -4.222540e-03 -7.957165e-03 1.637036e-01 3.631430e-03 6.613570e-03 2.955371e-01 1.695349e+00 3.741359e+00 1.886313e+01 4707 2.058670e-02
12796 4.797223e-03 1.162409e-02 1.075563e-01 -3.375050e-03 -1.539827e-02 -5.649864e+00 4.295016e+00 -9.990976e+00 -5.757420e+00 1635 6.801326e-03
12991 1.529453e-02 2.374002e-02 7.124643e-02 -2.256888e-02 -3.159928e-02 1.323765e-01 3.229042e+00 6.071974e+00 6.351763e+00 2523 1.301934e-02
13879 -3.961466e-03 -7.642662e-04 1.415122e-01 -3.603120e-03 -1.944452e-03 8.075666e-01 4.182150e+00 1.290001e+00 3.288471e+01 5035 1.926446e-02
13969 1.201312e-02 4.032980e-03 1.125345e-01 -1.439316e-02 -2.434831e-03 1.620970e+01 -6.029873e+00 4.748016e+00 1.609717e+01 2877 1.149769e-02
14563 1.876485e-02 -1.859043e-02 1.645508e-01 1.958241e-02 -1.958026e-02 3.907816e+00 1.229216e+00 -1.726468e+00 1.682403e+01 10585 4.010321e-02
15457 -1.100955e-02 -3.107009e-03 1.606529e-01 1.090338e-02 3.179441e-03 1.051891e+00 1.997441e+00 -1.264902e+00 2.410834e+01 1643 8.566376e-03
16477 -3.153113e-03 4.672512e-03 1.566934e-01 2.336176e-03 -1.859283e-03 3.219662e+00 -2.499667e+00 3.357968e+00 2.105078e+01 3393 1.470010e-02
16620 -1.228191e-02 2.293102e-03 1.827655e-01 8.856587e-03 -1.294737e-03 7.506746e-01 -7.061317e+00 1.938122e+00 1.083767e+01 1717 1.393653e-02
18424 -8.068866e-03 -9.996992e-03 1.509722e-01 6.076920e-04 -4.080067e-03 6.816755e-01 5.543848e+00 8.866225e+00 2.610129e+01 2258 1.059119e-02
19784 -1.036534e-04 -8.648537e-03 1.580017e-01 -1.675633e-03 1.698888e-02 1.014474e+00 1.508784e-01 -7.459711e+00 3.219002e+01 4125 1.646811e-02
19960 -6.454031e-03 -2.128846e-02 1.533405e-01 7.687112e-03 3.632585e-02 3.486843e-01 -2.418160e-01 7.909740e+00 2.281571e+01 4084 1.750163e-02
20778 -1.914549e-02 2.079086e-02 6.868241e-02 -3.960794e-02 3.653287e-02 6.343939e-02 -8.580077e+00 5.223568e+00 -3.761918e+00 2679 1.119588e-02
20981 4.713195e-04 -3.919907e-03 1.316030e-01 6.467239e-03 6.626925e-03 2.985866e-01 6.885247e-01 -1.948107e+00 1.551567e+01 7409 2.840639e-02
21407 8.444346e-03 -7.773691e-03 1.596410e-01 -7.857231e-03 6.403084e-03 5.300808e-01 5.931970e+00 -5.375906e+00 3.175643e+01 2125 1.009604e-02
22181 5.848459e-05 5.725121e-03 1.779965e-01 3.218782e-03 3.796510e-03 2.508413e+00 -7.866632e-02 -3.487185e+00 7.403332e+00 4618 2.800413e-02
22714 9.365600e-03 -8.571334e-03 1.173447e-01 -1.061359e-02 1.044830e-02 7.978286e+00 -2.984633e+00 4.807464e+00 7.860941e+00 3065 1.174042e-02
23805 3.632730e-04 1.265798e-02 1.806534e-02 7.685085e-04 -1.396184e-02 -7.498043e+00 3.218434e+00 -2.952264e+00 -7.516108e+00 13755 5.027489e-02
23881 2.381269e-02 1.177365e-02 6.798450e-02 4.522543e-02 1.709957e-02 6.672708e-02 5.397961e+00 -1.568547e-01 -7.979514e-01 3523 1.365197e-02
24021 6.040362e-03 -1.112904e-02 1.805105e-02 -6.193342e-03 9.520980e-03 -5.114725e+00 -8.319323e-02 -5.186014e+00 -5.132776e+00 2582 9.372368e-03
24091 -1.140058e-02 -1.939685e-02 6.651973e-02 -1.584345e-02 -2.684421e-02 6.289085e-02 -7.368292e+00 -1.232641e+01 -6.933472e+00 3925 1.594945e-02
24586 -6.580029e-03 -1.082977e-02 1.074154e-01 6.659956e-03 1.292807e-02 1.833739e+01 -1.543711e-01 5.302296e+00 1.822997e+01 2449 8.650115e-03
25036 -4.204335e-03 2.931389e-04 1.347994e-01 1.339082e-02 1.912629e-05 6.520705e-01 1.846888e+00 2.082573e-01 2.130554e+01 9782 3.591151e-02
25725 1.155907e-02 -5.168305e-03 1.074677e-01 -1.563807e-02 8.827436e-03 3.160804e+01 -1.085590e+01 1.003896e+01 3.150057e+01 5082 1.759764e-02
25825 1.443348e-03 -9.300225e-03 1.551999e-01 -1.095153e-03 1.372236e-02 1.759027e+00 5.912423e-01 -1.206853e+00 2.982059e+01 2306 9.187721e-03
26252 -7.736166e-03 -1.502992e-03 1.333214e-01 1.243117e-02 4.902326e-03 2.707685e-01 6.455889e+00 5.099149e+00 1.710362e+01 3722 1.624567e-02
26819 -1.001330e-02 5.106464e-04 1.953087e-01 6.022859e-03 -2.147009e-03 7.284819e+00 -5.772112e+00 2.187348e-01 2.105643e+01 4866 2.249475e-02
27027 -1.450868e-02 -1.567104e-03 1.618854e-01 -3.939601e-03 9.931749e-04 2.448233e+00 -8.654698e+00 -1.469400e+00 1.962762e+01 1596 9.464482e-03
27671 -2.236453e-02 1.087796e-02 1.605077e-01 1.746559e-02 -9.455457e-03 1.171515e+00 1.109501e+01 -3.600384e+00 1.970472e+01 4568 1.842992e-02
27925 9.277361e-03 8.572315e-03 7.743520e-02 -1.456517e-02 -1.107150e-02 8.676202e+00 -1.440280e+01 -6.565275e+00 8.598767e+00 5273 1.937598e-02
28050 -1.646938e-02 -2.344555e-03 1.446905e-01 -1.683726e-02 -9.991096e-04 9.360838e-01 1.991518e+00 1.788797e+00 8.818515e+00 5439 2.430878e-02
28524 -4.172787e-03 2.375028e-02 6.571110e-02 -5.668612e-03 3.143636e-02 6.102872e-02 -8.986158e-01 4.267150e+00 -5.057159e+00 2011 9.069755e-03
29636 2.661777e-03 -3.892592e-03 1.917908e-01 -5.460324e-04 5.129460e-03 3.679561e+00 2.130608e+00 -4.891316e+00 4.010497e+01 3192 1.355403e-02
29771 -2.410325e-02 -5.855412e-03 6.740609e-02 -4.394509e-02 -1.497363e-02 6.501231e-02 -2.177244e+01 -1.066556e+01 -3.105859e+00 3537 1.295436e-02
31019 1.284610e-02 1.668704e-03 1.814662e-01 1.601051e-02 7.596222e-04 3.418930e+00 -3.312628e+00 -8.778036e-01 2.155298e+01 1376 9.006047e-03
31896 7.167800e-03 -2.440784e-02 6.631880e-02 2.036080e-02 -4.561481e-02 5.687678e-02 8.958557e+00 -1.193546e+01 -8.067004e+00 2834 1.254116e-02
32872 2.724582e-02 -8.995976e-03 6.586973e-02 3.657894e-02 -1.074935e-02 6.305009e-02 1.987453e+01 -3.463465e+00 -6.649967e+00 6520 2.742920e-02
33217 1.259202e-02 6.035614e-04 8.253665e-02 -1.266949e-02 -1.687917e-03 1.708868e+01 5.086734e-01 -3.028587e+00 1.700615e+01 4562 1.731433e-02
34695 6.886557e-03 1.197557e-03 1.363780e-01 1.911413e-03 1.515117e-03 9.451329e-01 -6.121638e+00 -1.630507e+00 2.290161e+01 4618 1.811766e-02
34723 -1.209009e-02 -3.611733e-03 1.123971e-01 1.325923e-02 6.357991e-03 8.716230e+00 2.604439e+00 7.549893e+00 8.603833e+00 11466 4.213001e-02
36631 2.021645e-03 -2.599938e-03 1.318544e-01 -4.390818e-03 -1.793893e-02 2.393317e-01 -8.970106e-01 2.891736e+00 2.616439e+01 2162 8.601816e-03
37405 -3.263627e-03 3.147563e-03 1.310289e-01 -2.110600e-02 2.646044e-02 1.695172e-01 -5.025958e+00 6.945349e+00 1.834824e+01 2348 9.694577e-03
38011 -1.746162e-02 -8.404069e-03 1.648185e-01 4.491119e-03 3.612992e-04 7.560281e-01 -1.031010e+01 -5.037495e+00 1.459972e+01 6576 2.721135e-02
40622 1.340340e-03 -2.848618e-03 1.278754e-01 3.489123e-02 -5.278764e-03 2.270213e-01 5.307762e+00 8.417489e-01 3.572137e+01 1324 5.474883e-03
41038 -7.117073e-03 -2.745603e-02 1.911253e-01 7.041547e-03 2.546674e-02 3.417135e-01 -5.972021e-01 -9.731306e+00 1.972936e+01 6066 2.922749e-02
42860 5.426520e-03 -3.176833e-03 1.719185e-01 -6.073285e-03 3.082457e-03 5.731763e+00 -1.909059e+00 -4.718106e-01 2.272528e+01 1826 1.072624e-02
43005 1.170532e-02 4.832648e-03 1.802246e-02 -1.631280e-02 -6.787124e-03 5.332368e+00 -1.234048e+01 -5.242455e+00 5.314346e+00 3728 1.312258e-02
43492 -7.333205e-03 -2.498556e-02 6.820142e-02 -9.773558e-03 -4.070868e-02 6.625302e-02 -3.955870e+00 -2.740186e+01 -3.723240e+00 6548 2.288411e-02
43494 3.236176e-03 8.752926e-04 1.273305e-01 -8.412218e-03 -3.865795e-03 2.190288e-01 -2.629760e+00 -1.741069e+00 1.045344e+01 2426 1.078100e-02
44824 -7.715779e-03 -6.478154e-03 1.409419e-01 -1.085881e-02 -8.089298e-03 2.273922e+00 4.159910e+00 3.538081e+00 1.991113e+01 4286 1.758712e-02
45459 1.180616e-02 -6.986568e-03 1.427867e-01 -1.156865e-02 7.679129e-03 6.784174e-01 6.946636e+00 -4.100878e+00 1.317339e+01 2764 1.322775e-02
48590 -1.310835e-03 -4.750999e-03 1.274503e-01 8.173528e-03 1.500686e-02 3.296551e-01 1.948464e+00 1.972330e+00 2.131305e+01 4087 1.686617e-02
49218 1.211190e-02 3.521513e-03 8.757020e-02 -1.726252e-02 -3.736674e-03 3.517324e+01 -1.385145e+01 -4.043966e-01 3.508567e+01 2506 8.115423e-03
50276 -1.206752e-02 -3.581532e-03 8.746109e-02 1.875544e-02 6.119712e-03 1.403759e+01 1.819710e+01 6.963790e+00 1.395013e+01 4466 1.596075e-02
50363 2.503217e-02 4.141366e-03 1.998022e-01 -2.573395e-02 -5.221394e-03 3.223917e+00 -2.770551e+00 6.066404e-01 2.162752e+01 5511 2.574276e-02
50487 -1.543626e-02 1.009123e-02 1.566211e-01 -1.692312e-02 6.872654e-03 1.671476e+00 7.992406e+00 -5.555741e+00 1.644322e+01 6170 2.567066e-02
52758 2.611065e-02 7.183737e-03 7.049296e-02 4.920125e-02 1.287044e-02 7.817352e-02 9.997998e+00 2.300042e+00 5.817778e+00 1801 7.264569e-03
52905 -3.494935e-03 -7.780407e-04 1.271494e-01 -6.738246e-03 1.022457e-02 2.061741e-01 7.065906e-01 2.791795e+00 3.093677e+01 2872 1.148579e-02
54766 -1.141052e-02 -2.788291e-03 1.980819e-01 -1.154451e-02 -1.860954e-03 5.486408e+00 1.544101e+00 1.389990e+00 2.370962e+01 2947 1.790448e-02
55433 1.490884e-03 -1.126824e-02 1.506421e-01 -2.635636e-03 1.092335e-02 1.062493e+00 -1.203936e+00 -1.878602e+00 1.108747e+01 3338 1.877788e-02
55867 -1.244693e-02 2.306949e-03 1.807462e-02 1.611122e-02 -2.530270e-03 2.058118e-01 9.632993e+00 -4.976242e-01 1.877372e-01 1052 3.988316e-03
56451 -1.823908e-02 -1.442295e-02 1.423405e-01 -2.433885e-02 -1.844666e-02 4.074981e-01 -2.831140e+00 -1.479614e+00 1.678175e+01 1022 6.763470e-03
58481 -6.820543e-03 2.645137e-03 1.880712e-01 -6.626773e-03 2.784298e-03 5.207383e+00 9.639676e-01 3.001995e-01 1.354534e+01 2794 1.659906e-02
59068 -5.723363e-04 -8.645814e-03 1.588343e-01 5.587401e-04 8.060041e-03 3.329845e-01 9.072676e-02 3.421136e+00 2.412156e+01 2718 1.219392e-02
59158 8.654159e-03 -9.272898e-03 1.811414e-02 -1.098185e-02 1.053784e-02 5.795471e+00 -6.076031e+00 3.037887e+00 5.777356e+00 2011 7.322183e-03
60155 5.984385e-04 -1.127636e-03 1.383795e-01 -1.246253e-03 2.584592e-03 3.134244e-01 -1.816227e+00 4.097229e+00 2.257959e+01 4711 1.965325e-02
60242 -2.277303e-03 -9.167500e-05 1.350775e-01 -8.992244e-03 -2.418765e-03 2.114332e-01 1.385887e-01 -2.823611e-01 2.587308e+01 8407 3.189569e-02
60624 -9.368355e-04 -1.491103e-03 1.828838e-01 7.312153e-04 5.546658e-03 4.274629e+00 -5.463698e-01 -7.734638e-01 1.163729e+01 5551 3.022996e-02
62735 -1.390131e-03 3.995714e-03 1.353115e-01 7.175601e-04 -3.109548e-03 2.910769e-01 7.092533e+00 -9.378834e+00 2.130930e+01 1920 8.339271e-03
63301 -1.025656e-02 1.332346e-02 1.371937e-01 7.116256e-03 -9.446432e-03 1.171935e+00 -4.568953e+00 5.866855e+00 5.121268e+00 3012 1.861105e-02
64100 -4.961042e-03 -6.370125e-03 1.949626e-01 -7.795870e-03 -4.591442e-03 3.853374e+00 -4.988900e-01 -2.713882e+00 1.919900e+01 4080 2.001186e-02
64767 -1.574732e-02 1.029683e-02 1.397501e-01 1.146629e-02 -2.727432e-03 2.854356e-01 -1.147882e+01 6.769813e+00 1.221243e+01 2529 1.625864e-02
65284 2.286970e-03 1.246897e-02 1.805101e-02 -1.685268e-03 -1.333436e-02 -1.476364e+01 1.832028e+00 -1.724410e+00 -1.478170e+01 2096 7.139113e-03
66100 -2.301364e-02 7.889558e-03 6.709355e-02 -4.906213e-02 1.146461e-02 6.470229e-02 -9.910716e+00 2.301943e-01 -1.630484e+00 3919 1.783492e-02
66377 2.592346e-04 1.257557e-02 1.175532e-01 1.695479e-03 -1.519298e-02 7.291408e+00 5.537322e+00 -6.667976e+00 7.173855e+00 6621 2.474885e-02
66716 2.603670e-02 3.675232e-03 6.773501e-02 3.808949e-02 5.236149e-03 6.438015e-02 9.717598e+00 1.215736e+00 -3.901173e+00 4926 1.774275e-02
67027 -6.184494e-03 -6.479968e-03 1.389251e-01 -1.208718e-02 -1.231937e-02 2.078798e-01 1.493687e+00 1.633200e+00 2.576685e+01 1581 9.626497e-03
68112 -1.288318e-02 5.641446e-03 1.550203e-01 -1.205662e-02 4.823658e-03 5.865658e-01 -3.434693e+00 3.056936e+00 1.471486e+01 2603 1.243188e-02
69250 1.388844e-03 -9.308318e-03 1.320620e-01 -2.075172e-03 8.134895e-03 2.345558e-01 -1.620127e-01 -2.802396e+00 1.174065e+01 2755 1.059912e-02
69483 2.994557e-03 -2.033994e-03 1.274301e-01 -1.162639e-04 -7.038168e-03 2.343987e-01 -1.940025e+00 -3.547619e-01 4.261412e+01 3278 1.221261e-02
69519 -4.475169e-03 -7.565441e-03 1.514011e-01 1.475537e-02 1.688117e-02 1.074954e+00 7.275888e+00 5.927097e+00 3.950931e+01 2356 9.632139e-03
69765 9.162331e-03 1.333616e-03 1.500730e-01 -7.610579e-03 3.050591e-03 5.855382e-01 1.251293e+01 -7.573691e-01 3.250867e+01 5378 2.105762e-02
69954 1.075724e-02 6.561700e-03 8.754431e-02 -1.268259e-02 -9.090519e-03 2.342148e+01 -4.817861e+00 -6.765156e+00 2.333393e+01 2448 9.210185e-03
70850 -1.042644e-02 7.232570e-03 1.810458e-02 1.656870e-02 -1.039554e-02 -3.358062e+00 1.675033e+01 -8.517953e+00 -3.376166e+00 4303 1.506267e-02
71298 6.964564e-03 1.056144e-02 1.076189e-01 -7.526812e-03 -1.128507e-02 1.148532e+01 -1.186034e+00 -1.434154e+00 1.137770e+01 1914 7.325734e-03
71647 -2.013990e-03 2.515603e-04 1.306985e-01 -1.617191e-02 -6.437366e-03 2.148128e-01 -2.809355e+00 -1.797942e+00 3.460677e+01 2394 8.949486e-03
72598 -1.221288e-02 -3.261907e-03 1.023795e-01 1.173402e-02 3.821520e-03 1.989952e+01 -2.058488e+00 1.392524e+00 1.979714e+01 4708 1.786931e-02
75921 -8.619224e-03 -2.729705e-02 1.301003e-01 -6.766432e-03 -3.910887e-02 7.539923e-01 3.997946e+00 8.869016e+00 4.591307e+00 1904 1.340812e-02
76008 2.409872e-02 -3.278927e-03 1.544270e-01 -3.687994e-03 6.708459e-03 9.255478e-01 -1.457761e+01 4.532073e-01 1.201466e+01 3310 1.683730e-02
76330 -8.425384e-03 -4.455550e-04 1.793258e-01 -7.066675e-03 -2.245770e-04 1.158856e+00 -2.657623e+00 -2.684282e-01 3.432570e+01 2607 1.156977e-02
76648 2.004976e-02 -2.654955e-03 1.621308e-01 -1.536809e-02 7.390126e-03 7.244157e-01 1.082473e+01 -9.785275e-01 2.209277e+01 4630 2.129950e-02
76651 -1.646877e-02 -2.290381e-03 1.951120e-01 2.252343e-02 1.312437e-02 3.853337e+00 4.848372e+00 -1.898216e+00 7.882646e+00 3247 2.647678e-02
77047 3.865107e-03 -5.624734e-03 1.431132e-01 1.466284e-03 -1.123767e-02 6.615636e-01 -2.120963e+00 5.690675e-01 1.622178e+01 5154 1.999384e-02
79589 9.634847e-03 8.263609e-03 1.801386e-02 -1.170860e-02 -9.901532e-03 7.331692e+00 -5.301976e+00 -4.149916e+00 7.313678e+00 4054 1.546385e-02
79764 1.222635e-02 1.082974e-02 1.947504e-01 1.024751e-02 1.027559e-02 5.422091e-01 -3.947365e+00 -2.114922e+00 2.221467e+01 1927 1.376798e-02
80889 1.023452e-02 7.254057e-03 1.025334e-01 -1.285466e-02 -1.044865e-02 2.750315e+01 -6.810938e+00 -8.606066e+00 2.740061e+01 3195 1.194254e-02
80941 -1.100350e-02 -5.969701e-03 1.025118e-01 1.260495e-02 6.049271e-03 1.398318e+01 3.888584e+00 -1.201171e-01 1.388067e+01 7125 2.565711e-02
81580 5.288286e-04 3.852468e-03 1.304966e-01 9.384766e-03 1.822680e-02 2.111437e-01 -1.207277e+00 -4.057465e+00 1.911574e+01 4066 1.509701e-02
81731 -4.238274e-03 1.200995e-03 1.532813e-01 -1.051998e-04 -1.263253e-04 2.279682e+00 -6.772938e+00 2.158354e+00 3.628581e+01 6363 2.586342e-02
81829 -3.476420e-03 -1.500245e-02 1.803346e-01 -7.321574e-04 7.888974e-03 2.422383e+00 -2.033264e+00 -1.006702e+01 3.158714e+01 2595 1.187278e-02
82205 -2.574438e-03 -2.309563e-03 1.275042e-01 3.936534e-04 4.274347e-03 3.143083e-01 -8.057058e+00 7.050865e+00 2.432920e+01 4407 1.764999e-02
83999 -3.113334e-03 4.330706e-04 1.350063e-01 -1.373538e-02 1.063389e-02 6.780285e-01 2.589486e+00 -8.147033e-01 2.888412e+01 3537 1.379027e-02
84225 -3.865010e-03 1.456580e-02 1.316902e-01 7.678461e-03 -2.008470e-02 7.921102e-01 -3.668567e+00 1.235535e+01 9.272301e+00 2153 1.455108e-02
84939 1.016080e-02 -7.549882e-03 1.024472e-01 -1.077003e-02 7.151908e-03 1.024083e+01 -1.134100e+00 -1.560547e+00 1.013838e+01 2746 1.181983e-02
85218 1.540253e-02 3.924941e-03 1.558104e-01 1.708489e-02 6.200201e-04 1.633216e+00 -5.950562e+00 -2.354418e+00 1.616186e+01 4078 1.865193e-02
87399 -7.141015e-03 1.197376e-02 1.580399e-01 6.490980e-03 -1.175237e-02 2.630761e-01 4.018256e+00 -1.635316e+00 1.451805e+01 5126 2.212268e-02
87573 7.772740e-03 2.232758e-03 1.378252e-01 2.495692e-02 7.653980e-03 2.094289e-01 -3.177288e+00 -8.834275e-01 2.125115e+01 2907 1.160082e-02
87868 1.229194e-02 -3.171704e-03 1.809094e-02 -1.776847e-02 2.126666e-03 -9.768129e+00 -1.476178e+01 -3.135634e+00 -9.786220e+00 1743 6.414250e-03
87969 -7.007534e-03 1.058801e-02 1.123620e-01 6.680850e-03 -1.226706e-02 1.463147e+01 -1.327806e+00 -4.131810e+00 1.451911e+01 1608 7.127754e-03
88380 -3.383925e-03 -1.012245e-03 1.344375e-01 -3.328765e-03 -1.231281e-02 2.068432e-01 1.758769e+00 -4.574553e-01 2.244331e+01 3373 1.284730e-02
88768 9.943043e-03 -7.877700e-03 1.809856e-02 -6.174643e-03 1.298966e-02 -1.676066e+01 1.122075e+01 1.398685e+01 -1.677876e+01 1388 5.168861e-03
89838 -7.391342e-04 -1.266998e-02 7.766310e-02 1.367295e-03 1.828975e-02 1.441144e+01 1.731938e+00 1.514461e+01 1.433378e+01 2962 1.089555e-02
90154 9.371382e-03 -8.531061e-03 8.764479e-02 -1.016157e-02 1.113455e-02 8.172763e+00 -1.690951e+00 6.862328e+00 8.085118e+00 9604 3.475893e-02
90945 -2.289943e-03 -1.246175e-02 1.804187e-02 4.932343e-03 1.418818e-02 -1.489619e+01 7.332850e+00 4.157392e+00 -1.491423e+01 2632 1.037310e-02
91321 2.352956e-03 1.089548e-02 1.320896e-01 -6.717780e-04 3.171815e-02 2.194428e-01 -1.346040e+00 -1.187541e+01 1.914733e+01 2216 8.474362e-03
93239 7.718968e-05 9.988897e-03 1.411625e-01 -1.041178e-02 -1.907497e-02 9.120447e-01 2.466149e+00 1.079871e+01 2.844914e+01 3073 1.294820e-02
94950 3.211569e-03 -3.355283e-04 1.412900e-01 5.535737e-03 1.299425e-03 4.538724e-01 3.238633e+00 2.548641e+00 2.023941e+01 2019 8.631371e-03
95328 2.237675e-03 -5.506568e-03 1.339314e-01 1.608965e-02 -2.283155e-02 2.118660e-01 2.366919e+00 -1.868903e+00 3.109971e+01 2847 1.113835e-02
98782 4.296334e-03 1.235130e-03 1.273475e-01 1.687080e-02 1.368009e-02 2.125565e-01 -4.927382e+00 -2.617339e+00 1.921927e+01 1275 7.515625e-03
99909 -1.486028e-02 -5.234695e-03 1.510965e-01 -5.793618e-03 -4.935177e-03 1.517093e+00 -1.004280e+01 -1.223365e+00 1.873840e+01 1484 8.617849e-03
100890 -9.673729e-03 -8.078534e-03 7.749773e-02 9.990725e-03 1.002692e-02 5.799027e-01 3.366320e-01 5.037711e+00 5.024050e-01 879 3.431585e-03
101569 3.278421e-03 -6.305199e-03 1.480009e-01 -1.567312e-02 2.467643e-02 9.174423e-01 -1.534643e+00 1.687215e+00 3.110048e+01 6378 2.483484e-02
102271 9.949182e-04 1.259152e-02 8.249142e-02 1.174224e-03 -2.315473e-02 3.899318e+01 6.185620e+00 -2.911505e+01 3.891069e+01 2924 9.747358e-03
103538 4.190294e-03 -3.224464e-03 1.470954e-01 1.158783e-02 -2.272989e-03 5.499672e-01 -3.341531e-02 1.534989e+00 2.321584e+01 1304 6.217699e-03
104624 1.010559e-02 1.525412e-03 1.842830e-01 -5.057493e-03 -5.187421e-04 7.088757e-01 5.156021e+00 8.690868e-01 1.343988e+01 1836 1.380377e-02
104991 -8.925696e-03 -8.977826e-03 7.745888e-02 1.613386e-02 1.275565e-02 1.885693e+01 1.984840e+01 1.015417e+01 1.877947e+01 3460 1.277002e-02
105629 -5.034853e-04 -3.144848e-03 1.276586e-01 2.253772e-02 -1.713905e-02 2.123131e-01 2.259417e+00 4.168309e-01 2.623225e+01 2007 8.329827e-03
108163 -1.235464e-02 8.718298e-03 1.952122e-01 -1.217767e-02 7.888988e-03 2.974152e+00 5.039334e+00 -3.720793e+00 2.617134e+01 12161 4.726304e-02
108963 1.704400e-03 -7.571156e-04 1.818246e-01 -4.381758e-03 -6.526079e-03 4.786315e+00 -1.357499e+00 -3.165603e-02 2.543836e+01 6902 2.852772e-02
110895 -1.189013e-02 4.360750e-03 9.251365e-02 1.448920e-02 -4.032669e-03 1.365361e+01 6.655767e+00 1.178831e+00 1.356109e+01 2612 9.787071e-03
110963 9.007911e-03 2.317927e-02 1.519373e-01 4.698701e-03 2.122683e-02 3.849567e+00 -4.595149e+00 -9.345335e+00 1.078082e+01 2350 1.466197e-02
112592 -4.754446e-03 2.530676e-02 6.945203e-02 -6.196555e-03 3.741665e-02 6.958600e-02 -1.076927e+00 1.098610e+01 1.653148e-01 2458 9.858809e-03
112719 -2.530251e-02 -4.606797e-03 6.931625e-02 -3.389153e-02 -3.070884e-03 6.900803e-02 -1.675476e+01 3.678918e+00 -6.775748e-01 2203 9.149168e-03
112968 1.165856e-02 -3.782205e-03 1.324096e-01 -2.886587e-02 6.433495e-03 8.294815e-01 2.840053e+00 -1.361902e+00 1.746001e+01 1266 6.853687e-03
113709 -2.185378e-03 2.252868e-03 1.270444e-01 5.350705e-03 3.561025e-03 2.090589e-01 1.708247e+00 -1.101061e+00 2.483504e+01 2381 1.053785e-02
113940 1.039147e-02 3.121963e-03 1.366863e-01 -1.098096e-02 -3.437742e-03 2.533026e-01 -7.863143e+00 -4.241808e+00 1.559340e+01 8195 3.128704e-02
114513 6.772611e-04 -2.326357e-04 1.327089e-01 -1.284970e-03 -5.852583e-03 3.174304e-01 5.498492e-01 6.530705e+00 2.836088e+01 3947 1.563931e-02
115440 -1.174571e-02 4.564394e-03 1.024891e-01 1.602786e-02 -5.287222e-03 4.087472e+01 1.141903e+01 -1.778374e+00 4.077223e+01 6265 2.203211e-02
115769 1.025726e-02 -7.463891e-04 1.723901e-01 9.632843e-03 5.272676e-03 3.731991e+00 -8.695692e+00 -7.159103e-01 3.798418e+01 5550 2.181933e-02
115960 -1.262365e-02 -1.282987e-03 9.247519e-02 1.300046e-02 1.077509e-03 2.239529e+01 3.351683e-01 -6.546327e-01 2.230282e+01 3291 1.320940e-02
117099 1.023715e-03 8.447476e-03 1.617619e-01 4.733185e-04 9.840902e-04 3.260037e-01 -1.046176e+00 -7.115407e+00 2.836467e+01 5531 2.172692e-02
117184 2.088577e-03 -1.034363e-02 1.912111e-01 3.637178e-03 -1.341868e-03 7.782382e-01 3.738232e-01 -6.376701e+00 2.153566e+01 2451 1.311744e-02
120086 -5.335503e-05 5.047584e-04 1.271580e-01 1.854104e-02 -2.378507e-02 1.760851e-01 -2.294195e-02 -2.323596e-01 1.315646e+01 1387 6.174633e-03
121074 1.075752e-02 -6.678351e-03 1.123888e-01 -1.285334e-02 8.150391e-03 1.134225e+01 -5.299458e+00 3.772864e+00 1.122986e+01 4046 1.567949e-02
121701 -1.118950e-02 5.876817e-03 9.257273e-02 1.292695e-02 -8.339860e-03 2.037730e+01 4.262016e+00 -6.618900e+00 2.028472e+01 2899 9.786126e-03
122848 -5.887679e-03 -3.735339e-03 1.370425e-01 1.063089e-02 5.510980e-03 5.325848e-01 3.462608e+00 1.044361e+00 1.703513e+01 2990 1.253743e-02
123316 -1.139818e-02 -5.574325e-03 1.124876e-01 1.426615e-02 6.059966e-03 2.105289e+01 7.443870e+00 1.049934e+00 2.094040e+01 3334 1.273653e-02
123506 2.775101e-03 3.727349e-03 1.942594e-01 -1.838996e-03 -2.428198e-04 3.721270e+00 1.215717e+00 2.930044e+00 1.353149e+01 3107 1.851906e-02
123507 1.216883e-02 -3.284619e-03 1.024791e-01 -1.683997e-02 4.313320e-03 -4.286923e+00 -1.249356e+01 2.716451e+00 -4.389402e+00 3569 1.773909e-02
124517 -8.027478e-04 -1.253290e-02 9.247421e-02 2.458450e-03 1.709732e-02 2.140783e+01 4.631215e+00 1.217101e+01 2.131535e+01 5580 2.095175e-02
124978 1.729555e-03 4.658612e-03 1.488828e-01 -4.709348e-03 -5.710381e-03 4.093405e-01 -4.872975e-01 1.173035e+00 2.753127e+01 6207 2.388736e-02
125465 -3.008498e-05 7.988797e-03 1.351732e-01 -8.568166e-03 3.470384e-02 2.187353e-01 6.855867e-02 -4.998040e+00 2.237184e+01 5229 2.078433e-02
126692 7.020780e-04 -4.160275e-03 1.238742e-01 -5.848352e-03 1.090604e-04 2.057638e-01 -2.113487e+00 2.760120e+00 3.533834e+01 2046 7.950678e-03
126809 -7.714817e-04 -2.561414e-02 6.885441e-02 -2.229545e-03 -3.552091e-02 4.249155e-02 4.772446e-01 1.559758e+01 -7.052446e+00 5058 1.805026e-02
127442 -1.130313e-02 -1.827551e-02 1.920463e-01 -6.836673e-03 -1.005330e-02 8.859544e+00 -5.274531e+00 -8.997992e+00 2.352049e+01 6574 2.781858e-02
127747 -2.445918e-04 1.822383e-05 1.298067e-01 1.346164e-03 4.092727e-03 2.013583e-01 1.407426e-01 -2.922447e-02 1.919699e+01 1770 1.144398e-02
127951 7.314668e-03 -1.018640e-02 7.746923e-02 -1.071290e-02 1.724762e-02 3.839485e+00 -9.177862e+00 1.936039e+01 3.762016e+00 1687 6.262318e-03
128685 2.533724e-02 8.800515e-03 6.668981e-02 3.948373e-02 9.024533e-03 6.819196e-02 1.739231e+01 -6.622740e-01 2.208808e+00 3153 1.209576e-02
130102 5.506324e-03 -8.187881e-03 1.441649e-01 5.165133e-03 -2.155658e-02 1.682420e+00 -3.268013e+00 4.762899e+00 2.445473e+01 2751 1.166045e-02
130298 -1.085940e-02 6.553004e-03 7.743691e-02 1.944816e-02 -1.347452e-02 1.832514e+01 2.363703e+01 -1.917566e+01 1.824771e+01 887 4.629171e-03
131458 1.300250e-03 2.609568e-03 1.319764e-01 3.985305e-03 -4.570556e-03 2.819050e-01 1.190143e+00 1.124330e+00 1.419976e+01 2040 1.004508e-02
132494 1.059498e-02 6.944249e-03 1.073581e-01 -1.283684e-02 -9.805429e-03 3.566035e+01 -5.721422e+00 -7.682021e+00 3.555300e+01 3826 1.419292e-02
132797 -3.242378e-03 -1.604832e-03 1.299732e-01 4.972821e-04 4.300644e-03 2.448203e-01 4.661545e+00 -4.090985e+00 1.692475e+01 3601 1.398951e-02
132827 8.490586e-03 4.063555e-03 1.362715e-01 -1.477219e-02 -9.888337e-03 3.736247e-01 6.733754e+00 3.522784e+00 2.030974e+01 3768 1.462129e-02
132876 5.905763e-03 2.015625e-02 1.660813e-01 -1.131885e-03 1.235783e-02 2.518573e-01 -3.500029e+00 -1.269168e+01 2.167723e+01 1892 1.063188e-02
133651 2.628394e-03 -4.535369e-03 1.315039e-01 -4.371964e-03 -1.463023e-02 2.606513e-01 1.192691e-01 1.052183e+01 2.262611e+01 2625 1.067406e-02
133965 -2.794223e-02 4.511895e-04 6.895904e-02 -4.110455e-02 -3.589384e-03 7.940752e-02 -9.531886e-01 -2.469234e+00 7.057405e+00 7133 2.627733e-02
134631 4.239786e-03 -6.477775e-03 1.507991e-01 -5.914077e-03 4.545357e-03 5.049095e+00 1.230763e+00 -3.023919e+00 2.111542e+01 3105 1.301071e-02
135536 -9.469497e-03 -1.189808e-03 1.351276e-01 1.095107e-02 4.207634e-04 7.373666e-01 -1.101375e+01 -1.007680e+00 2.175696e+01 9781 3.668153e-02
136094 -1.270452e-02 8.450077e-03 1.951930e-01 -3.760761e-03 -4.600064e-03 2.550667e-01 7.269547e+00 -5.829832e+00 2.029066e+01 4145 1.990394e-02
136989 -5.098354e-03 -1.923074e-03 1.235089e-01 -1.833191e-02 -2.559521e-02 1.540845e-01 1.739522e+00 -7.076117e-01 9.263198e+00 2114 9.186524e-03
137337 -6.253815e-03 8.792722e-04 1.328795e-01 1.999108e-02 1.654498e-03 3.586382e-01 -6.829988e+00 2.944951e-01 1.896528e+01 6264 2.483533e-02
138745 4.882087e-03 1.527011e-03 1.330139e-01 -5.324073e-03 -1.218327e-02 3.557494e-01 2.327876e+00 -5.606215e-01 2.132555e+01 13408 4.913071e-02
142041 -1.853859e-03 1.255308e-02 1.805498e-02 1.616216e-03 -1.448824e-02 -4.294644e+00 -7.784862e-01 -4.741808e+00 -4.312699e+00 1069 3.795294e-03
143640 4.797684e-03 7.640655e-03 1.370920e-01 1.412483e-03 1.523888e-02 2.069172e-01 -2.822570e+00 -3.920013e+00 2.019641e+01 2540 1.388214e-02
144872 -2.437329e-03 -6.207401e-03 1.352616e-01 2.357389e-03 9.967911e-03 4.115679e-01 -4.076813e-01 3.933351e+00 3.380445e+01 1562 6.819981e-03
145881 5.558342e-03 -4.738430e-03 1.421963e-01 -6.983140e-03 2.117830e-02 4.427218e-01 4.174842e+00 -5.282246e+00 2.563841e+01 3341 1.425308e-02
146445 -9.072357e-04 -3.657646e-05 1.421231e-01 -1.711189e-03 3.427883e-03 1.203499e+00 1.015104e+00 -4.826072e+00 3.669810e+01 3172 1.286954e-02
149194 -1.155101e-02 -5.208948e-03 1.802604e-02 1.782355e-02 5.393136e-03 5.934973e+00 1.705341e+01 2.193985e-01 5.916947e+00 4098 1.361790e-02
149598 4.161088e-03 1.357755e-02 1.451315e-01 1.049340e-02 1.403862e-02 2.495797e-01 -4.630367e+00 -1.120991e+01 2.218199e+01 7222 3.034250e-02
150575 4.999189e-04 -4.137267e-03 1.302240e-01 -5.448044e-04 2.143666e-03 2.226460e-01 1.560174e-01 8.025345e+00 1.292268e+01 8027 3.084699e-02
152364 -6.861565e-03 2.184582e-02 6.844252e-02 -9.369465e-03 3.283946e-02 6.551484e-02 -7.254902e-01 4.723479e+00 -2.553122e+00 2686 9.710518e-03
152472 -8.322758e-03 -2.003965e-03 1.324186e-01 -1.963991e-02 -1.452947e-02 3.740598e-01 4.830441e-01 -2.313654e+00 1.399565e+01 2165 1.175434e-02
152997 1.100495e-02 6.265162e-03 1.810142e-02 -1.518991e-02 -2.101226e-03 -7.832876e+00 -1.118728e+01 1.212570e+01 -7.850977e+00 2733 9.285474e-03
156037 -2.115482e-03 -1.247504e-02 1.804973e-02 1.100591e-03 1.508669e-02 -4.860533e+00 -2.989439e+00 6.657521e+00 -4.878582e+00 11637 4.075126e-02
156099 -2.319650e-02 4.994219e-03 6.960656e-02 -4.022925e-02 9.316542e-03 7.348495e-02 -1.665695e+01 4.347663e+00 4.700945e+00 2134 8.023976e-03
156238 1.263408e-02 -6.495195e-04 8.757618e-02 -1.723239e-02 -3.288079e-04 9.229676e+00 -1.226092e+01 -2.801442e+00 9.142099e+00 1957 8.248171e-03
156270 2.076294e-03 -1.225185e-02 1.300663e-01 -7.835063e-03 2.162511e-02 3.134365e-01 -7.595772e+00 1.132621e+01 7.998143e+00 1394 5.935063e-03
156905 -1.580669e-02 -2.908447e-03 1.690063e-01 -1.530781e-02 -2.057851e-03 1.170817e+00 2.557515e+00 1.474223e+00 1.670517e+01 2791 1.577206e-02
157558 9.354602e-04 -2.908128e-03 1.272500e-01 -8.415142e-03 -9.066248e-04 2.378360e-01 4.968935e+00 3.251383e+00 1.810908e+01 4409 1.689254e-02
157589 4.083915e-03 -8.395016e-03 1.320577e-01 -6.373808e-03 6.151400e-03 2.257544e-01 7.175289e-01 -3.678063e+00 9.765274e+00 2341 1.071551e-02
158679 -2.502067e-03 -3.400045e-03 1.271223e-01 -1.223037e-02 3.878038e-03 2.203967e-01 3.731266e+00 1.425583e+00 2.011158e+01 2357 1.132855e-02
159850 3.156070e-03 6.917063e-03 1.404074e-01 -1.613068e-02 -1.435576e-02 1.184694e+00 3.526747e+00 5.632088e+00 2.530288e+01 5723 2.200273e-02
161102 2.187135e-03 1.751812e-04 1.436606e-01 2.147726e-03 -5.745497e-03 2.187451e-01 -2.797877e+00 2.803486e+00 3.647958e+00 3189 1.995740e-02
161505 1.143554e-02 9.411736e-03 1.557177e-01 2.755755e-03 -5.919040e-04 2.157894e+00 6.626048e+00 5.992296e+00 1.249888e+01 1720 1.155263e-02
164436 -3.627801e-03 1.735620e-04 1.319298e-01 -2.196296e-02 2.216111e-02 2.477122e-01 7.499904e+00 -5.339273e+00 2.363587e+01 1604 6.750252e-03
164471 -4.686854e-03 2.570790e-03 1.416881e-01 -6.282105e-03 3.751367e-03 7.059808e-01 -5.002730e+00 3.747043e+00 3.733926e+01 1179 6.163154e-03
165344 8.392322e-05 -1.265132e-02 1.805559e-02 2.473198e-03 1.264920e-02 -8.690416e+00 7.229082e+00 -7.369505e-01 -8.708471e+00 2895 1.078325e-02
165910 -9.789595e-03 -6.314895e-03 1.322095e-01 -3.430250e-02 -1.177468e-02 3.584303e-01 3.474547e+00 2.975676e+00 1.248353e+01 3152 1.340578e-02
166137 9.008274e-03 -8.900441e-03 7.753350e-02 -1.028224e-02 1.016425e-02 1.101132e+01 -3.078655e+00 3.056196e+00 1.093378e+01 4195 1.610147e-02
166281 -1.074256e-02 -6.688442e-03 7.752568e-02 1.514553e-02 9.035291e-03 1.505085e+01 1.181833e+01 6.243742e+00 1.497332e+01 4036 1.490964e-02
166820 -9.480271e-03 1.751474e-02 1.751882e-01 1.115829e-02 -2.050205e-02 6.709293e+00 -4.512287e-02 1.868562e-01 2.045566e+01 7133 2.877393e-02
168411 -5.639800e-03 -4.550096e-03 1.511000e-01 -6.412717e-04 -7.774463e-03 2.556265e-01 3.865808e+00 5.130834e+00 2.063025e+01 11043 4.129465e-02
168501 -1.018807e-02 7.580702e-03 1.805075e-02 1.198381e-02 -1.201630e-02 -2.267558e+00 4.484584e+00 -1.209321e+01 -2.285609e+00 2755 9.793359e-03
168965 -1.225555e-02 -6.820900e-03 1.569657e-01 -2.608134e-02 -1.819687e-02 2.331362e-01 1.031250e+00 -4.040199e-01 3.195398e+01 1696 8.116473e-03
170696 -4.615745e-03 -1.991417e-03 1.803813e-01 4.432047e-03 1.579396e-03 5.973925e+00 1.563819e+00 3.335640e+00 3.404251e+01 7809 3.035577e-02
171206 8.561831e-03 2.728382e-03 1.500511e-01 -1.076994e-02 -6.837933e-03 3.036793e-01 1.600348e+00 -9.529918e-01 1.662383e+01 6724 2.651317e-02
171672 -2.898075e-03 -9.455563e-04 1.372814e-01 -1.530664e-02 -4.749225e-03 2.232793e-01 1.613609e+00 5.284786e-01 2.351660e+01 1866 8.872319e-03
171712 -1.254247e-02 -1.911795e-03 1.807566e-02 1.521531e-02 3.829345e-03 -9.856631e+00 6.826476e+00 5.306895e+00 -9.874707e+00 1258 4.492034e-03
172469 -2.680770e-02 -8.527791e-03 6.760953e-02 -3.589716e-02 -1.111246e-02 6.792392e-02 -1.349585e+01 -3.754578e+00 5.625115e-01 1804 9.074777e-03
172868 2.944330e-03 2.462257e-02 6.812065e-02 4.978913e-03 3.748028e-02 6.614040e-02 4.537278e+00 2.825400e+01 -4.666537e+00 1788 7.756513e-03
172943 5.921905e-03 -8.909770e-03 1.434114e-01 3.412190e-03 5.570331e-04 1.608558e+00 3.119272e+00 -5.586496e+00 7.165673e+00 2395 1.417755e-02
173099 -3.500248e-04 -8.647667e-05 1.402951e-01 -5.209759e-03 2.904414e-03 5.807485e-01 -2.464279e+00 1.595169e+00 2.684084e+01 2815 1.204600e-02
174491 1.419635e-02 -1.082329e-03 1.615481e-01 -4.282387e-03 3.935694e-03 4.763159e-01 1.141777e+01 -2.193656e+00 2.461646e+01 7937 3.035784e-02
176966 -2.445344e-02 -1.498331e-02 6.423480e-02 -4.895548e-02 -2.870104e-02 5.544838e-02 -1.690556e+01 -9.237532e+00 -8.178017e+00 3769 1.519310e-02
177524 2.703050e-02 -7.115232e-03 6.600823e-02 3.391134e-02 -1.081775e-02 6.395373e-02 2.110672e+01 -1.172961e+01 -6.744086e+00 6501 2.464046e-02
177913 -7.297445e-03 -1.028164e-02 8.753976e-02 1.197994e-02 1.374167e-02 3.134084e+01 1.280708e+01 9.181034e+00 3.125331e+01 3878 1.380194e-02
178184 -1.138776e-02 -5.467315e-03 8.747320e-02 1.579436e-02 5.461406e-03 4.301200e+00 1.179132e+01 -3.325837e-01 4.213727e+00 2108 1.175779e-02
178778 -4.357504e-03 -1.162169e-02 1.336844e-01 -1.618595e-02 -2.435280e-02 5.073683e-01 -9.725111e+00 -9.272942e+00 2.355756e+01 4695 1.798661e-02
179466 2.073815e-03 -2.321593e-03 1.404463e-01 -1.091441e-03 -9.596076e-03 2.418887e-01 -1.499193e+00 -3.452133e-01 3.724508e+01 4543 1.685870e-02
179648 1.542170e-02 1.732806e-02 6.814601e-02 1.830884e-02 2.608148e-02 7.118929e-02 3.525014e+00 1.344169e+01 5.341529e+00 3926 1.853800e-02
179977 -4.251335e-03 -3.072163e-03 1.272128e-01 -2.259540e-02 -1.135630e-02 2.247917e-01 2.817781e+00 1.977571e+00 2.589724e+01 1739 7.570861e-03
181697 5.455556e-03 1.448242e-02 1.366963e-01 -3.479651e-03 -8.607901e-03 2.245392e-01 -3.896659e+00 -1.142169e+01 1.285686e+01 4055 1.694649e-02
181744 1.267628e-02 -4.763130e-04 8.254680e-02 -1.713795e-02 4.922696e-06 9.303288e+00 -1.187246e+01 -1.359265e+00 9.220741e+00 3514 1.226782e-02
182308 4.542173e-03 -1.082024e-03 1.341699e-01 -4.515634e-03 1.051240e-03 2.765617e-01 -2.299194e+00 2.659110e+00 1.925979e+01 5339 2.108239e-02
183635 2.408022e-02 6.651879e-03 6.833872e-02 2.934472e-02 7.912920e-03 6.714668e-02 2.815369e+01 6.717390e+00 -6.551065e+00 3557 1.252826e-02
183874 -5.599807e-03 -4.104384e-03 1.406101e-01 -8.319270e-03 -1.812285e-02 6.679636e-01 8.114580e-01 -3.864252e+00 3.135453e+01 1986 9.722929e-03
184553 8.997466e-03 2.519508e-03 1.330955e-01 1.906478e-03 4.378320e-03 5.711022e-01 7.433273e+00 -1.044515e+00 1.537637e+01 4001 1.582984e-02
185485 9.231712e-03 -8.702861e-03 8.743271e-02 -1.292667e-02 1.004480e-02 -2.141752e+00 -9.905401e+00 3.288334e+00 -2.229184e+00 7398 2.710124e-02
186021 -1.180516e-02 -4.576448e-03 1.806963e-02 1.623319e-02 4.548546e-03 4.648541e+00 1.182776e+01 -3.432454e-01 4.630472e+00 4410 1.557985e-02
187977 -9.775504e-03 -7.991851e-03 8.245106e-02 1.343177e-02 1.221533e-02 3.177814e+01 9.764661e+00 1.147019e+01 3.169569e+01 1315 4.683749e-03
188279 3.886201e-04 -2.088822e-04 1.827466e-01 3.756479e-03 4.228932e-03 1.436508e+01 1.576865e+00 1.332396e+00 2.299792e+01 5199 2.316524e-02
189136 9.040941e-03 8.781254e-03 7.743610e-02 -1.608629e-02 -1.505442e-02 2.270824e+01 -1.938174e+01 -1.721522e+01 2.263080e+01 5862 2.143962e-02
190329 2.027520e-02 -1.264228e-02 6.825233e-02 2.518056e-02 -1.769834e-02 7.062587e-02 1.227531e+01 -1.314263e+01 6.573643e+00 4826 1.923220e-02
191192 1.235972e-02 1.993504e-03 1.025173e-01 -1.494260e-02 -4.138141e-03 3.899138e+01 -6.582871e+00 -5.943728e+00 3.888887e+01 1537 6.434587e-03
191386 -2.021763e-02 1.767086e-02 6.681156e-02 -5.641049e-02 6.454086e-02 5.156045e-02 -6.978783e+00 1.179181e+01 -7.622884e+00 1829 6.915853e-03
191495 -6.253304e-03 -3.488786e-03 1.552322e-01 2.443915e-03 1.266741e-04 2.305524e+00 3.543676e+00 2.555166e+00 1.966703e+01 2955 1.344634e-02
191751 1.511054e-04 7.334440e-03 1.320975e-01 -2.020287e-03 8.629025e-04 6.326022e-01 2.433333e+00 8.222639e+00 8.573441e+00 13188 4.959701e-02
191854 -6.590392e-03 1.080078e-02 1.174334e-01 4.615234e-03 -1.243706e-02 2.087170e+01 -5.960882e+00 -3.998689e+00 2.075427e+01 4742 2.315973e-02
193460 2.154632e-02 -1.242510e-02 6.927588e-02 2.633116e-02 -1.459472e-02 6.959597e-02 3.375093e+01 -1.524297e+01 2.293616e+00 10745 3.877580e-02
194059 -1.292004e-02 6.555255e-03 1.286775e-01 9.644373e-04 -3.110383e-03 5.032275e-01 -1.199879e+01 7.817088e+00 6.469868e+00 1869 1.041927e-02
195314 -2.252047e-03 -6.629586e-04 1.522677e-01 7.747766e-03 3.895222e-03 1.721197e+00 6.657310e-01 6.413126e-01 2.895920e+01 3813 1.538996e-02
195501 1.127811e-02 -5.701404e-03 8.239077e-02 -1.604116e-02 5.748695e-03 2.120142e+01 -1.280469e+01 -1.958082e-01 2.111903e+01 7564 2.602647e-02
196541 -4.551674e-03 1.181370e-02 1.807051e-02 6.616158e-03 -1.190152e-02 -1.626053e+01 5.569479e+00 4.344578e-01 -1.627860e+01 934 3.032498e-03
196590 1.803088e-02 7.995674e-03 1.598781e-01 -2.173575e-02 -1.116847e-02 3.268241e-01 2.647994e+00 3.551421e-01 1.858202e+01 11003 4.282443e-02
196732 -8.040988e-04 -6.237843e-03 1.449085e-01 -3.035870e-03 -1.042970e-02 2.215923e-01 1.174328e-01 2.525236e+00 2.524840e+01 6181 2.388360e-02
196753 -2.789842e-02 -2.776237e-03 6.594458e-02 -4.890324e-02 -7.307071e-03 6.230611e-02 -2.952312e+01 -6.704837e+00 -5.754469e+00 2781 1.081462e-02
196942 -9.543070e-04 -3.040336e-04 1.463869e-01 -7.143507e-03 7.064379e-03 1.902827e+00 -4.072851e-01 1.168216e+00 3.706730e+01 5051 1.914376e-02
196952 2.124538e-02 -2.316131e-03 6.727546e-02 3.157363e-02 -4.775879e-03 6.657473e-02 2.130956e+01 -5.276287e+00 -1.570305e+00 3872 1.904583e-02
197258 1.192995e-02 1.900285e-02 1.571582e-01 1.145992e-02 1.982394e-02 3.391050e+00 -4.462090e+00 -6.633984e+00 1.543034e+01 1820 1.274243e-02
198213 5.900440e-03 -6.671517e-03 1.324420e-01 6.384605e-03 -5.866336e-03 3.652772e-01 2.103040e+00 4.065247e+00 7.805771e+00 3706 1.585201e-02
199362 2.140448e-02 1.119163e-02 6.553985e-02 3.724400e-02 2.282480e-02 5.916378e-02 4.486038e+00 4.362453e+00 -4.405395e+00 3054 1.691008e-02
202539 -7.061333e-03 9.954787e-03 1.852662e-01 -3.000273e-03 7.711472e-03 2.306062e+00 -6.616478e+00 4.327887e+00 2.890513e+01 8350 3.270923e-02
202566 1.251684e-02 -1.989051e-03 1.805752e-02 -1.538815e-02 1.917945e-03 -2.249947e+01 -7.388666e+00 -3.158079e-01 -2.251753e+01 888 3.011780e-03
204033 3.593602e-03 -1.212888e-02 1.023747e-01 -6.379714e-03 1.528874e-02 1.192575e+01 -7.663536e+00 8.226294e+00 1.182338e+01 5047 2.005394e-02
204304 5.106008e-04 -5.813415e-03 1.351151e-01 1.170620e-02 -1.789430e-02 2.382058e-01 -1.239319e+00 4.936222e+00 2.490690e+01 3269 1.443441e-02
204885 -5.290443e-03 1.151866e-02 1.802528e-02 7.336656e-03 -1.048736e-02 1.005415e+01 5.475177e+00 3.579112e+00 1.003612e+01 3375 1.227934e-02
205558 5.528731e-03 -1.786847e-02 1.382118e-01 5.390350e-03 -2.131545e-02 1.694097e+00 -8.457841e-01 -2.429069e+00 7.477898e+00 3104 1.748368e-02
206387 1.688927e-02 -6.535493e-03 1.870555e-01 -2.036069e-02 7.727330e-03 1.004077e+01 -1.718529e+00 4.898628e-01 2.603540e+01 2318 1.493957e-02
206877 -7.833044e-03 -9.979354e-03 1.810626e-02 7.134501e-03 1.042537e-02 1.080247e+01 -2.426058e+00 6.834737e-01 1.078437e+01 3362 1.195766e-02
207870 -1.546223e-03 9.310527e-03 1.288931e-01 5.148227e-04 1.889267e-02 3.685210e-01 8.848651e-01 -1.347646e+01 1.186042e+01 3531 1.414209e-02
208220 -1.043553e-02 6.927054e-03 1.074911e-01 1.405269e-02 -8.257687e-03 -8.044608e+00 9.616038e+00 -3.359000e+00 -8.152099e+00 3772 1.389688e-02
208547 3.195694e-03 -3.390599e-03 1.421384e-01 -3.496399e-03 9.623540e-03 4.226689e-01 1.892222e+00 -1.964818e+00 2.534839e+01 8052 3.112192e-02
208736 2.636195e-02 -5.183590e-03 1.535676e-01 1.902579e-02 -6.833227e-04 5.484950e+00 1.149706e+01 -3.292173e+00 1.032779e+01 4057 2.181822e-02
208764 1.200994e-02 -2.081731e-03 1.390168e-01 -1.407520e-02 2.000477e-03 2.712611e-01 -7.492346e+00 -4.028054e-01 1.725991e+01 12244 4.659701e-02
208765 -2.576826e-02 3.080635e-03 6.950733e-02 -2.992694e-02 3.371473e-03 7.005116e-02 -2.951615e+01 2.035187e+00 3.940808e+00 10540 3.753935e-02
209349 5.179675e-03 -6.616796e-03 1.427237e-01 1.175528e-02 -4.205622e-03 1.701170e+00 -7.918066e+00 6.139865e+00 3.128510e+01 1354 7.498597e-03
209539 8.523618e-03 2.318580e-03 1.330079e-01 -5.100453e-03 6.868834e-03 4.030354e-01 4.576514e+00 8.865450e+00 1.162411e+01 2128 9.700137e-03
210214 -3.264338e-03 -5.053281e-03 1.381520e-01 -1.740104e-02 -1.747057e-02 7.691534e-01 2.489454e+00 3.566074e+00 1.884140e+01 3890 1.502074e-02
210917 -1.131366e-02 5.723849e-03 9.235820e-02 1.609071e-02 -6.975042e-03 3.259194e+01 1.284217e+01 -3.204088e+00 3.249958e+01 2565 9.155581e-03
212215 7.309255e-03 1.311709e-02 1.398960e-01 -2.047140e-02 -4.243272e-02 3.684026e-01 2.940987e+00 4.868719e+00 2.133214e+01 2035 8.862113e-03
212438 9.305545e-03 2.445709e-02 1.563235e-01 1.462879e-02 3.066052e-02 1.364481e+00 -4.389831e+00 -1.219746e+01 1.933791e+01 2636 1.273862e-02
213738 -1.266892e-02 7.796033e-05 1.804044e-02 1.376667e-02 3.844452e-03 -1.526124e+01 2.369318e+00 1.108588e+01 -1.527928e+01 2498 8.951989e-03
213940 -2.372332e-02 -5.912364e-05 6.670536e-02 -3.258070e-02 -4.454848e-03 6.457978e-02 -1.353556e+01 -7.783471e+00 -3.837263e+00 3044 1.326075e-02
214117 -5.991157e-03 7.006510e-03 1.290927e-01 -3.628139e-02 3.620351e-02 1.770485e-01 -4.577680e+00 3.912303e+00 1.899029e+01 2991 1.258153e-02
214545 1.190521e-03 -9.653423e-04 1.479759e-01 6.921974e-03 -1.756160e-03 2.970858e-01 -6.456083e+00 2.275919e+00 2.399480e+01 5689 2.422157e-02
214737 4.923070e-03 -1.620600e-03 1.300539e-01 1.302880e-02 3.533688e-03 2.139277e-01 -3.303849e+00 8.788835e-01 2.178303e+01 8240 3.003450e-02
214854 -6.856191e-03 -1.066803e-02 1.801182e-02 8.509326e-03 1.134528e-02 3.286123e+00 4.274211e+00 1.296960e+00 3.268111e+00 3012 1.049492e-02
215375 -1.241557e-02 1.811193e-03 1.074629e-01 1.426960e-02 1.972863e-03 5.940467e+00 4.520576e+00 1.079514e+01 5.833004e+00 2354 1.039546e-02
215570 -1.298780e-02 -2.336551e-02 7.143963e-02 -4.224800e-02 -5.205011e-02 7.104544e-02 6.665497e+00 1.263427e+01 -1.109288e-01 3425 1.185755e-02
216705 -5.755513e-03 -4.529529e-03 1.438726e-01 4.157897e-04 -4.200370e-03 7.488555e-01 4.252916e+00 5.655945e+00 2.939829e+01 5884 2.272158e-02
217323 1.943886e-03 -1.943551e-03 1.484928e-01 -7.312000e-03 -3.737384e-03 3.144912e-01 -1.134486e+00 1.182446e+00 4.454400e+01 5649 2.163080e-02
217854 1.071606e-02 1.093287e-02 1.599484e-01 -1.754271e-02 -1.301928e-02 5.890511e-01 -1.973630e-01 2.091126e+00 1.792008e+01 3656 1.679948e-02
218234 8.759865e-03 9.080383e-03 1.075496e-01 -1.037487e-02 -1.145862e-02 8.775169e+00 -4.056498e+00 -6.194219e+00 8.667619e+00 9629 3.570680e-02
219107 -9.723783e-03 1.975375e-02 1.561445e-01 -2.358260e-03 9.154583e-03 2.147811e+00 5.943432e+00 -1.225469e+01 1.310068e+01 5198 2.291311e-02
219782 -9.937445e-03 -7.745863e-03 1.024272e-01 1.222715e-02 8.787698e-03 2.389574e+01 5.894575e+00 2.495798e+00 2.379332e+01 4140 1.541803e-02
220763 -6.770258e-04 -9.942668e-03 1.325902e-01 4.534724e-03 -4.857824e-03 3.062640e-01 -1.765484e+00 1.013095e+01 2.672090e+00 11443 4.397412e-02
222636 -1.815580e-03 -1.231908e-02 1.541382e-01 -1.813245e-03 -1.935042e-04 1.247501e+00 7.960941e-01 7.653305e+00 9.020721e+00 2480 1.568418e-02
222681 -3.483210e-03 -1.486639e-03 1.424058e-01 -7.380685e-03 2.849556e-03 3.586049e-01 7.453127e+00 -4.868414e-01 3.618486e+01 6813 2.514811e-02
224392 -1.096422e-03 -1.938429e-03 1.321197e-01 -2.648801e-03 1.702317e-03 2.146066e-01 1.461417e-01 1.570021e+00 3.124970e+01 4796 1.878829e-02
224738 -7.389427e-03 -4.559658e-03 1.637219e-01 -3.736014e-03 -9.285741e-04 3.262987e+00 -4.863119e+00 -4.411200e+00 2.636519e+01 5618 2.323931e-02
225137 6.880483e-03 3.130196e-03 1.328125e-01 -3.931218e-04 2.332290e-03 1.063741e+00 -1.241996e+01 -1.022169e+01 2.551583e+01 2074 8.435390e-03
225355 -8.211608e-03 -9.650281e-03 1.807695e-02 7.500495e-03 9.979206e-03 -6.200239e+00 -2.483442e+00 3.716917e-01 -6.218316e+00 844 2.901081e-03
227065 1.804844e-03 -1.139211e-02 1.538066e-01 2.207419e-03 -1.477059e-02 9.722414e-01 4.664888e-01 -4.290046e+00 2.707566e+01 4787 1.883680e-02
227984 -9.738630e-03 -1.130406e-02 1.459700e-01 -8.665921e-03 -1.380320e-02 1.434805e+00 5.852966e+00 6.798021e+00 2.047489e+01 5153 2.307540e-02
228382 3.342763e-03 -3.074912e-03 1.583905e-01 5.968568e-03 -2.751820e-03 6.919601e-01 -1.041220e+00 1.432485e+00 1.646444e+01 4389 1.902542e-02
232130 -6.992853e-03 -4.076564e-03 1.421725e-01 2.363161e-02 1.197164e-02 7.658805e-01 2.760353e+00 1.040862e+00 2.554946e+01 2815 1.246420e-02
232532 3.811663e-03 -2.143088e-02 1.872129e-01 -5.159372e-03 2.950408e-02 6.511134e+00 7.957495e-02 -1.474280e-01 4.029457e+01 2598 1.087276e-02
232579 -9.572293e-03 -8.266250e-03 1.805177e-02 1.260739e-02 4.802293e-03 -1.551940e+01 8.021506e+00 -1.026378e+01 -1.553745e+01 5618 1.984593e-02
235722 -2.395972e-02 2.883941e-03 7.010666e-02 -3.083875e-02 2.977897e-03 7.172609e-02 -3.114564e+00 -3.553579e-01 1.704379e+00 3973 1.567687e-02
237686 6.049243e-03 -4.783479e-03 1.433747e-01 1.605377e-04 -7.715742e-03 6.936437e-01 -5.199740e+00 8.740923e+00 2.647811e+01 1890 7.895909e-03
238179 -1.214168e-02 -3.689191e-03 1.802160e-02 1.659796e-02 1.852153e-03 5.965108e+00 1.188811e+01 -5.403046e+00 5.947086e+00 2657 9.183668e-03
238444 -2.829940e-04 -1.254100e-02 9.246735e-02 1.693934e-03 1.792234e-02 3.323826e+01 3.969757e+00 1.447847e+01 3.314580e+01 1993 7.339394e-03
241417 2.019158e-03 -4.087519e-03 1.676242e-01 -1.818331e-03 -6.435261e-04 2.809993e+00 1.936128e+00 -2.538845e+00 3.048569e+01 4804 2.088098e-02
241788 1.126575e-04 1.377628e-03 1.303298e-01 -4.327610e-02 -2.609388e-02 9.776448e-02 -2.008765e+00 -1.998851e+00 -9.427901e+00 2717 1.268792e-02
242153 1.268305e-02 -2.807786e-04 1.811681e-02 -1.627965e-02 -1.966549e-03 -9.387049e-01 -9.428120e+00 -6.365244e+00 -9.568217e-01 1709 6.149338e-03
243247 -4.300210e-03 -7.683479e-03 1.403935e-01 -5.620050e-03 -9.388194e-03 7.192114e-01 -5.720053e+00 -7.309644e+00 1.939539e+01 5136 2.052859e-02
243260 -9.624154e-03 1.103558e-02 1.322528e-01 2.517465e-02 -3.366483e-02 5.816384e-01 -7.212901e+00 8.540840e+00 1.713396e+01 2577 1.133330e-02
244259 5.125706e-03 -1.427328e-02 1.276599e-01 -2.554446e-02 2.585534e-02 1.946997e-01 9.769428e+00 -1.574757e+01 1.596412e+00 5977 2.485055e-02
246560 -1.206418e-02 1.097326e-02 1.317403e-01 -2.577738e-02 1.386640e-02 4.066369e-01 1.407201e+01 -1.044920e+01 1.392039e+01 1722 8.532387e-03
246726 4.142418e-03 -1.198154e-02 1.806852e-02 -4.170335e-03 1.278374e-02 -8.500112e+00 1.604686e-01 1.574073e+00 -8.518180e+00 3251 1.118236e-02
247533 -7.412108e-03 -1.018630e-02 9.245669e-02 1.236742e-02 1.027142e-02 2.264199e+01 1.357120e+01 -3.480704e-01 2.254954e+01 5583 2.031940e-02
247574 -3.872263e-03 -7.268046e-03 1.623804e-01 3.280901e-03 1.083782e-02 1.299625e+00 -1.239559e+00 7.755793e-01 2.964204e+01 2148 9.604647e-03
248474 -1.040147e-03 -1.358445e-03 1.320191e-01 -5.387713e-04 -5.202135e-03 4.726111e-01 -1.011403e+00 -3.346270e+00 3.707715e+01 1275 5.049815e-03
248712 2.985325e-03 -2.050788e-03 1.318159e-01 2.546818e-02 4.280222e-03 2.517137e-01 -7.431656e+00 3.672080e-01 2.487853e+01 1721 7.375023e-03
248750 -7.516388e-03 2.862619e-02 7.004347e-02 -1.821421e-02 5.570381e-02 7.476655e-02 -6.631458e+00 1.489849e+01 3.926782e+00 2566 9.703387e-03
248929 6.146493e-03 -3.061584e-03 1.349772e-01 -2.518431e-02 1.515485e-02 3.810185e-01 -8.088503e+00 5.361834e+00 2.722017e+01 5078 2.032112e-02
249361 -1.177837e-02 7.959513e-03 1.558807e-01 1.110367e-02 -5.472390e-03 2.950461e+00 -1.028988e+01 6.455120e+00 3.234790e+01 2246 1.072035e-02
250064 1.209277e-02 3.844846e-03 8.240709e-02 -1.695907e-02 -8.855953e-03 1.687115e+01 -1.304930e+01 -1.393495e+01 1.678874e+01 3243 1.170762e-02
250338 6.722208e-04 1.259963e-02 1.025150e-01 -3.194706e-04 -1.415620e-02 2.374777e+01 1.035409e+00 -3.669579e+00 2.364525e+01 3175 1.138557e-02
250455 -1.163387e-02 4.917873e-03 1.174720e-01 1.653596e-02 -5.735914e-03 1.958545e+01 1.317694e+01 -2.026939e+00 1.946797e+01 1751 7.532040e-03
250747 -9.417979e-03 -8.502761e-03 1.025721e-01 8.586737e-03 1.047484e-02 2.354570e+01 -2.892525e+00 5.080142e+00 2.344313e+01 6844 2.610937e-02
251226 1.135976e-02 1.680248e-03 1.322271e-01 -1.371124e-02 -1.089409e-02 8.680961e-01 4.161553e+00 -1.355174e+00 8.758493e+00 5553 2.291538e-02
252449 -1.450048e-03 1.423838e-03 1.544960e-01 -5.851340e-03 -1.043894e-04 7.151419e-01 3.761252e+00 -1.011467e+00 2.740955e+01 1849 8.815927e-03
252545 9.526300e-04 -6.512950e-03 1.334789e-01 6.355604e-04 -8.184664e-03 5.804546e-01 -5.511052e-01 -1.587930e+00 2.882684e+01 2204 9.906612e-03
253815 7.383148e-03 4.193276e-03 1.509209e-01 9.157463e-03 7.528443e-03 3.769316e-01 -9.753399e+00 -6.617138e+00 3.995582e+01 4838 1.861534e-02
254510 -9.814131e-03 6.565409e-03 1.311667e-01 1.896217e-02 -1.396712e-02 2.192777e-01 1.726135e-01 -5.880614e-01 9.352596e+00 5359 2.319408e-02
254814 -1.457829e-03 -3.338306e-03 1.327309e-01 1.731087e-03 2.415707e-03 3.330413e-01 3.570161e-01 -1.950688e+00 2.518369e+01 2068 9.383229e-03
255044 -4.768590e-03 4.363983e-03 1.294684e-01 4.642547e-03 -1.844602e-02 2.678799e-01 -1.139723e+00 -8.211259e+00 1.579176e+01 5656 2.117221e-02
256704 -1.405686e-02 1.826466e-03 1.977582e-01 6.597595e-03 -4.937689e-03 5.827253e-01 -7.336521e+00 -5.782296e-01 1.590136e+01 1903 1.282717e-02
257184 8.421696e-03 9.407206e-03 8.257740e-02 -1.202359e-02 -1.427824e-02 2.726604e+01 -9.689287e+00 -1.321786e+01 2.718347e+01 2965 1.229113e-02
258547 -6.517097e-03 -7.249494e-03 1.572472e-01 -1.894368e-04 9.307144e-03 6.527193e-01 -4.292870e+00 -7.734695e+00 3.932975e+01 4095 1.684814e-02
259308 -4.655916e-03 8.899921e-04 1.272670e-01 -7.466178e-03 2.972379e-03 2.256656e-01 2.333235e+00 -3.480596e-01 2.934786e+01 2217 1.196852e-02
259613 1.922763e-02 7.924021e-03 1.537413e-01 6.269512e-03 4.447309e-03 1.044703e+00 1.436203e+01 4.351355e+00 2.056333e+01 2987 1.348176e-02
261034 -8.355108e-03 9.547583e-03 1.802733e-02 1.101005e-02 -1.498645e-02 -7.435684e+00 7.017840e+00 -1.481394e+01 -7.453711e+00 1593 5.710510e-03
262800 -1.258949e-02 1.392356e-03 8.761906e-02 1.836316e-02 -5.929607e-04 2.838447e+01 1.558405e+01 2.338853e+00 2.829685e+01 10239 3.686954e-02
263529 1.059936e-02 -6.683814e-03 1.124945e-01 -1.540173e-02 9.660095e-03 -8.596383e+00 -1.295496e+01 8.022247e+00 -8.708877e+00 5830 2.484816e-02
264320 1.119958e-02 -5.290590e-03 1.611031e-01 3.516989e-03 7.908744e-04 3.418976e-01 -1.060896e+01 3.731929e+00 3.119404e+01 4628 1.779346e-02
264521 -1.223820e-02 2.917454e-03 9.242995e-02 1.767797e-02 -4.927039e-03 4.534949e+01 1.466101e+01 -5.508800e+00 4.525706e+01 1279 5.225224e-03
265357 -1.153034e-02 -5.248210e-03 9.237833e-02 1.434989e-02 5.947394e-03 1.817672e+01 7.299440e+00 1.672067e+00 1.808434e+01 4885 1.747739e-02
265359 8.861973e-04 2.328509e-03 1.781154e-01 3.727715e-03 -9.266919e-04 6.904965e+00 -2.758518e+00 -1.357334e+00 3.390893e+01 9280 3.609377e-02
266560 -6.608163e-03 1.742528e-02 1.634354e-01 8.674705e-03 -1.730670e-02 2.171121e+00 -2.895821e-02 -3.771978e+00 1.301973e+01 8352 3.533534e-02
266725 7.571154e-03 7.517585e-03 1.950591e-01 -8.378813e-03 -1.003248e-02 1.824405e+00 1.918853e+00 6.878160e+00 1.160922e+01 3984 2.236470e-02
267145 8.570624e-03 -1.766432e-02 1.779156e-01 -1.892659e-03 -1.189835e-02 1.167362e+00 -4.992765e+00 1.285611e+01 2.894529e+01 3276 1.468764e-02
267858 3.522603e-03 -1.482270e-02 1.581408e-01 -2.125226e-04 -7.161108e-03 5.353372e-01 4.689391e+00 -1.067857e+01 2.702200e+01 4518 1.998820e-02
268860 -4.782094e-04 4.851555e-03 1.268289e-01 -1.360691e-02 -1.043481e-02 2.455433e-01 -2.652710e+00 1.205937e+00 1.164554e+01 2354 9.540830e-03
269046 -1.261895e-02 -1.194454e-03 1.804327e-02 1.250208e-02 1.134446e-03 -2.898730e+01 -1.059270e+00 -2.385434e-01 -2.900535e+01 2690 1.022068e-02
269443 -4.535352e-03 1.184420e-02 1.125786e-01 5.444328e-03 -1.802961e-02 1.979748e+00 2.305946e+00 -1.679033e+01 1.867169e+00 6010 2.526473e-02
269569 -1.609541e-02 2.332183e-03 1.984370e-01 1.180829e-02 -1.094436e-03 6.543961e+00 6.606363e+00 -1.516936e+00 2.776810e+01 1458 8.526996e-03
270842 8.629054e-03 -6.161562e-03 1.445168e-01 3.687062e-03 4.030613e-03 2.651167e-01 -9.120821e+00 2.726924e+00 2.046505e+01 3504 1.489517e-02
271281 -1.249721e-02 -2.259911e-03 1.810862e-02 1.610703e-02 4.915519e-03 2.220997e+00 9.476199e+00 7.371901e+00 2.202888e+00 5570 2.086072e-02
271951 -2.512793e-03 -4.526421e-04 1.464602e-01 -4.991651e-03 -1.993202e-03 1.524777e+00 -3.364530e-01 -5.365965e-01 1.519992e+01 7478 3.192831e-02
272052 -2.522051e-03 9.797368e-03 1.548174e-01 3.130147e-03 -1.064440e-02 7.520574e-01 7.590115e-01 -4.455855e-01 1.587703e+01 6583 2.661977e-02
272130 -9.126289e-03 8.705987e-03 9.249783e-02 1.068673e-02 -1.126775e-02 6.898850e+00 3.881173e+00 -6.734341e+00 6.806353e+00 2522 9.964151e-03
273450 -6.795414e-03 3.314361e-04 1.457623e-01 -9.982597e-03 -3.691167e-03 6.906543e-01 -4.174188e+00 -6.199465e+00 1.800951e+01 1898 1.034898e-02
273557 1.296187e-02 -1.597918e-03 1.685574e-01 1.698045e-02 -1.754655e-03 3.021988e-01 3.128563e+00 -4.984500e-01 1.054320e+01 2521 1.516497e-02
273584 1.252089e-02 1.329730e-03 1.074452e-01 -1.506902e-02 -8.528758e-04 2.082692e+01 -6.475412e+00 1.424009e+00 2.071947e+01 5879 2.139332e-02
274447 1.687207e-02 1.707871e-02 1.838530e-01 2.037501e-02 2.055583e-02 2.478248e+00 1.807483e-01 1.222596e-01 3.054981e+01 5547 2.233899e-02
274613 -5.769514e-03 1.461412e-03 1.894689e-01 4.177988e-03 -2.282968e-03 4.920918e+00 -4.829636e+00 -2.236576e+00 4.731449e+00 4217 3.793229e-02
276722 -2.574229e-03 -4.789044e-03 1.422760e-01 3.925631e-03 1.258506e-02 4.889185e-01 -1.022245e+00 -1.150168e+00 3.350997e+01 2933 1.166556e-02
277273 -1.798891e-03 2.526544e-03 1.408652e-01 3.082072e-03 -9.868796e-04 2.968067e-01 1.022890e+00 1.945444e+00 1.869698e+01 4979 1.947144e-02
277495 7.137966e-03 -2.602415e-03 1.468677e-01 -8.913103e-03 3.707405e-03 1.077878e+00 -3.396908e+00 2.249839e+00 1.387694e+01 6551 2.634259e-02
277668 1.152094e-02 -1.258671e-02 1.519284e-01 -2.191907e-02 1.723495e-02 1.894266e+00 3.796106e+00 -5.157249e+00 2.505436e+01 5765 2.292244e-02
278025 -9.445813e-03 -8.478494e-03 8.261903e-02 9.961060e-03 1.485028e-02 1.860738e+01 9.098895e-01 1.751133e+01 1.852476e+01 2997 1.149681e-02
280556 -6.171129e-03 -1.108560e-02 1.812560e-02 5.684310e-03 1.239985e-02 -5.327896e+00 -1.731885e+00 3.072424e+00 -5.346021e+00 5955 2.146649e-02
280925 8.646816e-03 -9.238494e-03 8.254494e-02 -9.571339e-03 1.094877e-02 -2.396262e+01 -2.112320e+00 4.298004e+00 -2.404517e+01 1384 5.066479e-03
282084 -2.493949e-02 2.810385e-03 6.775586e-02 3.249537e-02 1.066915e-04 9.518864e-02 1.599518e+00 2.907754e+00 3.215699e+00 1520 7.534922e-03
283004 -4.646748e-03 1.176845e-02 7.749787e-02 8.031474e-03 -1.977522e-02 1.408558e+01 9.293856e+00 -2.194032e+01 1.400809e+01 2358 8.538790e-03
283450 5.132276e-03 -7.545238e-03 1.286111e-01 4.985414e-03 -2.221456e-02 3.357063e-01 -3.136051e+00 4.778381e+00 1.114934e+01 4149 1.860530e-02
284853 9.291401e-04 5.525619e-03 1.488886e-01 -2.595394e-03 -1.086142e-02 4.403480e-01 4.702206e-01 2.951484e+00 2.669229e+01 1942 9.417325e-03
285588 -1.126801e-02 -3.547841e-03 1.713273e-01 2.802276e-03 -5.276811e-03 4.876702e+00 -9.325583e+00 -3.396123e-01 3.217627e+01 3935 1.703115e-02
288352 -1.240772e-02 -4.154259e-03 1.613044e-01 2.752496e-04 4.579942e-03 2.463031e+00 -1.050961e+01 -6.195338e+00 3.170829e+01 1961 9.345152e-03
288462 -5.303920e-03 -1.153171e-02 1.023936e-01 5.357565e-03 1.714214e-02 1.509780e+01 -1.548925e-01 1.518399e+01 1.499541e+01 4230 1.576468e-02
288689 4.349699e-03 3.723017e-04 1.888492e-01 1.889622e-03 3.209019e-03 1.024463e+00 -5.032702e+00 -2.417707e+00 2.764760e+00 7262 5.694755e-02
291084 -1.667883e-02 1.897035e-02 1.507712e-01 2.014420e-02 -1.768931e-02 7.932241e-01 -7.044926e+00 8.860315e+00 1.611556e+01 2423 1.333542e-02
291884 -3.118413e-04 -3.246465e-03 1.424446e-01 -2.111091e-03 5.088053e-03 6.114386e-01 3.620066e-01 -3.472097e+00 3.772096e+01 1873 7.231904e-03
293250 -2.195747e-02 1.753229e-02 1.410570e-01 -3.157055e-02 2.266286e-02 1.655351e+00 1.079435e+01 -8.818325e+00 1.416032e+01 3793 1.659030e-02
296082 -1.181182e-02 4.511189e-04 1.313630e-01 -2.110951e-02 -1.158959e-02 2.260280e-01 7.736710e+00 8.155090e-02 2.826638e+00 6660 2.513025e-02
297080 1.181178e-02 -1.689493e-02 1.464071e-01 1.217327e-04 3.732173e-03 2.515447e+00 8.160028e+00 -1.029120e+01 7.065820e+00 3997 2.242496e-02
297828 2.491082e-03 -1.234484e-02 1.125355e-01 -1.744604e-03 1.489641e-02 -2.381476e+00 2.252835e+00 6.495283e+00 -2.494011e+00 7304 2.696582e-02
298981 -9.520260e-03 9.390422e-04 1.356186e-01 -1.656111e-02 2.726159e-03 4.474516e-01 -1.450595e+00 7.415475e-01 1.905719e+01 3562 1.431790e-02
299420 -1.778744e-03 -6.727914e-03 1.657876e-01 1.836692e-03 -8.775327e-04 3.202606e+00 -1.194335e+00 -3.999046e+00 1.488657e+01 3453 1.612698e-02
299542 4.764059e-03 3.000922e-03 1.310261e-01 4.813503e-03 7.438112e-03 2.050804e-01 -3.917506e+00 -3.322294e+00 1.571237e+01 5900 2.252330e-02
299773 -1.260108e-02 -1.467077e-03 1.075834e-01 1.391656e-02 5.976158e-04 9.256357e+00 2.988368e+00 -2.541116e+00 9.148774e+00 6495 2.437833e-02
300078 3.659273e-03 -9.730569e-03 1.329216e-01 -2.715695e-02 1.398446e-02 2.697664e-01 -6.661095e+00 -1.900157e+00 1.436596e+01 7549 2.890749e-02
300745 4.634618e-03 -4.214810e-03 1.359444e-01 4.916917e-03 -1.230532e-02 2.151138e-01 -3.046722e+00 3.180501e+00 1.983433e+01 3618 1.463778e-02
301748 -1.254563e-02 -7.906377e-03 1.474989e-01 1.982490e-02 9.799095e-03 3.886742e-01 1.102511e+01 2.421811e+00 3.019235e+01 3087 1.208937e-02
302492 1.245278e-02 -1.646348e-03 1.125481e-01 -1.355002e-02 3.747021e-04 2.908998e+01 -2.380368e+00 -3.687704e+00 2.897743e+01 8998 3.235721e-02
303300 -9.375545e-03 8.538901e-03 1.076424e-01 1.022236e-02 -1.024876e-02 2.794059e+01 1.850680e+00 -4.337251e+00 2.783295e+01 2129 7.814891e-03
303806 1.575038e-05 -1.015159e-02 1.966645e-01 1.198319e-03 1.312785e-02 3.874348e+00 5.086728e-01 -1.851815e+00 2.878615e+01 3300 1.607696e-02
304521 6.578913e-03 1.076383e-02 7.749915e-02 -6.858032e-03 -1.424799e-02 1.333107e+01 -4.084378e-01 -9.221321e+00 1.325357e+01 3244 1.320829e-02
306249 -1.154503e-02 5.232796e-03 1.123819e-01 1.779091e-02 4.540178e-04 -1.008796e-01 1.697848e+01 1.636840e+01 -2.132615e-01 4150 1.807628e-02
306495 -6.089607e-03 -5.284427e-03 1.323479e-01 -1.216782e-02 -1.129648e-02 4.095503e-01 -4.485241e+00 -4.561131e+00 1.749920e+01 2456 9.889565e-03
306964 -3.074268e-03 4.696480e-03 1.428273e-01 -7.387550e-03 1.377930e-03 8.743021e-01 2.030253e-01 -2.676691e+00 8.007258e+00 1111 1.292694e-02
307848 7.735730e-03 -2.196745e-03 1.402397e-01 -1.366309e-02 5.757386e-03 7.718507e-01 -1.793535e+00 1.650685e+00 1.642248e+01 5238 2.536461e-02
307990 -4.134316e-03 3.683400e-03 1.546331e-01 -9.892177e-04 3.719705e-03 3.335749e-01 3.453461e+00 -4.314622e+00 3.203381e+01 4763 1.880084e-02
308905 -2.582869e-03 -2.329651e-03 1.271741e-01 -3.833206e-03 -1.827300e-02 2.378228e-01 2.164074e+00 4.170389e+00 2.457702e+01 5046 1.933823e-02
309612 7.750145e-03 -2.192263e-03 1.485143e-01 5.884346e-03 7.403775e-04 1.961456e+00 3.342872e+00 -4.014359e+00 1.540042e+01 3295 1.449493e-02
310070 -3.633187e-04 2.547701e-03 1.389061e-01 -1.401135e-02 1.794733e-02 2.395052e-01 -1.897567e+00 1.147946e+00 3.475552e+01 2010 7.734590e-03
315513 -3.577089e-03 -5.872663e-03 1.368879e-01 6.256461e-04 4.351451e-04 3.753423e-01 -2.657904e+00 -4.159797e+00 1.875542e+01 6028 2.580369e-02
316265 1.255193e-02 -1.384710e-03 9.252877e-02 -1.718023e-02 2.868597e-03 6.931747e+00 -1.235037e+01 4.112189e+00 6.839218e+00 7178 2.516070e-02
316903 -1.664111e-02 -1.760616e-03 1.580519e-01 -9.507709e-03 -1.373335e-03 4.986502e-01 -1.003261e+01 -6.702249e-01 2.447553e+01 1697 8.346529e-03
317229 -1.982761e-03 -1.113745e-02 1.307758e-01 -7.870831e-03 -1.367537e-02 4.223269e-01 3.705263e-01 5.319298e+00 8.903860e+00 1740 9.088163e-03
317297 -9.701870e-03 -8.050785e-03 8.251751e-02 1.087089e-02 1.312388e-02 6.009192e+00 2.742096e+00 1.386705e+01 5.926675e+00 2426 8.713793e-03
317925 4.505505e-04 4.840880e-03 1.962077e-01 5.322413e-03 3.525634e-04 1.254665e+00 5.771136e-01 2.935830e+00 1.916842e+01 2275 1.288252e-02
318009 3.728794e-04 1.376507e-02 1.603389e-01 -9.843059e-04 -2.151930e-02 2.773799e+00 -3.684327e-01 -2.834547e+00 3.849613e+01 2002 8.919653e-03
319347 1.259857e-02 1.541004e-03 1.804722e-02 -1.444592e-02 -2.918204e-03 -5.099915e+00 -4.491114e+00 -3.801753e+00 -5.117963e+00 1810 6.623717e-03
320081 2.998423e-03 -7.486242e-03 1.436759e-01 -4.066884e-04 1.387873e-02 3.330582e-01 1.784157e+00 -3.827646e+00 1.747450e+01 2975 1.373121e-02
321116 -8.066986e-03 1.920891e-02 1.878331e-01 7.203540e-03 -1.237112e-02 2.634577e+00 2.105274e+00 -9.971222e+00 3.038022e+01 1825 9.564765e-03
321399 -1.560211e-02 -8.252650e-03 1.452662e-01 -7.984286e-03 -6.145772e-03 3.818463e-01 -1.024679e+01 -3.423867e+00 1.702594e+01 2953 1.517959e-02
321480 6.231843e-03 -2.405812e-02 6.875172e-02 1.356606e-02 -3.515461e-02 7.258119e-02 6.134664e+00 -6.956480e+00 3.945841e+00 5426 2.021087e-02
324790 7.235904e-03 -1.038106e-02 1.807267e-02 -8.121897e-03 1.308624e-02 -3.535282e+00 -2.084983e+00 7.042720e+00 -3.553355e+00 7713 2.683203e-02
325296 -5.599652e-03 5.939936e-04 1.332485e-01 -1.420925e-02 -2.626059e-03 2.019767e-01 4.165795e-01 -9.558827e-01 2.671790e+01 2642 1.078060e-02
325318 -8.492376e-03 -5.904714e-03 1.440230e-01 1.440435e-02 1.152101e-02 5.811107e-01 1.459546e+00 1.903856e+00 1.845575e+01 7587 2.885883e-02
325792 5.122040e-04 -6.586149e-03 1.343463e-01 2.803591e-03 5.295371e-04 5.013354e-01 -4.291261e+00 -1.402476e+01 2.568219e+01 3584 1.468366e-02
326858 4.455012e-03 7.717407e-03 1.456052e-01 1.132451e-02 2.950234e-02 2.284122e-01 -4.945456e-01 1.157934e+00 3.128506e+01 5985 2.398940e-02
327644 3.120697e-03 -2.528075e-02 6.830153e-02 9.274052e-03 -4.244207e-02 6.602300e-02 6.458770e+00 -1.569471e+01 -2.670893e+00 4346 1.646962e-02
327997 8.539529e-03 -9.149315e-03 8.749626e-02 -1.095146e-02 1.400860e-02 8.506597e+00 -6.320648e+00 1.319955e+01 8.419101e+00 2572 1.026079e-02
328720 -9.979861e-03 7.805169e-03 7.761270e-02 1.949545e-02 -1.474357e-02 3.639323e+01 2.630630e+01 -1.915100e+01 3.631562e+01 3611 1.319145e-02
329750 2.178168e-02 -8.234868e-03 7.008950e-02 3.174309e-02 -2.231764e-02 7.671649e-02 -3.169284e+00 -2.735061e+00 3.352137e+00 1900 1.562293e-02
330261 8.090010e-03 9.733193e-03 1.806141e-02 -5.549529e-03 -1.040172e-02 -1.733228e+01 7.644643e+00 -1.326313e+00 -1.735034e+01 1613 6.023592e-03
330277 1.045502e-02 -7.098192e-03 7.741479e-02 -1.485601e-02 1.111821e-02 1.680747e+01 -1.182934e+01 1.094700e+01 1.673006e+01 7677 2.726170e-02
330523 1.161599e-02 5.091134e-03 1.075654e-01 -1.287423e-02 -6.473656e-03 1.693665e+01 -2.883579e+00 -3.611669e+00 1.682909e+01 2886 1.139128e-02
331268 -1.545086e-02 1.270839e-02 1.712820e-01 7.656361e-03 -4.975950e-03 5.411114e-01 7.918934e+00 -7.033804e+00 1.824009e+01 3915 2.154986e-02
333803 2.561024e-04 -1.452474e-03 1.634676e-01 -1.830073e-03 4.059223e-04 1.012292e+00 -1.314742e+00 -1.159820e+00 3.644529e+01 3049 1.174883e-02
333806 5.014314e-04 1.261302e-02 8.253243e-02 -6.505643e-03 -1.463682e-02 1.270936e+00 -1.693378e+01 -4.988775e+00 1.188403e+00 6340 2.434335e-02
333873 8.136488e-04 6.831342e-03 1.337310e-01 3.586223e-03 1.450102e-02 5.271399e-01 2.179511e+00 5.202477e+00 2.472240e+01 12226 4.527790e-02
334435 -1.845498e-03 1.251603e-02 8.737728e-02 1.095239e-03 -1.481141e-02 2.547200e+01 -2.226216e+00 -5.761632e+00 2.538462e+01 3135 1.184285e-02
335259 -4.030531e-03 -1.199766e-02 9.251710e-02 3.092597e-03 1.644793e-02 3.697481e+00 -2.882673e+00 1.187947e+01 3.604964e+00 1702 8.032513e-03
335646 -7.891892e-04 -1.264719e-02 1.809079e-02 2.692418e-04 1.424645e-02 -3.480967e+00 -1.514523e+00 3.787432e+00 -3.499057e+00 1412 5.129332e-03
336368 -1.226494e-03 1.073524e-02 1.993367e-01 -3.204602e-04 -6.764230e-04 8.369596e+00 -1.030852e+00 1.219057e+01 5.047191e+01 3297 1.316083e-02
336627 7.739670e-03 1.616659e-04 1.330154e-01 1.006142e-02 1.661914e-03 2.492396e-01 -1.298807e+01 -1.186922e+00 1.934143e+01 4227 1.733942e-02
337886 -3.528003e-03 -3.779320e-03 1.267426e-01 -5.764901e-03 -4.833035e-03 2.455845e-01 5.452380e+00 5.193912e+00 2.083796e+01 4756 1.861082e-02
339075 5.478832e-03 -1.138233e-02 1.075686e-01 -7.152463e-03 1.564417e-02 3.230713e+01 -4.411695e+00 1.138268e+01 3.219956e+01 3372 1.249085e-02
340410 4.570926e-03 -4.192421e-03 1.313796e-01 1.467656e-02 -1.206086e-02 2.704082e-01 -3.890127e+00 3.460287e+00 3.370295e+01 2678 1.075345e-02
340543 1.097008e-02 6.296765e-03 1.806763e-02 -1.547156e-02 -8.730446e-03 -1.191752e+01 -1.208351e+01 -6.511686e+00 -1.193559e+01 2639 9.590092e-03
341720 6.331336e-03 -1.613168e-02 1.793466e-01 -1.009600e-02 1.841449e-02 2.776372e+00 -2.459577e+00 -5.369785e-01 3.149404e+01 1362 8.359220e-03
341721 1.443593e-04 -3.366510e-03 1.235689e-01 -3.518868e-02 -9.882307e-03 1.482472e-01 -1.740825e+01 -2.285341e+00 1.470452e+01 1782 7.101747e-03
343571 -4.722342e-03 -9.687703e-03 1.329012e-01 1.011111e-02 2.082398e-02 2.829564e-01 5.580217e+00 1.154164e+01 1.822233e+01 9280 3.870592e-02
345480 2.889096e-03 1.368739e-03 1.348176e-01 1.208289e-02 1.580033e-03 3.216085e-01 -8.142964e+00 -1.821871e+00 3.262285e+01 2183 8.796340e-03
346020 -2.213033e-02 -3.386683e-03 1.695595e-01 -1.481180e-02 -4.412247e-03 1.248856e+00 -9.951550e+00 1.479355e-01 1.858848e+01 1622 1.308911e-02
346704 9.967930e-04 1.678853e-03 1.345880e-01 4.283231e-03 -5.989097e-03 4.003444e-01 3.359138e+00 -2.146504e+00 2.995389e+01 9076 3.404654e-02
347080 3.563584e-03 2.730856e-03 1.394397e-01 1.944233e-02 1.072249e-02 2.227887e-01 -2.193152e+00 -1.668851e+00 2.241702e+01 3637 1.535874e-02
347376 -1.259245e-02 -1.130875e-03 1.025279e-01 1.421498e-02 -7.975032e-04 -4.207938e+00 3.856307e+00 -5.513282e+00 -4.310466e+00 9201 3.362541e-02
349974 4.158142e-03 -2.190786e-03 1.407418e-01 4.885902e-03 3.441640e-03 1.092158e+00 -3.808584e+00 5.885941e-01 2.756376e+01 11149 4.042780e-02
350326 2.021068e-03 3.196337e-03 1.237945e-01 2.431480e-02 1.767999e-02 1.423923e-01 4.668682e+00 2.285733e+00 7.540421e+00 4562 1.934142e-02
350721 -1.553354e-03 -1.405955e-02 1.588399e-01 -7.615480e-03 -1.935878e-02 1.378031e+00 1.256230e+00 9.272414e+00 3.633306e+01 4001 1.567168e-02
350859 -1.168043e-02 1.473462e-02 1.736386e-01 -1.480817e-02 1.054847e-02 4.042212e+00 7.612441e+00 -9.278224e+00 3.160587e+01 942 6.240387e-03
350898 1.196595e-02 -4.145794e-03 1.123951e-01 -1.516825e-02 2.075762e-03 1.179471e+01 -8.355602e+00 -6.087671e+00 1.168231e+01 2310 9.231801e-03
351206 -3.211623e-03 -6.726148e-03 1.312533e-01 7.141626e-04 -2.672640e-03 3.329330e-01 -8.029582e+00 -8.569855e+00 1.409196e+01 2056 1.029393e-02
351796 6.532160e-04 -8.470236e-04 1.327631e-01 -4.153492e-03 -1.338750e-02 2.451171e-01 2.441737e-01 2.608493e+00 2.479137e+01 3287 1.367515e-02
351968 1.727826e-03 -1.283508e-02 1.375366e-01 3.322881e-03 -6.013367e-03 1.016977e+00 -4.873625e+00 1.926543e+01 2.443366e+01 2685 1.154699e-02
353398 6.762462e-03 1.472382e-03 1.672818e-01 8.302994e-04 1.520822e-04 1.704769e+00 -6.655071e+00 -1.429285e+00 3.042743e+01 2474 1.048107e-02
353724 -1.777369e-03 -4.034526e-03 1.272776e-01 -9.386269e-03 -2.203833e-02 2.034409e-01 2.836132e+00 6.572593e+00 1.631889e+01 7186 2.901856e-02
353910 8.995228e-03 -2.231347e-02 6.687467e-02 1.196398e-02 -3.077415e-02 6.609569e-02 3.879682e+00 -1.138828e+01 -1.282060e+00 7468 2.850753e-02
354861 -7.030235e-03 2.945520e-03 1.596166e-01 -6.821841e-03 2.338297e-04 2.541165e-01 4.328647e+00 -1.771579e+00 2.492522e+01 1143 6.052838e-03
355331 1.805819e-02 -8.671345e-03 1.771052e-01 3.675897e-03 -5.266279e-04 1.303127e+00 1.075431e+01 -5.493801e+00 1.980451e+01 4830 2.189230e-02
355653 1.135845e-02 5.425673e-03 1.024317e-01 -1.629129e-02 -6.375623e-03 1.848122e+01 -1.327974e+01 -2.370261e+00 1.837879e+01 2461 9.991765e-03
357530 -1.619293e-02 1.603033e-02 1.618638e-01 -1.596087e-02 1.537444e-02 1.300018e+00 -2.608883e+00 6.889828e+00 1.924524e+01 5377 2.310812e-02
359494 6.701483e-03 -3.742619e-03 1.455843e-01 6.911677e-03 -5.072806e-03 1.962119e+00 -9.341135e-02 -2.448569e+00 2.033374e+01 2924 1.304354e-02
359632 2.033826e-02 1.613848e-02 6.507665e-02 3.518376e-02 2.444222e-02 6.028375e-02 1.143877e+01 5.650840e+00 -5.002116e+00 1455 6.562201e-03
362642 -1.088442e-02 6.529975e-03 1.123555e-01 1.380180e-02 -7.203593e-03 1.075285e+01 7.613136e+00 -1.525783e+00 1.064050e+01 2442 1.494699e-02
365899 1.166887e-02 -5.726435e-03 1.895062e-01 1.162883e-02 -5.878336e-03 2.044232e+00 6.170958e-01 1.599428e+00 2.089419e+01 2485 2.684043e-02
366101 -1.068606e-02 -1.124977e-04 1.432385e-01 2.879468e-02 3.916810e-03 4.606620e-01 -3.219203e+00 3.789123e-01 3.026749e+01 6489 2.471217e-02
366699 5.237509e-03 -7.795084e-04 1.268592e-01 -9.433972e-03 -1.323279e-02 2.645231e-01 3.253745e+00 -3.124448e-01 1.232178e+01 6990 2.680101e-02
366943 -1.000855e-02 -7.577333e-03 1.930948e-01 1.291170e-02 9.346774e-03 4.300576e-01 -5.365661e+00 -3.156897e+00 1.089617e+01 4035 2.316832e-02
366945 1.752750e-03 -6.367883e-04 1.267894e-01 -1.984001e-03 -1.617559e-04 2.122157e-01 -4.030254e+00 -1.397995e+01 1.144828e+01 2846 1.180083e-02
367138 -1.831154e-03 -5.211416e-03 1.437307e-01 -1.020291e-03 -1.136670e-02 3.807170e-01 9.414029e-01 9.091575e-01 1.359454e+01 7272 2.811237e-02
367847 -1.020161e-02 7.284774e-03 1.025246e-01 1.194391e-02 -9.177407e-03 6.447976e+00 4.332842e+00 -4.926063e+00 6.345451e+00 4505 1.748007e-02
368513 1.223182e-02 -2.885386e-03 8.254765e-02 -1.373985e-02 8.988867e-04 1.701421e+01 -3.553675e+00 -5.778856e+00 1.693166e+01 1549 6.236935e-03
371839 -1.257981e-02 -1.506422e-03 1.809649e-02 1.530979e-02 6.696610e-03 -1.103305e+00 6.985756e+00 1.457599e+01 -1.121401e+00 3608 1.292889e-02
372725 -4.456435e-03 6.869531e-04 1.534546e-01 4.771381e-03 -5.853167e-04 3.118424e-01 3.721297e+00 1.230005e+00 2.115210e+01 4719 2.200655e-02
373052 -1.168193e-03 -1.370727e-03 1.354619e-01 -5.056050e-03 -1.734854e-03 3.455311e-01 5.149850e+00 2.718811e+00 3.363568e+01 5519 2.122819e-02
373282 9.082852e-03 8.703953e-03 9.249958e-02 -8.640931e-03 -1.164188e-02 2.778579e+01 1.773278e+00 -7.797185e+00 2.769329e+01 7336 2.670214e-02
374130 -2.928508e-03 8.994043e-06 1.353547e-01 1.626032e-02 -1.237450e-02 5.749341e-01 -7.245836e-01 -7.866703e-01 1.719534e+01 3593 1.439013e-02
376754 1.499715e-03 4.112027e-03 1.960626e-01 -2.108040e-03 -2.211150e-03 1.395048e+00 -1.053953e+00 4.027712e+00 1.785503e+01 2125 1.349956e-02
376848 -7.039430e-03 -5.984215e-03 1.720485e-01 -1.916273e-03 1.706396e-03 3.873052e+00 -5.786675e+00 -3.576064e+00 1.273135e+01 3453 1.785461e-02
376862 1.342077e-02 -8.405805e-03 1.515926e-01 2.668265e-02 -1.539035e-02 1.525444e+00 1.270239e+01 -6.499893e+00 3.033096e+01 1469 6.794381e-03
377284 -9.718827e-03 7.923929e-03 1.074576e-01 1.375887e-02 -1.004526e-02 3.554443e+01 1.085217e+01 -5.535248e+00 3.543698e+01 6096 2.190465e-02
377326 2.476441e-02 1.267396e-02 6.806485e-02 5.782293e-02 3.232203e-02 6.088367e-02 9.580879e+00 6.250187e+00 -4.290408e+00 1950 7.447950e-03
377500 -1.777298e-02 -4.892550e-03 1.676065e-01 1.645982e-03 3.856875e-04 1.319196e+00 1.062896e+01 2.933158e+00 1.812864e+01 2495 1.372481e-02
378305 8.964730e-03 -8.952406e-03 8.753435e-02 -1.741042e-02 1.389094e-02 3.485249e+01 -2.334232e+01 1.343483e+01 3.476496e+01 4988 1.693571e-02
378677 4.181772e-03 2.768848e-02 6.697192e-02 -1.452231e-02 -2.986129e-02 9.950985e-02 -2.215499e+00 8.531285e+00 3.431724e+00 1141 6.282118e-03
378761 -1.953067e-03 3.731096e-03 1.237977e-01 -4.836545e-03 1.546178e-02 2.084217e-01 6.532621e-01 -5.594659e-01 2.728883e+01 1540 6.193889e-03
380811 8.889361e-03 3.822670e-04 1.473479e-01 1.774830e-02 6.950065e-04 1.075315e+00 -2.674194e+00 -1.258197e-01 2.857194e+01 1938 9.166433e-03
380989 -1.146786e-03 5.526377e-04 1.340844e-01 6.601168e-03 -7.441401e-03 2.310796e-01 1.381993e+00 -1.108292e+00 3.092232e+01 3154 1.266589e-02
382181 2.644705e-02 -4.247134e-03 6.593605e-02 2.152751e-02 -4.057465e-03 -3.389411e-03 -4.093753e+01 7.020370e+00 -1.121368e+01 6997 2.666944e-02
382638 -6.585665e-03 2.039072e-03 1.483508e-01 7.715753e-04 3.369267e-03 6.928161e-01 4.194670e+00 -7.179748e-01 3.999476e+00 9447 7.528051e-02
383068 -1.915106e-03 2.803093e-03 1.310295e-01 2.245663e-03 -3.022982e-03 2.093618e-01 3.752619e+00 -2.474281e+00 1.045516e+01 9407 3.926347e-02
383829 -8.086669e-03 9.549829e-03 1.573530e-01 -9.761976e-03 1.048313e-02 9.334409e-01 -5.326885e-01 -4.578788e-01 1.711640e+01 2238 1.218674e-02
383842 -2.771382e-02 7.715508e-03 6.876770e-02 -4.000664e-02 1.540145e-02 6.819732e-02 -2.506017e+01 1.637661e+01 -1.272878e+00 1301 5.203675e-03
384795 -8.205062e-03 -1.696465e-03 1.409353e-01 -1.175292e-02 -2.452996e-03 2.700481e-01 6.650072e+00 1.378123e+00 2.906478e+01 3900 1.552527e-02
385378 3.947752e-04 -1.074523e-02 1.430069e-01 5.863373e-04 2.345926e-03 9.907946e-01 1.031208e-01 -7.567053e+00 1.491741e+01 4089 1.748797e-02
386846 -1.629514e-02 1.588145e-02 1.877143e-01 5.287922e-03 -1.855480e-03 2.735083e-01 9.425831e+00 -9.450825e+00 2.071119e+01 1935 1.184415e-02
387706 -2.053135e-02 1.130884e-03 1.879174e-01 -2.250159e-02 3.974226e-04 6.512613e-01 -1.354022e+00 -1.342776e+00 3.010380e+01 4023 1.841671e-02
388061 -2.907749e-03 -1.225320e-02 9.248417e-02 3.466989e-03 1.913894e-02 3.108019e+01 1.411930e+00 1.874524e+01 3.098770e+01 2017 7.176289e-03
388607 3.431287e-03 1.722307e-03 1.408024e-01 3.785084e-03 9.197634e-04 2.299148e-01 -2.720127e+00 -1.209720e+00 1.960030e+01 3543 1.394803e-02
389295 -4.637798e-03 1.168226e-02 8.255301e-02 6.400419e-03 -1.450000e-02 1.245165e+01 4.711698e+00 -7.285549e+00 1.236910e+01 3278 1.174741e-02
389683 -1.136982e-02 5.573393e-03 1.025329e-01 1.158252e-02 -5.493923e-03 1.744452e+01 -5.598653e-02 5.465315e-01 1.734199e+01 3151 1.159532e-02
390065 -1.151068e-02 -9.746480e-03 1.261022e-01 -1.758478e-02 -1.563155e-02 1.114525e+00 5.817126e+00 4.878229e+00 6.526536e+00 3610 1.601639e-02
390229 -5.481341e-03 -1.076659e-02 1.991030e-01 -7.803573e-03 -1.355765e-02 3.426015e+00 -6.226951e-01 8.829138e-02 2.695769e+01 1984 1.098011e-02
390312 9.068350e-03 8.818527e-03 1.807172e-02 -1.139474e-02 -1.112835e-02 1.197612e+00 -6.048434e+00 -6.016060e+00 1.179540e+00 7678 2.751670e-02
391771 2.648281e-02 1.266687e-02 6.498354e-02 2.829896e-02 2.246361e-02 4.194177e-02 -2.128345e+01 -1.171024e+01 -5.001082e+00 3228 1.274984e-02
392210 -7.529979e-03 -1.894851e-03 1.326768e-01 1.672933e-02 2.588086e-04 5.758125e-01 -2.747808e+00 -1.124351e+00 1.750062e+01 8537 3.321259e-02
393513 -8.520192e-03 9.365760e-03 1.804248e-02 1.143945e-02 -1.256860e-02 -5.315154e+00 7.755057e+00 -8.507346e+00 -5.333197e+00 1765 5.963168e-03
393780 1.090438e-03 4.436940e-03 1.345784e-01 -3.482001e-05 -7.787573e-04 3.452441e-01 -2.845211e+00 -9.900686e+00 2.997517e+01 2967 1.197083e-02
393946 2.616071e-02 -1.110326e-03 6.696054e-02 3.152716e-02 -1.884504e-03 6.445256e-02 1.519148e+01 -2.332512e+00 -7.795081e+00 7704 2.873968e-02
394380 -5.532486e-03 2.028767e-02 1.559874e-01 6.733104e-03 -2.865410e-02 7.229563e-01 -8.266632e-01 9.705893e-01 2.379457e+01 2038 9.958293e-03
394871 2.167050e-03 -8.844457e-03 1.422500e-01 -1.507103e-03 1.086835e-02 2.823324e-01 1.203505e+00 2.001790e+00 1.736063e+01 3925 1.724594e-02
394901 6.472130e-03 -1.564236e-02 1.689329e-01 -8.521176e-03 1.331379e-02 2.156271e+00 1.061953e+00 4.752774e+00 1.590629e+01 7744 3.165288e-02
394996 4.686140e-03 -2.342084e-03 1.423798e-01 -3.486725e-03 1.621100e-04 1.551108e+00 -3.512948e+00 6.010791e+00 2.125585e+01 5156 1.995720e-02
395267 -4.933063e-03 -2.695958e-03 1.303809e-01 -2.093293e-02 -1.736831e-02 2.077097e-01 3.780016e+00 2.296623e+00 1.973630e+01 2865 1.378220e-02
398595 -5.388083e-03 -9.577203e-04 1.526862e-01 3.863563e-04 2.862247e-03 4.414982e-01 -4.078573e+00 -1.920195e+00 2.227056e+01 2556 1.234992e-02
399864 2.322878e-02 -5.509506e-03 1.634039e-01 -1.511239e-02 2.747810e-03 1.173159e+00 1.202348e+01 -2.978200e+00 1.452067e+01 14443 5.556019e-02
405973 1.001151e-02 -7.890796e-03 1.751549e-01 8.891441e-03 -9.228845e-03 4.573548e+00 -2.796282e+00 -1.347927e+00 1.851449e+01 2964 1.553271e-02
406077 -7.397139e-03 -2.250328e-02 1.961240e-01 -3.188055e-03 -1.567483e-02 4.244667e+00 -3.948693e+00 -1.009398e+01 2.518846e+01 11700 4.830307e-02
408015 5.391634e-03 -1.219280e-05 1.267065e-01 -2.014156e-03 2.737545e-03 2.251320e-01 -1.042387e+01 -8.173577e+00 1.391450e+01 4847 2.152715e-02
409711 -4.829398e-03 4.173028e-03 1.990260e-01 -5.912840e-03 3.763477e-03 1.935229e+01 -8.327259e-01 -1.041960e+00 2.533404e+01 2415 1.223110e-02
410206 1.244785e-02 2.169461e-03 9.252063e-02 -1.489108e-02 -2.574677e-03 1.942464e+01 -6.183281e+00 -1.019447e+00 1.933212e+01 8612 3.084413e-02
410874 2.201870e-02 -1.548184e-02 1.713660e-01 2.248712e-02 -1.955141e-02 5.333833e-01 -5.553577e+00 1.970573e+00 2.203527e+01 2868 1.401953e-02
411881 -3.336859e-03 -1.053951e-03 1.363461e-01 1.315988e-02 -3.568954e-04 3.613530e-01 1.351004e+00 -7.807826e-01 2.300416e+01 3252 1.357723e-02
412195 -1.296952e-03 4.390699e-03 1.704969e-01 4.418388e-03 -3.646577e-03 3.222261e+00 -1.836051e+00 3.629230e+00 3.535391e+01 3785 1.590934e-02
412882 -5.907268e-03 -8.132922e-03 1.553902e-01 -7.746815e-03 -7.204983e-03 1.655991e+00 -1.632435e+00 2.195143e+00 1.008140e+01 1611 1.047616e-02
412934 4.338078e-03 -2.016213e-02 1.769679e-01 -8.082842e-03 2.487215e-02 5.231565e-01 1.132604e+00 2.128873e+00 6.875693e+00 4457 3.910307e-02
413039 1.166849e-02 -4.772493e-03 7.753774e-02 -1.534713e-02 6.294716e-03 1.051825e+01 -9.718520e+00 4.024754e+00 1.044071e+01 6939 2.479301e-02
414273 3.720758e-03 3.029449e-03 1.278871e-01 3.411209e-03 -1.223355e-03 2.737319e-01 -6.522636e+00 -2.036488e+00 2.323283e+01 2514 1.065574e-02
414698 5.281405e-03 -1.402759e-03 1.457912e-01 1.097291e-02 -9.316117e-03 2.137324e-01 3.761974e-01 -2.459944e+00 3.369723e+01 6839 2.750783e-02
415479 1.011658e-02 -1.816565e-02 1.486468e-01 -9.177768e-03 2.191732e-02 6.614866e-01 3.398892e+00 -3.742133e+00 1.320122e+01 2990 1.361850e-02
416276 -5.490890e-04 3.776142e-03 1.274645e-01 -3.511640e-03 -6.927040e-05 2.853616e-01 -6.463137e+00 6.232906e+00 1.967829e+01 4061 1.558243e-02
416661 1.268886e-02 -5.830742e-05 1.024551e-01 -1.636600e-02 2.410884e-03 4.996122e+00 -9.655300e+00 6.642996e+00 4.893666e+00 1973 7.725537e-03
417336 -1.541593e-02 -9.810361e-03 1.627060e-01 6.057977e-03 9.495245e-04 2.981680e+00 8.656516e+00 5.874899e+00 1.548052e+01 6418 2.799209e-02
418643 -1.143539e-02 -5.420512e-03 1.802413e-02 1.071162e-02 4.963268e-03 1.746580e+01 -2.705460e+00 -1.604965e+00 1.744778e+01 2092 7.169214e-03
419162 7.251307e-03 -2.561266e-02 1.854669e-01 7.900501e-04 6.346210e-03 1.337398e+00 4.338882e+00 -1.547968e+01 2.821971e+01 2096 1.104859e-02
420261 -1.248488e-02 2.024914e-03 1.804761e-02 1.206675e-02 2.091569e-05 1.774245e+01 -1.902636e+00 5.896755e+00 1.772440e+01 2209 8.086742e-03
421298 1.147429e-02 1.599612e-03 1.333166e-01 -2.179453e-02 -1.601518e-03 5.169717e-01 7.564062e-01 5.632388e-01 9.785071e+00 5788 2.343885e-02
421940 5.494801e-03 7.768593e-03 1.414835e-01 6.525149e-03 9.188440e-03 2.974618e-01 8.965862e-01 1.213941e+00 1.007732e+01 1931 1.144704e-02
422111 -4.353391e-03 6.391558e-04 1.437395e-01 1.272985e-02 -5.955420e-03 5.015314e-01 2.232202e+00 -2.055263e+00 3.863749e+01 4032 1.571475e-02
423563 1.267534e-02 2.259879e-04 1.804631e-02 -1.636226e-02 -8.634821e-04 5.793212e+00 -9.683709e+00 -1.787955e+00 5.775166e+00 5975 2.076086e-02
424469 -2.737104e-03 -1.236151e-02 8.763196e-02 2.826999e-03 1.639640e-02 6.678505e+00 9.582354e-02 1.068491e+01 6.590873e+00 2798 1.032684e-02
425384 -4.282828e-04 -5.522559e-04 1.351639e-01 -4.175301e-03 3.046179e-03 3.077055e-01 1.589314e-01 4.032098e-01 4.830566e+01 2210 8.521492e-03
426499 2.749589e-03 -1.234190e-02 1.024842e-01 -5.397631e-03 1.453102e-02 3.448207e+01 -7.322234e+00 5.471479e+00 3.437959e+01 5569 2.001258e-02
426826 -6.346742e-03 2.312969e-03 1.436461e-01 1.396144e-02 -3.753059e-03 7.228526e-01 1.520481e-01 3.655126e-01 2.372787e+01 1756 7.870236e-03
426933 1.195970e-02 1.094155e-02 1.655981e-01 -1.723650e-03 -4.753349e-03 2.234347e-01 -7.191886e+00 -5.897864e+00 1.203345e+01 8524 3.455848e-02
429810 7.695127e-04 -8.977575e-04 1.470562e-01 5.166958e-03 1.397995e-04 4.696196e-01 2.288384e+00 -5.640758e-01 3.391791e+01 1706 7.788694e-03
430202 -1.909827e-03 -3.779939e-03 1.319435e-01 -1.079119e-02 1.614855e-02 4.049110e-01 1.581948e+00 -6.667976e+00 2.199901e+01 8967 3.498506e-02
433228 1.810874e-02 1.512501e-02 6.990854e-02 2.564640e-02 2.501163e-02 7.078577e-02 1.507936e+01 2.042117e+01 1.935812e+00 2379 8.755393e-03
433418 1.233223e-02 -2.845721e-03 7.752255e-02 -2.145807e-02 6.417916e-03 1.913276e+01 -2.506930e+01 9.927542e+00 1.905524e+01 2669 9.585631e-03
433566 3.672174e-03 5.399988e-03 1.408050e-01 6.778081e-03 7.017333e-03 1.064750e+00 1.562996e+00 1.150496e-01 2.023725e+01 3114 1.252679e-02
435219 -1.486343e-03 -6.391627e-04 1.273131e-01 -4.753584e-03 -3.063960e-03 2.195373e-01 -9.204792e-02 -2.612059e-01 3.565414e+01 3268 1.220644e-02
435546 2.567159e-03 -4.337025e-03 1.714343e-01 -2.428913e-03 4.823876e-03 1.646654e+00 7.059382e-01 -7.786853e-01 1.778403e+01 2358 1.241525e-02
436261 2.229667e-03 -8.342774e-04 1.378449e-01 -1.663560e-03 2.567101e-03 4.428234e-01 1.372195e+00 -5.529019e-01 2.718200e+01 3260 1.295392e-02
437355 9.651336e-04 -5.043225e-04 1.268514e-01 -6.207725e-04 1.069065e-03 2.738571e-01 -3.780865e+00 -6.169132e+00 2.010082e+01 5460 2.127871e-02
437577 1.624749e-02 1.926871e-02 6.791429e-02 2.814149e-02 4.514619e-02 6.260635e-02 5.348154e+00 1.490423e+01 -4.264425e+00 1811 6.679340e-03
437678 -1.263083e-03 -6.227518e-03 1.388347e-01 3.669217e-03 1.161442e-02 3.292049e-01 5.076187e+00 1.110796e+01 2.420731e+01 4463 1.838593e-02
437768 1.047345e-03 1.252537e-02 1.124443e-01 -9.229084e-04 -1.242286e-02 2.794356e+01 4.120635e-01 1.013290e+00 2.783112e+01 9766 3.451044e-02
437824 -1.051086e-02 2.368038e-02 7.031752e-02 -1.932787e-02 3.742305e-02 7.268718e-02 -1.458266e+01 2.206195e+01 4.257015e+00 2596 1.017713e-02
439307 -1.171921e-02 4.770404e-03 1.024757e-01 1.401814e-02 -7.021643e-03 3.237326e+01 5.817703e+00 -6.084451e+00 3.227079e+01 2217 8.176838e-03
440826 8.634419e-03 9.300942e-03 9.243741e-02 -1.234747e-02 -1.143417e-02 2.918018e+01 -9.991018e+00 -5.489275e+00 2.908774e+01 3401 1.253699e-02
441380 -8.237047e-03 2.639651e-02 6.899813e-02 -2.600856e-02 7.150855e-02 6.981997e-02 3.333323e+00 -1.142455e+01 2.448537e-01 9850 3.738612e-02
441521 7.992040e-03 3.394236e-03 1.477660e-01 -8.772079e-03 -6.664012e-03 3.475174e-01 4.702004e+00 1.965512e+00 1.808068e+01 5257 2.268751e-02
442431 -1.071468e-03 1.904130e-03 1.313603e-01 -7.234189e-04 1.775617e-03 5.414086e-01 2.682676e+00 -1.022991e+00 2.744572e+01 1660 7.126761e-03
442972 -1.075396e-02 -6.652615e-03 8.748264e-02 1.355215e-02 6.810618e-03 3.231962e+01 7.283952e+00 6.200935e-02 3.223213e+01 7660 2.699074e-02
443110 -3.177710e-03 -2.917903e-03 1.341721e-01 -1.216910e-02 -4.934364e-03 2.634738e-01 7.214944e+00 4.089547e+00 2.349761e+01 10242 3.851904e-02
443394 -1.050839e-02 1.255466e-03 1.312879e-01 3.177158e-02 -1.399540e-02 1.810984e-01 -2.829046e+00 -8.074509e-01 1.968260e+00 2923 1.335076e-02
444098 -2.120400e-03 -5.861551e-03 1.336186e-01 2.056559e-05 -6.359042e-03 2.368055e-01 -2.571210e+00 -3.412145e-01 3.593142e+00 8296 3.310713e-02
444957 1.981993e-03 1.354584e-03 1.269378e-01 1.527692e-03 -3.481457e-03 2.024076e-01 4.517909e+00 -2.405643e+00 9.206622e+00 3682 1.509926e-02
444988 1.094216e-02 7.915574e-03 1.303573e-01 3.237146e-02 1.299522e-02 1.950668e-01 -1.308709e+01 -7.458973e+00 1.885120e+00 16079 6.167167e-02
445148 3.600048e-03 3.232416e-03 1.307993e-01 2.568030e-02 6.602797e-04 2.463736e-01 -5.378855e+00 -2.055700e+00 2.643607e+01 2661 1.134457e-02
445182 -2.484248e-03 -1.389713e-03 1.354048e-01 7.275679e-03 1.208270e-02 5.303430e-01 -2.324125e+00 -2.194471e+00 3.371635e+01 4184 1.646842e-02
445328 -7.353795e-03 -1.075572e-02 1.311200e-01 1.607491e-02 4.151238e-03 3.458430e-01 -1.302266e+01 -9.999431e+00 1.642596e+01 3202 1.367018e-02
445524 -1.987981e-02 -2.562572e-03 1.295165e-01 -3.327985e-02 -5.122619e-05 6.135575e-01 5.555542e+00 1.605884e+00 6.313511e+00 4878 2.023432e-02
446380 8.790741e-04 -6.132776e-03 1.348430e-01 -4.376740e-03 -3.485840e-02 2.127661e-01 -1.888536e+00 -6.340448e+00 3.451750e+01 2403 9.671089e-03
446845 1.218212e-02 3.465511e-03 1.807136e-02 -1.311678e-02 -2.282633e-03 -6.388453e+00 -1.936708e+00 3.542027e+00 -6.406525e+00 2287 8.086215e-03
447019 4.963118e-03 1.306586e-02 1.272700e-01 -1.255204e-03 7.337887e-03 -3.398816e-01 7.927890e+00 8.447149e+00 -2.262094e+00 7175 2.904205e-02
447375 2.764317e-03 -2.672337e-03 1.430564e-01 -5.468982e-03 -6.166321e-04 5.201644e-01 4.767469e+00 -1.734143e+00 2.874240e+01 2727 1.142213e-02
450335 -5.136974e-03 -4.385748e-03 1.289255e-01 -5.497000e-04 -8.618088e-03 2.098918e-01 5.301404e+00 1.067011e+01 1.306597e+01 2379 9.704941e-03
451067 1.816021e-03 1.102546e-04 1.329591e-01 3.838093e-03 9.973644e-03 4.821854e-01 -1.996468e+00 -2.266083e+00 1.778100e+01 2484 1.076159e-02
451183 -2.170900e-03 8.493171e-04 1.530576e-01 -8.264871e-04 -1.921883e-04 3.111500e-01 1.324681e+00 -5.050546e-01 4.112221e+01 2502 1.022611e-02
452043 -7.062936e-03 -1.509311e-03 1.407339e-01 7.846376e-05 1.369211e-03 2.114172e-01 4.474818e+00 6.494156e-01 1.454443e+01 1388 9.594627e-03
452290 1.095842e-02 6.367183e-03 1.809989e-02 -1.489444e-02 -1.078725e-02 -9.203752e+00 -1.048667e+01 -1.211944e+01 -9.221852e+00 700 2.347475e-03
452653 -1.004661e-03 9.682788e-03 1.788834e-01 5.017693e-03 9.594462e-03 2.600084e+00 7.577802e-01 -5.520907e+00 3.857241e+01 2605 1.163431e-02
453213 -1.975967e-03 -2.410173e-03 1.413244e-01 1.448015e-02 8.150380e-04 5.299133e-01 3.113057e+00 -1.354850e+00 4.033043e+01 4961 1.962477e-02
453700 1.106103e-02 6.980450e-04 1.548938e-01 7.155911e-03 1.270359e-03 2.195236e+00 6.520885e+00 -6.790698e-01 1.732773e+01 1398 8.837428e-03
456478 -3.401749e-03 -2.579653e-02 1.643434e-01 -5.688613e-03 -1.532281e-02 2.780104e+00 -3.830497e-03 -1.217392e+01 1.623805e+01 8656 3.750683e-02
458339 1.069930e-02 -1.089351e-02 1.421984e-01 -6.661592e-03 6.401994e-03 2.238773e+00 7.916704e+00 -7.989658e+00 1.605862e+01 2099 9.843389e-03
459477 -8.927843e-03 -6.642751e-03 1.556663e-01 7.946879e-03 3.352548e-03 8.080570e-01 2.353926e+00 4.917797e+00 1.799943e+01 1683 8.734181e-03
459783 -1.532052e-02 2.125286e-02 1.696919e-01 -1.599403e-02 2.318630e-02 2.820841e+00 1.104446e+00 -2.869499e-01 1.977585e+01 6051 2.410607e-02
462382 5.283607e-04 -3.035930e-03 1.481836e-01 1.989534e-03 -6.655920e-04 6.275225e-01 -2.484013e+00 4.017032e+00 2.258175e+01 2287 1.020140e-02
462513 2.859901e-02 -3.916612e-03 7.025999e-02 3.162313e-02 2.491884e-04 9.001269e-02 -2.393401e+01 2.402425e+00 4.202698e+00 4011 1.439807e-02
462617 -1.082578e-02 1.856353e-02 1.670262e-01 -6.575003e-03 8.580586e-03 2.066277e+00 -5.585329e+00 1.004282e+01 1.455415e+01 11215 4.568728e-02
462919 -1.203896e-03 -1.293348e-03 1.270663e-01 -3.120112e-03 -2.420239e-03 2.720236e-01 -8.731148e-01 -8.935307e-01 1.336847e+01 4700 1.919907e-02
463022 1.966907e-03 -7.707568e-03 1.525785e-01 -3.135615e-03 1.012202e-02 1.507189e+00 -3.911738e+00 7.907334e+00 3.630269e+01 4888 1.842526e-02
463697 -7.692326e-03 -1.897217e-02 1.648268e-01 4.284814e-03 2.325350e-02 3.318952e-01 -3.757003e+00 -3.535988e+00 1.819485e+01 2145 1.225345e-02
465162 2.459679e-03 -1.002005e-03 1.353673e-01 -2.286114e-02 1.298841e-02 4.211713e-01 -3.606624e-01 4.439655e-01 2.680201e+01 7588 3.013748e-02
466343 -2.711550e-03 1.238715e-02 1.026369e-01 5.511685e-03 -1.296395e-02 1.020179e+01 7.754114e+00 -9.138190e-01 1.009915e+01 5809 2.421308e-02
467560 -6.324181e-03 -1.150434e-02 1.343481e-01 -3.937044e-03 -7.912888e-03 4.101469e-01 5.532273e+00 1.030680e+01 1.375701e+01 4554 1.930024e-02
467723 2.836233e-02 -6.310523e-03 7.076951e-02 5.470312e-02 -1.814995e-02 7.818290e-02 1.080135e+01 -6.286540e+00 5.435762e+00 1811 7.384440e-03
467766 -1.083467e-02 -6.602395e-03 1.801790e-02 1.545344e-02 6.503022e-03 -2.467339e+00 1.242270e+01 -6.622116e-01 -2.485357e+00 8964 3.256333e-02
468140 3.097570e-03 -4.463510e-03 1.284170e-01 1.540434e-02 -6.399524e-03 2.096914e-01 1.231941e+00 1.489198e+00 3.085444e+01 2928 1.117757e-02
470085 -8.803955e-04 6.740792e-03 1.458345e-01 -1.154913e-02 1.742588e-02 3.578082e-01 2.935439e+00 -7.837674e+00 4.445245e+01 1775 7.136384e-03
470197 1.545078e-02 -1.100825e-03 1.497577e-01 -1.355258e-02 -2.765779e-03 4.016069e-01 1.419185e+01 8.595102e-02 2.009072e+01 3735 1.610781e-02
470427 6.830345e-03 1.348562e-02 1.311538e-01 9.883674e-03 3.480860e-02 1.536728e-01 -6.551904e-01 5.446494e+00 1.246581e+01 2773 1.671255e-02
471580 7.130047e-03 -1.645667e-02 1.483962e-01 5.760913e-03 -1.270511e-02 1.114372e+00 2.948114e+00 -7.776946e+00 1.647209e+01 1983 9.651091e-03
472424 4.367683e-03 -4.144919e-03 1.274570e-01 2.004940e-02 -4.237374e-03 2.624432e-01 -1.023567e+01 4.387837e+00 2.517817e+01 4284 1.675609e-02
472599 -5.212404e-03 2.936709e-03 1.334119e-01 6.539918e-03 -1.103798e-02 3.691596e-01 -3.300812e+00 2.051871e+00 2.095123e+01 4417 1.564581e-02
473041 -1.058320e-02 -6.845504e-03 1.125363e-01 1.107162e-02 8.036153e-03 1.131993e+01 7.684062e-01 2.968236e+00 1.120739e+01 2829 1.281813e-02
473559 -3.817192e-03 -1.969602e-03 1.325244e-01 -1.385215e-02 -1.026087e-02 2.052633e-01 -3.265629e+00 -3.046757e+00 4.006946e+01 11295 4.035788e-02
475400 7.463392e-04 -2.116230e-02 6.517439e-02 1.238481e-03 -3.389131e-02 5.787278e-02 8.998961e-03 3.013126e-01 -4.122198e+00 4757 2.305564e-02
476042 2.700009e-02 -1.164712e-02 7.112941e-02 3.170041e-02 -1.174548e-02 7.176757e-02 1.435917e+01 2.428904e-01 2.140700e+00 1625 7.097025e-03
476066 -1.947068e-02 2.664042e-03 1.632588e-01 -2.122835e-03 2.309871e-03 4.161253e+00 1.245934e+01 -2.054851e+00 1.763088e+01 1815 1.011290e-02
476330 8.875973e-03 8.922728e-03 1.024731e-01 -1.108333e-02 -1.070023e-02 -2.151228e+00 -5.723269e+00 -4.506160e+00 -2.253701e+00 8783 3.412195e-02
477432 6.284162e-03 7.456768e-03 1.466683e-01 6.699253e-04 3.957866e-03 8.046953e-01 5.984958e+00 4.349234e+00 1.517603e+01 10896 4.243753e-02
478304 4.139044e-03 1.442690e-02 1.694761e-01 4.295871e-03 -1.442387e-03 8.357477e-01 -6.380192e+00 -1.161852e+01 3.196116e+01 2142 1.001629e-02
479314 -5.118350e-03 -1.161493e-02 8.741719e-02 5.293095e-03 1.462083e-02 2.488279e+01 1.979528e-01 7.821031e+00 2.479537e+01 1792 6.712851e-03
481224 1.265351e-02 2.425265e-04 1.075593e-01 -1.303190e-02 -8.508626e-04 1.604208e+01 -3.379022e-01 -1.704624e+00 1.593452e+01 3786 1.518814e-02
481772 2.342888e-03 7.238186e-04 1.336617e-01 -5.507946e-03 4.679519e-03 2.583224e-01 -1.599633e+00 -2.718312e-01 3.552354e+01 8278 2.970069e-02
482110 -8.858907e-03 1.738957e-02 1.720536e-01 -1.348280e-02 1.765016e-02 4.874117e-01 -5.832517e-01 -4.026479e+00 1.936435e+01 3419 1.558178e-02
482511 2.765492e-03 -1.230324e-02 1.074065e-01 -2.276693e-03 1.455702e-02 1.665500e+01 1.540711e+00 5.656418e+00 1.654759e+01 1374 5.212061e-03
483143 1.096037e-03 1.532513e-03 1.349426e-01 -7.934722e-03 -9.847859e-03 3.254779e-01 -5.256498e+00 -6.353933e+00 2.227023e+01 10580 3.957458e-02
484388 -7.345353e-03 -9.834457e-03 1.791317e-01 8.945256e-03 1.283535e-02 6.906652e+00 -9.762560e-01 -8.358835e-01 3.339031e+01 8059 3.170300e-02
484615 1.071153e-03 1.096258e-03 1.358421e-01 3.902169e-03 -1.211406e-03 2.946131e-01 -1.600498e+00 -4.156680e-01 3.244214e+01 1681 7.251163e-03
484710 -1.005779e-02 -2.511707e-02 6.659603e-02 4.673621e-03 3.910593e-02 6.197063e-02 5.814675e+00 1.312357e+01 -1.160992e+00 3165 1.524854e-02
485987 -2.582624e-03 1.552190e-03 1.427980e-01 1.814230e-04 -1.219356e-05 7.180821e-01 -1.550829e+00 9.314384e-01 2.216645e+01 2827 1.272912e-02
486113 -4.035750e-03 -1.198902e-02 1.075032e-01 5.336941e-03 1.468112e-02 4.811689e+00 3.442875e+00 6.912876e+00 4.704185e+00 3795 1.715268e-02
486171 2.640486e-02 -5.531061e-03 6.987827e-02 3.145147e-02 -1.942075e-02 7.145310e-02 -8.501290e+00 -1.804796e+00 6.759769e-01 3618 1.880713e-02
486321 5.565472e-03 -1.130434e-02 1.125207e-01 -6.198205e-03 1.216365e-02 2.890322e+01 -1.466002e+00 1.774520e+00 2.879070e+01 1809 8.267488e-03
486547 5.364005e-03 4.717367e-03 1.329778e-01 1.600508e-02 7.845459e-03 5.098798e-01 3.995310e+00 3.392196e-01 2.291728e+01 1829 8.231996e-03
486576 -1.074724e-02 1.784467e-02 1.681431e-01 -6.888076e-04 -2.330610e-04 6.165778e-01 -8.479394e+00 1.488597e+01 3.363435e+01 4790 1.899864e-02
488185 -1.224413e-02 -2.571710e-03 1.024972e-01 1.692461e-02 3.822884e-03 4.247781e+01 1.251558e+01 3.386159e+00 4.237531e+01 1884 6.144397e-03
488294 1.267497e-02 4.132580e-04 1.804736e-02 -1.489468e-02 4.478886e-03 6.585596e+00 -5.538656e+00 1.384488e+01 6.567548e+00 1533 5.524849e-03
488545 2.521059e-03 -1.123012e-02 1.706071e-01 -2.036118e-03 9.193691e-03 5.808604e+00 -1.386856e+00 5.865384e+00 2.460326e+01 1915 9.030557e-03
489881 -7.522724e-03 -3.800893e-03 1.614027e-01 -6.200255e-03 -6.303472e-03 3.552336e-01 -3.022085e+00 -4.588742e-01 1.527567e+01 1733 1.053856e-02
490453 3.664314e-03 3.810681e-03 1.752902e-01 3.664844e-03 3.806622e-03 1.172637e+00 -1.724442e-01 1.337658e+00 3.367575e+01 2447 1.177095e-02
491557 -3.610204e-04 4.358603e-03 1.998172e-01 2.213430e-03 -5.327085e-03 3.144931e+00 -2.931117e-01 2.802131e+00 2.940535e+01 4138 1.885138e-02
492636 3.348840e-03 -1.222607e-02 8.264255e-02 -2.487959e-03 1.442904e-02 1.549786e+01 2.625598e+00 5.517301e+00 1.541522e+01 3215 1.138463e-02
493372 -9.858833e-03 7.987572e-03 1.805998e-02 1.168835e-02 -5.805855e-03 -7.039737e+00 4.599036e+00 6.625165e+00 -7.057797e+00 1200 4.428601e-03
493533 -9.506075e-03 -8.385280e-03 8.263374e-02 1.623875e-02 1.336354e-02 1.931852e+01 1.847154e+01 1.357983e+01 1.923589e+01 1844 6.502682e-03
494327 -6.214692e-03 -1.090422e-03 1.468721e-01 4.872169e-03 6.662487e-04 1.488382e+00 5.466202e+00 1.690150e+00 2.601002e+01 2385 1.035749e-02
494806 2.170586e-02 -1.106103e-02 6.512831e-02 2.888896e-02 -1.259899e-02 6.277459e-02 2.316720e+01 -4.649050e+00 -7.978146e+00 2042 8.302019e-03
495587 -1.154122e-02 4.961985e-03 7.754309e-02 1.449778e-02 -7.279931e-03 1.937299e+01 7.685880e+00 -6.261838e+00 1.929545e+01 6168 2.199380e-02
495963 1.055834e-02 -1.421259e-02 1.351431e-01 -2.541030e-02 3.162448e-02 2.808063e-01 -3.896626e+00 4.048421e+00 1.591759e+01 3160 1.388624e-02
496190 4.185466e-03 -3.512777e-04 1.677104e-01 6.316343e-04 -7.651271e-04 2.153326e-01 -2.666259e+00 -3.454916e-02 2.340109e+01 2306 1.373316e-02
496286 4.138593e-03 3.576047e-03 1.929485e-01 -1.316187e-03 -9.195762e-04 3.283939e+00 -2.334217e+00 -2.063739e+00 6.456845e+00 7064 4.434122e-02
497281 1.811842e-02 -4.015586e-03 1.952532e-01 1.871643e-02 -5.667823e-03 1.242196e+01 -6.538335e+00 1.011878e+00 3.565481e+01 1758 1.033353e-02
497659 1.309155e-02 2.658141e-03 1.542571e-01 -1.166512e-03 2.729647e-05 2.642901e+00 -7.859112e+00 -1.630477e+00 1.487386e+01 3867 1.634602e-02
499737 4.200717e-03 1.186331e-02 9.254405e-02 -5.416974e-03 -1.195963e-02 1.979686e+01 -3.193393e+00 4.133361e-01 1.970431e+01 1349 4.549704e-03
499928 -2.794633e-04 1.129557e-03 1.271302e-01 4.358702e-03 -8.177918e-03 2.291894e-01 -1.964790e+00 3.220667e+00 1.776001e+01 2130 8.621353e-03
