
Currently Loaded Modules:
  1) intel/19.0.5-fasrc01    3) fftw/3.3.8-fasrc01     5) Anaconda3/2019.10
  2) openmpi/4.0.2-fasrc01   4) cmake/3.12.1-fasrc01   6) python/3.7.7-fasrc01

 

 Activating environment at `~/JuliaTest/Project.toml`
Mean dmin: 0.001077
ERROR: LoadError: TaskFailedException:
DomainError with Inf:
sin(x) is only defined for finite x.
Stacktrace:
 [1] sin_domain_error(::Float64) at ./special/trig.jl:28
 [2] sin(::Float64) at ./special/trig.jl:39
 [3] freePropagate at /n/home03/calmiller/DSMC_Simulations/ParticleTracing/ParticleTracing.jl:38 [inlined]
 [4] propagate(::Array{Float64,1}, ::Array{Float64,1}, ::var"#interpolate!#4"{KDTree{StaticArrays.SArray{Tuple{2},Float64,1,2},Euclidean,Float64}}, ::var"#getCollision#5"{Array{Float64,2},Array{Float64,2}}, ::Float64) at /n/home03/calmiller/DSMC_Simulations/ParticleTracing/ParticleTracing.jl:112
 [5] macro expansion at /n/home03/calmiller/DSMC_Simulations/ParticleTracing/ParticleTracing.jl:216 [inlined]
 [6] (::var"#18#threadsfor_fun#7"{var"#generateParticle#8"{Dict{String,Any},Float64},Bool,Float64,var"#interpolate!#4"{KDTree{StaticArrays.SArray{Tuple{2},Float64,1,2},Euclidean,Float64}},var"#getCollision#5"{Array{Float64,2},Array{Float64,2}},Array{Float64,2},UnitRange{Int64}})(::Bool) at ./threadingconstructs.jl:61
 [7] (::var"#18#threadsfor_fun#7"{var"#generateParticle#8"{Dict{String,Any},Float64},Bool,Float64,var"#interpolate!#4"{KDTree{StaticArrays.SArray{Tuple{2},Float64,1,2},Euclidean,Float64}},var"#getCollision#5"{Array{Float64,2},Array{Float64,2}},Array{Float64,2},UnitRange{Int64}})() at ./threadingconstructs.jl:28
Stacktrace:
 [1] wait(::Task) at ./task.jl:267
 [2] macro expansion at ./threadingconstructs.jl:69 [inlined]
 [3] SimulateParticles(::String, ::String, ::Int64, ::var"#generateParticle#8"{Dict{String,Any},Float64}, ::Bool, ::Float64) at /n/home03/calmiller/DSMC_Simulations/ParticleTracing/ParticleTracing.jl:213
 [4] main() at /n/home03/calmiller/DSMC_Simulations/ParticleTracing/ParticleTracing.jl:305
 [5] top-level scope at /n/home03/calmiller/DSMC_Simulations/ParticleTracing/ParticleTracing.jl:323
 [6] include(::Module, ::String) at ./Base.jl:377
 [7] exec_options(::Base.JLOptions) at ./client.jl:288
 [8] _start() at ./client.jl:484
in expression starting at /n/home03/calmiller/DSMC_Simulations/ParticleTracing/ParticleTracing.jl:323
