running....
idx x y z xnext ynext znext vx vy vz collides time
563 -6.743656e-03 -1.074050e-02 1.176074e-01 -Inf -Inf Inf -7.244196e+00 -8.698958e-01 6.437810e+00 2481 1.069037e-02
2560 1.808416e-02 1.557355e-02 6.606449e-02 2.500913e-02 1.796380e-02 6.193713e-02 1.151829e+01 3.975700e+00 -6.865033e+00 3066 1.250640e-02
2579 7.957997e-03 -4.777204e-03 1.580452e-01 3.645416e-02 -2.355964e-02 3.366075e-01 3.138172e+00 -2.068436e+00 1.966438e+01 2575 1.303171e-02
4337 -6.150177e-03 9.170826e-03 1.774178e-01 -2.889483e-01 2.168787e-01 2.037004e+00 -4.778740e+00 3.509860e+00 3.142339e+01 3630 1.589092e-02
6265 2.229171e-02 1.537626e-02 6.945575e-02 7.827783e-02 4.230017e-02 1.032687e-01 8.424484e+00 4.051362e+00 5.087984e+00 1991 9.284991e-03
7706 1.330229e-02 -2.597846e-03 1.568144e-01 1.011854e+00 -1.992796e-01 3.319426e+00 7.470897e+00 -1.471520e+00 2.366181e+01 1045 5.656587e-03
9877 1.201370e-02 3.746003e-03 9.247732e-02 Inf Inf Inf 1.494622e+01 6.826158e+00 3.398781e+01 2477 8.578441e-03
10581 1.149910e-02 -5.313025e-03 1.809638e-02 Inf Inf Inf 1.074455e+01 4.700363e-01 1.013057e+01 1764 6.595379e-03
10591 -1.443091e-03 -2.229840e-03 1.384737e-01 -8.650535e-02 -6.362621e-02 6.563027e-01 -3.849102e+00 -2.778211e+00 2.343197e+01 3866 1.612785e-02
10732 -1.145873e-02 -8.320338e-03 1.531729e-01 -3.800406e-01 -1.921054e-01 9.980924e-01 -7.966667e+00 -3.972400e+00 1.826241e+01 5086 2.093444e-02
11785 -1.135549e-02 5.411655e-03 1.075353e-01 -Inf Inf Inf -7.932820e+00 2.191165e+00 1.871825e+01 4623 1.779318e-02
12883 -5.288221e-03 4.931370e-03 1.311632e-01 -2.799229e-02 1.210259e-02 1.727660e-01 -1.146366e+01 3.620867e+00 2.100595e+01 4361 1.614422e-02
13348 1.105294e-03 -2.447541e-02 1.965091e-01 -4.199523e-02 -6.543315e-01 2.143545e+00 -7.857152e-01 -1.148217e+01 3.549414e+01 5692 2.407791e-02
13787 9.957189e-03 1.268302e-02 1.733951e-01 4.056451e-01 5.241820e-01 2.239477e+00 7.615609e+00 9.844566e+00 3.976485e+01 3702 1.454543e-02
13926 -4.955561e-03 -6.235220e-03 1.365167e-01 -2.047210e-03 -1.313461e-01 4.355499e-01 1.562941e-01 -6.723428e+00 1.606998e+01 2813 1.170335e-02
14011 -1.544003e-04 1.849665e-03 1.671027e-01 2.271688e-01 5.891105e-01 2.413886e+00 2.267997e+00 5.859085e+00 2.241609e+01 1172 7.724328e-03
14352 2.038941e-06 -6.250174e-03 1.293869e-01 3.260510e-03 -5.360971e-02 1.828212e-01 7.861162e-01 -1.142564e+01 1.289121e+01 4323 1.545040e-02
14917 5.515634e-03 -1.143700e-02 1.813767e-02 -Inf -Inf Inf -6.010565e+00 -2.114579e+01 1.113973e+01 3289 1.202099e-02
15277 -3.789466e-03 -1.377061e-03 1.275595e-01 -1.364068e-02 -1.268587e-02 2.674156e-01 -2.657296e+00 -3.050474e+00 3.772524e+01 3022 1.118276e-02
18670 -1.861547e-02 -8.671349e-03 1.496086e-01 -2.596481e-01 -1.078312e-01 5.177200e-01 -1.389797e+01 -5.717572e+00 2.122536e+01 5805 2.310360e-02
20055 -1.270248e-03 -8.381591e-03 1.496800e-01 -5.836658e-02 -1.248425e-01 5.472012e-01 -4.316337e+00 -8.804148e+00 3.005159e+01 4202 1.699887e-02
21289 1.237455e-02 2.825624e-03 1.808791e-02 Inf Inf -Inf 3.530123e+00 8.298354e+00 -2.672117e+01 1024 3.803439e-03
22969 -1.044193e-02 -3.119942e-03 1.442596e-01 -3.921005e-01 1.094095e-02 8.531369e-01 -1.023326e+01 3.770092e-01 1.900685e+01 5050 2.191944e-02
23292 -2.555338e-03 -1.333011e-03 1.271459e-01 -8.390033e-03 -3.470312e-02 2.192342e-01 -1.769081e+00 -1.011782e+01 2.792118e+01 6846 2.552932e-02
24585 1.258258e-02 1.556688e-03 8.259517e-02 Inf Inf Inf 9.484106e+00 5.465883e+00 1.157087e+01 8110 2.863607e-02
24643 -7.388635e-03 -7.680350e-03 1.478526e-01 -4.679698e-02 -7.308207e-02 3.748415e-01 -5.644128e+00 -9.366941e+00 3.250971e+01 2564 1.083835e-02
25271 7.383963e-03 6.366039e-03 1.318833e-01 -2.620043e-02 1.222331e-01 3.452747e-01 -1.955062e+00 6.745013e+00 1.242224e+01 2357 1.020143e-02
25643 -5.250823e-03 -4.913889e-03 1.405761e-01 -2.030697e-01 -2.398945e-01 7.457568e-01 -5.402949e+00 -6.417934e+00 1.652906e+01 4312 1.737729e-02
27066 3.065082e-03 -3.180790e-04 1.270188e-01 -2.559032e-02 2.211122e-02 1.753779e-01 -1.000983e+01 7.834940e+00 1.689264e+01 4740 2.142724e-02
27391 -4.720890e-03 2.096859e-03 1.249937e-01 -4.444312e-02 1.123351e-02 1.547496e-01 -1.428513e+01 3.285776e+00 1.070097e+01 2858 1.185648e-02
29301 2.648826e-03 -8.940855e-03 1.554779e-01 4.671966e-02 -1.166007e-01 5.206694e-01 2.462495e+00 -6.015582e+00 2.040538e+01 4473 1.818570e-02
29521 -4.274259e-03 -1.499422e-02 1.349984e-01 -2.124600e-01 -5.842881e-01 7.362977e-01 -3.960029e+00 -1.082889e+01 1.143769e+01 3249 1.550294e-02
31351 -1.463657e-02 2.021318e-02 6.742323e-02 -2.617088e-02 3.080845e-02 6.600727e-02 -2.135916e+01 1.962026e+01 -2.622067e+00 9902 3.621305e-02
31946 -4.605298e-03 -1.112820e-03 1.324581e-01 -4.991685e-02 -9.917508e-03 2.400495e-01 -1.418995e+01 -2.757312e+00 3.369376e+01 3540 1.390823e-02
32129 4.391289e-03 -6.213938e-03 1.470251e-01 4.415040e-02 -5.934795e-02 3.523658e-01 7.517937e+00 -1.004696e+01 3.882729e+01 2980 1.190341e-02
32832 -3.836454e-04 -4.854847e-03 1.765345e-01 -1.645410e-01 -1.650938e-01 1.927573e+00 -2.702313e+00 -2.637809e+00 2.882511e+01 1768 9.130517e-03
34352 2.836193e-03 -3.504231e-03 1.270892e-01 -3.668079e-03 -4.197144e-02 2.008786e-01 -1.016071e+00 -6.009194e+00 1.152709e+01 3932 1.495585e-02
37208 -3.662359e-03 -1.931697e-02 1.483125e-01 -3.335968e-02 -1.152296e-01 3.066254e-01 -4.877719e+00 -1.575343e+01 2.600254e+01 2836 1.167197e-02
37978 -1.173100e-02 -4.862825e-03 1.074919e-01 -Inf Inf -Inf -1.982070e+01 4.398109e+00 -3.757647e+00 2621 1.320314e-02
38904 8.298967e-03 -7.254759e-03 1.970081e-01 2.393685e-01 -2.608101e-01 2.082886e+00 2.793148e+00 -3.064955e+00 2.279633e+01 5445 2.441501e-02
40230 4.380468e-03 -9.965616e-03 1.344160e-01 2.231953e-02 -5.638890e-02 2.122522e-01 3.934545e+00 -1.018194e+01 1.707167e+01 1631 9.639193e-03
44439 -1.603558e-03 2.908625e-03 1.270604e-01 2.421835e-03 -1.258291e-02 2.123736e-01 1.230318e+00 -4.734821e+00 2.607504e+01 4836 1.788446e-02
48387 -2.408595e-03 1.244431e-02 9.244698e-02 -Inf Inf Inf -6.049823e+00 8.572854e+00 1.595157e+01 3244 1.224420e-02
49777 -1.156139e-02 -5.186773e-03 8.745688e-02 -Inf -Inf Inf -9.452370e+00 -3.979769e+00 1.722353e+01 1879 6.503064e-03
50068 -8.744029e-03 -6.153435e-03 1.363378e-01 -3.765790e-01 -1.811997e-01 6.813117e-01 -8.209402e+00 -3.906712e+00 1.216282e+01 2220 9.646799e-03
51829 -2.005578e-02 1.319497e-02 6.780770e-02 -9.169303e-02 6.395181e-02 6.019070e-02 -1.905136e+01 1.349838e+01 -2.025682e+00 1845 7.263072e-03
55252 -1.247034e-02 2.101144e-03 8.762663e-02 -Inf -Inf Inf -5.367700e+00 -2.558808e+00 2.528723e+01 5118 1.811849e-02
56525 1.936858e-03 6.216977e-04 1.369742e-01 8.756860e-02 -6.205773e-02 7.327452e-01 3.768539e+00 -2.758439e+00 2.621909e+01 1690 8.400632e-03
57996 -6.564244e-03 3.389979e-03 1.287915e-01 -2.558944e-02 2.472263e-02 1.656073e-01 -7.089275e+00 7.949092e+00 1.371848e+01 1838 8.927085e-03
61228 -5.400003e-03 -1.145067e-02 1.804114e-02 -Inf -Inf -Inf -2.650951e+00 -4.646371e+00 -1.450750e+01 2470 8.999108e-03
65504 1.365336e-03 -3.160120e-03 1.405046e-01 2.162395e-02 -2.105356e-02 2.248105e-01 6.193495e+00 -5.470412e+00 2.577411e+01 3539 1.450298e-02
65889 -3.654519e-03 1.200061e-02 9.250311e-02 -Inf Inf Inf -1.942079e+00 1.753577e+01 2.411485e+01 3462 1.259033e-02
67003 2.702937e-03 1.159755e-03 1.258771e-01 3.888331e-02 2.740726e-02 2.288424e-01 1.075315e+01 7.801008e+00 3.060226e+01 2221 8.627185e-03
68533 -2.290044e-04 -1.259637e-02 1.124233e-01 -Inf -Inf Inf -5.177942e-01 -1.560600e+01 2.810742e+01 3331 1.245255e-02
69194 1.267089e-02 -6.475929e-05 7.741358e-02 Inf Inf Inf 1.163870e+01 2.447958e-01 7.853532e+00 4218 1.474254e-02
72018 7.107867e-03 -4.341616e-03 1.242456e-01 1.823919e-01 -1.759251e-01 1.377557e-01 7.222102e+00 -7.069630e+00 5.566496e-01 5339 2.122535e-02
72851 -6.109018e-04 -5.742544e-03 1.448404e-01 -2.771305e-03 -8.331510e-02 6.689194e-01 -9.958284e-02 -3.575673e+00 2.415719e+01 3622 1.434511e-02
73296 -3.371508e-03 -3.716353e-03 1.269280e-01 -3.004855e-03 -3.841908e-02 1.835611e-01 4.263789e-02 -4.035563e+00 6.585840e+00 1510 8.257197e-03
73733 1.055832e-02 -6.936170e-03 9.261727e-02 Inf -Inf Inf 9.222482e+00 -2.328250e+00 2.025548e+01 3918 1.533865e-02
78076 1.328293e-02 -2.489087e-02 6.416592e-02 6.275239e-02 -1.235491e-01 3.968363e-02 1.751196e+01 -3.492455e+01 -8.666619e+00 2162 1.053961e-02
78107 -1.110008e-03 2.229473e-03 1.267898e-01 -9.846636e-03 -3.496552e-02 2.195391e-01 -1.451706e+00 -6.180438e+00 1.541152e+01 2210 9.783097e-03
80558 -4.493123e-03 -1.186133e-02 8.759023e-02 -Inf -Inf Inf -6.834866e+00 -7.952674e+00 3.076087e+01 1240 4.172859e-03
80902 1.162251e-02 -5.102020e-03 1.804375e-02 Inf -Inf -Inf 1.529904e+01 -8.704108e+00 -6.570190e+00 2307 8.618685e-03
81012 -1.853624e-02 -2.022165e-02 1.794774e-01 -1.884030e-01 -3.185840e-01 8.667981e-01 -5.969397e+00 -1.048495e+01 2.415359e+01 1873 1.037633e-02
82670 1.514172e-02 2.940563e-03 1.290843e-01 9.251505e-01 -1.047059e-01 6.537398e-01 1.135624e+01 -1.343348e+00 6.547315e+00 2005 8.768288e-03
84376 -3.897701e-03 -7.137736e-03 1.656722e-01 -1.597710e-02 -9.148267e-02 4.606779e-01 -5.686207e-01 -3.970419e+00 1.388698e+01 5100 2.301578e-02
84529 -9.915784e-03 -7.856382e-03 1.804526e-02 Inf -Inf -Inf 4.213235e-01 -1.979234e+00 -8.998263e+00 517 2.069533e-03
86003 1.220787e-03 1.263584e-02 8.744412e-02 Inf Inf Inf 4.405744e+00 9.509897e+00 3.006218e+01 2787 1.012626e-02
86845 1.668315e-02 1.937034e-02 6.805393e-02 5.589777e-02 6.206608e-02 6.241545e-02 2.380299e+01 2.591601e+01 -3.422513e+00 1632 6.321808e-03
88826 -1.038067e-02 1.823818e-04 1.513124e-01 -8.045524e-01 2.183818e-01 2.992074e+00 -1.053780e+01 2.895271e+00 3.769383e+01 3395 1.276415e-02
91223 1.174878e-02 -1.920005e-02 6.936242e-02 1.714213e-02 -3.452043e-02 6.770520e-02 4.818097e+00 -1.368631e+01 -1.480455e+00 2580 9.804320e-03
92790 -3.545785e-03 -2.466943e-02 6.824505e-02 -4.245729e-03 -3.053073e-02 6.723264e-02 -2.826319e+00 -2.366747e+01 -4.088033e+00 2330 8.558818e-03
93954 1.123359e-02 5.912726e-03 1.125739e-01 Inf Inf Inf 1.338040e+00 4.918859e+00 1.950036e+01 1905 7.241367e-03
96417 -2.413171e-03 2.143600e-03 1.357015e-01 -4.447577e-02 8.619764e-02 5.177014e-01 -4.780317e+00 9.552547e+00 4.341341e+01 4628 1.702684e-02
96636 9.252202e-03 -8.564497e-03 7.748101e-02 Inf -Inf Inf 1.231005e+01 -2.676639e+01 2.001490e+01 7060 2.507252e-02
96844 -5.951500e-03 1.116968e-02 8.759767e-02 -Inf Inf Inf -1.544669e+00 8.701142e+00 3.626587e+01 2732 9.915508e-03
97528 -6.371180e-03 1.086954e-02 7.751755e-02 -Inf Inf Inf -5.751231e+00 1.195039e+01 8.416629e+00 3627 1.304209e-02
97718 1.677095e-02 -1.108065e-02 1.529518e-01 7.186626e-01 -5.449530e-01 1.316868e+00 1.717274e+01 -1.306192e+01 2.847680e+01 4137 1.581766e-02
97924 2.352537e-03 -1.230252e-02 1.670456e-01 -1.021849e-01 -1.360584e-01 7.079220e-01 -2.576759e+00 -3.050477e+00 1.333214e+01 1690 1.086484e-02
98019 -1.050823e-02 -7.122482e-03 1.806456e-02 -Inf -Inf Inf -1.450750e+00 -3.266644e+00 1.407497e+01 1589 5.673791e-03
99170 2.048831e-03 2.576117e-02 6.503842e-02 2.650869e-03 3.269634e-02 6.309274e-02 2.104418e+00 2.424176e+01 -6.801088e+00 1949 7.671242e-03
100044 4.637826e-03 6.464972e-03 1.701740e-01 4.927484e-01 4.972443e-01 6.956142e+00 2.481477e+00 2.495044e+00 3.449878e+01 1921 8.389273e-03
100065 -1.627846e-03 -1.241447e-02 7.748412e-02 -Inf -Inf Inf -1.242797e+01 -2.777949e+01 3.216103e+01 1964 6.767956e-03
101294 1.999004e-03 1.702235e-02 1.564886e-01 -2.599936e-02 5.840438e-01 1.205938e+00 -3.428648e-01 6.943682e+00 1.285144e+01 5480 2.411461e-02
103028 -5.037272e-04 1.158220e-02 1.311540e-01 -1.833383e-02 3.104758e-01 4.366167e-01 -1.053646e+00 1.766272e+01 1.805091e+01 2093 1.005248e-02
103311 2.412308e-02 -1.457702e-02 6.980604e-02 4.715338e-02 -2.805178e-02 6.647328e-02 2.840140e+01 -1.661733e+01 -4.110024e+00 4009 1.418746e-02
104888 8.481524e-03 9.431991e-03 1.074470e-01 Inf Inf Inf 4.225023e-01 1.000508e+01 2.241966e+01 2256 8.111963e-03
105465 -1.527925e-02 -2.526772e-02 6.407960e-02 -2.840862e-02 -5.101634e-02 5.378951e-02 -1.185045e+01 -2.324045e+01 -9.287729e+00 2365 8.313155e-03
106087 -1.007967e-02 -7.707878e-03 1.076135e-01 -Inf Inf Inf -8.689253e+00 8.753637e+00 6.880692e+00 3498 1.281657e-02
107965 4.018108e-03 -1.203046e-02 1.801699e-02 -Inf -Inf -Inf -4.993953e+00 -4.054337e+00 -1.048203e+01 1598 5.757525e-03
109057 -3.214346e-03 1.227988e-02 8.255712e-02 -Inf Inf Inf -3.834596e+00 1.263178e+01 5.006550e+00 4239 1.436232e-02
109214 -5.960067e-03 -1.107261e-02 8.744137e-02 -Inf -Inf Inf -6.339959e+00 -2.024081e+01 2.690154e+01 2129 7.623322e-03
109468 -3.904286e-03 2.573049e-03 1.340342e-01 -6.604378e-02 -1.827054e-02 3.524384e-01 -5.904016e+00 -1.980397e+00 2.075108e+01 5101 2.049975e-02
109859 2.146470e-02 -1.913708e-02 6.984812e-02 2.859087e-02 -2.502845e-02 6.994495e-02 1.541636e+01 -1.274507e+01 2.094746e-01 1225 4.940621e-03
109934 -1.117565e-02 -5.999775e-03 9.258376e-02 -Inf -Inf Inf -8.360876e+00 -5.090393e+00 3.215306e+01 3557 1.350394e-02
110579 1.039707e-02 7.052542e-03 1.025491e-01 -Inf Inf Inf -1.755205e+00 6.625711e+00 7.483401e+00 4639 1.882926e-02
110856 6.824962e-03 -1.048785e-02 1.125028e-01 Inf -Inf Inf 1.367998e+00 -6.158435e+00 1.771311e+01 1143 4.172062e-03
110962 -1.676544e-02 2.463519e-02 7.039886e-02 -4.057959e-02 6.392103e-02 7.545926e-02 -8.626668e+00 1.423128e+01 1.833130e+00 1938 1.305918e-02
111350 2.617595e-03 1.239866e-02 1.025409e-01 Inf Inf Inf 1.853160e+00 8.414781e+00 3.147764e+01 4729 1.726576e-02
112417 -1.406929e-02 -4.015898e-03 1.293523e-01 -1.597708e+00 -3.432282e-01 4.421238e-01 -2.040940e+01 -4.371653e+00 4.030893e+00 5117 2.180039e-02
113967 2.432308e-02 -1.249611e-02 6.579703e-02 1.043868e-01 -4.432174e-02 4.593173e-02 2.752551e+01 -1.094149e+01 -6.829591e+00 9052 3.576903e-02
115043 9.954525e-03 1.852813e-02 1.908750e-01 1.080011e-01 1.855394e-01 8.626916e-01 4.357100e+00 7.421831e+00 2.985492e+01 2047 1.133570e-02
118171 1.198279e-02 4.014652e-03 1.125721e-01 Inf Inf Inf 1.633767e+01 7.556008e+00 1.169579e+01 2669 1.001579e-02
123687 -1.628046e-03 -2.000726e-02 1.818461e-01 -4.685614e-02 -4.652407e-01 1.478179e+00 -1.425012e+00 -1.402807e+01 4.084388e+01 4352 1.763142e-02
127894 1.438685e-02 -2.210803e-02 7.046488e-02 1.994281e-02 -2.935071e-02 7.169205e-02 1.650587e+01 -2.151683e+01 3.645733e+00 4297 1.633970e-02
127947 -1.618512e-02 -4.860505e-04 1.891862e-01 -1.549678e+00 2.842590e-02 8.028493e+00 -3.826383e+00 7.214135e-02 1.956070e+01 2235 1.194314e-02
130239 -1.174144e-02 8.978490e-03 1.694649e-01 -5.740153e-01 3.540337e-01 2.107053e+00 -6.005712e+00 3.685575e+00 2.069561e+01 2972 1.402101e-02
131559 4.941512e-03 -5.084195e-03 1.402814e-01 2.921506e-02 -3.766822e-02 2.767961e-01 7.406326e+00 -9.942011e+00 4.165325e+01 1670 7.008184e-03
136193 2.666303e-03 -7.308851e-03 1.294663e-01 1.354677e-02 -2.897876e-02 1.485096e-01 5.620571e+00 -1.119412e+01 9.837270e+00 3630 1.542804e-02
136444 -5.305017e-03 1.040323e-03 1.412671e-01 -7.155399e-01 -2.262109e-01 2.203870e+00 -7.786879e+00 -2.491539e+00 2.261399e+01 4161 1.751382e-02
137304 -7.208872e-03 4.803706e-04 1.299374e-01 -9.334702e-02 -5.300594e-02 3.029084e-01 -1.446024e+01 -8.978888e+00 2.903709e+01 1642 7.225312e-03
137523 7.821220e-03 9.974549e-03 1.811690e-02 Inf Inf -Inf 1.357693e+00 1.088207e+01 -7.282582e-01 1047 4.077619e-03
138016 8.087377e-04 -4.520931e-04 1.351456e-01 5.974436e-03 2.050367e-02 3.804506e-01 1.162995e+00 4.717940e+00 5.522749e+01 1605 5.777500e-03
138320 2.274137e-03 -1.210817e-02 1.656690e-01 4.920031e-02 -2.101204e-01 8.623966e-01 2.094297e+00 -8.837211e+00 3.109469e+01 3563 1.438691e-02
138348 8.345735e-03 1.276030e-02 1.541298e-01 3.290288e-01 5.098088e-01 1.387784e+00 8.089372e+00 1.253827e+01 3.111947e+01 2879 1.170383e-02
138388 -1.476824e-02 -2.220948e-02 1.585885e-01 -3.438870e-01 -4.280779e-01 8.456271e-01 -6.231159e+00 -7.684249e+00 1.300760e+01 4425 2.263006e-02
140344 -2.866399e-03 1.763579e-03 1.388541e-01 -2.792643e-02 8.394424e-03 2.319892e-01 -6.700817e+00 1.773025e+00 2.490345e+01 3427 1.592042e-02
142628 1.463442e-03 -1.255089e-02 1.074389e-01 Inf -Inf Inf 3.685307e+00 -1.098769e+01 9.498718e+00 4928 1.978808e-02
142855 1.259288e-02 -1.553350e-03 7.753258e-02 Inf Inf Inf 8.283565e+00 3.279853e+00 9.527469e+00 4028 1.599371e-02
143459 4.905232e-03 1.190456e-02 1.897780e-01 2.078532e-01 8.555944e-02 1.191846e+00 4.638703e+00 1.683501e+00 2.290388e+01 2247 1.488736e-02
145903 7.832504e-05 -1.600769e-03 1.269129e-01 5.277314e-02 3.246828e-02 2.389669e-01 1.327533e+01 8.582969e+00 2.822960e+01 2899 1.338991e-02
146099 -1.194535e-02 -4.169120e-03 1.805011e-02 -Inf -Inf -Inf -2.150152e+00 -1.346723e+01 -1.939898e+01 3437 1.211469e-02
146238 1.235727e-02 2.161301e-03 8.247205e-02 Inf -Inf Inf 1.393838e+01 -5.096402e-01 1.149272e+01 5675 2.056165e-02
147240 -1.233249e-04 4.273266e-04 1.391882e-01 5.258411e-02 4.183837e-02 4.949645e-01 4.159433e+00 3.267973e+00 2.807626e+01 10654 3.826389e-02
148502 -1.140109e-02 -5.527313e-03 1.806271e-02 -Inf -Inf -Inf -1.103195e+01 -1.605479e+01 -7.431215e+00 1267 4.303800e-03
148772 7.346370e-03 -1.030277e-02 8.262852e-02 Inf -Inf Inf 4.745672e+00 -9.543545e+00 6.878706e+00 1945 7.451049e-03
149657 3.185889e-03 3.918820e-03 1.934960e-01 -1.101867e-01 7.049766e-02 2.897575e+00 -8.837734e-01 5.190022e-01 2.107911e+01 2768 1.348441e-02
149968 -8.272922e-03 -9.587827e-03 1.809604e-02 Inf -Inf -Inf 1.630531e+00 -3.633838e+00 -9.219613e+00 2486 8.937898e-03
150636 1.895000e-02 3.824379e-03 1.314363e-01 5.014210e-01 -2.301685e-01 2.449315e-01 1.792077e+01 -8.691368e+00 4.215632e+00 6752 2.619001e-02
151090 -1.269420e-02 -3.146595e-05 1.804780e-02 -Inf Inf -Inf -1.617827e+01 2.320084e+00 -1.956180e+01 2790 9.741413e-03
151484 6.054445e-03 1.111625e-02 1.807308e-02 Inf Inf Inf 1.154975e+01 7.159617e+00 4.440084e+00 2647 9.368608e-03
151515 -5.680531e-03 -4.295781e-03 1.424202e-01 -6.627519e-02 -5.920723e-02 4.690694e-01 -4.923570e+00 -4.461786e+00 2.654162e+01 4112 1.538921e-02
155264 -3.897641e-03 -1.812016e-03 1.356586e-01 -1.126764e-02 -7.338945e-03 3.528709e-01 -1.181063e+00 -8.857054e-01 3.480886e+01 12413 4.512086e-02
157381 -5.544994e-03 -1.132928e-02 9.242361e-02 -Inf -Inf Inf -4.621333e+00 -4.834949e+00 2.772895e+00 3711 1.354816e-02
158862 2.929679e-03 -2.488643e-02 6.811262e-02 4.841998e-03 -5.264379e-02 6.646182e-02 2.555786e+00 -3.709730e+01 -2.206259e+00 2939 1.080431e-02
164103 -6.836100e-03 2.645777e-03 1.408626e-01 -8.480774e-02 1.574825e-02 4.125287e-01 -9.636021e+00 1.619252e+00 3.357348e+01 4996 1.921033e-02
166455 5.885510e-03 1.108284e-02 1.075060e-01 Inf -Inf Inf 1.690000e+00 -2.269615e+00 9.520064e+00 3866 1.510138e-02
167222 -6.479169e-03 1.748308e-03 1.332072e-01 -8.904541e-02 2.625570e-02 3.966772e-01 -8.629214e+00 2.561331e+00 2.753594e+01 3411 1.480014e-02
167463 7.493902e-03 1.022870e-02 1.076128e-01 Inf -Inf Inf 1.133225e+01 -7.387198e+00 3.601193e+00 7573 2.828152e-02
169783 7.815754e-03 4.061250e-03 1.332375e-01 5.593049e-02 4.805253e-02 2.517437e-01 7.135416e+00 6.523907e+00 1.757447e+01 7246 2.805697e-02
170111 -6.640834e-03 1.067835e-02 1.024611e-01 Inf Inf Inf 5.536504e+00 5.645765e+00 1.080592e+01 4725 1.813805e-02
171208 -2.146108e-02 9.833587e-03 6.951328e-02 -3.270837e-02 1.507279e-02 6.772460e-02 -1.801807e+01 8.393169e+00 -2.865453e+00 6557 2.452501e-02
174465 3.891740e-03 1.200135e-02 8.246390e-02 Inf Inf Inf 1.296244e+01 1.542647e+01 2.694962e+01 4353 1.576423e-02
175017 -1.921208e-03 2.319687e-02 6.526894e-02 -3.489363e-03 4.038059e-02 6.193539e-02 -1.405872e+00 1.540544e+01 -2.988576e+00 1822 1.641444e-02
176191 -2.569622e-02 1.979661e-03 7.031104e-02 -3.100111e-02 2.108543e-03 7.117720e-02 -1.742835e+01 4.234220e-01 2.845626e+00 3312 1.520150e-02
178287 9.360834e-03 -6.216014e-03 1.720345e-01 2.435838e-01 -5.060280e-02 1.866797e+00 3.226803e+00 -6.115003e-01 2.334811e+01 3632 1.583044e-02
178374 -1.086175e-02 7.658942e-04 1.423709e-01 -1.083533e+00 4.803610e-02 1.757823e+00 -7.945736e+00 3.501506e-01 1.196634e+01 2225 1.122173e-02
179167 -2.351834e-03 -6.240820e-03 1.689201e-01 2.248394e-03 -5.266280e-02 5.410204e-01 2.189091e-01 -2.209063e+00 1.770698e+01 1636 9.760455e-03
179519 -8.028698e-03 9.686527e-03 1.125694e-01 -Inf Inf Inf -5.240076e+00 1.077724e+01 3.351689e+01 4130 1.545620e-02
180650 -1.586593e-03 -3.731315e-03 1.412660e-01 -6.039331e-02 -5.534654e-02 5.989310e-01 -3.013141e+00 -2.644662e+00 2.344985e+01 3334 1.360209e-02
181573 -1.241877e-02 2.638614e-03 1.026432e-01 -Inf Inf Inf -5.940747e+00 2.810137e+00 1.454799e+01 2180 9.819987e-03
182018 -2.161648e-03 2.298273e-02 6.628769e-02 -1.490276e-03 4.714322e-02 5.901358e-02 3.479958e-01 1.252323e+01 -3.770423e+00 2528 1.288569e-02
182140 1.971979e-02 6.239619e-03 1.627037e-01 1.822168e+00 2.327067e-01 3.921322e+00 8.117266e+00 1.019887e+00 1.692682e+01 4012 1.741455e-02
183713 4.471707e-03 -2.792090e-04 1.234152e-01 3.617044e-02 2.391820e-02 1.759412e-01 1.051923e+01 8.029919e+00 1.743077e+01 2453 9.974029e-03
185453 -2.608962e-02 -8.978216e-03 6.551111e-02 -5.268012e-02 -1.707443e-02 5.720554e-02 -2.765060e+01 -8.418987e+00 -8.636699e+00 3780 1.394663e-02
185619 1.061210e-02 6.939083e-03 9.736033e-02 Inf -Inf Inf 6.131168e+00 -5.700944e+00 1.084937e+01 3014 1.210055e-02
186558 3.723970e-03 -1.212293e-02 1.808359e-02 Inf -Inf -Inf 4.054325e+00 -7.435689e-01 -2.005853e+01 825 2.644032e-03
186811 4.646357e-04 3.413367e-03 1.368400e-01 7.993522e-03 -3.871249e-04 2.346481e-01 2.208385e+00 -1.114766e+00 2.868921e+01 4090 1.525927e-02
187624 -1.684212e-02 6.936204e-03 1.780215e-01 -4.151795e-01 2.814024e-01 1.648859e+00 -6.875543e+00 4.737452e+00 2.538754e+01 1183 7.269874e-03
191529 -3.025773e-03 -1.231123e-02 1.806256e-02 -Inf -Inf -Inf -1.581805e+01 -5.982711e+00 -1.265761e+01 1176 4.181289e-03
192089 -5.091017e-03 -1.148172e-02 8.745552e-02 -Inf -Inf Inf -5.752521e+00 -1.502650e+01 1.678062e+01 5633 1.922695e-02
192712 1.247949e-02 2.146995e-03 1.808902e-02 Inf Inf -Inf 5.202789e-01 6.524237e-01 -3.387081e+00 1767 6.534990e-03
194184 2.015075e-03 4.526316e-03 1.273469e-01 3.497210e-03 6.549133e-02 1.812285e-01 2.329697e-01 9.582795e+00 8.469390e+00 2599 1.088548e-02
195256 2.172786e-02 -5.983644e-04 1.457626e-01 9.101968e-02 -2.606633e-02 1.911596e-01 1.135681e+01 -4.174156e+00 7.440495e+00 3083 1.673605e-02
195390 -7.624898e-03 -2.480702e-03 1.346281e-01 -5.003702e-02 -1.417469e-02 2.924248e-01 -7.870674e+00 -2.170124e+00 2.928329e+01 3815 1.479934e-02
195671 -1.303786e-02 -3.873209e-03 1.488330e-01 -1.172299e-01 -1.160815e-02 4.063395e-01 -1.318123e+01 -9.785394e-01 3.257688e+01 3937 1.600845e-02
197346 -1.281475e-03 3.834160e-03 1.351192e-01 -1.147027e-03 8.349519e-02 2.818736e-01 2.804435e-02 1.661630e+01 3.061114e+01 2872 1.101976e-02
198109 -8.271300e-03 -9.381357e-03 1.025049e-01 -Inf -Inf Inf -7.720812e+00 -2.537818e+00 1.381219e+01 4325 1.673971e-02
200259 4.952480e-03 1.899315e-03 1.543560e-01 1.224986e-01 -1.113827e-01 1.376182e+00 2.478999e+00 -2.389071e+00 2.576780e+01 2567 1.108501e-02
201317 2.449332e-03 -2.762991e-04 1.410182e-01 2.400805e-02 2.146475e-02 3.836003e-01 1.829452e+00 1.844924e+00 2.058528e+01 4542 1.703991e-02
203122 -2.409771e-03 5.497661e-04 1.348514e-01 -2.522880e-02 2.012510e-02 3.772171e-01 -2.271024e+00 1.948201e+00 2.412103e+01 11014 4.036415e-02
203222 2.759171e-02 2.720931e-03 6.600256e-02 5.257386e-02 1.006105e-02 6.324742e-02 1.780555e+01 5.231528e+00 -1.963671e+00 1812 6.764513e-03
206094 -2.119893e-02 -2.356157e-03 6.628723e-02 -3.117207e-02 -7.978732e-03 6.415982e-02 -1.594180e+01 -8.987532e+00 -3.400617e+00 2058 8.130222e-03
206314 -6.495727e-03 -2.255764e-03 1.361677e-01 -2.973218e-02 -7.932133e-03 1.864059e-01 -1.338096e+01 -3.268796e+00 2.893019e+01 4511 1.703698e-02
206955 2.133442e-04 8.749321e-03 1.372127e-01 2.351293e-03 7.607026e-02 2.763365e-01 2.849393e-01 8.972331e+00 1.854199e+01 3263 1.353955e-02
207924 1.263909e-02 1.026369e-03 7.744015e-02 Inf Inf Inf 5.469385e+00 7.786720e+00 4.024734e+00 2390 8.572253e-03
208436 9.814567e-03 -8.000314e-03 7.752671e-02 Inf Inf Inf 9.612976e+00 1.020377e+00 2.073383e+00 7788 2.874670e-02
209119 -5.389176e-03 -9.233095e-03 1.572785e-01 -1.221230e-02 -1.968079e-02 2.136520e-01 -2.290859e+00 -3.507809e+00 1.892735e+01 4668 1.908706e-02
209616 -2.094919e-03 1.239124e-02 1.125447e-01 Inf Inf Inf 1.121014e+00 4.866801e+00 1.891006e+01 2069 8.422050e-03
209845 4.815782e-04 -1.267409e-02 1.811912e-02 Inf -Inf Inf 3.600379e+00 -7.926007e+00 9.071358e+00 1154 4.171029e-03
210145 -6.786579e-04 3.504578e-03 1.234127e-01 -2.821584e-02 3.037059e-02 1.341878e-01 -3.589758e+00 3.502264e+00 1.404655e+00 2014 8.957384e-03
210195 -5.862958e-03 -1.120868e-02 8.741287e-02 -Inf -Inf Inf -4.352441e-01 -3.683115e+00 1.779265e+01 3401 1.157025e-02
211401 -5.972986e-04 2.459732e-04 1.266323e-01 2.896992e-03 -7.096870e-02 2.070769e-01 6.479521e-01 -1.320545e+01 1.491698e+01 2700 1.119414e-02
211810 9.131547e-03 -8.823341e-03 1.810836e-02 Inf -Inf -Inf 1.465442e+01 -6.161438e+00 -9.408324e+00 3921 1.430869e-02
211896 -1.537333e-03 -3.152731e-05 1.354790e-01 -1.530841e-02 -1.266559e-02 4.558757e-01 -9.044314e-01 -8.297564e-01 2.104242e+01 3020 1.182002e-02
216583 -5.487910e-03 2.709580e-02 6.719868e-02 -8.192287e-03 3.236576e-02 6.732271e-02 -1.145203e+01 2.231635e+01 5.252154e-01 6454 3.076560e-02
217221 1.146126e-02 5.431230e-03 1.076507e-01 Inf -Inf Inf 9.159915e+00 -6.394370e+00 3.412178e+01 1144 4.647171e-03
217499 7.665185e-04 -1.266439e-02 1.024452e-01 Inf -Inf Inf 7.609134e+00 -5.942699e+00 2.488702e+01 2925 1.028143e-02
218005 3.933096e-03 -2.257662e-02 6.850157e-02 5.337506e-03 -3.102354e-02 6.841367e-02 5.789820e+00 -3.482328e+01 -3.623904e-01 4925 1.752202e-02
218208 4.061795e-03 3.499061e-03 1.313299e-01 8.172281e-02 1.689816e-02 3.048290e-01 7.689795e+00 1.326745e+00 1.717943e+01 1210 5.832850e-03
221442 8.846879e-03 -9.052241e-03 8.736936e-02 Inf -Inf -Inf 6.107383e+00 -2.883196e+00 -4.344510e+00 5814 2.153317e-02
222631 -1.179562e-02 -4.355232e-03 1.025655e-01 -Inf Inf Inf -1.087736e+01 3.879924e+00 2.083382e+01 3446 1.299097e-02
223088 9.755518e-03 -7.980706e-03 1.174915e-01 Inf -Inf Inf 1.162686e+01 -7.606402e-01 1.950521e+01 7014 2.737681e-02
224086 2.338646e-02 -1.313007e-02 6.755644e-02 3.535676e-02 -2.440772e-02 6.666927e-02 1.896686e+01 -1.786936e+01 -1.405726e+00 1363 5.892227e-03
225918 -1.264394e-02 -3.070906e-04 9.243176e-02 -Inf -Inf Inf -7.265361e+00 -8.312588e+00 2.136308e+00 4522 1.758841e-02
227106 1.326046e-02 1.885315e-02 1.716733e-01 7.085473e-02 7.102276e-02 3.331812e-01 8.665749e+00 7.849542e+00 2.430080e+01 4535 1.901189e-02
227744 -6.763270e-03 1.068768e-02 1.806228e-02 -Inf -Inf -Inf -8.620220e-01 -1.430764e+00 -3.374241e+00 527 2.057892e-03
228818 -1.063547e-02 3.725234e-03 1.528254e-01 -6.322345e-01 4.810034e-02 1.583724e+00 -7.266481e+00 5.187441e-01 1.672718e+01 5469 2.613475e-02
232599 5.690368e-05 -3.378554e-03 1.330932e-01 1.037636e-02 -2.858458e-02 2.051641e-01 4.935760e+00 -1.205595e+01 3.447128e+01 3528 1.479793e-02
233078 -8.766068e-03 7.971775e-04 1.549035e-01 -1.397104e-01 -5.233670e-02 8.635619e-01 -5.168259e+00 -2.097148e+00 2.797014e+01 2128 9.310542e-03
233393 -9.736287e-03 -8.151081e-03 1.806265e-02 -Inf -Inf Inf -1.285105e+01 -4.323603e+00 5.002822e-01 821 3.051526e-03
234619 7.573951e-03 1.011297e-02 9.244267e-02 Inf Inf Inf 1.656746e+01 5.828095e+00 3.041958e+01 2708 9.472122e-03
237439 1.208562e-02 3.481759e-03 1.174612e-01 Inf -Inf Inf 1.236876e+01 -1.145834e+00 2.304036e+01 4155 1.552466e-02
238008 2.072874e-03 3.482310e-03 1.282424e-01 -1.362724e-02 5.595426e-02 2.074351e-01 -3.655229e+00 1.221628e+01 1.843729e+01 1892 7.187348e-03
241787 7.489897e-03 -1.007857e-02 8.745677e-02 Inf -Inf Inf 4.653624e+00 -1.653305e+01 2.194349e+01 1498 5.140792e-03
243556 3.081965e-03 9.048794e-03 1.493958e-01 2.818922e-02 6.344491e-02 3.915244e-01 2.894538e+00 6.271161e+00 2.791425e+01 3140 1.298567e-02
244814 -1.934459e-05 6.141430e-03 1.350239e-01 -1.369262e-02 2.874802e-02 1.828776e-01 -1.501639e+00 2.482722e+00 5.255434e+00 4678 2.102072e-02
247845 -4.227650e-03 6.104159e-03 1.402203e-01 -1.050964e-01 9.908199e-02 7.270696e-01 -4.729622e+00 4.359625e+00 2.751670e+01 1077 5.352648e-03
249652 -8.990532e-03 -8.801294e-03 9.256912e-02 -Inf -Inf -Inf -2.594535e+00 -9.781143e+00 -1.092698e+01 7217 2.833833e-02
249903 2.740609e-03 2.097611e-03 1.348456e-01 3.491903e-02 4.078962e-02 5.419525e-01 1.124581e+00 1.352220e+00 1.422769e+01 2422 1.122001e-02
251130 -9.977077e-03 -7.706252e-03 9.241025e-02 -Inf -Inf Inf -4.783779e+00 -6.233118e+00 1.723242e+01 2733 1.002209e-02
251453 -4.682504e-03 -8.688531e-04 1.241680e-01 -2.472465e-02 -2.115158e-02 1.586924e-01 -9.890642e+00 -1.000937e+01 1.703754e+01 3451 1.296433e-02
251469 1.844777e-03 -5.011374e-03 1.424093e-01 -3.570597e-03 -2.187596e-02 2.288880e-01 -1.984259e+00 -6.179390e+00 3.168686e+01 3652 1.469539e-02
252203 -7.852001e-03 -4.273214e-03 1.530083e-01 -2.290423e-01 -1.937111e-01 1.342017e+00 -2.788960e+00 -2.388599e+00 1.499206e+01 9990 3.988258e-02
254904 4.476164e-03 5.612414e-03 1.375079e-01 8.500457e-02 1.675260e-01 8.309119e-01 3.478592e+00 6.994196e+00 2.995303e+01 4689 1.754705e-02
256600 -1.164504e-02 -4.923115e-03 8.762162e-02 -Inf -Inf Inf -1.577979e+01 -1.195642e+01 4.751563e+01 1754 6.392504e-03
257038 -8.712746e-04 -6.073606e-03 1.303056e-01 -2.012514e-02 -5.452528e-02 1.707348e-01 -5.109452e+00 -1.285775e+01 1.072881e+01 2574 1.079266e-02
259108 -3.318824e-03 4.271051e-03 1.350019e-01 4.151750e-03 1.194201e-01 4.924895e-01 5.756585e-01 8.873014e+00 2.754685e+01 7057 2.960690e-02
259707 -4.246999e-03 7.733160e-03 1.360037e-01 -5.136479e-02 4.723050e-02 2.472049e-01 -8.886766e+00 7.449492e+00 2.097338e+01 2775 1.209162e-02
260852 -4.492189e-03 -1.493630e-03 1.272461e-01 -3.658282e-02 5.100389e-03 2.013580e-01 -9.124988e+00 1.875013e+00 2.107375e+01 2496 9.487034e-03
264044 -2.833405e-05 1.264941e-02 1.808052e-02 Inf Inf -Inf 2.235141e+00 1.127998e+01 -4.911292e+00 564 1.966888e-03
264966 4.765057e-03 6.406162e-03 1.534432e-01 2.007304e-01 4.289435e-01 3.154782e+00 1.476981e+00 3.184643e+00 2.262094e+01 1052 6.050071e-03
265994 1.804662e-02 -1.641842e-02 1.298395e-01 3.306762e+00 -2.890570e+00 1.607781e+00 1.491949e+01 -1.303879e+01 6.704783e+00 4051 1.761339e-02
267064 1.260000e-02 1.430981e-03 9.246949e-02 Inf -Inf Inf 1.231399e+01 -3.151149e+00 1.810461e+01 1188 4.685135e-03
267713 -2.807161e-03 1.236676e-03 1.495845e-01 -3.541272e-02 4.020155e-02 4.709567e-01 -3.520945e+00 4.207663e+00 3.470371e+01 4060 1.588021e-02
268057 -1.254429e-02 -1.463853e-03 8.260146e-02 -Inf -Inf Inf -1.601866e+01 -5.212596e+00 2.040091e+00 4326 1.519310e-02
269092 -1.644879e-02 1.525078e-03 1.707411e-01 -4.416946e-01 1.659625e-01 1.633661e+00 -9.858448e+00 3.812144e+00 3.391479e+01 4967 1.995664e-02
270410 2.575603e-02 -1.191475e-02 7.144883e-02 9.092541e-02 -3.133050e-02 8.588024e-02 2.542390e+01 -7.574480e+00 5.629988e+00 3787 1.384041e-02
271456 1.924037e-02 -5.885189e-03 1.454664e-01 2.108188e+00 -6.683222e-02 2.287590e+00 5.077668e+00 -1.481458e-01 5.206924e+00 3667 2.279641e-02
271564 -1.518675e-03 -1.255960e-02 9.258528e-02 Inf -Inf Inf 9.549015e+00 -8.648342e+00 2.693316e+01 1823 6.658867e-03
272942 8.981740e-03 -6.203017e-04 1.262157e-01 3.419629e-02 6.860524e-03 1.438949e-01 1.121363e+01 3.326936e+00 7.862462e+00 4953 2.009798e-02
275666 -1.418276e-03 1.261498e-02 1.811971e-02 -Inf Inf -Inf -1.621895e+00 9.634398e+00 -1.769160e+01 1081 3.872393e-03
275760 -1.146520e-02 -2.800642e-03 1.942889e-01 -1.370605e+00 -3.364050e-01 6.198514e+00 -4.984546e+00 -1.223469e+00 2.202005e+01 14224 5.419746e-02
276196 -1.247025e-02 -2.372506e-03 1.807167e-02 -Inf -Inf -Inf -5.857107e+00 -4.974705e+00 -8.488652e+00 4116 1.522741e-02
276694 -8.272021e-04 1.065150e-02 1.318727e-01 -2.145514e-01 2.058906e-01 3.085694e-01 -8.156700e+00 7.451225e+00 6.743559e+00 2072 8.809937e-03
277415 -6.213639e-03 -5.745938e-04 1.382137e-01 -2.910094e-02 -2.800896e-04 2.207458e-01 -7.726818e+00 9.942546e-02 2.786305e+01 4216 1.626743e-02
278628 -7.055959e-03 5.440588e-03 1.528907e-01 -1.764891e-01 1.838192e-01 2.005745e+00 -1.816328e+00 1.912223e+00 1.986265e+01 3772 1.664753e-02
279058 -1.206865e-02 -3.705654e-03 1.024131e-01 -Inf -Inf Inf -1.098335e+01 -2.408781e+00 2.704521e+01 3927 1.446658e-02
279403 9.700049e-03 1.315474e-04 1.340572e-01 1.995068e-01 2.084090e-02 4.480218e-01 1.100512e+01 1.200742e+00 1.820387e+01 3110 1.554538e-02
280882 1.214280e-02 -3.284711e-03 8.251390e-02 Inf -Inf Inf 2.003461e+01 -6.327909e+00 2.201751e+01 1869 6.612887e-03
281639 3.798946e-03 -1.205454e-02 1.075953e-01 -Inf -Inf Inf -3.550530e-01 -1.266443e+01 1.420580e+01 5486 2.078628e-02
282518 3.200815e-03 2.508674e-03 1.524274e-01 8.910850e-03 5.941213e-03 3.721016e-01 8.493540e-01 5.105819e-01 3.267601e+01 4479 1.708552e-02
282830 -2.074245e-03 4.119900e-03 1.258956e-01 -3.938720e-02 2.415770e-02 2.217043e-01 -9.750951e+00 5.236455e+00 2.503758e+01 5474 2.048180e-02
283783 2.372405e-03 -5.873020e-03 1.582128e-01 9.342837e-02 -2.004026e-01 9.411870e-01 2.068705e+00 -4.419526e+00 1.778843e+01 6807 2.806744e-02
284162 -3.599032e-03 5.990396e-03 1.330642e-01 -1.798010e-02 2.740693e-02 1.592710e-01 -7.389511e+00 1.100459e+01 1.346601e+01 3237 1.282267e-02
285025 1.092675e-02 -6.435777e-03 1.804671e-02 Inf -Inf -Inf 8.890511e-02 -1.235200e+01 -1.808084e+01 1551 6.094386e-03
285398 -2.228042e-03 -1.285953e-02 1.354260e-01 -4.308130e-02 -1.628846e-01 2.952351e-01 -3.937974e+00 -1.446139e+01 1.540450e+01 3865 1.742725e-02
285793 -8.817113e-03 4.990223e-05 1.316318e-01 -1.613674e-01 7.814489e-02 2.790733e-01 -5.944148e+00 3.042985e+00 5.745084e+00 2936 1.788486e-02
286380 4.256244e-03 4.303837e-04 1.504064e-01 4.244876e-01 -6.557226e-02 2.282678e+00 3.114599e+00 -4.891870e-01 1.580360e+01 4848 1.981371e-02
287121 1.126607e-02 -2.324771e-02 1.608026e-01 6.778909e-01 -1.219581e+00 2.029751e+00 3.904264e+00 -7.006643e+00 1.094599e+01 2583 1.458943e-02
287813 -6.161373e-04 -1.261039e-02 8.747581e-02 Inf -Inf Inf 1.177194e+00 -9.057735e+00 2.025732e+01 3720 1.326058e-02
288432 1.214649e-02 3.584194e-03 1.803692e-02 Inf Inf Inf 1.897004e+00 6.454344e+00 6.698077e+00 1426 5.302580e-03
288799 -1.529829e-03 -1.251158e-02 8.250734e-02 -Inf -Inf Inf -1.121946e+01 -2.200730e+01 3.194559e+01 1592 5.676903e-03
289971 2.696351e-03 -1.228384e-02 1.942968e-01 1.047390e+00 -8.533330e-01 1.890285e+01 1.578302e+00 -1.270640e+00 2.826452e+01 1130 7.489202e-03
293120 3.268461e-03 2.750670e-03 1.235697e-01 3.141894e-02 -2.959549e-02 1.996146e-01 6.802001e+00 -7.815802e+00 1.837473e+01 1872 8.119559e-03
294261 2.049267e-03 6.214388e-04 1.542528e-01 1.531473e-01 6.037784e-03 1.122176e+00 3.287205e+00 1.178350e-01 2.105760e+01 8733 3.477409e-02
294331 -1.153188e-02 -5.114690e-03 1.174278e-01 -Inf -Inf Inf -2.891712e+00 -4.410648e+00 1.896873e+01 4154 1.572572e-02
298710 7.784671e-03 2.394033e-02 6.908764e-02 1.793446e-02 4.288035e-02 6.704729e-02 9.018576e+00 1.682912e+01 -1.812946e+00 8788 3.549512e-02
298970 -5.340071e-03 -2.470690e-02 7.046732e-02 -1.197973e-02 -6.043045e-02 7.114751e-02 -3.469073e+00 -1.866476e+01 3.553820e-01 6441 2.545229e-02
299097 1.004825e-02 2.627620e-02 6.844488e-02 2.025173e-02 4.287062e-02 6.596584e-02 1.082287e+01 1.760177e+01 -2.629521e+00 8098 3.071129e-02
302155 -8.990884e-04 -7.458985e-04 1.299114e-01 -5.492260e-02 -1.433470e-02 2.642492e-01 -5.390551e+00 -1.355913e+00 1.340444e+01 5157 2.124040e-02
304496 -2.044022e-02 1.645950e-02 1.868665e-01 -2.397663e+00 9.061991e-01 9.022120e+00 -5.912856e+00 2.213046e+00 2.197589e+01 8541 3.587499e-02
304531 7.946618e-03 -9.894512e-03 1.805997e-02 -Inf -Inf -Inf -1.551579e+00 -3.013297e+00 -2.029970e+01 5101 1.883238e-02
307763 -9.695387e-04 -3.328251e-03 1.341224e-01 1.804335e-02 -2.576043e-02 2.555573e-01 3.366257e+00 -3.971646e+00 2.150021e+01 5055 2.107761e-02
307787 -4.833094e-04 9.689256e-03 1.317156e-01 -4.850724e-03 5.401968e-02 1.923343e-01 -4.875242e-01 4.948501e+00 6.766717e+00 4358 1.860141e-02
307872 1.016041e-06 1.252800e-02 9.248900e-02 -Inf Inf Inf -2.034694e+00 9.723546e+00 2.947036e+01 3249 1.257879e-02
312254 -5.607235e-03 -1.136916e-02 1.075725e-01 -Inf -Inf Inf -5.225693e+00 -9.102624e+00 8.525657e+00 2516 1.148993e-02
312984 1.532154e-03 1.701841e-03 1.305115e-01 -1.529025e-02 3.648463e-02 2.331213e-01 -4.218195e+00 8.721736e+00 2.572926e+01 3378 1.308867e-02
313986 -1.162241e-02 5.103684e-03 1.803857e-02 -Inf -Inf -Inf -1.029495e+01 -1.889236e+00 -1.496883e+01 1254 4.879884e-03
314267 2.330051e-02 -7.208637e-03 6.962787e-02 4.621900e-02 -1.239282e-02 7.065237e-02 2.155784e+01 -4.876405e+00 9.636735e-01 3407 1.333685e-02
316260 1.279732e-02 2.549480e-02 1.684263e-01 1.463654e-01 3.125235e-01 7.798680e-01 4.237013e+00 9.105051e+00 1.939600e+01 7301 2.910282e-02
316632 -2.363614e-02 1.058563e-02 1.903626e-01 -1.766345e+00 8.716191e-01 5.122671e+00 -9.646791e+00 4.766265e+00 2.730287e+01 2487 1.381810e-02
318466 1.171110e-02 1.256077e-02 1.515732e-01 1.219961e+00 1.510554e+00 3.638707e+00 5.691392e+00 7.056212e+00 1.642595e+01 2143 1.181841e-02
318926 -1.083984e-02 -7.116533e-03 1.307303e-01 -1.122945e+00 -6.899739e-01 1.107803e+00 -9.721138e+00 -5.968996e+00 8.540790e+00 1686 8.212171e-03
320235 1.319835e-02 9.162611e-03 1.617507e-01 3.055825e-01 1.495420e-01 1.033852e+00 1.301691e+01 6.249678e+00 3.882587e+01 3048 1.282828e-02
324356 -5.313784e-03 -4.564195e-03 1.445795e-01 -7.374531e-02 -9.414495e-02 6.194098e-01 -3.739200e+00 -4.894825e+00 2.594543e+01 2741 1.173978e-02
325662 -1.247071e-02 -2.347563e-03 1.804552e-02 -Inf Inf -Inf -1.137597e+01 3.225877e+00 -1.115733e+01 2010 7.531641e-03
327630 -1.339411e-02 -2.392322e-02 1.442025e-01 -1.767307e-01 -3.570217e-01 4.745390e-01 -5.632069e+00 -1.148569e+01 1.139045e+01 2426 1.176479e-02
328596 -7.057726e-03 3.977856e-03 1.364015e-01 -7.515399e-02 1.336035e-02 3.320540e-01 -6.924170e+00 9.540313e-01 1.989435e+01 4662 1.734259e-02
329565 7.646841e-03 7.281941e-04 1.441185e-01 5.126002e-01 -4.076907e-02 1.631202e+00 1.567147e+01 -1.287887e+00 4.615234e+01 1728 6.518500e-03
333175 9.687248e-03 -8.142094e-03 7.750431e-02 Inf -Inf Inf 2.668180e+01 -2.073215e+01 1.665334e+01 1441 4.697135e-03
334127 3.128941e-03 4.173126e-03 1.299627e-01 1.634765e-02 4.020440e-02 1.942189e-01 4.556361e+00 1.241963e+01 2.214848e+01 1548 6.870425e-03
335803 1.649461e-02 -1.061252e-02 1.612140e-01 5.722964e-01 -2.496669e-01 1.281652e+00 8.736452e+00 -3.757612e+00 1.761177e+01 4596 2.052239e-02
336091 -1.636811e-02 -1.508491e-02 1.489810e-01 -5.080047e-01 -6.252096e-01 1.115641e+00 -9.483442e+00 -1.176902e+01 1.864643e+01 2683 1.252094e-02
336598 -5.189807e-03 -1.668381e-03 1.411214e-01 -5.136097e-02 -2.230527e-02 3.061375e-01 -6.880622e+00 -3.075396e+00 2.459139e+01 3230 1.312758e-02
336773 -7.392933e-04 5.839000e-03 1.267729e-01 2.949962e-02 2.164673e-02 1.946834e-01 5.533288e+00 2.892588e+00 1.242666e+01 3165 1.313088e-02
337522 3.853762e-03 2.078844e-02 6.828663e-02 9.357805e-03 3.122783e-02 6.752606e-02 8.556736e+00 1.622935e+01 -1.182403e+00 4771 1.805139e-02
338872 -1.055284e-02 2.007425e-02 6.819381e-02 -1.553842e-02 2.617252e-02 6.801643e-02 -1.423602e+01 1.741324e+01 -5.064735e-01 2869 1.370385e-02
339446 1.048555e-02 -6.922081e-03 8.745062e-02 Inf -Inf Inf 1.275154e+01 -3.091932e+00 1.711790e+01 3738 1.289449e-02
340736 5.693696e-03 -1.129203e-02 1.806013e-02 -Inf -Inf -Inf -1.082773e+01 -1.413637e+01 -1.414116e+01 2401 8.288224e-03
341654 1.064909e-02 -6.749621e-03 1.075424e-01 Inf -Inf Inf 9.891814e+00 -6.221852e+00 1.982906e+01 2840 9.958308e-03
341727 6.543158e-03 -1.079089e-02 1.075690e-01 Inf -Inf Inf 6.007077e+00 -3.069202e+00 2.472745e+01 3052 1.117727e-02
345792 5.558453e-03 1.135938e-02 1.805833e-02 Inf Inf -Inf 6.447161e+00 1.136041e+01 -7.274655e+00 2150 7.459479e-03
350618 -1.605016e-03 1.109756e-03 1.266192e-01 -8.297741e-03 -1.061405e-01 2.744109e-01 -4.134971e-01 -6.626251e+00 9.131024e+00 5521 2.097087e-02
355518 -6.573867e-03 -9.997689e-04 1.638449e-01 -1.639989e-01 4.646622e-03 9.322210e-01 -3.289190e+00 1.179739e-01 1.605421e+01 2904 1.572743e-02
356457 -1.408885e-02 -7.318353e-03 1.362815e-01 -5.764920e-01 -3.652678e-01 6.670282e-01 -1.486999e+01 -9.464216e+00 1.403299e+01 1529 7.521977e-03
357838 3.816120e-04 -9.912045e-05 1.601243e-01 1.468762e-02 9.879594e-02 1.778844e+00 2.928152e-01 2.024182e+00 3.313192e+01 2227 1.002621e-02
361538 1.187822e-02 -9.827759e-03 1.668369e-01 3.365726e-01 -3.402101e-01 1.621043e+00 5.800020e+00 -5.901623e+00 2.597651e+01 983 5.279279e-03
363491 -1.032363e-02 1.068639e-02 1.359551e-01 -1.992586e-01 2.115909e-01 3.350612e-01 -1.389329e+01 1.477347e+01 1.464122e+01 1613 7.379769e-03
364215 2.450098e-02 2.070700e-03 6.941704e-02 4.309946e-02 -4.179826e-03 6.726078e-02 2.622369e+01 -8.813188e+00 -3.040306e+00 2260 8.276060e-03
365606 -1.442187e-03 -9.243711e-05 1.462545e-01 -1.655704e-03 -1.738718e-02 7.473024e-01 -8.720759e-03 -7.063762e-01 2.454885e+01 4235 1.624691e-02
367432 2.666967e-03 -4.363518e-03 1.354408e-01 3.329196e-02 -3.453019e-02 2.293618e-01 1.045107e+01 -1.029467e+01 3.205143e+01 5618 2.090352e-02
369773 -1.384943e-02 1.554931e-02 6.563452e-02 -2.210908e-02 2.190759e-02 6.169767e-02 -1.307332e+01 1.006384e+01 -6.231214e+00 1624 9.374789e-03
370724 -1.080422e-02 -6.634567e-03 1.806168e-02 Inf -Inf -Inf 2.289310e+00 -2.768794e+00 -1.069108e+01 856 3.282539e-03
371086 -1.559217e-03 -2.191690e-02 6.818607e-02 5.615750e-04 -3.232954e-02 6.910091e-02 4.548568e+00 -2.233251e+01 1.962116e+00 2917 1.434413e-02
373774 1.150796e-02 -5.259504e-03 1.808654e-02 Inf Inf Inf 4.136978e+00 1.747614e+00 1.383327e+01 1625 5.734973e-03
373895 -2.450751e-02 5.114143e-03 1.486890e-01 -1.037040e+00 2.363631e-01 1.236782e+00 -1.281424e+01 2.926602e+00 1.377051e+01 3177 1.448136e-02
374051 -2.305295e-02 -5.150543e-03 6.529587e-02 -4.897659e-02 -6.550007e-03 6.187583e-02 -1.982209e+01 -1.070077e+00 -2.615078e+00 1665 1.079136e-02
375643 -1.165703e-02 -1.731350e-03 1.321750e-01 -1.375184e-01 -7.716916e-03 2.761128e-01 -1.795123e+01 -8.537033e-01 2.052941e+01 1780 7.428977e-03
377622 4.521083e-03 -5.907983e-03 1.508021e-01 4.329426e-02 -2.158618e-02 3.370143e-01 6.963597e+00 -2.815778e+00 3.344340e+01 2702 1.115482e-02
378843 -1.116981e-02 -4.200924e-03 1.686975e-01 -1.506429e-01 -2.915576e-02 6.178625e-01 -8.345793e+00 -1.493248e+00 2.687714e+01 2894 1.390685e-02
380472 -3.889352e-03 -1.208450e-02 8.254812e-02 -Inf -Inf Inf -8.004217e+00 -2.457593e+01 2.813408e+01 4315 1.524939e-02
381743 -1.489949e-02 1.293714e-02 1.927591e-01 -9.456168e-01 5.430694e-01 4.601856e+00 -4.130664e+00 2.352807e+00 1.956824e+01 3492 1.857472e-02
383803 1.144709e-02 -5.403855e-03 1.804779e-02 Inf Inf -Inf 1.018780e+01 9.599318e-01 -4.282384e+00 1522 5.324611e-03
388929 -8.052120e-03 2.178392e-02 1.940209e-01 -1.174937e+00 2.842070e+00 8.522213e+00 -4.209281e+00 1.017357e+01 3.004213e+01 6454 2.546724e-02
389165 6.011797e-03 -3.096540e-03 1.491647e-01 1.513099e-02 -1.437615e-02 2.635114e-01 3.287752e+00 -4.066648e+00 4.122555e+01 1868 6.968713e-03
393675 1.577391e-03 -1.217900e-03 1.354407e-01 1.965710e-02 -1.675119e-02 2.844921e-01 3.377768e+00 -2.902028e+00 2.784673e+01 2497 9.684958e-03
394448 -1.150614e-02 -7.588548e-03 1.597064e-01 -5.331615e-01 -3.343589e-01 2.150477e+00 -9.348184e+00 -5.855799e+00 3.567507e+01 5478 2.167208e-02
395172 1.113314e-02 9.074882e-03 1.291566e-01 7.977040e-01 3.788811e-01 6.570791e-02 1.151283e+01 5.412757e+00 -9.286824e-01 3311 1.598400e-02
395355 1.098244e-02 6.251030e-03 1.075940e-01 -Inf Inf Inf -1.943567e+00 5.163724e+00 7.039029e+00 3300 1.273056e-02
395437 1.244637e-02 -2.359162e-02 6.978348e-02 6.085386e-02 -8.926274e-02 7.919698e-02 1.443948e+01 -1.958905e+01 2.807954e+00 6351 2.673590e-02
398343 -4.673292e-03 -9.458522e-03 1.354441e-01 -5.087157e-02 -3.555551e-01 8.287882e-01 -6.397978e-01 -4.793076e+00 9.602089e+00 7252 2.939037e-02
398528 4.398712e-03 -9.245171e-03 1.322095e-01 9.280437e-03 -6.519632e-02 1.966542e-01 5.731949e-01 -6.569586e+00 7.566869e+00 4422 1.824477e-02
401430 1.008769e-03 2.437451e-02 6.861777e-02 2.025629e-03 3.152416e-02 7.008814e-02 4.846587e+00 3.407687e+01 7.008123e+00 2286 8.167479e-03
401469 -1.174503e-02 -4.805467e-03 1.175655e-01 -Inf -Inf Inf -7.661604e+00 -3.568519e+00 8.013054e+00 5753 2.170949e-02
401524 -1.090292e-02 5.136295e-03 1.696034e-01 -7.534703e-02 4.208974e-02 5.584049e-01 -3.766092e+00 2.159547e+00 2.272143e+01 1564 8.351259e-03
401738 -2.169324e-02 1.490307e-02 6.531282e-02 -3.654655e-02 2.638074e-02 6.297774e-02 -3.259674e+01 2.518863e+01 -5.124511e+00 3428 1.365063e-02
401917 1.180968e-02 4.554206e-03 1.809344e-02 Inf Inf -Inf 1.276583e+00 1.375995e+00 -1.628086e+01 8376 2.995751e-02
402200 -1.256631e-02 -1.527900e-03 1.807126e-02 -Inf Inf Inf -1.748230e+01 1.146745e+00 1.280018e+00 2276 7.608689e-03
403030 8.558914e-03 9.376942e-03 1.809434e-02 Inf Inf Inf 6.890944e+00 6.758240e+00 5.427968e+00 5171 1.877365e-02
403936 5.935544e-03 1.493246e-03 1.505306e-01 2.867611e-02 5.976866e-03 2.450595e-01 5.590927e+00 1.102329e+00 2.324059e+01 2060 9.510051e-03
405867 1.241673e-02 1.031078e-02 1.916808e-01 9.017176e-02 1.059744e-01 1.257592e+00 1.172054e+00 1.442002e+00 1.606720e+01 1789 1.324863e-02
405997 1.024838e-02 -7.484925e-03 1.803451e-02 Inf -Inf -Inf 1.318894e+01 -1.212578e+01 -1.222477e+01 2600 9.199099e-03
409173 -1.420070e-04 -4.708372e-03 1.461333e-01 8.520901e-03 -1.939957e-01 1.206549e+00 1.344612e-01 -2.938022e+00 1.645924e+01 3410 1.617217e-02
409280 -2.581801e-02 -1.169767e-03 6.904418e-02 -3.635045e-02 2.104699e-04 6.726216e-02 -1.020850e+01 1.337786e+00 -1.727211e+00 3564 1.772004e-02
410584 -4.948853e-03 1.168300e-02 1.813080e-02 -Inf Inf -Inf -1.077698e+00 3.613865e-01 -1.163895e+00 1460 6.116512e-03
411550 1.267038e-02 7.777385e-04 1.814252e-02 Inf -Inf Inf 8.767645e+00 -7.121196e+00 1.706327e+01 5656 1.989512e-02
414676 7.588274e-03 -1.016325e-02 9.263678e-02 Inf -Inf Inf 2.839143e+00 -7.663400e+00 2.524760e+01 3664 1.375023e-02
415556 -1.063434e-02 6.898674e-03 9.248786e-02 -Inf Inf Inf -7.722393e+00 1.028590e+01 6.375002e+00 1882 8.493022e-03
415947 -1.188939e-07 5.884246e-03 1.289282e-01 1.180252e-02 1.431973e-01 2.596597e-01 9.566885e-01 1.113020e+01 1.059672e+01 4348 1.724578e-02
416717 1.659741e-02 -2.188113e-02 6.879742e-02 1.861571e-02 -2.477198e-02 6.842757e-02 1.557017e+01 -2.230136e+01 -2.853230e+00 2384 9.082493e-03
419140 -1.678870e-02 4.308209e-03 1.509117e-01 -3.956678e-01 1.819364e-01 7.981311e-01 -9.467298e+00 4.438511e+00 1.617249e+01 2656 1.149449e-02
420480 -1.175013e-03 -5.643469e-04 1.272126e-01 1.008378e-02 1.242548e-02 2.088723e-01 5.234099e+00 6.038840e+00 3.796278e+01 1131 4.851580e-03
424673 -1.303891e-02 1.813536e-02 6.647883e-02 -2.054304e-02 2.543475e-02 6.733791e-02 -1.656606e+01 1.611406e+01 1.896508e+00 5634 2.097142e-02
426291 -3.337808e-03 -1.407433e-02 1.256023e-01 -1.148440e-01 -1.278280e-01 1.182914e-01 -5.784571e+00 -5.901162e+00 -3.792622e-01 4111 1.825596e-02
426671 -2.970442e-03 1.232318e-02 1.807377e-02 -Inf Inf -Inf -8.415719e+00 1.063573e+01 -8.898968e+00 1086 3.932526e-03
427540 -5.817508e-04 -8.503892e-03 1.443608e-01 -1.727137e-02 -1.551513e-01 7.147189e-01 -8.512302e-01 -7.479542e+00 2.909030e+01 2159 8.563274e-03
430346 -2.361073e-02 1.042029e-02 1.547609e-01 -1.992280e-01 5.400310e-02 4.212727e-01 -1.219680e+01 3.026871e+00 1.850952e+01 3082 1.559649e-02
432333 1.760680e-02 1.429443e-02 1.488564e-01 3.124293e+00 3.861238e+00 6.671312e+00 5.524155e+00 6.840443e+00 1.159791e+01 1495 9.674215e-03
433718 2.760698e-04 1.348169e-03 1.272771e-01 -1.645598e-02 -4.474055e-02 2.037067e-01 -1.694004e+00 -4.666161e+00 7.737963e+00 6532 2.517410e-02
433764 1.024967e-02 7.485134e-03 1.805812e-02 Inf -Inf -Inf 1.907072e+00 -1.942684e+00 -1.199346e+01 1427 4.754295e-03
435744 -9.956296e-03 -7.879280e-03 1.076109e-01 -Inf -Inf Inf -8.778251e+00 -5.702526e-01 3.424902e+01 1842 6.831776e-03
435850 2.197550e-02 -2.837418e-03 1.444396e-01 1.150030e-01 -9.963281e-03 2.558195e-01 1.507082e+01 -1.154418e+00 1.804398e+01 2050 1.081896e-02
436100 -7.490698e-03 -1.863543e-03 1.453662e-01 -2.359910e-01 -1.442287e-01 1.678768e+00 -2.427502e+00 -1.512435e+00 1.629029e+01 3288 1.620816e-02
436863 8.186345e-04 -2.899925e-03 1.277591e-01 -7.499076e-03 -1.948487e-02 2.158567e-01 -3.653752e+00 -7.285328e+00 3.869894e+01 11912 4.344946e-02
438635 -3.942083e-03 9.991456e-04 1.686610e-01 -3.785865e-02 -6.993416e-02 1.660538e+00 -5.261522e-01 -1.100398e+00 2.314368e+01 1179 7.984676e-03
440623 -2.761869e-03 1.225909e-02 9.252453e-02 -Inf Inf Inf -4.925087e+00 9.644788e+00 2.077182e+01 1818 7.000226e-03
441304 -8.139727e-03 9.689013e-03 1.806280e-02 -Inf -Inf -Inf -1.537169e+01 -1.797504e-01 -7.055171e+00 4317 1.448359e-02
441633 4.400543e-03 -8.197695e-03 1.489755e-01 6.140265e-02 -1.065468e-01 4.564694e-01 5.022876e+00 -8.666263e+00 2.709555e+01 3467 1.453709e-02
443288 1.249405e-02 -1.712389e-03 9.258488e-02 Inf Inf Inf 1.281345e+01 6.464495e+00 2.683886e+01 5858 1.991865e-02
443317 -1.385523e-02 -6.654357e-03 1.443966e-01 -1.112714e+00 -2.919747e-01 1.972679e+00 -1.296536e+01 -3.366477e+00 2.157179e+01 4029 1.695934e-02
445515 -3.750166e-03 8.468361e-03 1.641596e-01 -2.422310e-02 3.579508e-02 3.051395e-01 -4.662372e+00 6.223206e+00 3.210584e+01 3112 1.274230e-02
447085 -1.247008e-02 2.144390e-03 8.740569e-02 -Inf -Inf Inf -1.781529e+01 -2.271874e-01 2.779920e+00 8194 2.979436e-02
447964 7.482025e-03 1.024643e-02 8.760334e-02 Inf Inf Inf 1.569518e+01 7.665515e+00 1.815563e+01 2380 1.024562e-02
448277 -7.211756e-03 -8.551362e-03 1.570829e-01 -2.216711e-01 -2.184236e-01 1.017472e+00 -6.155722e+00 -6.024056e+00 2.469613e+01 11060 4.216249e-02
452244 -1.766295e-02 1.519101e-02 6.586856e-02 -3.414988e-02 3.237751e-02 6.250397e-02 -1.213117e+01 1.264591e+01 -2.475681e+00 3889 1.487536e-02
452790 -4.002940e-03 7.729162e-03 1.521083e-01 -1.895299e-01 2.543939e-01 1.107925e+00 -2.960685e+00 3.936337e+00 1.525316e+01 3453 1.526763e-02
452955 2.900354e-02 -6.973809e-03 6.770580e-02 3.647124e-02 -9.110947e-03 6.739366e-02 2.388579e+01 -6.835728e+00 -9.984063e-01 2034 8.712512e-03
454331 1.073002e-02 -6.734684e-03 1.025106e-01 Inf -Inf Inf 1.620182e+01 -2.736156e-01 1.921383e+01 1791 6.649709e-03
455101 -4.388304e-03 5.554758e-03 1.861151e-01 -4.533665e-01 1.949985e-01 7.776510e+00 -1.717383e+00 7.246396e-01 2.903395e+01 5285 2.224480e-02
458927 -2.393325e-02 -9.275289e-03 1.663478e-01 -1.080947e+00 -1.819472e-01 1.638020e+00 -1.153603e+01 -1.884505e+00 1.606153e+01 1988 1.155018e-02
459078 8.352300e-04 6.967659e-03 1.316687e-01 1.768547e-03 6.665060e-02 2.490290e-01 1.029445e-01 6.583006e+00 1.294480e+01 3668 1.631537e-02
459383 -4.492096e-03 -1.198846e-03 1.313185e-01 -9.114617e-02 -3.083102e-02 4.195801e-01 -5.281438e+00 -1.806037e+00 1.756912e+01 9129 3.335103e-02
459485 -1.176589e-02 4.369681e-03 1.714550e-01 -1.001409e-01 4.254930e-02 6.929065e-01 -8.348666e+00 3.606777e+00 4.926082e+01 1545 6.920875e-03
459535 7.254990e-03 -2.073660e-03 1.331297e-01 2.594938e-01 -1.714965e-01 6.015352e-01 1.378666e+01 -9.260174e+00 2.560172e+01 3799 1.490612e-02
459870 3.449967e-03 1.846686e-03 1.305328e-01 7.116787e-02 6.288257e-02 2.571003e-01 8.326348e+00 7.504751e+00 1.556227e+01 5454 2.291290e-02
461642 6.588175e-03 9.143256e-03 1.313143e-01 -2.217988e-03 1.024009e-01 2.059948e-01 -7.682875e-01 8.136195e+00 6.515449e+00 5951 2.500785e-02
463697 -2.071897e-03 -4.609143e-03 1.425179e-01 -1.431154e-02 -4.219431e-02 2.886041e-01 -2.122057e+00 -6.516357e+00 2.532780e+01 8631 3.318163e-02
464160 -6.823479e-04 -4.879030e-03 1.579249e-01 -1.909179e-02 -2.330771e-01 2.653294e+00 -2.953857e-01 -3.661514e+00 4.003904e+01 4081 1.650017e-02
465090 1.335814e-03 3.692476e-04 1.498384e-01 2.549877e-03 4.854766e-03 2.139712e-01 5.809108e-01 2.146253e+00 3.068656e+01 7409 2.841159e-02
467165 -3.280908e-03 1.224464e-02 1.125046e-01 -Inf Inf Inf -1.957225e-01 4.120381e+00 8.243963e+00 4148 1.568822e-02
469877 -1.169481e-02 -4.778703e-03 8.739563e-02 -Inf Inf -Inf -9.610360e+00 3.724073e+00 -8.733737e-01 2508 9.458264e-03
472346 1.498118e-02 2.597831e-03 1.626103e-01 3.629192e-01 1.354846e-01 1.456944e+00 4.648832e+00 1.775512e+00 1.729371e+01 2027 1.084353e-02
475843 -1.090718e-02 -6.412647e-03 1.075728e-01 -Inf -Inf Inf -2.557905e+00 -6.936092e+00 3.335547e+00 2081 8.805541e-03
477305 -2.383461e-03 -2.126898e-03 1.306998e-01 -2.608063e-02 -2.710073e-02 1.731205e-01 -1.151497e+01 -1.213533e+01 2.061315e+01 12297 4.500740e-02
479953 1.542478e-02 2.476046e-02 6.573363e-02 1.599840e-02 2.602274e-02 6.579426e-02 1.009157e+01 2.220723e+01 1.066628e+00 4092 1.564437e-02
480011 -1.403450e-02 -6.919884e-03 1.578940e-01 -2.882990e-01 -1.507472e-01 9.491089e-01 -1.106351e+01 -5.801826e+00 3.191668e+01 3564 1.475259e-02
481122 -3.552730e-03 -2.341217e-03 1.590473e-01 -9.396345e-02 -1.316230e-01 1.010861e+00 -3.422407e+00 -4.893832e+00 3.224457e+01 1497 6.801152e-03
483795 7.133480e-03 -1.036817e-02 9.256367e-02 -Inf -Inf Inf -1.132841e+00 -1.275892e+01 2.488315e+01 4079 1.458732e-02
484059 1.578102e-02 3.826928e-03 1.336165e-01 1.198288e+00 3.248718e-01 1.960321e+00 1.109977e+01 3.013532e+00 1.714662e+01 2498 1.164257e-02
484909 1.787383e-02 -8.784726e-03 1.928560e-01 4.828517e-01 -2.364687e-01 2.248044e+00 6.899100e+00 -3.378257e+00 3.049380e+01 5189 2.272619e-02
484914 6.103759e-03 1.345653e-03 1.373531e-01 2.139973e-02 1.131527e-02 2.023170e-01 8.607552e+00 5.610235e+00 3.655735e+01 3190 1.199928e-02
488619 9.856454e-04 -4.310089e-03 1.232495e-01 2.234673e-02 -5.294760e-02 2.350272e-01 3.045382e+00 -6.934097e+00 1.593579e+01 1425 6.980894e-03
491735 -1.138861e-02 -5.391273e-03 1.075083e-01 -Inf -Inf Inf -1.129721e+01 -1.919124e+00 1.193308e+01 2113 8.694996e-03
491742 3.236081e-03 5.222506e-03 1.329898e-01 8.536266e-02 1.090637e-01 6.372841e-01 5.751618e+00 7.272372e+00 3.531754e+01 1526 6.022671e-03
492113 8.160717e-03 9.688396e-03 9.242046e-02 Inf Inf Inf 2.596175e+00 1.844680e+01 1.201487e+01 6316 2.380658e-02
492114 2.412239e-02 1.978250e-03 6.635084e-02 3.476439e-02 1.982165e-03 6.308255e-02 2.286786e+01 8.412236e-03 -7.022997e+00 6358 2.407297e-02
492637 -4.644962e-03 -5.353580e-04 1.295421e-01 -1.407342e-02 -3.262051e-02 2.283902e-01 -1.669316e+00 -5.680699e+00 1.750113e+01 2995 1.174748e-02
495030 -5.036874e-03 -1.703896e-03 1.341557e-01 -2.045594e-02 -4.980836e-02 2.618488e-01 -2.316935e+00 -7.228385e+00 1.918772e+01 2492 1.125894e-02
495718 4.804632e-03 -1.143528e-02 1.473160e-01 2.364032e-02 -3.847092e-01 8.977500e-01 7.794494e-01 -1.544664e+01 3.105410e+01 4508 1.767036e-02
497647 6.763234e-03 2.509041e-03 1.401087e-01 1.323258e-01 -2.029466e-03 6.221325e-01 5.538501e+00 -2.001912e-01 2.126182e+01 3614 1.456676e-02
498116 -4.128993e-04 3.521739e-03 1.646950e-01 1.146010e-01 4.865033e-01 5.069476e+00 3.978326e-01 1.670631e+00 1.696561e+01 5205 2.184631e-02
499642 2.509879e-02 -8.216989e-03 6.582050e-02 3.328198e-02 -8.691168e-03 6.481446e-02 2.149010e+01 -1.245254e+00 -2.641986e+00 2556 1.036266e-02
