/n/home03/calmiller/DSMC_Simulations/5_25_20_cold_second_stage/flow_2.000_gap_0.00200_len_0.01000/data
running....
idx x y z xnext ynext znext vx vy vz collides time
12522 1.649881e-02 -7.832008e-04 3.039728e-01 6.775569e-01 -1.326230e-01 8.046083e+00 2.688105e+00 -5.361093e-01 3.148227e+01 1507 1.616050e-02
87530 -7.279890e-03 1.926059e-02 1.162290e-01 -1.136126e-01 3.174827e-01 8.314013e-01 -3.792941e+00 1.063774e+01 2.551057e+01 604 5.625408e-03
50044 4.115535e-03 -2.335433e-02 1.278309e-01 2.508966e-02 -1.258436e-01 4.028950e-01 1.741829e+00 -8.511380e+00 2.284313e+01 1809 1.283733e-02
37546 -2.742553e-04 9.535814e-03 1.621980e-01 2.200630e-02 9.106330e-02 7.581154e-01 9.706810e-01 3.551850e+00 2.596191e+01 2563 1.788344e-02
62557 -8.788484e-03 -2.480689e-03 1.282100e-01 -5.952882e-02 -7.047139e-03 4.825826e-01 -4.058342e+00 -3.652363e-01 2.834363e+01 560 5.353423e-03
121 -6.778741e-03 1.944629e-03 1.020109e-01 -8.539863e-02 3.672838e-02 5.077074e-01 -4.999134e+00 2.211764e+00 2.579667e+01 1099 7.645315e-0387597 -7.565582e-03 -1.498710e-02 1.076601e-01 -8.676244e-02 -2.268926e-01 5.963274e-01 -4.247303e+00 -1.136443e+01 2.620708e+01 979 7.345828e-03

62603 6.471641e-03 -7.615535e-03 1.070162e-01 5.170900e-02 -4.683201e-02 3.375770e-01 7.147968e+00 -6.196606e+00 3.643097e+01 346 3.146219e-03
87624 1.382383e-03 3.034944e-03 1.285988e-01 1.066381e-02 2.890510e-02 4.709359e-01 8.059157e-01 2.246333e+00 2.972550e+01 726 6.374528e-03
37646 8.738430e-03 4.176731e-03 1.232831e-01 1.011406e-01 4.362633e-02 6.651168e-01 5.360331e+00 2.288506e+00 3.143224e+01 1160 8.748133e-03
50168 1.210078e-02 1.136557e-02 1.312901e-01 3.686920e-02 3.312667e-02 2.443651e-01 6.143266e+00 5.397366e+00 2.804579e+01 1832 1.273487e-02
12671 1.345438e-02 -9.018181e-03 1.445562e-01 1.134326e-01 -6.495236e-02 6.762379e-01 4.874771e+00 -2.727256e+00 2.592390e+01 1295 1.070447e-02
12676 -5.737563e-03 -4.601363e-03 9.933467e-02 -5.575513e-02 -7.914340e-02 3.841252e-01 -4.078741e+00 -6.078618e+00 2.322358e+01 1036 7.441720e-03
75218 -3.178656e-03 -8.585145e-03 1.182262e-01 -6.369524e-02 -1.207761e-01 6.591550e-01 -2.800851e+00 -5.192465e+00 2.503547e+01 1066 8.170649e-03
25279 4.731598e-03 8.592307e-03 1.016256e-01 3.022648e-02 6.107471e-02 2.686952e-01 5.796308e+00 1.193197e+01 3.798358e+01 1286 8.170488e-03
37778 1.892199e-02 8.742428e-05 1.313117e-01 3.194169e-02 6.388124e-04 1.755891e-01 6.546801e+00 2.772589e-01 2.226439e+01 848 7.427496e-03
62783 9.491856e-03 4.185972e-03 9.745253e-02 5.180561e-02 1.586195e-02 2.118993e-01 9.523021e+00 2.627765e+00 2.575708e+01 844 5.909013e-03
50294 -1.611006e-02 8.127462e-03 3.110286e-01 -4.106284e-01 3.247079e-01 4.040368e+00 -2.488527e+00 1.996913e+00 2.352377e+01 451 1.306586e-02
12800 2.133360e-02 -2.027314e-02 1.799806e-01 4.929747e-02 -5.661089e-02 3.645339e-01 3.487719e+00 -4.532130e+00 2.301792e+01 1195 1.281540e-02
25394 -1.689763e-02 1.067857e-02 2.198534e-01 -1.182688e-01 1.367284e-01 1.200664e+00 -2.656060e+00 3.302674e+00 2.569855e+01 578 9.898893e-03
87892 -1.393448e-02 1.519842e-02 1.369514e-01 -4.145858e-02 3.754131e-02 2.316147e-01 -6.160887e+00 5.001147e+00 2.118907e+01 346 5.603874e-03
25442 -1.070337e-02 1.171326e-02 1.132271e-01 -4.385047e-02 5.090889e-02 2.321639e-01 -7.689842e+00 9.093047e+00 2.759230e+01 758 6.369950e-03
50431 1.140606e-02 -9.064625e-03 9.428636e-02 6.821749e-02 -4.753423e-02 1.901481e-01 1.059867e+01 -7.176844e+00 1.788386e+01 1183 8.391950e-03
87939 -1.189748e-02 9.441467e-03 1.315114e-01 -1.455653e-01 9.823034e-02 8.051637e-01 -5.151354e+00 3.421789e+00 2.596154e+01 502 5.574978e-03
50464 -5.617090e-03 -1.342125e-02 1.256293e-01 -1.370022e-02 -4.417869e-02 2.928676e-01 -1.654546e+00 -6.295783e+00 3.423223e+01 2235 1.454004e-02
87962 3.419006e-03 -3.378384e-03 1.573578e-01 7.376753e-02 -1.953996e-02 1.120241e+00 1.472246e+00 -3.382276e-01 2.015111e+01 3177 2.337119e-02
75485 -4.509260e-03 -7.661520e-03 1.118700e-01 -4.703181e-02 -5.742010e-02 4.550575e-01 -3.980909e+00 -4.658337e+00 3.212880e+01 1828 1.182629e-02
25553 -1.530486e-02 -4.229204e-03 1.483616e-01 -5.852211e-02 -1.702161e-02 3.810784e-01 -5.352241e+00 -1.584275e+00 2.882081e+01 2528 1.734971e-02
75570 5.296499e-03 1.100442e-02 1.152653e-01 6.381784e-02 8.928471e-02 4.786684e-01 3.866416e+00 5.171860e+00 2.400949e+01 699 5.969352e-03
88070 1.270715e-02 -6.965705e-03 1.186286e-01 1.498412e-01 -1.094334e-01 8.524509e-01 5.112484e+00 -3.820094e+00 2.735759e+01 976 7.221972e-03
88084 2.421963e-03 1.657834e-02 1.709728e-01 6.468513e-02 1.659749e-01 1.094313e+00 2.350482e+00 5.639834e+00 3.485681e+01 450 5.550684e-03
13100 -1.336173e-02 -1.289531e-02 2.120380e-01 -3.032573e-01 -2.102718e-01 3.107923e+00 -2.414043e+00 -1.643611e+00 2.411487e+01 456 8.904668e-03
63150 1.230064e-02 6.974002e-03 1.619324e-01 1.125668e-01 6.925629e-02 8.916588e-01 4.320060e+00 2.683488e+00 3.144092e+01 1166 9.884163e-03
38195 4.999787e-03 -2.645572e-02 2.005817e-01 2.032235e-01 -9.529625e-01 4.951586e+00 1.716952e+00 -8.025114e+00 4.115172e+01 1327 1.113174e-02
25712 -1.313737e-03 1.309288e-02 1.092085e-01 -7.050717e-03 3.660753e-02 1.873736e-01 -2.316198e+00 9.493598e+00 3.155770e+01 929 7.150705e-03
1100 7.936381e-03 3.187864e-05 1.399950e-01 2.245398e-01 -3.591011e-02 1.264986e+00 5.568681e+00 -9.240365e-01 2.892253e+01 610 5.940740e-03
25736 7.251442e-03 -8.408903e-04 8.880429e-02 3.645931e-02 -9.297059e-04 1.699444e-01 7.117446e+00 -2.164280e-02 1.977241e+01 1245 8.094990e-03
1120 -3.096911e-04 5.725883e-03 8.408949e-02 -1.167816e-02 3.665034e-02 1.751887e-01 -3.265470e+00 8.882713e+00 2.616726e+01 729 4.727240e-03
1199 1.268509e-02 -4.116830e-03 1.268486e-01 9.567944e-02 -6.260885e-02 5.354612e-01 5.729364e+00 -4.037890e+00 2.820783e+01 1482 1.089501e-02
88248 1.640391e-02 1.260134e-03 1.136763e-01 6.699770e-02 7.139221e-03 2.632639e-01 6.349858e+00 7.378645e-01 1.877423e+01 1056 8.779058e-03
75779 1.492653e-02 1.283481e-02 1.595339e-01 3.490643e-01 3.563602e-01 2.114837e+00 5.936991e+00 6.103791e+00 3.474202e+01 1203 9.962724e-03
50779 -8.619446e-03 1.590195e-02 1.703887e-01 -4.109809e-02 8.591612e-02 5.973551e-01 -1.858330e+00 4.006000e+00 2.442973e+01 529 7.345081e-03
38312 -1.503913e-02 -2.068999e-02 1.623470e-01 -4.726260e-01 -6.351063e-01 3.010791e+00 -5.772116e+00 -7.750403e+00 3.593099e+01 619 6.290342e-03
38342 -4.177701e-03 -8.963724e-03 1.040705e-01 -2.925991e-02 -4.636585e-02 2.308925e-01 -3.389343e+00 -5.054126e+00 1.713737e+01 794 7.033617e-03
63358 5.504702e-03 1.062298e-02 1.173178e-01 2.393842e-02 4.285888e-02 2.563805e-01 4.828513e+00 8.443845e+00 3.642597e+01 1099 7.775794e-03
63364 1.373830e-03 -2.337479e-02 9.318175e-02 3.501714e-03 -5.714204e-02 1.154103e-01 9.423337e-01 -1.495383e+01 9.843935e+00 946 7.473404e-03
75955 -6.667620e-03 1.501316e-04 9.099176e-02 -5.571652e-02 4.758229e-03 2.261978e-01 -9.434588e+00 8.863705e-01 2.600697e+01 2447 1.451874e-02
88418 1.368692e-02 1.160140e-02 1.360621e-01 7.788921e-02 6.962859e-02 3.606442e-01 5.415865e+00 4.894956e+00 1.894490e+01 798 8.276175e-03
63523 -1.127336e-02 2.888662e-03 1.158327e-01 -2.961761e-02 6.174644e-03 1.853733e-01 -7.081711e+00 1.268537e+00 2.684582e+01 945 7.318460e-03
63537 4.711998e-03 -6.147833e-03 8.580447e-02 1.773808e-02 -2.706020e-02 1.308921e-01 6.441873e+00 -1.034193e+01 2.229750e+01 848 5.351715e-03
1662 -8.452576e-04 9.491796e-03 9.522389e-02 -1.081695e-02 7.740336e-02 2.317920e-01 -1.827742e+00 1.244772e+01 2.503199e+01 398 3.370321e-03
51049 -7.443574e-04 -2.096529e-03 1.288781e-01 -6.914005e-02 -7.660584e-02 1.720487e+00 -1.115946e+00 -1.215696e+00 2.596874e+01 859 7.467113e-03
13576 1.218382e-02 7.710807e-03 1.042718e-01 4.102883e-02 3.401376e-02 2.201677e-01 3.989010e+00 3.637466e+00 1.602739e+01 1146 8.990351e-03
63611 2.501778e-02 3.378668e-03 1.748200e-01 1.476158e-01 1.512129e-02 7.392711e-01 5.928521e+00 5.678426e-01 2.729540e+01 758 8.468819e-03
76143 2.881442e-02 -2.739600e-03 2.237064e-01 6.741123e-01 1.178959e-02 3.732367e+00 4.841453e+00 1.090076e-01 2.632430e+01 920 1.166219e-02
26187 -2.243513e-03 -2.445795e-02 1.371402e-01 -5.391947e-03 -7.041560e-02 2.528177e-01 -5.754230e-01 -8.399443e+00 2.114178e+01 882 8.235797e-03
38680 3.488580e-03 -1.596554e-02 1.583320e-01 4.415764e-02 -1.526006e-01 8.515668e-01 1.974480e+00 -6.633623e+00 3.365649e+01 742 7.146888e-03
1895 -3.704605e-03 -1.839304e-02 1.138257e-01 -3.313744e-02 -1.016959e-01 2.943323e-01 -3.089097e+00 -8.742970e+00 1.894491e+01 610 5.842363e-03
1935 2.191676e-02 3.025808e-03 1.422309e-01 2.500787e-01 4.202806e-02 9.777842e-01 8.812507e+00 1.506419e+00 3.227233e+01 959 7.893083e-03
1952 1.816556e-03 6.306153e-03 9.956679e-02 2.866584e-02 9.673437e-02 4.392192e-01 2.330236e+00 7.848221e+00 2.947827e+01 408 3.325256e-03
1971 5.721888e-03 2.343866e-03 9.468594e-02 3.827639e-02 2.884148e-02 3.093659e-01 3.388386e+00 2.757964e+00 2.234464e+01 3881 2.381269e-02
76258 -2.339915e-03 -1.568898e-02 1.132537e-01 -9.125481e-03 -6.998642e-02 2.388672e-01 -1.461002e+00 -1.169079e+01 2.704588e+01 1218 8.721130e-03
1998 1.825842e-02 -1.393608e-03 1.502295e-01 2.112378e-01 1.891354e-02 1.355011e+00 4.920066e+00 5.177368e-01 3.071626e+01 2004 1.438481e-02
26286 -8.207178e-03 -1.898637e-02 2.922378e-01 -4.022927e-01 -6.356133e-01 9.085624e+00 -1.288885e+00 -2.016723e+00 2.875940e+01 1173 1.463427e-02
38778 -4.597466e-04 -8.004147e-04 9.868018e-02 -1.076292e-02 -6.786665e-03 3.827691e-01 -1.298707e+00 -7.545624e-01 3.580919e+01 1180 7.575459e-03
13732 -3.794893e-03 -7.559568e-03 1.571600e-01 -4.733702e-02 -6.635355e-02 8.646791e-01 -1.921557e+00 -2.594637e+00 3.122351e+01 908 8.231711e-03
2023 1.073022e-03 1.696346e-02 1.413980e-01 7.428061e-03 1.946278e-01 7.713937e-01 2.549094e-01 7.126361e+00 2.526999e+01 644 6.810110e-03
38799 -1.016925e-03 -8.354074e-03 9.984408e-02 -1.209917e-02 -8.020067e-02 3.093393e-01 -1.331388e+00 -8.631436e+00 2.516813e+01 1498 9.892787e-03
88752 -1.711383e-02 1.101322e-02 2.066945e-01 -8.533238e-02 5.871689e-02 7.869716e-01 -4.054786e+00 2.835419e+00 3.449061e+01 2345 1.746080e-02
26327 8.409562e-03 -5.614278e-03 1.108334e-01 6.343163e-02 -1.173120e-02 3.300002e-01 5.525706e+00 -6.143048e-01 2.201028e+01 753 6.321761e-03
51306 -4.838762e-03 -2.544833e-03 1.139054e-01 -3.976768e-02 -2.208871e-02 3.724305e-01 -2.925757e+00 -1.637057e+00 2.165488e+01 1491 1.125596e-02
2108 -1.176590e-02 -7.301183e-03 1.258683e-01 -1.433601e-01 -7.798598e-02 7.112362e-01 -4.146250e+00 -2.227126e+00 1.844368e+01 2376 1.651749e-02
13804 -3.975000e-03 -3.976440e-03 1.142912e-01 -4.502665e-02 -1.543838e-02 4.055808e-01 -4.235632e+00 -1.182622e+00 3.005472e+01 950 7.231199e-03
2135 -2.261008e-03 2.616303e-03 1.391098e-01 8.031858e-04 1.071990e-02 1.262875e+00 8.561326e-02 2.264137e-01 3.139789e+01 702 6.209027e-03
88806 1.350999e-02 -4.105584e-03 1.577467e-01 1.825542e-01 -5.166979e-02 1.182220e+00 6.501273e+00 -1.829273e+00 3.940025e+01 810 6.783295e-03
26385 -7.425966e-03 -1.452676e-02 1.249733e-01 -2.244193e-01 -4.153964e-01 1.444548e+00 -4.786891e+00 -8.843216e+00 2.910991e+01 733 6.249823e-03
63863 -7.852100e-03 -1.732269e-02 2.396064e-01 -1.601396e-01 -3.487679e-01 2.543168e+00 -1.522793e+00 -3.314273e+00 2.303437e+01 739 1.199706e-02
2192 7.809872e-03 2.278276e-02 1.851077e-01 2.476599e-01 6.171872e-01 2.899915e+00 2.828863e+00 7.010583e+00 3.201925e+01 762 7.787875e-03
2195 1.063601e-02 -2.790528e-02 2.773307e-01 1.110705e-01 -2.818733e-01 2.115989e+00 1.912871e+00 -4.837062e+00 3.501900e+01 645 9.731773e-03
2250 -1.202824e-02 -6.013579e-03 1.297299e-01 -2.344252e-01 -6.745395e-02 1.095360e+00 -7.221879e+00 -1.995148e+00 3.135683e+01 795 6.536674e-03
38937 1.073195e-02 4.365379e-03 1.417338e-01 1.538345e-01 1.010959e-01 1.207325e+00 4.647015e+00 3.141161e+00 3.460329e+01 814 6.997079e-03
76443 -8.233317e-04 -3.500491e-03 1.444435e-01 -6.007058e-02 -6.532528e-02 1.799231e+00 -1.145110e+00 -1.194928e+00 3.198316e+01 573 6.024375e-03
76465 -5.607795e-03 4.234170e-03 2.233132e-01 -1.854391e-02 1.541839e-02 5.663926e-01 -1.620070e+00 1.400669e+00 4.296597e+01 1261 1.087052e-02
88958 -5.969972e-03 -1.213899e-02 1.375361e-01 -2.246584e-02 -3.392863e-02 2.797606e-01 -3.222926e+00 -4.257210e+00 2.778750e+01 1354 1.052784e-02
2421 -6.723297e-03 7.154078e-03 9.615115e-02 -2.301876e-02 2.653162e-02 1.760535e-01 -6.197870e+00 7.370118e+00 3.039032e+01 3163 1.929819e-02
26562 -9.617067e-03 -7.459900e-03 1.118433e-01 -8.955671e-02 -8.954985e-02 5.210249e-01 -5.642953e+00 -5.794743e+00 2.888420e+01 1008 7.346732e-03
89002 -3.597420e-03 -8.785423e-03 1.035278e-01 -1.314816e-02 -2.975865e-02 1.616780e-01 -3.876641e+00 -8.513019e+00 2.360312e+01 1993 1.318029e-02
89029 2.128870e-02 -1.432170e-02 1.602824e-01 6.139149e-02 -3.914044e-02 3.778064e-01 5.160663e+00 -3.193822e+00 2.799226e+01 2019 1.587248e-02
51568 -6.299084e-03 7.458398e-03 9.945498e-02 -3.654008e-02 4.252775e-02 2.293435e-01 -6.170738e+00 7.155972e+00 2.650402e+01 250 2.508349e-03
2551 6.135409e-03 1.630509e-02 1.304932e-01 2.467077e-02 6.970371e-02 3.195055e-01 2.648679e+00 7.630591e+00 2.700960e+01 1820 1.249704e-02
14176 5.480913e-03 2.591598e-03 2.167039e-01 4.349776e-02 3.456218e-02 1.065829e+00 7.854826e-01 6.605582e-01 1.754414e+01 548 1.193497e-02
26775 -8.443752e-04 -1.370735e-02 1.345470e-01 -8.595990e-03 -4.709130e-02 3.232814e-01 -1.569072e+00 -6.757535e+00 3.820336e+01 289 3.660398e-03
76772 5.452419e-03 -9.519362e-03 1.990734e-01 3.867589e-01 -8.874619e-01 9.795601e+00 1.612404e+00 -3.712495e+00 4.058017e+01 1109 9.611919e-03
14213 1.109790e-02 1.186118e-02 1.187464e-01 3.213118e-01 2.971149e-01 1.085877e+00 5.834865e+00 5.365384e+00 1.819092e+01 1471 1.107652e-02
76854 9.215394e-03 -9.041570e-03 1.706278e-01 6.010926e-02 -6.018523e-02 6.008438e-01 3.421323e+00 -3.438116e+00 2.892113e+01 2978 2.088067e-02
64344 -4.192046e-04 4.647005e-03 1.080253e-01 -1.271948e-02 8.923861e-02 8.780427e-01 -5.075450e-01 3.490494e+00 3.177314e+01 840 6.229454e-03
76884 -3.998174e-03 1.349577e-02 1.122018e-01 -6.549086e-02 1.454339e-01 4.618495e-01 -4.623657e+00 9.920471e+00 2.629014e+01 650 5.642138e-03
39407 1.185236e-02 -2.236132e-02 2.181296e-01 4.612061e-01 -6.744119e-01 4.497299e+00 3.474904e+00 -5.042382e+00 3.309131e+01 871 1.009894e-02
39408 3.969836e-03 -3.788786e-03 9.269900e-02 1.760585e-02 -2.434886e-02 1.771345e-01 4.116878e+00 -6.207337e+00 2.549212e+01 1118 7.404142e-03
14362 -1.027846e-02 -1.808126e-02 1.598652e-01 -4.047824e-01 -6.786903e-01 3.011755e+00 -2.976782e+00 -4.984714e+00 2.151931e+01 1832 1.522061e-02
51915 -1.528610e-02 -1.202421e-02 1.391504e-01 -8.331439e-02 -6.624293e-02 4.403035e-01 -6.990087e+00 -5.571117e+00 3.094429e+01 1508 1.080540e-02
14395 -2.279270e-03 -6.054073e-03 8.785063e-02 -7.606287e-03 -2.997856e-02 1.668441e-01 -1.904134e+00 -8.551769e+00 2.823608e+01 1067 7.126734e-03
64468 -1.972507e-02 6.861203e-03 1.361557e-01 -4.653662e-02 1.691922e-02 2.391515e-01 -7.597772e+00 2.850208e+00 2.918661e+01 872 7.159505e-03
27040 -3.337609e-03 -3.339430e-03 9.985053e-02 -1.770505e-03 -8.008399e-02 6.684284e-01 1.133041e-01 -5.548753e+00 4.110908e+01 1093 6.870844e-03
89470 6.633276e-03 -4.326378e-03 1.138404e-01 8.514111e-02 -4.422557e-02 6.912169e-01 4.569265e+00 -2.322188e+00 3.360411e+01 320 3.288354e-03
64519 -1.505019e-02 -1.020327e-02 1.573094e-01 -4.467513e-02 -3.024815e-02 2.887023e-01 -4.497327e+00 -3.042990e+00 1.994662e+01 733 9.484183e-03
89496 -4.095327e-03 -4.152758e-03 1.102459e-01 -3.134486e-02 -2.059772e-02 4.472794e-01 -3.017272e+00 -1.820910e+00 3.731887e+01 212 2.473794e-03
14494 5.497259e-03 3.547829e-03 1.294707e-01 6.387853e-02 2.078045e-02 6.612574e-01 2.352190e+00 6.943049e-01 2.142577e+01 3023 2.049177e-02
89525 -8.780568e-03 1.228422e-03 1.473274e-01 -5.813913e-02 1.227491e-02 6.206657e-01 -2.652208e+00 5.935667e-01 2.543412e+01 699 7.317505e-03
39627 -4.547292e-03 1.562587e-02 1.285922e-01 -6.643613e-02 2.866587e-01 1.023690e+00 -1.537887e+00 6.734943e+00 2.224244e+01 1686 1.259472e-02
3423 5.892766e-03 -4.942657e-03 1.209795e-01 3.142597e-02 -3.650179e-02 4.133738e-01 2.238908e+00 -2.767299e+00 2.563893e+01 1650 1.182741e-02
52153 6.622244e-03 1.546920e-02 1.067812e-01 2.388132e-02 4.649184e-02 1.783209e-01 4.485077e+00 8.061783e+00 1.859086e+01 1514 1.071061e-02
64687 8.703191e-03 -1.026793e-02 1.313504e-01 1.827257e-01 -1.437165e-01 1.099944e+00 4.728580e+00 -3.626096e+00 2.631885e+01 409 4.703526e-03
52209 1.346919e-02 1.960810e-02 3.304735e-01 5.048720e-01 9.921089e-01 8.684399e+00 1.585790e+00 3.138326e+00 2.695869e+01 2775 2.732305e-02
52220 8.390359e-03 1.711106e-03 1.073555e-01 4.746628e-02 5.001889e-03 3.034511e-01 5.929640e+00 4.993652e-01 2.975685e+01 890 6.411220e-03
14671 1.640134e-02 -6.328036e-03 1.440019e-01 1.372337e-01 -4.511349e-02 6.056580e-01 5.618398e+00 -1.803426e+00 2.146585e+01 1752 1.377144e-02
27316 -8.937810e-03 -1.564402e-02 1.223496e-01 -2.689472e-01 -3.379075e-01 1.258690e+00 -8.196388e+00 -1.015885e+01 3.582136e+01 1272 8.813318e-03
89762 -3.145621e-03 1.160180e-02 1.076920e-01 -3.306101e-03 3.067285e-02 1.692306e-01 -7.395888e-02 8.789111e+00 2.836071e+01 802 6.005763e-03
77364 2.425739e-03 1.342964e-02 2.146312e-01 1.308850e-01 3.816134e-01 3.640725e+00 9.835869e-01 2.819110e+00 2.623291e+01 838 1.058653e-02
64850 -1.017600e-03 -8.725107e-03 9.797237e-02 -6.394837e-03 -2.978468e-02 1.638935e-01 -1.937006e+00 -7.586152e+00 2.374634e+01 985 6.758186e-03
14804 -2.051812e-03 -1.167023e-02 1.034740e-01 -3.316014e-02 -1.434748e-01 5.260566e-01 -2.900618e+00 -1.228978e+01 3.940265e+01 1527 9.615595e-03
14815 7.144764e-03 2.181826e-03 9.021230e-02 3.220789e-02 3.937618e-03 1.523611e-01 9.013140e+00 6.314135e-01 2.234980e+01 933 6.143854e-03
3851 6.102671e-03 1.918707e-02 9.844285e-02 1.040890e-02 3.517658e-02 1.165598e-01 4.287613e+00 1.592040e+01 1.803866e+01 1191 8.577425e-03
89848 2.146881e-02 -8.065849e-03 1.371352e-01 2.747828e-01 -9.898403e-02 9.480724e-01 1.026997e+01 -3.686045e+00 3.287738e+01 1052 8.456963e-03
39969 1.599626e-02 -7.664075e-03 1.140123e-01 2.906520e-02 -1.401843e-02 1.475315e-01 1.027808e+01 -4.997387e+00 2.636115e+01 755 6.324600e-03
3916 2.537749e-03 2.740612e-03 1.211003e-01 4.164703e-02 3.503849e-02 5.525002e-01 3.564501e+00 2.943696e+00 3.931868e+01 3493 2.146249e-02
27504 -1.532459e-02 -2.148637e-03 1.095927e-01 -1.369418e-01 -1.146119e-02 3.923920e-01 -1.182866e+01 -9.057519e-01 2.750547e+01 760 5.844772e-03
77483 -2.136622e-04 -1.127152e-02 1.168266e-01 1.632392e-02 -1.073879e-01 5.844596e-01 1.249587e+00 -7.262597e+00 3.533455e+01 3216 2.057550e-02
77491 -1.592409e-02 -3.170087e-03 2.236009e-01 -6.680457e-02 -7.420056e-03 6.549064e-01 -3.928545e+00 -3.281453e-01 3.330162e+01 1267 1.180433e-02
77525 -5.922343e-04 1.672849e-02 1.996784e-01 -4.736135e-02 1.792876e-01 1.472959e+00 -1.574013e+00 5.470919e+00 4.285222e+01 1167 9.527483e-03
77532 4.719396e-03 5.269844e-03 8.691480e-02 3.223424e-02 3.966495e-02 1.952939e-01 6.560207e+00 8.200631e+00 2.584021e+01 1508 9.318074e-03
65033 1.678705e-02 -2.127537e-02 1.810794e-01 1.319288e-01 -2.368217e-01 1.387452e+00 2.044579e+00 -3.827468e+00 2.142163e+01 2737 2.046681e-02
65058 -1.466891e-02 -9.354747e-03 2.069259e-01 -9.881952e-01 -2.567605e-01 7.522056e+00 -4.980180e+00 -1.265631e+00 3.742135e+01 465 6.525376e-03
40133 -2.496281e-04 9.970402e-03 1.182052e-01 -2.219913e-04 3.050847e-02 2.264779e-01 8.732717e-03 6.489638e+00 3.421208e+01 1030 7.596090e-03
40186 -1.774539e-03 4.856868e-03 1.122212e-01 -8.221423e-04 2.056349e-02 3.695762e-01 1.286925e-01 2.122355e+00 3.477505e+01 3988 2.437557e-02
40187 -1.677905e-02 5.596905e-03 1.178087e-01 -3.615622e-02 1.336348e-02 1.543279e-01 -9.796133e+00 3.926392e+00 1.846231e+01 882 8.051347e-03
52646 6.843764e-03 1.147143e-02 1.101842e-01 3.630963e-02 6.802235e-02 2.795833e-01 3.099167e+00 5.947924e+00 1.781709e+01 1289 1.009069e-02
15108 -1.360426e-02 -2.139385e-03 1.062387e-01 -4.284698e-02 -3.545640e-03 1.892330e-01 -6.622436e+00 -3.184668e-01 1.879526e+01 927 7.433806e-03
27808 -3.779232e-03 -6.138396e-03 1.214832e-01 -1.604173e-01 -1.957052e-01 1.612467e+00 -4.084904e+00 -4.943640e+00 3.888281e+01 1861 1.226347e-02
52753 3.746899e-04 1.148314e-02 1.431562e-01 -5.386593e-02 2.593612e-01 1.646387e+00 -1.126906e+00 5.149927e+00 3.123121e+01 623 6.146629e-03
15157 -7.559870e-03 7.702470e-03 9.174574e-02 -3.957432e-02 3.301322e-02 1.659230e-01 -1.201508e+01 9.499164e+00 2.783884e+01 2574 1.563202e-02
65273 1.214049e-02 -9.505818e-03 1.500374e-01 1.938859e-01 -1.670976e-01 1.101942e+00 5.867611e+00 -5.087816e+00 3.073204e+01 541 5.640307e-03
90252 -7.137169e-03 9.332693e-03 1.096097e-01 -2.169457e-02 2.345908e-02 1.689749e-01 -6.110256e+00 5.929343e+00 2.491766e+01 791 6.209589e-03
4560 1.768653e-02 -1.208502e-02 1.235187e-01 2.847000e-01 -2.025062e-01 8.536994e-01 1.108729e+01 -7.906924e+00 3.031954e+01 1505 1.070066e-02
90277 2.875332e-03 2.237926e-02 2.212097e-01 1.760857e-02 1.638849e-01 1.143127e+00 6.075589e-01 5.835310e+00 3.801740e+01 1064 1.025214e-02
4570 5.858642e-03 4.146854e-03 1.039275e-01 3.291812e-02 4.596709e-02 3.647478e-01 3.118324e+00 4.819349e+00 3.005683e+01 1527 1.012662e-02
27911 2.070369e-02 -1.443936e-02 1.659145e-01 1.716698e-01 -9.676919e-02 7.660107e-01 5.922971e+00 -3.230111e+00 2.354405e+01 936 9.923122e-03
15256 3.746427e-03 6.102986e-03 9.412923e-02 2.536077e-02 3.092816e-02 2.052712e-01 5.301161e+00 6.088653e+00 2.725881e+01 1207 7.885155e-03
52831 -1.342537e-02 1.245021e-02 1.851090e-01 -4.262009e-02 4.718355e-02 5.030605e-01 -2.955170e+00 3.515804e+00 3.218392e+01 532 6.960015e-03
52849 1.222507e-02 8.267266e-03 1.396376e-01 1.075517e-01 5.753002e-02 5.818562e-01 5.141730e+00 2.657134e+00 2.385239e+01 842 8.060931e-03
40414 2.220937e-02 -9.203760e-03 1.047246e-01 1.698696e-01 -7.369017e-02 3.054898e-01 1.714487e+01 -7.487532e+00 2.331089e+01 699 5.268178e-03
77968 5.111486e-03 -2.029466e-02 2.621435e-01 2.685611e-02 -1.567359e-01 1.461261e+00 6.141946e-01 -3.853893e+00 3.387003e+01 1251 1.278349e-02
40458 1.779993e-02 4.876936e-03 1.507858e-01 7.113835e-02 9.232192e-03 3.851469e-01 5.020535e+00 4.099430e-01 2.205949e+01 2301 1.711242e-02
65442 1.037077e-02 1.000626e-02 3.049577e-01 3.153946e-02 2.923003e-02 6.832425e-01 1.499538e+00 1.361765e+00 2.679676e+01 1040 1.517676e-02
28085 9.513606e-03 5.512128e-03 1.592590e-01 1.620348e-01 1.740224e-01 1.741211e+00 3.100806e+00 3.425870e+00 3.216161e+01 3048 2.062257e-02
28118 -8.728816e-03 -1.145653e-02 1.670908e-01 -7.099766e-02 -8.261452e-02 8.692052e-01 -3.731620e+00 -4.264325e+00 4.207601e+01 2387 1.625421e-02
90458 8.012315e-03 2.032624e-02 1.583208e-01 8.636373e-02 2.841195e-01 1.234255e+00 1.748066e+00 5.885381e+00 2.400472e+01 1817 1.533421e-02
4925 8.484636e-03 -4.989189e-03 1.591487e-01 7.461027e-02 -8.371689e-03 9.474266e-01 2.615500e+00 -1.337897e-01 3.117915e+01 1922 1.435240e-02
4933 2.464512e-02 -1.119337e-02 1.571843e-01 2.692597e-01 -1.673167e-01 1.093645e+00 7.341503e+00 -4.685658e+00 2.810556e+01 2444 1.782888e-02
4940 -2.646076e-02 -7.301898e-03 1.937492e-01 -2.964313e-01 -7.480006e-02 1.247700e+00 -7.836617e+00 -1.959315e+00 3.059374e+01 1436 1.283224e-02
28148 -6.976847e-03 5.154070e-03 1.204622e-01 -4.333956e-02 3.336359e-02 3.442019e-01 -3.914973e+00 3.037163e+00 2.408882e+01 408 4.792582e-03
53014 -1.064534e-02 -3.612071e-03 1.212551e-01 -4.901305e-02 -2.197182e-02 2.859576e-01 -7.906674e+00 -3.783509e+00 3.394127e+01 512 4.644280e-03
4973 -1.056698e-02 1.039394e-02 1.152796e-01 -1.438486e-01 1.779517e-01 7.660674e-01 -4.927070e+00 6.194167e+00 2.405790e+01 743 6.178344e-03
53034 -2.091764e-02 4.061662e-03 2.194245e-01 -1.531669e-01 1.814457e-02 1.340146e+00 -2.930672e+00 3.120803e-01 2.483542e+01 1237 1.412597e-02
90502 -1.555550e-02 4.903687e-04 1.689854e-01 -2.904766e-01 -2.849615e-02 2.002661e+00 -4.502190e+00 -4.746919e-01 3.002882e+01 887 8.440880e-03
90521 1.591725e-03 2.148758e-02 2.701062e-01 -1.890391e-03 1.675001e-01 1.836167e+00 -7.423051e-02 3.112644e+00 3.338473e+01 1852 1.763791e-02
5047 7.986935e-03 -2.421707e-02 1.716841e-01 7.099874e-02 -2.500232e-01 1.083385e+00 1.530028e+00 -5.482936e+00 2.213756e+01 526 7.846712e-03
65565 -1.804801e-03 7.525798e-03 9.031845e-02 -2.094655e-02 3.606820e-02 1.842162e-01 -3.906712e+00 5.825329e+00 1.916394e+01 804 5.776667e-03
5139 1.328019e-02 2.643789e-02 1.724321e-01 5.277256e-01 1.060612e+00 4.624610e+00 3.388073e+00 6.810939e+00 2.932149e+01 582 7.046726e-03
5141 2.747834e-03 -2.326914e-02 1.299498e-01 8.612004e-03 -1.362804e-01 4.336647e-01 3.028958e-01 -5.837252e+00 1.568747e+01 3318 2.289152e-02
15579 -5.909609e-03 4.576423e-04 2.246887e-01 -8.264000e-01 2.251673e-01 1.316468e+01 -2.031914e+00 5.564852e-01 3.204540e+01 1343 1.335994e-02
5203 -9.600016e-03 -2.019101e-03 9.893521e-02 -5.341232e-02 -8.042822e-03 2.028989e-01 -1.064750e+01 -1.463917e+00 2.526583e+01 1229 8.612170e-03
53181 2.508587e-02 -1.420111e-02 1.542002e-01 4.313001e-01 -2.821449e-01 1.645215e+00 6.641689e+00 -4.380938e+00 2.437841e+01 1437 1.217102e-02
53228 -6.750144e-03 3.912446e-03 2.485424e-01 -2.216665e-01 5.449170e-02 7.472046e+00 -8.938375e-01 2.103592e-01 3.004256e+01 1306 1.366154e-02
78349 1.082215e-02 1.314905e-02 1.471629e-01 2.116676e-02 2.350893e-02 2.218164e-01 2.752089e+00 2.756150e+00 1.986089e+01 2841 2.018150e-02
78372 8.271559e-03 -3.767777e-03 9.810498e-02 3.414192e-02 -1.437872e-02 1.875617e-01 8.321887e+00 -3.413290e+00 2.877612e+01 1058 7.227944e-03
53280 -2.163818e-02 1.974222e-02 1.954788e-01 -1.386158e+00 1.582542e+00 9.773402e+00 -4.835465e+00 5.538112e+00 3.394141e+01 2616 1.842182e-02
53284 8.088717e-03 -2.658445e-02 1.550249e-01 8.519768e-02 -4.149972e-01 1.179768e+00 1.839231e+00 -9.264561e+00 2.444255e+01 875 8.625623e-03
78419 1.382217e-02 -1.702968e-02 1.145848e-01 7.740268e-02 -7.151526e-02 2.727290e-01 7.694859e+00 -6.594142e+00 1.913947e+01 765 6.905715e-03
78423 8.207377e-03 -7.261887e-03 9.987024e-02 2.040015e-02 -2.799592e-02 1.571109e-01 5.070799e+00 -8.622988e+00 2.380557e+01 853 6.473492e-03
78437 1.766962e-03 1.028341e-02 1.417980e-01 8.515457e-02 2.715704e-01 2.609966e+00 1.023890e+00 3.208262e+00 3.030586e+01 903 7.826693e-03
5541 1.742643e-03 -2.549324e-02 2.532299e-01 1.023366e-03 -3.304440e-02 3.495646e-01 -1.884214e-01 -1.978097e+00 2.523578e+01 1096 1.432606e-02
28521 6.547720e-03 -6.835360e-03 9.039732e-02 3.435668e-02 -4.333828e-02 2.037680e-01 5.367661e+00 -7.045760e+00 2.188270e+01 981 6.767671e-03
40897 -4.919288e-03 7.253120e-03 9.650904e-02 -1.943519e-02 2.358981e-02 1.640729e-01 -4.757082e+00 5.353782e+00 2.214171e+01 1208 8.339910e-03
5592 -4.210292e-03 -1.166887e-02 1.583477e-01 -1.810959e-01 -5.265068e-01 2.618328e+00 -2.029096e+00 -5.905825e+00 2.821900e+01 511 6.466504e-03
15845 2.643056e-02 -2.998141e-04 1.480578e-01 3.081902e-01 1.982480e-02 8.917301e-01 8.335447e+00 5.953573e-01 2.200046e+01 385 5.850228e-03
53416 -1.764295e-03 -8.195094e-03 1.053603e-01 -6.127704e-03 -3.902260e-02 2.566926e-01 -8.702404e-01 -6.148253e+00 3.018179e+01 894 6.425159e-03
28633 5.490775e-03 1.459522e-02 2.454027e-01 9.068221e-02 3.075276e-01 4.658933e+00 5.530285e-01 1.901599e+00 2.865086e+01 492 9.145769e-03
78564 -1.000954e-02 1.205311e-02 2.065502e-01 -7.672468e-02 2.812078e-01 3.061638e+00 -6.420141e-01 2.590133e+00 2.747512e+01 1605 1.477010e-02
90923 3.572623e-03 4.559325e-03 1.260513e-01 3.186503e-02 4.661759e-02 6.091530e-01 1.352286e+00 2.010250e+00 2.309071e+01 1371 1.072679e-02
15904 2.303811e-02 5.885535e-03 3.442607e-01 1.247317e+00 5.501308e-01 1.388262e+01 3.040425e+00 1.351601e+00 3.362171e+01 767 1.316754e-02
90931 1.224649e-02 9.885172e-04 1.663772e-01 4.771617e-02 6.308534e-03 4.683554e-01 4.857431e+00 7.285550e-01 4.135471e+01 1381 1.056824e-02
5772 5.467329e-03 9.779803e-03 1.155118e-01 3.154876e-02 4.027118e-02 2.724072e-01 5.832390e+00 6.818552e+00 3.508532e+01 4940 2.987015e-02
65988 -6.286989e-03 -6.234851e-03 9.766306e-02 -3.457194e-02 -2.597710e-02 1.869231e-01 -8.779098e+00 -6.127610e+00 2.770456e+01 4469 2.659400e-02
66031 1.038988e-02 3.152483e-03 9.635278e-02 4.206167e-02 3.807823e-03 1.738184e-01 8.779359e+00 1.816591e-01 2.147332e+01 1272 8.384746e-03
91001 -9.061665e-03 2.703073e-03 2.041965e-01 2.148481e-02 2.564545e-02 1.517377e+00 7.327728e-01 5.503597e-01 3.150161e+01 1027 1.070926e-02
16005 -1.593859e-02 -1.175904e-02 1.836354e-01 -1.963268e-01 -2.685773e-01 1.854012e+00 -2.392440e+00 -3.406112e+00 2.215375e+01 417 7.891493e-03
78680 -1.336539e-02 -2.310561e-02 1.637460e-01 -8.653474e-02 -1.717519e-01 7.276925e-01 -3.672190e+00 -7.460193e+00 2.830309e+01 4493 2.943067e-02
5923 7.328500e-03 -9.290043e-03 9.250649e-02 2.075721e-02 -2.758104e-02 1.261025e-01 7.523634e+00 -1.024781e+01 1.882266e+01 1541 1.033051e-02
28786 -9.827889e-03 -9.260617e-03 1.089731e-01 -6.873116e-02 -5.694263e-02 3.013806e-01 -1.039900e+01 -8.417955e+00 3.396831e+01 2569 1.560212e-02
5979 1.751479e-02 8.062929e-03 1.195066e-01 3.197329e-01 1.520205e-01 9.833713e-01 1.034629e+01 4.928318e+00 2.957399e+01 1822 1.255638e-02
66140 8.909091e-03 -4.555264e-03 1.092445e-01 1.132744e-01 -7.187361e-02 5.229989e-01 7.094377e+00 -4.576060e+00 2.812554e+01 941 6.984367e-03
78794 1.105532e-02 3.708777e-03 1.216794e-01 1.514992e-01 3.692387e-02 9.574188e-01 5.631923e+00 1.331955e+00 3.351389e+01 3320 2.095939e-02
6262 9.833132e-03 3.519055e-03 1.082962e-01 3.868630e-02 1.731054e-02 2.554435e-01 5.000906e+00 2.390376e+00 2.550395e+01 1281 9.094069e-03
6276 -1.411872e-02 1.796782e-02 1.322924e-01 -5.731102e-02 8.191177e-02 3.646776e-01 -4.716681e+00 6.982801e+00 2.537691e+01 774 7.157576e-03
29033 1.068744e-02 8.594203e-03 1.109150e-01 1.656590e-01 1.134718e-01 6.964313e-01 5.566627e+00 3.767236e+00 2.103193e+01 3940 2.517726e-02
16295 -2.737756e-03 -8.478435e-03 1.024558e-01 -1.641347e-02 -4.865591e-02 3.282672e-01 -2.606673e+00 -7.658066e+00 4.304099e+01 1240 8.329443e-03
41443 2.064529e-03 -1.262062e-02 1.605767e-01 2.848805e-02 -8.730605e-02 8.174901e-01 7.770587e-01 -2.196337e+00 1.931841e+01 1365 1.254719e-02
66407 -1.636408e-02 -2.185382e-02 2.277230e-01 -6.233741e-02 -1.368769e-01 8.190256e-01 -1.276716e+00 -3.194283e+00 1.642095e+01 1235 1.813708e-02
41464 -8.805589e-03 -6.883087e-03 1.245831e-01 -5.524902e-02 -3.709805e-02 3.834641e-01 -6.206969e+00 -4.038103e+00 3.459835e+01 1525 1.038720e-02
16357 -1.825887e-02 -9.414966e-03 1.250119e-01 -2.589203e-01 -1.521983e-01 8.028988e-01 -1.244971e+01 -7.386356e+00 3.506792e+01 543 4.703508e-03
53940 -5.904685e-04 -2.021348e-02 1.146460e-01 1.470436e-02 -4.908586e-01 1.064873e+00 4.115936e-01 -1.266536e+01 2.557122e+01 799 6.594640e-03
16407 1.157017e-02 1.939725e-02 1.214705e-01 1.717724e-01 2.851541e-01 7.065426e-01 6.968031e+00 1.155916e+01 2.544785e+01 555 5.392120e-03
16414 5.230419e-04 7.366502e-03 9.474726e-02 1.186424e-02 4.819167e-02 2.024960e-01 2.493460e+00 8.975763e+00 2.368948e+01 3043 1.903682e-02
16474 1.655037e-02 5.450002e-03 2.228851e-01 2.128269e-01 3.323634e-02 1.673724e+00 3.590104e+00 5.082413e-01 2.653737e+01 1299 1.414845e-02
54107 5.343297e-03 7.278955e-04 1.618987e-01 1.399685e-01 -1.175518e-02 1.729453e+00 2.278634e+00 -2.112856e-01 2.653206e+01 740 8.049319e-03
16532 1.735494e-02 -9.866607e-03 1.565764e-01 1.824398e-01 -6.512928e-02 9.435934e-01 5.900281e+00 -1.975137e+00 2.812869e+01 2085 1.546803e-02
6769 -6.243447e-03 -1.857760e-03 8.807285e-02 -3.498408e-02 -4.440264e-03 1.847853e-01 -9.603949e+00 -8.629675e-01 3.231734e+01 2688 1.626642e-02
54129 -1.190715e-02 -4.973928e-03 1.280043e-01 -4.146339e-02 -1.647899e-02 2.672207e-01 -4.431640e+00 -1.725061e+00 2.087401e+01 1083 9.327526e-03
16677 -8.106813e-03 4.219940e-03 1.767941e-01 -1.419331e-01 8.425003e-02 1.483261e+00 -3.170205e+00 1.895829e+00 3.094884e+01 660 7.243264e-03
7028 4.063114e-03 1.751820e-03 1.887217e-01 1.339894e-02 1.220616e-02 5.781578e-01 6.463236e-01 7.237585e-01 2.696084e+01 1273 1.216338e-02
54339 1.894679e-03 -8.181114e-03 9.585044e-02 1.558445e-02 -8.442626e-02 3.845492e-01 1.121415e+00 -6.245717e+00 2.364912e+01 1143 7.606197e-03
29513 1.251093e-02 1.778370e-02 1.703981e-01 2.328628e-02 3.089747e-02 2.426638e-01 3.982371e+00 4.846606e+00 2.670805e+01 881 9.378258e-03
41872 -2.628422e-03 -9.452712e-03 9.715319e-02 -5.388962e-03 -3.982050e-02 1.630912e-01 -7.864861e-01 -8.651873e+00 1.878592e+01 496 4.733016e-03
16762 5.005366e-03 2.456904e-03 2.191210e-01 2.543121e-02 2.826866e-02 2.105564e+00 4.459335e-01 5.635178e-01 4.118449e+01 2578 1.902225e-02
16768 -1.875537e-03 -1.935344e-02 2.828151e-01 -1.037905e-01 -5.720554e-01 6.183122e+00 -5.318413e-01 -2.884265e+00 3.079065e+01 1064 1.345813e-02
29541 1.250833e-02 -1.660131e-02 1.457771e-01 5.495081e-02 -8.291710e-02 4.261365e-01 4.738513e+00 -7.403860e+00 3.130087e+01 881 7.595285e-03
54413 -7.212947e-03 -7.109189e-03 3.218448e-01 -2.336529e-01 -2.492529e-01 3.319051e+00 -2.300769e+00 -2.460329e+00 3.045346e+01 466 1.139876e-02
16818 4.064803e-03 -8.422408e-03 1.013621e-01 1.988704e-02 -4.920242e-02 2.261304e-01 3.099777e+00 -7.989322e+00 2.444370e+01 834 6.363295e-03
41968 -7.352951e-03 1.211830e-02 1.441001e-01 -1.780921e-02 3.035631e-02 2.343955e-01 -2.388260e+00 4.165648e+00 2.062389e+01 606 7.203426e-03
7331 -7.110613e-03 3.719162e-03 9.203277e-02 -2.339493e-02 1.930469e-02 1.518349e-01 -6.721358e+00 6.432931e+00 2.468336e+01 1137 7.809351e-03
29707 6.875887e-03 3.882757e-03 9.600002e-02 4.804697e-02 5.237421e-02 3.071957e-01 3.729597e+00 4.392732e+00 1.913175e+01 872 6.644181e-03
7444 1.923436e-03 4.812849e-04 1.657164e-01 2.389698e-02 -2.562109e-02 1.021829e+00 6.932721e-01 -8.235382e-01 2.701061e+01 3132 2.196589e-02
79663 7.271306e-03 1.565051e-03 9.259083e-02 5.558312e-02 1.995120e-03 2.086909e-01 1.071068e+01 9.534589e-02 2.573928e+01 926 6.334359e-03
54555 5.820691e-03 8.866783e-03 1.361314e-01 7.911712e-02 1.158563e-01 8.807965e-01 2.490439e+00 3.635251e+00 2.530196e+01 899 8.258360e-03
42109 -2.801185e-02 6.465251e-03 1.940300e-01 -2.763973e-01 3.103757e-02 1.173499e+00 -8.866230e+00 8.771199e-01 3.496260e+01 844 8.473132e-03
16982 9.719599e-06 4.895927e-04 1.517534e-01 1.252815e-01 -3.597053e-02 4.440278e+00 1.085619e+00 -3.159675e-01 3.716484e+01 1805 1.277317e-02
29772 -9.667130e-03 1.989986e-02 1.744428e-01 -7.016342e-01 6.847548e-01 4.223053e+00 -5.593914e+00 5.374737e+00 3.272927e+01 2935 2.032646e-02
79756 -9.308296e-04 1.415339e-02 1.236154e-01 -5.210532e-03 7.976259e-02 3.850169e-01 -4.515094e-01 6.921783e+00 2.757789e+01 600 5.424279e-03
79761 1.618924e-03 -1.126384e-02 1.042789e-01 1.271031e-02 -4.880396e-02 2.155687e-01 2.519223e+00 -8.526614e+00 2.527763e+01 1257 8.763837e-03
7725 2.032800e-02 8.870881e-03 1.073044e-01 6.589219e-02 3.286531e-02 1.820200e-01 9.508574e+00 5.007283e+00 1.559204e+01 575 5.946361e-03
54726 5.569547e-03 5.141189e-03 1.535080e-01 1.179112e-01 1.287269e-01 2.102660e+00 2.004339e+00 2.204951e+00 3.477573e+01 577 5.621969e-03
42257 2.960080e-03 9.341163e-03 1.014642e-01 1.156859e-02 3.323567e-02 1.812329e-01 2.550004e+00 7.078005e+00 2.362902e+01 309 3.179496e-03
17120 2.748751e-03 1.009294e-02 1.054945e-01 1.337832e-03 4.619104e-02 2.591697e-01 -2.649280e-01 6.778133e+00 2.885558e+01 2778 1.706494e-02
79901 -5.743862e-03 5.296926e-04 1.003395e-01 -3.955979e-02 7.667980e-03 3.020577e-01 -4.358229e+00 9.199894e-01 2.599763e+01 585 4.918112e-03
7855 -2.589584e-02 1.381779e-02 2.072201e-01 -1.340914e-01 1.163573e-01 1.013067e+00 -3.060811e+00 2.900804e+00 2.279711e+01 282 7.994151e-03
54839 9.155784e-03 1.038091e-02 1.540676e-01 1.027585e-01 1.490795e-01 8.919557e-01 3.557745e+00 5.271792e+00 2.804638e+01 433 5.662388e-03
17257 -8.722072e-03 9.565264e-03 2.184800e-01 -1.741349e-02 -5.872924e-03 5.311614e-01 -6.621884e-01 -1.176216e+00 2.382281e+01 1433 1.531242e-02
67445 8.677183e-03 -2.835616e-02 1.569319e-01 4.021955e-02 -3.239403e-01 9.333961e-01 1.194543e+00 -1.119408e+01 2.940552e+01 559 6.472270e-03
30153 -7.591557e-03 -2.315452e-02 1.579993e-01 -2.721938e-02 -7.962423e-02 3.634649e-01 -2.464798e+00 -7.091283e+00 2.580170e+01 1023 9.411782e-03
42515 -1.007834e-04 3.094547e-03 1.947814e-01 1.434668e-02 1.953602e-02 4.246815e-01 2.361354e+00 2.687263e+00 3.757584e+01 965 9.188003e-03
67466 6.134778e-03 1.658179e-02 1.927661e-01 2.025887e-02 4.364170e-02 3.868462e-01 1.804636e+00 3.457446e+00 2.479762e+01 717 9.198522e-03
8163 -2.160799e-02 8.025200e-03 2.222029e-01 -3.322349e-02 1.769899e-02 3.479714e-01 -2.996565e+00 2.495644e+00 3.244572e+01 531 8.268260e-03
30181 4.653204e-03 6.262123e-03 9.612053e-02 3.034933e-02 3.751067e-02 2.427553e-01 6.383796e+00 7.763207e+00 3.642909e+01 658 4.673708e-03
80133 -9.181089e-03 -4.917654e-03 1.339919e-01 -3.083878e-02 -1.772610e-02 2.988138e-01 -2.761722e+00 -1.633294e+00 2.101759e+01 681 7.013722e-03
17405 8.392981e-03 3.423211e-03 1.102802e-01 3.950600e-02 1.858536e-02 2.596034e-01 5.026424e+00 2.449501e+00 2.412372e+01 448 4.338155e-03
8239 1.269508e-02 -2.892372e-03 1.028445e-01 1.753098e-01 4.516662e-03 4.560151e-01 1.245176e+01 5.673258e-01 2.704304e+01 1049 7.414549e-03
8260 2.701196e-03 -9.290155e-03 9.431068e-02 1.036942e-02 -3.971468e-02 1.754031e-01 2.776180e+00 -1.101480e+01 2.935843e+01 690 4.944347e-03
8299 -3.917418e-04 -9.852063e-03 1.324111e-01 -4.792725e-03 -5.549365e-02 4.137340e-01 -4.079881e-01 -4.231151e+00 2.607972e+01 410 4.856320e-03
67570 -1.875363e-02 8.607774e-04 1.149881e-01 -7.547953e-02 6.896531e-03 2.550090e-01 -9.440960e+00 1.004538e+00 2.330385e+01 983 7.867167e-03
8331 -8.407081e-03 2.644679e-03 1.287242e-01 -4.726829e-02 2.138045e-02 3.374420e-01 -4.071119e+00 1.962769e+00 2.186538e+01 1003 8.877321e-03
80221 -2.591597e-03 -1.025156e-02 1.071145e-01 -1.675427e-02 -1.194108e-01 5.278408e-01 -1.112713e+00 -8.576271e+00 3.305503e+01 837 5.988395e-03
8339 -1.113177e-02 5.514944e-03 1.187305e-01 -4.836941e-02 2.817210e-02 2.628482e-01 -5.389800e+00 3.279411e+00 2.085970e+01 662 6.439004e-03
17496 1.494132e-03 4.144127e-03 1.398384e-01 6.646179e-03 2.977653e-02 7.786852e-01 2.676626e-01 1.331672e+00 3.318981e+01 1271 9.571705e-03
55118 -1.444425e-02 1.044178e-02 1.241307e-01 -2.151027e-01 1.752750e-01 7.447361e-01 -6.404748e+00 5.261255e+00 1.980889e+01 3185 2.116548e-02
80245 -1.037690e-02 8.969529e-03 1.389749e-01 -5.835834e-02 5.239073e-02 4.619060e-01 -3.712619e+00 3.359764e+00 2.498716e+01 1172 9.594031e-03
80268 -1.091784e-02 5.064451e-03 1.267206e-01 -1.020339e-01 5.135113e-02 6.803631e-01 -4.139284e+00 2.102744e+00 2.515126e+01 391 4.885249e-03
67648 -2.961439e-03 -1.152358e-02 1.264254e-01 -1.505932e-02 -4.534521e-02 3.128264e-01 -1.989068e+00 -5.560772e+00 3.064707e+01 1007 7.599616e-03
92581 5.311990e-03 2.548951e-03 1.093016e-01 3.640143e-02 1.252897e-02 2.650082e-01 6.983402e+00 2.241743e+00 3.497527e+01 687 5.230542e-03
42761 -1.973275e-02 -1.935657e-02 2.259508e-01 -6.057922e-01 -6.652792e-01 5.555761e+00 -2.828517e+00 -3.117437e+00 2.572343e+01 1229 1.309356e-02
17606 1.181965e-02 -2.755032e-03 1.022066e-01 1.241249e-01 -3.422971e-02 3.961009e-01 1.224044e+01 -3.430508e+00 3.203232e+01 1304 8.395060e-03
92605 2.802834e-03 1.555559e-03 1.291240e-01 1.483849e-02 4.740519e-02 1.106660e+00 4.435800e-01 1.689811e+00 3.602758e+01 1281 8.582457e-03
42797 1.865613e-02 1.214225e-02 1.733876e-01 7.290757e-02 4.801161e-02 3.983165e-01 5.918219e+00 3.912942e+00 2.453721e+01 1787 1.500052e-02
17636 -1.185344e-02 1.777401e-03 1.021586e-01 -6.495185e-02 8.860052e-03 2.470899e-01 -1.133418e+01 1.511835e+00 3.093647e+01 806 5.858779e-03
8610 -6.898464e-03 -3.812697e-03 1.216351e-01 -2.983280e-02 -2.995907e-02 3.640025e-01 -3.083966e+00 -3.515886e+00 3.259099e+01 3219 2.049773e-02
67792 6.306865e-03 -1.224391e-02 1.530577e-01 1.317546e-01 -2.914688e-01 1.783434e+00 1.990932e+00 -4.431471e+00 2.587506e+01 2358 1.684654e-02
55343 7.295980e-03 -5.072995e-03 1.006420e-01 3.761984e-02 -3.345722e-02 2.470358e-01 5.314290e+00 -4.974367e+00 2.565568e+01 322 3.288789e-03
8761 -3.290672e-03 -2.107413e-02 1.255550e-01 -2.754859e-02 -7.975242e-02 2.716308e-01 -3.641673e+00 -8.808965e+00 2.192935e+01 1353 1.006973e-02
92736 -3.975162e-03 7.947789e-03 1.032624e-01 -1.185798e-02 3.152404e-02 2.002506e-01 -2.483887e+00 7.428914e+00 3.056115e+01 693 5.227335e-03
30557 1.204129e-02 -5.141170e-03 2.085239e-01 3.543695e-01 -7.418918e-03 3.394011e+00 2.458678e+00 -1.635930e-02 2.287889e+01 2333 2.060099e-02
42945 -3.277914e-03 6.691743e-03 9.840289e-02 -3.459297e-02 6.713381e-02 3.270738e-01 -3.426401e+00 6.613392e+00 2.502050e+01 3160 1.967236e-02
55403 -2.234754e-02 1.024130e-02 2.096332e-01 -2.740162e-01 1.103680e-01 2.143050e+00 -3.541606e+00 1.409032e+00 2.720800e+01 652 9.408803e-03
8898 1.163968e-02 8.568634e-03 1.575312e-01 2.834007e-02 1.710972e-02 2.324077e-01 5.375511e+00 2.749201e+00 2.410120e+01 3009 2.147498e-02
67932 6.412800e-04 1.107826e-02 1.309881e-01 7.787562e-03 5.911578e-02 3.947589e-01 7.094367e-01 4.768854e+00 2.618546e+01 735 6.639431e-03
43005 -1.219317e-02 -1.598140e-02 1.228974e-01 -2.639186e-02 -3.513322e-02 1.843982e-01 -5.698137e+00 -7.685903e+00 2.468115e+01 501 4.954866e-03
17842 -4.959952e-03 -2.098228e-03 1.516578e-01 -1.093536e-01 -2.358353e-02 1.284303e+00 -3.445390e+00 -7.090974e-01 3.738163e+01 731 6.580322e-03
43039 1.282725e-03 4.955282e-03 9.829818e-02 3.353619e-03 5.397404e-02 3.662905e-01 2.431539e-01 5.755533e+00 3.146630e+01 612 4.402104e-03
43041 1.571066e-03 -2.611496e-02 2.327531e-01 -6.412929e-02 -2.566491e-01 1.624396e+00 -1.152227e+00 -4.043016e+00 2.440609e+01 646 1.070349e-02
55501 5.813753e-03 -9.395561e-03 1.139067e-01 5.277037e-02 -1.171992e-01 5.961009e-01 2.567673e+00 -5.894901e+00 2.636725e+01 890 6.957930e-03
92887 -4.396879e-03 -9.106415e-03 1.187163e-01 -2.674453e-02 -7.485117e-02 4.635477e-01 -1.694958e+00 -4.986413e+00 2.615374e+01 562 5.056226e-03
30730 1.324414e-02 9.315693e-04 9.763574e-02 3.315563e-02 1.858787e-03 1.340075e-01 1.215807e+01 5.661641e-01 2.220880e+01 1784 1.122112e-02
43092 3.399183e-03 -7.016704e-03 1.282769e-01 3.711052e-02 -8.329366e-02 6.466962e-01 1.720992e+00 -3.894003e+00 2.646574e+01 838 7.466113e-03
17924 -4.688985e-03 2.817986e-02 1.778866e-01 -2.163669e-01 6.673771e-01 2.807971e+00 -1.749407e+00 5.282630e+00 2.173627e+01 908 1.072339e-02
55586 1.780857e-02 1.173044e-02 1.659714e-01 1.631297e-01 1.092309e-01 8.391478e-01 4.851328e+00 3.254906e+00 2.247299e+01 533 7.405190e-03
9130 5.773601e-03 -1.057490e-02 1.075514e-01 5.794986e-02 -1.005600e-01 3.760417e-01 5.125592e+00 -8.839790e+00 2.637544e+01 1123 7.446889e-03
43142 9.861111e-03 -1.293894e-02 1.207693e-01 1.925758e-01 -2.857937e-01 1.203070e+00 5.695253e+00 -8.504938e+00 3.373552e+01 1828 1.223236e-02
55596 2.391501e-03 -5.243554e-03 1.240552e-01 3.497715e-02 -4.317228e-02 7.424859e-01 1.711697e+00 -1.992364e+00 3.248564e+01 716 5.885076e-03
9206 1.400475e-02 -1.523914e-03 1.456409e-01 4.740915e-01 -8.315806e-02 2.919366e+00 4.983163e+00 -8.841729e-01 3.004200e+01 667 6.537981e-03
43212 -7.436114e-03 1.400076e-03 8.716644e-02 -3.010939e-02 8.736335e-03 1.379106e-01 -9.790236e+00 3.167769e+00 2.191114e+01 1289 7.856202e-03
68151 2.184505e-02 1.705738e-02 1.314841e-01 6.715815e-02 5.074186e-02 2.572473e-01 1.079750e+01 8.026555e+00 2.996766e+01 936 7.878079e-03
93030 -8.699082e-03 3.697311e-03 9.966114e-02 -7.400714e-02 2.577767e-02 2.930149e-01 -6.784901e+00 2.293945e+00 2.008766e+01 678 5.453118e-03
93033 3.113007e-04 -8.126307e-03 9.713409e-02 3.706528e-03 -3.703485e-02 2.090852e-01 6.497955e-01 -5.532662e+00 2.142577e+01 444 3.766584e-03
9284 9.113970e-03 8.263172e-03 1.467542e-01 9.945753e-02 6.648320e-02 5.842536e-01 4.223270e+00 2.721598e+00 2.045168e+01 1004 9.572332e-03
80887 8.219129e-03 2.272307e-02 1.470339e-01 1.021849e-01 3.005803e-01 8.735131e-01 1.990283e+00 5.885277e+00 1.538751e+01 1076 1.209223e-02
80904 2.073585e-03 -1.003788e-02 1.013894e-01 3.085404e-02 -5.421244e-02 2.441884e-01 3.404454e+00 -5.225430e+00 1.689176e+01 1580 1.077104e-02
9532 -3.012325e-03 -1.809322e-02 1.383515e-01 -1.139639e-01 -4.556410e-01 1.942490e+00 -1.727072e+00 -6.810865e+00 2.808321e+01 512 5.380693e-03
43436 8.938814e-03 5.803876e-03 9.548747e-02 7.401787e-02 4.310906e-02 2.830176e-01 6.753567e+00 3.871338e+00 1.946091e+01 979 7.173240e-03
93239 4.447869e-03 -8.447972e-03 1.191166e-01 4.102100e-02 -5.466521e-02 4.991033e-01 2.455436e+00 -3.102919e+00 2.551144e+01 561 5.552664e-03
68378 -2.441893e-02 2.967255e-06 3.399010e-01 -8.911007e-01 8.151502e-02 1.026023e+01 -2.490583e+00 2.342411e-01 2.850803e+01 1397 1.850904e-02
55907 9.308453e-03 -3.834702e-03 9.993068e-02 3.957508e-02 -2.782683e-02 1.838400e-01 7.440455e+00 -5.897993e+00 2.062747e+01 2204 1.404031e-02
43540 -5.020402e-03 4.805852e-03 1.132942e-01 -4.095747e-02 3.533530e-02 3.663810e-01 -5.028102e+00 4.271500e+00 3.541041e+01 742 5.474727e-03
9790 8.408836e-03 4.175830e-03 1.383216e-01 1.740190e-01 1.706443e-01 2.090690e+00 1.947832e+00 1.957926e+00 2.296287e+01 1424 1.158502e-02
56015 -1.149983e-02 2.154969e-03 1.285345e-01 -6.385157e-02 2.839483e-02 3.430378e-01 -4.516393e+00 2.263717e+00 1.850523e+01 962 9.153597e-03
56027 -5.486556e-03 -2.281221e-03 1.200830e-01 -8.537483e-02 -1.412646e-02 7.358311e-01 -3.936879e+00 -5.837308e-01 3.034395e+01 902 7.068316e-03
18466 -1.483131e-03 -8.946272e-03 9.573622e-02 1.098130e-04 -4.316853e-02 1.933655e-01 5.409710e-01 -1.162203e+01 3.315534e+01 560 3.991324e-03
81253 -1.685990e-03 -4.587946e-03 9.331579e-02 -1.353026e-02 -2.766787e-02 1.985604e-01 -2.525243e+00 -4.920723e+00 2.243854e+01 1108 7.750896e-03
18497 -6.542163e-03 -8.735467e-04 9.406856e-02 -3.225608e-02 -1.770427e-02 2.147387e-01 -5.768903e+00 -3.775964e+00 2.707228e+01 2315 1.457448e-02
43704 -3.506548e-03 1.117841e-02 1.115587e-01 -9.307154e-02 1.875555e-01 8.645263e-01 -3.286165e+00 6.471326e+00 2.762659e+01 779 6.136425e-03
18520 1.788088e-03 -1.792336e-02 2.138929e-01 5.476654e-03 -5.343501e-02 5.020352e-01 4.673603e-01 -4.499508e+00 3.650911e+01 1979 1.532759e-02
18605 -1.763724e-02 9.123152e-04 1.307915e-01 -1.214689e-01 1.123747e-02 4.185321e-01 -7.270623e+00 7.230002e-01 2.014850e+01 903 8.226749e-03
10201 -1.491256e-03 1.400307e-02 1.020939e-01 -3.669721e-02 1.805589e-01 3.653308e-01 -2.011623e+00 9.516784e+00 1.504102e+01 841 6.908209e-03
10207 3.643282e-03 5.178946e-03 9.905505e-02 3.707455e-02 3.679585e-02 2.929845e-01 5.699007e+00 5.389714e+00 3.305903e+01 503 3.696599e-03
43858 1.659450e-02 -2.381452e-02 1.531770e-01 2.832887e-01 -3.615603e-01 1.493292e+00 5.005186e+00 -6.338649e+00 2.515063e+01 738 7.758877e-03
93659 -1.618279e-02 1.634997e-03 1.299071e-01 -6.739568e-02 6.370312e-03 3.184543e-01 -9.225819e+00 8.530502e-01 3.396610e+01 1946 1.306822e-02
56342 -1.158882e-02 5.297134e-03 1.077381e-01 -9.316348e-02 3.246841e-02 3.613067e-01 -7.911313e+00 2.635138e+00 2.459171e+01 1758 1.218731e-02
93720 2.663922e-03 9.733418e-03 1.072524e-01 6.699135e-03 4.757546e-02 2.252397e-01 9.960649e-01 9.341051e+00 2.912437e+01 1033 6.930248e-03
43957 4.345644e-04 -1.482217e-02 2.675094e-01 -4.860536e-02 -2.241997e-01 3.600304e+00 -4.363017e-01 -1.862804e+00 2.965143e+01 1924 1.848624e-02
81560 -7.424748e-03 1.740016e-02 2.283537e-01 -3.295498e-01 1.503853e+00 1.217847e+01 -8.859606e-01 4.088282e+00 3.286714e+01 2047 1.653209e-02
10581 5.960673e-03 2.481788e-03 2.385407e-01 4.163719e-01 2.084629e-01 9.360911e+00 1.898653e+00 9.529141e-01 4.220210e+01 361 6.220617e-03
10607 -7.244713e-03 8.438693e-04 1.184837e-01 -1.276706e-01 2.314661e-02 6.268472e-01 -5.837543e+00 1.081106e+00 2.464249e+01 361 4.299662e-03
69004 -9.649193e-04 5.782430e-03 9.419593e-02 -2.232816e-03 3.535789e-02 2.210256e-01 -3.020440e-01 7.045602e+00 3.021393e+01 776 5.313620e-03
93896 -2.905382e-02 4.750690e-03 1.609296e-01 -3.802586e-01 9.031977e-02 1.233026e+00 -5.416237e+00 1.319636e+00 1.653374e+01 607 9.279694e-03
81717 2.806061e-03 -1.599676e-02 1.131436e-01 1.219334e-02 -7.001479e-02 2.569105e-01 2.351025e+00 -1.352871e+01 3.600615e+01 2559 1.639360e-02
56583 1.959342e-02 -6.060134e-03 1.610434e-01 1.136849e-01 -6.295281e-02 6.092229e-01 4.167566e+00 -2.519929e+00 1.985107e+01 528 7.905495e-03
81739 -2.538524e-04 1.143310e-02 1.011077e-01 -4.065823e-03 3.934064e-02 1.795652e-01 -1.172558e+00 8.584330e+00 2.413345e+01 1232 8.221215e-03
10772 5.379318e-03 -2.811253e-02 1.970165e-01 1.326839e-01 -4.616879e-01 2.464798e+00 1.426359e+00 -4.857911e+00 2.540892e+01 880 1.076181e-02
31815 5.375255e-03 2.751013e-03 1.026732e-01 7.378449e-02 1.232281e-02 4.316969e-01 6.970244e+00 9.752744e-01 3.352435e+01 1740 1.141213e-02
10806 2.730645e-03 3.706930e-03 1.209602e-01 -7.360059e-03 2.980326e-02 4.523067e-01 -7.119614e-01 1.841257e+00 2.337854e+01 1202 9.772330e-03
18993 9.824940e-03 -3.110070e-03 9.527387e-02 3.506077e-02 -6.373479e-03 1.548697e-01 9.182797e+00 -1.187487e+00 2.168570e+01 439 3.712594e-03
81852 2.276870e-02 -1.413876e-02 1.977674e-01 1.341873e-01 -8.203896e-02 6.993619e-01 7.272997e+00 -4.432274e+00 3.274223e+01 1885 1.476285e-02
31923 1.056301e-02 -2.434353e-02 1.507154e-01 1.085142e-01 -3.477291e-01 1.129413e+00 3.142389e+00 -1.037459e+01 3.139776e+01 555 5.883710e-03
19065 -1.522606e-02 -7.422075e-03 1.475135e-01 -1.547477e-01 -8.684789e-02 1.011018e+00 -3.499971e+00 -1.992438e+00 2.166146e+01 1293 1.170523e-02
10986 7.219252e-03 -2.734877e-02 1.294912e-01 2.412178e-01 -7.429938e-01 1.446415e+00 5.261118e+00 -1.609024e+01 2.960913e+01 560 5.410995e-03
94087 -1.009863e-03 2.319517e-02 1.781398e-01 -1.019026e-02 2.293955e-01 1.184727e+00 -3.355074e-01 7.535814e+00 3.678683e+01 445 5.824231e-03
94099 -1.827536e-03 -6.970362e-03 1.007386e-01 6.030412e-03 -4.184965e-02 2.719526e-01 9.121576e-01 -4.048818e+00 1.987467e+01 1450 9.854086e-03
11123 -4.601544e-03 1.179999e-02 1.132328e-01 -2.058196e-02 5.552167e-02 2.762428e-01 -3.317265e+00 9.075885e+00 3.383815e+01 1614 1.066130e-02
81983 7.834942e-03 -8.785462e-03 1.534059e-01 4.658962e-02 -5.654699e-02 7.481756e-01 2.030289e+00 -2.502142e+00 3.115893e+01 1200 9.811830e-03
81985 1.930673e-02 4.479030e-03 1.282165e-01 7.496066e-02 1.847398e-02 2.886501e-01 9.059615e+00 2.278165e+00 2.611616e+01 1110 8.822098e-03
19199 -3.212143e-03 3.350919e-03 9.490162e-02 -1.225107e-02 2.890055e-02 2.649869e-01 -1.351773e+00 3.820951e+00 2.543628e+01 948 6.680203e-03
56880 -9.444613e-03 9.489377e-03 1.493721e-01 -1.406459e-01 1.288737e-01 1.081243e+00 -3.294479e+00 2.997753e+00 2.339938e+01 628 7.043700e-03
11228 -6.615503e-03 5.962406e-03 1.073387e-01 -4.421463e-02 3.724580e-02 3.002915e-01 -5.465714e+00 4.547609e+00 2.804919e+01 953 6.857815e-03
56885 -1.743295e-02 -8.740261e-03 1.798219e-01 -1.004117e-01 -8.125466e-02 9.997116e-01 -2.087017e+00 -1.823826e+00 2.062123e+01 1023 1.130601e-02
69379 -2.565006e-02 -1.466792e-03 1.397290e-01 -1.142154e-01 1.088447e-03 4.052755e-01 -7.109004e+00 2.051051e-01 2.131500e+01 2707 1.954095e-02
94215 -5.316238e-03 2.306551e-03 8.949722e-02 -5.714250e-02 2.936298e-02 2.992174e-01 -6.536534e+00 3.412464e+00 2.645073e+01 1603 1.016978e-02
69473 -1.790603e-02 -3.228216e-03 2.371684e-01 -1.254784e-01 -1.244384e-02 1.002202e+00 -4.061549e+00 -3.479493e-01 2.888495e+01 1046 1.239425e-02
11407 -8.748283e-04 2.899416e-02 2.254710e-01 -3.703401e-02 6.816753e-01 3.917573e+00 -2.758557e-01 4.979255e+00 2.816677e+01 1701 1.574450e-02
44616 -2.634855e-03 -2.565275e-02 1.586798e-01 -3.504374e-03 -1.276545e-01 4.848692e-01 -8.685576e-02 -1.018890e+01 3.258287e+01 1832 1.302923e-02
82205 -6.332502e-03 -1.833662e-04 8.350374e-02 -3.524612e-02 -6.968963e-03 1.403182e-01 -1.221235e+01 -2.866057e+00 2.399693e+01 1396 8.779606e-03
11513 -5.516477e-03 -1.810856e-03 1.071319e-01 -1.250385e-01 -2.979835e-02 6.408312e-01 -7.148433e+00 -1.673890e+00 3.191975e+01 768 5.761162e-03
44648 1.547209e-02 -5.268169e-03 1.239365e-01 2.880079e-02 -8.605850e-03 1.684567e-01 9.654226e+00 -2.417544e+00 3.224673e+01 1165 8.394821e-03
82240 -8.352724e-03 8.502219e-03 1.141091e-01 -2.044063e-02 2.495101e-02 1.853520e-01 -4.371552e+00 5.948651e+00 2.576475e+01 2358 1.531615e-02
11635 -1.081740e-03 -1.211415e-02 1.285545e-01 -9.703578e-03 -6.799623e-02 3.707146e-01 -1.059642e+00 -6.868023e+00 2.976198e+01 1844 1.244880e-02
44721 -5.144746e-03 4.692851e-03 1.174406e-01 -3.990650e-02 3.575828e-02 3.283420e-01 -4.909845e+00 4.387767e+00 2.978830e+01 2681 1.707308e-02
94457 1.305292e-02 9.771225e-03 1.148454e-01 1.182868e-01 1.148676e-01 4.264245e-01 4.946394e+00 4.939932e+00 1.464542e+01 896 8.522480e-03
19477 1.376125e-02 1.526774e-02 1.608040e-01 7.434197e-02 8.570547e-02 4.642058e-01 4.154907e+00 4.830947e+00 2.080871e+01 4016 2.793036e-02
82326 -2.337107e-02 -7.790414e-03 1.709649e-01 -3.153571e-02 -9.614316e-03 2.026393e-01 -9.002644e+00 -2.011106e+00 3.492548e+01 739 7.293663e-03
11683 -6.602454e-03 7.913065e-03 2.299280e-01 -3.577359e-02 1.644041e-02 7.741345e-01 -1.601565e+00 4.681713e-01 2.987823e+01 814 1.058265e-02
19506 1.021803e-02 -8.322629e-03 1.247853e-01 8.959086e-02 -7.722974e-02 6.365064e-01 4.032830e+00 -3.501081e+00 2.599988e+01 1636 1.147540e-02
11728 -3.998680e-03 9.427112e-03 9.455533e-02 -4.773253e-02 7.674948e-02 3.072128e-01 -7.319912e+00 1.126802e+01 3.559334e+01 626 4.399941e-03
94566 7.531071e-03 -3.385844e-03 1.107639e-01 2.823368e-02 -1.679633e-02 2.320622e-01 5.171402e+00 -3.349869e+00 3.029967e+01 303 3.445655e-03
32497 -1.168325e-02 1.234301e-02 1.986168e-01 -3.144166e-01 3.866771e-01 3.347542e+00 -3.059385e+00 3.782973e+00 3.182264e+01 326 6.038079e-03
57308 -2.082209e-02 -7.587158e-03 1.852672e-01 -8.141519e-01 -3.566247e-01 4.059142e+00 -6.586425e+00 -2.897798e+00 3.216189e+01 1121 1.025031e-02
94626 7.360045e-03 3.097873e-03 1.484420e-01 1.085620e-01 6.246144e-02 1.328395e+00 2.057929e+00 1.207150e+00 2.399418e+01 2190 1.602887e-02
44932 -5.440950e-03 -2.395123e-03 2.816246e-01 -1.036987e-01 6.344155e-02 2.852999e+00 -1.330483e+00 8.914772e-01 3.481832e+01 1140 1.279311e-02
11982 -9.012939e-03 -2.271756e-02 2.483757e-01 -9.548653e-02 -1.143320e-01 1.297913e+00 -2.060048e+00 -2.182518e+00 2.500297e+01 1792 1.794902e-02
19677 -1.395234e-02 4.220591e-03 1.390689e-01 -2.122510e-01 8.971506e-02 1.146968e+00 -6.469042e+00 2.789063e+00 3.288043e+01 1701 1.180735e-02
44939 -1.264835e-03 6.119068e-03 1.094861e-01 -8.829718e-03 5.503833e-02 6.437912e-01 -4.203602e-01 2.718312e+00 2.968989e+01 1112 7.783765e-03
69845 7.265081e-04 7.445017e-03 9.646613e-02 4.264008e-03 3.744247e-02 2.071863e-01 7.723533e-01 6.549437e+00 2.417388e+01 3062 1.889211e-02
69888 -1.091720e-02 -2.762029e-02 1.472563e-01 -4.060590e-01 -7.848520e-01 1.976749e+00 -4.237246e+00 -8.120066e+00 1.961830e+01 401 6.466357e-03
32630 2.195839e-02 -1.964149e-02 1.454284e-01 7.948357e-02 -6.239362e-02 3.194205e-01 7.408051e+00 -5.505589e+00 2.240657e+01 2337 1.687513e-02
12090 1.689343e-02 1.307699e-02 2.209301e-01 9.167147e-02 7.883755e-02 8.635316e-01 3.188358e+00 2.803873e+00 2.739900e+01 2972 2.240104e-02
82581 -6.182644e-03 2.449984e-02 1.263111e-01 -5.091801e-01 9.858636e-01 2.578905e+00 -4.688662e+00 8.961297e+00 2.286171e+01 528 5.831701e-03
94730 -2.569497e-03 1.048703e-02 1.147139e-01 -2.925233e-02 7.635104e-02 4.072347e-01 -2.655395e+00 6.554588e+00 2.911080e+01 919 7.081415e-03
12161 -8.597267e-03 -6.280268e-03 1.057420e-01 -7.512413e-02 -5.928088e-02 3.241228e-01 -1.036133e+01 -8.254665e+00 3.401206e+01 419 3.469397e-03
19811 9.079885e-04 -8.482489e-03 1.361438e-01 -2.716082e-02 -9.926803e-02 7.997197e-01 -8.822087e-01 -2.853409e+00 2.085633e+01 454 6.076687e-03
45087 1.785391e-02 7.099972e-04 1.399660e-01 5.303741e-01 -5.417390e-02 1.875742e+00 9.553129e+00 -1.023009e+00 3.235403e+01 557 5.812560e-03
32721 -9.705792e-03 -1.679091e-03 1.442122e-01 -5.742331e-02 -3.342976e-02 6.899485e-01 -1.964396e+00 -1.307086e+00 2.246643e+01 448 6.194087e-03
32734 6.162651e-03 -1.546468e-03 8.364287e-02 3.030631e-02 8.635034e-04 1.296610e-01 1.604072e+01 1.601153e+00 3.057382e+01 1000 6.307933e-03
45108 -1.130623e-03 -1.594562e-03 1.004325e-01 -2.307074e-02 -2.573237e-02 3.169387e-01 -2.978161e+00 -3.276475e+00 2.938863e+01 534 4.286008e-03
70060 1.311446e-02 7.960020e-03 1.763428e-01 1.679151e-01 9.538144e-02 1.409319e+00 3.225409e+00 1.821503e+00 2.569016e+01 568 7.504344e-03
12381 1.740790e-03 2.531350e-04 1.217430e-01 5.028336e-02 2.400725e-02 9.043800e-01 2.131516e+00 1.043049e+00 3.436579e+01 502 4.462554e-03
70110 1.258442e-02 1.077995e-02 1.084086e-01 4.286498e-02 3.376992e-02 1.960605e-01 5.486289e+00 4.165366e+00 1.588093e+01 967 8.072196e-03
45224 -5.543883e-03 -1.675136e-02 1.482706e-01 -2.607971e-03 -6.402426e-02 3.367540e-01 4.722293e-01 -7.603651e+00 3.031679e+01 640 6.530113e-03
70122 1.989349e-02 6.375049e-04 1.390993e-01 2.041667e-01 8.303676e-03 7.103960e-01 1.142694e+01 4.753860e-01 3.542661e+01 544 5.033611e-03
57643 -7.464628e-03 -7.474570e-03 1.162043e-01 -8.595062e-02 -1.013697e-01 6.249866e-01 -3.363767e+00 -4.024174e+00 2.180548e+01 2678 1.784317e-0282832 7.727049e-03 -1.280656e-02 1.437020e-01 1.229311e-01 -1.315050e-01 1.047243e+00 2.935133e+00 -3.024164e+00 2.302016e+01 1138 1.000738e-02

12499 1.706815e-02 4.915184e-03 1.185240e-01 1.035842e-01 2.507124e-02 3.317651e-01 1.151591e+01 2.682918e+00 2.838394e+01 2111 1.392996e-02
70240 -2.619196e-02 -2.643330e-03 3.377889e-01 -1.800750e+00 1.976517e-01 1.699343e+01 -2.796263e+00 3.156152e-01 2.624515e+01 420 1.263276e-02
33018 -7.298227e-03 1.055376e-03 9.598799e-02 -4.022475e-02 1.508088e-02 2.287639e-01 -6.426944e+00 2.737646e+00 2.591660e+01 1069 7.065818e-03
95136 7.115188e-03 3.560597e-03 1.404056e-01 3.347755e-02 3.694339e-03 4.249030e-01 2.436977e+00 1.236334e-02 2.629938e+01 897 7.848197e-03
95157 -1.062358e-02 1.463226e-02 1.066649e-01 -3.504177e-02 4.133685e-02 1.785930e-01 -6.456753e+00 7.061332e+00 1.901951e+01 569 5.125814e-03
95200 -2.114250e-02 -1.401865e-02 1.799193e-01 -2.075113e-01 -1.218571e-01 1.075870e+00 -6.716733e+00 -3.886500e+00 3.229007e+01 1071 9.592635e-03
33125 5.402742e-03 1.519591e-03 1.193125e-01 4.119533e-02 1.090589e-02 6.225039e-01 1.864070e+00 4.888362e-01 2.620609e+01 576 5.794520e-03
33140 -7.244070e-03 -1.817578e-02 3.257842e-01 -2.912157e-02 -1.794940e-01 2.864726e+00 -2.850413e-01 -2.101810e+00 3.307980e+01 1294 1.583617e-02
83104 -8.691830e-03 9.086081e-03 1.131696e-01 -3.439212e-02 3.115141e-02 2.309180e-01 -4.396763e+00 3.774900e+00 2.014419e+01 1259 9.955004e-03
83125 9.642578e-03 -8.476021e-03 1.432210e-01 5.044982e-01 -3.500747e-01 3.205125e+00 4.906457e+00 -3.386926e+00 3.035856e+01 927 7.960039e-03
20329 -1.713837e-02 3.286757e-03 1.148194e-01 -7.676214e-02 2.021635e-02 2.533847e-01 -9.411899e+00 2.672417e+00 2.187320e+01 1280 9.207666e-03
95364 -4.135741e-04 2.483917e-02 2.189733e-01 -1.379943e-01 6.670615e-01 4.084784e+00 -9.141011e-01 4.266995e+00 2.568487e+01 2087 1.840219e-02
45687 1.138358e-02 -1.078545e-02 9.706098e-02 9.118067e-02 -6.785883e-02 2.214741e-01 7.989151e+00 -5.714091e+00 1.245604e+01 1916 1.304881e-02
33312 2.094667e-02 8.973521e-03 1.522669e-01 6.725412e-02 4.083153e-02 3.621072e-01 5.716932e+00 3.933062e+00 2.590605e+01 386 5.550079e-03
83289 1.825863e-02 -1.924583e-02 2.219138e-01 2.843167e-01 -3.089482e-01 2.028089e+00 4.136210e+00 -4.503790e+00 2.807928e+01 934 1.134918e-02
95407 6.328568e-03 -4.224413e-03 1.863565e-01 5.881424e-02 -3.976142e-02 1.303171e+00 8.464530e-01 -5.731165e-01 1.801123e+01 368 8.548348e-03
20445 -1.706787e-02 2.347108e-02 1.859095e-01 -5.142184e-02 5.836431e-02 3.543067e-01 -6.025179e+00 6.119756e+00 2.953438e+01 1069 1.046727e-02
70664 7.086761e-03 -5.891175e-03 9.691910e-02 6.777189e-02 -5.272383e-02 3.583989e-01 6.587171e+00 -5.083530e+00 2.838277e+01 1572 9.926562e-03
33401 1.348595e-02 -5.856396e-03 1.339486e-01 2.399316e-01 -7.192196e-02 1.062722e+00 7.046901e+00 -2.055935e+00 2.890307e+01 1110 8.871004e-03
83417 -1.687818e-02 8.525400e-03 1.432290e-01 -5.960710e-01 2.099843e-01 1.996596e+00 -1.277112e+01 4.442139e+00 4.086646e+01 2070 1.410324e-02
58232 -4.356169e-03 9.405888e-03 1.140471e-01 -2.284454e-02 4.716902e-02 3.030488e-01 -2.310079e+00 4.718416e+00 2.361533e+01 759 6.380324e-03
95550 1.142277e-02 6.272531e-03 1.334287e-01 1.361443e-01 6.189758e-02 7.750684e-01 4.907811e+00 2.188855e+00 2.524863e+01 1778 1.263434e-02
20626 -1.026000e-02 -3.150543e-03 9.855368e-02 -3.171962e-02 -1.374620e-02 1.592330e-01 -6.061664e+00 -2.992939e+00 1.713999e+01 1005 7.201623e-03
58325 -5.748134e-03 -2.633826e-02 1.123022e-01 -1.258860e-02 -5.589234e-02 1.531851e-01 -2.067503e+00 -8.932606e+00 1.235670e+01 427 5.727064e-03
83596 1.060002e-02 2.462553e-02 3.051587e-01 2.118694e-02 4.593843e-02 5.391697e-01 1.270680e+00 2.558050e+00 2.808683e+01 450 1.171534e-02
46046 -1.047158e-02 9.400684e-04 2.144112e-01 -3.287882e-01 -2.197884e-02 5.199636e+00 -1.874621e+00 -1.349733e-01 2.935884e+01 621 9.171269e-03
70940 -8.260147e-03 7.586797e-03 2.956326e-01 -4.474171e-01 3.116156e-01 8.483591e+00 -1.334838e+00 9.241093e-01 2.488767e+01 3733 3.157996e-02
70941 -5.962247e-03 -1.884269e-02 1.425583e-01 -2.590491e-02 -9.987579e-02 4.054189e-01 -1.369224e+00 -5.563575e+00 1.804750e+01 958 1.105671e-02
46084 -2.681015e-03 2.722244e-03 1.848430e-01 -4.752573e-02 4.551702e-02 1.137932e+00 -1.337845e+00 1.276690e+00 2.843337e+01 1736 1.452653e-02
70995 2.225632e-03 9.454795e-03 1.125084e-01 1.426937e-02 3.480796e-02 2.265873e-01 3.414737e+00 7.188333e+00 3.234458e+01 757 5.774363e-03
33713 -2.675873e-02 1.174518e-02 1.823508e-01 -3.765846e-01 1.702825e-01 1.440628e+00 -8.635372e+00 3.913457e+00 3.106029e+01 1959 1.491673e-02
71064 -2.075352e-03 3.688969e-03 1.235852e-01 -1.569615e-02 3.261332e-02 6.022292e-01 -7.776513e-01 1.651376e+00 2.732719e+01 576 5.393881e-03
20874 -7.155413e-03 -6.869413e-03 1.420508e-01 -2.902660e-02 -2.975889e-02 3.671450e-01 -3.086332e+00 -3.230029e+00 3.176396e+01 785 6.889734e-03
33808 9.687264e-03 1.472378e-02 1.178657e-01 7.194909e-02 8.345875e-02 4.026561e-01 6.163809e+00 6.804639e+00 2.819373e+01 673 5.746949e-03
71106 -1.296030e-03 -6.261912e-03 9.645659e-02 -4.230907e-04 -5.251635e-02 3.387117e-01 9.241740e-02 -4.896921e+00 2.564736e+01 906 6.204195e-03
58598 9.975780e-03 2.459394e-02 1.502274e-01 8.093289e-02 1.984912e-01 6.819086e-01 3.269421e+00 8.012492e+00 2.449775e+01 2033 1.519379e-02
71119 -2.279536e-02 1.150903e-02 1.388062e-01 -6.820736e-01 3.055625e-01 2.125042e+00 -1.016001e+01 4.531600e+00 3.060948e+01 772 6.994112e-03
58606 -1.918459e-02 6.427227e-03 1.511629e-01 -7.205760e-01 3.089268e-01 3.377980e+00 -6.524312e+00 2.813838e+00 3.001571e+01 257 4.630577e-03
71127 4.094226e-03 1.131693e-03 9.302076e-02 2.999133e-02 1.213346e-02 2.913879e-01 3.383727e+00 1.437496e+00 2.591874e+01 465 3.677586e-03
95946 -7.553804e-03 7.419177e-03 2.109213e-01 -3.260531e-01 2.503080e-01 6.949164e+00 -1.732456e+00 1.321178e+00 3.665224e+01 409 6.268798e-03
20965 2.190943e-03 2.760605e-03 1.103932e-01 3.499482e-02 3.351109e-02 4.137773e-01 3.581428e+00 3.357246e+00 3.312256e+01 1143 7.869698e-03
95986 9.424004e-03 -3.720172e-04 1.313473e-01 4.124737e-01 7.414170e-02 3.003671e+00 5.545025e+00 1.025135e+00 3.951648e+01 442 4.184183e-03
95987 1.338599e-02 2.520034e-02 1.834236e-01 2.886192e-01 4.695866e-01 2.177525e+00 3.564178e+00 5.754654e+00 2.582294e+01 1012 1.038668e-02
33916 -1.546813e-02 2.881067e-03 1.124083e-01 -5.811068e-02 6.085688e-03 2.182507e-01 -8.906936e+00 6.693631e-01 2.210776e+01 1297 9.539347e-03
71226 -2.702336e-03 -7.841431e-03 9.325572e-02 -1.177448e-02 -3.757413e-02 2.122123e-01 -1.925533e+00 -6.310668e+00 2.524814e+01 1994 1.333905e-02
46348 2.189487e-02 1.788764e-02 1.680737e-01 7.743242e-01 6.563056e-01 3.742520e+00 8.334055e+00 7.071242e+00 3.959127e+01 3517 2.287927e-02
21026 7.322347e-03 2.370841e-03 1.268453e-01 7.426403e-02 -1.211196e-02 6.075747e-01 3.369912e+00 -7.290787e-01 2.420040e+01 1006 8.497603e-03
71263 -2.630708e-03 3.352157e-04 1.093736e-01 -2.790359e-02 -1.226786e-02 5.232079e-01 -1.952050e+00 -9.734481e-01 3.196412e+01 2463 1.558991e-02
71265 6.804828e-03 3.662062e-03 1.686792e-01 3.608663e-02 2.999815e-02 5.673034e-01 2.629427e+00 2.364910e+00 3.579539e+01 390 5.162981e-03
21063 3.629971e-03 -8.483136e-03 1.003392e-01 1.192863e-02 -3.161001e-02 1.774621e-01 2.372714e+00 -6.612329e+00 2.205062e+01 355 3.678034e-03
84004 1.536506e-03 -3.407353e-03 1.588788e-01 1.579147e-02 -1.551515e-02 6.403617e-01 1.028635e+00 -8.736962e-01 3.474369e+01 449 5.638709e-03
21121 -1.061910e-02 -1.996107e-02 1.256564e-01 -1.907186e-01 -3.454031e-01 8.692691e-01 -5.263300e+00 -9.510846e+00 2.173163e+01 1164 9.440206e-03
71346 5.779743e-03 -7.613442e-03 9.465610e-02 7.091857e-02 -8.052784e-02 3.050290e-01 6.943689e+00 -7.772551e+00 2.242539e+01 1397 9.547812e-03
71363 -4.216336e-03 -4.737473e-03 1.413103e-01 -1.189325e-02 -1.748990e-02 4.055457e-01 -9.771808e-01 -1.623233e+00 3.363406e+01 808 6.697178e-03
84103 1.752934e-02 1.888445e-02 1.605647e-01 1.181166e-01 1.051515e-01 6.283304e-01 5.365645e+00 4.601757e+00 2.495211e+01 1283 1.084840e-02
71450 -7.803392e-03 -2.203020e-03 1.423902e-01 -1.664198e-01 2.021735e-03 1.720333e+00 -2.782424e+00 7.410998e-02 2.768002e+01 885 8.061827e-03
71453 3.707057e-03 -2.661061e-03 1.097142e-01 4.292477e-02 -1.793974e-02 4.400640e-01 2.051339e+00 -7.991732e-01 1.727942e+01 2334 1.596515e-02
21237 -1.887799e-02 -1.401442e-02 1.479270e-01 -1.324084e-01 -1.076976e-01 6.054989e-01 -6.155655e+00 -5.079529e+00 2.480969e+01 954 8.877176e-03
46610 1.325774e-02 -3.284708e-03 9.179219e-02 3.086159e-02 -5.414665e-03 1.143552e-01 1.030017e+01 -1.246256e+00 1.320180e+01 1136 8.189542e-03
34219 4.856943e-03 1.496141e-02 1.064827e-01 2.324164e-02 7.376029e-02 2.464104e-01 3.403409e+00 1.088496e+01 2.590367e+01 1758 1.153288e-02
84214 -8.521497e-03 -1.129769e-02 1.088308e-01 -4.103968e-02 -5.669435e-02 2.668144e-01 -6.050638e+00 -8.446928e+00 2.939591e+01 654 5.028857e-03
84234 2.084084e-03 4.346740e-03 2.443158e-01 1.177661e-01 1.090245e-01 2.720303e+00 1.280405e+00 1.158607e+00 2.740501e+01 1170 1.336615e-02
96328 -9.273139e-04 1.816215e-02 1.068417e-01 -3.797087e-03 5.058271e-02 1.704400e-01 -1.106153e+00 1.249649e+01 2.451390e+01 637 5.392461e-03
84255 1.150702e-02 1.739182e-02 1.393740e-01 7.931590e-02 1.019348e-01 5.034931e-01 6.073572e+00 7.572428e+00 3.261377e+01 594 5.615965e-03
34274 3.117617e-03 -1.218841e-02 1.405311e-01 6.234079e-02 -1.638913e-01 8.306667e-01 2.333271e+00 -5.976782e+00 2.718992e+01 575 6.461722e-03
96369 1.398147e-02 7.370519e-03 1.524471e-01 5.694136e-02 1.749576e-02 4.549965e-01 4.060048e+00 9.569146e-01 2.859330e+01 956 8.963556e-03
96386 3.716069e-03 1.186468e-02 9.720568e-02 2.131674e-02 7.289675e-02 2.207584e-01 2.834213e+00 9.827916e+00 1.989553e+01 1493 9.875188e-03
71619 1.381319e-03 4.742968e-03 1.301510e-01 4.776299e-02 1.007955e-01 9.973817e-01 1.820489e+00 3.770079e+00 3.403896e+01 1255 9.180891e-03
59124 1.501449e-03 1.338490e-02 9.657189e-02 1.486484e-03 3.541983e-02 1.374904e-01 -6.576601e-03 9.683679e+00 1.798244e+01 2431 1.526772e-02
96448 -1.662166e-02 -2.048180e-02 1.695992e-01 -3.926874e-02 -4.770306e-02 3.042312e-01 -4.300594e+00 -5.169213e+00 2.556609e+01 1302 1.212553e-02
34402 -6.111782e-03 -3.517477e-03 1.096951e-01 -5.562489e-02 -3.066536e-02 3.513273e-01 -5.854856e+00 -3.210199e+00 2.857268e+01 340 3.332519e-03
59223 2.132504e-03 1.590370e-02 1.863371e-01 1.555908e-01 3.978255e-01 2.155538e+00 2.136096e+00 5.316244e+00 2.741073e+01 948 9.846331e-03
96532 6.497746e-05 1.283416e-02 1.345079e-01 1.057260e-02 1.036036e-01 5.709237e-01 6.962280e-01 6.014322e+00 2.891663e+01 686 6.437464e-03
34477 3.796938e-03 1.977030e-02 1.279345e-01 7.098032e-02 9.727787e-01 2.563107e+00 7.406027e-01 1.050558e+01 2.684436e+01 398 4.590395e-03
59260 -2.620758e-03 2.803951e-02 3.226517e-01 -1.715427e-02 4.091699e-01 4.495134e+00 -9.437046e-02 2.474795e+00 2.709319e+01 717 1.436941e-02
21587 -7.024909e-03 -1.491898e-02 2.429895e-01 -4.463429e-02 -9.173106e-02 1.143906e+00 -1.535462e+00 -3.135973e+00 3.678133e+01 1387 1.302500e-02
46945 -1.164587e-03 -4.891917e-03 3.372172e-01 1.194847e-01 -1.584893e-01 3.920992e+00 1.025927e+00 -1.306097e+00 3.047420e+01 547 1.253493e-02
59333 -1.414070e-02 1.411922e-02 1.193455e-01 -6.433597e-02 6.182893e-02 2.990779e-01 -6.465670e+00 6.145505e+00 2.315138e+01 657 6.462885e-03
34587 -7.696797e-03 -1.463156e-02 1.305021e-01 -7.676258e-02 -1.855126e-01 7.983226e-01 -2.959296e+00 -7.321826e+00 2.861444e+01 1343 1.000557e-02
71957 3.932776e-03 -1.866357e-02 1.289884e-01 1.425911e-02 -1.140077e-01 4.111778e-01 1.164379e+00 -1.075082e+01 3.181916e+01 419 4.384959e-03
21722 1.573591e-02 1.010020e-02 1.713464e-01 8.232769e-01 4.538207e-01 4.577278e+00 5.179501e+00 2.845987e+00 2.825928e+01 461 6.501293e-03
59421 2.853180e-02 8.730931e-03 1.578932e-01 1.021421e-01 2.733425e-02 3.919339e-01 7.577419e+00 1.915020e+00 2.409208e+01 730 7.978024e-03
21735 6.236991e-03 -4.728158e-04 9.382159e-02 2.888339e-02 -9.010733e-03 1.742840e-01 7.602241e+00 -2.866121e+00 2.701067e+01 781 5.456967e-03
84705 1.103487e-02 1.216219e-02 1.059057e-01 1.703535e-01 1.371329e-01 5.501948e-01 6.525219e+00 5.118429e+00 1.819677e+01 846 6.961444e-03
96784 -6.147978e-03 -1.585384e-02 1.199489e-01 -1.716021e-02 -3.744017e-02 1.962882e-01 -3.984937e+00 -7.811330e+00 2.762448e+01 1577 1.103750e-02
21785 1.851762e-02 1.375359e-02 3.173968e-01 2.061926e+00 1.860259e+00 2.375376e+01 2.776797e+00 2.509224e+00 3.184778e+01 514 1.087032e-02
47147 -6.370797e-03 -5.600166e-03 1.037661e-01 -3.340314e-02 -2.927353e-02 2.949683e-01 -5.081330e+00 -4.449934e+00 3.594070e+01 889 6.127467e-03
34736 3.465462e-03 -7.011024e-03 9.437468e-02 2.142806e-02 -3.008108e-02 2.126898e-01 5.153708e+00 -6.619105e+00 3.394617e+01 811 5.669364e-03
59541 -1.403620e-02 1.744120e-02 1.806510e-01 -1.788818e-01 1.850098e-01 1.644724e+00 -3.248457e+00 3.302115e+00 2.885110e+01 776 9.056337e-03
72099 1.750977e-02 4.972435e-03 2.280405e-01 7.968903e-02 8.347572e-03 7.647538e-01 3.724353e+00 2.021607e-01 3.214753e+01 961 1.089327e-02
96864 -4.951366e-03 4.580882e-03 1.085170e-01 -3.939636e-02 3.458918e-02 3.767173e-01 -3.356150e+00 2.923860e+00 2.613212e+01 1095 7.855490e-03
72138 -2.046486e-02 -4.059924e-03 1.481169e-01 -5.464996e-01 -2.382942e-01 2.289972e+00 -7.144140e+00 -3.181164e+00 2.908878e+01 570 6.570610e-03
59592 -4.034304e-03 -8.404661e-03 1.152990e-01 -1.080117e-01 -1.324848e-01 9.399155e-01 -3.769497e+00 -4.498284e+00 2.989487e+01 3976 2.481149e-02
72236 7.334772e-03 -1.222624e-02 1.231072e-01 4.652327e-02 -8.297828e-02 4.535229e-01 3.061134e+00 -5.526659e+00 2.580979e+01 781 7.204697e-03
72244 4.074579e-04 -3.624586e-03 8.903080e-02 -1.145074e-02 -2.914899e-02 2.956880e-01 -2.038392e+00 -4.387577e+00 3.552383e+01 447 3.208077e-03
72252 -1.288030e-02 -1.334759e-02 1.653282e-01 -1.051785e-01 -8.538239e-02 7.185556e-01 -6.033396e+00 -4.708810e+00 3.616366e+01 788 7.430153e-03
22011 -1.753441e-02 -1.174869e-03 1.988116e-01 -3.094900e-01 -1.149929e-01 2.624949e+00 -4.189859e+00 -1.633404e+00 3.481753e+01 432 6.528332e-03
47437 -7.704047e-03 2.337905e-03 9.404473e-02 -9.885938e-02 5.887396e-02 4.285711e-01 -1.048369e+01 6.502159e+00 3.847356e+01 545 3.889042e-03
97097 1.563423e-02 1.441011e-02 1.528809e-01 8.729306e-02 8.683077e-02 6.160854e-01 4.362474e+00 4.408853e+00 2.819914e+01 4019 2.618363e-02
85042 2.283215e-02 -1.159269e-02 1.905639e-01 1.303287e-01 -4.613984e-02 7.366442e-01 6.219922e+00 -1.998954e+00 3.159710e+01 852 9.116047e-03
35063 3.887996e-03 -7.350905e-03 1.133795e-01 1.330206e-02 -4.034263e-02 2.984619e-01 1.321238e+00 -4.630297e+00 2.597581e+01 1727 1.182202e-02
59829 7.409985e-03 3.334786e-04 1.058103e-01 3.084721e-02 1.225350e-02 2.623461e-01 5.705098e+00 2.901575e+00 3.810402e+01 332 3.057011e-03
22151 -1.071877e-02 -2.221938e-02 1.311408e-01 -1.261709e-01 -3.446624e-01 9.405266e-01 -3.564941e+00 -9.956424e+00 2.499228e+01 880 7.596245e-03
72459 -1.465673e-02 -2.431478e-02 2.080303e-01 -1.332907e-01 -3.195620e-01 1.690370e+00 -2.335545e+00 -5.812526e+00 2.918279e+01 2324 1.817136e-02
85199 -5.614959e-03 1.747028e-03 8.848883e-02 -4.845635e-02 2.826346e-02 2.473649e-01 -8.330974e+00 5.156408e+00 3.089517e+01 1163 7.324282e-03
97317 1.126039e-03 -1.158528e-02 1.006724e-01 9.230524e-03 -4.128065e-02 1.636652e-01 2.921446e+00 -1.070437e+01 2.270720e+01 461 3.995957e-03
47693 -1.656301e-02 -1.768529e-02 2.497492e-01 -2.099100e-01 -2.015615e-01 2.155593e+00 -3.858092e+00 -3.669110e+00 3.802967e+01 395 7.489300e-03
72607 -2.114785e-02 1.831485e-03 1.280322e-01 -2.319533e-01 1.805966e-02 5.897050e-01 -7.952889e+00 6.122274e-01 1.741716e+01 546 6.609475e-03
85311 -7.535692e-03 -9.000093e-03 1.249731e-01 -2.500761e-02 -2.884070e-02 2.558320e-01 -4.278860e+00 -4.858950e+00 3.204726e+01 590 5.183104e-03
35302 1.544357e-02 2.763170e-03 1.847014e-01 5.428415e-01 1.713563e-01 3.504557e+00 5.176266e+00 1.654695e+00 3.258347e+01 2009 1.525809e-02
47800 2.860267e-03 -3.655434e-03 8.929793e-02 2.713188e-02 -2.721500e-02 1.990497e-01 6.620277e+00 -6.426062e+00 2.993568e+01 416 3.165993e-03
60127 -1.398823e-02 1.445437e-02 1.277823e-01 -4.927474e-02 4.514266e-02 2.668116e-01 -7.294322e+00 6.343791e+00 2.873972e+01 740 6.332648e-03
60135 -1.203966e-02 -8.198732e-03 1.460897e-01 -2.357894e-01 -1.618261e-01 1.644030e+00 -4.928999e+00 -3.384269e+00 3.299825e+01 1036 8.841933e-03
97522 1.331405e-02 1.717775e-02 1.160298e-01 3.364589e-02 4.072256e-02 1.714879e-01 7.666891e+00 8.878463e+00 2.091255e+01 1203 9.149767e-03
85467 8.676045e-03 -9.264666e-03 1.205713e-01 4.503413e-02 -4.312496e-02 2.619165e-01 5.807613e+00 -5.408631e+00 2.257761e+01 2877 1.861050e-02
85483 -1.264467e-02 -1.180264e-03 9.081552e-02 -1.141545e-01 -3.407649e-02 2.266486e-01 -1.338358e+01 -4.337209e+00 1.790894e+01 1923 1.213641e-02
60208 4.984666e-03 -1.657395e-02 1.374325e-01 1.237342e-02 -4.736884e-02 2.917564e-01 1.280526e+00 -5.336980e+00 2.674546e+01 1690 1.236894e-02
85499 -2.376468e-02 -1.598720e-02 2.657017e-01 -1.940748e-01 -1.080608e-01 1.675182e+00 -3.475764e+00 -1.879079e+00 2.876531e+01 598 9.930547e-03
85502 1.503221e-03 -4.005539e-03 1.797814e-01 -1.887696e-02 -9.983537e-02 2.751608e+00 -2.441800e-01 -1.148161e+00 3.081369e+01 564 7.123577e-03
85516 -3.720796e-03 -1.651139e-02 1.497447e-01 -4.559302e-02 -1.073448e-01 6.407332e-01 -2.992905e+00 -6.492510e+00 3.509444e+01 526 5.442338e-03
72828 1.406623e-03 -1.551025e-02 1.040513e-01 9.902387e-03 -4.895298e-02 1.829359e-01 3.163344e+00 -1.245219e+01 2.937219e+01 676 5.287435e-03
72833 -2.099481e-02 -5.040189e-04 1.868510e-01 -1.275785e-01 -1.388554e-02 7.092711e-01 -6.184860e+00 -7.765057e-01 3.031510e+01 1044 1.011187e-02
47968 2.829612e-02 -1.049865e-03 1.367008e-01 9.556359e-02 -7.845463e-03 3.031376e-01 7.068790e+00 -7.141142e-01 1.748998e+01 2496 1.840489e-02
47994 7.320347e-03 -2.223669e-03 9.849219e-02 3.966116e-02 -1.516814e-02 2.458978e-01 6.953962e+00 -2.783336e+00 3.169534e+01 973 6.825949e-03
47999 -1.868176e-02 -1.679083e-02 1.279983e-01 -1.299241e-01 -1.122234e-01 4.531507e-01 -9.133506e+00 -7.835453e+00 2.669650e+01 1518 1.173164e-02
97638 -4.762641e-03 -6.896686e-03 9.498690e-02 -2.168338e-02 -3.559244e-02 2.171149e-01 -3.954827e+00 -6.706962e+00 2.854456e+01 811 5.412078e-03
72892 -2.398649e-03 -1.049250e-02 1.119058e-01 -1.954643e-02 -7.490162e-02 3.500090e-01 -2.821379e+00 -1.059743e+01 3.917587e+01 320 3.064639e-03
72893 -1.178559e-02 6.885051e-03 9.951534e-02 -1.511857e-01 8.006085e-02 3.975478e-01 -1.062062e+01 5.575120e+00 2.270650e+01 528 4.276605e-03
97671 2.392698e-02 -1.045431e-02 1.391144e-01 2.050219e-01 -7.600667e-02 5.174938e-01 9.089490e+00 -3.290194e+00 1.899156e+01 1541 1.236457e-02
35605 8.380970e-03 7.669624e-03 1.056920e-01 9.918410e-02 6.345917e-02 4.261778e-01 1.010844e+01 6.210635e+00 3.567729e+01 673 4.634411e-03
72966 1.846460e-02 -1.337922e-02 2.004687e-01 6.026270e-01 -4.056700e-01 4.716464e+00 5.123358e+00 -3.440560e+00 3.960724e+01 1616 1.273995e-02
85707 -5.286863e-03 -5.245777e-03 1.239943e-01 -2.772308e-02 -1.316224e-02 2.705129e-01 -3.447836e+00 -1.216545e+00 2.251592e+01 2619 1.728308e-02
35668 -6.546548e-03 -6.711197e-03 1.000684e-01 -5.571061e-02 -3.733703e-02 2.906252e-01 -5.594698e+00 -3.485113e+00 2.168470e+01 1075 7.350057e-03
73028 -3.238989e-03 -5.798558e-04 1.431598e-01 -4.347668e-02 -4.571833e-02 1.270487e+00 -1.231596e+00 -1.381599e+00 3.450526e+01 1217 9.584172e-03
60451 -6.335843e-03 -2.742050e-02 1.981759e-01 -9.883684e-02 -6.255777e-01 2.445754e+00 -1.093444e+00 -7.070749e+00 2.656837e+01 813 1.000221e-02
60493 1.000525e-03 -9.360292e-03 2.416850e-01 2.894042e-02 -4.456549e-02 7.519542e-01 1.364964e+00 -1.719901e+00 2.492848e+01 2508 2.185208e-02
48214 -1.264100e-02 1.097306e-02 1.089936e-01 -4.148096e-02 3.569567e-02 1.882666e-01 -8.641093e+00 7.407446e+00 2.375194e+01 1079 8.122027e-03
97864 1.598223e-02 -4.798163e-03 1.070333e-01 1.481265e-01 -4.684637e-02 4.360556e-01 8.796131e+00 -2.798923e+00 2.190125e+01 937 7.281537e-03
97914 2.424853e-02 1.217409e-02 1.683547e-01 5.309928e-01 1.893946e-01 2.222254e+00 6.022316e+00 2.106147e+00 2.440921e+01 576 7.672203e-03
35833 1.532995e-02 -1.831449e-02 1.331344e-01 4.121057e-02 -4.337661e-02 2.344284e-01 5.881299e+00 -5.695296e+00 2.301879e+01 1476 1.153382e-02
48376 6.491022e-03 2.724221e-02 1.522573e-01 2.570138e-01 7.276790e-01 2.101736e+00 4.291529e+00 1.199869e+01 3.339515e+01 472 4.988092e-03
22981 -1.048216e-03 8.260348e-03 8.749389e-02 -5.816620e-03 3.855303e-02 1.410994e-01 -1.960144e+00 1.245239e+01 2.203558e+01 816 5.469905e-03
73291 -3.251274e-03 4.687218e-03 1.608431e-01 -2.797772e-02 3.643222e-02 5.411406e-01 -1.713603e+00 2.200007e+00 2.635554e+01 731 8.027584e-03
22995 2.143601e-02 -1.921803e-02 2.321849e-01 1.598351e-01 -1.605060e-01 1.303858e+00 3.460616e+00 -3.532850e+00 2.679676e+01 1375 1.404371e-02
22997 -6.589244e-03 1.908963e-02 1.540715e-01 -1.749195e-01 4.011264e-01 1.813647e+00 -3.178714e+00 7.214305e+00 3.133909e+01 607 6.340177e-03
86027 -5.867891e-03 2.227816e-03 1.430110e-01 -3.181578e-02 2.571784e-02 4.170010e-01 -2.547568e+00 2.306254e+00 2.690038e+01 436 5.497826e-03
36018 -9.534694e-03 -7.258863e-03 2.318559e-01 -5.079843e-01 -7.373917e-01 9.268412e+00 -1.579159e+00 -2.313164e+00 2.862909e+01 2796 2.198328e-02
86076 -6.713881e-03 1.973847e-03 8.865135e-02 -2.596288e-02 1.747470e-02 1.552426e-01 -5.140305e+00 4.139389e+00 1.778271e+01 698 5.349963e-03
23075 1.647230e-02 -1.849604e-03 1.427264e-01 4.662834e-02 5.343623e-03 2.554602e-01 6.748570e+00 1.609761e+00 2.522851e+01 1151 9.791456e-03
48573 -1.610979e-04 -9.077315e-03 1.006210e-01 4.628377e-03 -3.731514e-02 2.266173e-01 1.107325e+00 -6.528573e+00 2.913029e+01 851 6.086808e-03
60853 -1.768251e-02 -2.832108e-03 2.053730e-01 -7.021665e-02 9.587374e-03 5.342039e-01 -4.264073e+00 1.008060e+00 2.669043e+01 845 1.035298e-02
36133 1.025206e-02 2.250212e-03 1.123356e-01 3.991432e-02 1.032059e-02 2.405486e-01 6.131188e+00 1.668146e+00 2.650163e+01 730 5.689585e-03
86187 -1.480733e-02 -2.073781e-02 1.624942e-01 -2.043168e-01 -2.895288e-01 1.229402e+00 -5.211221e+00 -7.391341e+00 2.933832e+01 1937 1.499588e-02
98245 -1.676866e-03 -1.243160e-02 9.530520e-02 -2.448692e-02 -1.321363e-01 3.193948e-01 -2.610142e+00 -1.369774e+01 2.564246e+01 626 4.685685e-03
23196 1.087447e-02 -1.357857e-02 1.589136e-01 5.481196e-02 -7.303687e-02 5.105878e-01 4.005960e+00 -5.421055e+00 3.206356e+01 549 5.800032e-03
36183 2.471155e-02 -6.240073e-03 1.896259e-01 5.023946e-01 -1.096004e-01 2.537850e+00 5.204548e+00 -1.126152e+00 2.558484e+01 896 1.010647e-02
48713 -2.860147e-03 1.298020e-02 1.431918e-01 -2.844862e-02 2.023347e-01 1.159050e+00 -7.847341e-01 5.807026e+00 3.115381e+01 599 5.860415e-03
23276 1.010463e-02 -1.103155e-02 1.148600e-01 1.005953e-01 -1.057456e-01 5.234094e-01 8.098281e+00 -8.476241e+00 3.656229e+01 728 5.238582e-03
60978 -1.627792e-02 -1.589873e-02 1.439206e-01 -1.323342e-01 -9.356670e-02 6.751879e-01 -6.024050e+00 -4.031455e+00 2.757610e+01 1177 9.923315e-03
73599 4.809008e-03 7.611641e-03 1.038524e-01 1.992198e-02 4.341556e-02 2.898662e-01 1.538111e+00 3.643917e+00 1.893143e+01 571 5.047093e-03
73601 -6.446225e-03 -2.519664e-02 1.331998e-01 -1.391988e-02 -5.202745e-02 1.999124e-01 -1.861944e+00 -6.684477e+00 1.662041e+01 507 6.626561e-03
73603 -1.565349e-02 -3.276166e-03 9.925353e-02 -5.962163e-02 -1.000546e-02 1.841649e-01 -1.058217e+01 -1.619595e+00 2.043631e+01 682 5.424015e-03
61003 -1.134100e-02 8.292079e-03 1.184140e-01 -4.812024e-02 3.421855e-02 2.463924e-01 -5.307327e+00 3.741248e+00 1.846757e+01 718 6.980143e-03
48763 -1.081627e-02 -1.145634e-02 1.340429e-01 -5.002145e-02 -4.882775e-02 3.233133e-01 -4.839795e+00 -4.613420e+00 2.336502e+01 3052 2.071940e-02
36285 -2.155370e-02 -1.187450e-02 1.900958e-01 -1.705333e-01 -6.318983e-02 9.007546e-01 -5.327866e+00 -1.835159e+00 2.541485e+01 564 8.818198e-03
23338 1.158784e-02 -6.617709e-03 1.996191e-01 7.597578e-02 -1.859698e-01 3.894804e+00 3.511572e-01 -9.781456e-01 2.015270e+01 1534 1.559761e-02
86367 1.266588e-02 3.747447e-03 1.561574e-01 3.636541e-02 9.818590e-03 2.827790e-01 6.701040e+00 1.716616e+00 3.580224e+01 1050 8.869958e-03
48802 -6.093253e-03 -5.742041e-04 1.166844e-01 -4.113256e-02 -1.900989e-02 3.442545e-01 -3.780233e+00 -1.988943e+00 2.455151e+01 3653 2.315089e-02
73673 -3.320526e-03 -2.351319e-02 1.435789e-01 -2.512623e-02 -1.687693e-01 7.248468e-01 -7.041258e-01 -4.690452e+00 1.876967e+01 2131 1.643544e-02
98449 8.158070e-03 8.282387e-03 1.818470e-01 1.490406e-01 8.173233e-02 1.431679e+00 3.647013e+00 1.901392e+00 3.235430e+01 1219 1.074031e-02
36380 1.332055e-02 -1.423172e-02 2.404565e-01 1.500219e-01 -3.111248e-01 3.512620e+00 1.475769e+00 -3.205131e+00 3.532488e+01 2221 1.832824e-02
23409 5.225462e-03 1.419171e-02 1.331874e-01 6.085849e-02 1.391135e-01 7.242408e-01 3.074766e+00 6.904266e+00 3.266676e+01 756 6.668524e-03
98477 -1.965626e-03 -1.211787e-02 1.373698e-01 1.150412e-02 -7.846328e-02 4.528929e-01 9.858657e-01 -4.855893e+00 2.309349e+01 654 6.809735e-03
61120 -4.805035e-03 2.156264e-03 9.513072e-02 -3.876855e-02 3.870122e-02 2.931905e-01 -4.937175e+00 5.312431e+00 2.879136e+01 673 4.537938e-03
48877 7.349102e-04 -2.030472e-04 1.421706e-01 1.184713e-02 1.382832e-02 9.867890e-01 3.500308e-01 4.419832e-01 2.660517e+01 368 5.129561e-03
73751 7.907520e-03 -5.774414e-03 9.480587e-02 3.450596e-02 -1.719028e-02 1.651389e-01 9.957565e+00 -4.273718e+00 2.633033e+01 2330 1.473482e-02
98504 -1.430411e-02 1.156319e-02 2.058548e-01 -2.338331e-01 2.155183e-01 2.719335e+00 -3.010748e+00 2.797159e+00 3.447133e+01 531 7.205684e-03
48905 -7.886665e-03 -2.001557e-02 1.163747e-01 -4.977800e-02 -1.045078e-01 2.882801e-01 -6.021563e+00 -1.214512e+01 2.471011e+01 428 4.627906e-03
86513 -1.734896e-03 6.245139e-03 2.875950e-01 -8.370531e-02 2.694259e-01 8.033442e+00 -3.616250e-01 1.161062e+00 3.417198e+01 677 1.078095e-02
73804 7.190453e-03 -1.030370e-02 1.253513e-01 4.818894e-02 -6.628615e-02 4.284097e-01 5.928392e+00 -8.095076e+00 4.382231e+01 800 5.889567e-03
98552 5.788967e-03 4.658507e-03 8.983381e-02 2.526886e-02 1.962114e-02 1.575297e-01 6.633683e+00 5.095374e+00 2.305316e+01 1202 7.707645e-03
61199 2.334716e-04 -1.249488e-02 2.180681e-01 7.812058e-03 -2.072033e-02 4.929426e-01 8.354712e-01 -9.067821e-01 3.030245e+01 1520 1.391951e-02
36481 -2.745622e-02 -4.752064e-03 1.573374e-01 -2.308750e-01 -5.833931e-03 8.226600e-01 -7.810271e+00 -4.153830e-02 2.554508e+01 1390 1.129769e-02
23575 -9.969214e-03 3.407820e-03 1.212092e-01 -5.175168e-02 2.396797e-02 3.050051e-01 -5.959729e+00 2.932641e+00 2.621612e+01 1888 1.280238e-02
61304 -5.962368e-03 2.170794e-03 1.075222e-01 -6.263659e-02 3.640645e-02 5.267192e-01 -5.548366e+00 3.351647e+00 4.103909e+01 640 4.744029e-03
86664 7.463558e-03 2.369128e-03 1.014241e-01 6.124214e-02 1.966888e-02 3.649357e-01 5.986592e+00 1.925795e+00 2.933392e+01 2117 1.343650e-02
86669 -1.341361e-02 6.464855e-04 1.239087e-01 -1.601982e-01 -5.822308e-03 7.353231e-01 -7.503319e+00 -3.306712e-01 3.125422e+01 1818 1.236969e-02
98722 -2.323083e-02 -9.131358e-03 1.713613e-01 -2.430860e-01 -1.220228e-01 1.042007e+00 -8.039669e+00 -4.128216e+00 3.183778e+01 1046 9.546612e-03
61364 -1.374669e-02 -1.535484e-02 1.277672e-01 -5.239392e-02 -6.299021e-02 3.230583e-01 -5.610531e+00 -6.915365e+00 2.835097e+01 2062 1.366417e-02
98754 -2.825375e-03 -6.808672e-03 1.658314e-01 -1.124640e-02 -2.083038e-02 4.516145e-01 -5.774007e-01 -9.614204e-01 1.959517e+01 2068 1.773764e-02
61386 -1.546927e-02 -7.094273e-03 1.286366e-01 -9.985726e-02 -1.839347e-02 5.142005e-01 -5.795549e+00 -7.760000e-01 2.647953e+01 1273 9.637810e-03
36665 -1.220733e-02 -1.895075e-04 3.058289e-01 -6.175904e-01 -2.582934e-01 1.081450e+01 -1.341845e+00 -5.720927e-01 2.329269e+01 944 1.626840e-02
61398 8.448622e-03 5.540487e-03 9.567982e-02 2.999944e-02 1.934464e-02 1.561765e-01 1.012035e+01 6.482487e+00 2.840949e+01 655 4.635635e-03
86775 -2.426527e-02 -1.269836e-02 2.725405e-01 -2.639734e-01 -1.895099e-01 4.013198e+00 -1.311509e+00 -9.673842e-01 2.046616e+01 2343 2.478044e-02
23768 4.680271e-03 -1.878571e-02 1.287606e-01 2.898710e-02 -2.385722e-01 7.241729e-01 7.262342e-01 -6.566735e+00 1.778960e+01 2190 1.656193e-02
61495 2.862045e-03 -2.978773e-03 9.912644e-02 3.917157e-02 -1.738296e-02 3.316377e-01 3.645805e+00 -1.446311e+00 2.334624e+01 529 4.119965e-03
23784 -4.866284e-03 4.754647e-03 1.677853e-01 -4.470181e-02 7.014361e-02 1.580067e+00 -7.809840e-01 1.281964e+00 2.768808e+01 3354 2.336630e-02
74189 7.901926e-03 9.101870e-03 1.063816e-01 7.380127e-02 8.324492e-02 4.138274e-01 8.200309e+00 9.226130e+00 3.825760e+01 1337 8.842344e-03
36848 4.808738e-03 4.305015e-03 1.115963e-01 3.996793e-02 -1.330023e-03 4.504304e-01 3.883478e+00 -6.224133e-01 3.742563e+01 1082 7.352213e-03
86973 -1.126313e-02 1.411544e-03 1.016486e-01 -3.031007e-02 4.099931e-03 1.607592e-01 -1.170214e+01 1.651702e+00 3.631658e+01 1172 7.375865e-03
87034 -1.077759e-02 -2.535003e-02 2.118388e-01 -3.408573e-01 -5.743268e-01 3.390468e+00 -3.739479e+00 -6.219367e+00 3.601074e+01 801 9.302657e-03
87042 1.707054e-02 7.888761e-03 1.387901e-01 4.145779e-01 2.292390e-01 1.604801e+00 8.790738e+00 4.895084e+00 3.242033e+01 1066 8.448611e-03
23985 -1.842452e-02 1.396470e-02 2.803958e-01 -2.981374e-01 1.281656e-01 3.504886e+00 -2.725151e+00 1.112622e+00 3.141515e+01 670 1.111236e-02
99083 -6.504016e-03 -3.488704e-03 9.985573e-02 -5.882470e-02 -2.522282e-02 3.778902e-01 -5.877559e+00 -2.441550e+00 3.123362e+01 1184 7.829176e-03
99106 5.993533e-03 3.882668e-04 1.092212e-01 2.920104e-02 1.027516e-02 3.005129e-01 3.267588e+00 1.392063e+00 2.693364e+01 2302 1.476364e-02
37016 -3.276949e-03 9.608355e-03 1.096361e-01 -2.987268e-02 5.425059e-02 2.690425e-01 -4.356532e+00 7.312651e+00 2.611167e+01 1102 7.706882e-03
37022 -1.907360e-03 7.029961e-03 1.052891e-01 -1.357161e-02 4.767608e-02 3.521039e-01 -1.486572e+00 5.180220e+00 3.145577e+01 1013 6.897619e-03
61760 1.257678e-03 -4.732024e-03 1.295741e-01 5.504915e-02 -1.510478e-01 2.290286e+00 8.786465e-01 -2.389967e+00 3.529373e+01 1025 7.228901e-03
24057 -2.634691e-03 -1.180333e-02 1.020837e-01 -7.376568e-03 -5.111136e-02 1.968257e-01 -1.339283e+00 -1.110205e+01 2.675868e+01 429 3.823488e-03
74487 6.254665e-03 -1.014478e-02 1.144867e-01 1.963179e-02 -3.739794e-02 2.312480e-01 2.559750e+00 -5.214969e+00 2.234260e+01 886 7.319479e-03
74494 5.875700e-03 5.911401e-03 1.494031e-01 1.542358e-01 9.180576e-02 2.054465e+00 2.430983e+00 1.407439e+00 3.121577e+01 490 5.349370e-03
37143 7.236691e-03 -2.125688e-03 1.503943e-01 1.051450e-01 -6.461460e-02 1.364820e+00 3.187106e+00 -2.034136e+00 3.953191e+01 899 7.222824e-03
61902 7.002039e-03 -8.081759e-03 1.262321e-01 9.056925e-02 -9.159717e-02 6.920101e-01 4.996822e+00 -4.993725e+00 3.383016e+01 693 6.017756e-03
24195 -6.355607e-04 7.897710e-03 9.869616e-02 -2.255572e-02 6.312717e-02 4.199303e-01 -1.853074e+00 4.668958e+00 2.715632e+01 1704 1.096519e-02
74581 1.852181e-02 1.409716e-02 1.114332e-01 4.453544e-02 3.219324e-02 1.606576e-01 1.070198e+01 7.444709e+00 2.025089e+01 841 6.660145e-03
99337 4.055533e-03 1.181023e-02 1.053818e-01 2.732375e-02 2.250045e-01 6.094553e-01 1.065714e+00 9.764567e+00 2.308721e+01 1090 8.433173e-03
99354 -2.548573e-02 7.460761e-03 1.332821e-01 -1.081110e-01 3.331488e-02 3.320906e-01 -1.122791e+01 3.513306e+00 2.701600e+01 1723 1.265417e-02
62008 -5.435976e-03 -1.059869e-02 1.171311e-01 -2.970696e-02 -6.713553e-02 3.669821e-01 -2.579168e+00 -6.007915e+00 2.655054e+01 713 5.822412e-03
74671 6.471791e-03 -7.117704e-03 1.204982e-01 2.413651e-02 -2.365780e-02 2.426960e-01 3.973312e+00 -3.720350e+00 2.748584e+01 1617 1.098837e-02
99468 -2.259431e-02 1.811190e-02 1.212756e-01 -1.478430e-01 9.900717e-02 3.600534e-01 -8.130480e+00 5.251292e+00 1.550018e+01 722 7.394820e-03
87469 -3.618858e-03 -6.378026e-04 1.485402e-01 -8.716434e-03 1.124225e-02 1.744629e+00 -9.854949e-02 2.296726e-01 3.085658e+01 914 7.918343e-03
49914 -9.795536e-03 1.261930e-02 1.569895e-01 -1.022560e-01 1.838081e-01 1.369674e+00 -1.953407e+00 3.616697e+00 2.562032e+01 1630 1.353214e-02
49917 3.835661e-03 -6.475815e-03 9.921060e-02 3.919261e-02 -4.983134e-02 2.406664e-01 5.093877e+00 -6.246233e+00 2.037955e+01 1132 7.988709e-03
62139 1.000407e-02 -1.529608e-02 1.604037e-01 7.637923e-02 -2.180855e-01 1.213212e+00 1.419678e+00 -4.337401e+00 2.251821e+01 895 9.400526e-03
62163 -4.481386e-03 -5.667207e-03 1.020003e-01 -2.244567e-02 -2.023791e-02 2.187138e-01 -4.567177e+00 -3.704403e+00 2.967284e+01 752 5.629810e-03
37463 -1.023571e-02 -6.633768e-03 1.196277e-01 -2.836325e-01 -2.450822e-01 1.349849e+00 -5.701201e+00 -4.972415e+00 2.565406e+01 1420 1.034543e-02
37476 1.767235e-02 8.478037e-03 1.534028e-01 1.471108e-01 9.109020e-02 7.367698e-01 5.978651e+00 3.815784e+00 2.694522e+01 2115 1.572049e-02
99597 1.795361e-03 -3.666869e-03 9.476599e-02 -5.286297e-03 -3.451523e-02 1.825273e-01 -1.961252e+00 -8.543396e+00 2.430532e+01 537 4.245101e-03
24501 9.919402e-03 7.526060e-03 1.259182e-01 1.180498e-01 1.046495e-01 8.335045e-01 5.303626e+00 4.763752e+00 3.470600e+01 1617 1.129775e-02
62221 -1.223875e-02 -1.310774e-02 1.400519e-01 -5.028718e-02 -4.854108e-02 3.692821e-01 -4.916004e+00 -4.578125e+00 2.961743e+01 2675 1.770737e-02
24523 -1.321416e-02 1.420384e-03 1.138079e-01 -5.734553e-02 6.909188e-03 2.410979e-01 -1.174656e+01 1.460969e+00 3.388108e+01 2004 1.272668e-02
74919 -1.947116e-03 1.139713e-02 9.633792e-02 -1.642910e-02 7.339701e-02 2.110361e-01 -1.576214e+00 6.748046e+00 1.248371e+01 1385 1.003308e-02
62297 -1.473130e-03 -3.882444e-03 1.684813e-01 -2.490452e-02 -3.300757e-02 1.487868e+00 -4.887334e-01 -6.074939e-01 2.751985e+01 2192 1.679439e-02
74982 1.006870e-02 9.403924e-03 1.262749e-01 8.051717e-02 9.666279e-02 5.732174e-01 3.206541e+00 3.971685e+00 2.034308e+01 871 8.042528e-03
62341 -4.018292e-03 -1.466834e-02 1.441404e-01 -2.002258e-02 -7.178748e-02 3.904940e-01 -2.206600e+00 -7.875330e+00 3.396613e+01 763 6.815994e-03
99756 -8.929461e-03 -5.278091e-03 1.225033e-01 -4.330228e-02 -2.440904e-02 4.387184e-01 -2.902495e+00 -1.615448e+00 2.670171e+01 2516 1.661921e-02
62373 -2.674710e-02 -5.702258e-03 3.202715e-01 -3.500333e-01 -6.524404e-02 3.762007e+00 -2.680439e+00 -4.936743e-01 2.853620e+01 1180 1.572873e-02
24790 -2.407242e-02 9.576712e-03 1.235473e-01 -3.515251e-01 1.142315e-01 8.654248e-01 -9.058156e+00 2.895012e+00 2.052218e+01 1387 1.082053e-02
