/n/home03/calmiller/DSMC_Simulations/5_25_20_cold_second_stage/flow_2.000_gap_0.00400_len_0.000/data
running....
idx x y z xnext ynext znext vx vy vz collides time
50016 1.458298e-02 3.015201e-03 1.168990e-01 5.606466e-01 1.250154e-01 1.624004e+00 1.045933e+01 2.336799e+00 2.886718e+01 2370 1.780479e-02
62520 6.563250e-04 -4.393986e-03 3.480943e-01 1.389172e-01 -1.949018e-01 6.818852e+00 9.572988e-01 -1.319049e+00 4.480262e+01 2051 1.947190e-02
50031 -4.271607e-03 5.976662e-04 8.851699e-02 -5.980802e-02 -2.090079e-03 2.862651e-01 -8.745575e+00 -4.232516e-01 3.114031e+01 1126 7.473005e-03
75040 -2.500293e-02 1.541289e-02 2.175258e-01 -4.231277e+00 1.829829e+00 2.289759e+01 -8.251921e+00 3.559544e+00 4.449404e+01 545 6.850869e-03
49 5.800485e-03 -4.531266e-03 9.905408e-02 2.249428e-02 -2.546418e-02 1.958202e-01 3.745545e+00 -4.696665e+00 2.171117e+01 1049 8.587386e-03
75057 2.056498e-02 -1.342562e-02 1.619334e-01 6.091639e-02 -3.980664e-02 3.654749e-01 4.643144e+00 -3.035603e+00 2.342105e+01 1200 1.232431e-02
62574 3.507318e-03 8.644441e-03 9.928468e-02 2.658520e-02 1.504526e-01 4.539178e-01 1.663157e+00 1.021971e+01 2.555740e+01 927 7.107887e-03
37591 1.832685e-02 -2.037636e-02 2.873239e-01 9.967083e-02 -8.187695e-02 1.049453e+00 3.230245e+00 -2.442246e+00 3.026484e+01 620 1.150674e-02
62597 4.287212e-03 -1.809845e-03 1.024354e-01 5.199625e-02 -2.594943e-02 6.658346e-01 3.081925e+00 -1.559377e+00 3.639465e+01 979 7.565555e-03
75130 -2.551515e-03 3.199936e-03 1.249906e-01 -2.852006e-02 8.463534e-03 4.895843e-01 -2.358775e+00 4.781032e-01 3.311678e+01 1971 1.447225e-02
50130 8.566014e-03 1.555576e-02 1.428590e-01 9.466385e-02 1.676422e-01 8.535300e-01 4.245682e+00 7.499732e+00 3.504482e+01 768 6.959237e-03
62654 -2.748914e-02 1.108230e-02 3.134265e-01 -2.120984e-01 1.595275e-01 3.063214e+00 -1.975572e+00 1.588567e+00 2.942649e+01 702 1.323431e-02
12666 3.264112e-04 3.952998e-03 8.952049e-02 -9.869817e-03 6.988730e-02 2.788258e-01 -1.318916e+00 8.528821e+00 2.448728e+01 331 2.914617e-03
37714 1.515777e-02 -2.013390e-02 1.232903e-01 5.865301e-02 -6.852246e-02 2.507693e-01 9.463298e+00 -1.052794e+01 2.773570e+01 1935 1.452110e-02
37715 -9.227037e-03 7.665218e-03 1.354706e-01 -3.909785e-02 2.351121e-02 2.962450e-01 -5.704695e+00 3.026250e+00 3.070452e+01 297 4.260923e-03
25221 -1.102361e-02 -6.691287e-03 1.387607e-01 -3.410358e-01 -6.406665e-02 2.088619e+00 -4.872819e+00 -8.471802e-01 2.879078e+01 609 6.611886e-03
25229 -4.029017e-03 -1.078301e-04 1.060201e-01 -7.428939e-02 -1.076491e-02 6.238662e-01 -6.070922e+00 -9.208359e-01 4.474504e+01 1159 8.588227e-03
75237 -6.132039e-03 3.861962e-03 1.211459e-01 -1.375085e-01 1.010241e-01 1.396757e+00 -3.069674e+00 2.270239e+00 2.980526e+01 1837 1.324355e-02
50263 1.320483e-02 1.708750e-02 2.015702e-01 2.626177e-01 5.310979e-01 2.692262e+00 2.702847e+00 5.570247e+00 2.699122e+01 1582 1.474144e-02
75327 8.242788e-03 -2.007700e-02 3.139158e-01 5.289737e-02 -1.197715e-01 1.650894e+00 9.724190e-01 -2.170995e+00 2.911466e+01 1810 2.112385e-02
75330 -1.694607e-03 7.427120e-03 1.650076e-01 -3.567947e-02 1.547839e-01 1.705538e+00 -6.219246e-01 2.696637e+00 2.819178e+01 954 9.862917e-03
62843 4.568426e-03 -1.321633e-02 1.082810e-01 1.034854e-02 -3.967194e-02 1.775691e-01 2.171465e+00 -9.938800e+00 2.603003e+01 2587 1.793165e-02
62934 -2.175724e-03 2.937718e-02 1.983897e-01 -9.548671e-01 5.725307e+00 2.903153e+01 -1.056736e+00 6.317991e+00 3.198206e+01 686 8.829536e-03
25446 -5.948632e-03 -2.553325e-02 1.160406e-01 -1.144746e-02 -5.705533e-02 1.664817e-01 -1.915190e+00 -1.097884e+01 1.756816e+01 1345 1.191318e-02
87925 9.169520e-03 -1.034458e-02 1.441413e-01 6.405585e-02 -6.336563e-02 6.493823e-01 2.761398e+00 -2.667553e+00 2.541929e+01 2277 1.816001e-02
62942 4.142847e-03 2.072804e-02 1.532219e-01 2.998315e-02 1.270091e-01 6.047650e-01 1.589608e+00 6.538047e+00 2.777740e+01 2090 1.653935e-02
62964 -9.024002e-03 -2.020214e-02 1.341242e-01 -6.606849e-01 -1.178284e+00 3.270412e+00 -3.902884e+00 -6.935905e+00 1.878364e+01 1572 1.364367e-02
50484 1.542533e-02 -1.595261e-02 2.705315e-01 3.308516e-01 -3.777203e-01 5.160719e+00 1.916925e+00 -2.198554e+00 2.971891e+01 500 1.011582e-02
12974 -1.899828e-02 -6.698255e-03 1.796487e-01 -1.074962e-01 -2.651767e-02 7.609053e-01 -4.774008e+00 -1.069155e+00 3.135579e+01 813 9.467067e-03
12975 -9.339410e-03 -2.842519e-03 1.180001e-01 -1.975776e-01 -4.221617e-02 1.346636e+00 -4.514919e+00 -9.443822e-01 2.946899e+01 3204 2.286138e-02
38027 1.669062e-02 2.455928e-02 1.639984e-01 1.629539e+00 2.842531e+00 9.479409e+00 5.441891e+00 9.508083e+00 3.143100e+01 1065 1.016045e-02
886 2.464139e-02 -1.066200e-03 1.380053e-01 8.305334e-01 -6.909494e-03 2.424096e+00 1.075946e+01 -7.801379e-02 3.052158e+01 913 8.571430e-03
63037 1.378988e-02 -7.821518e-03 1.251772e-01 1.056193e-01 -4.527094e-02 4.979077e-01 8.445352e+00 -3.444140e+00 3.427920e+01 233 3.114960e-03
75584 -4.330842e-03 3.034827e-03 1.170772e-01 -9.071737e-02 7.086951e-02 1.102291e+00 -2.720470e+00 2.136238e+00 3.102619e+01 2284 1.672335e-02
50595 7.379894e-03 1.685855e-02 1.278136e-01 4.464442e-02 8.399583e-02 3.498138e-01 5.030258e+00 9.062718e+00 2.996732e+01 2474 1.834241e-02
63102 2.914405e-02 1.626411e-03 1.711025e-01 3.638019e-01 8.598604e-03 1.416955e+00 8.464093e+00 1.763392e-01 3.150984e+01 1196 1.134713e-02
13117 9.099499e-03 -1.299201e-02 1.333462e-01 3.178304e-01 -3.697538e-01 1.926092e+00 4.839248e+00 -5.592114e+00 2.810065e+01 441 5.260664e-03
13120 7.876741e-03 5.756545e-03 1.013508e-01 7.729462e-02 4.900753e-02 3.266440e-01 9.472756e+00 5.902025e+00 3.074348e+01 747 5.979147e-03
13130 -2.026802e-03 -4.252420e-03 3.306563e-01 -1.510984e-02 -3.453992e-02 8.788504e-01 -8.226500e-01 -1.904451e+00 3.446996e+01 1391 1.716691e-02
25661 7.411022e-03 -7.722539e-04 1.156350e-01 5.279534e-02 -4.954191e-04 4.702929e-01 3.891275e+00 2.373597e-02 3.040856e+01 1724 1.289775e-02
75668 -2.064738e-02 1.018751e-02 2.300433e-01 -6.690668e-01 2.099657e-01 5.863254e+00 -3.958109e+00 1.219494e+00 3.438648e+01 1352 1.340479e-02
1065 -3.460955e-03 4.265183e-03 1.347695e-01 -8.234150e-04 1.199392e-01 9.497481e-01 9.787904e-02 4.292661e+00 3.024384e+01 1036 9.238332e-03
1207 1.971237e-02 1.342630e-02 2.237758e-01 1.130821e+00 1.144852e+00 1.062619e+01 3.356104e+00 3.417473e+00 3.142051e+01 1221 1.323665e-02
75784 -2.570113e-02 -1.265141e-02 2.442376e-01 -9.226858e-01 -3.088995e-01 5.616528e+00 -3.296849e+00 -1.088854e+00 1.974574e+01 1236 1.843799e-02
63257 -1.322998e-02 1.020818e-02 2.482931e-01 -1.055029e+00 6.434472e-01 9.133868e+00 -3.587989e+00 2.180895e+00 3.060220e+01 2339 2.111290e-02
88231 -4.276062e-03 1.425203e-03 9.435894e-02 -3.339458e-02 -8.359843e-03 2.391138e-01 -5.204640e+00 -1.748977e+00 2.587345e+01 765 6.157070e-03
13260 -5.896882e-03 -2.382044e-03 9.639878e-02 -3.389431e-02 -1.310313e-02 2.069591e-01 -7.770184e+00 -2.975444e+00 3.068404e+01 986 7.854035e-03
75813 -1.138108e-02 -3.893442e-03 2.098612e-01 -3.268096e-02 -3.588292e-02 1.134189e+00 -6.702087e-01 -1.006561e+00 2.908433e+01 3842 3.001340e-02
50814 -2.039445e-03 -6.711176e-03 1.086510e-01 -2.368260e-02 -5.251652e-02 4.006317e-01 -2.010001e+00 -4.253945e+00 2.711627e+01 996 8.484078e-03
63287 4.425720e-05 4.742711e-03 9.324575e-02 2.385692e-02 3.609341e-02 3.485776e-01 3.006128e+00 3.957735e+00 3.223328e+01 1173 8.349483e-03
1330 -1.166302e-02 3.016341e-04 1.379356e-01 -2.105155e-01 1.985846e-02 1.163780e+00 -7.554368e+00 7.429598e-01 3.897161e+01 966 8.453504e-03
1391 3.844127e-03 2.191021e-03 1.017224e-01 2.911968e-02 1.532243e-02 2.789147e-01 3.633391e+00 1.887657e+00 2.547162e+01 741 6.194582e-03
75891 1.174483e-03 7.660998e-03 9.084497e-02 1.073225e-02 3.992431e-02 1.678029e-01 3.455021e+00 1.166281e+01 2.781939e+01 801 6.321299e-03
63361 1.674310e-02 1.375443e-02 3.364354e-01 5.178972e-01 2.425432e-01 7.733727e+00 1.547840e+00 7.066259e-01 2.284691e+01 914 1.828085e-02
1473 -4.515905e-03 3.604275e-04 9.894079e-02 -5.118579e-02 2.727494e-02 5.443025e-01 -3.335627e+00 1.923655e+00 3.183124e+01 693 5.413573e-03
75942 2.558588e-02 1.263553e-02 2.277584e-01 3.271784e-01 9.444141e-02 1.678909e+00 7.037007e+00 1.908763e+00 3.385946e+01 1344 1.422876e-02
51000 -9.666665e-03 2.637954e-03 1.137505e-01 -7.425181e-01 2.952330e-01 3.535716e+00 -7.364792e+00 2.940434e+00 3.438905e+01 492 4.491239e-03
88421 -8.523207e-03 -9.924865e-04 9.943613e-02 -4.614297e-02 4.942297e-04 2.303116e-01 -8.717887e+00 3.445270e-01 3.032869e+01 831 6.554263e-03
88458 2.310532e-03 -7.870303e-03 1.180249e-01 6.904872e-03 -3.038297e-02 2.334226e-01 1.227216e+00 -6.013466e+00 3.082443e+01 2664 1.885489e-02
38566 2.285796e-02 1.152581e-02 1.671825e-01 1.859316e+00 8.852662e-01 5.762110e+00 9.465854e+00 4.503614e+00 2.883853e+01 463 6.454775e-03
1727 -9.009668e-03 2.047221e-02 2.142586e-01 -3.995558e-01 1.036378e+00 5.955337e+00 -2.027951e+00 5.275194e+00 2.981114e+01 1154 1.237637e-02
38587 -2.262354e-02 8.258621e-03 1.695158e-01 -4.617096e-01 6.247020e-02 1.508176e+00 -6.626299e+00 8.181133e-01 2.020188e+01 2334 2.092837e-02
76087 5.317742e-03 4.915905e-03 1.484671e-01 2.483588e-02 3.458693e-02 4.017437e-01 2.451058e+00 3.726042e+00 3.180609e+01 1283 1.119424e-02
51088 5.891056e-03 8.303473e-03 9.984773e-02 3.104750e-02 3.862953e-02 2.165011e-01 3.978568e+00 4.796158e+00 1.844909e+01 540 4.947361e-03
1762 -1.004544e-03 -3.301653e-03 1.262402e-01 -2.646646e-02 -1.557922e-02 8.357347e-01 -1.302380e+00 -6.279988e-01 3.629072e+01 1420 1.134149e-02
63557 -7.634019e-03 1.323651e-03 1.169979e-01 -6.085745e-02 5.505888e-03 3.964136e-01 -6.350725e+00 4.990328e-01 3.334043e+01 817 6.868877e-03
13551 1.049982e-03 5.310088e-03 8.574326e-02 8.561353e-03 3.388082e-02 1.759785e-01 3.099102e+00 1.178795e+01 3.722997e+01 1300 9.115163e-03
26114 -1.173575e-03 9.828016e-03 1.329684e-01 2.019978e-04 3.945700e-02 3.082690e-01 2.222405e-01 4.786921e+00 2.832193e+01 551 6.068151e-03
1794 1.490970e-03 -4.323029e-03 9.969486e-02 -2.626641e-03 -4.795680e-02 3.844040e-01 -4.590951e-01 -4.864968e+00 3.174378e+01 2200 1.507951e-02
1821 -1.394559e-02 7.183723e-04 1.129450e-01 -8.985611e-02 1.218355e-02 3.524133e-01 -3.934604e+00 5.942647e-01 1.241216e+01 840 9.053763e-03
13587 -9.762096e-04 2.648836e-02 1.677086e-01 -3.601153e-02 4.651257e-01 1.812985e+00 -4.734855e-01 5.927973e+00 2.223511e+01 1232 1.280164e-02
13588 -5.365999e-03 -3.392184e-03 1.237063e-01 -4.926895e-02 -2.480737e-02 6.230898e-01 -2.534111e+00 -1.236100e+00 2.882479e+01 523 5.299013e-03
1853 8.496717e-03 7.598376e-03 1.237534e-01 4.037580e-02 2.517606e-02 3.206938e-01 3.364780e+00 1.855293e+00 2.078670e+01 2259 1.767501e-02
76172 -3.004546e-03 -1.000689e-02 1.141733e-01 -4.023982e-02 -1.077846e-01 5.525371e-01 -2.344810e+00 -6.157338e+00 2.760500e+01 1422 1.075802e-02
51234 -3.284887e-03 8.712334e-03 1.021580e-01 -1.880987e-02 3.358365e-02 2.189840e-01 -3.881371e+00 6.218031e+00 2.920743e+01 315 3.296294e-03
2096 5.514907e-03 6.334236e-03 9.861917e-02 3.123547e-02 3.509174e-02 2.647544e-01 5.843244e+00 6.533183e+00 3.774291e+01 671 5.220490e-03
88704 -2.164928e-03 -3.738514e-03 1.127149e-01 -4.221675e-02 -5.162060e-02 4.380081e-01 -3.142845e+00 -3.757282e+00 2.552559e+01 2225 1.631765e-02
51347 -8.126190e-03 4.430935e-03 1.038943e-01 -5.581021e-02 2.893425e-02 3.212387e-01 -8.443801e+00 4.339003e+00 3.848697e+01 844 6.252798e-03
2204 -2.295567e-02 -1.423622e-02 1.989890e-01 -1.099764e+00 -5.901251e-01 5.142865e+00 -7.357003e+00 -3.934606e+00 3.377770e+01 5617 3.963357e-02
13794 3.291026e-03 7.362403e-03 9.877434e-02 1.087955e-02 2.799025e-02 1.935291e-01 2.323433e+00 6.315777e+00 2.901176e+01 422 3.748595e-03
88754 -5.476353e-04 1.228611e-03 1.225969e-01 2.071859e-04 1.487292e-02 4.663069e-01 7.393976e-02 1.336551e+00 3.366868e+01 707 6.568194e-03
88786 -4.139218e-03 1.080060e-03 8.771384e-02 -3.350708e-02 1.277112e-02 2.274721e-01 -6.234637e+00 2.481949e+00 2.966992e+01 1335 9.399408e-03
2272 -1.769423e-03 -1.248110e-03 1.206356e-01 -1.113708e-02 -7.469178e-03 4.471746e-01 -9.488369e-01 -6.301234e-01 3.307469e+01 1189 9.142700e-03
76448 1.369630e-02 -2.392918e-02 2.807624e-01 2.743548e+00 -3.007109e+00 2.700887e+01 3.746558e+00 -4.094235e+00 3.668273e+01 724 1.100279e-02
13882 -6.601161e-04 -4.213626e-03 9.859580e-02 -2.100240e-02 -2.816383e-02 2.850864e-01 -2.794996e+00 -3.290719e+00 2.562351e+01 1447 1.034231e-02
88851 -7.351266e-04 -1.876737e-03 1.365970e-01 3.284061e-03 2.693015e-03 7.467862e-01 1.839356e-01 2.091318e-01 2.792492e+01 1398 1.146416e-02
2394 -5.250770e-03 4.528187e-03 1.029322e-01 -5.556759e-02 4.872732e-02 4.111962e-01 -4.460512e+00 3.918189e+00 2.732714e+01 778 6.444731e-03
13899 8.942188e-03 -1.777073e-02 1.786760e-01 2.379814e-01 -6.037099e-01 3.152475e+00 1.923276e+00 -4.920218e+00 2.497143e+01 4094 3.194529e-02
13907 9.407065e-03 3.197301e-03 1.460770e-01 1.141769e-01 1.028361e-01 1.334176e+00 3.102089e+00 2.950165e+00 3.517796e+01 1243 1.049547e-02
76538 6.455726e-03 -3.075411e-03 9.403913e-02 2.769129e-02 -2.132457e-02 1.613323e-01 8.749622e+00 -7.519143e+00 2.772658e+01 867 6.398006e-03
2464 -5.837131e-03 5.541372e-03 1.018833e-01 -5.672373e-02 5.283548e-02 3.621352e-01 -3.908780e+00 3.632828e+00 1.999087e+01 350 4.075558e-03
2467 -1.234408e-02 -5.054395e-03 1.120511e-01 -5.821318e-02 -3.008283e-02 2.445224e-01 -8.364939e+00 -4.564321e+00 2.415819e+01 1085 9.147185e-03
51578 8.184998e-04 6.751583e-03 9.623222e-02 -1.074378e-02 4.582318e-02 2.529757e-01 -1.448092e+00 4.893434e+00 1.963098e+01 2087 1.526304e-02
76609 -1.910792e-02 3.404530e-03 1.234887e-01 -2.366388e-01 3.936064e-03 7.154664e-01 -1.145272e+01 2.798459e-02 3.116687e+01 498 4.652595e-03
26599 -7.955709e-03 -2.093665e-02 2.009646e-01 -1.085378e+00 -2.098492e+00 1.303726e+01 -2.269524e+00 -4.376243e+00 2.703888e+01 537 8.911206e-03
14000 -7.075461e-03 7.747032e-03 1.046839e-01 -1.797878e-01 2.190938e-01 8.946800e-01 -5.858820e+00 7.169394e+00 2.679858e+01 3671 2.598104e-02
2585 1.883219e-02 9.251308e-03 1.327890e-01 3.745493e-01 1.983364e-01 1.000983e+00 8.023855e+00 4.265162e+00 1.958372e+01 853 9.109647e-03
51659 8.905100e-03 -6.154259e-03 1.276855e-01 5.618033e-02 -3.207789e-02 4.141863e-01 3.982408e+00 -2.183775e+00 2.413448e+01 844 7.821463e-03
2777 -1.606507e-03 2.748699e-02 2.139491e-01 1.228106e-02 1.429508e+00 8.204920e+00 4.441065e-02 4.483482e+00 2.555410e+01 520 8.979619e-03
51740 -2.050053e-02 4.036697e-03 1.507351e-01 -2.538756e-01 -3.942443e-03 1.072497e+00 -8.236504e+00 -2.816077e-01 3.253174e+01 1091 9.979839e-03
2819 5.526903e-04 6.184687e-03 1.047951e-01 6.206258e-03 8.809427e-02 7.091319e-01 3.538921e-01 5.127232e+00 3.782921e+01 2266 1.572988e-02
76801 -7.516945e-03 1.471316e-02 1.222390e-01 -3.965593e-02 9.118054e-02 3.461155e-01 -4.587463e+00 1.091482e+01 3.195575e+01 758 6.394307e-03
76820 -4.911523e-03 -7.704714e-04 8.940326e-02 -6.039316e-02 1.072275e-02 3.621066e-01 -5.669420e+00 1.174441e+00 2.786634e+01 1592 1.105548e-02
14191 9.627245e-03 -3.342801e-03 1.373007e-01 9.091913e-02 -4.179739e-02 7.614682e-01 4.875278e+00 -2.306218e+00 3.743289e+01 1596 1.228140e-02
51821 1.414751e-02 2.461677e-04 1.487865e-01 3.298622e-01 7.257366e-02 1.721577e+00 6.994800e+00 1.602448e+00 3.484589e+01 1248 1.051070e-02
39361 -3.778184e-03 -1.582560e-02 1.538525e-01 -3.577659e-02 -1.321671e-01 8.668778e-01 -1.442784e+00 -5.245748e+00 3.214977e+01 661 7.056848e-03
2967 -1.176271e-02 -9.593112e-03 1.832260e-01 -3.210269e-01 -1.913035e-01 3.720270e+00 -2.619385e+00 -1.539038e+00 2.995782e+01 545 7.409267e-03
39394 -8.182839e-03 -1.358547e-03 1.344495e-01 -3.006532e-02 7.346584e-04 2.769735e-01 -3.669805e+00 3.510415e-01 2.390202e+01 3477 2.550513e-02
76897 6.232168e-03 -4.935348e-03 1.898117e-01 3.284859e-01 -3.661550e-02 2.796573e+00 3.825282e+00 -3.760561e-01 3.094330e+01 759 9.404254e-03
26907 -2.978808e-04 -5.423697e-03 9.220943e-02 7.635485e-03 -5.616673e-02 4.848371e-01 9.271085e-01 -5.929930e+00 4.588323e+01 331 2.524464e-03
26921 1.892526e-02 2.159447e-02 1.817958e-01 5.710418e-01 5.019473e-01 3.010827e+00 5.360869e+00 4.664067e+00 2.746896e+01 872 9.813873e-03
51938 -9.601954e-03 -1.735633e-02 1.768980e-01 -2.305180e-01 -4.135424e-01 2.485286e+00 -2.983956e+00 -5.351360e+00 3.117983e+01 1113 1.079401e-02
39481 1.276938e-02 4.940043e-03 1.303312e-01 3.502796e-01 8.853000e-02 1.792683e+00 5.602670e+00 1.387593e+00 2.759504e+01 563 6.022236e-03
89304 -1.844124e-02 -3.587087e-04 1.463198e-01 -5.428905e-02 4.535283e-03 3.061439e-01 -6.534263e+00 8.920664e-01 2.913240e+01 819 8.138829e-03
14491 1.707047e-02 7.862015e-03 1.326391e-01 1.721959e-01 6.306236e-02 6.033329e-01 7.026416e+00 2.500304e+00 2.132010e+01 1276 1.140779e-02
89472 -1.173273e-02 -6.491228e-03 1.288079e-01 -3.131565e-02 -2.921869e-02 2.503058e-01 -4.064774e+00 -4.717477e+00 2.521899e+01 504 5.614877e-03
64572 1.405719e-02 -4.397404e-04 1.463235e-01 2.847477e-01 5.371851e-02 1.816047e+00 6.189534e+00 1.238368e+00 3.817943e+01 300 4.508483e-03
77262 -4.276656e-03 -1.333540e-02 1.263786e-01 -2.291281e-02 -5.163837e-02 2.587816e-01 -3.293029e+00 -6.768176e+00 2.339575e+01 1234 1.079332e-02
77289 1.968293e-02 7.669288e-04 1.205159e-01 7.235901e-02 -3.810650e-03 2.419479e-01 8.646242e+00 -7.513631e-01 1.993183e+01 634 7.031414e-03
27264 5.204113e-03 2.152716e-02 1.103948e-01 8.888500e-03 3.470759e-02 1.338575e-01 2.805345e+00 1.003576e+01 1.786478e+01 1528 1.297327e-02
64645 -1.118832e-02 2.459973e-03 1.043150e-01 -2.348359e-01 3.400402e-03 7.632525e-01 -8.892694e+00 3.739341e-02 2.620073e+01 3251 2.315622e-02
64648 7.498915e-03 9.766563e-03 1.791449e-01 1.958443e-01 7.054386e-02 1.326157e+00 2.706580e+00 8.733878e-01 1.648291e+01 1951 2.055619e-02
3704 -1.947093e-02 7.929048e-03 1.325252e-01 -1.972458e-01 9.497857e-02 5.466595e-01 -8.925428e+00 4.370439e+00 2.079217e+01 957 9.575584e-03
64689 2.231902e-02 1.881659e-02 1.536107e-01 2.606933e+00 1.837825e+00 1.004262e+01 9.029248e+00 6.354636e+00 3.454688e+01 1271 1.128609e-02
3742 1.163118e-02 -2.225034e-02 2.148982e-01 2.860683e-02 -8.138644e-02 6.446443e-01 1.115989e+00 -3.887643e+00 2.825177e+01 2445 2.174131e-02
14688 -5.381961e-05 -1.349157e-02 1.818952e-01 -9.162183e-05 -1.810770e-01 1.239674e+00 -9.895505e-04 -4.386892e+00 2.768954e+01 584 8.045318e-03
3800 -1.110684e-04 6.880677e-03 8.733907e-02 2.507912e-03 3.757930e-02 1.387731e-01 1.108246e+00 1.299041e+01 2.176479e+01 2596 1.729648e-02
3830 -4.690705e-03 1.176573e-03 1.193844e-01 -5.717238e-02 1.835265e-02 1.023259e+00 -1.878522e+00 6.147981e-01 3.235317e+01 1328 1.081453e-02
40006 9.000230e-03 -4.201253e-03 1.328592e-01 4.053198e-01 -3.511906e-01 2.398590e+00 4.521680e+00 -3.958863e+00 2.585012e+01 1313 1.120925e-02
77500 5.370485e-03 -1.262063e-03 1.008390e-01 3.972518e-02 -1.629415e-02 2.178484e-01 9.632019e+00 -4.214545e+00 3.280589e+01 1003 7.240251e-03
27473 1.587975e-02 -1.159993e-02 1.634232e-01 1.620269e+00 -1.105973e+00 7.951846e+00 6.805397e+00 -4.642041e+00 3.303643e+01 945 9.097473e-03
52494 -1.581892e-02 1.897114e-02 2.025121e-01 -3.673653e-01 4.135427e-01 2.700036e+00 -4.076460e+00 4.575372e+00 2.896078e+01 1345 1.318996e-02
64863 2.771485e-03 -8.200107e-03 2.130610e-01 -2.187127e-02 -1.525863e-01 1.507536e+00 -4.588833e-01 -2.688676e+00 2.410497e+01 2269 2.074946e-02
27523 1.573854e-03 -1.612823e-02 1.225000e-01 -7.633294e-03 -9.007345e-02 3.178969e-01 -1.127159e+00 -9.052530e+00 2.392091e+01 1000 9.181299e-03
27531 -9.964662e-03 -4.161130e-03 1.128937e-01 -3.366012e-01 -1.090198e-01 1.323267e+00 -7.173374e+00 -2.302836e+00 2.658140e+01 1367 1.065695e-02
40072 1.824690e-02 1.386901e-02 1.388572e-01 3.781038e-01 3.032634e-01 1.437888e+00 7.402167e+00 5.952770e+00 2.672073e+01 1136 1.005295e-02
4077 -6.123002e-03 3.431312e-03 9.684891e-02 -3.133796e-02 1.638690e-02 2.355099e-01 -6.458226e+00 3.318274e+00 3.551480e+01 1921 1.350094e-02
27541 -1.291434e-02 8.261501e-04 1.530684e-01 -2.079615e-01 3.220573e-02 1.174231e+00 -6.194349e+00 9.965591e-01 3.243030e+01 695 7.423645e-03
89789 -7.689289e-04 1.017596e-02 1.613629e-01 2.730437e-02 3.361681e-01 2.694492e+00 2.998114e-01 3.481464e+00 2.705279e+01 1889 1.583752e-02
14870 -3.534227e-03 -3.782235e-03 9.800989e-02 -7.359307e-02 -8.200454e-02 5.570213e-01 -5.094450e+00 -5.688070e+00 3.337780e+01 1039 7.340057e-03
52532 -1.635980e-02 2.340019e-02 2.252392e-01 -4.196991e-02 6.274955e-02 5.104520e-01 -2.858948e+00 4.392710e+00 3.183932e+01 1607 1.547867e-02
77590 -1.083278e-02 7.684845e-03 1.570163e-01 -8.182521e-02 9.850528e-02 9.946450e-01 -2.377828e+00 3.041949e+00 2.805563e+01 1777 1.524808e-02
40133 6.849991e-04 5.098313e-03 1.007041e-01 8.674598e-03 3.240408e-02 2.715778e-01 1.445032e+00 4.938634e+00 3.090493e+01 613 4.920747e-03
27637 6.350713e-03 7.718579e-03 1.040235e-01 3.975209e-02 7.190924e-02 3.439113e-01 3.502286e+00 6.730681e+00 2.515333e+01 1272 9.741765e-03
27660 8.829818e-03 -4.260848e-03 1.204341e-01 1.069052e-01 -4.693397e-02 7.089122e-01 5.135061e+00 -2.234293e+00 3.081172e+01 690 6.463232e-03
27666 9.060928e-03 7.006563e-03 1.325315e-01 1.448470e-01 6.866513e-02 1.002840e+00 5.317631e+00 2.414662e+00 3.408285e+01 400 4.534465e-03
27668 2.451367e-03 -4.725642e-03 1.407740e-01 9.585381e-03 -3.346900e-02 4.761414e-01 7.393643e-01 -2.978942e+00 3.475725e+01 539 5.633246e-03
27695 3.591441e-03 9.367042e-03 1.244478e-01 -1.653518e-03 5.255959e-02 4.306118e-01 -5.079884e-01 4.183315e+00 2.965280e+01 1721 1.281574e-02
15046 -8.500724e-03 -6.072470e-03 1.845219e-01 -1.179417e-01 -9.581880e-02 3.499180e+00 -9.087846e-01 -7.452429e-01 2.752453e+01 2751 2.250814e-02
4474 -5.652592e-03 9.815631e-03 1.363118e-01 -2.794950e-02 6.443040e-02 5.828490e-01 -1.338821e+00 3.279351e+00 2.681238e+01 667 7.239324e-03
27844 -8.482735e-04 -4.746423e-03 1.028169e-01 2.445751e-02 -9.153497e-02 6.326038e-01 1.963490e+00 -6.733970e+00 4.110644e+01 494 4.131513e-03
65170 1.058698e-02 -1.533541e-02 1.834539e-01 7.618906e-01 -1.325958e+00 8.718160e+00 2.638220e+00 -4.602281e+00 2.996981e+01 924 1.047917e-02
4632 -3.707002e-04 -1.028386e-02 1.369639e-01 6.553334e-03 -4.764266e-02 4.206563e-01 6.422050e-01 -3.465033e+00 2.631250e+01 902 8.336015e-03
90107 -7.061027e-03 6.943934e-03 1.031899e-01 -1.017584e-01 1.080734e-01 5.376167e-01 -6.759092e+00 7.218184e+00 3.100750e+01 567 5.079857e-03
90130 -1.599062e-03 -1.918151e-03 1.159244e-01 -1.710216e-02 -2.978028e-02 4.118789e-01 -1.140284e+00 -2.049315e+00 2.176804e+01 2428 1.774431e-02
40477 -6.140017e-03 8.231565e-03 1.159191e-01 -3.831487e-02 3.168371e-02 2.898601e-01 -5.565381e+00 4.056587e+00 3.008709e+01 344 3.711067e-03
15228 -1.156753e-02 6.532765e-03 1.140129e-01 -1.324629e-01 7.379357e-02 5.657842e-01 -1.051642e+01 5.850867e+00 3.929857e+01 2089 1.466103e-02
78008 -1.837212e-03 5.672424e-03 9.107722e-02 -2.493750e-02 4.548854e-02 2.064243e-01 -5.164048e+00 8.900856e+00 2.578573e+01 1445 1.002049e-02
15295 -5.523390e-03 2.451375e-03 1.203180e-01 -3.443967e-02 2.706954e-02 5.164130e-01 -2.032454e+00 1.730350e+00 2.784055e+01 677 6.336490e-03
28018 -6.419048e-04 1.921820e-02 2.397929e-01 -4.810984e-02 1.757976e-01 1.991547e+00 -8.490620e-01 2.800745e+00 3.133374e+01 659 9.764156e-03
4882 1.488604e-02 -5.844152e-03 1.612210e-01 1.365160e+00 -4.346683e-01 9.838347e+00 5.149168e+00 -1.635289e+00 3.690299e+01 431 5.806322e-03
15337 1.492698e-02 -2.595010e-02 1.461972e-01 2.171043e-01 -3.434724e-01 1.020911e+00 7.081015e+00 -1.112083e+01 3.063578e+01 815 8.256603e-03
4925 4.472126e-03 1.724144e-03 1.680318e-01 1.545503e-02 1.160235e-02 4.725653e-01 1.207209e+00 1.085784e+00 3.347346e+01 1017 9.797475e-03
90259 1.656277e-02 1.156302e-02 1.326960e-01 1.745164e-01 1.058021e-01 8.183606e-01 6.728189e+00 4.014206e+00 2.920656e+01 1353 1.138892e-02
4940 1.888006e-02 -1.162300e-03 1.554562e-01 4.412090e-01 -7.522877e-02 2.093761e+00 8.344086e+00 -1.463355e+00 3.829569e+01 1310 1.095078e-02
90305 -1.079283e-03 4.813502e-03 8.773102e-02 -1.029984e-02 3.336684e-02 1.793031e-01 -2.526753e+00 7.824602e+00 2.509391e+01 595 4.634198e-03
28132 -1.987031e-02 9.935230e-03 1.724929e-01 -3.531593e-01 1.026325e-01 2.182023e+00 -5.439702e+00 1.512938e+00 3.279810e+01 5215 3.704475e-02
90319 1.175704e-02 1.267677e-02 1.267229e-01 6.736364e-02 9.519699e-02 3.745379e-01 4.107889e+00 6.096109e+00 1.830712e+01 696 7.229655e-03
15447 -6.387675e-03 -6.063991e-03 1.219619e-01 -2.713872e-02 -1.896896e-02 2.696262e-01 -3.581514e+00 -2.227326e+00 2.548603e+01 1248 9.956288e-03
65490 -4.998891e-03 3.097078e-03 9.249933e-02 -3.366576e-02 1.512201e-02 2.266607e-01 -4.574097e+00 1.918702e+00 2.140684e+01 894 6.715281e-03
40746 1.155316e-02 2.105181e-02 1.731694e-01 3.596410e-01 5.581222e-01 2.710029e+00 5.645023e+00 8.709798e+00 4.114085e+01 1280 1.060636e-02
78242 -9.074557e-03 -1.097213e-02 1.626244e-01 -1.063139e-01 -1.305971e-01 1.094197e+00 -2.900186e+00 -3.567842e+00 2.778435e+01 1265 1.118894e-02
28215 -9.002472e-03 6.020674e-03 1.574935e-01 -4.862514e-02 3.950970e-02 6.568186e-01 -2.769411e+00 2.340703e+00 3.490014e+01 787 7.383777e-03
15478 -1.304314e-02 -1.224697e-03 1.748755e-01 -8.992888e-02 -1.593463e-02 8.044328e-01 -3.956743e+00 -7.570121e-01 3.239869e+01 784 8.666995e-03
15495 -4.287029e-03 6.772316e-03 1.119216e-01 -2.680420e-02 7.930760e-02 4.786915e-01 -1.482065e+00 4.774224e+00 2.414056e+01 770 6.841823e-03
65562 6.938100e-03 5.035111e-03 1.474695e-01 6.085270e-02 3.751401e-02 8.635616e-01 3.210024e+00 1.933763e+00 4.263545e+01 1880 1.430696e-02
53251 -7.907176e-03 -8.600904e-03 2.035608e-01 -4.192886e-01 -1.911120e-01 7.205475e+00 -1.682019e+00 -7.462345e-01 2.862879e+01 1554 1.539311e-02
53282 -7.381215e-03 -3.026640e-03 1.488726e-01 -6.890410e-02 -8.210562e-02 1.550046e+00 -1.409014e+00 -1.811089e+00 3.209007e+01 1465 1.222830e-02
5322 1.651571e-02 -9.791740e-03 1.344185e-01 2.742949e-02 -1.461740e-02 1.840547e-01 4.923687e+00 -2.177069e+00 2.239310e+01 1126 1.041060e-02
5340 -1.901409e-02 2.267090e-02 1.583720e-01 -5.075495e-01 5.493283e-01 2.007565e+00 -7.730720e+00 8.333974e+00 2.926215e+01 1250 1.179674e-02
40875 1.772801e-02 -1.935956e-02 2.542962e-01 3.645146e-01 -7.035874e-01 7.270260e+00 1.441786e+00 -2.844718e+00 2.916929e+01 549 1.001331e-02
5376 9.019540e-03 4.071738e-03 1.010452e-01 4.882429e-02 4.073763e-02 2.595568e-01 6.838933e+00 6.299640e+00 2.723418e+01 2457 1.744092e-02
90500 1.104374e-02 -3.811076e-03 1.715460e-01 2.718495e-01 2.820874e-02 2.572492e+00 3.201327e+00 3.930354e-01 2.947103e+01 893 9.510219e-03
28348 -2.645131e-03 -1.292693e-02 1.391825e-01 -1.074316e-02 -1.771909e-01 1.243975e+00 -2.292693e-01 -4.650597e+00 3.127858e+01 741 7.354248e-03
15604 -5.172504e-03 1.907752e-02 1.258529e-01 -4.628725e-02 1.798864e-01 6.304663e-01 -2.021231e+00 7.905485e+00 2.480717e+01 1439 1.187624e-02
40980 1.043092e-02 7.233003e-03 1.020377e-01 6.717223e-02 3.516140e-02 2.468414e-01 8.510586e+00 4.188959e+00 2.171900e+01 906 7.319884e-03
40998 1.153446e-02 -8.496580e-03 1.231322e-01 1.293997e-01 -6.435338e-02 6.552173e-01 8.159264e+00 -3.866707e+00 3.683378e+01 280 3.470927e-03
53440 6.492559e-03 3.051194e-03 1.056711e-01 6.557591e-02 2.328573e-02 4.120740e-01 5.779583e+00 1.979359e+00 2.997258e+01 1982 1.393487e-02
90605 6.800927e-04 1.895933e-03 1.090133e-01 9.962812e-03 1.919252e-02 4.207697e-01 1.232794e+00 2.297078e+00 4.140288e+01 3144 2.104987e-02
53443 5.937002e-03 1.702412e-02 2.058261e-01 2.866176e-01 3.671505e-01 7.450196e+00 1.286171e+00 1.604395e+00 3.319610e+01 1453 1.444335e-02
5601 7.836223e-03 -9.095683e-03 1.225442e-01 2.735009e-02 -2.602511e-02 2.689770e-01 4.095733e+00 -3.553290e+00 3.073454e+01 616 5.718846e-03
5605 -4.460079e-03 -5.984616e-04 9.321656e-02 -3.415794e-02 -2.215239e-02 2.984941e-01 -4.678528e+00 -3.395553e+00 3.233893e+01 440 3.710220e-03
78536 1.171308e-03 1.665467e-03 1.096576e-01 1.244551e-02 4.051400e-02 4.079884e-01 1.143648e+00 3.940772e+00 3.026249e+01 814 6.484643e-03
5619 2.952655e-02 2.771834e-03 2.942711e-01 5.946867e-02 1.984917e-02 6.040784e-01 3.054610e+00 1.742182e+00 3.160565e+01 815 1.372503e-02
78559 5.688648e-03 4.015677e-03 9.903077e-02 7.784859e-02 7.033151e-02 7.290905e-01 4.716112e+00 4.334162e+00 4.117841e+01 632 5.158084e-03
15773 1.288877e-02 -1.477518e-02 1.231012e-01 3.874523e-02 -3.592064e-02 2.097736e-01 6.823331e+00 -5.580129e+00 2.287221e+01 907 8.504487e-03
78608 4.331264e-03 6.825773e-03 9.720369e-02 3.437061e-02 5.787018e-02 3.620622e-01 3.166150e+00 5.380086e+00 2.791612e+01 1458 1.076692e-02
53549 3.899959e-03 9.084838e-03 1.772896e-01 -2.131508e-01 9.367629e-01 1.030896e+01 -6.008147e-01 2.567891e+00 2.804533e+01 1000 1.095078e-02
78770 7.618855e-03 -1.829327e-03 9.746875e-02 8.288307e-02 -1.567304e-02 4.300247e-01 7.622766e+00 -1.402093e+00 3.368130e+01 639 5.269734e-03
5988 -1.844688e-03 4.806550e-03 9.245444e-02 -1.176727e-02 3.356277e-02 2.140098e-01 -1.918212e+00 5.559090e+00 2.349883e+01 3203 2.165463e-02
66019 -2.583553e-03 -2.170135e-02 1.245525e-01 -2.735114e-01 -2.118473e+00 4.926737e+00 -1.177171e+00 -9.110392e+00 2.086531e+01 1272 1.125462e-02
53762 1.589390e-02 1.437244e-02 1.651565e-01 2.874953e-01 2.619401e-01 1.819595e+00 3.526759e+00 3.214680e+00 2.148298e+01 826 1.022245e-02
78859 2.225465e-02 -3.483672e-03 1.506199e-01 2.716467e-01 -6.003415e-02 1.067261e+00 9.970679e+00 -2.260885e+00 3.664724e+01 940 8.453032e-03
53789 -7.086067e-03 -2.177343e-03 9.165225e-02 -5.725760e-02 -7.091003e-03 2.119397e-01 -6.423393e+00 -6.290892e-01 1.540024e+01 1746 1.228743e-02
28825 7.197884e-03 6.464190e-04 9.207296e-02 5.809406e-02 -6.584851e-03 2.638886e-01 4.639367e+00 -6.591558e-01 1.566160e+01 576 5.054325e-03
28836 1.388677e-03 1.906139e-02 2.027016e-01 -1.216187e-01 8.292776e-01 4.857841e+00 -7.300779e-01 4.808827e+00 2.762937e+01 774 1.001974e-02
90928 1.897649e-03 -1.048120e-02 1.137769e-01 3.790329e-02 -1.320416e-01 5.873761e-01 1.751779e+00 -5.914267e+00 2.304197e+01 411 4.725255e-03
90942 -5.311939e-03 5.797703e-04 8.543800e-02 -3.829690e-02 -6.186178e-04 1.902164e-01 -1.157581e+01 -4.205646e-01 3.677115e+01 814 5.704949e-03
41431 7.240128e-03 -1.874168e-03 9.866956e-02 3.368048e-02 -9.127024e-03 1.984005e-01 6.804842e+00 -1.866637e+00 2.566733e+01 671 5.618283e-03
90968 -6.234398e-03 1.209017e-02 1.234255e-01 -1.759679e-02 3.038536e-02 2.101279e-01 -2.454609e+00 3.952295e+00 1.873024e+01 660 7.313310e-03
6314 -9.440752e-03 6.831558e-03 2.057020e-01 -1.375856e-01 9.553816e-02 2.922733e+00 -2.044965e+00 1.415601e+00 4.335902e+01 977 9.773098e-03
28930 8.560714e-03 -6.595553e-03 3.330374e-01 3.360714e-02 -6.794709e-02 1.250150e+00 9.070066e-01 -2.221724e+00 3.321142e+01 1471 1.786316e-02
66189 -9.821922e-03 3.493111e-03 9.948945e-02 -1.130036e-01 3.179714e-02 4.119416e-01 -1.032517e+01 2.832325e+00 3.126643e+01 733 5.938762e-03
91052 2.379269e-03 -1.125719e-03 2.635303e-01 1.363895e-02 4.561166e-03 8.587951e-01 6.488649e-01 3.277199e-01 3.430351e+01 2230 2.010369e-02
53968 7.279006e-03 2.237420e-03 1.025625e-01 1.339419e-01 6.290621e-03 7.549341e-01 8.251386e+00 2.640436e-01 4.249839e+01 491 4.180700e-03
16263 -3.091393e-03 6.034192e-03 1.080949e-01 -2.584655e-02 7.971002e-02 6.015986e-01 -1.359870e+00 4.402938e+00 2.949225e+01 454 3.960306e-03
6587 1.536488e-02 1.793836e-02 3.095211e-01 1.282315e-01 1.193049e+00 1.087568e+01 2.150633e-01 2.239131e+00 2.013344e+01 1031 1.914787e-02
29102 2.750649e-03 1.140080e-02 1.055138e-01 1.664618e-02 5.828480e-02 2.493443e-01 3.588874e+00 1.210898e+01 3.714788e+01 632 5.253374e-03
6615 1.134687e-02 -1.940079e-03 2.408682e-01 5.905617e-01 -1.415866e-01 6.878137e+00 3.126617e+00 -7.538158e-01 3.582815e+01 862 1.072611e-02
79172 -7.310481e-03 -4.581982e-03 1.093151e-01 -1.787015e-01 -1.338265e-01 9.195803e-01 -7.532904e+00 -5.680498e+00 3.561242e+01 1258 9.186556e-03
91177 3.745071e-03 -2.266263e-03 1.084459e-01 2.085944e-02 -3.918769e-02 5.214791e-01 1.421179e+00 -3.065959e+00 3.429832e+01 1557 1.174383e-02
41700 -1.721742e-02 6.480389e-03 2.203069e-01 -2.222334e-01 5.083752e-02 1.880776e+00 -3.081028e+00 6.666094e-01 2.495392e+01 2975 2.580325e-02
6695 -3.654281e-03 1.864118e-02 1.568511e-01 -2.991367e-02 5.091925e-02 3.011059e-01 -4.369171e+00 5.370590e+00 2.400186e+01 1331 1.247449e-02
16352 -1.100444e-02 -3.765390e-03 1.466228e-01 -6.819047e-02 -2.686813e-02 5.240512e-01 -5.559175e+00 -2.245866e+00 3.669062e+01 818 7.525497e-03
66386 2.208449e-02 7.505996e-03 1.401087e-01 1.714005e+00 5.452666e-01 5.161956e+00 1.227684e+01 3.902073e+00 3.643929e+01 979 8.422084e-03
91250 -1.001222e-03 -5.070460e-03 8.865485e-02 -1.521355e-02 -6.161962e-02 2.703402e-01 -2.213017e+00 -8.805332e+00 2.829043e+01 2508 1.709630e-02
66419 6.096605e-04 -7.257642e-03 9.589777e-02 3.656282e-03 -3.708287e-02 2.282566e-01 7.089746e-01 -6.940582e+00 3.080102e+01 1607 1.159114e-02
54212 2.987168e-03 -4.673662e-03 1.171757e-01 3.086741e-02 -1.195339e-01 7.683271e-01 1.421723e+00 -5.857176e+00 3.320477e+01 821 6.591984e-03
29243 1.337212e-02 -7.379905e-03 1.234552e-01 8.326519e-01 -3.231880e-01 3.233413e+00 8.480223e+00 -3.268875e+00 3.219063e+01 1775 1.293854e-02
29244 5.840318e-03 3.941753e-03 1.103058e-01 4.434820e-02 4.899744e-02 3.957220e-01 3.843390e+00 4.496913e+00 2.848679e+01 1463 1.100952e-02
66463 -2.449405e-02 3.323532e-03 2.990130e-01 -3.495336e+00 6.579962e-01 2.396992e+01 -4.811467e+00 9.075423e-01 3.281388e+01 770 1.188205e-02
6881 6.072763e-03 6.631547e-03 1.190886e-01 4.514088e-02 1.090544e-01 4.588131e-01 3.203122e+00 8.397459e+00 2.785337e+01 648 6.023504e-03
6911 4.214303e-03 -6.620910e-03 1.224238e-01 1.145849e-02 -3.110569e-02 3.186570e-01 9.896673e-01 -3.344995e+00 2.680846e+01 381 4.383999e-03
29382 5.776965e-04 9.282624e-03 1.332583e-01 9.259366e-03 5.031473e-02 3.289478e-01 1.056600e+00 4.993799e+00 2.381632e+01 3220 2.200328e-02
91423 7.279499e-04 -5.647837e-03 1.546619e-01 -9.477987e-04 -6.278782e-02 6.787860e-01 -9.344747e-02 -3.186389e+00 2.922758e+01 456 6.000636e-03
29422 -3.933700e-03 -2.268835e-03 9.030486e-02 -7.479891e-02 -2.732014e-02 4.623675e-01 -8.161502e+00 -2.885142e+00 4.285022e+01 814 5.684071e-03
66633 9.925708e-04 9.165698e-03 1.017903e-01 2.805836e-02 1.216821e-01 4.537878e-01 2.292818e+00 9.531576e+00 2.981868e+01 1032 7.946310e-03
79546 4.269697e-03 -1.774927e-03 1.065365e-01 4.033593e-02 -1.703628e-02 5.128241e-01 2.510156e+00 -1.062168e+00 2.827701e+01 474 4.490172e-03
91510 7.477554e-03 9.596194e-03 2.086498e-01 4.872534e-01 3.596512e-01 4.439384e+00 2.843850e+00 2.074935e+00 2.507748e+01 617 1.061265e-02
54460 4.858279e-03 -3.390402e-03 9.063801e-02 2.899227e-02 -2.390118e-02 2.192229e-01 5.489661e+00 -4.665502e+00 2.924867e+01 534 4.929066e-03
91522 2.075841e-03 -4.172857e-04 9.897335e-02 6.667061e-03 -9.162934e-03 4.250987e-01 4.925384e-01 -9.382184e-01 3.498617e+01 846 6.138536e-03
29508 -1.208422e-02 7.176954e-03 1.409291e-01 -1.069834e-01 4.044004e-02 7.037412e-01 -5.184539e+00 1.817231e+00 3.074759e+01 364 4.931948e-03
66700 2.827022e-03 8.627684e-03 1.075566e-01 7.286185e-02 9.869850e-02 5.939593e-01 4.868519e+00 6.261334e+00 3.381261e+01 2404 1.656829e-02
91549 2.232185e-03 -3.735155e-03 1.099027e-01 2.775905e-02 -2.642005e-02 4.276908e-01 2.689970e+00 -2.390489e+00 3.348788e+01 968 7.789637e-03
91550 -3.227590e-03 -4.770140e-03 1.343912e-01 -4.866997e-02 -3.171240e-02 6.086755e-01 -2.489683e+00 -1.476104e+00 2.598494e+01 374 4.984544e-03
79616 -7.928711e-03 2.545566e-03 1.084101e-01 -1.101610e-01 2.361397e-03 6.772871e-01 -5.174387e+00 -9.321525e-03 2.879316e+01 725 6.174249e-03
42133 -1.955535e-02 7.810878e-03 1.620884e-01 -1.300715e-01 4.834176e-02 6.265383e-01 -6.983226e+00 2.561040e+00 2.934736e+01 1202 1.131629e-02
91564 -5.702565e-03 -1.918593e-02 1.405611e-01 -2.336263e-02 -1.585823e-01 6.045995e-01 -8.329959e-01 -6.575095e+00 2.188793e+01 1583 1.419539e-02
7369 4.458412e-03 1.116433e-02 1.111818e-01 3.092643e-02 1.150121e-01 4.263189e-01 2.226591e+00 8.736072e+00 2.651054e+01 1463 1.141105e-02
91589 4.970577e-03 -1.037791e-03 1.294115e-01 2.689896e-02 -3.730638e-02 7.111717e-01 1.136539e+00 -1.879787e+00 3.015240e+01 1173 9.698157e-03
7389 8.972808e-03 1.554692e-02 1.606127e-01 1.562788e-02 3.005136e-02 2.201375e-01 2.424991e+00 5.285162e+00 2.168979e+01 2892 2.233711e-02
54582 4.206990e-03 -7.213170e-03 1.634539e-01 4.564120e-03 -2.790141e-02 4.108801e-01 4.478396e-02 -2.594300e+00 3.102719e+01 936 9.191792e-03
16782 7.800796e-03 -9.823817e-03 1.176688e-01 1.118365e-01 -1.756294e-01 7.101812e-01 4.093380e+00 -6.523770e+00 2.331294e+01 2263 1.693473e-02
7489 -2.206547e-02 -1.616611e-02 2.048665e-01 -1.167007e+00 -1.318065e+00 8.823020e+00 -3.254077e+00 -3.700173e+00 2.449396e+01 746 1.079135e-02
42322 -1.853873e-02 6.378644e-03 1.266284e-01 -7.133842e-01 2.626383e-01 2.189833e+00 -9.642072e+00 3.556005e+00 2.863020e+01 1512 1.203923e-02
91731 -1.251324e-02 6.477981e-03 1.139353e-01 -1.271715e-01 7.055106e-02 5.503648e-01 -5.965545e+00 3.333655e+00 2.270697e+01 993 8.238973e-03
29764 -2.899089e-03 7.897708e-03 1.253415e-01 -9.175383e-02 2.729106e-01 1.869781e+00 -1.683582e+00 5.021352e+00 3.305290e+01 816 6.902255e-03
66942 -8.862716e-03 -5.147564e-03 9.667682e-02 -9.541066e-02 -7.729435e-02 4.051273e-01 -7.155908e+00 -5.965199e+00 2.550312e+01 2339 1.588318e-02
42377 -1.337060e-03 1.396298e-02 1.309380e-01 -1.108480e-02 4.963175e-02 2.837250e-01 -1.479552e+00 5.413952e+00 2.319062e+01 747 7.830872e-03
54772 2.732377e-03 -6.766049e-03 8.814365e-02 1.359578e-02 -3.743299e-02 1.396493e-01 4.120132e+00 -1.163096e+01 1.953441e+01 1685 1.147270e-02
42532 -9.964447e-03 2.821489e-03 9.874792e-02 -9.785022e-02 2.837525e-02 3.430160e-01 -9.787669e+00 2.845873e+00 2.720366e+01 2679 1.786996e-02
8010 -3.284098e-03 -8.853694e-03 9.647608e-02 -2.051195e-02 -6.840065e-02 2.683560e-01 -3.151005e+00 -1.089124e+01 3.143714e+01 1273 9.152971e-03
42608 5.388295e-03 -3.330982e-04 1.033016e-01 2.905817e-02 1.340822e-02 3.198266e-01 3.567114e+00 2.070853e+00 3.263090e+01 553 4.508342e-03
80117 1.921653e-02 -1.356924e-02 2.024592e-01 6.717959e-01 -6.701012e-01 4.958527e+00 4.261333e+00 -4.287143e+00 3.105705e+01 1161 1.237843e-02
17153 -6.418550e-03 -2.106614e-02 1.420304e-01 -1.820880e-01 -8.172883e-01 2.420937e+00 -2.475973e+00 -1.122235e+01 3.212005e+01 1190 1.017787e-02
80132 1.942276e-02 1.890882e-02 2.907703e-01 2.231601e-01 2.599647e-01 3.610435e+00 1.738657e+00 2.057127e+00 2.832941e+01 659 1.238771e-02
30090 2.152469e-03 7.182660e-04 1.308889e-01 5.761354e-03 -2.670708e-03 3.683945e-01 3.455391e-01 -3.244833e-01 2.274040e+01 891 8.194278e-03
80183 -1.633327e-02 -4.776030e-03 1.311592e-01 -3.151635e-01 -2.719176e-02 1.026968e+00 -8.699340e+00 -6.525513e-01 2.607817e+01 1727 1.398857e-02
92064 5.297203e-03 -1.032635e-02 1.700573e-01 6.715727e-02 -2.514745e-01 2.676534e+00 9.130312e-01 -3.559255e+00 3.699465e+01 811 8.301912e-03
67269 -1.238915e-02 -2.287923e-03 1.159735e-01 -5.650351e-01 -1.874865e-01 2.166372e+00 -8.391632e+00 -2.812140e+00 3.113420e+01 618 5.751572e-03
42731 7.354153e-03 -2.132827e-03 9.539343e-02 2.933432e-02 -9.502541e-03 1.934083e-01 3.925524e+00 -1.316186e+00 1.750486e+01 894 7.523289e-03
67280 1.362153e-02 -1.199611e-02 1.291556e-01 1.350207e-01 -1.047055e-01 6.130948e-01 8.517720e+00 -6.504760e+00 3.395458e+01 867 7.408547e-03
8298 2.533794e-03 1.700645e-02 1.105724e-01 8.397654e-03 5.006447e-02 1.895219e-01 2.152211e+00 1.213327e+01 2.897681e+01 2076 1.525642e-02
92120 1.773342e-02 1.221568e-02 1.490179e-01 4.805629e-01 3.576437e-01 2.663934e+00 4.765253e+00 3.556498e+00 2.589337e+01 2432 1.921912e-02
42821 -1.174424e-02 -2.295011e-03 1.111806e-01 -5.062643e-02 -8.902557e-03 2.381324e-01 -9.192733e+00 -1.562191e+00 3.001463e+01 2255 1.614153e-02
55233 1.233779e-02 -1.820422e-02 1.528358e-01 2.958303e-01 -3.866565e-01 1.777195e+00 6.229584e+00 -8.096528e+00 3.569436e+01 1541 1.235899e-02
42875 -1.985461e-03 7.443127e-03 1.007255e-01 -9.648971e-03 5.247010e-02 2.434188e-01 -1.417610e+00 8.329171e+00 2.639565e+01 1462 1.085705e-02
42883 -6.754502e-03 3.028490e-03 2.090551e-01 -2.959062e-01 5.287271e-01 1.444118e+01 -6.293006e-01 1.144114e+00 3.097435e+01 454 7.795984e-03
8587 1.510981e-02 1.978332e-02 1.794996e-01 9.065749e-01 1.454084e+00 6.690159e+00 3.494534e+00 5.622445e+00 2.552172e+01 1758 1.611555e-02
80436 -7.453468e-03 -1.201560e-03 1.361458e-01 -1.745176e-01 -6.465672e-02 1.569672e+00 -3.166634e+00 -1.202767e+00 2.717192e+01 804 7.998699e-03
17450 -4.706525e-03 -2.121908e-03 1.075022e-01 -1.644112e-01 -6.263947e-02 1.209829e+00 -5.461659e+00 -2.069610e+00 3.769794e+01 1957 1.399380e-02
80462 8.724833e-03 -1.873065e-03 1.110779e-01 4.495254e-02 6.963131e-04 2.587926e-01 7.218724e+00 5.119737e-01 2.943361e+01 1853 1.369613e-02
42987 -4.373431e-03 -2.678858e-03 8.811616e-02 -4.949457e-02 -1.812989e-02 2.488887e-01 -7.735310e+00 -2.648836e+00 2.756193e+01 1092 7.698348e-03
55373 1.046202e-02 3.401723e-04 1.213280e-01 1.537747e-01 -5.284117e-03 8.914435e-01 3.876507e+00 -1.521331e-01 2.083109e+01 6236 4.386838e-02
8754 -7.009297e-03 1.332393e-02 1.292326e-01 -1.069467e-01 2.080131e-01 9.367879e-01 -3.695102e+00 7.198471e+00 2.985869e+01 281 4.077490e-03
43048 2.513977e-04 -3.855135e-03 1.030556e-01 1.465505e-02 -3.449562e-02 3.616955e-01 1.996391e+00 -4.246865e+00 3.584830e+01 266 2.707369e-03
67568 -6.631357e-03 1.204969e-03 1.544214e-01 -5.018475e-02 3.059139e-02 6.315083e-01 -3.057259e+00 2.062799e+00 3.348942e+01 2063 1.635873e-02
92366 -4.790087e-03 -1.845510e-03 1.114727e-01 -6.067860e-02 -2.063787e-02 7.295344e-01 -2.920258e+00 -9.819288e-01 3.229464e+01 522 5.120838e-03
8833 -1.544349e-02 -9.307699e-03 1.772676e-01 -7.968301e-02 -6.335326e-02 4.597309e-01 -6.716366e+00 -5.650568e+00 2.953209e+01 1221 1.176230e-02
80588 -1.473053e-03 -1.265097e-02 1.911409e-01 1.069796e-02 -4.186032e-02 6.896973e-01 8.458808e-01 -2.030039e+00 3.464948e+01 1321 1.271752e-02
8860 6.898136e-03 6.539416e-03 1.254743e-01 2.823831e-02 1.665563e-02 2.552427e-01 5.740658e+00 2.721335e+00 3.490861e+01 3570 2.526358e-02
8866 -1.189986e-02 2.264042e-02 2.811600e-01 -2.319224e-01 4.401257e-01 4.828147e+00 -1.510998e+00 2.867066e+00 3.122628e+01 893 1.296436e-02
30533 1.175162e-03 9.164733e-03 9.883527e-02 1.771181e-02 5.994109e-02 3.006015e-01 2.621410e+00 8.049134e+00 3.198424e+01 587 4.702362e-03
67631 5.142822e-03 -6.059350e-03 9.226251e-02 6.959590e-02 -9.348909e-02 3.701940e-01 7.855660e+00 -1.065610e+01 3.387480e+01 1695 1.192971e-02
8938 3.824043e-03 -4.718212e-03 2.124660e-01 1.827182e+00 -2.319425e-01 1.200393e+01 2.997024e+00 -3.734851e-01 1.938145e+01 731 1.237619e-02
8960 1.078479e-03 2.234962e-03 1.476991e-01 1.130447e-02 7.617584e-02 1.862859e+00 2.074053e-01 1.499682e+00 3.478718e+01 723 7.338031e-03
92450 1.011282e-02 2.339666e-03 1.922986e-01 8.303540e-02 -1.346120e-02 1.252021e+00 2.236931e+00 -4.846984e-01 3.250743e+01 799 9.045610e-03
17636 -1.255326e-02 -6.783723e-03 1.783325e-01 -5.023906e-01 -4.437571e-01 5.909257e+00 -2.977341e+00 -2.656022e+00 3.483385e+01 915 9.206215e-03
55575 -9.777414e-03 9.081440e-03 1.180720e-01 -2.492890e-01 2.009996e-01 1.405137e+00 -5.753681e+00 4.610366e+00 3.091861e+01 447 4.386980e-03
55582 -2.006348e-03 9.212566e-03 1.116204e-01 -7.398938e-02 1.376481e-01 5.871385e-01 -2.763438e+00 4.930656e+00 1.825520e+01 1623 1.282221e-02
43238 4.292142e-03 1.779556e-03 1.236267e-01 1.845223e-03 4.149498e-02 6.222123e-01 -1.134921e-01 1.842066e+00 2.312521e+01 1515 1.236846e-02
17704 -1.029755e-02 9.208089e-03 2.602079e-01 -6.679798e-01 3.948851e-01 1.345203e+01 -1.349911e+00 7.916124e-01 2.707658e+01 2400 2.404499e-02
30701 -1.892724e-02 9.535851e-03 1.425385e-01 -2.724881e-01 1.169989e-01 1.064394e+00 -6.044020e+00 2.561551e+00 2.197387e+01 1636 1.376395e-02
9228 -4.759707e-03 -4.186179e-04 1.846451e-01 -2.949928e-01 1.089880e-02 3.421197e+00 -2.429201e+00 9.472486e-02 2.708939e+01 2109 1.859247e-02
17784 2.377936e-03 1.585408e-03 1.187196e-01 1.117277e-02 5.270211e-03 6.120362e-01 5.390345e-01 2.258413e-01 3.023533e+01 1472 1.142132e-02
92599 7.171180e-03 -9.990820e-03 1.838779e-01 6.454045e-02 -1.000287e-01 1.218524e+00 1.975626e+00 -3.100637e+00 3.563013e+01 736 8.223310e-03
92647 6.099055e-03 -1.643414e-02 1.301748e-01 4.662548e-02 -1.082622e-01 4.449677e-01 3.712828e+00 -8.412829e+00 2.883975e+01 1828 1.404709e-02
55829 1.732451e-02 -3.276948e-03 1.171516e-01 3.711970e-02 -6.523771e-03 1.665289e-01 1.128718e+01 -1.851333e+00 2.815486e+01 1657 1.297906e-02
55840 -1.490322e-02 9.320947e-04 1.345575e-01 -2.876605e-01 1.955000e-02 1.192545e+00 -7.670321e+00 5.235620e-01 2.975210e+01 947 8.625571e-03
92727 -8.985812e-03 -1.594322e-02 1.465375e-01 -1.735879e-01 -2.483811e-01 1.216342e+00 -4.612766e+00 -6.513778e+00 2.997992e+01 1285 1.107679e-02
43546 -2.661443e-02 -4.238149e-03 2.207366e-01 -2.117007e+00 -9.366645e-01 1.140651e+01 -5.001113e+00 -2.230763e+00 2.676114e+01 3392 2.766227e-02
68015 6.220447e-03 -1.528603e-03 9.154414e-02 3.038319e-02 -9.639533e-04 1.832024e-01 5.968709e+00 1.394803e-01 2.264153e+01 1035 7.762369e-03
92794 -3.973100e-03 4.716902e-04 8.618643e-02 -2.908487e-02 1.090975e-02 1.718848e-01 -9.582981e+00 3.983303e+00 3.270363e+01 581 4.234630e-03
68028 -1.331245e-03 -8.355864e-03 1.260625e-01 2.487457e-03 -3.171577e-02 2.815762e-01 8.282630e-01 -5.066680e+00 3.373039e+01 355 4.147232e-03
81074 -3.873271e-03 5.959823e-03 9.576310e-02 -3.014709e-02 2.569291e-02 1.984604e-01 -6.064896e+00 4.555072e+00 2.370605e+01 2088 1.433117e-02
43705 8.679883e-03 -1.130355e-02 1.326780e-01 6.077407e-02 -8.588933e-02 5.911042e-01 2.994976e+00 -4.288053e+00 2.635564e+01 761 7.647355e-03
68125 -1.402047e-03 -7.659881e-03 9.815584e-02 -2.884898e-03 -7.187238e-02 2.886446e-01 -2.158367e-01 -9.346466e+00 2.772664e+01 625 4.887751e-03
9798 -1.081176e-03 -1.480309e-02 1.287120e-01 -2.390369e-02 -1.417452e-01 6.064572e-01 -1.551604e+00 -8.630245e+00 3.247982e+01 644 6.053708e-03
18103 5.213046e-03 9.437852e-03 1.815518e-01 4.245594e-02 9.265204e-02 1.315792e+00 1.092695e+00 2.441479e+00 3.327825e+01 686 8.486240e-03
18106 3.594840e-03 -1.872745e-03 9.812667e-02 3.299115e-02 -3.195162e-02 3.805786e-01 2.066869e+00 -2.114861e+00 1.985934e+01 774 6.487237e-03
81209 6.568446e-03 -4.095606e-03 1.022696e-01 8.610654e-02 -2.647257e-02 3.801762e-01 8.947147e+00 -2.517158e+00 3.126138e+01 1554 1.137648e-02
18127 3.152441e-03 -2.291326e-02 1.491788e-01 3.444353e-03 -8.967301e-02 4.126857e-01 2.735874e-02 -6.256886e+00 2.469650e+01 695 8.020826e-03
31158 -9.253128e-03 1.706562e-02 1.300396e-01 -9.916114e-02 2.194246e-01 8.484444e-01 -4.064269e+00 9.147586e+00 3.247530e+01 985 8.452809e-03
81266 -1.886448e-03 -1.168088e-02 1.888377e-01 -4.184539e-03 -1.074120e-01 1.106183e+00 -6.480104e-02 -2.699404e+00 2.586710e+01 3874 2.947744e-02
81275 9.609059e-03 -1.454046e-02 1.448312e-01 2.459517e-01 -4.689957e-01 2.874907e+00 2.338843e+00 -4.497282e+00 2.701680e+01 286 4.937702e-03
92999 -1.320739e-03 9.379759e-04 9.730619e-02 -3.943609e-02 -1.410057e-03 2.704189e-01 -5.292138e+00 -3.260135e-01 2.403589e+01 1549 1.081776e-02
10058 9.174713e-03 2.885987e-03 2.379513e-01 7.325730e-02 3.734089e-03 2.218668e+00 9.362674e-01 1.239105e-02 2.893891e+01 1423 1.558777e-02
10156 2.703070e-03 6.013743e-03 1.013747e-01 2.294095e-02 2.798494e-02 2.567286e-01 2.990011e+00 3.246097e+00 2.295249e+01 1421 1.022822e-02
31318 -1.500249e-03 1.872020e-03 1.254512e-01 -2.101482e-02 8.469496e-03 5.482424e-01 -1.339464e+00 4.528454e-01 2.902005e+01 1444 1.134894e-02
56284 1.692830e-02 -8.820648e-03 1.635754e-01 3.248306e-01 -2.171754e-01 2.028388e+00 4.579323e+00 -3.098787e+00 2.773470e+01 468 6.449322e-03
31347 -2.008522e-03 -7.466859e-03 1.166658e-01 -3.625348e-02 -1.791757e-01 1.211681e+00 -1.371818e+00 -6.878479e+00 4.386517e+01 1150 9.206903e-03
31400 3.204876e-03 -7.548803e-03 1.026063e-01 1.577672e-02 -3.635164e-02 2.609361e-01 1.569355e+00 -3.595484e+00 1.976445e+01 904 7.754744e-03
56362 -1.613567e-02 3.144301e-03 1.366583e-01 -9.005827e-01 2.963595e-01 3.251635e+00 -6.660984e+00 2.208275e+00 2.345964e+01 977 9.609707e-03
81586 -1.864465e-02 -5.907975e-03 1.243400e-01 -7.867919e-01 -2.637665e-01 2.457446e+00 -1.122651e+01 -3.768614e+00 3.409844e+01 683 5.881708e-03
18479 -1.051915e-03 1.538546e-03 1.110316e-01 -3.435793e-03 1.050685e-01 1.380835e+00 -5.986658e-02 2.599958e+00 3.188870e+01 1238 9.455198e-03
56467 -1.466702e-02 -1.623816e-02 2.129893e-01 -1.602272e-01 -2.102598e-01 2.398129e+00 -1.624059e+00 -2.164759e+00 2.438028e+01 1640 1.723378e-02
31516 1.999159e-02 -6.509119e-03 1.703142e-01 4.491522e-01 -6.568584e-02 1.739909e+00 7.057129e+00 -9.731036e-01 2.581046e+01 2237 1.891606e-02
10648 2.583000e-02 -1.250876e-02 1.897449e-01 2.368232e-01 -8.779951e-02 1.126755e+00 8.981522e+00 -3.204964e+00 3.988649e+01 1088 1.061829e-02
81742 -2.052847e-03 -6.422291e-03 1.577032e-01 -4.080065e-01 -5.242595e-01 6.523475e+00 -1.717321e+00 -2.190626e+00 2.692936e+01 633 7.641626e-03
44287 2.884545e-03 1.330846e-04 1.147880e-01 3.584007e-02 -2.200212e-02 4.855239e-01 2.969252e+00 -1.994355e+00 3.340285e+01 867 6.964398e-03
10702 -1.979174e-02 1.005354e-03 2.384692e-01 -5.096424e-01 3.817126e-02 4.433214e+00 -3.112259e+00 2.361330e-01 2.665125e+01 870 1.221982e-02
93433 -4.736051e-03 5.865875e-03 1.157785e-01 -2.546676e-02 4.296316e-02 3.593667e-01 -2.798301e+00 5.007518e+00 3.288037e+01 1444 1.129745e-02
81856 -1.088550e-02 4.318962e-03 1.251999e-01 -3.663355e-02 1.520409e-02 2.240458e-01 -8.116854e+00 3.431443e+00 3.116032e+01 562 5.565208e-03
18693 3.258086e-03 5.522610e-04 1.148445e-01 9.026113e-03 1.140507e-02 6.407281e-01 4.004425e-01 7.534511e-01 3.650922e+01 1332 9.951092e-03
18699 -1.530150e-02 4.038823e-03 2.935486e-01 -2.440655e-01 -4.298210e-03 2.677656e+00 -2.786279e+00 -1.015426e-01 2.903773e+01 1018 1.523521e-02
31796 2.522357e-03 -1.097284e-03 1.030008e-01 2.731492e-02 -2.202309e-02 2.577867e-01 3.737364e+00 -3.154468e+00 2.333327e+01 869 7.240891e-03
18789 -4.042464e-03 2.590531e-02 2.028834e-01 -3.168803e-02 2.472758e-01 1.249444e+00 -8.059085e-01 6.453271e+00 3.050877e+01 1256 1.266083e-02
31855 -1.040618e-02 2.599838e-03 1.307038e-01 -1.259846e-01 1.867954e-02 7.380043e-01 -6.801779e+00 9.462891e-01 3.573957e+01 1304 1.065561e-02
81984 -2.024636e-03 -1.329321e-03 1.257708e-01 -5.660469e-02 2.500908e-02 2.416052e+00 -7.852581e-01 3.789377e-01 3.295089e+01 1277 1.031849e-02
11073 -1.749246e-02 4.642277e-03 1.880122e-01 -3.482551e-01 -5.427626e-04 1.696211e+00 -6.148816e+00 -9.638892e-02 2.803714e+01 925 1.074910e-02
18833 -8.143423e-03 3.036176e-03 1.202666e-01 -3.209726e-02 5.858576e-03 2.555611e-01 -4.487511e+00 5.287483e-01 2.534608e+01 565 5.623480e-03
82034 -5.535699e-03 5.986126e-03 9.249520e-02 -3.951976e-02 3.574518e-02 1.934031e-01 -6.445414e+00 5.644099e+00 1.913818e+01 947 7.816268e-03
18856 5.264936e-03 3.226879e-03 9.163639e-02 2.862934e-02 1.748127e-02 2.012017e-01 6.155171e+00 3.755210e+00 2.886414e+01 801 5.762277e-03
18887 3.392031e-03 1.971849e-02 1.018676e-01 1.264436e-01 3.735929e-01 5.304409e-01 3.331595e+00 9.581074e+00 1.160353e+01 1329 1.150067e-02
56925 2.143943e-03 6.957310e-03 2.512048e-01 1.939363e-01 8.263653e-02 3.574975e+00 1.836160e+00 7.245292e-01 3.182073e+01 485 9.174409e-03
93686 -6.974387e-03 -3.135222e-03 1.046876e-01 -4.370308e-02 -2.919665e-02 2.702090e-01 -6.058556e+00 -4.298944e+00 2.730347e+01 839 6.744880e-03
56985 1.282789e-02 -4.729921e-03 1.554923e-01 2.531901e-01 -6.005835e-02 1.545137e+00 7.634105e+00 -1.757277e+00 4.413627e+01 850 7.179269e-03
11344 6.496328e-03 -1.164476e-02 1.061495e-01 3.291045e-02 -7.080473e-02 2.659677e-01 3.860475e+00 -8.646346e+00 2.335774e+01 935 7.781749e-03
11429 -3.485952e-03 -9.451760e-03 1.324505e-01 -2.845263e-02 -3.860263e-02 4.810861e-01 -2.075172e+00 -2.422953e+00 2.897778e+01 925 8.221966e-03
57054 -1.554793e-02 -2.488824e-03 1.308604e-01 -3.449670e-01 5.517164e-02 1.080288e+00 -5.024390e+00 8.794534e-01 1.448093e+01 493 7.982340e-03
44785 -9.388261e-03 5.911138e-04 1.033965e-01 -1.154326e-01 -1.742492e-02 4.463983e-01 -1.049725e+01 -1.783394e+00 3.395349e+01 2174 1.507731e-02
19054 -3.297076e-03 -4.769881e-03 1.059867e-01 -5.747992e-02 -2.576081e-02 3.683236e-01 -3.983060e+00 -1.543074e+00 1.928477e+01 2909 2.113514e-02
44832 -1.099574e-02 6.109388e-03 1.155383e-01 -4.383655e-02 2.635459e-02 2.894075e-01 -4.622159e+00 2.849397e+00 2.447110e+01 526 5.443940e-03
32217 -1.400260e-02 -1.307941e-02 2.359185e-01 -6.186972e-01 -9.464984e-01 1.132253e+01 -1.444424e+00 -2.229643e+00 2.648242e+01 545 1.020955e-02
93896 -7.730289e-03 -6.903509e-03 1.380783e-01 -1.750058e-01 -6.823370e-02 1.446965e+00 -3.516395e+00 -1.289258e+00 2.751487e+01 999 8.923528e-03
69244 -1.107618e-02 -1.130384e-02 1.340811e-01 -5.534294e-02 -7.844207e-02 5.363842e-01 -2.390290e+00 -3.625289e+00 2.172332e+01 956 9.367951e-03
82445 -1.009101e-02 3.809946e-03 1.462115e-01 -3.683624e-02 -2.678354e-03 3.867167e-01 -3.787234e+00 -9.187699e-01 3.405652e+01 902 8.190842e-03
82503 1.430439e-02 2.279189e-03 1.065866e-01 8.486720e-02 1.975416e-02 2.996760e-01 1.074245e+01 2.660382e+00 2.939585e+01 794 6.189558e-03
57332 -1.334864e-02 1.373228e-02 2.109368e-01 -8.039672e-01 1.290254e+00 7.787361e+00 -2.693896e+00 4.349527e+00 2.581536e+01 711 1.099662e-02
45072 -5.709018e-03 -8.593258e-03 1.284507e-01 -5.012294e-02 -9.798644e-02 6.599594e-01 -2.521764e+00 -5.075626e+00 3.017836e+01 2979 2.135435e-02
69374 1.226062e-02 1.288151e-02 1.519733e-01 4.317806e-02 4.722593e-02 3.966547e-01 3.668159e+00 4.074750e+00 2.902991e+01 1299 1.142649e-02
11994 1.465483e-02 1.577112e-03 1.260788e-01 1.016830e+00 5.629810e-02 3.204383e+00 7.298690e+00 3.985248e-01 2.241883e+01 723 7.544729e-03
45167 7.196704e-04 7.096102e-03 9.036218e-02 1.690806e-02 8.919301e-02 2.704496e-01 2.367265e+00 1.200522e+01 2.633459e+01 1380 1.004798e-02
57450 9.006989e-03 -9.997784e-03 1.350812e-01 3.707240e-02 -4.278792e-02 3.067341e-01 4.764584e+00 -5.566686e+00 2.914102e+01 1416 1.121308e-02
32516 1.778834e-02 5.207536e-03 2.071540e-01 1.061916e-01 4.825832e-02 7.075782e-01 4.832763e+00 2.353467e+00 2.735680e+01 826 1.052152e-02
45191 -7.765924e-04 -4.083949e-03 1.353119e-01 -2.513113e-04 -6.014021e-02 7.861669e-01 1.699150e-02 -1.813276e+00 2.105349e+01 2045 1.686055e-02
82663 6.844269e-03 6.179441e-03 1.089661e-01 3.443465e-02 5.741461e-02 3.632571e-01 2.782669e+00 5.167399e+00 2.564690e+01 627 5.857385e-03
12127 -1.827030e-02 -1.224048e-02 2.799218e-01 -1.015610e+00 -3.277955e-02 1.051307e+01 -2.714379e+00 -5.589954e-02 2.785075e+01 1000 1.449151e-02
32547 -9.717516e-03 -3.631369e-04 1.412470e-01 -3.805759e-02 -1.939407e-03 2.963623e-01 -6.676369e+00 -3.713385e-01 3.654214e+01 1304 1.061004e-02
32567 2.613428e-03 -1.079311e-02 2.023665e-01 3.165499e-01 -2.629562e-01 6.076782e+00 1.359787e+00 -1.092221e+00 2.544449e+01 999 1.203723e-02
12370 4.714340e-03 1.090066e-02 1.410211e-01 2.436842e-02 4.388133e-02 3.860671e-01 2.971717e+00 4.986712e+00 3.705123e+01 419 4.888087e-03
12440 4.157607e-03 1.143309e-02 1.707420e-01 2.971576e-02 1.289354e-01 1.478223e+00 5.886370e-01 2.706228e+00 3.011296e+01 1756 1.538190e-02
94323 3.886590e-03 6.686167e-03 1.125028e-01 4.090742e-02 4.326385e-02 4.990668e-01 2.523573e+00 2.493365e+00 2.635064e+01 491 4.939605e-03
12452 1.262267e-02 -8.738661e-03 1.348876e-01 4.003241e-01 -3.165400e-01 2.475087e+00 6.028566e+00 -4.786160e+00 3.638895e+01 1848 1.367027e-02
82937 4.038349e-03 -4.747083e-03 1.000924e-01 4.408966e-02 -2.811898e-02 3.799059e-01 3.846227e+00 -2.244461e+00 2.687118e+01 1830 1.309170e-02
19648 1.612141e-02 5.691644e-03 1.301135e-01 6.731184e-02 5.184965e-02 3.860815e-01 2.507941e+00 2.261390e+00 1.254048e+01 883 1.090309e-02
82966 -6.114166e-03 1.033991e-03 1.056882e-01 -1.779370e-01 5.135528e-03 8.860495e-01 -9.775350e+00 2.333448e-01 4.439635e+01 838 6.353850e-03
82973 -7.981391e-03 3.870738e-04 1.189056e-01 -4.031182e-02 7.765907e-03 2.584749e-01 -6.656227e+00 1.519163e+00 2.873468e+01 1266 1.017059e-02
57824 -6.936556e-03 -1.564302e-02 1.212247e-01 -1.001859e-01 -1.471561e-01 6.261406e-01 -4.054484e+00 -5.718192e+00 2.195375e+01 464 5.133849e-03
83034 -2.120886e-03 -4.389735e-03 9.759354e-02 -2.318933e-02 -2.854422e-02 2.840162e-01 -3.667952e+00 -4.205222e+00 3.245560e+01 1047 8.107824e-03
69788 -7.453977e-04 1.144118e-03 1.075264e-01 -3.920099e-03 2.102209e-02 4.728218e-01 -2.267894e-01 1.420011e+00 2.609540e+01 1672 1.264408e-02
83086 -4.154301e-03 4.421513e-03 8.633913e-02 -2.754922e-02 2.527179e-02 1.607251e-01 -9.383851e+00 8.363177e+00 2.983669e+01 4911 3.225991e-02
57897 1.694566e-02 -1.133353e-03 2.078160e-01 9.150283e-01 4.420978e-01 7.353008e+00 4.697327e+00 2.318274e+00 3.737218e+01 1465 1.360971e-02
94525 8.704405e-03 1.471303e-03 2.562324e-01 1.661740e-01 2.846062e-01 1.738953e+01 3.462527e-01 6.225724e-01 3.767363e+01 634 9.254773e-03
83119 -6.039441e-04 -6.788824e-03 1.341484e-01 -5.485330e-02 -9.639417e-02 9.259504e-01 -1.929433e+00 -3.186904e+00 2.816124e+01 758 7.251811e-03
69862 -7.394781e-03 -5.028071e-03 9.808284e-02 -2.813228e-02 -1.872249e-02 1.534183e-01 -7.957732e+00 -5.255048e+00 2.123421e+01 1904 1.378532e-02
94567 1.234347e-02 3.462065e-03 1.182163e-01 1.430132e-01 1.830387e-02 6.439222e-01 8.204888e+00 9.319326e-01 3.300962e+01 964 7.710514e-03
57972 6.710420e-03 -1.919381e-03 9.917780e-02 5.460160e-02 -1.111096e-02 3.517312e-01 6.845406e+00 -1.313813e+00 3.609915e+01 1101 7.938496e-03
69951 2.408406e-02 2.972025e-03 1.728794e-01 7.442728e-01 -2.281358e-02 3.007379e+00 8.158211e+00 -2.920962e-01 3.210886e+01 2340 1.804194e-02
33113 7.685027e-04 -5.513601e-03 9.652865e-02 3.511741e-03 -4.129235e-02 2.670050e-01 6.110228e-01 -7.969280e+00 3.797153e+01 512 4.168021e-03
83334 1.781708e-02 2.106775e-02 2.839545e-01 7.945235e-02 1.326789e-01 9.976630e-01 2.850296e+00 5.161408e+00 3.300513e+01 2118 2.084057e-02
94761 7.750769e-03 -7.463412e-03 9.741258e-02 5.147662e-02 -4.193406e-02 1.894101e-01 8.409960e+00 -6.629872e+00 1.769424e+01 2218 1.656339e-02
33291 -1.036210e-02 9.269706e-04 1.197166e-01 -4.973958e-02 1.155206e-02 2.565148e-01 -7.923516e+00 2.137974e+00 2.752646e+01 447 4.553790e-03
83455 -2.436843e-02 6.101463e-03 1.416559e-01 -2.772214e-01 3.237014e-02 7.800464e-01 -9.600373e+00 9.973747e-01 2.423854e+01 922 8.899458e-03
58314 -9.387142e-03 -1.548453e-03 1.350383e-01 -2.327187e-01 -7.798957e-02 1.695033e+00 -3.677361e+00 -1.258674e+00 2.568675e+01 902 8.266391e-03
20204 -1.389347e-03 -4.768272e-03 8.518779e-02 -1.484881e-02 -3.352994e-02 2.081822e-01 -4.618716e+00 -9.869783e+00 4.220648e+01 710 5.121707e-03
20206 2.731694e-04 4.147699e-04 1.525156e-01 4.481092e-03 3.767303e-03 1.120442e+00 1.921756e-01 1.531101e-01 4.420514e+01 2362 1.712992e-02
83547 -1.668700e-02 -3.206618e-03 1.799677e-01 -1.357429e-01 -7.344170e-02 9.198409e-01 -4.838867e+00 -2.854610e+00 3.007115e+01 725 8.598719e-03
70326 -1.094780e-02 6.086660e-03 1.070057e-01 -7.368499e-02 4.566784e-02 3.241250e-01 -7.901499e+00 4.985092e+00 2.734531e+01 2246 1.618445e-02
33522 -1.767811e-02 7.775914e-03 2.614476e-01 -8.731602e-01 2.424690e-01 5.995651e+00 -3.909180e+00 1.072445e+00 2.620281e+01 846 1.301969e-02
95004 -7.355596e-04 4.715851e-03 1.070156e-01 1.421756e-02 3.690161e-02 2.769556e-01 1.907509e+00 4.105809e+00 2.167856e+01 1362 1.043503e-02
83605 1.296218e-02 -8.795217e-03 1.670372e-01 1.406636e-01 -1.442225e-01 1.468491e+00 2.720206e+00 -2.884777e+00 2.772265e+01 1303 1.180178e-02
70389 -3.377814e-03 2.445247e-02 1.472503e-01 -7.183123e-02 6.907036e-01 2.362805e+00 -9.085601e-01 8.842936e+00 2.940635e+01 453 5.929077e-03
95073 4.906396e-03 -6.124861e-04 9.171533e-02 9.457217e-02 -2.359170e-02 3.779482e-01 1.136468e+01 -2.912498e+00 3.627856e+01 1247 8.725361e-03
83719 7.129709e-03 5.929713e-03 1.078335e-01 3.626063e-02 3.238765e-02 2.612872e-01 4.998252e+00 4.539625e+00 2.632942e+01 721 6.113084e-03
70502 2.535166e-02 -1.279826e-02 1.896718e-01 2.394163e-01 -1.319007e-01 1.160153e+00 8.943685e+00 -4.976135e+00 4.054699e+01 1238 1.088602e-02
83756 9.006416e-03 1.343615e-04 1.262521e-01 4.157694e-02 -4.934495e-03 3.777759e-01 4.726667e+00 -7.355976e-01 3.650139e+01 2057 1.490992e-02
20481 -1.362154e-02 1.622874e-02 2.146026e-01 -1.141490e-01 1.594236e-01 1.224079e+00 -2.633505e+00 3.751256e+00 2.644511e+01 336 7.789979e-03
83794 -7.894397e-03 2.996497e-03 1.128488e-01 -4.182394e-02 1.391702e-02 2.979409e-01 -6.453470e+00 2.077107e+00 3.520492e+01 1298 9.982557e-03
70548 2.500297e-02 8.975733e-03 2.672257e-01 4.285795e-01 1.055796e-01 2.940357e+00 3.439902e+00 8.234072e-01 2.278455e+01 843 1.437114e-02
46470 -2.729474e-02 -2.551049e-03 2.393287e-01 -1.799337e-01 -4.709864e-02 1.094137e+00 -4.341349e+00 -1.267020e+00 2.431241e+01 897 1.333720e-02
20543 8.532702e-03 1.402238e-02 1.935916e-01 5.756145e-01 7.604577e-01 5.941588e+00 4.224675e+00 5.560833e+00 4.282172e+01 309 5.056732e-03
70644 -7.424547e-04 -2.426643e-02 2.590768e-01 1.167771e-03 -1.089982e-01 8.045884e-01 1.170778e-01 -5.193215e+00 3.343443e+01 935 1.209887e-02
33878 2.406456e-02 -1.477933e-02 1.784791e-01 3.925659e-01 -2.563718e-01 1.446824e+00 8.170164e+00 -5.356425e+00 2.812088e+01 2002 1.739389e-02
95314 -1.398227e-02 -5.541322e-03 1.554737e-01 -3.069160e-01 -1.514605e-01 1.465665e+00 -6.445462e+00 -3.210680e+00 2.882833e+01 796 8.172279e-03
70681 1.230807e-02 -7.101857e-03 1.433762e-01 1.914418e-01 -9.710897e-02 1.028503e+00 6.145712e+00 -3.087961e+00 3.036691e+01 2126 1.647974e-02
20627 6.002532e-03 2.198920e-02 1.556197e-01 1.235821e-01 3.495123e-01 1.530708e+00 3.186345e+00 8.875702e+00 3.726417e+01 516 5.745959e-03
70699 -3.137688e-03 -2.766508e-02 1.527660e-01 -5.257475e-02 -8.487955e-01 2.769231e+00 -4.566743e-01 -7.585182e+00 2.416956e+01 900 9.597796e-03
33942 5.745134e-03 -2.719412e-02 1.892163e-01 -8.338490e-03 -2.202071e-01 9.735851e-01 -3.947430e-01 -5.409866e+00 2.198469e+01 1542 1.576325e-02
46629 -3.652735e-03 1.460872e-02 1.328121e-01 -3.171313e-02 1.898255e-01 8.307995e-01 -1.370094e+00 8.555243e+00 3.408037e+01 895 8.069612e-03
83994 -1.496914e-02 -3.781915e-03 1.239700e-01 -2.351491e-01 -2.576426e-02 8.751659e-01 -8.029804e+00 -8.016803e-01 2.739558e+01 433 4.919805e-03
46720 -7.037746e-04 9.970764e-03 1.116894e-01 1.138297e-02 2.853728e-01 1.148277e+00 4.030349e-01 9.183339e+00 3.456524e+01 985 7.323325e-03
46765 -1.771677e-03 2.598656e-03 1.107505e-01 -3.973586e-02 4.444867e-02 4.544031e-01 -3.158841e+00 3.482164e+00 2.859389e+01 746 6.719972e-03
70852 -2.209490e-02 -6.163366e-03 1.597948e-01 -8.158634e-01 -3.255413e-01 3.453872e+00 -5.480426e+00 -2.205085e+00 2.274334e+01 950 1.015431e-02
95519 -1.037466e-02 -2.278346e-03 1.200890e-01 -5.125668e-02 -5.572253e-03 3.309081e-01 -5.425311e+00 -4.371229e-01 2.797708e+01 749 6.524358e-03
34121 -8.325212e-03 7.810710e-03 1.362657e-01 -1.418423e-01 1.571575e-01 9.682000e-01 -5.328283e+00 5.960002e+00 3.320011e+01 1306 1.066506e-02
95539 -6.606496e-03 3.424142e-03 1.029733e-01 -1.180028e-01 2.836653e-02 5.464966e-01 -7.144799e+00 1.599769e+00 2.844695e+01 1949 1.380482e-02
46848 5.904249e-03 1.135618e-02 1.353649e-01 5.004353e-02 8.635341e-02 5.677128e-01 3.813791e+00 6.480027e+00 3.735639e+01 3368 2.363522e-02
84173 -1.993280e-02 1.758950e-02 1.944794e-01 -1.441802e+00 1.193867e+00 7.492362e+00 -5.617171e+00 4.646949e+00 2.883068e+01 729 9.187644e-03
59161 8.793178e-04 -4.068454e-03 1.114317e-01 2.790144e-02 -5.635869e-03 5.410155e-01 1.372370e+00 -7.960415e-02 2.181723e+01 406 4.683698e-03
84214 6.263795e-03 4.199540e-03 9.558419e-02 2.365082e-02 2.713877e-02 1.943867e-01 4.933448e+00 6.508848e+00 2.803452e+01 1258 9.439472e-03
46935 -6.956622e-03 2.227539e-03 1.204076e-01 -3.084115e-02 2.869769e-02 3.887868e-01 -2.662324e+00 2.950535e+00 2.991528e+01 1382 1.063500e-02
71014 -1.692833e-02 -6.435264e-03 1.866118e-01 -3.437948e-01 -2.026619e-01 2.838077e+00 -3.667238e+00 -2.201540e+00 2.974778e+01 715 8.895531e-03
47043 -5.771320e-03 -7.038910e-03 1.036141e-01 -2.540579e-02 -3.516502e-02 2.057738e-01 -5.016405e+00 -7.185932e+00 2.610077e+01 1918 1.391923e-02
95829 6.182665e-03 -7.051806e-03 1.036285e-01 1.050195e-01 -1.244376e-01 7.131450e-01 5.218052e+00 -6.197339e+00 3.217919e+01 1885 1.335010e-02
34533 -8.465477e-03 1.419886e-03 1.128029e-01 -3.795115e-02 5.083499e-04 2.132988e-01 -8.707661e+00 -2.691934e-01 2.967828e+01 1112 9.044951e-03
47226 -4.453290e-04 -9.446531e-03 1.426102e-01 -9.893242e-02 -2.583660e-01 2.168412e+00 -8.827914e-01 -2.231196e+00 1.815832e+01 2081 1.711375e-02
95903 -2.006895e-02 -2.149307e-02 2.095560e-01 -4.869597e-01 -4.560082e-01 2.918948e+00 -5.062908e+00 -4.711830e+00 2.938032e+01 2584 2.256445e-02
95930 -1.459362e-03 -4.611840e-03 9.300889e-02 -3.018225e-02 -4.550717e-02 3.224805e-01 -3.443765e+00 -4.903194e+00 2.751277e+01 1272 8.827899e-03
95957 5.594434e-03 3.091565e-03 1.306757e-01 2.366468e-02 6.794108e-03 4.197149e-01 1.509868e+00 3.093678e-01 2.415082e+01 587 6.539081e-03
95966 -8.941113e-03 9.653914e-03 1.232800e-01 -1.447619e-01 1.540487e-01 9.592100e-01 -7.342589e+00 7.806104e+00 4.519109e+01 268 2.935985e-03
59617 2.663307e-02 -6.279438e-03 3.052872e-01 3.343410e-01 -9.419181e-02 4.150991e+00 2.051497e+00 -5.861141e-01 2.563941e+01 2357 2.433704e-02
59621 6.868718e-03 -1.710375e-04 1.308373e-01 1.107887e-01 -7.585075e-02 1.043963e+00 3.506777e+00 -2.553810e+00 3.081339e+01 1505 1.139565e-02
96038 -2.091593e-03 1.483868e-02 1.448142e-01 -8.269313e-03 4.451391e-02 2.913309e-01 -1.200845e+00 5.768368e+00 2.848039e+01 1054 9.640778e-03
71397 -2.681588e-03 1.384266e-02 1.704275e-01 -8.075425e-02 4.001503e-01 3.706937e+00 -7.619194e-01 3.770017e+00 3.451316e+01 369 5.563414e-03
71406 7.259479e-04 1.111236e-02 1.006227e-01 3.052213e-02 2.479694e-01 7.053821e-01 1.200431e+00 9.542512e+00 2.436459e+01 1163 8.747156e-03
34773 3.157651e-03 -4.617463e-03 1.471971e-01 3.656907e-02 -2.865985e-02 6.763023e-01 2.224839e+00 -1.600963e+00 3.523268e+01 798 7.466321e-03
96080 -1.450482e-03 5.535680e-03 1.125913e-01 -4.256398e-02 9.389770e-02 9.429147e-01 -2.034748e+00 4.373125e+00 4.109353e+01 647 5.298745e-03
96109 1.315729e-02 1.511260e-03 1.493342e-01 1.056581e-01 3.545693e-02 7.989690e-01 4.313037e+00 1.582786e+00 3.029054e+01 1295 1.098212e-02
96143 1.098101e-02 1.979785e-02 2.106626e-01 5.719249e-01 7.231309e-01 4.817795e+00 3.231886e+00 4.052263e+00 2.654406e+01 3562 2.868829e-02
21467 -7.353329e-03 -4.769141e-03 1.211205e-01 -5.079433e-02 -2.684679e-02 3.396961e-01 -4.895539e+00 -2.488018e+00 2.463216e+01 842 8.208265e-03
47555 1.485405e-02 -4.347841e-03 1.705550e-01 2.308921e-01 -2.747284e-02 1.929014e+00 4.184367e+00 -4.479003e-01 3.405899e+01 845 8.889889e-03
59799 7.101228e-03 -2.137073e-02 1.656549e-01 9.539585e-02 -2.343178e-01 1.254417e+00 2.210879e+00 -5.332149e+00 2.726237e+01 541 7.028448e-03
84778 1.009718e-02 8.029369e-03 1.599191e-01 1.852138e-01 2.915990e-01 2.343077e+00 2.695113e+00 4.364245e+00 3.359963e+01 842 8.708442e-03
34885 -2.542625e-02 -1.849615e-03 1.353003e-01 -9.285187e-02 -1.539918e-02 2.617536e-01 -6.011162e+00 -1.207978e+00 1.127363e+01 286 8.671113e-03
71528 2.077304e-03 6.334593e-03 1.038417e-01 7.250785e-03 6.966839e-02 3.882249e-01 5.629924e-01 6.892156e+00 3.094736e+01 1058 8.460368e-03
59844 -1.134294e-02 -7.496059e-04 1.136845e-01 -5.191228e-02 -1.880383e-04 2.771758e-01 -8.085938e+00 1.119269e-01 3.258572e+01 1002 8.319908e-03
59876 -1.672886e-03 7.574529e-03 1.006225e-01 -8.652189e-02 1.953053e-01 9.330332e-01 -2.298073e+00 5.084550e+00 2.254524e+01 722 5.988868e-03
96239 -1.402499e-02 1.884745e-03 1.467616e-01 -3.495110e-01 -2.803310e-02 2.197889e+00 -4.102074e+00 -3.658131e-01 2.507966e+01 934 9.517133e-03
96266 -1.610935e-03 -1.177309e-02 1.567530e-01 -1.040945e-01 -3.197048e-01 3.028658e+00 -9.951867e-01 -2.990231e+00 2.788819e+01 621 7.390468e-03
21585 -2.834057e-02 -8.898391e-03 2.505701e-01 -9.896754e-02 -9.663383e-03 5.900576e-01 -6.608285e+00 -7.157720e-02 3.176450e+01 1614 1.661729e-02
47707 -5.498724e-03 -1.584375e-02 2.745077e-01 -3.421250e-01 -8.445285e-01 1.172041e+01 -1.079402e+00 -2.657203e+00 3.670163e+01 650 9.882069e-03
35062 -1.552805e-02 4.990315e-03 1.263472e-01 -1.981345e-01 5.118775e-02 8.302360e-01 -5.203883e+00 1.316525e+00 2.005928e+01 731 7.903503e-03
21661 7.519914e-03 -6.142484e-03 1.099411e-01 3.617201e-02 -4.321888e-02 3.043973e-01 3.015638e+00 -3.902298e+00 2.046656e+01 877 7.777193e-03
60028 2.404383e-03 1.413393e-02 1.622155e-01 6.796349e-03 2.681083e-01 1.346695e+00 9.499669e-02 5.493377e+00 2.561987e+01 515 6.977240e-03
96419 7.581299e-05 8.377461e-03 9.478731e-02 -1.049450e-03 8.222500e-02 3.235897e-01 -6.334718e-02 4.157281e+00 1.288054e+01 1552 1.154646e-02
47832 -1.415061e-03 -2.868003e-02 1.912372e-01 4.758539e-03 -4.749095e-02 2.896993e-01 1.577891e+00 -4.807823e+00 2.516563e+01 1215 1.359499e-02
60067 6.144309e-03 -2.885669e-03 9.751487e-02 3.467856e-02 -1.414500e-02 2.982153e-01 4.667132e+00 -1.841604e+00 3.282706e+01 1385 9.680730e-03
47867 8.188008e-03 2.788696e-03 1.313896e-01 2.739463e-01 8.486666e-02 2.315452e+00 4.545110e+00 1.403732e+00 3.735275e+01 907 7.571351e-03
35203 -1.642419e-03 -1.700615e-02 1.378803e-01 -1.843115e-03 -6.632820e-02 3.535184e-01 -2.610948e-02 -6.416565e+00 2.805350e+01 863 7.928179e-03
35249 3.781234e-03 -2.420490e-03 1.035785e-01 1.422194e-02 -2.781693e-02 2.978781e-01 2.123853e+00 -5.166154e+00 3.952451e+01 1773 1.238413e-02
71866 4.154573e-03 8.154594e-03 1.257837e-01 5.490767e-02 9.479504e-02 6.010151e-01 2.705172e+00 4.617990e+00 2.533013e+01 686 6.892156e-03
60174 -2.415158e-02 -4.949733e-04 2.797107e-01 -1.199908e+00 -1.691116e-01 8.465631e+00 -4.497281e+00 -6.449606e-01 3.131124e+01 1290 1.531082e-02
48053 -1.164791e-03 3.476406e-03 1.247981e-01 -2.217308e-02 3.167207e-02 5.647731e-01 -1.812640e+00 2.432782e+00 3.796199e+01 1478 1.105357e-02
72003 1.537495e-02 -2.251725e-03 1.159698e-01 1.185822e-01 -2.811614e-02 4.032142e-01 9.762529e+00 -2.446554e+00 2.717088e+01 1196 9.853296e-03
72049 9.843225e-03 6.342376e-04 1.294220e-01 1.434624e-01 2.796805e-02 8.276553e-01 5.054989e+00 1.034074e+00 2.641508e+01 1259 1.104625e-02
48164 -2.378748e-02 -6.759500e-03 1.691438e-01 -2.227989e-01 -1.059097e-01 1.062284e+00 -6.733946e+00 -3.354943e+00 3.022118e+01 726 8.260329e-03
35514 1.772835e-04 8.547318e-03 1.089832e-01 1.695514e-02 1.748709e-01 9.718651e-01 6.816647e-01 6.757532e+00 3.505788e+01 2027 1.383395e-02
72116 -1.164173e-03 -5.415772e-03 1.121146e-01 -3.534401e-03 -2.244378e-02 3.726250e-01 -2.345578e-01 -1.685092e+00 2.578011e+01 1235 9.992334e-03
96746 -2.268425e-02 -1.118298e-02 1.515729e-01 -2.537060e-01 -1.249444e-01 1.068726e+00 -8.349107e+00 -4.111327e+00 3.314584e+01 660 6.904824e-03
72128 9.003946e-04 7.266364e-03 1.587436e-01 -6.770319e-02 1.959674e-01 1.471040e+00 -1.500665e+00 4.127729e+00 2.870574e+01 988 9.601270e-03
85467 -9.560917e-03 -3.300334e-03 1.459306e-01 -5.464758e-02 -2.151775e-02 5.799640e-01 -3.188637e+00 -1.288379e+00 3.069588e+01 1557 1.319582e-02
48236 -4.118745e-03 -6.535441e-03 9.823451e-02 -2.172725e-02 -5.116345e-02 3.000320e-01 -2.693360e+00 -6.826206e+00 3.086651e+01 876 6.622719e-03
60428 -4.867493e-03 8.170782e-03 1.077960e-01 -1.183208e-01 1.568689e-01 9.114107e-01 -3.325157e+00 4.358131e+00 2.355281e+01 496 4.913630e-03
85490 3.501391e-04 -1.858201e-03 1.296851e-01 -8.258999e-03 1.057924e-02 1.468141e+00 -2.242721e-01 3.240011e-01 3.486741e+01 1661 1.283940e-02
48272 2.662057e-03 9.121619e-03 1.302479e-01 2.987096e-02 1.595026e-01 2.380144e+00 3.955116e-01 2.185954e+00 3.270474e+01 2068 1.567446e-02
72201 2.154800e-04 1.252302e-02 1.258434e-01 -4.133989e-02 1.691762e-01 8.618959e-01 -1.614750e+00 6.087199e+00 2.860139e+01 1290 1.053528e-02
35658 1.055661e-02 -1.225747e-03 1.450191e-01 9.861511e-02 4.353129e-02 7.371626e-01 4.845282e+00 2.462686e+00 3.258177e+01 806 8.057248e-03
60519 1.493899e-02 -2.028947e-05 3.219199e-01 1.244748e+00 4.413355e-01 1.312609e+01 3.395916e+00 1.218732e+00 3.535661e+01 664 1.176240e-02
60531 7.234330e-05 -2.934898e-03 1.073764e-01 8.370565e-03 -2.768427e-02 4.322521e-01 4.427324e-01 -1.320445e+00 1.733299e+01 433 4.990240e-03
96894 1.382587e-03 1.250168e-02 1.396881e-01 3.119959e-03 6.953819e-02 4.167038e-01 1.558968e-01 5.117963e+00 2.485699e+01 896 9.006077e-03
96915 -6.426685e-04 1.539939e-03 1.420200e-01 1.002535e-01 8.597385e-02 5.125094e+00 7.506930e-01 6.282098e-01 3.707534e+01 680 6.229753e-03
48405 1.415201e-03 1.102521e-02 9.162788e-02 3.493582e-02 4.357801e-01 6.545722e-01 1.546476e+00 1.959610e+01 2.597148e+01 815 6.268663e-03
72333 2.561280e-02 2.849525e-03 2.746419e-01 5.390883e-01 6.762752e-02 3.733777e+00 4.020944e+00 5.072661e-01 2.708793e+01 535 1.187408e-02
72357 -5.896169e-03 -1.351228e-02 1.326115e-01 -1.525028e-01 -4.191350e-01 1.445504e+00 -2.322924e+00 -6.426933e+00 2.080227e+01 338 5.798835e-03
60636 8.424542e-03 1.976446e-02 1.346701e-01 6.127767e-02 2.749056e-01 8.511708e-01 2.303177e+00 1.111827e+01 3.122290e+01 2417 1.789471e-02
35826 -3.470136e-03 -7.755264e-04 1.665241e-01 -1.115088e-01 1.832696e-02 2.895603e+00 -1.374404e+00 2.430105e-01 3.471773e+01 1023 9.476337e-03
97018 8.978127e-03 1.420536e-02 2.868855e-01 -1.582968e-02 3.564083e-01 5.115282e+00 -2.054436e-01 2.833923e+00 3.998594e+01 1774 1.767634e-02
60664 9.878090e-03 9.643626e-03 1.309399e-01 3.514859e-02 5.417883e-02 3.298757e-01 2.126564e+00 3.747727e+00 1.674085e+01 838 9.881856e-03
85820 -1.165191e-02 -1.156770e-02 1.769623e-01 -6.864962e-02 -6.815216e-02 9.805390e-01 -2.313366e+00 -2.296594e+00 3.261477e+01 1894 1.597609e-02
22442 5.553079e-03 6.533150e-03 1.077459e-01 7.615050e-02 1.010505e-01 6.505393e-01 3.166080e+00 4.238815e+00 2.434264e+01 821 6.986913e-03
85890 1.161674e-02 1.200628e-02 1.956450e-01 1.294787e-01 1.714868e-01 1.305706e+00 2.305601e+00 3.119736e+00 2.171487e+01 610 1.097489e-02
85893 -3.760100e-03 -4.307864e-03 1.033182e-01 -3.494857e-02 -4.559290e-02 4.618624e-01 -2.523761e+00 -3.340772e+00 2.901328e+01 535 4.689120e-03
85957 -9.259325e-03 -6.001799e-03 1.302417e-01 -2.667134e-02 -2.199827e-02 2.559649e-01 -4.099409e+00 -3.766139e+00 2.959971e+01 404 5.149087e-03
48730 -2.160751e-02 -1.039860e-02 1.741959e-01 -3.326422e-01 -1.381092e-01 1.647169e+00 -5.393862e+00 -2.214715e+00 2.554382e+01 988 1.037601e-02
60850 -9.280406e-03 6.793848e-03 1.199422e-01 -1.582318e-01 1.329655e-01 9.066588e-01 -7.265293e+00 6.154181e+00 3.837309e+01 1426 1.059855e-02
22576 4.287247e-04 4.147219e-03 1.024114e-01 -8.012019e-03 1.755436e-02 3.871125e-01 -7.808279e-01 1.240254e+00 2.633685e+01 769 6.622541e-03
36165 -8.867445e-04 1.702087e-02 1.455118e-01 -1.626525e-02 6.464905e-02 3.716112e-01 -1.903860e+00 5.896374e+00 2.799113e+01 606 6.736418e-03
86093 -4.683905e-03 -1.636556e-04 9.988833e-02 -2.157904e-02 -7.538077e-03 3.697469e-01 -2.089731e+00 -9.121297e-01 3.337835e+01 1432 1.028778e-02
36170 -2.445626e-03 1.223294e-02 1.084212e-01 -1.378162e-02 5.400557e-02 2.493147e-01 -2.998169e+00 1.104812e+01 3.726382e+01 943 7.386526e-03
60986 5.347239e-03 1.005691e-02 1.314128e-01 2.838172e-02 4.045613e-02 3.076404e-01 4.236131e+00 5.590535e+00 3.240894e+01 1401 1.109915e-02
61009 3.745118e-04 1.314920e-03 1.069360e-01 2.297104e-03 6.487546e-02 7.092694e-01 9.527118e-02 3.149647e+00 2.984772e+01 957 7.199073e-03
36340 -1.225215e-03 7.649720e-03 8.665615e-02 -8.285918e-03 3.313994e-02 1.296124e-01 -1.843665e+00 6.655913e+00 1.121658e+01 495 4.532079e-03
49041 -1.666576e-02 -3.779509e-03 1.445545e-01 -8.276252e-02 -1.794557e-02 4.942437e-01 -5.701870e+00 -1.222042e+00 3.016611e+01 855 8.073706e-03
86334 -1.646622e-02 -6.687510e-03 1.648568e-01 -2.913123e-02 -9.322134e-03 2.086906e-01 -5.814013e+00 -1.209453e+00 2.012239e+01 1778 1.673790e-02
86344 6.355511e-03 -4.048818e-03 1.247607e-01 1.078768e-01 -1.014646e-01 1.335347e+00 2.845314e+00 -2.730250e+00 3.392885e+01 803 6.839807e-03
72937 5.632421e-03 8.258137e-03 1.016667e-01 2.222326e-02 6.025272e-02 2.432239e-01 2.239760e+00 7.019258e+00 1.911019e+01 1353 1.047845e-02
61252 -6.635133e-03 -1.315976e-02 1.381805e-01 -1.034332e-01 -1.354338e-01 9.458204e-01 -3.004483e+00 -3.795223e+00 2.506806e+01 432 5.671976e-03
36516 4.232102e-03 -2.684608e-02 2.362011e-01 9.461972e-03 -1.296620e-01 6.955516e-01 3.338778e-01 -6.563828e+00 2.932519e+01 1224 1.460767e-02
73047 -2.066190e-02 -6.803840e-03 1.926443e-01 -4.057568e-01 -2.791822e-02 2.810061e+00 -4.045741e+00 -2.218240e-01 2.749813e+01 1213 1.286771e-02
49265 -2.057168e-02 -4.114672e-03 2.309386e-01 -7.942900e-01 1.268784e-02 4.924323e+00 -4.822663e+00 1.047317e-01 2.925433e+01 516 9.556765e-03
23055 4.127733e-03 8.431495e-03 1.002603e-01 6.515877e-02 1.145732e-01 4.843879e-01 5.812329e+00 1.010848e+01 3.658263e+01 2884 1.976577e-02
23057 -3.760293e-03 -9.719177e-03 1.770159e-01 -9.412971e-03 -3.385556e-02 2.854096e-01 -1.552168e+00 -6.627608e+00 2.976381e+01 574 7.699646e-03
73152 -5.809412e-03 2.406256e-03 9.660647e-02 -4.367434e-02 5.334694e-03 2.492706e-01 -6.715909e+00 5.194021e-01 2.707727e+01 1691 1.210967e-02
61400 1.087639e-02 -6.963040e-03 1.844990e-01 1.424604e-01 -1.349655e-01 2.341755e+00 2.138742e+00 -2.080529e+00 3.506365e+01 1160 1.100293e-02
97786 2.371842e-02 -1.431780e-02 3.302475e-01 3.223161e-01 -2.864027e-01 4.704750e+00 2.244239e+00 -2.044971e+00 3.287845e+01 411 1.146454e-02
36801 1.038558e-02 -1.091602e-02 2.778129e-01 2.455736e-01 -3.630880e-01 6.370497e+00 1.129565e+00 -1.691417e+00 2.926204e+01 563 1.063941e-02
73317 1.304403e-03 2.621936e-03 1.438765e-01 7.560190e-03 -9.685524e-03 8.767581e-01 2.536740e-01 -4.990711e-01 2.971856e+01 1859 1.445900e-02
86808 7.329470e-03 -8.577099e-03 1.261375e-01 1.002522e-01 -1.279872e-01 8.573547e-01 3.656097e+00 -4.698258e+00 2.877014e+01 1900 1.406098e-02
49606 9.006704e-03 -2.457695e-02 1.875610e-01 5.837075e-01 -1.231638e+00 6.309901e+00 3.138430e+00 -6.591735e+00 3.343398e+01 1292 1.168262e-02
23324 -3.479967e-03 -7.553432e-04 9.136686e-02 -3.809888e-02 3.360482e-03 2.489989e-01 -5.351582e+00 6.362469e-01 2.436762e+01 1501 1.065784e-02
23381 -3.246231e-03 -1.152226e-02 1.149960e-01 -2.491548e-02 -1.242363e-01 5.029600e-01 -1.540204e+00 -8.011476e+00 2.757566e+01 1265 9.907988e-03
36999 -6.834220e-03 3.573685e-03 1.179107e-01 -1.081141e-01 3.394845e-02 8.717199e-01 -5.184403e+00 1.554850e+00 3.858665e+01 1543 1.126258e-02
98024 -7.130991e-03 2.979033e-03 1.381562e-01 -2.833112e-01 4.664319e-02 2.634315e+00 -2.523692e+00 3.989963e-01 2.280951e+01 1331 1.180074e-02
61694 -2.271983e-02 5.845616e-03 1.535103e-01 -5.846840e-01 1.454558e-01 2.179199e+00 -1.033366e+01 2.567217e+00 3.724931e+01 900 8.345073e-03
49769 -1.659497e-02 8.962252e-03 1.203915e-01 -1.150793e-01 8.818067e-02 4.430834e-01 -6.107007e+00 4.912328e+00 2.001010e+01 1487 1.243117e-02
73524 -7.814681e-03 3.846635e-03 1.020977e-01 -2.618539e-02 1.597442e-02 2.079878e-01 -4.509609e+00 2.977108e+00 2.599371e+01 543 4.897424e-03
49796 4.261719e-03 6.613306e-04 8.771032e-02 6.143223e-02 -1.299121e-02 2.772571e-01 8.080679e+00 -1.929698e+00 2.679121e+01 1883 1.294904e-02
23513 -4.155003e-03 -2.246195e-03 1.212723e-01 -2.297863e-02 -2.039256e-02 3.016260e-01 -3.002171e+00 -2.894154e+00 2.876452e+01 1795 1.356682e-02
87096 -3.249960e-03 8.514707e-03 1.383282e-01 -9.676240e-02 8.356954e-02 7.688351e-01 -4.105189e+00 3.294902e+00 2.767920e+01 1141 1.031640e-02
61898 1.649543e-03 -1.115494e-02 1.079554e-01 4.073721e-03 -6.929522e-02 3.127100e-01 4.078782e-01 -9.782350e+00 3.445083e+01 1827 1.325134e-02
23685 -3.184106e-03 -1.950323e-03 1.173961e-01 -1.264211e-02 -2.259572e-02 4.146224e-01 -1.443105e+00 -3.150080e+00 4.535085e+01 899 6.637945e-03
37401 -1.943467e-02 1.043845e-02 2.127833e-01 -1.930519e-01 6.274373e-02 1.592474e+00 -3.474223e+00 1.046672e+00 2.760875e+01 490 8.332633e-03
23755 -4.530968e-03 2.142025e-02 3.400475e-01 -4.896805e-02 2.762910e-01 3.239244e+00 -5.198142e-01 2.981416e+00 3.391410e+01 1216 1.611737e-02
87355 -1.366495e-04 3.598916e-03 1.091249e-01 1.292959e-02 8.936380e-02 8.161852e-01 5.399410e-01 3.544094e+00 2.921811e+01 867 7.257382e-03
98433 5.568250e-04 -1.079627e-03 1.020893e-01 1.420024e-02 -5.360741e-02 4.378956e-01 1.327040e+00 -5.109167e+00 3.266254e+01 503 4.249396e-03
62112 -7.595428e-03 2.742604e-03 1.003629e-01 -8.105181e-02 5.670350e-02 4.161774e-01 -5.714924e+00 4.198170e+00 2.457044e+01 438 4.171314e-03
73868 7.044567e-03 -4.170854e-03 1.246236e-01 3.464259e-02 -2.992790e-02 4.599628e-01 2.070637e+00 -1.932512e+00 2.515998e+01 513 5.587020e-03
62157 1.488737e-02 1.916418e-02 1.544379e-01 2.321168e-01 3.293809e-01 1.412347e+00 6.158377e+00 8.794535e+00 3.566127e+01 688 7.058080e-03
87482 5.737660e-03 1.106408e-02 1.221773e-01 1.166966e-01 3.069936e-01 1.539518e+00 2.331137e+00 6.217183e+00 2.977691e+01 1612 1.280783e-02
73963 9.759571e-03 2.727753e-03 1.186825e-01 3.432449e-02 1.278929e-02 2.308400e-01 5.155852e+00 2.111783e+00 2.354038e+01 975 8.429768e-03
98550 -1.455056e-02 6.092841e-03 1.190924e-01 -1.979881e-01 7.048878e-02 6.783966e-01 -9.881333e+00 3.468852e+00 3.012836e+01 1372 1.010275e-02
74027 -3.246625e-03 -3.713973e-03 1.008999e-01 -2.587892e-02 -7.369739e-02 4.214690e-01 -2.092828e+00 -6.471427e+00 2.964330e+01 598 4.991947e-03
62314 -2.616692e-02 1.108241e-02 2.639971e-01 -7.427585e-01 5.920454e-01 6.744276e+00 -2.932138e+00 2.377175e+00 2.651590e+01 485 1.103189e-02
24029 -1.716962e-03 -2.293809e-02 1.387764e-01 -7.062650e-03 -1.073099e-01 3.556476e-01 -5.061066e-01 -7.987958e+00 2.053243e+01 1070 1.056409e-02
74143 5.275684e-03 -4.277452e-03 1.487343e-01 4.222398e-02 -4.165352e-02 7.738114e-01 2.402402e+00 -2.430216e+00 4.064291e+01 2891 2.097244e-02
98801 -1.484525e-02 -2.293157e-02 1.745585e-01 -2.604087e-01 -5.321090e-01 2.697889e+00 -2.660853e+00 -5.517297e+00 2.734207e+01 694 8.659907e-03
74202 1.115611e-02 -1.964258e-02 1.794275e-01 3.165230e-01 -6.433572e-01 3.271858e+00 2.996705e+00 -6.120798e+00 3.034744e+01 792 9.215981e-03
24242 7.087344e-03 1.179926e-03 1.081585e-01 1.877239e-01 -5.900868e-03 1.326356e+00 5.216304e+00 -2.044746e-01 3.517831e+01 763 6.174429e-03
74261 -1.147701e-02 9.705352e-03 1.334834e-01 -2.920285e-01 1.887078e-01 1.764323e+00 -5.668592e+00 3.616776e+00 3.295140e+01 582 5.676987e-03
74354 1.498961e-02 -1.393819e-03 1.235258e-01 1.131164e-01 -7.871150e-03 4.922103e-01 6.879174e+00 -4.540928e-01 2.584660e+01 541 5.816574e-03
24349 3.502325e-03 6.077644e-04 1.281003e-01 5.258118e-02 9.224825e-03 1.289476e+00 1.023812e+00 1.797566e-01 2.422692e+01 825 8.101375e-03
24387 -4.540087e-03 -8.937866e-03 9.768216e-02 -6.151500e-02 -7.633720e-02 3.247105e-01 -6.170356e+00 -7.299316e+00 2.458706e+01 1263 9.364046e-03
24391 -2.232004e-04 -1.799255e-02 2.096451e-01 2.046372e-03 -4.435916e-02 4.627224e-01 2.196968e-01 -2.552313e+00 2.449812e+01 802 1.127308e-02
99065 -9.270352e-03 1.032991e-02 2.990729e-01 -1.537484e-01 1.607489e-01 3.506184e+00 -1.154014e+00 1.201467e+00 2.561670e+01 584 1.376878e-02
99141 -2.736574e-03 -8.067395e-04 1.038464e-01 -3.100250e-02 -1.392414e-02 2.520864e-01 -3.838717e+00 -1.781439e+00 2.013206e+01 528 5.387298e-03
99159 1.484958e-03 2.253726e-02 1.720474e-01 9.093834e-03 3.052855e-01 1.498550e+00 2.431704e-01 9.036289e+00 4.239339e+01 1803 1.417539e-02
99191 -4.130999e-03 -2.656678e-03 1.235597e-01 -4.246138e-02 -2.035877e-02 5.067583e-01 -3.345139e+00 -1.544883e+00 3.344220e+01 1637 1.267220e-02
74622 -3.261962e-03 3.995978e-03 1.355684e-01 -5.645225e-02 2.647748e-02 6.952927e-01 -3.457753e+00 1.461460e+00 3.638613e+01 2795 1.985307e-02
99224 -1.527578e-02 -5.140052e-03 1.331576e-01 -2.503711e-01 -1.007654e-01 1.142105e+00 -9.049711e+00 -3.680981e+00 3.883822e+01 1780 1.313997e-02
74687 2.934595e-03 -2.826827e-03 9.897121e-02 3.344594e-02 -4.438717e-02 4.280280e-01 2.880076e+00 -3.923030e+00 3.106086e+01 1236 9.080126e-03
24689 -3.190145e-03 1.228561e-02 1.131007e-01 -4.135134e-02 1.802836e-01 7.033247e-01 -1.234927e+00 5.436552e+00 1.910012e+01 1082 9.455857e-03
99299 9.564961e-03 7.485792e-03 1.696121e-01 1.016062e-01 6.811596e-02 1.042705e+00 2.628009e+00 1.731144e+00 2.492898e+01 964 1.030881e-02
99417 2.661281e-02 -4.088077e-03 1.461319e-01 7.613040e-01 -1.104547e-01 2.163231e+00 9.042660e+00 -1.309172e+00 2.482668e+01 993 9.615141e-03
74829 1.312940e-02 4.243300e-03 1.465320e-01 1.228772e-01 7.843694e-02 1.145142e+00 3.522228e+00 2.381158e+00 3.204922e+01 606 7.135633e-03
99903 1.647181e-02 1.595538e-02 1.831461e-01 3.990565e-01 3.346146e-01 2.090051e+00 6.639088e+00 5.529773e+00 3.309100e+01 378 5.822764e-03
