/n/home03/calmiller/DSMC_Simulations/5_25_20_cold_second_stage/flow_2.000_gap_0.00300_len_0.02000/data
running....
idx x y z xnext ynext znext vx vy vz collides time
50009 3.941952e-03 6.208349e-04 2.778991e-01 2.631916e-03 2.831771e-03 1.498449e+01 -1.759320e+00 6.485515e-01 2.674279e+01 1193 1.517615e-02
25026 6.596966e-03 -5.500069e-03 1.521569e-01 5.299589e-03 3.441652e-04 6.274502e-01 -3.391588e+00 3.395397e+00 2.660265e+01 3025 2.080543e-02
12527 4.218615e-03 9.702333e-05 2.696847e-01 -5.602860e-03 -1.909399e-03 1.536286e+01 -1.928375e+00 -3.043237e+00 2.644439e+01 1217 1.485400e-02
40 4.192659e-03 6.575032e-04 1.820561e-01 4.986241e-03 -1.016334e-03 1.900161e+00 -1.376049e-01 -1.477197e+00 1.639333e+01 2382 2.116144e-02
68 6.289252e-03 -1.204487e-03 1.171620e-01 1.288676e-02 -2.954850e-04 5.034987e-01 6.334947e-01 7.363423e-01 2.307090e+01 1013 8.043525e-03
37583 1.352091e-02 -5.011193e-03 1.542498e-01 1.322223e-02 -4.339386e-03 7.788212e-01 -5.960251e+00 2.314554e+00 3.563178e+01 2469 1.736615e-02
62572 -4.413588e-03 -5.818164e-03 1.584525e-01 -3.440627e-03 -5.291151e-03 3.803565e+00 -1.786677e+00 -1.394682e+00 3.542106e+01 1260 1.017822e-02
43845 -7.968638e-03 4.330217e-03 1.487300e-01 -7.633936e-03 3.067329e-03 1.021839e+00 3.264009e+00 -2.034655e+00 2.719772e+01 2150 1.572781e-02
93839 -2.196440e-03 9.746823e-03 1.288655e-01 1.586906e-03 -8.079842e-03 1.775896e+00 1.832505e+00 -5.229908e+00 3.199441e+01 2517 1.670595e-02
87601 5.819452e-03 -3.436310e-04 1.653693e-01 5.293309e-03 -4.202586e-04 1.653381e+00 1.416944e+00 2.871083e-02 3.419253e+01 1930 1.422211e-02
75117 -8.202923e-03 4.903791e-04 1.813719e-01 2.382520e-03 1.558274e-03 4.654015e-01 -4.768143e+00 8.554924e-01 2.980244e+01 932 9.140215e-03
25131 3.699461e-03 3.167496e-03 1.221719e-01 -5.332472e-03 -3.271521e-03 3.996092e-01 7.292158e-01 1.055941e+00 2.909049e+01 587 5.124144e-03
25133 -2.620736e-03 -3.313691e-03 1.160759e-01 2.100789e-03 2.637214e-03 3.788377e-01 1.283888e+00 1.662903e+00 3.791903e+01 1200 8.322562e-03
25142 1.017171e-04 -2.122200e-04 1.691813e-01 -1.181380e-03 1.366062e-03 7.050325e-01 6.120090e-01 -7.778292e-01 1.924178e+01 1630 1.542154e-02
62641 -1.049968e-02 -5.060945e-03 1.551295e-01 1.603185e-03 1.713650e-03 5.590573e-01 -6.567993e+00 -2.856208e+00 1.658033e+01 719 9.663625e-03
43901 3.602637e-03 4.441958e-03 1.211184e-01 -1.216659e-03 5.948872e-03 3.929554e-01 2.740983e+00 1.180402e+00 2.167735e+01 2561 1.766637e-02
18927 9.171918e-03 6.286028e-03 2.408925e-01 8.640161e-03 6.227416e-03 2.560750e+00 -6.153045e+00 -7.548379e-01 3.129177e+01 523 8.850014e-03
31443 -7.505180e-03 -1.536297e-03 1.486721e-01 -4.180073e-03 -2.958543e-03 5.457501e-01 3.700585e+00 7.669411e-02 2.339103e+01 911 8.890224e-03
68923 -1.635133e-03 -1.854398e-03 1.286663e-01 -7.739526e-04 -5.959212e-04 4.925927e-01 -1.131993e+00 -1.573299e+00 2.620726e+01 850 7.518013e-03
81463 3.727291e-04 -2.434090e-03 1.689200e-01 2.801687e-03 2.715603e-03 1.163956e+00 1.167677e-02 1.702419e+00 1.592653e+01 1640 1.553062e-02
43949 2.556553e-04 6.410309e-03 3.051638e-01 -4.125237e-03 -6.833398e-03 8.703535e+00 -1.205931e+00 -5.857237e+00 3.508219e+01 1349 1.492045e-02
81474 7.634551e-03 3.451798e-03 1.699822e-01 -7.147776e-03 -2.342528e-03 3.557484e+00 1.680326e+00 1.632289e+00 2.165054e+01 2419 1.906647e-02
75199 -3.332897e-03 6.203773e-03 1.306589e-01 -5.959469e-04 4.767139e-03 3.689702e-01 -2.835183e+00 2.316947e+00 1.743118e+01 699 7.620425e-03
18971 -3.547877e-05 2.143925e-03 2.429615e-01 9.569672e-03 -1.266954e-03 1.543163e+00 2.142690e+00 1.076637e+00 2.390901e+01 576 1.033176e-02
25260 -5.843057e-03 -3.844431e-03 1.296764e-01 6.662657e-03 3.146927e-03 4.360393e-01 -1.165555e+00 -1.384849e+00 3.379975e+01 2084 1.471984e-02
50273 -1.143696e-03 9.928013e-03 3.291324e-01 1.162449e-03 -9.848400e-03 1.499656e+01 7.272353e-02 -1.054835e+00 2.332432e+01 1162 1.809514e-02
75309 1.799520e-04 -5.791431e-04 1.160974e-01 -2.930960e-04 -1.491772e-03 6.050567e-01 -2.344003e-01 -1.517902e-01 2.907898e+01 613 5.501482e-03
44055 -1.254198e-02 -9.202924e-03 1.601778e-01 -1.334658e-02 -7.559387e-03 1.128438e+00 2.701589e+00 3.218220e+00 3.107259e+01 2160 1.552604e-02
12817 9.222995e-03 -3.199020e-03 1.654835e-01 9.031718e-03 4.912468e-03 6.927026e-01 5.131021e+00 -2.150552e+00 2.014447e+01 3207 2.429054e-02
44095 1.044602e-03 -1.687148e-03 1.386089e-01 1.737951e-03 -1.846055e-03 1.211055e+00 -2.006619e+00 2.629458e+00 3.009282e+01 1368 1.057717e-02
62852 9.444333e-04 2.599054e-03 2.959070e-01 -3.264536e-03 -2.943722e-03 1.864229e+01 1.420463e+00 2.405314e+00 2.344712e+01 1693 2.015331e-02
56643 5.695887e-04 -1.535647e-02 1.713921e-01 -2.344474e-03 8.371561e-03 1.683728e+00 5.821311e-01 7.570388e+00 3.025736e+01 4216 2.891478e-02
44174 -7.661277e-03 6.062568e-03 1.677309e-01 -4.987343e-05 3.509367e-03 1.524505e+00 -4.600332e+00 3.715571e+00 1.595549e+01 647 9.931090e-03
94145 1.015702e-03 -5.887190e-03 1.450656e-01 -2.278030e-03 5.390969e-03 2.662513e+00 2.127348e+00 1.412397e+00 2.008754e+01 646 8.061327e-03
94162 1.029613e-03 6.873442e-03 1.706729e-01 -8.248458e-03 -1.828116e-02 1.312710e+00 9.681336e-01 -7.321552e-01 1.449861e+01 882 1.190910e-02
56687 1.108078e-02 5.857457e-04 1.818302e-01 -9.347596e-03 1.334291e-03 4.063950e+00 3.836907e+00 1.129054e+00 3.044203e+01 1138 1.010086e-02
56702 6.798965e-03 4.850270e-05 1.091804e-01 -9.600213e-03 -3.004587e-03 3.849434e-01 4.573191e+00 1.800273e-01 2.422198e+01 2017 1.410335e-02
6703 -1.548012e-04 -2.363177e-03 1.380215e-01 5.293174e-04 1.546768e-03 5.184190e-01 -4.837073e-01 -3.090329e+00 2.826463e+01 1447 1.088097e-02
56705 -2.656959e-03 -8.150089e-03 1.178038e-01 -2.892449e-03 -4.992779e-03 5.018147e-01 1.655667e+00 4.997280e+00 2.061419e+01 819 7.059400e-03
708 -3.120800e-03 -6.806184e-03 1.782602e-01 1.762001e-03 3.290543e-03 4.060363e+00 2.115093e+00 4.546578e+00 1.723870e+01 835 1.124149e-02
25497 2.081216e-03 6.646052e-03 1.623489e-01 4.600267e-03 2.917573e-03 9.485977e-01 -2.716773e-01 3.544144e+00 2.846447e+01 2446 1.792116e-02
716 -1.329392e-04 6.245659e-03 1.641461e-01 -7.831664e-05 6.382711e-03 1.230831e+00 -2.995218e-01 -5.518296e-01 2.410896e+01 583 7.482554e-03
81748 -9.560051e-03 1.952135e-03 2.793235e-01 -8.926754e-03 2.128628e-03 8.820337e+00 2.521245e+00 4.676728e-01 1.646791e+01 946 1.875726e-02
6819 -6.725001e-03 9.672167e-03 1.296341e-01 7.624637e-03 -1.460000e-02 3.645781e-01 -5.546106e-01 -2.091787e+00 2.744642e+01 1728 1.258378e-02
6824 5.129507e-03 -9.216196e-03 2.757105e-01 -4.184309e-03 3.946321e-04 5.088784e+00 2.945789e+00 -5.523615e+00 2.065062e+01 1945 2.159520e-02
31880 1.479633e-02 -6.573131e-03 1.670968e-01 1.451904e-02 -6.126038e-03 9.895864e-01 -1.854578e+00 1.386238e+00 2.724908e+01 1785 1.465721e-02
44398 4.877835e-03 -5.920676e-03 1.128804e-01 -7.032249e-03 7.519435e-03 3.584406e-01 -9.068709e-01 2.548972e-01 2.883545e+01 895 7.009795e-03
897 -5.898143e-03 -1.739477e-02 3.056262e-01 9.685779e-03 2.726360e-02 2.649897e+00 7.831999e-01 2.741003e+00 1.281161e+01 1534 3.100465e-02
38104 5.127644e-03 7.321282e-03 2.157669e-01 -5.197054e-03 -1.135910e-02 2.956457e+00 -2.149248e+00 -2.247618e+00 2.527236e+01 545 9.052729e-03
6881 1.007961e-02 4.462158e-03 1.889114e-01 -1.084144e-02 -1.919620e-03 2.583204e+00 -5.702036e-01 -3.457999e+00 1.548275e+01 5167 4.126554e-02
50634 2.127682e-03 -2.972085e-03 2.688483e-01 -3.836128e-03 4.888254e-03 8.262837e+00 1.959493e-01 -4.251361e-01 2.104693e+01 1684 1.960865e-02
974 -1.135890e-03 -6.603489e-04 1.981383e-01 -2.135408e-04 1.142861e-04 7.713836e+00 -7.435941e-01 -3.903770e-01 3.041129e+01 1920 1.593190e-02
94424 -8.933873e-03 -4.637669e-03 1.455901e-01 2.756089e-03 -2.330842e-03 7.563332e-01 -5.899016e+00 -2.510110e+00 2.287265e+01 466 6.278850e-03
75682 9.632398e-03 5.548902e-03 1.107583e-01 7.386605e-03 3.703634e-03 4.683359e-01 -7.058758e+00 -3.982399e+00 1.850472e+01 583 5.205225e-03
75687 4.544554e-03 8.133536e-03 2.262109e-01 -4.819072e-03 -8.522594e-03 1.566464e+00 3.547524e-02 -1.101749e-01 3.677265e+01 620 7.736869e-03
13222 1.188840e-02 6.760873e-03 2.389284e-01 1.072865e-03 -4.455198e-04 1.900488e+00 -7.300573e+00 -4.055063e+00 1.540320e+01 1191 1.968002e-02
81954 -3.056303e-04 5.459403e-04 2.856132e-01 1.606753e-02 3.258525e-04 1.642769e+01 1.905093e+00 -2.970368e-01 2.779786e+01 819 1.293221e-02
69450 7.795891e-04 -3.402141e-03 2.534411e-01 1.904166e-03 -6.641915e-03 8.844738e+00 7.420712e-01 -3.007264e+00 2.944790e+01 564 9.563499e-03
25749 5.999182e-03 9.515124e-03 2.392723e-01 -1.660387e-03 1.110297e-04 3.943827e+00 3.467423e+00 5.800944e+00 4.381065e+01 1148 1.042268e-02
13280 1.550357e-03 -1.238429e-02 1.928343e-01 -1.031052e-03 1.249320e-02 6.757961e+00 -2.208217e+00 4.089074e-02 3.060690e+01 921 9.641920e-03
13314 -4.200132e-03 6.584820e-04 1.691197e-01 1.301792e-04 2.959308e-03 2.862305e+00 -3.361047e+00 2.236301e+00 1.894045e+01 1003 1.140805e-02
94529 -3.182875e-03 -1.696399e-03 1.260566e-01 2.353009e-03 9.622619e-04 1.929349e+00 1.519099e+00 8.698644e-01 2.817300e+01 732 6.235348e-03
44628 2.150414e-03 -3.777151e-03 3.413358e-01 -1.647800e-03 3.288009e-03 6.044541e+00 9.176776e-01 -1.097685e+00 2.326900e+01 3192 3.073669e-02
44675 -1.842574e-03 -4.181032e-03 1.252862e-01 1.028785e-03 -6.289726e-03 8.863872e-01 1.229128e+00 1.873829e+00 2.324405e+01 1901 1.323898e-02
69595 8.737865e-03 -4.015286e-03 1.418132e-01 -1.823411e-03 4.009957e-03 3.991941e-01 5.241348e+00 -2.406150e+00 2.318116e+01 780 7.927127e-03
50895 -2.537878e-04 -5.946237e-03 1.355903e-01 -2.201831e-04 -1.451224e-03 1.923928e+00 -7.824430e-02 -4.243945e+00 3.089961e+01 1280 9.624968e-03
1400 -1.434334e-02 3.734537e-03 1.416515e-01 -2.683999e-03 4.218910e-03 3.567927e-01 -8.448891e+00 1.561895e+00 1.784114e+01 794 8.846626e-03
1442 -1.667847e-03 -4.143967e-03 1.193828e-01 -1.241746e-03 -2.061549e-03 4.667329e-01 -6.483199e-01 -2.253002e+00 2.590626e+01 963 7.741729e-03
44725 7.436877e-03 4.831555e-03 2.877075e-01 6.889988e-03 1.151457e-03 7.652071e+00 3.897326e+00 2.823689e+00 2.006537e+01 1682 2.148068e-02
32243 -2.754907e-03 -2.796216e-04 2.783072e-01 -6.930755e-03 -1.581773e-02 7.301310e+00 -1.200408e+00 8.834210e-01 1.404065e+01 605 1.791670e-02
82173 -5.344062e-03 -4.545535e-03 2.015177e-01 4.814409e-03 4.577061e-03 7.437321e-01 -1.829639e+00 -1.665584e-01 2.403560e+01 984 1.171219e-02
1478 -1.130784e-03 -1.162631e-02 3.307731e-01 1.141841e-03 1.180122e-02 1.859235e+01 -7.062695e-02 -1.239966e+00 2.305187e+01 4777 3.947880e-02
69685 -1.833130e-03 5.011465e-03 1.319463e-01 4.502396e-04 -6.816948e-03 3.912483e-01 -1.176519e+00 4.944916e-01 2.851555e+01 1562 1.149081e-02
69694 -1.153258e-02 -9.148485e-03 1.655235e-01 7.761134e-03 8.175866e-03 5.872667e+00 5.279302e+00 2.453802e+00 3.372438e+01 737 7.065735e-03
32290 8.868173e-03 5.805512e-03 1.339446e-01 6.411740e-03 2.335455e-03 2.037839e+00 5.280177e+00 6.866314e+00 3.243331e+01 1962 1.334464e-02
82230 9.428488e-03 5.715820e-03 1.507301e-01 -4.869635e-03 -6.356755e-03 3.180763e+00 -4.801255e+00 -1.923914e+00 2.189307e+01 3612 2.499343e-02
32332 -5.897778e-03 3.641061e-03 1.090111e-01 1.487377e-02 -1.757852e-03 4.094940e-01 -2.605480e-01 1.912078e+00 3.031730e+01 720 5.540266e-03
82279 -1.406675e-02 1.418431e-03 1.348140e-01 -1.641880e-02 2.343879e-03 5.166736e-01 1.275637e+00 3.563735e-01 2.373717e+01 3803 2.551878e-02
69764 -5.852225e-03 5.680801e-05 2.745035e-01 1.281789e-02 -1.066213e-03 4.553095e+00 4.495855e+00 -7.997195e-01 2.731362e+01 1605 1.705783e-02
13638 -2.418611e-04 2.418916e-03 1.283584e-01 4.604800e-04 -8.702334e-04 4.013959e-01 -6.540147e-03 1.352183e+00 2.874178e+01 532 5.071006e-03
1725 2.296967e-03 -4.162044e-03 1.221595e-01 1.063345e-03 4.470623e-03 3.936686e-01 -2.315965e+00 9.548235e-01 1.319837e+01 1252 1.108094e-02
1799 -4.411496e-03 -1.059301e-02 1.669645e-01 -4.685380e-03 -1.034348e-02 9.831280e-01 -9.974791e-01 -2.875330e+00 1.905314e+01 1840 1.634853e-02
69865 1.217116e-02 -3.196531e-05 2.005358e-01 -2.342034e-03 -1.652580e-03 2.979601e+00 7.291230e+00 -4.657683e-01 2.817611e+01 2046 1.710798e-02
57421 1.946708e-03 9.534248e-03 1.445910e-01 5.725748e-03 4.546937e-03 5.333096e-01 -6.063598e-02 -5.072177e+00 2.226460e+01 879 8.661540e-03
1814 5.169729e-03 8.937874e-04 1.631912e-01 -1.873092e-03 -3.035981e-03 2.193055e+00 2.988178e+00 3.266188e-01 3.680603e+01 593 6.000322e-03
38639 2.238165e-03 6.341238e-03 1.449674e-01 8.973269e-05 3.013529e-03 1.832730e+00 1.431605e+00 3.316729e+00 2.354798e+01 1398 1.131794e-02
82414 3.211993e-03 3.308149e-03 1.205741e-01 -4.246360e-03 4.084796e-03 4.078233e-01 2.682709e+00 1.377884e+00 2.398648e+01 1841 1.292028e-02
26170 2.181032e-03 -7.071791e-03 1.339496e-01 -1.989231e-03 8.496777e-03 3.744882e-01 5.825567e-01 -3.986024e-01 2.781304e+01 1357 1.045625e-02
63675 2.248412e-03 -3.094973e-03 2.729442e-01 1.453929e-02 8.233882e-03 3.295980e+00 -1.723812e+00 1.646740e+00 1.255420e+01 414 1.737252e-02
69923 -4.435396e-03 -5.503156e-03 2.209099e-01 5.691883e-03 6.540413e-03 3.317358e+00 -3.373011e-01 4.061553e-02 2.814615e+01 909 1.076090e-02
1904 8.178903e-03 -5.310043e-03 1.833030e-01 7.669777e-03 -4.959731e-03 1.886195e+00 -2.045096e+00 1.390906e+00 2.859618e+01 1681 1.417792e-02
57512 -3.451234e-03 2.099169e-03 2.037417e-01 -1.394039e-03 -2.130814e-03 2.505071e+00 -2.647273e+00 7.800678e-01 2.334123e+01 2455 2.057683e-02
32551 1.640026e-03 4.724282e-03 2.987352e-01 -5.056355e-03 1.023959e-03 3.666049e+00 -3.807765e-01 -3.009662e+00 2.013081e+01 1916 2.349973e-02
1980 -1.072162e-02 1.493970e-03 1.324489e-01 -6.471881e-03 6.819064e-04 4.232925e-01 -5.358490e+00 9.167110e-01 2.134339e+01 1938 1.428671e-02
76262 -7.573157e-03 -4.823298e-03 1.394353e-01 -9.765842e-03 -6.997504e-03 5.010596e-01 -1.655361e+00 -1.992543e+00 2.317117e+01 2462 1.776759e-02
26242 7.216118e-04 7.530962e-03 2.241098e-01 1.443285e-03 -7.127083e-03 1.877545e+00 -9.931347e-01 -2.681739e+00 3.323852e+01 1652 1.431287e-02
57606 1.428281e-02 3.507655e-03 1.959834e-01 -1.067846e-02 -2.996398e-03 2.986560e+00 5.557805e+00 1.150536e+00 3.363987e+01 815 8.637331e-03
95083 9.396835e-03 3.651467e-03 1.252023e-01 -1.169304e-02 -5.137592e-03 1.159959e+00 -9.838347e-01 -1.000157e+00 2.727591e+01 1349 9.540802e-03
32660 -1.516660e-02 1.066828e-02 1.372834e-01 -8.966892e-03 6.408555e-03 7.157155e-01 -7.209719e+00 5.017732e+00 2.063760e+01 393 5.770037e-03
82539 4.247847e-03 4.163596e-03 1.836882e-01 -1.130619e-02 -1.064992e-02 1.564039e+00 -4.818441e+00 -4.640293e+00 1.507553e+01 851 1.244274e-02
45109 8.617584e-03 -6.802827e-03 2.630641e-01 -9.295113e-03 6.935316e-03 1.526320e+00 3.055551e+00 -4.272404e-01 1.139405e+01 1605 2.991233e-02
57666 -1.073531e-02 -8.093844e-03 2.558092e-01 -9.357373e-03 -7.069800e-03 5.965368e+00 6.130472e+00 4.560577e+00 3.499654e+01 592 8.955438e-03
95129 1.077039e-02 -1.441520e-03 3.096385e-01 -9.231371e-03 2.011259e-03 1.995156e+01 4.970232e+00 1.526305e+00 1.964192e+01 1082 1.937757e-02
70077 7.266948e-03 3.044569e-03 2.474506e-01 -1.126443e-02 2.007298e-03 3.020457e+00 -4.791237e+00 -1.754173e+00 1.414664e+01 774 1.760958e-02
13917 4.653038e-03 -5.107574e-03 3.496897e-01 9.116491e-03 -8.798705e-03 1.840848e+01 -8.914185e-01 1.252640e+00 2.060772e+01 801 2.044884e-02
76415 6.130655e-03 1.546955e-02 1.728394e-01 -4.703799e-03 -9.519291e-03 2.248034e+00 2.382994e+00 7.141319e+00 2.495467e+01 1789 1.443847e-02
38888 3.415652e-04 4.906728e-03 3.316831e-01 1.364431e-03 4.472871e-03 4.053336e+00 -1.801491e+00 1.219064e+00 2.803752e+01 1487 1.887621e-02
63881 -2.494464e-03 -8.245540e-03 1.317361e-01 9.363605e-04 5.324281e-03 8.469143e-01 -1.542282e+00 -5.198328e+00 2.733259e+01 1786 1.266127e-02
26351 -1.130427e-02 -4.146930e-04 2.546225e-01 -1.635843e-02 -4.503380e-05 5.421641e+00 -4.913027e+00 -2.475969e-01 3.232215e+01 294 7.393789e-03
63887 6.895406e-03 1.301520e-03 1.359212e-01 -3.701839e-03 -3.037220e-03 1.325180e+00 5.083520e+00 1.432526e+00 2.101734e+01 1241 1.028390e-02
20212 -1.192362e-02 -6.786235e-04 3.279855e-01 1.049213e-02 9.361961e-04 2.412090e+00 3.360174e+00 -2.825694e-01 2.180762e+01 1765 2.280373e-02
20226 2.100305e-04 3.005428e-03 2.178753e-01 -3.355504e-03 1.656186e-03 1.074000e+00 -1.704164e+00 -1.477132e+00 2.728932e+01 724 1.003045e-02
51414 9.874766e-03 -1.633988e-02 1.616863e-01 -9.001325e-03 1.581003e-02 3.525769e-01 2.564346e+00 -2.379146e+00 2.419716e+01 889 9.271390e-03
2281 2.325851e-03 -5.472609e-03 2.330348e-01 2.353094e-03 -3.889866e-03 1.388725e+00 3.203197e-01 -2.462745e+00 1.580251e+01 480 1.293647e-02
82659 2.903580e-03 4.560843e-03 1.244904e-01 5.488321e-03 3.849933e-03 4.354601e-01 -1.007743e-01 -1.792002e+00 1.838812e+01 405 5.023723e-03
26384 -3.918760e-03 2.323484e-03 1.357040e-01 6.315678e-03 -1.664454e-03 3.822067e-01 -1.272336e+00 1.140912e+00 2.432377e+01 863 8.035172e-03
82682 2.137738e-04 1.768761e-03 2.769090e-01 2.623863e-03 -6.232422e-03 8.611893e-01 -6.661129e-01 1.508364e-01 2.986770e+01 401 9.584824e-03
76533 3.384409e-04 -7.061582e-04 2.525915e-01 -2.427897e-03 -8.591346e-03 1.592014e+01 -9.244286e-01 -2.017429e+00 2.196936e+01 1458 1.799816e-02
57856 -9.675399e-03 -5.157422e-03 1.584588e-01 -9.865361e-03 -5.896805e-03 1.088107e+00 1.538336e+00 2.685031e-01 3.028679e+01 569 6.647109e-03
95300 -9.133088e-03 -6.408555e-03 1.155759e-01 3.712234e-04 1.249968e-03 5.473651e-01 -5.812662e+00 -4.277507e+00 1.601624e+01 2577 1.803918e-02
82790 -1.691365e-03 -5.837154e-03 2.238583e-01 -3.083495e-03 -7.747925e-04 4.100335e+00 1.769499e-01 3.652197e+00 2.860702e+01 3042 2.376200e-02
70276 -4.914825e-03 -1.037958e-03 1.364587e-01 8.140744e-03 -8.576868e-04 8.864942e-01 -1.613661e+00 -7.976194e-01 1.884818e+01 321 5.679025e-03
2565 1.121798e-03 2.599377e-03 1.323843e-01 -1.329765e-04 -8.868638e-04 7.774750e-01 -7.088554e-01 -1.460739e+00 3.223172e+01 3595 2.289816e-02
7842 5.403383e-03 -3.511072e-03 2.058083e-01 -6.053171e-03 1.422123e-03 5.091320e+00 -2.088516e+00 1.912489e+00 2.475432e+01 1296 1.376503e-02
51587 2.444240e-03 -3.052080e-03 2.389954e-01 -2.517001e-03 2.947759e-03 4.038620e+00 2.774134e-01 6.159710e-01 2.054764e+01 663 1.236453e-02
2627 -7.471456e-04 -4.106559e-03 2.206164e-01 3.129840e-03 -8.069283e-03 1.966350e+00 -7.160721e-01 -1.803304e+00 2.465433e+01 1707 1.644282e-02
14204 5.912277e-03 1.726247e-03 1.312670e-01 -7.102020e-03 -3.376325e-03 4.565157e-01 1.921345e+00 2.063348e-01 3.331611e+01 2168 1.471451e-02
51635 -2.376050e-02 -3.742892e-03 1.763629e-01 1.473532e-02 5.013217e-03 6.519487e-01 1.121231e+01 8.832574e-01 2.370437e+01 1031 1.058192e-02
14235 -1.610795e-03 1.802433e-03 3.481905e-01 -3.457343e-03 3.882507e-03 5.197097e+00 4.255439e+00 -4.794439e+00 2.049972e+01 2369 2.717746e-02
20493 1.953298e-03 1.239553e-02 1.782611e-01 2.326845e-03 1.096477e-02 1.213621e+01 -5.480742e-01 -4.745483e+00 3.488791e+01 1547 1.202339e-02
26610 -7.799468e-04 -1.149276e-03 1.360456e-01 -8.366438e-04 -1.717572e-03 1.752614e+00 -1.819599e-01 -2.111177e+00 2.716905e+01 612 6.213220e-03
14255 5.117081e-03 -1.245218e-03 1.716555e-01 1.927556e-03 2.104211e-03 3.391285e+00 -3.045166e+00 7.753517e-01 3.000710e+01 618 7.144714e-03
7923 -1.530211e-03 3.217235e-03 3.018048e-01 -3.147123e-03 1.117194e-03 3.508447e-01 -5.594259e-02 -1.815214e+00 2.367024e+01 2237 2.253361e-02
76715 -4.068118e-03 6.718469e-04 1.150969e-01 4.675540e-03 -3.480548e-03 3.648033e-01 -2.208652e+00 2.259621e-01 2.306995e+01 3718 2.414928e-02
95469 3.216045e-03 -4.437596e-04 2.043837e-01 -2.086066e-03 -8.615960e-04 5.237170e-01 -1.884386e+00 2.855451e-01 1.713593e+01 991 1.315199e-02
14306 -2.739706e-03 1.361034e-03 1.364132e-01 -2.785999e-03 2.497211e-04 7.646475e-01 3.260970e+00 -1.114056e+00 3.076241e+01 922 7.192250e-03
89286 8.722676e-03 1.710841e-02 1.697267e-01 4.418967e-03 2.884770e-03 2.326820e+00 -4.927792e+00 -1.011276e+01 2.789640e+01 849 8.535403e-03
33113 -2.071125e-03 6.582154e-03 1.511776e-01 -1.846513e-03 6.193305e-04 2.303695e+00 -1.181621e+00 3.933504e+00 2.522181e+01 397 5.209184e-03
33126 2.296702e-03 -1.542895e-02 1.356750e-01 2.724105e-03 -1.694449e-02 2.070683e+00 1.769296e+00 -5.998669e+00 3.253865e+01 3044 2.050425e-02
45614 5.947271e-03 2.975971e-03 1.120853e-01 -8.525223e-03 -7.172469e-03 3.743748e-01 9.938711e-01 -5.714935e-01 2.783219e+01 950 6.910113e-03
58131 1.125032e-03 -8.122151e-03 3.352742e-01 2.235975e-03 -5.232418e-03 4.839082e+00 -1.998515e-01 -3.641221e+00 2.360683e+01 1707 2.169759e-02
51784 2.860672e-03 6.009039e-03 1.393521e-01 -2.352758e-03 -3.628940e-03 8.302791e-01 1.174431e+00 2.880287e+00 2.830228e+01 2649 1.775848e-02
51791 -7.909293e-04 1.181138e-04 1.467669e-01 -1.142797e-03 -3.228931e-04 5.414274e-01 -7.276974e-01 -9.928005e-01 2.587529e+01 1615 1.236003e-02
70511 2.039285e-03 2.058643e-03 1.166282e-01 2.366214e-03 4.477662e-03 4.788448e-01 6.696261e-02 2.355796e+00 2.309965e+01 574 5.047045e-03
76850 1.226543e-02 -9.515808e-04 1.519877e-01 -9.446637e-03 2.588930e-03 5.762767e-01 -4.927201e+00 -3.695439e-01 2.089204e+01 3576 2.585674e-02
76866 -2.847447e-03 -2.043666e-04 1.413746e-01 -3.456715e-03 3.211578e-04 3.105320e+00 -1.517074e+00 1.465513e+00 2.217771e+01 2555 1.845753e-02
89399 -3.831176e-04 -1.156546e-02 1.297948e-01 -3.670796e-03 1.734799e-02 2.489418e+00 -7.248344e-01 -4.766143e+00 3.388954e+01 1724 1.191577e-02
83086 6.885197e-03 4.181101e-03 1.645189e-01 -2.800249e-03 2.562874e-03 2.105135e+00 -3.906925e+00 -4.529596e+00 2.985632e+01 516 6.116617e-03
83092 -1.812650e-02 3.675042e-03 1.916764e-01 -1.799384e-02 4.203383e-03 1.843062e+01 -2.248830e+00 -3.215892e-01 2.867217e+01 790 8.998016e-03
33264 6.351342e-03 -4.763813e-03 1.213002e-01 -7.023946e-03 8.364894e-03 3.968126e-01 3.434107e+00 -2.403697e+00 2.550974e+01 758 6.312443e-03
20697 2.530027e-03 1.234507e-02 1.427708e-01 -1.136047e-03 -1.600345e-03 1.068007e+00 1.520142e+00 7.410056e+00 2.271255e+01 2135 1.589940e-02
95662 2.113077e-04 1.056092e-02 2.132693e-01 5.904959e-04 1.263711e-02 6.030053e+00 -4.765678e-01 -1.481193e+00 2.462416e+01 2164 1.846838e-02
14499 1.414384e-03 7.117652e-03 3.078881e-01 -7.279032e-03 3.761993e-03 1.334114e+01 3.464257e-01 -5.042922e+00 2.565005e+01 2669 2.580118e-02
20759 -2.159924e-04 -4.378567e-03 2.256359e-01 1.918463e-03 -4.546667e-03 1.797789e+00 1.283330e-01 2.630134e+00 1.464194e+01 1274 1.880961e-02
33339 3.488437e-03 -2.957542e-04 1.750091e-01 -1.029872e-03 -2.754933e-03 1.237062e+00 2.016304e+00 -1.094629e+00 2.710304e+01 833 8.607339e-03
76999 4.315198e-03 1.189501e-03 2.745976e-01 1.054232e-02 1.025104e-02 2.520359e+00 -1.906009e+00 -4.155847e+00 3.102903e+01 2153 1.973482e-02
51947 -6.484304e-03 -3.618972e-03 1.729593e-01 1.295292e-03 1.658795e-04 3.769128e+00 -3.807218e+00 -2.178947e+00 2.786567e+01 1103 1.038039e-02
83196 4.581424e-04 -2.053579e-03 2.104111e-01 -2.167872e-05 2.332264e-03 3.406511e+01 1.259543e+00 6.686760e-01 3.385469e+01 1595 1.361826e-02
3211 9.744521e-03 -9.898587e-03 2.127750e-01 -8.649628e-03 1.005974e-02 9.301187e-01 -2.613021e+00 1.419782e+00 3.376981e+01 691 8.400254e-03
70697 4.715616e-04 -9.804663e-04 1.894009e-01 3.467297e-03 9.266127e-03 6.401639e-01 8.864137e-01 3.903732e+00 1.421977e+01 429 1.013429e-02
20820 -5.149716e-03 1.036365e-04 1.174888e-01 6.051390e-03 -2.316103e-03 4.729982e-01 -3.662851e+00 2.710315e-01 3.064872e+01 1187 8.587680e-03
51978 -8.752159e-03 3.665015e-03 1.720889e-01 -8.461978e-03 3.060321e-03 5.134355e-01 -1.520114e+00 1.198966e+00 2.440673e+01 742 8.869488e-03
64535 3.389095e-03 -1.643295e-03 2.465016e-01 4.567950e-03 -3.151233e-04 3.527626e+00 2.882885e+00 -1.073305e+00 2.549796e+01 665 1.129175e-02
70750 -2.509679e-03 -2.429137e-03 1.155951e-01 1.453030e-03 1.443791e-04 3.696266e-01 -1.207334e+00 -1.637095e+00 2.698761e+01 2179 1.453086e-02
20904 3.048165e-03 4.056087e-04 2.217168e-01 -1.094795e-03 1.758689e-03 1.936051e+00 -2.880262e+00 5.609930e-01 2.814691e+01 445 7.637784e-03
58402 -1.155461e-02 -6.444615e-03 1.976342e-01 -8.738641e-03 -4.738261e-03 5.421382e-01 5.515896e+00 3.284037e+00 2.230144e+01 819 1.046968e-02
58411 -1.818154e-04 -8.217529e-04 2.211534e-01 -7.450855e-05 -7.820117e-04 1.714342e+00 -1.270454e+00 -4.810148e-01 1.682029e+01 723 1.306174e-02
20926 -6.774667e-03 -9.154140e-03 1.678205e-01 2.070114e-03 5.804654e-03 3.618190e-01 4.500675e+00 4.192944e+00 3.231000e+01 2142 1.557004e-02
8308 -7.038245e-03 3.612909e-03 2.576787e-01 5.638487e-03 -1.601481e-03 2.437077e+01 -2.486251e+00 2.557461e+00 3.573417e+01 2438 1.980911e-02
8315 2.377462e-03 -5.446208e-03 2.149801e-01 -4.297525e-03 -4.003153e-03 2.690898e+00 4.398027e+00 -2.159092e+00 1.534019e+01 2002 2.205248e-02
70864 -1.485970e-03 2.926092e-03 1.339453e-01 3.408339e-03 -1.708695e-03 8.016345e-01 -2.883057e-01 1.506989e+00 1.679956e+01 1011 9.975790e-03
52158 -8.573780e-03 -4.435940e-03 1.260515e-01 9.816606e-03 4.440156e-03 1.238600e+00 3.369337e+00 -2.226131e-01 2.133095e+01 2335 1.628410e-02
14773 2.470007e-04 9.705350e-03 1.471984e-01 2.339254e-03 -5.907932e-03 4.880506e-01 -6.169397e-01 -4.921362e+00 1.744480e+01 2832 2.125422e-02
14823 -1.872686e-03 -3.515362e-04 2.942315e-01 2.339986e-03 8.419864e-05 2.150639e+01 1.534394e+00 2.308466e-01 2.461365e+01 565 1.244174e-02
21069 7.948468e-03 -7.149186e-05 1.254102e-01 6.100830e-03 -2.497786e-03 3.573588e-01 2.998035e+00 1.389979e+00 1.741215e+01 2023 1.517576e-02
52207 -2.414405e-03 2.902178e-03 1.015624e-01 -1.683815e-03 2.351993e-03 3.728981e-01 -2.128962e+00 1.668371e+00 1.878496e+01 697 5.583467e-03
52212 6.666837e-03 -2.265205e-03 2.885577e-01 1.060392e-02 -5.342466e-03 1.564555e+01 1.064739e+00 -1.488649e+00 2.299642e+01 730 1.405355e-02
33621 7.884312e-03 1.635956e-02 1.452286e-01 -9.570936e-03 -1.494415e-02 4.167456e-01 2.654273e+00 6.757503e+00 2.760894e+01 5867 3.846460e-02
83509 4.922542e-03 -5.901553e-04 2.084429e-01 -1.084413e-04 2.291025e-03 4.998560e+00 3.106647e+00 1.445183e-01 3.030845e+01 1593 1.438953e-02
27242 2.496280e-04 5.531367e-04 1.603942e-01 3.363641e-03 -1.067546e-03 1.134332e+00 -1.639966e+00 1.026317e+00 1.688421e+01 1698 1.562976e-02
89819 -5.501686e-03 8.095171e-03 1.717711e-01 -1.294935e-03 3.631989e-03 1.053286e+00 3.217416e+00 -4.305447e+00 2.748402e+01 1786 1.408756e-02
8486 2.566549e-03 -1.017676e-03 2.447650e-01 5.235422e-03 2.194998e-04 1.438489e+00 -3.122725e+00 -1.719132e+00 2.732947e+01 2642 2.233142e-02
58631 -9.982993e-03 -6.800281e-03 1.935116e-01 -1.002832e-02 -7.950004e-03 5.549408e-01 -4.846956e-01 2.673866e+00 2.502934e+01 2034 1.680751e-02
58635 1.229861e-03 -1.638084e-04 1.769856e-01 1.486968e-03 -1.051239e-03 1.430806e+00 -3.124399e-01 1.470460e+00 2.859730e+01 1248 1.089409e-02
77344 -9.252492e-04 1.505772e-03 3.025112e-01 -1.941661e-03 4.806601e-03 7.335378e+00 2.415981e-01 -1.195632e+00 2.989334e+01 600 1.111589e-02
64858 -2.118758e-03 6.228544e-03 1.125905e-01 1.679219e-03 -9.021184e-03 5.063050e-01 -1.428107e+00 4.552855e+00 3.399085e+01 431 3.608058e-03
33732 4.662996e-03 -9.848447e-03 1.638145e-01 -3.529777e-03 6.767379e-03 3.310972e+00 -1.799145e+00 4.392555e+00 3.306383e+01 420 5.407299e-03
8528 2.406709e-03 1.129391e-02 3.080458e-01 -2.241757e-03 -1.048437e-02 1.337564e+00 6.209999e-01 3.019151e+00 1.973419e+01 1445 2.177813e-02
64902 -2.625205e-03 3.557613e-03 1.960235e-01 -2.807009e-03 3.125985e-03 8.051761e+00 -2.305231e+00 2.970442e+00 3.001640e+01 3158 2.246235e-02
46185 -2.194882e-03 -2.951563e-03 1.276419e-01 5.084356e-03 -1.305346e-03 5.314482e-01 -2.328697e+00 -1.598344e+00 1.501065e+01 1158 1.062293e-02
27364 3.626185e-03 -3.279935e-03 1.689341e-01 4.419015e-04 1.146235e-03 1.294795e+00 2.180332e+00 -1.956833e+00 2.768187e+01 1606 1.309734e-02
46200 2.075445e-04 -4.212335e-04 1.334793e-01 7.223742e-04 -3.426110e-03 8.810857e-01 -2.211995e-01 7.045791e-01 2.197253e+01 1774 1.306087e-02
52394 1.632130e-02 2.800797e-03 1.725476e-01 1.616015e-02 3.866252e-03 6.556040e+00 -2.828745e+00 5.388140e-01 3.298501e+01 2344 1.739316e-02
21300 -1.020505e-02 1.707216e-02 3.254907e-01 1.074493e-02 -1.749845e-02 2.441991e+01 9.356081e-01 -2.179429e-01 2.409442e+01 1431 1.928362e-02
3974 -1.138793e-03 1.276649e-02 1.361745e-01 -6.191110e-03 1.639339e-02 3.563447e-01 -2.059269e+00 1.162283e+01 8.875735e+00 3261 4.214617e-02
39996 2.501837e-03 1.157112e-02 1.335080e-01 -4.296287e-03 -1.274217e-02 3.617936e-01 -5.613737e-01 1.896049e+00 2.593750e+01 831 7.108115e-03
46296 -3.174575e-03 -1.333754e-02 1.358497e-01 -3.337198e-03 -1.511850e-02 4.828949e-01 -1.179757e-01 -2.888179e+00 2.273804e+01 287 4.848582e-03
65017 2.900771e-03 -1.055890e-03 2.339097e-01 8.372948e-03 -1.477238e-02 2.717425e+00 2.861630e+00 -2.563962e+00 2.177100e+01 976 1.298409e-02
33905 4.590356e-03 -2.641653e-04 2.695362e-01 1.597402e-03 -2.570656e-03 9.453871e-01 2.556239e+00 4.813581e-01 2.485985e+01 1192 1.583800e-02
58828 6.493983e-03 4.801160e-03 1.943244e-01 -9.946097e-03 -7.991637e-03 3.589138e+00 1.284641e+00 1.426186e+00 2.200385e+01 1399 1.440762e-02
71258 7.938312e-03 -3.959687e-03 1.136558e-01 1.181332e-04 6.816222e-04 4.157140e-01 6.228028e+00 -3.503369e+00 2.282956e+01 666 6.185432e-03
96247 1.563877e-03 -1.747149e-03 2.102607e-01 -4.320081e-04 -7.799937e-03 1.845331e+00 -1.007933e+00 1.070827e-01 1.532336e+01 822 1.417320e-02
27552 -1.210462e-03 -1.130676e-02 1.834402e-01 -3.418725e-03 -1.173043e-02 1.215183e+00 -1.415317e+00 1.924480e+00 3.346213e+01 4222 2.934970e-02
8750 -3.217303e-03 -2.799750e-03 1.716759e-01 -4.989345e-03 3.632206e-03 3.033820e+00 -6.150551e-01 5.201219e+00 1.372136e+01 1995 1.930403e-02
90079 -3.229070e-03 -6.440107e-03 1.850205e-01 -4.406616e-03 -1.633092e-04 1.095195e+00 -1.575336e+00 -3.882983e+00 3.449226e+01 449 5.814689e-03
58902 1.472092e-03 5.482963e-05 2.001482e-01 -5.538995e-04 7.055882e-03 6.246545e-01 -8.909410e-01 6.263129e-02 2.302492e+01 611 9.414819e-03
77666 -1.953123e-03 6.767962e-03 1.264131e-01 6.062482e-04 7.030645e-03 7.032411e-01 1.131094e+00 -4.672200e+00 3.041646e+01 894 7.352938e-03
71372 4.863392e-03 -3.420622e-03 1.298521e-01 -3.447792e-03 3.236405e-03 7.955106e-01 2.973576e+00 -2.104309e+00 2.559742e+01 836 7.172203e-03
40226 -8.239060e-03 9.759510e-04 1.953228e-01 5.123325e-03 -1.278601e-04 3.138949e+00 -3.848262e+00 7.628423e-01 2.071961e+01 1606 1.579557e-02
52703 4.381710e-04 -3.868860e-03 2.190957e-01 -1.488389e-04 5.243898e-03 1.085299e+01 -2.459423e-01 1.454393e+00 2.092518e+01 3530 2.858929e-02
90221 6.612884e-03 6.046027e-04 3.134134e-01 1.654308e-02 7.971590e-04 1.100444e+01 -3.477956e+00 -3.393369e-01 1.595748e+01 568 1.971744e-02
40253 -3.372933e-03 -8.931808e-04 1.237982e-01 2.054940e-03 -2.678049e-04 3.848287e-01 -1.567041e+00 -7.944654e-01 2.855252e+01 588 5.397542e-03
83987 -3.638559e-03 -3.584840e-03 1.433025e-01 -2.988048e-03 -1.410231e-03 6.061420e-01 -1.222105e+00 -2.251735e+00 3.428536e+01 1727 1.249758e-02
65283 1.474541e-03 -5.280701e-03 1.836002e-01 -3.001951e-03 -8.488349e-04 4.107192e-01 3.794660e-01 -3.439390e+00 2.234432e+01 1597 1.545637e-02
15356 1.179238e-02 7.521071e-03 1.815806e-01 -8.032947e-03 -5.007799e-03 3.670099e-01 -5.272422e+00 -3.403161e+00 3.479737e+01 4174 2.776300e-02
8948 4.332794e-03 -1.034145e-03 3.156527e-01 2.338890e-03 -1.610919e-03 1.713540e+00 -2.214459e+00 -9.439002e-02 2.302772e+01 1297 1.918078e-02
52770 1.850026e-03 6.773764e-03 2.004529e-01 -1.950609e-03 -2.463457e-03 1.724481e+00 3.252828e-01 4.399094e+00 2.867970e+01 629 8.239424e-03
27768 3.786107e-03 1.771422e-04 2.983449e-01 1.705843e-03 -3.919824e-03 3.443396e+00 2.409221e+00 -1.774554e-01 1.669141e+01 1811 2.523992e-02
15396 -2.652247e-03 4.756919e-03 2.654124e-01 -1.591106e-03 3.019689e-03 7.571218e+00 1.259885e+00 -2.200767e+00 2.719616e+01 1974 1.907367e-02
34193 -6.079213e-03 -1.104341e-02 2.112928e-01 6.811577e-03 6.304465e-03 2.429797e+00 -9.318121e-01 -5.494022e+00 3.260271e+01 787 9.232097e-03
15423 3.104919e-03 1.082435e-02 1.631711e-01 2.016201e-03 1.028003e-02 1.785838e+00 -1.570302e+00 -2.220339e+00 2.696201e+01 1434 1.189221e-02
77871 3.641471e-04 4.461532e-03 3.405508e-01 -7.343622e-04 -3.958494e-03 5.828011e+00 1.253974e-02 -1.656580e+00 1.819747e+01 1308 2.270429e-02
84083 3.320705e-03 3.191930e-03 1.265889e-01 2.215857e-03 6.457860e-03 1.584797e+00 -2.940350e+00 -4.212092e+00 4.184789e+01 1113 7.737240e-03
21720 -5.911267e-04 6.910634e-03 1.718147e-01 5.871933e-04 -2.321232e-03 1.675192e+00 -3.668627e-01 4.195878e+00 2.701505e+01 784 8.426010e-03
15493 1.798824e-03 8.314194e-03 1.304727e-01 1.690635e-03 7.606307e-03 6.179779e-01 4.889861e-01 3.050631e+00 3.351062e+01 1367 9.927679e-03
90420 7.134797e-04 -2.702211e-03 1.311272e-01 6.021122e-05 2.343076e-03 6.526210e-01 6.296458e-01 -8.565563e-01 2.202659e+01 1222 9.835296e-03
96610 -7.039686e-03 -2.440432e-03 1.725011e-01 5.247795e-03 5.569747e-03 1.466467e+00 2.791435e+00 -9.136676e-01 2.578703e+01 816 9.130260e-03
52917 3.364922e-04 4.142408e-03 1.256118e-01 -9.477158e-04 3.805064e-03 4.482781e-01 -1.094050e+00 -1.046775e+00 2.022292e+01 1600 1.225398e-02
71630 1.660025e-03 -8.600478e-03 1.246668e-01 1.953241e-03 1.234326e-02 3.971526e-01 1.113920e+00 -4.460173e+00 2.526526e+01 572 5.550034e-03
9143 -6.373770e-04 -7.988923e-03 1.636114e-01 -6.297609e-03 -2.097218e-02 1.208654e+00 -1.716616e+00 -9.415525e+00 1.242953e+01 2195 1.958856e-02
52966 6.352996e-03 -1.975963e-02 1.949537e-01 3.919200e-03 -4.917920e-03 4.975974e-01 3.731903e+00 -1.175907e+01 2.696619e+01 402 7.029759e-03
59258 1.543192e-03 3.378680e-03 2.567869e-01 -1.819683e-03 2.033957e-03 1.080457e+00 -8.827665e-01 -2.077477e+00 2.462017e+01 1791 1.857274e-02
9165 -7.681900e-03 1.462351e-02 1.680045e-01 3.549055e-03 -1.323785e-02 6.047877e-01 4.028419e+00 -5.709126e+00 2.187060e+01 2547 1.994704e-02
59266 3.381678e-03 -6.661406e-03 1.227105e-01 3.340504e-03 -6.247429e-03 5.440435e-01 3.781261e-01 -3.190197e+00 2.871360e+01 2989 1.972079e-02
27975 3.771735e-03 -1.089060e-04 2.326927e-01 -5.526754e-03 -7.690122e-03 6.706085e-01 -2.083323e+00 3.194477e-01 2.342402e+01 2305 2.134348e-02
53041 6.311043e-03 -5.282533e-03 1.413874e-01 -7.251496e-03 1.579087e-03 4.656750e-01 4.600462e+00 -3.376942e+00 2.776033e+01 834 7.252959e-03
53045 -1.487027e-03 1.571211e-02 1.915438e-01 2.077770e-03 -1.310278e-02 1.916461e+00 1.012418e-01 -5.526886e+00 2.654004e+01 671 8.259077e-03
34406 -1.182312e-03 3.842825e-03 2.042601e-01 -3.082234e-03 -1.459647e-02 1.012327e+00 1.394146e+00 6.446528e-01 1.641884e+01 1977 2.052044e-02
4843 7.252366e-03 -1.733189e-03 2.635083e-01 1.006043e-02 -6.220107e-04 1.081893e+00 -1.173361e+01 1.778174e+00 2.303559e+01 2556 2.315399e-02
46874 2.586942e-03 -4.109225e-03 1.431468e-01 1.603059e-03 -3.733272e-03 7.393423e-01 1.310055e+00 -1.045149e+00 2.088056e+01 2297 1.749150e-02
59328 -1.523020e-03 -1.238487e-04 1.194299e-01 1.727494e-03 -1.278187e-03 4.208991e-01 -1.239088e+00 1.409976e-01 2.510684e+01 1861 1.310922e-02
34469 -1.205645e-02 1.314008e-02 1.327714e-01 -1.526322e-02 1.296659e-02 4.528947e-01 -4.295903e-01 -2.552372e+00 2.009430e+01 1290 1.115152e-02
21968 -3.387187e-03 7.086624e-04 2.394375e-01 -5.262747e-03 -1.149153e-03 3.779217e+00 2.680643e+00 3.060754e+00 2.667928e+01 954 1.234466e-02
53164 -6.056131e-03 1.302385e-02 3.031132e-01 6.458424e-03 -1.226806e-02 2.173793e+01 7.866278e-01 2.887698e+00 2.143481e+01 954 1.766236e-02
96783 -2.665455e-03 6.316949e-03 1.079176e-01 -2.625696e-03 4.651805e-03 4.117636e-01 -2.675559e-01 4.946859e+00 2.103000e+01 682 5.676649e-03
5038 3.161646e-03 1.654525e-02 1.996156e-01 3.394453e-04 7.201236e-03 1.397400e+01 -2.118946e+00 -8.891197e+00 3.193064e+01 1438 1.284462e-02
40708 9.671262e-03 2.545566e-03 1.447006e-01 -4.506568e-03 1.306244e-03 1.024185e+00 5.755863e+00 1.541345e+00 2.162612e+01 992 9.184657e-03
90676 1.027326e-03 3.796394e-03 2.853732e-01 -8.154205e-05 1.658581e-03 1.895590e+01 -9.089214e-01 -2.180859e+00 3.398322e+01 910 1.198123e-02
53243 -3.006966e-03 -1.714440e-03 1.718124e-01 -2.851345e-03 -1.375295e-03 4.847834e-01 7.475256e-01 5.979109e-01 1.012025e+01 985 2.078184e-02
5099 1.755724e-03 8.683590e-03 1.585190e-01 4.026891e-04 -6.799307e-03 2.791432e+00 1.291991e+00 3.699232e+00 2.673232e+01 451 6.179580e-03
9330 -1.557227e-04 9.331949e-03 1.842956e-01 -2.412653e-03 -6.370172e-03 1.470593e+00 1.495747e+00 -3.979125e+00 2.556215e+01 2928 2.153638e-02
78251 3.855918e-03 -2.514380e-03 1.401895e-01 3.167957e-03 6.341074e-04 8.748738e-01 -2.578263e+00 1.469625e+00 3.878476e+01 794 6.343022e-03
53299 7.655413e-03 -5.755442e-03 1.807995e-01 -2.447329e-03 -2.241522e-03 1.815067e+00 -4.436760e+00 3.648580e+00 2.579243e+01 939 9.770138e-03
5222 -1.526394e-03 1.909544e-03 3.361071e-01 -1.824239e-02 -1.305370e-02 3.317829e+00 -8.499580e+00 -3.937923e+00 3.577117e+01 959 1.326340e-02
34622 -1.419907e-03 -6.622985e-03 3.129664e-01 1.799955e-04 1.737339e-02 1.068863e+01 -8.616141e-01 -3.123927e-01 2.728988e+01 1178 1.607148e-02
15857 2.686772e-03 2.151251e-03 1.097472e-01 -8.256725e-03 -6.737450e-04 3.760859e-01 -1.854010e+00 1.297904e+00 2.914312e+01 1410 9.892094e-03
9429 -9.342798e-04 -1.175316e-02 1.242067e-01 -7.042413e-04 -1.220653e-02 5.879727e-01 7.037916e-01 -6.015049e-01 1.547403e+01 2737 1.942312e-02
34635 2.908027e-04 -4.251001e-03 1.283134e-01 -7.346931e-03 6.841212e-03 3.762708e-01 5.470552e-02 -2.439800e+00 2.250753e+01 624 5.906623e-03
34648 -5.664191e-03 7.870504e-03 1.586097e-01 -5.327710e-03 7.243696e-03 1.479641e+00 -1.360686e+00 2.396788e+00 2.994450e+01 1803 1.369808e-02
97006 4.316801e-04 1.120126e-03 2.327371e-01 5.474031e-04 1.323268e-02 8.448833e-01 1.468787e-01 -2.400839e+00 2.257904e+01 1049 1.313154e-02
65888 2.908316e-03 -7.773899e-04 1.160842e-01 5.079081e-03 -1.421653e-03 4.091941e-01 1.097747e+00 -3.424998e-01 1.831808e+01 1470 1.099348e-02
65897 -8.504613e-03 1.584667e-03 1.733210e-01 -4.100605e-04 -5.530142e-04 1.712610e+00 5.324429e+00 -1.137011e+00 2.492010e+01 891 9.367592e-03
34760 -1.888368e-04 -4.544664e-03 2.077617e-01 -8.971463e-05 4.953197e-03 3.961058e-01 -7.762673e-01 8.520780e-01 2.425225e+01 965 1.107506e-02
65914 -7.462535e-03 8.282312e-03 1.306054e-01 3.362703e-03 -8.638976e-03 4.671080e-01 -4.748269e+00 5.625384e+00 2.924618e+01 605 5.698232e-03
40981 -1.961711e-04 1.861996e-03 1.824609e-01 1.099867e-03 3.629228e-04 3.656673e+00 -6.400644e-01 1.212826e+00 2.156233e+01 1956 1.681826e-02
22318 7.469367e-04 -4.172691e-03 1.085876e-01 -3.260331e-03 6.752942e-03 3.635739e-01 -1.196253e+00 3.707796e-01 2.848397e+01 418 3.815408e-03
34798 1.538151e-02 1.013786e-03 1.405449e-01 -1.549981e-03 3.073087e-03 1.867910e+00 -9.221597e+00 -1.051706e+00 2.200445e+01 2855 2.049402e-02
65947 8.753024e-03 -4.709430e-03 1.914667e-01 4.497010e-03 -2.730033e-03 1.795139e+00 -4.423707e+00 2.256891e+00 3.459270e+01 482 6.237549e-03
78563 2.850007e-03 -3.263158e-03 2.043918e-01 -1.051384e-02 -2.057248e-03 1.502760e+00 -6.961048e+00 1.484457e+00 1.712803e+01 704 1.230539e-02
9648 -5.581180e-03 -8.182139e-03 1.507100e-01 -2.181051e-03 -6.279236e-03 5.104883e-01 -3.109016e+00 -3.276725e+00 2.781552e+01 1486 1.159924e-02
41100 -4.755136e-03 -5.263569e-04 1.990605e-01 -4.850790e-03 -4.524324e-04 1.535070e+00 6.054375e-02 -2.624718e-01 3.028352e+01 1920 1.577952e-02
84858 1.200876e-02 -2.976499e-03 1.671113e-01 -9.021834e-03 3.966743e-03 7.523417e-01 4.627529e+00 -1.011461e-01 2.473800e+01 993 9.787080e-03
91016 -1.950652e-03 -1.559692e-03 1.303327e-01 -1.588080e-03 2.893949e-03 3.539081e-01 -1.682163e+00 -2.509720e-01 2.281328e+01 1025 8.771844e-03
28557 3.089705e-03 3.699566e-03 3.011845e-01 -3.119259e-03 -3.898382e-03 1.465120e+01 4.446197e-01 3.165468e+00 3.524051e+01 743 1.141810e-02
16150 -4.040626e-03 1.600656e-03 1.727913e-01 2.756488e-03 2.677392e-04 1.093838e+00 4.685852e+00 -1.126071e+00 2.002065e+01 940 1.061776e-02
41151 6.590643e-03 -8.527117e-03 1.582844e-01 -6.657286e-03 8.124640e-03 3.018661e+00 1.613863e+00 -2.359036e+00 2.540040e+01 3582 2.486383e-02
9745 4.429155e-04 1.473494e-03 3.387665e-01 1.671420e-03 2.540248e-02 7.410285e-01 -1.445080e-01 9.782289e-01 1.222044e+01 1962 3.103229e-02
97248 -3.499348e-03 6.836529e-03 1.278989e-01 3.432911e-03 -5.639908e-03 5.408945e-01 4.336518e-01 -2.763496e+00 1.906041e+01 1304 1.103001e-02
5816 6.002189e-03 2.249329e-03 9.769426e-02 -1.498288e-02 -1.171270e-02 3.544744e-01 1.154766e+00 -6.131601e-01 2.517042e+01 1160 7.912659e-03
5873 -3.345906e-05 3.912219e-03 1.453515e-01 -1.802240e-03 6.964670e-04 1.915761e+00 6.097217e-01 -2.864931e+00 2.232717e+01 443 6.379883e-03
28653 1.429400e-03 -8.669828e-03 1.326185e-01 -2.828356e-03 3.186389e-04 4.038523e-01 1.074103e+00 -5.259059e+00 2.354994e+01 882 8.054000e-03
5889 1.481399e-02 7.493582e-03 1.611778e-01 -9.851907e-03 -5.108418e-03 2.042291e+00 6.476323e+00 3.214412e+00 1.920744e+01 1341 1.286840e-02
47446 5.307307e-03 1.057004e-02 1.688029e-01 3.457135e-03 7.879728e-03 1.600728e+00 -3.035646e+00 -4.765235e+00 1.914383e+01 393 7.763498e-03
91185 -4.236174e-03 -3.724140e-03 1.151698e-01 4.093957e-03 1.044406e-03 7.617242e-01 -2.315199e+00 -2.182789e+00 2.525785e+01 1184 8.658291e-03
5945 3.966945e-03 3.470124e-03 2.123860e-01 5.234442e-03 3.241328e-03 1.207028e+00 6.270761e-01 1.127299e+00 3.578981e+01 1375 1.184383e-02
5951 -2.498859e-04 -6.717098e-03 1.358248e-01 -8.841911e-04 5.786003e-03 7.139068e-01 1.652481e+00 2.082186e+00 2.684288e+01 2276 1.587751e-02
9850 5.007470e-03 6.831728e-03 1.749406e-01 3.478166e-03 2.559050e-03 6.991841e-01 -2.363902e+00 -5.558065e+00 1.718203e+01 1486 1.491043e-02
59928 2.628500e-03 4.676738e-03 1.231307e-01 1.985585e-03 4.236448e-03 3.980723e-01 1.233528e+00 1.156394e+00 1.943081e+01 5189 3.337958e-02
47488 1.300680e-03 8.117446e-03 1.759087e-01 1.325782e-03 -6.770640e-04 1.458619e+00 -5.104671e-01 -5.377727e+00 2.078712e+01 3114 2.330812e-02
35115 -6.150372e-04 2.770904e-03 2.995405e-01 1.062449e-03 1.265181e-03 4.697632e+00 -1.171148e+00 1.567200e+00 2.301487e+01 875 1.537085e-02
16350 2.564805e-03 -3.700389e-03 2.046633e-01 1.082778e-03 5.131366e-03 1.531776e+00 -1.712968e+00 1.587601e+00 2.084951e+01 4907 3.595519e-02
97383 1.484860e-03 -3.083993e-03 2.340284e-01 3.823091e-03 -5.937285e-03 8.928802e-01 -3.139981e+00 3.688230e+00 2.277213e+01 1880 1.886786e-02
16402 -9.680572e-03 -4.379300e-03 1.228799e-01 1.383656e-02 7.442997e-03 7.817673e-01 -2.077492e+00 -5.613829e-01 2.700952e+01 1742 1.214331e-02
35186 6.478680e-03 5.383772e-04 2.316368e-01 9.838940e-04 -2.508718e-03 2.363477e+00 -4.057338e+00 -4.253176e-02 1.974164e+01 1019 1.550007e-02
59991 -2.899967e-03 2.155716e-04 1.135771e-01 -2.961117e-03 7.369280e-05 6.144578e-01 -5.844315e-01 -1.466713e+00 3.360146e+01 420 3.957574e-03
66253 -5.257139e-03 5.456987e-03 2.123715e-01 -2.806474e-03 3.179061e-03 4.178001e+00 2.639601e+00 -2.608192e+00 2.938472e+01 871 1.000415e-02
85144 7.258258e-03 -3.218285e-03 1.366252e-01 -2.646099e-03 7.424051e-03 9.528217e-01 -4.065853e+00 8.305155e-01 1.667085e+01 1708 1.451759e-02
85157 2.827598e-03 1.103079e-02 3.032422e-01 -3.515622e-04 8.311289e-04 7.661189e+00 -1.685301e+00 -6.666353e+00 2.231408e+01 1098 1.702650e-02
91361 -5.413086e-03 5.559015e-03 1.585738e-01 -5.317454e-03 5.499212e-03 5.725150e-01 5.881950e-01 -5.044354e-01 2.724772e+01 1590 1.271978e-02
60103 -7.376813e-03 -1.837895e-03 1.775369e-01 -2.208600e-05 -5.505136e-03 1.207222e+00 -6.257079e+00 -4.936831e+00 1.512728e+01 2048 1.934253e-02
60120 -8.561059e-04 4.629819e-03 1.572842e-01 -1.359249e-03 6.988288e-03 6.792186e-01 -4.267499e-01 2.331728e+00 1.986078e+01 865 9.558048e-03
72550 -1.392487e-03 8.472416e-03 1.981807e-01 2.718408e-03 -9.608515e-03 1.021973e+00 1.561437e-01 -2.874186e+00 2.374910e+01 1933 1.782849e-02
72564 1.194284e-02 5.633959e-03 1.259687e-01 -1.310243e-02 -5.866038e-03 6.410035e-01 -3.149945e+00 -4.665294e-01 2.286847e+01 791 7.125607e-03
72565 -1.750790e-02 1.075253e-02 1.757602e-01 1.296255e-02 -1.107801e-02 2.042049e+00 -8.083871e+00 4.209018e+00 3.436215e+01 1177 1.030915e-02
35358 -4.131455e-03 -1.135833e-02 1.749742e-01 9.435879e-04 1.112078e-03 9.776290e-01 -2.465457e+00 -7.239074e+00 2.045742e+01 1434 1.397390e-02
22877 -7.769732e-04 -6.422704e-04 3.476476e-01 5.068481e-04 3.328853e-04 2.791164e+01 -8.080337e-01 -9.111662e-01 2.756399e+01 1537 2.021298e-02
47750 -1.251046e-02 -7.981640e-03 1.629027e-01 -1.053558e-04 -2.690339e-04 2.162176e+00 -8.126872e+00 -5.130035e+00 3.514921e+01 2369 1.663670e-02
41595 -3.157655e-03 7.674121e-04 2.355946e-01 2.909375e-03 -4.427818e-03 4.208427e-01 -1.110594e+00 -1.131525e+00 1.971573e+01 3371 2.888518e-02
10096 -3.313567e-03 1.422837e-03 2.611979e-01 8.072046e-03 -5.961762e-03 1.378651e+01 2.475386e+00 -1.211070e+00 2.748535e+01 717 1.117758e-02
66406 -6.882151e-03 -8.663892e-03 1.685471e-01 -6.618283e-03 -8.042488e-03 1.179958e+00 -1.432281e+00 -3.096260e+00 3.440613e+01 1602 1.270696e-02
79067 -8.041124e-03 1.043473e-02 1.591853e-01 -7.774399e-03 1.053273e-02 1.260442e+00 1.545427e+00 1.056208e-01 2.467048e+01 356 5.797072e-03
85365 -1.822616e-03 -4.942789e-03 1.226999e-01 1.499874e-03 4.765653e-03 3.587911e-01 2.232406e+00 1.320800e+00 3.253063e+01 611 5.196701e-03
41624 -6.373886e-03 4.021089e-04 1.642702e-01 5.029047e-03 3.652099e-03 3.077291e+00 3.524053e+00 -4.732362e-01 2.377435e+01 708 8.509526e-03
97702 -3.058740e-03 3.655984e-03 1.906967e-01 2.029295e-03 -1.168195e-03 1.086229e+00 2.010173e+00 -2.302606e+00 2.723261e+01 1054 1.119706e-02
16698 3.136536e-03 -4.545638e-04 2.073432e-01 -1.235345e-03 -1.276375e-03 4.457402e-01 6.629996e+00 1.130281e+00 1.686829e+01 1096 1.525159e-02
72674 -4.093947e-03 -2.973018e-03 2.843806e-01 3.786617e-03 2.237397e-03 5.272785e+00 2.795590e+00 6.564659e+00 1.271444e+01 1635 2.566361e-02
97745 1.622849e-03 -7.401709e-03 1.274195e-01 -3.929593e-03 5.143558e-03 3.774556e-01 2.186357e-01 -3.606790e+00 2.487958e+01 854 7.429106e-03
66517 1.035177e-02 -2.707649e-03 1.358869e-01 -1.027828e-02 2.732622e-03 9.505419e-01 -1.951480e+00 -6.232224e-01 2.202661e+01 1431 1.205533e-02
72698 1.447086e-04 -1.140778e-02 1.418430e-01 1.141676e-03 8.991921e-03 4.443694e-01 1.964142e-01 -6.060396e+00 2.857534e+01 352 4.591577e-03
66521 -3.295252e-03 1.318656e-02 1.341331e-01 -2.526366e-03 4.867251e-03 6.479887e-01 -1.334625e+00 7.421519e+00 1.855776e+01 4420 3.010532e-02
47915 3.865451e-03 -4.689980e-04 2.083171e-01 3.615010e-03 -2.898095e-04 9.159914e+00 1.154157e+00 -7.310204e-01 2.419420e+01 1561 1.512914e-02
54190 6.793095e-03 -5.825069e-03 1.143088e-01 1.825847e-03 -1.782881e-03 5.123606e-01 6.470126e+00 -5.307100e+00 2.853664e+01 2378 1.575772e-02
10328 3.464181e-03 9.807495e-03 1.831389e-01 -6.535327e-03 -1.151636e-02 2.645531e+00 1.583402e+00 -6.958527e-01 1.975343e+01 2458 2.050513e-02
29115 4.860049e-04 3.528449e-03 2.160518e-01 -2.096646e-03 -3.201160e-03 2.636941e+00 2.815049e-01 2.101697e+00 2.109750e+01 615 1.094314e-02
60435 2.958550e-03 5.870165e-03 1.125038e-01 -7.874550e-03 -1.147858e-02 3.915268e-01 4.160426e-01 1.576740e+00 2.747443e+01 757 5.747884e-03
54248 -1.063384e-02 -3.073919e-03 2.911488e-01 -5.287952e-03 -6.554150e-04 1.885957e+00 5.568695e+00 1.805839e+00 2.081916e+01 1382 1.899764e-02
60494 -3.171955e-03 1.050253e-02 2.246016e-01 -1.901394e-03 8.471226e-03 3.315940e+00 2.440187e+00 -4.420916e+00 2.965319e+01 634 9.336387e-03
79335 3.618681e-03 2.634141e-03 2.033933e-01 -3.870295e-04 -1.491717e-03 6.649830e+00 -2.180340e+00 -1.376754e+00 2.668526e+01 422 7.619611e-03
97966 3.941710e-03 4.111505e-03 2.167203e-01 2.880850e-03 -1.710550e-03 2.878053e+00 3.764685e+00 2.223244e+00 2.707296e+01 1319 1.324556e-02
85789 -7.722232e-03 -1.274852e-02 1.492930e-01 -5.381399e-03 -1.087988e-02 5.387936e-01 -4.072012e+00 -4.025377e+00 2.763870e+01 678 6.787225e-03
66742 -2.026445e-03 7.791320e-06 2.657694e-01 -1.474072e-04 1.600717e-03 1.224141e+00 -1.262650e+00 -3.800477e-01 2.284987e+01 1302 1.666416e-02
48160 -2.441608e-04 3.281552e-03 2.456880e-01 -6.752489e-03 -5.211196e-03 1.563683e+01 -2.005693e+00 -3.880788e+00 2.588666e+01 1175 1.349361e-02
29386 -2.122631e-03 3.888011e-03 1.593031e-01 -2.391626e-03 3.278633e-03 1.421467e+00 -1.077993e-01 -1.277125e+00 4.159658e+01 756 6.620883e-03
10640 -7.635750e-03 2.697264e-03 1.291169e-01 2.483888e-03 -2.361230e-03 4.279490e-01 -4.775479e+00 1.788115e+00 2.602395e+01 427 4.443903e-03
98155 1.190389e-02 1.365354e-02 1.723298e-01 8.433830e-03 6.498639e-03 4.238879e-01 6.908045e+00 8.014122e+00 2.232951e+01 1301 1.222138e-02
60715 8.341987e-03 8.347502e-03 1.793135e-01 7.497464e-03 7.708283e-03 1.583002e+00 -2.779626e+00 -2.227042e+00 1.886265e+01 771 1.032389e-02
10682 1.313466e-03 -7.552390e-03 1.222417e-01 -9.185914e-04 2.654600e-03 5.302599e-01 -5.712338e-01 4.280148e+00 2.016863e+01 1095 9.014670e-03
23378 -4.619250e-03 -4.014566e-03 1.909045e-01 3.839633e-03 1.423441e-03 1.732873e+00 -1.566578e+00 -2.486803e+00 2.892634e+01 1287 1.158723e-02
54587 -2.782868e-03 -8.018363e-04 2.297580e-01 -7.073653e-03 -5.861438e-03 4.037389e+00 1.976326e+00 7.332558e-01 1.802223e+01 893 1.415122e-02
60791 1.285473e-03 -5.737378e-03 1.742609e-01 -7.908972e-03 3.449862e-03 4.620047e-01 -2.817511e+00 4.564724e+00 1.668009e+01 2877 2.360373e-02
86069 8.844071e-03 -6.411749e-04 2.373304e-01 -6.634250e-03 6.128800e-04 1.726831e+00 -5.385328e+00 3.919757e-01 3.098872e+01 1311 1.347888e-02
79634 1.927003e-02 -5.808557e-04 1.771349e-01 1.224787e-02 -6.410108e-04 4.142700e+00 -8.768179e+00 1.504125e-01 2.934142e+01 1223 1.112481e-02
60843 -3.779362e-03 -1.776377e-03 1.087954e-01 1.183986e-02 1.949934e-03 4.881791e-01 -2.007271e+00 -1.023339e+00 3.453791e+01 1331 9.388341e-03
48399 -8.148979e-03 2.493564e-03 3.013757e-01 1.076334e-02 -1.146765e-02 2.204568e+00 -1.806346e+00 -2.323844e+00 1.487428e+01 3671 3.806140e-02
54715 1.310387e-03 8.838906e-04 2.585239e-01 2.192335e-02 1.103064e-02 1.495816e+01 8.428914e+00 4.077862e+00 2.603519e+01 760 1.272248e-02
23577 3.573429e-04 -1.428320e-03 1.984121e-01 1.896702e-04 6.528215e-03 3.080237e+00 -2.159754e-01 8.036012e-01 1.729231e+01 969 1.311965e-02
60911 8.808081e-03 -5.885775e-03 1.750323e-01 -4.330835e-03 -1.308104e-04 6.723550e-01 4.648239e+00 -4.701724e+00 2.088635e+01 2737 2.095013e-02
42353 -5.915734e-03 -5.451927e-04 1.224204e-01 3.301205e-03 4.118471e-04 6.560146e-01 -3.430235e+00 -3.120528e-01 2.075685e+01 1647 1.218709e-02
17344 -5.191595e-03 1.829429e-03 1.168932e-01 1.336400e-02 -9.146115e-04 4.567076e-01 2.690203e-01 9.435011e-01 3.482744e+01 1816 1.227888e-02
73285 -2.234666e-03 4.872264e-03 2.302878e-01 -7.867342e-03 3.260176e-03 1.005613e+01 -1.293496e+00 2.903855e+00 2.916094e+01 1189 1.271914e-02
73317 7.032043e-03 -2.966210e-03 1.167320e-01 4.878992e-03 -2.324308e-03 4.709982e-01 4.382303e+00 -1.387442e+00 2.487259e+01 1429 1.009974e-02
42397 8.054484e-04 -9.845219e-04 2.635576e-01 -3.923131e-04 8.098292e-03 3.275482e+00 9.398182e-01 -5.962860e+00 2.572465e+01 1174 1.420966e-02
36168 2.667928e-03 -3.770423e-03 2.015190e-01 3.390678e-03 1.381736e-02 3.734788e+00 -3.215942e+00 -2.755110e+00 1.928886e+01 737 1.124411e-02
29681 -3.084189e-03 -3.033509e-03 3.127930e-01 2.825442e-03 1.611179e-03 8.750294e+00 -2.335233e+00 -2.117485e+00 2.498243e+01 765 1.500005e-02
79780 3.775408e-03 -6.543729e-03 2.439450e-01 -4.853386e-03 1.259891e-02 6.209500e+00 2.903337e+00 -5.548257e+00 2.034941e+01 326 1.075548e-02
54876 5.121849e-04 -2.981980e-03 2.315507e-01 1.190513e-03 -2.652651e-03 6.725326e-01 -2.459988e+00 -1.338866e+00 3.033384e+01 2592 2.064232e-02
79790 -1.252205e-03 1.855420e-03 2.431142e-01 -2.313668e-03 -1.001685e-02 1.575643e+00 1.094022e+00 2.701568e-01 1.232405e+01 872 2.176972e-02
29714 -1.476043e-03 1.107317e-05 2.758902e-01 -1.276924e-03 4.076303e-05 4.597877e+00 2.760733e+00 4.088823e-01 2.651879e+01 1644 1.763262e-02
67215 -3.247043e-03 8.879306e-04 1.728867e-01 -1.711643e-03 1.278235e-03 1.972998e+00 2.210669e+00 -7.104619e-01 2.294448e+01 1970 1.648390e-02
67227 -4.662312e-03 -3.180979e-03 1.506187e-01 3.595075e-03 1.901902e-03 8.499037e-01 1.809449e+00 1.809962e+00 3.282262e+01 1413 1.086973e-02
98506 -1.164659e-02 -4.403671e-03 2.944713e-01 1.042843e-03 1.475097e-03 5.293830e-01 -6.954673e+00 -2.567944e+00 2.176707e+01 858 1.622052e-02
92272 -6.169042e-03 -4.925910e-03 2.885969e-01 -7.930237e-03 -6.993429e-03 1.772836e+01 1.297991e+00 7.838127e-01 2.348932e+01 1158 1.590537e-02
48555 -3.339863e-03 -1.883624e-03 1.904663e-01 -6.579578e-03 2.784091e-03 1.382673e+00 5.749824e+00 7.765750e-02 1.494659e+01 1660 1.816850e-02
61095 1.179565e-04 -3.534725e-03 3.355567e-01 -3.798922e-04 3.703659e-03 2.708157e+01 -7.331906e-01 2.730346e-01 2.674601e+01 1610 1.964872e-02
79861 1.791164e-03 5.320930e-03 1.167821e-01 -1.386388e-03 -2.437138e-03 4.466983e-01 1.548373e+00 4.139439e+00 2.648276e+01 1316 9.886322e-03
36286 -4.268193e-03 3.255493e-03 1.271295e-01 3.946826e-03 -2.997691e-03 7.782297e-01 1.583598e+00 -1.264143e+00 2.960932e+01 514 4.630923e-03
86394 -5.340973e-03 1.748692e-03 2.730508e-01 5.532724e-04 -9.350767e-04 1.045844e+00 4.297834e+00 -9.173884e-01 1.183821e+01 3295 3.745315e-02
23800 1.651116e-02 -8.552218e-03 1.724665e-01 -1.644315e-02 8.154825e-03 4.279998e+00 -1.231037e+00 1.558354e+00 2.648122e+01 1224 1.144345e-02
17555 5.414579e-03 -7.096496e-04 3.006099e-01 -5.085524e-03 1.990136e-03 7.253802e+00 2.904909e+00 -2.862657e-01 2.649059e+01 476 1.213122e-02
92377 -5.070260e-03 6.054304e-03 2.257972e-01 6.520935e-03 -5.090933e-03 2.369161e+01 2.965343e+00 -3.572817e+00 3.032277e+01 911 1.058723e-02
86474 -4.204695e-03 -1.189187e-03 3.216442e-01 2.065834e-02 -8.792989e-04 2.586028e+00 -5.148673e+00 -6.165891e-01 3.188354e+01 543 1.063340e-02
79948 -3.259818e-03 -7.957977e-03 1.198929e-01 2.131205e-03 2.356026e-03 3.590569e-01 -2.447586e+00 -5.430038e+00 1.975506e+01 1574 1.139366e-02
86489 6.427749e-03 -1.205757e-02 1.705071e-01 1.589784e-03 -9.962123e-03 3.570599e-01 4.077365e+00 -8.394095e+00 1.772321e+01 811 1.059865e-02
79977 -2.787549e-03 3.917005e-03 1.536646e-01 2.570679e-03 -4.035739e-03 2.191473e+00 7.371169e-01 -7.402570e-01 2.542007e+01 783 8.266668e-03
98638 -1.279268e-03 -2.631994e-03 1.887864e-01 1.662362e-03 1.028176e-03 1.169479e+00 1.239151e+00 1.951562e+00 3.058287e+01 488 6.757850e-03
11129 4.281877e-03 3.584367e-03 1.693837e-01 3.344176e-03 1.287179e-03 2.120637e+00 -1.975410e+00 -4.172621e+00 1.638817e+01 542 9.429866e-03
61226 8.992716e-04 -2.050740e-02 1.334054e-01 5.209389e-03 8.737781e-03 1.498995e+00 -8.595590e-02 -1.358093e+01 2.430078e+01 501 5.446096e-03
17711 7.665445e-03 3.852877e-03 1.864015e-01 -7.249458e-03 -4.206930e-03 4.058261e-01 -1.434577e+00 2.750057e-01 3.203315e+01 946 9.166263e-03
36470 -8.160987e-04 -1.585287e-02 1.795557e-01 1.915767e-03 -1.506493e-02 5.152728e+00 -1.399714e+00 -5.100977e+00 2.420289e+01 1799 1.494539e-02
23954 -1.351174e-03 1.384409e-02 1.582224e-01 1.577820e-03 -1.541578e-02 3.986052e-01 -3.099417e-01 3.493388e+00 2.596336e+01 1106 1.024324e-02
55214 1.237054e-02 3.485164e-04 1.113096e-01 4.862323e-03 -1.784104e-05 7.802325e-01 8.065239e+00 3.427678e-01 1.548060e+01 1694 1.287941e-02
11231 -4.282734e-03 1.090972e-03 1.201022e-01 4.768217e-03 -1.105867e-03 8.132290e-01 3.454493e+00 -8.442287e-02 3.101101e+01 926 7.542463e-03
17778 -3.087485e-03 -2.161168e-03 1.454556e-01 2.607490e-03 -1.992396e-03 8.760987e-01 -1.171310e+00 -2.272529e+00 1.873288e+01 881 1.009306e-02
30047 -3.828265e-03 1.141078e-02 1.214704e-01 -1.311670e-03 -1.297630e-03 3.606264e-01 -2.167540e+00 8.303927e+00 1.876309e+01 737 7.017837e-03
55275 -3.438285e-03 -4.908718e-03 3.352668e-01 1.609465e-03 1.161510e-03 4.449648e+00 1.929441e+00 2.864667e+00 2.461679e+01 1123 1.796382e-02
80098 -5.789068e-03 1.797376e-03 1.379967e-01 -5.759647e-03 2.327023e-03 1.219571e+00 3.981678e-01 1.533041e+00 2.416818e+01 1541 1.146418e-02
61411 3.059318e-04 1.829194e-03 2.010245e-01 4.016711e-03 -9.210169e-03 8.702105e-01 6.831981e-01 -2.126112e-02 1.670528e+01 1066 1.387588e-02
92619 -1.006302e-02 -2.826054e-03 1.405937e-01 1.041171e-02 1.270066e-03 4.404233e-01 -3.726691e+00 -1.496833e+00 3.071220e+01 2913 1.992315e-02
80124 -7.191085e-03 1.203606e-03 2.462160e-01 -8.965067e-03 1.894221e-03 1.120842e+00 -2.903090e+00 1.261332e+00 1.946688e+01 3980 3.279936e-02
80132 -5.780564e-03 1.560843e-02 2.240446e-01 5.891743e-03 -1.829693e-02 8.375704e+00 8.826274e-01 -2.347730e-01 2.986622e+01 1316 1.326734e-02
67566 1.406713e-03 -3.439287e-03 2.637674e-01 2.388932e-03 -2.353329e-03 1.263148e+01 4.848039e-01 -1.746859e+00 2.046461e+01 988 1.510771e-02
61518 -8.231158e-04 -2.748283e-03 2.743900e-01 1.299168e-03 1.850961e-03 8.090213e-01 -1.810043e+00 -4.107987e+00 1.236071e+01 4002 3.981480e-02
80253 2.524801e-03 -1.418178e-03 1.264035e-01 1.618917e-04 -1.648587e-03 5.112044e-01 2.702102e+00 -4.059731e-04 2.780063e+01 1101 8.415410e-03
73838 1.050679e-02 -1.235360e-03 2.477185e-01 -1.177141e-04 2.103839e-03 1.009578e+01 -8.818086e+00 2.279803e+00 3.151759e+01 1970 1.756865e-02
80264 -4.378620e-03 -7.941207e-03 1.536782e-01 3.803174e-03 5.232648e-03 8.696004e-01 -1.958510e+00 -3.905145e+00 2.883977e+01 917 8.341827e-03
80267 -3.661012e-03 -4.072362e-03 1.442137e-01 3.903790e-03 4.744853e-03 4.985292e-01 4.356297e-01 1.373438e-01 1.676260e+01 618 8.456054e-03
61610 6.375904e-03 1.088120e-03 1.071104e-01 6.377026e-03 1.088137e-03 3.898571e-01 2.795913e+00 4.113341e-02 1.909159e+01 732 6.096165e-03
73914 3.754006e-03 -2.312078e-03 1.301457e-01 7.584214e-04 2.361355e-04 5.463780e-01 2.726318e+00 -2.116495e+00 3.106549e+01 870 7.195806e-03
67653 3.151605e-03 -3.279763e-03 1.275986e-01 -2.907890e-03 2.592747e-03 8.652808e-01 -7.551472e-01 1.695807e+00 3.392506e+01 483 4.486329e-03
86871 -7.955259e-03 1.278563e-03 1.374196e-01 6.525360e-04 1.673393e-03 6.843754e-01 5.462229e+00 -1.621704e+00 2.688209e+01 718 6.478264e-03
99096 7.951605e-03 -6.557233e-03 1.794311e-01 -2.996297e-04 -3.345252e-04 1.006409e+00 5.021444e+00 -4.280761e+00 2.093030e+01 410 8.114510e-03
43025 8.521680e-03 1.366302e-02 1.696388e-01 4.081082e-03 1.928001e-03 1.609439e+00 5.166585e+00 8.224229e+00 2.595896e+01 787 9.174738e-03
86935 8.286863e-03 5.632664e-03 2.058265e-01 -5.970118e-03 -6.069475e-03 2.859276e+00 3.378448e+00 1.253004e+00 3.887315e+01 879 8.527236e-03
30405 -7.091670e-03 -5.055625e-03 1.911844e-01 8.110291e-03 8.416313e-03 6.352747e-01 2.088036e+00 6.023201e-01 2.210270e+01 1080 1.183198e-02
11542 -1.072582e-02 9.918331e-04 3.404284e-01 -7.919321e-03 3.321655e-03 5.667966e+00 4.234995e+00 1.571940e+00 2.106032e+01 597 1.637786e-02
11555 4.850015e-03 -1.625311e-04 1.874651e-01 3.317648e-03 -2.530328e-03 1.240709e+00 2.401057e+00 3.804639e-01 1.476361e+01 3367 3.430322e-02
92896 8.610177e-03 -4.661087e-03 1.274990e-01 3.670720e-03 -1.314718e-04 4.540914e-01 5.058698e+00 -3.897530e+00 2.436670e+01 1165 9.378559e-03
55656 -3.534973e-03 6.057272e-03 1.280727e-01 3.971779e-03 -7.555903e-03 4.089877e-01 -9.379365e-01 1.311933e+00 3.006243e+01 1865 1.282701e-02
67770 -4.125869e-03 1.345665e-02 1.765777e-01 1.951858e-03 -1.204954e-02 2.952993e+00 2.499207e+00 -3.668078e+00 2.919490e+01 477 6.258611e-03
74102 1.616303e-03 -1.222683e-02 2.428285e-01 -1.416428e-03 9.144144e-03 2.618126e+00 5.315536e-01 -7.173069e+00 2.898687e+01 2190 1.886250e-02
11610 -1.900583e-03 -5.535271e-04 1.788877e-01 5.890820e-03 6.730366e-04 3.810680e+00 -2.873968e+00 -5.482850e-01 2.491680e+01 2131 1.753488e-02
67795 -1.049013e-02 2.433018e-03 1.361631e-01 -5.205859e-03 6.890089e-03 1.296763e+00 6.995783e+00 -2.281537e+00 2.380224e+01 702 6.715898e-03
49251 1.555251e-03 -4.121620e-03 2.317470e-01 -3.221388e-03 -7.117389e-03 9.310545e-01 1.379680e+00 -1.579026e+00 2.625885e+01 1427 1.495712e-02
49256 3.665592e-03 -6.886695e-03 1.328023e-01 4.080042e-03 -5.630799e-03 8.243006e-01 -3.191538e-01 -2.732779e+00 2.382685e+01 3018 2.017259e-02
18160 -5.611412e-04 -9.011967e-03 1.159267e-01 -1.354882e-03 -1.364930e-02 6.006954e-01 -5.198375e-01 -1.947635e+00 3.035081e+01 641 5.201526e-03
80493 -3.414183e-04 4.989720e-03 1.291437e-01 -1.105905e-03 3.473769e-03 4.848450e-01 -1.547969e-01 -2.202890e+00 2.107245e+01 783 7.537792e-03
55747 -2.722270e-03 2.615292e-03 2.651426e-01 3.004138e-03 -2.686721e-03 9.252724e+00 9.672920e-01 -1.630486e-01 1.810621e+01 510 1.359947e-02
80504 -6.721807e-03 1.154442e-02 1.760595e-01 -5.565962e-03 9.741503e-03 2.130742e+00 2.188482e+00 -3.613855e+00 3.236527e+01 952 8.945074e-03
49291 -2.148321e-04 -1.620616e-03 2.514847e-01 6.471327e-05 -1.230954e-03 8.505434e+00 2.771838e+00 3.885638e+00 2.063692e+01 725 1.393638e-02
37015 -1.132922e-03 -2.127639e-03 1.828106e-01 -1.019978e-03 -2.613053e-04 2.482731e+00 3.862056e-01 1.434000e+00 3.030686e+01 1066 1.017040e-02
80515 1.122720e-02 2.064550e-03 3.290944e-01 2.313006e-03 -3.523482e-03 4.662985e+00 6.780842e+00 2.479523e+00 2.469341e+01 776 1.543546e-02
99282 -6.129978e-03 1.333019e-03 2.407929e-01 2.927393e-03 -4.652661e-03 2.258154e+00 -3.990829e+00 1.245465e+00 2.007745e+01 2341 2.249782e-02
49308 -5.605702e-03 -3.307390e-03 1.199764e-01 8.207432e-04 4.685060e-03 8.791353e-01 -3.527859e+00 -2.608719e+00 2.854541e+01 1317 9.176117e-03
37067 -3.352450e-03 -1.314273e-03 1.225166e-01 3.407441e-03 1.851362e-03 3.601545e-01 1.894385e-02 1.726742e+00 3.084984e+01 1335 9.860926e-03
18272 8.168166e-03 1.648346e-04 1.928666e-01 -4.028945e-03 -1.038543e-03 2.130723e+00 -5.930683e+00 -3.104155e-01 2.117294e+01 1754 1.624745e-02
67953 9.675691e-03 8.329985e-03 1.573585e-01 -1.109774e-02 -8.284748e-03 2.584325e+00 4.044565e+00 3.707970e+00 3.496592e+01 2057 1.481155e-02
18310 -3.720833e-03 9.984201e-04 1.887730e-01 -1.891480e-03 -1.012727e-03 1.462322e+00 1.910475e+00 -1.248819e+00 2.761102e+01 1859 1.518705e-02
11785 2.998963e-03 -2.607508e-03 2.482374e-01 9.588951e-04 -2.373696e-03 8.015240e-01 -1.704767e+00 1.261113e+00 1.699680e+01 1282 1.812901e-02
99386 6.248346e-03 -2.160568e-03 3.214337e-01 -8.851415e-03 2.647794e-03 2.658456e+00 -3.153357e+00 4.826101e-01 2.846062e+01 1935 2.098794e-02
74281 5.734809e-03 5.796048e-03 1.135077e-01 -8.002322e-03 -9.356559e-03 3.614857e-01 -8.801454e-01 -1.958912e+00 2.916016e+01 1742 1.168077e-02
87234 1.228344e-02 -2.206746e-04 1.875143e-01 6.437926e-04 3.649935e-03 1.747958e+00 -8.980899e+00 1.914208e+00 2.059795e+01 1915 1.762641e-02
11826 5.294385e-03 9.827849e-04 2.948990e-01 1.359047e-02 4.448917e-03 4.324578e+00 -2.920565e+00 -1.542762e+00 3.448217e+01 893 1.164619e-02
80624 -3.662510e-03 2.322596e-03 2.376091e-01 2.905974e-03 -6.582886e-04 6.672208e-01 1.525517e+00 -2.744266e+00 1.992196e+01 2850 2.564867e-02
68026 1.654059e-03 -2.130208e-03 1.456969e-01 -4.794930e-04 -4.435936e-03 3.518635e+00 -1.281449e+00 -3.661707e-02 3.706985e+01 1219 9.290940e-03
11852 3.554708e-03 -2.893419e-03 1.488291e-01 2.945999e-03 -1.980319e-03 7.180197e-01 1.248138e+00 -1.233426e+00 2.032254e+01 600 7.594672e-03
11867 -2.053146e-03 -1.228014e-03 2.172420e-01 -1.057021e-03 -3.943884e-03 2.818531e+00 -1.182356e+00 -5.407709e-01 2.260961e+01 2464 2.194575e-02
99485 3.686988e-04 7.095497e-03 2.075195e-01 -1.038922e-03 1.619061e-02 7.902877e-01 6.153063e-01 -7.909332e-01 2.116103e+01 440 9.634465e-03
74394 6.025255e-03 3.768840e-03 1.349310e-01 1.536758e-03 4.727955e-03 3.871038e-01 3.873026e+00 5.304381e-01 1.916710e+01 1083 1.010998e-02
18442 1.021943e-02 -2.196517e-03 1.425486e-01 7.810775e-03 -1.924115e-03 8.342758e-01 4.692477e+00 -6.421475e-01 2.387987e+01 1416 1.176774e-02
99561 -2.496289e-03 -8.206534e-03 1.481147e-01 4.346693e-03 7.694458e-03 5.063359e-01 -8.520853e-01 -3.847428e+00 3.490120e+01 1055 8.232997e-03
37327 -5.797041e-03 -1.066661e-02 3.384047e-01 4.508243e-03 9.562901e-03 8.370401e+00 -2.118797e+00 -2.897064e+00 2.635528e+01 1240 1.855880e-02
93257 -9.586782e-03 8.448784e-03 1.490214e-01 -6.298730e-03 4.415905e-03 7.304555e-01 -4.229883e+00 4.284721e+00 2.081104e+01 1419 1.220819e-02
99626 -8.922645e-03 1.374148e-03 2.059204e-01 4.769989e-03 4.657267e-03 6.744914e+00 4.527797e+00 -2.131395e+00 3.893928e+01 588 6.789584e-03
68264 -1.977570e-04 -2.640306e-02 3.102391e-01 1.364450e-03 2.388055e-02 2.169761e+01 -1.241118e+00 6.536942e+00 2.141366e+01 1109 1.848405e-02
30837 3.841880e-03 -1.033330e-02 1.680857e-01 -3.749685e-03 3.083228e-03 8.585517e+00 2.122581e+00 -6.062522e+00 3.613063e+01 770 7.470658e-03
56090 -2.085813e-03 -6.191247e-04 2.483159e-01 1.968000e-04 9.619800e-03 1.539792e+01 1.370821e+00 2.569668e+00 2.484593e+01 2092 1.987162e-02
43525 4.982745e-03 2.925937e-03 2.394147e-01 4.424564e-03 7.276226e-03 3.283637e+00 1.586427e+00 -1.541947e+00 2.604502e+01 1473 1.524221e-02
80841 8.855278e-03 -7.601793e-03 1.310925e-01 -3.845317e-03 3.757845e-03 4.676816e-01 5.976688e+00 -5.194983e+00 2.837465e+01 3952 2.525080e-02
62329 5.946879e-04 6.194477e-03 1.951655e-01 2.639367e-04 -8.996692e-03 9.018857e+00 -5.998634e-01 -1.868793e-01 2.442791e+01 1435 1.357952e-02
24913 -6.382437e-03 -4.030571e-03 2.568472e-01 -2.288079e-03 -7.180764e-04 3.690523e+00 -3.687597e+00 -2.381101e+00 1.569049e+01 1080 1.845865e-02
24920 -1.195283e-03 -5.002323e-03 1.766180e-01 -8.291004e-04 -8.135114e-03 2.615838e+00 5.066244e-01 -1.129849e+00 1.169195e+01 1699 2.101261e-02
56225 -3.701488e-04 -1.225413e-03 2.454668e-01 4.013728e-03 -7.663469e-03 1.424599e+01 -1.124413e+00 9.210491e-01 2.567077e+01 1430 1.538381e-02
68446 -4.137596e-03 -3.657891e-03 2.003741e-01 4.486889e-03 2.327604e-03 1.414901e+00 7.399536e-01 1.667431e+00 2.409014e+01 796 1.069444e-02
74678 1.500225e-03 -6.542450e-04 1.851900e-01 -3.746005e-03 -1.459005e-03 1.356297e+00 -5.393164e-01 -1.115968e+00 1.710647e+01 2729 2.534811e-02
49830 7.750894e-04 2.729650e-04 2.444601e-01 1.195073e-02 -1.669165e-02 4.952823e+00 -1.336865e+00 1.048923e+00 2.394561e+01 1357 1.542646e-02
68547 -1.837710e-03 1.805854e-03 1.735462e-01 6.851400e-04 -6.787571e-03 2.025789e+00 2.549466e+00 -7.916179e+00 1.378771e+01 1359 1.514422e-02
93571 -2.782254e-03 -8.624143e-03 1.830466e-01 2.863410e-03 8.322037e-03 1.444138e+00 -8.531180e-04 -1.307191e+00 2.413408e+01 2183 1.803789e-02
74755 -8.466922e-03 -6.465080e-04 1.997481e-01 -7.829029e-03 -1.479872e-04 4.891035e-01 -5.262301e+00 -3.915236e-01 2.635237e+01 874 1.039219e-02
49998 3.261188e-03 -8.477983e-03 1.325575e-01 6.848801e-04 1.314946e-03 5.308637e-01 2.019737e+00 -6.413147e+00 3.108109e+01 1600 1.151315e-02
93679 8.049405e-03 1.548028e-03 1.419477e-01 6.484191e-03 1.544100e-03 8.328994e-01 2.768257e+00 2.773171e-01 2.421213e+01 745 7.541548e-03
81203 -2.095439e-03 -4.961840e-03 1.205634e-01 3.146581e-03 3.656245e-03 4.383009e-01 -1.777598e-01 -2.040304e+00 3.435334e+01 1407 1.017147e-02
74948 -2.267610e-02 -5.712835e-03 1.549859e-01 -2.257370e-02 -5.965256e-03 8.723473e-01 1.941127e+00 -1.053210e-01 2.384741e+01 664 7.671736e-03
