running....
SPARTA (24 Jan 2020)
Created orthogonal box = (0 0 -0.1) to (0.2 0.03 0.1)
WARNING: Could not acquire nearby ghost cells b/c grid partition is not clumped (../grid.cpp:415)
Created 400 child grid cells
  parent cells = 1
  CPU time = 0.00235657 secs
  create/ghost percent = 96.1407 3.85926
Balance grid migrated 340 cells
  CPU time = 0.000831403 secs
  reassign/sort/migrate/ghost percent = 56.121 1.61282 22.1352 20.1309
Reading surface file ...
  12 points
  12 lines
  0 0.06509 xlo xhi
  0 0.0254 ylo yhi
  0 0 zlo zhi
  0.00159 min line length
  48 = cells with surfs
  80 = total surfs in all grid cells
  4 = max surfs in one grid cell
  0.159 = min surf-size/cell-size ratio
  0 0 = number of pushed cells
  48 0 = cells overlapping surfs, overlap cells with unmarked corner pts
  347 5 48 = cells outside/inside/overlapping surfs
  36 12 = surf cells with 1,2,etc splits
  0.000505173766827819 0.000505173766827819 = cell-wise and global flow volume
  CPU time = 0.0099458 secs
  read/check/sort/surf2grid/ghost/inout/particle percent = 92.5171 1.12627 0.131935 4.86911 1.35554 2.32992 0.0872931
  surf2grid time = 0.000484272 secs
  map/rvous1/rvous2/split percent = 4.98356 26.3112 0.435499 51.1017
1 surfaces in group inlet
Reading surface file ...
  4 points
  16 lines
  0.00953 0.0127 xlo xhi
  0 0.00953 ylo yhi
  0 0 zlo zhi
  0.00317 min line length
  55 = cells with surfs
  98 = total surfs in all grid cells
  5 = max surfs in one grid cell
  0.159 = min surf-size/cell-size ratio
  0 0 = number of pushed cells
  55 0 = cells overlapping surfs, overlap cells with unmarked corner pts
  340 5 55 = cells outside/inside/overlapping surfs
  43 12 = surf cells with 1,2,etc splits
  0.000504269295224843 0.000504269295224843 = cell-wise and global flow volume
  CPU time = 0.0100296 secs
  read/check/sort/surf2grid/ghost/inout/particle percent = 94.6982 0.959423 0.061548 2.81336 1.46745 1.94919 0.0805818
  surf2grid time = 0.000282168 secs
  map/rvous1/rvous2/split percent = 6.49719 32.4172 0.812636 34.7984
Reading surface file ...
  6 points
  22 lines
  0.09009 0.10279 xlo xhi
  0.0045 0.02223 ylo yhi
  0 0 zlo zhi
  0.00159 min line length
  75 = cells with surfs
  131 = total surfs in all grid cells
  5 = max surfs in one grid cell
  0.159 = min surf-size/cell-size ratio
  0 0 = number of pushed cells
  75 0 = cells overlapping surfs, overlap cells with unmarked corner pts
  320 5 75 = cells outside/inside/overlapping surfs
  57 18 = surf cells with 1,2,etc splits
  0.000490283344353592 0.000490283344353592 = cell-wise and global flow volume
  CPU time = 0.00997759 secs
  read/check/sort/surf2grid/ghost/inout/particle percent = 93.0928 0.99947 0.0523172 4.43495 1.4205 1.42904 0.0926676
  surf2grid time = 0.000442501 secs
  map/rvous1/rvous2/split percent = 4.26982 19.9437 2.60338 55.4627
Reading surface file ...
  4 points
  26 lines
  0.1028 0.10327 xlo xhi
  0.00036 0.00085 ylo yhi
  0 0 zlo zhi
  0.00047 min line length
  76 = cells with surfs
  135 = total surfs in all grid cells
  5 = max surfs in one grid cell
  0.047 = min surf-size/cell-size ratio
  0 0 = number of pushed cells
  76 0 = cells overlapping surfs, overlap cells with unmarked corner pts
  319 5 76 = cells outside/inside/overlapping surfs
  58 18 = surf cells with 1,2,etc splits
  0.000490282468907958 0.000490282468907958 = cell-wise and global flow volume
  CPU time = 0.00962196 secs
  read/check/sort/surf2grid/ghost/inout/particle percent = 94.4889 1.04062 0.0562151 2.9519 1.46238 1.47743 0.108533
  surf2grid time = 0.000284031 secs
  map/rvous1/rvous2/split percent = 6.81369 33.2784 0.794279 30.1066
Reading surface file ...
  4 points
  30 lines
  0.1028 0.10327 xlo xhi
  0.00157 0.00206 ylo yhi
  0 0 zlo zhi
  0.00047 min line length
  77 = cells with surfs
  139 = total surfs in all grid cells
  5 = max surfs in one grid cell
  0.047 = min surf-size/cell-size ratio
  0 0 = number of pushed cells
  77 0 = cells overlapping surfs, overlap cells with unmarked corner pts
  318 5 77 = cells outside/inside/overlapping surfs
  59 18 = surf cells with 1,2,etc splits
  0.000490279842571057 0.000490279842571057 = cell-wise and global flow volume
  CPU time = 0.00291625 secs
  read/check/sort/surf2grid/ghost/inout/particle percent = 81.8779 3.82309 0.201971 9.28942 4.80761 4.89299 0.474101
  surf2grid time = 0.000270903 secs
  map/rvous1/rvous2/split percent = 7.23617 33.2769 1.03543 30.7833
Reading surface file ...
  4 points
  34 lines
  0.1028 0.10327 xlo xhi
  0.00278 0.00327 ylo yhi
  0 0 zlo zhi
  0.00047 min line length
  77 = cells with surfs
  145 = total surfs in all grid cells
  7 = max surfs in one grid cell
  0.047 = min surf-size/cell-size ratio
  0 0 = number of pushed cells
  77 0 = cells overlapping surfs, overlap cells with unmarked corner pts
  318 5 77 = cells outside/inside/overlapping surfs
  59 18 = surf cells with 1,2,etc splits
  0.000490275465342889 0.000490275465342889 = cell-wise and global flow volume
  CPU time = 0.00289539 secs
  read/check/sort/surf2grid/ghost/inout/particle percent = 81.7335 3.93868 0.186987 9.37619 4.76461 5.24579 0.316503
  surf2grid time = 0.000271477 secs
  map/rvous1/rvous2/split percent = 6.85325 33.7981 0.835798 30.2313
Reading surface file ...
  4 points
  38 lines
  0.1028 0.10327 xlo xhi
  0.00399 0.00448 ylo yhi
  0 0 zlo zhi
  0.00047 min line length
  77 = cells with surfs
  149 = total surfs in all grid cells
  10 = max surfs in one grid cell
  0.047 = min surf-size/cell-size ratio
  0 0 = number of pushed cells
  77 0 = cells overlapping surfs, overlap cells with unmarked corner pts
  318 5 77 = cells outside/inside/overlapping surfs
  59 18 = surf cells with 1,2,etc splits
  0.000490269337223454 0.000490269337223454 = cell-wise and global flow volume
  CPU time = 0.0028998 secs
  read/check/sort/surf2grid/ghost/inout/particle percent = 81.6005 3.98259 0.180702 9.26672 4.96949 5.04508 0.333851
  surf2grid time = 0.000268716 secs
  map/rvous1/rvous2/split percent = 7.42829 33.0375 0.828384 30.6521
8 grid cells in group mesh
Adapting grid ...
  438 5 77 = cells outside/inside/overlapping surfs
  59 18 = surf cells with 1,2,etc splits
  0.000490269337223454 0.000490269337223454 = cell-wise and global flow volume
  40 cells refined, 0 cells coarsened
  adapted to 520 child grid cells, 41 parent cells
  CPU time = 0.00056865 secs
  adapt/redo percent = 47.2 52.8
19 surfaces in group ssbody
Moving surfs ...
ERROR: 40 surface points are not inside simulation box (../surf.cpp:1526)
