/n/home03/calmiller/DSMC_Simulations/5_29_20_cold_guided/flow_4.00000_gap_0.00100_len_0.08000_T1_2.00000_T2_0.50000/data
running....
idx x y z xnext ynext znext vx vy vz collides time
500006 2.525368e-02 7.550758e-03 2.073194e-01 3.421055e-02 9.560789e-03 2.296247e-01 8.225642e+00 1.845935e+00 2.048431e+01 5198 2.585181e-02
375415 1.585496e-02 -9.191873e-03 2.422241e-01 4.230288e-02 -2.692361e-02 4.059307e-01 3.077642e+00 -2.063373e+00 1.904990e+01 12486 5.657182e-02
625438 -4.653728e-03 -7.933114e-03 1.736003e-01 -1.234384e-02 -2.761789e-02 2.468860e-01 -2.188961e+00 -5.603200e+00 2.086050e+01 11787 5.199057e-02
625487 1.757151e-02 -2.273012e-02 3.013406e-01 1.699535e-01 -1.743966e-01 1.412660e+00 3.031251e+00 -3.017018e+00 2.210686e+01 11886 5.814909e-02
846 1.641409e-02 1.335198e-02 2.035767e-01 2.923919e-02 2.510777e-02 2.505111e-01 5.838139e+00 5.351376e+00 2.136510e+01 11932 5.208705e-02
125677 1.634895e-02 1.743354e-02 1.769923e-01 2.769172e-02 2.914068e-02 1.977365e-01 7.706028e+00 7.953572e+00 1.409310e+01 12426 5.633848e-02
1165 1.095276e-03 -2.436881e-03 1.929008e-01 2.886867e-02 -4.176290e-02 5.766043e-01 1.760353e+00 -2.492589e+00 2.432016e+01 12136 5.595354e-02
125875 1.158815e-02 -7.190304e-03 2.060634e-01 3.573468e-02 -1.929943e-02 3.269592e-01 4.269245e+00 -2.140962e+00 2.137506e+01 15915 7.371074e-02
375912 1.679517e-04 -4.638500e-03 2.288585e-01 -1.294131e-02 -2.785766e-02 4.648267e-01 -1.351936e+00 -2.394552e+00 2.433500e+01 18920 8.782352e-02
751264 7.844380e-03 -1.342997e-02 1.864299e-01 1.902283e-02 -4.047499e-02 2.640263e-01 3.490707e+00 -8.445378e+00 2.423112e+01 12860 5.557867e-02
751528 -1.983616e-03 8.610289e-03 1.741291e-01 -1.515471e-02 3.404131e-02 2.608104e-01 -3.119466e+00 6.023133e+00 2.052975e+01 11562 5.200148e-02
2230 8.035330e-03 -1.531192e-02 2.053955e-01 9.596756e-02 -1.199305e-01 6.193561e-01 4.510268e+00 -5.366152e+00 2.123309e+01 13124 6.130335e-02
751715 -2.491553e-02 7.653536e-03 1.719444e-01 -1.548436e-01 5.058269e-02 3.294817e-01 -1.069450e+01 3.533541e+00 1.296705e+01 13126 5.903087e-02
251738 -1.359558e-02 6.579666e-03 2.025852e-01 -7.870142e-02 1.860969e-02 4.245322e-01 -5.938704e+00 1.097333e+00 2.024515e+01 8238 3.921766e-02
2535 6.855528e-04 -7.869907e-03 2.275668e-01 1.747674e-02 -2.910668e-02 4.550648e-01 1.731380e+00 -2.189775e+00 2.345788e+01 13152 6.139770e-02
626902 -4.480231e-03 -2.135925e-02 2.154870e-01 -1.202467e-02 -6.969739e-02 3.958959e-01 -7.373991e-01 -4.724607e+00 1.763330e+01 12619 5.539531e-02
377702 -1.581802e-02 1.213879e-02 3.332530e-01 -1.601995e-01 1.101846e-01 1.748969e+00 -2.486830e+00 1.688743e+00 2.438432e+01 10468 5.421173e-02
753446 -1.482873e-04 -9.346739e-03 2.153443e-01 -5.126185e-04 -5.306731e-02 4.854111e-01 -3.102911e-02 -3.723563e+00 2.300086e+01 18089 7.333075e-02
5030 1.995255e-02 8.292644e-03 1.844295e-01 7.646294e-02 3.861470e-02 3.151023e-01 7.683779e+00 4.122923e+00 1.776772e+01 8051 3.352276e-02
253780 -9.093580e-03 5.624571e-03 3.189154e-01 -1.069273e-02 3.863964e-03 5.998888e-01 -1.288789e-01 -1.418908e-01 2.264420e+01 9438 4.752936e-02
254149 1.820306e-02 1.949223e-02 2.291085e-01 3.283546e-02 3.526950e-02 2.993081e-01 4.304756e+00 4.641571e+00 2.065227e+01 10178 4.861244e-02
6601 -3.935695e-03 -5.799591e-04 2.309956e-01 -6.205488e-03 -6.744345e-03 4.068081e-01 -3.190161e-01 -8.663956e-01 2.471020e+01 10921 5.065300e-02
6700 1.404029e-02 1.814863e-02 2.110656e-01 2.004537e-02 2.630470e-02 2.398685e-01 3.994911e+00 5.425871e+00 1.916130e+01 9276 4.334560e-02
7482 -3.729907e-03 -1.576595e-04 2.644682e-01 -1.233860e-02 1.856996e-03 3.972880e-01 -1.617726e+00 3.785895e-01 2.495920e+01 10183 4.890756e-02
755655 -2.202178e-02 8.551861e-03 1.837098e-01 -4.255698e-02 1.802956e-02 2.194948e-01 -8.042107e+00 3.711707e+00 1.401428e+01 11331 5.250391e-02
631022 -7.817990e-04 -4.777579e-03 1.665010e-01 -9.605096e-03 -3.356488e-02 2.913907e-01 -1.765445e+00 -5.760026e+00 2.498908e+01 10237 4.734444e-02
881052 -1.813296e-02 -1.261251e-02 1.928720e-01 -1.019923e-01 -5.810884e-02 4.266647e-01 -6.781591e+00 -3.679227e+00 1.890650e+01 12038 5.576503e-02
9824 -5.314398e-03 -2.194485e-03 2.577486e-01 -7.556300e-02 -2.040302e-02 1.148042e+00 -2.066158e+00 -5.355511e-01 2.618541e+01 10009 4.944899e-02
632056 9.954478e-03 2.024332e-02 1.766411e-01 6.261106e-02 1.122636e-01 3.177150e-01 5.132958e+00 8.970126e+00 1.375187e+01 15988 6.609076e-02
131998 1.976200e-02 1.676855e-02 2.233038e-01 5.263296e-02 4.701032e-02 3.688809e-01 4.529997e+00 4.167664e+00 2.006221e+01 10576 4.700084e-02
258250 -1.553065e-02 1.291161e-02 2.288281e-01 -1.666050e-01 9.843894e-02 1.014639e+00 -4.621256e+00 2.616219e+00 2.403737e+01 9456 4.623470e-02
633744 -2.074681e-02 1.355664e-02 2.259521e-01 -6.528740e-02 4.823761e-02 4.258859e-01 -5.656799e+00 4.404595e+00 2.539224e+01 24375 9.549024e-02
13067 1.503829e-02 -2.616261e-03 2.052770e-01 3.076781e-02 -4.008615e-03 2.711518e-01 5.332013e+00 -4.719820e-01 2.233031e+01 11320 4.772360e-02
759670 1.864599e-02 5.119371e-03 1.803982e-01 1.054768e-01 1.826903e-02 3.117816e-01 1.104750e+01 1.673033e+00 1.671593e+01 8721 4.187723e-02
635315 -1.268044e-02 -1.057620e-02 2.099432e-01 -7.408529e-02 -4.189632e-02 4.918857e-01 -4.737788e+00 -2.416553e+00 2.175371e+01 7286 3.365837e-02
510400 -1.238139e-03 9.183310e-03 1.617688e-01 -1.981795e-02 7.411181e-02 2.766276e-01 -3.081108e+00 1.076715e+01 1.904715e+01 10780 4.507682e-02
760628 1.310382e-02 -4.481814e-03 2.677885e-01 2.017448e-01 -5.922174e-02 1.555457e+00 4.042025e+00 -1.172916e+00 2.759097e+01 8468 4.201599e-02
510747 6.744043e-03 3.512271e-04 3.082606e-01 8.097054e-03 -2.974776e-03 4.725436e-01 1.738996e-01 -4.274842e-01 2.111495e+01 16876 8.486144e-02
885839 1.083959e-02 2.167529e-03 1.976594e-01 5.625912e-02 8.729314e-03 3.966986e-01 6.265200e+00 9.051369e-01 2.745561e+01 7918 3.382770e-02
260858 8.267571e-03 1.214441e-02 1.913875e-01 4.110061e-02 4.821767e-02 3.491622e-01 4.517773e+00 4.963623e+00 2.170953e+01 12119 5.009547e-02
17765 8.118271e-03 -7.391234e-03 1.967815e-01 3.623502e-02 -1.655877e-02 3.524164e-01 3.670727e+00 -1.196849e+00 2.031860e+01 16421 7.006838e-02
137351 -2.355878e-02 8.020317e-03 2.053281e-01 -5.955596e-02 2.420976e-02 2.904448e-01 -9.096231e+00 4.090959e+00 2.150837e+01 10502 4.745531e-02
387861 1.938732e-02 2.457647e-03 1.654299e-01 3.129773e-02 3.244158e-03 1.802522e-01 1.272341e+01 8.401982e-01 1.583412e+01 10556 4.757163e-02
763430 3.931481e-03 2.531030e-03 2.555842e-01 3.806321e-02 1.085809e-02 7.408554e-01 1.984087e+00 4.840543e-01 2.820895e+01 12873 5.968455e-02
638724 -2.088095e-02 1.362420e-03 2.385884e-01 -5.358076e-02 3.680689e-03 3.694919e-01 -4.832766e+00 3.426213e-01 1.934648e+01 17081 7.752616e-02
263985 1.286778e-02 -1.925541e-02 2.059545e-01 9.720508e-02 -2.228886e-01 7.048855e-01 3.221685e+00 -7.778789e+00 1.905917e+01 12959 5.556574e-02
639222 -1.853739e-03 -1.372144e-02 1.873728e-01 5.695082e-04 -4.258396e-02 2.774552e-01 5.526878e-01 -6.582885e+00 2.054574e+01 13321 6.220046e-02
889317 1.125605e-02 -1.987684e-02 2.120981e-01 4.564029e-02 -6.201884e-02 3.900561e-01 4.031778e+00 -4.941427e+00 2.086675e+01 10561 4.931592e-02
639416 2.352976e-02 8.353607e-03 1.706120e-01 9.419001e-02 3.059495e-02 2.474166e-01 1.240361e+01 3.904217e+00 1.348218e+01 14056 6.024475e-02
389310 2.856193e-02 1.625360e-03 1.906134e-01 3.734525e-02 2.535336e-03 2.046499e-01 1.113403e+01 1.153516e+00 1.779312e+01 16682 7.110507e-02
639447 -1.121836e-02 -1.284792e-03 1.680509e-01 -5.623966e-02 -9.802047e-03 2.641776e-01 -1.003913e+01 -1.899230e+00 2.143492e+01 14368 6.272408e-02
889537 -1.332273e-02 -2.416213e-02 2.117231e-01 -5.319490e-02 -1.096361e-01 4.352111e-01 -3.064321e+00 -6.568984e+00 1.717587e+01 8530 3.985385e-02
516869 1.017273e-02 -5.130027e-03 1.918343e-01 5.777296e-02 -2.695127e-02 3.578538e-01 5.004801e+00 -2.294337e+00 1.745568e+01 13695 5.979482e-02
24242 5.162161e-03 -1.249101e-02 2.200827e-01 1.444744e-02 -3.667113e-02 3.307481e-01 1.680192e+00 -4.375448e+00 2.002515e+01 15965 7.342361e-02
767124 9.393343e-03 1.408313e-03 2.044976e-01 1.345522e-01 3.809283e-02 8.472980e-01 5.333057e+00 1.563138e+00 2.738992e+01 19930 8.374661e-02
642182 2.885221e-02 -1.482038e-03 6.523856e-02 4.748216e-02 -3.210272e-03 6.191302e-02 6.619994e+00 -6.141131e-01 -1.076123e+00 5506 2.087446e-02
25157 -2.044722e-02 4.362812e-03 1.932488e-01 -1.086271e-01 3.807490e-02 3.852296e-01 -9.334587e+00 3.568711e+00 2.032281e+01 12330 5.500784e-02
392825 -2.649765e-02 -1.850278e-03 3.158399e-01 -6.127120e-02 -3.191100e-03 5.764659e-01 -3.388646e+00 -1.306617e-01 2.539772e+01 12278 5.858547e-02
768079 1.644699e-03 -1.775028e-02 1.686822e-01 8.876568e-04 -3.338932e-02 1.910645e-01 -6.031261e-01 -1.245944e+01 1.783174e+01 9096 3.748061e-02
26606 6.675389e-04 1.902544e-02 1.932501e-01 1.586609e-03 3.265739e-02 2.273765e-01 4.006361e-01 5.942364e+00 1.487621e+01 8959 4.113611e-02
769269 2.306781e-02 8.617753e-03 1.757620e-01 1.203320e-01 4.763454e-02 3.128220e-01 9.859912e+00 3.955227e+00 1.389411e+01 10588 4.666431e-02
769294 1.696676e-02 -1.573766e-02 1.920254e-01 5.410462e-02 -4.274668e-02 2.687761e-01 7.270489e+00 -5.287563e+00 1.502550e+01 10872 4.979222e-02
144386 2.105859e-02 1.719873e-03 3.371441e-01 4.278278e-01 9.884873e-02 4.594115e+00 3.418709e+00 8.163236e-01 3.577789e+01 14844 6.622817e-02
394738 9.955604e-03 2.121452e-02 2.082099e-01 1.421043e-02 3.101532e-02 2.346217e-01 3.940777e+00 9.077403e+00 2.446232e+01 10364 4.984723e-02
269928 1.900250e-03 1.084794e-02 2.661337e-01 1.021512e-02 7.799322e-02 9.279100e-01 2.967528e-01 2.396376e+00 2.361842e+01 7465 3.798784e-02
28910 3.554294e-03 -8.479078e-03 1.719696e-01 8.158921e-03 -2.988933e-02 2.578469e-01 1.204884e+00 -5.602378e+00 2.247136e+01 9055 3.994954e-02
144903 -8.605962e-03 1.565514e-02 2.546401e-01 -1.345834e-01 2.796586e-01 2.234196e+00 -1.542374e+00 3.232263e+00 2.423622e+01 14525 6.180832e-02
29893 -1.025808e-02 -3.374229e-03 2.216446e-01 -5.496092e-02 -1.298352e-02 4.493859e-01 -4.679884e+00 -1.005985e+00 2.384194e+01 16299 7.261130e-02
30239 -5.883419e-03 8.548669e-04 1.763958e-01 -3.286959e-02 7.160883e-03 3.443668e-01 -3.959521e+00 9.252443e-01 2.464538e+01 18689 8.021557e-02
146191 5.038541e-03 -1.009871e-02 1.812727e-01 1.788191e-02 -3.022559e-02 2.864774e-01 2.749734e+00 -4.309118e+00 2.252406e+01 17595 7.307204e-02
147154 -2.095087e-03 -6.238853e-03 1.920946e-01 -4.247776e-02 -5.081738e-02 4.625013e-01 -3.360299e+00 -3.709442e+00 2.250092e+01 10882 4.889973e-02
397971 3.840274e-03 -1.097086e-02 1.521785e-01 1.020755e-02 -3.385370e-02 1.652191e-01 3.514311e+00 -1.262980e+01 7.197541e+00 17355 7.357319e-02
898324 2.037903e-02 -1.813851e-02 2.440715e-01 6.690277e-02 -4.557962e-02 4.769844e-01 4.250946e+00 -2.507337e+00 2.128161e+01 18538 8.068911e-02
34996 -3.536096e-03 -9.795019e-03 1.725682e-01 -1.142562e-02 -2.927590e-02 2.259978e-01 -3.013481e+00 -7.440909e+00 2.040793e+01 18025 8.396677e-02
774892 -1.833345e-02 -5.970434e-03 1.670274e-01 -3.136705e-02 -9.645996e-03 1.835977e-01 -9.930772e+00 -2.800545e+00 1.262554e+01 10271 4.353370e-02
775163 2.164198e-02 4.368457e-03 1.999996e-01 5.114221e-02 9.958680e-03 2.725996e-01 6.533880e+00 1.238154e+00 1.607985e+01 10789 4.988186e-02
274887 2.152757e-02 -1.288437e-03 2.138412e-01 4.760070e-02 -2.666293e-03 2.977367e-01 5.647570e+00 -2.984505e-01 1.817220e+01 11683 5.529983e-02
36334 8.380866e-03 4.401519e-03 1.663221e-01 4.088386e-02 1.290594e-02 2.414390e-01 7.520548e+00 1.967754e+00 1.738054e+01 14201 6.046933e-02
650285 -1.667391e-02 9.594356e-03 1.621728e-01 -3.789296e-02 1.976979e-02 1.818304e-01 -8.421166e+00 4.038304e+00 7.801498e+00 13249 6.107665e-02
775588 9.382662e-03 -1.192059e-02 1.916885e-01 4.078336e-02 -5.147320e-02 3.320981e-01 5.846334e+00 -7.364095e+00 2.614215e+01 12973 5.633908e-02
776269 -7.899228e-03 -1.969143e-02 2.083592e-01 -1.718213e-02 -5.073607e-02 3.075437e-01 -2.139871e+00 -7.156331e+00 2.286376e+01 16831 7.528223e-02
901261 -2.145463e-02 1.412954e-02 2.165137e-01 -5.900350e-02 3.708873e-02 3.474137e-01 -5.166060e+00 3.158778e+00 1.800953e+01 19234 8.155838e-02
39806 -1.311879e-02 3.377243e-04 1.990462e-01 -6.466663e-02 1.053555e-02 4.214127e-01 -5.517948e+00 1.091628e+00 2.380327e+01 12974 5.842627e-02
39984 -5.078863e-03 2.955629e-02 2.621895e-01 -2.170544e-02 1.206051e-01 6.088838e-01 -8.689257e-01 4.758325e+00 1.811867e+01 14575 6.489441e-02
903247 -2.079849e-03 2.501329e-02 2.321594e-01 -5.645460e-03 4.543667e-02 3.077562e-01 -1.343084e+00 7.693021e+00 2.847559e+01 10368 4.774228e-02
278301 1.382098e-02 -1.782241e-03 1.720628e-01 4.808502e-02 -8.724648e-03 2.327668e-01 9.419214e+00 -1.908473e+00 1.668758e+01 10969 4.969766e-02
653702 1.057285e-02 -7.323956e-03 3.474819e-01 3.420516e-02 -2.207121e-02 6.434352e-01 1.984151e+00 -1.238168e+00 2.484801e+01 6980 3.968313e-02
903951 -2.135918e-02 2.004122e-04 1.879467e-01 -6.087059e-02 -2.945381e-03 2.674548e-01 -1.018898e+01 -8.112197e-01 2.050311e+01 10779 4.637062e-02
403998 8.768679e-03 -8.619320e-03 2.420158e-01 3.712317e-02 -3.690702e-02 6.387117e-01 1.741775e+00 -1.737672e+00 2.436845e+01 9289 4.817953e-02
529714 -2.121773e-02 -8.223528e-03 3.146642e-01 -8.631753e-02 -3.528359e-02 7.523778e-01 -3.904819e+00 -1.623118e+00 2.625496e+01 9830 4.830999e-02
42991 -1.857894e-02 5.415510e-03 2.827066e-01 -2.062341e-01 4.794420e-02 1.849635e+00 -2.614903e+00 5.926209e-01 2.183454e+01 9553 4.595518e-02
654944 -6.207464e-03 -1.902519e-02 1.641590e-01 -1.502882e-02 -4.087953e-02 1.832119e-01 -4.885201e+00 -1.210278e+01 1.055139e+01 25018 1.106505e-01
405285 -1.627354e-02 -5.859076e-03 2.652042e-01 -2.037889e-01 -8.186377e-02 1.356643e+00 -4.080516e+00 -1.653936e+00 2.375077e+01 10093 4.994940e-02
655459 -1.922460e-02 7.776553e-03 2.079150e-01 -9.773916e-02 2.823982e-02 4.556391e-01 -7.260090e+00 1.892199e+00 2.290657e+01 14129 5.964815e-02
43883 -8.977407e-04 1.446860e-02 1.767425e-01 -1.752168e-03 3.941588e-02 2.419741e-01 -2.020547e-01 5.899524e+00 1.542595e+01 11716 4.894486e-02
44672 -1.862226e-02 7.219394e-03 1.978321e-01 -4.046860e-02 1.561738e-02 2.693501e-01 -6.659377e+00 2.559941e+00 2.180068e+01 17758 7.940607e-02
531318 2.656187e-02 -8.102002e-03 1.885472e-01 5.115721e-02 -1.741695e-02 2.335707e-01 9.265230e+00 -3.509004e+00 1.696065e+01 14750 6.675773e-02
656531 -2.925532e-04 1.904471e-02 2.305611e-01 -6.680521e-04 4.365465e-02 3.222414e-01 -1.001466e-01 6.563541e+00 2.445140e+01 19414 9.057593e-02
45391 -7.021352e-03 -1.039965e-02 1.786561e-01 -3.034162e-02 -7.364176e-02 3.579865e-01 -3.218211e+00 -8.727448e+00 2.474770e+01 13296 5.936661e-02
657064 -1.590534e-02 -7.778449e-03 1.815696e-01 -4.912124e-02 -2.304552e-02 2.594769e-01 -7.642025e+00 -3.512515e+00 1.792426e+01 9674 4.450876e-02
531989 3.729189e-03 -1.962259e-02 2.200631e-01 1.017437e-02 -3.873097e-02 3.104624e-01 1.384989e+00 -4.106152e+00 1.942567e+01 14945 6.933628e-02
782692 -9.491642e-03 -5.399194e-03 1.814628e-01 -2.735769e-02 -2.188678e-02 2.566549e-01 -5.368487e+00 -4.954278e+00 2.259414e+01 11877 5.462792e-02
657703 -7.815222e-03 -5.027624e-03 1.627732e-01 -3.023861e-02 -1.446377e-02 2.293403e-01 -6.438231e+00 -2.709317e+00 1.911285e+01 8683 3.963884e-02
408426 -1.207940e-02 -1.252490e-02 2.075195e-01 -7.858973e-02 -7.323968e-02 5.768385e-01 -4.030581e+00 -3.679367e+00 2.238104e+01 11627 5.422466e-02
409021 1.644613e-02 3.945553e-03 1.944142e-01 8.042368e-02 1.259080e-02 3.549278e-01 8.189009e+00 1.106576e+00 2.054545e+01 8286 3.997913e-02
909295 8.074202e-03 1.918370e-03 1.956395e-01 5.920590e-02 1.805891e-02 4.536195e-01 4.764679e+00 1.504048e+00 2.403972e+01 7751 3.510907e-02
534484 -1.168257e-02 -1.825635e-02 2.526497e-01 -6.237023e-02 -1.098885e-01 7.698193e-01 -2.472100e+00 -4.469011e+00 2.522300e+01 9030 4.331790e-02
909813 2.435876e-02 1.236682e-02 2.004173e-01 1.025824e-01 4.918558e-02 3.795360e-01 8.454769e+00 3.979543e+00 1.935998e+01 9343 4.509848e-02
410149 1.286122e-02 -5.037886e-03 1.621786e-01 3.049890e-02 -1.563113e-02 1.856966e-01 1.358116e+01 -8.156879e+00 1.810905e+01 18402 7.873390e-02
51325 1.910457e-02 9.227497e-04 2.162219e-01 5.701055e-02 9.068769e-03 3.803264e-01 4.718587e+00 1.014027e+00 2.042794e+01 14371 5.997523e-02
53100 -3.720093e-03 -2.230101e-02 2.316733e-01 -1.053264e-02 -5.779224e-02 3.570425e-01 -1.136796e+00 -5.922354e+00 2.092012e+01 9861 4.547749e-02
54026 -3.430550e-03 1.165898e-02 1.571119e-01 -1.738903e-02 5.746032e-02 2.055992e-01 -3.285113e+00 1.077929e+01 1.141143e+01 9852 4.107527e-02
537903 -1.865881e-02 2.798048e-03 2.452269e-01 -4.742961e-02 6.113362e-03 4.007447e-01 -4.018840e+00 4.630986e-01 2.172346e+01 19463 9.157873e-02
913318 3.385615e-03 1.822869e-02 1.752386e-01 4.560038e-03 3.197779e-02 2.028337e-01 7.150114e-01 8.370721e+00 1.680043e+01 12781 5.651771e-02
288141 -2.361395e-02 1.115063e-03 2.594952e-01 -7.614011e-02 3.843570e-02 5.590109e-01 -3.681604e+00 2.615837e+00 2.099332e+01 12213 5.664100e-02
163584 -1.465590e-02 -1.748896e-02 2.895420e-01 -1.319986e-01 -1.809479e-01 1.884525e+00 -1.998765e+00 -2.784288e+00 2.716825e+01 13200 6.120044e-02
539539 -5.924309e-03 9.837254e-03 1.881926e-01 -1.561532e-02 2.755796e-02 2.758619e-01 -2.435191e+00 4.452923e+00 2.202984e+01 11681 5.019891e-02
664802 -2.145031e-02 -9.497104e-03 2.020276e-01 -1.468768e-01 -6.480503e-02 5.275375e-01 -8.730895e+00 -3.849965e+00 2.265863e+01 7815 3.690912e-02
915334 -5.027095e-04 -1.817359e-02 2.024506e-01 1.898935e-03 -5.656852e-02 3.296628e-01 4.383582e-01 -7.008005e+00 2.321931e+01 10575 4.560901e-02
540198 -2.057971e-03 8.893356e-03 1.895673e-01 -1.021519e-02 3.481615e-02 3.370205e-01 -1.080915e+00 3.435036e+00 1.953906e+01 9815 4.021593e-02
540276 -3.984103e-03 -9.833500e-04 3.010810e-01 -2.020841e-02 3.807751e-02 1.153794e+00 -3.990613e-01 9.607609e-01 2.097378e+01 8422 4.429882e-02
791076 7.273995e-03 -1.246846e-02 1.808227e-01 1.963557e-02 -3.346544e-02 2.366884e-01 4.399264e+00 -7.472453e+00 1.988161e+01 8512 4.103415e-02
540683 9.389817e-03 -7.707371e-03 2.384473e-01 2.854914e-02 -2.269661e-02 4.466464e-01 2.340178e+00 -1.830831e+00 2.543007e+01 8518 4.092276e-02
791143 2.652867e-03 1.725810e-02 3.471153e-01 -3.408964e-02 3.396896e-01 3.868045e+00 -2.709128e-01 2.377378e+00 2.596081e+01 12051 6.293143e-02
665974 2.555227e-02 -5.834236e-03 2.086641e-01 9.805246e-02 -3.672400e-02 4.003041e-01 6.994078e+00 -2.979929e+00 1.848748e+01 8174 4.131757e-02
916181 1.516323e-02 7.114078e-03 2.820462e-01 2.165290e-01 1.180661e-01 2.292482e+00 2.352322e+00 1.296123e+00 2.348558e+01 10821 5.307680e-02
666519 2.552064e-03 1.071111e-02 1.690614e-01 8.784734e-03 3.814994e-02 2.159534e-01 1.792082e+00 7.889498e+00 1.348285e+01 13328 5.824610e-02
916549 8.249248e-03 -7.767670e-03 2.476720e-01 3.377329e-02 -2.622549e-02 5.568189e-01 1.811761e+00 -1.310183e+00 2.194403e+01 8854 4.348534e-02
291598 -1.514161e-03 1.137219e-02 1.707846e-01 -8.014878e-03 3.136527e-02 2.169852e-01 -2.343764e+00 7.208291e+00 1.665713e+01 9272 4.313751e-02
792375 2.662736e-02 1.126462e-02 2.105377e-01 6.133126e-02 2.777441e-02 2.960156e-01 8.569222e+00 4.076661e+00 2.110653e+01 10086 4.530076e-02
541928 1.436717e-02 7.000218e-03 1.930728e-01 3.653673e-02 1.936357e-02 2.716287e-01 6.554627e+00 3.655336e+00 2.322573e+01 7653 3.579731e-02
542282 -1.877311e-02 2.028029e-02 1.720831e-01 -1.708365e-01 1.873644e-01 3.653383e-01 -1.100689e+01 1.209415e+01 1.398850e+01 6307 2.959669e-02
542504 -1.502521e-02 -1.380731e-03 2.244449e-01 -6.783860e-02 -1.459124e-02 5.160465e-01 -4.426560e+00 -1.107241e+00 2.444062e+01 12484 5.502996e-02
667920 -5.196070e-03 -1.295912e-02 1.830520e-01 -2.797049e-02 -6.589692e-02 3.565931e-01 -2.972162e+00 -6.908615e+00 2.264788e+01 13020 5.905240e-02
167258 -1.043683e-02 7.053139e-03 2.019856e-01 -3.290255e-02 2.280799e-02 3.390003e-01 -4.371384e+00 3.065581e+00 2.666033e+01 9911 4.592970e-02
418112 7.285985e-03 -1.522738e-02 1.858969e-01 1.649351e-02 -8.451640e-02 3.543031e-01 1.065238e+00 -8.016192e+00 1.948327e+01 12758 5.700221e-02
418218 1.585365e-02 2.384851e-02 2.480501e-01 3.508404e-01 3.734403e-01 2.120059e+00 4.766771e+00 4.974597e+00 2.663818e+01 8093 4.039733e-02
167738 -1.606228e-02 1.021600e-03 1.843968e-01 -1.065569e-01 -2.519685e-03 4.110817e-01 -8.158195e+00 -3.192508e-01 2.043589e+01 11563 5.105579e-02
543629 2.440655e-02 1.358957e-02 2.368824e-01 5.420070e-02 3.285724e-02 3.335154e-01 6.375909e+00 4.123256e+00 2.067934e+01 7085 3.550670e-02
168016 1.345129e-02 4.342004e-03 1.975182e-01 4.760518e-02 1.286928e-02 3.218604e-01 5.310188e+00 1.325806e+00 1.933251e+01 13035 5.847952e-02
418684 2.188399e-02 3.803149e-03 2.275861e-01 5.767222e-02 2.991872e-03 3.883387e-01 4.339033e+00 -9.836068e-02 1.948994e+01 9228 4.568986e-02
63711 3.476576e-03 2.791919e-02 2.751887e-01 2.658808e-02 1.660492e-01 9.807163e-01 8.078538e-01 4.828282e+00 2.466145e+01 7632 3.888045e-02
168271 4.143122e-03 -1.150209e-02 2.039306e-01 1.296392e-02 -2.736252e-02 3.008748e-01 1.830698e+00 -3.291726e+00 2.012011e+01 10062 4.861847e-02
544404 3.163966e-03 -2.530041e-02 1.684257e-01 2.899975e-02 -1.426672e-01 2.702939e-01 2.581816e+00 -1.172868e+01 1.017988e+01 11256 4.852584e-02
919806 1.650523e-02 -9.423408e-03 1.900390e-01 7.034717e-02 -4.630609e-02 3.258466e-01 5.044263e+00 -3.455410e+00 1.272334e+01 11234 5.217697e-02
294351 -3.266232e-03 1.465025e-02 1.843115e-01 -5.995667e-03 3.264281e-02 2.307352e-01 -1.113986e+00 7.343447e+00 1.894727e+01 15718 6.710157e-02
168939 -5.733464e-03 1.848925e-02 2.299289e-01 -8.265995e-03 4.369979e-02 3.140957e-01 -4.695680e-01 4.674398e+00 1.560575e+01 11638 5.181473e-02
670039 4.209935e-03 1.145985e-02 2.370293e-01 5.105000e-02 1.459842e-01 1.211049e+00 1.132054e+00 3.251252e+00 2.354059e+01 10544 4.550719e-02
920135 -2.186429e-02 -4.031811e-03 2.314194e-01 -1.401451e-01 -8.676044e-03 6.815111e-01 -5.414863e+00 -2.126118e-01 2.060508e+01 21200 9.074369e-02
419866 2.733442e-02 -2.061713e-03 2.273560e-01 2.571686e-01 -2.257089e-02 1.114524e+00 5.001226e+00 -4.462828e-01 1.930490e+01 22941 1.038456e-01
169580 -1.385104e-02 -1.746087e-02 2.056596e-01 -7.162608e-02 -7.993357e-02 4.119334e-01 -5.085597e+00 -5.499103e+00 1.815707e+01 11546 5.445679e-02
671312 1.139108e-02 -2.271440e-02 2.440273e-01 3.353065e-02 -6.611364e-02 4.662313e-01 2.234343e+00 -4.379885e+00 2.242500e+01 14299 5.802272e-02
296268 -1.910965e-02 -7.006934e-03 2.278085e-01 -3.359975e-02 -1.250374e-02 3.112503e-01 -3.679774e+00 -1.395918e+00 2.119013e+01 6796 3.591327e-02
67440 -2.653447e-03 -8.014585e-03 1.905201e-01 -1.014982e-02 -3.477656e-02 3.289146e-01 -1.161660e+00 -4.147111e+00 2.144601e+01 7191 3.289532e-02
797081 8.511418e-04 4.651835e-03 1.937537e-01 7.965766e-03 1.761374e-02 4.187482e-01 7.847759e-01 1.429758e+00 2.481793e+01 8824 4.032129e-02
67523 2.862578e-03 -1.881440e-02 2.400230e-01 7.897592e-03 -4.873100e-02 4.030908e-01 6.360668e-01 -3.779326e+00 2.060014e+01 13680 6.489256e-02
296486 3.055114e-04 -1.661846e-02 2.479189e-01 -1.050766e-02 -5.243086e-02 4.328304e-01 -1.378027e+00 -4.563920e+00 2.356506e+01 12523 5.668891e-02
672155 -6.424408e-04 -6.743274e-03 1.929407e-01 -1.056777e-03 -2.831994e-02 3.720861e-01 -4.017255e-02 -2.091997e+00 1.736930e+01 11009 5.325099e-02
171227 2.767469e-03 -2.909773e-02 2.476373e-01 4.079281e-02 -2.237234e-01 9.732257e-01 1.504375e+00 -7.699863e+00 2.870604e+01 8551 4.108225e-02
548225 1.770155e-03 4.398793e-03 2.116301e-01 -1.950217e-03 3.190294e-02 5.767598e-01 -2.432895e-01 1.798602e+00 2.387724e+01 14279 6.311145e-02
423564 2.183969e-02 4.957512e-03 3.112553e-01 3.517627e-01 7.154318e-02 2.667113e+00 3.926005e+00 7.923537e-01 2.803415e+01 12322 5.401397e-02
423731 1.427997e-02 3.301261e-03 1.907198e-01 5.773944e-02 -3.564620e-04 3.555140e-01 5.844138e+00 -4.918661e-01 2.216041e+01 17016 6.772799e-02
173740 -1.447377e-02 -6.487944e-03 2.228236e-01 -4.895091e-02 -2.417022e-02 3.712058e-01 -3.866508e+00 -1.983014e+00 1.664063e+01 15064 6.837195e-02
550015 1.109231e-03 3.754093e-03 2.021614e-01 9.246527e-03 1.964321e-02 4.436061e-01 8.617765e-01 1.682729e+00 2.557009e+01 15140 6.786894e-02
675421 1.595367e-02 -2.242317e-03 2.451827e-01 5.128797e-02 9.083277e-03 4.777441e-01 3.355143e+00 1.075414e+00 2.208270e+01 12899 6.282762e-02
174401 3.383680e-03 -1.594002e-02 1.854250e-01 1.732876e-02 -1.246805e-01 5.206574e-01 1.018488e+00 -7.941934e+00 2.448393e+01 13803 6.227739e-02
174416 1.641989e-02 1.161016e-02 2.069896e-01 9.936909e-02 7.436894e-02 5.445103e-01 5.756454e+00 4.355293e+00 2.342304e+01 12963 5.660442e-02
675683 1.253828e-03 -1.164299e-02 1.953229e-01 1.397370e-02 -6.791417e-02 4.076618e-01 1.691517e+00 -7.483065e+00 2.823730e+01 10633 4.478272e-02
550352 -9.559684e-03 -1.093886e-04 2.049907e-01 -5.792011e-02 4.577228e-03 5.079412e-01 -3.140222e+00 3.043194e-01 1.967169e+01 11598 5.095129e-02
73525 1.323085e-02 -2.370938e-02 2.852692e-01 4.867861e-02 -8.580031e-02 7.793133e-01 1.490123e+00 -2.610126e+00 2.076821e+01 9238 4.824540e-02
926107 -5.533979e-03 -2.541760e-03 2.859369e-01 -2.483834e-02 -5.918104e-02 1.203917e+00 -5.053648e-01 -1.482747e+00 2.403161e+01 10203 5.045300e-02
425852 -7.716944e-03 1.478628e-03 1.731313e-01 -4.844791e-02 8.173528e-03 3.235657e-01 -5.143679e+00 8.454604e-01 1.899749e+01 10830 5.040143e-02
302454 6.414313e-03 -4.249693e-03 2.502326e-01 6.441827e-02 -3.116157e-02 9.711099e-01 1.888804e+00 -8.763414e-01 2.347419e+01 14102 6.595533e-02
302517 1.474782e-02 -9.309954e-03 2.536652e-01 2.265572e-01 -2.699377e-01 2.157385e+00 2.646955e+00 -3.257031e+00 2.379054e+01 20765 8.742166e-02
302722 7.779768e-03 8.572183e-03 2.199247e-01 3.645853e-02 2.780509e-02 4.448412e-01 2.536695e+00 1.701190e+00 1.989432e+01 12595 5.445319e-02
928667 -1.074934e-02 -1.368246e-02 2.616872e-01 -4.275817e-02 -3.904615e-02 5.767677e-01 -2.557726e+00 -2.026733e+00 2.517710e+01 11758 5.435463e-02
302922 -7.469639e-03 1.015276e-02 1.982906e-01 -3.210466e-02 3.737089e-02 3.602508e-01 -3.637723e+00 4.019158e+00 2.391581e+01 13921 6.041009e-02
929085 -8.757222e-03 4.651544e-03 2.103270e-01 -3.370978e-02 4.127660e-02 4.686407e-01 -2.294947e+00 3.368494e+00 2.375773e+01 8657 4.127244e-02
78461 1.326555e-02 -2.810255e-03 2.819201e-01 1.287010e-01 8.308370e-02 2.370589e+00 1.269068e+00 9.442962e-01 2.296230e+01 9440 4.852367e-02
303643 4.210697e-03 -1.492373e-02 1.724340e-01 2.369810e-02 -5.660049e-02 2.464169e-01 4.910771e+00 -1.050242e+01 1.864347e+01 9212 4.133057e-02
679685 9.611571e-03 -5.047955e-03 2.881514e-01 6.048140e-02 -1.622343e-02 8.859510e-01 1.989785e+00 -4.371311e-01 2.338306e+01 9560 4.712220e-02
80659 -1.950222e-02 -1.632947e-03 1.692897e-01 -9.004109e-02 -7.455016e-03 2.549974e-01 -1.091503e+01 -9.008943e-01 1.326223e+01 8707 3.681469e-02
179626 3.629660e-03 -1.329259e-02 2.407582e-01 4.521284e-02 -1.273638e-01 9.923318e-01 1.056790e+00 -2.898994e+00 1.910040e+01 11125 5.332773e-02
80804 -1.563646e-03 9.888622e-03 1.910822e-01 -9.491233e-03 5.303773e-02 3.806859e-01 -8.781034e-01 4.779435e+00 2.100156e+01 6483 2.926938e-02
305825 8.669494e-03 -9.725704e-03 1.575014e-01 2.318897e-02 -2.776223e-02 1.805129e-01 8.016222e+00 -9.957991e+00 1.270467e+01 11003 4.724241e-02
556424 -1.239389e-02 6.168047e-03 2.173715e-01 -1.046964e-01 5.795201e-02 7.464053e-01 -3.632401e+00 2.037865e+00 2.081917e+01 11372 5.312960e-02
181085 -1.714954e-02 -6.483052e-03 2.213190e-01 -5.452693e-02 -1.955059e-02 4.229950e-01 -3.904767e+00 -1.365149e+00 2.106882e+01 13797 6.007230e-02
307561 2.455170e-02 -1.121286e-02 1.878056e-01 4.049661e-02 -1.714362e-02 2.167991e-01 9.181266e+00 -3.414999e+00 1.669481e+01 10305 4.775280e-02
432936 -2.954873e-03 1.121021e-02 2.394781e-01 -4.193032e-02 1.330804e-01 1.018227e+00 -1.005521e+00 3.144109e+00 2.009081e+01 14867 6.635115e-02
934317 -1.456493e-02 -1.324435e-02 1.715265e-01 -3.340337e-02 -3.266661e-02 2.119818e-01 -5.203868e+00 -5.365140e+00 1.117521e+01 7159 3.291294e-02
308346 -3.756198e-03 1.207063e-02 2.729454e-01 -4.656114e-03 3.132114e-02 6.752216e-01 -4.915850e-02 1.051572e+00 2.197460e+01 13369 6.098425e-02
809815 8.089467e-03 -1.275413e-02 1.644863e-01 2.346791e-02 -4.502833e-02 2.124406e-01 4.317290e+00 -9.060545e+00 1.346252e+01 17261 7.723591e-02
433892 -7.050035e-03 4.201453e-03 2.029314e-01 -5.629222e-02 2.268150e-02 5.298048e-01 -3.263344e+00 1.224697e+00 2.166233e+01 16269 6.875109e-02
935213 -1.010964e-02 -1.099896e-02 1.820764e-01 -2.463357e-02 -2.277752e-02 2.355323e-01 -5.360368e+00 -4.347129e+00 1.972905e+01 8116 3.785863e-02
86933 -1.243572e-02 6.187826e-03 1.849864e-01 -3.616784e-02 2.029095e-02 2.775476e-01 -5.230734e+00 3.108431e+00 2.040116e+01 12319 5.271090e-02
309313 -4.836770e-03 -2.163354e-02 2.751559e-01 -1.230719e-01 -5.236095e-01 4.154156e+00 -6.781897e-01 -2.879304e+00 2.224971e+01 6030 3.276372e-02
562084 9.470710e-03 -9.298788e-04 1.948894e-01 4.700377e-02 -2.423414e-03 4.000451e-01 4.996903e+00 -1.988394e-01 2.731307e+01 16706 7.141358e-02
311736 1.437850e-02 -1.167144e-02 2.476780e-01 1.584864e-01 -1.480141e-01 1.240575e+00 3.606604e+00 -3.412264e+00 2.484935e+01 13018 5.803176e-02
688292 1.130520e-02 7.821383e-03 1.848580e-01 4.419618e-02 2.822917e-02 2.869179e-01 7.665057e+00 4.755921e+00 2.378448e+01 15252 7.034815e-02
688329 -1.106251e-02 2.613125e-04 2.847796e-01 -5.406805e-02 -1.157145e-02 9.441496e-01 -1.704959e+00 -4.691113e-01 2.614079e+01 12098 5.829271e-02
688724 -1.728706e-02 -1.276612e-02 1.853271e-01 -1.313720e-01 -7.840812e-02 4.124591e-01 -8.844395e+00 -5.088874e+00 1.760833e+01 14824 6.448982e-02
438360 3.014509e-04 -1.271447e-02 1.910780e-01 5.524233e-04 -4.239515e-02 2.998168e-01 5.724796e-02 -6.770301e+00 2.480384e+01 9773 4.556847e-02
438704 -6.419520e-03 9.576522e-03 1.926451e-01 -2.656554e-02 3.433795e-02 3.178812e-01 -3.205614e+00 3.940013e+00 1.992745e+01 10265 4.798134e-02
313922 1.407568e-02 5.259037e-03 2.037084e-01 3.009694e-02 1.028432e-02 2.759353e-01 5.697625e+00 1.787137e+00 2.568597e+01 10389 4.876216e-02
940465 -1.712198e-05 -1.252094e-02 2.460987e-01 -2.183397e-03 -5.990165e-02 5.833573e-01 -1.743267e-01 -3.812868e+00 2.714022e+01 9410 4.638796e-02
817173 4.855564e-03 1.990155e-02 2.439219e-01 1.030374e-02 8.511549e-02 6.468851e-01 3.474276e-01 4.158662e+00 2.569677e+01 12490 6.043687e-02
942011 1.681225e-03 -6.876212e-03 2.835524e-01 4.033769e-02 -8.646479e-02 1.597924e+00 7.634065e-01 -1.571754e+00 2.595684e+01 11206 5.114671e-02
190533 -1.077994e-02 2.430617e-03 1.694744e-01 -4.983364e-02 1.234671e-02 2.473419e-01 -9.591261e+00 2.435308e+00 1.912362e+01 7894 3.534661e-02
316372 -1.493529e-02 -1.356562e-02 1.768814e-01 -6.962144e-02 -7.271123e-02 3.151924e-01 -6.457747e+00 -6.984352e+00 1.633279e+01 8940 3.929695e-02
942894 -4.489027e-03 -4.820710e-03 2.170873e-01 -1.265382e-02 -1.817350e-02 3.778289e-01 -1.167744e+00 -1.909742e+00 2.298958e+01 11224 5.172065e-02
692843 -8.270322e-03 2.238640e-02 2.020916e-01 -6.902793e-02 1.904392e-01 6.368759e-01 -3.006583e+00 8.316076e+00 2.151525e+01 12483 5.687729e-02
943212 2.157235e-02 1.195729e-02 2.002610e-01 1.194957e-01 9.231393e-02 5.086420e-01 5.693780e+00 4.672357e+00 1.793089e+01 12011 5.302203e-02
317669 7.687395e-03 2.708773e-02 2.562888e-01 1.257299e-02 4.188361e-02 3.197933e-01 1.709125e+00 5.176034e+00 2.221574e+01 11304 5.137221e-02
819699 -5.760083e-03 5.453779e-03 2.296243e-01 -2.830440e-02 4.223343e-02 6.497301e-01 -1.075747e+00 1.755015e+00 2.004619e+01 9996 4.860999e-02
443512 -1.565902e-02 1.364563e-02 2.222337e-01 -5.889907e-02 5.691399e-02 4.530478e-01 -4.777310e+00 4.780437e+00 2.550113e+01 10179 4.755413e-02
819868 1.042052e-02 2.663664e-02 2.652758e-01 8.571511e-02 1.914871e-01 9.019344e-01 2.125888e+00 4.654431e+00 1.797559e+01 18160 8.220990e-02
318299 -2.659941e-02 1.123911e-02 2.855009e-01 -1.855705e-01 9.797620e-02 9.467528e-01 -5.406805e+00 2.950037e+00 2.249001e+01 13755 5.962683e-02
318524 -2.671353e-03 1.364875e-02 2.184816e-01 -4.442504e-03 3.369768e-02 3.421887e-01 -3.657896e-01 4.140634e+00 2.554879e+01 9618 4.401749e-02
193664 3.660441e-03 -2.374428e-02 2.353133e-01 4.488607e-03 -2.403938e-01 1.164291e+00 1.788981e-02 -4.680001e+00 2.006752e+01 15098 7.102430e-02
319813 6.554014e-03 4.496950e-03 1.790640e-01 3.536404e-02 2.452809e-02 4.131095e-01 2.709884e+00 1.884138e+00 2.201442e+01 9578 4.492279e-02
194340 -4.677867e-03 9.838916e-03 1.817348e-01 -4.462580e-02 5.790239e-02 4.299644e-01 -3.861586e+00 4.646078e+00 2.399523e+01 10064 4.661487e-02
821909 -4.678132e-03 -1.076673e-02 1.634008e-01 -2.660119e-02 -4.770619e-02 2.421738e-01 -5.373482e+00 -9.054098e+00 1.930775e+01 13837 6.078912e-02
103607 -1.334221e-02 9.154956e-03 1.992691e-01 -1.554103e-01 1.481683e-01 7.717962e-01 -5.050952e+00 4.942349e+00 2.035509e+01 10444 4.763004e-02
946951 -2.742161e-03 -1.716596e-02 1.937440e-01 -1.688534e-02 -8.816630e-02 4.086193e-01 -1.345435e+00 -6.754232e+00 2.044099e+01 10902 5.107520e-02
445963 1.247976e-02 1.788294e-02 2.849350e-01 2.555487e-02 2.884821e-02 4.080963e-01 2.470437e+00 2.071800e+00 2.327034e+01 11921 5.710083e-02
823398 -1.603160e-02 -1.983348e-02 3.263278e-01 -1.330468e-01 -8.566564e-02 1.149697e+00 -3.263648e+00 -1.836111e+00 2.296441e+01 6324 3.588215e-02
105988 7.528444e-03 -3.040292e-06 2.640554e-01 6.102493e-03 1.265894e-02 4.164807e-01 -2.057762e-01 1.827226e+00 2.199619e+01 16189 7.123087e-02
447517 1.563961e-02 4.372182e-03 1.736105e-01 5.562886e-02 2.127410e-02 2.670610e-01 7.662753e+00 3.238752e+00 1.790703e+01 12070 5.295232e-02
949327 -7.123584e-03 1.784997e-02 2.031919e-01 -2.111401e-02 7.374969e-02 3.765118e-01 -1.228666e+00 4.909221e+00 1.522129e+01 11016 4.593218e-02
824812 -1.024000e-02 -4.486923e-03 1.683649e-01 -4.238110e-02 -1.810846e-02 2.391430e-01 -1.188096e+01 -5.035203e+00 2.616317e+01 11502 4.966856e-02
574499 3.743752e-03 -2.265460e-02 2.314132e-01 7.825977e-02 -4.282481e-01 1.730350e+00 1.090701e+00 -5.936724e+00 2.194013e+01 6811 3.308622e-02
109649 3.666462e-03 -1.654367e-02 1.666779e-01 5.891885e-03 -3.900817e-02 1.963435e-01 1.134603e+00 -1.145323e+01 1.512462e+01 12465 5.419966e-02
700880 8.654633e-03 6.548220e-03 2.011176e-01 3.549165e-02 3.462661e-02 4.063530e-01 3.461082e+00 3.621177e+00 2.646853e+01 10991 5.132919e-02
701797 -5.699411e-03 7.894981e-03 1.814403e-01 -3.193630e-02 4.745445e-02 3.131428e-01 -4.032038e+00 6.079427e+00 2.023980e+01 12727 5.272275e-02
827244 1.108121e-02 -7.454044e-04 2.111294e-01 2.903247e-02 6.390747e-03 3.805993e-01 2.195491e+00 8.727719e-01 2.072666e+01 16111 6.939789e-02
952355 -1.501410e-02 8.608120e-04 2.935394e-01 -5.001430e-02 2.270008e-02 7.986869e-01 -1.503776e+00 9.383192e-01 2.170355e+01 15458 7.626339e-02
576422 1.424149e-02 -7.071637e-03 2.299719e-01 1.466179e-01 -7.627232e-02 1.120346e+00 3.478848e+00 -1.818592e+00 2.339900e+01 20136 7.871646e-02
451550 2.202044e-02 1.906814e-02 2.262403e-01 1.121052e-01 8.638584e-02 5.455658e-01 5.553312e+00 4.149826e+00 1.968494e+01 17113 7.748002e-02
451575 4.430738e-03 1.969746e-02 1.868426e-01 3.750046e-02 1.165511e-01 3.937192e-01 3.226704e+00 9.450280e+00 2.018552e+01 10898 4.655916e-02
704208 1.277987e-03 3.728925e-03 2.067438e-01 1.188508e-03 1.428614e-02 4.529188e-01 -7.602985e-03 8.970371e-01 2.091728e+01 11484 5.096607e-02
954497 -1.610436e-02 -3.553779e-03 1.815339e-01 -3.906696e-02 -1.173413e-02 2.398506e-01 -8.824847e+00 -3.143822e+00 2.241191e+01 16331 6.738156e-02
114641 -1.529427e-02 2.188399e-02 2.097602e-01 -6.592628e-02 9.151261e-02 4.071796e-01 -6.812982e+00 9.369144e+00 2.656451e+01 14811 6.746276e-02
453226 1.662620e-02 -2.593485e-04 1.915888e-01 1.521203e-01 -3.335161e-03 5.206680e-01 7.971343e+00 -1.809551e-01 1.936027e+01 14577 6.028007e-02
114887 1.693894e-02 2.398182e-02 2.232327e-01 7.610516e-02 9.028197e-02 4.393190e-01 5.612289e+00 6.288987e+00 2.049715e+01 8524 3.880621e-02
704916 8.508182e-03 2.533284e-03 2.302092e-01 9.460336e-02 1.912250e-02 9.416020e-01 3.079910e+00 5.934512e-01 2.544888e+01 20525 9.519307e-02
955207 9.584988e-03 2.737962e-02 1.850124e-01 1.071449e-02 2.989788e-02 1.891978e-01 5.153403e+00 1.148967e+01 1.909577e+01 12880 5.726344e-02
453973 -9.189886e-03 -1.906803e-02 2.003133e-01 -2.952606e-02 -8.498933e-02 4.056625e-01 -1.953536e+00 -6.332543e+00 1.972629e+01 11908 5.270086e-02
454327 4.234262e-03 -1.092198e-02 1.776142e-01 1.193620e-02 -6.077347e-02 3.098215e-01 1.234020e+00 -7.987311e+00 2.118253e+01 17557 7.899995e-02
204741 -3.027802e-04 1.092595e-02 1.628718e-01 -4.698130e-03 2.970927e-02 1.978574e-01 -2.266025e+00 9.683755e+00 1.803682e+01 13275 5.198123e-02
330830 9.535663e-03 -1.238468e-02 2.472766e-01 2.161188e-02 -4.306322e-02 4.476630e-01 1.513390e+00 -3.844629e+00 2.511238e+01 7805 3.879689e-02
206367 5.362798e-03 -6.947716e-03 1.851462e-01 2.239895e-02 -2.422417e-02 2.855065e-01 4.292470e+00 -4.353017e+00 2.528702e+01 10191 4.716539e-02
582761 -7.074457e-03 -1.040061e-02 1.976637e-01 -2.179386e-02 -2.981886e-02 3.156098e-01 -2.384270e+00 -3.145396e+00 1.910507e+01 13741 6.086074e-02
121278 1.272292e-02 -8.543895e-03 2.169161e-01 6.463864e-02 -1.379353e-02 4.261364e-01 4.895954e+00 -4.950710e-01 1.973069e+01 6968 3.519108e-02
458200 2.309678e-03 -5.439102e-03 1.983608e-01 3.836060e-02 -4.201017e-02 5.870780e-01 2.218353e+00 -2.250359e+00 2.391928e+01 13070 5.878760e-02
710144 4.226552e-03 1.401262e-02 1.742870e-01 9.877913e-03 4.305845e-02 2.265990e-01 2.333920e+00 1.199546e+01 2.160399e+01 14081 5.989895e-02
584494 -2.039064e-02 1.446107e-02 2.040084e-01 -1.618563e-01 1.242125e-01 5.926266e-01 -7.487504e+00 5.808932e+00 2.056881e+01 11937 4.984793e-02
836238 3.505190e-03 -4.243379e-03 2.182935e-01 2.571694e-02 -2.496283e-02 7.231497e-01 1.049844e+00 -9.793101e-01 2.386215e+01 15010 6.552616e-02
334014 -6.221484e-03 1.664471e-02 1.988153e-01 -1.895745e-02 7.091649e-02 4.229914e-01 -1.111657e+00 4.737106e+00 1.956719e+01 9048 4.050254e-02
584878 -5.809202e-03 1.800425e-02 2.615540e-01 -2.571779e-02 1.822910e-01 1.403360e+00 -3.706722e-01 3.058807e+00 2.125896e+01 11282 4.815646e-02
585033 8.595323e-03 -4.011491e-04 2.050086e-01 2.518938e-02 -1.225799e-02 3.982116e-01 2.003265e+00 -1.431379e+00 2.332381e+01 7596 3.581099e-02
585758 6.870833e-03 2.213945e-03 1.641433e-01 3.080741e-02 1.817953e-02 2.457902e-01 6.597865e+00 4.400747e+00 2.250509e+01 9367 4.050941e-02
837506 1.338407e-02 1.654224e-02 2.221746e-01 3.981601e-02 5.293107e-02 3.717427e-01 4.213953e+00 5.801347e+00 2.384512e+01 10410 4.796400e-02
712716 4.048843e-03 1.224818e-03 2.981894e-01 1.610600e-02 -5.597486e-04 5.373832e-01 1.128449e+00 -1.670205e-01 2.238655e+01 9883 5.048466e-02
838200 1.575564e-02 1.949887e-03 1.779192e-01 1.145296e-01 1.973530e-02 3.639288e-01 1.020376e+01 1.837306e+00 1.921556e+01 13753 6.090356e-02
586683 1.872729e-02 -1.505206e-02 2.289152e-01 3.768429e-02 -3.285443e-02 3.157202e-01 5.214005e+00 -4.896430e+00 2.387517e+01 7001 3.253435e-02
587116 -8.409027e-03 1.390266e-02 1.828889e-01 -5.145372e-02 7.140202e-02 3.824370e-01 -4.328012e+00 5.781384e+00 2.006395e+01 11460 5.156680e-02
462640 1.085491e-02 -2.473990e-03 1.678765e-01 3.440627e-02 -5.568710e-03 2.233985e-01 7.464985e+00 -9.809219e-01 1.759858e+01 20006 8.343785e-02
211502 -4.429761e-03 1.002165e-02 2.526134e-01 -8.261791e-03 2.728282e-02 4.180187e-01 -6.166656e-01 2.777736e+00 2.661769e+01 12952 6.031407e-02
211559 2.901850e-02 5.899484e-03 2.444780e-01 9.039192e-01 9.550636e-02 2.875743e+00 7.896299e+00 8.087350e-01 2.374813e+01 15335 7.036167e-02
964497 -2.055245e-02 4.308763e-03 2.293859e-01 -6.931468e-02 1.490439e-02 4.046049e-01 -5.361250e+00 1.164954e+00 1.926477e+01 10659 5.003614e-02
337347 9.030132e-03 8.536671e-03 1.817356e-01 4.113147e-02 4.977363e-02 3.197980e-01 4.805791e+00 6.173457e+00 2.066889e+01 11695 5.139753e-02
588107 9.833384e-03 1.775838e-02 2.345029e-01 2.634099e-02 5.248190e-02 4.372257e-01 2.012492e+00 4.233249e+00 2.471456e+01 9135 4.269607e-02
964694 8.555792e-03 2.392500e-02 2.211847e-01 2.526905e-02 8.034844e-02 3.872929e-01 2.239987e+00 7.562125e+00 2.226258e+01 11019 4.891292e-02
714546 8.095114e-03 1.658545e-02 2.276494e-01 5.795787e-02 1.534500e-01 1.131734e+00 1.273574e+00 3.495737e+00 2.309175e+01 11696 5.545399e-02
964948 7.950611e-03 4.254704e-03 2.331338e-01 1.824841e-02 9.762304e-03 4.055077e-01 1.461475e+00 7.816443e-01 2.446348e+01 8820 4.109500e-02
964957 9.913143e-03 -6.642938e-03 1.740133e-01 2.767454e-02 -2.240720e-02 2.261301e-01 5.912719e+00 -5.247878e+00 1.734951e+01 11179 4.968669e-02
590559 1.288993e-02 2.072230e-02 3.118109e-01 1.477649e-01 1.822770e-01 1.972151e+00 1.905179e+00 2.282044e+00 2.345317e+01 8550 4.504252e-02
967141 6.332260e-03 1.704964e-02 2.572453e-01 2.877324e-02 5.238504e-02 5.255977e-01 1.896616e+00 2.986397e+00 2.268001e+01 18271 8.525018e-02
467702 -4.493286e-03 1.726214e-02 2.246204e-01 -9.026173e-03 3.534037e-02 3.023644e-01 -1.250722e+00 4.988178e+00 2.145124e+01 10791 5.268566e-02
846018 2.270259e-02 -1.197050e-02 1.887785e-01 1.055978e-01 -5.075120e-02 3.424538e-01 9.631547e+00 -4.505910e+00 1.785546e+01 9778 4.457254e-02
846171 9.792564e-03 1.866230e-03 1.697142e-01 3.270326e-02 4.796221e-03 2.173107e-01 1.008103e+01 1.289238e+00 2.094314e+01 9981 4.555126e-02
469454 1.593972e-02 4.354177e-03 3.226954e-01 7.818867e-02 2.294716e-02 1.051093e+00 1.967666e+00 5.877172e-01 2.302439e+01 11126 5.287333e-02
218859 -1.498890e-03 -4.530189e-03 1.858967e-01 -2.584069e-02 -2.573484e-02 3.437434e-01 -3.024806e+00 -2.634972e+00 1.961464e+01 13147 5.813697e-02
344783 -6.563979e-03 1.072297e-02 2.013186e-01 -9.361044e-02 1.743880e-01 1.122810e+00 -2.406638e+00 4.524968e+00 2.547716e+01 9344 4.317445e-02
344947 -4.092536e-03 -2.767205e-02 2.520635e-01 -2.171932e-02 -3.308960e-01 1.664553e+00 -3.917591e-01 -6.739219e+00 3.139289e+01 8447 4.239139e-02
722122 -1.651277e-02 2.465576e-02 2.712999e-01 -3.692545e-02 5.822384e-02 4.604164e-01 -1.852142e+00 3.045794e+00 1.715946e+01 14961 7.563322e-02
847553 -5.538904e-03 -9.858676e-03 1.787599e-01 -6.019158e-02 -7.507720e-02 3.686600e-01 -6.797089e+00 -8.111151e+00 2.361765e+01 10120 4.480885e-02
596092 1.647557e-02 2.334883e-02 3.012029e-01 3.231118e-02 4.228491e-02 4.668109e-01 2.426831e+00 2.901981e+00 2.537966e+01 12115 5.503912e-02
470926 -2.280578e-02 -7.345079e-03 1.691266e-01 -4.289993e-02 -1.232884e-02 1.911531e-01 -1.139394e+01 -2.825932e+00 1.248963e+01 14705 6.291370e-02
597099 -1.972219e-02 -7.434745e-03 1.815450e-01 -4.225378e-02 -1.667140e-02 2.269470e-01 -8.856676e+00 -3.630728e+00 1.784655e+01 21147 8.244306e-02
346276 7.476793e-03 -1.042172e-02 1.504124e-01 2.878720e-02 -4.015225e-02 1.606750e-01 1.126378e+01 -1.571431e+01 5.424388e+00 11369 5.064347e-02
849083 6.994801e-03 -6.926733e-03 1.683114e-01 2.498697e-02 -2.657522e-02 2.701186e-01 3.051958e+00 -3.332915e+00 1.726926e+01 9497 3.875703e-02
598540 -8.903254e-03 2.820102e-02 1.824938e-01 -1.250833e-02 3.866859e-02 1.965125e-01 -2.702863e+00 7.847935e+00 1.051037e+01 9301 4.576966e-02
975482 -2.052840e-02 2.378275e-03 1.601293e-01 -4.412360e-02 5.804185e-03 1.754894e-01 -1.141645e+01 1.657614e+00 7.431910e+00 7712 3.706172e-02
851226 1.020570e-02 2.098851e-02 2.146835e-01 1.723062e-02 3.251275e-02 2.612934e-01 3.407519e+00 5.589965e+00 2.260868e+01 10867 5.001373e-02
852712 -1.238640e-02 1.683311e-02 2.275531e-01 -1.858079e-02 2.812033e-02 2.721103e-01 -3.071300e+00 5.596429e+00 2.209232e+01 8973 4.428787e-02
350182 -2.367033e-02 8.396457e-03 2.624317e-01 -6.807830e-02 1.231212e-02 4.973186e-01 -3.722411e+00 3.282231e-01 1.968893e+01 9715 4.914842e-02
977900 -1.110933e-02 -1.382785e-02 2.139077e-01 -8.040376e-02 -1.498224e-01 7.938781e-01 -2.984265e+00 -5.856803e+00 2.497726e+01 12179 5.590137e-02
351652 2.577492e-02 -1.221211e-02 2.072512e-01 1.449624e-01 -6.797123e-02 4.781933e-01 9.940159e+00 -4.650273e+00 2.259639e+01 9115 4.147732e-02
226038 7.278619e-03 1.528821e-02 1.719639e-01 2.968534e-02 8.251039e-02 2.819490e-01 4.094848e+00 1.228491e+01 2.009988e+01 8721 3.985157e-02
477435 -1.379679e-02 5.505063e-03 2.156582e-01 -1.577521e-01 9.124818e-02 9.451524e-01 -4.567248e+00 2.720358e+00 2.314454e+01 15656 7.104127e-02
226621 -1.341397e-02 -2.651114e-03 1.805698e-01 -3.109411e-02 -3.192061e-03 2.306733e-01 -4.850574e+00 -1.484096e-01 1.374599e+01 10023 4.350394e-02
729914 -1.506005e-03 2.502477e-02 2.164450e-01 -1.917486e-02 1.826190e-01 6.656442e-01 -9.265959e-01 8.264608e+00 2.355705e+01 10464 4.808356e-02
478864 7.399772e-03 1.499751e-02 2.821748e-01 2.772128e-02 1.032288e-01 8.912508e-01 8.128501e-01 3.529206e+00 2.436273e+01 12644 5.699280e-02
856739 1.812337e-02 -5.878594e-03 2.445490e-01 5.356500e-02 -2.492430e-02 4.398235e-01 4.192404e+00 -2.252924e+00 2.309909e+01 13580 6.504285e-02
354755 -5.764625e-03 -2.000412e-02 2.065267e-01 -1.404772e-02 -5.739378e-02 3.146568e-01 -1.601251e+00 -7.227998e+00 2.090322e+01 14245 6.772639e-02
859245 -2.805587e-02 3.824283e-03 2.166104e-01 -2.128821e-01 3.926644e-02 7.150936e-01 -8.211585e+00 1.574648e+00 2.214695e+01 9199 4.366746e-02
734025 1.371216e-03 -4.853666e-03 2.225535e-01 2.456816e-03 -1.559259e-02 4.659134e-01 8.853076e-02 -8.757596e-01 1.984601e+01 11250 5.161914e-02
231428 4.740860e-03 -1.715723e-02 1.994437e-01 2.698280e-02 -7.592704e-02 3.804282e-01 2.493020e+00 -6.587301e+00 2.028592e+01 16704 7.029302e-02
482949 -2.235139e-03 -1.735365e-02 1.658805e-01 -6.025615e-03 -5.997120e-02 2.185072e-01 -9.784065e-01 -1.100054e+01 1.358412e+01 9708 4.092880e-02
985052 1.836523e-02 -6.608233e-03 2.432144e-01 6.534258e-02 -2.868900e-02 4.676620e-01 5.181059e+00 -2.435253e+00 2.475397e+01 15244 6.784423e-02
357494 1.969622e-02 1.064058e-02 3.213734e-01 1.456979e-01 1.372875e-01 1.435013e+00 2.581381e+00 2.594602e+00 2.281502e+01 8322 4.291046e-02
860420 4.073866e-03 5.190908e-03 1.877454e-01 1.815933e-02 3.171096e-02 3.578177e-01 2.290193e+00 4.311966e+00 2.765251e+01 10990 4.713769e-02
483387 3.402819e-04 -1.110477e-02 2.592555e-01 -1.217172e-02 -5.897805e-02 9.465435e-01 -4.672590e-01 -1.787821e+00 2.566668e+01 14059 6.140030e-02
860600 -1.879066e-02 -1.498291e-03 1.649194e-01 -3.614987e-02 -3.006035e-03 1.870477e-01 -1.110617e+01 -9.646327e-01 1.415739e+01 9764 4.305072e-02
986381 4.078075e-03 -2.696421e-03 2.653904e-01 1.352080e-03 -3.535419e-02 7.253381e-01 -1.560323e-01 -1.869286e+00 2.632678e+01 16122 7.441822e-02
484649 -1.582548e-04 -1.885600e-02 1.846483e-01 8.721784e-04 -7.933935e-02 3.117087e-01 1.434592e-01 -8.420628e+00 1.768963e+01 13450 5.990845e-02
736979 1.542509e-02 1.396044e-02 1.919956e-01 7.888068e-02 7.393237e-02 3.672163e-01 7.078563e+00 6.689955e+00 1.954611e+01 13839 5.919861e-02
485496 2.929465e-03 -2.511855e-02 2.610201e-01 5.908723e-03 -5.169320e-02 3.652661e-01 6.101432e-01 -5.442409e+00 2.134926e+01 13119 5.939787e-02
862713 6.425844e-03 4.649921e-03 2.041526e-01 3.036190e-02 2.596960e-02 4.450147e-01 2.479854e+00 2.208789e+00 2.495410e+01 16493 7.116488e-02
611182 -1.337613e-02 -2.419722e-02 2.034636e-01 -2.301566e-02 -4.073837e-02 2.470443e-01 -4.752612e+00 -8.155349e+00 2.148681e+01 17212 7.970303e-02
864353 1.493160e-02 3.607662e-03 1.627214e-01 4.330695e-02 1.447896e-02 1.943601e-01 9.904013e+00 3.794472e+00 1.104304e+01 10467 4.520136e-02
613195 -1.785582e-02 1.679088e-03 1.793536e-01 -4.403352e-02 5.969337e-03 2.303774e-01 -9.149685e+00 1.499537e+00 1.783395e+01 8983 4.054143e-02
488369 -1.036724e-02 1.284067e-02 2.526396e-01 -8.641792e-02 7.221162e-02 8.112476e-01 -3.392991e+00 2.648827e+00 2.492222e+01 8062 3.986299e-02
740256 3.344217e-03 2.427557e-02 1.673015e-01 1.347431e-02 1.150653e-01 2.473787e-01 1.155838e+00 1.035906e+01 9.136755e+00 9520 4.316467e-02
990677 -7.134051e-03 2.375743e-03 1.760505e-01 -2.929142e-02 7.472892e-03 2.426715e-01 -8.382073e+00 1.928238e+00 2.520256e+01 18595 8.026636e-02
237316 -1.812506e-02 2.350069e-02 2.149868e-01 -4.799732e-02 6.256804e-02 3.329445e-01 -4.257304e+00 5.567761e+00 1.681097e+01 15162 6.744937e-02
488912 -5.503962e-03 -5.213537e-03 1.763483e-01 -2.561304e-02 -2.405966e-02 2.965509e-01 -3.834181e+00 -3.593374e+00 2.291892e+01 9649 4.190486e-02
363434 -2.562540e-02 1.437143e-02 1.990530e-01 -1.151978e-01 6.141911e-02 3.619668e-01 -1.179593e+01 6.195787e+00 2.145438e+01 13122 5.430640e-02
489889 1.463841e-02 -1.132789e-02 1.758890e-01 5.738260e-02 -4.336228e-02 2.661959e-01 8.841265e+00 -6.626037e+00 1.867919e+01 11541 5.039020e-02
741892 5.328994e-03 -1.351733e-02 1.689162e-01 1.995598e-02 -5.159903e-02 2.423172e-01 3.959517e+00 -1.030870e+01 1.986962e+01 15245 6.797751e-02
238997 4.243284e-03 8.859796e-03 2.152454e-01 2.958617e-02 3.170356e-02 4.684525e-01 2.233563e+00 2.013307e+00 2.231609e+01 8557 3.867645e-02
742883 2.010505e-02 -1.111113e-02 2.176383e-01 8.599312e-02 -3.902632e-02 4.246699e-01 6.479966e+00 -2.745406e+00 2.036116e+01 14320 6.069749e-02
491363 -1.272726e-02 -1.118887e-02 1.923697e-01 -8.281376e-02 -5.352292e-02 4.001263e-01 -7.240980e+00 -4.373738e+00 2.146434e+01 10918 5.009363e-02
240827 1.312526e-02 -1.050365e-02 1.839889e-01 9.780917e-02 -8.612220e-02 5.277152e-01 4.781227e+00 -4.269399e+00 1.940668e+01 13078 5.164377e-02
617726 1.604372e-02 -1.800782e-02 3.077296e-01 1.663538e-01 -2.642115e-01 2.442248e+00 1.831899e+00 -3.000599e+00 2.601437e+01 12302 6.027406e-02
744282 1.974162e-03 -1.068265e-02 1.628629e-01 9.626019e-03 -2.965845e-02 1.997870e-01 3.281504e+00 -8.137787e+00 1.583493e+01 12693 5.637514e-02
744376 -1.649675e-02 5.401089e-03 1.757329e-01 -3.222227e-02 1.225578e-02 2.086185e-01 -8.286776e+00 3.612175e+00 1.732951e+01 13860 6.265809e-02
241127 8.121838e-03 9.520575e-03 2.792499e-01 9.091569e-02 1.024970e-01 1.288009e+00 1.646082e+00 1.848530e+00 2.005583e+01 15283 7.189297e-02
241421 -1.475540e-02 -3.191300e-03 1.755475e-01 -4.835637e-02 -9.088111e-03 2.571864e-01 -7.275886e+00 -1.276883e+00 1.767791e+01 10743 4.368517e-02
870239 7.982915e-03 -9.291899e-03 1.664847e-01 2.580870e-02 -2.754555e-02 2.116371e-01 7.191193e+00 -7.363802e+00 1.821518e+01 21532 8.517569e-02
241664 -6.083263e-03 1.143458e-02 2.814036e-01 -3.802206e-02 7.720168e-02 1.067408e+00 -1.033763e+00 2.128684e+00 2.544061e+01 11622 5.273692e-02
367805 -2.611824e-02 7.267833e-03 1.893505e-01 -9.012297e-02 2.775428e-02 2.906171e-01 -1.299761e+01 4.160239e+00 2.056449e+01 10039 4.431854e-02
494627 1.782588e-02 2.311110e-03 1.780019e-01 4.513714e-02 9.689032e-03 2.266874e-01 1.076687e+01 2.908586e+00 1.919322e+01 13299 5.869090e-02
996824 -4.037704e-03 -2.883069e-02 2.862741e-01 -1.256860e-01 -4.584922e-01 2.379230e+00 -1.245013e+00 -4.397381e+00 2.142041e+01 10754 5.509067e-02
997172 -1.936739e-02 7.862499e-03 2.576333e-01 -3.514710e-02 1.077269e-02 3.288102e-01 -4.300939e+00 7.932059e-01 1.940008e+01 6423 3.506488e-02
244652 5.993168e-03 1.333137e-03 1.911665e-01 3.490792e-02 2.194728e-04 3.018169e-01 5.525167e+00 -2.128043e-01 2.114360e+01 8565 3.908718e-02
498637 -6.389800e-03 1.629280e-02 2.164047e-01 -5.417425e-02 1.098861e-01 6.655691e-01 -2.474230e+00 4.846169e+00 2.325728e+01 7678 3.524242e-02
373065 2.164650e-02 -1.886504e-02 3.065811e-01 6.684148e-02 -5.308493e-02 6.572322e-01 2.736847e+00 -2.072235e+00 2.123418e+01 16616 7.642082e-02
624764 -2.075262e-02 3.324300e-03 2.441961e-01 -5.895074e-02 1.908831e-02 4.239244e-01 -4.457971e+00 1.839764e+00 2.097547e+01 10724 4.709209e-02
499532 1.358469e-02 -2.058734e-02 2.748235e-01 7.243458e-02 -1.188779e-01 7.602035e-01 2.722459e+00 -4.547028e+00 2.245419e+01 12354 5.793613e-02
