/n/home03/calmiller/DSMC_Simulations/5_29_20_cold_guided/flow_4.00000_gap_0.00100_len_0.08000_T1_2.00000_T2_0.50000/data
running....
idx x y z xnext ynext znext vx vy vz collides time
250377 -9.671830e-03 2.666718e-02 1.880335e-01 -2.745038e-02 8.294470e-02 2.928559e-01 -4.745537e+00 1.502187e+01 2.797972e+01 16609 7.283519e-02
250977 6.947498e-03 -2.082899e-02 2.499108e-01 2.569089e-02 -2.449576e-01 1.376206e+00 6.797509e-01 -8.128288e+00 4.084640e+01 14059 5.467638e-02
377396 -4.060434e-03 1.212505e-02 1.592836e-01 -6.568155e-03 4.645770e-02 2.024435e-01 -1.273748e+00 1.743859e+01 2.192223e+01 6654 2.917625e-02
252988 -1.194267e-02 -6.156553e-03 1.787524e-01 -1.151801e-01 -1.406760e-01 5.483562e-01 -9.693728e+00 -1.263103e+01 3.470485e+01 12832 5.799307e-02
253212 -1.754949e-02 1.266954e-02 2.042006e-01 -5.971664e-02 5.861747e-02 3.799126e-01 -7.070776e+00 7.704753e+00 2.946417e+01 9473 4.232393e-02
253765 9.684947e-03 -1.760046e-02 1.777746e-01 2.591061e-02 -4.513998e-02 2.244841e-01 9.199673e+00 -1.561443e+01 2.648351e+01 10286 4.399849e-02
5326 8.728720e-03 -2.244137e-02 1.535163e-01 2.273543e-02 -6.944131e-02 1.709970e-01 5.116425e+00 -1.716832e+01 6.385429e+00 9089 4.068726e-02
5891 1.445850e-02 1.699783e-02 1.740860e-01 2.541655e-02 3.497719e-02 2.022535e-01 9.488490e+00 1.556819e+01 2.438999e+01 10406 4.250531e-02
379673 1.641796e-02 -8.776392e-03 2.315922e-01 1.649510e-01 -6.335111e-02 9.270548e-01 7.652968e+00 -2.811890e+00 3.583279e+01 10264 4.790148e-02
379816 -2.879829e-02 1.902725e-03 2.257488e-01 -2.687347e-01 7.687735e-02 9.484673e-01 -1.034026e+01 3.231095e+00 3.114616e+01 8785 4.100903e-02
380685 -1.939995e-03 2.896345e-02 2.091494e-01 -6.392261e-03 4.603472e-02 2.387098e-01 -4.546657e+00 1.743319e+01 3.018705e+01 11638 5.003737e-02
381139 -1.188265e-02 -1.665411e-02 1.910754e-01 -1.008178e-01 -1.468210e-01 5.775868e-01 -7.510773e+00 -1.099288e+01 3.264174e+01 12507 5.406755e-02
381200 1.593252e-02 2.369916e-02 3.049152e-01 1.771986e-01 2.802475e-01 1.736704e+00 4.554576e+00 7.245594e+00 4.043747e+01 13993 6.307884e-02
882552 -8.616066e-03 1.070928e-02 1.681558e-01 -2.313550e-02 3.114583e-02 2.068155e-01 -9.938153e+00 1.398825e+01 2.646147e+01 11171 5.029866e-02
136231 -1.903725e-03 8.204876e-03 1.670563e-01 -3.360306e-03 8.871098e-02 3.578256e-01 -2.600838e-01 1.437499e+01 3.406335e+01 10064 4.427661e-02
637621 1.127703e-02 1.382646e-02 1.712184e-01 2.562571e-02 3.894403e-02 2.105481e-01 7.217113e+00 1.263365e+01 1.978210e+01 16556 6.844548e-02
763593 -1.591679e-02 -2.743811e-03 1.921298e-01 -1.121425e-01 -5.997015e-02 5.493018e-01 -8.529247e+00 -5.072423e+00 3.165898e+01 8732 3.873599e-02
138586 2.140709e-02 -1.361121e-02 1.964372e-01 2.909345e-02 -1.879701e-02 2.149704e-01 1.378032e+01 -9.297250e+00 3.322695e+01 10803 4.733447e-02
18150 -3.767873e-03 2.575687e-02 1.783699e-01 -2.466885e-02 1.497660e-01 3.073206e-01 -2.945520e+00 1.747628e+01 1.817269e+01 12583 5.379290e-02
264130 -5.156813e-03 1.002483e-02 1.645343e-01 -2.454559e-02 5.347763e-02 2.408377e-01 -5.441787e+00 1.219576e+01 2.141583e+01 8825 4.048656e-02
264232 1.563887e-02 1.179178e-02 2.150984e-01 3.471958e-01 1.628261e-01 1.550384e+00 8.288229e+00 3.775543e+00 3.337935e+01 11147 4.846778e-02
265428 -7.346615e-03 4.904835e-03 1.633133e-01 -4.549741e-02 2.867275e-02 2.592905e-01 -1.253315e+01 7.808145e+00 3.153007e+01 12965 5.937766e-02
390139 -3.566917e-03 -3.378582e-03 1.697931e-01 -4.851451e-02 -2.241729e-02 3.977250e-01 -5.762892e+00 -2.441021e+00 2.922396e+01 13764 6.058260e-02
266070 -6.050012e-04 1.771086e-04 1.893381e-01 -1.176918e-03 1.189914e-02 3.690026e-01 -9.357015e-02 1.917818e+00 2.939454e+01 7650 3.530525e-02
20746 1.646765e-03 -1.120572e-02 1.693667e-01 1.629344e-02 -4.740406e-02 2.810989e-01 3.302140e+00 -8.161032e+00 2.519040e+01 9237 4.206130e-02
640383 2.539785e-02 6.399626e-03 2.158821e-01 4.538660e-01 4.225843e-02 1.444755e+00 1.098554e+01 9.193880e-01 3.150721e+01 8625 4.024111e-02
266688 -6.547164e-03 3.560437e-03 1.758032e-01 -2.727387e-02 2.204221e-02 2.997484e-01 -6.631903e+00 5.913593e+00 3.965858e+01 11835 5.294153e-02
641336 8.738175e-03 -5.937940e-03 1.629555e-01 2.879598e-02 -1.653090e-02 1.978328e-01 9.914967e+00 -5.236309e+00 1.724056e+01 7900 3.370287e-02
892950 1.718409e-02 -2.096175e-02 2.246800e-01 1.448110e-01 -2.207673e-01 9.198003e-01 5.687726e+00 -8.904381e+00 3.097820e+01 14310 6.176993e-02
270312 -5.996040e-03 1.356170e-02 2.451186e-01 -2.831839e-02 7.007003e-02 5.673322e-01 -2.719267e+00 6.883741e+00 3.925147e+01 17886 7.081586e-02
26843 4.895939e-03 2.714975e-02 1.776038e-01 2.300444e-02 9.057462e-02 2.572749e-01 6.203990e+00 2.172942e+01 2.729539e+01 9067 4.145177e-02
771554 3.856983e-03 9.853857e-03 1.781231e-01 1.009853e-02 5.190446e-02 2.808759e-01 1.882692e+00 1.268409e+01 3.099419e+01 7520 3.292916e-02
522011 -6.031715e-03 1.273600e-03 1.743665e-01 -4.879374e-02 -1.571192e-03 3.755825e-01 -7.929357e+00 -5.275093e-01 3.731146e+01 9685 4.397898e-02
522521 1.722917e-02 -1.924479e-02 2.452997e-01 1.294391e-01 -7.829700e-02 8.515123e-01 6.799250e+00 -3.578212e+00 3.673287e+01 15355 6.672618e-02
272585 -1.299331e-02 -5.404805e-03 1.938849e-01 -2.803262e-02 -1.817929e-02 2.579713e-01 -5.563394e+00 -4.725585e+00 2.370707e+01 15181 6.527926e-02
523438 1.229370e-02 4.299372e-03 1.835319e-01 3.207091e-02 1.478886e-02 2.595237e-01 9.935249e+00 5.269485e+00 3.817512e+01 9965 4.323081e-02
523470 1.469497e-02 9.416519e-03 1.918822e-01 2.342947e-01 2.143430e-01 1.048768e+00 8.963235e+00 8.364330e+00 3.497484e+01 14673 5.772779e-02
274971 2.250311e-02 -1.696271e-02 2.903513e-01 5.241607e-01 -2.513035e-01 2.973396e+00 6.719786e+00 -3.139034e+00 3.593983e+01 14817 6.218908e-02
525989 7.789066e-03 1.121689e-02 2.807548e-01 5.281360e-02 3.590312e-01 3.166914e+00 6.925734e-01 5.350126e+00 4.439528e+01 12896 5.935272e-02
899774 -3.397150e-03 8.512749e-03 1.769825e-01 -8.979136e-03 3.161848e-02 2.689526e-01 -1.759069e+00 7.281381e+00 2.898284e+01 11556 5.200376e-02
276264 8.097182e-03 -1.042939e-03 1.537326e-01 4.813426e-02 -1.648298e-03 2.070826e-01 1.910062e+01 -2.888007e-01 2.545191e+01 12458 4.827564e-02
528004 -1.244265e-02 -2.995641e-03 3.004797e-01 -8.569090e-01 -2.112068e-01 7.701312e+00 -4.423273e+00 -1.090600e+00 3.876519e+01 7868 3.795439e-02
651175 -9.067505e-03 1.749933e-02 1.936133e-01 -4.468098e-02 8.824233e-02 3.741187e-01 -6.182094e+00 1.228018e+01 3.133369e+01 18524 7.427500e-02
780372 1.090611e-02 1.087957e-02 1.918467e-01 4.110918e-02 3.761266e-02 2.994676e-01 9.525508e+00 8.431142e+00 3.394173e+01 19539 8.614813e-02
905232 -4.013911e-03 -1.902887e-02 2.028195e-01 -5.605484e-02 -2.492496e-01 8.673527e-01 -2.431227e+00 -1.075536e+01 3.104540e+01 10453 4.760488e-02
41766 -1.163927e-02 1.558489e-02 2.040008e-01 -7.850166e-02 1.049142e-01 4.737481e-01 -7.555258e+00 1.009396e+01 3.048067e+01 12251 5.392781e-02
284215 1.840950e-02 -9.221551e-03 1.610272e-01 2.886325e-02 -9.682401e-03 1.648652e-01 1.703550e+01 -7.510049e-01 6.254448e+00 14405 5.953526e-02
658747 3.961874e-03 1.321363e-02 1.705889e-01 2.002916e-02 3.613152e-02 2.299444e-01 7.232663e+00 1.031645e+01 2.671877e+01 12095 5.573761e-02
910888 2.922794e-02 2.121893e-03 2.408770e-01 7.268447e-01 1.028628e-01 2.392153e+00 1.179372e+01 1.703098e+00 3.636888e+01 6759 3.209048e-02
661016 -2.174358e-02 2.604691e-03 2.513791e-01 -4.594285e-02 1.605792e-02 4.157046e-01 -4.723254e+00 2.625823e+00 3.207332e+01 14185 6.481198e-02
163887 2.177463e-03 5.365137e-03 1.747915e-01 2.513957e-02 2.447213e-02 3.078063e-01 5.460791e+00 4.543978e+00 3.163326e+01 13138 5.398048e-02
164023 9.400567e-03 -3.062111e-03 1.608002e-01 3.194328e-02 -4.621032e-03 1.888498e-01 2.187056e+01 -1.512439e+00 2.721324e+01 7997 3.381920e-02
790124 -6.294243e-03 -1.235038e-02 1.660631e-01 -1.121165e-02 -3.221628e-02 2.016783e-01 -3.282449e+00 -1.326082e+01 2.377375e+01 10499 4.931504e-02
540195 1.110739e-02 -1.297365e-02 2.118734e-01 1.265576e-01 -1.032073e-01 9.902212e-01 5.272798e+00 -4.121120e+00 3.554841e+01 9792 4.591206e-02
289756 -1.701789e-02 2.379224e-02 2.059140e-01 -3.106873e-02 4.429702e-02 2.590363e-01 -9.356447e+00 1.365411e+01 3.537407e+01 13894 6.067660e-02
913068 3.216078e-03 2.256271e-03 2.621156e-01 -1.083192e-01 9.089614e-02 2.592789e+00 -1.827751e+00 1.452559e+00 3.819322e+01 12448 5.610031e-02
51850 -6.232576e-04 1.433956e-03 2.110151e-01 -9.413160e-03 -2.532715e-04 4.854257e-01 -1.295676e+00 -2.487059e-01 4.044952e+01 10657 4.777649e-02
52877 1.409348e-02 -9.792328e-03 1.800110e-01 8.156136e-02 -7.552070e-02 4.102321e-01 8.167325e+00 -7.956748e+00 2.786941e+01 9763 4.404015e-02
915011 -1.164053e-02 -5.164161e-03 1.651210e-01 -8.672299e-02 -3.200863e-02 2.963343e-01 -1.465591e+01 -5.239975e+00 2.561253e+01 13631 5.936011e-02
915378 2.200911e-02 1.788335e-02 1.951669e-01 2.527725e-02 2.126684e-02 2.039884e-01 1.056234e+01 1.093514e+01 2.851029e+01 10378 4.815712e-02
416024 -2.444104e-03 3.824401e-03 2.274770e-01 -4.193826e-02 7.425649e-03 5.039084e-01 -4.973052e+00 4.534644e-01 3.480788e+01 11530 5.075668e-02
542963 7.034392e-03 1.223349e-02 1.949587e-01 1.819433e-02 5.099972e-02 3.495320e-01 2.259971e+00 7.850451e+00 3.130225e+01 19730 7.872927e-02
665963 -1.221040e-03 6.406254e-03 2.166359e-01 -3.984142e-03 3.927595e-02 4.027793e-01 -4.156503e-01 4.944552e+00 2.800135e+01 9162 3.743600e-02
294761 -6.536706e-03 -2.689428e-03 1.638341e-01 -4.417206e-02 -2.183808e-02 2.976440e-01 -9.074225e+00 -4.616914e+00 3.226276e+01 14074 6.039186e-02
546090 1.119465e-02 8.836294e-03 1.913101e-01 6.458529e-02 5.079857e-02 4.299567e-01 7.871578e+00 6.186653e+00 3.518454e+01 7504 3.503694e-02
918520 3.141338e-03 1.133960e-02 1.883460e-01 1.717973e-02 4.304043e-02 3.105596e-01 4.254888e+00 9.608185e+00 3.704163e+01 16851 6.499214e-02
668406 1.574808e-02 -7.985308e-03 1.720300e-01 5.538845e-02 -2.416615e-02 2.379123e-01 1.617328e+01 -6.601786e+00 2.687999e+01 9840 4.220927e-02
548262 -1.151193e-02 2.566510e-02 2.488578e-01 -1.334281e-01 2.582606e-01 1.221411e+00 -4.281906e+00 8.169156e+00 3.415776e+01 10200 4.493311e-02
61951 -1.096444e-02 -7.191082e-03 1.659587e-01 -5.554787e-02 -3.110963e-02 2.390752e-01 -1.361828e+01 -7.306064e+00 2.233386e+01 8131 3.718022e-02
172940 -2.502637e-02 1.122835e-02 1.740407e-01 -2.028500e-01 8.996293e-02 3.738118e-01 -1.877759e+01 8.314110e+00 2.109517e+01 14641 6.380516e-02
921268 5.113043e-03 7.652496e-03 1.611417e-01 1.878523e-02 4.048374e-02 2.134082e-01 6.846810e+00 1.644135e+01 2.617418e+01 10588 4.086343e-02
63016 -9.097686e-03 5.301944e-04 1.732751e-01 -4.641526e-02 -5.460731e-04 3.116773e-01 -9.399593e+00 -2.710915e-01 3.486088e+01 11656 5.055503e-02
64424 -5.793737e-03 -9.863378e-03 1.795602e-01 -5.196103e-02 -8.410272e-02 5.941509e-01 -4.421893e+00 -7.110628e+00 3.970940e+01 10929 4.553400e-02
800637 1.236670e-02 -5.026293e-03 1.737345e-01 4.144419e-02 -1.507909e-02 2.301457e-01 1.505048e+01 -5.203313e+00 2.919837e+01 10018 4.453942e-02
554797 -5.701191e-04 2.610364e-02 2.641964e-01 1.795773e-02 1.700620e-01 1.099834e+00 6.712832e-01 5.215761e+00 3.027602e+01 7901 3.926260e-02
427839 -4.582501e-03 9.406002e-03 1.788027e-01 -2.874164e-02 7.708031e-02 4.053583e-01 -3.466153e+00 9.709350e+00 3.250432e+01 14429 5.579784e-02
555319 -6.907385e-03 1.736587e-02 1.708157e-01 -1.236566e-02 2.887950e-02 1.872253e-01 -7.547515e+00 1.592065e+01 2.269057e+01 11523 4.934630e-02
179889 1.655402e-02 -2.091184e-02 3.255978e-01 1.489084e-01 -2.157583e-01 1.701167e+00 3.858070e+00 -5.679685e+00 4.009722e+01 10908 4.980537e-02
677488 -6.223983e-03 1.058442e-02 2.243914e-01 -5.081447e-02 5.651837e-02 6.694466e-01 -3.038457e+00 3.130002e+00 3.032667e+01 13700 5.913136e-02
307069 9.986338e-03 -7.743848e-04 1.729919e-01 3.736335e-02 -5.481470e-03 2.309780e-01 1.636931e+01 -2.814468e+00 3.467115e+01 8048 3.404015e-02
182992 -1.596820e-02 -1.532549e-02 1.792811e-01 -9.284638e-02 -1.225293e-01 4.459220e-01 -7.566235e+00 -1.055083e+01 2.624240e+01 11958 5.107886e-02
432242 2.092804e-02 -9.917410e-04 1.700766e-01 1.091626e-01 1.265300e-03 2.810548e-01 1.757894e+01 4.496696e-01 2.211014e+01 7991 3.542796e-02
432417 2.673865e-02 -7.761117e-03 2.140306e-01 5.433663e-01 -1.821161e-01 1.332606e+00 1.077894e+01 -3.637751e+00 2.333800e+01 11816 4.920544e-02
560943 -5.955405e-03 6.129556e-03 2.427004e-01 -8.146076e-02 2.424312e-02 1.045089e+00 -3.853746e+00 9.245048e-01 4.095340e+01 10565 4.608568e-02
185384 -2.993991e-04 -6.771844e-03 1.797909e-01 4.943615e-03 -5.727202e-02 4.220600e-01 7.702978e-01 -7.419430e+00 3.559390e+01 8850 3.879094e-02
562921 2.917865e-02 3.505332e-03 1.790306e-01 1.495940e-01 2.451606e-02 3.091894e-01 1.953595e+01 3.408738e+00 2.111670e+01 9998 4.433679e-02
435314 -1.227535e-02 -1.165489e-02 1.688746e-01 -9.402668e-02 -9.075680e-02 3.027341e-01 -1.662510e+01 -1.608631e+01 2.722191e+01 9983 4.415961e-02
563734 -1.048882e-02 1.252719e-02 2.476326e-01 -1.193800e-01 1.718815e-01 1.008538e+00 -5.424787e+00 7.938783e+00 3.790711e+01 11621 5.313827e-02
565921 -4.793569e-03 -1.645428e-02 1.939409e-01 -1.004911e-02 -3.374913e-02 2.313211e-01 -3.907541e+00 -1.285887e+01 2.779248e+01 6150 2.654757e-02
189629 -1.776640e-02 1.863722e-02 1.938629e-01 -5.231787e-02 7.189494e-02 3.067152e-01 -9.651810e+00 1.487732e+01 3.152482e+01 12708 5.646111e-02
816197 -1.369398e-02 1.062793e-02 1.770307e-01 -2.960672e-02 1.977072e-02 2.076428e-01 -1.256776e+01 7.220907e+00 2.417726e+01 14477 6.232632e-02
84457 -1.341678e-02 1.999774e-02 1.726467e-01 -1.967333e-02 2.880022e-02 1.826902e-01 -1.430628e+01 2.012784e+01 2.296566e+01 11507 5.068067e-02
439077 -2.062869e-02 9.230765e-03 2.167444e-01 -3.047846e-02 1.508830e-02 2.561240e-01 -7.640655e+00 4.543804e+00 3.054751e+01 11765 5.559031e-02
938209 -1.370783e-02 1.245538e-02 2.398276e-01 -2.684912e-02 4.786602e-02 6.210742e-01 -1.383039e+00 3.726749e+00 4.012383e+01 8922 4.208077e-02
567767 7.894012e-05 1.768261e-02 1.734192e-01 -1.418029e-02 6.982480e-02 2.650181e-01 -4.577984e+00 1.674046e+01 2.940817e+01 12684 5.600097e-02
817880 1.507431e-03 -1.949655e-02 1.589960e-01 4.318293e-03 -5.409332e-02 1.847699e-01 1.455441e+00 -1.791392e+01 1.334550e+01 9154 4.167775e-02
688851 1.213440e-02 -6.460519e-03 3.147391e-01 2.595107e-01 -7.413226e-02 2.626201e+00 4.224563e+00 -1.155663e+00 3.947394e+01 8902 4.048847e-02
87077 7.641655e-03 -1.251333e-02 1.804864e-01 2.947906e-02 -5.881203e-02 2.989387e-01 5.396461e+00 -1.144134e+01 2.927194e+01 15322 6.710696e-02
318059 -1.228949e-02 -1.738442e-02 1.943716e-01 -1.875252e-01 -3.001055e-01 9.480440e-01 -8.005269e+00 -1.291551e+01 3.442991e+01 11987 5.157690e-02
690409 -5.518841e-04 1.516931e-02 1.729359e-01 -1.804733e-03 3.342821e-02 2.088790e-01 -1.064641e+00 1.551597e+01 3.054357e+01 11204 4.501049e-02
570207 1.195825e-02 1.406693e-02 1.804857e-01 7.631842e-02 1.269695e-01 4.300780e-01 8.349897e+00 1.464764e+01 3.238136e+01 9954 4.555399e-02
570972 -2.055296e-02 -5.783087e-03 1.764420e-01 -5.929703e-02 -1.431684e-02 2.385133e-01 -1.766128e+01 -3.890066e+00 2.829486e+01 10280 4.608178e-02
693123 3.977826e-03 2.152207e-02 1.729019e-01 2.292048e-02 8.366614e-02 2.689335e-01 5.171164e+00 1.696474e+01 2.621572e+01 11547 5.160825e-02
822930 2.529642e-02 1.643503e-03 2.739257e-01 2.330639e-01 9.971534e-02 1.323615e+00 6.065522e+00 2.863089e+00 3.064441e+01 8422 3.880519e-02
694774 -9.394513e-03 -2.430907e-02 2.106370e-01 -3.129407e-02 -8.563366e-02 3.574159e-01 -4.167362e+00 -1.166972e+01 2.793120e+01 13288 5.735257e-02
198108 -8.949885e-04 9.665011e-03 1.661874e-01 -2.134875e-03 5.095410e-02 2.552561e-01 -4.041472e-01 1.345839e+01 2.903239e+01 10939 4.708871e-02
324291 -4.427420e-03 -1.246999e-02 1.992526e-01 -2.508963e-02 -8.302985e-02 5.136655e-01 -1.788541e+00 -6.107731e+00 2.721589e+01 10581 4.876127e-02
97412 -9.182059e-03 1.319712e-02 2.535068e-01 -1.537325e-02 2.320738e-02 3.710128e-01 -1.758534e+00 2.843295e+00 3.337616e+01 7188 3.426467e-02
327085 2.836188e-03 1.992530e-02 2.072461e-01 2.075066e-02 8.689627e-02 4.150428e-01 3.035594e+00 1.134818e+01 3.521099e+01 18825 8.739855e-02
829088 -1.658439e-02 1.448351e-02 1.606590e-01 -1.746944e-01 1.712783e-01 2.944609e-01 -1.559539e+01 1.546565e+01 1.319772e+01 10897 4.679160e-02
579350 2.461237e-03 -5.751218e-03 1.641266e-01 1.702389e-02 -2.887684e-02 2.657156e-01 4.930031e+00 -7.828933e+00 3.439189e+01 12173 5.270784e-02
579388 2.233318e-03 -1.460057e-02 1.975739e-01 7.791379e-02 -2.546333e-01 1.067707e+00 3.251458e+00 -1.031252e+01 3.738352e+01 11577 5.113838e-02
829880 -1.444810e-02 -1.805280e-02 1.593261e-01 -3.043856e-02 -3.791679e-02 1.743753e-01 -1.445383e+01 -1.795513e+01 1.360303e+01 9010 4.127810e-02
950419 1.513566e-02 1.002153e-02 2.234758e-01 8.301022e-02 5.727376e-02 5.894714e-01 6.580497e+00 4.581145e+00 3.548359e+01 11092 4.626358e-02
700403 7.834458e-03 -8.925945e-03 1.718451e-01 1.494060e-02 -2.722089e-02 2.369654e-01 3.792294e+00 -9.763367e+00 3.475236e+01 8410 3.694736e-02
103236 7.858902e-03 -1.678246e-02 2.383868e-01 9.489236e-02 -1.486380e-01 9.534845e-01 4.378433e+00 -6.633316e+00 3.597475e+01 14005 5.807737e-02
951344 8.140101e-03 -4.779937e-03 1.698765e-01 7.806511e-02 -2.994308e-02 3.927429e-01 1.196120e+01 -4.304344e+00 3.812296e+01 13192 5.672522e-02
701443 1.161814e-02 1.262630e-02 2.377746e-01 1.169188e-01 1.506992e-01 1.572203e+00 2.950700e+00 3.869034e+00 3.739292e+01 9092 3.974952e-02
832490 2.155832e-02 -8.055764e-03 6.613388e-02 2.804054e-02 -1.224221e-02 6.787898e-02 2.119393e+01 -1.368777e+01 5.705704e+00 2907 1.006805e-02
833894 2.335195e-03 -7.238396e-03 1.771010e-01 1.880496e-02 -3.626779e-02 3.468162e-01 3.906332e+00 -6.885248e+00 4.025337e+01 17458 7.726126e-02
108310 5.877220e-03 7.984282e-03 1.877127e-01 1.476530e-02 4.316631e-02 3.124843e-01 2.586827e+00 1.023953e+01 3.631406e+01 5113 2.324664e-02
109167 -1.342389e-02 -2.661395e-03 1.680266e-01 -4.144828e-02 -6.001930e-03 2.144404e-01 -1.398602e+01 -1.667147e+00 2.316355e+01 10397 4.444135e-02
209330 8.704475e-05 -1.746568e-02 1.854618e-01 9.409540e-03 -9.749976e-02 3.475155e-01 1.822581e+00 -1.564695e+01 3.168208e+01 9281 4.124663e-02
112515 5.847217e-03 -1.878881e-02 1.854022e-01 3.805173e-02 -1.850165e-01 5.105488e-01 3.137213e+00 -1.619312e+01 3.167426e+01 11724 4.818549e-02
589742 1.638290e-02 -3.316896e-03 1.688434e-01 4.657270e-02 -1.351359e-02 2.146261e-01 1.328026e+01 -4.485446e+00 2.013947e+01 7909 3.550705e-02
589826 -5.361524e-03 -1.285092e-02 1.657834e-01 -2.084110e-02 -3.922638e-02 2.147133e-01 -8.102919e+00 -1.380646e+01 2.561275e+01 10251 4.426281e-02
461191 -7.284359e-03 8.374891e-03 1.713493e-01 -5.597638e-02 5.724208e-02 2.991249e-01 -1.315770e+01 1.320504e+01 3.452791e+01 7656 3.260002e-02
463033 2.739946e-03 4.265765e-03 1.769709e-01 2.646675e-02 2.379578e-02 3.149794e-01 6.318899e+00 5.201212e+00 3.675430e+01 9674 4.246535e-02
841768 -1.625666e-02 1.211600e-02 1.673503e-01 -4.080193e-02 2.680539e-02 1.960522e-01 -1.328734e+01 7.951958e+00 1.553754e+01 15751 6.097264e-02
117521 1.278625e-02 1.253216e-03 1.789089e-01 5.982600e-02 2.001438e-02 2.960403e-01 1.042405e+01 4.157491e+00 2.595642e+01 14695 5.773112e-02
711543 -1.162049e-02 4.212243e-03 2.415113e-01 -3.308553e-02 7.660309e-03 3.850689e-01 -4.108807e+00 6.600237e-01 2.747958e+01 8566 3.913802e-02
341867 3.455589e-03 7.141274e-04 1.824323e-01 1.843139e-02 4.719251e-03 3.523090e-01 3.028042e+00 8.098188e-01 3.434834e+01 14983 6.205569e-02
341922 -1.030042e-03 -5.083620e-03 1.620111e-01 -3.157356e-02 -3.654362e-02 2.863407e-01 -8.697449e+00 -8.958422e+00 3.540359e+01 8851 3.876043e-02
713626 7.145857e-03 -5.992614e-03 2.592424e-01 2.045363e-02 -1.739590e-02 4.832180e-01 2.234199e+00 -1.914461e+00 3.760253e+01 6631 3.174484e-02
595453 7.617844e-03 9.757162e-03 3.135592e-01 1.427265e-02 4.099969e-02 9.199077e-01 4.384668e-01 2.058484e+00 3.995064e+01 6482 3.168953e-02
967464 -9.529785e-03 7.173593e-03 1.958541e-01 -7.031858e-02 8.737043e-02 7.296360e-01 -3.450054e+00 4.551553e+00 3.029467e+01 11086 4.892317e-02
968084 -6.412984e-03 8.167656e-03 1.758046e-01 -1.832620e-02 2.405062e-02 2.358455e-01 -5.005124e+00 6.672943e+00 2.522510e+01 15548 7.085477e-02
222623 9.408396e-03 4.438308e-03 2.086229e-01 3.906152e-02 1.651909e-02 3.832871e-01 6.366188e+00 2.593605e+00 3.749842e+01 8840 3.915377e-02
224112 2.063615e-03 -6.620191e-03 1.666470e-01 1.247099e-02 -4.194648e-02 3.180708e-01 2.007601e+00 -6.814500e+00 2.920991e+01 14618 6.007470e-02
224204 1.746820e-02 1.338221e-02 1.866224e-01 4.539624e-02 3.490203e-02 2.659915e-01 8.443864e+00 6.506383e+00 2.399674e+01 10208 4.558068e-02
851195 -1.089334e-02 -1.740780e-02 1.836657e-01 -1.572972e-02 -3.042383e-02 2.091795e-01 -4.365357e+00 -1.174840e+01 2.302897e+01 6188 2.917373e-02
851200 1.996157e-03 8.006518e-03 1.734346e-01 1.927866e-02 3.522046e-02 3.306694e-01 3.472904e+00 5.468617e+00 3.159619e+01 12061 5.177870e-02
851297 1.996531e-02 5.466342e-03 1.752631e-01 2.075337e-01 9.421380e-02 4.673757e-01 1.744003e+01 8.251702e+00 2.716051e+01 8956 4.056670e-02
852342 3.560141e-03 -6.939263e-03 1.902233e-01 2.875980e-02 -6.730028e-02 4.548880e-01 3.094902e+00 -7.413254e+00 3.250487e+01 8192 3.755455e-02
225971 1.710045e-02 5.055015e-03 1.545468e-01 1.027666e-01 2.064287e-02 2.014358e-01 2.545730e+01 4.632222e+00 1.393395e+01 9088 4.060342e-02
351929 -1.098115e-02 -2.321517e-02 2.649993e-01 -1.661641e-01 -2.296737e-01 2.075695e+00 -3.257317e+00 -4.333602e+00 3.800682e+01 13427 6.155794e-02
973028 -2.844587e-02 -3.824298e-03 1.972367e-01 -5.644249e-01 -6.637133e-02 1.145454e+00 -2.132388e+01 -2.488428e+00 3.772473e+01 7555 3.482359e-02
604936 -5.983437e-04 2.266077e-02 1.985448e-01 -4.624453e-03 7.009930e-02 3.010425e-01 -1.258607e+00 1.482981e+01 3.204193e+01 10759 4.303279e-02
475515 8.233050e-03 7.205327e-03 1.582519e-01 5.494166e-02 4.910588e-02 2.125115e-01 1.767630e+01 1.585675e+01 2.053390e+01 9682 4.437239e-02
724420 -5.575106e-03 -1.966033e-02 1.807050e-01 -3.789762e-02 -1.193723e-01 3.269639e-01 -6.041729e+00 -1.863816e+01 2.733872e+01 9314 4.126498e-02
724939 -6.471621e-03 -1.309569e-02 3.127845e-01 -8.870104e-03 -1.773341e-02 3.564772e-01 -2.076191e+00 -4.014539e+00 3.782152e+01 11781 5.402286e-02
477487 -1.064941e-02 -2.851520e-03 1.896752e-01 -3.066774e-02 -1.296765e-02 3.011366e-01 -5.576694e+00 -2.818145e+00 3.105083e+01 10300 4.714826e-02
355752 -4.315581e-03 -9.390747e-03 2.301113e-01 -7.067607e-02 -1.090314e-01 1.404468e+00 -1.662644e+00 -2.496470e+00 2.942319e+01 8326 3.860987e-02
231198 1.788169e-02 4.159224e-03 2.136508e-01 2.535962e-01 4.486316e-02 1.236653e+00 9.655061e+00 1.667267e+00 4.190302e+01 11384 5.077939e-02
231592 -7.534220e-03 7.189571e-03 1.666231e-01 -3.280553e-02 4.025225e-02 2.501218e-01 -8.804117e+00 1.151851e+01 2.908961e+01 11437 4.775864e-02
233934 2.103145e-03 -1.357402e-03 2.185640e-01 3.410741e-02 -2.827514e-02 6.025996e-01 3.083049e+00 -2.593051e+00 3.699509e+01 20273 8.513631e-02
730596 -9.493081e-03 1.059358e-03 1.668112e-01 -4.085259e-02 5.498355e-03 2.467508e-01 -1.294201e+01 1.831966e+00 3.299093e+01 14593 6.040814e-02
613372 9.662919e-03 3.983708e-03 1.526173e-01 5.865049e-02 2.348363e-02 1.923934e-01 2.109129e+01 8.395570e+00 1.712535e+01 11204 4.782883e-02
484304 1.398913e-02 -2.347656e-03 2.216685e-01 3.039716e-02 -3.647165e-03 3.096558e-01 6.579662e+00 -5.211063e-01 3.528314e+01 13209 5.896113e-02
614485 7.466438e-03 -9.317219e-03 1.957794e-01 6.676185e-02 -6.867686e-02 5.654849e-01 4.714816e+00 -4.719923e+00 2.939676e+01 11427 4.824905e-02
734314 2.392842e-02 2.635845e-03 2.434069e-01 1.501781e-01 -7.159126e-03 7.028627e-01 9.400392e+00 -7.293214e-01 3.421052e+01 10810 4.968967e-02
734803 -1.421657e-02 -9.016481e-03 1.587256e-01 -9.478717e-02 -7.621833e-02 2.515509e-01 -1.627219e+01 -1.357221e+01 1.874716e+01 19987 7.938345e-02
487895 -1.014019e-02 -9.671905e-03 1.797312e-01 -5.169805e-02 -4.765574e-02 3.401246e-01 -7.508719e+00 -6.862960e+00 2.898007e+01 11034 4.751060e-02
986865 1.489042e-02 -2.124608e-02 2.469897e-01 3.843896e-01 -5.831698e-01 2.590861e+00 5.557001e+00 -8.450927e+00 3.525013e+01 16201 6.466754e-02
242309 -9.619093e-03 3.841231e-03 1.614651e-01 -4.315536e-02 1.175768e-02 2.285826e-01 -1.333127e+01 3.146931e+00 2.668042e+01 11167 4.636739e-02
242802 6.776884e-03 1.166318e-03 1.786377e-01 5.809668e-02 5.380775e-03 3.778712e-01 8.457357e+00 6.945306e-01 3.283312e+01 12497 5.642379e-02
490092 1.005626e-02 -5.244177e-03 1.599053e-01 3.406831e-02 -2.147995e-02 2.034823e-01 1.159713e+01 -7.841412e+00 2.104647e+01 9422 4.111455e-02
490467 1.791969e-02 1.681056e-02 1.995569e-01 6.977340e-02 6.178432e-02 3.598327e-01 8.771162e+00 7.607405e+00 2.711098e+01 20154 8.053003e-02
492310 1.690194e-02 1.247387e-02 1.684226e-01 6.615891e-02 5.780186e-02 2.425349e-01 1.106664e+01 1.018391e+01 1.665095e+01 15394 6.520908e-02
991775 1.944735e-02 -1.390306e-02 1.796196e-01 7.459226e-02 -5.157124e-02 2.831549e-01 1.413057e+01 -9.652257e+00 2.653031e+01 19072 7.416198e-02
740761 1.810426e-02 -1.174421e-02 1.716296e-01 3.867259e-02 -2.756309e-02 1.951114e-01 1.440732e+01 -1.108052e+01 1.644813e+01 7690 3.546000e-02
873076 1.279117e-02 1.427836e-03 1.982278e-01 4.422193e-02 -9.985329e-03 4.061097e-01 4.482677e+00 -1.627753e+00 2.964826e+01 15130 5.965815e-02
741169 -3.931552e-03 -4.011272e-03 1.919685e-01 -3.548508e-02 -1.449095e-02 4.428434e-01 -4.778452e+00 -1.587038e+00 3.799238e+01 15016 6.201754e-02
741612 8.118091e-03 -1.909799e-03 1.848347e-01 3.102754e-02 -3.440665e-03 3.439464e-01 4.014945e+00 -2.682886e-01 2.788476e+01 8954 4.046649e-02
494077 -4.747192e-03 7.616427e-03 1.731471e-01 -1.704744e-02 3.442325e-02 2.666509e-01 -4.026237e+00 8.774665e+00 3.060656e+01 11833 5.030916e-02
624653 6.929468e-03 -5.497653e-03 1.774929e-01 9.247065e-02 -8.383561e-02 5.706424e-01 8.234140e+00 -7.540762e+00 3.784431e+01 12394 5.482406e-02
247878 -2.292261e-04 -4.048679e-03 1.837516e-01 -9.333854e-03 -2.107794e-02 4.147250e-01 -1.402627e+00 -2.623467e+00 3.558294e+01 11475 5.027095e-02
997029 -6.183999e-03 -5.069308e-03 1.724084e-01 -4.421926e-02 -2.876761e-02 3.406883e-01 -6.015713e+00 -3.748159e+00 2.661541e+01 14577 6.649927e-02
499378 -9.043598e-03 1.785605e-02 2.073302e-01 -5.115439e-02 8.812374e-02 3.981821e-01 -6.179543e+00 1.031142e+01 2.800653e+01 9590 4.481863e-02
747822 -4.198224e-03 -5.971838e-03 1.759674e-01 -2.979494e-02 -3.058718e-02 2.821834e-01 -7.351787e+00 -7.069920e+00 3.050695e+01 9378 4.299336e-02
748452 5.195416e-03 -7.152920e-03 1.938955e-01 1.004452e-01 -9.647050e-02 6.151001e-01 6.035271e+00 -5.659391e+00 2.668861e+01 13964 6.374126e-02
749236 -1.872679e-02 -1.623516e-02 2.002488e-01 -8.309264e-02 -6.609408e-02 3.677451e-01 -1.048710e+01 -8.123489e+00 2.729010e+01 10394 4.735316e-02
