/n/home03/calmiller/DSMC_Simulations/7_8_20_opaque_mesh/flow_4.00000_gap_0.00400_len_0.04000_T1_2.00000_T2_2.00000/data
running....
idx x y z xnext ynext znext vx vy vz collides time
500033 2.197341e-02 -1.574764e-02 6.736667e-02 2.860309e-02 -2.612761e-02 6.168698e-02 1.987390e+01 -3.111621e+01 -3.376467e+00 974 4.977274e-03
437579 1.401871e-03 -2.313635e-02 6.745583e-02 9.829689e-03 -5.004273e-02 7.012578e-02 1.589288e+01 -5.073907e+01 5.034908e+00 1576 7.049168e-03
187755 6.066523e-04 2.826375e-02 6.651996e-02 3.887453e-04 3.525077e-02 6.851668e-02 -6.691938e-01 2.145718e+01 6.131926e+00 1472 6.902169e-03
438196 2.893685e-02 5.906838e-03 6.716729e-02 4.959267e-02 1.126054e-02 6.896926e-02 3.138517e+01 8.134595e+00 2.737976e+00 2722 1.088638e-02
875713 -2.841234e-02 7.410489e-03 6.346507e-02 -3.504897e-02 9.509777e-03 6.267999e-02 -4.524963e+01 1.431331e+01 -5.352849e+00 2688 1.104624e-02
938361 2.040452e-02 -1.375402e-02 6.594149e-02 3.678186e-02 -2.733425e-02 6.644162e-02 3.341247e+01 -2.770591e+01 1.020363e+00 2576 1.070327e-02
438558 -2.597242e-02 1.329482e-02 6.766307e-02 -4.147911e-02 2.039548e-02 6.894595e-02 -3.835526e+01 1.756324e+01 3.173140e+00 2760 1.080682e-02
813700 3.457894e-03 6.050758e-03 1.140196e-01 2.788447e-02 2.922266e-02 1.608996e-01 1.549124e+01 1.469552e+01 2.973113e+01 4828 1.913375e-02
63699 5.730765e-03 2.640660e-02 6.591595e-02 7.529992e-03 3.531635e-02 6.630789e-02 4.780201e+00 2.367151e+01 1.041289e+00 6796 2.627855e-02
126498 2.231067e-02 -1.218512e-02 7.083597e-02 8.355844e-02 -3.130866e-02 1.108099e-01 3.345819e+01 -1.044673e+01 2.183679e+01 1335 5.619812e-03
501642 -2.124724e-02 -1.916380e-02 6.743652e-02 -2.522555e-02 -2.080475e-02 6.728824e-02 -2.138198e+01 -8.819518e+00 -7.969474e-01 3271 1.396163e-02
314152 -1.736478e-02 -2.205348e-02 7.003507e-02 -2.053028e-02 -2.565092e-02 7.150921e-02 -2.147446e+01 -2.440475e+01 1.000047e+01 3171 1.549770e-02
626766 1.051584e-02 -1.981519e-02 6.584550e-02 1.483423e-02 -2.714439e-02 6.585176e-02 1.462272e+01 -2.481774e+01 2.119274e-02 3826 1.545777e-02
502425 -2.406053e-02 -8.703988e-03 6.662393e-02 -6.864937e-02 -2.243824e-02 6.728977e-02 -4.144282e+01 -1.276522e+01 6.188552e-01 3103 1.320996e-02
815114 2.770397e-02 1.040709e-02 6.887057e-02 9.708513e-02 4.871972e-02 8.668868e-02 2.931220e+01 1.618634e+01 7.527806e+00 944 4.509304e-03
3907 -2.323073e-02 1.086543e-04 6.818132e-02 -2.989586e-02 5.119179e-03 6.654778e-02 -1.534920e+01 1.153880e+01 -3.761896e+00 3026 1.178793e-02
878348 -1.828203e-04 -1.010282e-02 1.473967e-01 -8.958752e-02 -4.861316e-01 1.965088e+00 -2.225780e+00 -1.185100e+01 4.525245e+01 2882 1.513605e-02
753231 -2.344597e-02 4.854541e-03 6.805193e-02 -3.689907e-02 4.690829e-03 6.546252e-02 -3.521459e+01 -4.285287e-01 -6.778005e+00 3585 1.538779e-02
4760 2.016920e-02 1.731997e-02 6.820605e-02 2.819842e-02 2.717471e-02 6.861675e-02 1.816070e+01 2.228970e+01 9.289240e-01 3498 1.376826e-02
66246 -2.743173e-02 7.522487e-03 6.866457e-02 -3.486114e-02 7.586390e-03 6.928667e-02 -3.447381e+01 2.965233e-01 2.886673e+00 1762 8.820672e-03
753707 2.877425e-02 -5.705644e-03 7.001936e-02 5.216699e-02 -1.425301e-02 7.576944e-02 2.653020e+01 -9.693750e+00 6.521289e+00 2112 8.361282e-03
253775 2.889933e-02 -3.523707e-03 1.501205e-01 1.345251e+00 -2.634182e-01 2.149644e+00 1.856078e+01 -3.664557e+00 2.819362e+01 1992 9.808207e-03
129009 1.017691e-02 2.598078e-02 6.639153e-02 1.544826e-02 3.299682e-02 6.615073e-02 1.879156e+01 2.501113e+01 -8.584119e-01 3519 1.452312e-02
66745 1.873874e-02 -1.519679e-02 6.898892e-02 3.172173e-02 -2.007345e-02 7.676004e-02 2.890205e+01 -1.085616e+01 1.729965e+01 2415 1.092831e-02
941879 2.362730e-02 -6.547182e-03 6.917670e-02 5.337535e-02 -6.963999e-03 7.470660e-02 3.090214e+01 -4.329880e-01 5.744437e+00 2109 1.020515e-02
6111 -2.232373e-02 -1.810450e-02 6.616771e-02 -4.270513e-02 -2.802002e-02 6.128837e-02 -4.231320e+01 -2.058532e+01 -5.655045e+00 679 3.155716e-03
379500 1.477879e-02 -1.795086e-02 6.758232e-02 2.103513e-02 -2.378557e-02 6.660933e-02 3.534087e+01 -3.295918e+01 -5.496197e+00 1958 9.746037e-03
129512 1.682351e-02 -2.109843e-02 6.587344e-02 3.182719e-02 -3.752539e-02 5.941635e-02 2.350574e+01 -2.573554e+01 -7.661326e+00 2784 1.158273e-02
6774 1.583089e-02 2.239318e-02 6.649341e-02 4.897085e-02 7.849845e-02 7.437743e-02 2.698900e+01 4.569183e+01 6.420702e+00 928 5.509339e-03
817601 -2.610804e-02 8.971716e-03 6.693445e-02 -4.104564e-02 1.282771e-02 7.081031e-02 -2.470236e+01 6.376668e+00 6.409523e+00 7463 2.886313e-02
67648 -1.085433e-02 -2.552868e-02 7.047352e-02 -2.551444e-02 -4.115215e-02 7.944780e-02 -2.325690e+01 -2.478518e+01 1.423687e+01 1254 6.021127e-03
67667 -8.436395e-03 2.829488e-02 6.829847e-02 -1.102539e-02 3.753415e-02 6.722066e-02 -9.678674e+00 3.454004e+01 -4.029293e+00 5179 2.133818e-02
129977 -1.895315e-02 9.018762e-03 6.651151e-02 -2.784932e-02 1.200848e-02 6.589820e-02 -4.289652e+01 1.441616e+01 -2.957302e+00 3915 1.517288e-02
567919 2.520886e-02 -1.469774e-03 6.883165e-02 3.820740e-02 -4.477425e-03 7.225421e-02 2.422270e+01 -5.604741e+00 6.377911e+00 2007 1.004028e-02
630273 -1.311670e-02 -2.024018e-02 6.904609e-02 -1.528521e-02 -2.782414e-02 6.899800e-02 -1.036063e+01 -3.623435e+01 -2.297755e-01 1602 6.238659e-03
755243 -1.860674e-02 1.674886e-02 6.859161e-02 -4.413786e-02 3.419921e-02 6.769215e-02 -4.095976e+01 2.799573e+01 -1.442996e+00 1547 6.238757e-03
506017 6.694929e-03 -2.238243e-02 6.664495e-02 9.411678e-03 -2.924466e-02 6.625317e-02 1.599117e+01 -4.039206e+01 -2.306096e+00 1598 6.614855e-03
193392 -2.643165e-02 -2.586791e-03 6.536331e-02 -3.082717e-02 -3.434680e-03 6.411702e-02 -2.892559e+01 -5.579704e+00 -4.604259e+00 4408 1.818922e-02
819120 -4.570933e-03 -2.523123e-02 6.768568e-02 -9.597183e-03 -3.525209e-02 6.871594e-02 -1.888436e+01 -3.764984e+01 3.870811e+00 3717 1.596110e-02
444114 -2.065199e-02 -2.166977e-02 6.710017e-02 -3.789971e-02 -3.927101e-02 6.528324e-02 -2.581472e+01 -2.634381e+01 -2.719401e+00 1559 7.293206e-03
756671 -1.581780e-02 5.352438e-04 1.410318e-01 -9.481993e-02 -1.989194e-02 3.271239e-01 -9.648194e+00 -2.494686e+00 2.272664e+01 1572 1.088817e-02
444702 -6.903800e-03 -2.657161e-02 6.687771e-02 -8.494475e-03 -3.101635e-02 6.234738e-02 -1.266607e+01 -3.539213e+01 -7.603638e+00 1675 7.486637e-03
694826 -1.880980e-02 2.037400e-02 6.585269e-02 -2.263389e-02 3.106514e-02 6.679068e-02 -9.409944e+00 2.630774e+01 2.308100e+00 3253 1.363941e-02
507381 2.305307e-02 3.835024e-03 6.590228e-02 2.902109e-02 8.390953e-03 6.511027e-02 3.268346e+01 2.495026e+01 -4.337387e+00 1255 6.081297e-03
945223 1.692523e-02 1.199745e-02 6.759796e-02 2.884627e-02 1.281143e-02 6.541556e-02 2.762439e+01 1.886221e+00 -5.057223e+00 7573 2.938245e-02
10713 -2.305810e-02 -1.230702e-02 6.516131e-02 -4.651624e-02 -1.965772e-02 6.056696e-02 -2.704948e+01 -8.476056e+00 -5.133274e+00 3902 1.620530e-02
320023 2.822267e-02 -3.363806e-03 6.531005e-02 1.365996e-01 -7.672701e-03 5.804124e-02 5.413073e+01 -2.152151e+00 -3.410717e+00 842 5.214938e-03
821272 -2.277501e-02 1.379898e-02 6.946676e-02 -6.397134e-02 4.053472e-02 8.174631e-02 -3.964345e+01 2.572795e+01 1.181668e+01 2410 9.694738e-03
633458 -8.898457e-03 2.324471e-02 6.851463e-02 -1.566086e-02 7.250600e-02 9.318526e-02 -5.900591e+00 4.298334e+01 2.152656e+01 2824 1.157302e-02
821475 -1.085505e-02 2.627540e-02 6.706962e-02 -1.203088e-02 2.841161e-02 6.715319e-02 -1.651210e+01 2.999866e+01 1.173648e+00 3222 1.436461e-02
446626 -2.083362e-02 1.527267e-02 6.868479e-02 -2.350673e-02 2.289277e-02 7.287426e-02 -1.364210e+01 3.888872e+01 2.138070e+01 3911 1.581492e-02
947736 -2.030776e-02 -2.025237e-03 6.763439e-02 -2.986733e-02 -4.576353e-03 6.928296e-02 -3.965605e+01 -1.058282e+01 6.838775e+00 1463 6.148740e-03
510231 -6.055070e-03 1.516461e-02 1.254511e-01 -5.023272e-02 5.930968e-01 4.581726e-01 -2.716489e+00 3.553712e+01 2.045909e+01 4763 2.000652e-02
759887 1.671977e-02 -2.059198e-02 7.048723e-02 4.031102e-02 -5.277974e-02 8.958450e-02 1.919342e+01 -2.618740e+01 1.553720e+01 5805 2.459989e-02
259937 2.345026e-02 -4.601623e-04 6.761903e-02 3.269567e-02 -4.563756e-04 6.850847e-02 3.071575e+01 1.258031e-02 2.954968e+00 1184 5.935627e-03
948276 2.421350e-02 -6.922760e-04 6.683865e-02 3.463563e-02 1.205450e-03 6.008134e-02 2.569882e+01 4.679401e+00 -8.038515e+00 1700 8.813974e-03
760296 2.061960e-02 -1.417747e-02 6.644693e-02 2.390953e-02 -1.860191e-02 6.559696e-02 1.745192e+01 -2.347010e+01 -4.508747e+00 1997 8.390377e-03
73178 1.584402e-02 -1.868537e-02 6.938766e-02 2.039886e-02 -2.299448e-02 7.080181e-02 2.156362e+01 -2.040030e+01 6.694916e+00 1425 6.324081e-03
635455 -2.170501e-02 7.067467e-03 6.610995e-02 -3.673050e-02 6.290354e-03 6.561962e-02 -3.619489e+01 -1.871989e+00 -1.181170e+00 2339 1.040601e-02
823679 7.560819e-03 2.363877e-02 6.674250e-02 1.099705e-02 2.904048e-02 6.614244e-02 1.855849e+01 2.917377e+01 -3.240794e+00 1948 7.983235e-03
260689 2.592112e-02 -5.616470e-04 6.409901e-02 3.272732e-02 1.287977e-03 6.205129e-02 1.725209e+01 4.688357e+00 -5.190489e+00 2757 1.394809e-02
823771 -5.605438e-03 -2.190734e-02 6.902264e-02 -1.066969e-02 -2.844541e-02 6.920293e-02 -2.143310e+01 -2.767065e+01 7.630299e-01 2173 9.379436e-03
73619 2.531366e-02 1.242766e-03 6.790450e-02 3.674718e-02 5.730489e-04 6.769553e-02 3.327354e+01 -1.948993e+00 -6.081427e-01 984 4.224422e-03
260744 -2.729637e-02 6.448040e-03 1.250963e-01 -1.878536e-01 7.083309e-02 2.400327e-01 -3.098476e+01 1.242520e+01 2.218072e+01 1749 8.461038e-03
73916 9.637528e-03 2.483483e-02 6.961254e-02 1.623371e-02 3.978727e-02 7.270826e-02 1.375392e+01 3.117784e+01 6.454989e+00 3672 1.517091e-02
636341 2.431118e-03 -2.267647e-02 6.744708e-02 3.098398e-03 -3.445158e-02 6.843478e-02 2.154338e+00 -3.801638e+01 3.188845e+00 3851 1.623817e-02
16613 -8.269094e-04 -2.238789e-02 6.712414e-02 6.216226e-04 -3.876536e-02 6.596181e-02 3.471064e+00 -3.924471e+01 -2.785244e+00 2406 9.973340e-03
824689 5.205926e-03 -8.045266e-04 1.189924e-01 3.476634e-02 1.637079e-05 1.392386e-01 3.043071e+01 8.450658e-01 2.084227e+01 3262 1.464241e-02
324228 -2.250178e-02 1.765402e-02 6.644088e-02 -2.540846e-02 2.105080e-02 6.600250e-02 -2.341638e+01 2.736462e+01 -3.531592e+00 2188 9.480935e-03
261906 -2.043834e-03 -2.660435e-02 6.735747e-02 -2.632945e-03 -3.164727e-02 6.624804e-02 -3.787413e+00 -3.242106e+01 -7.132576e+00 1862 8.098467e-03
450316 -2.486260e-02 -3.394223e-04 6.970112e-02 -3.559083e-02 -7.035849e-03 7.568196e-02 -1.701433e+01 -1.062014e+01 9.485263e+00 1441 7.449003e-03
637494 2.099325e-02 -1.601396e-02 6.788715e-02 6.399180e-02 -5.146951e-02 8.476560e-02 3.233930e+01 -2.666619e+01 1.269431e+01 7846 2.991071e-02
450608 -1.581316e-02 2.063124e-02 6.579681e-02 -3.202627e-02 4.330158e-02 6.279830e-02 -1.877588e+01 2.625377e+01 -1.835404e+00 2511 1.044948e-02
325204 -1.933539e-03 2.124413e-02 6.735607e-02 -2.392400e-03 3.983267e-02 6.616518e-02 -6.886417e-01 2.789701e+01 -1.787236e+00 3772 1.519571e-02
450791 -4.123832e-04 -7.843060e-03 1.151669e-01 2.879710e-02 -9.571651e-02 1.812074e-01 6.449383e+00 -1.940224e+01 1.458158e+01 1997 9.965601e-03
638038 -2.539398e-02 -4.899278e-03 7.130575e-02 -5.529821e-02 8.886962e-03 9.809200e-02 -1.364991e+01 6.292785e+00 1.222669e+01 2993 1.255678e-02
762987 -1.029946e-02 -2.744692e-02 6.840972e-02 -1.752897e-02 -4.872166e-02 7.379062e-02 -1.124835e+01 -3.310123e+01 8.372098e+00 5313 2.255523e-02
763069 -2.112769e-02 -1.330314e-02 6.746400e-02 -2.873352e-02 -1.538823e-02 6.604160e-02 -2.951806e+01 -8.092179e+00 -5.520289e+00 1552 6.213422e-03
513847 -2.113482e-03 5.345693e-03 1.189496e-01 1.113484e-02 3.347338e-02 1.659239e-01 9.922299e+00 2.106617e+01 3.518132e+01 4448 1.804874e-02
826527 1.338093e-04 2.750974e-02 6.671224e-02 1.009206e-02 3.945036e-02 6.760302e-02 1.182938e+01 1.418424e+01 1.058159e+00 1302 7.176527e-03
763609 -2.276880e-02 -8.633401e-03 6.751290e-02 -3.213948e-02 -7.271300e-03 6.587403e-02 -3.096440e+01 4.500916e+00 -5.415486e+00 2672 1.162086e-02
763642 1.596109e-02 1.727885e-02 6.569990e-02 2.310613e-02 2.019691e-02 6.611250e-02 2.658572e+01 1.085770e+01 1.535219e+00 4427 1.886794e-02
514299 2.198750e-02 1.550151e-02 6.861668e-02 3.156532e-02 5.491065e-02 7.099519e-02 6.905310e+00 2.841276e+01 1.714835e+00 841 4.990314e-03
138845 -1.562311e-02 -2.557483e-02 6.519485e-02 -3.180252e-01 -4.971064e-01 -5.844159e-02 -1.788521e+01 -2.788817e+01 -7.299927e+00 5375 2.114026e-02
139020 1.821117e-03 2.839586e-02 6.300993e-02 -8.362719e-04 3.623657e-02 6.095747e-02 -9.214488e+00 2.718766e+01 -7.116892e+00 2924 1.409995e-02
952371 -2.187770e-02 1.031691e-02 6.775118e-02 -2.663394e-02 1.433016e-02 6.708813e-02 -3.275447e+01 2.763772e+01 -4.566132e+00 1421 7.249763e-03
389088 2.530960e-02 -3.668179e-03 6.845733e-02 3.079978e-02 -6.436185e-03 6.948792e-02 4.223386e+01 -2.129322e+01 7.927909e+00 1518 7.910123e-03
764322 -2.588119e-02 1.182799e-02 6.286925e-02 -1.531983e-01 3.655391e-02 3.426478e-02 -2.620271e+01 5.088758e+00 -5.886989e+00 3651 1.534222e-02
201788 -4.208700e-03 5.916316e-03 1.151221e-01 -1.934892e-02 5.239059e-02 1.715625e-01 -2.670225e+00 8.196495e+00 9.954187e+00 3880 1.580651e-02
952673 7.523847e-03 -2.318545e-02 6.998839e-02 1.851267e-02 -7.002560e-02 9.236793e-02 9.051584e+00 -3.858261e+01 1.843421e+01 2778 1.310843e-02
764597 1.711463e-02 2.324024e-02 6.608260e-02 1.889949e-02 2.646035e-02 6.558128e-02 1.157924e+01 2.089037e+01 -3.252311e+00 2971 1.184006e-02
264800 -4.357804e-03 2.369484e-02 6.574118e-02 -4.878463e-03 3.249528e-02 6.522386e-02 -2.449127e+00 4.139634e+01 -2.433417e+00 1884 8.551509e-03
890872 4.471172e-03 1.861430e-02 1.668319e-01 -2.447124e-03 4.955412e-01 1.637210e+00 -2.587042e-01 1.783431e+01 5.498364e+01 2143 1.000919e-02
765234 8.919501e-03 -2.368717e-02 6.720478e-02 8.221445e-03 -3.615450e-02 6.660594e-02 -2.090857e+00 -3.734283e+01 -1.793689e+00 3375 1.320241e-02
578594 -3.367203e-03 -2.564969e-02 6.848082e-02 -2.551048e-03 -3.405797e-02 6.914669e-02 4.482917e+00 -4.618444e+01 3.657448e+00 4053 1.720950e-02
828687 2.944495e-02 2.003141e-03 6.625477e-02 7.590848e-02 1.843813e-02 8.603123e-02 2.473278e+01 8.748430e+00 1.052711e+01 2407 1.077265e-02
328564 -8.337322e-03 -6.400349e-03 1.249279e-01 -1.606465e-01 -1.029360e-01 3.882839e-01 -1.434057e+01 -9.089254e+00 2.479611e+01 1116 6.671997e-03
23736 2.009555e-02 1.692253e-02 6.753228e-02 3.262681e-02 3.342877e-02 6.862980e-02 2.241832e+01 2.952951e+01 1.963451e+00 3746 1.430447e-02
23841 4.948705e-03 2.459868e-02 6.591834e-02 4.756394e-03 3.039895e-02 6.748969e-02 -1.070555e+00 3.228888e+01 8.747401e+00 1321 5.854491e-03
391542 -1.992631e-02 1.516749e-02 6.670018e-02 -2.448100e-02 1.762845e-02 6.663282e-02 -3.300748e+01 1.783440e+01 -4.881899e-01 2805 1.148252e-02
766855 -1.697450e-03 2.418571e-02 6.723804e-02 -6.275531e-03 3.855459e-02 6.786754e-02 -1.240365e+01 3.893040e+01 1.705549e+00 4016 1.777442e-02
391979 -6.871908e-03 2.696652e-02 6.913867e-02 -9.313821e-03 3.525347e-02 7.057323e-02 -1.240791e+01 4.210789e+01 7.289304e+00 2628 1.140923e-02
518485 2.024940e-02 -6.428334e-03 6.540892e-02 3.019151e-02 -1.006415e-02 6.841674e-02 3.285989e+01 -1.201681e+01 9.941199e+00 1126 4.864932e-03
767815 2.130881e-02 1.998887e-02 6.510657e-02 9.698855e-02 7.939023e-02 5.938829e-02 1.826757e+01 1.433830e+01 -1.372277e+00 3041 1.342282e-02
392973 -2.010615e-02 -1.098473e-02 6.823878e-02 -2.629452e-02 -1.519535e-02 6.825253e-02 -3.530899e+01 -2.402458e+01 7.846368e-02 2385 1.023628e-02
768257 -1.310447e-03 -2.481170e-02 6.821070e-02 9.406471e-04 -3.095194e-02 6.815924e-02 1.290484e+01 -3.520013e+01 -2.949989e-01 1861 8.563909e-03
768322 2.270249e-02 -9.217295e-03 6.881470e-02 1.083815e-01 -8.893988e-02 1.469933e-01 2.671051e+01 -2.485360e+01 2.437227e+01 3638 1.546635e-02
643943 -1.300980e-02 -1.399459e-02 1.698359e-01 -9.798859e-01 1.143647e-01 3.326894e+00 -1.091555e+01 1.449113e+00 3.564162e+01 2086 1.225937e-02
894730 -1.811065e-02 2.296660e-02 6.840637e-02 2.703360e-02 -2.801258e-02 6.354156e-02 -2.894560e+01 3.268684e+01 -1.133562e+00 865 4.636059e-03
27254 2.409862e-02 7.312704e-03 6.525166e-02 6.317305e-02 1.700585e-02 7.795295e-02 2.036352e+01 5.051552e+00 6.619241e+00 1626 7.104022e-03
894869 2.509219e-02 1.259349e-02 6.785251e-02 3.437168e-02 2.082339e-02 6.969715e-02 1.992838e+01 1.767431e+01 3.961480e+00 945 4.521412e-03
832504 -2.124933e-02 -1.200257e-02 6.596402e-02 -4.095978e-02 -2.034002e-02 7.137144e-02 -5.207157e+01 -2.202608e+01 1.428547e+01 1911 8.431922e-03
519905 1.596853e-02 -1.655639e-02 6.580390e-02 2.280302e-02 -2.280881e-02 6.344666e-02 2.896313e+01 -2.649646e+01 -3.938787e+00 1332 6.173980e-03
27489 -2.138760e-02 -1.436755e-02 6.600908e-02 -2.563133e-02 -1.892748e-02 6.290888e-02 -2.298774e+01 -2.470061e+01 -6.836282e+00 6977 2.635023e-02
644351 -2.708951e-02 1.206887e-02 6.751251e-02 -7.185924e-02 2.507101e-02 7.923170e-02 -5.508838e+01 1.599891e+01 1.442025e+01 8769 3.390473e-02
520240 -2.085826e-02 -1.914709e-02 6.569521e-02 -5.679944e-02 -4.968894e-02 5.568032e-02 -2.515931e+01 -2.137970e+01 -6.163247e+00 3934 1.574999e-02
269583 2.268610e-02 5.215955e-03 6.980393e-02 3.644403e-02 1.644679e-03 8.031104e-02 2.442797e+01 -6.341000e+00 1.865596e+01 10303 3.994911e-02
520766 3.714535e-03 2.559139e-02 6.618193e-02 1.392309e-02 8.027277e-02 4.936936e-02 7.559464e+00 4.049172e+01 -1.083260e+01 943 5.229601e-03
521015 1.250698e-02 2.318846e-02 6.688685e-02 1.629396e-02 2.616496e-02 6.709483e-02 1.295628e+01 1.018339e+01 7.115552e-01 1617 7.812201e-03
395718 6.301092e-03 -2.332999e-02 6.781063e-02 1.770185e-02 -5.551354e-02 6.741676e-02 1.075559e+01 -3.036228e+01 -3.715846e-01 2930 1.315018e-02
959676 -1.387882e-02 2.455624e-02 6.845783e-02 -3.258958e-02 4.753256e-02 7.388884e-02 -3.198001e+01 3.927061e+01 9.282566e+00 3686 1.490158e-02
959705 1.157072e-02 1.960193e-02 6.809882e-02 1.171713e-02 3.270308e-02 7.251929e-02 3.294045e-01 2.947579e+01 9.945444e+00 2100 9.259233e-03
333942 -2.156988e-02 -8.509758e-03 6.670382e-02 -3.818176e-02 -1.465143e-02 6.543923e-02 -4.338122e+01 -1.603870e+01 -3.302423e+00 5888 2.312387e-02
396414 -2.137164e-03 2.412432e-03 1.216485e-01 -3.843537e-02 -1.935709e-03 4.066394e-01 -6.370864e+00 -7.631622e-01 5.002007e+01 2299 1.097460e-02
459947 -2.556677e-02 -1.072683e-02 6.805471e-02 -3.334020e-02 -1.785945e-02 7.174456e-02 -2.012265e+01 -1.846385e+01 9.551710e+00 1264 6.944605e-03
897939 -4.791385e-03 -1.169339e-03 1.208678e-01 -3.925092e-02 1.292080e-02 1.872278e-01 -2.135221e+01 8.730695e+00 4.111874e+01 2216 9.962178e-03
31715 -7.507081e-03 -2.800662e-02 6.848208e-02 -7.160578e-03 -2.986987e-02 6.903252e-02 8.232084e+00 -4.426629e+01 1.307713e+01 4119 1.599631e-02
32153 -1.228247e-02 2.610187e-02 7.023963e-02 -7.793984e-02 8.085911e-02 8.083478e-02 -2.917211e+01 2.432909e+01 4.707512e+00 1320 7.322316e-03
147384 4.236907e-03 5.970431e-03 1.137406e-01 1.602123e-02 3.009735e-02 1.375214e-01 7.559060e+00 1.547623e+01 1.525420e+01 1751 9.055237e-03
335294 1.935970e-02 -2.223418e-02 6.968776e-02 2.727844e-02 -2.959096e-02 7.120691e-02 3.157918e+01 -2.933813e+01 6.058214e+00 1641 6.804704e-03
772725 9.558361e-03 2.837628e-02 6.681595e-02 1.400538e-02 6.122181e-02 8.174304e-02 5.831621e+00 4.307219e+01 1.957473e+01 813 4.506012e-03
210165 -1.296122e-02 2.420910e-02 6.891039e-02 -2.043765e-02 3.136151e-02 6.878633e-02 -3.244034e+01 3.103442e+01 -5.383132e-01 5286 2.335472e-02
148232 -1.997579e-02 1.591502e-02 6.658939e-02 -2.611656e-02 2.679395e-02 6.092196e-02 -2.062844e+01 3.654517e+01 -8.964700e+00 4115 1.657296e-02
34098 2.555651e-02 -1.564767e-02 6.804591e-02 4.581000e-02 -1.892365e-02 7.618518e-02 3.092792e+01 -5.002551e+00 1.242900e+01 4368 1.831965e-02
211514 2.165343e-02 -1.355674e-02 6.775842e-02 2.724613e-02 -1.757261e-02 6.899918e-02 2.731116e+01 -1.961092e+01 6.059035e+00 2159 8.680293e-03
274327 2.605226e-02 -8.342742e-03 6.903441e-02 3.571587e-02 -8.718166e-03 7.002932e-02 2.989663e+01 -1.161462e+00 3.077982e+00 2981 1.218352e-02
900621 -9.825577e-03 -1.892619e-02 6.735391e-02 -1.443150e-02 -2.890743e-02 6.754365e-02 -1.468875e+01 -3.183118e+01 6.050906e-01 2340 8.903277e-03
337209 -8.401588e-04 -2.237748e-02 6.749041e-02 5.621778e-03 -4.166981e-02 6.725160e-02 1.347893e+01 -4.024181e+01 -4.981377e-01 3928 1.628638e-02
463507 2.889444e-02 -7.586427e-04 6.886971e-02 1.258499e-01 -8.884266e-03 8.931368e-02 5.399590e+01 -4.525279e+00 1.138554e+01 1534 6.583896e-03
400100 4.114198e-03 2.667729e-02 6.642403e-02 8.560330e-03 3.564135e-02 6.314858e-02 2.184339e+01 4.403947e+01 -2.984051e+00 1149 5.557780e-03
964084 -1.589964e-02 1.998794e-02 6.602783e-02 -1.978006e-02 2.598242e-02 6.532749e-02 -2.668450e+01 4.122231e+01 -4.816090e+00 1577 8.362834e-03
714089 -7.370950e-03 -1.932205e-02 6.716938e-02 -1.062988e-02 -3.011596e-02 6.741898e-02 -1.034828e+01 -3.427453e+01 7.925502e-01 9954 3.763456e-02
901530 1.723523e-02 -1.532443e-02 6.896788e-02 3.560700e-02 -2.516793e-02 7.504348e-02 2.878206e+01 -1.542128e+01 9.518299e+00 1756 6.866386e-03
714213 -2.392975e-02 1.330524e-02 7.048169e-02 -2.604105e-02 1.578621e-02 7.119496e-02 -2.097584e+01 2.464857e+01 7.086396e+00 1279 5.374613e-03
651026 2.728538e-02 8.052134e-03 6.828795e-02 3.126009e-02 1.031548e-02 6.927103e-02 2.707895e+01 1.541977e+01 6.697505e+00 3815 1.519519e-02
651030 2.524478e-02 6.997862e-03 6.943749e-02 3.309083e-02 8.685559e-03 6.854809e-02 2.553158e+01 5.491884e+00 -2.894164e+00 1822 8.236761e-03
902598 -7.825319e-03 2.321259e-02 6.817906e-02 -1.291978e-02 3.070084e-02 6.843072e-02 -1.849085e+01 2.717933e+01 9.134352e-01 984 4.395585e-03
213826 -1.116279e-02 2.269871e-02 6.745593e-02 -1.106211e-02 3.607257e-02 7.244594e-02 2.153682e-01 2.860902e+01 1.067452e+01 1040 5.871776e-03
465486 -1.626412e-03 2.950241e-02 6.551121e-02 -1.801565e-03 3.420391e-02 6.337124e-02 -1.639339e+00 4.400341e+01 -1.214437e+01 1822 7.413252e-03
214446 1.751424e-02 8.115317e-03 6.785065e-02 2.820104e-02 1.418595e-02 6.583366e-02 4.690081e+01 2.664201e+01 -8.851908e+00 5726 2.209039e-02
39642 7.557412e-03 -2.039476e-02 6.629692e-02 1.313840e-02 -2.767046e-02 6.720852e-02 2.693631e+01 -3.511573e+01 4.399763e+00 1847 7.652977e-03
841629 1.226771e-02 2.099657e-02 6.864451e-02 2.036141e-02 3.797689e-02 7.371262e-02 1.633373e+01 3.426766e+01 1.022786e+01 1597 6.674061e-03
340533 1.891348e-02 2.230294e-02 6.790773e-02 2.171904e-02 2.539500e-02 6.800580e-02 2.178548e+01 2.401016e+01 7.615542e-01 1903 1.047237e-02
529206 -2.467287e-02 -1.149342e-02 6.658418e-02 -3.346611e-02 -2.418081e-02 6.676004e-02 -1.797375e+01 -2.593356e+01 3.594769e-01 2736 1.149573e-02
153042 -1.697204e-02 -1.833306e-02 6.664432e-02 -2.241584e-02 -2.427465e-02 6.612344e-02 -2.588373e+01 -2.825056e+01 -2.476616e+00 4360 1.760134e-02
778303 8.684089e-03 -2.722673e-02 6.768955e-02 1.546034e-02 -3.427726e-02 6.791496e-02 2.141802e+01 -2.228492e+01 7.124742e-01 3667 1.577740e-02
653770 6.907104e-03 3.585145e-03 1.161458e-01 9.421123e-02 1.605765e-01 3.482362e-01 6.085004e+00 1.094213e+01 1.617645e+01 3377 1.407987e-02
967743 -6.550987e-03 -2.894435e-02 6.800390e-02 -8.657586e-03 -6.496695e-02 6.785291e-02 -1.770053e+00 -3.026770e+01 -1.268711e-01 8086 3.128076e-02
842932 8.019260e-03 -2.446590e-02 6.754441e-02 2.361900e-02 -1.165596e-01 7.302649e-02 6.785614e+00 -4.005915e+01 2.384612e+00 1956 9.209023e-03
530261 2.075672e-02 -4.174786e-03 1.949951e-01 3.045429e+00 -7.728749e-02 1.718154e+01 5.525974e+00 -1.335744e-01 3.103385e+01 3704 1.794616e-02
92793 1.059341e-02 7.213165e-03 1.950826e-01 2.718346e-01 2.268694e-01 3.275442e+00 3.007803e+00 2.529014e+00 3.546575e+01 6038 2.600406e-02
468143 1.952653e-02 5.688573e-03 6.595233e-02 2.942699e-02 7.246295e-03 6.726787e-02 3.737520e+01 5.880556e+00 4.966299e+00 1622 6.924742e-03
404496 1.585089e-02 1.319829e-02 6.796522e-02 3.153058e-02 1.896039e-02 6.557404e-02 4.916339e+01 1.806695e+01 -7.497496e+00 4001 1.555142e-02
342904 -2.227116e-02 -1.408133e-02 6.749836e-02 -3.473852e-02 -2.397029e-02 7.145225e-02 -3.627173e+01 -2.877032e+01 1.150319e+01 6729 2.582455e-02
342934 5.356602e-04 2.376536e-02 6.738107e-02 -9.283468e-04 3.498681e-02 6.681013e-02 -6.908873e+00 5.295575e+01 -2.694358e+00 1686 6.787969e-03
155324 -2.407477e-02 1.468659e-03 6.793577e-02 -3.466583e-02 9.182280e-04 6.696155e-02 -2.277643e+01 -1.183721e+00 -2.095095e+00 1432 7.697864e-03
719489 -2.540146e-02 -2.611377e-03 6.924528e-02 -3.689461e-02 -5.474472e-03 7.333145e-02 -2.917748e+01 -7.268495e+00 1.037349e+01 2383 1.164945e-02
280771 -1.704864e-02 2.074759e-02 6.704284e-02 -2.365542e-02 2.793217e-02 6.639648e-02 -2.348280e+01 2.553655e+01 -2.297390e+00 1130 6.120214e-03
155759 -2.108461e-02 1.368970e-02 6.869746e-02 -1.294749e-01 5.958733e-02 9.870225e-02 -5.788433e+01 2.451100e+01 1.602365e+01 1681 6.700739e-03
595005 -1.267539e-02 2.068844e-02 6.739944e-02 -2.183330e-02 3.254331e-02 6.812725e-02 -2.506693e+01 3.244903e+01 1.992153e+00 2051 8.255099e-03
970104 1.205164e-02 -2.017584e-02 6.780977e-02 2.306509e-02 -4.368042e-02 7.006606e-02 2.474235e+01 -5.280442e+01 5.068876e+00 1435 5.649016e-03
656639 1.412233e-03 -3.509287e-03 1.179340e-01 1.971518e-02 -8.176020e-02 2.875536e-01 3.702182e+00 -1.582800e+01 3.430938e+01 4040 1.595401e-02
656827 -2.597038e-02 3.277160e-03 6.546280e-02 -4.589103e-02 8.945149e-03 5.784451e-02 -3.034740e+01 8.634694e+00 -1.046994e+01 4529 1.966708e-02
281830 1.239738e-02 -2.375100e-02 6.497206e-02 1.593004e-02 -2.973428e-02 6.434943e-02 1.506254e+01 -2.551145e+01 -2.654783e+00 845 4.042526e-03
721036 2.474356e-02 3.534592e-03 7.055150e-02 1.262091e-01 5.900531e-03 1.472311e-01 2.439535e+01 5.688426e-01 1.843608e+01 1803 8.387428e-03
721049 8.460775e-03 -2.704174e-02 6.908087e-02 1.218917e-02 -4.294735e-02 6.896149e-02 8.030914e+00 -3.426042e+01 -2.571393e-01 2358 1.014885e-02
282105 -1.180346e-02 2.675636e-02 6.411483e-02 -4.578107e-02 7.115213e-02 5.642839e-02 -2.403475e+01 3.140425e+01 -5.437161e+00 1605 7.424979e-03
846317 1.596804e-02 2.317047e-02 6.743946e-02 1.893501e-02 3.291474e-02 6.900975e-02 1.384462e+01 4.546917e+01 7.327372e+00 1897 7.571828e-03
344807 -2.712911e-02 -1.012173e-02 6.589839e-02 -3.234550e-02 -1.388636e-02 6.602135e-02 -3.153468e+01 -2.275833e+01 7.433557e-01 1939 8.871025e-03
971624 -4.188350e-03 2.655865e-02 6.924355e-02 -2.355788e-03 4.440139e-02 7.708880e-02 2.829935e+00 2.755367e+01 1.211503e+01 1922 9.605478e-03
46914 -7.593132e-03 -2.496494e-02 6.873719e-02 -1.000178e-02 -2.838787e-02 6.865602e-02 -1.753461e+01 -2.491842e+01 -5.909001e-01 1487 7.256150e-03
157735 2.416721e-02 1.195376e-02 6.632708e-02 3.453155e-02 1.297653e-02 6.350021e-02 5.369307e+01 5.298515e+00 -1.827260e+00 2766 1.211437e-02
782715 3.088061e-03 -2.302803e-02 6.511463e-02 3.114057e-03 -3.738478e-02 6.612324e-02 7.125899e-02 -3.935356e+01 2.764736e+00 1706 7.213457e-03
97206 1.510864e-02 -1.402993e-02 6.757409e-02 2.644171e-02 -2.291714e-02 6.650038e-02 3.246475e+01 -2.545833e+01 -3.075734e+00 1926 8.085077e-03
346054 5.925290e-03 -2.716987e-02 7.111127e-02 3.070207e-02 -8.023287e-02 1.053435e-01 1.189789e+01 -2.548103e+01 1.643843e+01 1655 8.150170e-03
535307 8.073161e-04 -2.325407e-02 6.874478e-02 2.089746e-03 -3.372756e-02 7.121550e-02 5.326243e+00 -4.349895e+01 1.026151e+01 1449 6.094857e-03
158821 -7.743318e-03 -2.666122e-02 6.934725e-02 -7.174295e-03 -3.180886e-02 7.902706e-02 1.195619e+00 -1.081610e+01 2.033901e+01 2289 1.011823e-02
848046 -1.585583e-03 -2.906818e-02 6.819361e-02 -4.343756e-03 -3.485626e-02 6.848351e-02 -2.122730e+01 -4.454591e+01 2.231104e+00 4523 1.798509e-02
283888 -9.458266e-03 1.843969e-03 1.256756e-01 -4.763656e-02 -5.657050e-02 2.987704e-01 -3.923466e+00 -6.003077e+00 1.778843e+01 3072 1.356020e-02
658946 1.997147e-02 -9.564733e-03 6.647609e-02 2.798656e-02 -1.528109e-02 6.690674e-02 3.013990e+01 -2.149573e+01 1.619406e+00 3406 1.332571e-02
408940 1.825062e-02 -1.702543e-02 6.657264e-02 5.627746e-02 -3.418518e-02 7.143541e-02 3.168567e+01 -1.429828e+01 4.051879e+00 3269 1.372385e-02
473182 1.253495e-02 -2.158026e-02 6.591198e-02 1.599240e-02 -2.597199e-02 6.595425e-02 1.857950e+01 -2.360012e+01 2.271605e-01 1478 6.346866e-03
723902 2.285254e-02 -2.456452e-03 6.901841e-02 3.444311e-02 7.337717e-03 7.202023e-02 2.611076e+01 2.206390e+01 6.762359e+00 1312 5.662461e-03
911325 2.141079e-02 1.343246e-02 6.591227e-02 6.952763e-02 3.719312e-02 5.555232e-02 4.013814e+01 1.982069e+01 -7.270232e+00 2188 8.663629e-03
284792 1.818327e-02 1.845703e-02 6.809424e-02 3.375498e-02 3.824860e-02 6.650297e-02 1.755811e+01 2.231628e+01 -1.794263e+00 1720 7.879372e-03
974455 -1.448713e-02 -1.851623e-02 6.651744e-02 -2.038469e-02 -2.999442e-02 6.660375e-02 -2.316338e+01 -4.508199e+01 3.389857e-01 2611 9.945409e-03
160365 2.327377e-03 -6.665247e-03 1.144766e-01 -4.250825e-02 -1.056619e-01 1.677313e-01 -1.819171e+01 -4.016713e+01 2.160769e+01 3929 1.628568e-02
599695 -1.506405e-02 2.295817e-02 6.615338e-02 -1.835515e-02 2.878864e-02 6.727050e-02 -1.258160e+01 2.228939e+01 4.270657e+00 2417 1.186321e-02
785494 2.923371e-02 7.845461e-04 1.515275e-01 4.738236e+00 -3.819399e-01 6.330854e+00 2.861600e+01 -2.325768e+00 3.755097e+01 1823 9.740837e-03
99449 -2.295538e-02 1.295697e-02 6.911098e-02 -5.234695e-02 1.704696e-02 7.928111e-02 -3.790255e+01 5.274339e+00 1.311512e+01 5691 2.647128e-02
724915 -3.257496e-03 2.228510e-02 6.816078e-02 -1.022177e-02 3.285041e-02 7.170557e-02 -1.534849e+01 2.328477e+01 7.812321e+00 1015 4.431906e-03
599933 1.686266e-02 -1.321479e-02 6.739348e-02 2.306181e-02 -1.920953e-02 6.950349e-02 3.591117e+01 -3.472703e+01 1.222308e+01 3756 1.446342e-02
724931 1.620315e-02 2.124310e-02 6.718742e-02 2.166371e-02 3.088989e-02 7.077651e-02 8.673286e+00 1.532250e+01 5.700730e+00 3045 1.228042e-02
223314 7.375742e-03 -2.453395e-02 6.528576e-02 1.227411e-02 -3.474307e-02 6.019990e-02 1.626033e+01 -3.388959e+01 -1.558305e+01 1598 8.018674e-03
52036 2.529286e-02 1.340817e-03 6.916669e-02 5.335502e-02 2.265785e-03 8.129547e-02 3.139665e+01 1.034877e+00 1.356999e+01 1731 8.876496e-03
600613 -2.046235e-02 1.732009e-02 6.628160e-02 -2.741676e-02 2.757539e-02 5.913221e-02 -1.460328e+01 2.153469e+01 -1.000834e+01 3038 1.390079e-02
286393 -2.687121e-02 6.861340e-03 6.914109e-02 -4.231946e-02 1.997199e-02 7.438080e-02 -1.495632e+01 1.269316e+01 5.072859e+00 2815 1.193100e-02
913314 1.723968e-02 -2.217089e-02 6.652826e-02 2.451928e-02 -4.763883e-02 6.526363e-02 1.335884e+01 -4.673635e+01 -2.320730e+00 2560 1.072386e-02
349404 -1.056277e-02 -2.112661e-02 6.596263e-02 -2.305472e-02 -4.289400e-02 7.150176e-02 -1.959946e+01 -3.415230e+01 8.690717e+00 2105 9.142343e-03
412044 3.324395e-03 2.313199e-03 1.179124e-01 5.380641e-02 -1.801308e-02 1.884493e-01 9.304810e+00 -3.746526e+00 1.300130e+01 1336 6.841918e-03
287082 1.565551e-02 -2.171424e-02 6.588040e-02 2.088186e-02 -3.106802e-02 6.560800e-02 2.223573e+01 -3.979608e+01 -1.158967e+00 1188 5.195400e-03
412164 -2.680022e-02 -5.296798e-03 6.794745e-02 -4.392862e-02 -5.810042e-03 7.410780e-02 -3.333715e+01 -9.989308e-01 1.198994e+01 1872 7.902347e-03
976596 -9.614345e-03 -2.596047e-02 6.596028e-02 -1.758115e-02 -6.219534e-02 6.032742e-02 -6.649850e+00 -3.024505e+01 -3.248882e+00 2084 9.611501e-03
53864 -2.420195e-02 -1.622710e-02 6.838381e-02 -6.734986e-02 -5.174331e-02 8.040483e-02 -3.070889e+01 -2.527731e+01 8.555499e+00 1075 4.842832e-03
976773 1.503085e-02 -1.936993e-02 6.919864e-02 2.738811e-02 -3.116816e-02 7.092037e-02 2.914451e+01 -2.782604e+01 4.060694e+00 2546 9.963312e-03
55225 -4.198072e-03 -2.824168e-02 7.198411e-02 -7.484457e-03 -4.924998e-02 8.072339e-02 -2.676627e+00 -1.711041e+01 7.117785e+00 2505 1.055020e-02
226422 -2.286264e-02 1.651306e-02 6.599259e-02 -2.702506e-02 1.978829e-02 6.609294e-02 -1.672365e+01 1.315914e+01 4.031816e-01 4565 1.968179e-02
226428 -2.157599e-02 1.559806e-02 6.916203e-02 -2.470417e-02 1.827986e-02 6.940114e-02 -3.974327e+01 3.407200e+01 3.037855e+00 1608 6.428528e-03
728697 -1.900049e-02 -1.957792e-02 6.726735e-02 -6.088195e-02 -3.318874e-02 6.518143e-02 -3.469197e+01 -1.127435e+01 -1.727848e+00 1700 7.186072e-03
57012 1.796905e-02 1.761690e-02 6.556781e-02 8.661153e-02 7.635813e-02 7.545874e-02 3.389916e+01 2.900941e+01 4.884648e+00 2006 8.317536e-03
916545 7.336422e-03 -8.737148e-03 1.259422e-01 2.833176e-02 -2.738365e-02 1.849038e-01 8.757920e+00 -7.778135e+00 2.459506e+01 3003 1.278736e-02
789684 -2.804020e-02 -9.297255e-03 6.703638e-02 -7.339747e-02 -1.178335e-02 6.984729e-02 -3.082851e+01 -1.689751e+00 1.910521e+00 1856 7.835456e-03
103879 -7.753306e-03 1.099135e-02 1.155663e-01 -2.203114e-01 3.064322e-01 2.811411e-01 -1.278818e+01 1.777467e+01 9.961509e+00 6022 2.365827e-02
979637 2.494132e-02 -5.779921e-03 6.849900e-02 7.746929e-02 -3.486651e-02 7.178303e-02 3.569758e+01 -1.976701e+01 2.231804e+00 3704 1.533052e-02
104565 -1.651891e-02 -1.811770e-02 6.875048e-02 -1.970853e-02 -2.273046e-02 6.952177e-02 -1.430075e+01 -2.068143e+01 3.458084e+00 2617 1.047994e-02
104760 2.031585e-02 -9.062551e-03 6.665571e-02 3.570664e-02 -2.004898e-02 6.827030e-02 2.855452e+01 -2.038311e+01 2.995534e+00 947 4.510140e-03
290966 5.776678e-03 -2.541183e-02 6.569528e-02 6.574363e-03 -2.932958e-02 6.554473e-02 6.163887e+00 -3.027327e+01 -1.163317e+00 6294 2.501115e-02
480864 -1.849761e-02 9.753353e-03 6.640599e-02 -2.892330e-02 1.769636e-02 6.519968e-02 -3.991053e+01 3.040658e+01 -4.617894e+00 2074 9.576904e-03
105626 2.681125e-03 -2.968729e-02 6.544216e-02 1.375643e-02 -2.066448e-01 3.856767e-02 2.558631e+00 -4.088095e+01 -6.045866e+00 1028 5.757352e-03
105796 1.482524e-02 2.577514e-02 6.768363e-02 1.570931e-02 2.807975e-02 6.161589e-02 1.109251e+01 2.891615e+01 -1.104738e+01 2227 9.346658e-03
918612 -4.335529e-03 -2.201134e-02 6.897035e-02 -9.923585e-03 -7.586033e-02 7.179180e-02 -3.981076e+00 -3.836342e+01 2.010074e+00 1757 7.186602e-03
291861 1.086218e-02 -2.389969e-02 6.576868e-02 1.533804e-02 -3.130693e-02 6.185037e-02 7.496673e+00 -1.240646e+01 -4.289358e+00 2924 1.224384e-02
918994 -3.872443e-04 -2.248038e-02 6.801785e-02 5.269951e-03 -3.439345e-02 7.186337e-02 2.401483e+01 -5.057103e+01 1.632423e+01 1741 9.754824e-03
731782 -1.980804e-03 7.439342e-04 1.173359e-01 -4.851337e-02 -2.287184e-02 1.808135e-01 -1.499047e+01 -7.607825e+00 2.044933e+01 2964 1.295357e-02
292725 -2.192256e-03 -2.474975e-02 6.679669e-02 -1.404047e-02 -4.724459e-02 7.345463e-02 -1.969389e+01 -3.739051e+01 1.106671e+01 2841 1.148801e-02
61665 2.430288e-02 -8.642335e-03 6.583645e-02 3.007700e-02 -1.046073e-02 6.639877e-02 1.268186e+01 -3.993787e+00 1.235049e+00 1759 8.122812e-03
107200 -2.759416e-02 -5.795092e-03 6.823823e-02 -3.313723e-02 -6.891530e-03 6.872894e-02 -3.485166e+01 -6.893786e+00 3.085302e+00 2653 1.086470e-02
418148 -1.142109e-02 2.327527e-02 6.701004e-02 -1.277588e-02 2.756440e-02 6.809914e-02 -1.860043e+01 5.888667e+01 1.495248e+01 4091 1.621271e-02
168170 1.213400e-02 1.940717e-02 6.790310e-02 1.674260e-02 3.350045e-02 6.905276e-02 1.365885e+01 4.176926e+01 3.407322e+00 5299 2.212436e-02
483125 -3.039381e-03 -2.529168e-02 6.921550e-02 -1.241866e-02 -7.082884e-02 7.055640e-02 -8.326699e+00 -4.042680e+01 1.190418e+00 1768 7.189479e-03
793537 -1.881731e-02 -1.518861e-02 6.788550e-02 -4.222462e-02 -2.263783e-02 6.879356e-02 -3.574823e+01 -1.137664e+01 1.386804e+00 2390 9.503246e-03
920711 8.781229e-03 2.347268e-02 6.589875e-02 1.277692e-02 3.843756e-02 6.659172e-02 1.232349e+01 4.615466e+01 2.137244e+00 1187 5.145407e-03
293580 1.210110e-02 1.964758e-02 6.834864e-02 2.070299e-02 4.153401e-02 6.535548e-02 9.605414e+00 2.443976e+01 -3.342344e+00 1801 8.544854e-03
733419 -5.085745e-03 -2.622250e-02 6.599539e-02 -5.508549e-03 -3.109766e-02 6.366267e-02 -2.923428e+00 -3.370876e+01 -3.608940e+00 2306 9.643143e-03
733950 -1.431007e-02 -2.098087e-02 6.733935e-02 -1.599208e-02 -2.574790e-02 6.679459e-02 -9.474085e+00 -2.685073e+01 -3.068452e+00 5606 2.370803e-02
859629 2.728083e-02 1.020106e-02 7.031512e-02 3.084436e-02 1.197111e-02 7.215384e-02 3.525455e+01 1.751134e+01 1.819083e+01 2368 9.711984e-03
109116 1.072438e-02 2.266379e-02 6.663732e-02 2.358972e-02 3.109823e-02 6.065231e-02 2.270590e+01 1.488585e+01 -5.101182e+00 2925 1.222777e-02
984811 1.032136e-02 2.218657e-02 6.921060e-02 1.242662e-02 2.794265e-02 7.145300e-02 1.320832e+01 3.611339e+01 1.406872e+01 2321 9.450410e-03
794972 -1.438101e-02 -1.795248e-02 6.596650e-02 -2.075596e-02 -2.354611e-02 6.696516e-02 -1.464284e+01 -1.284819e+01 2.293839e+00 5140 2.222944e-02
547019 -1.399385e-02 2.026410e-02 6.618837e-02 -2.108390e-02 2.713655e-02 5.930087e-02 -2.014234e+01 1.952416e+01 -1.332614e+01 2776 1.330669e-02
358031 2.956441e-02 -4.094156e-03 6.352051e-02 4.767179e-02 -1.514430e-02 5.725640e-02 2.480511e+01 -1.513748e+01 -8.581127e+00 2233 1.069398e-02
735296 1.108912e-02 -2.733289e-02 6.873404e-02 2.073710e-02 -4.633929e-02 7.353536e-02 1.846069e+01 -3.636731e+01 9.186965e+00 3849 1.603874e-02
358115 1.141439e-02 -2.337338e-02 6.554378e-02 4.222880e-02 -6.484235e-02 5.760712e-02 3.042231e+01 -4.094131e+01 -6.939656e+00 2428 9.832974e-03
986138 -1.570873e-02 1.807058e-02 6.796710e-02 -1.818307e-02 2.416628e-02 6.773087e-02 -1.513816e+01 3.729389e+01 -1.445247e+00 1131 5.004945e-03
671998 -2.035828e-02 -2.030716e-02 6.745942e-02 -9.997554e-02 -1.515745e-01 9.288221e-02 -2.630351e+01 -4.336739e+01 8.399040e+00 1175 5.143724e-03
986955 2.343023e-02 -4.458404e-04 6.746051e-02 4.647731e-02 6.088529e-04 7.060628e-02 3.279823e+01 1.500931e+00 4.476739e+00 2242 9.952096e-03
987102 1.116967e-02 2.194089e-02 6.532583e-02 1.528389e-02 2.827482e-02 6.555446e-02 2.139922e+01 3.294455e+01 1.189168e+00 1227 5.638535e-03
297581 -5.134448e-03 -2.939122e-02 6.956476e-02 -2.955630e-02 -8.228798e-02 9.823878e-02 -1.579564e+01 -3.421272e+01 1.854587e+01 1950 8.397350e-03
297827 4.415498e-03 2.548946e-02 6.759853e-02 3.811564e-03 3.842118e-02 6.783991e-02 -9.017741e-01 1.930920e+01 3.604330e-01 1526 7.447823e-03
423035 6.626506e-03 -9.278369e-03 1.187559e-01 1.517744e-02 -3.134774e-02 1.441811e-01 6.883743e+00 -1.776646e+01 2.046799e+01 2585 1.177726e-02
361890 -2.312906e-02 -1.109935e-02 6.788347e-02 -4.028662e-02 -1.839232e-02 7.533336e-02 -2.308621e+01 -9.813004e+00 1.002415e+01 3754 1.455962e-02
674316 -1.381925e-02 -2.640910e-02 7.245863e-02 -2.899768e-02 -4.180251e-02 8.785594e-02 -1.316264e+01 -1.334907e+01 1.335245e+01 1559 7.065856e-03
739472 1.701827e-02 2.030923e-02 7.073117e-02 3.981971e-02 5.234906e-02 9.177439e-02 1.345420e+01 1.890539e+01 1.241674e+01 3277 1.332021e-02
489712 2.542781e-02 1.432386e-02 6.783846e-02 4.026796e-02 2.026390e-02 6.544701e-02 2.558143e+01 1.023944e+01 -4.122387e+00 2710 1.212762e-02
114495 -1.060232e-02 -2.010654e-02 6.645127e-02 -2.177880e-02 -3.249567e-02 6.946353e-02 -1.223554e+01 -1.356309e+01 3.297698e+00 1790 8.223347e-03
927670 -2.211618e-02 -1.036742e-02 6.586883e-02 -5.812522e-02 -1.854355e-02 5.796226e-02 -3.928266e+01 -8.919431e+00 -6.926092e+00 5028 2.001170e-02
990543 -2.367119e-02 9.478627e-03 6.818449e-02 -4.742329e-02 1.946913e-02 6.741056e-02 -2.492778e+01 1.048501e+01 -8.122379e-01 2131 9.179184e-03
490406 1.103658e-02 -2.158223e-02 6.561181e-02 1.157317e-02 -2.775760e-02 6.844825e-02 7.611031e-01 -8.759139e+00 4.023203e+00 1093 6.173472e-03
175469 -6.959531e-03 -3.712596e-03 1.156978e-01 -7.880188e-02 -4.828220e-02 2.519023e-01 -1.594592e+01 -9.892540e+00 3.023157e+01 2463 1.316140e-02
865800 -8.412299e-03 -2.636820e-02 6.800570e-02 -1.092493e-02 -3.097780e-02 7.021932e-02 -1.161288e+01 -2.130468e+01 1.023094e+01 2163 1.014231e-02
616116 1.784468e-02 -1.978976e-02 6.767342e-02 2.348442e-02 -3.952465e-02 7.277209e-02 6.013335e+00 -2.104218e+01 5.436421e+00 1512 8.090547e-03
741119 -1.268683e-02 -2.243170e-02 6.776904e-02 -1.902677e-02 -3.331523e-02 6.948895e-02 -1.637556e+01 -2.811127e+01 4.442364e+00 1474 7.101755e-03
491032 6.401717e-05 -2.731482e-02 6.647668e-02 -4.208498e-04 -3.008769e-02 6.657242e-02 -2.761539e+00 -1.579276e+01 5.452562e-01 2417 1.040025e-02
991419 1.493515e-02 1.468608e-02 6.748852e-02 2.729264e-02 2.950526e-02 6.637649e-02 2.923889e+01 3.506345e+01 -2.631147e+00 3527 1.346159e-02
741530 -1.641974e-02 2.204290e-02 1.429943e-01 -2.881688e-01 2.507580e-01 7.131069e-01 -1.476845e+01 1.242973e+01 3.098328e+01 3126 1.463853e-02
801794 -1.159453e-02 -2.356210e-02 6.972893e-02 -1.744939e-02 -3.338074e-02 7.203975e-02 -2.409012e+01 -4.039928e+01 9.507966e+00 5940 2.270279e-02
427091 3.278951e-03 2.468421e-03 1.268575e-01 4.327293e-02 2.279924e-02 2.364131e-01 1.626847e+01 8.270029e+00 4.456427e+01 2588 1.157513e-02
116865 5.369557e-03 2.832629e-02 6.602195e-02 2.023230e-02 5.753854e-02 6.901357e-02 9.447056e+00 1.856790e+01 1.901528e+00 1891 8.607194e-03
364933 1.727510e-02 2.159549e-02 6.847502e-02 3.237498e-02 3.775811e-02 7.190890e-02 3.197436e+01 3.422472e+01 7.271333e+00 1051 4.830630e-03
239591 1.346332e-02 1.632334e-02 6.527330e-02 2.462603e-02 3.034269e-02 6.551495e-02 3.430410e+01 4.308283e+01 7.426321e-01 2926 1.097092e-02
802364 -2.433414e-02 -9.954129e-03 6.614756e-02 -4.284556e-02 -1.627883e-02 6.532629e-02 -3.756157e+01 -1.283348e+01 -1.666434e+00 2649 1.226646e-02
117592 -1.008522e-02 -2.180799e-02 6.767542e-02 -8.915519e-03 -2.984182e-02 6.919551e-02 2.149022e+00 -1.476010e+01 2.792771e+00 4751 1.962724e-02
555361 -1.983989e-02 1.564010e-02 6.786647e-02 -2.753568e-02 1.777348e-02 7.005556e-02 -2.780322e+01 7.707440e+00 7.908681e+00 1957 9.300390e-03
618382 -2.649912e-02 -1.366634e-02 6.752480e-02 -9.394442e-02 -5.736671e-02 7.192282e-02 -3.712981e+01 -2.405781e+01 2.421187e+00 2637 1.093991e-02
118404 1.614149e-02 2.248457e-02 6.735646e-02 2.574017e-02 3.993243e-02 6.925877e-02 1.679223e+01 3.052382e+01 3.327966e+00 2873 1.140767e-02
556244 5.894834e-03 -2.282155e-02 6.883425e-02 1.109280e-02 -3.191366e-02 6.957394e-02 2.028496e+01 -3.548181e+01 2.886642e+00 2719 1.247971e-02
803791 -2.849993e-02 7.062761e-03 7.141113e-02 -4.614804e-02 9.782528e-03 8.924855e-02 -2.201103e+01 3.392141e+00 2.224715e+01 1426 7.632734e-03
428956 8.401479e-03 1.320197e-02 1.226087e-01 1.598467e-01 3.794391e-01 6.847545e-01 5.587492e+00 1.351213e+01 2.074008e+01 2853 1.448062e-02
119111 -4.427421e-03 -4.078125e-03 1.106495e-01 -3.767310e-02 -1.877641e-02 1.397412e-01 -1.366916e+01 -6.043289e+00 1.196123e+01 1945 8.398814e-03
495624 -2.439385e-02 1.587026e-02 6.972755e-02 -2.674822e-02 1.891038e-02 6.938453e-02 -1.631536e+01 2.106753e+01 -2.377017e+00 1849 1.007489e-02
805400 1.490388e-02 2.299694e-02 6.572501e-02 2.676559e-02 3.932383e-02 6.018582e-02 3.381832e+01 4.654880e+01 -1.217164e+01 3660 1.430246e-02
805559 -3.916936e-03 -2.361814e-02 6.850550e-02 -3.151993e-03 -3.890234e-02 7.018669e-02 1.781161e+00 -3.558908e+01 3.914642e+00 1348 6.768324e-03
180732 6.944674e-03 -2.466657e-03 1.311891e-01 8.780415e-02 -5.178318e-02 3.223108e-01 1.553123e+01 -9.472562e+00 3.671006e+01 5320 2.458227e-02
558612 2.405235e-02 -7.858761e-03 6.960267e-02 3.630884e-02 -1.262756e-02 7.423828e-02 4.623810e+01 -1.799049e+01 1.748801e+01 1372 6.071627e-03
558863 -8.824138e-03 2.272291e-02 7.046197e-02 -1.370003e-02 2.878688e-02 7.068573e-02 -9.049284e+00 1.125428e+01 4.152896e-01 3103 1.279268e-02
934297 1.157010e-02 -2.676365e-02 7.161174e-02 2.313711e-02 -1.286805e-01 1.016363e-01 4.045446e+00 -3.564436e+01 1.050079e+01 1522 7.097582e-03
243648 1.930040e-02 -2.134212e-02 6.395925e-02 2.559793e-02 -2.602976e-02 6.240484e-02 3.309654e+01 -2.463579e+01 -8.169125e+00 3759 1.655391e-02
934569 -1.294710e-02 2.185843e-02 6.794131e-02 -1.821542e-02 3.127178e-02 6.754599e-02 -2.478623e+01 4.428763e+01 -1.859907e+00 1598 6.725664e-03
559805 1.853552e-02 1.753641e-02 7.003673e-02 3.607210e-02 3.116317e-02 7.923150e-02 3.173056e+01 2.465616e+01 1.663695e+01 1013 4.667401e-03
935179 -1.899412e-02 1.503334e-02 6.840892e-02 -2.199838e-02 2.058725e-02 6.740313e-02 -1.244352e+01 2.300404e+01 -4.165916e+00 1402 7.408299e-03
497626 -2.460691e-02 3.500829e-03 6.865092e-02 -3.375083e-02 5.186428e-04 6.971341e-02 -4.842389e+01 -1.579292e+01 5.626699e+00 4073 1.632249e-02
370645 -2.117568e-02 9.979562e-03 6.755978e-02 -3.657719e-02 1.416614e-02 7.102306e-02 -3.443799e+01 9.361255e+00 7.743943e+00 836 6.377135e-03
561080 -2.163441e-02 -1.578259e-02 6.851698e-02 -4.816188e-02 -3.816702e-02 7.138526e-02 -4.083500e+01 -3.445741e+01 4.415271e+00 4309 1.808809e-02
184269 -4.579866e-03 2.597059e-02 6.714795e-02 3.626941e-04 6.548371e-02 7.006281e-02 5.512513e+00 4.406959e+01 3.250989e+00 3509 1.521557e-02
124970 -1.682566e-02 -1.692722e-02 6.990081e-02 -2.579300e-02 -2.520142e-02 7.667776e-02 -3.151590e+01 -2.907988e+01 2.381776e+01 2030 8.914711e-03
684854 2.176273e-02 -1.908249e-03 6.628182e-02 3.738983e-02 -4.510396e-03 6.537061e-02 2.580148e+01 -4.296335e+00 -1.504474e+00 2252 8.995736e-03
185193 1.830890e-02 1.567139e-02 6.688633e-02 3.673922e-02 1.571935e-02 5.822170e-02 2.103890e+01 5.475212e-02 -5.789842e+00 819 4.016482e-03
810155 -5.144804e-03 -2.581506e-02 6.640660e-02 -2.015599e-03 -3.907353e-02 5.962215e-02 7.816439e+00 -3.311833e+01 -1.036939e+01 2423 1.124136e-02
185557 9.341225e-03 2.665486e-02 6.587251e-02 1.274921e-02 3.774164e-02 6.604777e-02 1.010360e+01 3.286881e+01 5.195820e-01 2690 1.185421e-02
311571 -1.315903e-02 2.457544e-02 6.955497e-02 -2.964340e-02 5.282782e-02 9.480778e-02 -9.926598e+00 1.701309e+01 1.520680e+01 2081 9.969088e-03
