/n/home03/calmiller/DSMC_Simulations/7_8_20_opaque_mesh/flow_4.00000_gap_0.00100_len_0.02000_T1_2.00000_T2_0.50000/data
running....
idx x y z xnext ynext znext vx vy vz collides time
562556 -1.607874e-02 3.265433e-03 9.875421e-02 -4.958225e-02 1.141632e-02 1.294508e-01 -2.063460e+01 5.020078e+00 1.890585e+01 7754 2.833786e-02
125127 5.971730e-03 -2.296955e-02 1.257956e-01 4.293498e-02 -1.239104e-01 3.133943e-01 5.075059e+00 -1.385920e+01 2.575732e+01 5577 1.882788e-02
375140 1.269607e-02 1.139713e-02 1.099688e-01 7.257573e-02 6.030365e-02 2.194003e-01 1.193228e+01 9.745656e+00 2.180652e+01 4359 1.516044e-02
500145 -6.601638e-03 4.896337e-03 8.673676e-02 -5.320883e-02 4.814968e-02 1.183997e-01 -9.740592e+00 9.039660e+00 6.617349e+00 5615 1.870559e-02
562755 -1.213538e-02 -9.957733e-03 1.253062e-01 -9.218106e-02 -9.488022e-02 2.858446e-01 -1.151925e+01 -1.222106e+01 2.310283e+01 2033 9.323237e-03
812760 -1.054643e-02 2.859028e-04 1.147163e-01 -4.501107e-02 -3.318853e-03 2.154946e-01 -8.579480e+00 -8.973522e-01 2.508732e+01 8667 2.736687e-02
457 -1.433803e-02 1.252983e-02 1.194094e-01 -6.516324e-02 2.307520e-02 2.149034e-01 -1.248667e+01 2.590773e+00 2.346085e+01 3595 1.361386e-02
750621 -2.745592e-02 5.805204e-03 1.000564e-01 -1.826135e-01 3.840856e-02 1.975544e-01 -2.076991e+01 4.364394e+00 1.305141e+01 4290 1.495288e-02
125650 1.687146e-02 -7.810968e-03 1.031998e-01 7.239847e-02 -3.040073e-02 1.702868e-01 1.715801e+01 -6.980305e+00 2.073010e+01 2640 9.644060e-03
563241 9.071542e-04 2.624448e-02 1.202323e-01 -1.962998e-03 5.007907e-02 1.506062e-01 -2.214124e+00 1.838675e+01 2.343136e+01 7816 2.700380e-02
983 -1.225072e-02 9.392841e-03 1.230061e-01 -6.914736e-02 5.946553e-02 2.159727e-01 -1.125214e+01 9.902604e+00 1.838550e+01 5785 2.118331e-02
313581 9.588635e-03 4.416955e-03 1.125696e-01 6.166763e-02 5.670496e-02 3.579341e-01 5.784678e+00 5.807894e+00 2.725388e+01 2613 9.422126e-03
876084 2.018573e-03 9.054395e-03 1.531417e-01 6.353905e-02 6.174457e-02 4.289336e-01 5.964939e+00 5.108765e+00 2.674040e+01 4792 1.994959e-02
751129 2.953290e-03 1.379420e-02 1.385718e-01 8.051992e-03 3.528392e-02 2.244128e-01 1.965670e+00 8.284795e+00 3.309373e+01 5327 1.846011e-02
751176 2.347030e-02 -1.323266e-02 1.079937e-01 1.681304e-01 -9.346526e-02 2.573537e-01 1.939754e+01 -1.075842e+01 2.002776e+01 5896 1.897939e-02
438715 1.408035e-02 -1.238857e-02 1.128296e-01 1.057535e-01 -9.133551e-02 3.003382e-01 1.297541e+01 -1.117414e+01 2.653994e+01 3048 1.089824e-02
188821 -8.557749e-03 -4.986363e-03 1.068566e-01 -4.645264e-02 -1.478889e-02 2.214871e-01 -8.930717e+00 -2.310169e+00 2.701505e+01 4453 1.487677e-02
63864 1.865576e-02 1.359408e-02 1.149026e-01 1.282344e-01 6.532870e-02 2.918666e-01 1.489445e+01 7.032012e+00 2.405378e+01 3114 1.133478e-02
501709 1.599241e-02 6.810810e-03 1.065585e-01 2.772952e-02 1.218449e-02 1.197219e-01 1.492308e+01 6.832333e+00 1.673656e+01 4007 1.453328e-02
314271 1.339693e-02 2.926482e-03 1.999554e-01 9.575280e-02 5.981834e-03 9.917918e-01 3.373758e+00 1.251643e-01 3.243805e+01 1830 1.017357e-02
376982 1.087287e-02 1.454248e-02 1.042836e-01 4.778707e-02 7.776079e-02 1.699405e-01 9.869024e+00 1.690144e+01 1.755338e+01 4560 1.667363e-02
377199 1.196852e-02 2.003118e-02 1.138016e-01 5.276575e-02 8.001174e-02 1.925759e-01 8.917639e+00 1.311082e+01 1.721884e+01 9249 2.985255e-02
752333 4.926871e-03 -9.292527e-03 9.752177e-02 1.921175e-02 -4.256226e-02 1.474432e-01 5.999314e+00 -1.397251e+01 2.096581e+01 2760 1.037441e-02
189930 -7.549857e-03 -1.118040e-02 2.278429e-01 1.598807e-01 -4.437560e-01 1.737791e+00 2.708071e+00 -6.996602e+00 2.442234e+01 3369 1.650528e-02
127582 -1.258012e-02 -8.623660e-03 9.870303e-02 -7.244395e-02 -4.309991e-02 1.504226e-01 -1.734272e+01 -9.987869e+00 1.498332e+01 3402 1.194788e-02
65189 -1.865171e-02 -3.781050e-03 9.804548e-02 -8.086354e-02 -2.079223e-02 1.502180e-01 -1.657509e+01 -4.532287e+00 1.390033e+01 1465 5.781492e-03
753045 8.764385e-03 8.333537e-03 1.028549e-01 4.701624e-02 3.995944e-02 1.842022e-01 1.127683e+01 9.323470e+00 2.398159e+01 3888 1.298124e-02
753049 2.432716e-02 7.724270e-03 1.314859e-01 7.346874e-02 2.233890e-02 2.122396e-01 1.520603e+01 4.522249e+00 2.498787e+01 3557 1.333062e-02
628167 1.009875e-02 1.290292e-02 1.081764e-01 4.905032e-02 7.082065e-02 2.133681e-01 8.883669e+00 1.320927e+01 2.399104e+01 5581 1.898710e-02
940727 1.840764e-02 -1.305259e-02 1.121679e-01 7.961914e-02 -5.864122e-02 2.273817e-01 1.279434e+01 -9.528868e+00 2.408181e+01 8971 2.937748e-02
253296 1.209929e-02 1.603170e-02 1.419280e-01 4.452163e-02 3.950687e-02 2.519118e-01 8.198801e+00 5.936287e+00 2.781216e+01 8011 2.809837e-02
4461 -1.494060e-02 -1.216229e-04 1.161688e-01 -2.545980e-01 -2.565834e-02 9.065953e-01 -9.387250e+00 -1.000259e+00 3.096057e+01 3643 1.301459e-02
878413 7.475729e-04 2.249454e-02 1.156726e-01 -1.339473e-02 1.408458e-01 2.644653e-01 -2.027287e+00 1.696555e+01 2.132930e+01 4679 1.703039e-02
253588 1.045541e-02 2.109718e-02 1.958346e-01 4.960149e-02 1.029387e-01 1.241596e+00 1.170940e+00 2.448048e+00 3.128090e+01 1696 9.708240e-03
4678 1.630683e-02 2.339709e-03 1.085384e-01 3.581037e-02 -1.349209e-04 1.387047e-01 1.303668e+01 -1.654108e+00 2.016397e+01 2747 1.078892e-02
191123 -8.817900e-03 -1.751887e-02 1.414458e-01 -1.691634e-01 -3.860487e-01 1.009498e+00 -5.492678e+00 -1.262409e+01 2.973537e+01 6368 2.418691e-02
5138 -2.067279e-02 -1.200598e-03 1.048848e-01 -5.124196e-02 -5.829301e-03 1.393253e-01 -1.702243e+01 -2.577491e+00 1.917819e+01 4414 1.459780e-02
379116 1.133105e-02 -2.342593e-03 1.025393e-01 9.746332e-02 -9.460351e-03 2.656640e-01 1.349527e+01 -1.115216e+00 2.555851e+01 3216 1.170956e-02
66724 -9.218303e-03 -1.012117e-02 1.409639e-01 -1.593066e-01 -2.115372e-01 1.044675e+00 -4.812454e+00 -6.458233e+00 2.897673e+01 2107 9.482527e-03
254274 7.461395e-03 -2.321651e-02 9.454439e-02 1.619689e-02 -6.195996e-02 1.024132e-01 4.791556e+00 -2.125139e+01 4.316160e+00 4130 1.506373e-02
441716 -1.294146e-02 -1.488572e-02 1.068754e-01 -1.214097e-01 -1.204658e-01 2.927226e-01 -1.257837e+01 -1.224345e+01 2.155152e+01 4530 1.552728e-02
441799 -9.553365e-03 -1.004353e-03 9.986368e-02 -5.862307e-02 -9.657197e-03 1.689717e-01 -1.386239e+01 -2.444464e+00 1.952331e+01 3940 1.252876e-02
942050 -1.022323e-02 1.112196e-02 1.663075e-01 -5.612543e-02 6.055321e-02 5.220466e-01 -3.617519e+00 3.895641e+00 2.803554e+01 2553 1.113471e-02
254596 9.870860e-03 -5.746799e-03 9.749380e-02 3.471076e-02 -1.751408e-02 1.371508e-01 1.666030e+01 -7.892404e+00 2.659826e+01 2181 7.786804e-03
254665 7.976498e-03 -4.860532e-03 9.921585e-02 3.260493e-02 -2.667016e-02 1.661162e-01 9.366998e+00 -8.294914e+00 2.544438e+01 2790 9.750489e-03
379719 -1.355179e-02 -2.344170e-03 9.755250e-02 -1.015817e-01 -3.116290e-02 1.792232e-01 -2.057150e+01 -6.734580e+00 1.908544e+01 4890 1.565695e-02
317390 6.441603e-03 -1.489010e-02 1.217786e-01 2.504358e-02 -6.072195e-02 2.293530e-01 4.275845e+00 -1.053490e+01 2.472702e+01 5135 1.826946e-02
255092 5.544493e-03 2.924342e-02 1.282717e-01 4.900297e-02 4.633522e-01 7.957497e-01 1.577997e+00 1.576269e+01 2.423643e+01 6671 2.307502e-02
817550 4.124674e-03 -9.478894e-03 1.025802e-01 1.560759e-02 -2.733467e-02 1.446671e-01 6.255338e+00 -9.726960e+00 2.292690e+01 2399 8.567691e-03
317792 -4.269102e-03 1.312165e-02 1.038300e-01 -2.060789e-02 4.492668e-02 1.480089e-01 -6.987243e+00 1.360134e+01 1.889303e+01 3761 1.292352e-02
67878 6.068377e-03 -9.878284e-03 1.116997e-01 2.567676e-02 -3.114228e-02 1.744168e-01 6.880320e+00 -7.461253e+00 2.200660e+01 3396 1.157538e-02
7058 1.507342e-03 1.081635e-02 1.365426e-01 9.075388e-03 6.834113e-02 5.647087e-01 6.144569e-01 4.670492e+00 3.476322e+01 3989 1.451092e-02
942969 -7.943377e-03 4.634505e-03 1.602085e-01 8.946024e-02 -1.594767e-02 9.481468e-01 3.447985e+00 -7.285871e-01 2.789218e+01 5723 2.240685e-02
443064 4.731153e-03 -2.011298e-03 1.296184e-01 4.104798e-02 -5.345559e-03 3.521538e-01 5.643889e+00 -5.181675e-01 3.458355e+01 2509 9.156788e-03
505633 4.747113e-03 1.361372e-02 1.485793e-01 3.800799e-02 1.683047e-02 4.601555e-01 2.962148e+00 2.864774e-01 2.774836e+01 2202 1.001667e-02
943413 5.161772e-03 -1.104882e-02 1.041551e-01 2.904145e-02 -4.335229e-02 1.693340e-01 8.192538e+00 -1.108254e+01 2.236130e+01 4833 1.592084e-02
755831 1.414980e-02 3.135344e-03 1.137570e-01 5.578907e-02 2.702955e-02 2.320229e-01 9.474836e+00 5.437023e+00 2.691091e+01 8827 2.807281e-02
130993 2.266931e-03 1.133001e-02 1.014848e-01 -6.019368e-03 7.177986e-02 2.414683e-01 -1.276964e+00 9.315651e+00 2.157222e+01 4508 1.704934e-02
943877 1.145771e-02 1.187928e-02 1.475200e-01 4.478985e-02 5.045420e-02 3.618362e-01 3.954556e+00 4.576565e+00 2.542667e+01 6425 2.272696e-02
631409 1.178982e-03 -2.755713e-03 1.202737e-01 -5.097484e-04 -3.742400e-02 2.765129e-01 -2.909283e-01 -5.972524e+00 2.691633e+01 3686 1.402754e-02
881325 -1.041529e-02 -1.523445e-02 1.319784e-01 -3.505852e-01 -7.446429e-01 1.713899e+00 -5.743019e+00 -1.231445e+01 2.670724e+01 3600 1.349072e-02
193887 -3.014256e-03 1.083677e-02 9.798650e-02 -3.060356e-02 6.782446e-02 1.780623e-01 -9.577351e+00 1.978271e+01 2.779751e+01 8988 2.840748e-02
8502 1.683953e-02 -1.116190e-02 1.547934e-01 8.316991e-02 -5.163284e-02 5.109153e-01 5.555345e+00 -3.389549e+00 2.982615e+01 3543 1.340692e-02
193938 -1.289590e-02 1.278742e-03 1.106921e-01 -7.079531e-02 -4.409016e-04 2.328207e-01 -1.119555e+01 -3.325137e-01 2.361503e+01 1891 7.533497e-03
756598 -1.442408e-02 -1.735999e-04 1.458201e-01 -3.472848e-02 -5.205435e-03 2.222355e-01 -6.795213e+00 -1.683990e+00 2.557370e+01 3291 1.320798e-02
631793 2.366384e-03 2.620471e-02 1.174171e-01 2.795087e-02 1.959055e-01 3.098682e-01 2.216987e+00 1.470519e+01 1.667658e+01 2938 1.143810e-02
131846 -1.476938e-02 -3.273481e-03 1.083213e-01 -6.709849e-02 -1.915620e-02 2.637756e-01 -9.179749e+00 -2.786200e+00 2.727032e+01 4032 1.417021e-02
381837 -1.018867e-02 6.799517e-03 1.208357e-01 -7.208840e-02 2.512281e-02 3.731097e-01 -7.407051e+00 2.192603e+00 3.018763e+01 3670 1.304722e-02
819366 -1.160507e-02 6.062552e-03 1.123328e-01 -1.419327e-01 7.878221e-02 4.356863e-01 -1.154641e+01 6.442618e+00 2.864759e+01 11545 3.638829e-02
9485 -2.272898e-02 -1.568451e-02 1.516190e-01 -2.423601e-01 -2.226822e-01 7.964875e-01 -9.968613e+00 -9.395206e+00 2.926928e+01 3957 1.534581e-02
444574 -6.324194e-03 1.138157e-03 1.014181e-01 -6.782942e-02 1.602614e-02 2.110703e-01 -1.308724e+01 3.167902e+00 2.333207e+01 10326 3.209358e-02
257296 1.761942e-03 -1.468443e-02 1.037351e-01 2.348442e-02 -8.607261e-02 2.257449e-01 4.321710e+00 -1.420275e+01 2.427399e+01 7582 2.462066e-02
194671 -1.709012e-02 -7.623622e-03 1.259440e-01 -4.986300e-01 -3.164641e-01 1.297813e+00 -1.292561e+01 -8.289971e+00 3.145559e+01 3592 1.270463e-02
194757 8.182017e-03 1.801591e-02 9.911734e-02 2.641508e-02 5.153979e-02 1.265555e-01 9.587173e+00 1.762728e+01 1.442732e+01 3529 1.233020e-02
882294 -2.079812e-02 1.134851e-02 1.283649e-01 -5.923321e-02 2.807315e-02 2.250494e-01 -9.199440e+00 4.003042e+00 2.314144e+01 3755 1.411614e-02
132890 3.007275e-03 1.543732e-02 1.110110e-01 1.484429e-03 3.249143e-02 1.368286e-01 -1.154355e+00 1.292744e+01 1.957041e+01 2986 1.060971e-02
945449 -1.110604e-02 1.606746e-02 1.371511e-01 -1.130556e-01 1.180863e-01 7.005851e-01 -5.854344e+00 5.858323e+00 3.235459e+01 4586 1.723274e-02
70484 1.317891e-03 -2.315199e-02 1.281475e-01 1.946910e-03 -3.365005e-02 1.467535e-01 9.387722e-01 -1.566772e+01 2.776841e+01 5219 1.759847e-02
10974 1.683980e-02 -2.265279e-02 1.336731e-01 4.654926e-02 -7.641981e-02 2.508374e-01 6.158132e+00 -1.114475e+01 2.428565e+01 4541 1.726741e-02
133385 -1.218113e-02 1.272062e-02 1.070783e-01 -1.162471e-01 1.558377e-01 2.964055e-01 -1.099028e+01 1.511442e+01 1.999461e+01 2828 1.061407e-02
258662 4.888838e-03 -2.237341e-02 1.722478e-01 1.370512e-02 -3.530947e-02 2.152514e-01 5.355246e+00 -7.857712e+00 2.612155e+01 4699 1.912467e-02
133770 -1.987463e-02 1.132009e-02 1.417284e-01 -6.676418e-02 3.331907e-02 3.095965e-01 -6.566996e+00 3.081010e+00 2.351034e+01 5905 2.114858e-02
71351 1.532737e-02 -8.105491e-03 1.104994e-01 4.699728e-02 -2.303563e-02 1.597410e-01 1.512578e+01 -7.130745e+00 2.351816e+01 4667 1.708064e-02
11711 1.630456e-02 -1.885232e-02 1.547591e-01 2.185064e-02 -2.661972e-02 1.792375e-01 6.792831e+00 -9.513508e+00 2.998111e+01 8825 3.025591e-02
12072 -1.976359e-02 1.681536e-03 1.156617e-01 -4.722054e-02 -3.629657e-03 1.604702e-01 -1.412205e+01 -2.731729e+00 2.304656e+01 3449 1.303075e-02
696749 -1.076074e-02 1.707434e-03 8.750662e-02 -1.160219e-01 8.299499e-03 9.965443e-02 -2.293162e+01 1.436112e+00 2.646457e+00 3472 1.190710e-02
384245 -1.305666e-02 -1.258931e-02 1.467727e-01 -1.337448e-01 -1.266736e-01 6.639175e-01 -6.862970e+00 -6.487441e+00 2.940760e+01 6468 2.230577e-02
134623 -7.833863e-03 1.849921e-02 9.983387e-02 -2.510475e-02 7.090417e-02 1.452668e-01 -5.520854e+00 1.675190e+01 1.452321e+01 6235 2.161976e-02
322110 7.830712e-03 3.150937e-03 1.091017e-01 4.157242e-02 2.309065e-02 2.381004e-01 6.938138e+00 4.100102e+00 2.652533e+01 5726 1.957424e-02
72349 -2.827239e-02 1.114200e-03 1.751852e-01 -4.599026e-02 8.703582e-04 2.323040e-01 -6.980584e+00 -9.607002e-02 2.250394e+01 4672 1.877708e-02
72390 7.636652e-03 -9.695692e-03 9.879728e-02 2.499286e-02 -4.138015e-02 1.486178e-01 8.237049e+00 -1.503707e+01 2.364421e+01 4857 1.600837e-02
572340 -8.602989e-03 -9.467917e-03 1.280423e-01 -7.646811e-02 -6.243471e-02 3.984132e-01 -5.628195e+00 -4.392646e+00 2.242242e+01 2620 1.031611e-02
572376 -8.226752e-03 -1.046000e-02 1.009321e-01 -2.783525e-02 -3.772428e-02 1.529172e-01 -8.931131e+00 -1.241813e+01 2.367780e+01 4610 1.628636e-02
572742 3.015172e-03 -2.550142e-02 1.005846e-01 1.101743e-01 -4.017985e-01 3.726260e-01 4.962129e+00 -1.742487e+01 1.259720e+01 2432 9.119316e-03
13788 -8.293746e-04 -2.495289e-02 1.613545e-01 8.274825e-02 -2.756931e-01 1.002403e+00 2.717144e+00 -8.151670e+00 2.734285e+01 3892 1.508691e-02
197804 -1.593610e-02 7.616616e-03 1.281438e-01 -1.130630e-01 6.290479e-02 4.332433e-01 -7.937140e+00 4.518110e+00 2.493252e+01 3831 1.456446e-02
698031 -2.039837e-02 -9.125802e-03 1.843987e-01 -2.164465e-01 -1.009979e-01 1.196576e+00 -5.980316e+00 -2.802497e+00 3.087580e+01 2863 1.317540e-02
510430 1.790609e-02 -7.300070e-03 1.156079e-01 2.875829e-01 -1.269046e-01 6.381979e-01 1.347339e+01 -5.975594e+00 2.610925e+01 5034 1.722223e-02
14262 2.149695e-02 -1.059950e-02 1.124485e-01 2.986701e-01 -2.079455e-01 5.193067e-01 1.849399e+01 -1.316763e+01 2.714704e+01 2292 8.363213e-03
698245 2.375245e-02 -1.165798e-03 1.459765e-01 2.672687e-01 2.071856e-02 6.593976e-01 1.192005e+01 1.071233e+00 2.513182e+01 3332 1.388053e-02
823175 1.829602e-02 2.331550e-03 1.428179e-01 9.969866e-02 2.040383e-02 2.943894e-01 1.129374e+01 2.507335e+00 2.102893e+01 4531 1.804164e-02
823224 -7.776824e-03 -4.731351e-03 9.283626e-02 -3.874901e-02 -3.539462e-02 1.410997e-01 -1.214875e+01 -1.202758e+01 1.893120e+01 7229 2.272073e-02
573453 -1.561153e-02 -7.471458e-03 1.290175e-01 -4.009650e-02 -1.984594e-02 1.976656e-01 -9.322683e+00 -4.711599e+00 2.613785e+01 3133 1.232204e-02
14841 -4.287753e-03 -1.129863e-02 1.033900e-01 -1.077289e-02 -5.426393e-02 1.841269e-01 -1.503236e+00 -9.959229e+00 1.871457e+01 4169 1.404397e-02
636479 1.118400e-02 -1.158958e-02 1.099516e-01 2.385946e-02 -2.631081e-02 1.423358e-01 1.101628e+01 -1.279427e+01 2.814521e+01 4202 1.435165e-02
761197 -5.355431e-03 -1.217247e-02 1.377616e-01 -9.559144e-02 -1.404490e-01 4.608228e-01 -7.729092e+00 -1.098742e+01 2.767154e+01 4343 1.628728e-02
511283 1.042449e-02 7.908697e-04 1.244707e-01 6.503902e-02 1.907240e-02 2.963095e-01 9.211403e+00 3.083402e+00 2.898270e+01 4476 1.608828e-02
261673 -6.636172e-03 1.058342e-02 1.493141e-01 -5.460709e-02 7.034027e-02 5.416684e-01 -3.352791e+00 4.176536e+00 2.742249e+01 12064 3.990759e-02
511442 9.290579e-03 -1.175591e-02 9.805719e-02 2.391628e-02 -3.104155e-02 1.242842e-01 9.570605e+00 -1.261992e+01 1.716215e+01 3218 1.117598e-02
886819 7.845208e-03 -1.386808e-02 1.407079e-01 7.067873e-02 -2.500223e-01 1.043487e+00 2.072314e+00 -7.788610e+00 2.977460e+01 4768 1.672225e-02
15978 3.418711e-03 -2.326561e-02 1.281753e-01 1.809948e-02 -1.048271e-01 2.999658e-01 2.378414e+00 -1.321368e+01 2.783157e+01 4431 1.611292e-02
324710 8.522530e-03 5.396921e-03 9.638725e-02 3.124329e-02 1.711158e-02 1.240094e-01 1.349912e+01 6.960047e+00 1.641119e+01 4270 1.451340e-02
824734 -5.946591e-03 -2.387249e-02 1.120053e-01 -1.957983e-02 -5.689580e-02 1.553010e-01 -6.228454e+00 -1.508697e+01 1.978001e+01 3820 1.376371e-02
699929 -8.056130e-03 -1.032374e-03 9.788194e-02 -7.195074e-02 -1.246005e-02 1.781285e-01 -1.383488e+01 -2.474396e+00 1.737551e+01 3438 1.172141e-02
699934 9.769884e-03 -4.805275e-04 9.051574e-02 2.968654e-02 5.773407e-03 1.038029e-01 2.533780e+01 7.956204e+00 1.690385e+01 3680 1.319857e-02
325138 -2.341977e-02 -9.625813e-03 1.863777e-01 -4.370860e-02 -2.235843e-02 2.528631e-01 -9.573588e+00 -6.008078e+00 3.137215e+01 3951 1.615294e-02
824986 -6.611193e-03 2.195461e-03 8.702827e-02 -2.915109e-02 2.199996e-02 9.196113e-02 -1.229447e+01 1.080243e+01 2.690641e+00 2742 9.602020e-03
262879 2.796927e-03 -1.299238e-02 9.294673e-02 1.872087e-02 -4.873656e-02 1.127434e-01 8.801184e+00 -1.975585e+01 1.094166e+01 2719 9.638631e-03
762519 1.531612e-02 6.166632e-03 1.020268e-01 5.274153e-02 1.773723e-02 1.520193e-01 1.641301e+01 5.074316e+00 2.192433e+01 3052 1.060827e-02
325443 7.929353e-03 7.590674e-03 1.081132e-01 3.073768e-02 3.281458e-02 1.811528e-01 8.771742e+00 9.700739e+00 2.808992e+01 4026 1.365732e-02
450202 -1.887783e-02 -2.077595e-02 8.887391e-02 -2.703674e-01 -3.385282e-01 8.809882e-02 -1.244106e+01 -1.571904e+01 -3.834339e-02 2563 9.247843e-03
638311 1.752874e-02 7.481363e-03 1.366299e-01 1.238783e-01 2.659295e-02 5.134103e-01 7.488744e+00 1.345768e+00 2.653150e+01 7038 2.572065e-02
138354 -1.834029e-02 2.335389e-02 1.063251e-01 -1.084409e-01 1.309231e-01 1.899235e-01 -1.393797e+01 1.664025e+01 1.293212e+01 3812 1.384388e-02
763004 -1.186487e-02 5.833087e-03 8.974011e-02 -5.243864e-02 2.557376e-02 1.052970e-01 -2.325163e+01 1.131280e+01 8.915213e+00 6847 2.178983e-02
700876 1.290358e-02 -4.279218e-03 1.192692e-01 3.344452e-02 -1.133282e-02 1.783011e-01 9.016902e+00 -3.096335e+00 2.591337e+01 8940 2.905365e-02
888508 -7.437825e-03 -2.473134e-03 1.063829e-01 -5.237084e-02 -2.837136e-02 2.368171e-01 -8.295950e+00 -4.781572e+00 2.408197e+01 3560 1.246998e-02
638906 6.753432e-03 -4.650195e-03 1.238888e-01 1.849979e-01 -1.937044e-01 9.631536e-01 5.364132e+00 -5.689442e+00 2.525703e+01 2885 1.167251e-02
951543 1.556180e-02 1.578311e-02 1.149017e-01 3.265084e-02 3.380121e-02 1.478952e-01 1.146481e+01 1.208810e+01 2.213489e+01 3058 1.179937e-02
888769 1.073191e-02 7.791643e-03 1.411134e-01 7.993028e-02 7.699287e-02 6.349892e-01 2.984352e+00 2.984474e+00 2.129962e+01 2031 9.409455e-03
388717 2.546108e-03 -6.136806e-03 9.119992e-02 1.867510e-02 -2.963187e-02 1.087465e-01 1.314457e+01 -1.914767e+01 1.429988e+01 3078 1.007346e-02
76703 7.407572e-03 -1.414400e-02 1.009649e-01 1.823557e-02 -4.006726e-02 1.289490e-01 6.095273e+00 -1.459267e+01 1.575275e+01 2070 7.837159e-03
701678 1.169999e-02 2.599813e-02 1.911310e-01 8.759399e-02 2.070339e-01 8.000900e-01 3.744150e+00 8.931209e+00 3.004235e+01 3498 1.524605e-02
139451 5.018867e-03 -9.085805e-03 1.163825e-01 2.095116e-02 -5.759814e-02 2.515579e-01 3.310569e+00 -1.008037e+01 2.808807e+01 5628 1.846129e-02
764113 -2.434064e-02 1.579056e-02 1.207405e-01 -4.489085e-01 1.272841e-01 6.938819e-01 -1.621644e+01 4.258512e+00 2.189122e+01 5508 2.106032e-02
389196 6.496492e-03 1.349352e-02 1.916303e-01 1.039388e-01 2.807753e-01 1.669744e+00 2.288818e+00 6.278173e+00 3.471937e+01 4469 1.714241e-02
77067 -1.988330e-02 1.276628e-02 1.130010e-01 -2.325674e-01 1.303553e-01 3.960497e-01 -1.905050e+01 1.053266e+01 2.535318e+01 4449 1.544443e-02
451891 1.239966e-02 2.289199e-02 1.427073e-01 4.280862e-02 7.910150e-02 2.902225e-01 6.353044e+00 1.174330e+01 3.081889e+01 1596 7.565785e-03
827022 -8.500959e-04 3.353560e-03 1.189491e-01 -1.863003e-02 2.355278e-02 3.077032e-01 -3.088483e+00 3.508728e+00 3.278774e+01 3611 1.262538e-02
265084 -1.298839e-02 -2.362353e-02 1.044748e-01 -1.179942e-01 -1.634701e-01 2.202886e-01 -1.018104e+01 -1.355910e+01 1.122895e+01 6268 2.213016e-02
577734 -1.676104e-02 1.093808e-02 1.073608e-01 -6.619888e-02 5.270742e-02 1.901419e-01 -1.325868e+01 1.120208e+01 2.220100e+01 3353 1.179308e-02
77985 1.089644e-02 -7.633459e-03 9.546505e-02 8.351097e-02 -4.457097e-02 1.579942e-01 1.386269e+01 -7.051665e+00 1.193731e+01 3418 1.112144e-02
577973 -4.705418e-03 9.470009e-03 9.328509e-02 -2.151493e-02 3.728864e-02 1.278326e-01 -7.236598e+00 1.197609e+01 1.487290e+01 2959 1.020693e-02
890371 -3.187749e-04 -1.597398e-02 1.017995e-01 -7.042177e-04 -4.864653e-02 1.483785e-01 -1.812033e-01 -1.535993e+01 2.189761e+01 2190 7.982904e-03
827884 -1.407456e-02 2.854844e-03 1.103049e-01 -6.314876e-02 1.632342e-02 2.307441e-01 -8.841072e+00 2.426462e+00 2.169800e+01 4407 1.682436e-02
328251 -2.287860e-02 -1.477808e-02 1.032752e-01 -3.203345e-01 -2.114149e-01 3.783292e-01 -1.631758e+01 -1.078693e+01 1.508868e+01 4412 1.550098e-02
703181 3.831460e-03 2.965179e-02 1.850723e-01 5.439981e-02 2.372575e-01 7.157931e-01 2.766374e+00 1.135720e+01 2.903342e+01 5860 2.266080e-02
328346 -1.809163e-02 2.148201e-02 1.357829e-01 -7.055057e-02 7.756012e-02 2.922381e-01 -1.015815e+01 1.085897e+01 3.029602e+01 3093 1.284292e-02
953445 1.264413e-02 -8.818064e-03 9.496590e-02 8.384996e-02 -4.523443e-02 1.469147e-01 1.856526e+01 -9.494722e+00 1.354443e+01 3808 1.281752e-02
578386 -1.398335e-02 -5.683026e-03 1.148131e-01 -3.646203e-02 -1.217713e-02 1.614262e-01 -1.313634e+01 -3.795094e+00 2.724032e+01 4617 1.552043e-02
453622 1.057866e-02 -2.827564e-03 1.282386e-01 8.152874e-02 -4.553284e-02 4.355395e-01 6.326616e+00 -3.808028e+00 2.740201e+01 7477 2.724695e-02
21829 2.166438e-02 -2.726780e-03 1.135914e-01 3.117251e-02 -3.653944e-03 1.268946e-01 1.595254e+01 -1.555578e+00 2.231985e+01 4960 1.750289e-02
266715 1.345437e-02 -2.497384e-02 1.170531e-01 2.518670e-02 -4.411020e-02 1.504164e-01 8.786292e+00 -1.433114e+01 2.498559e+01 5933 2.022853e-02
266833 -1.229162e-02 -3.651702e-03 2.276281e-01 -1.048902e-01 -6.570868e-02 1.285850e+00 -3.045372e+00 -2.040923e+00 3.480270e+01 13291 4.443391e-02
954349 -1.114543e-02 -5.882573e-03 9.767906e-02 -8.629205e-02 -5.005899e-02 1.870721e-01 -1.504349e+01 -8.843614e+00 1.789547e+01 3777 1.292368e-02
766579 -4.436008e-03 4.204944e-03 1.065253e-01 -2.882620e-02 2.750372e-02 2.072609e-01 -6.144250e+00 5.869306e+00 2.537679e+01 3928 1.355294e-02
329567 5.939980e-03 -7.427394e-03 1.396637e-01 3.696952e-02 -3.332854e-02 2.291071e-01 8.413212e+00 -7.022722e+00 2.425128e+01 11190 3.693683e-02
142148 -1.385618e-02 -6.354845e-03 1.039894e-01 -9.519297e-02 -1.075178e-02 1.948142e-01 -1.635097e+01 -8.839080e-01 1.825834e+01 2700 9.521988e-03
267306 7.190131e-03 1.354106e-02 1.309163e-01 4.648559e-02 1.295911e-01 5.341366e-01 3.017989e+00 8.912934e+00 3.096832e+01 3735 1.402629e-02
516966 3.319762e-03 -1.190628e-02 2.070111e-01 3.110977e-02 -1.919604e-01 2.150455e+00 4.134831e-01 -2.678998e+00 2.891619e+01 2352 1.193352e-02
391894 -2.616655e-02 -1.129160e-02 1.063254e-01 -7.632152e-02 -4.108786e-02 1.555737e-01 -1.962496e+01 -1.165887e+01 1.927021e+01 4314 1.630011e-02
267418 1.012843e-02 -9.997044e-03 1.100867e-01 6.245514e-02 -5.611012e-02 2.582718e-01 8.290403e+00 -7.305943e+00 2.347776e+01 3375 1.220299e-02
79814 -3.630501e-03 -2.774188e-03 1.077682e-01 -2.379393e-02 -2.099385e-02 1.873098e-01 -5.826527e+00 -5.264847e+00 2.298476e+01 2681 9.651309e-03
955175 -3.226128e-03 -1.288717e-02 1.179790e-01 -2.090744e-02 -8.475716e-02 2.913402e-01 -2.480404e+00 -1.008221e+01 2.431979e+01 4738 1.685803e-02
80217 3.656730e-03 1.160032e-02 9.322866e-02 8.909949e-03 3.787537e-02 1.127541e-01 3.485795e+00 1.743491e+01 1.295619e+01 3373 1.141135e-02
454886 1.172356e-02 7.711941e-04 1.072610e-01 8.563456e-02 -2.275985e-03 2.142788e-01 1.452041e+01 -5.986430e-01 2.102450e+01 3195 1.145079e-02
517560 1.402921e-02 2.582875e-02 1.522447e-01 5.308083e-02 7.969208e-02 3.605275e-01 4.825248e+00 6.655396e+00 2.573558e+01 4751 1.890815e-02
955549 1.943197e-02 2.015143e-02 1.102258e-01 9.501615e-02 1.409056e-01 2.010959e-01 1.257695e+01 2.009308e+01 1.512046e+01 3491 1.325806e-02
23802 -2.882531e-02 3.922086e-03 1.306383e-01 -6.838005e-02 1.044099e-02 1.929069e-01 -1.218187e+01 2.007658e+00 1.917715e+01 9180 3.234645e-02
330525 -1.226202e-02 8.602196e-03 1.220692e-01 -4.098639e-02 4.017401e-02 2.352636e-01 -6.933098e+00 7.620375e+00 2.732133e+01 4594 1.651233e-02
643231 1.472642e-02 -1.154288e-02 1.942978e-01 1.981066e-01 -8.181409e-02 1.468189e+00 3.742506e+00 -1.434127e+00 2.599816e+01 6554 2.435506e-02
268143 -1.151496e-02 1.342024e-02 1.146744e-01 -2.215337e-02 2.176581e-02 1.430034e-01 -7.996094e+00 6.272733e+00 2.129271e+01 5669 1.938965e-02
955661 1.195361e-02 4.475059e-03 1.195947e-01 4.229255e-02 1.384334e-02 2.172463e-01 9.763055e+00 3.014709e+00 3.142423e+01 6175 2.019353e-02
517722 3.509139e-03 1.020098e-02 1.174201e-01 3.768772e-02 6.241800e-02 3.734495e-01 4.210165e+00 6.432165e+00 3.153806e+01 2783 9.494798e-03
830294 8.609286e-03 -4.567712e-05 9.214306e-02 5.098786e-02 3.997888e-03 1.315263e-01 2.154712e+01 2.055925e+00 2.002416e+01 2855 9.433915e-03
268342 1.148486e-02 -3.364740e-03 1.095101e-01 7.535956e-02 -1.892848e-02 2.985763e-01 1.167480e+01 -2.844687e+00 3.455687e+01 4099 1.362707e-02
268388 -8.091577e-03 6.067081e-03 2.762978e-01 -1.610086e-02 -4.696604e-02 1.425927e+00 -2.298549e-01 -1.521974e+00 3.299271e+01 2297 1.452711e-02
24966 -1.628789e-02 -8.287806e-03 9.818213e-02 -4.655656e-02 -3.112678e-02 1.237816e-01 -2.024544e+01 -1.527602e+01 1.712241e+01 3852 1.260899e-02
393460 3.575636e-03 6.723487e-03 1.178593e-01 -1.017806e-02 3.798954e-02 3.435471e-01 -1.588467e+00 3.611035e+00 2.606554e+01 4654 1.609708e-02
581334 -9.473052e-03 8.895304e-03 1.029325e-01 -3.337816e-02 2.820847e-02 1.610839e-01 -8.991381e+00 7.264222e+00 2.187233e+01 3525 1.191186e-02
956843 2.138064e-03 -2.854200e-02 2.292670e-01 2.040415e-02 -7.846460e-02 5.258191e-01 1.791430e+00 -4.896115e+00 2.908408e+01 5035 2.142981e-02
644567 -1.355598e-02 2.413803e-02 1.446298e-01 -4.631546e-02 8.163088e-02 2.716592e-01 -7.199745e+00 1.263554e+01 2.791802e+01 7080 2.485914e-02
581785 -3.289338e-03 -9.106032e-03 1.144029e-01 -3.382004e-02 -1.191350e-01 4.421500e-01 -3.064385e+00 -1.104367e+01 3.289618e+01 5057 1.607073e-02
331981 -9.207063e-03 -7.789895e-03 8.972948e-02 -3.088152e-02 -3.430939e-02 1.010957e-01 -1.648595e+01 -2.017116e+01 8.645323e+00 4501 1.424807e-02
394060 3.507673e-03 -7.059588e-03 1.080721e-01 4.824229e-04 -5.799464e-02 2.799758e-01 -4.092052e-01 -6.889642e+00 2.325224e+01 1912 7.231888e-03
456595 -4.110512e-04 2.211922e-02 1.309088e-01 -2.525762e-02 1.582970e-01 4.418772e-01 -2.291816e+00 1.256086e+01 2.868332e+01 3698 1.401142e-02
769046 -1.377392e-02 -1.344434e-02 1.233561e-01 -7.679637e-02 -6.986260e-02 2.879662e-01 -9.255654e+00 -8.285745e+00 2.417510e+01 3987 1.414849e-02
269673 7.872208e-03 -2.147347e-02 1.624860e-01 1.162512e-01 -2.749339e-01 1.048574e+00 4.651434e+00 -1.087808e+01 3.802934e+01 3832 1.434817e-02
332109 -2.181026e-02 1.011968e-02 1.102483e-01 -6.363483e-02 3.208166e-02 1.662059e-01 -1.534198e+01 8.056037e+00 2.052621e+01 2440 1.035539e-02
519220 -1.765051e-02 4.007336e-03 1.682308e-01 -2.935601e-01 6.616760e-02 1.455651e+00 -5.103066e+00 1.149681e+00 2.381139e+01 3787 1.541055e-02
26394 1.448810e-02 1.182077e-03 1.138342e-01 3.525550e-02 1.548779e-03 1.645402e-01 1.029716e+01 1.818229e-01 2.514170e+01 2278 8.345428e-03
82563 3.339931e-03 -1.032300e-02 1.195247e-01 1.726909e-02 -5.940815e-02 3.401837e-01 1.689373e+00 -5.953204e+00 2.676223e+01 3748 1.434765e-02
457245 4.404301e-03 -1.391986e-02 1.268008e-01 2.182432e-02 -3.076271e-02 1.766799e-01 6.125462e+00 -5.922511e+00 1.753916e+01 5380 1.955631e-02
333115 7.312276e-03 -7.748320e-03 1.258111e-01 1.601603e-02 -2.790321e-02 2.411390e-01 2.219007e+00 -5.138457e+00 2.940266e+01 2404 9.436050e-03
333336 3.257554e-04 6.633933e-03 1.557861e-01 7.332477e-02 1.212970e-01 9.919173e-01 2.343316e+00 3.680759e+00 2.684036e+01 2649 1.243738e-02
270951 -9.774284e-03 -2.258345e-02 1.454506e-01 -2.062801e-02 -8.929446e-02 3.023390e-01 -1.767531e+00 -1.086390e+01 2.554931e+01 3904 1.494659e-02
958668 9.888665e-03 -2.397979e-03 8.967454e-02 3.237610e-02 -9.941447e-03 1.025554e-01 1.577229e+01 -5.290856e+00 9.034422e+00 5301 1.785356e-02
583444 2.432472e-02 1.260277e-02 9.677165e-02 2.419904e-01 9.376169e-02 2.192927e-01 1.885029e+01 7.028527e+00 1.061057e+01 5171 1.704489e-02
770548 -5.008230e-03 -7.548269e-03 9.708191e-02 -2.206184e-02 -2.359166e-02 1.333506e-01 -9.891220e+00 -9.305282e+00 2.103610e+01 2425 8.266026e-03
208221 4.534279e-03 1.534918e-02 2.146998e-01 2.026011e-02 7.963894e-02 9.484605e-01 5.690694e-01 2.326448e+00 2.655254e+01 5108 2.138361e-02
896050 1.471417e-02 -1.081993e-02 1.003716e-01 6.765820e-02 -5.592437e-02 1.651946e-01 1.745059e+01 -1.486663e+01 2.136595e+01 12265 4.175597e-02
708897 5.971593e-03 1.720441e-02 1.058196e-01 4.592610e-02 1.157879e-01 2.338771e-01 5.539876e+00 1.366906e+01 1.775577e+01 2783 1.013771e-02
271823 7.940313e-03 1.559848e-02 1.321643e-01 2.326056e-02 4.125929e-02 3.046190e-01 2.565063e+00 4.296381e+00 2.887402e+01 3385 1.301470e-02
146782 -1.053655e-02 6.678834e-03 1.541539e-01 -2.254603e-01 3.836157e-02 1.301979e+00 -4.957846e+00 7.308551e-01 2.647795e+01 5263 2.008469e-02
709107 7.123587e-03 -2.245337e-02 1.009197e-01 2.515808e-02 -8.343058e-02 1.577763e-01 4.612486e+00 -1.559548e+01 1.454159e+01 4765 1.700651e-02
458785 2.420584e-02 -6.223702e-03 1.166924e-01 1.995802e-01 -9.218286e-02 3.827293e-01 1.474606e+01 -7.227730e+00 2.236926e+01 11614 3.691745e-02
458893 -9.059441e-03 -1.505616e-03 8.719787e-02 -5.753803e-02 -2.265867e-03 9.381198e-02 -2.180609e+01 -3.419674e-01 2.975085e+00 5816 1.845933e-02
84406 -1.248206e-02 -4.953886e-03 1.242108e-01 -7.792701e-02 -2.680526e-02 3.831803e-01 -7.394861e+00 -2.469066e+00 2.926189e+01 4738 1.703232e-02
647234 1.802144e-02 -5.787784e-03 1.057054e-01 1.803838e-01 -5.448120e-02 3.676023e-01 1.526939e+01 -4.579377e+00 2.463012e+01 6141 2.248961e-02
647485 2.001645e-02 1.651533e-02 1.336783e-01 6.815549e-02 3.484270e-02 2.391112e-01 9.354133e+00 3.561281e+00 2.048718e+01 6946 2.484768e-02
834384 -5.235190e-03 5.952767e-03 1.459225e-01 -3.266559e-02 4.440375e-02 3.866378e-01 -3.520192e+00 4.934483e+00 3.089142e+01 6368 2.411778e-02
272583 1.427325e-02 -1.482785e-02 1.266198e-01 1.127759e-01 -2.891082e-01 5.171776e-01 4.992900e+00 -1.390271e+01 1.979658e+01 7031 2.404861e-02
960447 1.359326e-03 1.380262e-02 1.064690e-01 4.144197e-03 3.946403e-02 1.418314e-01 1.974365e+00 1.819295e+01 2.507059e+01 3130 1.102042e-02
85391 3.594963e-04 -7.791994e-03 1.208920e-01 -2.319438e-02 -3.553591e-02 3.450032e-01 -3.427947e+00 -4.037750e+00 3.261634e+01 6827 2.183131e-02
834980 6.030321e-03 -2.553255e-03 1.009981e-01 3.848005e-02 -3.365960e-02 1.728233e-01 1.156837e+01 -1.108945e+01 2.560580e+01 2064 7.286287e-03
85435 9.664257e-03 -7.123827e-04 1.190421e-01 4.331936e-02 -8.200369e-03 2.289182e-01 8.759312e+00 -1.948876e+00 2.859714e+01 3804 1.329439e-02
459966 -2.913399e-02 -1.094401e-03 1.121877e-01 -1.150000e-01 -1.869268e-03 1.819140e-01 -2.502083e+01 -2.257913e-01 2.031782e+01 4625 1.583900e-02
897764 -8.990369e-03 1.625536e-02 9.804029e-02 -6.458203e-02 1.079231e-01 2.054956e-01 -1.053147e+01 1.736584e+01 2.035669e+01 3148 1.120598e-02
648392 -7.766232e-03 3.098379e-03 1.165339e-01 -3.508838e-02 -5.855676e-03 1.958554e-01 -7.401072e+00 -2.425491e+00 2.148677e+01 4694 1.688020e-02
710482 -2.325749e-02 1.126184e-02 1.303557e-01 -5.169763e-01 2.435256e-01 1.141868e+00 -1.210490e+01 5.694597e+00 2.480005e+01 2392 1.018744e-02
711048 -1.647570e-02 -3.410536e-03 9.745423e-02 -1.305653e-01 -6.587896e-04 1.798322e-01 -1.958385e+01 4.723463e-01 1.414046e+01 2628 9.406855e-03
86299 -9.309858e-04 -1.300176e-02 9.630166e-02 -3.446340e-03 -2.986297e-02 1.159492e-01 -2.912945e+00 -1.952638e+01 2.275315e+01 2651 9.423053e-03
773207 1.709753e-02 -1.003838e-03 1.056428e-01 1.276378e-01 -3.494358e-03 2.245463e-01 1.842502e+01 -4.151234e-01 1.981900e+01 2464 9.137945e-03
31639 1.215343e-02 6.346173e-03 1.156932e-01 7.241079e-02 5.510828e-02 2.643058e-01 9.651266e+00 7.810102e+00 2.380291e+01 4263 1.504535e-02
398395 8.923055e-03 -1.686547e-02 1.039827e-01 2.888286e-02 -3.553831e-02 1.218295e-01 1.347413e+01 -1.260535e+01 1.204773e+01 1732 7.700178e-03
898707 1.228610e-02 -1.136289e-04 1.214908e-01 7.599259e-02 2.305808e-03 3.519957e-01 1.183907e+01 4.496226e-01 4.283652e+01 3681 1.192633e-02
211186 1.585802e-02 -3.943257e-03 1.330514e-01 1.693092e-01 -8.473358e-02 6.267427e-01 9.782011e+00 -5.150120e+00 3.147121e+01 4327 1.612017e-02
898754 -2.714026e-02 2.353702e-03 1.251663e-01 -7.229266e-02 1.164228e-02 1.983057e-01 -1.527757e+01 3.142842e+00 2.474712e+01 2639 1.079504e-02
336790 4.562279e-03 1.480674e-02 1.002652e-01 6.432655e-03 7.421433e-02 1.822563e-01 5.947306e-01 1.889005e+01 2.607103e+01 2371 8.072272e-03
899025 -1.735813e-02 3.523025e-03 1.170550e-01 -8.870658e-02 2.513904e-02 2.807530e-01 -1.043113e+01 3.160258e+00 2.393262e+01 2519 9.332777e-03
899125 -2.121887e-03 2.069359e-02 1.154247e-01 -1.147880e-02 8.235369e-02 2.199458e-01 -1.989363e+00 1.310948e+01 2.222211e+01 2209 9.285311e-03
649694 -1.119256e-02 4.134292e-03 1.031882e-01 -2.986377e-02 8.383655e-03 1.362026e-01 -1.310113e+01 2.981673e+00 2.316536e+01 2409 8.906831e-03
32504 2.051955e-03 8.123754e-03 9.066929e-02 1.858766e-03 3.110095e-02 1.093719e-01 -1.743517e-01 2.073673e+01 1.687894e+01 3267 1.066673e-02
149844 -3.971320e-03 6.219516e-03 1.248270e-01 -4.743326e-02 1.101017e-01 5.447002e-01 -2.842986e+00 6.795267e+00 2.746526e+01 2129 8.497939e-03
774214 2.451139e-03 -7.295025e-03 1.640760e-01 -2.578433e-03 -5.309256e-02 5.991487e-01 -3.203490e-01 -2.916987e+00 2.771114e+01 3693 1.465135e-02
33054 1.344898e-02 8.661853e-03 1.180373e-01 8.893457e-02 3.261547e-02 2.729544e-01 1.382459e+01 4.386917e+00 2.837185e+01 4491 1.546212e-02
399372 1.160698e-02 1.210015e-02 1.001942e-01 3.289161e-02 3.421232e-02 1.335176e-01 1.028725e+01 1.068722e+01 1.610581e+01 5826 1.961121e-02
650245 5.638774e-03 -7.062869e-03 9.137564e-02 1.385692e-02 -4.636295e-02 1.202737e-01 2.641479e+00 -1.263184e+01 9.288429e+00 9864 3.169281e-02
837238 1.178403e-02 1.670903e-02 2.844722e-01 8.004574e-02 1.099334e-01 2.072342e+00 1.222458e+00 1.669499e+00 3.201789e+01 2522 1.482187e-02
524736 7.003662e-03 -6.488477e-03 1.143630e-01 5.735299e-02 -4.874431e-02 3.156899e-01 7.359997e+00 -6.176901e+00 2.942970e+01 2768 1.016584e-02
587595 -1.647295e-02 1.872243e-02 1.186872e-01 -1.702112e-01 2.736491e-01 4.749394e-01 -9.520217e+00 1.578629e+01 2.206086e+01 3345 1.212047e-02
150517 -1.681940e-02 -1.099250e-02 1.015136e-01 -2.800531e-02 -1.736170e-02 1.141913e-01 -1.490698e+01 -8.487959e+00 1.689503e+01 5619 1.821854e-02
400016 2.604921e-02 8.937681e-03 1.074755e-01 1.229217e-01 4.072525e-02 2.120297e-01 1.982495e+01 6.505326e+00 2.139701e+01 2564 9.611076e-03
775148 -4.306412e-03 -1.221004e-02 9.547020e-02 -2.559552e-02 -8.113591e-02 1.489084e-01 -6.799859e+00 -2.201531e+01 1.706845e+01 3469 1.136130e-02
963501 1.252046e-02 -5.635548e-03 1.026727e-01 6.184083e-02 -4.557724e-02 1.917834e-01 9.066362e+00 -7.342319e+00 1.638086e+01 5849 1.933652e-02
963547 -6.328627e-03 2.095712e-02 9.659149e-02 -7.884686e-02 3.459696e-01 2.528800e-01 -4.977560e+00 2.230845e+01 1.072744e+01 4351 1.550944e-02
713391 7.320049e-03 3.095545e-03 1.080665e-01 2.203255e-02 2.321797e-02 1.652312e-01 5.754546e+00 7.870543e+00 2.235900e+01 3017 1.073926e-02
713394 -1.671994e-03 -1.090992e-02 9.104345e-02 4.553149e-03 -7.294815e-02 1.426555e-01 1.742342e+00 -1.736375e+01 1.444557e+01 4456 1.482119e-02
900795 1.721620e-02 1.031095e-02 1.260630e-01 1.471159e-01 6.577712e-02 3.853064e-01 1.259705e+01 5.378844e+00 2.514018e+01 6034 2.036717e-02
588423 2.385542e-02 -8.801641e-03 1.303643e-01 1.099357e-01 -4.727554e-02 2.893925e-01 1.468228e+01 -6.562298e+00 2.712464e+01 2384 9.380771e-03
838374 -2.825598e-03 -2.914159e-02 3.167503e-01 3.849976e-02 -1.401396e-01 1.360240e+00 1.222069e+00 -3.282419e+00 3.085796e+01 4026 2.062611e-02
901097 1.597045e-02 -5.742293e-03 1.091390e-01 1.257884e-01 -6.271684e-02 3.057192e-01 1.414757e+01 -7.339892e+00 2.532494e+01 3872 1.276131e-02
713865 -1.085615e-02 -2.418428e-03 9.447576e-02 -3.785770e-02 -1.806432e-02 1.236449e-01 -1.686418e+01 -9.771851e+00 1.821799e+01 2710 9.026317e-03
588887 -1.093625e-02 -9.632097e-03 1.254461e-01 -7.458233e-02 -9.040139e-02 3.314341e-01 -9.124108e+00 -1.157884e+01 2.952981e+01 2088 8.262537e-03
838838 8.160739e-03 1.125491e-02 1.365319e-01 5.353971e-02 6.523952e-02 4.550091e-01 3.902977e+00 4.643135e+00 2.739175e+01 10192 3.393655e-02
463738 -6.681639e-03 -1.251994e-02 1.107548e-01 -1.951989e-02 -4.830509e-02 1.808137e-01 -4.866497e+00 -1.356480e+01 2.655667e+01 6354 2.113384e-02
964487 -7.192147e-03 -4.249870e-03 1.032437e-01 -2.896770e-02 -9.352884e-03 1.462210e-01 -1.374718e+01 -3.221596e+00 2.713211e+01 4019 1.345317e-02
652081 7.602228e-03 1.880677e-02 1.079726e-01 1.581866e-02 1.055457e-01 1.940132e-01 1.444240e+00 1.524651e+01 1.512375e+01 3198 1.232170e-02
214033 2.118368e-02 -7.763002e-03 1.255780e-01 1.433971e-01 5.854755e-03 4.936401e-01 8.191719e+00 9.127708e-01 2.467046e+01 2895 1.133977e-02
652167 1.241426e-02 -3.691515e-03 1.055887e-01 8.053019e-02 -2.307202e-02 2.402924e-01 1.172210e+01 -3.335201e+00 2.318123e+01 3977 1.377735e-02
401386 6.186554e-03 -2.310035e-03 9.535562e-02 2.485807e-02 -2.111705e-02 1.983666e-01 4.556063e+00 -4.589126e+00 2.513585e+01 3886 1.225005e-02
464027 -9.489766e-03 7.602673e-03 9.444343e-02 -6.104369e-02 4.815291e-02 1.588449e-01 -1.467790e+01 1.154505e+01 1.833572e+01 6243 2.021146e-02
36171 -1.587265e-02 1.241056e-03 9.996001e-02 -4.158350e-02 4.816172e-03 1.267754e-01 -1.709766e+01 2.377444e+00 1.783219e+01 1806 7.047464e-03
339822 -7.853816e-03 1.327333e-02 1.062592e-01 -4.553936e-02 6.583299e-02 1.974006e-01 -8.180040e+00 1.140862e+01 1.978318e+01 3552 1.321998e-02
401694 1.639817e-03 2.196845e-02 1.374209e-01 8.332450e-02 1.850270e-01 4.137257e-01 6.356311e+00 1.268844e+01 2.150072e+01 6288 2.333325e-02
901964 -1.236037e-02 6.883032e-03 1.012788e-01 -2.721813e-02 2.290232e-02 1.349926e-01 -1.022062e+01 1.101963e+01 2.319161e+01 4662 1.610910e-02
526931 -9.053312e-04 5.507005e-03 1.112776e-01 2.914069e-03 4.399930e-02 3.278088e-01 4.717990e-01 4.754837e+00 2.674745e+01 3217 1.144704e-02
652710 1.103948e-02 -1.031938e-02 1.226543e-01 3.424622e-02 -2.835408e-02 1.980049e-01 8.514696e+00 -6.617040e+00 2.764661e+01 6610 2.221084e-02
714896 4.911469e-03 9.527507e-03 9.027157e-02 1.934081e-02 4.757919e-02 1.193374e-01 6.096589e+00 1.607735e+01 1.228069e+01 4197 1.442387e-02
965259 -1.277021e-02 1.604255e-02 1.038164e-01 -2.543901e-01 3.219591e-01 3.970210e-01 -1.273910e+01 1.612906e+01 1.545884e+01 3098 1.111989e-02
902424 4.536694e-03 7.133903e-03 9.430545e-02 1.630890e-02 3.333580e-02 1.247670e-01 6.684651e+00 1.487831e+01 1.729707e+01 4983 1.633925e-02
839846 1.720436e-02 1.384243e-02 1.283652e-01 1.178708e-01 1.017800e-01 3.819808e-01 9.424287e+00 8.232622e+00 2.374321e+01 4365 1.549291e-02
902434 -9.645478e-03 -1.362975e-02 1.278189e-01 -6.766662e-02 -8.796942e-02 3.327835e-01 -7.569444e+00 -9.698360e+00 2.673970e+01 3212 1.193675e-02
715158 -5.770558e-03 -1.077692e-02 1.335634e-01 -7.136041e-02 -1.308147e-01 5.716019e-01 -4.708073e+00 -8.616370e+00 3.144263e+01 6250 2.146767e-02
153001 8.644543e-03 2.490588e-02 1.196549e-01 7.357130e-02 1.939344e-01 3.234102e-01 6.740211e+00 1.754727e+01 2.115236e+01 4145 1.462768e-02
90463 -1.620087e-02 4.837759e-04 1.136831e-01 -5.069262e-02 1.456905e-02 1.938679e-01 -1.071213e+01 4.374476e+00 2.490304e+01 3323 1.196275e-02
90492 -3.659817e-03 1.565772e-02 1.056823e-01 -1.231046e-02 4.019527e-02 1.494438e-01 -4.481746e+00 1.271248e+01 2.267209e+01 2819 1.031410e-02
715366 4.259509e-03 1.210980e-02 9.529575e-02 1.545545e-02 3.187382e-02 1.132174e-01 5.846117e+00 1.032005e+01 9.358058e+00 3206 1.150746e-02
37417 -1.338629e-02 -1.006204e-03 1.579128e-01 -6.552662e-02 4.225137e-04 3.320624e-01 -9.751441e+00 2.672031e-01 3.256997e+01 9865 3.430465e-02
715607 -1.595036e-02 1.112780e-02 1.309950e-01 -9.143010e-02 7.193909e-02 3.085353e-01 -1.133500e+01 9.132198e+00 2.666172e+01 1377 6.690632e-03
527848 -2.194882e-02 -6.428132e-03 1.159138e-01 -1.512004e-01 -1.650841e-02 2.931755e-01 -1.573449e+01 -1.227126e+00 2.157901e+01 6307 2.054065e-02
341370 6.464988e-03 1.148136e-02 9.748036e-02 3.404745e-02 5.818072e-02 1.518174e-01 9.326601e+00 1.579070e+01 1.837325e+01 5706 1.861713e-02
341425 8.131319e-03 -1.865399e-02 1.639537e-01 2.453307e-02 -4.076822e-02 2.548704e-01 4.732611e+00 -6.380906e+00 2.623339e+01 3864 1.690078e-02
403272 4.562390e-03 1.623001e-02 1.089947e-01 2.575893e-02 5.865007e-02 1.774740e-01 6.787231e+00 1.358310e+01 2.192738e+01 3137 1.146612e-02
38412 1.303758e-04 8.916281e-03 1.095388e-01 -3.717735e-03 4.307576e-02 2.159343e-01 -9.277053e-01 8.235193e+00 2.564990e+01 2693 9.412000e-03
654484 -4.226864e-03 1.022403e-02 1.225452e-01 -2.837050e-02 1.027284e-01 3.863135e-01 -2.364937e+00 9.061058e+00 2.583684e+01 7926 2.669156e-02
591649 -9.175610e-04 -1.311053e-02 1.089220e-01 -8.537544e-03 -3.932001e-02 1.876997e-01 -2.599552e+00 -8.941349e+00 2.687497e+01 1297 5.131828e-03
279678 -2.312733e-02 -1.306454e-02 1.188332e-01 -1.200992e-01 -7.491568e-02 2.622547e-01 -1.562800e+01 -9.967938e+00 2.311383e+01 9381 3.020335e-02
716821 1.121930e-02 3.168473e-03 1.127587e-01 7.907517e-02 2.082366e-03 2.586793e-01 9.861037e+00 -1.578367e-01 2.120566e+01 3484 1.250425e-02
39379 -1.001525e-02 1.709501e-02 1.015451e-01 -5.171051e-02 1.256752e-01 2.164967e-01 -8.262114e+00 2.151568e+01 2.277820e+01 3073 1.110006e-02
92434 1.989635e-02 -2.773711e-03 1.043769e-01 1.431428e-01 -1.023812e-02 2.094818e-01 1.865590e+01 -1.129893e+00 1.590980e+01 2936 1.106302e-02
217040 8.467244e-03 1.856683e-02 1.470534e-01 2.299743e-02 4.204422e-02 2.479790e-01 5.034631e+00 8.134790e+00 3.497018e+01 5794 2.046908e-02
717323 1.703420e-02 3.998800e-03 1.568963e-01 5.017055e-01 -1.383603e-01 1.216646e+00 1.346856e+01 -3.956024e+00 2.944946e+01 3513 1.475031e-02
592231 7.047993e-03 -1.399279e-02 1.055964e-01 3.813595e-02 -8.267045e-02 1.982867e-01 6.165217e+00 -1.361983e+01 1.838189e+01 8266 2.764221e-02
842146 1.585893e-02 -7.509720e-03 1.799909e-01 3.499017e-01 -1.756317e-01 2.091930e+00 5.701055e+00 -2.869312e+00 3.263076e+01 5626 2.132255e-02
842656 1.238249e-02 -3.793764e-04 1.151530e-01 7.281480e-02 7.169294e-03 2.879741e-01 1.000959e+01 1.250309e+00 2.862487e+01 2936 1.087087e-02
280873 -6.511500e-03 1.340910e-02 9.470900e-02 -2.109891e-02 6.782577e-02 1.563682e-01 -3.015591e+00 1.124931e+01 1.274654e+01 3282 1.176892e-02
842751 1.467806e-02 -8.902974e-03 9.386196e-02 8.844644e-02 -3.817192e-02 1.315746e-01 1.993646e+01 -7.910155e+00 1.019212e+01 3154 1.091243e-02
656146 1.906926e-02 -2.016932e-02 1.153653e-01 2.078347e-02 -2.247350e-02 1.191022e-01 1.018856e+01 -1.369513e+01 2.221076e+01 3544 1.252751e-02
843043 -2.323597e-02 -1.237791e-03 6.607118e-02 -3.215141e-02 -4.616566e-04 6.559832e-02 -3.200146e+01 2.785889e+00 -1.697317e+00 5546 1.716178e-02
468079 2.240406e-02 -8.994680e-04 9.463882e-02 3.410527e-02 -1.820547e-03 1.005153e-01 2.145408e+01 -1.688792e+00 1.077455e+01 3200 1.179691e-02
343743 -5.106077e-03 9.579492e-03 1.049757e-01 -1.642537e-02 3.327198e-02 1.578388e-01 -4.108066e+00 8.598625e+00 1.918537e+01 4473 1.625969e-02
281496 1.444422e-02 -6.061872e-03 1.348910e-01 1.445095e-01 -4.334541e-02 4.869298e-01 1.076758e+01 -3.086554e+00 2.914388e+01 4290 1.522699e-02
593548 -8.381617e-04 1.815018e-02 1.104420e-01 -2.384569e-02 2.258052e-01 3.744640e-01 -1.759464e+00 1.588008e+01 2.019065e+01 3197 1.136989e-02
344201 9.389635e-03 1.541536e-02 9.603358e-02 5.266771e-02 8.259883e-02 1.494853e-01 1.153629e+01 1.790856e+01 1.424819e+01 5709 1.895400e-02
719123 -1.508879e-02 -1.979615e-02 9.376652e-02 -3.795701e-02 -4.514470e-02 1.019731e-01 -1.260800e+01 -1.397549e+01 4.524584e+00 3045 1.066473e-02
219092 1.971247e-02 -4.790401e-03 1.050896e-01 1.888252e-01 -3.197899e-02 2.731649e-01 1.888308e+01 -3.035870e+00 1.876724e+01 6640 2.235659e-02
219102 2.682827e-02 -8.348149e-03 1.569496e-01 5.147298e-01 -1.078208e-01 1.391727e+00 1.126465e+01 -2.296621e+00 2.850849e+01 2581 1.137040e-02
657130 5.255210e-03 1.345764e-02 1.297422e-01 8.568393e-03 3.414035e-02 2.519001e-01 6.905745e-01 4.310945e+00 2.546166e+01 2655 1.085041e-02
219220 -4.883077e-03 5.403691e-03 1.846111e-01 -6.162700e-02 9.228570e-02 8.705915e-01 -2.150899e+00 3.293295e+00 2.600234e+01 3118 1.462751e-02
468970 1.794459e-02 -2.165156e-02 1.648098e-01 3.955136e-01 -4.240818e-01 2.535682e+00 4.454174e+00 -4.747462e+00 2.796914e+01 4915 1.934783e-02
657424 1.681758e-02 -8.826009e-04 1.037895e-01 2.247321e-01 5.535573e-04 3.705166e-01 1.669340e+01 1.153087e-01 2.141545e+01 2127 7.489937e-03
844475 1.795890e-02 -2.184091e-03 1.099754e-01 6.443444e-02 -1.566253e-03 1.811612e-01 1.589231e+01 2.112694e-01 2.434197e+01 4524 1.508082e-02
781870 -3.256095e-03 7.655978e-03 1.335700e-01 -4.519506e-02 9.528520e-02 5.476753e-01 -3.195764e+00 6.677378e+00 3.155497e+01 6333 2.187199e-02
157899 -2.695925e-02 2.438978e-03 1.175915e-01 -5.278768e-02 1.345586e-02 1.479461e-01 -1.588022e+01 6.773561e+00 1.866307e+01 4179 1.528449e-02
907501 -4.569145e-03 1.952761e-02 1.035477e-01 3.733921e-03 1.108243e-01 1.939805e-01 1.455868e+00 1.600805e+01 1.585658e+01 5100 1.763250e-02
532407 -3.688424e-03 -1.081463e-02 9.232221e-02 -2.015232e-02 -3.504244e-02 1.135634e-01 -9.379613e+00 -1.380278e+01 1.210130e+01 3550 1.214586e-02
720442 1.233443e-02 2.322380e-02 1.021367e-01 1.269700e-01 2.388519e-01 2.599930e-01 9.863044e+00 1.855226e+01 1.358168e+01 3967 1.363490e-02
970959 -1.368583e-02 -9.866056e-03 1.060144e-01 -3.157110e-02 -2.272694e-02 1.315188e-01 -1.397141e+01 -1.004652e+01 1.992320e+01 5817 1.853909e-02
283728 6.459410e-03 -1.285066e-03 1.199471e-01 8.007849e-02 9.349060e-03 4.708540e-01 7.452835e+00 1.076547e+00 3.552409e+01 3229 1.249885e-02
720975 5.053001e-03 5.906027e-03 1.272581e-01 1.002984e-02 3.105930e-02 3.136029e-01 7.628939e-01 3.855716e+00 2.856458e+01 5207 1.805445e-02
721057 -5.831032e-03 1.383814e-02 9.509177e-02 -2.866703e-02 5.698961e-02 1.283677e-01 -1.098392e+01 2.075548e+01 1.600544e+01 7204 2.344585e-02
783155 -1.053717e-02 -3.520220e-04 1.631112e-01 -1.959750e-01 -1.390489e-01 2.791377e+00 -2.368801e+00 -1.771728e+00 3.357372e+01 3279 1.261447e-02
96520 1.589422e-02 -7.398873e-03 1.297489e-01 8.968111e-02 -3.897347e-02 3.375026e-01 9.263588e+00 -3.964038e+00 2.608247e+01 3348 1.256067e-02
284274 2.474970e-03 1.102837e-02 9.554722e-02 2.392238e-02 4.646087e-02 1.397049e-01 6.801694e+00 1.123683e+01 1.400388e+01 2980 1.023260e-02
45642 4.269378e-03 2.016986e-02 1.272910e-01 8.079189e-02 2.229122e-01 4.876617e-01 6.027920e+00 1.597065e+01 2.838754e+01 3188 1.161758e-02
471219 1.574241e-04 5.954255e-03 1.225327e-01 1.890846e-02 3.771161e-02 3.526461e-01 2.405666e+00 4.074314e+00 2.952243e+01 4814 1.746672e-02
533976 -1.170844e-02 -7.765897e-03 9.674182e-02 -2.882668e-02 -1.622576e-02 1.147125e-01 -1.863287e+01 -9.208394e+00 1.956077e+01 2874 1.023864e-02
347053 1.904428e-02 8.735471e-04 1.193134e-01 2.064919e-01 1.469664e-02 5.002257e-01 1.086351e+01 8.011161e-01 2.207573e+01 4054 1.437080e-02
46068 1.049761e-02 -5.921633e-03 1.107648e-01 2.638420e-02 -2.599645e-02 1.615624e-01 7.069393e+00 -8.933116e+00 2.260451e+01 8601 2.785472e-02
159851 -2.492973e-03 1.181737e-02 1.324888e-01 -6.682087e-03 3.873589e-02 3.013427e-01 -7.159195e-01 4.600377e+00 2.885714e+01 4820 1.633533e-02
97256 2.573885e-02 3.180490e-03 1.057425e-01 6.409254e-02 5.204302e-03 1.326530e-01 2.114439e+01 1.115728e+00 1.483579e+01 1666 6.866676e-03
159971 -3.128049e-03 -1.329083e-02 1.054472e-01 -2.479050e-02 -1.278792e-01 2.554027e-01 -3.009649e+00 -1.592022e+01 2.083390e+01 4030 1.464044e-02
471643 1.027727e-03 -1.301307e-02 1.187754e-01 -1.018520e-02 -6.726759e-02 2.301810e-01 -2.499056e+00 -1.209185e+01 2.482925e+01 3531 1.351844e-02
285089 2.280470e-02 -5.369309e-04 1.160272e-01 4.134894e-02 -2.069527e-03 1.452848e-01 1.291032e+01 -1.066979e+00 2.036887e+01 1973 7.984613e-03
972533 7.108513e-03 1.351417e-02 1.105158e-01 2.197709e-02 3.241019e-02 1.502181e-01 9.014865e+00 1.145672e+01 2.407165e+01 3976 1.408141e-02
97634 -5.794787e-03 9.205851e-03 1.185781e-01 -2.311627e-02 2.496316e-02 1.921161e-01 -7.048509e+00 6.412010e+00 2.992428e+01 4703 1.692922e-02
46667 1.323423e-02 1.807638e-02 1.246794e-01 2.731444e-02 4.347413e-02 1.715600e-01 8.016509e+00 1.446011e+01 2.669130e+01 2734 1.077540e-02
722499 -1.448868e-02 1.525803e-02 1.281809e-01 -8.592259e-02 9.806611e-02 3.126851e-01 -8.838912e+00 1.024630e+01 2.282972e+01 5243 1.899879e-02
909885 -4.643698e-04 1.068142e-02 1.108534e-01 6.929774e-03 6.985360e-02 2.179878e-01 1.690465e+00 1.352807e+01 2.449329e+01 4079 1.436403e-02
722637 1.156115e-02 4.295262e-03 1.035105e-01 1.107826e-01 4.412312e-02 2.651430e-01 1.490312e+01 5.982168e+00 2.427729e+01 3154 1.168904e-02
347805 1.177237e-02 7.969339e-03 1.002996e-01 2.791856e-02 2.323474e-02 1.335270e-01 1.017845e+01 9.623201e+00 2.094632e+01 9180 2.943204e-02
47212 7.759181e-03 -1.904568e-03 8.972795e-02 3.071052e-02 -7.341682e-03 1.089740e-01 2.098402e+01 -4.971062e+00 1.759633e+01 6265 1.996519e-02
98253 -2.352952e-03 1.160576e-02 1.176897e-01 -1.588397e-02 4.229269e-02 2.376668e-01 -2.805596e+00 6.362796e+00 2.487671e+01 2892 1.063219e-02
597998 -6.470284e-03 -1.285628e-02 1.091868e-01 -2.137805e-02 -2.893476e-02 1.425110e-01 -1.076885e+01 -1.161453e+01 2.407222e+01 4902 1.731123e-02
348236 9.557550e-03 -1.293097e-02 9.482693e-02 4.298274e-02 -5.084252e-02 1.299327e-01 1.407594e+01 -1.596522e+01 1.478365e+01 4461 1.536701e-02
973434 2.302205e-02 7.705273e-03 1.189803e-01 6.319752e-02 2.151115e-02 1.826771e-01 1.589039e+01 5.460567e+00 2.519367e+01 5879 2.238304e-02
47813 -1.210341e-02 2.741521e-03 1.514323e-01 -5.255217e-02 4.691901e-02 5.070794e-01 -2.720770e+00 2.971582e+00 2.392246e+01 2713 1.207446e-02
723394 9.980266e-03 1.518185e-02 1.156134e-01 8.539234e-02 9.714036e-02 3.537486e-01 7.316465e+00 7.951599e+00 2.310383e+01 6705 2.246225e-02
598282 -9.552973e-03 3.473242e-03 9.263706e-02 -5.001037e-02 2.717346e-03 1.221635e-01 -1.778415e+01 -3.322751e-01 1.297914e+01 3523 1.168384e-02
223420 2.089278e-02 -1.106907e-02 1.360472e-01 6.056180e-02 -3.226998e-02 2.298923e-01 1.164370e+01 -6.222917e+00 2.754554e+01 5017 1.775511e-02
661363 -7.463663e-03 7.527667e-03 9.963427e-02 -3.647448e-02 2.610439e-02 1.542330e-01 -1.390905e+01 8.906492e+00 2.617700e+01 5557 1.987585e-02
473065 -1.115645e-02 1.061689e-02 1.071543e-01 -8.014782e-02 5.849584e-02 2.241251e-01 -1.391961e+01 9.659991e+00 2.359987e+01 2477 8.563076e-03
473276 9.182341e-03 1.026168e-02 1.095225e-01 2.842296e-02 3.387373e-02 1.521630e-01 1.080208e+01 1.325629e+01 2.393927e+01 4071 1.380518e-02
349009 -2.248195e-02 -1.146777e-02 1.314445e-01 -1.134589e-01 -6.384483e-02 4.046352e-01 -8.405736e+00 -4.839335e+00 2.524123e+01 3308 1.352500e-02
598786 -7.745529e-03 -8.449947e-03 1.112000e-01 -3.167003e-02 -4.080129e-02 1.944614e-01 -7.044391e+00 -9.525610e+00 2.451571e+01 3588 1.300800e-02
161821 -1.294796e-02 -6.138052e-03 1.100348e-01 -6.253083e-02 -2.565892e-02 1.850621e-01 -1.278211e+01 -5.032340e+00 1.934150e+01 2406 8.967953e-03
536073 1.853551e-02 -2.101532e-02 1.359038e-01 3.298463e-02 -3.960150e-02 1.777955e-01 8.185962e+00 -1.052976e+01 2.373320e+01 1979 8.853529e-03
99510 2.221222e-03 -1.053243e-02 9.416495e-02 1.506458e-03 -4.347595e-02 1.296914e-01 -3.373251e-01 -1.554734e+01 1.676631e+01 4699 1.518304e-02
49192 1.995334e-02 1.095284e-02 1.722377e-01 2.262269e-01 4.917684e-01 2.504948e+00 2.566466e+00 5.982330e+00 2.902369e+01 4087 1.686849e-02
287199 -6.349343e-03 -1.288205e-03 9.711165e-02 -2.866451e-02 -1.622205e-02 1.398957e-01 -1.159371e+01 -7.758789e+00 2.222822e+01 2973 1.027207e-02
49353 -3.969547e-03 1.833868e-03 1.115554e-01 -3.014414e-02 -2.052373e-02 2.750408e-01 -4.170051e+00 -3.561940e+00 2.604595e+01 8740 2.878059e-02
911824 -1.551587e-02 -3.881979e-03 1.242000e-01 -6.460815e-02 -1.035460e-02 2.209702e-01 -1.352391e+01 -1.783072e+00 2.665819e+01 2931 1.166114e-02
786391 -6.830940e-03 -1.927384e-02 9.719376e-02 -2.057579e-02 -4.525007e-02 1.187910e-01 -7.667276e+00 -1.449030e+01 1.204759e+01 5320 1.833207e-02
599472 -2.733495e-02 -4.345557e-03 1.061922e-01 -4.628586e-01 -1.062088e-01 4.617554e-01 -2.303112e+01 -5.386675e+00 1.880270e+01 6275 2.130390e-02
99990 1.379546e-03 -1.696880e-02 1.034688e-01 2.230298e-02 -1.200963e-01 2.308904e-01 3.555441e+00 -1.752407e+01 2.165228e+01 4562 1.658857e-02
536986 1.427669e-03 -1.345019e-02 1.413507e-01 3.455038e-02 -1.438868e-01 5.986237e-01 2.117528e+00 -8.338782e+00 2.923336e+01 6750 2.358000e-02
350207 -2.594443e-03 1.495941e-02 9.956751e-02 -1.636265e-02 4.650255e-02 1.344397e-01 -8.329997e+00 1.908413e+01 2.109824e+01 3977 1.365328e-02
725157 1.505391e-02 -1.745287e-02 1.154555e-01 3.328928e-02 -3.855236e-02 1.526343e-01 1.140409e+01 -1.319526e+01 2.325098e+01 4343 1.581539e-02
600180 1.465064e-02 -1.064218e-02 1.049309e-01 2.520393e-02 -1.683554e-02 1.188375e-01 1.214851e+01 -7.129543e+00 1.600867e+01 6168 1.986098e-02
912665 9.219360e-03 -1.053530e-02 1.048310e-01 2.868840e-02 -2.794127e-02 1.676556e-01 7.510690e+00 -6.714810e+00 2.423625e+01 2769 1.007877e-02
912733 -1.375017e-02 5.752884e-03 1.083615e-01 -4.394871e-02 1.877429e-02 1.607439e-01 -1.446009e+01 6.235093e+00 2.508245e+01 3795 1.340736e-02
663237 2.057254e-02 1.575338e-02 2.575786e-01 8.697820e-02 1.503432e-01 9.450991e-01 3.485437e+00 7.064224e+00 3.608592e+01 5248 2.342617e-02
537687 9.986477e-03 6.406453e-03 9.617212e-02 2.770513e-02 2.503853e-02 1.217745e-01 1.384284e+01 1.455646e+01 2.000205e+01 3133 1.065389e-02
225630 6.204793e-04 1.686238e-02 8.873504e-02 -7.960785e-03 1.346637e-01 1.020447e-01 -1.705167e+00 2.340808e+01 2.644739e+00 5501 1.856680e-02
913085 -3.903922e-03 1.597216e-02 9.897362e-02 -1.265156e-02 2.936613e-02 1.130618e-01 -9.111572e+00 1.395121e+01 1.467428e+01 9689 2.998238e-02
101071 -8.027968e-03 2.104372e-02 9.725909e-02 -1.345793e-02 3.639422e-02 1.077056e-01 -6.536895e+00 1.847979e+01 1.257614e+01 5026 1.635647e-02
913257 1.593954e-03 3.114558e-03 1.829318e-01 -3.139928e-02 -7.507175e-02 3.475537e-01 -3.918427e+00 -9.285762e+00 1.955124e+01 2978 1.629846e-02
350955 -3.932139e-03 -9.312454e-03 1.054392e-01 -1.810577e-02 -3.314981e-02 1.699876e-01 -4.993655e+00 -8.398378e+00 2.274167e+01 6445 2.263115e-02
600965 3.997312e-03 5.829285e-04 1.035954e-01 2.897059e-02 -1.167145e-02 2.011380e-01 6.085380e+00 -2.986093e+00 2.376874e+01 3149 1.115992e-02
600981 -9.593146e-03 4.303146e-03 9.081491e-02 -3.271706e-02 2.093978e-02 1.123835e-01 -9.438037e+00 6.790248e+00 8.803232e+00 2283 8.114934e-03
164227 -1.358839e-02 8.443703e-03 1.032349e-01 -9.520646e-02 4.331641e-02 2.064949e-01 -1.727816e+01 7.382389e+00 2.185966e+01 5047 1.656274e-02
976634 -1.592362e-02 -7.144441e-03 1.264187e-01 -2.432786e-01 -1.554797e-01 7.495477e-01 -9.875143e+00 -6.442929e+00 2.706555e+01 3828 1.457342e-02
601476 -7.987235e-03 -5.474319e-03 1.034792e-01 -2.555260e-02 -1.713062e-02 1.493454e-01 -9.753162e+00 -6.472157e+00 2.546715e+01 4114 1.514731e-02
226519 -4.795752e-03 -4.766746e-03 1.083676e-01 -4.989826e-02 -2.654522e-02 3.112400e-01 -5.527201e+00 -2.668898e+00 2.486151e+01 6261 2.328265e-02
976963 1.694537e-02 -1.870682e-02 1.102899e-01 9.452467e-02 -9.443748e-02 2.184799e-01 1.213017e+01 -1.184112e+01 1.691640e+01 3151 1.192708e-02
788423 1.946879e-02 -1.464372e-02 1.020929e-01 1.939088e-01 -5.579680e-02 2.279568e-01 1.508419e+01 -3.558591e+00 1.088371e+01 3295 1.265566e-02
413601 -6.493309e-03 -4.044581e-03 1.368537e-01 -3.252212e-02 -5.524703e-02 5.912861e-01 -1.707582e+00 -3.359062e+00 2.981238e+01 4113 1.596718e-02
664508 -7.290957e-03 -7.197952e-03 1.147651e-01 -9.740161e-02 -1.040902e-01 5.743642e-01 -5.225871e+00 -5.619159e+00 2.665396e+01 4971 1.694146e-02
351804 6.548241e-03 1.728405e-02 9.818415e-02 2.071452e-02 4.516870e-02 1.234536e-01 1.058490e+01 2.083513e+01 1.888107e+01 4132 1.369751e-02
726964 1.578052e-03 -1.660293e-02 1.073103e-01 4.118862e-03 -4.608994e-02 1.478058e-01 1.142410e+00 -1.325808e+01 1.820774e+01 3428 1.205519e-02
414056 6.973733e-03 -5.134460e-04 1.750999e-01 -9.391018e-03 -2.302640e-02 1.096498e+00 -5.410225e-01 -7.442834e-01 3.046164e+01 5653 2.056169e-02
102631 -1.123193e-02 -5.657362e-03 1.481557e-01 -1.557804e-01 -7.989479e-02 1.079859e+00 -4.482586e+00 -2.302174e+00 2.889301e+01 2348 9.965586e-03
602244 -1.531749e-02 -1.855492e-03 1.042821e-01 -4.347645e-02 -3.783233e-03 1.429703e-01 -1.711619e+01 -1.171761e+00 2.351632e+01 1953 7.750317e-03
977799 7.867582e-03 1.532884e-02 1.038766e-01 4.630964e-02 1.066223e-01 2.093035e-01 6.606959e+00 1.569042e+01 1.811951e+01 7792 2.549263e-02
290410 1.861104e-02 3.946771e-03 1.044934e-01 5.411999e-02 1.354648e-02 1.429511e-01 1.830189e+01 4.947845e+00 1.982168e+01 3247 1.262858e-02
539840 -6.380566e-03 -6.762676e-03 9.444494e-02 -2.989013e-02 -1.972033e-02 1.296103e-01 -1.719075e+01 -9.474938e+00 2.571376e+01 6352 1.980670e-02
352925 1.669671e-02 -1.929990e-02 1.391663e-01 5.147923e-02 -6.407801e-02 2.885844e-01 6.097489e+00 -7.849748e+00 2.619349e+01 2596 1.155190e-02
477525 -4.142118e-03 4.817765e-03 1.435698e-01 -8.689536e-02 8.844803e-02 9.943121e-01 -3.334057e+00 3.369391e+00 3.427568e+01 4050 1.500453e-02
415009 -9.018101e-03 1.278275e-02 1.296991e-01 -1.826259e-02 2.871063e-02 1.859182e-01 -3.300450e+00 5.686537e+00 2.007126e+01 3546 1.411475e-02
291156 1.148494e-02 9.075413e-04 9.051001e-02 4.262136e-02 2.581266e-03 1.057863e-01 2.925577e+01 1.572631e+00 1.435361e+01 5369 1.806626e-02
415179 -1.653571e-02 -1.932179e-02 1.218764e-01 -1.587218e-01 -6.383146e-02 3.971754e-01 -1.160491e+01 -3.632781e+00 2.246929e+01 5975 2.115602e-02
915797 2.962510e-03 1.697548e-02 1.006950e-01 7.521272e-03 1.094146e-01 1.945021e-01 9.337262e-01 1.893339e+01 1.921357e+01 3513 1.280162e-02
415326 1.187626e-02 1.735545e-03 1.006707e-01 3.004174e-02 7.567610e-03 1.265244e-01 1.730089e+01 5.554487e+00 2.462320e+01 3925 1.306379e-02
666404 4.870205e-03 9.188634e-03 1.213088e-01 1.393965e-02 3.409925e-02 2.300942e-01 1.968736e+00 5.407437e+00 2.361444e+01 4293 1.615718e-02
166607 4.683006e-03 7.774671e-03 9.181346e-02 1.348289e-02 4.141560e-02 1.256515e-01 4.391050e+00 1.678647e+01 1.688480e+01 2011 6.895212e-03
916385 4.106294e-03 -2.364433e-02 1.609084e-01 1.771769e-01 -4.496288e-01 1.435411e+00 3.862147e+00 -9.506032e+00 2.844108e+01 4626 1.760923e-02
229058 1.031182e-02 1.069278e-02 1.000886e-01 1.210913e-01 9.697275e-02 2.659633e-01 1.347185e+01 1.049247e+01 2.017195e+01 6264 2.101487e-02
729172 9.882695e-03 -1.346402e-02 1.361739e-01 2.712147e-02 -5.202245e-02 2.367184e-01 4.223343e+00 -9.446466e+00 2.463250e+01 5581 1.927357e-02
604271 -1.307000e-02 -8.572338e-05 1.663112e-01 -3.358870e-02 -2.924002e-04 2.416010e-01 -7.691508e+00 -7.747353e-02 2.822262e+01 2612 1.201375e-02
292330 7.851276e-03 -1.359781e-02 1.053143e-01 5.711299e-02 -8.235227e-02 2.084951e-01 8.602112e+00 -1.200595e+01 1.801751e+01 5980 1.967805e-02
354481 2.262402e-02 1.692638e-02 1.260153e-01 1.764842e-01 1.219402e-01 4.454791e-01 1.067507e+01 7.286024e+00 2.216490e+01 3971 1.442424e-02
729477 2.786921e-02 4.491675e-03 1.399059e-01 1.044962e-01 4.644312e-02 2.616260e-01 1.395862e+01 7.642013e+00 2.217295e+01 3871 1.494653e-02
791466 1.615381e-02 1.956490e-03 1.304373e-01 6.724810e-02 1.018271e-02 3.000507e-01 8.323690e+00 1.340121e+00 2.763144e+01 5289 2.029182e-02
292605 2.526732e-02 2.102833e-03 1.200559e-01 9.824207e-02 -1.513344e-02 1.911034e-01 1.893421e+01 -4.472168e+00 1.843418e+01 5378 1.998779e-02
791707 3.398995e-03 1.555069e-03 1.695187e-01 4.085378e-02 6.068679e-02 1.050495e+00 1.318266e+00 2.081211e+00 3.100700e+01 3757 1.511540e-02
917424 -1.221484e-02 1.334225e-02 1.213673e-01 -4.572775e-02 4.787623e-02 2.153133e-01 -9.346094e+00 9.630849e+00 2.619969e+01 6668 2.207730e-02
604876 -2.761815e-03 -1.976460e-02 1.209200e-01 -1.856209e-03 -1.274723e-01 2.922627e-01 1.205853e-01 -1.434174e+01 2.281502e+01 4942 1.700905e-02
355096 8.194932e-03 -7.244991e-03 1.058428e-01 7.835503e-02 -7.237662e-02 3.073226e-01 8.880341e+00 -8.243875e+00 2.550181e+01 5054 1.700377e-02
355205 8.404190e-03 7.743256e-03 1.102175e-01 2.707269e-02 2.801636e-02 1.912225e-01 5.786467e+00 6.283830e+00 2.510820e+01 2714 1.014114e-02
57279 -2.328514e-02 -1.073984e-02 1.200614e-01 -5.912959e-02 -2.741765e-02 1.859804e-01 -1.422168e+01 -6.617104e+00 2.615407e+01 7500 2.412264e-02
980949 6.336296e-03 2.313043e-02 1.089663e-01 3.003028e-02 1.103392e-01 1.879859e-01 5.509203e+00 2.027733e+01 1.837323e+01 6110 2.090348e-02
605494 1.394947e-02 -1.262027e-02 1.089142e-01 2.819985e-02 -3.152279e-02 1.419642e-01 1.045450e+01 -1.386744e+01 2.424651e+01 2736 1.008951e-02
668486 5.931985e-04 -1.060249e-02 1.219090e-01 -3.245022e-03 -4.197936e-02 2.071749e-01 -1.116185e+00 -9.124647e+00 2.479601e+01 5315 1.831896e-02
668607 1.678671e-02 -1.774518e-02 1.335922e-01 1.216953e-01 -1.324530e-01 3.723675e-01 1.083364e+01 -1.184559e+01 2.465772e+01 4438 1.654817e-02
730900 -1.904402e-02 5.272638e-03 9.400569e-02 -4.611981e-02 1.264406e-02 1.080722e-01 -2.195300e+01 5.976738e+00 1.140508e+01 2963 1.006668e-02
480343 -1.173605e-02 4.386508e-03 1.103957e-01 -3.434810e-02 1.505034e-02 1.551541e-01 -1.293820e+01 6.101651e+00 2.560996e+01 2650 9.994610e-03
230975 -1.140308e-02 -8.218994e-04 1.219711e-01 -6.689599e-02 2.354561e-02 3.226552e-01 -8.615049e+00 3.782957e+00 3.115540e+01 1777 7.471001e-03
231120 -4.208119e-03 1.601827e-02 1.240278e-01 -5.304871e-02 1.199606e-01 4.451367e-01 -4.430543e+00 9.429066e+00 2.912919e+01 4950 1.783290e-02
356219 -4.413930e-04 -3.585755e-03 1.514350e-01 -1.718831e-02 -1.503624e-02 6.523402e-01 -1.145800e+00 -7.834260e-01 3.427122e+01 6576 2.244606e-02
793086 4.783140e-03 2.779650e-02 1.310061e-01 6.853048e-03 2.343731e-01 4.506433e-01 1.622830e-01 1.619583e+01 2.505990e+01 3871 1.413289e-02
231395 -3.008475e-03 -1.412867e-02 1.085217e-01 -2.174425e-02 -7.750796e-02 2.079796e-01 -4.148683e+00 -1.403414e+01 2.202308e+01 2672 9.422183e-03
169483 1.776155e-03 2.069076e-02 1.487925e-01 -6.790224e-03 6.787863e-02 2.845281e-01 -1.621071e+00 8.929663e+00 2.568612e+01 4015 1.547613e-02
418363 2.361454e-03 1.413447e-02 1.308131e-01 1.016885e-02 3.772762e-02 2.118528e-01 3.181262e+00 9.613451e+00 3.302108e+01 6845 2.469563e-02
58970 -6.325172e-03 -1.278834e-02 1.202660e-01 -2.047447e-02 -3.209463e-02 1.673665e-01 -6.677111e+00 -9.110723e+00 2.222692e+01 2997 1.152893e-02
418417 5.230237e-03 6.363018e-03 9.749660e-02 1.409722e-02 2.868413e-02 1.476955e-01 3.680920e+00 9.266080e+00 2.083888e+01 4754 1.546141e-02
669479 -6.322860e-03 2.108397e-02 1.347668e-01 -1.593786e-02 7.053883e-02 2.433655e-01 -2.809744e+00 1.445195e+01 3.173527e+01 2228 8.447366e-03
606834 -1.691373e-03 1.343636e-02 1.183515e-01 -3.800629e-03 4.027569e-02 1.824913e-01 -8.246855e-01 1.049375e+01 2.507766e+01 3804 1.339676e-02
481397 1.469357e-02 6.271212e-03 1.096775e-01 7.138803e-02 3.943541e-02 1.920545e-01 1.463353e+01 8.560083e+00 2.126250e+01 5152 1.754503e-02
59613 -3.743917e-03 -8.389589e-03 1.466773e-01 -1.409772e-02 -6.984921e-02 7.243121e-01 -5.375420e-01 -3.190820e+00 2.998926e+01 2236 9.329025e-03
59652 -4.360819e-03 5.315901e-03 1.103264e-01 -2.502523e-02 2.776350e-02 2.063755e-01 -6.222283e+00 6.759221e+00 2.892144e+01 4840 1.691039e-02
856678 -1.985639e-02 8.945306e-03 1.483626e-01 -2.420367e-01 1.610893e-01 7.310835e-01 -1.093258e+01 7.486378e+00 2.867329e+01 7498 2.602929e-02
481492 1.915617e-02 -8.470442e-03 1.160061e-01 1.119837e-01 -5.954981e-02 2.832204e-01 1.590800e+01 -8.753551e+00 2.865578e+01 3702 1.333768e-02
357173 -1.274091e-02 -1.760789e-02 1.116725e-01 -3.532900e-02 -4.121235e-02 1.548172e-01 -9.253569e+00 -9.669941e+00 1.767492e+01 6198 2.040954e-02
607420 -6.835422e-03 8.463552e-04 1.010648e-01 -4.578663e-02 -2.561220e-03 1.680838e-01 -1.370514e+01 -1.198969e+00 2.358089e+01 2910 1.018502e-02
419443 -9.955775e-03 1.431307e-02 3.120294e-01 -1.768123e-02 4.253584e-02 5.797857e-01 -8.287731e-01 3.027688e+00 2.872441e+01 5818 2.576351e-02
357646 6.857164e-03 -4.443843e-03 9.325713e-02 3.531359e-02 -7.892294e-03 1.368904e-01 1.336152e+01 -1.619197e+00 2.048772e+01 4005 1.336393e-02
794408 -1.396358e-03 1.699012e-02 9.231463e-02 -9.329690e-03 1.397760e-01 1.347566e-01 -1.034267e+00 1.600758e+01 5.533152e+00 4095 1.435544e-02
920148 -1.210427e-02 -1.975929e-03 1.308463e-01 -5.641184e-02 -1.828250e-03 2.949562e-01 -7.765859e+00 2.588398e-02 2.876382e+01 2197 8.550624e-03
857309 1.337527e-02 -5.398732e-03 9.904553e-02 3.094395e-02 -9.564902e-03 1.131925e-01 2.345809e+01 -5.562763e+00 1.888940e+01 5995 1.942459e-02
857353 -1.615384e-02 1.414784e-02 1.005667e-01 -1.782569e-01 2.268907e-01 3.416032e-01 -8.885337e+00 1.166105e+01 1.321191e+01 2233 8.854810e-03
170754 -2.019005e-02 5.792692e-03 1.273238e-01 -1.850612e-01 5.838056e-02 4.743439e-01 -1.214210e+01 3.872886e+00 2.555664e+01 4098 1.461806e-02
857376 2.647516e-02 9.508531e-03 1.269339e-01 2.157044e-01 3.451486e-02 3.218941e-01 1.625131e+01 2.147585e+00 1.674350e+01 6482 2.289511e-02
357977 1.896562e-02 -9.696753e-03 1.315407e-01 2.757028e-02 -1.195570e-02 1.478491e-01 1.575887e+01 -4.137110e+00 2.986773e+01 3205 1.254643e-02
607870 4.777029e-03 1.463408e-02 1.125423e-01 2.105172e-02 7.581119e-02 2.584809e-01 3.434515e+00 1.291045e+01 3.079800e+01 2664 9.775463e-03
296115 2.298549e-02 -6.844472e-03 2.668767e-01 7.876422e-02 -2.969401e-01 3.648567e+00 4.651990e-01 -2.419420e+00 2.820356e+01 5093 2.477023e-02
608021 2.200965e-02 8.527412e-03 1.113673e-01 2.941605e-02 1.121560e-02 1.207996e-01 1.704634e+01 6.187047e+00 2.170920e+01 4990 1.725319e-02
482820 -1.619552e-02 -3.522288e-05 1.112354e-01 -9.396052e-02 1.792475e-02 2.629226e-01 -1.443717e+01 3.334292e+00 2.816092e+01 2502 8.863592e-03
921010 2.059623e-02 -7.369072e-03 2.668694e-01 4.210004e-01 -7.032721e-02 3.652431e+00 4.531152e+00 -7.124624e-01 3.831253e+01 2548 1.377260e-02
420513 -1.060235e-02 6.874959e-03 9.235240e-02 -2.960629e-02 1.639080e-02 1.007946e-01 -1.539322e+01 7.707842e+00 6.838215e+00 4264 1.455318e-02
984225 1.660673e-02 5.679124e-03 9.856251e-02 6.808169e-02 1.660177e-02 1.520675e-01 1.745430e+01 3.703688e+00 1.814263e+01 4996 1.607416e-02
734195 -7.431977e-04 2.339978e-02 2.909112e-01 7.831296e-02 4.813074e-01 4.052137e+00 6.151492e-01 3.563056e+00 2.926673e+01 6603 2.829780e-02
858860 2.591028e-02 -8.261135e-03 1.106075e-01 1.145419e-01 -2.909670e-02 1.924029e-01 2.361599e+01 -5.551657e+00 2.179448e+01 3231 1.132674e-02
609490 -1.530744e-02 7.359518e-03 1.108073e-01 -9.356284e-02 3.260971e-02 2.422601e-01 -1.555557e+01 5.019219e+00 2.613012e+01 5947 2.025153e-02
421652 7.039444e-03 -1.716157e-02 1.205438e-01 1.433990e-02 -2.852441e-02 1.588833e-01 3.609857e+00 -5.618579e+00 1.895768e+01 7194 2.532479e-02
796601 1.390600e-02 8.543431e-03 1.180374e-01 5.652374e-02 4.313499e-02 2.536919e-01 9.469713e+00 7.686284e+00 3.014258e+01 5987 2.048956e-02
796609 -5.936301e-03 1.888049e-02 1.308533e-01 -1.674676e-02 5.496602e-02 2.204728e-01 -3.556233e+00 1.187077e+01 2.948141e+01 3656 1.286973e-02
985273 8.367611e-03 -1.417644e-02 1.011379e-01 1.627278e-02 -3.220617e-02 1.183711e-01 7.279791e+00 -1.660339e+01 1.586988e+01 5730 1.924185e-02
672915 -1.577287e-04 2.140205e-02 1.501471e-01 4.469947e-04 1.037852e-01 4.030722e-01 6.608230e-02 9.002582e+00 2.763888e+01 4268 1.629161e-02
360340 9.376423e-06 -1.217123e-02 8.961131e-02 -5.026288e-03 -5.467155e-02 1.024415e-01 -2.891789e+00 -2.440631e+01 7.367871e+00 3259 1.060472e-02
484796 3.793809e-03 -1.937739e-02 1.687349e-01 4.360742e-02 -2.449938e-01 1.232481e+00 1.179121e+00 -6.681865e+00 3.150396e+01 8284 2.794559e-02
422207 -1.225014e-02 -2.034831e-02 1.041795e-01 -3.658586e-02 -7.358358e-02 1.610617e-01 -6.887893e+00 -1.506751e+01 1.609971e+01 6684 2.305512e-02
422275 2.630426e-03 9.288227e-03 9.449303e-02 1.134163e-02 2.991442e-02 1.187005e-01 7.205335e+00 1.706063e+01 2.002284e+01 1811 5.980783e-03
298658 -1.323393e-02 4.188119e-03 9.772361e-02 -4.955165e-02 9.156315e-03 1.353087e-01 -1.658715e+01 2.269091e+00 1.716596e+01 4887 1.522925e-02
360783 -9.336292e-03 -2.394221e-02 1.307183e-01 -2.874362e-02 -7.230775e-02 1.997653e-01 -5.924594e+00 -1.476485e+01 2.107841e+01 5744 1.978337e-02
422677 -1.564345e-02 -1.565799e-02 1.147478e-01 -1.053791e-01 -1.281989e-01 2.881011e-01 -1.076895e+01 -1.350575e+01 2.080370e+01 5288 1.832709e-02
547865 -2.121076e-02 -9.786804e-03 1.122987e-01 -2.361701e-01 -1.298136e-01 4.165171e-01 -1.737602e+01 -9.702243e+00 2.459119e+01 6453 2.121362e-02
422728 -6.167599e-03 7.397690e-03 1.546988e-01 -2.265136e-02 1.985410e-02 2.539867e-01 -5.249222e+00 3.966720e+00 3.161805e+01 6385 2.387816e-02
422786 1.199028e-02 -1.215104e-03 8.921681e-02 7.501757e-02 6.742616e-04 1.057428e-01 2.530902e+01 7.586872e-01 6.636133e+00 3290 1.095238e-02
548218 -5.207565e-03 -1.698680e-02 1.219236e-01 4.855147e-04 -6.251706e-02 2.129537e-01 1.539367e+00 -1.231104e+01 2.461386e+01 2799 1.070230e-02
111785 1.261453e-02 1.836098e-02 1.290048e-01 4.624280e-02 8.628290e-02 2.691713e-01 5.831214e+00 1.177780e+01 2.430517e+01 2833 1.134856e-02
798163 -1.765115e-02 1.933884e-02 1.189907e-01 -2.517904e-01 2.359250e-01 6.333332e-01 -1.248734e+01 1.155118e+01 2.743141e+01 1918 7.787579e-03
361566 -1.932695e-02 -8.030233e-04 1.124611e-01 -3.712581e-02 -6.430133e-03 1.409438e-01 -1.629213e+01 -5.150755e+00 2.607160e+01 5029 1.739072e-02
861267 9.230549e-03 -6.282303e-03 1.077747e-01 5.968003e-02 2.802320e-04 2.042249e-01 1.128496e+01 1.467962e+00 2.157478e+01 3597 1.323293e-02
674526 3.952249e-03 -2.062941e-02 1.453429e-01 5.979382e-02 -2.048897e-01 4.720768e-01 4.100569e+00 -1.353064e+01 2.399279e+01 2530 1.133015e-02
112525 6.155682e-03 1.825930e-02 1.098735e-01 3.990032e-02 1.290819e-01 2.484308e-01 4.067543e+00 1.335843e+01 1.670154e+01 3555 1.330057e-02
737532 -3.079270e-03 8.894564e-03 1.040415e-01 -7.934525e-03 4.014944e-02 1.819830e-01 -1.692074e+00 1.089244e+01 2.716290e+01 4035 1.388888e-02
424499 -3.529920e-03 -1.589204e-02 2.158294e-01 -2.746200e-01 -3.260127e-01 8.706501e+00 -9.559386e-01 -1.093571e+00 2.994046e+01 2990 1.425723e-02
675449 -1.841896e-02 6.197599e-03 1.106006e-01 -3.228453e-02 9.497308e-03 1.286686e-01 -1.599065e+01 3.805434e+00 2.083713e+01 2286 8.718211e-03
424693 5.601672e-03 -1.870824e-02 1.310075e-01 1.398263e-01 -3.042448e-01 9.134626e-01 5.605617e+00 -1.192485e+01 3.267764e+01 3903 1.479186e-02
799581 -1.149990e-02 1.226539e-02 1.072380e-01 -8.442936e-02 7.226807e-02 2.387691e-01 -1.282405e+01 1.055098e+01 2.312867e+01 4890 1.624106e-02
237740 9.449425e-03 -2.129692e-02 1.063513e-01 1.430915e-02 -3.203882e-02 1.194282e-01 6.634269e+00 -1.466435e+01 1.785200e+01 2432 1.053842e-02
175938 1.588515e-02 1.681857e-03 1.040500e-01 3.004821e-02 7.583969e-03 1.223856e-01 1.992041e+01 8.301344e+00 2.578913e+01 5126 1.698614e-02
738154 -1.060302e-02 -1.745327e-02 1.132473e-01 -1.728596e-01 -2.596005e-01 4.694931e-01 -9.524301e+00 -1.421381e+01 2.091128e+01 5345 1.876899e-02
675940 -1.253105e-02 -5.062404e-04 9.578371e-02 -3.810155e-02 -2.459643e-03 1.169786e-01 -1.835712e+01 -1.402352e+00 1.521585e+01 5195 1.770139e-02
363152 -1.494165e-02 -1.663903e-02 1.038663e-01 -2.625315e-02 -3.052834e-02 1.156598e-01 -1.272892e+01 -1.562975e+01 1.327134e+01 3279 1.273926e-02
301193 1.035841e-02 7.499282e-03 9.592209e-02 1.327381e-01 6.204087e-02 2.176694e-01 1.803918e+01 8.039617e+00 1.794597e+01 2792 9.878685e-03
613205 -3.594681e-03 -9.786940e-03 1.986954e-01 -4.214598e-01 -4.297586e-01 4.930238e+00 -2.380261e+00 -2.392260e+00 2.695201e+01 5300 2.142726e-02
676595 -2.762612e-03 1.847363e-02 9.559966e-02 -9.094288e-03 4.222427e-02 1.169948e-01 -3.635537e+00 1.363720e+01 1.228469e+01 7208 2.441037e-02
177055 7.384686e-03 9.463314e-03 9.336579e-02 4.376038e-02 1.078393e-01 1.846272e-01 5.641694e+00 1.525764e+01 1.415421e+01 3258 1.125281e-02
739328 3.190085e-03 -1.566558e-02 1.010904e-01 7.932889e-03 -6.104114e-02 1.465756e-01 2.072273e+00 -1.982594e+01 1.987382e+01 7998 2.529671e-02
989757 2.066714e-02 -3.504756e-03 1.280591e-01 5.371420e-02 -9.242795e-03 2.050141e-01 1.181042e+01 -2.050671e+00 2.750232e+01 4398 1.567815e-02
677113 -1.601907e-02 -2.286703e-02 9.887497e-02 -6.279816e-02 -8.552912e-02 1.412285e-01 -1.170020e+01 -1.567280e+01 1.059330e+01 2052 8.149804e-03
614241 7.228206e-03 5.931429e-03 9.388005e-02 3.504154e-02 1.251123e-02 1.287951e-01 1.677015e+01 3.967315e+00 2.105217e+01 1820 6.173024e-03
177370 -2.692106e-02 -2.626757e-03 1.266147e-01 -3.522209e-02 -3.486739e-03 1.381940e-01 -1.567260e+01 -1.623674e+00 2.186194e+01 5714 2.005212e-02
801304 1.040625e-02 -1.322807e-02 1.176061e-01 4.316404e-02 -8.333720e-02 3.056793e-01 5.722363e+00 -1.224716e+01 3.285396e+01 4861 1.542880e-02
364670 -7.186091e-03 1.852609e-02 1.594641e-01 -7.179095e-02 1.625598e-01 7.258217e-01 -3.371512e+00 7.516639e+00 2.955632e+01 2776 1.179173e-02
115076 -1.152255e-03 -5.183774e-03 1.066583e-01 -9.966837e-03 -3.183386e-02 1.994188e-01 -2.653165e+00 -8.021605e+00 2.792067e+01 1445 5.696607e-03
302675 -3.760978e-03 1.455938e-02 2.061168e-01 -3.236431e-02 -9.699799e-02 7.322253e-01 -1.418933e+00 -5.534056e+00 2.609881e+01 3515 1.653234e-02
239598 1.283740e-02 -3.714207e-04 1.126672e-01 9.725217e-02 2.578382e-02 3.117581e-01 1.147568e+01 3.555647e+00 2.706521e+01 4280 1.559421e-02
927525 5.372620e-03 -1.043023e-02 1.091939e-01 5.532014e-03 -3.099116e-02 1.577880e-01 8.375025e-02 -1.080335e+01 2.553286e+01 5636 1.931663e-02
614811 -1.769972e-02 1.112842e-02 1.263314e-01 -5.016420e-02 2.872066e-02 1.772068e-01 -1.164686e+01 6.311338e+00 1.825191e+01 4433 1.587113e-02
864908 -1.549480e-02 -3.763167e-03 1.416026e-01 -1.463192e-01 -7.515433e-02 6.424563e-01 -6.119434e+00 -3.339390e+00 2.342791e+01 6940 2.545876e-02
801990 -1.487146e-02 1.038409e-02 1.036227e-01 -5.029483e-02 3.806782e-02 1.619806e-01 -1.166892e+01 9.119380e+00 1.922385e+01 12541 3.895123e-02
615174 1.362309e-02 1.376988e-02 1.186432e-01 6.446376e-02 7.066830e-02 2.652756e-01 8.249626e+00 9.232582e+00 2.379321e+01 5089 1.754037e-02
802176 -1.550272e-02 -2.493169e-02 1.113632e-01 -7.170890e-02 -1.219281e-01 2.145461e-01 -1.120389e+01 -1.933484e+01 2.056803e+01 4976 1.730200e-02
552535 7.176163e-03 -5.927423e-03 1.499123e-01 6.455339e-02 -5.967533e-02 8.217302e-01 2.725540e+00 -2.553140e+00 3.191278e+01 5745 2.050678e-02
178453 2.732410e-03 -1.200104e-02 9.693871e-02 1.130466e-02 -5.623411e-02 1.442910e-01 2.315636e+00 -1.194875e+01 1.279135e+01 4148 1.429471e-02
615435 8.181899e-03 -4.794306e-03 9.349561e-02 5.162873e-02 -3.085913e-02 1.489040e-01 1.643585e+01 -9.860269e+00 2.096087e+01 4697 1.609701e-02
427425 -1.361952e-02 1.488184e-02 9.474402e-02 -3.082572e-01 3.422464e-01 3.427971e-01 -1.550548e+01 1.722775e+01 1.305394e+01 4851 1.659216e-02
802379 -1.626731e-02 8.606745e-03 9.287633e-02 -2.423520e-01 1.303592e-01 2.145547e-01 -1.762316e+01 9.490530e+00 9.484750e+00 2228 7.922637e-03
991480 -2.907716e-02 7.171510e-03 1.560248e-01 -1.212654e-01 -1.264558e-03 4.013040e-01 -1.142632e+01 -1.045613e+00 3.040126e+01 3626 1.434970e-02
741069 -1.540841e-02 -1.307355e-02 1.237945e-01 -5.269129e-02 -4.612429e-02 2.068550e-01 -1.149477e+01 -1.018995e+01 2.560858e+01 4735 1.634442e-02
802810 1.031292e-03 -7.123244e-03 9.215415e-02 2.414994e-02 -3.612227e-02 1.278867e-01 1.098719e+01 -1.378186e+01 1.698199e+01 9526 3.002854e-02
741201 4.562539e-03 -7.107971e-03 9.058727e-02 2.453677e-02 -5.974456e-02 1.324780e-01 9.216677e+00 -2.428801e+01 1.932958e+01 3704 1.214945e-02
491032 -1.225162e-02 5.735982e-03 1.052865e-01 -1.292001e-01 2.255237e-02 3.254106e-01 -1.246744e+01 1.792732e+00 2.346660e+01 6569 2.186002e-02
803572 -1.916463e-02 -1.341261e-02 1.490037e-01 -8.354940e-02 -4.269459e-02 3.343305e-01 -8.739662e+00 -3.974768e+00 2.515647e+01 2803 1.224772e-02
617234 -2.404957e-02 1.482312e-02 2.010344e-01 -2.692490e-02 1.415857e-02 2.139447e-01 -6.040479e+00 -1.396078e+00 2.712201e+01 3109 1.503318e-02
804174 -9.556784e-04 1.413831e-02 1.274011e-01 7.190869e-04 4.938136e-02 2.559421e-01 3.777560e-01 7.949336e+00 2.899340e+01 2249 8.699349e-03
305201 1.676782e-02 7.176768e-03 9.568667e-02 3.259385e-02 1.663843e-02 1.056692e-01 1.720981e+01 1.028896e+01 1.085538e+01 3440 1.163637e-02
117695 1.142113e-02 1.048282e-02 1.305715e-01 7.208085e-02 6.220352e-02 3.622699e-01 7.142201e+00 6.089703e+00 2.728065e+01 5586 1.913150e-02
429431 -7.508184e-03 -1.904876e-02 1.035841e-01 -1.136221e-02 -2.988645e-02 1.130536e-01 -7.155694e+00 -2.012216e+01 1.758185e+01 3907 1.332847e-02
181043 1.026876e-02 1.408001e-03 9.204919e-02 7.857158e-02 3.290861e-03 1.472828e-01 1.924626e+01 5.305490e-01 1.556364e+01 3471 1.160445e-02
617963 -1.506438e-02 1.695683e-02 1.200058e-01 -6.070996e-02 7.078229e-02 2.235920e-01 -9.754932e+00 1.150306e+01 2.213744e+01 3513 1.277955e-02
367983 -1.164287e-02 2.709266e-02 1.531710e-01 -1.778366e-02 4.576641e-02 1.991276e-01 -4.139772e+00 1.258879e+01 3.098136e+01 7137 2.548776e-02
429990 -1.989924e-04 8.075425e-03 1.241161e-01 7.852337e-03 8.057530e-02 4.202796e-01 6.674107e-01 6.009839e+00 2.455032e+01 3996 1.395013e-02
242954 -2.632699e-03 7.944497e-03 1.195945e-01 -1.079878e-02 2.981131e-02 2.082425e-01 -2.627297e+00 7.035273e+00 2.852098e+01 8066 2.585105e-02
743495 2.279467e-02 -8.939116e-03 1.252973e-01 1.046701e-01 -4.448091e-02 2.724680e-01 1.494793e+01 -6.488839e+00 2.686884e+01 7332 2.516325e-02
306515 -6.217581e-03 1.268667e-02 1.048549e-01 -5.307054e-02 1.249029e-01 2.845224e-01 -5.608679e+00 1.343320e+01 2.150766e+01 5955 1.916990e-02
181799 -1.607677e-02 8.103493e-03 1.161433e-01 -3.597836e-02 1.637763e-02 1.614738e-01 -1.056553e+01 4.392645e+00 2.406544e+01 2293 9.411806e-03
681749 5.546271e-03 -7.327933e-03 1.316739e-01 2.147975e-02 -7.956547e-02 5.580225e-01 1.229514e+00 -5.574239e+00 3.289936e+01 3038 1.080905e-02
243605 -5.449914e-03 3.258546e-03 1.499504e-01 4.073118e-02 3.281055e-02 8.193136e-01 2.284373e+00 1.461806e+00 3.311042e+01 5736 2.046080e-02
931762 4.846761e-04 3.915190e-03 1.245275e-01 4.288863e-02 4.342352e-02 4.075104e-01 4.770263e+00 4.444517e+00 3.183435e+01 7162 2.582937e-02
119158 -6.665444e-03 3.525672e-04 1.263399e-01 -4.351654e-02 -1.033522e-02 2.669783e-01 -6.737449e+00 -1.954037e+00 2.571280e+01 4733 1.676681e-02
182071 8.883434e-03 1.817984e-02 1.184412e-01 1.487912e-02 3.316691e-02 1.490604e-01 4.026110e+00 1.006383e+01 2.056079e+01 2020 7.965195e-03
556146 -2.144874e-03 -9.990281e-03 9.570202e-02 -7.100643e-03 -2.919862e-02 1.130417e-01 -4.813882e+00 -1.865839e+01 1.684319e+01 5099 1.816429e-02
806176 2.232295e-02 8.353715e-03 1.881541e-01 2.528808e-01 1.403409e-01 1.106468e+00 7.897177e+00 4.520887e+00 3.145450e+01 3810 1.561342e-02
744577 5.066010e-03 -1.051902e-02 1.155854e-01 5.721593e-02 -6.894825e-02 3.092681e-01 5.599747e+00 -6.274005e+00 2.079723e+01 5407 1.882065e-02
182456 5.633260e-03 7.235168e-03 9.309087e-02 4.917077e-02 6.399440e-02 1.843636e-01 7.590851e+00 9.896085e+00 1.591358e+01 2690 1.022152e-02
806379 1.253044e-02 8.174366e-03 1.164262e-01 5.651989e-02 3.681905e-02 2.627604e-01 7.278568e+00 4.739597e+00 2.421271e+01 3259 1.158457e-02
806427 4.112109e-03 1.907496e-02 1.015941e-01 2.803244e-02 8.837314e-02 1.558126e-01 6.664590e+00 1.930759e+01 1.510615e+01 5522 1.922351e-02
494147 -3.512075e-03 1.790148e-02 1.364941e-01 -1.412418e-02 7.278580e-02 3.411907e-01 -1.216911e+00 6.293695e+00 2.347298e+01 1802 8.264256e-03
244355 -1.012254e-02 -1.240863e-03 2.386455e-01 -4.188749e-02 -4.942654e-02 1.863562e+00 -7.339280e-01 -1.113328e+00 3.754362e+01 1929 1.144156e-02
682718 2.060645e-02 2.068649e-02 1.304896e-01 5.890901e-02 7.975442e-02 2.779438e-01 6.715489e+00 1.035623e+01 2.585276e+01 3307 1.286155e-02
307615 -9.770395e-04 -1.012356e-02 1.287873e-01 -1.037723e-02 -1.311389e-01 7.905997e-01 -4.637205e-01 -5.969803e+00 3.264784e+01 1699 7.545184e-03
619926 7.201079e-03 -2.384844e-03 1.393221e-01 5.249216e-02 -5.373921e-02 5.752825e-01 2.814598e+00 -3.191399e+00 2.709261e+01 8243 2.848989e-02
619969 -1.144067e-02 -2.442402e-02 1.629581e-01 -2.334623e-02 -4.039190e-02 2.066740e-01 -6.563021e+00 -8.802394e+00 2.409864e+01 2596 1.213936e-02
557502 -2.212152e-02 6.588574e-03 1.185419e-01 -1.826502e-01 3.349301e-02 3.410777e-01 -2.003964e+01 3.358624e+00 2.778033e+01 2184 8.401520e-03
495070 -5.580195e-03 4.522624e-03 1.371813e-01 -5.719213e-02 5.328405e-02 6.360346e-01 -3.004578e+00 2.838637e+00 2.904064e+01 2886 1.179429e-02
557609 1.351094e-02 -1.604084e-02 2.182854e-01 2.264953e-01 -2.604120e-01 1.736027e+00 3.971303e+00 -4.556541e+00 2.829979e+01 3147 1.549292e-02
996142 2.654624e-02 -1.246001e-02 1.441764e-01 7.230329e-01 -3.569128e-01 1.800479e+00 1.312200e+01 -6.489584e+00 3.120518e+01 2884 1.105702e-02
308482 1.461458e-02 -7.223795e-03 1.717985e-01 4.529188e-01 -2.961818e-01 2.881155e+00 5.210950e+00 -3.435389e+00 3.221123e+01 6357 2.297383e-02
183771 -1.364849e-03 9.458829e-03 1.300455e-01 2.929496e-03 3.110148e-02 2.167316e-01 1.516076e+00 7.640728e+00 3.060365e+01 5978 2.051672e-02
933616 1.561815e-02 2.496444e-03 1.371531e-01 1.879501e-01 1.755211e-02 6.303333e-01 9.838141e+00 8.595030e-01 2.815484e+01 7698 2.651334e-02
245606 1.100784e-02 8.508801e-03 1.070619e-01 4.242334e-02 3.132215e-02 1.804506e-01 1.150896e+01 8.357594e+00 2.688569e+01 3265 1.140815e-02
996406 -3.589184e-03 -2.783100e-04 2.758268e-01 1.267073e-02 1.679101e-01 2.861989e+00 2.022185e-01 2.091697e+00 3.216314e+01 2271 1.582149e-02
245793 6.547568e-03 -7.767742e-03 2.180726e-01 8.775274e-02 -7.236336e-02 1.284535e+00 2.750009e+00 -2.187527e+00 3.611569e+01 4704 1.936714e-02
184109 -1.352672e-02 4.442140e-03 1.012952e-01 -3.954708e-02 1.768740e-02 1.475040e-01 -8.523729e+00 4.338872e+00 1.513702e+01 5057 1.741837e-02
433127 -2.207759e-03 1.124321e-02 1.080136e-01 8.499971e-03 4.762177e-02 1.830849e-01 3.748361e+00 1.273472e+01 2.627954e+01 5977 1.978990e-02
246077 2.706241e-02 -1.203609e-02 1.085427e-01 3.726891e-01 -1.710882e-01 3.804176e-01 2.284301e+01 -1.051200e+01 1.796864e+01 5211 1.754716e-02
121536 -3.976078e-03 -4.540939e-03 1.458160e-01 -3.919920e-02 -2.060140e-02 5.138296e-01 -3.307210e+00 -1.507968e+00 3.455395e+01 2562 1.030882e-02
121625 2.286035e-02 -1.202057e-02 1.611254e-01 1.615933e-01 -9.239601e-02 6.635576e-01 8.541488e+00 -4.948544e+00 3.093368e+01 4295 1.579481e-02
121643 -1.410192e-02 -1.759847e-03 1.084468e-01 -3.862454e-02 -8.817253e-03 1.626668e-01 -8.901579e+00 -2.561800e+00 1.968159e+01 4616 1.565007e-02
246286 -5.026623e-03 -1.343283e-02 9.211793e-02 -3.406318e-02 -8.407704e-02 1.315520e-01 -1.088215e+01 -2.647563e+01 1.477886e+01 4413 1.484746e-02
496490 -7.236204e-03 2.262079e-02 1.154578e-01 -7.661865e-02 1.615408e-01 3.017314e-01 -7.803555e+00 1.562456e+01 2.095049e+01 3904 1.344933e-02
808913 5.270723e-03 1.329448e-02 1.066330e-01 2.685249e-02 7.245531e-02 2.286918e-01 5.361388e+00 1.469686e+01 3.032210e+01 2445 8.734991e-03
808917 -1.763446e-02 6.536833e-03 9.222027e-02 -3.552930e-02 1.161372e-02 9.533138e-02 -1.833270e+01 5.201107e+00 3.187234e+00 7181 2.406214e-02
747350 -8.099367e-03 7.603904e-03 9.795417e-02 -4.614904e-02 5.296849e-02 1.806386e-01 -1.190175e+01 1.418982e+01 2.586328e+01 5004 1.713748e-02
433826 -2.802233e-03 6.990488e-03 9.788902e-02 -5.599651e-03 3.338758e-02 1.626045e-01 -1.124088e+00 1.060716e+01 2.600465e+01 4066 1.369039e-02
621988 4.086318e-03 -1.679144e-02 1.040747e-01 1.912039e-02 -7.610835e-02 1.796636e-01 4.768805e+00 -1.881532e+01 2.397681e+01 7542 2.723512e-02
122230 1.075055e-02 -6.887933e-03 9.210799e-02 6.556530e-02 -3.565661e-02 1.301908e-01 1.827887e+01 -9.593381e+00 1.269934e+01 3435 1.152522e-02
997892 -7.602641e-03 -1.136515e-02 1.071957e-01 -4.961837e-02 -6.633516e-02 2.103026e-01 -1.263726e+01 -1.653357e+01 3.101192e+01 9479 3.073425e-02
622398 -2.522762e-03 -6.835421e-03 1.074950e-01 -1.390159e-02 -3.216656e-02 2.163285e-01 -2.961993e+00 -6.593884e+00 2.833016e+01 6107 2.042277e-02
622683 -2.831078e-02 8.403122e-04 2.533243e-01 -4.054400e-01 -3.128345e-02 3.438460e+00 -3.838455e+00 -3.269585e-01 3.241859e+01 1647 1.059024e-02
247548 1.652012e-02 8.022005e-04 9.985086e-02 3.717160e-02 -3.332685e-03 1.221212e-01 1.762242e+01 -3.528401e+00 1.900381e+01 3909 1.332384e-02
622842 4.680085e-04 4.822093e-03 1.877552e-01 -2.107339e-02 4.167119e-02 3.309376e-01 -4.145086e+00 7.090658e+00 2.755175e+01 2880 1.346911e-02
998476 2.853362e-03 2.479157e-02 1.083118e-01 5.823389e-03 5.329247e-02 1.408457e-01 1.598297e+00 1.533754e+01 1.750785e+01 4001 1.531752e-02
310818 -6.631712e-03 -2.797449e-03 9.296056e-02 -3.010089e-02 -9.502222e-03 1.233148e-01 -1.538106e+01 -4.394127e+00 1.989336e+01 2619 8.729629e-03
497983 1.156764e-02 -4.643181e-03 9.831996e-02 6.056559e-02 -1.747408e-02 1.587146e-01 1.730390e+01 -4.531306e+00 2.132870e+01 2224 8.770023e-03
248324 1.407586e-02 3.269651e-03 9.937934e-02 7.466389e-02 2.173076e-02 1.755006e-01 1.589837e+01 4.844217e+00 1.997432e+01 7381 2.351188e-02
873634 -5.813384e-03 1.565724e-02 1.387088e-01 -3.617954e-02 5.498475e-02 2.867075e-01 -5.599828e+00 7.252391e+00 2.729245e+01 3191 1.284476e-02
999165 2.414835e-02 -1.212337e-03 2.068861e-01 4.212733e-01 -4.420442e-02 1.966137e+00 6.741132e+00 -7.297838e-01 2.986300e+01 3299 1.433785e-02
186804 1.004730e-02 1.013260e-02 1.732978e-01 3.180192e-02 4.252532e-02 4.162367e-01 3.066292e+00 4.565721e+00 3.424199e+01 3265 1.285429e-02
811388 -6.042996e-03 -2.062449e-02 1.617721e-01 -2.821978e-02 -9.851153e-02 5.155034e-01 -2.080969e+00 -7.308567e+00 3.319255e+01 3749 1.461887e-02
374438 -7.935406e-03 -1.186899e-02 9.627430e-02 -2.878734e-02 -5.879526e-02 1.456550e-01 -8.192854e+00 -1.843762e+01 1.940200e+01 4508 1.453448e-02
874620 1.055378e-02 -2.172919e-02 1.022840e-01 9.211669e-02 -1.726917e-01 2.566332e-01 8.051991e+00 -1.490321e+01 1.523754e+01 5782 2.156319e-02
562313 -2.991652e-03 7.311907e-03 9.605735e-02 -6.005791e-03 3.430288e-02 1.377955e-01 -1.738963e+00 1.557205e+01 2.408021e+01 4880 1.592903e-02
