/n/home03/calmiller/DSMC_Simulations/7_8_20_opaque_mesh/flow_4.00000_gap_0.00100_len_0.02000_T1_1.99000_T2_1.99000/data
running....
idx x y z xnext ynext znext vx vy vz collides time
62845 1.041599e-02 8.130383e-05 2.561795e-01 3.357290e-02 -2.108521e-03 3.846225e-01 7.870991e+00 -7.443174e-01 4.365751e+01 9248 2.819324e-02
187924 -4.624686e-03 -7.339987e-03 8.982841e-02 -2.674899e-02 -3.953481e-02 1.248818e-01 -1.779818e+01 -2.589954e+01 2.819915e+01 1580 4.755641e-03
625469 1.111006e-02 -2.092395e-03 1.002559e-01 8.388026e-02 -1.197955e-02 2.120087e-01 2.662818e+01 -3.617921e+00 4.089273e+01 3010 8.535346e-03
250537 1.050095e-02 -1.321881e-02 1.111857e-01 9.892244e-02 -1.200151e-01 3.163828e-01 1.504075e+01 -1.816636e+01 3.490462e+01 4861 1.326143e-02
63071 5.828516e-03 -1.334582e-03 1.000136e-01 4.342466e-02 3.803976e-03 1.626174e-01 2.769660e+01 3.785510e+00 4.611943e+01 7941 2.017447e-02
939 1.230576e-02 2.676696e-02 1.313185e-01 3.627019e-01 7.479021e-01 1.311602e+00 1.266714e+01 2.606970e+01 4.266832e+01 6626 1.879689e-02
750929 -5.447293e-03 -1.862770e-02 1.207731e-01 -7.565031e-03 -7.168674e-02 2.032016e-01 -7.139047e-01 -1.788659e+01 2.778724e+01 2285 7.470535e-03
188384 -2.213410e-02 -6.720017e-03 1.226976e-01 -2.517222e-01 -7.960096e-03 5.720248e-01 -1.527970e+01 -8.253051e-02 2.990391e+01 7878 2.218561e-02
188541 -9.669538e-03 3.845643e-04 1.266912e-01 -5.490111e-02 3.133980e-02 4.222058e-01 -8.294175e+00 5.676304e+00 5.418890e+01 2735 8.195590e-03
313616 -1.223171e-02 1.035143e-02 1.776043e-01 -3.536836e-02 4.392133e-02 3.869596e-01 -4.279329e+00 6.209053e+00 3.872213e+01 5782 1.717043e-02
188844 9.865324e-03 2.796346e-02 1.187663e-01 6.308936e-02 1.403133e-01 2.512111e-01 2.171130e+01 4.583008e+01 5.402727e+01 7433 1.952244e-02
438967 -1.162926e-03 4.696340e-03 9.740605e-02 6.087498e-03 3.238312e-02 1.976399e-01 3.318247e+00 1.267120e+01 4.587328e+01 8944 2.267041e-02
689069 -7.354232e-03 -5.583510e-03 9.117303e-02 -6.001895e-02 -6.249908e-02 1.608660e-01 -3.104232e+01 -3.354791e+01 4.107931e+01 3582 9.851259e-03
876524 1.569129e-02 1.021192e-02 9.341352e-02 1.588249e-01 1.147845e-01 1.679292e-01 1.559593e+01 1.139429e+01 8.119276e+00 4101 1.185969e-02
251570 -2.158004e-02 1.590764e-02 1.412506e-01 -1.665338e-01 1.277179e-01 7.084185e-01 -7.663572e+00 5.911303e+00 2.998563e+01 4788 1.438142e-02
3221 1.169008e-02 -9.435221e-03 9.399145e-02 5.450396e-02 -4.079064e-02 1.373189e-01 1.823639e+01 -1.335571e+01 1.845514e+01 2599 7.680444e-03
939917 -2.484213e-03 1.761506e-02 1.081162e-01 -6.434239e-02 1.985392e-01 4.273328e-01 -6.342517e+00 1.855073e+01 3.273030e+01 2650 7.480271e-03
377601 8.771914e-03 4.975356e-03 1.276790e-01 1.099167e-01 1.461044e-01 9.354896e-01 6.388786e+00 8.914385e+00 5.102518e+01 1496 5.306033e-03
690483 -2.570538e-02 -7.216002e-03 1.406343e-01 -4.062648e-01 -6.255665e-02 1.132683e+00 -1.598195e+01 -2.324083e+00 4.166201e+01 6220 1.801627e-02
189988 1.289822e-02 -3.204264e-03 9.785658e-02 1.043007e-01 -2.673976e-02 1.998777e-01 2.734215e+01 -7.040414e+00 3.051863e+01 2834 8.204385e-03
877689 6.176093e-03 -9.861167e-03 8.967921e-02 2.503437e-02 -3.235674e-02 1.008559e-01 1.720960e+01 -2.052891e+01 1.019960e+01 3918 1.184758e-02
503340 1.015860e-02 1.699092e-03 1.196949e-01 3.475418e-01 -5.991724e-03 1.167561e+00 1.712951e+01 -3.904757e-01 5.320192e+01 13356 3.438318e-02
315945 -7.437062e-03 -2.713259e-02 1.051478e-01 -2.047994e-01 -6.376721e-01 5.722839e-01 -1.042639e+01 -3.225398e+01 2.467817e+01 4309 1.286708e-02
504037 -1.722237e-02 -4.810971e-03 1.290689e-01 -3.248529e-01 -1.978375e-01 8.781189e-01 -2.156832e+01 -1.353331e+01 5.251673e+01 6617 1.969693e-02
253771 -2.537641e-04 -6.478529e-03 9.831388e-02 -3.324655e-02 -8.720643e-02 3.389640e-01 -7.296197e+00 -1.785259e+01 5.321864e+01 6228 1.632633e-02
191104 -1.231290e-02 -9.439301e-03 1.112971e-01 -1.074221e-01 -1.150121e-01 3.477491e-01 -2.004639e+01 -2.225182e+01 4.983754e+01 10201 2.539548e-02
379335 -1.934214e-03 9.158366e-03 1.014474e-01 -8.754009e-03 3.026143e-02 1.340414e-01 -7.559714e+00 2.339266e+01 3.613026e+01 2634 7.656511e-03
253918 -1.106437e-02 6.633217e-03 1.154009e-01 -3.304007e-02 2.036431e-02 1.574797e-01 -2.552287e+01 1.594747e+01 4.887080e+01 3350 9.491099e-03
191361 -5.031377e-03 -9.417529e-03 1.183574e-01 -1.368814e-02 -4.816724e-02 2.566504e-01 -3.160096e+00 -1.414534e+01 5.048302e+01 6615 1.763816e-02
380055 -1.946979e-02 4.151632e-03 1.799371e-01 -6.900531e-01 7.722549e-02 3.636798e+00 -1.319789e+01 1.438181e+00 6.803517e+01 7164 2.017301e-02
6624 5.278422e-03 -5.390739e-03 9.037150e-02 1.933116e-02 -4.882115e-02 1.354199e-01 9.279387e+00 -2.867823e+01 2.974660e+01 3406 9.391890e-03
6637 -1.353145e-02 7.633516e-03 1.032772e-01 -4.694939e-02 3.195993e-02 1.503968e-01 -2.197671e+01 1.599783e+01 3.098733e+01 3820 1.060672e-02
254671 -2.060060e-02 1.304385e-02 3.484806e-01 -9.452738e-01 -9.085283e-01 2.109109e+01 -2.035171e+00 -2.028346e+00 4.565371e+01 4158 1.824289e-02
567675 -1.167583e-02 -9.485089e-03 1.041726e-01 -1.627458e-01 -9.253000e-02 3.509594e-01 -3.481984e+01 -1.914087e+01 5.688145e+01 3860 1.047828e-02
130712 3.265458e-04 1.933663e-03 9.895324e-02 4.127128e-02 3.896749e-02 2.311919e-01 1.162534e+01 1.051493e+01 3.754622e+01 2213 6.624486e-03
443210 -1.132191e-02 -9.825971e-03 1.175368e-01 -3.955471e-02 -2.564979e-02 1.899748e-01 -1.650393e+01 -9.250064e+00 4.234477e+01 5248 1.447266e-02
131373 7.441071e-03 -6.616597e-03 9.896488e-02 4.581483e-02 -3.994997e-02 2.034540e-01 1.290527e+01 -1.121017e+01 3.514017e+01 4385 1.151441e-02
943657 -2.052746e-02 -8.341954e-03 1.125724e-01 -9.488916e-02 -3.726202e-02 2.324304e-01 -2.110525e+01 -8.208062e+00 3.401796e+01 7722 2.079392e-02
9045 -6.688021e-03 -1.256242e-02 9.617402e-02 -1.447195e-01 -4.017257e-01 3.984895e-01 -1.261913e+01 -3.557815e+01 2.763834e+01 2760 8.166738e-03
382044 -6.831577e-03 -2.077866e-03 8.908547e-02 -7.307394e-02 -3.748363e-02 1.637779e-01 -2.791526e+01 -1.492038e+01 3.147621e+01 7659 2.009257e-02
193687 5.423551e-03 1.353704e-02 1.333929e-01 1.796525e-02 7.772081e-02 2.999692e-01 3.873217e+00 1.982169e+01 5.144330e+01 15982 4.035730e-02
632468 1.207789e-02 -2.068770e-02 1.164343e-01 1.608688e-01 -2.577903e-01 4.552871e-01 1.564987e+01 -2.493852e+01 3.564064e+01 1946 6.626693e-03
10599 1.295101e-02 -1.615732e-02 1.225900e-01 3.697270e-01 -6.461927e-01 1.677575e+00 7.781355e+00 -1.374120e+01 3.391453e+01 3249 9.718425e-03
820738 2.185443e-02 -1.305232e-02 1.319698e-01 2.279527e-01 -1.516831e-01 5.696995e-01 2.046562e+01 -1.376608e+01 4.346669e+01 2310 7.046899e-03
695764 -1.410046e-02 1.091076e-03 1.072188e-01 -6.108172e-02 -4.910524e-03 2.128511e-01 -1.852206e+01 -2.366092e+00 4.164483e+01 7578 1.899346e-02
945190 -1.495736e-03 -1.083670e-02 1.064903e-01 -1.128162e-01 -3.381946e-01 5.995370e-01 -1.053242e+01 -3.097248e+01 4.664888e+01 6127 1.560767e-02
945210 -3.677305e-03 -6.002577e-03 1.217084e-01 -1.589499e-02 -5.126050e-02 3.278516e-01 -2.775915e+00 -1.028281e+01 4.683671e+01 3824 1.181591e-02
695981 2.025775e-02 2.013173e-02 1.268474e-01 2.567863e-01 3.602014e-01 6.853711e-01 1.422500e+01 2.045204e+01 3.359002e+01 11394 3.059501e-02
945368 -3.448053e-03 1.176846e-02 1.295032e-01 -1.097563e-02 6.079350e-02 3.251251e-01 -1.748664e+00 1.138856e+01 4.544316e+01 3955 1.194154e-02
757977 5.864135e-03 8.500432e-03 8.837420e-02 3.265499e-01 5.394423e-01 1.546014e-01 1.920481e+01 3.179636e+01 3.966131e+00 7932 1.986434e-02
945591 -8.611429e-03 -1.456047e-02 1.152521e-01 -1.565119e-01 -3.940435e-01 7.504945e-01 -7.950360e+00 -2.039903e+01 3.414732e+01 2807 8.442765e-03
320432 -5.891287e-03 -2.549141e-02 1.380637e-01 -4.616656e-03 -2.220645e-01 5.672412e-01 1.372211e-01 -2.116219e+01 4.620335e+01 6725 1.965444e-02
11511 8.639304e-03 2.091553e-03 9.826363e-02 9.035959e-02 -1.509997e-02 2.296803e-01 1.614318e+01 -3.396047e+00 2.596030e+01 4763 1.234143e-02
634028 -1.780406e-02 1.968006e-03 9.819517e-02 -1.827489e-01 2.570784e-02 2.133907e-01 -2.738387e+01 3.941249e+00 1.912458e+01 2455 6.792482e-03
384050 -5.821605e-03 -6.575336e-03 9.576685e-02 -6.657264e-02 -6.593987e-02 2.071612e-01 -1.990681e+01 -1.945248e+01 3.650154e+01 2697 7.181992e-03
320823 -1.986307e-02 -1.594275e-02 1.102965e-01 -5.903555e-01 -5.261196e-01 8.143815e-01 -2.799240e+01 -2.503289e+01 3.454740e+01 6751 1.871475e-02
384100 1.217260e-02 -3.404490e-03 9.736745e-02 5.283076e-02 -2.713427e-02 1.347525e-01 2.344066e+01 -1.368093e+01 2.155363e+01 5093 1.313621e-02
946405 1.960708e-03 2.212903e-02 1.047140e-01 -1.492018e-03 4.917744e-02 1.222936e-01 -4.527099e+00 3.546497e+01 2.304978e+01 4441 1.233985e-02
446435 -1.632381e-02 2.513223e-02 1.129331e-01 -8.467139e-01 1.140542e+00 1.292044e+00 -2.431814e+01 3.266500e+01 3.453050e+01 2591 7.871293e-03
758980 7.241996e-03 -2.174781e-02 3.266596e-01 3.593546e-02 -4.907887e-01 2.811644e+00 4.610969e-01 -7.537373e+00 3.993309e+01 3230 1.536235e-02
634950 5.824207e-03 -3.276576e-03 8.759369e-02 2.676612e-02 -1.843322e-02 9.536741e-02 1.715810e+01 -1.241811e+01 6.369148e+00 4563 1.201077e-02
572126 -5.162438e-03 6.069860e-03 9.723035e-02 -6.203860e-02 4.565712e-02 2.104360e-01 -2.158367e+01 1.502279e+01 4.295989e+01 4998 1.280171e-02
572469 -8.731393e-03 2.438151e-02 6.621632e-02 -1.779966e-02 3.709530e-02 6.650557e-02 -2.286005e+01 3.205002e+01 7.291817e-01 3765 1.009309e-02
510658 4.632701e-03 1.060614e-02 1.015735e-01 5.223561e-02 1.494983e-01 3.445784e-01 7.483844e+00 2.183580e+01 3.820377e+01 12446 3.025068e-02
511012 -2.001905e-02 -1.372409e-02 1.126934e-01 -6.402095e-01 -2.812979e-01 8.097345e-01 -2.298658e+01 -9.917287e+00 2.583496e+01 4236 1.226645e-02
760557 -1.811241e-02 -2.018088e-02 1.079836e-01 -1.359842e-01 -1.577085e-01 2.422604e-01 -3.124583e+01 -3.645624e+01 3.559453e+01 1950 6.249092e-03
885769 3.391882e-03 -5.084697e-03 8.828001e-02 7.512439e-03 -3.217041e-02 1.103318e-01 7.349155e+00 -4.830830e+01 3.933021e+01 8482 2.152633e-02
323727 2.094840e-02 6.809127e-03 1.991636e-01 1.791001e-01 2.380735e-02 1.346276e+00 7.495710e+00 8.056427e-01 5.436817e+01 6170 1.857635e-02
137283 -5.023698e-03 1.007348e-03 1.001372e-01 -7.580130e-02 2.164750e-02 2.615240e-01 -2.081935e+01 6.071335e+00 4.747219e+01 7608 1.988008e-02
387085 -6.195376e-03 5.189423e-03 1.168824e-01 -2.811550e-02 1.406828e-02 1.950622e-01 -1.099157e+01 4.452193e+00 3.920228e+01 5465 1.448604e-02
137624 -2.422226e-03 -2.431609e-02 1.113683e-01 -5.051674e-03 -6.625376e-02 1.585675e-01 -1.586532e+00 -2.530396e+01 2.847864e+01 4211 1.183316e-02
449390 -3.213139e-03 9.327240e-03 1.113101e-01 -1.892623e-02 3.540252e-02 1.749802e-01 -6.446066e+00 1.069700e+01 2.611973e+01 4924 1.335688e-02
761906 -1.721513e-03 4.322519e-04 9.769174e-02 -4.614015e-02 -1.090076e-02 1.755462e-01 -1.591541e+01 -4.060670e+00 2.789563e+01 3727 1.060234e-02
324242 -8.610467e-03 -1.310395e-02 1.074046e-01 -1.688950e-01 -1.750889e-01 3.880434e-01 -1.637193e+01 -1.654562e+01 2.866528e+01 3516 9.955591e-03
949611 1.003236e-02 -2.225888e-03 1.524736e-01 3.989497e-02 -1.525276e-02 4.960582e-01 4.615727e+00 -2.013503e+00 5.310630e+01 6470 1.920692e-02
199317 -2.032980e-02 2.045877e-02 1.183128e-01 -2.715875e-01 2.869748e-01 6.968773e-01 -1.297115e+01 1.375886e+01 2.986833e+01 3646 1.034678e-02
825636 -6.819741e-03 9.481367e-03 9.519427e-02 -3.665345e-02 8.977341e-02 1.730535e-01 -9.793001e+00 2.635610e+01 2.555753e+01 2029 6.196294e-03
825779 -3.840103e-03 7.396355e-03 9.426080e-02 -1.307020e-02 4.145942e-02 1.504903e-01 -5.187832e+00 1.914535e+01 3.160411e+01 4644 1.252706e-02
324851 -1.586573e-02 -1.709579e-02 1.254925e-01 -1.277488e-01 -1.872854e-01 5.088487e-01 -1.338325e+01 -2.035776e+01 4.585635e+01 7255 1.925430e-02
575640 2.641682e-02 1.204948e-02 2.519695e-01 7.010766e-01 1.674886e-01 4.771849e+00 6.538317e+00 1.506404e+00 4.380343e+01 2390 1.066922e-02
76205 -2.371854e-02 1.358066e-02 1.545114e-01 -7.314818e-02 5.316855e-02 3.432778e-01 -1.186177e+01 9.500016e+00 4.529878e+01 8459 2.261477e-02
262977 1.250430e-02 -1.206612e-03 1.141410e-01 1.271217e-01 -1.977545e-02 3.411068e-01 2.766083e+01 -4.481254e+00 5.477408e+01 3356 8.905404e-03
325493 8.469804e-03 8.629767e-03 1.089992e-01 2.140469e-02 2.912719e-02 1.675732e-01 9.123810e+00 1.445816e+01 4.131605e+01 3024 9.545090e-03
888262 -6.145238e-03 7.471807e-03 9.595161e-02 -1.401978e-02 3.696374e-02 1.391208e-01 -4.989177e+00 1.868559e+01 2.735127e+01 4832 1.271075e-02
826734 -9.968668e-03 1.100390e-02 9.891042e-02 -2.231864e-02 3.387910e-02 1.203323e-01 -1.387530e+01 2.570047e+01 2.406765e+01 3916 1.134003e-02
450752 -1.136006e-02 7.077585e-03 9.261679e-02 -1.019694e-01 4.079156e-02 1.647733e-01 -2.145514e+01 7.983035e+00 1.708573e+01 4362 1.177546e-02
450863 -4.943007e-04 -1.089566e-02 9.069245e-02 -1.011829e-02 -4.007480e-02 1.073266e-01 -5.365688e+00 -1.626832e+01 9.274088e+00 4080 1.113587e-02
888721 -3.325099e-03 -2.700718e-02 1.077717e-01 -2.184965e-02 -4.559358e-01 3.529186e-01 -1.040961e+00 -2.410304e+01 1.377569e+01 2385 7.524595e-03
702266 9.379985e-03 2.535005e-03 1.071281e-01 3.898507e-02 1.198313e-02 2.303054e-01 9.839680e+00 3.140222e+00 4.093977e+01 2297 7.147758e-03
201204 -1.289254e-04 1.313642e-02 1.171195e-01 4.549247e-03 1.159370e-01 3.545502e-01 8.470597e-01 1.861372e+01 4.299072e+01 4604 1.274754e-02
264007 -2.592842e-03 1.652693e-02 1.033364e-01 -6.708304e-02 1.897864e-01 2.752881e-01 -9.124644e+00 2.451429e+01 2.432924e+01 8425 2.180553e-02
451571 -2.396562e-03 1.254235e-02 1.140073e-01 -3.197590e-03 7.181987e-02 2.652670e-01 -2.426050e-01 1.795322e+01 4.581160e+01 11566 2.895149e-02
264141 4.996259e-04 2.482125e-02 1.719016e-01 8.059430e-02 4.981297e-01 1.399905e+00 2.757413e+00 1.629455e+01 4.227639e+01 3002 1.097420e-02
20096 -6.443737e-03 9.357495e-03 1.013296e-01 -1.612928e-02 1.009033e-01 2.430554e-01 -2.505573e+00 2.368217e+01 3.666331e+01 8074 2.151422e-02
201723 1.793698e-02 1.507092e-02 1.092745e-01 5.057123e-02 5.034191e-02 1.499440e-01 1.779417e+01 1.923189e+01 2.217544e+01 2004 6.609172e-03
828764 -7.657421e-03 9.366998e-03 1.046769e-01 -2.800494e-02 5.477374e-02 1.782595e-01 -1.009865e+01 2.253575e+01 3.651964e+01 4470 1.257223e-02
141182 1.165998e-02 2.125424e-02 6.528104e-02 1.724265e-02 3.164854e-02 6.532391e-02 1.575700e+01 2.933776e+01 1.209997e-01 6882 1.754671e-02
79203 -4.077429e-03 1.109893e-02 1.053736e-01 -6.511734e-02 9.763994e-02 2.670985e-01 -1.213806e+01 1.720907e+01 3.215973e+01 6383 1.662245e-02
641314 2.954552e-02 2.458288e-04 1.196009e-01 2.796546e-01 2.546239e-02 3.764476e-01 3.715222e+01 3.745771e+00 3.815306e+01 6051 1.642103e-02
141393 2.379993e-02 3.779236e-03 1.100065e-01 4.603977e-01 8.770932e-02 5.112161e-01 2.405489e+01 4.624231e+00 2.210513e+01 6842 1.939420e-02
266087 -1.768234e-02 -1.032419e-02 1.894342e-01 -6.079276e-02 -3.163554e-02 3.782786e-01 -7.864637e+00 -3.887831e+00 3.445090e+01 6968 2.029794e-02
453714 2.909421e-03 6.621121e-03 1.294163e-01 8.836600e-02 5.660248e-02 4.605104e-01 1.016352e+01 5.944383e+00 3.937768e+01 13508 3.459704e-02
142210 -6.947874e-03 -2.837923e-02 1.644316e-01 -1.957179e-02 -1.165111e-01 3.813297e-01 -3.018787e+00 -2.107517e+01 5.186735e+01 993 4.454813e-03
80321 -8.325369e-03 1.482132e-03 9.515007e-02 -3.293551e-02 -3.175702e-03 1.220296e-01 -4.123921e+01 -7.805133e+00 4.504206e+01 8953 2.304923e-02
329032 2.611081e-02 2.956099e-04 1.151708e-01 1.180814e-01 -2.836249e-03 2.232431e-01 2.478988e+01 -8.441659e-01 2.912996e+01 3188 9.857285e-03
954387 1.027182e-02 -1.262955e-02 1.244217e-01 2.740655e-01 -2.579470e-01 8.676318e-01 1.609579e+01 -1.496843e+01 4.534813e+01 5045 1.441235e-02
142707 -2.270629e-02 -1.603269e-02 1.773298e-01 -3.264669e-02 -2.135156e-02 2.197842e-01 -1.041682e+01 -5.573798e+00 4.448911e+01 4100 1.313210e-02
518295 -5.352386e-03 7.091688e-03 1.335572e-01 -7.199465e-02 4.033046e-02 4.466801e-01 -1.181347e+01 5.892135e+00 5.550632e+01 8572 2.189332e-02
767550 -2.191526e-02 6.506882e-03 1.555598e-01 -4.288096e-01 1.812052e-01 1.436811e+00 -1.143875e+01 4.911177e+00 3.601895e+01 2332 8.405426e-03
954853 4.788184e-03 6.913301e-03 1.250156e-01 1.202607e-01 3.476091e-01 1.632418e+00 4.087761e+00 1.206073e+01 5.336248e+01 2347 8.247871e-03
892932 2.824027e-03 -7.808968e-03 8.777728e-02 8.309391e-02 -1.904061e-01 1.550308e-01 9.415605e+00 -2.141853e+01 7.888788e+00 3175 9.112677e-03
767794 5.809912e-03 8.435424e-03 1.249456e-01 5.961053e-02 3.954169e-02 4.101621e-01 7.549456e+00 4.364921e+00 4.002240e+01 6075 1.625153e-02
768250 1.971987e-02 1.205270e-02 1.643469e-01 3.648114e-02 3.559363e-02 3.384312e-01 4.813935e+00 6.761094e+00 4.999802e+01 4151 1.308044e-02
955412 1.318442e-02 -1.356162e-02 1.043075e-01 9.689438e-02 -1.036338e-01 2.360082e-01 2.448340e+01 -2.634422e+01 3.851966e+01 5917 1.624954e-02
707209 2.146299e-02 4.233437e-03 1.292908e-01 7.326172e-02 -8.377512e-03 2.817387e-01 1.130301e+01 -2.751838e+00 3.326569e+01 3647 1.125196e-02
956203 -6.317834e-03 3.323599e-03 9.288058e-02 -4.533838e-02 1.515686e-02 1.738395e-01 -1.942983e+01 5.892234e+00 4.031256e+01 3979 1.092070e-02
331607 3.706697e-03 -7.903214e-03 1.321122e-01 1.757779e-02 -3.877262e-02 2.736906e-01 5.324953e+00 -1.185041e+01 5.435032e+01 10873 2.747432e-02
645341 -4.032518e-03 -9.259965e-03 1.094023e-01 -4.779159e-02 -1.154157e-01 3.418950e-01 -8.362276e+00 -2.028617e+01 4.442890e+01 2718 8.123913e-03
708389 -1.719977e-02 -1.743930e-02 6.583524e-02 -2.208187e-02 -2.052683e-02 6.643126e-02 -3.698319e+01 -2.338878e+01 4.515006e+00 2588 7.358876e-03
83515 -1.551732e-02 9.546693e-03 1.219438e-01 -1.118776e-01 8.198223e-02 3.703493e-01 -1.135615e+01 8.536596e+00 2.927481e+01 3815 1.213965e-02
895278 -9.782475e-03 1.585885e-02 1.058328e-01 -5.281104e-02 6.330682e-02 1.862334e-01 -2.053220e+01 2.264103e+01 3.836523e+01 4170 1.089613e-02
331904 1.775615e-03 1.668399e-02 9.841011e-02 1.890344e-02 1.755878e-01 2.419766e-01 3.532903e+00 3.277657e+01 2.961301e+01 3300 9.490645e-03
395256 -6.248057e-03 1.662415e-02 1.122484e-01 -1.043510e-02 7.131708e-02 1.953823e-01 -1.947512e+00 2.543922e+01 3.866793e+01 3801 1.145051e-02
269665 1.361016e-02 -8.493519e-03 1.196684e-01 1.040167e-01 -7.564448e-02 4.082661e-01 9.879775e+00 -7.338364e+00 3.153841e+01 6381 1.819097e-02
269674 -3.687844e-03 -1.538133e-02 1.349957e-01 -9.720903e-03 -6.011952e-02 3.193214e-01 -9.729576e-01 -7.214973e+00 2.972640e+01 5025 1.523461e-02
27942 2.062144e-02 8.276684e-04 1.782662e-01 3.093082e-01 -7.756867e-02 1.331805e+00 1.027248e+01 -2.789615e+00 4.104694e+01 2923 1.163345e-02
770685 -1.736167e-03 -1.888414e-02 1.431140e-01 -1.153581e-02 -1.185245e-01 4.406047e-01 -1.141314e+00 -1.160460e+01 3.464722e+01 3316 1.024181e-02
85960 -8.953968e-03 -1.698783e-02 1.136991e-01 -2.241535e-02 -4.928392e-02 1.823945e-01 -7.076960e+00 -1.697880e+01 3.611475e+01 5909 1.643279e-02
585781 2.925265e-04 1.506971e-02 1.282093e-01 5.097689e-04 3.125776e-02 1.761545e-01 2.288536e-01 1.705327e+01 5.050774e+01 6505 1.754698e-02
149128 -2.996033e-03 8.823791e-03 1.107112e-01 -1.112122e-02 2.962142e-02 1.615365e-01 -6.107792e+00 1.563382e+01 3.820595e+01 7088 2.048445e-02
649615 -1.099252e-02 -5.547429e-03 9.268252e-02 -4.527069e-02 -1.966029e-02 1.073321e-01 -1.284040e+01 -5.286597e+00 5.487633e+00 3858 1.063451e-02
32864 -5.631088e-03 -6.431437e-04 9.357076e-02 -7.381723e-02 1.536276e-02 2.178309e-01 -2.454278e+01 5.761130e+00 4.472591e+01 8357 2.067577e-02
837613 -2.557038e-03 4.163593e-03 1.282766e-01 -2.081063e-02 1.668372e-02 3.688617e-01 -3.819430e+00 2.619746e+00 5.034067e+01 7247 2.093187e-02
713394 1.857815e-02 -1.834448e-02 2.666432e-01 9.812190e-02 -2.792321e-01 1.571431e+00 2.263021e+00 -7.422258e+00 3.712122e+01 4478 1.712739e-02
961713 -1.299464e-02 1.542524e-02 9.871795e-02 -2.368523e-02 2.823193e-02 1.040304e-01 -1.327282e+01 1.590004e+01 6.595581e+00 3876 1.185451e-02
211662 -9.336456e-03 1.514223e-02 1.304088e-01 -1.704076e-02 2.509750e-02 1.918145e-01 -3.288510e+00 4.249313e+00 2.621043e+01 2973 1.003540e-02
150661 1.782569e-02 -9.442765e-03 1.093981e-01 5.734569e-02 -3.036405e-02 1.674715e-01 2.137608e+01 -1.131617e+01 3.141146e+01 5169 1.411407e-02
274849 8.900254e-03 -1.592889e-02 1.240206e-01 1.532592e-01 -4.598779e-01 1.240477e+00 6.330646e+00 -1.946873e+01 4.896055e+01 3359 9.483765e-03
400685 -2.240076e-03 1.159752e-02 1.031977e-01 -1.288504e-02 2.988247e-02 1.291514e-01 -8.985905e+00 1.543517e+01 2.190873e+01 5998 1.658602e-02
89640 2.247085e-03 -6.283734e-03 1.135351e-01 1.232878e-02 -4.740751e-02 3.205651e-01 2.747422e+00 -1.120688e+01 5.641898e+01 3271 8.746191e-03
651622 -9.366619e-03 -3.548817e-03 1.010178e-01 -1.765252e-01 -2.802754e-02 3.278301e-01 -3.375030e+01 -4.942398e+00 4.579473e+01 6485 1.837524e-02
901440 -2.349351e-02 -1.848743e-03 1.037028e-01 -2.730468e-01 -1.747096e-02 3.227002e-01 -2.929254e+01 -1.833735e+00 2.570589e+01 6528 1.714845e-02
714794 -8.167981e-03 4.780229e-03 1.221677e-01 -6.929370e-02 4.921873e-02 4.818735e-01 -8.749472e+00 6.360882e+00 5.148792e+01 4650 1.249958e-02
401215 -7.057904e-03 -7.552414e-03 1.474617e-01 -4.328031e-02 -5.361144e-02 4.803833e-01 -4.134114e+00 -5.256781e+00 3.799681e+01 5354 1.575752e-02
963108 6.534712e-03 -1.705589e-02 1.183667e-01 6.139471e-02 -1.119202e-01 2.690353e-01 1.343635e+01 -2.323425e+01 3.690186e+01 13737 3.665842e-02
35769 8.201704e-03 9.752116e-04 1.011426e-01 6.207979e-02 2.423982e-02 2.342398e-01 1.510420e+01 6.522010e+00 3.731251e+01 2822 7.954110e-03
527774 9.723227e-05 1.256218e-02 1.382123e-01 1.329787e-02 1.418539e-01 5.954860e-01 1.416168e+00 1.387045e+01 4.905645e+01 4128 1.208432e-02
652201 2.493864e-03 6.901934e-03 1.170203e-01 2.770554e-02 3.928425e-02 2.389198e-01 9.021856e+00 1.158783e+01 4.362105e+01 5847 1.586697e-02
839986 -4.202677e-03 -8.565494e-03 9.207004e-02 -1.340141e-01 -1.802794e-01 3.431074e-01 -1.931862e+01 -2.555458e+01 3.735955e+01 2346 6.263765e-03
652379 -2.391539e-03 -8.143736e-03 9.401362e-02 -2.819421e-02 -3.974796e-02 1.518229e-01 -1.015621e+01 -1.243976e+01 2.275435e+01 2869 7.717574e-03
90693 -1.399779e-02 1.443789e-02 1.080080e-01 -2.513659e-02 3.397446e-02 1.353081e-01 -1.370498e+01 2.403746e+01 3.358953e+01 3820 1.055211e-02
36702 1.148400e-02 -1.443114e-02 1.079916e-01 4.284784e-02 -6.824033e-02 1.816429e-01 1.548298e+01 -2.656328e+01 3.635849e+01 4128 1.279853e-02
652811 -3.833556e-03 6.364328e-03 1.678534e-01 -2.356691e-01 9.470228e-02 2.416660e+00 -5.794845e+00 2.208051e+00 5.621005e+01 3789 1.131285e-02
964119 -1.816189e-02 -1.443242e-02 1.355524e-01 -1.719252e-01 -1.264757e-01 6.308819e-01 -1.157352e+01 -8.433322e+00 3.728266e+01 4253 1.247199e-02
152657 7.693552e-03 1.867956e-02 9.924722e-02 1.556503e-02 4.312926e-02 1.202808e-01 1.139627e+01 3.539811e+01 3.045235e+01 2826 8.721877e-03
590914 -4.599509e-03 -2.179347e-02 1.177096e-01 -2.676412e-02 -8.289206e-02 2.195319e-01 -1.134520e+01 -3.127399e+01 5.211887e+01 6964 1.818886e-02
92296 1.284987e-02 -1.506568e-03 9.694716e-02 4.908611e-02 -1.569733e-02 1.371464e-01 3.270509e+01 -1.280791e+01 3.628188e+01 7503 1.952775e-02
717325 1.560685e-02 1.855838e-02 1.264485e-01 1.622977e-01 2.168073e-01 6.510502e-01 1.217214e+01 1.645033e+01 4.353048e+01 3122 1.067352e-02
466056 6.319166e-03 2.691187e-03 1.111712e-01 2.943733e-02 2.595831e-02 2.340961e-01 9.858240e+00 9.921760e+00 5.241868e+01 7116 1.818314e-02
904608 9.944808e-05 7.496907e-03 8.921124e-02 7.441306e-03 9.300831e-02 1.480174e-01 2.802860e+00 3.264521e+01 2.245010e+01 2844 7.433276e-03
466446 -1.482913e-02 1.133459e-02 1.296919e-01 -4.198501e-01 4.124098e-01 1.865928e+00 -1.553460e+01 1.538326e+01 6.659343e+01 7605 1.975543e-02
779910 4.692148e-05 7.884780e-03 9.091441e-02 -1.750078e-02 5.155248e-02 1.306479e-01 -1.258633e+01 3.132126e+01 2.849938e+01 3590 9.378707e-03
40408 6.947514e-03 9.261128e-04 1.130344e-01 3.287032e-02 9.444419e-03 1.793610e-01 1.655267e+01 5.439253e+00 4.235198e+01 3407 9.268388e-03
655335 -6.875035e-03 1.060715e-02 1.016624e-01 -2.858459e-02 4.265919e-02 1.387700e-01 -1.155392e+01 1.705824e+01 1.974883e+01 4183 1.149066e-02
656848 7.264686e-03 2.894627e-02 1.569045e-01 2.266066e-02 9.517168e-02 3.437253e-01 3.787969e+00 1.629386e+01 4.596472e+01 11833 3.089088e-02
343181 1.534315e-02 -2.300843e-02 1.514251e-01 4.336037e-01 -6.064353e-01 1.691420e+00 1.560613e+01 -2.176881e+01 5.746026e+01 5108 1.433706e-02
218184 9.748315e-03 -9.757488e-03 1.012255e-01 4.594977e-02 -3.304467e-02 1.629527e-01 2.071263e+01 -1.332374e+01 3.531717e+01 5649 1.467371e-02
42767 1.572307e-02 -2.120323e-02 1.102102e-01 7.134429e-02 -7.845307e-02 1.740274e-01 1.198522e+01 -1.233615e+01 1.375127e+01 6986 1.981210e-02
219034 1.030621e-02 -6.516793e-03 1.072923e-01 3.128399e-02 -1.792634e-02 1.543195e-01 1.759687e+01 -9.570715e+00 3.944800e+01 13148 3.330329e-02
407665 1.430734e-02 -3.403180e-03 1.672677e-01 1.128564e-01 4.890898e-02 7.190827e-01 8.619053e+00 4.575197e+00 4.826148e+01 5041 1.511003e-02
658456 3.590880e-03 1.492755e-02 1.066803e-01 1.252219e-02 4.772631e-02 1.491205e-01 7.111715e+00 2.611659e+01 3.379380e+01 3346 1.118474e-02
908829 7.716610e-03 -2.013629e-03 9.008713e-02 5.756361e-02 -2.006690e-02 1.476728e-01 4.003913e+01 -1.450112e+01 4.625514e+01 4250 1.158364e-02
846142 -6.178827e-04 6.423881e-03 1.110098e-01 9.688688e-03 2.985381e-02 1.712201e-01 8.559023e+00 1.945723e+01 5.000118e+01 4265 1.165842e-02
158838 7.343142e-03 -1.392003e-02 1.148045e-01 2.931550e-01 -3.672478e-01 7.941194e-01 1.656623e+01 -2.047959e+01 3.937446e+01 6531 1.811817e-02
97420 -8.760775e-03 4.886162e-04 9.389106e-02 -3.249413e-02 8.553089e-03 1.213604e-01 -3.203734e+01 1.088613e+01 3.708047e+01 9404 2.567922e-02
159296 -3.718961e-03 -2.140286e-02 1.118629e-01 1.761603e-02 -1.993130e-01 3.698718e-01 3.021990e+00 -2.520005e+01 3.654563e+01 6216 1.740549e-02
98037 -2.389795e-02 8.761648e-03 1.132806e-01 -3.289388e-02 1.055179e-02 1.244104e-01 -2.923514e+01 5.817629e+00 3.617007e+01 6772 1.812798e-02
98695 2.619800e-03 1.152793e-02 1.015511e-01 1.986460e-02 1.134456e-01 2.944619e-01 3.962743e+00 2.342001e+01 4.432965e+01 4225 1.135546e-02
47314 -1.200051e-02 -7.515401e-03 1.350690e-01 -8.525502e-02 -6.676813e-02 4.076247e-01 -1.608640e+01 -1.301166e+01 5.985214e+01 13082 3.310069e-02
221855 -1.283150e-03 -1.006708e-02 9.962385e-02 6.218271e-03 -5.662294e-02 1.817999e-01 3.700816e+00 -2.296828e+01 4.054146e+01 8813 2.218046e-02
346867 -1.036377e-02 -9.753003e-03 9.937265e-02 -6.335647e-02 -4.241926e-02 1.745712e-01 -2.945648e+01 -1.815784e+01 4.179980e+01 7665 1.931579e-02
99529 -1.243733e-03 -1.126337e-02 9.730536e-02 -1.003465e-02 -7.914655e-02 1.551951e-01 -3.531186e+00 -2.726770e+01 2.325348e+01 12939 3.236427e-02
222535 7.642793e-03 -1.172947e-03 9.150937e-02 4.164739e-02 1.214722e-03 1.544478e-01 1.146371e+01 8.049366e-01 2.121796e+01 4843 1.348853e-02
284493 -2.079842e-02 -9.502239e-03 1.036081e-01 -1.715426e-01 -6.121176e-02 2.091469e-01 -3.725733e+01 -1.278032e+01 2.608453e+01 5733 1.465035e-02
410981 -1.433728e-02 9.684224e-04 9.085642e-02 -5.951812e-02 -6.835216e-03 1.017027e-01 -1.899641e+01 -3.281061e+00 4.560345e+00 5846 1.586683e-02
48797 -1.099368e-03 -1.123532e-02 8.968202e-02 4.235302e-03 -3.490942e-02 1.001800e-01 5.365882e+00 -2.381261e+01 1.055941e+01 5284 1.409025e-02
284815 -1.027780e-02 1.055253e-02 1.477411e-01 -7.562194e-02 7.807866e-02 4.682797e-01 -1.125966e+01 1.163564e+01 5.523305e+01 2240 6.818751e-03
785889 -6.782365e-04 -9.199131e-04 1.689591e-01 -5.451896e-01 -2.534396e-01 4.664378e+00 -5.699234e+00 -2.643047e+00 4.705218e+01 7184 2.015561e-02
537640 -1.349606e-02 -1.443537e-02 9.902585e-02 -2.338616e-02 -2.256543e-02 1.143539e-01 -1.599823e+01 -1.315117e+01 2.479459e+01 2330 6.984250e-03
100203 3.736309e-03 1.476833e-02 1.182559e-01 4.515222e-02 8.843380e-02 2.897485e-01 6.086900e+00 1.082662e+01 2.520428e+01 4430 1.276260e-02
849183 8.469794e-03 -1.021334e-02 1.428313e-01 8.110927e-02 -1.058546e-01 5.334128e-01 4.526762e+00 -5.960192e+00 2.434034e+01 5481 1.662178e-02
537957 1.213984e-02 9.908338e-03 1.366962e-01 2.162257e-01 2.908012e-01 1.187004e+00 7.906847e+00 1.088256e+01 4.069182e+01 5193 1.488883e-02
100606 -2.096222e-02 6.918485e-03 2.104980e-01 -5.911213e-02 4.561584e-03 4.766707e-01 -5.300440e+00 -3.274611e-01 3.698128e+01 5314 1.758700e-02
223485 -9.076272e-03 1.147959e-02 1.127900e-01 -5.380125e-02 5.218478e-02 2.733738e-01 -9.730888e+00 8.856297e+00 3.493848e+01 4266 1.162695e-02
412532 -7.010623e-03 -2.036595e-02 1.348576e-01 -2.472347e-02 -4.343232e-02 1.905062e-01 -1.265793e+01 -1.648367e+01 3.976759e+01 2860 8.432233e-03
473970 1.203857e-02 -1.249250e-02 1.037106e-01 1.246380e-01 -1.973911e-01 2.753923e-01 1.358583e+01 -2.230919e+01 2.071448e+01 4072 1.177153e-02
224314 9.695982e-05 1.258427e-02 1.060060e-01 3.612939e-03 6.065451e-02 1.798967e-01 2.073710e+00 2.835163e+01 4.358045e+01 14060 3.497331e-02
913867 9.020125e-03 -1.881439e-02 1.172492e-01 4.042451e-02 -8.426382e-02 2.234344e-01 1.132767e+01 -2.360784e+01 3.830137e+01 10051 2.698752e-02
851083 2.538240e-02 -1.235094e-02 6.578859e-02 4.701089e-02 -2.978853e-02 6.898117e-02 4.821586e+01 -3.887319e+01 7.117145e+00 4516 1.157722e-02
914233 -2.080235e-02 8.863309e-03 1.129278e-01 -3.468091e-01 1.122014e-01 5.835592e-01 -3.814246e+01 1.209045e+01 5.506340e+01 4334 1.202458e-02
475471 -8.725508e-03 1.421928e-02 1.005688e-01 -1.964054e-02 3.200225e-02 1.201547e-01 -1.987317e+01 3.237773e+01 3.566041e+01 3080 9.074842e-03
414285 9.736044e-03 -5.529349e-03 9.829928e-02 2.935190e-02 -1.146081e-02 1.269985e-01 2.610690e+01 -7.894236e+00 3.819604e+01 5707 1.554317e-02
475718 1.139539e-02 1.057305e-02 9.984567e-02 9.391002e-02 6.900579e-02 1.936184e-01 2.517608e+01 1.782845e+01 2.861105e+01 3285 9.007887e-03
350951 -8.359772e-03 2.481273e-02 1.882182e-01 -2.474453e-02 5.856099e-02 3.811960e-01 -4.160476e+00 8.569477e+00 4.900160e+01 3858 1.279207e-02
103804 6.163129e-03 3.147864e-03 8.906127e-02 3.302321e-02 3.596223e-02 1.194627e-01 2.500693e+01 3.055041e+01 2.830394e+01 6247 1.573390e-02
789127 -2.260131e-02 9.897364e-04 1.031681e-01 -5.150581e-02 6.792386e-03 1.271256e-01 -2.400098e+01 4.818256e+00 1.989320e+01 3267 9.952992e-03
976249 -1.120212e-02 1.236056e-02 1.117618e-01 -4.491709e-02 5.185434e-02 2.224186e-01 -9.486066e+00 1.111200e+01 3.113447e+01 8175 2.147356e-02
54298 4.989201e-03 3.911725e-03 1.005671e-01 2.330620e-02 2.124189e-02 1.429075e-01 1.299355e+01 1.229352e+01 3.003504e+01 3311 9.359288e-03
728417 1.271665e-02 -2.203171e-02 1.763982e-01 2.204900e-02 -3.599831e-02 2.106646e-01 9.098726e+00 -1.361697e+01 3.340852e+01 1818 7.947255e-03
542508 8.214737e-03 1.073554e-02 1.114247e-01 3.633663e-02 5.142079e-02 2.680678e-01 7.443464e+00 1.076881e+01 4.146120e+01 7272 1.910617e-02
542691 -4.076039e-03 6.941418e-03 9.910126e-02 -1.809853e-02 3.588553e-02 1.580862e-01 -1.084094e+01 2.237700e+01 4.560187e+01 6929 1.777211e-02
289948 -2.572051e-02 1.066361e-02 1.401399e-01 -4.981292e-01 6.126467e-02 9.956466e-01 -2.075946e+01 2.223606e+00 3.759427e+01 2161 7.267617e-03
542942 1.008414e-02 -7.704563e-03 1.096426e-01 4.204174e-02 -2.422471e-02 1.587872e-01 1.785958e+01 -9.232324e+00 2.746457e+01 6366 1.647479e-02
977689 1.662149e-02 -8.981266e-03 1.312167e-01 1.516997e-01 -1.137894e-01 6.469916e-01 1.395476e+01 -1.082760e+01 5.328410e+01 5960 1.678381e-02
167171 9.912769e-03 1.171643e-02 1.179835e-01 4.862612e-02 5.640436e-02 2.140362e-01 1.295234e+01 1.495126e+01 3.213640e+01 2706 8.266854e-03
352705 1.734130e-02 -4.522492e-04 1.181054e-01 4.793167e-02 -6.820639e-03 1.737735e-01 1.799895e+01 -3.747073e+00 3.275431e+01 1757 5.880991e-03
543254 3.281528e-03 -2.734162e-02 1.193676e-01 9.100076e-03 -8.653527e-02 2.007455e-01 2.899300e+00 -2.949536e+01 4.054948e+01 2567 8.722361e-03
729584 -5.908477e-03 -2.320109e-02 1.388804e-01 -1.052358e-02 -3.216085e-01 1.078002e+00 -1.815536e-01 -1.173907e+01 3.694415e+01 3434 1.073495e-02
667075 -5.896602e-03 1.341859e-02 1.568713e-01 -1.138476e-01 1.836164e-01 1.084137e+00 -6.776191e+00 1.068349e+01 5.820540e+01 2633 8.021258e-03
791276 -5.739231e-03 -1.007526e-02 9.621506e-02 -1.561241e-02 -3.318485e-02 1.207045e-01 -9.684460e+00 -2.266786e+01 2.402131e+01 2041 5.999189e-03
978510 2.624502e-04 8.773184e-03 9.498341e-02 -7.713585e-03 3.172040e-02 1.194429e-01 -9.078145e+00 2.611801e+01 2.783919e+01 3917 1.089676e-02
854652 -1.402171e-03 -9.788606e-03 9.473986e-02 -1.203443e-02 -6.125958e-02 1.349922e-01 -2.865253e+00 -1.387075e+01 1.084748e+01 24207 6.049947e-02
353587 -5.052611e-03 -6.351534e-03 9.779171e-02 -1.856648e-02 -3.684236e-02 1.678590e-01 -4.903415e+00 -1.106339e+01 2.542343e+01 5464 1.446298e-02
478845 3.544386e-03 1.299871e-02 1.068246e-01 1.020193e-02 5.168592e-02 1.743213e-01 2.298951e+00 1.335929e+01 2.330765e+01 3737 1.164469e-02
854975 3.923951e-03 -5.345359e-03 9.351374e-02 9.780703e-03 -2.953721e-02 1.475557e-01 3.994113e+00 -1.649805e+01 3.685484e+01 7140 1.810230e-02
168405 -1.059210e-02 5.559994e-03 1.372251e-01 -2.398674e-01 1.325911e-01 9.828925e-01 -1.305813e+01 7.234924e+00 4.816411e+01 4444 1.267093e-02
855513 -1.612895e-03 3.000278e-04 1.185662e-01 -5.466498e-02 2.121396e-02 7.764565e-01 -3.230298e+00 1.273432e+00 4.005840e+01 8414 2.230280e-02
354814 1.896664e-02 9.684334e-03 1.348474e-01 9.796219e-02 6.301739e-02 4.276357e-01 1.528037e+01 1.031639e+01 5.663503e+01 6889 1.835048e-02
545306 -2.780685e-02 1.123042e-02 1.442919e-01 -1.144272e+00 5.732142e-01 2.399786e+00 -2.049012e+01 1.031390e+01 4.139433e+01 4653 1.388573e-02
108084 1.425639e-03 1.596930e-02 1.100333e-01 7.331810e-03 1.104360e-01 2.657460e-01 1.633183e+00 2.612207e+01 4.305789e+01 3266 9.203731e-03
355411 -1.081383e-03 3.671443e-03 1.219057e-01 -4.847320e-02 7.436963e-03 4.191574e-01 -6.135514e+00 4.874977e-01 3.848326e+01 2583 7.683703e-03
920242 3.172788e-03 8.609712e-03 8.954927e-02 1.980297e-02 7.828299e-02 1.160466e-01 5.531701e+00 2.317544e+01 8.813826e+00 4430 1.146628e-02
60634 -2.951957e-02 -3.117500e-03 1.953218e-01 -3.384657e-01 3.879555e-02 1.428513e+00 -1.568523e+01 2.127929e+00 6.260923e+01 3427 1.110644e-02
921126 -4.739054e-03 3.779393e-03 9.864172e-02 -4.366993e-02 4.147722e-02 2.315152e-01 -1.048779e+01 1.015561e+01 3.579547e+01 2452 7.098199e-03
609403 3.163713e-03 1.106107e-02 9.433833e-02 2.239599e-02 8.082847e-02 1.498384e-01 8.842468e+00 3.207712e+01 2.551740e+01 17170 4.221713e-02
110065 -1.468453e-03 -5.744708e-03 8.803043e-02 3.994592e-03 -5.406216e-02 1.293061e-01 3.815177e+00 -3.374302e+01 2.882531e+01 5061 1.294196e-02
733586 -3.151305e-03 -8.600386e-03 8.984796e-02 -1.190715e-02 -3.465128e-02 9.785663e-02 -6.376993e+00 -1.897319e+01 5.832818e+00 2352 6.476075e-03
110159 4.052859e-03 -6.318808e-03 9.215187e-02 3.191201e-03 -3.701116e-02 1.348910e-01 -7.401257e-01 -2.636339e+01 3.671100e+01 4409 1.250629e-02
482586 1.867803e-04 -6.350284e-03 8.686454e-02 2.187016e-03 -1.277186e-01 9.123416e-02 9.315016e-01 -5.652072e+01 2.034916e+00 3239 8.336974e-03
357537 -4.875180e-03 -2.452253e-02 1.095428e-01 -9.884405e-03 -4.271464e-02 1.288775e-01 -6.777812e+00 -2.461512e+01 2.616117e+01 10435 2.758261e-02
671807 2.748614e-02 4.694888e-03 1.226469e-01 8.609980e-02 3.488132e-02 1.805054e-01 1.321702e+01 6.806853e+00 1.304673e+01 5377 1.607992e-02
422322 -7.895968e-03 1.670091e-02 1.427011e-01 -3.190332e-02 5.172071e-02 2.556770e-01 -1.271593e+01 1.854887e+01 5.983971e+01 2222 7.108044e-03
611113 9.815743e-03 -2.534638e-02 1.531846e-01 3.273079e-01 -4.761418e-01 1.475177e+00 9.339454e+00 -1.326075e+01 3.888817e+01 7544 2.079472e-02
923152 7.408259e-03 1.008976e-02 9.334677e-02 8.483987e-02 1.057573e-01 1.688182e-01 1.383678e+01 1.709549e+01 1.348651e+01 10005 2.510199e-02
296261 5.638674e-03 -4.441599e-03 1.270345e-01 5.277302e-02 -2.854652e-02 4.055378e-01 8.245976e+00 -4.217065e+00 4.872310e+01 1886 6.364442e-03
860457 1.185202e-02 -7.628535e-03 2.225443e-01 1.463370e-01 -1.025490e-01 1.253377e+00 6.256548e+00 -4.415914e+00 4.795667e+01 3574 1.316013e-02
797238 -7.570354e-03 -1.392908e-02 9.973936e-02 -4.752435e-02 -8.094685e-02 1.540344e-01 -1.530474e+01 -2.567176e+01 2.079822e+01 5156 1.375803e-02
423430 7.553772e-03 1.952844e-02 9.873265e-02 2.197716e-02 5.057518e-02 1.208821e-01 1.053126e+01 2.266883e+01 1.617249e+01 8552 2.341335e-02
297064 -1.390922e-02 1.666997e-02 1.169175e-01 -3.187374e-02 3.619012e-02 1.509991e-01 -1.678994e+01 1.824386e+01 3.185319e+01 7914 2.087896e-02
860966 6.823950e-03 5.224716e-03 9.169207e-02 3.393339e-02 3.151380e-02 1.168820e-01 1.561421e+01 1.514171e+01 1.450862e+01 2788 9.312661e-03
860986 -5.457026e-04 1.473012e-02 1.025068e-01 -1.334136e-02 5.341632e-02 1.448522e-01 -1.014563e+01 3.067415e+01 3.357551e+01 4792 1.319960e-02
612409 2.161238e-03 -4.230939e-03 1.105394e-01 -6.125808e-04 -1.338844e-02 4.270538e-01 -6.582709e-01 -2.173219e+00 7.511385e+01 6443 1.643842e-02
612564 -4.496512e-03 -1.386154e-02 1.085076e-01 -9.231958e-02 -1.514653e-01 3.711831e-01 -1.114147e+01 -1.745678e+01 3.332373e+01 5306 1.518690e-02
924713 6.763610e-03 -5.136908e-03 9.965944e-02 2.692771e-02 -2.177277e-02 1.389612e-01 1.319488e+01 -1.088609e+01 2.571806e+01 2128 6.020277e-03
861634 -1.130651e-02 -1.420536e-02 1.086445e-01 -2.182595e-02 -2.606311e-02 1.268263e-01 -2.028834e+01 -2.286949e+01 3.506643e+01 3854 1.117626e-02
424347 9.302520e-03 -1.186886e-02 9.073449e-02 5.404327e-02 -7.769867e-02 1.368133e-01 1.003692e+01 -1.476794e+01 1.033708e+01 3804 1.087492e-02
175098 1.495868e-02 5.242803e-03 1.030141e-01 1.300723e-01 -4.702621e-03 2.300892e-01 2.417211e+01 -2.088388e+00 2.668384e+01 3221 9.880378e-03
485971 1.021071e-02 -7.334993e-03 8.777427e-02 2.235777e-01 -2.868423e-01 1.495525e-01 2.840886e+01 -3.721513e+01 8.225492e+00 2659 8.382417e-03
862244 4.607280e-03 -1.380158e-02 1.654372e-01 3.058222e-02 -4.236524e-02 5.548971e-01 3.094285e+00 -3.402667e+00 4.639471e+01 6239 1.815735e-02
737554 9.573001e-03 -8.442843e-03 1.174969e-01 3.336444e-02 -2.625560e-02 1.927394e-01 1.419181e+01 -1.062547e+01 4.488287e+01 2223 7.208483e-03
614463 7.163639e-03 2.711972e-03 9.600262e-02 3.431753e-02 2.577059e-03 1.291377e-01 2.384334e+01 -1.184647e-01 2.909531e+01 2563 7.073572e-03
738294 -2.195727e-02 -1.813880e-02 1.235009e-01 -3.055077e-01 -2.300509e-01 5.205082e-01 -2.720797e+01 -2.033394e+01 3.809467e+01 6594 1.777033e-02
487382 -1.175064e-02 -7.116492e-03 9.877148e-02 -8.222995e-02 -4.643715e-02 1.924297e-01 -2.838668e+01 -1.583703e+01 3.772238e+01 4479 1.201710e-02
426122 2.242529e-02 -1.777039e-02 1.183817e-01 6.757244e-02 -5.269893e-02 1.711287e-01 2.386446e+01 -1.846298e+01 2.788169e+01 8224 2.183884e-02
426223 -6.731488e-03 2.969877e-03 9.973946e-02 -8.963555e-02 5.143869e-03 3.018165e-01 -1.477797e+01 3.875227e-01 3.602104e+01 2998 8.547289e-03
800527 1.215197e-02 2.441525e-02 1.849920e-01 1.018296e-01 1.235808e-01 9.161136e-01 6.402326e+00 7.079691e+00 5.219673e+01 5424 1.635518e-02
800587 1.457067e-02 5.228293e-03 9.424009e-02 3.051897e-02 1.410025e-02 1.064346e-01 4.172791e+01 2.321302e+01 3.190632e+01 5227 1.444081e-02
488320 -6.938118e-04 -4.218324e-03 1.056120e-01 -3.320672e-02 -2.031530e-02 2.613563e-01 -9.756529e+00 -4.830409e+00 4.673602e+01 8505 2.180574e-02
676904 -5.444530e-03 -7.912836e-03 1.264827e-01 -2.882717e-02 -6.660841e-02 7.858683e-01 -1.948844e+00 -4.892026e+00 5.495699e+01 5049 1.554840e-02
864861 -8.221497e-03 5.528983e-03 1.139039e-01 -4.904685e-02 2.824492e-02 2.513878e-01 -1.445099e+01 8.040781e+00 4.866532e+01 4446 1.214455e-02
677568 1.288384e-02 -1.015684e-02 1.022697e-01 6.237368e-02 -3.970162e-02 1.733460e-01 1.201958e+01 -7.175533e+00 1.726227e+01 9830 2.619278e-02
239913 -1.352198e-03 8.717845e-03 1.050962e-01 2.829783e-03 4.004583e-02 2.366128e-01 1.808262e+00 1.354602e+01 5.686694e+01 5482 1.516899e-02
802127 -1.037410e-02 -1.028955e-03 9.515543e-02 -3.287704e-02 2.571538e-03 1.242659e-01 -2.722795e+01 4.356498e+00 3.522282e+01 4376 1.277923e-02
865396 -4.703229e-04 2.620149e-03 1.281414e-01 -5.530431e-02 -7.038318e-03 7.957634e-01 -3.371177e+00 -5.937996e-01 4.104519e+01 1884 7.055913e-03
802242 -1.439077e-02 4.197406e-03 2.917904e-01 -1.400205e+00 7.762377e-01 8.358540e+00 -8.579167e+00 4.779474e+00 4.993887e+01 5248 1.840005e-02
678123 1.177579e-02 7.498846e-03 1.165629e-01 3.360992e-02 2.584326e-02 2.466806e-01 5.828108e+00 4.896611e+00 3.473188e+01 2591 8.350863e-03
554857 1.016724e-02 2.095597e-02 1.770997e-01 1.118704e-01 2.961067e-01 1.146746e+00 4.041655e+00 1.093441e+01 3.853349e+01 5129 1.519174e-02
929042 -1.779073e-02 2.356754e-02 9.227031e-02 -2.491251e-02 3.341990e-02 9.576424e-02 -2.317939e+01 3.206663e+01 1.137173e+01 8543 2.227914e-02
741167 -7.441805e-03 9.697826e-03 1.007017e-01 -2.582913e-02 3.763942e-02 1.362008e-01 -1.012132e+01 1.538047e+01 1.954047e+01 3042 9.993563e-03
929536 -4.545351e-03 -5.598573e-03 8.909991e-02 -2.158886e-02 -2.358133e-02 1.051902e-01 -2.025402e+01 -2.137020e+01 1.912128e+01 8389 2.140540e-02
302556 4.198691e-03 1.211496e-02 1.179511e-01 1.178425e-03 3.075288e-02 1.694404e-01 -2.013795e+00 1.242704e+01 3.433106e+01 2627 8.648708e-03
741576 1.565360e-02 2.140688e-02 1.319135e-01 1.081812e-01 1.274130e-01 3.500462e-01 1.477936e+01 1.693227e+01 3.484215e+01 2879 9.016683e-03
118212 -8.425454e-03 -6.613818e-03 1.019948e-01 -4.281579e-02 -4.058320e-02 1.898754e-01 -1.640312e+01 -1.620234e+01 4.191636e+01 10586 2.651861e-02
990568 1.293296e-02 3.359085e-03 1.034320e-01 1.060385e-01 2.687897e-02 2.866497e-01 2.517007e+01 6.358349e+00 4.953092e+01 7867 2.073732e-02
741906 -1.054061e-02 -2.802582e-02 1.529170e-01 -2.085435e-01 -6.031277e-01 1.875057e+00 -4.996764e+00 -1.451316e+01 4.345961e+01 5086 1.506602e-02
118649 -1.738124e-02 2.070233e-02 1.057312e-01 -1.906676e-01 3.094120e-01 3.503916e-01 -1.320956e+01 2.200824e+01 1.865038e+01 4703 1.369001e-02
866975 -3.897722e-03 2.145553e-03 1.454046e-01 -8.160687e-02 2.383723e-02 5.120247e-01 -9.896293e+00 2.762444e+00 4.668923e+01 2638 8.976191e-03
618575 2.594054e-02 7.537455e-04 1.154888e-01 3.520721e-01 4.322285e-02 5.942688e-01 1.871989e+01 2.437718e+00 2.748188e+01 3085 9.727806e-03
991595 1.189519e-03 1.060242e-02 1.146211e-01 -5.128348e-03 3.373764e-02 1.621778e-01 -6.421577e+00 2.351499e+01 4.833733e+01 4806 1.378025e-02
556753 -3.247224e-03 -1.167930e-02 1.191269e-01 -4.054766e-03 -3.923703e-02 1.927433e-01 -2.990421e-01 -1.020494e+01 2.726099e+01 5482 1.487831e-02
930896 8.748581e-04 -9.291606e-03 1.017182e-01 7.792218e-03 -4.324118e-02 1.790678e-01 4.590511e+00 -2.252968e+01 5.133090e+01 2056 6.371229e-03
680310 -4.040110e-03 -5.843306e-03 1.090423e-01 6.148669e-03 -9.336907e-02 3.423178e-01 1.863298e+00 -1.600649e+01 4.266082e+01 2684 8.013766e-03
804657 -8.762076e-04 -2.637486e-02 6.487556e-02 -4.960773e-03 -3.669738e-02 6.592839e-02 -1.507154e+01 -3.808885e+01 3.884806e+00 7288 1.866679e-02
305253 -1.104922e-02 1.511153e-02 1.413147e-01 -9.976382e-02 1.385927e-01 5.498628e-01 -6.838134e+00 9.517945e+00 3.149095e+01 5525 1.535970e-02
493579 -1.708622e-02 -9.413070e-03 1.319071e-01 -1.219105e-01 -5.770972e-02 4.260897e-01 -1.524293e+01 -7.023017e+00 4.277832e+01 3897 1.144820e-02
807099 -1.607072e-04 3.988457e-03 1.269614e-01 1.612792e-02 1.381921e-02 8.892709e-01 8.760150e-01 5.287057e-01 4.099759e+01 2442 7.777677e-03
994458 -1.286491e-02 -2.475125e-03 9.518937e-02 -1.907911e-01 -9.198419e-03 3.146777e-01 -3.227889e+01 -1.219722e+00 3.981899e+01 2385 7.266260e-03
307261 2.556611e-02 1.411535e-02 1.175758e-01 9.297253e-02 4.738360e-02 1.894903e-01 2.837598e+01 1.400488e+01 3.027375e+01 4994 1.375348e-02
123023 -1.079109e-02 6.755403e-03 1.144721e-01 -6.227271e-02 6.915251e-02 2.758747e-01 -1.481771e+01 1.795946e+01 4.645576e+01 5627 1.481051e-02
683821 -6.049318e-03 1.229077e-02 1.026042e-01 -4.155510e-02 7.026026e-02 2.376467e-01 -9.400132e+00 1.534738e+01 3.575240e+01 8494 2.218142e-02
995569 1.001411e-02 -3.125116e-03 1.524360e-01 1.371529e-01 -3.166320e-02 7.736083e-01 9.179960e+00 -2.060571e+00 4.485128e+01 2447 8.981164e-03
495585 -1.271108e-02 -3.633354e-03 1.030467e-01 -4.775154e-02 -9.101538e-03 1.662575e-01 -2.908568e+01 -4.538920e+00 5.246876e+01 6959 1.729679e-02
560668 1.441158e-02 -5.367108e-03 1.520988e-01 1.078376e-01 -8.820521e-02 5.264476e-01 9.239513e+00 -8.192406e+00 3.702182e+01 3030 1.029702e-02
995655 5.460717e-03 -1.273971e-03 1.352732e-01 3.428830e-02 -1.007715e-02 7.434656e-01 2.893561e+00 -8.836168e-01 6.104713e+01 3105 9.453399e-03
995847 -1.244750e-02 4.183241e-03 1.137655e-01 -3.582827e-02 7.738067e-03 1.655178e-01 -1.753049e+01 2.665346e+00 3.880299e+01 3351 9.302372e-03
871863 4.452640e-03 -1.400494e-02 1.158723e-01 8.958430e-02 -2.248239e-01 7.287261e-01 7.072319e+00 -1.751380e+01 5.091287e+01 6313 1.632334e-02
747285 -2.366584e-03 -6.926791e-03 1.154634e-01 -1.237149e-02 -2.923994e-02 2.338026e-01 -3.310292e+00 -7.382683e+00 3.915452e+01 5702 1.578430e-02
935358 -7.035708e-03 3.942778e-03 9.171482e-02 -3.817255e-02 2.248848e-02 1.323288e-01 -2.987641e+01 1.779497e+01 3.896987e+01 7908 2.057509e-02
246588 2.309335e-02 -9.138567e-03 1.463991e-01 6.760857e-01 -5.939177e-02 1.629899e+00 1.724679e+01 -1.327284e+00 3.918207e+01 7570 2.042721e-02
935410 -2.560775e-02 -8.124441e-03 1.421884e-01 -5.670406e-01 -3.223201e-01 1.008515e+00 -1.438116e+01 -8.345441e+00 2.301075e+01 2306 9.670482e-03
996202 7.171669e-03 1.184587e-02 1.033511e-01 2.351984e-02 4.329995e-02 1.482403e-01 1.425405e+01 2.742497e+01 3.913912e+01 5184 1.363433e-02
496164 4.315557e-03 -5.560232e-03 1.188314e-01 4.554936e-02 -2.728677e-02 2.849966e-01 9.728646e+00 -5.126130e+00 3.920478e+01 3532 9.723988e-03
124013 9.607844e-03 -2.140022e-02 9.541233e-02 4.760501e-02 -1.048556e-01 1.387997e-01 1.387743e+01 -3.047980e+01 1.584605e+01 3148 9.489239e-03
434814 2.835368e-03 1.296759e-02 9.673334e-02 1.551434e-02 4.476640e-02 1.274970e-01 5.866581e+00 1.471337e+01 1.423439e+01 2715 7.700501e-03
561772 -1.517673e-02 6.646036e-03 9.536731e-02 -1.116231e-01 3.741735e-02 1.657361e-01 -3.764300e+01 1.201003e+01 2.746490e+01 1805 5.176716e-03
435227 -8.719198e-03 -6.116007e-03 2.180580e-01 -1.868293e-02 1.136180e-03 9.899543e-01 -5.093059e-01 3.707027e-01 3.945624e+01 5114 1.640553e-02
247297 4.419331e-03 1.304247e-02 1.044187e-01 1.595107e-02 5.983887e-02 1.787412e-01 6.423897e+00 2.606851e+01 4.140229e+01 11820 2.996952e-02
624498 -1.243636e-02 5.592575e-03 1.008073e-01 -2.740685e-02 1.431888e-02 1.260768e-01 -1.654540e+01 9.644315e+00 2.792785e+01 3634 9.891300e-03
685547 4.360767e-03 7.001539e-05 2.055796e-01 1.294752e-01 -8.830788e-02 2.516068e+00 1.755772e+00 -1.240236e+00 3.242383e+01 3956 1.493836e-02
435638 8.014032e-03 -1.040525e-03 8.848581e-02 4.010331e-02 -5.177444e-03 1.055117e-01 3.234752e+01 -4.170211e+00 1.716288e+01 2320 5.911595e-03
562276 -5.343617e-03 2.939733e-03 1.003010e-01 -4.252919e-02 2.669813e-02 3.167292e-01 -1.096830e+01 7.007805e+00 6.383790e+01 2709 8.339697e-03
809929 8.380621e-03 -1.032777e-03 9.228717e-02 4.074378e-02 -8.850370e-03 1.251734e-01 2.677370e+01 -6.467413e+00 2.720646e+01 3977 1.017306e-02
372028 6.329503e-03 2.494568e-02 8.999575e-02 4.658164e-02 1.152588e-01 7.951201e-02 1.517695e+01 3.405230e+01 -1.007561e+00 6467 1.716571e-02
248187 1.746060e-03 -1.093636e-02 9.451537e-02 -2.123859e-02 -1.371789e-01 2.030038e-01 -5.035592e+00 -2.765785e+01 2.376818e+01 4029 1.111643e-02
372742 1.974884e-02 2.181848e-02 1.109255e-01 1.457536e-01 1.552099e-01 3.028191e-01 1.847341e+01 1.955635e+01 2.813329e+01 6226 1.626277e-02
749472 -8.863997e-03 6.940012e-03 9.028794e-02 -3.327379e-02 2.232079e-02 1.014250e-01 -2.398955e+01 1.511598e+01 1.094535e+01 3115 9.865743e-03
998506 3.007189e-03 -2.371406e-03 1.085234e-01 3.312829e-02 6.940855e-03 2.481370e-01 1.107213e+01 3.423066e+00 5.132012e+01 4234 1.152353e-02
374299 -9.077589e-03 2.124784e-02 1.659004e-01 -6.771302e-01 1.715591e+00 4.537030e+00 -6.923373e+00 1.755935e+01 4.530026e+01 5083 1.540767e-02
