/n/home03/calmiller/DSMC_Simulations/7_8_20_opaque_mesh/flow_4.00000_gap_0.00200_len_0.02000_T1_1.99000_T2_1.99000/data
running....
idx x y z xnext ynext znext vx vy vz collides time
812534 6.320391e-03 -2.983555e-03 9.404451e-02 4.310947e-02 -1.421950e-02 1.368596e-01 1.349799e+01 -4.122492e+00 1.570893e+01 2724 9.933010e-03
812551 -1.164296e-02 2.186520e-02 6.594292e-02 -1.762141e-02 3.369997e-02 6.586441e-02 -1.968467e+01 3.896724e+01 -2.585114e-01 1414 5.096420e-03
125278 -1.644607e-03 2.760875e-02 6.620404e-02 -1.788812e-03 4.057706e-02 6.758255e-02 -4.763105e-01 4.283422e+01 4.553187e+00 1412 5.440218e-03
187971 2.581580e-02 -1.508337e-02 6.640528e-02 4.446672e-02 -1.579357e-02 6.683726e-02 4.296952e+01 -1.636215e+00 9.952163e-01 3479 1.221070e-02
636 -1.657143e-03 8.385849e-03 1.158077e-01 -2.540009e-02 1.525729e-01 6.831293e-01 -1.580533e+00 9.598322e+00 3.776576e+01 3136 1.205144e-02
313526 6.502378e-03 -4.187904e-03 9.376846e-02 3.294969e-02 -1.686857e-02 1.101280e-01 2.299442e+01 -1.102511e+01 1.422370e+01 3352 1.168141e-02
938540 1.292116e-02 1.057642e-02 1.161850e-01 3.603926e-01 3.789466e-01 1.197272e+00 1.368006e+01 1.450285e+01 4.256272e+01 1497 6.192535e-03
563661 9.174757e-03 1.931237e-02 1.718013e-01 2.126135e-01 4.343377e-01 2.197272e+00 3.160662e+00 6.447910e+00 3.146808e+01 3982 1.614421e-02
563697 8.406150e-03 6.383136e-03 9.297903e-02 9.628172e-02 5.185077e-02 1.673496e-01 3.244415e+01 1.678691e+01 2.745802e+01 1328 5.361714e-03
313755 9.819508e-03 4.941239e-03 1.059692e-01 3.993052e-02 1.798163e-02 1.685888e-01 1.892030e+01 8.193951e+00 3.934709e+01 2434 9.019979e-03
876316 -6.561050e-03 3.233212e-03 1.014158e-01 -4.014315e-02 7.611956e-02 2.012995e-01 -6.946988e+00 1.507769e+01 2.066251e+01 4071 1.427782e-02
564178 -9.814557e-03 2.084643e-02 6.716811e-02 -1.487851e-02 2.699120e-02 6.960174e-02 -2.926634e+01 3.551274e+01 1.406478e+01 1547 6.026261e-03
64355 1.039933e-03 -2.649174e-02 6.541834e-02 1.994319e-03 -4.985800e-02 6.537896e-02 1.324949e+00 -3.243878e+01 -5.467156e-02 1950 7.392026e-03
751776 -1.019140e-02 2.222570e-02 6.690735e-02 -2.002009e-02 3.427946e-02 6.745888e-02 -1.741793e+01 2.136106e+01 9.773892e-01 1587 6.639880e-03
127288 3.486331e-04 -6.836990e-03 1.044859e-01 2.499453e-02 -3.262001e-02 2.250880e-01 9.950184e+00 -1.040927e+01 4.869018e+01 3186 1.113355e-02
315048 -1.694834e-03 7.024705e-03 1.150993e-01 -3.245248e-03 2.709163e-02 7.404283e-01 -7.478431e-02 9.679292e-01 3.016277e+01 9137 3.047510e-02
377953 8.240769e-03 2.206711e-03 9.840005e-02 1.567147e-01 7.553695e-02 5.171099e-01 1.712636e+01 8.458588e+00 4.829786e+01 1649 6.216190e-03
940325 -2.636653e-02 -3.862311e-03 6.636909e-02 -2.993547e-02 -4.375716e-03 6.291610e-02 -3.086356e+01 -4.439830e+00 -7.738121e+00 4837 1.662796e-02
128030 -4.377539e-03 1.601630e-02 1.137644e-01 -9.902908e-02 3.716132e-01 6.113414e-01 -5.209557e+00 1.957182e+01 2.738630e+01 1753 7.464256e-03
190762 1.107775e-02 1.640083e-03 8.958212e-02 8.014605e-02 -8.199602e-02 2.021109e-01 1.164156e+01 -1.409699e+01 1.896688e+01 1468 5.319261e-03
753564 -2.006020e-02 -1.135779e-02 6.700277e-02 -2.989893e-02 -1.672992e-02 7.200662e-02 -3.082193e+01 -1.682935e+01 1.567562e+01 1774 7.162283e-03
441340 -4.707176e-03 -1.895356e-03 8.911660e-02 -2.443877e-02 -2.522322e-02 1.207579e-01 -2.682469e+01 -3.171374e+01 4.301569e+01 3341 1.162655e-02
441432 8.840192e-03 9.789066e-04 1.067083e-01 3.656215e-02 8.974728e-03 1.515655e-01 1.312563e+01 3.785814e+00 2.123872e+01 1825 7.087694e-03
941286 6.198313e-03 3.174047e-03 9.312576e-02 8.445264e-02 4.458458e-02 1.813823e-01 1.316630e+01 6.967325e+00 1.484917e+01 2111 7.437093e-03
691380 2.164150e-02 1.854506e-02 1.007361e-01 3.544322e-01 4.163564e-01 3.236413e-01 2.045070e+01 2.444635e+01 1.369800e+01 1568 6.427086e-03
941385 -6.919440e-03 4.251944e-03 1.063075e-01 -2.446231e-02 1.970581e-02 1.452407e-01 -8.867876e+00 7.811890e+00 1.968063e+01 6430 2.256918e-02
878925 -5.088968e-05 2.604187e-02 6.874384e-02 3.627883e-03 3.992921e-02 7.535606e-02 6.264604e+00 2.364883e+01 1.125999e+01 2615 9.686059e-03
753962 2.373698e-02 7.893708e-03 6.643327e-02 3.146146e-02 1.229807e-02 6.684535e-02 2.989710e+01 1.704678e+01 1.594945e+00 2616 9.029088e-03
441801 -2.214096e-02 -1.422469e-02 2.267184e-01 -2.604544e+00 -1.606458e+00 1.045380e+01 -1.198531e+01 -7.389783e+00 4.746535e+01 2252 1.200256e-02
629075 -3.923620e-04 -1.045799e-02 9.021368e-02 -1.667767e-02 -1.922819e-01 1.639930e-01 -2.229483e+00 -2.489197e+01 1.010050e+01 1886 8.086514e-03
879226 -8.264588e-03 1.165317e-02 1.078920e-01 -8.947104e-02 1.512208e-01 3.352073e-01 -1.707889e+01 2.935308e+01 4.780769e+01 1213 5.148043e-03
692021 -8.635410e-03 -6.283657e-03 9.556953e-02 -1.642996e-01 -6.810604e-02 2.237897e-01 -2.744264e+01 -1.089890e+01 2.260442e+01 3513 1.312469e-02
567207 5.313994e-03 1.245769e-02 1.107215e-01 2.726024e-02 3.836575e-02 2.045013e-01 8.405754e+00 9.923193e+00 3.591914e+01 3906 1.351083e-02
505018 -3.150963e-03 -7.837053e-03 9.244135e-02 -2.246977e-02 -5.588280e-02 1.403317e-01 -8.661922e+00 -2.154215e+01 2.147245e+01 1617 5.841868e-03
6416 -5.316611e-03 -2.171602e-02 1.592893e-01 -4.003959e-01 -1.668744e-01 1.264176e+00 -5.465479e+00 -2.008104e+00 1.528487e+01 4041 2.098552e-02
67598 -4.892219e-03 -2.355380e-02 1.283812e-01 -6.968201e-02 -3.078818e-01 5.758476e-01 -3.791872e+00 -1.664051e+01 2.618831e+01 6032 2.340313e-02
6702 1.836865e-02 2.037901e-02 1.477687e-01 2.928232e-01 2.635110e-01 1.141983e+00 8.964420e+00 7.941341e+00 3.247370e+01 1909 8.069384e-03
817791 -7.003281e-03 8.789301e-03 1.045851e-01 -5.047575e-02 4.903614e-02 1.762975e-01 -1.334102e+01 1.235112e+01 2.200741e+01 1090 4.478725e-03
7202 -1.298345e-03 -8.173940e-03 9.340309e-02 -1.634655e-01 -3.429625e-01 5.490860e-01 -1.376293e+01 -2.841310e+01 3.867326e+01 2542 8.959786e-03
755420 -1.271683e-03 8.586262e-03 9.704090e-02 -4.198116e-03 9.960809e-02 2.346551e-01 -6.500663e-01 2.021922e+01 3.056907e+01 2130 7.610126e-03
818150 1.895420e-02 4.742681e-03 1.517657e-01 6.230147e-02 -4.875154e-04 2.763429e-01 1.682750e+01 -2.030373e+00 4.836114e+01 8039 2.729642e-02
443297 4.562895e-03 2.314107e-03 8.901020e-02 3.859117e-02 5.891602e-02 1.626090e-01 1.605230e+01 2.670106e+01 3.471908e+01 5182 1.756313e-02
7388 -2.464555e-02 -5.541950e-03 6.819809e-02 -2.993601e-02 -9.880445e-03 7.248464e-02 -1.582163e+01 -1.297469e+01 1.281932e+01 3363 1.208266e-02
880590 3.358362e-03 -8.717358e-03 1.030710e-01 8.413848e-03 -3.346003e-02 1.561114e-01 2.875274e+00 -1.407223e+01 3.016638e+01 2102 7.486598e-03
568488 -6.946456e-03 8.767344e-03 9.637981e-02 -6.306392e-02 9.569293e-02 1.850940e-01 -1.799531e+01 2.787462e+01 2.844818e+01 2144 8.290507e-03
756017 -1.564543e-02 -2.598802e-03 1.785104e-01 -1.835347e-01 -8.162772e-03 1.825856e+00 -5.277562e+00 -1.749021e-01 5.178392e+01 1694 7.510444e-03
506506 6.123503e-03 -3.786305e-03 1.037874e-01 6.818524e-02 -3.945231e-03 2.011130e-01 2.437020e+01 -6.240646e-02 3.821750e+01 4231 1.649303e-02
568931 3.396801e-03 5.043780e-03 9.584149e-02 3.059008e-02 3.285274e-02 2.137080e-01 1.039692e+01 1.063231e+01 4.506438e+01 5518 1.760044e-02
818940 2.403876e-03 1.115143e-02 1.042600e-01 1.504467e-02 1.147864e-01 2.808001e-01 2.357583e+00 1.932853e+01 3.292576e+01 998 4.084819e-03
381876 1.007842e-03 -1.602879e-02 1.007717e-01 3.936078e-02 -1.399481e-01 2.300631e-01 7.255674e+00 -2.344326e+01 2.445956e+01 6073 2.099270e-02
507139 -2.251608e-02 -6.266112e-03 1.284934e-01 -4.324397e-01 -1.016335e-01 8.901273e-01 -2.014513e+01 -4.686698e+00 3.742944e+01 1727 8.133356e-03
819465 1.565938e-02 -2.748156e-03 1.126002e-01 1.892881e-01 -3.605587e-02 4.124693e-01 2.903334e+01 -5.569551e+00 5.014262e+01 4025 1.421917e-02
257001 -5.498820e-03 4.218428e-03 9.960690e-02 -2.128456e-02 6.103470e-02 2.567921e-01 -4.743007e+00 1.707111e+01 4.722810e+01 1107 4.570453e-03
507390 -1.420937e-02 1.958487e-02 9.363669e-02 -3.459209e-01 4.103038e-01 2.768816e-01 -2.735272e+01 3.221844e+01 1.511026e+01 1975 7.214083e-03
382817 2.631559e-02 5.356187e-03 6.690414e-02 3.034560e-02 6.832832e-03 6.683022e-02 1.888882e+01 6.921107e+00 -3.464918e-01 4874 1.691770e-02
757739 2.324211e-02 1.577334e-02 6.700359e-02 3.009645e-02 2.012277e-02 6.917452e-02 4.121701e+01 2.615428e+01 1.305437e+01 7756 2.645843e-02
757835 -2.255634e-03 4.602929e-03 9.514196e-02 -3.421447e-02 3.498524e-02 1.335307e-01 -1.431707e+01 1.361081e+01 1.719755e+01 1455 5.324835e-03
383302 -8.637847e-03 -3.002849e-03 9.867681e-02 -6.215335e-02 -6.525376e-03 1.549357e-01 -3.175980e+01 -2.090511e+00 3.338794e+01 2000 7.267086e-03
195204 1.956969e-03 -1.591731e-02 1.549436e-01 9.685466e-03 -1.530946e-01 6.660196e-01 5.513711e-01 -9.786584e+00 3.646150e+01 1748 9.441171e-03
10655 1.835679e-02 -1.276881e-02 6.538360e-02 2.808846e-02 -2.232052e-02 6.729168e-02 2.336019e+01 -2.292818e+01 4.580205e+00 2797 1.100015e-02
758344 1.894468e-03 6.276125e-03 9.344361e-02 6.274150e-03 5.787434e-02 1.256243e-01 2.457911e+00 2.895731e+01 1.806003e+01 5356 1.812235e-02
758777 -1.962705e-02 2.025992e-02 6.346803e-02 -6.219411e-02 4.982429e-02 4.828900e-02 -3.295972e+01 2.289172e+01 -1.175314e+01 1371 5.220520e-03
509415 4.113247e-03 -3.321075e-03 1.202378e-01 2.752202e-02 -1.820253e-02 2.477455e-01 7.790707e+00 -4.952719e+00 4.243601e+01 2342 8.884464e-03
821729 -4.721814e-03 2.283663e-03 8.913560e-02 -4.012494e-02 7.470749e-03 1.420986e-01 -2.109852e+01 3.091248e+00 3.156335e+01 2993 1.019609e-02
72100 -6.651261e-03 -2.914727e-02 6.620711e-02 -1.217085e-02 -7.415173e-02 6.538788e-02 -5.794451e+00 -4.724555e+01 -8.600232e-01 2327 8.301144e-03
884037 -4.291326e-03 -7.799910e-03 1.303063e-01 -1.151670e-02 -1.027466e-02 3.909896e-01 -8.564037e-01 -2.933248e-01 3.089808e+01 1237 6.278901e-03
572047 7.656836e-03 1.028010e-02 1.006684e-01 4.310883e-02 7.522026e-02 1.937989e-01 1.280929e+01 2.346376e+01 3.364930e+01 928 4.147333e-03
572188 7.876635e-03 8.528541e-03 1.079370e-01 2.585440e-01 1.706206e-01 7.330552e-01 1.376995e+01 8.904228e+00 3.433971e+01 2289 8.720677e-03
822225 1.129728e-02 2.756141e-03 1.017430e-01 2.514542e-01 1.006426e-01 5.140104e-01 2.353528e+01 9.592835e+00 4.040204e+01 1558 6.264650e-03
196798 9.025456e-03 5.226412e-03 8.979655e-02 1.482405e-01 9.924163e-02 1.170390e-01 5.085441e+01 3.434318e+01 9.951516e+00 3984 1.361901e-02
884359 2.265119e-02 1.224930e-02 6.669754e-02 2.961895e-02 1.505391e-02 6.860221e-02 3.572914e+01 1.438141e+01 9.766772e+00 2806 1.059825e-02
634369 -1.726059e-02 -2.152627e-02 6.529341e-02 -2.236099e-02 -2.862630e-02 6.204316e-02 -2.160865e+01 -3.008041e+01 -1.204666e+01 3038 1.073327e-02
759762 -2.680479e-02 9.897105e-03 6.750342e-02 -4.431528e-02 1.817993e-02 7.093682e-02 -3.855976e+01 1.823956e+01 7.560669e+00 2363 8.078231e-03
697467 -1.340966e-02 -7.106560e-05 1.210204e-01 -1.151010e-01 -4.482603e-02 4.418026e-01 -1.505959e+01 -6.627813e+00 4.750499e+01 1505 6.007527e-03
634860 5.470849e-04 -8.755260e-03 1.051473e-01 -1.215014e-02 -5.550852e-02 1.797932e-01 -6.868799e+00 -2.529204e+01 4.038108e+01 2196 9.532392e-03
260429 -2.468895e-02 -7.845805e-04 6.731573e-02 -3.405770e-02 -3.012045e-03 6.947661e-02 -5.598955e+01 -1.331177e+01 1.291382e+01 1753 5.814305e-03
260439 -7.198747e-03 2.438742e-02 1.113659e-01 -1.987211e-01 9.149349e-01 1.107278e+00 -3.631295e+00 1.688493e+01 1.888266e+01 2370 9.648194e-03
947615 2.186499e-02 1.253288e-02 6.819738e-02 3.738577e-02 1.499616e-02 7.788194e-02 2.914030e+01 4.624810e+00 1.818277e+01 2184 8.398992e-03
697807 9.105284e-04 -7.486990e-03 1.706899e-01 -7.051078e-03 -2.571460e-02 7.409391e-01 -6.004919e-01 -1.374790e+00 4.301016e+01 2850 1.279447e-02
13643 1.100891e-02 1.684955e-03 9.148062e-02 9.413391e-02 3.522781e-02 1.300504e-01 2.304358e+01 9.298614e+00 1.069215e+01 1213 5.311729e-03
13725 -5.116940e-03 2.089483e-03 8.903805e-02 -3.239478e-02 -1.024532e-02 1.085830e-01 -2.616326e+01 -1.183080e+01 1.874638e+01 1563 5.596116e-03
510871 -1.782847e-02 -7.394448e-03 1.085029e-01 -3.790304e-02 -1.704107e-02 1.374353e-01 -1.809741e+01 -8.696521e+00 2.608277e+01 2096 8.189852e-03
260985 -1.112510e-04 7.045003e-03 1.496996e-01 4.505279e-03 7.136465e-02 7.172909e-01 3.508121e-01 4.887677e+00 4.313150e+01 1560 7.082979e-03
135572 -1.388086e-02 -2.380779e-02 1.310340e-01 -6.601677e-02 -1.400020e-01 4.406269e-01 -3.392367e+00 -7.560499e+00 2.014452e+01 4937 1.904686e-02
573596 1.473019e-02 6.900985e-03 9.536721e-02 4.317457e-02 2.670052e-02 1.065831e-01 2.007529e+01 1.397399e+01 7.915909e+00 2542 8.994606e-03
135721 8.128160e-04 2.871911e-02 1.171934e-01 1.378229e-02 7.449360e-01 1.008115e+00 3.405574e-01 1.880670e+01 2.339417e+01 6228 2.126661e-02
574020 -4.586221e-03 1.535821e-02 1.055863e-01 -1.259088e-02 6.006416e-02 1.670808e-01 -2.778120e+00 1.551579e+01 2.134245e+01 1741 7.481412e-03
635928 2.032037e-03 2.087544e-02 9.848090e-02 6.827151e-02 2.263152e-01 2.182593e-01 8.005390e+00 2.482848e+01 1.447585e+01 3002 1.251474e-02
574115 -1.348133e-02 -1.825889e-02 1.140433e-01 -3.383861e-01 -3.152547e-01 6.348673e-01 -2.469609e+01 -2.257472e+01 3.958796e+01 5240 1.830027e-02
74532 8.466389e-03 -1.575083e-02 1.075887e-01 2.241098e-02 -5.260545e-02 1.457804e-01 1.104845e+01 -2.920031e+01 3.025972e+01 1262 6.122864e-03
699141 7.378165e-03 -1.572480e-02 1.250501e-01 1.770361e-01 -3.132815e-01 9.727013e-01 1.044813e+01 -1.832458e+01 5.220131e+01 1863 6.627023e-03
15416 1.184175e-02 -1.170939e-03 9.079698e-02 7.546674e-02 -2.922049e-02 1.130270e-01 2.624577e+01 -1.157064e+01 9.170059e+00 2174 7.331219e-03
449703 1.047394e-02 1.231571e-02 9.976685e-02 8.664760e-02 6.240565e-02 1.713397e-01 3.905283e+01 2.568019e+01 3.669408e+01 3497 1.187327e-02
637204 -9.702406e-03 5.644902e-03 1.054162e-01 -9.640313e-02 7.021619e-02 2.281109e-01 -2.705268e+01 2.014777e+01 3.828365e+01 1764 7.407642e-03
75547 -2.667738e-02 5.718532e-03 6.641105e-02 -4.439740e-02 1.734454e-02 6.196768e-02 -2.682275e+01 1.759826e+01 -2.726584e+00 2681 1.116560e-02
262929 2.279331e-02 -1.193314e-02 1.175693e-01 5.332545e-02 -2.323519e-02 1.626145e-01 1.985630e+01 -7.350184e+00 2.929474e+01 3775 1.379828e-02
513458 -4.225266e-04 -9.657496e-03 1.101640e-01 -1.865453e-02 -3.798649e-02 1.924917e-01 -9.320502e+00 -1.448225e+01 4.208726e+01 2936 1.017714e-02
200164 -5.427474e-03 8.360714e-04 8.871582e-02 -3.378431e-02 -2.167411e-02 1.145197e-01 -2.724270e+01 -2.162576e+01 2.479007e+01 5808 1.917616e-02
575939 5.765524e-03 -6.528855e-04 1.076876e-01 1.519442e-01 4.276901e-02 4.979153e-01 1.254653e+01 3.726906e+00 3.349329e+01 1324 5.304505e-03
513642 -7.921500e-03 -4.234153e-03 1.013163e-01 -4.303605e-02 -7.666398e-02 1.904302e-01 -1.323975e+01 -2.730926e+01 3.359991e+01 5743 1.964934e-02
825973 6.546271e-03 -1.333060e-03 9.762116e-02 3.983555e-02 -4.300641e-03 1.989659e-01 1.293292e+01 -1.152909e+00 3.937255e+01 1768 6.004144e-03
17453 -2.513468e-03 8.295886e-03 3.337782e-01 -2.126654e-01 -4.455416e-02 2.944619e+00 -2.846035e+00 -7.157349e-01 3.535796e+01 4269 2.220825e-02
763124 1.130033e-02 -6.013035e-03 1.445870e-01 4.227466e-01 -2.204025e-01 1.989828e+00 8.098982e+00 -4.220080e+00 3.632205e+01 1163 5.864637e-03
763277 -9.548195e-03 2.483796e-02 6.616171e-02 -1.614820e-02 5.448024e-02 6.786007e-02 -8.942968e+00 4.016512e+01 2.301268e+00 4245 1.480986e-02
389167 6.892937e-03 -1.280274e-04 1.147833e-01 1.583943e-01 -7.030387e-03 4.634713e-01 1.708108e+01 -7.782091e-01 3.931295e+01 2683 1.048687e-02
701642 -3.105912e-03 6.754071e-03 9.737974e-02 -8.931080e-02 7.644183e-02 3.088905e-01 -1.094191e+01 8.845405e+00 2.684687e+01 1772 6.424506e-03
326994 5.420049e-05 2.660814e-02 1.280324e-01 -1.554539e-02 1.532440e-01 2.887478e-01 -2.636288e+00 2.140111e+01 2.716045e+01 9051 3.182765e-02
264670 -3.252288e-03 2.326354e-02 6.619646e-02 -8.439514e-03 2.884979e-02 6.608072e-02 -1.989330e+01 2.142356e+01 -4.438629e-01 3263 1.161897e-02
638959 -5.927838e-03 1.103410e-02 9.394404e-02 -2.346114e-02 5.419131e-02 1.567481e-01 -5.042678e+00 1.241226e+01 1.806281e+01 2214 9.008303e-03
951829 6.697407e-03 -6.871940e-03 9.825992e-02 9.910100e-02 -5.121825e-02 2.236585e-01 1.921791e+01 -9.223056e+00 2.608014e+01 4136 1.497054e-02
764426 1.859712e-02 4.047653e-03 1.209915e-01 3.667642e-01 5.669837e-02 9.647106e-01 1.386397e+01 2.096545e+00 3.359679e+01 2729 9.745505e-03
77652 -1.244174e-02 1.674319e-02 1.108995e-01 -4.329558e-02 7.151359e-02 2.035989e-01 -4.154503e+00 7.374894e+00 1.248207e+01 2602 1.077287e-02
201662 -1.305730e-02 4.993379e-04 1.113208e-01 -5.936356e-02 2.112240e-02 1.888033e-01 -1.206805e+01 5.374653e+00 2.019301e+01 6450 2.346240e-02
702085 -1.884070e-02 1.896311e-02 6.677144e-02 -2.268238e-02 2.422277e-02 6.844715e-02 -1.798271e+01 2.462020e+01 7.843898e+00 2704 1.102852e-02
327921 -7.445384e-04 1.454979e-02 2.294724e-01 6.838692e-01 5.953518e-01 1.023905e+01 2.893585e+00 2.454815e+00 4.230644e+01 5636 2.244779e-02
515756 1.049358e-02 2.244431e-02 6.630411e-02 1.431036e-02 3.265235e-02 6.777642e-02 1.041546e+01 2.785637e+01 4.017735e+00 1969 7.518782e-03
952623 -2.527162e-02 4.215319e-03 6.636566e-02 -4.433319e-02 9.748615e-03 6.771179e-02 -4.073175e+01 1.182383e+01 2.876482e+00 3429 1.161879e-02
640057 -1.657614e-03 1.235273e-02 1.137699e-01 2.086447e-04 7.014531e-02 1.847931e-01 4.209708e-01 1.303624e+01 1.602065e+01 4662 1.871718e-02
578392 -2.203485e-03 1.777225e-02 9.974196e-02 -1.746167e-02 1.484187e-01 2.468989e-01 -3.786973e+00 3.242552e+01 3.652332e+01 4025 1.405756e-02
703032 6.111990e-03 -7.824801e-03 1.151753e-01 2.189143e-02 -3.446988e-02 2.122623e-01 7.009146e+00 -1.183561e+01 4.312555e+01 4326 1.479715e-02
765450 -1.918293e-02 -9.010098e-03 1.449594e-01 -1.301620e-01 -5.351838e-02 4.169412e-01 -8.766942e+00 -3.515992e+00 2.148557e+01 7941 2.959881e-02
140621 -1.451641e-02 -1.653873e-02 1.151446e-01 -2.793935e-01 -2.191394e-01 7.661550e-01 -1.414946e+01 -1.082272e+01 3.477631e+01 1370 5.659724e-03
329001 -4.131899e-04 2.337142e-03 9.839270e-02 2.978882e-02 3.971578e-02 2.150318e-01 9.600944e+00 1.188233e+01 3.707852e+01 4627 1.555337e-02
329142 -2.085111e-02 -1.799667e-03 1.044114e-01 -8.296877e-02 -6.271728e-03 1.770267e-01 -2.106406e+01 -1.516473e+00 2.462380e+01 2968 1.106776e-02
579211 -4.487671e-03 -5.991144e-03 9.278157e-02 -1.405171e-02 -3.052214e-02 1.414032e-01 -7.024188e+00 -1.801648e+01 3.570951e+01 2013 8.326507e-03
516935 -2.671522e-04 1.106696e-02 9.273538e-02 3.156164e-02 7.931140e-02 1.093316e-01 8.557569e+00 1.834837e+01 4.462097e+00 2132 9.271908e-03
829237 -4.351726e-03 1.722545e-03 9.736251e-02 -1.681002e-02 3.759014e-02 2.631565e-01 -2.737654e+00 7.881744e+00 3.643250e+01 4910 1.643165e-02
766228 -9.561564e-03 -1.472772e-02 1.273228e-01 -1.869893e-02 -3.305851e-02 1.895867e-01 -5.369176e+00 -1.077129e+01 3.658670e+01 2722 1.057142e-02
203420 8.942189e-04 -7.965831e-04 9.935584e-02 -4.646391e-02 -9.001067e-03 2.746960e-01 -9.947965e+00 -1.723419e+00 3.683164e+01 1827 6.467214e-03
704105 -1.580713e-04 2.746434e-02 6.809977e-02 5.232686e-03 1.044807e-01 8.197516e-02 3.152779e+00 4.504295e+01 8.115008e+00 4774 1.626528e-02
953998 -1.015421e-02 2.016137e-02 1.399349e-01 -3.196738e-01 4.184445e-01 1.539179e+00 -1.039097e+01 1.337087e+01 4.697441e+01 4064 1.582207e-02
766581 -1.469452e-02 2.196821e-02 1.209029e-01 -1.159407e-01 1.935038e-01 3.507862e-01 -1.461397e+01 2.475961e+01 3.318158e+01 1981 7.976850e-03
329569 5.903113e-03 -1.105270e-02 1.057682e-01 2.513784e-02 -3.429528e-02 1.755183e-01 9.602703e+00 -1.160358e+01 3.482187e+01 5646 1.922183e-02
392438 8.074135e-04 -2.513132e-02 1.208342e-01 4.008404e-03 -2.929543e-01 5.496968e-01 2.571194e-01 -2.151288e+01 3.444838e+01 1519 6.319665e-03
891497 1.316734e-03 -8.812466e-03 1.195372e-01 6.573292e-04 -4.595376e-02 2.638036e-01 -2.233817e-01 -1.258209e+01 4.887206e+01 3335 1.274334e-02
891678 -1.103774e-02 -4.390116e-03 1.126692e-01 -3.777529e-02 -4.452801e-02 2.479616e-01 -6.663533e+00 -1.000317e+01 3.371758e+01 5861 2.092194e-02
204199 1.610951e-02 2.384702e-04 9.557247e-02 1.473851e-01 1.531543e-02 1.599245e-01 3.444361e+01 3.955836e+00 1.688444e+01 2087 7.639040e-03
204209 1.779170e-03 -8.624487e-03 9.261709e-02 5.294745e-02 -1.072668e-01 1.594707e-01 9.682398e+00 -1.866575e+01 1.265049e+01 1141 5.719282e-03
954667 -1.079899e-02 -6.981440e-03 1.131654e-01 -4.000178e-02 -1.899539e-02 1.763940e-01 -1.079310e+01 -4.440251e+00 2.336873e+01 2265 9.476858e-03
891806 -8.190881e-03 1.830929e-02 1.249918e-01 -6.670317e-02 7.578895e-02 3.082290e-01 -1.244900e+01 1.222931e+01 3.898533e+01 4411 1.552851e-02
268295 -3.563118e-03 8.876774e-03 9.378954e-02 -5.539806e-02 5.138181e-02 1.369817e-01 -2.539020e+01 2.082015e+01 2.115671e+01 1965 7.324800e-03
81092 -2.442778e-02 -1.130291e-02 6.768813e-02 -7.771123e-02 -2.362194e-02 9.066408e-02 -4.083222e+01 -9.440329e+00 1.760695e+01 1397 4.873596e-03
580951 2.461531e-02 1.367975e-02 1.109836e-01 2.256125e+00 1.644989e+00 2.667986e+00 3.226627e+01 2.358774e+01 3.697269e+01 3067 1.156475e-02
393731 7.664728e-03 -5.904510e-04 9.562875e-02 5.122399e-02 -4.913771e-03 1.453010e-01 2.230852e+01 -2.214153e+00 2.543924e+01 5173 1.786008e-02
81597 -7.694537e-03 3.052532e-03 1.077595e-01 -1.125413e+00 -6.915094e-02 2.374841e+00 -2.442603e+01 -1.577897e+00 4.954360e+01 2428 8.272805e-03
705989 1.270614e-02 -2.196446e-02 6.746433e-02 1.503367e-02 -2.870044e-02 6.823428e-02 1.363631e+01 -3.946419e+01 4.510929e+00 1431 6.968193e-03
956306 1.862948e-02 -8.981422e-04 9.512375e-02 1.227390e+00 -6.723529e-02 6.296833e-01 3.745358e+01 -2.055464e+00 1.656338e+01 2441 9.648578e-03
82474 4.955824e-03 4.753406e-04 9.371225e-02 4.290168e-02 2.793166e-02 1.849600e-01 2.271570e+01 1.643630e+01 5.462404e+01 2649 8.774355e-03
706938 3.335554e-03 4.239159e-03 8.918987e-02 3.351301e-02 6.344110e-03 1.174627e-01 3.475019e+01 2.423911e+00 3.255700e+01 1314 4.697587e-03
893998 4.033857e-03 4.896286e-03 1.039995e-01 6.739080e-02 4.851610e-02 3.066129e-01 1.357946e+01 9.349150e+00 4.342666e+01 2116 7.293547e-03
457840 -7.883668e-03 -1.255222e-02 9.892601e-02 -4.889564e-02 -1.747834e-01 1.958342e-01 -5.307637e+00 -2.099544e+01 1.254154e+01 2231 8.414986e-03
332731 -2.594031e-03 -2.142174e-02 1.052817e-01 -6.393516e-03 -1.237297e-01 2.262531e-01 -9.800622e-01 -2.638993e+01 3.120409e+01 4051 1.533413e-02
520626 -1.272686e-02 1.220248e-02 1.073022e-01 -1.941108e-01 2.621740e-01 4.570141e-01 -1.475366e+01 2.033254e+01 2.844537e+01 3010 1.036959e-02
769910 2.382187e-02 1.160067e-02 6.510914e-02 5.580273e-02 2.870209e-02 5.414613e-02 2.842467e+01 1.519978e+01 -9.709925e+00 3937 1.309993e-02
770045 1.827524e-02 4.396845e-03 1.064378e-01 2.988383e-02 6.297048e-03 1.168787e-01 2.412016e+01 3.948212e+00 2.169386e+01 1701 7.528193e-03
83549 -2.506216e-03 -4.228412e-03 8.981035e-02 2.211091e-02 -3.476319e-02 1.482442e-01 1.935586e+01 -2.400877e+01 4.594515e+01 1075 4.151762e-03
458503 1.387404e-03 -1.806076e-02 1.154749e-01 -1.524485e-02 -1.543209e-01 2.857679e-01 -2.759945e+00 -2.261092e+01 2.825831e+01 2138 8.824302e-03
894950 8.772685e-03 -6.342341e-03 9.873973e-02 3.508741e-02 -1.700954e-02 1.351713e-01 2.177747e+01 -8.827938e+00 3.014993e+01 2142 7.872440e-03
958235 -6.966549e-04 4.169496e-03 9.863949e-02 -4.416452e-02 9.148061e-03 3.881028e-01 -4.911693e+00 5.625577e-01 3.270818e+01 2942 1.104786e-02
207863 -5.117645e-03 2.869896e-02 6.590291e-02 -1.529571e-02 6.554259e-02 5.357645e-02 -8.949825e+00 3.239753e+01 -9.409336e+00 2843 1.016981e-02
645500 1.989158e-02 2.009308e-02 6.613242e-02 3.423698e-02 2.628823e-02 6.610413e-02 2.664726e+01 1.150778e+01 -5.255084e-02 5420 1.836667e-02
895405 -1.175611e-02 8.243792e-03 1.178605e-01 -8.731918e-02 5.535093e-02 3.234265e-01 -1.404718e+01 8.757219e+00 3.821474e+01 1689 7.374518e-03
584293 -3.943789e-03 -2.006951e-02 1.674996e-01 1.102786e-02 -1.409728e-01 8.012151e-01 9.420355e-01 -7.607394e+00 3.987420e+01 2531 1.086105e-02
84547 9.600442e-04 -1.339262e-02 1.069100e-01 -3.933591e-02 -3.922229e-01 6.984126e-01 -2.723671e+00 -2.560577e+01 3.998064e+01 1747 6.584141e-03
645855 5.311549e-03 1.843633e-02 1.186511e-01 1.794528e-02 1.384419e-01 3.526889e-01 1.978826e+00 1.879651e+01 3.665742e+01 1718 6.832531e-03
397287 -2.405802e-03 4.787736e-03 8.837625e-02 -1.099522e-02 3.916110e-02 1.067744e-01 -6.650538e+00 2.661430e+01 1.424518e+01 2094 7.794675e-03
459785 -1.561764e-02 -9.344424e-04 1.053029e-01 -7.803952e-02 -2.952092e-02 2.188729e-01 -2.527469e+01 -1.157470e+01 4.598465e+01 4267 1.464937e-02
896176 -1.556593e-03 6.594668e-03 9.102964e-02 -5.472691e-04 3.384632e-02 1.350024e-01 6.945272e-01 1.875216e+01 3.025812e+01 2662 8.814842e-03
29172 4.676239e-03 1.236847e-02 1.442900e-01 4.503864e-02 2.050427e-01 8.575896e-01 2.317791e+00 1.106422e+01 4.096089e+01 4415 1.635768e-02
209052 5.207717e-03 2.359578e-02 6.525852e-02 1.416275e-02 3.491770e-02 6.439824e-02 2.671580e+01 3.377699e+01 -1.561008e+00 1303 5.630457e-03
896652 -7.983142e-03 4.039480e-03 9.495482e-02 -7.375860e-02 1.516605e-02 1.394454e-01 -3.459513e+01 5.852108e+00 2.340019e+01 1915 7.000965e-03
29477 3.508727e-03 -5.736264e-03 1.061690e-01 -5.334546e-04 -4.934121e-02 2.260326e-01 -1.966084e+00 -2.120908e+01 5.830064e+01 4103 1.437679e-02
646888 -9.645122e-03 -5.037073e-03 1.221601e-01 -2.279226e-02 -2.427693e-02 2.159036e-01 -5.444910e+00 -7.968223e+00 3.882404e+01 992 4.770636e-03
85921 -5.157706e-03 6.055650e-03 9.292047e-02 -7.558825e-02 4.573040e-02 1.883922e-01 -1.924135e+01 1.083899e+01 2.608250e+01 1578 5.787629e-03
30076 -2.268866e-02 6.195368e-03 1.650270e-01 -1.448496e+00 4.908428e-01 4.641140e+00 -1.161457e+01 3.947919e+00 3.646224e+01 1181 6.396601e-03
585978 -1.652621e-03 -2.573258e-02 6.699799e-02 -1.511770e-02 -5.396421e-02 7.107370e-02 -2.577644e+01 -5.404431e+01 7.802207e+00 3152 1.147954e-02
86313 1.988664e-02 2.073039e-02 6.663969e-02 3.697635e-02 5.639270e-02 6.798328e-02 2.211164e+01 4.614194e+01 1.738415e+00 1675 6.521484e-03
461289 4.496732e-03 -2.442746e-02 6.681552e-02 5.406981e-03 -3.381686e-02 6.709168e-02 4.284801e+00 -4.419853e+01 1.299948e+00 1830 7.117864e-03
461316 6.508058e-03 -1.537617e-02 1.070153e-01 6.204048e-02 -1.220629e-01 2.495932e-01 1.205695e+01 -2.316336e+01 3.095588e+01 2343 9.213730e-03
210021 7.005284e-03 -8.609155e-03 1.059298e-01 5.003265e-02 -3.495789e-02 1.894211e-01 1.703846e+01 -1.043387e+01 3.306181e+01 2968 1.130479e-02
147843 -2.381969e-02 9.899524e-03 6.655264e-02 -7.479292e-02 4.082673e-02 7.998697e-02 -3.249550e+01 1.971614e+01 8.564402e+00 2274 8.694768e-03
836403 1.618699e-02 1.701785e-02 6.733696e-02 2.638653e-02 2.240959e-02 7.044277e-02 2.986451e+01 1.578713e+01 9.093878e+00 1138 5.888075e-03
960892 -2.650771e-02 3.927905e-03 6.644198e-02 -3.045094e-02 4.709472e-03 6.699585e-02 -3.059828e+01 6.064720e+00 4.297849e+00 2689 9.763971e-03
524684 -5.361728e-03 -1.369507e-03 8.930022e-02 -3.371248e-02 -1.857690e-02 1.313228e-01 -2.705750e+01 -1.642245e+01 4.010568e+01 796 2.836517e-03
586966 -1.391549e-02 1.322045e-02 1.366045e-01 -1.013225e-01 9.785492e-02 5.212826e-01 -1.464175e+01 1.417731e+01 6.443829e+01 2393 8.815611e-03
274946 -1.098226e-02 -2.365245e-02 6.574621e-02 -1.469754e-02 -3.825062e-02 6.523022e-02 -7.144234e+00 -2.807131e+01 -9.922064e-01 2527 8.835550e-03
211182 -7.734419e-03 -1.779476e-02 9.784835e-02 -1.149849e-01 -2.410944e-01 3.578971e-01 -8.787032e+00 -1.829495e+01 2.130580e+01 1224 5.437245e-03
898705 1.308472e-02 9.963645e-03 1.166515e-01 4.429082e-01 1.354782e-01 8.158586e-01 2.840614e+01 8.294994e+00 4.620915e+01 3143 1.117051e-02
587544 2.676343e-03 -2.379721e-02 6.549090e-02 1.894136e-03 -3.522225e-02 6.543803e-02 -2.655077e+00 -3.878048e+01 -1.794527e-01 752 3.682200e-03
774263 1.642209e-02 -1.453156e-02 1.305744e-01 1.630574e-01 -1.770231e-01 5.043212e-01 1.183865e+01 -1.311880e+01 3.017455e+01 5116 1.921490e-02
774571 1.670264e-02 -2.183674e-03 1.010428e-01 1.220102e-01 -1.162036e-03 2.034056e-01 2.509321e+01 2.434412e-01 2.439152e+01 2943 1.078433e-02
838169 1.055649e-02 2.209884e-02 6.594532e-02 1.237460e-02 5.098686e-02 6.552243e-02 2.089870e+00 3.320595e+01 -4.861050e-01 2488 8.413376e-03
588254 -6.150141e-03 -9.454530e-03 1.328329e-01 -2.012541e-02 -2.839792e-02 3.186784e-01 -2.742369e+00 -3.717263e+00 3.646849e+01 4600 1.637040e-02
149909 2.834259e-02 -4.515451e-03 6.616514e-02 3.820930e-02 -2.577515e-03 6.637640e-02 3.489138e+01 6.853068e+00 7.470693e-01 960 4.074462e-03
838581 4.281601e-03 -8.018761e-03 1.071007e-01 2.884706e-02 -6.345441e-02 2.054823e-01 4.424506e+00 -9.984565e+00 1.771959e+01 2612 1.015696e-02
89076 -2.178203e-02 1.412005e-02 1.785211e-01 -5.713916e-01 3.349298e-01 1.754209e+00 -1.067297e+01 6.229866e+00 3.059859e+01 10279 3.730556e-02
33835 -7.211491e-03 -1.552059e-02 1.302056e-01 -4.108814e-02 -6.106154e-02 2.479248e-01 -1.131661e+01 -1.521311e+01 3.932452e+01 3797 1.402776e-02
150390 1.231485e-02 -1.725536e-02 1.069059e-01 4.064460e-02 -4.650278e-02 1.391313e-01 1.724406e+01 -1.780264e+01 1.961531e+01 1994 8.131752e-03
212795 7.648176e-03 2.519538e-02 1.448906e-01 4.074478e-02 1.414152e-01 4.167059e-01 3.287269e+00 1.154335e+01 2.699764e+01 4180 1.625483e-02
839255 3.343652e-03 1.255011e-02 1.365789e-01 9.258721e-02 3.938673e-02 8.909975e-01 4.694526e+00 1.411701e+00 3.968508e+01 2091 9.611562e-03
402370 -4.723201e-04 -1.935271e-03 9.499913e-02 -3.028245e-02 -9.318669e-03 2.338732e-01 -1.128276e+01 -2.794523e+00 5.256209e+01 2523 8.962872e-03
589673 -5.640310e-03 -4.850156e-03 1.044390e-01 -3.563834e-02 -2.472663e-02 2.283493e-01 -1.335241e+01 -8.847212e+00 5.515370e+01 2312 8.370654e-03
277392 -4.559137e-03 1.366759e-02 9.769027e-02 -2.792510e-02 3.673894e-01 3.604761e-01 -1.879728e+00 2.845595e+01 2.114040e+01 1214 5.099645e-03
151628 -1.079109e-02 2.062898e-02 1.214883e-01 -3.732653e-02 1.100360e-01 2.734179e-01 -5.077341e+00 1.710731e+01 2.907052e+01 2159 8.621615e-03
277969 -1.076069e-02 -1.869073e-02 1.097878e-01 -3.648644e-01 -9.675735e-01 1.199930e+00 -7.875257e+00 -2.110313e+01 2.424474e+01 1442 6.484845e-03
90860 2.390826e-02 1.026357e-02 1.132347e-01 4.505784e-02 2.086201e-02 1.399427e-01 2.342398e+01 1.173818e+01 2.958017e+01 3088 1.127470e-02
465792 1.698274e-03 7.079433e-03 9.516936e-02 8.493106e-03 2.886802e-02 1.533253e-01 3.078947e+00 9.873079e+00 2.635222e+01 4095 1.515227e-02
214346 1.690354e-03 1.350047e-02 1.551189e-01 -6.198985e-02 5.751892e-01 2.257532e+00 -1.154282e+00 1.018130e+01 3.810882e+01 5612 2.051292e-02
214443 -2.919494e-03 7.524602e-03 1.051150e-01 -2.038792e-03 4.384267e-02 2.401199e-01 2.892461e-01 1.192784e+01 4.433927e+01 2636 9.414887e-03
91292 2.864192e-02 -7.405047e-03 9.012918e-02 3.332153e-02 -8.751425e-03 8.938087e-02 1.743131e+01 -5.015178e+00 -2.787410e+00 2163 9.456189e-03
340975 1.858656e-03 -2.150592e-02 1.090750e-01 2.584698e-02 -8.857291e-02 1.820427e-01 1.116516e+01 -3.121576e+01 3.396222e+01 2330 8.791708e-03
902306 2.487826e-02 1.455794e-03 6.610936e-02 4.065508e-02 6.827306e-03 7.027782e-02 4.726089e+01 1.609085e+01 1.248699e+01 4399 1.471172e-02
965414 -7.809511e-03 8.653415e-03 1.063506e-01 -9.313976e-02 7.113362e-02 3.259300e-01 -1.614106e+01 1.181875e+01 4.153563e+01 3861 1.501896e-02
715812 -3.006830e-04 -2.328419e-02 1.211076e-01 1.658429e-03 -5.398337e-02 1.675186e-01 9.496232e-01 -1.488054e+01 2.249642e+01 1647 7.108289e-03
215207 1.088566e-02 2.062275e-03 1.641704e-01 1.688368e-01 -2.666706e-02 3.364760e+00 1.568886e+00 -2.853606e-01 3.179058e+01 3868 1.611144e-02
467282 -4.876264e-03 4.673662e-03 1.067843e-01 -4.105015e-02 9.929186e-03 2.404704e-01 -1.263866e+01 1.836208e+00 4.670808e+01 2920 1.024326e-02
592171 -2.978616e-03 7.110070e-03 1.227465e-01 -9.303827e-02 2.904906e-02 4.372083e-01 -8.546118e+00 2.081878e+00 2.984053e+01 3739 1.420765e-02
279944 -1.852281e-02 -8.958266e-04 1.305019e-01 -2.437465e-01 -1.615699e-02 7.477087e-01 -1.152329e+01 -7.808188e-01 3.157863e+01 4124 1.588608e-02
842370 -1.645507e-03 -5.721216e-03 9.474431e-02 -2.144202e-02 -2.482417e-02 1.630770e-01 -1.183052e+01 -1.141604e+01 4.083606e+01 1335 5.862953e-03
92818 -1.154599e-02 -6.189344e-03 9.364627e-02 -1.794232e-01 -1.132356e-01 2.169325e-01 -2.823529e+01 -1.800412e+01 2.073553e+01 4044 1.546456e-02
468284 -2.001451e-02 -1.684993e-02 6.605805e-02 -2.847948e-02 -2.197011e-02 6.304027e-02 -2.398585e+01 -1.450826e+01 -3.065006e+00 2164 7.771469e-03
593286 -1.214470e-02 -1.467656e-02 2.231044e-01 -3.225742e-02 -4.506186e-02 4.072605e-01 -5.383601e+00 -8.133278e+00 4.929332e+01 2044 1.029201e-02
654449 6.885769e-03 9.106129e-03 1.491385e-01 8.571917e-01 7.138806e-01 8.463682e+00 5.411022e+00 4.484916e+00 5.291058e+01 3065 1.225817e-02
967714 3.930021e-03 3.999056e-03 8.881683e-02 5.489900e-02 1.238823e-02 1.244893e-01 3.984495e+01 6.558227e+00 2.788695e+01 1683 6.218779e-03
94236 -6.827782e-03 9.316012e-03 1.537310e-01 -4.300645e-01 3.389688e-01 2.000290e+00 -8.883956e+00 6.919582e+00 3.876022e+01 2130 9.184083e-03
780566 7.318831e-04 -6.347411e-03 9.113501e-02 -3.188947e-04 -8.162013e-02 1.054949e-01 -5.049633e-01 -3.617316e+01 6.900814e+00 1263 4.911624e-03
40644 1.725097e-02 1.505703e-04 1.086574e-01 2.775250e-01 -3.467296e-02 4.057226e-01 2.488307e+01 -3.329246e+00 2.840042e+01 3376 1.183362e-02
469626 -2.068316e-02 1.485373e-03 1.205180e-01 -1.237473e-01 2.944295e-02 3.396550e-01 -1.532580e+01 4.157335e+00 3.258600e+01 4924 1.758685e-02
532284 1.857230e-03 3.911396e-03 1.189090e-01 1.731273e-02 3.215455e-02 2.655538e-01 5.191155e+00 9.486243e+00 4.925471e+01 7872 2.605302e-02
780900 1.646928e-02 1.120834e-02 1.068576e-01 3.145337e-02 1.835059e-02 1.271952e-01 1.914194e+01 9.124109e+00 2.598099e+01 2356 8.957633e-03
41117 -8.064870e-03 -2.162745e-02 2.016701e-01 -5.523889e-01 -4.910217e-01 4.888301e+00 -5.027376e+00 -4.335325e+00 4.328573e+01 2535 1.229419e-02
95060 -5.147436e-03 1.135260e-02 9.531548e-02 -1.000453e-02 3.146599e-02 1.149514e-01 -6.895049e+00 2.855261e+01 2.787479e+01 1866 7.328586e-03
594907 2.050484e-02 1.220556e-02 6.542391e-02 2.957363e-02 1.986373e-02 6.682491e-02 2.634826e+01 2.224985e+01 4.070431e+00 4261 1.549861e-02
532940 -8.023300e-03 6.206900e-03 9.413717e-02 -1.609940e-01 1.120900e-01 2.709359e-01 -2.063057e+01 1.428005e+01 2.384418e+01 1655 6.018763e-03
345041 1.320888e-03 8.259859e-03 1.119474e-01 -4.763510e-03 4.073080e-02 2.043309e-01 -2.870184e+00 1.531747e+01 4.357993e+01 815 3.597543e-03
470536 2.498771e-02 1.354327e-02 6.660630e-02 1.082290e-01 6.825964e-02 7.726303e-02 3.508542e+01 2.306245e+01 4.491715e+00 2284 8.545735e-03
533397 -1.404465e-02 -9.711953e-03 1.314641e-01 -6.570994e-02 -4.573046e-02 3.740181e-01 -9.875953e+00 -6.885030e+00 4.636483e+01 1595 6.551641e-03
969745 4.336356e-03 -1.584957e-03 9.460580e-02 2.464612e-02 -3.410565e-02 1.228643e-01 1.327984e+01 -2.126414e+01 1.847723e+01 1743 6.709394e-03
782255 4.427706e-03 6.252045e-03 1.001813e-01 4.044528e-02 1.451971e-01 3.699086e-01 4.338054e+00 1.673492e+01 3.248668e+01 1854 7.739737e-03
42982 4.031307e-03 -1.258812e-02 1.260474e-01 1.560486e-01 -3.826662e-01 8.466808e-01 6.355604e+00 -1.547238e+01 3.012855e+01 5488 2.060625e-02
534119 -5.261016e-03 -2.218732e-03 2.545199e-01 -1.630189e+00 -2.264829e-01 2.347399e+01 -2.591215e+00 -3.576260e-01 3.702726e+01 3861 1.770915e-02
720429 -2.483794e-03 7.627451e-03 1.037791e-01 -5.206705e-02 8.748455e-02 3.329066e-01 -1.190343e+01 1.917125e+01 5.500650e+01 2786 9.256312e-03
346301 5.937271e-04 -1.347625e-02 1.283864e-01 -3.376302e-02 -4.498537e-01 1.420168e+00 -1.040820e+00 -1.321983e+01 3.913384e+01 1679 6.723084e-03
97230 2.676758e-02 -1.033144e-02 1.388538e-01 5.350693e-01 -3.634803e-01 1.493842e+00 1.618530e+01 -1.124494e+01 4.314542e+01 3506 1.448126e-02
284516 3.816843e-03 7.309350e-03 1.239471e-01 7.680558e-02 3.978490e-02 5.554136e-01 5.636993e+00 2.508119e+00 3.332259e+01 1652 7.764778e-03
597048 -2.226500e-02 -1.488888e-02 1.169443e-01 -1.564708e-01 -1.111839e-01 3.002214e-01 -1.532068e+01 -1.099286e+01 2.092256e+01 3437 1.285487e-02
410086 -2.078667e-02 9.738405e-03 1.314338e-01 -9.204439e-02 3.184743e-02 4.269945e-01 -1.002100e+01 3.109200e+00 4.156481e+01 6786 2.238846e-02
44342 3.685610e-03 1.855206e-03 9.991934e-02 2.040069e-02 3.086373e-02 2.639851e-01 4.361610e+00 7.569444e+00 4.281110e+01 2782 1.134592e-02
907914 -2.344998e-03 -1.133392e-02 9.468860e-02 -2.845921e-02 -6.995380e-02 1.212347e-01 -1.155574e+01 -2.593975e+01 1.174686e+01 2483 8.621658e-03
721453 -6.559376e-04 -8.993020e-03 9.952578e-02 -4.402880e-03 -2.970911e-02 1.341317e-01 -4.504920e+00 -2.490679e+01 4.160648e+01 7663 2.579902e-02
97830 -4.723669e-03 -2.608939e-02 6.753735e-02 -4.995049e-03 -3.227668e-02 6.958185e-02 -1.741384e+00 -3.970243e+01 1.311912e+01 3701 1.233577e-02
783783 -6.923755e-03 3.797601e-03 9.607218e-02 -2.838327e-02 2.048665e-02 1.340923e-01 -1.856281e+01 1.443628e+01 3.288802e+01 3384 1.199255e-02
535361 -3.543411e-03 -6.849258e-03 9.832782e-02 -1.570593e-02 -3.355927e-02 1.222080e-01 -9.621974e+00 -2.113074e+01 1.889204e+01 8931 2.943966e-02
97994 -7.220665e-03 4.733893e-03 9.009987e-02 -1.894615e-02 2.527806e-02 1.061684e-01 -1.451865e+01 2.543807e+01 1.989633e+01 2538 8.659993e-03
347766 5.040084e-03 2.949935e-02 1.147848e-01 3.976171e-02 1.760489e-01 2.859817e-01 4.344742e+00 1.833786e+01 2.142199e+01 2774 1.051456e-02
473515 1.096079e-02 -2.155625e-02 1.312259e-01 4.294736e-02 -2.220275e-01 5.647923e-01 2.862322e+00 -1.793919e+01 3.879774e+01 2300 8.947458e-03
159359 -2.558191e-03 -2.928071e-02 6.700741e-02 -6.005815e-03 -4.707396e-02 6.682960e-02 -9.943364e+00 -5.131788e+01 -5.128204e-01 2307 7.889266e-03
221581 1.379158e-02 -2.510483e-02 7.123406e-02 2.326506e-02 -3.805180e-02 9.430802e-02 8.914170e+00 -1.218257e+01 2.171168e+01 3764 1.343416e-02
98812 2.071127e-02 2.079694e-02 6.592566e-02 2.490182e-02 3.137897e-02 6.745046e-02 1.296549e+01 3.274066e+01 4.717711e+00 2605 1.009150e-02
659208 1.896126e-02 -1.378611e-02 1.040177e-01 7.529355e-02 -5.010079e-02 1.837585e-01 1.553782e+01 -1.001647e+01 2.199447e+01 4921 1.801921e-02
286150 -8.029373e-03 -7.409341e-03 1.006607e-01 -1.630987e-01 -2.364447e-02 3.170124e-01 -1.792390e+01 -1.876559e+00 2.500731e+01 2227 8.551012e-03
598800 -5.957533e-03 -1.141600e-02 1.031199e-01 -6.669431e-02 -7.775613e-02 3.225140e-01 -9.152976e+00 -9.997395e+00 3.306250e+01 1707 6.976532e-03
286421 -6.702930e-03 1.257364e-02 1.185212e-01 -7.133176e-02 6.675461e-02 2.492435e-01 -8.367098e+00 7.014477e+00 1.692381e+01 2493 1.118257e-02
909748 6.973721e-03 -9.881923e-03 1.030798e-01 8.734985e-02 -8.491010e-02 2.432544e-01 2.208284e+01 -2.061352e+01 3.851209e+01 2065 7.740301e-03
723333 1.143935e-02 -3.813060e-03 9.492755e-02 5.791119e-02 -2.895501e-02 1.274055e-01 1.136329e+01 -6.147706e+00 7.941514e+00 1937 7.621896e-03
474699 -3.360356e-03 -1.663499e-03 9.378608e-02 -2.690705e-02 1.883406e-02 1.186233e-01 -1.589941e+01 1.384055e+01 1.677084e+01 1838 6.975313e-03
599433 2.454146e-03 9.548517e-03 1.042017e-01 2.621166e-02 9.605191e-02 3.468710e-01 4.018114e+00 1.463034e+01 4.104273e+01 5103 1.758727e-02
785834 -4.903474e-03 8.750695e-03 1.072584e-01 -3.642510e-02 4.285389e-02 2.486090e-01 -8.076888e+00 8.738371e+00 3.621872e+01 2809 9.839169e-03
287256 8.187908e-03 -2.260903e-03 9.401977e-02 3.834363e-02 -8.603788e-03 1.190333e-01 2.844572e+01 -5.983206e+00 2.359515e+01 1592 5.900920e-03
973579 1.125394e-02 1.507588e-02 1.727798e-01 1.039078e-01 1.357846e-01 6.825453e-01 6.094423e+00 7.939770e+00 3.353047e+01 5966 2.243353e-02
47884 -2.462358e-02 2.161617e-03 1.399747e-01 -6.125657e-01 -7.086607e-02 1.141123e+00 -2.292305e+01 -2.847249e+00 3.903338e+01 3046 1.181601e-02
100444 -5.745251e-03 -7.188435e-03 9.127645e-02 -6.511473e-02 -6.173034e-02 1.239049e-01 -1.769487e+01 -1.625603e+01 9.724788e+00 2810 9.915692e-03
161251 1.508975e-03 7.460702e-03 1.184667e-01 1.986095e-02 3.267976e-02 1.935041e-01 1.007494e+01 1.384485e+01 4.119433e+01 3157 1.118452e-02
724642 -1.596483e-02 -1.703948e-02 6.636360e-02 -2.961105e-02 -2.713923e-02 6.536497e-02 -2.744730e+01 -2.031410e+01 -2.008578e+00 2271 8.198788e-03
161623 1.063282e-02 -1.121303e-02 9.839831e-02 1.132893e-01 -2.183491e-01 2.954595e-01 1.006036e+01 -2.029940e+01 1.931205e+01 1742 6.819233e-03
538587 1.331424e-02 4.397712e-03 1.003048e-01 8.292314e-02 6.954217e-02 1.883978e-01 1.797270e+01 1.682000e+01 2.274521e+01 2268 8.977191e-03
974539 7.692609e-03 -9.970537e-03 9.935184e-02 5.690114e-02 -7.034774e-02 1.861244e-01 1.330215e+01 -1.632129e+01 2.345654e+01 2249 8.169281e-03
49779 2.389250e-02 -1.861256e-03 1.256209e-01 2.941285e-01 -5.579725e-02 6.580975e-01 1.159358e+01 -2.313945e+00 2.284415e+01 1496 7.075026e-03
851515 -1.979921e-03 -8.730898e-03 1.149537e-01 -3.868017e-02 -1.164821e-01 5.152344e-01 -3.565106e+00 -1.046708e+01 3.888375e+01 1717 7.634947e-03
725458 -1.177553e-02 2.034312e-02 6.602514e-02 -1.668603e-02 2.538887e-02 6.645555e-02 -3.017587e+01 3.100699e+01 2.644979e+00 2956 1.187746e-02
851835 1.894578e-02 5.059624e-03 1.195947e-01 3.051358e-01 1.421533e-01 7.881732e-01 1.450109e+01 6.946463e+00 3.387651e+01 3192 1.146384e-02
975555 -1.994878e-03 -1.118865e-02 1.116572e-01 -9.872349e-02 -1.169278e-01 4.218860e-01 -1.089743e+01 -1.191255e+01 3.495031e+01 2585 9.307258e-03
289632 1.833895e-02 2.235909e-02 6.814645e-02 4.435194e-02 6.410558e-02 7.162654e-02 3.336092e+01 5.353870e+01 4.463110e+00 1428 5.043588e-03
289774 6.600529e-04 -2.735187e-02 6.652597e-02 5.117238e-04 -3.132301e-02 6.685099e-02 -1.482941e+00 -3.970200e+01 3.249437e+00 4263 1.475267e-02
415321 -1.960396e-02 -2.070732e-02 1.160652e-01 -6.801007e-02 -7.511631e-02 2.140262e-01 -1.493684e+01 -1.678917e+01 3.022816e+01 1605 7.024283e-03
540346 -2.399576e-02 2.097182e-03 6.670677e-02 -3.657671e-02 -1.272341e-03 6.762174e-02 -5.417336e+01 -1.450912e+01 3.939849e+00 1138 4.211475e-03
352480 1.143972e-02 8.502126e-03 1.737282e-01 4.565177e-02 8.889753e-02 5.116732e-01 3.343974e+00 7.858055e+00 3.303161e+01 2633 1.195963e-02
478065 6.894035e-03 1.270925e-02 1.097665e-01 1.768425e-01 2.722461e-01 5.835902e-01 1.235186e+01 1.886315e+01 3.443753e+01 5738 2.080147e-02
51504 9.760945e-03 1.065102e-02 1.007620e-01 1.009479e-01 6.780713e-02 2.252266e-01 2.464951e+01 1.545036e+01 3.364508e+01 2162 7.831051e-03
726724 5.870686e-03 -1.532140e-02 1.641475e-01 1.978601e-01 -3.237146e-01 2.210978e+00 5.129067e+00 -8.238833e+00 5.468180e+01 2904 1.087296e-02
976499 1.435375e-02 5.291957e-04 1.252120e-01 6.225103e-02 1.285752e-02 2.665177e-01 1.280078e+01 3.294806e+00 3.776463e+01 1008 4.912200e-03
727061 2.328655e-02 7.566918e-03 6.627170e-02 3.078561e-02 1.001931e-02 6.585660e-02 4.389931e+01 1.435625e+01 -2.429999e+00 1304 4.449570e-03
226357 1.851179e-02 1.479874e-02 6.586634e-02 2.489030e-02 1.732299e-02 6.620439e-02 4.125473e+01 1.632627e+01 2.186441e+00 13465 4.369911e-02
603552 2.141985e-02 -7.702847e-03 1.437503e-01 7.353393e-02 -3.485966e-02 3.955446e-01 4.304075e+00 -2.242867e+00 2.079557e+01 3127 1.368458e-02
977197 -1.142349e-02 6.004932e-03 1.030726e-01 -1.176610e-01 6.984160e-02 2.708542e-01 -2.484693e+01 1.493018e+01 3.924092e+01 7850 2.589098e-02
914227 7.883431e-03 3.895893e-03 1.054997e-01 1.189299e-01 2.287205e-02 2.807774e-01 1.433551e+01 2.449721e+00 2.262743e+01 6171 2.115824e-02
479315 -9.477708e-03 -4.280738e-03 1.006230e-01 -1.453453e-01 -3.414533e-02 3.109228e-01 -2.760100e+01 -6.066882e+00 4.272164e+01 3238 1.104842e-02
417089 -4.006636e-03 1.306754e-02 9.856619e-02 -1.897152e-01 5.947356e-01 9.150168e-01 -7.262824e+00 2.274830e+01 3.193035e+01 1404 5.466212e-03
790181 3.679030e-04 1.678680e-02 1.644026e-01 -5.174104e-03 6.590300e-02 2.912540e-01 -1.627927e+00 1.442756e+01 3.726175e+01 2489 1.068937e-02
854197 -2.682168e-02 -3.213891e-03 6.702827e-02 -6.482571e-02 -2.042717e-02 6.838184e-02 -3.523190e+01 -1.595769e+01 1.254839e+00 2249 8.182900e-03
978087 -7.414020e-03 1.834070e-03 9.807933e-02 -2.919338e-01 3.518730e-02 5.567153e-01 -2.489081e+01 2.917860e+00 4.012312e+01 2880 9.889130e-03
53909 1.113381e-02 -8.780080e-03 1.005214e-01 3.038893e-02 -3.392233e-02 1.395296e-01 7.847919e+00 -1.024737e+01 1.589877e+01 1244 5.261756e-03
542583 2.513931e-02 1.431405e-02 6.708466e-02 2.643069e-02 1.490889e-02 6.741437e-02 3.536186e+01 1.628859e+01 9.028443e+00 3874 1.305999e-02
54197 -1.408912e-02 -7.993308e-04 1.405704e-01 -7.180022e-02 1.513440e-02 5.094665e-01 -8.314899e+00 2.295699e+00 5.314980e+01 4104 1.489527e-02
292484 1.729870e-02 2.432418e-02 6.634617e-02 2.960977e-02 5.426989e-02 7.161875e-02 1.772172e+01 4.310668e+01 7.589842e+00 3226 1.214010e-02
292606 6.240038e-04 -1.874444e-03 9.852489e-02 2.538947e-03 -3.228709e-02 1.925937e-01 6.964366e-01 -1.106063e+01 3.421144e+01 2873 1.011434e-02
791135 8.413892e-03 -2.448286e-02 6.492498e-02 2.068964e-02 -4.979781e-02 6.241353e-02 1.952365e+01 -4.026151e+01 -3.994281e+00 2762 1.012537e-02
292645 -5.714348e-04 1.230469e-02 9.990425e-02 1.599419e-02 3.565246e-01 2.913299e-01 1.802630e+00 3.745715e+01 2.083047e+01 4448 1.597873e-02
293376 7.469379e-03 2.623807e-02 1.247859e-01 9.864526e-03 1.174026e-01 1.889178e-01 4.101313e-01 1.561050e+01 1.098157e+01 1796 9.710395e-03
228691 3.894045e-03 2.640451e-02 6.624194e-02 4.644607e-03 3.048428e-02 6.680223e-02 6.544871e+00 3.557539e+01 4.885647e+00 3414 1.225706e-02
55389 -8.219199e-03 5.208525e-03 9.743744e-02 -1.266453e-01 1.321195e-01 3.348144e-01 -1.968936e+01 2.110004e+01 3.946596e+01 1539 5.586909e-03
916071 7.617558e-03 -3.271576e-03 9.763584e-02 6.965094e-02 -4.214378e-02 2.133760e-01 2.384957e+01 -1.494494e+01 4.449788e+01 3830 1.299093e-02
355785 -1.759266e-02 -1.092073e-02 1.205756e-01 -2.242393e-01 2.148567e-02 4.400724e-01 -9.729852e+00 1.525839e+00 1.504334e+01 3711 1.565016e-02
730087 -5.803876e-03 1.039939e-03 9.500792e-02 -3.053558e-02 1.568417e-02 1.266361e-01 -2.301941e+01 1.363034e+01 2.943843e+01 2162 8.640389e-03
419782 1.247182e-02 1.242769e-02 1.354219e-01 5.097655e-01 5.093409e-01 1.874457e+00 9.136827e+00 9.129837e+00 3.195147e+01 1259 7.200238e-03
980311 3.776278e-03 -5.052339e-03 9.713393e-02 1.607156e-02 -2.937557e-02 1.746590e-01 8.214499e+00 -1.625039e+01 5.179465e+01 898 3.522564e-03
667180 -4.798461e-03 2.652918e-02 1.742376e-01 -3.293296e-02 5.414024e-01 1.932062e+00 -7.876169e-01 1.441372e+01 4.920977e+01 3364 1.313469e-02
56866 -1.453728e-02 4.204919e-03 1.024432e-01 -5.395414e-02 1.111857e-02 1.316464e-01 -2.635285e+01 4.622243e+00 1.952435e+01 2425 8.854118e-03
56881 4.356432e-03 9.767720e-03 1.051316e-01 2.137144e-02 2.878015e-02 1.455659e-01 1.063577e+01 1.188433e+01 2.527475e+01 3979 1.459353e-02
980554 6.649113e-03 2.115852e-02 1.117245e-01 3.775000e-02 3.193400e-01 4.121922e-01 1.751209e+00 1.678982e+01 1.691855e+01 1421 6.510439e-03
793492 -6.943279e-03 -1.133061e-02 1.326562e-01 -3.881121e-02 -4.270900e-02 3.635575e-01 -4.966866e+00 -4.890567e+00 3.598777e+01 3331 1.373862e-02
607571 -6.661204e-03 7.846737e-03 9.102715e-02 -6.799327e-02 1.224842e-01 1.445961e-01 -1.324532e+01 2.475718e+01 1.156878e+01 1535 5.791526e-03
357469 3.168021e-03 -4.698849e-03 9.493974e-02 -5.831184e-03 -5.137080e-02 1.234509e-01 -4.985339e+00 -2.585512e+01 1.579450e+01 3083 1.083736e-02
793840 -9.645583e-03 -2.271980e-02 6.597930e-02 -1.202197e-02 -2.876742e-02 6.656127e-02 -1.135906e+01 -2.890748e+01 2.781826e+00 1149 4.506257e-03
168483 -2.198050e-02 8.008935e-03 1.155972e-01 -4.141991e-01 1.667105e-01 6.640614e-01 -2.060046e+01 8.335466e+00 2.880693e+01 6039 2.246822e-02
732064 2.899011e-02 3.444680e-03 6.585373e-02 3.346345e-02 3.782799e-03 6.570985e-02 4.440117e+01 3.356087e+00 -1.428065e+00 3547 1.204192e-02
483648 -4.578696e-03 -3.786934e-03 8.928260e-02 -3.080064e-02 -2.827856e-03 1.132209e-01 -2.519225e+01 9.214168e-01 2.299831e+01 2842 9.872408e-03
58770 1.883267e-02 -1.799190e-02 6.752525e-02 2.475579e-02 -1.843999e-02 7.018337e-02 2.907033e+01 -2.199242e+00 1.304587e+01 2010 7.238172e-03
483772 1.784356e-02 7.048630e-03 2.473708e-01 2.839241e-01 5.793123e-01 6.789293e+00 2.371963e+00 5.101418e+00 5.831766e+01 5530 2.211750e-02
358329 7.993477e-03 1.011002e-03 9.070605e-02 4.470299e-02 -1.131146e-02 1.175393e-01 2.191112e+01 -7.355016e+00 1.601620e+01 3134 1.097030e-02
858782 1.100671e-02 1.205619e-02 1.120341e-01 1.466331e-01 1.592184e-01 4.542541e-01 1.443625e+01 1.566413e+01 3.642634e+01 4863 1.646656e-02
484273 -1.609577e-02 -2.137904e-02 6.582243e-02 -2.014946e-02 -2.462215e-02 6.740432e-02 -2.161301e+01 -1.729120e+01 8.434159e+00 2727 9.866912e-03
732773 -4.442565e-03 -1.032775e-02 9.569064e-02 -8.815166e-03 -3.180056e-02 1.190192e-01 -5.042058e+00 -2.476036e+01 2.690025e+01 3297 1.152393e-02
296772 -4.825431e-03 5.868086e-04 1.099220e-01 -1.998088e-02 3.053036e-02 2.156261e-01 -3.927624e+00 7.760048e+00 2.739385e+01 4272 1.519908e-02
296921 -4.235757e-04 -2.045680e-02 1.025465e-01 1.487662e-02 -9.388334e-02 2.055601e-01 3.603853e+00 -1.729510e+01 2.426413e+01 1939 7.972167e-03
919466 -1.404995e-04 6.639664e-03 1.139893e-01 2.025012e-02 3.522456e-02 3.278921e-01 2.807942e+00 3.936355e+00 2.945603e+01 7514 2.574338e-02
484763 -2.323794e-02 1.798494e-02 6.710589e-02 -7.901228e-02 5.258412e-02 8.598557e-02 -2.992526e+01 1.856391e+01 1.012974e+01 1363 5.821255e-03
983106 -2.231545e-02 -1.266996e-02 6.629064e-02 -3.851363e-02 -1.497660e-02 7.075681e-02 -3.091104e+01 -4.401768e+00 8.522810e+00 1938 7.134541e-03
733537 8.838835e-03 -5.704210e-03 8.957907e-02 4.174632e-02 -1.196176e-02 9.655299e-02 9.144588e+00 -1.738896e+00 1.937970e+00 2160 8.102586e-03
547963 -8.839839e-03 -7.001290e-03 8.961459e-02 -2.911698e-02 -3.542259e-02 1.004155e-01 -1.981649e+01 -2.777564e+01 1.055553e+01 2698 9.666537e-03
61037 -7.526136e-03 5.292254e-03 1.031646e-01 -3.231732e-02 4.191605e-03 1.487451e-01 -1.352277e+01 -6.003675e-01 2.486264e+01 903 4.030322e-03
360298 4.884093e-03 -3.902360e-03 9.837020e-02 3.449075e-02 -1.944321e-02 2.147060e-01 1.305315e+01 -6.851735e+00 5.129075e+01 1529 5.437235e-03
860609 1.214953e-02 -1.940527e-03 9.562970e-02 2.146376e-01 4.179685e-02 2.665775e-01 4.087590e+01 8.829185e+00 3.450892e+01 4181 1.598346e-02
61855 1.760496e-02 2.322971e-02 6.774982e-02 5.691515e-02 9.255872e-02 6.882796e-02 1.875109e+01 3.307017e+01 5.142769e-01 3144 1.106342e-02
233798 9.223333e-03 9.163512e-05 1.780059e-01 5.425979e-02 1.000701e-01 8.497185e-01 2.317987e+00 5.145801e+00 3.457246e+01 1341 8.015243e-03
62248 -7.747129e-03 -2.262474e-03 2.030996e-01 -2.271297e+00 -1.059015e+00 1.909689e+01 -6.407724e+00 -2.991487e+00 5.348511e+01 3405 1.385590e-02
298840 4.227655e-03 -1.218373e-03 1.194973e-01 -1.212873e-02 4.814554e-03 4.369604e-01 -2.035683e+00 7.508461e-01 3.951083e+01 1585 6.441450e-03
611296 3.293194e-03 -1.306862e-03 1.475578e-01 1.237051e-02 -1.218403e-02 4.042926e-01 1.600669e+00 -1.918049e+00 4.527191e+01 3445 1.265479e-02
299372 1.155365e-02 3.647965e-03 1.087579e-01 1.143203e-01 6.648167e-02 3.793822e-01 1.174120e+01 7.178815e+00 3.091910e+01 8599 2.865628e-02
549644 2.871511e-02 -6.911430e-04 6.558779e-02 3.719935e-02 -2.346462e-03 6.541152e-02 4.411347e+01 -8.606759e+00 -9.165228e-01 1944 7.220024e-03
921798 3.092495e-03 -6.076245e-03 9.405777e-02 1.527336e-02 -3.200529e-02 1.229352e-01 1.229002e+01 -2.616140e+01 2.913624e+01 4483 1.537058e-02
797933 -1.836272e-02 -1.806358e-02 6.473657e-02 -3.527949e-02 -4.101551e-02 6.175600e-02 -2.285088e+01 -3.100307e+01 -4.026105e+00 1442 6.225569e-03
798027 2.155898e-03 -5.449369e-03 8.870417e-02 4.200605e-02 -4.686773e-02 1.316605e-01 2.536850e+01 -2.636682e+01 2.734587e+01 2559 9.986663e-03
299906 1.683490e-02 1.841704e-02 6.814516e-02 2.352834e-02 2.585438e-02 7.293850e-02 2.572778e+01 2.858712e+01 1.842430e+01 8701 2.978283e-02
172813 -1.339572e-02 4.864802e-03 1.005031e-01 -3.759935e-02 1.343792e-02 1.464901e-01 -1.239462e+01 4.390273e+00 2.354982e+01 1778 6.567454e-03
488138 4.277083e-03 -2.420854e-02 6.653258e-02 -6.145469e-04 -3.537722e-02 6.839823e-02 -1.073964e+01 -2.452099e+01 4.096052e+00 1960 6.863055e-03
235641 2.560530e-02 -1.247162e-02 9.353747e-02 5.788149e-02 -2.650864e-02 1.050932e-01 2.410270e+01 -1.048235e+01 8.629430e+00 5472 1.861080e-02
300960 -5.181698e-03 -9.194917e-03 9.535119e-02 -7.395314e-02 -6.877281e-02 1.844450e-01 -2.748256e+01 -2.380861e+01 3.560383e+01 5217 1.737475e-02
551675 -1.345332e-02 6.137522e-03 1.967026e-01 -2.913071e-02 1.471578e-02 3.819526e-01 -2.509316e+00 1.373032e+00 2.965101e+01 3372 1.561316e-02
614028 -1.270152e-02 -1.191489e-02 9.714173e-02 -6.635043e-02 -6.559004e-02 1.845752e-01 -1.199651e+01 -1.200238e+01 1.955113e+01 1827 8.002017e-03
427393 7.975874e-03 -2.808786e-03 9.215850e-02 4.821884e-02 -2.689942e-03 1.122962e-01 3.610837e+01 1.066333e-01 1.806877e+01 2236 8.410446e-03
174737 1.168986e-02 2.167678e-02 6.674603e-02 1.584433e-02 2.643377e-02 6.062810e-02 2.425720e+01 2.777515e+01 -1.638297e+01 1025 4.102701e-03
489748 8.350496e-03 -1.161858e-03 9.217336e-02 1.036374e-01 -6.688038e-02 1.578091e-01 2.613260e+01 -1.802342e+01 1.800070e+01 3904 1.384619e-02
864454 -2.048060e-02 1.836265e-02 6.698210e-02 -2.279924e-02 2.004024e-02 6.710262e-02 -2.978303e+01 2.154872e+01 1.548002e+00 2073 8.726374e-03
614637 -4.352176e-03 1.058953e-02 1.104950e-01 -8.862539e-03 5.307174e-02 2.209640e-01 -1.584915e+00 1.492800e+01 3.881814e+01 2698 1.009102e-02
800450 -3.862377e-03 8.362449e-05 9.631455e-02 -5.216526e-02 9.710918e-03 2.062878e-01 -1.923509e+01 3.833764e+00 4.379335e+01 5259 1.725161e-02
115148 6.580889e-03 2.890996e-03 1.308827e-01 2.890140e-01 2.556757e-01 1.786022e+00 7.622243e+00 6.822099e+00 4.466853e+01 1543 6.267018e-03
427860 4.675593e-03 -1.145125e-02 1.262614e-01 5.495151e-02 -2.442999e-01 5.470012e-01 4.413736e+00 -2.044185e+01 3.693686e+01 2196 9.473045e-03
924649 -2.466994e-02 1.059770e-02 1.000355e-01 -5.121853e-02 2.470973e-02 1.163262e-01 -2.074509e+01 1.102715e+01 1.272955e+01 2826 1.041303e-02
364601 -4.267963e-04 5.283224e-03 1.788563e-01 -2.500568e-01 2.527101e-01 3.263185e+00 -5.662539e+00 5.612564e+00 6.996409e+01 2655 1.018923e-02
428250 1.708330e-02 1.809753e-02 1.285414e-01 1.993381e-01 2.939342e-01 5.912257e-01 1.260283e+01 1.907396e+01 3.199438e+01 2190 8.514658e-03
553289 -1.588753e-03 -2.180075e-02 6.597546e-02 -1.202031e-03 -3.004199e-02 6.621620e-02 1.736502e+00 -3.700578e+01 1.081024e+00 3835 1.304490e-02
303113 -8.573031e-03 -1.658200e-02 2.366409e-01 -3.813735e-01 -8.948341e-01 5.896448e+00 -5.102250e+00 -1.202000e+01 7.746167e+01 1791 8.614550e-03
553635 -4.116143e-03 9.024000e-03 9.149476e-02 -8.052058e-02 1.520660e-01 1.578327e-01 -2.253907e+01 4.219693e+01 1.956948e+01 2536 9.369819e-03
238296 1.163991e-03 1.109461e-02 1.241772e-01 -9.922055e-02 3.548774e-01 1.186283e+00 -4.424409e+00 1.515209e+01 4.681191e+01 2280 9.026511e-03
303560 9.911554e-03 -2.778007e-02 6.750473e-02 1.214192e-02 -3.300287e-02 6.856975e-02 1.832657e+01 -4.291505e+01 8.751109e+00 4455 1.618863e-02
116470 9.089404e-03 7.229045e-03 9.950598e-02 4.392440e-02 3.106577e-02 1.210635e-01 1.459448e+01 9.986639e+00 9.031739e+00 1560 6.407959e-03
429398 1.639292e-03 -2.054316e-03 1.111266e-01 -1.459493e-03 -4.761482e-02 4.274966e-01 -4.529088e-01 -6.658982e+00 4.623966e+01 2231 7.988011e-03
802045 -1.984616e-02 -2.043569e-02 6.563576e-02 -3.122488e-02 -3.205146e-02 6.646220e-02 -2.061722e+01 -2.104673e+01 1.497428e+00 3157 1.099381e-02
926082 -2.276161e-02 3.436929e-03 6.712280e-02 -3.023303e-02 3.027285e-03 6.832098e-02 -4.723559e+01 -2.589840e+00 7.575076e+00 1070 3.694649e-03
176684 -1.048888e-02 -2.155091e-03 9.065602e-02 -6.631584e-02 -7.630201e-03 1.278627e-01 -3.456883e+01 -3.390265e+00 2.303888e+01 2641 9.374328e-03
866454 -7.391503e-03 3.167241e-03 9.726516e-02 -2.972095e-02 -1.736462e-02 1.908271e-01 -6.326692e+00 -5.817373e+00 2.650929e+01 1248 4.624404e-03
304316 -5.709715e-03 1.027140e-02 1.276077e-01 -2.649739e-02 5.114374e-02 4.150312e-01 -4.014100e+00 7.892450e+00 5.550149e+01 2045 7.964902e-03
554674 -1.441819e-02 -1.356712e-02 1.008812e-01 -3.528716e-01 -3.121273e-01 4.679085e-01 -2.380882e+01 -2.100249e+01 2.581888e+01 1251 5.284247e-03
304495 8.027942e-03 2.767046e-02 6.619129e-02 1.249461e-02 5.096664e-02 6.820300e-02 7.177727e+00 3.743589e+01 3.232725e+00 4047 1.507281e-02
304591 -1.864313e-02 2.058219e-02 6.723402e-02 -2.978597e-02 3.183392e-02 6.885220e-02 -2.541196e+01 2.566033e+01 3.690359e+00 3443 1.189611e-02
366629 -7.431842e-03 8.274067e-03 1.034535e-01 -1.957796e-01 1.294774e-01 5.120357e-01 -2.418713e+01 1.556462e+01 5.246907e+01 3062 1.059417e-02
867130 -3.081626e-04 2.322058e-02 1.025062e-01 1.696069e-03 5.914680e-02 1.288022e-01 2.232323e+00 4.001480e+01 2.928864e+01 5641 1.888858e-02
492692 -6.692137e-03 7.438463e-03 9.177593e-02 -7.548124e-02 1.156988e-01 1.770258e-01 -1.365773e+01 2.149454e+01 1.692593e+01 1555 5.614687e-03
867417 5.340539e-03 -9.217320e-03 9.334823e-02 1.575322e-02 -2.602440e-02 1.174637e-01 7.558065e+00 -1.219945e+01 1.750429e+01 2035 8.389404e-03
741019 3.470040e-03 -1.479159e-02 9.368268e-02 1.139264e-02 -3.543515e-02 1.041249e-01 6.037247e+00 -1.573098e+01 7.957270e+00 1215 4.837349e-03
990567 -4.999206e-03 -6.150613e-03 9.155893e-02 -3.352209e-02 -6.722668e-02 1.043364e-01 -7.569001e+00 -1.620751e+01 3.390707e+00 2545 8.947896e-03
305475 1.084581e-03 1.207715e-02 9.793743e-02 6.735181e-04 7.324462e-02 1.786951e-01 -1.012855e-01 1.507161e+01 1.989861e+01 2423 8.588792e-03
305523 1.973072e-02 1.414976e-02 6.643943e-02 3.690868e-02 2.527561e-02 6.748810e-02 4.178447e+01 2.706305e+01 2.550841e+00 1054 4.308951e-03
305566 -1.032836e-02 -1.867102e-02 2.087021e-01 -4.892639e-02 -8.371922e-02 5.448208e-01 -7.562603e+00 -1.274505e+01 6.585654e+01 1343 6.645125e-03
555916 -1.032714e-02 1.506376e-04 1.077860e-01 -3.642215e-02 8.212111e-03 1.519284e-01 -2.080336e+01 6.426734e+00 3.519100e+01 5166 1.779410e-02
118667 -1.974137e-02 -1.461832e-02 1.293168e-01 -5.786451e-02 -4.211845e-02 2.476651e-01 -1.205193e+01 -8.693658e+00 3.741361e+01 4588 1.714727e-02
240640 -1.048738e-03 -1.903695e-02 1.081443e-01 1.683780e-02 -1.727702e-01 2.660113e-01 3.013804e+00 -2.590339e+01 2.659990e+01 3930 1.398382e-02
741804 -5.585937e-03 -2.521755e-02 6.598924e-02 -9.703258e-03 -3.269705e-02 6.699211e-02 -1.747704e+01 -3.174871e+01 4.256954e+00 3658 1.267833e-02
678464 1.412870e-02 1.886824e-02 6.692065e-02 2.199104e-02 2.253803e-02 7.135224e-02 1.964357e+01 9.168765e+00 1.107206e+01 2031 8.418877e-03
306595 5.413848e-03 1.243178e-02 1.109541e-01 8.778658e-03 4.238758e-02 1.818889e-01 1.184965e+00 1.054936e+01 2.498071e+01 2356 9.429787e-03
992068 -9.827125e-03 9.473125e-03 9.346957e-02 -3.109008e-01 1.771774e-01 2.605760e-01 -3.664723e+01 2.041326e+01 2.034050e+01 1597 5.942035e-03
678897 1.638389e-03 -3.088455e-03 1.456645e-01 1.124282e-01 -8.484353e-02 5.994406e-01 1.031706e+01 -7.613262e+00 4.225691e+01 2154 9.804104e-03
241461 -2.689912e-03 -1.897939e-02 1.193587e-01 -1.191232e-02 -1.116241e-01 3.078188e-01 -1.840130e+00 -1.848523e+01 3.760310e+01 1342 5.789773e-03
494603 -7.096041e-03 -4.491849e-03 1.663417e-01 -7.124920e-02 -3.459150e-01 1.873296e+00 -1.360163e+00 -7.238787e+00 3.619052e+01 2164 1.017629e-02
869203 2.161147e-03 8.054892e-03 9.914624e-02 1.479507e-02 4.501437e-02 1.660355e-01 6.442198e+00 1.884611e+01 3.410769e+01 2153 7.721271e-03
619772 2.260280e-02 -1.485821e-02 6.793774e-02 3.707214e-02 -3.889109e-02 7.906398e-02 2.516860e+01 -4.180383e+01 1.935346e+01 3099 1.135213e-02
869743 2.574575e-02 -1.002454e-02 6.807374e-02 5.327518e-02 -2.501101e-02 7.520679e-02 3.626216e+01 -1.974040e+01 9.395750e+00 1266 4.978035e-03
180192 -1.590325e-02 2.215746e-02 1.104875e-01 -6.813140e-02 1.144201e-01 2.044619e-01 -1.149179e+01 2.030061e+01 2.067723e+01 3115 1.204768e-02
929729 -1.534495e-03 -7.554690e-03 9.459244e-02 -1.778958e-02 -2.636057e-02 1.444046e-01 -6.124396e+00 -7.085452e+00 1.876762e+01 5970 2.111198e-02
370116 1.978218e-02 4.597873e-03 1.193672e-01 9.816738e-02 1.526741e-02 2.271721e-01 1.649495e+01 2.245237e+00 2.268587e+01 1859 8.029546e-03
806525 1.110456e-02 -3.095878e-03 1.150573e-01 3.209376e-01 -1.501844e-01 1.076864e+00 1.349397e+01 -6.406060e+00 4.188901e+01 4596 1.606381e-02
621314 -2.395804e-03 9.580651e-03 9.071792e-02 -9.429704e-02 1.293102e-01 1.517604e-01 -1.427754e+01 1.860087e+01 9.483408e+00 3609 1.301540e-02
243566 1.839068e-02 -2.018682e-02 1.028325e-01 1.105487e-01 -1.200245e-01 1.872068e-01 1.801770e+01 -1.951915e+01 1.649592e+01 3595 1.279144e-02
621576 5.570383e-03 -1.710377e-02 1.026263e-01 2.783281e-02 -6.466849e-02 1.609062e-01 7.380118e+00 -1.576797e+01 1.932013e+01 1691 6.523376e-03
745038 -1.348203e-02 8.873864e-04 9.294646e-02 -1.102381e-01 1.660005e-02 1.408339e-01 -2.458292e+01 3.992134e+00 1.216683e+01 1915 6.877688e-03
807167 1.320438e-03 1.848337e-02 1.071000e-01 7.418974e-03 5.228519e-02 1.754526e-01 2.029367e+00 1.124799e+01 2.274523e+01 5303 1.888002e-02
994535 -1.124476e-02 7.888531e-03 1.040839e-01 -3.408777e-02 4.497638e-02 1.965471e-01 -1.139795e+01 1.850568e+01 4.613621e+01 1024 4.005526e-03
807329 5.405979e-03 -1.973422e-04 9.351728e-02 3.124569e-02 1.669091e-02 1.222855e-01 2.108078e+01 1.377792e+01 2.346992e+01 2466 8.710724e-03
497274 5.363706e-03 -7.207990e-03 9.716001e-02 1.603476e-02 -3.581611e-02 1.348415e-01 9.853618e+00 -2.641664e+01 3.479495e+01 5669 1.901266e-02
435162 1.512493e-04 1.920771e-02 1.004404e-01 4.132706e-03 4.476070e-02 1.216924e-01 8.047430e+00 5.164841e+01 4.295498e+01 3294 1.123479e-02
309827 2.265833e-02 1.106653e-02 1.244820e-01 5.410701e-02 3.752256e-02 2.002850e-01 1.535178e+01 1.291460e+01 3.700347e+01 3487 1.271295e-02
435378 -2.924242e-03 -7.078333e-03 1.034443e-01 -5.607066e-02 -5.899664e-02 3.172321e-01 -1.227804e+01 -1.199432e+01 4.938987e+01 3567 1.271266e-02
435382 -1.297197e-02 7.451304e-03 1.010574e-01 -8.262266e-02 4.317754e-02 2.174922e-01 -1.691464e+01 8.676098e+00 2.827612e+01 1089 5.250753e-03
995190 1.264055e-02 1.591271e-03 8.956471e-02 3.234204e-02 -5.138814e-03 1.765308e-01 4.416274e+00 -1.508612e+00 1.949426e+01 1317 5.455603e-03
872351 -1.486142e-03 6.052645e-03 9.252861e-02 -1.580143e-02 2.996394e-02 1.207097e-01 -1.038515e+01 1.734666e+01 2.044421e+01 7066 2.377538e-02
435620 2.281310e-03 -2.190615e-02 1.030177e-01 8.299460e-03 -1.291022e-01 1.619385e-01 8.151209e-01 -1.451904e+01 7.980458e+00 2117 9.728623e-03
244987 -1.719000e-02 -1.651890e-02 2.630023e-01 -4.750586e-01 -1.430310e-01 2.679266e+00 -7.814301e+00 -2.159143e+00 4.123762e+01 3415 1.688161e-02
995684 -2.267257e-02 1.079310e-02 1.692968e-01 -4.425737e-02 1.573214e-02 2.706326e-01 -7.735854e+00 1.770121e+00 3.631814e+01 1596 7.936289e-03
498276 3.236035e-03 -2.952284e-02 6.827890e-02 8.955071e-03 -5.241197e-02 7.615418e-02 1.211686e+01 -4.849496e+01 1.668526e+01 3242 1.135549e-02
436186 -1.034735e-02 7.324019e-03 1.028449e-01 -4.135820e-02 4.924644e-02 1.735461e-01 -1.168447e+01 1.579581e+01 2.663926e+01 5629 1.939880e-02
746436 3.341399e-03 3.535860e-03 9.457396e-02 3.196333e-02 2.682883e-02 1.216505e-01 3.341693e+01 2.719521e+01 3.161260e+01 1769 7.092382e-03
436650 7.696853e-03 -1.673207e-03 9.010318e-02 3.176465e-02 -8.339819e-04 9.546955e-02 1.830834e+01 6.383974e-01 4.082186e+00 1962 6.912643e-03
245640 -1.812647e-02 7.876084e-03 1.142364e-01 -1.079086e-01 5.363187e-02 2.189848e-01 -1.978647e+01 1.008381e+01 2.308477e+01 1030 5.218268e-03
873539 7.956703e-03 1.489562e-02 1.157041e-01 4.730705e-02 1.745959e-01 4.238243e-01 5.860481e+00 2.378431e+01 4.588860e+01 2708 9.910389e-03
124245 -4.392395e-03 -1.285551e-02 1.118445e-01 -2.188075e-01 -6.834927e-01 1.182103e+00 -7.832775e+00 -2.449898e+01 3.909749e+01 7711 2.582434e-02
683329 3.674835e-03 2.725656e-02 6.739218e-02 7.321649e-03 3.255653e-02 6.816825e-02 1.641060e+01 2.384976e+01 3.492294e+00 3744 1.545409e-02
373562 -5.074012e-03 9.586909e-04 8.892373e-02 -2.697275e-02 2.400816e-02 1.329948e-01 -1.545584e+01 1.626802e+01 3.110479e+01 2244 8.465901e-03
184123 -5.172478e-03 2.673770e-02 6.410306e-02 -5.387699e-03 2.955051e-02 6.374868e-02 -3.149020e+00 4.115583e+01 -5.185067e+00 5819 1.980400e-02
747565 6.087189e-03 -5.962347e-03 1.142945e-01 5.002372e-02 -3.011011e-02 2.461021e-01 1.532506e+01 -8.422738e+00 4.597449e+01 1103 4.459115e-03
997143 4.863799e-04 -5.905957e-03 1.101810e-01 1.223390e-02 -3.683881e-02 2.157993e-01 2.375072e+00 -6.253898e+00 2.135355e+01 2869 1.089007e-02
624563 9.338317e-03 -1.069616e-02 1.392546e-01 2.397720e-01 -4.730457e-01 2.157210e+00 5.570333e+00 -1.117649e+01 4.878057e+01 3584 1.324115e-02
246740 -2.155247e-02 1.169831e-02 1.073664e-01 -2.071542e-01 7.735564e-02 2.746239e-01 -2.621846e+01 9.274879e+00 2.362711e+01 1671 7.699330e-03
748170 2.343737e-02 1.321354e-02 1.221640e-01 3.080318e-02 1.682255e-02 1.335614e-01 1.690420e+01 8.282497e+00 2.615633e+01 1602 7.030627e-03
810401 -7.264286e-04 2.492232e-02 6.520706e-02 -2.548032e-03 3.212466e-02 6.521464e-02 -1.196111e+01 4.729240e+01 4.974314e-02 2060 7.310998e-03
810828 -6.527673e-03 1.417819e-03 1.073509e-01 -5.067872e-02 3.969081e-02 5.251459e-01 -4.271180e+00 3.702535e+00 4.041756e+01 3039 1.103993e-02
810912 4.399775e-03 1.160785e-03 1.480729e-01 5.207655e-02 2.348605e-02 5.145767e-01 6.875045e+00 3.219329e+00 5.285027e+01 1904 7.907192e-03
248009 7.169890e-03 1.642216e-03 9.229359e-02 7.469705e-02 -1.414608e-02 1.317510e-01 2.327078e+01 -5.440863e+00 1.359755e+01 1942 7.233233e-03
811673 3.594512e-03 5.352738e-03 9.444798e-02 1.076482e-01 1.189110e-01 2.129295e-01 2.120728e+01 2.314441e+01 2.414783e+01 2338 8.878741e-03
248397 -1.218616e-03 -5.977171e-03 1.257273e-01 -4.563868e-02 -1.700637e-01 8.196023e-01 -1.832704e+00 -6.769960e+00 2.862822e+01 1367 6.585956e-03
186533 5.562960e-03 4.638711e-04 1.019597e-01 5.787633e-02 1.299192e-02 1.924717e-01 1.513843e+01 3.625362e+00 2.619233e+01 4508 1.609760e-02
