/n/home03/calmiller/DSMC_Simulations/6_10_20_fixed_collisions/flow_4.00000_gap_0.00400_len_0.04000_T1_2.00000_T2_2.00000/data
running....
idx x y z xnext ynext znext vx vy vz collides time
875014 -1.049256e-02 8.654804e-04 1.492329e-01 -7.516108e-02 -1.479841e-03 3.344258e-01 -1.402364e+01 -5.085929e-01 4.015988e+01 8258 3.145136e-02
500409 1.225481e-02 -2.201000e-02 6.922648e-02 3.543531e-02 -5.332597e-02 8.619235e-02 2.155332e+01 -2.911772e+01 1.577494e+01 10466 3.752403e-02
375692 -1.177632e-02 -2.441963e-02 1.567010e-01 -5.974791e-01 -9.243997e-01 1.650334e+00 -1.651832e+01 -2.538175e+01 4.212429e+01 1348 6.999988e-03
915 -8.514442e-03 -2.026365e-02 6.747497e-02 -1.465066e-02 -3.362640e-02 7.013197e-02 -1.321013e+01 -2.876749e+01 5.720041e+00 3457 1.257278e-02
376111 -1.510344e-02 1.633648e-02 6.622329e-02 -2.286895e-02 2.725509e-02 6.560131e-02 -1.075755e+01 1.512554e+01 -8.616160e-01 1432 6.994920e-03
501274 5.129754e-03 1.052967e-03 1.117904e-01 3.135812e-02 -1.964659e-03 1.378890e-01 1.317552e+01 -1.515870e+00 1.311037e+01 1144 6.077191e-03
251410 2.351290e-02 -1.265090e-02 6.595527e-02 6.406697e-02 -4.639851e-02 5.036573e-02 3.727372e+01 -3.101782e+01 -1.273797e+01 6924 2.542526e-02
376513 8.054501e-03 8.401808e-03 1.353536e-01 9.219330e-02 7.534364e-02 4.023067e-01 1.727259e+01 1.374228e+01 5.480197e+01 3322 1.254567e-02
626580 3.141444e-03 -6.116519e-03 1.191404e-01 1.931785e-02 -3.490730e-02 1.705884e-01 7.065998e+00 -1.257607e+01 2.247295e+01 2297 1.012399e-02
251631 -1.950605e-02 1.210813e-02 6.844745e-02 -3.825294e-02 2.062013e-02 7.413365e-02 -2.701479e+01 1.226603e+01 8.193974e+00 1081 4.546849e-03
627229 9.649418e-03 2.572997e-02 2.599791e-01 1.002289e-02 8.160757e-01 3.702499e+00 4.179281e-03 8.844307e+00 3.852327e+01 1790 1.299569e-02
3535 -1.622593e-02 -1.864672e-02 6.664083e-02 -2.049820e-02 -2.274105e-02 6.697184e-02 -2.263273e+01 -2.169009e+01 1.753581e+00 1624 8.498638e-03
753269 4.985111e-03 -2.759824e-04 1.251753e-01 7.914460e-02 1.826141e-02 4.604034e-01 1.190806e+01 2.976617e+00 5.382879e+01 1188 5.354742e-03
4212 2.340194e-02 4.325731e-03 6.815490e-02 3.365517e-02 3.398685e-03 6.773814e-02 2.151685e+01 -1.945446e+00 -8.746036e-01 1314 5.563652e-03
504238 -2.744664e-03 -2.685598e-02 6.653691e-02 -3.258330e-03 -3.270433e-02 6.702870e-02 -2.624285e+00 -2.987883e+01 2.512508e+00 1016 5.206701e-03
504332 1.342170e-02 2.647488e-02 6.962279e-02 3.351565e-02 4.453988e-02 7.010344e-02 3.158538e+01 2.839610e+01 7.555247e-01 2839 1.063472e-02
879491 4.607819e-03 -1.248909e-02 1.405553e-01 2.791719e-01 -1.005770e+00 2.352453e+00 5.269924e+00 -1.906481e+01 4.245468e+01 5201 1.962749e-02
754681 3.127383e-03 -2.617678e-02 6.524894e-02 4.012933e-03 -4.251672e-02 6.333307e-02 2.012315e+00 -3.713069e+01 -3.631267e+00 10268 3.681339e-02
5846 -5.280691e-03 -4.219848e-03 1.284560e-01 -3.178670e-01 -1.362037e-01 9.464371e-01 -2.042243e+01 -8.622998e+00 5.344176e+01 2859 1.141013e-02
880431 8.990113e-03 -2.284477e-02 6.538719e-02 1.556489e-02 -3.850559e-02 6.193680e-02 1.120381e+01 -2.668697e+01 -4.866816e+00 931 4.078647e-03
255495 5.146844e-03 -2.713079e-02 1.395921e-01 2.985217e-01 -1.131915e+00 1.200852e+00 8.145907e+00 -3.067566e+01 2.946717e+01 3706 1.461063e-02
630737 -6.621371e-03 2.231316e-02 6.593202e-02 -8.416521e-03 3.151674e-02 6.639170e-02 -8.980207e+00 4.604078e+01 2.299568e+00 3910 1.453320e-02
756986 -1.347980e-03 -2.584777e-03 1.385294e-01 1.488535e-02 -1.022543e-02 5.110181e-01 1.689970e+00 -7.954296e-01 3.877790e+01 1954 8.200686e-03
382598 2.562176e-03 -1.530898e-02 1.273753e-01 1.573550e-02 -7.728045e-02 2.024272e-01 4.979183e+00 -2.342365e+01 2.836775e+01 1816 9.013707e-03
882910 -2.173154e-03 -3.509779e-03 1.513342e-01 2.970605e-02 -5.899587e-02 6.008985e-01 4.006800e+00 -6.973878e+00 5.650438e+01 2577 1.184355e-02
382970 -4.592225e-03 -2.563109e-02 6.524636e-02 -1.799956e-02 -4.798940e-02 6.832223e-02 -2.490634e+01 -4.153424e+01 5.713942e+00 1308 5.109920e-03
258122 3.446754e-03 2.828217e-03 1.252423e-01 4.253228e-02 1.063454e-01 3.367127e-01 5.957844e+00 1.577922e+01 3.223463e+01 3213 1.483558e-02
258133 -2.180214e-02 1.229180e-02 1.484166e-01 -4.953529e-02 2.599585e-02 2.115110e-01 -1.612848e+01 7.969723e+00 3.669316e+01 1111 7.505639e-03
633658 -6.145171e-03 -2.133426e-02 6.694010e-02 -1.267537e-02 -3.248614e-02 6.539423e-02 -2.025858e+01 -3.459638e+01 -4.795753e+00 3092 1.259157e-02
508785 8.822808e-04 -1.106798e-02 1.283852e-01 8.109792e-02 -4.104563e-01 1.007644e+00 3.638255e+00 -1.811463e+01 3.987963e+01 1596 7.859926e-03
133942 7.281109e-03 1.077231e-02 1.342169e-01 1.892274e-02 3.937424e-02 1.867018e-01 7.001466e+00 1.720167e+01 3.156530e+01 3158 1.474525e-02
10872 -2.448618e-02 -4.473596e-03 6.646445e-02 -3.095178e-02 -2.711351e-03 6.807550e-02 -3.402240e+01 9.273037e+00 8.477425e+00 2006 8.346307e-03
384980 1.094820e-03 -6.772486e-03 1.158608e-01 2.652803e-02 -6.824790e-02 1.748112e-01 9.338596e+00 -2.257262e+01 2.164549e+01 3353 1.441580e-02
385075 -2.098400e-02 6.731781e-03 6.686540e-02 -2.954738e-02 7.131021e-03 6.953572e-02 -2.069800e+01 9.649777e-01 6.454254e+00 4293 1.795213e-02
135225 -2.278753e-02 1.607695e-02 1.232479e-01 -1.135044e-01 8.633588e-02 2.108739e-01 -7.608508e+00 5.892684e+00 7.349272e+00 749 6.392265e-03
760375 2.055791e-02 1.982927e-02 1.536364e-01 2.503363e-01 2.573224e-01 5.640210e-01 1.494863e+01 1.545053e+01 2.669829e+01 4314 1.904921e-02
260497 -2.538751e-02 6.578587e-03 7.032128e-02 -3.293386e-02 1.088612e-02 7.204024e-02 -2.786042e+01 1.590300e+01 6.346213e+00 2344 9.037225e-03
13441 -7.498551e-03 6.080249e-04 1.325455e-01 -2.299658e-01 1.202929e-01 6.092727e-01 -2.421843e+01 1.302924e+01 5.189789e+01 1096 6.364957e-03
386605 -1.051835e-02 6.603214e-03 1.432292e-01 -1.076428e-01 7.903721e-02 3.766788e-01 -1.076779e+01 8.030464e+00 2.588160e+01 7633 2.869593e-02
887034 -1.923714e-03 -1.256496e-02 1.238719e-01 -2.052758e-02 -7.361633e-02 2.048852e-01 -6.803191e+00 -2.232570e+01 2.962554e+01 5093 2.034698e-02
762097 -3.881436e-03 2.705709e-02 6.689305e-02 -8.761060e-03 4.833479e-02 6.933289e-02 -9.129784e+00 3.981062e+01 4.564932e+00 1780 6.758915e-03
512432 4.978925e-03 -1.552641e-02 1.442729e-01 6.616985e-02 -2.904868e-01 7.947701e-01 3.042874e+00 -1.367310e+01 3.234763e+01 2325 1.138493e-02
15257 2.343620e-02 -1.196014e-02 6.650194e-02 2.988532e-02 -1.497702e-02 6.566492e-02 4.133907e+01 -1.933829e+01 -5.365313e+00 1225 5.976025e-03
762639 1.337041e-02 1.779359e-02 6.664714e-02 3.295226e-02 4.084108e-02 7.358750e-02 3.330168e+01 3.919550e+01 1.180306e+01 4918 1.954713e-02
638392 -1.239934e-02 -2.801779e-03 1.359273e-01 -4.417514e-02 -2.127554e-02 2.220835e-01 -1.134232e+01 -6.594181e+00 3.075331e+01 4378 1.759545e-02
138748 -1.972732e-02 1.605594e-02 6.903051e-02 -3.657056e-02 3.156308e-02 6.920269e-02 -2.404789e+01 2.214027e+01 2.458297e-01 2471 9.083866e-03
888627 6.468161e-03 -5.700521e-03 1.372064e-01 6.918247e-02 -1.317929e-01 4.724320e-01 6.452929e+00 -1.297415e+01 3.449272e+01 2057 1.029382e-02
16611 5.633601e-03 2.787498e-04 1.175179e-01 3.169931e-02 1.715443e-02 1.516961e-01 3.140323e+01 2.033134e+01 4.117694e+01 4177 1.566036e-02
763883 -5.805625e-03 -5.477174e-04 1.305987e-01 -1.731295e-01 -3.087832e-02 7.827336e-01 -1.122324e+01 -2.034423e+00 4.374189e+01 2162 9.602246e-03
514242 -1.847521e-02 -2.088740e-02 7.041567e-02 -2.202270e-02 -2.419764e-02 7.150403e-02 -6.718580e+00 -6.269244e+00 2.061228e+00 3608 1.412471e-02
17357 2.162618e-02 -8.222253e-03 6.624506e-02 3.537834e-02 -1.406471e-02 6.513917e-02 2.636242e+01 -1.119980e+01 -2.119953e+00 1821 7.144560e-03
389736 -2.812835e-02 -3.348131e-03 6.774250e-02 -7.995531e-02 -3.954667e-03 8.117011e-02 -3.424508e+01 -4.007732e-01 8.872403e+00 2098 8.857641e-03
889673 -2.126425e-02 1.712101e-02 6.932713e-02 -5.470066e-02 2.716062e-02 7.338978e-02 -4.268547e+01 1.281674e+01 5.186454e+00 2835 1.228064e-02
18155 5.815294e-03 -8.268707e-03 1.221165e-01 7.641010e-02 -2.314783e-01 3.510321e-01 7.246807e+00 -2.291326e+01 2.349900e+01 3293 1.388296e-02
18672 2.747131e-03 -2.495826e-02 6.829650e-02 5.263755e-03 -4.315451e-02 7.213156e-02 5.615932e+00 -4.060557e+01 8.558061e+00 3571 1.418250e-02
640351 -1.197132e-02 -1.344553e-02 6.596967e-02 -1.773982e-02 -2.594302e-02 6.647216e-02 -2.034290e+01 -4.407301e+01 1.772038e+00 1400 7.396098e-03
890500 -1.560501e-02 -3.414381e-03 6.757914e-02 -3.123275e-02 -9.784524e-03 7.139675e-02 -5.519113e+01 -2.249688e+01 1.348234e+01 1614 5.938489e-03
390779 2.619142e-02 2.842180e-03 6.759243e-02 4.590610e-02 3.525003e-03 6.584974e-02 4.863866e+01 1.684611e+00 -4.299453e+00 3181 1.153065e-02
390900 -2.538903e-04 1.234722e-03 2.106864e-01 1.291822e-01 -1.594081e-01 1.681934e+00 3.148214e+00 -3.907242e+00 3.578448e+01 2107 1.233906e-02
516201 -2.077811e-02 -6.689998e-04 6.801142e-02 -3.217725e-02 5.485146e-04 6.716427e-02 -3.249538e+01 3.470753e+00 -2.414956e+00 2067 8.374615e-03
891302 1.922415e-02 -1.639396e-02 6.733236e-02 2.401176e-02 -1.989544e-02 6.893448e-02 1.645500e+01 -1.203460e+01 5.506470e+00 3122 1.316944e-02
516315 -4.939801e-03 -4.331375e-03 1.454427e-01 -7.269081e-02 -1.216409e-01 7.045625e-01 -4.128546e+00 -7.148496e+00 3.407111e+01 911 5.479081e-03
766627 2.148283e-02 -1.936600e-02 6.461613e-02 2.699687e-02 -2.860065e-02 6.314175e-02 2.012149e+01 -3.369849e+01 -5.380198e+00 2721 1.065686e-02
21908 1.117999e-03 -4.379811e-03 1.174246e-01 6.236478e-03 -3.229151e-02 2.326911e-01 1.891453e+00 -1.031433e+01 4.259493e+01 4113 1.689907e-02
268551 1.996343e-02 -1.841244e-02 6.834332e-02 3.486359e-02 -2.851532e-02 7.220442e-02 3.029394e+01 -2.054046e+01 7.850113e+00 3459 1.314045e-02
768595 -1.164220e-02 1.927672e-02 1.524163e-01 -2.930941e-01 6.551836e-01 1.331065e+00 -1.153791e+01 2.606852e+01 4.831781e+01 2273 1.068928e-02
393746 -1.214714e-02 2.319377e-02 6.876039e-02 -1.548530e-02 3.472607e-02 7.060958e-02 -1.368640e+01 4.728219e+01 7.581656e+00 2057 7.464754e-03
643667 -2.487082e-02 -1.064582e-02 6.734229e-02 -3.166077e-02 -1.664491e-02 6.918070e-02 -1.681809e+01 -1.485920e+01 4.553571e+00 1302 6.558818e-03
893767 -8.134142e-03 -2.772129e-02 6.587262e-02 -7.237528e-02 -1.383802e-01 7.787001e-02 -3.432142e+01 -5.912057e+01 6.409721e+00 1665 6.593109e-03
769571 1.174614e-03 2.943841e-02 7.059542e-02 1.034716e-02 4.781770e-02 7.758751e-02 1.678592e+01 3.363445e+01 1.279565e+01 1563 8.336514e-03
644768 -1.139255e-02 1.912134e-02 6.594009e-02 -1.884308e-02 3.587459e-02 6.749129e-02 -1.023364e+01 2.301133e+01 2.130636e+00 3321 1.252101e-02
520024 -3.382256e-03 3.855203e-03 1.203242e-01 -6.079708e-02 3.179783e-02 3.010035e-01 -1.437432e+01 6.995688e+00 4.523469e+01 2313 9.170796e-03
270453 -3.549939e-03 1.031989e-02 1.144688e-01 -2.181048e-02 1.342498e-01 1.845740e-01 -4.687875e+00 3.181547e+01 1.799750e+01 4620 1.872555e-02
395981 -2.515502e-02 -6.726295e-03 6.626227e-02 -3.094621e-02 -7.497048e-03 6.726045e-02 -2.399850e+01 -3.193974e+00 4.136417e+00 1391 6.114364e-03
25772 7.294323e-03 9.176987e-03 1.222554e-01 4.254170e-02 2.932044e-02 1.546980e-01 3.087881e+01 1.764687e+01 2.842171e+01 1351 6.665930e-03
771359 6.363741e-03 2.638079e-02 2.041871e-01 2.697939e-01 2.064097e+00 7.453538e+00 1.372201e+00 1.061442e+01 3.776170e+01 4071 1.929439e-02
271360 -2.909680e-02 -6.173387e-03 6.584604e-02 -3.352007e-02 -6.422574e-03 6.586377e-02 -3.184035e+01 -1.793741e+00 1.276058e-01 2480 9.829458e-03
147444 -1.491017e-02 -2.219471e-02 7.085829e-02 -2.030706e-02 -2.818650e-02 7.175536e-02 -1.617270e+01 -1.795543e+01 2.688236e+00 1930 8.149766e-03
147528 -1.298517e-03 -1.334095e-02 1.224182e-01 9.569530e-03 -1.184265e-01 2.564852e-01 2.029008e+00 -1.961894e+01 2.502960e+01 2483 1.090119e-02
772334 1.805175e-02 -1.685753e-02 1.398271e-01 5.990133e-02 -5.828148e-02 2.051155e-01 2.150075e+01 -2.128208e+01 3.354276e+01 2041 1.030885e-02
27603 -2.851138e-02 1.855812e-03 6.617632e-02 -6.744537e-02 7.951078e-04 6.956797e-02 -3.661622e+01 -9.975601e-01 3.189743e+00 2275 9.280488e-03
897977 2.439638e-02 1.101629e-02 6.520929e-02 5.239272e-02 2.092646e-02 6.013340e-02 4.137557e+01 1.464617e+01 -7.149021e+00 3269 1.180589e-02
273206 6.911817e-03 1.074393e-02 1.274969e-01 2.055874e-02 2.331728e-02 1.474966e-01 2.014485e+01 1.856011e+01 2.952249e+01 597 3.336141e-03
773250 -2.152692e-02 1.890537e-02 2.037407e-01 -1.083579e-01 4.602982e-02 5.203286e-01 -1.035063e+01 3.233351e+00 3.773864e+01 1026 7.701255e-03
273378 -4.237832e-04 -5.867219e-03 1.161419e-01 1.472751e-02 -7.895620e-02 2.177417e-01 3.808423e+00 -1.837162e+01 2.553809e+01 1996 8.368837e-03
523338 -2.418417e-02 1.571485e-02 6.531569e-02 -4.014977e-02 2.943812e-02 6.540501e-02 -1.955077e+01 1.680491e+01 1.093779e-01 1241 6.198094e-03
648600 5.318007e-03 7.131292e-03 1.218001e-01 2.686502e-02 2.443872e-02 1.625060e-01 2.184654e+01 1.754802e+01 4.127175e+01 3456 1.345565e-02
149587 -3.236454e-03 -2.787385e-02 6.564973e-02 -3.724623e-03 -3.467879e-02 6.555361e-02 -3.642973e+00 -5.078202e+01 -7.172905e-01 2255 8.858627e-03
399554 -2.797868e-02 -6.443423e-03 6.595981e-02 -3.723966e-02 -6.554233e-03 6.628009e-02 -3.546523e+01 -4.243500e-01 1.226515e+00 1499 6.095311e-03
30379 1.448655e-02 -2.150140e-02 6.562598e-02 2.093486e-02 -3.515682e-02 5.990088e-02 1.132500e+01 -2.398266e+01 -8.172206e+00 2902 1.077859e-02
30430 2.444505e-02 1.086495e-02 6.595207e-02 3.187900e-02 1.358424e-02 6.553833e-02 2.491826e+01 9.114959e+00 -1.386845e+00 1769 9.464603e-03
775333 -1.058931e-02 -2.251186e-02 6.691891e-02 -1.393598e-02 -2.826819e-02 7.012695e-02 -8.476125e+00 -1.457911e+01 8.125036e+00 1449 6.494037e-03
30795 3.215587e-03 -2.392058e-03 1.275906e-01 3.125601e-02 -3.773132e-02 3.605331e-01 4.592967e+00 -5.788504e+00 3.815553e+01 3149 1.316402e-02
775945 -2.787334e-03 -2.675861e-02 1.346616e-01 -3.096763e-02 -9.091456e-02 1.911070e-01 -5.189603e+00 -1.181478e+01 1.039483e+01 935 7.402757e-03
651350 -1.617872e-02 -2.235105e-02 6.978142e-02 -1.943983e-02 -2.390255e-02 7.130678e-02 -3.477835e+01 -1.654610e+01 1.626738e+01 1824 7.954869e-03
526491 -1.733826e-02 1.717664e-02 6.726239e-02 -2.169585e-02 2.289660e-02 6.848311e-02 -2.155423e+01 2.829303e+01 6.038122e+00 5912 2.205154e-02
152630 5.022925e-03 2.147205e-02 6.708279e-02 8.180566e-03 3.020094e-02 6.704571e-02 1.096432e+01 3.030943e+01 -1.287669e-01 3890 1.546899e-02
902533 1.681742e-03 1.966559e-02 1.565270e-01 7.237870e-03 3.449907e-02 1.994040e-01 4.066122e+00 1.085553e+01 3.137847e+01 1782 1.061757e-02
777716 -8.224515e-04 -1.987159e-02 6.854761e-02 -9.009066e-03 -3.673350e-02 6.536774e-02 -2.006520e+01 -4.132814e+01 -7.793786e+00 1441 5.299373e-03
902636 5.539962e-03 4.028901e-03 1.154232e-01 4.307707e-02 2.800996e-02 1.540200e-01 2.628554e+01 1.679285e+01 2.702760e+01 3939 1.442961e-02
153315 2.015436e-02 1.171011e-02 6.925377e-02 3.145605e-02 1.970971e-02 7.760231e-02 1.648706e+01 1.166993e+01 1.217897e+01 1526 1.025471e-02
653065 -1.041154e-02 1.389818e-02 1.360948e-01 -1.679949e-01 1.374657e-01 4.857654e-01 -1.328090e+01 1.041410e+01 2.946974e+01 5198 2.044281e-02
403520 1.913189e-02 1.631370e-02 6.722861e-02 2.727689e-02 1.945035e-02 6.704120e-02 2.112642e+01 8.135802e+00 -4.860907e-01 642 3.434883e-03
278482 -7.410678e-03 2.602352e-02 6.953161e-02 -5.123027e-02 5.954748e-02 7.207916e-02 -2.529042e+01 1.934831e+01 1.470320e+00 1844 8.797012e-03
528402 -3.243587e-03 6.235885e-03 1.165650e-01 -2.633768e-02 4.928220e-02 1.679073e-01 -9.093098e+00 1.694911e+01 2.021557e+01 1793 8.750550e-03
403618 7.632353e-03 -2.762237e-02 6.682395e-02 1.535225e-02 -4.381208e-02 6.585269e-02 1.609251e+01 -3.374827e+01 -2.024632e+00 2260 1.047067e-02
154204 2.128017e-02 -2.011063e-02 6.582073e-02 2.302375e-02 -2.172831e-02 6.548105e-02 3.423411e+01 -3.176195e+01 -6.669564e+00 7046 2.522877e-02
528846 -2.157452e-02 -1.969775e-02 6.917012e-02 -3.554669e-02 -3.222995e-02 6.974596e-02 -2.523984e+01 -2.263864e+01 1.040213e+00 2440 1.026955e-02
154405 1.567840e-02 8.691593e-03 2.237072e-01 2.729621e-01 1.332139e+00 6.988311e+00 1.871062e+00 9.624598e+00 4.919470e+01 1286 8.323169e-03
904030 2.829784e-02 1.637602e-03 6.596509e-02 3.265521e-02 2.960025e-03 6.519158e-02 3.840377e+01 1.165523e+01 -6.817318e+00 9198 3.256800e-02
404439 -2.209367e-02 1.355454e-02 6.923721e-02 -2.750071e-02 1.973479e-02 7.112454e-02 -2.781602e+01 3.179377e+01 9.709225e+00 4595 1.776439e-02
155048 -2.356861e-02 2.874985e-03 6.789733e-02 -5.579201e-02 7.744269e-03 7.001363e-02 -5.954177e+01 8.997369e+00 3.910458e+00 6337 2.210517e-02
529835 2.167611e-03 -2.485927e-02 6.843447e-02 4.611490e-03 -3.409275e-02 7.114847e-02 1.055491e+01 -3.987867e+01 1.172153e+01 1492 6.056258e-03
530859 1.814530e-02 1.806696e-02 6.896548e-02 3.097540e-02 2.884996e-02 7.087876e-02 3.558101e+01 2.990393e+01 5.306003e+00 5206 1.844530e-02
655821 5.513387e-03 -2.081733e-03 1.260422e-01 3.645660e-02 -1.973345e-02 1.710860e-01 1.647208e+01 -9.396583e+00 2.397827e+01 2627 1.124906e-02
406419 -1.616593e-04 1.580138e-02 2.031909e-01 4.458219e-01 2.870470e-01 2.872320e+00 6.281961e+00 3.820666e+00 3.759637e+01 2374 1.275746e-02
656236 2.560609e-02 1.394243e-02 7.039011e-02 3.494795e-02 1.793493e-02 7.196098e-02 3.153216e+01 1.347616e+01 5.302241e+00 2656 1.163330e-02
38721 1.004768e-02 2.605720e-02 6.827049e-02 9.445963e-02 1.854331e-01 8.161187e-02 2.612946e+01 4.933434e+01 4.129785e+00 2463 8.925040e-03
39005 -1.145161e-02 -2.115303e-02 6.625531e-02 -1.486958e-02 -2.732174e-02 6.626008e-02 -1.575843e+01 -2.844060e+01 2.199011e-02 2523 1.071918e-02
39119 2.885568e-02 -2.565018e-03 6.816099e-02 5.789835e-02 -3.783110e-03 7.551291e-02 3.824384e+01 -1.604003e+00 9.681126e+00 3611 1.489044e-02
157782 -7.364428e-03 -2.006814e-02 6.789291e-02 -8.861468e-03 -4.466855e-02 6.792058e-02 -2.111736e+00 -3.470150e+01 3.902686e-02 4508 1.599317e-02
657223 -2.038519e-02 -1.803465e-02 6.562741e-02 -2.629665e-02 -3.172301e-02 5.991688e-02 -1.288806e+01 -2.984310e+01 -1.010669e+01 3240 1.329155e-02
657328 1.089916e-02 -1.429611e-02 1.387208e-01 7.904496e-02 -1.157160e-01 3.239928e-01 1.197541e+01 -1.782274e+01 3.255825e+01 4474 1.900874e-02
407662 -6.808378e-03 8.937567e-03 1.418215e-01 -2.734431e-01 2.282179e-01 6.220612e-01 -1.332318e+01 1.095698e+01 2.399657e+01 939 5.749734e-03
282628 2.658702e-02 -3.083903e-03 6.969726e-02 6.607920e-02 -1.106891e-02 7.874445e-02 6.105684e+01 -1.234521e+01 1.398740e+01 5192 1.865812e-02
40059 -9.677474e-03 8.805735e-03 1.632209e-01 -1.320537e-01 8.959762e-02 6.260785e-01 -1.129644e+01 7.457830e+00 4.272599e+01 5029 1.967583e-02
408272 -1.224826e-02 -2.205288e-02 6.840533e-02 -1.520735e-02 -2.723322e-02 6.942249e-02 -1.691150e+01 -2.960614e+01 5.813184e+00 3692 1.400072e-02
283477 -6.054431e-03 2.792527e-02 6.896143e-02 -8.133587e-03 3.582528e-02 7.085048e-02 -9.022197e+00 3.428096e+01 8.197264e+00 2316 8.898037e-03
908583 -2.473440e-02 9.777233e-04 6.850686e-02 -3.631943e-02 -6.895132e-04 7.222640e-02 -4.273517e+01 -6.150144e+00 1.372073e+01 3820 1.575771e-02
658467 1.600174e-02 -2.510238e-02 2.165759e-01 1.146950e-01 -1.228627e-01 1.035992e+00 3.116331e+00 -3.086874e+00 2.587381e+01 2120 1.268838e-02
409577 -1.210106e-02 1.747677e-02 1.351417e-01 -1.117430e-01 1.770843e-01 3.480778e-01 -1.136534e+01 1.820513e+01 2.428787e+01 1141 7.270211e-03
784564 6.382054e-03 8.945464e-03 1.297746e-01 3.254593e-02 4.592254e-02 1.981140e-01 8.991987e+00 1.270826e+01 2.348685e+01 1776 9.192614e-03
160254 -1.119312e-02 -2.409954e-02 6.994706e-02 -1.228305e-02 -2.792422e-02 7.203420e-02 -7.741368e+00 -2.716517e+01 1.482416e+01 2573 9.950523e-03
784845 6.096490e-03 -1.215956e-02 1.130517e-01 4.791025e-01 -5.292970e-01 3.394578e-01 1.844429e+01 -2.016514e+01 8.828427e+00 2636 1.173826e-02
785249 -3.879063e-03 1.939653e-03 1.245218e-01 -5.290330e-02 4.804137e-02 1.853682e-01 -1.869122e+01 1.757696e+01 2.319856e+01 1149 5.589527e-03
660032 -5.781061e-03 9.387473e-03 1.225942e-01 -2.608459e-02 6.486738e-02 2.126889e-01 -7.443748e+00 2.034024e+01 3.303085e+01 1909 8.816295e-03
535568 -2.074202e-02 -1.407788e-02 6.760598e-02 -3.597654e-02 -2.487362e-02 6.919690e-02 -4.073871e+01 -2.886894e+01 4.254288e+00 1903 7.507071e-03
43335 2.082656e-02 1.428619e-02 6.887971e-02 9.003950e-02 1.847479e-02 8.843728e-02 4.382550e+01 2.652211e+00 1.238382e+01 2305 8.309401e-03
910709 -2.371436e-02 1.502349e-02 1.680389e-01 -4.645433e-01 4.685374e-01 1.372535e+00 -1.352931e+01 1.391862e+01 3.696674e+01 2446 1.124135e-02
785841 3.073032e-03 1.390203e-02 1.281804e-01 1.403157e-03 4.392520e-02 1.713577e-01 -1.170062e+00 2.103689e+01 3.025384e+01 4224 1.745215e-02
786100 6.994193e-03 2.120938e-02 1.265632e-01 1.049798e-01 3.675024e-01 4.008374e-01 7.354354e+00 2.599118e+01 2.058578e+01 1365 8.515199e-03
536264 2.644333e-02 -1.351720e-02 6.640341e-02 5.729354e-02 -3.038584e-02 7.333678e-02 2.827862e+01 -1.546251e+01 6.355422e+00 5391 2.060875e-02
411595 1.857481e-02 -2.007370e-02 6.784624e-02 9.025282e-02 -8.505016e-02 7.079109e-02 2.998392e+01 -2.718056e+01 1.231872e+00 2161 8.080456e-03
44223 2.394584e-02 5.849987e-03 6.549519e-02 4.820481e-02 6.979550e-03 6.640125e-02 2.201696e+01 1.025170e+00 8.223185e-01 1782 6.982828e-03
162133 -1.498407e-02 -1.997757e-02 6.738993e-02 -2.501428e-02 -2.991344e-02 6.702824e-02 -2.455253e+01 -2.432160e+01 -8.853600e-01 5368 1.917218e-02
911706 2.035374e-02 -1.317300e-02 6.846246e-02 5.321515e-02 -5.253319e-02 7.205365e-02 1.739000e+01 -2.082911e+01 1.900432e+00 2488 9.467799e-03
787251 -7.616624e-03 -2.455178e-02 6.729690e-02 -1.046253e-02 -3.274828e-02 6.879099e-02 -1.444911e+01 -4.161497e+01 7.585750e+00 5765 2.147181e-02
537287 -8.890397e-04 -2.665454e-02 6.886636e-02 -4.101540e-03 -4.297282e-02 7.073705e-02 -5.798994e+00 -2.945668e+01 3.376833e+00 1913 9.046605e-03
288660 2.069078e-02 2.938346e-03 6.829118e-02 3.959966e-02 7.294375e-03 6.716577e-02 5.712704e+01 1.316033e+01 -3.400069e+00 1209 4.603414e-03
164585 -6.036742e-03 -4.132232e-03 1.607905e-01 -2.283993e-01 7.706001e-02 9.061671e-01 -1.161089e+01 4.239538e+00 3.892062e+01 1900 1.027045e-02
164757 5.989534e-03 1.289151e-02 1.403166e-01 1.979471e-01 4.927719e-01 1.205660e+00 6.370667e+00 1.592621e+01 3.535649e+01 5581 2.185391e-02
664190 -2.031029e-02 9.152719e-03 6.619389e-02 -3.167241e-02 7.311886e-03 6.662598e-02 -3.404175e+01 -5.515272e+00 1.294579e+00 1449 6.668751e-03
414556 8.857001e-03 1.115241e-02 1.831358e-01 9.984818e-01 9.068929e-01 1.001212e+01 5.347816e+00 4.840476e+00 5.311465e+01 3252 1.531376e-02
539645 2.896649e-02 2.646961e-03 6.651492e-02 5.466830e-02 -3.458946e-03 6.680590e-02 3.515416e+01 -8.351474e+00 3.979864e-01 3747 1.468943e-02
789869 -8.446366e-03 1.067884e-02 1.341803e-01 -1.606910e-02 3.645343e-02 1.656625e-01 -4.577984e+00 1.547943e+01 1.890725e+01 1268 8.270336e-03
289965 -1.652135e-02 1.541278e-04 1.407493e-01 -7.945056e-01 -1.200281e-02 1.694624e+00 -2.934278e+01 -4.585162e-01 5.860659e+01 2447 1.016704e-02
665193 7.189176e-03 4.850187e-03 1.176642e-01 8.785876e-02 2.473383e-02 2.213964e-01 1.868260e+01 4.604935e+00 2.402376e+01 3058 1.383585e-02
415775 3.249937e-03 -3.376598e-03 1.175770e-01 6.246035e-02 3.396636e-03 2.613198e-01 1.391663e+01 1.591960e+00 3.378486e+01 1530 6.556482e-03
49376 -1.954790e-02 -1.344602e-02 6.610689e-02 -3.062535e-02 -1.557482e-02 6.664447e-02 -3.711802e+01 -7.133151e+00 1.801305e+00 3823 1.419765e-02
416295 -8.252487e-03 -3.318959e-03 1.171262e-01 -4.121725e-02 1.052338e-03 1.528092e-01 -1.978241e+01 2.623249e+00 2.141363e+01 2495 9.986750e-03
791250 1.678974e-02 -1.624146e-02 6.824107e-02 2.016760e-02 -2.247823e-02 6.904841e-02 2.522736e+01 -4.657893e+01 6.029524e+00 1672 6.191682e-03
50441 -2.500645e-02 1.156740e-02 6.610031e-02 -4.069048e-02 1.977298e-02 5.804420e-02 -3.744616e+01 1.959111e+01 -1.440993e+01 2915 1.101599e-02
541617 6.983379e-03 2.771736e-02 6.522180e-02 2.255808e-02 1.051787e-01 3.546969e-02 1.034127e+01 5.143269e+01 -1.957974e+01 3061 1.372384e-02
51421 1.940424e-02 -9.248426e-03 6.823471e-02 3.003846e-02 -1.861218e-02 7.020314e-02 4.423879e+01 -3.895360e+01 8.188769e+00 2202 8.049349e-03
667155 5.152285e-03 2.538556e-02 6.734136e-02 8.262228e-03 3.240756e-02 6.797543e-02 9.956718e+00 2.248147e+01 2.030017e+00 1215 6.283515e-03
417876 2.454115e-02 -1.049996e-02 6.862028e-02 3.678973e-02 -1.420148e-02 7.542760e-02 3.482117e+01 -1.052296e+01 1.935237e+01 1435 6.119227e-03
292821 2.490488e-02 9.616019e-03 6.847198e-02 4.255522e-02 1.283393e-02 7.129309e-02 3.130953e+01 5.708179e+00 5.004299e+00 5973 2.247984e-02
793065 1.385988e-02 -8.513588e-03 1.732284e-01 4.234288e-02 -2.723959e-02 2.899646e-01 9.982661e+00 -6.563048e+00 4.091347e+01 2463 1.068838e-02
543028 -6.700272e-04 2.961304e-02 6.925866e-02 -2.382281e-03 4.529539e-02 6.940805e-02 -3.269790e+00 2.994766e+01 2.852845e-01 2058 8.307835e-03
52310 -3.481499e-03 9.969960e-03 1.378204e-01 -1.185235e-02 5.114007e-02 2.139684e-01 -3.438948e+00 1.691368e+01 3.128343e+01 4929 2.141489e-02
293945 -1.195101e-02 -2.532973e-02 6.836311e-02 -1.986891e-02 -3.607673e-02 6.817964e-02 -2.472212e+01 -3.355547e+01 -5.728465e-01 2052 7.993717e-03
544122 -2.088185e-02 3.659898e-03 1.542573e-01 -1.349266e-01 -4.859587e-03 3.465453e-01 -1.960809e+01 -1.464783e+00 3.306071e+01 1666 9.197252e-03
294280 8.967169e-03 -2.157259e-02 6.877193e-02 1.353901e-02 -2.882937e-02 7.019655e-02 1.736609e+01 -2.756475e+01 5.411432e+00 2891 1.249638e-02
919140 -2.629689e-02 -1.269219e-02 2.447100e-01 -8.529659e-01 -7.509653e-01 3.437816e+00 -1.024687e+01 -9.151167e+00 3.957973e+01 3668 1.864675e-02
668969 1.494874e-02 1.958004e-02 6.734177e-02 2.224243e-02 2.621477e-02 6.544533e-02 3.286606e+01 2.989672e+01 -8.545549e+00 2151 9.503757e-03
54757 -1.434709e-03 5.818448e-03 1.159288e-01 -1.705301e-02 2.853065e-02 1.483984e-01 -1.968830e+01 2.863081e+01 4.093083e+01 2949 1.114610e-02
545547 -1.224877e-02 -1.000479e-02 1.230430e-01 -1.663037e-01 -1.587152e-01 3.174036e-01 -2.368406e+01 -2.286240e+01 2.988058e+01 2352 1.283822e-02
295754 -7.650871e-05 -1.211650e-02 1.137973e-01 4.563080e-02 -2.766769e-01 1.786471e-01 3.472613e+00 -2.009998e+01 4.926961e+00 1958 8.862246e-03
545714 -2.544691e-02 6.165670e-03 6.642442e-02 -3.512694e-02 9.015722e-03 6.564209e-02 -2.447342e+01 7.205610e+00 -1.977911e+00 1258 5.578033e-03
55542 -5.002219e-03 -2.991114e-03 1.158615e-01 -2.951505e-02 -2.602365e-02 1.278811e-01 -2.301011e+01 -2.162056e+01 1.128278e+01 4624 1.742260e-02
795927 -2.547640e-02 8.051237e-03 6.723178e-02 -3.251880e-02 8.934688e-03 6.741962e-02 -1.964659e+01 2.464613e+00 5.240427e-01 2820 1.077558e-02
796122 1.169408e-03 -6.048357e-03 1.326875e-01 -4.708116e-03 -4.100507e-02 2.726094e-01 -1.284391e+00 -7.638943e+00 3.057655e+01 3225 1.442633e-02
921059 2.714569e-02 1.072382e-02 1.503625e-01 4.255034e-01 4.020998e-02 8.931438e-01 1.586907e+01 1.174618e+00 2.958962e+01 3433 1.500267e-02
172353 -2.394794e-02 5.524853e-04 6.844498e-02 -3.050926e-02 2.757935e-03 6.988026e-02 -3.014586e+01 1.013289e+01 6.594362e+00 2192 7.998691e-03
172362 -1.556733e-02 2.188262e-02 6.763462e-02 -2.200465e-02 3.606658e-02 6.842102e-02 -1.947258e+01 4.290577e+01 2.378827e+00 6245 2.249163e-02
56981 -2.064380e-02 2.117674e-02 6.724010e-02 -4.944398e-02 5.848538e-02 7.305630e-02 -2.139973e+01 2.772187e+01 4.321684e+00 4881 1.964291e-02
172815 7.729911e-03 -3.426131e-03 1.184767e-01 7.130233e-02 -1.018842e-02 1.957586e-01 2.104323e+01 -2.238398e+00 2.558121e+01 1553 9.203493e-03
922168 2.377005e-02 -1.641420e-02 8.300154e-02 7.477728e-02 -4.472246e-02 1.277354e-01 2.196458e+01 -1.219002e+01 1.926316e+01 2800 1.298013e-02
297490 -7.013505e-03 2.799499e-02 6.868905e-02 -9.058435e-03 5.925396e-02 7.927843e-02 -2.343520e+00 3.582323e+01 1.213558e+01 4834 1.871658e-02
57524 -2.198469e-02 5.550925e-03 6.677995e-02 -3.176577e-02 5.551061e-03 6.758512e-02 -1.947013e+01 2.706697e-04 1.602769e+00 6658 2.448979e-02
173367 -2.900926e-02 -6.980227e-03 1.408101e-01 -6.613739e-01 -1.565662e-01 8.270682e-01 -2.872444e+01 -6.794773e+00 3.117248e+01 2783 1.272942e-02
58220 -1.039094e-02 2.357590e-03 1.740820e-01 -1.348141e-01 1.210746e-02 1.326895e+00 -4.264527e+00 3.341708e-01 3.951196e+01 1687 9.144837e-03
298375 1.775634e-02 1.741387e-02 6.540364e-02 4.725327e-02 4.284295e-02 6.942732e-02 3.024554e+01 2.607445e+01 4.125800e+00 1594 6.668232e-03
798335 -1.270775e-02 -1.346885e-02 1.287806e-01 -2.863340e-01 -2.683111e-01 5.006931e-01 -2.216580e+01 -2.064415e+01 3.012773e+01 1455 7.269123e-03
174025 -2.430818e-03 -1.389181e-02 1.457251e-01 -7.651549e-02 -1.468557e-01 4.928202e-01 -8.565630e+00 -1.537322e+01 4.013095e+01 1139 6.660648e-03
58703 5.463912e-03 -1.990236e-03 1.372061e-01 4.522912e-02 -2.537928e-02 2.635205e-01 1.342489e+01 -7.896234e+00 4.264424e+01 2382 1.090181e-02
58795 -8.834367e-05 9.209820e-03 1.379238e-01 -1.152665e-03 5.991182e-02 3.041435e-01 -3.726657e-01 1.775299e+01 5.820079e+01 4940 2.250963e-02
59000 2.309586e-02 8.014252e-03 2.284182e-01 6.714757e-01 4.149280e-01 3.130898e+00 7.268119e+00 4.561366e+00 3.253582e+01 1007 8.391059e-03
923795 2.396992e-03 1.946708e-02 6.629614e-02 4.229596e-03 2.974947e-02 6.654506e-02 9.098821e+00 5.105176e+01 1.235860e+00 1584 5.948672e-03
298978 -2.059935e-02 -1.916507e-02 1.636932e-01 -3.854002e-01 -1.698657e-01 1.053332e+00 -1.368789e+01 -5.654523e+00 3.338064e+01 1446 8.465024e-03
673761 4.713338e-03 2.445185e-03 1.117007e-01 1.836263e-02 5.479537e-02 1.386751e-01 1.148359e+01 4.404388e+01 2.269441e+01 5458 1.986362e-02
174755 -2.422545e-02 -5.665478e-03 6.734892e-02 -3.131972e-02 -8.213496e-03 6.594465e-02 -2.487847e+01 -8.935503e+00 -4.924550e+00 2421 1.091140e-02
673948 -8.918043e-03 -1.009511e-03 1.365896e-01 -8.504153e-02 -2.114501e-02 3.053442e-01 -1.741347e+01 -4.606054e+00 3.860310e+01 3676 1.464724e-02
60069 9.271943e-03 -2.708197e-02 7.137025e-02 1.136629e-01 -1.818518e-01 1.647369e-01 2.327848e+01 -3.451261e+01 2.082014e+01 1286 5.976045e-03
674297 -2.206689e-02 -1.877049e-02 6.779705e-02 -1.104736e-01 -7.564891e-02 9.037480e-02 -3.213799e+01 -2.067668e+01 8.207555e+00 1381 7.485465e-03
674381 -2.191818e-02 9.852572e-03 6.882622e-02 -3.805133e-02 1.812160e-02 7.214590e-02 -3.267996e+01 1.675008e+01 6.724484e+00 4804 1.855317e-02
60450 -2.561055e-02 -1.255943e-04 6.550747e-02 -3.240741e-02 -8.013127e-04 6.222633e-02 -3.982194e+01 -3.958948e+00 -1.433194e+01 1992 7.693007e-03
674627 1.651637e-02 1.474880e-02 6.823470e-02 2.397154e-02 2.075132e-02 6.814136e-02 3.346062e+01 2.694074e+01 -4.189117e-01 1407 5.522641e-03
60913 -4.153540e-03 -2.548225e-02 6.908275e-02 -2.087310e-02 -8.555570e-02 6.826325e-02 -9.392665e+00 -3.374789e+01 -4.603765e-01 2283 8.564886e-03
800466 1.718387e-02 9.176019e-03 1.793879e-01 1.735156e-01 -1.659571e-02 6.338212e-01 8.267157e+00 -1.362864e+00 2.403140e+01 2243 1.297658e-02
300747 2.659533e-02 1.775366e-03 6.827696e-02 3.159222e-02 1.199943e-03 7.051871e-02 2.818460e+01 -3.245631e+00 1.264444e+01 4293 1.565772e-02
550825 7.951600e-03 -4.679636e-03 1.131995e-01 1.900025e-01 -1.601725e-01 2.174388e-01 3.058608e+01 -2.612411e+01 1.751307e+01 7146 2.601838e-02
800980 4.685517e-03 1.583312e-02 1.808289e-01 1.598001e-02 3.470897e-02 2.672959e-01 4.158098e+00 6.949195e+00 3.183306e+01 1623 9.256406e-03
61893 -4.572478e-03 4.360191e-03 1.182739e-01 -2.492571e-02 1.929610e-02 1.626746e-01 -9.934783e+00 7.290489e+00 2.167278e+01 1722 7.961055e-03
61984 -1.767188e-02 2.403896e-02 7.037827e-02 -3.839687e-02 3.782744e-02 8.129795e-02 -2.610784e+01 1.736973e+01 1.375582e+01 1805 9.780614e-03
926193 3.827397e-03 -1.872330e-03 2.146326e-01 1.792632e-02 -5.812712e-01 5.590296e+00 1.221084e-01 -5.018077e+00 4.655772e+01 2254 1.223448e-02
427313 5.077919e-04 -1.848597e-02 1.631332e-01 -8.619185e-02 -6.365285e-01 2.022128e+00 -1.398824e+00 -9.971585e+00 2.999329e+01 3295 1.532210e-02
178115 1.226159e-02 -3.516156e-03 1.265788e-01 5.408672e-01 -1.580078e-01 1.163815e+00 2.349317e+01 -6.866177e+00 4.609857e+01 2810 1.357715e-02
63572 8.595233e-03 1.487719e-02 2.287385e-01 1.774690e+00 4.136471e-02 8.685288e+00 9.403677e+00 1.410344e-01 4.502740e+01 1495 1.071995e-02
178476 -2.191909e-02 -1.497224e-02 6.912624e-02 -2.558819e-01 -2.124696e-01 1.948707e-01 -4.944149e+01 -4.173554e+01 2.657258e+01 3032 1.266728e-02
178651 -6.647325e-03 1.196828e-02 1.185448e-01 -2.002025e-01 5.951397e-01 5.738647e-01 -1.213124e+01 3.655076e+01 2.853756e+01 4303 1.665252e-02
303198 -1.495481e-03 -2.377042e-02 6.780662e-02 -2.365100e-03 -5.713272e-02 7.204067e-02 -1.269512e+00 -4.870385e+01 6.181061e+00 5219 1.856034e-02
553032 2.239607e-02 1.456441e-02 6.670857e-02 8.271293e-02 4.542861e-02 5.320071e-02 4.564607e+01 2.335715e+01 -7.772586e+00 7660 2.698479e-02
928111 9.896022e-04 2.668576e-02 7.007512e-02 -7.686824e-03 4.227185e-02 8.254324e-02 -1.210919e+01 2.175260e+01 1.740104e+01 1289 5.733883e-03
678036 2.091880e-02 1.617541e-02 6.542377e-02 3.053738e-02 2.914379e-02 6.365969e-02 2.711025e+01 3.655177e+01 -3.090628e+00 1624 6.484247e-03
928702 4.170908e-03 3.454905e-03 1.305829e-01 4.317799e-02 -6.783641e-03 4.717569e-01 5.787924e+00 -1.519209e+00 5.062386e+01 2421 1.084378e-02
179825 7.357432e-03 -2.315685e-03 1.151220e-01 6.921368e-02 -5.547670e-02 2.070445e-01 1.824205e+01 -1.567773e+01 2.710890e+01 3693 1.496888e-02
929002 6.013367e-03 9.119843e-03 1.224262e-01 3.531525e-02 3.763901e-02 1.656694e-01 2.289974e+01 2.228804e+01 3.379510e+01 1424 6.710662e-03
180160 3.571479e-03 -2.376704e-02 6.721218e-02 4.820016e-03 -3.284488e-02 6.889256e-02 5.019107e+00 -3.649279e+01 6.755087e+00 2851 1.154405e-02
554396 -4.744305e-03 5.732668e-03 1.155782e-01 -2.622774e-02 2.174093e-02 1.468029e-01 -1.472203e+01 1.097004e+01 2.139752e+01 1651 1.317369e-02
929578 -5.151505e-03 -8.284682e-03 1.291780e-01 -6.177830e-02 -1.012512e-01 3.809193e-01 -1.000012e+01 -1.641761e+01 4.445673e+01 2238 1.018601e-02
805300 -1.593414e-03 -1.332698e-03 1.248930e-01 -1.351130e-01 -3.788202e-02 4.415874e-01 -1.221461e+01 -3.343598e+00 2.897179e+01 1867 9.192544e-03
430455 -3.743697e-03 2.335177e-02 6.695247e-02 -5.148496e-03 3.303279e-02 6.917423e-02 -6.664031e+00 4.592441e+01 1.053950e+01 2342 9.646410e-03
67028 -1.862447e-02 -8.020748e-03 6.626436e-02 -3.020733e-02 -1.857380e-02 6.541903e-02 -2.373687e+01 -2.162647e+01 -1.732345e+00 2025 7.682899e-03
430513 1.566091e-02 1.909574e-02 6.516009e-02 1.880907e-02 2.455582e-02 6.517880e-02 1.594369e+01 2.765229e+01 9.475204e-02 4608 1.749848e-02
555239 -8.301607e-03 -2.287726e-02 6.652681e-02 -1.142676e-02 -2.879792e-02 6.692473e-02 -1.909833e+01 -3.618210e+01 2.431749e+00 5937 2.099776e-02
305460 -1.190579e-02 -2.064712e-02 6.546904e-02 -2.746617e-02 -4.493506e-02 6.124801e-02 -2.531763e+01 -3.951788e+01 -5.634429e+00 1508 6.500988e-03
181619 -3.329331e-03 -2.305852e-02 6.724971e-02 -6.433492e-04 -4.731575e-02 6.775096e-02 4.388832e+00 -3.963574e+01 8.190264e-01 1900 6.949649e-03
556142 2.206442e-02 8.378284e-03 1.423056e-01 4.878801e-01 1.409705e-01 8.079922e-01 2.719371e+01 7.740561e+00 3.886191e+01 1343 6.421817e-03
431846 -2.151493e-03 9.501522e-03 1.440384e-01 -1.024048e-01 5.308649e-01 1.592889e+00 -2.236006e+00 1.162826e+01 3.231454e+01 3244 1.367659e-02
556923 -2.099199e-02 1.926190e-02 6.814311e-02 -3.684477e-02 3.417822e-02 6.666358e-02 -2.090608e+01 1.967111e+01 -1.951146e+00 2419 9.159526e-03
183268 -2.207299e-03 -2.377927e-02 1.324258e-01 -2.008331e-02 -1.696389e+00 1.745207e+00 -5.663821e-01 -5.299484e+01 5.109923e+01 2146 8.822332e-03
682434 -2.147236e-03 7.888356e-03 1.169573e-01 -1.622846e-02 2.734923e-02 1.252876e-01 -1.846363e+01 2.551755e+01 1.092290e+01 3944 1.516813e-02
433027 -9.279561e-03 -2.632190e-02 6.745393e-02 -2.831072e-02 -9.077843e-02 8.144206e-02 -7.192116e+00 -2.435893e+01 5.286294e+00 1760 7.210704e-03
308634 -2.798207e-02 -7.048470e-03 7.041830e-02 -7.752841e-02 -2.831208e-02 9.029330e-02 -2.343946e+01 -1.005943e+01 9.402499e+00 3846 1.529536e-02
72098 -7.170946e-03 -2.670158e-02 2.428736e-01 -1.601228e-02 -3.831349e-01 1.752142e+00 -2.357884e-01 -9.505673e+00 4.025048e+01 2401 1.301326e-02
559530 1.060128e-02 -7.978300e-03 1.195895e-01 2.320403e-02 -2.158117e-02 1.481984e-01 7.941974e+00 -8.572230e+00 1.802870e+01 5638 2.248538e-02
934533 -1.071573e-02 -9.390514e-03 1.277376e-01 -5.874998e-02 -3.388390e-02 2.239456e-01 -1.902477e+01 -9.701020e+00 3.810476e+01 2349 9.490665e-03
809745 -3.772365e-03 1.391699e-02 1.298123e-01 -9.609688e-02 2.513264e-01 4.206104e-01 -1.074794e+01 2.763797e+01 3.385321e+01 2393 1.060567e-02
73086 -2.283256e-02 1.248562e-02 6.819839e-02 -3.448424e-02 2.148489e-02 7.178488e-02 -2.022738e+01 1.562280e+01 6.226166e+00 4222 1.686640e-02
935421 1.564934e-02 9.345832e-03 1.622193e-01 8.057139e-01 8.088666e-01 3.370720e+00 1.212690e+01 1.227205e+01 4.924810e+01 1347 7.559414e-03
73505 -8.606695e-03 1.001721e-02 1.577345e-01 -5.076992e-01 4.662405e-01 1.519355e+00 -1.257402e+01 1.149398e+01 3.430433e+01 7604 2.872065e-02
186525 -2.185453e-02 1.855973e-02 6.509927e-02 -1.665133e-01 2.953083e-01 -3.256795e-02 -1.803806e+01 3.450885e+01 -1.217619e+01 2558 9.800723e-03
560669 -2.986337e-03 -3.633270e-03 1.109187e-01 -1.713525e-02 -4.604468e-02 1.498280e-01 -9.862963e+00 -2.956427e+01 2.712301e+01 4292 1.811714e-02
74053 -5.438801e-03 5.646052e-03 1.104928e-01 -1.721990e-01 3.107866e-01 1.290303e-01 -2.034553e+01 3.722858e+01 2.261665e+00 1950 8.222227e-03
560971 1.347402e-02 2.030418e-02 6.556485e-02 1.902866e-02 2.512175e-02 6.341626e-02 2.546824e+01 2.208871e+01 -5.496950e+00 1273 5.126804e-03
187203 -1.158047e-02 2.754083e-02 6.676202e-02 -4.016449e-02 8.241261e-02 6.794872e-02 -1.905882e+01 3.658658e+01 7.912485e-01 2062 8.236707e-03
686067 1.055684e-02 -2.569317e-02 1.908493e-01 2.380271e-01 -3.819269e-01 2.236277e+00 3.446450e+00 -5.397371e+00 3.099071e+01 4255 1.920523e-02
311793 -1.529860e-03 -5.750576e-03 1.173019e-01 1.565284e-03 -3.068908e-02 1.383136e-01 3.013324e+00 -2.427925e+01 2.045624e+01 766 3.784756e-03
187705 1.650888e-02 -1.907383e-02 6.579518e-02 2.135941e-02 -3.007592e-02 6.239073e-02 1.062030e+01 -2.408927e+01 -4.366094e+00 7906 2.843363e-02
936718 -2.367999e-02 1.021723e-02 6.844461e-02 -3.289985e-02 1.473344e-02 6.903656e-02 -2.874945e+01 1.408248e+01 1.845839e+00 2121 8.934469e-03
312295 1.912123e-03 -1.025131e-02 1.339434e-01 3.591287e-03 -3.666063e-02 1.724621e-01 1.679304e+00 -2.641152e+01 3.852192e+01 1826 8.174803e-03
188222 2.087357e-03 -3.691808e-03 1.184788e-01 3.187376e-02 -3.902265e-02 1.686230e-01 1.525327e+01 -1.809251e+01 2.567826e+01 2463 9.584067e-03
437643 -1.891557e-02 3.796180e-03 1.200772e-01 -2.754597e-01 6.660455e-02 2.202146e-01 -3.824727e+01 9.363880e+00 1.492914e+01 2640 1.156122e-02
812508 -9.655664e-04 -9.120527e-03 1.279008e-01 -2.192345e-02 -8.210553e-02 3.380703e-01 -3.334435e+00 -1.161204e+01 3.343833e+01 2290 9.611837e-03
687483 1.548252e-02 8.794637e-03 1.333973e-01 5.244597e-01 1.480259e-01 6.620735e-01 2.073373e+01 5.671733e+00 2.153619e+01 2196 9.872292e-03
189316 4.236429e-03 8.963567e-03 1.203250e-01 2.318704e-02 7.738498e-02 2.193859e-01 3.778992e+00 1.364409e+01 1.975400e+01 3158 1.325033e-02
688226 2.383028e-02 -4.725528e-03 6.599592e-02 5.672647e-02 -7.769446e-03 7.231029e-02 4.455484e+01 -4.122705e+00 8.552222e+00 2506 9.644578e-03
813648 6.043445e-03 2.523881e-03 1.159598e-01 7.817970e-02 6.254873e-02 2.114718e-01 1.673733e+01 1.392720e+01 2.216107e+01 3501 1.336765e-02
190207 -1.037204e-02 -1.101393e-02 1.334762e-01 -5.379741e-02 -1.052902e-01 2.552646e-01 -8.577210e+00 -1.862109e+01 2.405515e+01 2043 9.425724e-03
939191 -1.584736e-02 2.351113e-02 6.876453e-02 -1.771245e-02 2.499044e-02 6.943413e-02 -3.331656e+01 2.642528e+01 1.196122e+01 2106 9.150469e-03
939217 1.610263e-02 5.956046e-03 1.255753e-01 8.319277e-01 8.911792e-02 7.553677e-01 2.430354e+01 2.477403e+00 1.876160e+01 3524 1.453783e-02
564232 4.479169e-03 1.144617e-03 1.113394e-01 3.021552e-02 -1.201336e-03 1.441754e-01 2.468595e+01 -2.250206e+00 3.149590e+01 1830 7.381676e-03
814405 -1.919587e-02 1.254595e-02 6.682681e-02 -2.387237e-02 1.994233e-02 6.571121e-02 -2.723377e+01 4.307305e+01 -6.496719e+00 4476 1.568482e-02
689152 7.506882e-03 -2.560910e-02 6.694317e-02 9.884756e-03 -3.301459e-02 6.660205e-02 1.657936e+01 -5.163364e+01 -2.378448e+00 1705 8.312081e-03
565366 -1.427776e-02 1.005175e-04 1.487127e-01 -4.295653e-01 -4.015127e-01 1.590189e+00 -7.215309e+00 -6.977729e+00 2.504456e+01 5407 2.177573e-02
191674 -2.314839e-02 1.006276e-02 6.841180e-02 -2.913570e-02 1.367657e-02 6.728385e-02 -2.273882e+01 1.372462e+01 -4.283754e+00 2013 7.787335e-03
192511 -2.826527e-02 1.986110e-03 6.770148e-02 -4.136233e-02 7.105797e-03 6.972101e-02 -4.296071e+01 1.679350e+01 6.624417e+00 3482 1.264980e-02
816649 -9.886270e-03 -2.402772e-02 6.809037e-02 -2.079481e-02 -3.663665e-02 7.182144e-02 -1.911355e+01 -2.209292e+01 6.537440e+00 2620 9.613040e-03
81128 1.274352e-02 2.131063e-02 1.367551e-01 1.193134e+00 1.421192e+00 2.309211e+00 1.672575e+01 1.983587e+01 3.078299e+01 3044 1.351418e-02
81169 -2.385922e-02 7.614294e-03 1.399419e-01 -1.122857e-01 3.670186e-02 2.045262e-01 -2.720887e+01 8.950258e+00 1.987263e+01 5204 2.277517e-02
317515 2.064521e-03 7.210818e-04 1.299032e-01 3.057381e-02 1.341779e-02 2.233298e-01 1.113962e+01 4.961066e+00 3.650520e+01 1711 8.682543e-03
442674 -4.120934e-03 -1.878766e-02 2.184436e-01 -6.187203e-01 -6.112598e-01 4.818751e+00 -4.818214e+00 -4.644745e+00 3.606457e+01 1789 1.167950e-02
567408 -2.706037e-02 1.261441e-02 6.221757e-02 -7.871737e-02 6.632074e-02 4.113896e-02 -1.827601e+01 1.900105e+01 -7.457514e+00 3329 1.485462e-02
567744 -1.669124e-02 8.599687e-03 1.789290e-01 -7.338749e-01 1.279639e+00 2.803971e+00 -8.826911e+00 1.564362e+01 3.230833e+01 1557 1.047037e-02
193873 -5.963528e-03 2.284816e-03 1.256289e-01 -8.839201e-02 6.596162e-02 4.378891e-01 -1.050821e+01 8.117696e+00 3.980779e+01 1435 7.118926e-03
817976 2.649654e-02 1.203007e-03 1.554989e-01 1.201210e+00 -1.256587e-01 2.508593e+00 2.141307e+01 -2.312477e+00 4.289300e+01 2698 1.246545e-02
318248 1.328186e-02 -1.618778e-02 1.601044e-01 6.217404e-02 -6.434883e-02 3.537887e-01 1.003273e+01 -9.882698e+00 3.974422e+01 2605 1.131525e-02
194212 -6.722867e-03 -2.444282e-03 1.178447e-01 -2.413953e-02 -2.067975e-02 1.470503e-01 -8.732585e+00 -9.143127e+00 1.464348e+01 709 4.718177e-03
818288 1.406400e-02 2.102509e-02 6.684518e-02 1.909938e-02 3.002641e-02 6.825386e-02 1.465392e+01 2.619554e+01 4.099548e+00 1867 9.424219e-03
443606 4.876813e-03 2.646420e-02 6.818803e-02 6.706254e-03 3.551610e-02 6.812919e-02 6.353117e+00 3.143462e+01 -2.043366e-01 1604 6.306582e-03
318773 -2.655260e-02 3.156491e-03 6.933236e-02 -2.973739e-02 4.715893e-03 7.158643e-02 -2.756507e+01 1.349697e+01 1.950945e+01 2507 1.209917e-02
319182 1.297841e-02 -1.895191e-02 6.796538e-02 1.839115e-02 -2.986536e-02 6.750015e-02 1.180891e+01 -2.380973e+01 -1.014993e+00 1144 4.953426e-03
569227 8.116465e-03 -2.804934e-02 1.644516e-01 9.580629e-03 -9.347371e-02 3.280374e-01 3.471148e-01 -1.551039e+01 3.878188e+01 3340 1.601249e-02
694173 -2.018247e-02 -1.986924e-02 6.609394e-02 -4.478657e-02 -4.501744e-02 5.312513e-02 -1.755349e+01 -1.794166e+01 -7.819935e+00 1981 7.942894e-03
569449 1.385644e-02 -6.079917e-03 1.468939e-01 3.720772e-01 -1.952799e-01 1.036641e+00 1.919106e+01 -1.013606e+01 4.766665e+01 1966 9.124292e-03
84466 1.373840e-02 2.561074e-02 6.752686e-02 1.925510e-02 3.520496e-02 6.885436e-02 2.533252e+01 4.405638e+01 6.095866e+00 3246 1.216211e-02
84504 -2.642256e-02 -6.874215e-03 6.402648e-02 -3.836861e-02 -1.224902e-02 6.087741e-02 -4.055295e+01 -1.824571e+01 -1.069007e+01 4372 1.596055e-02
819890 -2.654194e-02 1.326762e-02 6.651823e-02 -3.039691e-02 1.432267e-02 6.612466e-02 -3.919368e+01 1.072674e+01 -4.001473e+00 2361 9.671403e-03
196372 6.833478e-03 3.170558e-03 1.217056e-01 3.890841e-02 6.835548e-03 1.799115e-01 9.815412e+00 1.121542e+00 1.781188e+01 2092 8.507875e-03
570303 9.223786e-04 4.414776e-03 1.111883e-01 -5.897656e-03 4.942734e-02 1.728398e-01 -3.869995e+00 2.554216e+01 3.498384e+01 6315 2.414573e-02
820372 -6.702861e-04 4.338806e-03 1.163820e-01 -1.271110e-02 3.147907e-02 2.006041e-01 -8.495347e+00 1.914869e+01 5.942258e+01 2370 9.834898e-03
945387 -5.132616e-03 8.738176e-03 1.394216e-01 -2.672564e-01 1.458190e-01 8.199397e-01 -1.294059e+01 6.767443e+00 3.359599e+01 4645 1.831567e-02
446401 7.257850e-03 -1.572886e-03 1.143759e-01 2.325406e-01 5.345467e-03 3.435941e-01 2.337802e+01 7.179307e-01 2.378641e+01 1596 8.755892e-03
821183 -1.866005e-02 8.437363e-03 6.822529e-02 -2.901776e-02 1.323181e-02 6.930272e-02 -3.454591e+01 1.599085e+01 3.593533e+00 3079 1.171284e-02
696152 -7.402400e-03 2.106082e-02 6.885337e-02 -1.065772e-02 3.267622e-02 6.987182e-02 -9.808768e+00 3.499892e+01 3.068734e+00 2011 7.980185e-03
321811 1.486487e-03 -1.104585e-02 1.189058e-01 1.134345e-02 -4.465605e-02 1.386427e-01 8.806933e+00 -3.002982e+01 1.763438e+01 4094 1.564473e-02
946445 -2.195952e-02 -5.762976e-03 6.919442e-02 -3.271055e-02 -8.946673e-03 8.026696e-02 -1.925681e+01 -5.702507e+00 1.983267e+01 5399 2.039929e-02
696438 1.641565e-02 -1.769109e-02 6.825015e-02 2.157949e-02 -2.434000e-02 7.098664e-02 1.824301e+01 -2.348954e+01 9.667576e+00 2852 1.282490e-02
198146 -1.429113e-02 7.939690e-03 1.701261e-01 -5.744029e-01 7.446952e-01 3.054562e+00 -8.500865e+00 1.118180e+01 4.377734e+01 2510 1.303480e-02
322418 4.486796e-03 2.071938e-02 1.430410e-01 3.327309e-01 1.454232e+00 1.934190e+00 6.806272e+00 2.972445e+01 3.714019e+01 3495 1.655469e-02
447386 -1.456487e-02 -1.817223e-02 6.596351e-02 -3.993979e-02 -5.514272e-02 6.028209e-02 -3.178414e+01 -4.630852e+01 -4.928155e+00 1602 6.233255e-03
947117 -1.724844e-02 1.232704e-02 6.641996e-02 -3.339290e-02 3.062982e-02 7.125233e-02 -2.304405e+01 2.612476e+01 6.897558e+00 5759 2.180042e-02
696992 9.766828e-04 -1.151420e-02 1.193098e-01 -6.028596e-02 -3.358973e-01 5.602118e-01 -5.777119e+00 -3.058960e+01 4.157743e+01 2326 9.756817e-03
322633 -2.330261e-02 -4.351084e-03 6.585135e-02 -3.786957e-02 -6.831431e-03 5.978419e-02 -5.050314e+01 -8.599276e+00 -1.575549e+01 3275 1.219372e-02
947658 3.852817e-03 2.492876e-02 1.446250e-01 8.956222e-02 3.844229e-01 6.838150e-01 7.431082e+00 3.116847e+01 4.674826e+01 2334 1.072584e-02
448116 2.408860e-02 1.291157e-02 6.555823e-02 3.666878e-02 1.245437e-02 6.063220e-02 2.039948e+01 -7.413830e-01 -6.469327e+00 2965 1.179839e-02
822958 2.446388e-02 7.020234e-04 6.866228e-02 6.336849e-02 -1.791592e-04 7.029858e-02 3.996510e+01 -9.052024e-01 1.680902e+00 2188 7.882126e-03
572932 8.069282e-03 -8.763448e-03 1.369107e-01 2.539376e-01 -2.228925e-01 9.541879e-01 1.691337e+01 -1.473001e+01 5.622079e+01 3322 1.352292e-02
323625 -4.466142e-04 3.076022e-03 1.532947e-01 -2.476646e-01 2.493360e-01 2.761171e+00 -4.799397e+00 4.780799e+00 5.062832e+01 1388 6.398996e-03
698637 -8.361900e-03 -8.951037e-03 1.226110e-01 -5.016031e-02 -5.843958e-02 1.905623e-01 -1.339418e+01 -1.585846e+01 2.177482e+01 3460 1.538399e-02
825097 -3.515172e-03 1.131054e-02 1.479506e-01 -6.203919e-02 2.061704e-01 5.853593e-01 -4.787931e+00 1.594176e+01 3.578501e+01 2825 1.144346e-02
450426 2.143680e-02 9.794993e-03 6.860248e-02 3.143980e-02 1.295520e-02 7.365096e-02 2.305091e+01 7.282377e+00 1.163372e+01 6752 2.563366e-02
325578 6.860713e-03 3.402303e-03 1.202313e-01 5.663278e-02 -9.836163e-04 2.180607e-01 1.022048e+01 -9.006295e-01 2.008885e+01 660 4.768853e-03
201571 -3.574371e-03 2.619814e-02 6.521913e-02 -2.347241e-03 3.609477e-02 6.669478e-02 3.400764e+00 2.742668e+01 4.089492e+00 2390 1.055332e-02
451432 9.127872e-03 2.212774e-02 6.915184e-02 1.293613e-02 2.829876e-02 7.031545e-02 9.473312e+00 1.535083e+01 2.894568e+00 4037 1.467409e-02
202677 -6.284521e-03 2.677329e-02 7.067216e-02 -7.820197e-03 3.192566e-02 7.240302e-02 -1.198946e+01 4.022599e+01 1.351330e+01 4294 1.616326e-02
701531 7.237720e-03 1.591634e-02 1.266882e-01 1.298939e-01 3.030844e-01 4.277402e-01 1.196520e+01 2.801345e+01 2.936785e+01 2131 8.919430e-03
576804 2.828432e-03 -2.558965e-03 1.186637e-01 3.592431e-02 -1.242813e-02 1.853502e-01 1.347480e+01 -4.018177e+00 2.715105e+01 2263 9.560160e-03
576836 1.802684e-02 1.458340e-02 1.510193e-01 3.527205e-01 2.409322e-01 9.962320e-01 1.130371e+01 7.644547e+00 2.854562e+01 3672 1.600312e-02
203269 3.840048e-03 -8.935906e-03 1.367706e-01 1.169698e-02 -8.714971e-02 3.317867e-01 1.740853e+00 -1.732977e+01 4.320954e+01 1326 6.467494e-03
952232 -1.740280e-03 4.412187e-03 1.172299e-01 -1.919253e-02 2.870114e-02 1.590281e-01 -7.606927e+00 1.058685e+01 1.821858e+01 2696 1.242553e-02
203883 -8.285774e-03 2.459619e-02 6.873117e-02 -1.148349e-02 2.891035e-02 7.011470e-02 -1.593344e+01 2.149642e+01 6.893760e+00 1028 5.288035e-03
702385 2.636421e-02 6.152830e-03 6.811223e-02 4.846417e-02 9.302110e-03 6.692657e-02 4.516124e+01 6.435549e+00 -2.422902e+00 2235 8.282028e-03
328336 -2.145877e-03 -5.820623e-03 1.165130e-01 -1.035471e-02 -5.380270e-02 2.440008e-01 -3.811849e+00 -2.228092e+01 5.920015e+01 4326 1.618113e-02
828671 2.403826e-02 1.759715e-02 6.625204e-02 4.927182e-02 3.709166e-02 5.513586e-02 2.770946e+01 2.140729e+01 -9.654776e+00 3185 1.215126e-02
205076 7.386914e-05 -4.122787e-03 1.167020e-01 -9.438844e-03 -4.004318e-02 1.618808e-01 -4.421541e+00 -1.669592e+01 2.099926e+01 2887 1.219400e-02
703545 1.725006e-02 -1.876507e-02 1.409675e-01 2.869359e-02 -2.934784e-02 1.551570e-01 1.640975e+01 -1.517546e+01 2.034750e+01 2895 1.272400e-02
454493 -3.656210e-04 -4.942539e-03 1.240931e-01 -5.669766e-02 -4.908812e-02 5.768245e-01 -6.439448e+00 -5.046385e+00 5.175280e+01 1488 6.321210e-03
954491 -9.921177e-04 1.569881e-03 1.412996e-01 -3.673230e-02 2.635800e-02 3.932580e-01 -3.802937e+00 2.637581e+00 2.680965e+01 2794 1.223548e-02
579792 -1.422197e-02 2.111909e-02 6.605272e-02 -1.747071e-02 2.590700e-02 6.576075e-02 -3.111114e+01 4.585085e+01 -2.796054e+00 6247 2.297161e-02
954907 2.633271e-02 2.535968e-03 6.541011e-02 3.542600e-02 4.089842e-03 6.660376e-02 2.746886e+01 4.693917e+00 3.605779e+00 3193 1.221840e-02
97859 -2.432267e-02 5.586896e-03 6.858326e-02 -3.542508e-02 6.585232e-03 7.175839e-02 -3.776349e+01 3.395715e+00 1.079982e+01 1663 6.733746e-03
206966 -1.798601e-03 -2.544112e-02 6.645178e-02 -4.324362e-04 -3.781999e-02 6.752940e-02 3.596296e+00 -3.258615e+01 2.836727e+00 6026 2.166655e-02
207039 9.891371e-03 -8.961857e-04 1.294935e-01 7.153963e-02 -8.608554e-04 2.216076e-01 2.238939e+01 1.283124e-02 3.345396e+01 6355 2.439699e-02
331129 6.523938e-03 -8.763093e-03 1.269718e-01 2.811663e-02 -3.422836e-02 1.848783e-01 1.113167e+01 -1.312810e+01 2.985253e+01 4372 1.652766e-02
98066 4.747073e-03 6.726797e-03 1.216750e-01 1.011978e-02 4.700149e-02 2.076021e-01 2.518270e+00 1.887735e+01 4.027529e+01 3462 1.347352e-02
580769 -2.889878e-02 -3.942656e-03 6.398989e-02 -3.477115e-02 -4.331131e-03 6.348754e-02 -4.268799e+01 -2.823939e+00 -3.651732e+00 6608 2.426830e-02
207403 -8.097151e-03 -2.284672e-02 6.855849e-02 -1.009645e-02 -2.976681e-02 7.169986e-02 -9.340835e+00 -3.233104e+01 1.467666e+01 2436 9.258630e-03
207519 -1.461176e-02 1.769658e-02 6.855462e-02 -1.912402e-02 3.012484e-02 7.358175e-02 -1.101169e+01 3.032982e+01 1.226818e+01 3815 1.355644e-02
581229 1.181374e-02 -2.674281e-02 6.671892e-02 1.934816e-02 -3.846536e-02 7.268063e-02 1.617535e+01 -2.516665e+01 1.279894e+01 2450 9.140460e-03
831435 -2.203783e-02 1.453978e-02 6.965444e-02 -4.307418e-02 2.826814e-02 7.219625e-02 -2.962062e+01 1.933047e+01 3.579038e+00 2035 7.726438e-03
456699 -1.145177e-02 -1.775258e-02 1.367126e-01 -5.074082e-01 -4.833045e-01 9.190061e-01 -2.126637e+01 -1.996264e+01 3.354437e+01 5227 2.077206e-02
456786 7.397041e-03 -2.533109e-03 1.188525e-01 5.294176e-02 -3.711786e-02 1.933636e-01 1.854745e+01 -1.408415e+01 3.034359e+01 5781 2.181041e-02
99576 2.437403e-02 -1.363434e-02 6.542768e-02 4.855076e-02 -2.718560e-02 6.040352e-02 3.184834e+01 -1.785125e+01 -5.728721e+00 5154 1.909806e-02
99595 7.293355e-03 -2.224748e-02 1.457642e-01 4.157827e-01 -4.604048e-01 1.047179e+00 1.339310e+01 -1.436582e+01 2.955462e+01 4589 1.850306e-02
957438 6.665101e-04 -8.977673e-03 1.145574e-01 -2.980741e-02 -1.434667e-01 2.580253e-01 -4.200815e+00 -1.853925e+01 1.977698e+01 4353 1.674375e-02
832684 -2.542941e-02 -1.123539e-02 6.962630e-02 -3.319171e-02 -1.513767e-02 7.186809e-02 -1.998872e+01 -1.004878e+01 5.772838e+00 2636 1.198849e-02
333040 1.450538e-02 -2.007912e-02 6.702970e-02 1.680868e-02 -2.687111e-02 7.043455e-02 8.910422e+00 -2.627511e+01 1.317182e+01 4393 1.659520e-02
457943 -1.014613e-02 2.309003e-02 6.740574e-02 -1.487887e-02 3.123643e-02 6.927059e-02 -1.217172e+01 2.095104e+01 4.796050e+00 6804 2.570926e-02
458181 -1.575516e-03 -7.699360e-03 1.246298e-01 1.198808e-03 -5.805357e-02 3.061033e-01 8.496859e-01 -1.542187e+01 5.557949e+01 3766 1.408130e-02
209392 2.386271e-02 -1.330359e-02 6.548113e-02 3.791991e-02 -2.398318e-02 6.014561e-02 2.963521e+01 -2.251456e+01 -9.599122e+00 1662 6.359832e-03
833157 4.473416e-03 2.786707e-02 6.929948e-02 4.706815e-03 3.123697e-02 7.002150e-02 2.780976e+00 4.015288e+01 8.602908e+00 2487 1.035371e-02
958090 -2.375314e-02 1.443408e-02 6.866048e-02 -3.912776e-02 2.807655e-02 7.208205e-02 -2.901075e+01 2.574231e+01 6.456241e+00 3040 1.233886e-02
101213 1.048235e-02 -1.742389e-02 1.690163e-01 2.729717e-02 -1.106158e-01 3.944226e-01 2.745078e+00 -1.521391e+01 3.679836e+01 2669 1.338512e-02
708576 -2.656218e-02 8.281703e-03 1.539807e-01 -6.710914e-02 2.201789e-02 2.494108e-01 -1.720775e+01 5.829511e+00 4.049966e+01 3034 1.237391e-02
708763 -7.651010e-03 2.200562e-02 6.662952e-02 -6.591468e-03 3.264910e-02 6.866638e-02 3.890911e+00 3.908559e+01 7.479854e+00 3878 1.370978e-02
102097 2.785558e-02 -3.036582e-03 6.513756e-02 4.153407e-02 -6.523055e-03 6.061575e-02 2.994826e+01 -7.633430e+00 -9.691979e+00 1750 7.251848e-03
459374 4.143653e-03 -2.345654e-02 6.848463e-02 1.090961e-02 -3.113144e-02 6.999711e-02 2.560906e+01 -2.904937e+01 5.724720e+00 2389 9.587016e-03
959747 -7.899944e-03 2.451839e-02 6.564151e-02 -1.830739e-02 5.083990e-02 6.679294e-02 -2.216514e+01 5.605793e+01 2.452249e+00 2013 8.697913e-03
460391 7.507582e-03 2.678344e-02 6.993520e-02 1.059145e-02 7.197351e-02 8.241325e-02 2.633011e+00 3.858336e+01 1.065378e+01 3039 1.152030e-02
960063 -6.105651e-03 -6.188975e-03 1.268195e-01 -3.212299e-01 -3.195774e-01 6.374379e-01 -1.201099e+01 -1.194483e+01 1.946226e+01 3081 1.392794e-02
960200 -1.930515e-04 -2.682641e-02 6.816534e-02 2.941113e-04 -3.024237e-02 6.806245e-02 6.851039e+00 -4.803915e+01 -1.446850e+00 4269 1.654919e-02
460823 -1.317908e-02 2.433481e-02 6.797434e-02 -1.931231e-02 4.692162e-02 6.864093e-02 -9.308646e+00 3.428087e+01 1.011699e+00 653 2.948042e-03
103925 2.473252e-02 1.130612e-02 6.501014e-02 5.697764e-02 2.694820e-02 6.997866e-02 2.924444e+01 1.418645e+01 4.506157e+00 2678 1.069224e-02
960527 -9.532834e-03 -1.055216e-02 1.173762e-01 -5.563773e-02 -7.935240e-02 1.736473e-01 -1.255771e+01 -1.873931e+01 1.532671e+01 4406 1.664196e-02
710437 2.961926e-03 4.188710e-03 1.254165e-01 -2.981096e-03 9.505519e-02 4.615196e-01 -6.853187e-01 1.047826e+01 3.875768e+01 3143 1.293617e-02
461038 -2.466303e-02 -5.734361e-03 6.744589e-02 -3.021100e-02 -4.369568e-03 7.090849e-02 -1.965168e+01 4.834289e+00 1.226500e+01 1681 6.476855e-03
960658 1.768829e-02 2.340460e-03 6.783864e-02 3.168357e-02 5.234232e-03 6.572356e-02 4.659604e+01 9.634560e+00 -7.041950e+00 5251 1.834568e-02
586563 -7.076503e-03 -2.774387e-02 1.559299e-01 -2.181222e-01 -6.326674e-01 1.149512e+00 -7.890974e+00 -2.261802e+01 3.714992e+01 7843 2.934470e-02
586931 5.183273e-03 3.588223e-04 1.208725e-01 3.292877e-02 1.312515e-02 2.010725e-01 1.417771e+01 6.523487e+00 4.098149e+01 1145 5.126930e-03
462916 2.456572e-02 5.103107e-03 6.669355e-02 3.316273e-02 6.611887e-03 6.623170e-02 4.014782e+01 7.045962e+00 -2.156823e+00 2022 9.989233e-03
587606 -1.892152e-02 -6.230311e-03 1.499382e-01 -3.549879e-01 -1.402478e-01 7.224130e-01 -2.369497e+01 -9.449147e+00 4.036338e+01 4179 1.817907e-02
588413 -2.561728e-02 -1.246847e-03 6.726403e-02 -3.450423e-02 -5.898893e-03 6.671403e-02 -3.914552e+01 -2.049150e+01 -2.422663e+00 5267 1.957961e-02
215092 3.100277e-03 -2.593449e-02 6.898935e-02 1.245902e-02 -6.628655e-02 7.526540e-02 6.372528e+00 -2.747641e+01 4.273473e+00 3841 1.472239e-02
588544 -2.092309e-02 7.432997e-03 6.668658e-02 -3.066084e-02 8.673938e-03 6.755270e-02 -3.195531e+01 4.072262e+00 2.842248e+00 1169 5.792780e-03
713431 1.883927e-02 9.745589e-03 6.837504e-02 2.981031e-02 1.681660e-02 6.821930e-02 4.777146e+01 3.078947e+01 -6.781079e-01 2423 8.919619e-03
588648 1.455464e-02 4.864377e-03 1.625179e-01 2.539609e-01 1.269364e-01 1.086818e+00 1.013438e+01 5.167470e+00 3.912684e+01 1020 6.792880e-03
107938 7.919104e-04 1.221703e-02 1.695579e-01 1.526289e-01 2.666380e-01 1.416661e+00 5.331868e+00 8.934180e+00 4.379295e+01 2483 1.197086e-02
839020 1.742559e-02 -2.221785e-02 6.566691e-02 2.297977e-02 -2.964049e-02 6.632336e-02 2.361500e+01 -3.155917e+01 2.791068e+00 1991 7.797203e-03
339494 -1.624598e-03 -2.981649e-03 1.215027e-01 -3.715137e-02 -5.109628e-02 2.254526e-01 -1.822564e+01 -2.468335e+01 5.332750e+01 1379 6.549961e-03
714545 7.671088e-03 2.681717e-02 6.682248e-02 8.113915e-03 3.440172e-02 6.811578e-02 1.079297e+00 1.848574e+01 3.152135e+00 958 5.070914e-03
964680 -4.739170e-03 -3.763712e-03 1.288691e-01 -3.137343e-02 -2.718620e-03 2.106606e-01 -1.337161e+01 5.246836e-01 4.106304e+01 1601 6.734410e-03
216338 2.852254e-02 7.247940e-03 6.835497e-02 4.602080e-02 1.264068e-02 5.913958e-02 2.503109e+01 7.714260e+00 -3.841510e+00 1641 8.968603e-03
340597 -1.199845e-02 -2.324070e-02 6.535981e-02 -2.534594e-02 -6.930739e-02 7.321115e-02 -1.519838e+01 -5.245477e+01 8.940087e+00 902 4.805272e-03
217422 2.433273e-03 -2.679597e-02 1.468345e-01 -7.145760e-03 -9.441794e-02 2.678936e-01 -2.566756e+00 -1.811969e+01 3.243846e+01 1918 1.037101e-02
217436 -5.730683e-04 5.617708e-03 1.199769e-01 1.186605e-02 8.091228e-02 2.018910e-01 5.801321e+00 3.511566e+01 3.820284e+01 1824 7.884679e-03
841452 2.166764e-02 3.396760e-03 1.196616e-01 6.571387e-01 1.612259e-01 4.087104e-01 3.763109e+01 9.346266e+00 1.711679e+01 2837 1.212011e-02
341873 4.924311e-03 1.712491e-04 1.191968e-01 3.818679e-02 9.064974e-03 1.739951e-01 1.640369e+01 4.386019e+00 2.702429e+01 1600 7.290259e-03
841917 -2.446080e-02 1.254656e-02 2.543222e-01 -8.469496e-01 2.641338e-01 4.237642e+00 -9.943935e+00 3.041704e+00 4.815856e+01 2749 1.980754e-02
342302 -4.095972e-03 -7.711700e-03 1.109302e-01 -1.326461e-01 -8.295848e-02 4.413655e-01 -7.636592e+00 -4.470079e+00 1.962970e+01 2456 9.529148e-03
591863 -4.017278e-03 7.124628e-03 1.335462e-01 -1.167870e-02 8.461871e-02 4.672582e-01 -7.839885e-01 7.929922e+00 3.414855e+01 1779 8.707187e-03
592278 -1.964865e-02 1.736580e-02 6.844878e-02 -2.386627e-02 2.368619e-02 7.076935e-02 -2.481844e+01 3.719210e+01 1.365526e+01 1699 7.169959e-03
843458 -6.710561e-03 -6.715767e-03 1.225968e-01 -3.316014e-02 -5.364315e-02 2.718710e-01 -7.407862e+00 -1.314318e+01 4.180794e+01 4405 1.761756e-02
220462 -6.827654e-03 -1.917741e-02 1.334457e-01 -3.483433e-01 -9.073039e-01 1.364504e+00 -1.132645e+01 -2.945493e+01 4.082835e+01 2467 1.117864e-02
594010 -2.375035e-02 -1.776193e-02 6.591113e-02 -3.734716e-02 -2.810007e-02 6.711210e-02 -2.024247e+01 -1.539108e+01 1.787965e+00 2633 1.002684e-02
344687 -2.796026e-03 2.590803e-02 6.710740e-02 -1.582510e-03 4.642044e-02 6.693996e-02 1.822593e+00 3.080781e+01 -2.514729e-01 7012 2.506170e-02
594141 2.458497e-02 -1.113355e-02 6.774924e-02 4.013611e-02 -2.370885e-02 7.256692e-02 4.073926e+01 -3.294350e+01 1.262085e+01 3239 1.337048e-02
344731 8.355633e-03 5.431588e-04 1.407486e-01 1.057354e-01 -5.405626e-02 5.335550e-01 4.827718e+00 -2.706831e+00 1.947384e+01 2126 9.552207e-03
221178 2.787236e-02 -5.715863e-03 6.811781e-02 3.535050e-02 -8.751163e-03 7.090188e-02 3.698471e+01 -1.501172e+01 1.376920e+01 2392 1.066445e-02
469967 6.002901e-03 2.134438e-03 1.163623e-01 4.612192e-02 1.696772e-03 1.629352e-01 2.268569e+01 -2.474824e-01 2.633512e+01 1398 5.983764e-03
719584 -1.792883e-03 -4.470646e-03 1.116833e-01 -4.464464e-02 -2.456710e-02 1.400853e-01 -3.069008e+01 -1.439291e+01 2.034130e+01 1182 5.707592e-03
221602 2.310284e-02 -1.007933e-02 2.202893e-01 5.218524e-02 -1.748846e-02 3.271433e-01 9.201977e+00 -2.344328e+00 3.380973e+01 2155 1.402899e-02
345678 2.175149e-02 -5.686747e-03 6.862330e-02 3.274313e-02 -7.859036e-03 7.298655e-02 2.495917e+01 -4.932705e+00 9.907812e+00 2867 1.216241e-02
221957 3.685551e-03 4.896781e-03 1.116029e-01 4.318546e-03 3.522133e-02 1.220761e-01 6.056167e-01 2.901295e+01 1.002024e+01 3424 1.518807e-02
720160 2.268788e-02 1.614526e-02 6.781107e-02 3.741106e-02 3.597843e-02 8.515886e-02 2.043030e+01 2.752106e+01 2.407228e+01 1861 7.455303e-03
222821 1.604025e-02 -2.394633e-02 6.531287e-02 1.973511e-02 -2.971123e-02 6.560118e-02 2.293477e+01 -3.578393e+01 1.789593e+00 6126 2.207917e-02
471537 1.122101e-03 2.327643e-02 6.530243e-02 1.787170e-04 3.255766e-02 6.580611e-02 -3.682823e+00 3.623247e+01 1.966279e+00 4069 1.621200e-02
117231 1.757250e-03 3.650703e-03 1.432063e-01 -1.706265e-01 2.531668e-01 2.236933e+00 -3.310521e+00 4.791799e+00 4.020870e+01 2069 1.251212e-02
117889 -1.374171e-02 -1.835149e-02 6.581772e-02 -1.870440e-02 -2.579576e-02 6.574661e-02 -2.021961e+01 -3.033037e+01 -2.897106e-01 3649 1.486586e-02
118444 6.814519e-05 -1.242857e-03 1.204056e-01 2.148992e-02 -2.168581e-02 3.228328e-01 4.594754e+00 -4.384806e+00 4.341858e+01 1679 7.375326e-03
118486 2.054680e-02 2.315224e-03 6.738212e-02 4.758434e-02 7.415648e-04 6.717565e-02 5.196143e+01 -3.024299e+00 -3.968072e-01 3248 1.150570e-02
972583 1.762761e-02 -1.653715e-02 6.594426e-02 2.245515e-02 -1.993969e-02 6.688450e-02 1.890174e+01 -1.332226e+01 3.681439e+00 4604 1.702133e-02
348232 -2.554770e-02 -1.006691e-02 6.399177e-02 -5.440816e-02 -1.818177e-02 6.630337e-02 -3.396782e+01 -9.550923e+00 2.720673e+00 1962 9.328767e-03
348460 -7.327224e-03 1.582704e-02 1.602671e-01 -1.706714e-01 5.622443e-01 1.830561e+00 -3.120338e+00 1.043812e+01 3.190734e+01 4197 1.825507e-02
598138 2.661430e-02 5.444337e-03 6.893781e-02 4.731987e-02 1.578869e-02 7.464875e-02 3.647297e+01 1.822164e+01 1.005986e+01 2218 9.619154e-03
848410 1.694562e-03 2.155003e-02 1.370038e-01 -1.388570e-02 1.629659e-01 6.451669e-01 -5.770988e-01 5.238096e+00 1.882255e+01 2605 1.217613e-02
225804 4.407811e-03 -2.734248e-02 6.968332e-02 7.371812e-03 -4.393640e-02 7.303416e-02 4.893144e+00 -2.739420e+01 5.531767e+00 1972 8.868857e-03
474949 1.154053e-02 -2.688882e-02 6.717498e-02 2.882942e-02 -5.255996e-02 6.542313e-02 3.197825e+01 -4.748241e+01 -3.240294e+00 3543 1.229805e-02
724701 9.061636e-03 1.801985e-02 1.491589e-01 5.716849e-02 1.132669e-01 3.762568e-01 8.717218e+00 1.725926e+01 4.115135e+01 1557 7.746322e-03
724985 -1.088812e-02 2.501391e-02 6.585960e-02 -1.513706e-02 3.970534e-02 6.616732e-02 -1.023256e+01 3.538074e+01 7.410568e-01 2154 9.266600e-03
600889 -2.160679e-02 2.074925e-02 6.851814e-02 -4.860362e-02 4.603682e-02 7.885984e-02 -2.299907e+01 2.154293e+01 8.810271e+00 2755 1.051764e-02
476722 2.478544e-02 8.459854e-03 6.749865e-02 3.069980e-02 1.137902e-02 6.771522e-02 4.150338e+01 2.048492e+01 1.519715e+00 1373 5.613648e-03
228654 2.802031e-02 -7.895166e-03 6.734964e-02 4.732647e-02 -1.747639e-02 6.705369e-02 2.346972e+01 -1.164751e+01 -3.597654e-01 1859 7.696844e-03
601907 4.536202e-03 -2.278710e-02 6.816508e-02 5.600852e-03 -3.046109e-02 6.708561e-02 3.490345e+00 -2.515840e+01 -3.538955e+00 1861 7.169157e-03
478681 -8.301658e-03 2.516400e-03 1.392813e-01 -4.753877e-02 6.353680e-02 3.527004e-01 -4.173970e+00 6.491235e+00 2.270312e+01 3070 1.503909e-02
479135 -1.449361e-02 -1.541161e-02 6.787007e-02 -2.889546e-02 -2.791897e-02 6.612955e-02 -3.611188e+01 -3.136155e+01 -4.364253e+00 1228 4.721646e-03
854279 1.867125e-02 1.852441e-02 6.654206e-02 2.457788e-02 2.525824e-02 6.539804e-02 2.254927e+01 2.570720e+01 -4.367425e+00 4281 1.605655e-02
979160 2.868866e-02 1.186415e-03 6.697883e-02 6.068545e-02 2.765417e-03 7.204627e-02 5.256454e+01 2.593995e+00 8.324825e+00 3365 1.452233e-02
729051 -1.503007e-02 -2.181729e-02 6.664912e-02 -2.521588e-02 -3.336424e-02 6.733274e-02 -3.192284e+01 -3.618871e+01 2.142510e+00 2854 1.150807e-02
355170 1.395729e-02 -1.102943e-02 1.260089e-01 2.351953e-01 -2.062453e-01 3.938983e-01 3.094976e+01 -2.730944e+01 3.747599e+01 5440 2.032437e-02
855285 2.564140e-02 2.144957e-03 6.875850e-02 3.151982e-02 2.399540e-03 6.981095e-02 4.695350e+01 2.033460e+00 8.406380e+00 872 3.836201e-03
606240 -2.130129e-02 -5.938888e-03 6.744043e-02 -3.467644e-02 -1.536714e-02 7.113652e-02 -3.291734e+01 -2.320369e+01 9.096376e+00 2803 9.922661e-03
731413 1.593218e-02 -1.819056e-02 6.607612e-02 2.653634e-02 -2.828007e-02 6.305166e-02 3.285581e+01 -3.126123e+01 -3.260190e+00 4431 1.607729e-02
731844 -1.892350e-02 -7.062385e-03 1.352890e-01 -3.257508e-01 -1.064016e-01 6.282179e-01 -1.065042e+01 -3.448208e+00 1.711028e+01 3410 1.457805e-02
857272 -1.426482e-02 -2.400965e-02 6.842506e-02 -1.983193e-02 -3.529397e-02 6.900609e-02 -2.098892e+01 -4.254379e+01 2.190597e+00 4761 1.714481e-02
982155 4.504838e-03 1.458728e-02 1.140911e-01 4.303797e-02 1.292256e-01 1.261124e-01 2.963968e+00 8.817979e+00 9.246743e-01 2992 1.448575e-02
607303 -2.260353e-02 -8.479197e-03 6.646366e-02 -2.876766e-02 -1.085727e-02 6.776208e-02 -4.317221e+01 -1.665548e+01 9.093826e+00 2816 1.102892e-02
732302 -2.396325e-02 2.062847e-05 6.677438e-02 -3.503726e-02 -5.374807e-03 6.622370e-02 -3.759620e+01 -1.831748e+01 -1.869549e+00 4976 1.829527e-02
983228 -7.796303e-03 2.020024e-02 6.697123e-02 -1.259852e-02 2.921960e-02 6.753319e-02 -1.262110e+01 2.370451e+01 1.476929e+00 2092 8.258623e-03
483854 1.731316e-02 4.963684e-04 1.925290e-01 2.327346e-01 1.414866e-01 2.214211e+00 2.703711e+00 1.769541e+00 2.537373e+01 3332 1.608190e-02
235515 7.756246e-03 1.260730e-02 1.269866e-01 2.948636e-01 6.494304e-01 8.106542e-01 1.287600e+01 2.855982e+01 3.066067e+01 4280 1.636937e-02
359312 1.421038e-03 2.674016e-02 6.627787e-02 3.534211e-03 3.355545e-02 6.597615e-02 1.069248e+01 3.448482e+01 -1.526641e+00 2821 1.039260e-02
484716 -2.558393e-02 7.791445e-03 6.908599e-02 -4.454238e-02 1.461162e-02 7.247119e-02 -3.642787e+01 1.310468e+01 6.504518e+00 2573 9.707352e-03
609213 1.895188e-02 1.130684e-02 1.621810e-01 1.410892e-01 5.901495e-02 4.704885e-01 1.806935e+01 7.058075e+00 4.561190e+01 2012 1.082321e-02
609966 -2.018644e-02 2.198485e-02 6.518435e-02 -5.026785e-02 4.250218e-02 6.244239e-02 -3.505291e+01 2.390819e+01 -2.975242e+00 1754 6.972656e-03
985258 2.018860e-03 2.185529e-02 6.616974e-02 3.207288e-03 3.502349e-02 6.659530e-02 3.847101e+00 4.262723e+01 1.377583e+00 1940 8.509768e-03
361285 -1.336189e-02 -2.414535e-02 7.024198e-02 -1.466218e-02 -2.873351e-02 7.153641e-02 -7.857353e+00 -2.772530e+01 7.821973e+00 1236 5.067909e-03
487116 -2.526868e-03 1.277291e-02 1.475824e-01 -4.677874e-03 4.534674e-02 2.352529e-01 -8.179756e-01 1.238704e+01 3.333895e+01 4239 1.748230e-02
736589 2.214158e-02 1.036879e-02 1.234230e-01 8.014606e-02 3.713603e-02 1.566035e-01 1.963337e+01 9.060183e+00 1.123093e+01 2327 1.125256e-02
238763 -6.016247e-03 1.517446e-04 1.174445e-01 -7.891177e-02 2.553582e-02 1.495088e-01 -1.179345e+01 4.106781e+00 5.187542e+00 1830 8.135066e-03
611958 -1.938101e-02 1.298395e-02 6.911069e-02 -3.017508e-02 1.526808e-02 7.169733e-02 -3.254663e+01 6.887186e+00 7.799338e+00 4701 1.692016e-02
239516 -6.879437e-05 1.250998e-02 1.472336e-01 -1.411419e-02 5.634975e-01 1.722837e+00 -3.991113e-01 1.565676e+01 4.477208e+01 2372 1.076962e-02
737567 2.911264e-03 -9.942537e-03 1.321352e-01 9.145815e-03 -8.456899e-02 2.619362e-01 1.648383e+00 -1.973085e+01 3.431870e+01 2228 9.976172e-03
987632 2.271156e-02 -6.700843e-03 6.782403e-02 8.592657e-02 -6.842114e-02 7.299545e-02 2.924525e+01 -2.855375e+01 2.392460e+00 1432 7.702204e-03
240182 -2.317423e-02 -2.279374e-03 6.655267e-02 -3.366755e-02 -6.826432e-03 7.093090e-02 -3.689604e+01 -1.598810e+01 1.539451e+01 2574 9.692058e-03
738410 8.289257e-03 1.806323e-03 1.278361e-01 3.543399e-02 -2.513451e-03 1.777583e-01 2.378998e+01 -3.785903e+00 4.375239e+01 1918 8.908046e-03
988704 6.263686e-03 -2.634457e-02 6.565273e-02 6.910804e-03 -3.002548e-02 6.557834e-02 6.911095e+00 -3.931142e+01 -7.944622e-01 1553 6.086658e-03
739004 -6.336377e-03 -4.429795e-03 1.297911e-01 -1.953165e-01 -1.054649e-01 5.309455e-01 -1.531553e+01 -8.188196e+00 3.251079e+01 1822 8.122441e-03
364935 -2.571478e-02 -1.143571e-02 6.547499e-02 -2.963570e-02 -1.310688e-02 6.511850e-02 -2.333856e+01 -9.947300e+00 -2.121968e+00 1260 6.008702e-03
241850 8.164310e-04 1.623159e-02 1.171289e-01 4.087442e-02 4.758473e-01 5.039795e-01 2.188186e+00 2.510672e+01 2.113189e+01 1445 6.831719e-03
242497 1.073631e-02 2.709543e-02 6.894509e-02 3.636709e-02 7.452028e-02 7.683800e-02 2.301228e+01 4.257980e+01 7.086549e+00 3042 1.114990e-02
242892 -9.954708e-03 2.636682e-03 1.464357e-01 -1.112881e-01 8.754771e-02 6.213508e-01 -6.941388e+00 5.816445e+00 3.253191e+01 4143 1.910138e-02
615981 -1.544161e-02 1.907413e-02 6.553254e-02 -1.614832e-02 4.539682e-02 5.777941e-02 -1.010455e+00 3.763586e+01 -9.819848e+00 1651 6.999680e-03
491703 -1.901904e-02 4.909516e-03 1.383451e-01 -7.722868e-02 3.203650e-02 2.349512e-01 -1.417830e+01 6.607403e+00 2.353063e+01 1743 7.877648e-03
366843 -1.356650e-02 1.978738e-02 6.566164e-02 -1.532772e-02 2.643675e-02 6.956889e-02 -9.527149e+00 3.596907e+01 2.113590e+01 2165 8.233142e-03
367326 2.137102e-02 -1.820006e-02 6.824089e-02 4.958655e-02 -2.112318e-02 7.526962e-02 2.407553e+01 -2.494214e+00 5.997415e+00 2571 1.043683e-02
867048 -1.123826e-02 -1.137244e-02 1.427601e-01 -5.535728e-01 -6.043355e-01 2.196701e+00 -1.559507e+01 -1.705092e+01 5.906198e+01 2268 9.613432e-03
367783 1.007166e-02 2.394585e-02 6.663056e-02 2.412439e-02 3.468917e-02 6.809825e-02 1.986738e+01 1.518862e+01 2.074986e+00 2374 1.052452e-02
867745 1.165473e-02 4.835932e-03 1.402537e-01 1.555718e-01 3.656847e-02 4.389119e-01 1.135099e+01 2.502801e+00 2.355569e+01 1947 9.187695e-03
493924 4.441104e-04 8.626423e-03 1.290726e-01 1.728957e-02 4.003204e-02 2.046266e-01 5.653775e+00 1.054054e+01 2.535789e+01 4588 1.789023e-02
743395 -1.790931e-02 -2.161020e-02 6.677267e-02 -2.970680e-02 -3.938269e-02 6.690966e-02 -1.276363e+01 -1.922794e+01 1.482141e-01 2287 1.070588e-02
868761 2.174340e-03 1.760052e-03 1.174833e-01 3.238052e-02 5.148294e-03 1.692766e-01 1.368386e+01 1.534925e+00 2.346314e+01 4383 1.840145e-02
618605 -2.751895e-02 6.669023e-04 6.511704e-02 -4.867717e-02 -6.477395e-03 5.619482e-02 -3.681141e+01 -1.242976e+01 -1.542892e+01 2659 9.852563e-03
743944 -5.541708e-03 5.784978e-03 1.141457e-01 -2.518487e-02 3.924097e-02 1.404575e-01 -1.117390e+01 1.903126e+01 1.496733e+01 2621 1.088508e-02
494914 -2.814073e-03 2.429728e-02 6.533418e-02 -4.291929e-03 3.155810e-02 6.418224e-02 -9.198814e+00 4.519450e+01 -4.130376e+00 3175 1.277899e-02
994505 -1.110484e-02 -2.661680e-02 6.929197e-02 -1.326088e-02 -4.080121e-02 7.013167e-02 -5.639835e+00 -3.710394e+01 2.196490e+00 6045 2.361792e-02
619803 -2.197152e-02 1.724810e-02 1.427206e-01 -2.588470e+00 2.242819e+00 4.360955e+00 -3.049826e+01 2.644694e+01 5.012620e+01 4455 1.809457e-02
870766 1.495949e-02 7.029586e-03 1.256555e-01 3.183535e-01 1.206232e-01 4.623713e-01 3.342988e+01 1.251647e+01 3.710148e+01 2053 9.025947e-03
745838 3.509795e-03 -4.820933e-03 1.186994e-01 5.091292e-02 -3.798126e-02 2.950263e-01 1.194191e+01 -8.353829e+00 4.442070e+01 1629 7.616779e-03
496581 -2.578736e-02 -3.324444e-03 7.008045e-02 -3.744061e-02 -7.346656e-03 7.613634e-02 -3.961389e+01 -1.367304e+01 2.058629e+01 3897 1.484971e-02
871217 2.049731e-02 -1.598778e-02 6.653854e-02 3.460532e-02 -1.929910e-02 6.570912e-02 3.736215e+01 -8.769350e+00 -2.196559e+00 1583 6.596320e-03
746094 1.933823e-02 6.916659e-03 1.279851e-01 8.554442e-02 1.848873e-02 1.819299e-01 1.739530e+01 3.040496e+00 1.417368e+01 1828 1.057576e-02
871683 -2.791679e-02 -4.053633e-03 6.565920e-02 -1.083990e-01 -2.639102e-03 5.048220e-02 -2.177618e+01 3.827313e-01 -3.798443e+00 2944 1.175922e-02
497808 -2.619096e-02 -6.810240e-03 6.854553e-02 -5.718394e-02 -2.519266e-03 7.823534e-02 -5.256157e+01 7.277143e+00 1.643313e+01 4421 1.653788e-02
497947 -1.425587e-03 2.190181e-02 1.581449e-01 3.983253e-02 7.599016e-01 3.715775e+00 3.218751e-01 5.757504e+00 2.775484e+01 2967 1.356924e-02
747210 1.499066e-02 7.572727e-03 1.556166e-01 1.556591e-01 9.211888e-02 6.173001e-01 1.477083e+01 8.877735e+00 4.847889e+01 3024 1.290759e-02
872631 2.499146e-02 -1.145877e-02 6.637999e-02 4.383869e-02 -1.675864e-02 6.685485e-02 4.513687e+01 -1.269257e+01 1.137241e+00 10413 3.653590e-02
872669 2.312713e-04 -1.263857e-02 1.474255e-01 -5.749591e-04 -1.536744e-01 5.874111e-01 -5.356837e-02 -9.370841e+00 2.923396e+01 6855 2.615631e-02
623895 2.825468e-02 -9.038973e-03 6.710991e-02 4.489850e-02 -1.968195e-02 7.141168e-02 1.458205e+01 -9.324570e+00 3.768885e+00 1578 6.722835e-03
999569 -2.207483e-02 -1.438532e-02 6.533950e-02 -2.928184e-02 -1.876097e-02 6.526898e-02 -3.036414e+01 -1.843521e+01 -2.971257e-01 2575 9.777607e-03
