running....
idx x y z xnext ynext znext vx vy vz collides time
888 -1.992652e-02 7.932251e-03 1.750816e-01 -2.485225e-02 9.309301e-03 8.993279e-01 1.018150e+01 -4.096480e+00 2.200552e+01 1758 1.462872e-02
7336 -1.261118e-02 -3.116375e-04 1.224004e-01 1.556409e-02 -2.960869e-04 1.866136e+01 7.613757e+00 -1.734914e+00 1.853896e+01 6626 2.570647e-02
7528 -5.953997e-03 -1.740571e-03 1.579985e-01 5.959830e-03 1.738441e-03 3.038730e-01 2.228620e+00 -8.159317e-01 6.565883e+00 1210 9.824229e-03
7744 6.270124e-03 7.319768e-03 1.667952e-01 -4.145107e-03 -1.123220e-02 1.303064e+00 2.757452e+00 1.621469e-01 1.662333e+01 5791 2.689885e-02
10392 -1.497957e-02 -1.960476e-02 6.964573e-02 -2.771595e-02 -3.435656e-02 7.367560e-02 -1.903810e+01 -2.182607e+01 6.643300e+00 4424 1.655191e-02
14475 2.714272e-02 -1.146131e-03 6.712551e-02 -3.144207e-02 1.569674e-03 5.036923e-02 1.724472e+01 -7.354294e-01 -1.486353e+00 1690 1.410897e-02
15842 -1.216719e-02 3.333433e-03 7.756708e-02 1.349316e-02 -5.345573e-03 -5.135810e+00 3.043067e+00 -5.491986e+00 -5.213377e+00 3678 1.372775e-02
17591 -1.172470e-02 -4.866482e-03 9.759119e-02 1.869703e-02 5.795487e-03 9.006881e+00 1.902043e+01 2.343400e+00 8.909289e+00 2569 9.123394e-03
21215 2.199639e-02 -7.004878e-03 6.973135e-02 3.104747e-02 -1.068831e-02 7.128699e-02 6.353491e+00 -2.872028e+00 1.732813e+00 2354 1.011188e-02
22585 2.974318e-02 -3.310897e-03 6.891156e-02 3.152628e-02 -3.628946e-03 6.905928e-02 1.154422e+01 -2.106798e+00 1.016540e+00 3043 1.619633e-02
24303 -2.395694e-04 6.267772e-03 1.537254e-01 4.766308e-04 -6.900941e-03 2.569125e-01 8.166563e-01 -1.917428e+00 1.341879e+01 7013 2.719029e-02
26747 7.989473e-03 -9.866082e-03 1.123925e-01 -1.064616e-02 1.261969e-02 4.725670e+00 -7.043903e+00 7.209297e+00 4.613278e+00 2347 9.639493e-03
30862 4.049747e-03 -1.195236e-02 1.025188e-01 -6.353555e-03 1.585259e-02 1.323660e+01 -6.274604e+00 1.032812e+01 1.313409e+01 3366 1.270079e-02
34719 5.766965e-03 2.766992e-02 7.285801e-02 -6.436896e-03 -3.092963e-02 3.074440e-01 -3.052780e+00 -1.486724e+01 1.046318e+01 2331 1.029012e-02
38697 4.706896e-05 8.764110e-03 1.759146e-01 -3.847673e-03 -3.743755e-04 3.132807e+00 7.584279e-01 -5.439224e+00 6.374531e+00 3022 2.962316e-02
39493 -3.348617e-04 1.268822e-02 1.023401e-01 9.124921e-04 -1.799781e-02 3.180799e+00 1.612541e+00 -1.426727e+01 3.078458e+00 3233 1.354626e-02
43329 1.839571e-03 2.030896e-03 1.472949e-01 1.627022e-04 -1.768023e-02 2.206274e-01 -1.157385e+00 -6.214526e+00 3.132056e+01 2619 1.261277e-02
45929 1.094458e-02 2.228251e-02 1.148267e-01 -3.648747e-03 1.077354e-03 5.611012e-01 -1.038958e+01 -1.678414e+01 3.715724e+00 2299 2.146014e-02
47308 1.552445e-03 -3.993409e-03 1.469346e-01 -1.015040e-02 -2.229407e-02 2.199392e-01 3.951119e+00 1.441049e+01 1.266557e+01 2768 1.177307e-02
47808 2.164847e-03 -6.889990e-03 1.957695e-01 1.936374e-03 5.438779e-03 1.155489e+00 8.807633e-01 -5.999000e+00 3.518788e+01 6297 2.715694e-02
48855 -6.569083e-03 1.082680e-02 9.251270e-02 8.407271e-03 -1.314861e-02 1.187754e+01 4.813600e+00 -5.933886e+00 1.178503e+01 3350 1.260045e-02
49481 1.765707e-03 -7.920203e-04 1.565781e-01 2.704487e-03 4.452032e-03 3.942380e-01 2.080553e+00 9.266981e-01 9.754347e+00 1839 1.055550e-02
50487 7.785937e-03 -2.770794e-02 6.640731e-02 1.949035e-02 -6.460339e-02 7.425134e-02 2.776115e+00 -7.815007e+00 4.299038e+00 2879 1.398245e-02
51266 1.261712e-02 -6.989297e-04 1.175460e-01 -1.625253e-02 -9.240061e-04 9.382286e+00 -9.541576e+00 -4.625408e+00 9.264740e+00 2659 1.656173e-02
54246 -1.714872e-03 -2.305823e-02 7.010856e-02 -1.871881e-03 -3.224431e-02 7.162467e-02 -1.800508e-01 -1.672559e+01 3.109859e+00 9104 3.237637e-02
55473 -5.849427e-03 2.427800e-02 6.544010e-02 -4.036867e-03 3.453450e-02 6.066939e-02 3.435007e+00 1.355520e+01 -7.642269e+00 3553 1.284855e-02
56312 -1.754532e-03 -9.311781e-03 1.535603e-01 -6.860365e-03 -1.784385e-02 5.022853e-01 -4.287757e+00 -6.079135e+00 1.137421e+01 1730 8.567387e-03
56884 2.944377e-03 -4.576038e-03 1.530247e-01 1.371704e-02 3.717155e-04 2.458624e-01 -5.072582e-01 2.807735e+00 2.907314e+01 5229 2.143842e-02
59397 -1.780484e-02 -1.469129e-02 6.597842e-02 -2.856856e-02 -2.271863e-02 5.982076e-02 -1.676713e+01 -1.237175e+01 -1.076169e+01 2024 7.913205e-03
64363 9.349828e-03 -8.377843e-03 1.075186e-01 -9.615614e-03 1.047156e-02 1.427953e+01 -2.106727e-01 5.430994e+00 1.417201e+01 2939 1.231621e-02
65825 -4.297437e-03 -2.273490e-03 1.517379e-01 -6.606353e-03 -2.482468e-03 2.389261e-01 2.189568e+00 1.219628e+00 2.588367e+01 3843 1.420892e-02
68376 -1.697275e-05 6.489419e-03 1.577975e-01 1.081359e-02 1.933956e-02 2.373467e-01 1.859397e+00 -7.195443e-01 2.841591e+01 2082 1.531994e-02
70573 -3.519848e-03 -6.422728e-04 1.622632e-01 -3.339450e-03 -2.580890e-03 1.309337e+00 7.431222e+00 3.335762e+00 2.253963e+01 5143 2.086142e-02
71219 1.241873e-02 -2.655002e-03 1.812566e-02 -1.209363e-02 6.550073e-03 -6.752597e+00 1.635998e+00 1.085073e+01 -6.770723e+00 3585 1.260480e-02
71565 -2.475823e-02 9.354356e-03 6.836338e-02 -4.254467e-02 1.547305e-02 6.703648e-02 -1.115348e+01 3.690474e+00 -1.241354e+00 2452 1.287305e-02
73616 -7.989598e-03 -9.706489e-03 1.074431e-01 1.096151e-02 1.177999e-02 3.240501e+01 7.934458e+00 5.297110e+00 3.229757e+01 1874 6.725517e-03
73695 -1.871801e-03 -4.480600e-03 1.470875e-01 1.978443e-03 -4.335219e-04 3.162425e-01 -7.710202e+00 -8.311631e+00 1.182261e+01 3198 1.411404e-02
75576 1.769943e-03 1.336096e-02 1.738244e-01 2.307072e-03 -2.330498e-02 1.108534e+00 3.271298e+00 -4.326230e+00 2.441153e+01 1533 9.572527e-03
77358 3.321472e-03 -6.266390e-03 1.532465e-01 -1.022814e-02 2.308153e-02 2.364779e-01 -1.608141e+00 4.493551e+00 8.884349e+00 1433 6.925487e-03
78636 1.576336e-02 -6.328789e-03 1.647171e-01 -2.024262e-02 7.077245e-03 2.390663e+00 -9.738712e+00 1.377938e+00 1.996677e+01 2947 1.541606e-02
82002 -2.758256e-03 -1.989792e-02 1.748459e-01 3.294961e-03 2.243061e-02 1.150703e+00 1.852252e+00 8.434424e+00 2.616620e+01 4475 2.031659e-02
85468 4.125380e-03 1.194156e-02 8.748012e-02 -4.143609e-03 -1.668621e-02 1.712007e+01 1.868551e-01 -1.271438e+01 1.703259e+01 3577 1.254633e-02
86219 6.019894e-03 -1.587184e-03 1.784063e-01 5.705336e-03 -9.114050e-04 5.379339e-01 1.159569e+00 -1.035828e+00 2.562998e+01 6129 2.528420e-02
86384 4.322930e-03 8.227772e-03 1.522879e-01 -9.927020e-03 -5.922073e-03 8.796098e-01 -5.478150e+00 3.690837e+00 1.919046e+01 3097 1.687906e-02
86538 5.819532e-03 1.121901e-02 1.373879e-01 -8.871859e-03 -1.278451e-02 3.449603e+01 -8.287023e+00 -3.774563e+00 3.435864e+01 5920 2.195155e-02
86642 6.682729e-03 -1.067301e-02 8.741213e-02 -7.845853e-03 1.396034e-02 2.483839e+01 -2.899882e+00 8.670527e+00 2.475098e+01 3133 1.101193e-02
89560 -1.983465e-02 1.315376e-02 1.727719e-01 3.493047e-02 -1.721591e-02 2.829397e+00 2.111563e+00 1.549784e+00 1.866140e+01 4633 2.412744e-02
92092 1.127049e-02 7.954538e-03 1.505148e-01 -4.526899e-02 -3.004921e-02 3.848132e-01 -3.274337e+00 -1.871804e+00 9.469851e+00 6999 3.203017e-02
92641 8.944414e-04 1.252459e-02 7.752143e-02 7.930825e-04 -2.236374e-02 3.157265e+01 4.819175e+00 -2.707337e+01 3.149512e+01 3019 1.001492e-02
93860 -2.856619e-03 -9.732147e-04 1.468242e-01 2.214042e-03 2.307067e-02 2.049689e-01 2.585895e+00 7.754880e+00 2.616463e+01 5090 2.181781e-02
103086 3.546400e-03 5.481280e-03 1.593231e-01 3.820074e-03 4.154377e-03 2.731932e-01 -2.562109e-01 -2.191320e+00 7.237280e+00 2391 1.752589e-02
103559 5.720414e-03 1.115860e-02 7.753089e-02 -7.767294e-03 -1.472726e-02 -1.896097e+00 -5.452217e+00 -9.437235e+00 -1.973628e+00 10291 3.842290e-02
103691 -2.279272e-02 -1.060529e-02 6.847854e-02 -3.493837e-02 -1.643667e-02 6.862535e-02 -1.738966e+01 -8.382682e+00 2.428951e-01 3304 1.192720e-02
103856 1.227570e-02 -1.728905e-02 6.539715e-02 1.563544e-02 -2.725218e-02 6.225460e-02 4.637742e+00 -1.554066e+01 -5.519606e+00 2032 1.221253e-02
105218 -3.307218e-03 -1.225977e-02 1.175624e-01 6.140071e-03 1.181945e-02 2.482667e+01 7.812134e+00 -1.952302e+00 2.470911e+01 2671 1.006270e-02
106237 -6.229392e-03 7.546726e-03 1.650073e-01 -1.666693e-02 1.736794e-02 5.765106e-01 -1.417998e+00 7.594208e-01 2.431835e+01 5660 2.419309e-02
108309 1.166845e-03 1.262070e-02 7.743162e-02 -1.701448e-03 -1.858351e-02 1.296184e+01 -1.442913e+00 -1.611660e+01 1.288441e+01 2865 1.000017e-02
109223 -5.866482e-03 1.777028e-02 1.596026e-01 -1.734591e-02 4.386535e-02 1.989397e-01 -5.643974e+00 1.179601e+01 2.749065e+01 2320 1.126212e-02
111349 9.254433e-04 -8.578991e-04 1.693269e-01 -2.609074e-03 -4.456400e-03 4.938703e-01 8.124756e-01 -9.110243e-02 7.867240e+00 3294 1.635522e-02
111620 -1.935600e-03 -1.556209e-03 1.548035e-01 -3.167292e-03 -3.158672e-03 6.113059e-01 4.003907e+00 3.651095e+00 1.276999e+01 7737 3.091220e-02
111868 -1.724210e-02 -1.967957e-02 6.487473e-02 2.606592e-02 2.389499e-02 3.418740e-02 -3.425985e-01 -3.277179e+00 -3.379657e+00 3984 2.182467e-02
112197 1.970602e-03 1.250745e-02 1.024480e-01 -9.637659e-05 -1.466754e-02 3.702942e+00 5.408811e+00 -5.379911e+00 3.600494e+00 4670 1.821312e-02
118495 -8.312636e-03 9.581264e-03 9.247413e-02 1.075966e-02 -1.408847e-02 3.419797e+01 6.432907e+00 -1.217991e+01 3.410550e+01 2260 7.940024e-03
122270 1.088459e-02 -6.511620e-03 8.740838e-02 -1.107611e-02 8.783324e-03 8.636288e-01 8.780916e-02 6.041663e+00 7.762205e-01 5454 2.212979e-02
122456 -1.166874e-02 4.883735e-03 8.754640e-02 2.008904e-02 -7.893617e-03 3.323752e+01 2.311437e+01 -8.221177e+00 3.314998e+01 1124 4.067628e-03
123339 -1.219631e-03 -3.562144e-03 1.814508e-01 2.975694e-03 3.617069e-03 2.016956e+00 -1.627076e+00 -3.338769e+00 3.225537e+01 4028 1.907972e-02
123564 1.938476e-02 1.942424e-02 6.847234e-02 3.396151e-02 3.236610e-02 6.457709e-02 1.992476e+01 1.745511e+01 -6.026002e+00 4352 1.654423e-02
126514 -3.571700e-04 1.259108e-02 1.025174e-01 4.415541e-03 -1.476444e-02 2.110775e+01 1.144484e+01 -5.412563e+00 2.100523e+01 1172 4.811796e-03
126660 1.251043e-02 1.871640e-03 1.026177e-01 -1.502879e-02 -2.464386e-03 2.451640e+01 -6.391904e+00 -1.566455e+00 2.441379e+01 6390 2.271196e-02
127976 5.894922e-03 -1.118988e-02 9.239882e-02 -9.301614e-03 1.567839e-02 2.399528e+01 -9.283797e+00 1.203415e+01 2.390288e+01 2389 8.660953e-03
131625 3.231632e-03 -4.403090e-03 1.587145e-01 -2.345544e-03 -2.850273e-03 5.933147e-01 -1.431644e+00 8.569489e+00 2.036269e+01 5517 2.256012e-02
131812 -1.132488e-02 -5.605839e-03 1.025322e-01 1.328653e-02 6.290524e-03 2.289956e+01 4.887617e+00 1.610444e+00 2.279703e+01 3866 1.438585e-02
133937 1.248078e-02 1.254804e-03 1.324774e-01 -1.470505e-02 -7.225181e-04 1.801106e+01 -5.562764e+00 1.576282e+00 1.787858e+01 4093 1.582955e-02
135924 -1.113316e-03 -1.264717e-02 1.812841e-02 -5.894350e-04 1.441367e-02 1.160748e+01 -4.874838e+00 4.259897e+00 1.158935e+01 5334 1.918430e-02
136310 1.803217e-03 -2.100698e-03 1.458040e-01 5.582550e-03 3.757356e-03 2.032346e-01 3.100761e-01 2.361001e+00 2.407764e+01 1409 7.150351e-03
136851 7.156441e-03 -4.426644e-03 1.522594e-01 -1.783733e-02 1.056258e-02 3.849910e-01 -4.090418e+00 2.270534e+00 2.600219e+01 4329 1.964229e-02
137170 5.484212e-03 -1.145322e-02 1.124481e-01 -7.596681e-03 1.433652e-02 6.994175e-01 -5.651163e+00 7.483977e+00 5.869694e-01 5506 2.238929e-02
138681 6.141793e-06 1.263672e-02 9.245725e-02 2.504467e-03 -1.384236e-02 -1.234898e+01 7.093183e+00 -2.675996e+00 -1.244144e+01 3824 1.929429e-02
139742 -1.052106e-02 7.066226e-03 9.236492e-02 9.938564e-03 -9.562295e-03 1.245119e+01 -2.253505e+00 -6.643482e+00 1.235883e+01 5099 1.844663e-02
140915 -6.359143e-03 -1.083731e-02 9.246480e-02 1.010343e-02 1.165879e-02 -4.462961e+00 1.021074e+01 1.694650e+00 -4.555425e+00 4950 2.086388e-02
141360 8.374615e-03 9.012011e-03 1.554351e-01 -1.717660e-02 -1.885151e-02 2.654517e-01 1.890810e+00 1.962857e+00 1.090409e+01 2146 1.180516e-02
141775 1.267331e-02 -6.689909e-04 1.174044e-01 -1.578266e-02 -2.023288e-03 -4.612896e+00 -8.052105e+00 -7.644727e+00 -4.730300e+00 3492 1.375772e-02
141805 2.288399e-03 1.289930e-02 1.796561e-01 7.649333e-05 -6.471990e-03 5.793081e-01 -2.057510e+00 -7.064857e+00 1.915661e+01 3351 1.710358e-02
146217 -2.030992e-02 1.746831e-02 6.994264e-02 -3.441676e-02 2.949322e-02 6.997600e-02 -2.242917e+01 1.910444e+01 5.866980e-02 3936 1.432079e-02
146479 1.857935e-02 1.548648e-02 6.862682e-02 4.097170e-02 3.026885e-02 7.410946e-02 9.066924e+00 5.225100e+00 3.783107e+00 2294 7.762772e-03
146484 -1.166029e-03 3.306570e-03 1.525656e-01 -1.113045e-02 5.230012e-03 2.004581e-01 -1.980501e+00 -8.409593e-01 1.941185e+01 2301 1.207289e-02
148849 -3.909961e-03 -1.199947e-02 7.751554e-02 8.530172e-03 2.223450e-02 1.432613e+01 1.282685e+01 2.822211e+01 1.424862e+01 4580 1.573944e-02
154440 1.107119e-02 -6.220263e-03 9.233858e-02 -1.610170e-02 1.099895e-02 1.345290e+01 -1.357225e+01 1.314109e+01 1.336056e+01 3454 1.256066e-02
155599 -1.703979e-03 1.250384e-02 1.075439e-01 6.128886e-04 -1.511649e-02 1.676465e+01 -3.180937e+00 -6.658671e+00 1.665710e+01 1875 8.212755e-03
156704 -2.021213e-02 9.560995e-03 1.591544e-01 -1.078027e-02 5.190085e-03 2.923143e-01 -1.207367e+01 5.627441e+00 9.652535e+00 7315 2.955891e-02
157283 2.852967e-03 1.233010e-02 9.243392e-02 -1.953669e-03 -1.423082e-02 4.857432e+00 2.705483e+00 -4.657387e+00 4.764998e+00 3000 1.130427e-02
158504 7.464763e-03 -1.021797e-02 8.762136e-02 -1.341119e-02 9.146596e-03 -5.967012e+00 -1.636820e+01 -3.617160e+00 -6.054633e+00 6267 2.785506e-02
159354 -1.248796e-02 -2.236139e-03 8.757596e-02 1.899139e-02 7.522757e-03 3.764762e+01 1.765161e+01 1.480626e+01 3.756005e+01 2425 8.451589e-03
160194 -6.104828e-03 -8.249761e-03 1.835233e-01 -8.751710e-03 -1.078921e-02 2.155441e-01 -1.119897e+00 -6.427304e-01 2.902449e+01 4480 1.937962e-02
160465 4.073411e-03 -1.192297e-02 8.257922e-02 -7.782400e-03 1.831870e-02 1.329271e+00 -1.024307e+01 1.737997e+01 1.246692e+00 2535 9.331595e-03
161479 1.529878e-02 1.875665e-02 1.727362e-01 6.068206e-04 -1.301819e-03 2.359488e+00 1.096150e+01 1.434201e+01 1.874269e+01 7290 3.398301e-02
162016 1.269259e-02 -3.992677e-04 9.742830e-02 -1.260193e-02 1.977299e-03 2.357041e+01 9.894772e-01 4.435096e+00 2.347298e+01 5200 1.889287e-02
164458 4.574516e-03 -7.338772e-03 1.545892e-01 -6.510303e-03 1.028511e-02 3.335544e-01 -7.610599e+00 1.156829e+01 2.338750e+01 8130 3.004771e-02
165735 -1.662379e-03 -3.865603e-03 1.502700e-01 -5.038596e-03 -5.534990e-03 2.503474e-01 2.124718e+00 3.622670e+00 2.084915e+01 4469 1.943154e-02
168708 1.324404e-03 -6.314111e-04 1.550716e-01 1.208096e-02 -1.234135e-02 2.839416e-01 -4.692225e+00 4.310279e+00 2.474586e+01 9928 3.674092e-02
169309 7.814070e-03 -1.223435e-02 1.794963e-01 -1.052733e-02 1.599714e-02 1.190981e+00 2.313852e+00 -3.749452e+00 1.864973e+01 1294 9.324643e-03
172348 -1.135185e-02 1.221594e-03 1.788977e-01 -1.157168e-02 1.104413e-03 4.362203e+00 -1.140642e+00 -7.919960e-01 1.881847e+01 10809 4.527978e-02
173245 2.649720e-03 -1.240454e-02 1.025204e-01 -6.411459e-03 1.540058e-02 -1.534248e+00 -1.047436e+01 7.747552e+00 -1.636768e+00 3113 1.310232e-02
174631 1.189896e-02 4.408872e-03 8.251040e-02 -1.643564e-02 -4.108644e-03 1.654791e+01 -1.212927e+01 1.102920e+00 1.646540e+01 2435 8.708247e-03
176347 6.310899e-04 7.884200e-03 1.526649e-01 -6.101747e-03 7.077709e-03 7.479141e-01 -2.508363e+00 9.485473e+00 1.537874e+01 3345 1.566166e-02
176380 -9.195250e-03 3.819751e-03 1.542625e-01 2.521853e-02 -2.730365e-03 5.687037e-01 -4.359154e+00 2.170690e+00 1.615143e+01 1589 1.127625e-02
177768 -1.493924e-03 -1.203629e-02 1.501911e-01 2.316725e-04 7.085856e-03 2.516865e-01 2.033764e+00 8.642056e+00 1.983217e+00 5666 2.317019e-02
181138 1.350968e-02 -9.961292e-03 1.652291e-01 -2.289414e-03 -3.456711e-03 5.884067e-01 -8.419093e+00 7.956709e+00 1.212064e+01 1864 1.223314e-02
182213 4.630512e-03 3.214490e-03 1.554285e-01 -3.473809e-03 -3.974355e-04 8.448259e-01 -2.752811e+00 -6.071533e+00 1.342384e+01 3692 1.668697e-02
184835 2.705757e-02 8.370546e-03 6.551731e-02 3.525309e-02 -1.083701e-02 5.266710e-02 -1.861148e+01 -4.340687e+00 -3.163792e+00 5043 2.085219e-02
187481 -8.554241e-03 -9.198650e-03 1.175432e-01 9.949302e-03 9.179665e-03 6.532243e+00 3.447003e+00 -5.851123e-01 6.414700e+00 3257 1.514855e-02
187684 2.199702e-04 1.192032e-02 1.740699e-01 1.649403e-03 -1.730826e-02 1.564393e+00 4.677810e-01 4.026281e+00 2.006007e+01 2928 1.330317e-02
188704 -4.654346e-03 -1.177123e-02 1.124817e-01 3.147844e-03 1.327072e-02 2.096580e+00 -4.525001e+00 3.556176e+00 1.984098e+00 1195 9.943804e-03
188795 -1.906063e-03 -2.215511e-03 1.504441e-01 -8.685266e-03 -1.972752e-02 2.196462e-01 2.168935e-01 -7.929587e-01 2.223511e+01 2332 1.506616e-02
188896 -1.488396e-04 -1.907659e-03 1.952884e-01 -7.217795e-04 6.953629e-04 1.279282e+00 1.599574e+00 2.377976e+00 8.648255e+00 3132 2.057223e-02
192318 -1.315665e-03 -1.250490e-02 1.025535e-01 2.240525e-03 1.678229e-02 2.679364e+01 2.536844e+00 1.136172e+01 2.669108e+01 4787 1.703036e-02
197137 2.838916e-03 2.874940e-02 6.804338e-02 6.106137e-03 4.033927e-02 6.860347e-02 3.928762e+00 1.167049e+01 7.575400e-01 6362 2.435558e-02
200109 2.891339e-02 -5.219533e-03 6.754107e-02 5.282715e-02 -4.894901e-03 6.315225e-02 4.278177e-01 1.761208e+00 -2.271465e+00 2249 9.627279e-03
201731 -1.210226e-02 3.777839e-03 8.735524e-02 1.748194e-02 -3.146368e-03 1.464272e+01 1.449913e+01 2.002270e+00 1.455536e+01 3219 1.097803e-02
205124 -1.125871e-02 -5.829092e-03 1.025795e-01 1.421841e-02 2.607775e-03 2.635346e+00 7.711061e+00 -9.437472e+00 2.532767e+00 6539 2.670923e-02
206999 -1.262572e-02 -8.297857e-04 9.760154e-02 1.372572e-02 -1.089080e-03 1.447937e+01 2.378181e+00 -5.469014e+00 1.438177e+01 2307 1.042146e-02
213254 8.298937e-03 -2.359426e-02 6.733754e-02 9.094141e-03 -3.801763e-02 6.324837e-02 -1.064514e+00 -6.020923e+00 -3.347073e+00 4979 1.940458e-02
213412 -2.020799e-02 -1.215315e-02 6.579745e-02 -2.521202e-02 -2.010070e-02 6.151878e-02 5.287230e-01 -3.242266e+00 -3.412889e+00 2560 1.341796e-02
215503 -1.805909e-02 -2.125291e-02 6.602808e-02 -2.776669e-02 -2.516063e-02 6.748470e-02 -1.066987e+00 3.012768e+00 9.631141e-01 989 5.784166e-03
216799 -4.109024e-03 -6.893697e-03 1.536229e-01 3.856838e-03 1.997700e-03 2.592555e-01 8.571601e-01 1.124236e+01 1.518985e+01 2283 1.016764e-02
217960 1.431079e-02 1.862710e-02 6.533783e-02 1.841410e-02 2.455890e-02 6.529989e-02 1.626014e+01 2.358819e+01 -1.561936e-01 4800 2.287253e-02
222618 -3.174590e-03 -1.346323e-02 1.700233e-01 3.337029e-03 1.384905e-02 1.131590e+00 6.030985e+00 1.429820e+01 2.595259e+01 3629 1.494108e-02
223010 -1.151476e-02 -5.173303e-03 1.025623e-01 8.692918e-03 7.754913e-03 7.432631e+00 -8.637406e+00 6.994515e+00 7.330068e+00 2225 9.014965e-03
223989 1.226303e-02 -2.369923e-02 6.759428e-02 1.234224e-02 -3.592653e-02 6.312542e-02 -1.567349e+00 -1.099965e+01 -5.415341e+00 2206 9.456686e-03
224820 9.678080e-04 2.506200e-02 1.539001e-01 -2.779348e-03 -1.381449e-03 1.592793e+00 1.665936e-01 -1.610892e+01 6.331561e+00 2045 1.626508e-02
225961 -1.089105e-03 1.262886e-02 1.376174e-01 1.107910e-03 -1.610267e-02 2.566901e+00 -9.798679e-03 -9.084357e+00 2.429283e+00 2207 1.307009e-02
226687 1.485318e-03 1.243977e-02 1.175245e-01 -4.930087e-03 -1.408523e-02 2.845804e+01 -9.646146e+00 -3.929921e+00 2.834051e+01 1201 4.732589e-03
227837 -3.462716e-03 -1.146503e-03 1.473196e-01 -2.172838e-03 -1.423350e-02 2.054358e-01 1.634037e+00 -3.713031e+00 2.644253e+01 4186 1.746805e-02
227951 -1.255140e-02 1.871351e-03 8.736337e-02 1.365352e-02 -2.225590e-03 1.762481e+01 2.388475e+00 -8.926547e-01 1.753745e+01 3194 1.192805e-02
228590 2.086768e-02 -1.688456e-02 6.758900e-02 3.667927e-02 -3.283796e-02 6.080614e-02 5.041077e+00 -6.044964e+00 -4.808636e+00 4374 1.692500e-02
229591 -7.702209e-04 3.014297e-03 1.606408e-01 -2.637752e-03 -3.207432e-03 3.137890e-01 -1.993869e+00 6.820832e-01 1.700896e+01 7040 3.180083e-02
229739 2.750779e-02 -1.168755e-02 6.805183e-02 4.698986e-02 -2.983368e-02 6.586632e-02 -1.308470e+00 -3.225286e+00 -1.108786e+00 7500 2.862227e-02
231504 1.252175e-02 -2.076547e-03 1.025429e-01 -1.479493e-02 3.210707e-03 1.173460e+00 -5.698574e+00 3.084187e+00 1.070917e+00 1680 7.132171e-03
233495 2.700627e-03 8.520598e-03 1.567919e-01 1.253186e-02 1.607074e-02 4.500285e-01 1.314489e-01 -2.937734e+00 1.652364e+01 4223 1.924857e-02
235275 1.208349e-02 -3.693626e-03 8.739288e-02 -1.657897e-02 8.764231e-03 3.110023e+01 -1.200219e+01 1.411177e+01 3.101283e+01 1640 6.104491e-03
235411 1.013836e-02 7.555016e-03 9.256112e-02 -1.066359e-02 -8.981601e-03 1.278703e+01 -8.980886e-01 -3.593794e+00 1.269447e+01 2056 7.126558e-03
235455 -4.681327e-03 7.401965e-03 1.811507e-01 1.496846e-03 -4.833910e-04 7.961889e-01 3.815118e+00 -7.845025e+00 2.896230e+01 12037 4.537944e-02
236027 -7.036304e-03 -1.053466e-02 9.753319e-02 8.969995e-03 1.061337e-02 -9.233511e+00 5.056414e+00 -3.863025e-01 -9.331044e+00 3844 1.567004e-02
236083 4.472256e-04 -1.267655e-02 9.751511e-02 -1.534522e-03 1.705288e-02 2.017579e+01 -3.045928e+00 1.163134e+01 2.007827e+01 4547 1.680650e-02
238094 -9.281692e-03 8.540605e-03 7.742777e-02 1.380014e-02 -1.116521e-02 1.533252e+01 1.222900e+01 -6.921428e+00 1.525509e+01 2083 7.743937e-03
239245 -7.369904e-03 1.030554e-02 8.263335e-02 1.206410e-02 -1.139323e-02 2.927229e+01 1.283597e+01 -2.477451e+00 2.918966e+01 1133 4.155983e-03
239681 -2.951699e-03 1.235093e-02 8.738899e-02 2.467767e-03 -1.312067e-02 1.300817e+01 -1.537722e+00 -1.461012e+00 1.292079e+01 2607 9.839137e-03
240679 3.337843e-03 -1.131488e-02 1.967938e-01 4.456655e-03 -1.407420e-02 3.971890e+00 1.632085e+00 -3.739040e+00 3.171232e+01 2133 1.050227e-02
241956 3.958721e-03 1.772799e-03 1.518269e-01 1.648619e-02 1.910309e-03 2.555287e-01 -1.293705e+00 -9.423607e-01 3.107782e+01 7469 2.713654e-02
242504 1.884290e-03 -5.315896e-03 1.552688e-01 -6.401844e-03 9.647405e-03 3.464453e-01 -7.845129e+00 7.203133e+00 2.402331e+01 6659 2.530846e-02
245473 3.268496e-03 1.065495e-02 1.584985e-01 -1.040353e-02 -9.893436e-03 5.562114e-01 8.591718e+00 1.432322e+01 2.990128e+01 1762 8.020242e-03
246246 1.205072e-03 1.534801e-02 1.813240e-01 6.997624e-05 -1.891679e-03 1.869656e+00 7.879733e-01 1.093168e+01 2.348963e+01 3126 1.832283e-02
249887 -7.770102e-03 -5.542021e-03 1.566904e-01 -1.802358e-02 -1.765223e-02 2.181244e-01 1.632102e+00 3.120900e-01 2.219513e+01 2055 1.117560e-02
250411 1.686869e-02 -2.015327e-02 6.643566e-02 5.788265e-02 -5.789351e-02 5.444497e-02 1.190463e+01 -9.546645e+00 -6.390230e+00 6548 2.488916e-02
252853 2.771206e-03 6.447138e-03 1.748923e-01 -2.829651e-03 -6.677498e-03 7.813701e-01 1.818619e-01 8.714179e-01 1.174806e+01 2954 1.551481e-02
253893 -1.625518e-02 -8.114767e-03 1.814955e-01 2.182252e-02 1.165740e-02 8.744554e-01 6.618399e+00 4.449173e+00 3.030787e+01 6649 2.746225e-02
254097 1.268360e-02 3.611318e-03 1.614547e-01 2.490968e-02 1.483333e-02 2.032308e-01 -1.236812e-01 2.613995e+00 1.986973e+01 3848 1.680149e-02
254130 2.067496e-04 5.812371e-03 1.538418e-01 -4.812349e-03 1.421807e-02 3.661806e-01 -1.708130e+00 7.149473e-01 1.251418e+01 4324 1.844906e-02
254692 -2.153451e-03 -2.660769e-02 7.072125e-02 -1.597327e-02 -8.393642e-02 8.297779e-02 -3.741269e+00 -9.353243e+00 5.670749e+00 2803 1.061844e-02
255454 -1.101526e-02 2.494518e-02 6.725461e-02 -1.650867e-02 3.764477e-02 6.898539e-02 -5.560184e+00 1.291905e+01 2.266465e+00 1686 1.183966e-02
255927 8.109720e-03 -1.205708e-03 1.980460e-01 1.725171e-02 6.874388e-04 3.122548e+00 -4.670072e+00 7.313624e-01 3.764459e+01 5777 2.260816e-02
256163 -3.349967e-03 -1.404201e-02 1.502618e-01 1.529074e-03 1.636886e-02 4.872450e-01 -4.185172e+00 -2.467925e+01 7.806178e+00 6145 2.415385e-02
256190 4.446443e-03 1.627772e-03 1.573967e-01 1.605085e-02 -8.259874e-03 3.003692e-01 -8.577774e+00 1.738638e+00 2.691472e+01 3145 1.342434e-02
257323 -1.023164e-02 -7.479388e-03 8.740362e-02 1.366649e-02 6.528297e-03 2.063288e+01 9.112773e+00 -3.119108e+00 2.054548e+01 4214 1.531150e-02
259022 1.248351e-02 1.427742e-03 9.254283e-02 -1.490880e-02 -5.040604e-03 1.106552e+01 -6.130546e+00 -1.012436e+01 1.097298e+01 2972 1.099656e-02
259657 1.246013e-02 -2.450274e-03 1.025446e-01 -1.348569e-02 3.834335e-03 9.914681e+00 -2.177414e+00 3.768598e+00 9.812137e+00 1800 1.190405e-02
261427 -3.358338e-03 9.176648e-03 1.529766e-01 5.067741e-03 -1.809845e-02 6.439799e-01 8.288815e-02 -2.547733e+00 2.065530e+01 4023 1.933099e-02
262420 -3.222627e-04 1.267412e-02 9.260612e-02 3.495817e-03 -1.424667e-02 2.149061e+01 8.947125e+00 -3.710419e+00 2.139800e+01 8201 3.015943e-02
264066 1.112598e-02 1.942009e-02 1.695694e-01 1.864129e-02 2.698986e-02 1.995271e-01 1.925926e+00 9.268452e-03 2.076262e+01 4607 2.032071e-02
265448 5.042359e-03 2.787899e-02 6.983911e-02 -4.903334e-05 3.033235e-02 8.969178e-02 -3.142102e+00 -2.315582e+01 4.232906e+00 4574 1.633036e-02
265847 4.610863e-03 -5.198816e-03 1.558030e-01 1.546341e-02 -1.408304e-02 4.870880e-01 -9.424070e-01 1.468185e+00 1.855191e+01 1685 8.196899e-03
268549 -7.789283e-03 9.941605e-03 1.024807e-01 9.055322e-03 -1.198423e-02 1.019552e+01 3.126694e+00 -5.196310e+00 1.009304e+01 3686 1.391317e-02
269171 -2.311648e-03 -1.247340e-02 1.225108e-01 1.715247e-03 1.530586e-02 2.577464e+01 -1.818480e+00 7.281419e+00 2.565213e+01 7299 2.642742e-02
269846 -5.475867e-03 -1.143741e-02 8.248728e-02 9.104764e-03 1.463588e-02 1.629173e+01 9.935770e+00 8.375304e+00 1.620924e+01 2947 1.028802e-02
270019 1.225250e-02 2.880654e-03 1.025099e-01 -1.241936e-02 -6.097213e-03 1.090708e+01 2.365037e-01 -8.920803e+00 1.080457e+01 1310 5.273013e-03
270341 -1.049437e-02 2.102853e-03 1.810370e-01 1.088785e-02 -2.380773e-03 3.503347e+00 -5.931010e+00 1.181609e+00 2.089335e+01 2899 1.501197e-02
272034 -2.303634e-02 -5.290498e-03 6.790193e-02 -4.933924e-02 -4.995360e-03 6.365468e-02 -1.495949e+01 1.275524e+00 -3.475277e+00 10173 3.629720e-02
273063 -6.170583e-03 -1.096914e-02 1.025756e-01 5.098224e-03 1.261644e-02 1.923444e+01 -3.386089e+00 4.020086e+00 1.913186e+01 3854 1.399130e-02
274121 7.168394e-03 7.935064e-03 1.514587e-01 -2.810494e-03 7.980883e-03 2.260804e-01 -4.273111e+00 -1.120564e+01 1.259743e+01 1801 9.796442e-03
275236 -2.108937e-03 5.811525e-03 1.558659e-01 -5.937649e-03 4.560038e-05 2.185516e-01 5.373623e+00 -4.914009e+00 1.050747e+01 2359 1.232234e-02
275910 -1.253115e-02 -1.978455e-03 8.239587e-02 1.795780e-02 -1.832626e-03 1.569461e+01 1.460706e+01 -1.088116e+01 1.561221e+01 890 3.826914e-03
276801 9.343101e-04 -1.264371e-02 8.754075e-02 6.463372e-04 1.539219e-02 1.040150e+01 4.519537e+00 7.034338e+00 1.031396e+01 9078 3.249225e-02
277169 2.846050e-03 -5.926993e-03 1.579424e-01 -6.386384e-03 1.820535e-02 7.574752e-01 -1.138522e+00 4.969267e+00 2.518385e+01 1138 7.352465e-03
277326 -3.230346e-03 1.220331e-02 8.758764e-02 4.436299e-03 -1.871143e-02 2.053740e+01 3.220346e+00 -1.768129e+01 2.044981e+01 2533 9.320242e-03
278076 1.501891e-02 1.803937e-02 6.812959e-02 2.217581e-02 2.978818e-02 6.810017e-02 -5.159101e+00 -5.594510e+00 -1.087720e-02 5251 2.037886e-02
280959 9.361165e-03 -1.012552e-02 1.501306e-01 -1.019422e-02 1.106084e-02 6.452644e-01 -5.780577e+00 6.499000e+00 5.136175e+00 2267 1.095815e-02
283885 -4.576540e-03 4.467891e-03 1.486961e-01 -1.363691e-03 2.382587e-02 2.033139e-01 2.818387e+00 -3.827402e+00 1.376800e+01 4758 1.879088e-02
284249 1.125690e-02 -5.836915e-03 8.762134e-02 -1.256461e-02 6.612109e-03 1.259517e+01 -3.044057e+00 1.852792e+00 1.250754e+01 5688 2.148932e-02
286530 -1.664462e-02 2.242550e-02 6.582881e-02 -3.048394e-02 4.586629e-02 6.650118e-02 2.236683e+00 -1.644840e+00 2.915119e-01 10381 3.771046e-02
287496 -2.565044e-02 -2.190112e-03 6.565742e-02 -3.751781e-02 3.005308e-05 6.153387e-02 9.551864e-01 1.701683e+00 -2.489997e+00 3608 1.918959e-02
292060 -7.944736e-03 -9.841201e-03 1.025964e-01 9.227520e-03 8.933987e-03 1.608031e+01 3.165022e+00 -3.131610e+00 1.597771e+01 5212 2.104537e-02
294949 5.511099e-03 2.271527e-03 1.746555e-01 -9.522575e-03 -7.815096e-03 1.061090e+00 5.764600e-01 -1.050446e+00 2.263366e+01 1446 1.047562e-02
297368 -9.083051e-03 8.860204e-03 1.024246e-01 1.212686e-02 -1.408965e-02 -3.114483e+00 8.074404e+00 -1.426201e+01 -3.216908e+00 1873 8.023372e-03
299254 9.467578e-03 -8.432544e-03 8.257611e-02 -1.175225e-02 1.223088e-02 -4.965771e+00 -5.907502e+00 1.024364e+01 -5.048347e+00 7778 2.927919e-02
300628 2.472519e-02 7.926213e-03 6.838312e-02 3.563026e-02 1.180073e-02 6.599469e-02 1.881019e+01 6.755613e+00 -4.650654e+00 7101 2.581994e-02
301211 1.250433e-02 -1.295785e-03 1.025422e-01 -1.684179e-02 -4.635066e-04 9.526080e+00 -1.153148e+01 -5.045119e+00 9.423538e+00 3965 1.447499e-02
302657 6.584510e-03 -3.099403e-03 1.727785e-01 -1.401538e-02 -1.732823e-04 5.220139e-01 5.826281e+00 -1.872954e+00 2.959611e+01 3429 1.721018e-02
306548 7.677228e-03 -1.938815e-03 1.573146e-01 4.031384e-02 -6.374034e-03 2.215043e-01 -1.029381e+01 2.072225e+00 1.443661e+01 1067 7.305062e-03
308269 -2.052869e-03 -9.345728e-03 1.772095e-01 -3.395517e-03 -6.817361e-03 1.457371e+00 -6.697361e-01 3.771368e+00 9.521542e+00 3168 1.941150e-02
308838 8.001256e-04 8.417717e-03 1.686013e-01 -3.618150e-03 -1.221082e-02 1.127513e+00 -2.006607e+00 -1.272992e+00 2.509284e+01 6453 2.588707e-02
309010 -1.912570e-03 -2.299801e-02 6.965519e-02 -5.031801e-03 -4.298347e-02 7.772086e-02 -2.654379e+00 -1.526609e+01 8.149729e+00 1710 6.684244e-03
309303 -3.386985e-03 -3.123377e-03 1.532310e-01 1.874467e-03 -2.301858e-02 2.271578e-01 2.221015e+00 -1.909524e-01 2.305056e+01 6722 2.649134e-02
309543 1.254352e-02 8.203998e-04 9.249562e-02 -1.625770e-02 -3.841688e-03 2.178928e+01 -9.768346e+00 -8.488171e+00 2.169679e+01 1445 5.131733e-03
310374 5.428945e-04 -8.910044e-04 1.811047e-01 -8.458161e-03 -6.534621e-05 2.019920e+00 4.489875e+00 7.732114e-01 1.089157e+01 1850 1.323410e-02
310960 -1.137453e-02 1.688121e-02 1.774406e-01 1.107390e-02 -1.572399e-02 3.291886e-01 2.254339e+00 -8.002728e+00 2.092402e+01 6705 2.874332e-02
312209 1.268207e-02 4.782125e-04 1.174122e-01 -1.406041e-02 1.175462e-03 1.015665e+01 -3.161260e+00 4.699496e+00 1.003924e+01 2526 1.267278e-02
314486 -1.449629e-03 1.006340e-02 1.912236e-01 5.706961e-03 -1.800423e-02 2.212182e+00 1.005757e+00 -6.469161e+00 8.402298e+00 1439 1.368462e-02
316291 1.082514e-02 6.585141e-03 1.225474e-01 -1.652660e-02 -7.166277e-03 3.250963e+00 -1.548199e+01 -1.261318e+00 3.128416e+00 1951 9.349128e-03
320902 -4.565372e-04 3.861365e-03 1.885236e-01 -3.668862e-03 1.207091e-02 3.151500e-01 2.972810e-01 -2.393737e+00 3.387771e+01 5924 2.463600e-02
321702 2.355454e-02 -6.892728e-03 6.726132e-02 2.925928e-02 -8.841891e-03 6.604501e-02 2.332458e+01 -8.014010e+00 -5.184025e+00 5269 1.929685e-02
321821 -7.630784e-03 -1.875133e-02 6.525445e-02 1.082889e-02 2.365947e-02 1.940554e+00 8.594206e+00 1.278280e+01 1.875300e+00 1156 4.525479e-03
322084 -3.187144e-03 -3.708978e-03 1.553653e-01 -7.676146e-03 -2.875655e-03 4.022430e-01 -1.869765e+00 1.380092e+00 1.516017e+01 2901 1.383803e-02
323119 -5.554606e-03 -2.624013e-02 6.973614e-02 -8.995959e-03 -3.350356e-02 7.343550e-02 -3.938113e+00 -6.585708e+00 5.105268e+00 3702 1.932132e-02
324972 -2.435684e-02 -1.241599e-02 6.631357e-02 -3.809750e-02 -3.082519e-02 7.113254e-02 5.401268e+00 -3.943118e-01 2.056738e+00 6672 2.566584e-02
325143 2.265494e-02 9.132845e-03 6.939715e-02 3.624293e-02 9.164984e-03 6.802292e-02 1.565604e+01 -1.033299e+00 -1.913079e+00 2977 1.107152e-02
327724 2.488447e-02 -6.652943e-03 7.019695e-02 2.868528e-02 -9.640062e-03 7.048611e-02 1.379471e+01 -1.138307e+01 1.133361e+00 3134 1.164345e-02
330477 2.237189e-02 1.698127e-02 6.543073e-02 2.692477e-02 1.939847e-02 5.579592e-02 -3.466201e+00 -3.173817e+00 -5.868849e-01 3303 1.419382e-02
334614 -2.969152e-03 1.231822e-02 9.759076e-02 3.665983e-03 -1.884314e-02 -5.163164e-01 1.797098e+00 -1.772210e+01 -6.139071e-01 3588 1.536897e-02
335198 6.301985e-03 -1.093616e-02 9.242537e-02 -7.450851e-03 1.449664e-02 1.616854e+01 -2.881595e+00 9.426995e+00 1.607611e+01 6314 2.355294e-02
340764 1.304270e-03 -3.342572e-03 1.439481e-01 -2.404568e-02 -8.929972e-03 2.006503e-01 -3.585868e+00 1.000294e+00 1.845209e+01 6302 2.723330e-02
341669 5.042413e-03 -6.492616e-03 1.820073e-01 -6.287280e-03 1.104541e-02 5.161948e+00 3.967747e-01 1.311149e+00 3.173563e+01 3071 1.410863e-02
341819 2.397891e-03 1.071989e-02 1.575729e-01 2.150951e-03 -4.552718e-03 5.639418e-01 -4.173372e+00 -7.031766e+00 1.926867e+01 2703 1.290161e-02
342006 1.201184e-02 -3.987685e-03 1.326315e-01 -1.339139e-02 4.468956e-03 -1.055565e+01 -3.203404e+00 1.129263e+00 -1.068828e+01 3865 1.683862e-02
342423 -2.014161e-02 -8.712167e-03 6.513927e-02 2.398366e-02 1.415840e-02 -3.334008e+00 9.690591e+00 1.488302e+01 -3.399147e+00 1928 1.389792e-02
342981 4.076280e-04 1.553552e-02 1.671541e-01 4.178062e-03 1.677385e-02 1.201820e+00 -1.102426e+00 -1.316448e+01 2.103794e+01 3371 1.455367e-02
343942 -1.706552e-02 6.540822e-03 1.967384e-01 1.649026e-02 -6.410453e-03 6.696396e+00 3.510363e+00 -8.806233e-01 2.042548e+01 3345 1.853634e-02
344175 1.214329e-02 -3.661811e-03 9.748473e-02 -1.269649e-02 1.822348e-03 -2.985904e+01 -8.612579e-01 -5.408318e+00 -2.995653e+01 2324 1.078346e-02
344715 9.723990e-03 -2.458488e-02 7.003776e-02 1.703286e-02 -4.405500e-02 7.725675e-02 6.007052e-01 -1.975569e+00 4.115951e+00 4086 1.625549e-02
345352 1.249525e-02 -2.033739e-03 8.740398e-02 -1.910374e-02 2.722083e-03 3.219884e+01 -1.794799e+01 1.827167e+00 3.211144e+01 2345 8.872680e-03
345621 -8.681425e-03 2.712310e-02 6.490142e-02 -2.053344e-02 5.777312e-02 5.748747e-02 -2.162823e+00 4.156752e+00 -3.905779e+00 3040 1.185592e-02
347052 1.051240e-02 -1.862509e-02 1.978669e-01 -9.427230e-03 1.796636e-02 2.412674e+00 2.850133e+00 -4.047382e+00 1.413777e+01 3427 1.785966e-02
347509 2.115445e-02 -2.094335e-02 6.992476e-02 3.219791e-02 -3.122713e-02 7.175109e-02 2.808604e+00 -2.345382e+00 1.372738e+00 1562 6.650912e-03
349557 2.439288e-02 4.592769e-03 1.864299e-01 -2.375169e-02 -4.406459e-03 8.141647e+00 -6.305645e+00 -1.787406e+00 2.027605e+01 4493 2.018361e-02
351244 -1.215649e-02 -3.664859e-03 8.248444e-02 1.670557e-02 4.476194e-03 1.782538e+01 1.214945e+01 2.080391e+00 1.774290e+01 1972 6.600462e-03
351426 -1.350487e-03 -3.623828e-04 1.472548e-01 1.184359e-02 -1.068187e-02 2.531125e-01 -2.777606e+00 3.560275e+00 2.038827e+01 3867 1.716336e-02
353872 -3.204745e-03 6.492896e-03 1.670487e-01 3.311995e-03 -6.737151e-03 2.502709e-01 7.786356e-01 -1.790100e+00 1.104983e+01 1333 9.364375e-03
353963 -2.094737e-02 -1.176964e-02 6.509881e-02 -2.785351e-02 -1.565394e-02 6.081828e-02 -2.654479e+01 -1.493039e+01 -1.705350e+01 4245 1.580716e-02
354541 -1.048737e-02 -7.152555e-03 1.023694e-01 1.447067e-02 8.336019e-03 2.363477e+01 1.064745e+01 2.930199e+00 2.353240e+01 4804 1.692892e-02
360391 -7.488954e-03 1.023923e-02 8.758858e-02 8.915890e-03 -1.175192e-02 -7.452680e+00 3.598605e+00 -3.681946e+00 -7.540269e+00 6109 2.443131e-02
360734 2.325842e-02 -7.787945e-03 6.630714e-02 3.934744e-02 -2.310800e-02 6.392855e-02 -6.466908e-02 -4.225293e+00 -1.291273e+00 5186 1.891586e-02
362993 8.456500e-03 -5.390266e-03 1.523778e-01 -1.151278e-02 5.706381e-04 4.203846e-01 -3.917626e+00 3.215761e+00 5.502172e+00 2298 1.049460e-02
363923 -1.603944e-02 -1.789098e-02 6.607423e-02 -2.218084e-02 -3.443612e-02 6.284163e-02 -1.088477e+00 -8.148596e+00 -2.561757e+00 7184 3.050220e-02
365863 1.614134e-03 -1.974769e-03 1.593635e-01 -6.277502e-05 8.967570e-04 2.274674e-01 2.053142e+00 -1.540054e+00 8.290133e+00 3396 1.722240e-02
366521 1.849281e-02 -8.422215e-03 1.649399e-01 -4.122658e-03 -1.951409e-03 2.534180e-01 -1.278443e+01 8.028950e+00 1.497355e+01 4426 2.012310e-02
367249 2.642648e-02 4.385140e-03 6.804298e-02 6.867994e-02 2.132193e-02 7.696071e-02 1.246538e+00 2.871578e+00 3.758653e+00 3909 2.060077e-02
367374 4.444909e-03 -1.181322e-02 1.024269e-01 -4.431389e-03 1.342310e-02 1.798004e+01 2.950093e-01 3.865598e+00 1.787761e+01 2806 9.755842e-03
367679 1.250661e-02 1.938704e-03 1.173744e-01 -1.322341e-02 3.917226e-04 1.793399e+01 -1.302480e+00 6.695803e+00 1.781662e+01 7581 2.867060e-02
368847 1.255474e-02 -1.127716e-03 1.025368e-01 -1.621036e-02 1.919577e-03 -5.880974e+00 -9.602255e+00 2.171962e+00 -5.983511e+00 3060 1.166037e-02
369161 1.228896e-02 -3.136339e-03 9.248820e-02 -1.434500e-02 2.693361e-03 1.462111e+01 -5.098599e+00 -1.432685e+00 1.452863e+01 1737 6.186505e-03
369249 -1.993363e-04 4.467500e-03 1.812245e-01 -3.614516e-04 -4.614466e-03 7.452690e+00 -1.414125e+00 -7.598010e-02 1.211536e+01 3390 2.158531e-02
373093 -6.271628e-03 1.095821e-02 1.224258e-01 7.012071e-03 -1.138749e-02 1.392853e+01 1.729497e+00 -5.796327e-01 1.380610e+01 2968 1.202617e-02
375918 2.323229e-02 -1.367135e-02 6.670702e-02 2.753346e-02 -1.653835e-02 6.604186e-02 1.946538e+01 -1.303802e+01 -3.143741e+00 2504 9.413408e-03
376684 3.209436e-03 -9.936231e-03 1.888524e-01 3.209589e-03 -9.935943e-03 4.626236e-01 -1.126005e+00 -2.122507e+00 1.848622e+01 6942 3.456385e-02
377284 -1.777991e-02 1.507662e-02 6.975818e-02 -2.710371e-02 1.960517e-02 7.247111e-02 -1.501206e+01 6.708538e+00 4.926103e+00 3037 1.350160e-02
377489 -1.058703e-02 -6.971552e-03 8.745811e-02 1.169207e-02 9.046314e-03 1.160814e+01 2.510221e+00 5.458698e+00 1.152068e+01 2608 1.092738e-02
378699 2.479898e-02 -7.479611e-04 6.526355e-02 3.481463e-02 -8.725897e-04 6.392201e-02 3.424003e+01 -4.057053e-01 -4.762859e+00 1063 3.888928e-03
382988 3.678008e-03 -1.203847e-02 9.249214e-02 -2.847803e-03 1.205401e-02 2.391862e+01 2.557953e+00 -6.516539e-01 2.382613e+01 3980 1.488699e-02
387745 -6.785962e-03 1.072326e-02 8.765079e-02 8.580523e-03 -1.314690e-02 2.386500e+01 4.677814e+00 -6.227588e+00 2.377735e+01 3068 1.119688e-02
388790 1.780385e-02 -1.958677e-02 6.799250e-02 4.217405e-02 -3.830293e-02 6.280206e-02 1.345839e+01 -9.102828e+00 -4.062988e+00 2423 8.448433e-03
390092 -1.418790e-02 1.644370e-02 6.520387e-02 1.727490e-02 -2.132064e-02 1.129318e+00 7.901472e+00 -1.282799e+01 1.064114e+00 1133 4.725985e-03
390933 1.020497e-02 1.941516e-03 1.532697e-01 -4.588562e-02 -6.539150e-03 2.939678e-01 7.656339e+00 1.383800e+00 1.246049e+01 6570 2.546810e-02
393845 2.083671e-02 7.452467e-04 1.755013e-01 -2.047131e-02 -7.169052e-04 3.660999e-01 -1.369249e+01 -1.058167e+00 2.583358e+01 5960 2.349827e-02
397589 -4.359802e-04 -2.507478e-02 6.964872e-02 1.432532e-03 -3.023813e-02 6.949309e-02 5.510762e+00 -1.376639e+01 -4.601269e-01 1731 1.198565e-02
398543 -1.133635e-02 -2.527162e-02 6.611447e-02 -3.161887e-02 -6.531615e-02 5.486641e-02 -1.124051e+01 -2.156887e+01 -8.502613e+00 8914 3.033669e-02
406583 -3.985977e-03 -1.197450e-02 1.174191e-01 1.538269e-03 1.405493e-02 3.120470e+01 -7.145427e+00 5.185658e+00 3.108728e+01 1772 6.538459e-03
409459 -7.958463e-03 9.819509e-03 8.742738e-02 7.102231e-03 -1.242112e-02 9.996277e+00 -2.878796e+00 -6.782583e+00 9.908850e+00 2289 8.521071e-03
409589 -1.191879e-02 4.151863e-03 9.252471e-02 1.508969e-02 -3.680399e-03 4.367530e+00 8.269612e+00 1.571838e+00 4.275005e+00 3261 1.454075e-02
411673 -1.910350e-02 -7.584024e-03 6.514146e-02 2.075145e-02 9.713688e-03 -4.744800e+00 3.551943e+00 5.578419e+00 -4.809941e+00 1553 1.120528e-02
412478 -6.909782e-03 6.625362e-03 1.772293e-01 -1.339791e-02 1.198660e-02 6.639001e-01 -3.021338e+00 2.302671e+00 3.021450e+01 5295 2.174612e-02
418898 -7.674027e-03 -2.529330e-02 6.714258e-02 -2.169224e-02 -4.120577e-02 5.891519e-02 -4.587659e+00 -6.083598e-01 -4.816114e+00 2959 1.106233e-02
419134 5.596925e-04 -4.750831e-03 1.435699e-01 -5.924519e-03 -2.321601e-02 2.191784e-01 3.040139e-01 5.414807e+00 1.760813e+01 4086 1.666804e-02
419354 1.821441e-02 1.557666e-02 6.991528e-02 3.527765e-02 2.820769e-02 7.643699e-02 1.309036e+01 9.348109e+00 6.535765e+00 2694 1.221412e-02
420444 4.897347e-03 1.151513e-02 9.250116e-02 -4.439624e-03 -1.290261e-02 1.905373e+01 1.576090e+00 -3.254498e+00 1.896123e+01 2542 9.088619e-03
421365 8.699821e-03 -1.171072e-02 1.970228e-01 5.589219e-03 -8.183902e-03 5.969259e+00 -4.580584e+00 6.077536e+00 2.029868e+01 2428 1.339836e-02
422407 5.670451e-03 7.449672e-03 1.761630e-01 -7.449296e-03 -8.046605e-03 1.304211e+00 -4.509086e+00 -1.181146e+00 3.017141e+01 4197 1.821191e-02
423105 -2.184856e-03 -1.937901e-02 1.801059e-01 -4.567608e-03 -3.452070e-03 4.602622e-01 2.067429e+00 1.250540e+01 1.447898e+01 3074 1.751731e-02
423712 3.250859e-03 1.222750e-02 8.258171e-02 -3.564766e-03 -1.719961e-02 2.749277e+01 -6.990064e-01 -1.334043e+01 2.741019e+01 5459 1.986631e-02
429622 -9.977708e-05 5.289507e-03 1.596943e-01 3.785752e-03 1.259309e-02 2.086062e-01 1.487088e+00 1.025112e+00 2.447932e+01 5550 2.552868e-02
430827 1.348381e-03 1.254034e-02 8.741758e-02 -3.350312e-03 -1.235205e-02 1.741990e+01 -5.577834e+00 1.256508e+00 1.733248e+01 1739 6.982192e-03
431380 -2.083065e-02 7.078194e-03 6.644269e-02 -3.091714e-02 8.710254e-03 6.652733e-02 1.968310e+00 -1.430652e+00 4.572518e-02 6286 2.376206e-02
434036 -7.154106e-04 3.644899e-03 1.437741e-01 3.123451e-02 9.763033e-03 1.830780e-01 1.295224e+01 1.301423e+00 2.041504e+01 4133 1.791747e-02
435264 -1.991781e-02 -1.931141e-02 6.568927e-02 -4.002317e-02 -2.297829e-02 4.888162e-02 5.534822e+00 8.063054e+00 -5.997935e+00 7847 3.558236e-02
437594 1.193231e-02 4.206411e-03 1.025151e-01 -1.244108e-02 -4.833495e-03 -1.086636e+01 -7.479088e-01 -1.528565e+00 -1.096887e+01 8803 3.378579e-02
438628 -1.706309e-03 -1.258154e-02 8.759982e-02 1.929061e-03 1.694201e-02 2.232967e+01 5.307200e-01 1.159202e+01 2.224207e+01 10582 3.767210e-02
438837 4.921507e-03 -2.746266e-02 7.038710e-02 1.035189e-03 -5.108624e-02 7.760555e-02 -3.414490e+00 -6.599652e+00 4.762202e+00 3725 2.355916e-02
440595 -1.799612e-02 1.688597e-02 6.765817e-02 -2.417735e-02 2.278180e-02 6.850720e-02 -1.612023e+01 1.539232e+01 2.377588e+00 2223 7.843072e-03
440956 -1.043220e-02 -4.844795e-03 1.917504e-01 5.996549e-03 3.875254e-03 1.118773e+00 5.277389e+00 1.695779e+00 1.834308e+01 1365 9.328221e-03
446474 -2.373234e-02 -1.468649e-02 6.898788e-02 -2.932615e-02 -1.690334e-02 6.963555e-02 -1.525845e+01 -5.755684e+00 1.931255e+00 2650 1.003450e-02
447884 -2.506999e-02 -1.562897e-02 6.650803e-02 -4.149887e-02 -2.056268e-02 6.664016e-02 5.829847e+00 4.951208e+00 5.381409e-02 2840 1.343146e-02
448220 -6.492662e-03 -2.198659e-02 7.017589e-02 -1.180351e-02 -3.031955e-02 7.168851e-02 -1.128999e+01 -1.684950e+01 3.391741e+00 4427 2.056982e-02
448227 -9.243329e-03 -8.474091e-03 1.074839e-01 1.170407e-02 6.808325e-03 8.914025e+00 6.417901e+00 -5.195639e+00 8.806542e+00 4315 1.905314e-02
449739 2.769258e-02 -1.015572e-02 7.022168e-02 4.075377e-02 -1.974967e-02 6.727136e-02 -1.276974e+01 4.207522e+00 -9.330121e-01 3841 1.448194e-02
453961 -2.079027e-02 4.690655e-03 6.524678e-02 2.537418e-02 -7.174843e-03 -1.378144e+00 1.174900e+01 -6.747173e+00 -1.443390e+00 3236 1.414585e-02
455127 2.201940e-03 -1.242989e-02 8.256932e-02 -1.528081e-03 1.848186e-02 7.015268e+00 2.030971e+00 1.637951e+01 6.932699e+00 1571 6.356311e-03
456020 7.776637e-03 6.479780e-03 1.515616e-01 1.661596e-02 3.798516e-03 2.301169e-01 -9.533528e+00 -5.239629e+00 1.560214e+01 3102 1.362941e-02
458024 -1.158504e-02 4.963632e-03 1.074688e-01 1.467867e-02 -6.446226e-03 3.347704e+01 8.070567e+00 -3.901753e+00 3.336957e+01 5171 1.843918e-02
460065 1.066705e-03 -6.584533e-03 1.515422e-01 -1.059002e-03 6.650877e-03 3.247468e-01 1.115144e+00 9.585674e+00 2.336901e+01 3847 1.617707e-02
463627 1.115114e-02 -6.019748e-03 8.746403e-02 -1.370845e-02 4.322688e-03 7.050748e+00 -6.580472e+00 -5.142242e+00 6.963284e+00 2740 1.101465e-02
465901 1.504257e-03 -5.259555e-03 1.537402e-01 4.359290e-04 2.263938e-02 1.384427e+00 8.766636e-01 -4.796746e+00 2.200390e+01 2996 1.254559e-02
465946 5.083411e-03 1.163039e-02 9.249581e-02 -6.476476e-03 -1.653528e-02 1.872200e+01 -3.641901e+00 -1.318504e+01 1.862951e+01 4994 1.747493e-02
466378 1.002483e-02 -2.295245e-02 7.009890e-02 1.201089e-02 -3.794362e-02 7.128902e-02 1.412696e+00 -1.700905e+01 1.622374e+00 4009 1.488080e-02
466514 7.234983e-03 2.251286e-02 1.698466e-01 2.854166e-03 1.181375e-02 6.160854e-01 -6.259604e+00 -2.063952e+01 2.200121e+01 2748 1.285037e-02
466826 2.968307e-03 -4.070844e-03 1.470424e-01 -2.208593e-03 -8.135845e-03 2.576828e-01 -4.582271e+00 -2.362393e+00 6.918974e+00 2693 1.344920e-02
466916 2.502756e-02 -8.840711e-03 6.933517e-02 4.036633e-02 -1.712087e-02 6.636685e-02 2.636884e+00 -2.567402e+00 -1.972384e+00 4849 1.847061e-02
467920 -3.776086e-05 -1.259172e-02 1.225070e-01 9.306869e-04 1.636861e-02 3.604719e+00 2.520462e+00 9.942743e+00 3.482212e+00 1298 5.424356e-03
468469 -6.126279e-03 -1.104993e-02 1.075047e-01 6.385530e-03 1.316312e-02 9.597688e+00 3.784596e-01 5.331610e+00 9.490183e+00 11486 4.342378e-02
468513 -2.630694e-02 4.421395e-03 1.824267e-01 -2.434757e-02 4.204847e-03 1.486146e+00 -1.343110e+01 1.522562e+00 2.206508e+01 4593 1.984741e-02
469127 -8.891360e-04 -2.993564e-02 6.845905e-02 4.595853e-04 -3.795090e-02 6.762115e-02 4.727286e+00 -2.643421e+01 -2.925250e+00 1004 4.062244e-03
469692 -1.255894e-02 -1.579384e-03 1.073982e-01 1.457890e-02 2.502419e-03 9.899558e+00 4.981053e+00 2.516452e+00 9.792160e+00 7973 3.039000e-02
471250 -2.664336e-03 -1.240536e-02 9.759899e-02 3.289889e-03 1.725958e-02 1.719745e+01 1.613338e+00 1.299711e+01 1.709985e+01 2361 8.574074e-03
472909 -9.132917e-04 1.265506e-02 7.765676e-02 4.449706e-03 -1.480420e-02 -2.851591e+00 9.938109e+00 -5.340428e+00 -2.929248e+00 1514 8.583392e-03
472976 -1.569772e-04 -1.268633e-02 7.736291e-02 3.019139e-03 1.951330e-02 2.148266e+01 8.076947e+00 1.855419e+01 2.140530e+01 7574 2.677678e-02
476567 1.047007e-02 1.136561e-02 1.856698e-01 -1.221709e-02 -1.287378e-02 7.729867e+00 8.494947e-01 1.205306e+00 1.991147e+01 3247 1.616194e-02
481965 -4.517628e-03 1.180982e-02 1.175768e-01 1.047271e-03 -1.337138e-02 2.182424e+01 -1.006527e+01 -3.729305e+00 2.170666e+01 1755 6.903740e-03
483225 -6.482224e-03 -2.275245e-02 6.780783e-02 -1.423111e-02 -4.137077e-02 6.817526e-02 -5.764719e+00 -1.261682e+01 3.496750e-01 4070 1.995747e-02
484187 1.134879e-02 5.338787e-03 1.225158e-01 -1.463953e-02 -5.994640e-03 1.670545e+01 -8.641097e+00 -1.544416e+00 1.658293e+01 3812 1.452569e-02
485039 -1.903114e-02 -1.421902e-02 7.592423e-02 1.463060e-02 1.622949e-03 2.479397e-01 8.734095e+00 8.694640e+00 4.985168e+00 5216 2.312862e-02
486766 -6.124820e-03 5.380359e-03 1.694057e-01 4.769495e-03 -9.485426e-03 1.690356e+00 -4.493832e+00 4.748464e+00 2.699444e+01 1545 7.973038e-03
488095 1.653050e-02 -6.146361e-03 1.624771e-01 -1.797875e-04 7.526603e-04 3.344890e-01 -1.029975e+01 3.699638e+00 8.820023e+00 2685 2.570440e-02
495731 2.562238e-02 1.439008e-02 6.959378e-02 6.228144e-02 4.286456e-02 7.425199e-02 7.659108e+00 7.613174e+00 2.500026e+00 4827 1.828293e-02
497058 7.902957e-03 -6.330293e-03 1.516708e-01 7.391687e-03 -4.458469e-03 3.354245e-01 -1.609890e+00 3.487694e+00 1.188731e+01 6184 2.468520e-02
498127 -4.541546e-03 -2.542245e-03 1.587750e-01 -2.451324e-03 -6.917673e-03 2.754159e-01 3.882978e+00 4.007292e+00 2.216304e+01 2913 1.248660e-02
499218 5.582784e-03 -1.844490e-03 1.529121e-01 5.533210e-03 -8.464565e-04 4.383687e-01 -8.415467e+00 2.147482e+00 1.369584e+01 5706 2.307617e-02
