/n/home03/calmiller/DSMC_Simulations/5_29_20_cold_guided/flow_4.00000_gap_0.00100_len_0.04000_T1_2.00000_T2_1.00000/data
running....
idx x y z xnext ynext znext vx vy vz collides time
625459 -7.688419e-04 -3.397714e-03 1.369182e-01 -2.748948e+01 -3.108114e+02 4.951380e-01 -3.340235e+04 -2.919312e+05 2.366551e+01 125 4.957893e-04
772 1.231425e-02 -6.416724e-03 3.260784e-01 4.285961e+18 -5.373296e+18 1.353412e+00 6.231598e+21 -5.640641e+21 1.605487e+01 98 1.220115e-03
625547 -2.632624e-03 -1.052482e-03 1.139043e-01 -1.972922e-01 2.897997e-02 2.098627e-01 -1.682210e+02 1.505099e+01 1.947624e+01 121 4.371986e-04
1316 2.195943e-03 -6.534118e-04 2.049149e-01 2.018333e-03 1.632723e-03 7.701574e+01 1.495304e+00 -1.717132e+00 3.026942e+01 13 1.916401e-04
2597 -6.163761e-03 -2.755855e-03 1.459735e-01 -8.901553e-04 -4.013620e-03 6.317955e-01 6.624937e+00 2.877148e+00 2.625220e+01 51 2.477803e-04
377518 1.736408e-03 4.287120e-03 1.076505e-01 1.940650e+00 3.551607e+00 3.665466e-01 1.663610e+03 3.162345e+03 3.031029e+01 95 3.084272e-04
6416 2.127875e-03 3.990596e-03 1.209525e-01 1.251299e+25 1.370560e+25 2.399529e+00 1.053052e+28 1.230829e+28 2.745910e+01 85 2.876045e-04
6806 3.102925e-03 -3.357977e-03 1.311312e-01 6.032852e-04 1.764203e-03 4.138933e-01 -3.321714e+00 3.696290e+00 1.530584e+01 52 3.246605e-04
130910 -1.311108e-03 4.351911e-04 1.224874e-01 -1.449529e-03 3.300991e-03 5.096522e-01 1.540755e+00 -7.520717e-01 3.704997e+01 9 6.227229e-05
755998 -1.901439e-03 -1.809708e-03 1.256779e-01 -7.679395e-04 -3.096018e-03 3.887459e-01 1.861826e+00 8.336005e-01 2.719351e+01 67 2.778158e-04
9203 -1.417227e-02 6.292464e-03 1.387628e-01 -4.458037e+11 1.962699e+11 8.232772e-01 -4.013249e+14 1.769175e+14 1.686157e+01 65 3.293755e-04
756686 1.860528e-03 -2.689947e-03 1.631449e-01 -2.366365e-03 3.909165e-03 1.524476e+00 2.139202e+00 -5.359337e+00 1.743207e+01 46 3.250869e-04
757023 -1.191327e-03 -8.351743e-03 1.213562e-01 -2.621151e-02 -1.938000e-01 1.971663e-01 -2.304916e+01 -1.693011e+02 2.076587e+01 72 4.141916e-04
134076 1.888328e-02 1.078326e-02 1.304051e-01 7.992205e+79 4.836878e+79 3.400437e+00 7.256380e+82 4.351797e+82 1.326766e+01 114 4.827784e-04
509349 2.144567e-03 2.802641e-03 2.275591e-01 -2.887393e-03 6.927752e-03 1.784654e+01 -1.953633e+00 -3.931516e+00 1.992505e+01 160 9.154433e-04
759633 9.373406e-03 -7.640145e-03 1.415040e-01 6.791510e+21 -5.441039e+21 1.745876e+00 6.113200e+24 -4.910656e+24 2.231485e+01 73 3.506740e-04
136418 1.414051e-03 -7.703965e-04 1.787875e-01 -4.602249e-03 -4.251313e-03 2.073736e+00 -5.728286e-01 1.745587e+00 1.870065e+01 120 6.553418e-04
387322 -5.037722e-03 1.562380e-04 1.864828e-01 1.141517e-02 1.402528e-03 1.563798e+00 2.396814e+00 1.316159e+00 1.736570e+01 98 5.605372e-04
887492 1.500533e-03 5.703418e-03 1.382512e-01 1.604544e+01 5.382150e+01 5.888613e-01 1.444689e+04 4.944915e+04 3.756511e+01 10 7.356173e-05
887878 2.421593e-02 -1.418889e-02 1.714030e-01 7.075475e+100 -3.350262e+100 5.786979e+00 6.487092e+103 -3.194628e+103 1.814441e+01 63 3.680849e-04
262544 -1.820643e-03 9.663907e-03 1.712215e-01 -3.972372e-04 5.568385e-03 6.188198e+00 -2.349128e+00 1.423047e+01 1.991378e+01 37 3.461288e-04
763839 -2.955978e-04 2.726348e-03 2.422210e-01 -2.390695e-03 -1.711894e-03 5.950978e+01 9.572726e-01 4.197137e+00 2.405962e+01 77 5.311590e-04
138798 -1.013556e-02 -2.503051e-03 1.382274e-01 -2.465754e+10 -5.784405e+09 1.070719e+00 -2.230644e+13 -5.276285e+12 2.501341e+01 151 5.162755e-04
639823 -5.249040e-03 1.942041e-03 1.118447e-01 -5.844389e-02 4.181502e-02 1.438845e-01 -5.167701e+01 3.496178e+01 1.152485e+01 182 6.434545e-04
515258 5.353254e-04 3.989090e-03 1.401766e-01 3.853481e-03 -2.145000e-03 1.163707e+00 -1.369540e-01 4.755726e+00 2.593232e+01 84 3.186211e-04
264254 -3.578857e-03 1.030885e-04 2.992712e-01 1.213246e-03 -3.213288e-03 1.453776e+01 -5.994824e+00 2.988731e+00 2.791187e+01 115 7.584800e-04
515766 1.659368e-03 2.228753e-03 1.114171e-01 1.033445e+00 1.268844e+00 2.738871e-01 8.517276e+02 1.053111e+03 2.252634e+01 40 1.365538e-04
516303 5.582841e-03 -1.913372e-03 1.172717e-01 4.625250e-02 -1.347288e-02 1.651396e-01 4.075851e+01 -1.203219e+01 2.137153e+01 63 2.079905e-04
265380 3.923749e-03 8.082316e-03 1.337499e-01 -2.451926e+10 6.446211e+09 5.258326e-01 -9.866792e+12 2.308830e+13 9.867793e+00 123 6.873121e-04
266278 -7.332329e-03 -2.279674e-03 1.259146e-01 -4.445871e+02 -1.397977e+02 3.830178e-01 -4.347025e+05 -1.363507e+05 1.730685e+01 196 7.576852e-04
26554 -4.902490e-04 1.489602e-04 1.191319e-01 1.257164e-01 -2.757795e-01 4.259134e-01 5.086692e+01 -1.965556e+02 3.674143e+01 22 7.570433e-05
768189 -7.273202e-03 3.801917e-03 1.261650e-01 -9.876405e+05 8.483208e+05 6.056378e-01 -9.569064e+08 7.533135e+08 1.924028e+01 94 3.791784e-04
28369 -6.114339e-04 1.421047e-03 1.232391e-01 1.428138e+03 4.773128e+02 6.057803e-01 1.024452e+06 5.129582e+05 2.743488e+01 35 1.269978e-04
895119 1.564268e-03 1.166487e-03 1.700527e-01 3.149217e-03 -7.722424e-04 5.025049e+00 2.755744e+00 1.056898e+00 1.801942e+01 97 5.915796e-04
30244 -7.259866e-04 -8.083637e-03 1.307687e-01 -3.875186e+09 -4.026050e+10 1.392680e+00 -3.422727e+12 -3.590922e+13 3.312381e+01 21 9.398424e-05
647364 6.724208e-03 -4.489433e-03 1.249735e-01 1.906581e+09 -1.127844e+09 7.689748e-01 1.746515e+12 -1.055469e+12 1.863383e+01 243 8.183288e-04
647416 -1.654705e-02 -6.557972e-03 1.259874e-01 -3.635591e+30 -1.305362e+30 1.406580e+00 -3.267388e+33 -1.191650e+33 1.313363e+01 97 4.827186e-04
648455 -1.876421e-03 2.094224e-03 1.113052e-01 -2.432788e-02 3.713864e-02 2.015734e-01 -2.358270e+01 3.398428e+01 2.418349e+01 36 1.299878e-04
774820 -8.173288e-04 -8.469491e-05 1.243177e-01 -1.797522e-03 9.113496e-04 8.108117e-01 -2.223104e+00 2.451420e+00 2.732292e+01 29 1.717946e-04
776362 -6.432801e-03 -2.094498e-02 6.604468e-02 -9.278861e-03 -3.275537e-02 6.746661e-02 -7.313059e+00 -2.862794e+01 2.540293e+00 97 4.115859e-04
274754 -2.548854e-03 -1.612981e-02 1.491140e-01 -3.539719e+02 -2.375002e+03 5.083215e-01 -3.230626e+05 -2.147311e+06 2.321805e+01 106 3.872462e-04
901231 -1.733122e-03 3.204616e-03 1.906060e-01 7.232075e-03 -4.372246e-03 4.293468e+00 -2.798362e-02 -2.368674e+00 2.231662e+01 138 6.992034e-04
275810 -3.221298e-03 5.668616e-03 1.245966e-01 4.402695e-03 -6.375901e-03 6.434443e-01 2.618505e+00 -8.601046e-01 1.776462e+01 159 8.291660e-04
275942 -1.198603e-03 -6.011763e-03 1.154095e-01 -1.409853e-03 -9.829146e-03 4.609796e-01 1.804892e-01 -2.592281e+00 2.009639e+01 84 3.259184e-04
777641 -2.673020e-03 1.074785e-03 2.365631e-01 1.392851e-03 -1.460794e-03 2.411363e+00 -2.462781e+00 1.293751e-01 1.221085e+01 201 1.949453e-03
527782 -1.003966e-02 7.476330e-03 1.325435e-01 -1.011498e+03 7.340934e+02 4.175063e-01 -9.057622e+05 6.599064e+05 1.913710e+01 66 2.877468e-04
41052 3.729102e-03 6.121502e-03 1.219541e-01 2.836882e-01 5.668401e-01 2.228506e-01 2.615129e+02 5.064165e+02 1.771040e+01 37 1.953362e-04
528115 -1.335482e-03 2.922536e-04 1.156715e-01 -3.538955e-02 3.183781e-02 1.587670e-01 -2.930209e+01 2.522935e+01 1.489538e+01 60 2.658696e-04
153556 8.896059e-04 1.060076e-02 1.334078e-01 -1.295412e+02 1.683818e+04 3.906680e-01 1.106242e+05 1.532997e+07 1.379543e+01 40 2.765145e-04
42114 -5.706239e-03 3.727289e-04 1.341442e-01 3.344334e-03 -4.089112e-03 3.785352e-01 8.133584e+00 -2.291907e+00 9.369609e+00 132 8.740605e-04
654961 4.968570e-03 -5.255293e-03 1.556904e-01 4.689811e-03 -2.836554e-03 7.381124e-01 6.319276e+00 -6.279313e+00 1.499846e+01 67 5.095391e-04
279122 3.103125e-03 4.474635e-03 1.164576e-01 8.620760e-02 5.108774e-01 2.780673e-01 9.913882e+01 4.377479e+02 2.916154e+01 161 4.920022e-04
45430 -8.202631e-04 -2.762715e-03 1.352739e-01 1.464124e-04 4.418941e-03 7.432957e-01 -9.024350e-01 -8.437034e-01 2.021340e+01 86 4.154373e-04
279271 1.580880e-04 2.167063e-03 1.327292e-01 1.295670e-03 -1.294828e-04 1.161042e+00 8.155294e-02 2.348949e+00 1.844270e+01 107 4.338883e-04
408160 -3.919626e-03 5.966666e-03 1.534850e-01 1.410329e-03 -1.179951e-03 2.734687e+00 -6.276995e+00 8.791153e+00 2.431656e+01 234 8.328854e-04
783580 1.579392e-03 6.546131e-04 1.911038e-01 2.570027e-03 4.053485e-03 3.908235e+00 1.466661e+00 3.273414e-01 2.281057e+01 24 2.648843e-04
281827 1.660317e-03 3.893770e-04 1.186341e-01 4.127593e+01 -1.218007e+02 4.561467e-01 5.298304e+04 -8.779711e+04 2.273588e+01 58 2.502646e-04
49838 -9.627356e-07 5.955031e-04 1.305947e-01 4.830894e-04 -7.147381e-06 7.272690e-01 1.349146e+00 1.756748e+00 2.847284e+01 18 1.329664e-04
534258 -6.583953e-04 4.102682e-03 1.464402e-01 -2.400321e-03 5.401767e-03 2.291909e+00 -1.339646e+00 -6.880328e-01 1.985685e+01 175 6.387315e-04
282835 6.161199e-03 -4.402413e-03 1.260493e-01 2.176076e-03 -4.555892e-03 7.392945e-01 -6.533905e+00 4.510936e+00 2.296899e+01 67 2.788385e-04
784915 6.267082e-03 -8.097445e-03 1.215080e-01 7.048666e-02 -9.758586e-02 1.590847e-01 6.368554e+01 -8.734939e+01 1.241446e+01 230 8.717428e-04
785542 1.501052e-03 -4.820548e-03 1.211414e-01 7.386935e-02 -1.034179e-01 1.721893e-01 6.133273e+01 -9.448714e+01 1.286193e+01 119 5.489545e-04
660547 -1.440940e-03 -1.114374e-03 1.269967e-01 2.472218e-03 -1.740931e-03 4.192722e-01 -8.435790e-01 -1.779974e+00 2.099656e+01 65 2.050017e-04
536674 1.338460e-02 3.850696e-03 1.303369e-01 -9.821782e-04 3.766665e-03 8.159952e-01 -1.543750e+01 -6.642038e+00 1.912864e+01 46 2.483774e-04
286946 -1.211074e-03 4.001532e-03 1.081852e-01 2.796399e-01 1.147131e+00 2.038137e-01 1.671647e+02 1.026437e+03 1.329373e+01 37 1.587843e-04
413658 6.065161e-04 2.594401e-03 2.296434e-01 -7.133479e+60 6.788225e+61 3.202852e+00 -4.180295e+63 5.712207e+64 1.535082e+01 211 1.552657e-03
287382 -5.357199e-03 6.196209e-03 2.903161e-01 5.283903e-03 -6.240175e-03 7.814127e-01 -9.109237e-01 2.576202e-01 1.692805e+01 59 8.767006e-04
790045 7.748208e-03 -9.059855e-03 1.276227e-01 3.864507e+07 -4.669323e+07 6.400551e-01 3.479148e+10 -4.182922e+10 1.759820e+01 78 3.685771e-04
914930 2.868629e-03 4.420616e-03 1.200746e-01 8.519680e-02 1.682050e-01 2.161614e-01 8.635466e+01 1.612382e+02 1.898387e+01 110 4.409750e-04
791043 -5.944887e-04 -6.278097e-03 1.306135e-01 -5.009033e-03 -8.908993e-03 4.495263e-01 8.923286e-01 -4.236627e+00 1.015061e+01 261 1.182843e-03
791052 -2.557905e-03 -3.004320e-03 1.340558e-01 2.198559e-03 1.175640e-03 1.300357e+00 -1.909096e+00 -2.944140e+00 3.037791e+01 81 2.791968e-04
61492 6.747026e-03 3.740422e-03 2.839957e-01 5.635963e-03 3.616316e-03 1.223356e+01 -3.943585e+00 -1.572572e+00 1.744784e+01 40 9.210841e-04
666611 4.729682e-03 2.754020e-03 1.643131e-01 2.104450e-03 -4.672944e-04 2.316691e+00 6.892891e+00 3.050556e+00 1.668725e+01 67 5.491378e-04
168457 -1.312425e-03 -5.254990e-03 1.560147e-01 -5.270915e+09 -5.177207e+09 9.571354e-01 -6.640009e+12 -1.444574e+13 2.024131e+01 58 3.627180e-04
794346 -1.706521e-03 -7.000934e-03 1.197328e-01 -6.925226e+03 -5.359059e+04 4.864531e-01 -7.056352e+06 -4.814223e+07 1.780232e+01 35 1.927209e-04
420684 -2.483180e-03 -3.439786e-03 1.255410e-01 -1.232217e-01 -6.715400e-02 2.071432e-01 -1.031788e+02 -6.371002e+01 1.979255e+01 88 4.203560e-04
921212 -7.076297e-04 2.631386e-03 1.111208e-01 1.587829e-03 4.622947e-04 3.748026e-01 -3.426443e+00 3.920957e+00 3.477301e+01 25 8.958819e-05
294473 -1.028412e-02 -4.611959e-03 1.471700e-01 -1.139334e+58 -4.871961e+57 4.226924e+00 -1.025728e+61 -4.418939e+60 2.251496e+01 54 3.367736e-04
67977 -1.507189e-03 -6.994745e-03 1.199673e-01 -6.348033e+02 -3.047217e+03 3.600962e-01 -5.797877e+05 -2.767848e+06 1.418172e+01 161 6.995961e-04
421254 3.911769e-03 -1.811160e-03 2.749800e-01 1.661492e-03 4.394259e-03 1.477447e+00 -1.139405e+01 -4.300281e+00 8.874623e+00 89 1.880393e-03
546705 -1.682248e-04 3.285678e-03 2.466308e-01 2.449862e-03 -5.078476e-03 1.762268e+01 5.399099e-01 -4.309323e+00 1.441678e+01 44 9.673200e-04
921489 9.322917e-04 -1.268472e-03 1.797961e-01 1.754249e-03 -6.933562e-04 1.201338e+01 -2.498104e+00 2.147007e+00 2.417989e+01 71 3.438552e-04
294705 -2.909595e-03 -6.043931e-03 2.078757e-01 6.328414e-03 9.313129e-03 4.684248e+00 3.292345e+00 1.936484e+00 1.275229e+01 103 1.215907e-03
295555 8.525651e-04 -2.724663e-03 1.783812e-01 6.881595e-04 -6.681495e-04 1.989002e+01 5.672860e-01 -3.122482e+00 2.721047e+01 22 1.919566e-04
422294 4.381191e-05 -1.885180e-03 2.250702e-01 5.288936e-03 -2.428520e-03 3.735485e+00 6.835829e-01 -2.334811e+00 2.892173e+01 35 3.120306e-04
173253 2.753785e-03 -2.167754e-03 1.254077e-01 1.837732e-03 -2.536342e-03 8.018226e-01 5.575009e+00 1.945695e+00 2.754421e+01 84 3.259361e-04
674159 -1.518209e-05 -6.484149e-03 1.139732e-01 -4.413723e-03 -5.532184e-02 1.472633e-01 -3.495587e+00 -5.004031e+01 1.245035e+01 80 3.966508e-04
674385 4.002252e-03 -1.903172e-04 1.561844e-01 4.380944e-03 -7.106078e-04 8.890685e+00 -3.635822e-01 -9.237595e-01 1.924482e+01 102 5.237821e-04
74680 -1.800189e-02 -1.069629e-03 1.655999e-01 -2.808031e+52 -1.966177e+51 3.020166e+00 -2.563170e+55 -1.749909e+54 1.744415e+01 103 4.930018e-04
675855 -5.608622e-03 4.051250e-03 1.136837e-01 -3.208830e-02 1.666077e-02 1.237734e-01 -2.888356e+01 1.509109e+01 5.934804e+00 65 3.321098e-04
76007 -5.344326e-04 2.313586e-03 1.490184e-01 -6.335713e-03 -1.831380e-03 2.420603e+00 1.445404e-01 -2.623219e+00 2.692351e+01 55 2.582296e-04
553896 -2.486173e-03 -3.931944e-03 1.258939e-01 2.750450e-03 2.404863e-03 1.282609e+00 -7.266483e-04 4.259967e+00 2.576418e+01 29 1.618840e-04
302068 -7.118180e-03 7.071290e-03 2.029848e-01 6.436567e-04 5.980233e-03 5.664999e-01 -8.512491e+00 1.296196e+01 1.213563e+01 94 1.191020e-03
554403 3.621649e-03 1.368099e-03 1.196755e-01 4.408313e-02 2.830218e-02 1.780239e-01 4.074617e+01 2.438466e+01 1.755444e+01 51 2.209312e-04
302401 4.118121e-03 -3.444760e-03 1.427763e-01 -2.198800e-03 4.222077e-03 8.712464e-01 -5.055599e+00 -8.218107e-01 1.988191e+01 113 4.378417e-04
805382 -5.604972e-03 5.806243e-03 1.528054e-01 2.556449e-03 -4.127292e-03 3.066900e+00 -5.295781e+00 4.654162e+00 2.259153e+01 40 2.551574e-04
930848 -1.713277e-03 2.185100e-03 1.218018e-01 -1.416605e+02 2.784390e+02 3.315880e-01 -1.391028e+05 2.519341e+05 1.372257e+01 51 2.979613e-04
556262 5.252070e-03 4.883179e-04 1.656904e-01 3.899591e-03 -1.012484e-03 3.433627e+00 6.421721e+00 3.518320e-01 2.118577e+01 101 4.466414e-04
82515 -2.265086e-03 -1.489285e-04 2.746127e-01 4.869631e-04 2.342425e-03 2.000545e+02 -2.443581e+00 1.121264e+00 3.434680e+01 68 3.808675e-04
557203 -2.948168e-04 -2.329381e-03 1.366882e-01 1.186677e-03 1.463096e-03 6.038296e-01 -1.077867e+00 1.989827e+00 2.344693e+01 55 2.343176e-04
305429 -2.481052e-03 4.782718e-03 1.376525e-01 -3.395236e-03 -6.723752e-04 3.904004e-01 2.181794e+00 -5.300117e+00 2.515918e+01 104 3.751238e-04
933480 -9.507076e-04 -2.638279e-03 1.695744e-01 -1.329165e-03 -2.324205e-03 1.605808e+00 2.222797e-01 -1.342260e+00 1.595268e+01 49 4.478251e-04
433592 2.640610e-02 -1.175625e-02 1.552013e-01 1.258377e+07 -5.112270e+06 6.720087e-01 1.141028e+10 -4.706347e+09 1.980258e+01 41 2.433790e-04
86396 -5.517959e-04 8.876245e-03 1.131284e-01 -1.099613e-02 2.409054e-01 1.468645e-01 -1.026760e+01 2.141731e+02 8.352865e+00 214 9.811107e-04
184380 -3.748728e-03 2.424414e-03 1.207970e-01 -3.138646e-03 1.836499e-03 4.436507e-01 -2.156728e+00 1.655701e+00 2.041956e+01 49 2.428914e-04
88413 -5.267798e-03 -5.771816e-03 1.610694e-01 5.209077e-03 5.800744e-03 2.601550e+00 -3.339121e+00 1.565613e+00 2.819164e+01 23 1.584233e-04
88888 -4.296283e-03 5.416437e-04 2.843659e-01 7.264208e-03 -7.909418e-03 2.452833e+01 3.339769e+00 8.775477e-01 2.529255e+01 55 4.623106e-04
561241 -2.462077e-02 -1.485204e-02 1.499651e-01 -7.582188e+57 -4.815328e+57 3.499223e+00 -6.877846e+60 -4.333030e+60 1.864991e+01 108 4.766151e-04
812505 -1.336919e-03 4.218017e-03 1.843172e-01 -7.350522e-03 7.165737e-03 7.879423e+00 -9.585350e-01 4.081370e+00 2.290153e+01 150 8.102657e-04
186850 3.285852e-03 -1.090867e-04 2.389657e-01 1.522611e-03 -1.759002e-03 1.617034e+01 1.059451e+01 9.625776e+00 1.841083e+01 85 7.087244e-04
310275 -6.224223e-03 -6.367210e-03 2.207390e-01 1.056339e-02 8.682426e-03 2.390149e+00 6.574850e+00 6.753083e+00 1.725518e+01 178 1.008018e-03
310344 4.437533e-03 4.600702e-03 1.537704e-01 2.415679e-03 -4.599893e-04 1.388742e+01 -4.116968e+00 -5.391000e+00 3.255655e+01 27 1.528020e-04
187131 -1.336591e-03 -1.395679e-03 1.661462e-01 1.138233e-03 8.283194e-04 3.659793e+00 3.996019e+00 3.656902e+00 1.625290e+01 236 9.514591e-04
563032 -1.125203e-02 -3.002599e-03 1.801572e-01 -4.436366e-03 -4.985508e-03 2.257052e+00 1.120536e+01 2.097465e-01 1.251790e+01 227 1.464201e-03
310597 -7.651394e-03 -4.169721e-03 2.057585e-01 2.935581e-03 -4.067299e-03 5.309185e+00 1.220443e+01 2.323094e+00 1.623968e+01 142 9.402535e-04
687535 5.734230e-03 5.089095e-03 1.217350e-01 5.979390e-03 5.397175e-03 1.436908e+00 1.587240e+00 2.134375e+00 2.652560e+01 114 3.605355e-04
938343 5.558519e-04 -7.853928e-04 1.240250e-01 4.411521e-04 7.042577e-04 6.064908e-01 6.615021e-01 -7.585522e-01 2.149861e+01 26 1.378123e-04
938379 -3.483842e-03 -9.675805e-03 1.790319e-01 3.084015e-03 4.993281e-03 5.270519e-01 -1.714436e+00 -1.045036e+01 1.182313e+01 159 1.171885e-03
311251 -2.360105e-03 -2.256461e-03 1.288546e-01 -4.106030e-03 -1.091968e-03 2.036131e+00 1.568365e+00 2.212979e+00 2.268665e+01 112 4.318521e-04
438648 5.304273e-03 -1.880281e-03 1.725748e-01 3.873382e-03 -4.525791e-03 6.727072e+00 3.834858e+00 1.592384e+00 2.574114e+01 86 4.252712e-04
814900 7.381884e-03 4.991068e-03 1.530261e-01 6.782485e-03 6.168792e-03 1.826859e+00 -3.067684e+00 1.073815e+00 2.519967e+01 195 7.538419e-04
939684 -1.581005e-03 3.103862e-03 2.830041e-01 -8.482764e-03 7.863108e-03 2.256095e+01 1.113226e+00 8.082149e-01 2.483721e+01 25 4.068444e-04
815536 -2.653452e-02 -4.208444e-03 1.426425e-01 -1.306115e+09 -2.183487e+08 7.436466e-01 -1.186651e+12 -1.967398e+11 1.866584e+01 62 4.011503e-04
565457 3.902113e-03 2.482577e-03 1.487254e-01 1.812559e-03 1.097973e-03 2.299744e+00 -4.744321e+00 -3.114132e+00 1.732099e+01 51 3.493034e-04
312664 -6.251510e-03 -1.051543e-03 1.369685e-01 -5.382005e+63 -3.835573e+63 5.177609e+00 -6.417930e+66 -3.313179e+66 2.514199e+01 91 3.260841e-04
815862 2.558452e-03 -1.565272e-03 1.366186e-01 6.057297e-03 -5.161871e-03 5.530300e-01 3.891949e+00 -2.645824e+00 8.843056e+00 164 8.903403e-04
941214 4.703144e-04 -4.266201e-03 1.706223e-01 1.055424e-03 5.381508e-03 3.146326e+00 -3.584728e-01 5.409792e+00 2.371880e+01 109 4.949975e-04
816863 5.092067e-03 1.679645e-03 1.746825e-01 -4.434480e-03 -6.100921e-04 2.466865e+00 2.655693e+00 2.122852e+00 1.496958e+01 157 9.454601e-04
313824 -5.391042e-03 -3.505845e-03 1.603073e-01 1.006033e+16 -3.968682e+16 1.132172e+00 -5.954487e+18 -3.911094e+19 1.675311e+01 98 5.771547e-04
314310 6.613940e-03 1.183600e-04 1.345358e-01 -5.344849e-03 -1.309718e-03 1.904873e+00 -5.373726e+00 4.085640e+00 2.876938e+01 36 1.942141e-04
941854 7.264329e-03 2.155509e-03 1.414797e-01 1.759242e-03 1.172700e-03 2.443168e+00 -7.655736e+00 -2.190906e+00 2.731091e+01 27 1.591853e-04
441621 -5.518641e-03 -7.522023e-04 1.638156e-01 -1.091112e+27 -1.491925e+26 1.987125e+00 -1.010681e+30 -1.381176e+29 2.059176e+01 143 7.191286e-04
817973 9.484316e-04 -2.518545e-03 2.702669e-01 2.095609e-03 -2.127887e-04 4.154828e+01 -7.258256e-01 -3.440487e+00 2.036527e+01 253 1.101085e-03
568752 -2.342910e-02 -5.727578e-03 1.445309e-01 -2.417764e+11 -6.462754e+10 7.958702e-01 -2.210515e+14 -5.824829e+13 1.658989e+01 81 3.795039e-04
819855 -5.313342e-03 5.975760e-03 2.698049e-01 6.121130e-04 -3.810256e-03 2.618846e+01 5.942073e+00 -7.328102e+00 1.653133e+01 246 1.700233e-03
444018 -3.518144e-03 5.785243e-03 1.261193e-01 5.467016e-03 -9.311811e-03 6.365148e-01 2.111835e-01 -6.527954e-01 2.374528e+01 126 3.725221e-04
693988 -4.498341e-03 4.851267e-03 1.543000e-01 -1.955584e+24 1.792420e+24 1.848410e+00 -1.735717e+27 1.630570e+27 2.113309e+01 74 3.998470e-04
317817 -1.499276e-03 3.992302e-03 2.288664e-01 -5.998817e-03 2.806152e-03 8.205188e+00 8.628130e-01 3.383167e+00 1.941863e+01 90 6.303428e-04
695913 -3.598501e-03 -2.158683e-03 1.588852e-01 -2.613029e-03 1.971246e-03 4.995307e-01 3.727554e+00 2.448178e+00 3.339465e+01 18 1.147956e-04
318707 -2.612861e-04 -2.383767e-03 1.610074e-01 7.498757e-05 2.299206e-03 4.953199e+00 2.923702e+00 1.403910e+00 2.114695e+01 217 8.690490e-04
696221 2.241793e-03 -6.029797e-03 1.165605e-01 1.632137e-01 -2.704757e-01 1.875336e-01 1.382014e+02 -2.430931e+02 1.479080e+01 84 4.024075e-04
446270 -2.714117e-03 7.888605e-04 1.244104e-01 -6.083820e-01 -2.758468e-01 3.132601e-01 -6.111715e+02 -1.674238e+02 2.464574e+01 50 1.919004e-04
105205 2.612451e-03 -5.349064e-03 1.324659e-01 1.020532e+08 -1.801135e+08 1.093674e+00 8.855502e+10 -1.593327e+11 3.054772e+01 19 8.766360e-05
572790 -6.613318e-04 -8.839019e-04 1.696303e-01 1.954951e-03 1.058017e-03 3.856736e+00 -9.571668e-01 -1.088099e+00 2.835486e+01 64 3.514200e-04
824864 -6.959049e-03 -9.583252e-04 1.391656e-01 -1.677209e+04 -1.279662e+03 5.299736e-01 -1.534660e+07 -1.328232e+06 2.031740e+01 156 6.240335e-04
448787 -4.332990e-03 6.300294e-03 1.100806e-01 -5.447723e-01 6.717931e-01 1.617894e-01 -4.723258e+02 5.950325e+02 8.910723e+00 226 7.956788e-04
574771 3.079106e-03 2.833065e-03 1.159051e-01 6.178766e+00 3.447452e+00 3.177984e-01 5.359604e+03 3.225707e+03 2.138040e+01 55 2.156175e-04
949719 -3.989660e-03 -9.801006e-04 1.111716e-01 -1.111880e-01 2.643748e-02 2.071292e-01 -1.030307e+02 1.575959e+01 2.170758e+01 82 2.925389e-04
950110 1.299298e-03 -4.315485e-04 1.139577e-01 9.677174e-02 -4.007403e-02 2.106338e-01 8.036309e+01 -3.275023e+01 2.130389e+01 50 1.904655e-04
700463 -4.836834e-03 -1.326025e-02 1.442642e-01 -9.715474e+15 -2.307912e+16 1.351065e+00 -8.537911e+18 -2.069621e+19 2.198586e+01 93 5.121774e-04
451409 -3.365590e-03 2.959600e-03 2.555799e-01 3.737175e-03 -2.959133e-03 1.338888e+01 -2.502136e+00 -2.155713e-01 2.396532e+01 50 4.119260e-04
701481 2.488489e-03 2.111672e-03 3.199404e-01 2.708017e-03 1.752240e-03 1.726660e+02 -6.358555e-01 1.799198e+00 2.373357e+01 29 5.326533e-04
201222 7.142521e-03 4.874669e-03 1.119769e-01 4.319658e-02 3.223248e-02 1.312399e-01 3.863711e+01 2.874386e+01 1.056134e+01 89 4.211358e-04
952198 1.004949e-02 8.794260e-04 1.246267e-01 4.927380e-03 1.205163e-03 1.016645e+00 9.502330e+00 5.273863e-01 1.226156e+01 111 5.774775e-04
703152 3.209251e-03 3.041073e-03 1.970502e-01 -7.699628e-03 1.421401e-03 2.698632e+00 -2.322447e+00 -3.520307e+00 1.154764e+01 348 1.770783e-03
830767 -6.787693e-03 -2.015313e-03 1.467258e-01 -1.331232e+09 -5.537408e+08 9.374522e-01 -1.221387e+12 -4.834480e+11 2.319558e+01 51 2.843898e-04
327138 2.496149e-03 3.400823e-03 1.136024e-01 4.943254e-01 1.161069e+00 3.114950e-01 4.718063e+02 1.014483e+03 2.750063e+01 61 2.032200e-04
204273 3.227466e-03 5.139519e-03 1.433401e-01 9.685901e+31 1.580949e+32 2.885699e+00 8.884358e+34 1.444147e+35 2.633785e+01 35 1.920750e-04
204339 -8.001569e-04 -3.550867e-04 1.255536e-01 1.221559e+01 -5.445938e+01 4.089060e-01 4.869743e+03 -4.348337e+04 2.063374e+01 47 2.058231e-04
582164 -4.376050e-03 1.088688e-03 1.255498e-01 -2.872937e+01 9.752931e+00 3.520652e-01 -2.591730e+04 8.433896e+03 1.991881e+01 108 4.424164e-04
582340 -8.599524e-03 9.820733e-04 1.460362e-01 -2.123890e-03 2.927940e-03 1.400907e+00 8.934235e+00 -1.247438e-01 1.657577e+01 44 3.191713e-04
832951 -1.404128e-03 2.976378e-03 2.566821e-01 -1.224115e-03 3.145001e-03 1.653109e+01 3.241346e+00 2.908089e+00 1.530441e+01 113 1.392054e-03
120505 -8.635050e-04 -1.332186e-02 1.319322e-01 -4.275611e-03 -1.951596e-01 1.789321e-01 -4.798402e+00 -1.739217e+02 1.448910e+01 87 4.480369e-04
583157 -4.346235e-03 -1.373109e-03 2.305839e-01 -4.324076e-03 -1.340226e-03 1.076491e+01 1.961291e+00 2.879734e+00 2.505812e+01 117 6.043607e-04
207639 -5.903349e-04 2.854623e-03 1.544079e-01 -1.595038e-04 -1.824302e-03 1.426367e+00 -2.371960e+00 3.609736e+00 1.464156e+01 173 8.182314e-04
122027 -1.126988e-02 -1.123022e-02 1.435750e-01 -6.353997e+25 -7.369960e+25 1.861558e+00 -6.573633e+28 -7.341974e+28 2.032062e+01 44 2.104856e-04
584684 -3.635220e-03 4.889876e-03 1.506912e-01 1.874617e-03 5.085841e-03 2.172812e+00 -3.520652e+00 6.754261e+00 2.293409e+01 37 2.317450e-04
835878 -4.789477e-04 -1.729632e-04 1.392730e-01 5.383538e-04 -1.240898e-03 1.662933e+00 -7.106912e-01 2.092547e-01 3.179300e+01 105 3.628614e-04
123788 -4.327995e-03 -3.673927e-03 1.128280e-01 -2.255650e-01 -2.559688e-01 2.152386e-01 -1.986414e+02 -2.178463e+02 2.130472e+01 28 1.571354e-04
209829 -2.480129e-03 -4.584400e-03 1.495627e-01 -4.107824e-03 -7.775112e-03 6.812599e-01 8.014130e-01 1.685310e+00 1.651867e+01 189 7.199920e-04
460975 4.093917e-03 -3.325104e-03 1.180787e-01 2.237626e-02 -2.029936e-02 1.689959e-01 2.039310e+01 -1.830354e+01 2.330463e+01 41 1.557616e-04
334097 1.621239e-03 1.991953e-05 1.202875e-01 7.457573e-04 9.548869e-04 1.112346e+00 4.802258e+00 1.801429e+00 2.637939e+01 27 1.038908e-04
461630 2.206191e-03 -5.553162e-03 1.866773e-01 -7.930606e-04 5.282027e-03 1.361560e+01 2.722296e+00 -2.311596e+00 2.829383e+01 36 2.287944e-04
334413 3.038065e-04 3.627322e-03 1.682150e-01 1.783357e-03 -1.135680e-02 9.810959e-01 -3.664690e-01 -3.663129e+00 1.876787e+01 109 5.484560e-04
963542 2.859554e-04 5.685405e-03 3.225869e-01 1.139689e-03 -4.333806e-03 9.039272e+01 1.147636e+00 4.185777e+00 2.165355e+01 190 1.139061e-03
335659 8.469866e-05 1.801128e-03 1.275893e-01 -3.491905e-03 3.625225e-03 6.023714e-01 7.716536e-01 -2.882445e+00 2.504316e+01 58 2.348466e-04
335714 -9.100291e-03 8.494998e-03 1.930323e-01 4.487507e-03 -6.196469e-03 5.514860e-01 -8.413656e+00 6.742248e+00 1.641011e+01 90 6.955349e-04
213425 2.549136e-03 2.280371e-03 3.115792e-01 -1.399585e-03 5.077569e-03 1.536728e+01 5.175034e+00 -1.866434e+00 1.945213e+01 105 1.191577e-03
964614 -2.485347e-03 -1.472717e-03 3.095422e-01 6.814635e-04 1.112537e-03 1.696919e+02 3.545320e+00 1.021860e+00 2.459711e+01 48 5.054146e-04
841600 -3.641141e-03 2.834607e-03 1.725149e-01 3.171644e-03 8.581731e-03 5.544509e+00 -6.357158e+00 -1.723918e+00 1.817565e+01 86 5.712451e-04
715468 3.212183e-03 1.295857e-03 1.158803e-01 2.568087e+00 1.974986e+00 3.140147e-01 2.392129e+03 1.680774e+03 2.236354e+01 70 2.896763e-04
465632 -8.540857e-04 5.036506e-03 1.130960e-01 -1.907655e-01 6.335253e-01 2.002307e-01 -1.545339e+02 5.365316e+02 1.577821e+01 85 3.929432e-04
338426 -4.886428e-03 -3.089401e-03 1.332371e-01 4.440400e-03 2.015430e-03 8.953083e-01 2.161370e+00 2.789535e+00 2.690593e+01 22 1.351936e-04
465731 -1.114408e-03 -1.336719e-03 1.677056e-01 9.561439e-04 2.338665e-03 2.420473e+00 -6.041928e-01 9.777668e-01 1.874744e+01 126 5.994982e-04
592236 4.190334e-04 1.487269e-03 1.276816e-01 -2.951932e-03 3.020100e-03 7.195530e-01 -2.954731e+00 4.748627e-01 1.742844e+01 110 4.311407e-04
968670 4.263590e-03 4.344584e-03 1.488502e-01 3.109900e-04 8.274948e-03 1.821860e+01 -4.621951e+00 -2.716289e+00 2.839630e+01 163 5.913672e-04
594064 -4.983466e-03 -3.508821e-03 1.110812e-01 -2.202105e-01 -1.220420e-01 1.666593e-01 -1.896867e+02 -1.083311e+02 1.277303e+01 55 2.822611e-04
847587 -4.515791e-03 -2.671829e-03 1.098086e-01 -1.153947e-01 -4.677300e-02 1.506931e-01 -9.974320e+01 -4.249974e+01 1.117853e+01 153 7.099450e-04
721376 -3.941430e-03 -6.732685e-03 1.892201e-01 -4.552451e-03 -9.490715e-04 8.710754e-01 -3.727599e+00 -7.181537e+00 1.432475e+01 118 8.047414e-04
848523 -4.665234e-03 5.454124e-03 1.423590e-01 6.633467e-03 -8.097373e-03 9.111482e-01 -5.032085e-01 2.820942e-01 2.022154e+01 214 8.004176e-04
849679 -1.884218e-03 -4.136985e-03 1.566010e-01 -6.308527e-03 -2.384763e-03 1.738030e+00 1.163094e+00 4.157334e+00 1.451127e+01 103 8.030631e-04
598755 -4.091662e-03 -2.683950e-04 1.144647e-01 -1.422510e+02 3.933030e+01 4.631137e-01 -1.251692e+05 2.888210e+04 2.615145e+01 55 2.179484e-04
472861 -2.510626e-03 9.818634e-04 1.555997e-01 -6.889943e-04 1.738074e-03 6.218761e-01 2.791419e+00 1.233197e-01 1.373502e+01 98 6.679404e-04
724335 -1.700003e-03 -7.543069e-04 1.212080e-01 -4.716887e+01 -9.064658e+01 3.680848e-01 -4.690003e+04 -7.395277e+04 1.772651e+01 83 3.532071e-04
724442 1.362887e-03 4.201250e-03 1.463874e-01 3.472832e-03 4.184828e-04 7.501849e-01 1.078877e+00 -5.302837e+00 1.431417e+01 33 2.964853e-04
473994 -3.775287e-03 -1.312799e-03 1.342640e-01 1.391129e-03 6.848365e-04 2.018119e+00 4.025113e+00 1.392987e+00 3.149330e+01 65 2.219935e-04
851853 -2.993506e-03 5.271248e-03 1.279065e-01 -5.276025e+00 9.380638e+00 2.652604e-01 -4.816381e+03 8.549831e+03 1.409626e+01 168 6.327474e-04
226073 -3.993598e-03 -1.192753e-03 2.027014e-01 -2.579929e-03 -5.864225e-04 1.205200e+00 -3.482574e+00 -1.332310e+00 2.051379e+01 55 4.498631e-04
478108 4.756911e-04 -3.840274e-04 1.363851e-01 3.920263e-04 -1.787043e-04 8.301141e-01 6.495302e-01 -1.537660e+00 2.820841e+01 38 1.858512e-04
605441 -6.107205e-04 1.058988e-03 1.227905e-01 4.493419e-04 -1.716640e-03 5.908891e-01 -6.826589e-01 -2.279511e+00 2.242495e+01 94 3.446664e-04
605443 -2.018426e-03 5.100576e-03 1.840721e-01 1.966459e-03 -4.731752e-03 2.676486e+00 -7.722550e-01 5.113308e+00 2.417229e+01 156 5.975552e-04
352287 2.092636e-03 -2.056244e-03 1.246746e-01 5.137056e-03 -1.312199e-03 8.279538e-01 -7.775117e-01 -1.698294e+00 2.208379e+01 67 2.475787e-04
481190 3.285774e-03 -9.136707e-04 1.222646e-01 4.326853e+01 -1.662076e+01 3.901081e-01 4.244535e+04 -1.530085e+04 2.080876e+01 93 4.649327e-04
607487 6.494478e-03 2.149089e-02 1.409981e-01 9.645166e+18 4.077775e+19 1.124206e+00 9.125911e+21 3.695290e+22 1.532564e+01 147 6.454958e-04
481752 -1.732201e-03 -4.316414e-03 2.668937e-01 -8.979879e-04 -1.953714e-03 1.205500e+02 -3.615155e+00 -1.016295e+01 2.197757e+01 100 7.546170e-04
607953 6.782317e-04 1.463812e-03 1.137488e-01 -6.777974e+00 2.822691e+00 3.207889e-01 -4.883965e+03 2.761606e+03 2.003189e+01 159 5.535224e-04
355149 -1.316073e-03 2.258779e-03 1.147585e-01 -1.265660e+02 1.472839e+02 4.508808e-01 -1.074198e+05 1.310510e+05 2.356668e+01 34 1.244949e-04
733442 3.307189e-03 -1.748798e-03 1.450333e-01 -4.702966e-04 3.627716e-03 1.517624e+00 3.590167e+00 -5.079380e-01 2.496089e+01 98 4.553056e-04
232809 2.960072e-03 1.541845e-03 1.318737e-01 2.205682e-03 1.568280e-03 4.457231e-01 2.081096e+00 4.871836e-01 1.981306e+01 65 3.373842e-04
861841 6.814426e-03 -1.192433e-03 2.001986e-01 6.701378e-03 -2.476337e-03 8.133156e+00 -3.674356e+00 -3.899258e-01 1.999936e+01 59 4.739224e-04
486151 4.672215e-03 -4.665381e-03 1.144094e-01 2.850059e-01 -2.448751e-01 1.635262e-01 2.482948e+02 -2.176248e+02 1.001624e+01 68 3.178776e-04
738552 -8.914725e-04 8.405044e-03 1.135725e-01 -6.260767e+01 3.100598e+03 3.339391e-01 -8.074359e+04 2.674788e+06 1.358405e+01 121 5.401859e-04
362307 1.438766e-02 1.686643e-02 1.650235e-01 9.110613e+29 1.007348e+30 2.325568e+00 8.243632e+32 9.201377e+32 2.252204e+01 33 2.121546e-04
616501 5.014850e-03 -1.126454e-03 1.077005e-01 4.586512e+01 -4.164255e+01 2.499005e-01 4.132308e+04 -3.317153e+04 1.205489e+01 122 4.684746e-04
616574 8.529952e-03 -1.681311e-03 1.325919e-01 -4.310689e-03 1.994152e-03 4.315011e+00 7.976872e+00 -1.095226e+00 2.238170e+01 96 3.965667e-04
362929 -2.792593e-03 4.042092e-03 1.081162e-01 -2.181247e-02 3.256100e-02 1.243228e-01 -1.926411e+01 2.872115e+01 8.393594e+00 70 2.875230e-04
240896 -1.124681e-02 3.208957e-03 1.431304e-01 -9.684916e-03 2.883313e-03 5.359592e-01 6.088304e+00 -1.462177e+00 1.561956e+01 108 5.850089e-04
491607 4.004403e-03 -2.522459e-03 1.179822e-01 1.156438e-01 -9.957467e-02 2.623247e-01 1.050580e+02 -8.660917e+01 3.347672e+01 111 4.209368e-04
364113 -5.591370e-03 -1.835559e-03 1.224748e-01 -6.198496e+00 -2.429003e+00 2.532583e-01 -5.537844e+03 -2.118421e+03 1.460578e+01 101 4.267389e-04
493515 8.095032e-03 -4.097260e-03 1.196043e-01 1.518981e-01 -4.748779e-02 1.806312e-01 1.407374e+02 -4.871011e+01 1.563463e+01 116 4.344875e-04
243348 -3.641147e-03 5.595909e-04 1.215156e-01 -1.026855e+00 1.516688e-01 2.932678e-01 -9.097739e+02 1.351356e+02 2.425265e+01 61 2.218068e-04
744355 2.553048e-03 5.464939e-03 1.142258e-01 -6.707958e-04 -3.363788e-03 4.230933e-01 -4.947349e+00 -6.097087e+00 2.584766e+01 40 1.572142e-04
871492 -1.578176e-03 5.278339e-03 1.402101e-01 -1.568461e-03 5.559754e-03 4.793216e-01 -3.912072e-01 6.269121e-01 1.396353e+01 197 8.920887e-04
996629 -1.036191e-02 2.121385e-03 1.256078e-01 -9.858656e+01 1.609926e+01 3.354643e-01 -8.906376e+04 1.512065e+04 1.767852e+01 66 3.590505e-04
495326 1.447742e-03 -9.306113e-04 1.395428e-01 -1.888186e-03 -4.970728e-04 4.989683e-01 -7.493665e-01 -3.629450e+00 2.815225e+01 106 3.670240e-04
872222 4.693464e-03 5.896709e-03 1.635178e-01 2.605517e-03 2.756205e-03 3.854758e+00 4.129561e+00 5.537156e+00 2.373737e+01 169 7.576825e-04
872653 1.218825e-03 -2.398710e-03 1.437033e-01 -7.179479e-04 2.444936e-03 5.231434e-01 2.937316e+00 3.597784e-02 3.025697e+01 108 4.036782e-04
998467 -9.011135e-04 6.272404e-04 2.592792e-01 7.803369e-03 4.059246e-04 2.402188e+01 4.380887e-02 7.334238e-01 2.124049e+01 219 1.100626e-03
874500 -2.203041e-03 -1.279827e-03 1.713376e-01 1.734421e-03 -4.813547e-04 5.964721e+00 3.701590e+00 1.269375e+00 1.999831e+01 62 3.625252e-04
497595 -5.328911e-03 -1.362735e-02 1.254409e-01 -6.863390e-03 -1.208117e-02 3.601344e-01 7.605968e-01 7.578322e+00 1.354919e+01 167 9.080556e-04
747787 1.021094e-02 -3.558712e-03 1.318298e-01 1.707625e-01 -4.570398e-02 2.121812e-01 1.525812e+02 -4.254002e+01 2.331583e+01 35 1.998874e-04
370244 -1.047983e-03 7.826476e-03 1.413370e-01 -9.007685e-04 8.488491e-03 1.197310e+00 6.124864e-01 4.971367e-01 1.593148e+01 166 7.375828e-04
624816 -6.177057e-04 2.882704e-03 2.288135e-01 1.340734e-03 -3.155511e-03 4.477285e+01 1.038223e+00 3.877537e-01 3.542023e+01 12 1.569556e-04
749684 -5.813776e-03 -1.828227e-03 1.160901e-01 -6.678884e+00 -2.604039e+00 2.962279e-01 -6.019709e+03 -2.276988e+03 1.984423e+01 27 1.325181e-04
749936 -5.037169e-04 -2.470959e-03 1.154304e-01 3.459526e+01 -9.318296e+01 4.080404e-01 2.347312e+04 -8.524329e+04 2.123566e+01 157 4.704988e-04
