/n/home03/calmiller/DSMC_Simulations/5_29_20_cold_guided/flow_4.00000_gap_0.00400_len_0.08000_T1_2.00000_T2_0.50000/data
running....
idx x y z xnext ynext znext vx vy vz collides time
125130 -1.038106e-02 -2.784254e-02 7.099520e-02 -8.109672e-03 -3.491674e-02 7.377773e-02 5.701699e+00 -1.775787e+01 6.984769e+00 1359 7.694128e-03
500208 2.426010e-02 -7.396795e-03 6.592810e-02 2.884576e-02 -8.634687e-03 6.740848e-02 1.775949e+01 -4.794145e+00 5.733262e+00 2094 1.175031e-02
500801 -2.655158e-02 8.722013e-03 6.758096e-02 -1.238837e-01 -2.141447e-02 9.741037e-02 -2.635713e+01 -8.160832e+00 8.077679e+00 1950 8.870304e-03
750917 1.909755e-02 2.071667e-02 6.583075e-02 2.243401e-02 2.203974e-02 6.619170e-02 3.260883e+01 1.293106e+01 3.527713e+00 2714 1.147427e-02
250997 2.570132e-02 -2.967657e-03 6.684221e-02 2.980254e-02 -3.967316e-03 6.749471e-02 2.857778e+01 -6.965734e+00 4.546681e+00 2253 1.218418e-02
126243 -1.607840e-02 2.239294e-02 6.967040e-02 -3.184963e-02 4.119775e-02 8.051228e-02 -2.049793e+01 2.444068e+01 1.409124e+01 2835 1.450853e-02
876583 4.581923e-03 2.754410e-02 6.401614e-02 7.266781e-03 4.110205e-02 6.307551e-02 4.353137e+00 2.198238e+01 -1.525105e+00 2846 1.583052e-02
252466 -2.525173e-02 -4.545142e-03 6.891357e-02 -4.255651e-02 -1.051843e-02 7.412213e-02 -2.685061e+01 -9.268324e+00 8.081749e+00 2506 1.082118e-02
503107 -2.665412e-02 -1.305345e-02 7.291037e-02 -5.472313e-02 -2.618098e-02 8.932902e-02 -2.689423e+01 -1.257810e+01 1.573148e+01 2761 1.405349e-02
128177 2.728751e-02 -5.830369e-03 7.095124e-02 6.077373e-02 -2.566580e-02 1.044998e-01 9.344653e+00 -5.535267e+00 9.362041e+00 1586 8.871492e-03
4783 -6.358607e-03 -2.649372e-02 6.565598e-02 -7.298308e-03 -2.956106e-02 6.427623e-02 -1.106295e+01 -3.611121e+01 -2.917162e+00 1407 6.051301e-03
128574 1.358085e-02 -1.242456e-02 2.507813e-01 5.150889e-01 -5.148029e-01 3.575737e+00 4.162878e+00 -4.170103e+00 2.759953e+01 8893 5.144600e-02
253788 2.519440e-02 1.283805e-02 6.824295e-02 4.193102e-02 1.416888e-02 6.900056e-02 2.375071e+01 1.888555e+00 1.075108e+00 1230 7.729475e-03
128994 7.059289e-03 -2.469998e-03 1.557762e-01 3.710127e-02 -9.398727e-03 1.686468e-01 1.172581e+01 -2.704380e+00 5.023589e+00 3109 2.436855e-02
754083 1.932731e-02 1.425126e-02 6.643969e-02 2.435280e-02 2.004184e-02 6.727219e-02 2.579557e+01 2.972277e+01 4.273161e+00 1618 1.234424e-02
504303 4.875595e-03 -2.343189e-02 6.818315e-02 4.524634e-03 -4.128777e-02 7.227874e-02 -5.714436e-01 -2.907333e+01 6.668534e+00 2715 1.216805e-02
6207 1.740652e-02 1.960618e-02 6.556677e-02 2.459706e-02 4.262672e-02 6.822341e-02 6.784965e+00 2.172208e+01 2.506797e+00 4082 1.640011e-02
130124 5.180086e-04 2.641607e-02 6.558691e-02 3.536433e-03 3.095171e-02 6.401192e-02 9.497960e+00 1.427214e+01 -1.828741e+00 3888 1.641807e-02
8402 1.739160e-02 -2.242646e-02 6.629925e-02 2.523078e-02 -3.461774e-02 6.574147e-02 1.678319e+01 -2.610075e+01 -1.194165e+00 2949 1.312850e-02
756318 -4.901587e-03 2.500949e-02 6.688681e-02 -1.058266e-02 3.761429e-02 6.523527e-02 -1.490446e+01 3.306908e+01 -4.332889e+00 3539 1.336339e-02
506905 1.828991e-02 1.924345e-02 7.117647e-02 2.281681e-02 2.478298e-02 7.638762e-02 8.841242e+00 1.081893e+01 1.017758e+01 1637 9.322099e-03
257087 -2.399147e-03 2.484559e-02 7.099312e-02 1.041305e-02 9.990593e-02 1.564634e-01 3.840136e+00 2.249746e+01 2.561757e+01 4553 1.808052e-02
757188 -3.246288e-03 2.277772e-02 6.807814e-02 -8.659835e-03 3.131609e-02 7.092944e-02 -1.384951e+01 2.184373e+01 7.294481e+00 3392 1.399818e-02
132212 7.697649e-03 2.877580e-02 6.450683e-02 7.349895e-03 3.204832e-02 6.430635e-02 -2.315949e+00 2.179410e+01 -1.335146e+00 705 5.697043e-03
382764 -2.039596e-02 1.552941e-02 6.994251e-02 -5.904026e-02 3.623698e-02 9.163727e-02 -2.344553e+01 1.256330e+01 1.316223e+01 1382 6.075397e-03
757767 2.084880e-02 -7.978020e-03 6.603773e-02 3.406250e-02 -5.304422e-03 6.552388e-02 2.499046e+01 5.056452e+00 -9.718232e-01 2057 9.422986e-03
882871 -2.128162e-02 1.741756e-02 6.571428e-02 -4.988098e-02 2.525587e-02 6.591134e-02 -2.372723e+01 6.502992e+00 1.634880e-01 4538 2.297098e-02
882955 -1.756720e-02 -2.019822e-02 6.706986e-02 -2.921224e-02 -3.372557e-02 6.567086e-02 -2.115841e+01 -2.457846e+01 -2.541899e+00 4611 1.929463e-02
383121 -6.551898e-05 2.571859e-02 6.515014e-02 4.760348e-03 4.036902e-02 6.078496e-02 1.296314e+01 3.935367e+01 -1.140255e+01 3485 1.334025e-02
11309 2.383924e-02 9.653191e-03 6.760757e-02 2.795770e-02 1.241402e-02 6.800955e-02 1.258889e+01 8.439028e+00 1.228734e+00 5642 2.359441e-02
133306 7.415915e-03 -2.625194e-02 6.824349e-02 5.811727e-03 -3.565339e-02 6.701587e-02 -3.544340e+00 -2.077185e+01 -2.712354e+00 4816 2.075305e-02
11970 -1.144768e-02 1.901594e-02 6.775531e-02 -2.014884e-02 3.023788e-02 7.339318e-02 -1.166550e+01 1.504507e+01 7.558604e+00 6044 2.731558e-02
634185 -3.386907e-03 2.977209e-02 6.768522e-02 -5.591826e-03 3.502537e-02 6.851652e-02 -1.101772e+01 2.625002e+01 4.153868e+00 1517 7.849474e-03
134349 2.586441e-02 3.805356e-03 7.017026e-02 3.470042e-02 6.416114e-03 7.460273e-02 1.860302e+01 5.496595e+00 9.331967e+00 1810 7.695565e-03
885870 -2.106372e-02 1.677102e-02 6.643451e-02 -2.870631e-02 2.325368e-02 6.752600e-02 -1.982498e+01 1.681611e+01 2.831338e+00 1865 1.048112e-02
261133 1.635851e-02 1.220071e-02 6.778790e-02 2.457062e-02 2.256867e-02 6.752361e-02 1.774089e+01 2.239823e+01 -5.709432e-01 1454 5.880089e-03
511265 2.345896e-02 1.460166e-02 6.517360e-02 3.526568e-02 3.196794e-02 5.900901e-02 1.188517e+01 1.748167e+01 -6.037241e+00 3809 1.744998e-02
761663 -1.061750e-02 -2.314093e-02 6.581770e-02 -1.542060e-02 -3.245810e-02 6.537489e-02 -6.937297e+00 -1.345713e+01 -6.395720e-01 1607 6.968023e-03
16339 1.136784e-02 2.705541e-02 6.566945e-02 1.191867e-02 3.802635e-02 6.570924e-02 1.246083e+00 2.481822e+01 9.001148e-02 2663 1.408353e-02
387154 2.320887e-02 -9.647846e-04 6.787772e-02 3.158753e-02 -1.403739e-03 7.108816e-02 2.616221e+01 -1.370628e+00 1.002455e+01 1686 1.206489e-02
17045 1.849562e-02 -1.144636e-02 6.698636e-02 3.141553e-02 -1.930055e-02 6.847094e-02 3.497667e+01 -2.126280e+01 4.019043e+00 2827 1.452528e-02
387506 2.234546e-02 -1.960010e-02 6.816428e-02 6.283511e-02 -5.031043e-02 7.380437e-02 2.355123e+01 -1.786298e+01 3.280616e+00 3607 1.440380e-02
762486 2.963528e-02 -2.153426e-03 6.973341e-02 9.479861e-02 -2.131454e-03 8.170199e-02 1.926555e+01 6.495850e-03 3.538512e+00 3068 1.326880e-02
262721 -1.324175e-03 -2.613006e-02 6.787799e-02 -5.488456e-03 -4.125343e-02 6.630061e-02 -6.140936e+00 -2.230197e+01 -2.326107e+00 1378 6.230651e-03
637736 -1.279862e-02 2.366620e-02 6.622275e-02 -2.241564e-02 3.954637e-02 6.110896e-02 -2.441857e+01 4.032138e+01 -7.232081e+00 4734 1.886126e-02
137839 -1.985739e-02 1.211463e-02 6.885892e-02 -2.727377e-02 1.522268e-02 7.071969e-02 -2.035938e+01 8.532174e+00 5.108180e+00 2533 1.083279e-02
262835 -2.518807e-02 2.580195e-03 6.658851e-02 -3.129410e-02 4.126273e-03 6.739590e-02 -3.709856e+01 9.393531e+00 4.905463e+00 3097 1.198275e-02
262938 1.954998e-02 9.884206e-03 6.657247e-02 2.862303e-02 1.542727e-02 6.688716e-02 2.875985e+01 1.757045e+01 9.974921e-01 1685 8.617570e-03
262975 2.870466e-02 4.545633e-03 6.639207e-02 3.375018e-02 5.037153e-03 6.735599e-02 2.489636e+01 2.425330e+00 4.756325e+00 1686 8.377362e-03
388051 2.434425e-03 -2.541310e-02 6.797551e-02 4.452736e-03 -5.132216e-02 7.032563e-02 2.014370e+00 -2.585848e+01 2.345533e+00 1059 6.129705e-03
763270 2.352568e-02 -6.156128e-03 6.767533e-02 3.225270e-02 -8.343235e-03 6.947175e-02 2.552097e+01 -6.395899e+00 5.253361e+00 1734 9.311641e-03
388473 -1.168624e-03 2.583661e-02 6.804601e-02 2.010722e-03 3.952271e-02 6.789324e-02 6.081938e+00 2.618086e+01 -2.922398e-01 2987 1.175358e-02
18732 -2.132034e-02 -8.338779e-03 6.580228e-02 -2.779279e-02 -1.531284e-02 6.972282e-02 -8.800241e+00 -9.482256e+00 5.330549e+00 3073 1.541049e-02
138611 1.403687e-02 2.405953e-02 6.596128e-02 2.651338e-02 9.458195e-02 4.664700e-02 6.204492e+00 3.507038e+01 -8.738312e+00 2308 1.118484e-02
263627 -2.384325e-02 -2.456976e-03 6.784150e-02 -3.644102e-02 -4.136952e-04 7.675652e-02 -1.967304e+01 3.190846e+00 1.392196e+01 4555 1.873758e-02
139516 -2.303244e-03 -2.810522e-02 6.684574e-02 -3.133629e-03 -3.255258e-02 6.727107e-02 -4.282040e+00 -2.293367e+01 2.193311e+00 1021 6.202067e-03
639676 1.069798e-02 -1.727468e-02 6.637572e-02 1.619708e-02 -2.587834e-02 6.802900e-02 1.355541e+01 -2.120822e+01 4.075377e+00 2159 8.626824e-03
516341 -2.072175e-02 -5.826947e-03 6.896114e-02 -4.191536e-02 -1.241098e-02 6.988362e-02 -3.939677e+01 -1.223904e+01 1.714805e+00 4904 1.810784e-02
392145 -2.726127e-02 6.850392e-03 6.626151e-02 -3.568541e-02 9.397794e-03 6.619335e-02 -2.427945e+01 7.341938e+00 -1.964493e-01 6933 2.832032e-02
23804 2.722921e-02 7.787614e-03 6.902491e-02 4.926186e-02 1.059779e-02 7.945458e-02 2.535276e+01 3.233646e+00 1.200133e+01 2591 1.042109e-02
642127 1.377037e-02 2.656718e-02 6.629633e-02 2.453704e-02 5.351986e-02 5.942074e-02 9.762215e+00 2.443816e+01 -4.046568e+00 1563 6.710177e-03
892460 -2.322177e-02 8.766144e-03 6.650831e-02 -3.401762e-02 9.266474e-03 6.640099e-02 -2.497174e+01 1.157307e+00 -2.482542e-01 4143 1.720772e-02
392954 7.757206e-03 2.505820e-02 6.564744e-02 1.112213e-02 2.812709e-02 6.623031e-02 1.247261e+01 1.137532e+01 2.160501e+00 1676 8.069825e-03
393414 -2.369628e-02 -1.299664e-02 6.782704e-02 -5.144850e-02 -2.626879e-02 6.581055e-02 -2.081154e+01 -9.952847e+00 -1.512177e+00 1117 5.841589e-03
518474 -1.663376e-02 1.169667e-02 6.727636e-02 -2.898276e-02 1.447251e-02 7.208448e-02 -3.129707e+01 7.035028e+00 1.218561e+01 1852 9.568596e-03
268469 -1.652429e-02 -2.390077e-02 6.698358e-02 -6.403680e-02 -7.797568e-02 7.606713e-02 -1.811995e+01 -2.062266e+01 3.464215e+00 2622 1.150999e-02
643610 1.262115e-02 -2.251838e-02 6.813819e-02 1.751426e-02 -2.929478e-02 6.678019e-02 1.265034e+01 -1.751929e+01 -3.510895e+00 1536 7.795927e-03
768814 -2.709261e-02 1.085581e-02 6.929391e-02 -3.992790e-02 1.771355e-02 6.903654e-02 -2.044194e+01 1.092188e+01 -4.098873e-01 1606 1.158906e-02
143950 -2.779507e-02 5.895503e-03 6.850411e-02 -3.060745e-02 6.609049e-03 6.967039e-02 -2.126124e+01 5.394316e+00 8.816899e+00 3698 1.500675e-02
27152 -1.139930e-02 -2.745245e-02 7.144637e-02 -1.310602e-02 -3.407383e-02 7.541442e-02 -6.011562e+00 -2.332236e+01 1.397658e+01 3402 1.429657e-02
769450 -2.810379e-02 2.994042e-03 6.772008e-02 -8.845710e-02 1.360639e-02 7.234038e-02 -3.193518e+01 5.615387e+00 2.444772e+00 2965 1.211263e-02
144890 -2.207390e-02 -2.926400e-03 6.809170e-02 -3.197906e-02 -3.045391e-03 6.761109e-02 -3.187713e+01 -3.829410e-01 -1.546721e+00 993 4.227079e-03
145246 4.072007e-03 -8.193112e-03 1.644607e-01 2.027820e-02 -3.085170e-02 2.110926e-01 7.347966e+00 -1.027351e+01 2.114314e+01 3544 2.945680e-02
770301 9.632894e-03 2.593448e-02 6.703915e-02 9.098338e-03 3.966504e-02 6.875611e-02 -4.768156e-01 1.224744e+01 1.531501e+00 4172 1.829192e-02
270404 2.225867e-02 -1.312166e-02 6.589245e-02 2.913710e-02 -1.452573e-02 6.511706e-02 2.268264e+01 -4.630139e+00 -2.556952e+00 1661 9.204292e-03
145821 8.491882e-03 2.289546e-02 6.689921e-02 1.661366e-02 3.693189e-02 6.970409e-02 1.545022e+01 2.670179e+01 5.335786e+00 1521 8.215982e-03
29137 -1.273806e-03 2.429645e-02 6.806866e-02 -5.503468e-03 3.611565e-02 6.748873e-02 -1.297811e+01 3.626554e+01 -1.779428e+00 2885 1.119781e-02
521302 2.033768e-02 -1.566557e-02 6.882768e-02 2.272671e-02 -2.469663e-02 6.974745e-02 7.281097e+00 -2.752422e+01 2.803228e+00 1968 9.168040e-03
896446 -2.780803e-02 -3.698551e-03 6.671354e-02 -4.533386e-02 -1.137324e-02 6.051713e-02 -1.989414e+01 -8.711791e+00 -3.347882e+00 5367 2.175666e-02
772404 -8.321580e-03 2.096189e-02 6.539655e-02 -1.126274e-02 2.900530e-02 6.578414e-02 -8.068085e+00 2.206440e+01 1.063227e+00 2357 1.020127e-02
647505 4.259815e-03 -2.483826e-02 6.791997e-02 3.538821e-02 -1.083910e-01 7.632628e-02 1.367979e+01 -3.671838e+01 3.694267e+00 1625 8.123414e-03
147839 -2.648849e-02 8.564890e-03 6.831961e-02 -4.228037e-02 1.099898e-02 6.759390e-02 -1.627246e+01 2.508162e+00 -7.477950e-01 12642 5.173837e-02
273012 8.688159e-03 -2.075164e-02 6.746710e-02 1.158236e-02 -4.610815e-02 6.614561e-02 2.781782e+00 -2.437157e+01 -1.270154e+00 1862 7.501411e-03
398108 -3.550125e-03 2.830020e-02 6.825285e-02 -3.177197e-03 3.142150e-02 6.868968e-02 3.712102e+00 3.106925e+01 4.348213e+00 3695 2.151611e-02
648371 -5.470956e-03 2.645409e-02 6.681447e-02 -9.935617e-03 3.495936e-02 6.190380e-02 -1.381605e+01 2.631987e+01 -4.523369e+00 2220 1.019525e-02
773744 -1.579801e-02 1.782334e-02 6.819752e-02 -2.043147e-02 2.832614e-02 7.199193e-02 -7.057220e+00 1.599679e+01 5.779253e+00 1827 8.401512e-03
148930 6.321344e-03 2.282425e-02 6.671392e-02 1.046436e-02 3.248056e-02 6.644651e-02 1.365869e+01 3.183491e+01 -8.815869e-01 2816 1.093306e-02
773836 -4.441221e-04 2.431222e-02 6.802046e-02 8.944127e-04 3.721954e-02 6.699945e-02 3.507709e+00 3.382440e+01 -2.675600e+00 2294 8.763547e-03
399218 1.194292e-02 -2.558978e-02 6.779793e-02 1.746568e-02 -4.780185e-02 6.783809e-02 7.379380e+00 -2.967919e+01 5.365906e-02 1549 1.299917e-02
649298 2.807625e-02 -2.456125e-03 6.565514e-02 5.324754e-02 -7.806638e-03 5.669022e-02 2.701213e+01 -5.741809e+00 -8.407607e+00 2872 1.574778e-02
149386 -2.479172e-02 3.004507e-03 6.552688e-02 -3.002287e-02 5.209969e-03 6.384931e-02 -2.674419e+01 1.127540e+01 -4.109458e+00 655 3.394733e-03
899673 1.585140e-02 1.707040e-02 6.906381e-02 2.164603e-02 2.364438e-02 7.143130e-02 2.056296e+01 2.332861e+01 8.401349e+00 1378 8.001385e-03
774889 6.389558e-03 2.725634e-02 6.698511e-02 1.242552e-02 4.869182e-02 6.787664e-02 1.202932e+01 4.271965e+01 1.776762e+00 2847 1.096490e-02
774966 1.257079e-02 -1.618473e-02 6.731149e-02 1.799776e-02 -2.464814e-02 6.845675e-02 1.307956e+01 -2.039770e+01 2.760200e+00 864 4.082879e-03
400627 -2.208058e-03 2.772666e-02 6.609226e-02 -1.859798e-03 3.968085e-02 6.613920e-02 9.629771e-01 3.305458e+01 1.297880e-01 1437 5.788914e-03
150746 -2.473304e-02 -1.324948e-02 6.676748e-02 -2.631095e-02 -1.465613e-02 6.697521e-02 -1.412003e+01 -1.258753e+01 1.858864e+00 1272 6.529815e-03
900691 -2.763499e-02 2.180946e-03 6.999155e-02 -5.977112e-02 3.640319e-03 7.838379e-02 -3.310513e+01 1.503377e+00 8.645291e+00 3125 1.240810e-02
275780 -7.423793e-03 -2.826328e-02 6.798579e-02 -1.408923e-02 -8.542774e-02 6.612399e-02 -3.812370e+00 -3.269585e+01 -1.064874e+00 1606 6.801429e-03
526006 -2.436607e-02 -1.036484e-02 6.988392e-02 -4.298784e-02 -7.275454e-03 7.177338e-02 -2.730882e+01 4.530588e+00 2.770888e+00 1748 8.344051e-03
36428 -3.052513e-03 -2.384448e-02 6.887070e-02 -3.748143e-03 -4.380398e-02 6.910806e-02 -1.199114e+00 -3.440576e+01 4.091697e-01 1762 6.903595e-03
401340 -2.519566e-02 6.637128e-03 6.733261e-02 -3.490170e-02 1.127320e-02 6.847978e-02 -1.920436e+01 9.172930e+00 2.269786e+00 9146 3.589898e-02
401742 4.968693e-03 -2.896456e-02 6.653121e-02 6.290613e-03 -3.771708e-02 7.102142e-02 2.594545e+00 -1.717864e+01 8.812980e+00 6799 2.728919e-02
37222 -1.876299e-02 1.960729e-02 6.512554e-02 -2.654560e-02 2.506152e-02 6.353815e-02 -1.671711e+01 1.171575e+01 -3.257059e+00 5736 2.380282e-02
652052 -1.271466e-03 -2.424546e-02 6.906149e-02 -7.824131e-03 -4.512241e-02 6.930885e-02 -5.133512e+00 -1.635550e+01 1.937843e-01 3811 1.696696e-02
777172 -2.481807e-02 -3.122215e-03 6.763666e-02 -3.372735e-02 -4.138173e-03 6.891697e-02 -2.097440e+01 -2.391789e+00 3.014130e+00 2956 1.251792e-02
402373 9.988711e-03 -2.117688e-02 6.778619e-02 1.999886e-02 -2.812757e-02 7.221360e-02 2.970915e+01 -2.062896e+01 1.314012e+01 2602 1.221368e-02
652636 -2.603747e-02 1.340862e-02 6.559894e-02 -3.248345e-02 2.849805e-02 7.003903e-02 -1.008468e+01 2.360726e+01 6.946476e+00 1314 8.801018e-03
277679 -9.623242e-04 -1.036829e-02 2.036710e-01 1.089001e-03 -3.811550e-02 3.750406e-01 3.126614e-01 -4.229208e+00 2.612002e+01 2713 2.438280e-02
652952 2.153569e-02 -6.504951e-03 6.659187e-02 3.025023e-02 -1.063240e-02 6.870061e-02 3.273159e+01 -1.550257e+01 7.920368e+00 4492 1.787319e-02
653386 2.168057e-03 2.572161e-02 7.077500e-02 4.688345e-03 7.561971e-02 8.711281e-02 1.393671e+00 2.759268e+01 9.034493e+00 2949 1.550731e-02
654612 2.724626e-02 1.002590e-02 6.874105e-02 7.819537e-02 2.469673e-02 7.397521e-02 2.560468e+01 7.372881e+00 2.630448e+00 1213 6.999330e-03
404811 2.761504e-02 2.563001e-04 7.005390e-02 5.712287e-02 -1.531200e-03 8.896624e-02 2.325277e+01 -1.408587e+00 1.490332e+01 1940 9.266383e-03
405038 -3.888556e-03 2.795150e-02 6.592411e-02 -3.957665e-03 3.039587e-02 6.589333e-02 -1.349335e+00 4.772536e+01 -6.010723e-01 788 3.541398e-03
405129 -1.986234e-02 1.735813e-02 6.884760e-02 -2.784967e-02 3.045603e-02 7.274398e-02 -1.378371e+01 2.260299e+01 6.723959e+00 7617 3.342272e-02
905720 2.454137e-02 9.475676e-03 6.894664e-02 5.568964e-02 -4.170500e-03 6.579493e-02 2.175857e+01 -9.532511e+00 -2.201617e+00 2655 1.110112e-02
656038 -2.900669e-02 2.257489e-03 6.342439e-02 -4.909640e-02 6.900206e-03 6.109625e-02 -2.556763e+01 5.908663e+00 -2.962961e+00 1178 5.880957e-03
656505 -1.324602e-02 2.206770e-02 6.560251e-02 -1.564811e-02 2.829416e-02 6.577713e-02 -7.834942e+00 2.030896e+01 5.695535e-01 2202 1.041605e-02
657083 2.539405e-02 -1.024346e-02 6.773495e-02 3.738892e-02 -1.514228e-02 7.173621e-02 1.984265e+01 -8.103919e+00 6.619131e+00 1657 9.650561e-03
907633 -2.403746e-02 1.395328e-02 7.048349e-02 -4.080271e-02 1.966038e-02 7.833196e-02 -2.055615e+01 6.997572e+00 9.623130e+00 2734 1.295138e-02
45872 -1.564303e-03 -2.722816e-02 6.497118e-02 -3.591342e-03 -3.173065e-02 6.437627e-02 -1.697504e+01 -3.770523e+01 -4.981936e+00 2606 1.709924e-02
908030 -1.642706e-02 1.833786e-02 6.771476e-02 -2.404565e-02 2.671045e-02 6.950417e-02 -1.404903e+01 1.543944e+01 3.299764e+00 3699 2.024798e-02
158325 -1.286273e-02 2.101697e-02 6.752330e-02 -1.690867e-02 2.748122e-02 6.691534e-02 -1.668193e+01 2.665293e+01 -2.506685e+00 2049 7.913869e-03
533380 2.219926e-02 3.429251e-03 6.909562e-02 3.532200e-02 1.463158e-03 7.266607e-02 3.119079e+01 -4.673108e+00 8.486417e+00 4282 1.848777e-02
283467 2.134389e-02 -1.591887e-02 6.601845e-02 2.843136e-02 -2.378110e-02 7.066263e-02 2.425147e+01 -2.690254e+01 1.589118e+01 2180 1.041492e-02
159414 1.422276e-02 -1.936679e-02 6.875359e-02 1.739614e-02 -2.459330e-02 6.907184e-02 1.372944e+01 -2.261214e+01 1.376878e+00 1728 7.743403e-03
409611 6.231086e-03 -2.369811e-02 6.667223e-02 1.035137e-02 -3.302773e-02 6.133764e-02 1.009002e+01 -2.284697e+01 -5.314357e+00 2738 1.084636e-02
909479 -2.734198e-02 1.221769e-02 7.036476e-02 -1.060662e-01 4.526684e-02 9.436697e-02 -2.093328e+01 8.787985e+00 6.382345e+00 5025 2.043344e-02
659557 -1.224304e-03 2.073952e-02 6.610526e-02 3.834421e-03 3.259879e-02 6.686710e-02 8.234928e+00 1.930529e+01 1.240170e+00 1736 9.415541e-03
48979 2.400642e-02 -9.824377e-03 6.820689e-02 3.478372e-02 -1.122149e-02 7.007262e-02 2.775877e+01 -3.598513e+00 4.805491e+00 2037 8.248324e-03
49493 -1.808464e-02 -1.977753e-02 7.066541e-02 -4.644760e-02 -3.909638e-02 8.770378e-02 -1.659173e+01 -1.130111e+01 9.967082e+00 897 4.500014e-03
285612 -1.900948e-02 2.023102e-02 6.660373e-02 -3.734285e-02 4.328288e-02 7.437673e-02 -1.622575e+01 2.040180e+01 6.879409e+00 2106 8.861158e-03
49929 -2.192428e-02 -1.124840e-02 1.844177e-01 -7.103447e-02 -4.645708e-02 2.620470e-01 -9.435258e+00 -6.764441e+00 1.491446e+01 4101 2.526587e-02
785737 -1.750550e-02 -2.015002e-02 6.524739e-02 -5.778117e-02 -5.566315e-02 5.608320e-02 -2.041108e+01 -1.799751e+01 -4.484744e+00 1558 6.472741e-03
50209 -2.387423e-02 -1.213263e-02 6.710838e-02 -2.818983e-02 -1.452928e-02 6.746059e-02 -2.468844e+01 -1.371060e+01 2.014892e+00 1773 8.672808e-03
50413 1.598865e-02 -2.278183e-02 6.843949e-02 2.603288e-02 -3.686764e-02 7.606513e-02 1.875187e+01 -2.629721e+01 1.423654e+01 2168 1.056304e-02
786171 -1.623153e-02 -4.748786e-03 6.743482e-02 -2.809250e-02 -1.115366e-02 7.146673e-02 -3.459355e+01 -1.868038e+01 1.175943e+01 1523 6.285186e-03
911738 9.521199e-03 2.463075e-02 6.524420e-02 3.717497e-02 6.038416e-02 5.725382e-02 1.402800e+01 1.813673e+01 -3.896858e+00 4492 1.951997e-02
787015 -1.214024e-02 -2.139571e-02 6.839128e-02 -1.837988e-02 -2.839694e-02 7.020387e-02 -1.244370e+01 -1.396255e+01 3.614847e+00 1541 8.747425e-03
787045 1.893624e-02 -1.646296e-02 6.762195e-02 2.253965e-02 -2.096418e-02 6.692876e-02 1.291716e+01 -1.613554e+01 -2.484859e+00 3733 2.172818e-02
537246 -1.234681e-02 2.450591e-02 6.628036e-02 -1.669659e-02 5.543750e-02 4.916178e-02 -4.174854e+00 2.968767e+01 -1.414518e+01 4909 2.463244e-02
287503 -2.210439e-02 -1.422217e-02 6.749429e-02 -3.015497e-02 -2.495824e-02 6.642870e-02 -1.731146e+01 -2.308617e+01 -2.291370e+00 2296 1.141656e-02
787473 -2.054715e-02 -1.702821e-02 6.696922e-02 -3.015723e-02 -2.774850e-02 6.801397e-02 -1.313762e+01 -1.465536e+01 1.428234e+00 717 5.621798e-03
287596 6.785840e-03 2.557762e-02 6.914243e-02 1.586282e-02 3.933505e-02 7.640782e-02 2.088715e+01 3.165739e+01 1.671848e+01 1949 9.981265e-03
788381 2.572524e-02 3.409707e-03 6.632645e-02 4.430775e-02 9.450654e-03 6.675144e-02 1.878050e+01 6.105313e+00 4.295249e-01 1355 8.542231e-03
163746 -1.179620e-02 -2.030325e-02 6.614584e-02 -1.491424e-02 -2.731665e-02 6.717531e-02 -1.178945e+01 -2.651801e+01 3.892467e+00 1126 6.818847e-03
53896 2.349279e-02 2.131110e-03 6.583580e-02 3.807913e-02 5.466888e-03 6.086661e-02 3.174726e+01 7.260344e+00 -7.568995e+00 5419 2.166033e-02
664339 1.430603e-02 1.959950e-02 6.718377e-02 1.941675e-02 2.409447e-02 6.620704e-02 2.391415e+01 2.103291e+01 -4.570360e+00 833 3.592987e-03
55181 6.630634e-03 6.954002e-03 2.339854e-01 3.862896e-02 2.199163e-02 5.476091e-01 2.723026e+00 1.279687e+00 2.668906e+01 5078 4.281175e-02
664883 1.300099e-02 -2.646611e-02 6.634101e-02 1.557205e-02 -2.830131e-02 6.695341e-02 2.244122e+01 -1.601833e+01 5.345290e+00 914 4.717864e-03
165489 2.809255e-02 -3.477912e-03 6.609893e-02 4.079732e-02 -3.643799e-05 6.681672e-02 1.491849e+01 4.041129e+00 8.428602e-01 1123 7.512378e-03
665903 2.564492e-02 -1.516526e-02 7.164759e-02 1.257813e-01 -7.726113e-02 1.140787e-01 3.390139e+01 -2.102270e+01 1.436515e+01 962 4.359604e-03
541297 4.181126e-03 -2.380846e-02 6.762885e-02 3.374217e-03 -3.460794e-02 6.711823e-02 -1.726420e+00 -2.310602e+01 -1.092482e+00 6807 2.728689e-02
166852 2.357313e-02 -6.447958e-03 6.819390e-02 3.052409e-02 -7.724523e-03 6.750857e-02 4.397458e+01 -8.076068e+00 -4.335688e+00 4705 1.792401e-02
291708 -1.809250e-02 1.967685e-02 6.800037e-02 -2.433393e-02 2.596316e-02 6.816027e-02 -1.503277e+01 1.514085e+01 3.851430e-01 3080 1.393869e-02
917990 -2.223793e-02 1.691549e-02 6.862596e-02 -4.889376e-02 2.651923e-02 7.311714e-02 -2.389009e+01 8.607281e+00 4.025188e+00 3483 1.630967e-02
669218 4.131088e-03 2.562883e-02 6.567114e-02 4.372759e-03 3.049938e-02 6.556690e-02 1.269625e+00 2.558748e+01 -5.475823e-01 1082 7.469284e-03
919842 7.154791e-03 -2.893860e-02 6.974266e-02 8.725084e-03 -3.606988e-02 7.025313e-02 6.392699e+00 -2.903160e+01 2.078108e+00 1178 5.707343e-03
63337 -2.562660e-02 4.275298e-03 7.108192e-02 -3.333479e-02 2.281318e-02 1.154502e-01 -7.173659e+00 1.725235e+01 4.129146e+01 8755 3.491770e-02
170776 1.904185e-02 -1.517527e-02 7.709392e-02 3.497677e-02 -2.384545e-02 1.333908e-01 2.816385e+00 -1.532392e+00 9.950079e+00 4110 2.022700e-02
920775 -6.301111e-04 -2.704497e-02 6.964032e-02 8.905568e-03 -5.180550e-02 7.351549e-02 1.265349e+01 -3.285632e+01 5.142209e+00 1853 1.002314e-02
64338 2.132950e-03 -1.226734e-02 1.627191e-01 1.141015e-02 -4.464560e-02 2.142264e-01 3.243962e+00 -1.132172e+01 1.801058e+01 3037 3.097143e-02
421430 -2.284374e-02 -1.469396e-02 6.725137e-02 -3.090474e-02 -1.845014e-02 6.758886e-02 -3.084444e+01 -1.437262e+01 1.291361e+00 1743 8.181548e-03
296340 -4.063640e-04 2.584595e-02 6.695874e-02 -1.762901e-04 3.426047e-02 6.762878e-02 7.115905e-01 2.602511e+01 2.072346e+00 1341 1.028158e-02
64964 2.725279e-02 -1.702751e-03 6.753276e-02 3.860599e-02 9.513137e-04 6.772323e-02 2.659421e+01 6.216989e+00 4.461777e-01 1168 5.753135e-03
297529 -1.406945e-02 2.120975e-02 6.909221e-02 -1.807109e-02 2.638616e-02 7.000715e-02 -1.068371e+01 1.382017e+01 2.442760e+00 1283 7.351759e-03
297577 -2.223072e-02 4.637956e-03 6.761404e-02 -3.363564e-02 -4.173088e-03 7.217625e-02 -1.800974e+01 -1.391369e+01 7.204268e+00 3118 1.378307e-02
298251 1.754346e-02 1.952754e-02 6.604064e-02 3.376030e-02 2.690707e-02 6.175733e-02 1.858739e+01 8.458248e+00 -2.730222e+00 3199 1.463830e-02
423480 -2.629443e-03 -2.368565e-02 6.778592e-02 -2.406557e-03 -3.574157e-02 6.650496e-02 4.937994e-01 -2.670965e+01 -2.837925e+00 2956 1.405244e-02
548939 2.170280e-02 1.888535e-02 6.974864e-02 4.489314e-02 2.962209e-02 8.648945e-02 2.072586e+01 9.595731e+00 1.496174e+01 2369 1.043097e-02
68887 2.265803e-02 1.680411e-02 6.657587e-02 3.275320e-02 2.016706e-02 6.941248e-02 2.520354e+01 8.395943e+00 7.081848e+00 2018 8.992796e-03
174630 1.414403e-02 2.160245e-02 7.006751e-02 2.519999e-02 3.029241e-02 7.509808e-02 1.771372e+01 1.392293e+01 8.059901e+00 2043 9.247621e-03
426013 -2.125843e-02 -1.359939e-02 6.873243e-02 -2.533444e-02 -1.648246e-02 6.923451e-02 -2.090272e+01 -1.478504e+01 2.574788e+00 1888 9.296543e-03
70942 2.240758e-02 1.081266e-02 6.678936e-02 3.386830e-02 1.787269e-02 6.879718e-02 2.014598e+01 1.241033e+01 3.529410e+00 2777 1.182404e-02
800942 1.502818e-02 1.984384e-02 6.667907e-02 1.800827e-02 2.621715e-02 6.637621e-02 9.056896e+00 1.936936e+01 -9.204358e-01 3406 1.362910e-02
176391 -2.026762e-02 -1.839725e-02 6.966748e-02 -4.852726e-02 -3.287201e-02 7.769553e-02 -2.209016e+01 -1.131471e+01 6.275409e+00 2129 8.545567e-03
71607 1.917500e-02 -2.206206e-02 6.581255e-02 2.941088e-02 -3.784445e-02 6.603998e-02 1.516584e+01 -2.338375e+01 3.369700e-01 1840 1.007869e-02
426766 -1.726393e-02 1.438840e-02 6.891025e-02 -2.193383e-02 2.084159e-02 7.365231e-02 -2.105901e+01 2.910080e+01 2.138439e+01 1546 8.106168e-03
427221 2.102029e-02 -7.350424e-03 6.873065e-02 3.660464e-02 -1.101231e-02 6.983859e-02 3.288017e+01 -7.725914e+00 2.337534e+00 3600 1.398283e-02
427547 -1.793359e-02 -1.335281e-02 6.750778e-02 -3.005962e-02 -2.511070e-02 6.776493e-02 -2.536453e+01 -2.459449e+01 5.378864e-01 2703 1.056052e-02
74092 -1.369129e-02 2.587808e-02 6.350969e-02 -1.113545e-01 2.097053e-01 2.194933e-02 -1.831933e+01 3.448168e+01 -7.795750e+00 1829 8.028845e-03
803883 -1.680054e-02 -2.101180e-02 6.652539e-02 -2.597162e-02 -3.369046e-02 6.654646e-02 -2.250429e+01 -3.111128e+01 5.170174e-02 1492 6.400439e-03
555124 1.535805e-02 2.232462e-02 6.760658e-02 2.292693e-02 3.873872e-02 6.922791e-02 1.990888e+01 4.317500e+01 4.264672e+00 1550 8.459056e-03
305054 2.462273e-02 1.295603e-02 6.302942e-02 4.019364e-02 1.984059e-02 5.644693e-02 2.573196e+01 1.137719e+01 -1.087800e+01 2354 1.008971e-02
306108 -3.203593e-03 -2.461317e-02 6.970455e-02 -4.905597e-03 -3.686509e-02 7.387806e-02 -3.834935e+00 -2.760587e+01 9.403707e+00 7715 3.054080e-02
306430 -2.388985e-02 -3.929120e-03 6.570821e-02 -3.246809e-02 -4.162372e-03 6.240105e-02 -2.574050e+01 -6.999132e-01 -6.213650e+00 1668 6.992046e-03
78849 1.823441e-02 -1.823291e-02 6.525169e-02 2.941334e-02 -3.245132e-02 6.237352e-02 1.759514e+01 -2.237913e+01 -4.021117e+00 3901 1.678465e-02
806740 2.147416e-02 9.031087e-03 6.664561e-02 3.414593e-02 1.128137e-02 6.651446e-02 3.302546e+01 5.864730e+00 -3.418101e-01 1953 9.210762e-03
79596 2.092478e-02 -9.858606e-03 6.849780e-02 3.268161e-02 -1.691906e-02 6.911305e-02 2.665055e+01 -1.600474e+01 1.394646e+00 2597 1.039805e-02
932193 4.692651e-03 -2.851746e-02 6.840602e-02 1.178973e-02 -4.601625e-02 7.194885e-02 1.211836e+01 -2.987942e+01 6.049428e+00 969 6.221947e-03
557965 2.369460e-02 -5.335855e-03 6.670563e-02 4.350595e-02 -1.495013e-02 6.959594e-02 3.240639e+01 -1.572653e+01 4.727819e+00 2650 1.189380e-02
434401 -8.408904e-03 2.332505e-02 6.569615e-02 -1.128331e-02 3.025624e-02 6.316323e-02 -6.864622e+00 1.655299e+01 -3.153893e+00 1122 7.669547e-03
184722 -1.950357e-02 -1.861394e-02 6.730089e-02 -2.300315e-02 -1.979674e-02 6.727508e-02 -2.298247e+01 -7.767711e+00 -1.695252e-01 2845 1.136860e-02
684322 1.913604e-02 -1.484256e-02 6.917084e-02 3.300031e-02 -2.151389e-02 7.096090e-02 2.941385e+01 -1.415361e+01 3.797717e+00 2058 1.279068e-02
435031 9.728741e-03 -9.966921e-04 1.692854e-01 3.939821e-02 4.989215e-03 2.508902e-01 8.709172e+00 1.757102e+00 2.395428e+01 2964 2.831731e-02
810282 -2.714194e-02 -5.286208e-03 6.992299e-02 -5.955767e-02 -2.129782e-02 6.688668e-02 -3.026250e+01 -1.494803e+01 -2.834620e+00 2932 1.239529e-02
561873 -2.485061e-02 5.645599e-03 6.644353e-02 -3.277217e-02 6.648044e-03 6.694264e-02 -2.649279e+01 3.352572e+00 1.669227e+00 2140 1.074095e-02
86161 -2.579582e-02 8.652354e-03 6.972325e-02 -4.921380e-02 1.553597e-02 7.688643e-02 -3.349379e+01 9.845348e+00 1.024520e+01 1144 6.962805e-03
812230 1.753056e-02 -1.801443e-02 6.859516e-02 2.449876e-02 -2.377882e-02 6.907018e-02 2.920814e+01 -2.416222e+01 1.991096e+00 1640 6.666175e-03
312442 -1.141404e-02 2.185707e-02 6.955335e-02 -2.899999e-02 4.254487e-02 8.326080e-02 -1.277528e+01 1.502862e+01 9.957756e+00 1339 6.698759e-03
437989 1.898230e-02 1.699226e-02 6.801248e-02 2.574991e-02 2.064233e-02 6.839449e-02 2.326565e+01 1.254818e+01 1.313260e+00 4424 1.850202e-02
312840 4.778427e-03 2.676997e-02 7.000696e-02 2.603900e-02 1.158961e-01 8.915880e-02 7.646522e+00 3.205489e+01 6.888101e+00 2381 1.141434e-02
312887 -6.704341e-03 2.885333e-02 6.651510e-02 -2.733951e-02 9.423158e-02 7.050929e-02 -1.030736e+01 3.265673e+01 1.995116e+00 915 6.221056e-03
438487 -2.321429e-02 -1.150750e-02 6.593563e-02 -2.861581e-02 -1.413367e-02 6.337432e-02 -1.626605e+01 -7.908412e+00 -2.620064e+00 4306 1.734694e-02
938611 1.480351e-02 -1.883715e-02 6.626969e-02 2.124303e-02 -2.443739e-02 6.611466e-02 1.939840e+01 -1.687014e+01 -4.669987e-01 2945 1.175088e-02
563880 -2.766448e-02 1.064194e-03 6.706734e-02 -3.166650e-02 2.498091e-03 6.756012e-02 -1.784393e+01 6.393360e+00 2.197172e+00 3670 1.886398e-02
814762 -3.428806e-03 -2.784991e-02 6.673902e-02 -4.055810e-03 -4.041330e-02 6.654900e-02 -1.318643e+00 -2.642186e+01 -3.996449e-01 2897 1.162162e-02
814775 -9.079492e-03 2.644710e-02 6.512470e-02 -1.994270e-02 4.871987e-02 6.849801e-02 -1.201757e+01 2.463953e+01 3.731764e+00 3008 1.356381e-02
190095 2.540299e-02 -4.123583e-03 6.993937e-02 5.037935e-02 -5.413742e-03 7.897667e-02 2.811376e+01 -1.452222e+00 1.017251e+01 2993 1.468320e-02
90867 1.626715e-02 2.459967e-02 7.163903e-02 2.286499e-02 3.687717e-02 7.489861e-02 1.341095e+01 2.495558e+01 6.625493e+00 3324 1.397835e-02
565510 2.261087e-02 7.318726e-03 6.692784e-02 3.027792e-02 8.633081e-03 6.932329e-02 2.522733e+01 4.324694e+00 7.881894e+00 2560 1.353287e-02
940580 -1.794922e-02 -1.872242e-02 6.766097e-02 -2.162286e-02 -2.112824e-02 6.575949e-02 -1.595550e+01 -1.044901e+01 -8.258598e+00 2040 1.032117e-02
441307 -2.814077e-02 1.018524e-02 6.589465e-02 -6.869223e-02 3.535859e-02 5.176049e-02 -3.027565e+01 1.879438e+01 -9.351042e+00 1652 6.575104e-03
441317 2.418065e-02 -1.193252e-02 6.689568e-02 6.492207e-02 -3.803121e-02 7.084125e-02 2.515092e+01 -1.611151e+01 2.435720e+00 1529 7.158756e-03
92331 2.673455e-02 -1.228062e-02 6.733009e-02 3.361778e-02 -1.670108e-02 6.781999e-02 2.143344e+01 -1.376469e+01 1.525495e+00 4286 1.747652e-02
316613 -1.242359e-02 2.071052e-02 6.707671e-02 -2.144359e-02 3.307881e-02 6.826336e-02 -1.861347e+01 2.552292e+01 2.448737e+00 1111 4.825129e-03
93130 2.342065e-02 6.997842e-03 6.835747e-02 3.346500e-02 1.015771e-02 7.043729e-02 3.041325e+01 9.567733e+00 6.297479e+00 1882 8.015925e-03
567011 2.268941e-02 -1.634117e-02 7.011340e-02 3.411215e-02 -1.986936e-02 7.354654e-02 2.418404e+01 -7.469823e+00 7.268587e+00 1365 8.097016e-03
94445 1.724885e-02 -1.291991e-02 6.789009e-02 2.946708e-02 -1.440989e-02 6.937452e-02 3.020272e+01 -3.683139e+00 3.669413e+00 1214 1.041846e-02
443535 1.870658e-02 -1.856493e-02 6.967986e-02 1.975122e-02 -3.589576e-02 7.662658e-02 1.385319e+00 -2.298290e+01 9.212249e+00 1281 7.762898e-03
95614 -1.840230e-02 -2.251234e-02 6.528304e-02 -2.247905e-02 -8.242783e-02 5.052646e-02 -2.645109e+00 -3.887493e+01 -9.324002e+00 3710 1.592539e-02
943676 1.237037e-02 -2.100904e-02 6.712349e-02 1.764001e-02 -2.485626e-02 6.745172e-02 2.783022e+01 -2.031809e+01 1.733457e+00 2101 1.126970e-02
569384 1.246026e-02 -2.061012e-02 6.901609e-02 2.197302e-02 -3.567901e-02 7.406183e-02 1.691355e+01 -2.679226e+01 8.971252e+00 2594 1.120536e-02
195785 2.030846e-02 1.173050e-02 6.581824e-02 2.637004e-02 1.619037e-02 6.618136e-02 2.444746e+01 1.798749e+01 1.464532e+00 4158 1.617433e-02
98849 2.455732e-02 1.163675e-02 6.751588e-02 4.998358e-02 1.897929e-02 8.059799e-02 1.868469e+01 5.395720e+00 9.613492e+00 1055 5.707250e-03
196620 -1.250757e-02 -2.641624e-02 6.560462e-02 -1.316102e-02 -2.785238e-02 6.533645e-02 -8.937925e+00 -1.964358e+01 -3.668107e+00 3254 1.317318e-02
572393 1.430867e-02 2.077364e-02 6.549733e-02 2.668822e-02 4.202195e-02 7.055624e-02 1.328167e+01 2.279669e+01 5.427562e+00 2176 9.650034e-03
823198 -5.296691e-03 2.352645e-02 6.776859e-02 -2.145424e-03 4.602433e-02 6.937445e-02 3.852659e+00 2.750534e+01 1.963289e+00 1628 8.966927e-03
103127 8.081920e-03 2.448588e-02 6.551186e-02 1.306403e-02 3.696510e-02 6.735089e-02 1.181666e+01 2.959845e+01 4.361858e+00 2213 1.048439e-02
103300 -2.378857e-02 1.556875e-03 6.834878e-02 -3.325491e-02 7.176991e-03 6.773355e-02 -2.626339e+01 1.559243e+01 -1.706902e+00 4175 1.864320e-02
949158 1.580389e-02 2.054943e-02 6.801900e-02 2.988871e-02 2.569588e-02 7.091635e-02 2.115076e+01 7.728279e+00 4.350874e+00 3277 1.467017e-02
103808 -2.136994e-02 -1.930770e-02 6.613912e-02 -3.426969e-02 -3.286607e-02 6.762235e-02 -2.690227e+01 -2.827581e+01 3.093252e+00 4989 1.964519e-02
824640 -1.545417e-02 -1.746067e-02 6.820581e-02 -2.152447e-02 -2.658796e-02 6.855077e-02 -1.451996e+01 -2.183219e+01 8.251372e-01 2132 1.065273e-02
199947 1.031282e-02 2.521847e-03 1.667406e-01 4.859848e-02 9.822260e-03 2.258478e-01 1.517069e+01 2.892788e+00 2.342123e+01 2237 1.815146e-02
575305 1.826794e-02 -2.199530e-02 7.058332e-02 2.933838e-02 -3.449609e-02 7.350510e-02 1.770700e+01 -1.999483e+01 4.673346e+00 5028 2.340073e-02
575374 5.156340e-04 7.925211e-03 1.758817e-01 -5.860411e-04 4.521821e-02 3.585928e-01 -1.698237e-01 5.748733e+00 2.816500e+01 3460 3.373963e-02
325249 -2.484048e-02 -8.377404e-04 6.812958e-02 -4.304475e-02 -8.070235e-03 6.625934e-02 -3.175435e+01 -1.261590e+01 -3.262328e+00 3447 1.666115e-02
575679 -9.652686e-03 2.757640e-02 7.053123e-02 -1.449365e-02 6.058563e-02 8.026728e-02 -3.306947e+00 2.254919e+01 6.650869e+00 5314 2.144911e-02
105131 2.774541e-02 3.525448e-03 7.075970e-02 4.485333e-02 3.057975e-03 8.814396e-02 2.334894e+01 -6.380077e-01 2.372608e+01 2493 1.147634e-02
325733 -7.691664e-04 -2.522637e-02 6.753636e-02 -3.213326e-03 -3.407643e-02 6.721358e-02 -5.069489e+00 -1.835613e+01 -6.694919e-01 1640 1.005738e-02
326948 2.274467e-02 -3.740158e-03 6.675955e-02 3.455769e-02 -2.541412e-03 6.684901e-02 3.312830e+01 3.361752e+00 2.508562e-01 4600 1.871834e-02
327544 2.350101e-02 -1.119782e-02 6.682616e-02 2.742607e-02 -1.517387e-02 6.704709e-02 2.253212e+01 -2.282484e+01 1.268262e+00 1550 7.932345e-03
952596 1.565974e-02 -1.711240e-02 6.804619e-02 2.496273e-02 -2.656310e-02 7.014347e-02 2.208991e+01 -2.244065e+01 4.979984e+00 1814 1.161193e-02
452916 -1.364804e-02 -2.027337e-02 6.556305e-02 -1.973530e-02 -3.200738e-02 6.310341e-02 -1.128198e+01 -2.174752e+01 -2.805145e+00 3091 1.275422e-02
108243 -7.802160e-03 -1.864549e-02 6.756373e-02 -1.263626e-02 -2.991005e-02 7.020150e-02 -1.131906e+01 -2.637602e+01 6.176342e+00 2232 1.481294e-02
952803 -2.584202e-02 1.323559e-02 7.056777e-02 -3.523151e-02 1.460245e-02 7.594276e-02 -2.397457e+01 3.490050e+00 1.372417e+01 11529 4.605711e-02
828047 2.525523e-02 1.231327e-02 6.867547e-02 2.751681e-02 1.483617e-02 6.899596e-02 1.647283e+01 1.837626e+01 2.334335e+00 2700 1.300125e-02
453565 -1.412153e-02 2.358419e-02 6.658662e-02 -1.747127e-02 3.505934e-02 6.610647e-02 -4.571452e+00 1.566035e+01 -6.552770e-01 1875 1.301069e-02
328546 -7.155891e-03 -2.425959e-02 6.588443e-02 -9.218490e-03 -3.636227e-02 6.534378e-02 -4.724435e+00 -2.772148e+01 -1.238357e+00 1834 1.131324e-02
953922 2.208316e-02 -2.800085e-03 6.586544e-02 3.111287e-02 -3.116328e-03 6.607091e-02 1.970084e+01 -6.899732e-01 4.482794e-01 3391 1.487011e-02
204669 9.633693e-03 -2.552549e-02 7.042048e-02 1.094149e-02 -2.938499e-02 7.147165e-02 7.163759e+00 -2.114137e+01 5.758036e+00 3902 1.527488e-02
111336 -1.154213e-02 -2.355201e-02 6.618628e-02 -4.813962e-02 -7.544549e-02 4.525889e-02 -1.552695e+01 -2.201647e+01 -7.948487e+00 4648 2.329794e-02
954915 -1.950127e-02 -2.206213e-02 6.975563e-02 -8.999653e-02 -1.011156e-01 8.487330e-02 -1.857549e+01 -2.083057e+01 3.983503e+00 2874 1.383099e-02
580333 2.641207e-02 4.169079e-03 6.840336e-02 4.479443e-02 1.330399e-02 7.069635e-02 2.626607e+01 1.305263e+01 3.276403e+00 511 2.987796e-03
830091 1.877045e-02 -1.473683e-02 6.838952e-02 4.074094e-02 -2.281793e-02 7.072771e-02 2.182100e+01 -8.026122e+00 2.322282e+00 5544 2.159474e-02
111674 1.491019e-02 2.027535e-02 6.811298e-02 2.045828e-02 3.199998e-02 6.818591e-02 1.354459e+01 2.862345e+01 1.780337e-01 1677 1.358741e-02
205306 1.854090e-02 -2.346092e-02 7.013458e-02 2.388544e-02 -3.903775e-02 7.460607e-02 7.037793e+00 -2.051187e+01 5.888152e+00 1973 1.182024e-02
955187 2.805273e-02 -7.923308e-03 7.333912e-02 3.028641e-02 -8.979742e-03 7.573158e-02 2.310028e+01 -1.092545e+01 2.474239e+01 3137 1.487863e-02
580641 -1.650120e-02 1.847416e-02 6.539600e-02 -3.077320e-02 3.237362e-02 6.578620e-02 -1.731916e+01 1.686709e+01 4.735131e-01 1729 7.108209e-03
955486 1.568261e-02 -1.619535e-02 6.792330e-02 2.249743e-02 -2.059147e-02 7.120367e-02 1.963061e+01 -1.266334e+01 9.449338e+00 8201 3.129497e-02
112867 -1.942350e-02 -1.309862e-02 6.755144e-02 -2.709826e-02 -1.834087e-02 7.043782e-02 -1.436692e+01 -9.813336e+00 5.403214e+00 4863 1.831678e-02
706041 1.574208e-02 1.889627e-02 6.985015e-02 2.670876e-02 2.629633e-02 8.120273e-02 1.394984e+01 9.413042e+00 1.444073e+01 2260 1.841700e-02
331484 2.716190e-02 -1.151238e-02 6.585694e-02 2.831963e-02 -1.217889e-02 6.412152e-02 2.844890e+01 -1.637820e+01 -4.952543e+00 1066 5.419777e-03
457031 -1.815686e-02 -1.865427e-02 6.781700e-02 -2.127517e-02 -2.360577e-02 6.929063e-02 -8.394981e+00 -1.333025e+01 3.967250e+00 1020 4.890801e-03
956916 2.359092e-02 1.601073e-02 6.985312e-02 3.764855e-02 1.810537e-02 7.861424e-02 1.877891e+01 2.798135e+00 1.170356e+01 2667 1.323775e-02
332138 2.513570e-02 4.789301e-04 6.863653e-02 6.101072e-02 7.904651e-03 6.527710e-02 2.661361e+01 5.508716e+00 -2.492164e+00 1513 1.110617e-02
957277 1.774279e-02 2.117902e-02 7.063050e-02 6.754045e-02 4.864639e-02 8.015649e-02 3.234535e+01 1.784104e+01 6.187470e+00 1652 9.663874e-03
582843 -1.706154e-02 -1.488894e-02 6.750502e-02 -3.655940e-02 -3.065928e-02 7.073800e-02 -3.469294e+01 -2.806049e+01 5.752497e+00 1141 4.700374e-03
115038 -6.839578e-03 -2.587074e-02 6.596486e-02 -6.630778e-03 -3.028851e-02 6.356512e-02 1.584149e+00 -3.351732e+01 -4.931672e+00 1615 9.390352e-03
332642 1.537406e-02 2.361085e-02 6.652287e-02 2.225324e-02 3.352274e-02 6.770129e-02 1.313609e+01 1.892715e+01 2.250248e+00 1870 8.853557e-03
583176 2.817674e-02 7.329360e-04 6.810529e-02 3.371961e-02 -6.223103e-04 6.955119e-02 2.519644e+01 -6.160594e+00 6.572688e+00 2400 9.820362e-03
208116 -1.732927e-02 1.991781e-02 6.685202e-02 -2.758194e-02 2.686582e-02 6.771016e-02 -2.367430e+01 1.604357e+01 1.981523e+00 2507 1.281851e-02
116109 9.552914e-03 -2.502142e-02 6.635541e-02 2.647656e-02 -4.079270e-02 7.032579e-02 2.454624e+01 -2.287484e+01 5.758694e+00 1752 7.970674e-03
333714 9.598273e-03 -2.311440e-02 6.789653e-02 1.637118e-02 -3.728683e-02 6.579798e-02 9.960661e+00 -2.084285e+01 -3.086264e+00 2624 1.232569e-02
116803 1.534384e-02 -2.166011e-02 6.729773e-02 2.038158e-02 -2.602275e-02 6.539512e-02 2.005864e+01 -1.737065e+01 -7.575563e+00 1460 7.293692e-03
708647 -2.544067e-02 6.867377e-04 6.556783e-02 -3.422431e-02 1.718472e-03 6.617801e-02 -2.594057e+01 3.047004e+00 1.802016e+00 982 6.112103e-03
584559 -7.015857e-03 -2.387839e-02 6.763018e-02 -4.426648e-03 -3.269391e-02 6.575053e-02 6.934602e+00 -2.361034e+01 -5.034200e+00 2703 1.303396e-02
709252 -5.572716e-03 -2.664492e-02 6.338354e-02 -6.653997e-03 -3.433530e-02 6.269639e-02 -5.763312e+00 -4.099036e+01 -3.662540e+00 3745 1.741199e-02
460218 1.538793e-02 -1.800624e-02 6.582043e-02 1.818564e-02 -2.830773e-02 6.238969e-02 4.660794e+00 -1.716155e+01 -3.281685e+00 1458 6.641285e-03
709949 -6.657518e-03 -2.358148e-02 6.579884e-02 -7.161063e-03 -2.965310e-02 6.946478e-02 -2.182321e+00 -2.631386e+01 1.588785e+01 4550 1.811233e-02
835545 2.904254e-03 2.493151e-02 6.980132e-02 9.373638e-03 3.812542e-02 7.301640e-02 1.192967e+01 2.432982e+01 5.928685e+00 1534 7.438137e-03
586316 -1.915566e-02 1.895304e-02 6.519712e-02 -3.458953e-02 3.025977e-02 6.779408e-02 -2.567608e+01 1.881009e+01 4.320351e+00 2040 8.645410e-03
710833 8.443429e-03 -2.291919e-02 6.613672e-02 1.154752e-02 -3.125884e-02 6.525083e-02 8.736076e+00 -2.347091e+01 -2.493234e+00 2335 1.100543e-02
120235 2.010119e-02 -8.121256e-03 6.666328e-02 2.700903e-02 -1.444130e-02 6.525392e-02 1.550459e+01 -1.418530e+01 -3.163302e+00 1837 7.561287e-03
211792 3.045103e-03 -2.602851e-02 6.685297e-02 3.418938e-03 -3.444430e-02 6.882349e-02 8.102916e-01 -1.824134e+01 4.271121e+00 1850 1.057277e-02
836992 -2.075200e-02 -1.288643e-02 6.647098e-02 -3.502249e-02 -2.507931e-02 7.014328e-02 -2.500174e+01 -2.136179e+01 6.433835e+00 4094 1.623182e-02
121992 2.849770e-02 -6.880267e-03 6.435021e-02 4.763019e-02 -1.213718e-02 5.936159e-02 3.243415e+01 -8.911728e+00 -8.456916e+00 3771 1.565272e-02
962557 2.864228e-02 9.246053e-04 6.384130e-02 6.126687e-02 1.652518e-04 5.990431e-02 2.555502e+01 -5.948057e-01 -3.083866e+00 2084 9.047960e-03
122322 2.676922e-02 -2.906580e-03 6.996634e-02 5.007813e-02 -2.405582e-03 7.710872e-02 2.750350e+01 5.911558e-01 8.427694e+00 2116 1.078127e-02
338023 -4.018272e-03 -2.361593e-02 6.840078e-02 -2.240578e-03 -3.168910e-02 7.078278e-02 5.373368e+00 -2.440246e+01 7.199960e+00 1339 1.013322e-02
838529 -3.599919e-03 -2.342639e-02 6.712491e-02 -4.411232e-03 -3.232909e-02 6.635837e-02 -3.235651e+00 -3.550545e+01 -3.057068e+00 1633 1.365753e-02
123664 -2.586960e-02 5.166799e-03 6.987966e-02 -3.337343e-02 7.246738e-03 7.074229e-02 -8.423208e+00 2.334775e+00 9.683160e-01 2756 1.663977e-02
123848 1.036825e-02 -2.811750e-02 6.365206e-02 1.440488e-02 -3.652424e-02 5.799529e-02 1.402438e+01 -2.920738e+01 -1.965321e+01 6222 2.641978e-02
123941 1.789622e-02 -1.261514e-02 6.635172e-02 2.751260e-02 -1.684188e-02 6.962048e-02 2.533607e+01 -1.113613e+01 8.612139e+00 2446 1.172257e-02
464453 -2.104613e-02 -1.560208e-02 7.122694e-02 -2.972848e-02 -2.926199e-02 7.857296e-02 -1.523564e+01 -2.397021e+01 1.289068e+01 2276 1.278656e-02
589522 -5.756566e-03 -3.096789e-03 1.600636e-01 -4.682245e-02 -2.831653e-02 2.777547e-01 -8.946510e+00 -5.494308e+00 2.563990e+01 3488 2.460462e-02
465027 2.371384e-02 -4.372383e-03 6.729984e-02 3.515375e-02 -8.386276e-03 6.960692e-02 3.229979e+01 -1.133294e+01 6.513875e+00 1692 6.948874e-03
965221 -7.375553e-03 -2.571150e-02 6.679986e-02 -8.979146e-03 -3.329524e-02 6.535376e-02 -3.594944e+00 -1.700127e+01 -3.241868e+00 1251 5.732003e-03
965500 1.919954e-02 1.783775e-02 7.212585e-02 2.493211e-02 2.115476e-02 7.840084e-02 1.229819e+01 7.116047e+00 1.346187e+01 3642 1.533158e-02
715532 2.305231e-02 3.725153e-03 6.931281e-02 3.392858e-02 3.231449e-03 7.249231e-02 2.000537e+01 -9.081006e-01 5.848232e+00 1855 1.110274e-02
965892 -2.293900e-02 5.201624e-03 6.892380e-02 -3.897715e-02 1.266212e-02 7.501606e-02 -2.137055e+01 9.940985e+00 8.117822e+00 2577 1.083618e-02
466485 1.768935e-02 1.350051e-02 6.834719e-02 2.743281e-02 1.641632e-02 6.908868e-02 2.153214e+01 6.443661e+00 1.638619e+00 2235 1.027434e-02
715908 7.669647e-03 -2.497175e-02 6.693582e-02 1.162012e-02 -3.839444e-02 6.602514e-02 9.677408e+00 -3.288132e+01 -2.230879e+00 1512 6.456168e-03
716036 -2.696355e-03 2.689198e-02 6.837119e-02 1.339956e-03 4.237246e-02 7.065145e-02 4.569446e+00 1.752523e+01 2.581445e+00 4205 1.735925e-02
966439 -1.584532e-02 -2.146687e-02 6.802671e-02 -1.747296e-02 -2.599356e-02 6.944550e-02 -7.906038e+00 -2.198772e+01 6.891558e+00 3754 1.633713e-02
841818 1.583275e-02 1.720649e-02 6.734365e-02 2.048311e-02 2.639768e-02 6.598016e-02 1.850897e+01 3.658196e+01 -5.426859e+00 1664 7.669835e-03
467061 -1.088052e-02 2.031708e-02 6.952320e-02 -2.082952e-02 2.476266e-02 7.187986e-02 -2.437865e+01 1.089329e+01 5.774672e+00 3835 1.697337e-02
592244 -1.089593e-02 -2.657791e-02 6.428684e-02 -1.678322e-02 -4.712527e-02 5.980408e-02 -9.208742e+00 -3.213968e+01 -7.011835e+00 2123 9.846945e-03
217145 -2.856675e-03 -2.848067e-02 7.013764e-02 -1.522028e-03 -3.229354e-02 7.054932e-02 9.378395e+00 -2.679259e+01 2.892828e+00 4074 1.735473e-02
217284 1.990397e-02 1.380491e-02 6.842765e-02 2.484671e-02 1.714385e-02 6.848920e-02 7.992596e+00 5.399178e+00 9.954048e-02 3429 1.918656e-02
217669 1.538148e-02 -1.672598e-02 6.779390e-02 2.214242e-02 -2.139978e-02 6.676803e-02 2.141316e+01 -1.480279e+01 -3.249119e+00 5654 2.743415e-02
217673 -5.378232e-03 2.600699e-02 6.797951e-02 -1.239146e-02 4.260490e-02 6.538635e-02 -1.244393e+01 2.945050e+01 -4.601179e+00 1126 5.697899e-03
842634 -2.739100e-02 1.123989e-02 6.862708e-02 -4.728022e-02 1.249921e-02 5.583128e-02 -2.380982e+01 1.507562e+00 -6.849504e+00 1441 9.245608e-03
842872 2.314529e-02 -1.571603e-02 6.472724e-02 2.775552e-02 -1.863987e-02 6.464429e-02 1.930700e+01 -1.224462e+01 -3.473961e-01 5436 2.274217e-02
342892 9.029366e-03 2.665260e-02 6.797185e-02 1.150772e-02 4.276244e-02 7.239932e-02 3.472021e+00 2.256893e+01 6.202629e+00 2478 1.145179e-02
593372 2.311640e-02 8.581470e-03 6.542196e-02 2.786969e-02 1.156291e-02 6.517007e-02 2.668557e+01 1.673815e+01 -1.414167e+00 1500 9.570946e-03
717694 2.101284e-02 1.409721e-02 6.850210e-02 4.897314e-02 1.991255e-02 8.332646e-02 2.605243e+01 5.418527e+00 1.381282e+01 4006 1.683748e-02
968325 -1.520369e-02 2.056369e-02 6.609610e-02 -2.875496e-02 3.361582e-02 6.640254e-02 -2.399515e+01 2.311132e+01 5.426212e-01 1718 1.132551e-02
718440 2.474588e-02 1.015968e-02 6.930216e-02 6.080295e-02 4.668607e-02 7.919359e-02 1.729171e+01 1.751678e+01 4.743585e+00 2497 1.294923e-02
594246 2.402706e-02 4.323202e-03 6.788435e-02 3.385868e-02 9.293703e-03 6.696852e-02 2.893766e+01 1.462980e+01 -2.695597e+00 1712 7.261784e-03
844290 1.085905e-02 2.777511e-02 6.600969e-02 1.091618e-02 2.843016e-02 6.600791e-02 1.804784e+00 2.069216e+01 -5.622985e-02 4711 2.020134e-02
594876 2.019797e-02 2.107625e-02 6.761605e-02 6.188408e-02 3.958532e-02 6.988145e-02 2.548171e+01 1.131415e+01 1.384789e+00 3006 1.451587e-02
844614 -2.778156e-02 -3.443046e-03 6.717776e-02 -2.982918e-02 -4.149660e-03 6.751343e-02 -1.757028e+01 -6.063328e+00 2.880364e+00 3432 2.306840e-02
969726 -2.359167e-02 -1.616083e-02 6.822923e-02 -3.627186e-02 -2.693117e-02 6.880833e-02 -2.378817e+01 -2.020528e+01 1.086412e+00 3222 1.486728e-02
719882 2.331472e-02 -5.405848e-03 6.794149e-02 3.343462e-02 -9.943044e-03 6.896996e-02 2.253910e+01 -1.010527e+01 2.290625e+00 2059 8.570494e-03
970146 1.338571e-02 1.542386e-02 6.759033e-02 2.057838e-02 2.580070e-02 6.767133e-02 1.418737e+01 2.046805e+01 1.597666e-01 3119 1.383516e-02
845372 2.746336e-02 1.220964e-03 6.621085e-02 9.747337e-02 1.576823e-02 2.683385e-02 2.573665e+01 5.347778e+00 -1.365145e+01 1261 5.736421e-03
845439 -1.950606e-03 -2.321745e-02 6.638213e-02 -4.030642e-03 -3.045088e-02 6.678199e-02 -8.290248e+00 -2.882972e+01 1.593694e+00 5694 2.363046e-02
345469 -2.836298e-02 3.324738e-03 6.680434e-02 -3.153162e-02 4.327227e-03 6.612673e-02 -2.217998e+01 7.017270e+00 -4.743217e+00 2206 1.157504e-02
596269 -2.515029e-02 7.225728e-03 6.562934e-02 -3.065449e-02 8.782755e-03 6.530139e-02 -3.224427e+01 9.121248e+00 -1.921198e+00 2409 1.203783e-02
471425 6.581026e-03 2.152140e-02 6.716228e-02 9.171823e-03 2.925854e-02 6.591365e-02 7.538445e+00 2.251276e+01 -3.633136e+00 1529 6.334046e-03
346606 -2.486248e-02 -5.846720e-03 6.790454e-02 -3.125713e-02 -7.991478e-03 6.545587e-02 -2.009701e+01 -6.740512e+00 -7.695631e+00 1874 9.612040e-03
222671 1.060747e-02 2.533181e-02 6.757360e-02 1.934616e-02 3.377761e-02 6.737963e-02 1.979303e+01 1.912963e+01 -4.393371e-01 2882 1.325286e-02
722413 -2.690380e-02 4.029427e-03 6.438266e-02 -3.361098e-02 4.458508e-03 6.264289e-02 -2.937628e+01 1.879299e+00 -7.619878e+00 2000 1.026571e-02
973036 1.013652e-02 2.505861e-02 6.620953e-02 1.851047e-02 4.227973e-02 7.308416e-02 7.545173e+00 1.551672e+01 6.194236e+00 1391 1.054842e-02
723173 -7.893537e-03 -2.887836e-02 6.600354e-02 -1.018664e-02 -3.723657e-02 6.609732e-02 -8.373709e+00 -3.052162e+01 3.424778e-01 1131 7.115460e-03
223941 -2.468661e-02 6.520107e-03 6.683584e-02 -3.958791e-02 7.139967e-03 6.861178e-02 -2.124894e+01 8.839079e-01 2.532443e+00 4912 2.221860e-02
474204 1.013138e-02 -2.181307e-02 6.877959e-02 1.540847e-02 -3.816723e-02 6.759438e-02 5.634864e+00 -1.746292e+01 -1.265570e+00 4217 1.985417e-02
224074 -1.401827e-04 2.939182e-02 6.705542e-02 -3.704900e-03 5.825066e-02 6.918853e-02 -3.226356e+00 2.611957e+01 1.930632e+00 1718 8.957348e-03
973986 2.783380e-02 6.868687e-03 6.553543e-02 3.920735e-02 1.330633e-02 6.552393e-02 2.372026e+01 1.342612e+01 -2.398721e-02 1611 9.941225e-03
849300 -1.829066e-02 1.383945e-02 6.617376e-02 -3.160498e-02 2.008459e-02 6.599774e-02 -3.150280e+01 1.477651e+01 -4.164732e-01 3068 1.232279e-02
849396 -1.610750e-02 1.848255e-02 6.624028e-02 -1.880815e-02 2.365274e-02 6.561445e-02 -1.242339e+01 2.378360e+01 -2.878929e+00 2050 1.046352e-02
351226 1.694610e-02 -2.118733e-02 6.676523e-02 2.331714e-02 -2.622915e-02 6.688726e-02 2.568809e+01 -2.032868e+01 4.920126e-01 842 5.524180e-03
976200 9.995699e-03 -2.816659e-02 6.746477e-02 1.244342e-02 -3.605918e-02 6.887650e-02 9.063622e+00 -2.922525e+01 5.227433e+00 1576 7.886929e-03
477397 -2.482110e-02 1.330906e-02 6.644294e-02 -2.692561e-02 1.405680e-02 6.591701e-02 -2.669734e+01 9.485675e+00 -6.671909e+00 3005 1.176129e-02
477424 6.226064e-04 -2.568460e-02 6.511041e-02 4.595888e-03 -3.356247e-02 5.928711e-02 6.665519e+00 -1.321581e+01 -9.700610e+00 734 4.048909e-03
977297 8.193640e-03 -2.871288e-02 6.987032e-02 1.779550e-02 -7.713772e-02 8.267773e-02 6.760703e+00 -3.409610e+01 9.017742e+00 2827 1.229642e-02
603171 2.625380e-02 4.464743e-03 6.805689e-02 3.412053e-02 6.623462e-03 7.001953e-02 2.765689e+01 7.589358e+00 6.900004e+00 1716 9.367691e-03
728226 9.179443e-03 2.539639e-02 6.778064e-02 1.042836e-02 3.042786e-02 6.855240e-02 8.045503e+00 3.241272e+01 4.971698e+00 2050 9.310321e-03
478964 4.900415e-03 -2.747722e-02 6.763711e-02 6.864122e-03 -3.253936e-02 6.772165e-02 9.334889e+00 -2.406396e+01 4.018653e-01 1168 5.570640e-03
728348 1.462216e-02 2.004638e-02 6.560223e-02 2.128558e-02 3.050177e-02 6.522733e-02 2.425143e+01 3.805230e+01 -1.364440e+00 1362 6.629645e-03
604433 2.487097e-02 3.035700e-03 6.574911e-02 3.567253e-02 8.278831e-03 6.556849e-02 2.375090e+01 1.152881e+01 -3.971603e-01 1384 6.616469e-03
729312 -1.822231e-02 1.859074e-02 6.932023e-02 -2.529196e-02 2.588547e-02 7.008147e-02 -2.040397e+01 2.105359e+01 2.197027e+00 2534 1.403556e-02
979685 -5.543431e-03 -2.777265e-02 6.903370e-02 -3.603127e-03 -5.037808e-02 7.201195e-02 1.755447e+00 -2.045177e+01 2.694505e+00 3629 1.552443e-02
605480 -2.218025e-02 1.133470e-02 6.623875e-02 -3.106423e-02 1.564113e-02 6.509917e-02 -2.818650e+01 1.366318e+01 -3.615597e+00 8420 3.159647e-02
605759 -2.310312e-02 -9.734372e-03 6.684078e-02 -3.156342e-02 -1.080225e-02 6.647085e-02 -2.343055e+01 -2.957459e+00 -1.024509e+00 2959 1.183790e-02
480981 2.440086e-02 -4.357925e-03 6.723231e-02 3.729059e-02 -1.009774e-02 7.092402e-02 1.878696e+01 -8.365863e+00 5.380716e+00 1772 9.654938e-03
606214 1.696915e-02 -2.361866e-02 6.840732e-02 2.533317e-02 -3.755961e-02 7.165490e-02 1.384083e+01 -2.306958e+01 5.374118e+00 5245 2.385131e-02
481185 1.980738e-02 -6.543698e-03 6.832396e-02 3.213679e-02 -8.872889e-03 6.810854e-02 2.641167e+01 -4.989518e+00 -4.614756e-01 2057 1.179618e-02
481401 1.205510e-02 -1.937661e-02 6.791552e-02 1.290184e-02 -2.779288e-02 6.965118e-02 3.197839e+00 -3.178509e+01 6.554950e+00 1996 7.997305e-03
481405 6.364444e-03 2.305894e-02 6.543769e-02 2.620206e-03 4.364418e-02 7.472555e-02 -3.378776e+00 1.857598e+01 8.381298e+00 5973 2.578865e-02
356316 -5.949793e-03 2.692011e-02 6.733208e-02 -8.862668e-03 3.108352e-02 6.651495e-02 -1.087468e+01 1.554333e+01 -3.050611e+00 2905 1.683236e-02
481597 1.334393e-02 -2.123304e-02 6.617037e-02 2.424800e-02 -2.698576e-02 6.740736e-02 3.724251e+01 -1.964824e+01 4.224921e+00 1085 7.351777e-03
231547 2.441943e-02 1.460591e-03 6.924589e-02 3.108471e-02 1.710881e-03 7.149993e-02 1.946533e+01 7.309466e-01 6.582710e+00 3389 1.333181e-02
857125 9.762320e-03 -2.469727e-02 6.831381e-02 1.236162e-02 -3.345919e-02 6.695607e-02 8.935017e+00 -3.011889e+01 -4.667176e+00 1337 9.606788e-03
232327 -9.020454e-03 2.297538e-02 7.107035e-02 -1.096206e-02 3.124780e-02 8.057280e-02 -4.674077e+00 1.991444e+01 2.287555e+01 3075 1.418155e-02
482575 9.237085e-03 2.579050e-02 6.972037e-02 1.575581e-02 3.596807e-02 7.208583e-02 1.100575e+01 1.718308e+01 3.993664e+00 2121 9.097624e-03
982211 -1.559726e-02 1.803265e-02 6.624822e-02 -2.491134e-02 2.439626e-02 6.908802e-02 -2.542181e+01 1.736880e+01 7.750957e+00 1599 1.019263e-02
857882 -2.656518e-02 1.368609e-02 7.001272e-02 -3.036805e-02 1.576566e-02 7.010652e-02 -1.900537e+01 1.039296e+01 4.688018e-01 1261 7.087242e-03
983204 1.453413e-02 -2.475769e-02 6.541569e-02 4.991841e-02 -5.426438e-02 6.762892e-02 2.378750e+01 -1.983623e+01 1.487867e+00 4290 2.122525e-02
858465 -9.379773e-03 2.178060e-02 6.728145e-02 -1.073690e-02 2.825322e-02 6.611270e-02 -3.913121e+00 1.866306e+01 -3.369972e+00 4512 1.834360e-02
858514 1.311518e-02 2.201219e-02 6.752559e-02 1.818571e-02 2.807242e-02 6.816544e-02 2.159116e+01 2.580550e+01 2.724597e+00 5044 1.981902e-02
733717 2.015480e-02 1.224280e-02 6.716780e-02 3.251614e-02 1.791632e-02 6.761087e-02 2.579283e+01 1.183821e+01 9.244979e-01 3289 1.315021e-02
734234 -1.997500e-02 -1.850756e-02 7.516293e-02 -5.696865e-02 -3.177011e-02 1.094910e-01 -2.591543e+01 -9.290910e+00 2.404807e+01 1725 9.674557e-03
735744 -9.207620e-03 4.911888e-03 1.566160e-01 -5.110497e-02 2.626038e-02 2.025850e-01 -1.478180e+01 7.531957e+00 1.621832e+01 1699 2.007805e-02
487152 -2.376083e-02 1.625978e-03 6.841257e-02 -3.199016e-02 3.177622e-03 6.996603e-02 -1.663589e+01 3.136708e+00 3.140385e+00 3204 1.280289e-02
861966 -1.955422e-02 1.593102e-02 6.724147e-02 -3.234220e-02 2.801096e-02 6.862735e-02 -1.426781e+01 1.347784e+01 1.546251e+00 1859 9.427782e-03
237171 -1.466534e-02 -2.461879e-02 6.580182e-02 -1.315391e-02 -3.581866e-02 6.826371e-02 3.508606e+00 -2.599928e+01 5.715027e+00 2004 8.854203e-03
237774 -6.501421e-03 -2.194332e-02 6.885810e-02 -1.408998e-02 -2.881172e-02 6.683908e-02 -1.295601e+01 -1.172648e+01 -3.447093e+00 2152 9.987983e-03
613142 2.068788e-02 -9.783956e-03 6.676216e-02 2.964418e-02 -1.762630e-02 6.546559e-02 1.746136e+01 -1.528957e+01 -2.527807e+00 2029 1.220200e-02
613487 -1.524933e-02 -1.857662e-02 6.830114e-02 -2.437309e-02 -2.573830e-02 5.470093e-02 -2.031074e+01 -1.594288e+01 -1.597907e+01 2580 1.470059e-02
488500 1.990343e-02 1.789584e-02 6.825643e-02 4.549379e-02 5.644688e-02 8.850199e-02 2.495265e+01 3.759034e+01 1.974104e+01 2213 9.074057e-03
988119 -2.348321e-02 4.852687e-03 6.759902e-02 -3.459568e-02 5.986983e-03 6.651360e-02 -3.300853e+01 3.369319e+00 -3.224143e+00 2419 9.428041e-03
239432 2.383615e-02 1.500398e-02 6.669966e-02 4.359893e-02 3.466232e-02 6.671452e-02 3.139447e+01 3.122857e+01 2.360574e-02 1585 7.103245e-03
239621 -1.672037e-03 -2.615457e-02 6.723789e-02 -2.528534e-04 -3.143912e-02 6.874663e-02 5.714238e+00 -2.127786e+01 6.074858e+00 2311 1.138724e-02
365091 2.642207e-02 1.078872e-02 6.682718e-02 6.184832e-02 2.519599e-02 6.943540e-02 2.513617e+01 1.022246e+01 1.850623e+00 1019 5.162727e-03
365101 2.663770e-02 1.117434e-02 7.048384e-02 8.989846e-02 4.056372e-02 1.081608e-01 2.709654e+01 1.258838e+01 1.613821e+01 2410 1.021173e-02
865828 -6.038705e-03 2.305410e-02 6.557680e-02 -7.279625e-03 3.016191e-02 6.364453e-02 -5.252660e+00 3.008647e+01 -4.057947e+00 1086 4.529504e-03
241010 2.036643e-02 -1.013613e-02 6.894256e-02 3.297865e-02 -1.145200e-02 6.986396e-02 3.458687e+01 -3.608539e+00 2.526780e+00 3899 1.642123e-02
616637 -2.125571e-02 -1.416234e-02 6.871023e-02 -3.013961e-02 -2.123208e-02 6.952575e-02 -1.664787e+01 -1.324826e+01 1.528223e+00 1947 8.035243e-03
741291 -1.299770e-02 -2.242837e-02 6.911697e-02 -1.649746e-02 -3.136510e-02 7.071187e-02 -8.651362e+00 -2.209145e+01 3.942555e+00 2184 1.433752e-02
991709 -1.084128e-02 -9.140237e-03 1.975353e-01 -1.286940e-01 -1.424462e-01 6.912726e-01 -4.732551e+00 -5.353103e+00 1.982676e+01 3722 3.258123e-02
242462 -8.072974e-03 -2.371522e-02 6.864365e-02 -1.052754e-02 -2.840677e-02 7.019269e-02 -9.916324e+00 -1.895364e+01 6.258031e+00 4419 1.878420e-02
742963 -2.142573e-02 -1.084245e-02 6.674020e-02 -5.463816e-02 -2.005343e-02 6.963219e-02 -2.870836e+01 -7.961843e+00 2.499789e+00 1390 7.307834e-03
868549 2.529813e-02 1.053907e-02 6.517427e-02 3.118559e-02 1.129585e-02 6.273236e-02 3.382353e+01 4.347714e+00 -1.306054e+01 3204 1.265135e-02
619015 -3.900107e-03 -2.493801e-02 6.533555e-02 -9.661026e-03 -4.467480e-02 6.597227e-02 -1.011596e+01 -3.465707e+01 1.118053e+00 1614 1.239162e-02
493908 2.081885e-02 -8.066075e-03 6.773480e-02 3.387641e-02 -1.149442e-02 6.600436e-02 2.622702e+01 -6.886070e+00 -3.475716e+00 3187 1.313181e-02
744549 -2.498661e-02 -9.487816e-04 6.697733e-02 -3.478613e-02 3.426842e-03 6.896046e-02 -2.596851e+01 1.159529e+01 5.255233e+00 2060 1.045765e-02
620333 -6.706855e-03 -2.482277e-02 6.634684e-02 -9.108127e-03 -3.026923e-02 6.764095e-02 -9.024511e+00 -2.046900e+01 4.863557e+00 1129 5.466264e-03
369983 -6.972632e-03 2.705585e-02 6.928074e-02 -7.523786e-03 2.956330e-02 6.937352e-02 -6.411390e+00 2.916832e+01 1.079370e+00 4874 1.960194e-02
495741 -1.123581e-02 2.263597e-02 6.835976e-02 -1.539153e-02 3.488902e-02 6.756434e-02 -7.839794e+00 2.311546e+01 -1.500575e+00 1233 5.846298e-03
370781 2.821478e-03 -2.088569e-02 6.650288e-02 4.878065e-03 -3.555617e-02 6.517675e-02 5.399246e+00 -3.851505e+01 -3.481550e+00 1941 1.046316e-02
496048 2.305119e-02 8.829939e-03 7.032172e-02 3.022091e-02 8.323637e-03 7.308845e-02 2.633412e+01 -1.859630e+00 1.016207e+01 1133 6.771208e-03
871045 1.218254e-02 2.421821e-02 6.952508e-02 2.080708e-02 3.605859e-02 7.634274e-02 2.394875e+01 3.287854e+01 1.893136e+01 6308 2.445802e-02
622716 -2.371646e-02 -3.080017e-03 6.634456e-02 -3.189988e-02 -2.590562e-03 6.875232e-02 -2.058807e+01 1.231386e+00 6.057506e+00 867 5.089745e-03
747293 2.190236e-02 -8.857167e-03 6.906883e-02 2.946514e-02 -9.677454e-03 7.533513e-02 1.751805e+01 -1.900073e+00 1.451496e+01 857 6.600899e-03
623087 -2.543695e-02 4.580426e-03 7.106901e-02 -5.229210e-02 9.391474e-03 8.579113e-02 -2.720870e+01 4.874387e+00 1.491594e+01 1571 6.342267e-03
872858 -2.034654e-02 -1.843453e-02 6.563755e-02 -2.638516e-02 -2.392299e-02 6.388914e-02 -1.643015e+01 -1.493325e+01 -1.777553e+00 5442 2.239257e-02
997626 -2.339794e-02 -1.314168e-02 6.688405e-02 -3.277843e-02 -1.889183e-02 6.660488e-02 -2.711156e+01 -1.661912e+01 -8.068648e-01 1841 9.516415e-03
873451 -4.032392e-03 1.874081e-02 1.653996e-01 1.297621e-02 5.237443e-01 6.381366e-01 5.097858e-01 1.513608e+01 1.416898e+01 2609 1.789716e-02
748645 1.158675e-02 -2.333686e-02 6.982370e-02 2.740858e-02 -6.184509e-02 8.131429e-02 1.232905e+01 -3.000728e+01 8.953970e+00 1208 6.196331e-03
748810 1.522438e-02 2.071648e-02 6.727684e-02 2.080341e-02 6.616103e-02 7.136121e-02 6.204455e+00 5.053900e+01 4.542241e+00 6239 2.826369e-02
874399 -1.124987e-02 -2.338656e-02 6.810846e-02 -1.283532e-02 -2.833038e-02 6.918028e-02 -5.504143e+00 -1.716319e+01 3.720976e+00 3590 1.506042e-02
374600 -2.194736e-02 9.567500e-03 6.850699e-02 -3.006735e-02 1.336385e-02 6.845434e-02 -2.033873e+01 9.508996e+00 -1.318746e-01 2307 9.541702e-03
999372 -2.021159e-02 1.339721e-03 6.748538e-02 -3.007903e-02 3.759331e-03 7.509405e-02 -2.622285e+01 6.430150e+00 2.022016e+01 8050 2.981683e-02
