/n/home03/calmiller/DSMC_Simulations/5_29_20_cold_guided/flow_4.00000_gap_0.00400_len_0.08000_T1_2.00000_T2_0.50000/data
running....
idx x y z xnext ynext znext vx vy vz collides time
649 -2.057095e-02 -1.943755e-02 6.829531e-02 -4.089722e-02 -4.997855e-02 7.024539e-02 -1.801988e+01 -2.707556e+01 1.728809e+00 1018 4.519908e-03
375579 2.864005e-03 2.662342e-02 6.500202e-02 1.711699e-02 5.407121e-02 4.849518e-02 6.140498e+00 1.182511e+01 -7.111509e+00 1039 4.751985e-03
626110 2.462142e-02 1.357836e-02 6.616935e-02 6.037667e-02 3.058030e-02 7.174091e-02 2.927702e+01 1.392148e+01 4.562087e+00 2479 1.330826e-02
626298 1.477063e-02 -2.538538e-02 6.752649e-02 1.328994e-02 -7.304784e-02 7.217167e-02 -1.095117e+00 -3.525092e+01 3.435548e+00 3237 1.376961e-02
2883 1.633457e-02 -2.420135e-02 6.975840e-02 2.630793e-02 -3.420342e-02 7.612215e-02 1.424719e+01 -1.428820e+01 9.090764e+00 1401 8.373463e-03
252642 -2.360059e-02 1.350807e-02 6.739542e-02 -3.472201e-02 1.582830e-02 6.849468e-02 -1.908888e+01 3.982462e+00 1.886784e+00 3916 1.947077e-02
127724 8.100380e-03 -2.409585e-02 6.807122e-02 1.820774e-02 -5.384008e-02 6.979229e-02 1.249442e+01 -3.676894e+01 2.127536e+00 2026 8.403318e-03
4520 2.109886e-02 1.192499e-02 6.797971e-02 3.402027e-02 2.477444e-02 6.680355e-02 2.527912e+01 2.513833e+01 -2.301024e+00 2112 8.689394e-03
5667 -1.448176e-02 2.217836e-02 6.594091e-02 -2.401992e-02 3.224527e-02 6.520184e-02 -1.399901e+01 1.477506e+01 -1.084717e+00 1941 9.953034e-03
629468 -1.348854e-02 1.932789e-02 6.564556e-02 -2.192233e-02 3.560480e-02 6.566968e-02 -1.528205e+01 2.949378e+01 4.370245e-02 1589 9.625225e-03
754911 8.564409e-03 1.256692e-02 1.955434e-01 3.287010e-02 4.093212e-02 3.411508e-01 3.390391e+00 3.956651e+00 2.031072e+01 2537 2.712208e-02
7260 -7.419199e-03 2.717481e-02 7.092834e-02 -7.659290e-03 2.922267e-02 7.229628e-02 -2.430439e+00 2.073051e+01 1.384761e+01 1620 8.314921e-03
630914 2.582761e-03 2.417626e-02 6.943913e-02 7.615228e-04 5.686686e-02 8.574479e-02 -1.472146e+00 2.642452e+01 1.318021e+01 1562 9.524428e-03
131004 -1.280816e-02 -2.352164e-02 6.851154e-02 -3.927940e-02 -4.462858e-02 6.975652e-02 -2.152863e+01 -1.716594e+01 1.012520e+00 4178 1.790716e-02
256176 -1.641867e-02 -1.889413e-02 6.651662e-02 -2.685343e-02 -3.112820e-02 6.536903e-02 -1.814546e+01 -2.127435e+01 -1.995589e+00 2052 1.001496e-02
506366 1.791759e-03 2.425909e-02 6.703573e-02 4.930397e-03 3.324746e-02 6.877859e-02 8.006329e+00 2.292837e+01 4.445868e+00 3151 1.360696e-02
506400 6.077212e-03 -2.491564e-02 6.827032e-02 1.674023e-02 -5.703342e-02 6.952884e-02 1.438364e+01 -4.332458e+01 1.697662e+00 1064 4.612484e-03
506723 2.268735e-02 -1.662104e-02 6.739825e-02 4.779374e-02 -2.007088e-02 6.828970e-02 2.473295e+01 -3.398521e+00 8.781970e-01 4474 1.919958e-02
631794 -1.478003e-02 2.150478e-02 6.617663e-02 -2.176350e-02 2.628805e-02 6.702012e-02 -3.260028e+01 2.232934e+01 3.937609e+00 2082 9.985422e-03
131783 -1.393510e-02 2.096239e-02 6.751152e-02 -1.703394e-02 2.631020e-02 6.756659e-02 -1.127234e+01 1.945317e+01 2.003091e-01 2770 1.711962e-02
882136 8.674125e-03 2.448386e-02 6.521249e-02 1.135806e-02 3.157294e-02 6.429281e-02 1.116837e+01 2.949897e+01 -2.807551e+00 3072 1.225455e-02
632730 -1.653810e-02 1.939650e-02 6.602256e-02 -2.504616e-02 2.626866e-02 6.619064e-02 -1.620101e+01 1.308593e+01 3.200526e-01 856 4.416393e-03
882918 7.798713e-04 -2.332790e-02 6.854366e-02 2.846413e-03 -3.868280e-02 7.135020e-02 3.582694e+00 -2.662028e+01 4.865594e+00 903 4.203252e-03
133207 -4.090500e-03 -2.583336e-02 7.021331e-02 -4.832175e-03 -3.690920e-02 7.256581e-02 -8.718814e-01 -1.302028e+01 2.765488e+00 1292 7.099369e-03
633608 2.060746e-03 2.597804e-02 6.683794e-02 2.966878e-03 3.834026e-02 7.041009e-02 1.437443e+00 1.961082e+01 5.666690e+00 1038 5.328617e-03
633996 1.622497e-02 2.021151e-02 6.689314e-02 1.967258e-02 2.647443e-02 6.566607e-02 1.634643e+01 2.969484e+01 -5.817996e+00 1743 7.504005e-03
759231 -9.558333e-03 -2.072200e-02 6.588336e-02 -1.955500e-02 -3.332858e-02 6.514997e-02 -2.389040e+01 -3.012767e+01 -1.752685e+00 4991 1.884578e-02
759617 1.886590e-02 -1.450128e-02 6.823104e-02 2.515006e-02 -1.918975e-02 6.952666e-02 1.541812e+01 -1.150309e+01 3.178784e+00 1564 8.639730e-03
635061 -1.306466e-02 -2.228816e-02 6.714915e-02 -1.667853e-02 -3.144321e-02 6.854187e-02 -1.258534e+01 -3.188251e+01 4.850158e+00 3554 1.334469e-02
135071 2.862997e-02 1.557856e-03 6.788550e-02 1.612980e-01 -1.375719e-02 9.135846e-02 2.548137e+01 -2.941541e+00 4.508420e+00 2993 1.295510e-02
760216 2.183794e-02 -1.516004e-02 6.685305e-02 4.096570e-02 -3.450544e-02 6.743981e-02 1.771184e+01 -1.791336e+01 5.433266e-01 2832 1.194388e-02
135511 1.821097e-02 8.976152e-03 6.538196e-02 3.313222e-02 1.236303e-02 6.638879e-02 2.982018e+01 6.768682e+00 2.012159e+00 2497 1.133753e-02
135566 3.277802e-03 -2.784732e-02 6.644662e-02 1.742228e-02 -1.005154e-01 1.050459e-01 6.407889e+00 -3.292090e+01 1.748668e+01 1812 9.350432e-03
260733 6.960649e-03 -2.257088e-02 6.742487e-02 1.059099e-02 -3.166976e-02 6.848308e-02 1.188570e+01 -2.978968e+01 3.464555e+00 1614 7.116134e-03
15927 1.639377e-02 2.142565e-02 6.974525e-02 2.093051e-02 3.340032e-02 7.255073e-02 1.288004e+01 3.399668e+01 7.964880e+00 3159 1.294690e-02
387218 1.003697e-02 -2.457926e-02 6.791951e-02 1.664410e-02 -6.619385e-02 7.931021e-02 4.834634e+00 -3.045065e+01 8.334918e+00 3722 2.136125e-02
137278 8.870486e-03 2.133408e-02 6.674516e-02 1.605480e-02 3.135306e-02 6.706498e-02 1.653448e+01 2.305839e+01 7.360462e-01 6064 2.339427e-02
762858 -2.136537e-02 -1.481097e-02 6.810082e-02 -2.436056e-02 -1.979680e-02 6.765675e-02 -1.332795e+01 -2.218590e+01 -1.976030e+00 1246 6.676194e-03
17905 -1.259494e-02 -2.700148e-02 6.812894e-02 -2.317691e-02 -6.357608e-02 5.550130e-02 -7.246655e+00 -2.504670e+01 -4.485344e+00 628 3.350406e-03
388078 -3.513096e-03 2.965560e-02 6.871583e-02 -1.881505e-02 1.173261e-01 7.954915e-02 -4.593085e+00 2.631545e+01 3.251763e+00 1268 8.292893e-03
638045 -8.359682e-03 2.331388e-02 6.874084e-02 -1.154137e-02 3.294283e-02 7.003681e-02 -1.106025e+01 3.347237e+01 4.505098e+00 2948 1.279228e-02
18063 -2.369464e-02 6.302471e-03 6.588845e-02 -2.995518e-02 7.056079e-03 6.523494e-02 -2.941943e+01 3.541342e+00 -3.070946e+00 1311 6.183339e-03
888295 -2.636892e-02 -7.645971e-03 6.532908e-02 -3.188456e-02 -8.161051e-03 6.460863e-02 -3.341625e+01 -3.120593e+00 -1.467929e+00 2260 9.203584e-03
388722 -2.809245e-02 1.047186e-02 6.741471e-02 -8.584913e-02 3.626863e-02 7.239203e-02 -2.415476e+01 1.078862e+01 2.081594e+00 5468 2.780293e-02
19183 -1.524155e-03 2.712718e-02 6.878731e-02 -5.034369e-03 3.438527e-02 7.092516e-02 -1.123961e+01 2.324022e+01 6.845347e+00 1539 1.016206e-02
889828 -9.799952e-03 1.933604e-02 6.652205e-02 -1.625779e-02 3.403348e-02 6.946255e-02 -2.312204e+01 5.262363e+01 1.052839e+01 1764 6.900225e-03
514848 1.266472e-02 -2.645344e-02 6.346723e-02 2.783529e-02 -5.798489e-02 5.293115e-02 1.551139e+01 -3.223985e+01 -1.077279e+01 3389 1.693385e-02
639965 2.235748e-02 -2.292185e-03 6.581545e-02 3.030522e-02 -3.276403e-03 6.741776e-02 2.369557e+01 -2.934370e+00 4.777176e+00 1272 6.595362e-03
20733 1.793914e-02 2.217876e-02 6.727718e-02 1.945963e-02 2.429482e-02 6.708624e-02 1.879844e+01 2.616174e+01 -2.360710e+00 2541 1.247876e-02
515054 -8.621102e-03 -2.410567e-02 6.763395e-02 -1.115086e-02 -3.215300e-02 6.728474e-02 -8.726714e+00 -2.776030e+01 -1.204617e+00 1373 7.378111e-03
765093 2.003361e-02 -1.892148e-02 6.447458e-02 7.124185e-02 -7.097565e-02 5.755454e-02 1.667776e+01 -1.695327e+01 -2.253754e+00 2321 1.046822e-02
515598 1.729670e-03 -2.350533e-02 6.720004e-02 -1.763295e-03 -3.384107e-02 6.637171e-02 -6.446078e+00 -1.907405e+01 -1.528639e+00 1012 6.310811e-03
640795 -2.939815e-02 -4.493786e-03 6.675382e-02 -3.790189e-02 -4.847798e-03 6.754050e-02 -3.362660e+01 -1.399882e+00 3.110807e+00 972 6.656760e-03
891746 -2.007298e-02 -1.198275e-02 6.688775e-02 -2.490452e-02 -1.827748e-02 6.678451e-02 -1.602488e+01 -2.087785e+01 -3.424268e-01 3333 1.431987e-02
516897 -2.128243e-02 9.843729e-03 6.717970e-02 -4.698143e-02 5.911700e-03 6.932743e-02 -2.675410e+01 -4.093464e+00 2.235910e+00 2458 1.000480e-02
266921 8.554706e-03 -2.367384e-02 6.792218e-02 1.006764e-02 -3.245418e-02 7.143512e-02 4.176344e+00 -2.423756e+01 9.697245e+00 1160 7.103575e-03
517137 -1.523334e-02 -2.190051e-02 6.920610e-02 -1.046784e-02 -4.269691e-02 9.000697e-02 2.805811e+00 -1.224441e+01 1.224704e+01 9372 3.730844e-02
267233 2.091276e-02 1.796922e-02 6.633281e-02 5.398641e-02 6.938970e-02 8.068679e-02 2.085882e+01 3.242976e+01 9.052738e+00 3308 1.531048e-02
517682 -7.674888e-03 2.492773e-02 6.960198e-02 -1.001679e-02 3.212952e-02 7.449333e-02 -8.429820e+00 2.592330e+01 1.760669e+01 2154 1.443106e-02
393679 -1.559433e-03 -2.329222e-02 6.828022e-02 2.411699e-05 -3.417972e-02 7.231079e-02 3.499241e+00 -2.405860e+01 8.906552e+00 3824 1.872847e-02
894528 -5.587669e-03 2.867175e-02 7.018101e-02 -1.812303e-02 1.046663e-01 1.390347e-01 -3.183910e+00 1.930217e+01 1.748843e+01 1769 1.150214e-02
644788 1.427330e-02 1.944274e-02 6.962825e-02 2.538399e-02 2.895485e-02 7.794264e-02 2.029824e+01 1.737779e+01 1.518965e+01 1408 6.273760e-03
644847 2.784783e-02 -9.972439e-03 6.635314e-02 7.273288e-02 -4.174516e-02 8.536810e-02 2.034297e+01 -1.440015e+01 8.618032e+00 7388 2.841230e-02
644882 2.455086e-02 6.951099e-03 6.795487e-02 2.864840e-02 9.972672e-03 6.821063e-02 2.608936e+01 1.923860e+01 1.628490e+00 5269 2.090913e-02
519859 2.834793e-03 -2.630418e-02 6.553207e-02 2.740776e-03 -3.188660e-02 6.381544e-02 -3.622243e-01 -2.150765e+01 -3.207367e+00 1942 8.960315e-03
269956 -9.704887e-03 -2.098318e-02 6.899234e-02 -1.060824e-02 -2.819177e-02 7.175913e-02 -3.037711e+00 -2.424050e+01 9.303966e+00 1606 1.021965e-02
395234 -1.297298e-02 -2.409088e-02 6.744771e-02 -1.316966e-02 -2.989467e-02 6.703979e-02 -8.765805e-01 -2.586673e+01 -1.818047e+00 3334 1.397544e-02
895640 2.523374e-02 3.434378e-03 6.699554e-02 3.795683e-02 2.539971e-03 6.571328e-02 2.113159e+01 -1.485508e+00 -2.129682e+00 2546 1.145374e-02
145437 -2.183520e-02 1.802573e-02 6.920437e-02 -5.796199e-02 5.003282e-02 6.923964e-02 -1.338100e+01 1.185510e+01 1.306078e-02 2410 9.911138e-03
647029 -2.299169e-02 1.274966e-02 6.736300e-02 -2.788548e-02 1.436583e-02 6.845946e-02 -2.840077e+01 9.379354e+00 6.363218e+00 9725 3.973434e-02
772502 -7.060295e-03 2.556143e-02 6.646763e-02 -9.902217e-03 3.348061e-02 6.570160e-02 -1.002440e+01 2.793359e+01 -2.702052e+00 2353 9.181422e-03
647557 2.877642e-02 2.568479e-04 6.822143e-02 3.083293e-02 5.233833e-05 6.865569e-02 3.801744e+01 -3.780635e+00 8.027889e+00 1546 1.084006e-02
397663 1.772779e-02 -2.190602e-02 6.734593e-02 1.995117e-02 -2.440189e-02 6.750792e-02 1.520223e+01 -1.706536e+01 1.107642e+00 3164 1.323322e-02
522554 -8.019568e-03 -2.555688e-02 6.640003e-02 -1.265633e-02 -3.469399e-02 6.624488e-02 -1.273416e+01 -2.509369e+01 -4.260929e-01 3602 1.533012e-02
522559 1.746579e-02 1.259349e-02 6.776902e-02 2.848769e-02 1.296756e-02 7.421295e-02 1.643109e+01 5.576603e-01 9.606399e+00 1507 8.787580e-03
397725 -5.944187e-03 -2.704694e-02 6.727778e-02 -1.107226e-02 -4.454857e-02 6.579524e-02 -9.344824e+00 -3.189301e+01 -2.701606e+00 4217 1.647448e-02
897863 -2.403962e-02 6.239326e-03 6.841238e-02 -3.219150e-02 8.339003e-03 7.076471e-02 -2.040895e+01 5.256733e+00 5.889288e+00 3804 1.817526e-02
272746 -1.372106e-03 2.933230e-02 6.332834e-02 -1.449830e-02 7.322053e-02 4.568254e-02 -8.079312e+00 2.701368e+01 -1.086118e+01 938 5.298340e-03
773233 -1.139817e-02 -2.488265e-02 6.989728e-02 -1.441374e-02 -3.047165e-02 7.184620e-02 -9.892628e+00 -1.833482e+01 6.393470e+00 3060 1.220037e-02
32084 -1.176935e-02 2.564819e-02 6.811009e-02 -2.298354e-02 4.802169e-02 6.638127e-02 -1.300390e+01 2.594417e+01 -2.004727e+00 2833 1.109623e-02
523392 -2.407874e-02 2.124930e-04 6.717958e-02 -3.379672e-02 1.815725e-03 6.691965e-02 -3.325808e+01 5.486782e+00 -8.895831e-01 3400 1.435924e-02
149216 2.127270e-02 -7.096552e-03 6.747140e-02 3.551221e-02 -1.502252e-02 6.784655e-02 2.916991e+01 -1.623650e+01 7.685196e-01 2446 1.123037e-02
774445 -2.781790e-03 -2.205315e-02 6.841127e-02 -5.228152e-03 -3.272445e-02 6.754166e-02 -1.035959e+01 -4.518966e+01 -3.682537e+00 1489 6.085569e-03
899839 2.477113e-02 9.746224e-03 6.659771e-02 3.613662e-02 1.287162e-02 6.554766e-02 3.459988e+01 9.514608e+00 -3.196671e+00 2213 8.573292e-03
524702 2.848294e-02 2.006210e-03 6.633963e-02 3.213312e-02 2.944377e-03 6.546061e-02 2.478341e+01 6.369822e+00 -5.968219e+00 5410 2.245086e-02
774889 -2.575739e-02 -8.918617e-03 6.607381e-02 -2.950240e-02 -9.889095e-03 6.266838e-02 -2.237248e+01 -5.797587e+00 -8.589433e+00 3470 1.520881e-02
400002 -1.245247e-02 -2.629219e-02 6.848683e-02 -1.707442e-02 -4.354530e-02 7.185051e-02 -9.364524e+00 -3.495643e+01 6.815139e+00 2336 9.408250e-03
34719 1.110506e-02 2.141156e-02 6.921796e-02 1.965080e-02 4.753742e-02 8.290817e-02 6.651599e+00 2.033515e+01 1.065582e+01 840 6.197775e-03
34968 -1.564280e-02 1.935789e-02 6.691066e-02 -2.508960e-02 3.471209e-02 7.130750e-02 -1.455814e+01 2.366185e+01 6.775815e+00 2275 1.000924e-02
150348 -1.618423e-02 -2.007498e-02 6.810423e-02 -2.277265e-02 -3.262889e-02 6.531390e-02 -8.661865e+00 -1.650473e+01 -3.668474e+00 2526 1.335304e-02
401119 -1.972182e-02 -2.206084e-02 6.379032e-02 -2.431273e-02 -2.682942e-02 6.250499e-02 -2.226865e+01 -2.313045e+01 -6.234621e+00 1388 6.239543e-03
401232 -2.381756e-02 -1.650522e-02 6.598861e-02 -3.258015e-02 -2.519516e-02 6.233908e-02 -1.636374e+01 -1.622807e+01 -3.459105e+00 4498 2.086050e-02
36256 -2.389252e-02 -1.541061e-02 6.738825e-02 -2.999471e-02 -2.308979e-02 6.564106e-02 -1.391723e+01 -1.751384e+01 -3.984790e+00 1871 1.145287e-02
36416 2.361685e-02 -4.814806e-03 6.805222e-02 3.071831e-02 -4.841060e-03 6.810689e-02 2.881477e+01 -1.065240e-01 2.218338e-01 1907 7.923579e-03
277706 2.530605e-02 6.809721e-03 6.628465e-02 4.156793e-02 7.355264e-03 8.421922e-02 1.302920e+01 4.370951e-01 1.436939e+01 1430 6.599785e-03
277967 1.775976e-02 -8.648350e-03 6.874937e-02 2.716795e-02 -1.598314e-02 6.744982e-02 2.815702e+01 -2.195170e+01 -3.889340e+00 950 3.820197e-03
278060 -1.240889e-02 -2.583326e-03 1.642540e-01 -3.776008e-02 -7.611598e-03 2.104163e-01 -1.342668e+01 -2.663110e+00 2.444882e+01 4328 3.627800e-02
278101 -1.966825e-02 -1.043063e-02 6.824625e-02 -3.048980e-02 -1.840978e-02 7.085198e-02 -2.583018e+01 -1.904557e+01 6.219682e+00 4604 1.862509e-02
40169 -8.071715e-03 -2.149296e-02 6.670003e-02 -9.949012e-03 -2.895241e-02 6.618989e-02 -3.743685e+00 -1.487556e+01 -1.017310e+00 984 8.692279e-03
40968 2.416381e-02 -5.543565e-03 6.761689e-02 5.517274e-02 -5.305484e-03 6.601572e-02 3.152088e+01 2.420124e-01 -1.627606e+00 3233 1.259158e-02
405003 1.322506e-02 -2.291428e-02 6.690371e-02 1.400989e-02 -2.771917e-02 6.733084e-02 3.695587e+00 -2.262490e+01 2.011223e+00 2747 1.113100e-02
405236 2.020133e-02 -1.128181e-02 6.801997e-02 3.024579e-02 -2.073932e-02 6.798095e-02 2.693150e+01 -2.535773e+01 -1.046029e-01 1004 8.170299e-03
280111 -2.630010e-02 1.358231e-02 6.713455e-02 -2.983904e-02 1.382691e-02 6.575262e-02 -2.848337e+01 1.968668e+00 -1.112260e+01 2730 1.346036e-02
905822 -1.436963e-02 -1.748613e-02 6.921544e-02 -2.256675e-02 -2.325045e-02 7.182506e-02 -3.222379e+01 -2.266020e+01 1.025869e+01 1805 7.736358e-03
42262 -7.453880e-03 1.858427e-02 6.671199e-02 -1.354854e-02 3.319422e-02 6.780957e-02 -1.210734e+01 2.902338e+01 2.180407e+00 553 3.683006e-03
155664 2.666444e-02 -9.936877e-03 6.837520e-02 3.764144e-02 -1.790872e-02 6.787087e-02 4.284940e+01 -3.111857e+01 -1.968666e+00 2043 1.136142e-02
906169 5.598313e-03 -2.442438e-02 6.820562e-02 1.128510e-02 -3.408323e-02 7.206670e-02 1.173794e+01 -1.993656e+01 7.969553e+00 6655 2.694040e-02
280802 -1.020390e-02 -1.993233e-02 6.819051e-02 -1.007414e-02 -4.833610e-02 7.135405e-02 1.267676e-01 -2.774811e+01 3.090516e+00 1774 9.208375e-03
656006 2.593526e-02 -5.060539e-03 6.893837e-02 1.014342e-01 -1.287469e-02 7.627747e-02 4.169421e+01 -4.315360e+00 4.053014e+00 2650 1.214910e-02
43641 2.478860e-02 1.208945e-02 7.076733e-02 4.836170e-02 3.078179e-02 8.723284e-02 1.687605e+01 1.338189e+01 1.178770e+01 1149 6.423834e-03
43982 -1.850398e-02 -1.854144e-02 6.727479e-02 -2.601073e-02 -2.660180e-02 6.520845e-02 -2.195923e+01 -2.357869e+01 -6.044580e+00 1972 1.116199e-02
44301 -7.434542e-03 2.287523e-02 6.808473e-02 -9.742072e-03 3.451549e-02 6.679556e-02 -3.815893e+00 1.924915e+01 -2.131863e+00 1744 7.663308e-03
782121 1.552176e-02 -1.404233e-02 6.650434e-02 2.297716e-02 -1.939298e-02 6.784622e-02 1.824860e+01 -1.309679e+01 3.284523e+00 2115 1.082779e-02
907663 -1.932129e-02 1.203671e-02 6.760846e-02 -2.869116e-02 1.856284e-02 6.792738e-02 -2.712849e+01 1.889503e+01 9.233830e-01 5550 2.245247e-02
157400 -1.712610e-02 -1.815570e-02 6.525321e-02 -3.826154e-02 -2.711186e-02 6.581478e-02 -5.964896e+01 -2.527629e+01 1.584877e+00 7610 3.137131e-02
782599 2.197456e-02 -1.559276e-02 6.785138e-02 4.228048e-02 -1.186479e-01 8.172252e-02 6.582981e+00 -3.340946e+01 4.496891e+00 3672 1.541216e-02
908311 7.726626e-05 -2.830998e-02 7.046540e-02 -1.074496e-02 -5.087369e-02 8.490975e-02 -1.103991e+01 -2.301757e+01 1.473489e+01 1647 9.199096e-03
908772 4.412607e-03 2.731726e-02 6.780040e-02 5.499074e-03 3.270920e-02 6.704882e-02 5.978738e+00 2.967141e+01 -4.135866e+00 1844 7.455115e-03
783639 -1.072988e-02 2.439117e-02 6.553396e-02 -2.036763e-02 3.522823e-02 6.031319e-02 -3.096305e+01 3.481606e+01 -1.392009e+01 4196 1.686400e-02
46578 -6.000850e-03 -2.364156e-02 6.690451e-02 -8.768914e-03 -3.087293e-02 6.874321e-02 -6.732647e+00 -1.758857e+01 4.472182e+00 2084 1.293469e-02
47353 2.127353e-02 -1.586229e-02 7.022603e-02 8.831830e-02 -4.731308e-02 9.935985e-02 2.911140e+01 -1.365619e+01 1.265015e+01 2858 1.089406e-02
47616 2.299535e-02 -1.069924e-02 6.538253e-02 3.040061e-02 -1.435697e-02 6.840423e-02 1.982175e+01 -9.790668e+00 8.088219e+00 2465 1.290675e-02
784508 -2.052748e-02 1.854516e-02 7.172852e-02 -2.875962e-02 2.769477e-02 7.972553e-02 -1.618578e+01 1.798970e+01 1.572348e+01 7151 2.735860e-02
285150 2.246880e-02 -1.922241e-02 6.936688e-02 3.167127e-02 -2.452201e-02 7.146793e-02 2.938995e+01 -1.692532e+01 6.710128e+00 2099 9.013380e-03
535367 -2.295790e-02 1.739970e-02 6.705488e-02 -5.595891e-02 2.833659e-02 6.536158e-02 -1.763354e+01 5.843942e+00 -9.047850e-01 5224 2.270692e-02
785415 2.443885e-02 7.142983e-03 6.515866e-02 6.114075e-02 -5.517093e-04 5.942959e-02 3.601675e+01 -7.551049e+00 -5.487362e+00 2173 9.717724e-03
535547 2.223057e-02 -8.452162e-03 6.753873e-02 3.932113e-02 -1.280167e-02 6.903527e-02 2.255790e+01 -5.740934e+00 1.975291e+00 5015 2.134195e-02
785596 -5.758478e-03 2.466178e-02 6.644934e-02 -8.251547e-03 3.245711e-02 6.621631e-02 -8.558589e+00 2.676099e+01 -7.999724e-01 2669 1.150809e-02
660917 -1.755797e-02 2.059120e-02 6.543686e-02 -2.235167e-02 2.668502e-02 6.519882e-02 -1.723605e+01 2.191072e+01 -8.559022e-01 2931 1.338003e-02
285722 -2.379221e-02 -1.574443e-02 6.732795e-02 -3.825760e-02 -2.500339e-02 7.291817e-02 -3.362149e+01 -2.152033e+01 1.299318e+01 1997 7.901218e-03
785935 1.321340e-02 -1.917525e-02 6.668998e-02 3.207089e-02 -4.670399e-02 6.745545e-02 1.697054e+01 -2.477411e+01 6.888728e-01 3449 1.367652e-02
662195 1.683979e-02 1.772326e-02 6.585006e-02 2.582066e-02 2.605671e-02 6.788878e-02 2.433221e+01 2.257814e+01 5.523557e+00 2589 1.000785e-02
913001 2.641174e-02 7.398385e-03 6.934358e-02 5.107420e-02 7.530886e-03 7.150669e-02 3.222791e+01 1.731478e-01 2.826661e+00 1094 6.753250e-03
913021 -1.656356e-02 -1.716486e-02 6.641297e-02 -2.189845e-02 -2.425794e-02 6.546301e-02 -1.643656e+01 -2.185349e+01 -2.926789e+00 1097 5.459693e-03
663074 2.311366e-02 -9.395548e-03 6.684427e-02 3.024059e-02 -1.112879e-02 6.518734e-02 1.590675e+01 -3.868451e+00 -3.698142e+00 2289 9.858487e-03
913409 -3.481363e-04 2.221609e-02 6.755799e-02 -1.675765e-03 3.015292e-02 7.056458e-02 -4.042800e+00 2.416867e+01 9.155471e+00 1874 8.253619e-03
52568 1.661324e-02 -1.513004e-02 6.878097e-02 3.452328e-02 -2.456605e-02 6.934543e-02 1.823248e+01 -9.605888e+00 5.746216e-01 2301 9.266384e-03
913483 1.118729e-03 2.692616e-02 7.121290e-02 5.706147e-04 3.142939e-02 7.359296e-02 -1.614639e+00 1.326563e+01 7.011218e+00 1843 1.076973e-02
413493 -1.010558e-02 -9.920566e-03 2.022217e-01 -2.683621e-01 -2.375432e-01 1.657374e+00 -5.329554e+00 -4.697374e+00 3.002949e+01 5743 3.383844e-02
788401 -1.832793e-02 1.031193e-02 6.869365e-02 -2.632293e-02 1.504088e-02 7.018421e-02 -1.754093e+01 1.037525e+01 3.270279e+00 3499 2.016445e-02
788588 -1.984412e-02 1.628510e-02 6.777453e-02 -2.622636e-02 2.238552e-02 6.911504e-02 -1.511320e+01 1.444584e+01 3.174325e+00 2401 1.616009e-02
538798 -2.028141e-02 1.648152e-02 6.758841e-02 -4.165568e-02 3.295799e-02 7.090566e-02 -2.280331e+01 1.757805e+01 3.539032e+00 1863 1.138627e-02
414339 -2.333139e-02 -1.854900e-02 6.430993e-02 -1.192714e-01 -1.045820e-01 3.550512e-02 -1.581049e+01 -1.417786e+01 -4.746905e+00 2515 1.544305e-02
414370 2.505753e-02 -6.054502e-03 6.907977e-02 2.973089e-02 -5.503637e-03 7.191470e-02 2.385783e+01 2.812205e+00 1.447254e+01 915 4.399848e-03
789302 -5.583819e-03 2.947501e-02 6.896070e-02 -9.093869e-03 4.737375e-02 6.979925e-02 -4.192637e+00 2.137944e+01 1.001613e+00 2045 9.878642e-03
664390 2.271139e-02 -1.514689e-02 6.845942e-02 2.635784e-02 -1.636176e-02 6.907813e-02 2.451020e+01 -8.165974e+00 4.158778e+00 1077 5.462393e-03
414840 -2.881929e-02 -8.267844e-03 6.660035e-02 -4.094671e-02 -1.369958e-02 6.182545e-02 -2.288774e+01 -1.025116e+01 -3.310660e+00 1098 7.347228e-03
915044 3.668721e-03 -2.299269e-02 6.877946e-02 6.192426e-03 -3.894757e-02 7.433688e-02 4.797172e+00 -3.032774e+01 1.056380e+01 2106 9.479327e-03
289737 -1.695144e-02 1.848051e-02 6.685377e-02 -2.735166e-02 3.051894e-02 7.033719e-02 -2.341336e+01 2.710134e+01 7.841993e+00 2835 1.831707e-02
56010 -3.900654e-03 2.201069e-02 6.693427e-02 -8.039434e-03 3.136063e-02 6.833293e-02 -1.073585e+01 2.425341e+01 3.628055e+00 1288 6.604471e-03
416158 2.801034e-03 2.926976e-02 6.666776e-02 2.480227e-03 4.722857e-02 6.168726e-02 -6.554538e-01 3.669240e+01 -3.728709e+00 2255 1.542214e-02
417340 -8.116882e-03 -2.479537e-02 6.884575e-02 -2.323889e-02 -4.532293e-02 8.982288e-02 -8.544325e+00 -1.159860e+01 1.185262e+01 934 6.401773e-03
292385 2.619938e-02 -1.257206e-02 6.405409e-02 7.722872e-02 -3.652924e-02 6.353794e-02 4.353903e+01 -2.044064e+01 -4.403899e-01 1266 1.034841e-02
59684 -2.571457e-02 4.942178e-03 6.527067e-02 -3.657969e-02 9.269964e-03 6.235321e-02 -2.350536e+01 9.362637e+00 -5.529845e+00 2024 9.694045e-03
168584 -1.920339e-03 2.814337e-02 6.746806e-02 2.078032e-03 3.553121e-02 6.901903e-02 1.861433e+01 3.439390e+01 7.220504e+00 2364 1.129278e-02
668869 8.289398e-03 -2.724836e-02 6.948661e-02 9.927107e-03 -7.251239e-02 8.444936e-02 8.524290e-01 -2.355996e+01 7.788125e+00 1540 6.839050e-03
419141 -2.565274e-02 1.041186e-02 6.779907e-02 -2.937938e-02 1.101647e-02 6.838206e-02 -3.651525e+01 5.924251e+00 5.712383e+00 2315 1.160275e-02
919622 1.931001e-02 -1.373938e-02 6.807948e-02 2.438969e-02 -1.802858e-02 6.959436e-02 1.994758e+01 -1.684342e+01 5.948829e+00 2907 1.378828e-02
794442 2.908919e-03 -2.351033e-02 6.861276e-02 3.452872e-03 -3.846680e-02 6.959631e-02 9.447619e-01 -2.597707e+01 1.708269e+00 1354 7.849913e-03
61733 -1.358769e-02 -2.298315e-02 6.721133e-02 -1.794813e-02 -2.843719e-02 6.568232e-02 -1.276318e+01 -1.596418e+01 -4.475484e+00 2926 1.200787e-02
62335 -2.700094e-02 1.266277e-02 6.376539e-02 -7.456737e-02 3.349723e-02 5.706758e-02 -3.537858e+01 1.549609e+01 -4.981639e+00 1870 8.144002e-03
63068 4.587280e-03 2.549304e-02 6.407242e-02 2.175900e-02 7.100013e-02 5.315905e-02 1.073067e+01 2.843756e+01 -6.819808e+00 1473 6.635170e-03
796443 -1.357029e-02 2.378465e-02 6.695702e-02 -2.391694e-02 4.188444e-02 6.671840e-02 -1.829270e+01 3.200009e+01 -4.218749e-01 1458 6.957193e-03
797075 -1.678072e-02 1.667570e-02 6.595769e-02 -2.544622e-02 2.065336e-02 6.941722e-02 -2.609966e+01 1.198032e+01 1.041980e+01 2788 1.166147e-02
922544 -5.881809e-03 2.447095e-02 6.608499e-02 -5.820348e-03 3.839914e-02 6.784185e-02 1.017874e-01 2.306676e+01 2.909577e+00 2174 9.532483e-03
172029 -2.235535e-02 -1.016002e-02 6.586234e-02 -3.398792e-02 -1.480969e-02 6.587553e-02 -3.470900e+01 -1.387358e+01 3.934278e-02 2971 1.175373e-02
922759 -8.843449e-03 2.595842e-02 6.776508e-02 -2.137564e-02 9.824075e-02 6.831860e-02 -6.696056e+00 3.862108e+01 2.957509e-01 2811 1.540175e-02
172268 -7.002463e-03 2.488530e-02 7.039429e-02 -6.661988e-03 3.407982e-02 7.565930e-02 7.831434e-01 2.114876e+01 1.211031e+01 1960 9.056495e-03
297579 -2.200088e-02 1.811891e-02 6.401171e-02 -6.560478e-02 7.613656e-02 5.959049e-02 -1.685263e+01 2.242346e+01 -1.708774e+00 2015 1.109304e-02
923306 -5.162813e-03 -4.681933e-03 2.561090e-01 -5.463924e-02 -1.933912e-02 3.112159e+00 -4.904796e-01 -1.453025e-01 2.831317e+01 3641 2.617017e-02
924095 2.741535e-02 1.797014e-03 6.963457e-02 3.396516e-02 3.107565e-03 7.126035e-02 3.049170e+01 6.101085e+00 7.568602e+00 5312 2.205911e-02
799564 -2.940665e-02 -1.741012e-03 6.816568e-02 -9.005505e-02 2.356501e-02 7.220014e-02 -3.126231e+01 1.304444e+01 2.079633e+00 2192 1.217040e-02
925127 -1.696404e-02 1.814467e-02 6.799954e-02 -2.107711e-02 2.248552e-02 6.669167e-02 -1.414017e+01 1.492324e+01 -4.496279e+00 3043 1.336246e-02
425026 1.366872e-02 2.330917e-02 6.986724e-02 1.465455e-02 2.884688e-02 7.137048e-02 3.904492e+00 2.193265e+01 5.953747e+00 2276 1.280303e-02
425742 -2.288729e-02 9.951689e-04 6.842448e-02 -3.161265e-02 -3.241333e-04 6.933427e-02 -1.414041e+01 -2.138074e+00 1.474416e+00 1786 1.047743e-02
801184 -1.932950e-02 1.392032e-02 6.864239e-02 -2.478759e-02 2.033452e-02 6.967031e-02 -1.498257e+01 1.760712e+01 2.821640e+00 3997 1.579193e-02
70857 6.537116e-03 -2.465064e-02 6.620243e-02 5.440288e-03 -3.763941e-02 6.555329e-02 -2.062439e+00 -2.442364e+01 -1.220620e+00 3774 1.717928e-02
71295 2.070297e-02 1.901651e-02 6.695858e-02 2.570129e-02 2.320947e-02 6.715440e-02 1.545140e+01 1.296174e+01 6.053506e-01 3479 1.514013e-02
176559 1.818034e-02 -2.378084e-02 6.546686e-02 2.400703e-02 -4.289817e-02 5.462088e-02 7.742308e+00 -2.540246e+01 -1.341025e+01 1108 5.855237e-03
801960 -1.462175e-02 -1.483489e-02 6.710771e-02 -2.426335e-02 -2.186178e-02 6.759504e-02 -3.869050e+01 -2.819798e+01 1.955621e+00 3894 1.434467e-02
72469 -2.975473e-02 5.239348e-04 7.059861e-02 -3.105298e-02 5.769070e-04 7.099621e-02 -1.937263e+01 7.904530e-01 5.933062e+00 3611 1.517072e-02
677505 -1.601966e-02 1.514572e-02 6.594840e-02 -2.312414e-02 2.145754e-02 6.576441e-02 -1.632433e+01 1.450300e+01 -4.227707e-01 2711 1.758439e-02
677853 -6.370584e-03 -1.967642e-02 6.783084e-02 -6.287453e-03 -3.000410e-02 7.002317e-02 2.108042e-01 -2.618921e+01 5.559372e+00 2992 1.239585e-02
803400 2.624658e-02 -1.103798e-02 7.095458e-02 2.877363e-02 -1.134540e-02 7.147653e-02 3.249202e+01 -3.952737e+00 6.711116e+00 4009 1.723231e-02
178217 4.086432e-03 2.634103e-02 6.795715e-02 1.251467e-02 4.859783e-02 6.662290e-02 9.712844e+00 2.564911e+01 -1.537613e+00 5223 2.322754e-02
554365 2.741103e-02 -1.854494e-03 6.562853e-02 3.205627e-02 -1.846389e-03 6.547627e-02 2.758490e+01 4.813012e-02 -9.041720e-01 1015 5.648543e-03
679426 2.527406e-02 1.426083e-02 6.942559e-02 3.379964e-02 2.256762e-02 7.553936e-02 1.866167e+01 1.818278e+01 1.338246e+01 1360 5.942506e-03
179643 6.731686e-03 -2.331402e-02 6.514586e-02 2.007185e-02 -3.317843e-02 6.932339e-02 2.247204e+01 -1.661699e+01 7.037212e+00 1824 9.141756e-03
930689 1.890574e-02 -2.231857e-02 7.072268e-02 4.521796e-02 -5.135954e-02 8.855413e-02 2.213898e+01 -2.443494e+01 1.500330e+01 4223 1.590749e-02
930833 2.374409e-02 3.839372e-03 6.907846e-02 3.109854e-02 8.947456e-03 7.686604e-02 1.481223e+01 1.028795e+01 1.568459e+01 847 5.396897e-03
931130 2.190339e-02 1.424237e-02 7.161917e-02 5.784652e-02 1.548374e-02 8.208113e-02 2.383795e+01 8.232894e-01 6.938511e+00 4025 1.649555e-02
180852 3.546644e-03 1.050664e-02 1.874558e-01 9.978296e-02 1.600410e-01 7.489403e-01 4.545906e+00 7.063542e+00 2.652279e+01 5714 4.069682e-02
556439 1.793341e-02 -2.325000e-02 6.572489e-02 4.329156e-02 -4.416794e-02 6.019490e-02 1.879898e+01 -1.550728e+01 -3.158258e+00 2662 1.081574e-02
78409 1.261450e-02 -2.515727e-02 6.587919e-02 4.855554e-02 -8.802933e-02 7.002445e-02 1.818548e+01 -3.181205e+01 2.097422e+00 1893 9.961924e-03
306589 2.927137e-02 5.844588e-03 6.816250e-02 3.048334e-02 5.855237e-03 6.802670e-02 3.464767e+01 3.044326e-01 -3.882383e+00 3509 2.246163e-02
932421 -2.444847e-02 9.119810e-04 6.589616e-02 -3.748907e-02 1.475562e-03 7.008621e-02 -2.650607e+01 1.145524e+00 8.516608e+00 2272 1.150177e-02
79304 2.580511e-02 -7.479608e-03 6.647282e-02 4.242865e-02 -1.132662e-02 6.676891e-02 2.162154e+01 -5.003641e+00 3.851041e-01 5160 1.977409e-02
307191 -2.099039e-02 -1.854125e-02 6.730120e-02 -2.901142e-02 -3.016509e-02 6.985456e-02 -7.510522e+00 -1.088404e+01 2.390848e+00 2178 1.049336e-02
307216 5.417873e-03 2.569618e-02 7.052936e-02 5.591570e-03 3.163804e-02 7.344522e-02 7.161996e-01 2.449985e+01 1.202288e+01 1657 6.853326e-03
307989 4.221066e-03 2.821935e-02 6.839059e-02 1.881477e-02 7.852056e-02 6.797863e-02 6.778912e+00 2.336538e+01 -1.913604e-01 2315 1.088592e-02
183240 -2.321776e-02 -1.394075e-02 6.980228e-02 -3.114977e-02 -1.874662e-02 7.171727e-02 -2.514768e+01 -1.523656e+01 6.071284e+00 956 5.287942e-03
934424 -2.751897e-02 -1.587885e-03 6.960585e-02 -3.409076e-02 1.455255e-04 7.114615e-02 -3.231961e+01 8.524784e+00 7.575055e+00 4055 1.773881e-02
183860 2.194675e-02 1.152444e-02 6.633100e-02 3.972104e-02 2.442579e-02 5.821845e-02 2.675133e+01 1.941727e+01 -8.474306e+00 2007 1.118242e-02
935140 -1.989435e-02 1.060297e-02 6.537758e-02 -2.825012e-02 1.734796e-02 6.561880e-02 -1.941528e+01 1.567251e+01 5.604907e-01 2982 1.459738e-02
83623 -1.634244e-02 -2.037808e-02 6.810718e-02 -6.356732e-02 -6.034397e-02 3.943529e-02 -2.532261e+01 -2.143024e+01 -1.213855e+01 1230 7.522934e-03
435767 2.564907e-02 1.546241e-02 6.597711e-02 4.504366e-02 2.696210e-02 6.697185e-02 2.624133e+01 1.555934e+01 1.345913e+00 3049 1.465116e-02
185286 -2.415190e-04 2.464371e-02 6.768897e-02 -4.083851e-04 4.294510e-02 6.749082e-02 -1.921004e-01 2.106901e+01 -2.281101e-01 4919 2.251499e-02
310494 2.527657e-02 7.915741e-03 6.619773e-02 6.561526e-02 1.934302e-02 6.572752e-02 3.240441e+01 9.179627e+00 -3.777236e-01 8047 2.984086e-02
810895 -2.293953e-02 -5.342977e-03 6.738843e-02 -2.922392e-02 -6.900746e-03 6.560735e-02 -1.814687e+01 -4.498224e+00 -5.143060e+00 1100 5.055389e-03
562596 2.003221e-02 -2.101905e-02 6.775613e-02 3.801918e-02 -4.025856e-02 6.085806e-02 2.505292e+01 -2.679752e+01 -2.180914e+00 1808 7.480676e-03
812795 2.438885e-02 5.145982e-03 6.904130e-02 3.495819e-02 7.615604e-03 6.992298e-02 4.405910e+01 1.029481e+01 3.675375e+00 1713 6.862019e-03
687465 -2.155698e-02 -2.034436e-02 6.978146e-02 -4.725147e-02 -4.997089e-02 8.330813e-02 -2.619944e+01 -3.020874e+01 1.379249e+01 958 4.417674e-03
188035 -2.586084e-02 -6.512711e-03 6.749649e-02 -3.150033e-02 -9.441749e-03 6.830767e-02 -1.872546e+01 -9.725642e+00 2.693484e+00 1748 7.679035e-03
313794 -2.546557e-02 -1.551435e-02 6.748463e-02 -2.933683e-02 -1.761858e-02 6.745682e-02 -2.362221e+01 -1.283986e+01 -1.697074e-01 1811 7.913821e-03
439265 -1.327765e-02 1.713010e-02 6.811673e-02 -1.760475e-02 2.447349e-02 6.971504e-02 -2.069732e+01 3.512483e+01 7.645032e+00 758 3.108184e-03
314166 -1.677431e-02 1.912854e-02 1.723847e-01 -4.434097e-01 4.184708e-01 6.349954e-01 -1.283681e+01 1.201560e+01 1.391925e+01 6855 4.955197e-02
439589 2.621895e-02 -9.137079e-03 6.758309e-02 3.326106e-02 -1.056917e-02 6.771270e-02 3.510289e+01 -7.138543e+00 6.460629e-01 6906 3.033937e-02
89639 -2.225394e-02 -1.027991e-02 6.768661e-02 -3.060348e-02 -1.346766e-02 6.772078e-02 -1.948812e+01 -7.440317e+00 7.975885e-02 2225 9.016762e-03
440045 2.221137e-02 -1.111286e-02 6.734215e-02 3.042204e-02 -1.558735e-02 6.570674e-02 1.607907e+01 -8.762450e+00 -3.202640e+00 1163 5.410565e-03
189591 -1.983079e-02 -9.945286e-03 6.797917e-02 -2.905945e-02 -1.556333e-02 6.867200e-02 -3.427964e+01 -2.086810e+01 2.573483e+00 3749 2.003160e-02
440353 2.331167e-02 6.193345e-03 6.844379e-02 3.969284e-02 1.070775e-02 6.946118e-02 1.649733e+01 4.546416e+00 1.024605e+00 1245 5.761404e-03
565427 -1.979134e-02 -1.244524e-02 6.815972e-02 -2.841587e-02 -1.721109e-02 7.026905e-02 -2.400979e+01 -1.326763e+01 5.872156e+00 1655 8.844943e-03
315262 2.348983e-02 1.413706e-02 6.992200e-02 3.318969e-02 2.534985e-02 8.169870e-02 2.034244e+01 2.351532e+01 2.469796e+01 1308 7.538337e-03
565930 7.055404e-03 2.492952e-02 6.668407e-02 7.006199e-03 3.454170e-02 6.176440e-02 -1.228562e-01 2.400013e+01 -4.323371e+00 2161 1.048863e-02
566199 3.154150e-03 -2.626359e-02 6.612326e-02 -5.140136e-03 -5.503864e-02 7.854688e-02 -7.404881e+00 -2.568947e+01 1.109142e+01 1821 1.017081e-02
316345 1.609374e-02 2.152630e-02 7.053470e-02 2.324735e-02 2.630843e-02 7.656778e-02 2.000627e+01 1.337403e+01 1.687254e+01 2045 9.864510e-03
92932 -2.605937e-02 -9.092425e-03 6.625488e-02 -3.395089e-02 -1.110635e-02 6.250757e-02 -2.438340e+01 -6.222672e+00 -4.379981e+00 2653 1.285076e-02
942752 2.488157e-02 -6.361559e-04 6.788411e-02 3.385268e-02 -3.069867e-03 7.008503e-02 1.775780e+01 -4.817393e+00 4.356578e+00 1157 5.245553e-03
317452 9.979237e-03 -2.543012e-02 6.686318e-02 1.348331e-02 -3.176433e-02 6.645013e-02 1.377442e+01 -2.489963e+01 -1.623676e+00 1015 4.517871e-03
317619 -2.046705e-02 1.843643e-02 6.791843e-02 -3.097119e-02 3.225814e-02 7.349147e-02 -1.041212e+01 1.370064e+01 5.524225e+00 2917 2.646934e-02
818085 2.563512e-02 -2.225341e-03 6.947849e-02 4.713796e-02 -6.699287e-03 7.543999e-02 2.503952e+01 -5.209801e+00 6.942026e+00 2042 1.024041e-02
94325 -1.739913e-02 -2.027634e-02 6.626428e-02 -1.872468e-02 -2.396928e-02 6.603098e-02 -1.092467e+01 -3.043570e+01 -1.922773e+00 3736 1.683962e-02
95741 -1.447340e-02 2.130344e-02 6.800964e-02 -2.799351e-02 2.813201e-02 7.170831e-02 -1.842250e+01 9.304605e+00 5.039808e+00 2371 1.617258e-02
694117 1.366301e-02 2.359524e-02 6.648851e-02 1.923927e-02 3.185768e-02 6.892089e-02 1.346060e+01 1.994481e+01 5.871551e+00 3239 2.002615e-02
569609 -2.409053e-02 -1.480915e-02 6.601266e-02 -3.347259e-02 -2.400805e-02 6.213855e-02 -2.668179e+01 -2.616089e+01 -5.769713e+00 4659 2.183424e-02
97913 1.212081e-02 -2.515236e-02 6.484689e-02 3.770127e-02 -9.522108e-02 6.020631e-02 1.154320e+01 -3.161856e+01 -2.094068e+00 1989 1.017127e-02
98441 2.690857e-02 -3.638091e-03 6.608026e-02 4.215723e-02 -4.221206e-03 6.610580e-02 2.352988e+01 -8.997924e-01 3.941716e-02 4360 1.859597e-02
821549 2.802323e-02 -6.972409e-04 6.767469e-02 5.297900e-02 -9.454865e-03 7.079114e-02 3.477320e+01 -1.220281e+01 4.342447e+00 7611 3.620071e-02
98714 -5.473814e-03 2.715683e-02 6.644624e-02 -5.348573e-03 3.002408e-02 6.676174e-02 6.096968e-01 1.395838e+01 1.535906e+00 1829 8.264501e-03
98856 4.925523e-03 -2.805971e-02 6.879560e-02 3.459361e-03 -3.850297e-02 6.765377e-02 -4.291977e+00 -3.057112e+01 -3.342558e+00 4269 1.848044e-02
196000 2.419547e-02 -1.635202e-03 6.664443e-02 3.177832e-02 -1.645550e-03 6.723708e-02 3.552901e+01 -4.848150e-02 2.776804e+00 1038 6.208966e-03
696435 -2.739488e-02 -2.713982e-03 6.530838e-02 -5.342158e-02 -4.103296e-03 5.794310e-02 -2.528849e+01 -1.349908e+00 -6.732004e+00 3210 1.259020e-02
196392 2.452703e-02 9.271746e-04 6.642100e-02 3.737517e-02 -6.407669e-04 6.688550e-02 2.837723e+01 -3.463058e+00 1.025935e+00 3702 1.608833e-02
822327 1.281403e-05 -1.318947e-03 2.095296e-01 -3.297127e-02 5.005087e-02 7.220636e-01 -1.382199e+00 2.152653e+00 2.147775e+01 3793 3.536980e-02
573358 -2.052158e-02 1.706746e-02 6.749925e-02 -2.477916e-02 2.129412e-02 6.904769e-02 -2.085800e+01 2.070654e+01 7.585848e+00 1992 9.445444e-03
573676 2.559878e-02 -3.761569e-03 6.562957e-02 4.372602e-02 -1.064048e-03 6.265514e-02 2.395345e+01 3.564522e+00 -2.504447e+00 2269 1.029895e-02
102063 -2.302097e-02 1.148612e-02 6.762154e-02 -3.150054e-02 1.685396e-02 6.681996e-02 -1.675780e+01 1.060822e+01 -1.584141e+00 3535 1.677737e-02
574036 -2.121858e-02 -7.288654e-03 6.675996e-02 -3.131832e-02 -1.046423e-02 6.768082e-02 -4.262501e+01 -1.340222e+01 3.886414e+00 3050 1.419321e-02
698585 2.480887e-02 -1.266363e-02 6.865975e-02 3.061315e-02 -1.401098e-02 7.408427e-02 1.691070e+01 -3.925484e+00 1.580429e+01 1723 1.089926e-02
449042 -1.934135e-02 -1.329269e-02 6.570594e-02 -3.329497e-02 -1.893636e-02 6.641203e-02 -2.585258e+01 -1.045631e+01 1.308200e+00 1672 8.218391e-03
698643 -5.666796e-03 2.583375e-02 6.710607e-02 -1.088372e-02 5.172746e-02 7.087322e-02 -5.326955e+00 2.643984e+01 3.846604e+00 1948 9.380655e-03
949941 1.650319e-02 -2.110609e-02 6.687229e-02 2.327020e-02 -2.943334e-02 7.167436e-02 1.619087e+01 -1.992393e+01 1.148952e+01 2843 1.775687e-02
824807 2.233242e-02 -1.344011e-02 6.766982e-02 2.667598e-02 -1.696782e-02 6.871722e-02 1.681101e+01 -1.365345e+01 4.053780e+00 1843 8.588475e-03
451012 9.354383e-03 2.506546e-02 6.997496e-02 1.178780e-02 3.497358e-02 7.432629e-02 7.285588e+00 2.966467e+01 1.302779e+01 2480 9.569761e-03
576099 -1.926219e-02 1.476293e-02 6.842441e-02 -3.763752e-02 2.038439e-02 8.221518e-02 -1.180752e+01 3.612205e+00 8.861596e+00 2645 1.557661e-02
451742 2.091558e-03 -2.777468e-02 6.926049e-02 3.350287e-03 -3.995245e-02 7.182100e-02 2.501704e+00 -2.420310e+01 5.088958e+00 3987 2.007914e-02
201224 1.006392e-02 2.670856e-02 6.726988e-02 1.381372e-02 3.546645e-02 6.838540e-02 9.963782e+00 2.327100e+01 2.964079e+00 2112 9.881008e-03
701522 6.735527e-03 -2.471109e-02 6.648399e-02 1.535354e-02 -3.807804e-02 6.707578e-02 1.740391e+01 -2.699430e+01 1.195117e+00 4159 2.214890e-02
326995 -1.758359e-02 1.713984e-02 6.967536e-02 -2.434587e-02 2.222382e-02 7.200897e-02 -1.983462e+01 1.491194e+01 6.844793e+00 1358 7.196260e-03
201767 -2.176243e-02 -1.529010e-02 6.982126e-02 -2.316832e-02 -1.951090e-02 7.268376e-02 -3.797544e+00 -1.140109e+01 7.732093e+00 1246 6.625351e-03
952787 1.929222e-02 -1.533694e-02 6.837259e-02 2.328046e-02 -1.897300e-02 6.898041e-02 2.292182e+01 -2.089770e+01 3.493352e+00 1683 7.070721e-03
452929 -2.860004e-03 -2.853746e-02 6.772580e-02 -6.861863e-03 -4.852198e-02 6.592526e-02 -5.566045e+00 -2.779576e+01 -2.504313e+00 1261 9.070718e-03
953299 -1.829788e-02 2.087610e-02 6.822568e-02 -2.465374e-02 2.511636e-02 7.080332e-02 -1.940688e+01 1.294713e+01 7.870510e+00 3019 1.404200e-02
953790 2.735174e-02 2.732356e-03 6.415753e-02 7.003075e-02 -5.363402e-03 5.937950e-02 2.172867e+01 -4.121698e+00 -2.432581e+00 1891 1.630744e-02
328733 2.710680e-02 6.469568e-03 7.024789e-02 6.583321e-02 1.089083e-02 8.876889e-02 3.092065e+01 3.530104e+00 1.478788e+01 3788 1.590601e-02
579229 -2.833649e-02 -5.425336e-03 6.645544e-02 -3.002587e-02 -5.471191e-03 6.627764e-02 -2.546296e+01 -6.911482e-01 -2.679825e+00 2894 1.418698e-02
203973 1.346670e-02 -2.202674e-02 6.613234e-02 3.938713e-02 -5.689762e-02 5.664943e-02 1.882532e+01 -2.532580e+01 -5.373133e+00 3980 1.517123e-02
954985 1.861112e-02 -1.267440e-02 6.849718e-02 3.100182e-02 -2.074594e-02 7.248173e-02 2.519114e+01 -1.641000e+01 8.100866e+00 975 5.827491e-03
110684 -2.444002e-02 -1.442513e-02 6.513941e-02 -3.519920e-02 -2.240210e-02 6.587956e-02 -2.228924e+01 -1.652548e+01 1.533330e+00 2055 1.261418e-02
955518 1.784597e-02 1.045291e-02 6.790725e-02 2.664914e-02 1.835520e-02 7.103162e-02 1.457958e+01 1.308754e+01 5.174498e+00 1023 5.879678e-03
204589 -3.718714e-03 -2.625343e-02 6.650038e-02 -2.377290e-03 -3.564307e-02 6.533104e-02 3.059503e+00 -2.141578e+01 -2.667012e+00 4479 1.898351e-02
830663 -2.604740e-02 -1.384539e-02 6.589375e-02 -2.934019e-02 -1.957526e-02 6.313558e-02 -1.895201e+01 -3.297888e+01 -6.622820e+00 3024 1.461259e-02
705155 2.282081e-02 1.291489e-02 6.942092e-02 2.709966e-02 1.639762e-02 7.274894e-02 7.749025e+00 6.307249e+00 6.027071e+00 927 4.305331e-03
581323 -2.583175e-02 7.883516e-04 7.069889e-02 -3.913211e-02 -8.104407e-04 7.808717e-02 -1.971653e+01 -2.370059e+00 1.095243e+01 1045 6.353925e-03
207049 -2.956722e-02 1.178069e-03 6.912030e-02 -4.948603e-02 2.181727e-03 7.342619e-02 -3.268697e+01 1.647014e+00 7.066019e+00 2699 1.184909e-02
207191 -2.302271e-02 2.954821e-03 6.652063e-02 -3.248262e-02 2.840078e-03 6.685104e-02 -2.299892e+01 -2.789642e-01 8.032853e-01 1365 7.291850e-03
583092 -2.240944e-02 -8.583938e-03 6.841285e-02 -3.277068e-02 -1.253740e-02 7.017026e-02 -3.438589e+01 -1.312038e+01 5.832304e+00 2651 1.000235e-02
458057 -2.431099e-02 5.102598e-03 6.660102e-02 -3.741171e-02 2.819499e-03 6.788193e-02 -2.786764e+01 -4.856569e+00 2.724716e+00 2394 9.284488e-03
115253 3.107375e-03 2.825471e-02 7.130243e-02 2.965199e-03 3.339283e-02 7.336119e-02 -6.811526e-01 2.461611e+01 9.863316e+00 1676 9.963172e-03
959811 1.655071e-02 -2.377168e-02 6.704979e-02 2.642701e-02 -4.183081e-02 7.056615e-02 1.297165e+01 -2.371906e+01 4.618429e+00 3221 1.600229e-02
334245 2.278943e-02 -7.496079e-03 6.857804e-02 3.199829e-02 -8.052882e-03 7.449919e-02 2.289588e+01 -1.384373e+00 1.472169e+01 4628 2.023797e-02
459683 -1.185775e-02 2.380317e-02 6.969668e-02 -1.928703e-02 4.786681e-02 8.098359e-02 -9.573742e+00 3.100961e+01 1.454488e+01 1188 5.309495e-03
117903 1.099525e-02 1.918271e-02 6.822629e-02 1.610113e-02 2.849751e-02 6.839068e-02 2.118948e+01 3.865659e+01 6.822291e-01 3016 1.133248e-02
118036 1.412215e-02 -4.408209e-03 1.750667e-01 2.125577e-01 -1.555588e-02 6.592352e-01 8.574615e+00 -4.817028e-01 2.092144e+01 2208 2.112715e-02
209672 1.955322e-02 1.420990e-02 6.808274e-02 2.609759e-02 2.321199e-02 6.987121e-02 1.376745e+01 1.893776e+01 3.762417e+00 901 8.572820e-03
835778 -2.166712e-02 1.627578e-02 6.748381e-02 -3.322808e-02 2.446203e-02 7.481159e-02 -1.252988e+01 8.872339e+00 7.941906e+00 4309 1.696871e-02
710123 2.296626e-02 8.046707e-03 6.615788e-02 2.897436e-02 8.173069e-03 6.686187e-02 2.908956e+01 6.118130e-01 3.408526e+00 1746 8.479347e-03
335545 1.872587e-02 -2.317257e-02 6.311390e-02 2.251287e-02 -2.633097e-02 6.329733e-02 1.553408e+01 -1.295559e+01 7.524340e-01 2421 1.349673e-02
210118 -1.198903e-02 -2.721957e-02 6.686925e-02 -2.927313e-02 -5.546829e-02 6.757209e-02 -1.643248e+01 -2.685685e+01 6.682119e-01 3369 1.326913e-02
961551 5.175098e-03 -2.412862e-02 6.893849e-02 1.120330e-02 -3.946024e-02 7.335909e-02 8.041038e+00 -2.045089e+01 5.896644e+00 6644 2.756920e-02
836514 -6.043359e-03 -6.191925e-03 1.562807e-01 -4.515985e-02 -2.388402e-02 1.983562e-01 -2.071453e+01 -9.369026e+00 2.228147e+01 1859 1.421129e-02
461398 -6.414924e-03 2.433158e-02 6.724603e-02 -7.284644e-03 2.918982e-02 6.648779e-02 -5.056707e+00 2.824671e+01 -4.408543e+00 931 4.460585e-03
120098 -2.126111e-02 2.701366e-03 6.768693e-02 -3.377502e-02 5.836123e-03 6.984215e-02 -3.723559e+01 9.327583e+00 6.412942e+00 1453 5.750372e-03
587577 1.762071e-02 2.369350e-02 7.291013e-02 5.649016e-02 1.073866e-01 1.469351e-01 9.218779e+00 1.984973e+01 1.755673e+01 1193 7.198113e-03
462375 2.928768e-02 -4.910658e-03 6.197142e-02 2.082956e-01 -3.753691e-02 4.560333e-02 3.423854e+01 -6.240366e+00 -3.130695e+00 2877 1.377199e-02
838144 -2.618121e-02 5.266094e-03 6.789042e-02 -3.377231e-02 9.772046e-03 6.726421e-02 -2.471502e+01 1.467043e+01 -2.038812e+00 5451 2.330195e-02
463065 -2.332567e-02 6.283174e-03 6.705813e-02 -3.230446e-02 9.928871e-03 6.573366e-02 -2.651604e+01 1.076643e+01 -3.911408e+00 3872 1.908110e-02
712589 -2.479632e-02 -1.939137e-03 6.806083e-02 -3.113625e-02 -1.479904e-03 6.930067e-02 -1.462846e+01 1.059613e+00 2.860761e+00 2750 1.444186e-02
963882 1.658229e-02 1.901765e-02 6.974506e-02 2.752540e-02 3.460166e-02 7.311254e-02 2.371181e+01 3.376785e+01 7.296750e+00 923 5.872875e-03
212974 -1.431532e-03 -2.543494e-02 6.855020e-02 -1.070822e-03 -3.695867e-02 7.272575e-02 7.435533e-01 -2.375458e+01 8.607307e+00 4179 1.892085e-02
839090 -2.702621e-02 4.648290e-03 6.761298e-02 -6.268307e-02 2.055690e-02 7.342561e-02 -2.096432e+01 9.353411e+00 3.417518e+00 1642 7.573948e-03
964251 -2.059336e-02 1.686366e-02 7.025027e-02 -3.399119e-02 2.017201e-02 7.449005e-02 -2.576543e+01 6.362303e+00 8.153543e+00 2135 1.276302e-02
839305 -2.458595e-02 -6.892265e-03 6.679733e-02 -3.271097e-02 -9.269207e-03 6.604586e-02 -2.736923e+01 -8.006768e+00 -2.531343e+00 2504 1.227819e-02
840087 -1.682729e-03 2.829732e-02 6.875846e-02 -1.002788e-03 3.688375e-02 7.073148e-02 2.944828e+00 3.718786e+01 8.545159e+00 2277 8.891895e-03
124850 4.666254e-03 -2.463303e-02 6.606942e-02 6.234761e-03 -3.015210e-02 6.695233e-02 6.371695e+00 -2.241993e+01 3.586613e+00 1857 8.800668e-03
965731 -1.135933e-02 -2.049332e-02 6.880988e-02 -5.258370e-03 -5.901452e-02 7.076134e-02 4.792456e+00 -3.025935e+01 1.532921e+00 1500 6.220593e-03
591186 -2.758272e-04 -2.130686e-02 6.792832e-02 -1.000909e-04 -3.410611e-02 7.244238e-02 2.822731e-01 -2.055854e+01 7.250621e+00 2672 1.213474e-02
466035 -2.739296e-02 6.871357e-03 6.889168e-02 -3.380713e-02 1.000114e-02 7.047958e-02 -3.829119e+01 1.868413e+01 9.479457e+00 1445 8.421681e-03
341350 -2.306760e-02 -1.118874e-02 6.958850e-02 -3.050987e-02 -1.800324e-02 7.258693e-02 -2.160822e+01 -1.978553e+01 8.705782e+00 813 5.331692e-03
466628 2.035319e-02 1.305516e-02 6.874755e-02 2.715281e-02 1.701664e-02 7.072991e-02 1.611929e+01 9.391138e+00 4.699415e+00 2095 9.924983e-03
716845 -2.253092e-02 -1.217883e-02 6.975534e-02 -3.307550e-02 -2.184151e-02 7.482131e-02 -2.039080e+01 -1.868542e+01 9.796434e+00 1224 6.952724e-03
592631 -2.671553e-02 -1.262146e-03 6.615737e-02 -3.318822e-02 5.454403e-04 6.577609e-02 -2.509535e+01 7.008214e+00 -1.478268e+00 3132 1.370207e-02
717276 2.719691e-02 -6.483775e-03 6.765259e-02 3.734429e-02 -8.146801e-03 6.620016e-02 3.102860e+01 -5.085189e+00 -4.441217e+00 3870 1.825693e-02
593115 -1.169189e-02 2.116066e-02 6.892614e-02 -1.975178e-02 3.576113e-02 6.970521e-02 -1.208310e+01 2.188850e+01 1.167958e+00 4797 1.840272e-02
468103 1.545981e-02 2.456468e-02 6.881711e-02 3.033713e-02 1.095393e-01 8.014155e-02 3.853353e+00 2.200915e+01 2.933125e+00 1050 5.348955e-03
843463 2.744103e-02 -5.103126e-04 7.010903e-02 4.602955e-02 -3.370901e-03 7.578956e-02 2.132883e+01 -3.282294e+00 6.517951e+00 1610 1.448795e-02
343183 -4.841470e-03 -2.434249e-02 6.698701e-02 -4.599832e-03 -3.350150e-02 6.646535e-02 9.420385e-01 -3.570695e+01 -2.033738e+00 3459 1.547339e-02
217810 -2.611634e-02 -3.980490e-03 6.695352e-02 -5.460738e-02 -1.938414e-04 6.886000e-02 -3.341272e+01 4.440772e+00 2.235811e+00 4047 1.630861e-02
218042 -5.584466e-03 -2.451224e-02 6.905267e-02 -8.262310e-03 -2.888873e-02 6.975174e-02 -1.039780e+01 -1.699347e+01 2.714399e+00 3396 1.352885e-02
970052 -2.124812e-02 1.869773e-02 7.035145e-02 -2.651720e-02 2.114925e-02 7.207886e-02 -2.090468e+01 9.726216e+00 6.853388e+00 1614 7.268178e-03
719240 1.960896e-02 1.675898e-02 6.761349e-02 2.363324e-02 2.002643e-02 6.767545e-02 2.337081e+01 1.897559e+01 3.598507e-01 1559 6.616814e-03
595117 1.138216e-02 2.533263e-02 6.826415e-02 1.492611e-02 7.071764e-02 7.357880e-02 1.372982e+00 1.758284e+01 2.058975e+00 2627 1.130305e-02
719461 4.292407e-03 2.441341e-02 6.604140e-02 5.740752e-03 3.481311e-02 6.636084e-02 2.967106e+00 2.130502e+01 6.544053e-01 4483 1.872175e-02
845726 -1.761099e-02 2.033314e-02 6.528526e-02 -3.292032e-02 3.577640e-02 6.799943e-02 -1.833187e+01 1.849224e+01 3.250028e+00 2006 9.494862e-03
970929 1.969489e-02 -1.131239e-02 6.702691e-02 3.001539e-02 -1.449885e-02 6.876814e-02 4.208597e+01 -1.299408e+01 7.100564e+00 1948 1.035657e-02
971044 -1.376975e-03 2.837358e-02 6.658133e-02 -1.772259e-03 3.322503e-02 6.533660e-02 -1.450355e+00 1.780070e+01 -4.567091e+00 1327 8.188898e-03
596438 -2.742804e-02 -2.880058e-03 6.717152e-02 -3.758553e-02 -5.133869e-03 6.635763e-02 -3.210675e+01 -7.124048e+00 -2.572619e+00 1767 7.096235e-03
471625 -2.633081e-03 2.972311e-02 6.800770e-02 -8.575167e-03 4.384742e-02 6.836738e-02 -8.194851e+00 1.947911e+01 4.960495e-01 2247 1.351016e-02
972154 -2.426859e-02 -2.181763e-03 6.679700e-02 -3.544023e-02 -6.920113e-03 7.026580e-02 -2.158898e+01 -9.156769e+00 6.703382e+00 2163 1.029131e-02
222219 1.818127e-02 1.594350e-02 6.583422e-02 2.272218e-02 2.000682e-02 6.574176e-02 2.533391e+01 2.266941e+01 -5.158393e-01 2637 1.343804e-02
473148 -2.102238e-02 -2.030815e-02 7.872595e-02 -4.167853e-02 -2.555824e-02 9.612527e-02 -1.912965e+01 -4.862103e+00 1.611351e+01 854 6.351835e-03
723087 -2.942913e-02 3.815423e-03 6.858229e-02 -8.653658e-02 -8.035704e-03 7.972810e-02 -2.770949e+01 -5.750366e+00 5.408134e+00 948 5.951532e-03
723118 3.490370e-03 -2.471322e-02 6.603483e-02 3.087919e-03 -3.024531e-02 6.536294e-02 -2.845335e+00 -3.911195e+01 -4.750326e+00 6139 2.359948e-02
599287 -1.880709e-02 -8.866335e-03 6.721955e-02 -3.119965e-02 1.584739e-03 6.669498e-02 -1.239122e+01 1.044994e+01 -5.245162e-01 8100 3.443964e-02
474289 -2.300555e-02 -1.575138e-02 6.649333e-02 -5.247068e-02 -4.265580e-02 6.793846e-02 -1.183985e+01 -1.081089e+01 5.806901e-01 5042 1.963251e-02
349681 -2.550231e-02 8.782853e-03 6.751768e-02 -3.036248e-02 9.321080e-03 6.756205e-02 -2.730904e+01 3.024266e+00 2.492871e-01 1524 1.123595e-02
224655 -1.571749e-02 -2.276013e-02 6.890560e-02 -1.779070e-02 -3.410464e-02 7.048262e-02 -6.046481e+00 -3.308607e+01 4.599348e+00 1290 8.666389e-03
600966 -1.981645e-02 1.615787e-02 6.798098e-02 -4.702561e-02 4.218884e-02 7.276858e-02 -3.200492e+01 3.061907e+01 5.631438e+00 2791 1.097089e-02
851210 -4.802024e-03 -2.546334e-02 6.749505e-02 -4.600618e-03 -3.048818e-02 6.851021e-02 1.120999e+00 -2.796770e+01 5.650268e+00 896 4.228043e-03
601472 -3.388816e-03 2.936342e-02 6.888765e-02 -3.513072e-03 3.270808e-02 6.966614e-02 -1.048864e+00 2.823270e+01 6.571322e+00 2386 1.080451e-02
977623 8.993364e-03 -2.604000e-02 6.779327e-02 8.523318e-03 -3.015006e-02 6.851435e-02 -2.544474e+00 -2.224877e+01 3.903377e+00 2998 1.737452e-02
478274 -1.181138e-02 1.608395e-02 6.633182e-02 -2.191879e-02 2.422971e-02 6.683486e-02 -3.365045e+01 2.711954e+01 1.674756e+00 1374 8.480780e-03
478524 -2.846139e-02 5.960568e-03 6.800995e-02 -3.216936e-02 7.030049e-03 6.884301e-02 -1.386337e+01 3.998576e+00 3.114641e+00 3938 2.436552e-02
353900 2.082701e-02 3.385961e-03 6.857103e-02 3.200866e-02 7.711554e-03 6.924600e-02 2.008939e+01 7.771525e+00 1.212678e+00 1889 9.052025e-03
228503 2.741515e-02 -7.031927e-03 7.011863e-02 4.328344e-02 -6.557538e-03 7.244698e-02 2.809210e+01 8.398232e-01 4.121939e+00 1982 1.084685e-02
980528 -8.347539e-03 2.299506e-02 6.750393e-02 -8.865368e-03 3.317268e-02 6.742428e-02 -1.680212e+00 3.302356e+01 -2.584261e-01 2141 8.415969e-03
980573 -1.455352e-02 -1.752107e-02 6.777252e-02 -2.019854e-02 -2.525349e-02 6.614384e-02 -2.204295e+01 -3.019391e+01 -6.359750e+00 3908 1.484517e-02
980738 2.511517e-02 2.989833e-03 6.744107e-02 4.805511e-02 1.208930e-02 6.658501e-02 2.586466e+01 1.025960e+01 -9.652078e-01 1593 7.950943e-03
229568 2.497040e-02 -2.706906e-03 6.707038e-02 3.252572e-02 -4.079787e-03 6.941765e-02 2.186971e+01 -3.973954e+00 6.794421e+00 1763 8.217383e-03
856087 2.222303e-02 -5.869761e-03 6.629083e-02 3.223857e-02 -1.719786e-02 7.187433e-02 1.965647e+01 -2.223251e+01 1.095816e+01 4144 1.658723e-02
981254 5.655350e-03 2.447406e-02 6.720321e-02 5.156885e-03 3.816205e-02 6.793825e-02 -6.513677e-01 1.788671e+01 9.605124e-01 2465 1.229539e-02
730834 2.470992e-02 7.829495e-03 6.501329e-02 4.155221e-02 9.517514e-03 6.403059e-02 2.376389e+01 2.381736e+00 -1.386558e+00 2787 1.178199e-02
606836 -6.177443e-03 -2.781906e-02 6.561880e-02 -1.258579e-02 -5.490168e-02 6.698865e-02 -6.450997e+00 -2.726288e+01 1.378969e+00 2750 1.237072e-02
481657 -2.326663e-02 1.371425e-03 6.765832e-02 -3.077946e-02 1.353782e-03 6.999124e-02 -3.451989e+01 -8.106830e-02 1.071927e+01 1048 5.618776e-03
858511 -1.425491e-02 2.304925e-02 6.657889e-02 -3.513266e-02 4.848386e-02 5.975931e-02 -1.444041e+01 1.759223e+01 -2.657241e+00 1288 6.834698e-03
484764 -1.218133e-02 -2.047812e-02 6.586957e-02 -2.322589e-02 -3.149294e-02 6.859392e-02 -1.901014e+01 -1.895894e+01 4.689203e+00 1463 1.002947e-02
610202 -5.020456e-03 2.463282e-02 6.680213e-02 -7.059522e-03 3.205063e-02 6.757394e-02 -7.711186e+00 2.805213e+01 2.918782e+00 5737 2.571436e-02
610572 -1.725967e-02 1.595026e-02 6.769373e-02 -2.656675e-02 2.266136e-02 7.193294e-02 -1.887458e+01 1.360999e+01 8.597043e+00 2104 1.427992e-02
611474 -2.394472e-02 1.323588e-02 6.742671e-02 -2.978202e-02 1.776453e-02 6.809049e-02 -1.703374e+01 1.321496e+01 1.936951e+00 1364 6.374071e-03
861609 1.144777e-02 2.558211e-02 6.743037e-02 2.383327e-02 5.419652e-02 6.725792e-02 7.828899e+00 1.808722e+01 -1.090038e-01 5699 2.274334e-02
987032 -1.849259e-02 1.885020e-02 6.729094e-02 -2.171802e-02 2.161692e-02 6.767328e-02 -2.086394e+01 1.789675e+01 2.473166e+00 6867 2.779974e-02
486914 2.762501e-02 -9.001569e-03 7.163007e-02 3.209440e-02 -9.708485e-03 7.430556e-02 1.976045e+01 -3.125476e+00 1.182908e+01 2320 1.134206e-02
862508 -1.848182e-02 1.990890e-02 6.274999e-02 -2.610083e-02 3.392155e-02 6.036735e-02 -1.776414e+01 3.267129e+01 -5.555252e+00 2203 1.035330e-02
988362 2.014831e-02 1.708777e-02 6.940394e-02 3.447548e-02 2.847965e-02 8.058630e-02 2.913184e+01 2.316342e+01 2.273741e+01 3259 1.304338e-02
613197 5.666285e-03 -2.690620e-02 6.993779e-02 6.897305e-03 -3.063224e-02 7.105983e-02 1.095381e+01 -3.315486e+01 9.984109e+00 1648 7.382979e-03
238257 2.457311e-02 -2.385263e-03 6.843319e-02 3.316270e-02 -6.452776e-03 7.643116e-02 2.326292e+01 -1.101591e+01 2.166062e+01 4152 1.624720e-02
738909 3.491436e-03 -2.911824e-02 7.039162e-02 5.026557e-03 -7.034375e-02 7.376309e-02 9.673354e-01 -2.597767e+01 2.124488e+00 5088 2.076838e-02
364186 -2.373211e-02 -1.027606e-02 6.882253e-02 -3.112271e-02 -1.788265e-02 6.964043e-02 -1.772176e+01 -1.823968e+01 1.961220e+00 1453 6.987948e-03
739019 4.822049e-03 -2.909889e-02 6.382197e-02 1.109969e-02 -4.695687e-02 6.065311e-02 1.031506e+01 -2.934322e+01 -5.206875e+00 1152 5.853844e-03
865193 -1.115263e-02 2.594175e-02 6.525503e-02 -1.222769e-02 3.016646e-02 6.336740e-02 -4.377125e+00 1.720099e+01 -6.341677e+00 2313 1.065150e-02
239056 -2.442966e-02 -1.496031e-03 1.627912e-01 -2.089590e-01 1.654515e-03 2.380979e-01 -1.574576e+01 2.688340e-01 6.425866e+00 2970 2.390471e-02
364663 -1.447063e-02 2.521580e-02 6.743304e-02 -2.367814e-02 4.030682e-02 6.580063e-02 -1.113146e+01 1.824434e+01 -1.973509e+00 3591 1.486273e-02
739674 -2.194344e-02 1.644577e-02 6.743556e-02 -2.915027e-02 1.957286e-02 7.084782e-02 -2.751128e+01 1.193730e+01 1.302590e+01 3911 1.531321e-02
991235 1.754471e-02 1.912482e-02 6.627232e-02 2.239949e-02 2.196705e-02 6.715131e-02 2.098302e+01 1.228453e+01 3.799157e+00 1132 6.535643e-03
240327 -2.590833e-02 -2.961992e-03 6.639704e-02 -4.563044e-02 -4.818033e-03 6.785004e-02 -2.626759e+01 -2.472033e+00 1.935235e+00 1679 9.598054e-03
867030 -2.359304e-02 1.848291e-02 6.753385e-02 -4.277684e-02 3.195322e-02 6.984731e-02 -2.114992e+01 1.485086e+01 2.550564e+00 2524 1.425664e-02
992401 2.547151e-02 -4.784524e-04 6.896368e-02 3.688382e-02 9.439995e-04 7.269273e-02 2.305482e+01 2.873596e+00 7.533315e+00 3633 1.417260e-02
241598 -1.257143e-02 2.723480e-02 6.807154e-02 -2.587283e-02 4.284819e-02 6.536130e-02 -2.195462e+01 2.577067e+01 -4.473391e+00 962 6.031829e-03
868132 -2.629593e-02 1.073188e-02 6.523118e-02 -6.961816e-02 2.828821e-02 6.036452e-02 -2.624260e+01 1.063481e+01 -2.776954e+00 1655 9.279509e-03
743193 2.119529e-02 1.344958e-02 6.650316e-02 3.016734e-02 2.014607e-02 6.566605e-02 1.943286e+01 1.450415e+01 -1.813128e+00 1595 6.811922e-03
494053 2.624030e-02 5.027289e-03 6.714388e-02 3.655899e-02 6.185918e-03 6.685220e-02 3.554265e+01 3.990889e+00 -1.004689e+00 1935 1.072223e-02
619342 -2.081944e-02 1.720933e-02 6.730779e-02 -4.088660e-02 3.311009e-02 6.761945e-02 -2.677918e+01 2.121922e+01 4.159095e-01 1680 6.877935e-03
869860 1.099055e-02 -2.778607e-02 6.415001e-02 1.232391e-02 -3.116422e-02 6.457844e-02 1.090433e+01 -2.762674e+01 3.503725e+00 1806 1.080438e-02
369480 -2.360408e-02 1.586517e-02 6.929898e-02 -2.574990e-02 1.760842e-02 6.965781e-02 -1.766182e+01 1.434828e+01 2.953432e+00 2160 1.118028e-02
243972 -2.028417e-02 -8.517797e-03 6.746433e-02 -3.085383e-02 -1.619234e-02 6.982183e-02 -2.395729e+01 -1.739519e+01 5.343530e+00 3563 1.430713e-02
369658 1.591814e-02 2.466611e-02 6.328326e-02 1.207242e-01 2.667734e-01 2.799918e-04 1.060953e+01 2.450855e+01 -6.377828e+00 1735 8.010829e-03
244205 -1.039706e-02 -2.399129e-02 6.976309e-02 -1.876636e-02 -3.365039e-02 7.294645e-02 -1.396824e+01 -1.612089e+01 5.312971e+00 3049 1.565825e-02
997621 -2.696006e-02 -2.225515e-03 6.679741e-02 -3.772356e-02 -6.503365e-03 6.577578e-02 -2.680036e+01 -1.065155e+01 -2.543781e+00 1734 7.618795e-03
622621 -1.627219e-02 1.832619e-02 6.644416e-02 -2.250683e-02 2.097236e-02 6.510171e-02 -2.113491e+01 8.970314e+00 -4.550793e+00 2935 1.560932e-02
497768 1.760905e-02 1.902507e-02 6.762146e-02 3.510163e-02 3.621463e-02 6.874707e-02 2.149579e+01 2.112342e+01 1.383207e+00 4823 2.059931e-02
497877 -9.605882e-03 2.546104e-02 6.882317e-02 -1.522157e-02 3.715626e-02 6.666167e-02 -9.678062e+00 2.015553e+01 -3.725127e+00 1815 1.204025e-02
247269 -1.294885e-02 -2.180563e-02 6.589478e-02 -1.708921e-02 -2.745953e-02 6.283709e-02 -1.821701e+01 -2.487635e+01 -6.371532e+00 2600 1.329243e-02
247423 1.648473e-02 2.200449e-02 7.008984e-02 2.033999e-02 3.112941e-02 7.650336e-02 1.243893e+01 2.944141e+01 2.069314e+01 1322 6.776019e-03
247662 1.980917e-02 -1.773648e-02 6.568173e-02 2.583123e-02 -2.321632e-02 6.233633e-02 1.572074e+01 -1.430528e+01 -5.643787e+00 2442 1.265207e-02
248372 2.425499e-03 -2.885640e-02 7.024477e-02 -8.884728e-04 -8.541118e-02 8.918809e-02 -1.845519e+00 -3.149481e+01 1.054936e+01 1986 9.901239e-03
874791 -2.139341e-02 1.770346e-02 6.732151e-02 -2.435799e-02 2.124351e-02 6.642211e-02 -2.110418e+01 2.520090e+01 -6.402638e+00 1415 9.057370e-03
499842 2.482612e-02 -1.163469e-02 6.770165e-02 3.863676e-02 -1.615578e-02 6.566274e-02 2.189776e+01 -7.168501e+00 -3.232840e+00 2069 1.074733e-02
374563 -3.803887e-04 2.601803e-02 6.868648e-02 8.712584e-04 3.162851e-02 6.867512e-02 9.066903e+00 4.064223e+01 -8.231703e-02 1495 6.746401e-03
249091 -5.111321e-03 -2.239833e-02 6.892321e-02 -5.132647e-03 -3.067642e-02 7.076070e-02 -7.851929e-02 -3.047833e+01 6.765314e+00 965 4.228967e-03
