/n/home03/calmiller/DSMC_Simulations/5_29_20_cold_guided/flow_4.00000_gap_0.00100_len_0.04000_T1_2.00000_T2_2.00000/data
running....
idx x y z xnext ynext znext vx vy vz collides time
751178 -1.688534e-02 -9.239271e-03 2.311814e-01 -2.460305e+00 -8.968303e-01 1.526205e+01 -6.097578e+00 -2.214993e+00 3.750969e+01 257 8.214546e-04
752190 3.142998e-03 -1.646058e-02 3.281503e-01 1.720138e+00 -2.397675e+00 3.029119e+01 1.656661e+00 -2.297539e+00 2.891016e+01 86 5.533940e-04
877349 -1.343859e-02 -2.162651e-02 1.825414e-01 -5.902921e-01 -1.632639e+00 4.507549e+00 -3.293858e+00 -9.198946e+00 2.469598e+01 52 2.627216e-04
128907 -1.147534e-03 1.382461e-02 2.058784e-01 2.887000e-01 7.211850e-01 3.619775e+00 1.509125e+00 3.682954e+00 1.777485e+01 54 5.587358e-04
629051 -9.351040e-03 7.646502e-04 1.137237e-01 -5.283600e-01 -4.841917e-02 6.757508e-01 -1.274914e+01 -1.208171e+00 1.380585e+01 67 3.162750e-04
129175 -2.701007e-03 -4.474746e-04 1.331220e-01 -4.464395e-02 -4.599372e-02 8.015615e-01 -1.639730e+00 -1.780599e+00 2.613218e+01 60 2.353030e-04
504214 7.298805e-03 1.237726e-02 2.694731e-01 3.313174e+00 2.623507e+00 2.859871e+01 3.037667e+00 2.399287e+00 2.603087e+01 146 8.033086e-04
378992 8.823317e-04 -4.708074e-03 1.269767e-01 -6.948268e-03 -8.942119e-02 4.550141e-01 -5.236721e-01 -5.665198e+00 2.193753e+01 154 4.621988e-04
15040 -3.443381e-04 2.773316e-02 2.014583e-01 1.010880e-01 6.013527e-01 2.713042e+00 9.324244e-01 5.273041e+00 2.308792e+01 58 3.688638e-04
885079 -1.792731e-02 -1.714201e-03 1.390426e-01 -8.611883e-01 -2.307600e-01 2.099173e+00 -8.306700e+00 -2.256259e+00 1.930863e+01 104 4.222150e-04
511600 -1.897609e-03 -7.386391e-03 2.196407e-01 -1.098022e+00 -1.269816e+00 1.949447e+01 -1.745748e+00 -2.010614e+00 3.069814e+01 16 1.975764e-04
513803 -1.183818e-03 4.095214e-03 1.138496e-01 4.116998e-02 2.525515e-02 2.709733e-01 5.537514e+00 2.766539e+00 2.054301e+01 43 1.871594e-04
23428 3.372880e-03 -8.807488e-04 1.315967e-01 1.073375e-01 -1.012260e-01 9.404396e-01 4.492957e+00 -4.336540e+00 3.495512e+01 81 2.818623e-04
766134 -2.375802e-03 1.693996e-02 1.339267e-01 -1.902534e-01 2.392357e+00 5.099292e+00 -7.059470e-01 8.925591e+00 1.865728e+01 154 5.216141e-04
143449 -3.380653e-04 2.231009e-03 1.187364e-01 6.867672e-03 -1.440624e-02 4.556692e-01 5.803866e-01 -1.340048e+00 2.713828e+01 36 1.571102e-04
771332 5.623485e-04 -5.795040e-03 1.417924e-01 -2.341029e-01 -4.550956e-01 2.412409e+00 -2.245309e+00 -4.298968e+00 2.172557e+01 135 4.592797e-04
646777 1.490431e-02 -6.274659e-03 1.631798e-01 4.334727e-01 -1.372938e-01 1.952115e+00 6.265141e+00 -1.961097e+00 2.677683e+01 99 4.046899e-04
147719 1.096731e-02 2.750171e-02 3.025022e-01 1.567418e+00 1.666328e-01 9.581473e+00 3.486245e+00 3.116352e-01 2.078367e+01 52 7.845208e-04
522731 -1.764484e-02 -1.112717e-02 1.968915e-01 -8.665804e-01 -7.486730e-01 4.970863e+00 -3.730627e+00 -3.241127e+00 2.097910e+01 157 7.101711e-04
896752 -1.081211e-02 1.909793e-02 2.343078e-01 -1.283732e+00 2.643879e+00 1.346190e+01 -2.762414e+00 5.696141e+00 2.870572e+01 37 2.816802e-04
522982 -2.861875e-03 -5.288518e-03 1.251187e-01 -1.841872e-01 -1.543108e-01 9.419162e-01 -5.578426e+00 -4.584632e+00 2.512856e+01 308 8.285618e-04
272075 2.610368e-03 -9.171714e-03 1.362788e-01 1.549845e-02 -3.083059e-01 1.296536e+00 2.408791e-01 -5.590835e+00 2.168528e+01 59 2.845408e-04
397805 -2.471611e-02 -4.330969e-03 1.615972e-01 -8.478053e-01 -1.403597e-01 1.813942e+00 -9.321085e+00 -1.540460e+00 1.871200e+01 257 8.383811e-04
773776 2.686459e-03 -8.900012e-03 1.724861e-01 -1.777064e-01 -8.252172e-01 5.837913e+00 -1.005998e+00 -4.552361e+00 3.159442e+01 24 1.636634e-04
149159 -8.184230e-03 4.491211e-03 2.197936e-01 -1.226476e+00 1.177758e+00 1.977254e+01 -1.380780e+00 1.329750e+00 2.216056e+01 120 5.761033e-04
898707 1.163497e-03 6.660432e-03 1.253238e-01 4.919144e-03 2.958148e-01 1.372401e+00 7.931399e-02 6.106533e+00 2.633652e+01 19 9.305864e-05
775050 2.273784e-02 -1.409538e-02 3.128915e-01 2.718183e+00 -3.106780e+00 2.380208e+01 3.212757e+00 -3.686234e+00 2.799725e+01 67 4.727862e-04
150293 -1.545147e-04 -3.082426e-03 1.140769e-01 -1.726307e-02 -2.875122e-02 1.744699e-01 -4.064971e+00 -6.098873e+00 1.434929e+01 53 2.288857e-04
150440 -3.974018e-05 -4.793956e-03 1.152565e-01 7.438453e-02 -1.139655e-01 5.920422e-01 3.647623e+00 -5.350627e+00 2.336784e+01 109 3.433476e-04
776318 -4.545903e-03 1.827525e-04 1.114957e-01 -6.813807e-02 -4.439410e-02 3.683870e-01 -4.530015e+00 -3.175451e+00 1.829976e+01 72 3.075713e-04
777480 -1.347556e-02 1.027471e-02 1.334246e-01 -3.485626e-02 4.062882e-02 2.186792e-01 -3.366007e+00 4.778709e+00 1.342182e+01 74 5.447734e-04
527914 -1.398439e-03 2.367969e-04 1.326821e-01 -4.075229e-02 1.427363e-02 1.092251e+00 -1.318458e+00 4.702710e-01 3.214809e+01 32 1.081429e-04
156045 -1.603554e-02 4.496431e-03 1.570978e-01 -2.287567e-01 4.234034e-02 6.951023e-01 -6.327381e+00 1.125665e+00 1.600292e+01 99 6.127152e-04
46494 8.948205e-04 -1.591888e-03 1.223866e-01 1.554196e-02 8.623490e-04 4.005401e-01 1.489961e+00 2.496540e-01 2.829480e+01 58 1.788739e-04
157506 -1.021595e-02 4.136769e-04 2.419247e-01 -4.037666e-01 2.341217e-01 8.367294e+00 -1.385662e+00 8.228683e-01 2.860881e+01 22 3.036380e-04
906394 5.424366e-03 -3.966804e-03 1.366316e-01 1.318983e-01 -5.136014e-02 8.433969e-01 3.867426e+00 -1.449233e+00 2.161206e+01 76 3.768800e-04
50468 6.738891e-03 3.770918e-03 1.332607e-01 5.103067e-01 1.697186e-01 1.708442e+00 7.549647e+00 2.487939e+00 2.361562e+01 168 5.819933e-04
660934 -2.013411e-02 1.503818e-02 1.973933e-01 -1.305476e+00 1.282430e+00 6.650867e+00 -3.757205e+00 3.704732e+00 1.886425e+01 127 6.966830e-04
161453 7.998796e-03 1.677009e-03 2.958852e-01 6.824692e+00 4.101996e-01 7.630622e+01 2.586440e+00 1.550046e-01 2.884040e+01 47 4.233339e-04
910254 2.587542e-03 2.869840e-02 3.353795e-01 -1.046507e+00 7.900890e+00 4.749266e+01 -6.510673e-01 4.885477e+00 2.926578e+01 24 4.232414e-04
286829 5.455032e-03 5.065602e-03 1.747171e-01 4.620628e-01 1.578866e+00 1.843197e+01 6.846332e-01 2.359740e+00 2.737475e+01 43 2.858479e-04
414355 3.963008e-03 3.716105e-03 1.243844e-01 1.216209e-01 1.319787e-01 1.939484e+00 1.821359e+00 1.985520e+00 2.809796e+01 36 1.744042e-04
60268 -2.265946e-03 1.478649e-02 1.796068e-01 -2.312010e-01 6.241474e-01 3.093892e+00 -1.989378e+00 5.295164e+00 2.532427e+01 145 4.942876e-04
666351 -1.347922e-03 2.400537e-03 1.227041e-01 3.940361e-03 -2.836939e-02 6.314193e-01 3.399762e-01 -1.978155e+00 3.270458e+01 18 7.359754e-05
914626 -1.064991e-02 2.611182e-02 2.585667e-01 -2.185090e-02 7.115205e-02 4.371416e-01 -1.577093e+00 6.341637e+00 2.514324e+01 73 4.989029e-04
541922 3.391819e-03 -4.848263e-03 1.174239e-01 7.197122e-02 -2.316935e-02 3.253293e-01 9.342069e+00 -2.495747e+00 2.832142e+01 96 3.149406e-04
167841 -1.698826e-02 -1.655837e-02 1.860821e-01 -1.335195e+00 -2.263138e+00 8.539591e+00 -4.243984e+00 -7.232891e+00 2.689423e+01 61 3.035760e-04
416762 1.825692e-04 -2.058441e-02 2.134680e-01 4.360244e-02 -1.044309e+00 6.018957e+00 1.704949e-01 -4.019815e+00 2.279616e+01 46 4.519676e-04
917642 -2.595824e-03 -4.092508e-03 2.176918e-01 1.238814e+00 3.513121e+00 5.330214e+01 7.460812e-01 2.113829e+00 3.190350e+01 98 3.907930e-04
65493 1.678241e-03 1.307656e-03 1.114152e-01 3.059605e-02 5.466785e-03 2.030306e-01 6.324363e+00 9.096067e-01 2.003642e+01 168 4.252749e-04
794914 5.850964e-03 2.777855e-04 1.721893e-01 9.341578e-02 -3.029060e-02 1.719002e+00 1.600631e+00 -5.587712e-01 2.827478e+01 38 1.873201e-04
544899 1.664224e-03 -1.445302e-03 1.227918e-01 4.296843e-02 -7.640874e-02 9.118280e-01 1.465805e+00 -2.660304e+00 2.800134e+01 36 1.405830e-04
546306 1.361477e-03 -8.173336e-04 1.279026e-01 1.012665e-01 -8.794737e-02 9.044793e-01 2.311461e+00 -2.015891e+00 1.796733e+01 106 4.720496e-04
546522 -1.734797e-03 -8.381479e-03 2.605350e-01 -5.433721e-01 -1.143738e+00 1.750557e+01 -7.142838e-01 -1.497251e+00 2.274187e+01 154 6.695490e-04
68841 -3.420239e-03 1.743595e-03 1.162410e-01 -5.402923e-02 2.502526e-02 3.633605e-01 -5.294624e+00 2.435688e+00 2.585321e+01 96 2.970404e-04
423461 8.834436e-03 -5.394791e-03 1.453933e-01 4.124571e-01 -2.278456e-01 2.282151e+00 4.524736e+00 -2.493743e+00 2.395372e+01 24 1.552841e-04
75779 -1.132550e-03 5.061385e-03 1.154814e-01 -2.802673e-02 4.798159e-02 2.497177e-01 -3.677537e+00 5.868950e+00 1.835561e+01 249 7.562953e-04
803350 1.456380e-03 -5.470718e-03 2.014627e-01 -4.517452e-02 -1.140642e-01 3.448979e+00 -3.463597e-01 -8.065984e-01 2.412153e+01 208 8.036821e-04
301432 2.440633e-03 6.745076e-03 1.561775e-01 1.184356e+00 1.354494e+00 1.076311e+01 3.581343e+00 4.083836e+00 3.214025e+01 142 4.516334e-04
79422 -3.643377e-03 2.547357e-03 1.091668e-01 -2.501688e-02 -1.850313e-02 2.424541e-01 -2.485377e+00 -2.447815e+00 1.549906e+01 52 2.084236e-04
180021 2.446342e-03 3.947664e-03 1.498487e-01 3.185076e-01 -5.609425e-02 1.942735e+00 3.715498e+00 -7.058303e-01 2.107650e+01 146 5.165419e-04
180612 -1.636290e-02 -8.146262e-03 2.098220e-01 -5.457045e-01 -6.303614e-01 5.569083e+00 -2.231228e+00 -2.622699e+00 2.258982e+01 79 5.033770e-04
82140 -1.830786e-03 -1.949107e-03 1.429935e-01 -6.708748e-02 -3.316780e-02 7.729768e-01 -1.354447e+00 -6.479652e-01 1.307573e+01 119 6.519892e-04
182256 -2.816538e-04 3.078522e-03 1.225646e-01 1.407284e-02 2.737936e-02 3.720353e-01 1.176566e+00 1.991817e+00 2.044786e+01 56 2.206058e-04
87351 -1.178518e-03 1.952209e-02 1.988830e-01 -4.298220e-01 1.373683e+00 8.488590e+00 -1.086521e+00 3.432512e+00 2.101266e+01 60 4.117429e-04
88185 -7.071114e-04 -8.906676e-03 1.337586e-01 -2.760322e-03 -1.254943e-01 5.778807e-01 -7.736571e-02 -4.393064e+00 1.673468e+01 110 4.204097e-04
433453 -8.715525e-03 -3.763805e-03 1.252717e-01 -4.759860e-02 -1.778562e-02 1.870366e-01 -1.051801e+01 -3.792950e+00 1.670765e+01 104 5.615619e-04
811135 2.799502e-03 -8.103672e-03 1.519875e-01 1.937377e-01 -3.680543e-01 2.240384e+00 2.870867e+00 -5.412066e+00 3.140026e+01 43 1.611187e-04
937963 2.984881e-03 2.454905e-03 1.593455e-01 2.303992e-01 2.448000e-01 2.261021e+00 2.119379e+00 2.258525e+00 1.958648e+01 67 3.816026e-04
691621 -5.989008e-03 -1.000353e-02 1.531723e-01 -2.826110e-01 -2.576454e-01 2.008485e+00 -3.806700e+00 -3.407894e+00 2.553166e+01 35 2.174737e-04
192904 1.926093e-03 6.110982e-03 1.409193e-01 1.323057e-01 1.712586e-01 1.040982e+00 3.757932e+00 4.760051e+00 2.594251e+01 178 5.447703e-04
100102 5.905964e-03 5.372696e-03 1.423382e-01 1.297492e-01 9.131216e-02 8.697966e-01 4.320870e+00 2.998413e+00 2.538090e+01 199 6.144587e-04
940544 -5.112337e-03 -2.584805e-03 1.250815e-01 -7.267131e-02 -1.059855e-02 3.068606e-01 -8.026961e+00 -9.521467e-01 2.159792e+01 206 6.842269e-04
316965 1.051626e-03 5.492662e-03 2.242504e-01 2.783504e-02 1.562513e-02 1.137310e+00 7.218703e-01 2.730917e-01 2.460890e+01 51 3.764877e-04
443273 2.307082e-03 -3.555505e-03 2.827098e-01 9.521587e-02 -1.542741e-01 4.484399e+00 5.229708e-01 -8.483740e-01 2.365073e+01 257 1.180261e-03
444572 4.509152e-03 2.954600e-02 1.379482e-01 6.452106e-01 2.363246e+00 2.878187e+00 3.208115e+00 1.168528e+01 1.372090e+01 341 1.342691e-03
106492 -2.225541e-04 -5.326248e-03 1.090376e-01 -6.157162e-02 -6.725441e-02 1.731793e-01 -6.233413e+00 -6.292253e+00 6.517162e+00 276 1.071916e-03
199328 -2.510893e-03 -5.273055e-03 1.266123e-01 -3.313528e-02 -1.589054e-03 3.307934e-01 -2.573216e+00 3.095485e-01 1.715634e+01 114 5.732358e-04
576046 -2.729716e-03 -1.622242e-03 1.460476e-01 -8.786121e-02 -1.665377e-02 8.231818e-01 -1.920833e+00 -3.391584e-01 1.527827e+01 82 4.148078e-04
948572 -8.444734e-03 -6.574555e-03 1.373951e-01 -3.339174e-02 -4.111196e-02 2.595741e-01 -5.319665e+00 -7.364709e+00 2.605328e+01 168 4.948512e-04
827690 3.813829e-03 1.218844e-02 1.962407e-01 5.655555e-01 4.120155e-01 6.570207e+00 1.330595e+00 9.470687e-01 1.509799e+01 112 9.531988e-04
326156 -7.075347e-03 2.118090e-03 1.353415e-01 -6.458225e-02 3.088047e-02 3.078206e-01 -4.686088e+00 2.343772e+00 1.405487e+01 31 2.550613e-04
451726 -1.947200e-02 -1.523970e-02 1.553744e-01 -4.707541e+00 -4.120114e+00 1.438873e+01 -7.636998e+00 -6.686958e+00 2.318654e+01 51 2.741763e-04
705170 4.772014e-03 1.450099e-03 1.262044e-01 1.094788e-01 -3.260528e-02 9.012745e-01 3.292876e+00 -1.070992e+00 2.437483e+01 250 7.011621e-04
582682 -8.360423e-03 8.640479e-03 1.654726e-01 -7.880866e-01 1.275063e+00 6.513553e+00 -2.933246e+00 4.764147e+00 2.388080e+01 85 3.538576e-04
209281 7.141403e-03 1.905466e-04 1.531694e-01 6.411517e-02 2.750034e-02 6.919777e-01 2.428593e+00 1.164121e+00 2.296752e+01 40 2.415915e-04
584520 1.027287e-05 2.850899e-03 1.153289e-01 -1.382234e-03 1.195836e-02 3.509246e-01 -2.016819e-01 1.319067e+00 3.412219e+01 23 8.903247e-05
584600 -8.998508e-03 1.161589e-02 1.710632e-01 -2.109739e-01 6.020111e-01 2.257896e+00 -1.417691e+00 4.144060e+00 1.464775e+01 72 6.722791e-04
835169 -5.664655e-05 -3.178302e-03 1.226304e-01 3.024038e-02 -4.111482e-02 4.415918e-01 2.923340e+00 -3.660469e+00 3.077636e+01 44 1.653660e-04
458092 -5.786312e-03 1.529652e-03 1.546966e-01 -2.837726e-02 1.680830e-02 6.912946e-01 -1.112177e+00 7.521849e-01 2.641732e+01 78 3.209847e-04
333327 1.362579e-02 -9.520272e-03 2.003703e-01 6.497773e-01 -4.763688e-01 3.986646e+00 2.105754e+00 -1.545336e+00 1.253312e+01 136 1.014493e-03
334550 4.169315e-03 4.265513e-03 1.297182e-01 1.421646e-02 2.866334e-02 3.749647e-01 1.142832e+00 2.775180e+00 2.789606e+01 36 1.591060e-04
590427 -1.558783e-04 -4.273214e-03 1.477808e-01 -2.128676e-01 -1.338243e-01 2.366259e+00 -2.518617e+00 -1.533952e+00 2.626793e+01 31 1.878383e-04
840903 -6.302200e-03 2.487492e-02 3.079242e-01 -1.685640e-01 2.949698e+00 1.867008e+01 -2.151028e-01 3.877300e+00 2.434184e+01 25 4.404231e-04
463965 3.126375e-03 -3.292563e-03 1.213157e-01 9.768736e-02 3.001820e-02 1.157875e+00 2.406903e+00 8.478735e-01 2.638401e+01 42 1.523280e-04
594914 -6.963246e-04 -5.141142e-03 2.094464e-01 3.935790e-01 -9.629505e-03 3.055640e+01 3.079012e-01 -3.505095e-03 2.369883e+01 154 7.112376e-04
848439 -4.141568e-03 -1.447327e-03 1.099093e-01 -4.057834e-02 -1.225790e-02 2.628091e-01 -5.497002e+00 -1.630927e+00 2.306710e+01 36 1.227632e-04
224227 -7.233570e-03 1.847962e-03 1.648995e-01 -1.623236e-01 9.884907e-02 1.310377e+00 -4.226632e+00 2.643548e+00 3.121742e+01 72 3.385507e-04
598936 -3.993365e-03 1.057732e-03 1.189404e-01 -4.980498e-02 -3.782383e-03 5.400287e-01 -4.039259e+00 -4.267581e-01 3.712780e+01 33 1.227936e-04
470838 7.542386e-03 -2.229320e-03 1.458125e-01 6.213694e-02 -1.053544e-01 1.005056e+00 1.610938e+00 -3.042942e+00 2.535396e+01 59 2.202834e-04
601660 4.731784e-04 -6.042316e-03 1.373936e-01 2.900509e-01 -6.014375e-01 3.020580e+00 2.864617e+00 -5.889883e+00 2.852162e+01 41 1.730154e-04
347735 -2.230944e-03 -1.977948e-03 1.822803e-01 -2.513444e-02 1.410008e-01 2.432539e+00 -1.797408e-01 1.122061e+00 1.765945e+01 123 6.309745e-04
974016 6.965626e-04 5.378399e-03 1.145234e-01 -8.610464e-03 1.246452e-01 5.426008e-01 -4.900778e-01 6.280201e+00 2.254116e+01 55 2.419429e-04
606641 2.605589e-03 -3.544432e-03 1.813085e-01 -5.653988e-02 -3.430291e-01 5.278208e+00 -3.167825e-01 -1.818276e+00 2.729894e+01 75 3.642614e-04
856841 -1.377778e-02 1.656556e-02 1.622680e-01 -2.765251e-01 3.935198e-01 1.654583e+00 -3.267276e+00 4.687444e+00 1.855701e+01 109 5.901810e-04
978075 -5.786078e-03 -9.094554e-04 1.431981e-01 -8.810712e-02 -2.327095e-02 4.931158e-01 -3.493778e+00 -9.490418e-01 1.485082e+01 104 5.538090e-04
735015 -3.504509e-03 -4.499298e-03 1.179590e-01 -1.215961e-01 -6.607907e-02 8.477864e-01 -3.886853e+00 -2.026830e+00 2.402146e+01 38 1.371068e-04
484754 2.407708e-03 -1.714588e-03 1.443237e-01 4.260078e-02 -2.276760e-01 1.931706e+00 4.249887e-01 -2.389244e+00 1.889921e+01 113 4.395789e-04
864149 7.218024e-03 7.957681e-03 1.410446e-01 2.893051e-01 2.442373e-01 1.474784e+00 6.678830e+00 5.594270e+00 3.157826e+01 35 1.465660e-04
239778 1.803469e-03 3.378763e-03 1.167271e-01 -1.914985e-02 2.807926e-02 3.608130e-01 -1.830783e+00 2.158191e+00 2.132686e+01 46 1.857950e-04
240592 -6.227264e-03 -6.004923e-04 1.252580e-01 -3.961663e-02 -6.512068e-04 2.583727e-01 -6.471847e+00 -9.829965e-03 2.580158e+01 70 2.195286e-04
866448 -8.373530e-04 -1.212797e-02 2.122713e-01 -1.966092e-01 -2.244883e-01 5.220172e+00 -7.710537e-01 -8.363879e-01 1.972378e+01 318 1.345004e-03
741974 -2.776388e-03 2.129198e-03 1.234391e-01 5.183294e-02 3.456348e-01 2.363572e+00 9.559801e-01 6.013341e+00 3.921533e+01 19 5.675344e-05
987150 2.827844e-03 -1.589159e-03 1.412254e-01 1.696503e-02 -1.417726e-02 4.075700e-01 1.032785e+00 -9.196172e-01 1.945766e+01 123 4.535460e-04
247373 5.823119e-03 -4.017064e-03 1.315587e-01 3.921843e-02 -4.845482e-02 3.279847e-01 3.715396e+00 -4.943924e+00 2.185338e+01 51 2.234474e-04
623042 6.736153e-03 -2.681803e-04 1.679533e-01 3.981588e-02 2.560901e-02 2.365269e+00 2.871913e-01 2.246604e-01 1.907664e+01 72 4.670128e-04
493637 -8.028150e-04 -6.069405e-03 1.309076e-01 -2.017297e-02 -5.923736e-02 5.876070e-01 -1.089719e+00 -2.991104e+00 2.569283e+01 250 7.372668e-04
749169 -9.023806e-03 -5.613330e-03 1.302578e-01 -2.259264e-02 -2.195218e-02 1.812299e-01 -4.796724e+00 -5.775955e+00 1.801919e+01 90 3.478448e-04
749785 -5.952655e-04 -3.538443e-03 1.294264e-01 -4.826325e-03 -3.798812e-02 2.637057e-01 -5.720169e-01 -4.657415e+00 1.815386e+01 96 4.073525e-04
370719 -2.124615e-03 2.015493e-03 1.080417e-01 -3.293017e-02 9.292613e-05 1.705957e-01 -8.526948e+00 -5.321648e-01 1.731491e+01 144 4.282543e-04
373681 1.294372e-03 2.716391e-03 1.329915e-01 2.188110e-02 1.779257e-02 4.344491e-01 2.529738e+00 1.852591e+00 3.704371e+01 14 7.984010e-05
