/n/home03/calmiller/DSMC_Simulations/4_8_20_Yuiki_cell/flow_1.000_gap_0.000_len_0.000/data
running....
idx x y z xnext ynext znext vx vy vz collides time
100118 -5.159211e-03 -4.703632e-03 4.998166e-02 Inf Inf -Inf 5.764402e+00 6.834751e-01 -1.664738e+00 0 0.000000e+00
150124 -3.746442e-03 2.866446e-02 1.111602e-01 -5.887113e-02 3.162586e-01 5.767189e-01 -5.453109e+00 2.844972e+01 4.605454e+01 767 3.525875e-03
125162 -3.843523e-03 -9.134589e-03 8.659807e-02 -1.544031e-02 -5.867855e-02 1.971687e-01 -3.887987e+00 -1.661031e+01 3.707036e+01 201 1.068198e-03
150271 2.010728e-03 -7.120078e-04 7.761690e-02 1.585609e-02 1.041602e-03 1.648445e-01 6.670704e+00 8.448902e-01 4.202632e+01 259 8.933581e-04
714 -4.014525e-04 -7.017363e-03 9.730004e-02 -2.094905e-02 -9.059716e-02 5.232621e-01 -2.319430e+00 -9.434558e+00 4.808296e+01 438 2.075841e-03
100456 -1.085778e-02 -6.984973e-04 9.257574e-02 -1.838565e-01 -2.129366e-02 4.703032e-01 -1.661659e+01 -1.978173e+00 3.628086e+01 581 2.341763e-03
50477 -6.351556e-04 4.037445e-03 8.162634e-02 -2.026523e-03 4.346603e-02 2.237675e-01 -3.919644e-01 1.110749e+01 4.004284e+01 371 1.383692e-03
788 3.870520e-03 -2.259626e-03 8.525786e-02 6.891831e-02 -5.500991e-02 4.446162e-01 1.047962e+01 -8.498409e+00 5.789494e+01 689 2.326088e-03
25494 6.314667e-03 2.475656e-03 4.872421e-02 -Inf Inf -Inf -1.216261e+01 1.749261e+01 -1.759126e+01 0 0.000000e+00
100544 -6.717034e-03 1.938970e-03 4.951557e-02 -Inf -Inf -Inf -5.305880e+00 -3.203532e+00 -1.030280e+01 0 0.000000e+00
50557 7.430105e-04 -1.359117e-02 1.047381e-01 -1.372278e-02 -2.780122e-01 8.651575e-01 -6.875334e-01 -1.256746e+01 3.614139e+01 536 3.043391e-03
100573 1.568731e-03 3.169596e-03 8.247916e-02 8.870355e-03 1.458834e-02 1.239093e-01 7.293022e+00 1.140529e+01 4.138136e+01 268 1.113740e-03
125624 -5.322234e-03 -1.470529e-02 8.568959e-02 -1.661238e-01 -5.307736e-01 7.589812e-01 -5.611760e+00 -1.801009e+01 2.349697e+01 388 1.841317e-03
1042 8.095720e-04 1.192128e-04 8.168188e-02 -7.587407e-04 -1.766107e-04 1.328854e-01 -8.993815e-01 -1.696461e-01 2.936371e+01 596 2.239036e-03
1065 -5.373183e-04 2.728413e-03 1.130687e-01 9.613584e-02 7.606396e-02 2.240100e+00 1.682735e+00 1.276510e+00 3.702403e+01 410 2.436128e-03
50711 -1.715218e-02 -1.263033e-02 1.171581e-01 -1.518575e+00 -9.454122e-01 3.981669e+00 -1.430037e+01 -8.884325e+00 3.680772e+01 572 3.228024e-03
100785 5.444630e-04 -1.185252e-02 1.198027e-01 -1.031471e-02 -6.872258e-02 6.089541e-01 -1.076097e+00 -5.635579e+00 4.847281e+01 285 2.113680e-03
125793 9.483207e-03 -2.461536e-04 1.063552e-01 7.557537e-02 -2.030614e-02 3.851004e-01 1.227542e+01 -3.725778e+00 5.177186e+01 632 2.851213e-03
75796 -8.729484e-03 8.894535e-03 9.108122e-02 -7.211489e-02 7.177553e-02 2.503788e-01 -1.563868e+01 1.551423e+01 3.930249e+01 523 2.075263e-03
50896 4.088942e-03 1.782087e-02 1.137380e-01 6.893138e-03 3.424094e-02 1.578845e-01 3.150379e+00 1.844716e+01 4.959649e+01 882 4.031483e-03
175945 8.522559e-04 3.958569e-04 8.173765e-02 -2.994804e-04 8.221013e-03 2.475225e-01 -3.925077e-01 2.666786e+00 5.649890e+01 550 1.836249e-03
51068 -2.511434e-04 -6.149772e-03 8.837350e-02 -5.354639e-03 -1.811234e-01 7.242158e-01 -4.761424e-01 -1.632457e+01 5.932238e+01 588 2.224994e-03
76075 -9.607076e-03 4.842450e-03 8.439687e-02 -2.075123e-01 7.991266e-02 4.215258e-01 -1.773542e+01 6.727471e+00 3.021205e+01 395 1.575919e-03
151115 5.950488e-03 3.487335e-03 7.455609e-02 1.315175e-01 6.605593e-02 2.313281e-01 2.185693e+01 1.089106e+01 2.728865e+01 553 2.205032e-03
51134 2.753809e-04 4.252149e-03 7.933529e-02 -7.876142e-03 5.196467e-02 2.144745e-01 -1.949360e+00 1.141000e+01 3.231726e+01 969 3.327752e-03
76184 -4.475296e-03 1.137501e-02 9.404167e-02 -1.619576e-02 2.993547e-02 1.356568e-01 -9.546697e+00 1.511809e+01 3.389683e+01 293 1.811125e-03
151206 -1.670270e-04 9.823174e-04 7.284301e-02 -1.250420e-02 1.248730e-02 1.448335e-01 -4.535873e+00 4.229911e+00 2.646796e+01 505 2.211101e-03
26214 -5.714236e-03 3.415926e-03 7.829219e-02 -5.790596e-02 4.648696e-02 1.851158e-01 -1.613646e+01 1.331656e+01 3.302737e+01 315 1.120188e-03
2043 5.902733e-04 4.815693e-03 8.443481e-02 -3.406163e-02 1.257893e-01 8.611912e-01 -2.443930e+00 8.532028e+00 5.478308e+01 793 2.672484e-03
176327 -1.461338e-03 2.003207e-03 7.530659e-02 9.560320e-05 5.880381e-02 2.543668e-01 4.473467e-01 1.632018e+01 5.144831e+01 436 1.568066e-03
76307 2.511519e-03 1.089131e-02 8.562082e-02 2.467874e-02 2.262730e-01 4.521382e-01 2.474860e+00 2.404630e+01 4.091985e+01 632 2.636683e-03
176391 6.699691e-04 3.117603e-03 7.826415e-02 1.886879e-02 3.233082e-02 1.740313e-01 7.526322e+00 1.208145e+01 3.960555e+01 383 1.347579e-03
2284 3.203258e-03 -5.280193e-03 7.824444e-02 2.004891e-02 -3.821777e-02 1.572914e-01 1.038450e+01 -2.030436e+01 4.872847e+01 562 2.123277e-03
76363 2.900450e-04 3.343526e-04 7.626312e-02 -1.586137e-02 2.542309e-02 1.767795e-01 -8.581363e+00 1.332982e+01 5.340507e+01 245 6.428700e-04
51401 3.793851e-03 -1.232002e-02 9.417694e-02 7.670613e-02 -4.375767e-01 1.078133e+00 2.834848e+00 -1.653409e+01 3.825648e+01 231 1.576835e-03
176447 -4.473364e-04 4.513545e-03 1.176093e-01 6.168709e-03 6.500466e-03 2.310048e-01 2.808323e+00 8.433920e-01 4.813319e+01 352 2.386282e-03
26437 1.009680e-02 3.179210e-03 8.863686e-02 5.096468e-01 9.524902e-02 1.116690e+00 2.550970e+01 4.701578e+00 5.249789e+01 693 2.469573e-03
126534 -4.606182e-03 -1.165213e-03 8.697052e-02 -6.454233e-02 -1.313692e-02 4.323482e-01 -9.580975e+00 -1.913713e+00 5.520967e+01 184 8.612072e-04
76566 -6.790614e-03 3.708341e-03 8.681774e-02 -2.814019e-02 1.823859e-02 1.514845e-01 -1.332261e+01 9.067201e+00 4.035349e+01 837 3.053017e-03
26611 4.865195e-03 3.459294e-03 7.907904e-02 3.169675e-02 3.492692e-02 1.737938e-01 8.046112e+00 9.436352e+00 2.840259e+01 359 1.616669e-03
126655 -5.768442e-03 -3.311931e-03 4.718266e-02 Inf -Inf -Inf 5.507943e+00 -2.066291e+01 -1.012999e+01 45 1.535804e-04
101693 -1.807527e-03 -1.730440e-02 1.158925e-01 -1.601591e-01 -4.929794e-01 1.624340e+00 -4.378866e+00 -1.315375e+01 4.171281e+01 564 3.196722e-03
51699 2.808940e-03 1.652481e-03 8.892762e-02 1.417506e-01 9.954515e-03 1.031848e+00 7.731225e+00 4.619555e-01 5.246757e+01 434 1.470342e-03
2881 8.056594e-03 -5.743901e-03 8.790435e-02 2.500505e-02 -2.027871e-02 1.301127e-01 8.585936e+00 -7.363204e+00 2.138235e+01 556 2.694221e-03
76711 1.741974e-02 2.044977e-02 1.068454e-01 2.133208e+00 2.754163e+00 4.793774e+00 1.353920e+01 1.749338e+01 2.999225e+01 619 3.536315e-03
76720 -1.765500e-03 -2.563307e-02 1.151850e-01 1.161752e-01 -2.734404e+00 5.434171e+00 7.252162e-01 -1.665621e+01 3.270640e+01 410 2.772807e-03
76732 2.498418e-03 8.492525e-04 8.556377e-02 7.241793e-02 -2.369015e-02 6.689077e-01 5.770950e+00 -2.025410e+00 4.814749e+01 507 1.832543e-03
101752 -8.072076e-03 -4.492842e-03 7.643559e-02 -5.156182e-02 -3.930493e-02 1.251643e-01 -1.683441e+01 -1.347538e+01 1.886234e+01 650 2.653602e-03
126762 4.741120e-03 7.923128e-03 8.367904e-02 1.941892e-01 3.397932e-01 7.584821e-01 9.189887e+00 1.609860e+01 3.273384e+01 772 3.059742e-03
101785 7.408956e-03 4.812075e-04 8.226540e-02 1.561289e-01 2.273822e-02 3.936468e-01 1.419997e+01 2.125127e+00 2.973108e+01 619 2.496402e-03
176881 -7.003179e-03 -2.563359e-03 9.019023e-02 -4.252458e-02 -1.502953e-02 2.229690e-01 -1.944479e+01 -6.824115e+00 7.268448e+01 409 1.631022e-03
176931 -1.336923e-03 1.887306e-03 8.567014e-02 -5.945935e-03 7.606602e-03 1.363872e-01 -3.828331e+00 4.750554e+00 4.212653e+01 600 2.081410e-03
151908 5.383868e-04 1.656828e-03 8.519041e-02 2.445161e-02 4.931705e-02 5.104005e-01 2.254263e+00 4.492856e+00 4.008391e+01 709 2.673236e-03
3253 5.881580e-04 1.559534e-03 8.331065e-02 2.384031e-02 5.251460e-02 5.532064e-01 2.730684e+00 5.984057e+00 5.518358e+01 370 1.244149e-03
26941 1.576989e-03 -6.857198e-03 4.977376e-02 Inf -Inf Inf 5.841977e+00 -1.605183e+01 1.962302e+01 0 0.000000e+00
101962 -1.642653e-04 9.777225e-04 7.803152e-02 -1.570818e-02 1.819766e-03 2.096887e-01 -5.579006e+00 3.022253e-01 4.725425e+01 628 1.930204e-03
52028 4.028252e-03 -2.563551e-02 1.061030e-01 3.023422e-02 -1.447709e-01 2.704428e-01 4.653977e+00 -2.115752e+01 2.918547e+01 326 2.437609e-03
52086 -2.097380e-03 -6.362570e-03 5.008440e-02 -Inf -Inf Inf -1.862974e+01 -4.431814e+00 4.061450e+00 0 0.000000e+00
77071 -2.475729e-03 6.698249e-03 4.984004e-02 Inf Inf -Inf 1.176286e+01 1.777597e+01 -6.792928e+00 11 4.043526e-05
127101 1.524054e-02 -1.808809e-02 1.112863e-01 9.645550e-02 -1.246534e-01 4.464288e-01 8.366457e+00 -1.097795e+01 3.452512e+01 352 2.598137e-03
152088 2.208479e-03 1.160399e-02 9.782265e-02 3.525516e-02 1.041921e-01 4.681560e-01 4.216262e+00 1.181285e+01 4.724899e+01 583 2.816593e-03
3613 -1.160141e-03 4.390500e-04 7.659983e-02 -7.683368e-03 -2.616608e-03 1.201958e-01 -5.457176e+00 -2.556290e+00 3.647131e+01 529 2.143798e-03
27148 6.436194e-03 6.381729e-03 8.599184e-02 4.325645e-02 3.921673e-02 1.858811e-01 1.848103e+01 1.648074e+01 5.013698e+01 485 1.848870e-03
52198 -5.016594e-03 2.488190e-03 8.033495e-02 -2.834104e-02 1.522853e-02 1.221842e-01 -1.522552e+01 8.316525e+00 2.731796e+01 666 2.644660e-03
102199 6.709918e-03 1.528931e-03 4.912319e-02 -Inf Inf -Inf -1.770789e+01 1.222007e+01 -2.257912e+01 0 0.000000e+00
27224 1.240936e-03 7.154735e-03 7.405087e-02 1.337197e-02 9.330761e-02 1.500895e-01 3.614157e+00 2.566722e+01 2.265393e+01 385 2.161100e-03
52311 1.693983e-03 1.202319e-03 9.489103e-02 8.003670e-03 9.034297e-03 2.269251e-01 2.515994e+00 3.123009e+00 5.264872e+01 871 3.582419e-03
52352 4.382161e-03 6.954952e-03 8.254651e-02 2.517665e-02 4.183602e-02 1.641890e-01 1.100828e+01 1.846548e+01 4.322023e+01 730 2.737333e-03
152347 -2.349015e-03 -4.834955e-03 1.058800e-01 -1.331325e-02 -2.991469e-01 1.518885e+00 -2.960760e-01 -7.947544e+00 3.815652e+01 332 2.188460e-03
52392 6.297494e-04 -2.430777e-03 8.329682e-02 1.519504e-03 -1.638995e-02 1.528897e-01 5.316612e-01 -8.341121e+00 4.158433e+01 316 1.309500e-03
152375 2.352580e-03 -2.084033e-03 9.880549e-02 1.561699e-01 -7.465948e-02 1.219257e+00 8.636305e+00 -4.074857e+00 6.290942e+01 355 1.533721e-03
52438 1.631345e-03 1.351480e-03 1.172362e-01 9.982281e-02 -2.473211e-02 3.474836e+00 2.079278e+00 -5.523395e-01 7.109970e+01 1411 5.692083e-03
127446 3.043148e-03 -8.188154e-04 7.516721e-02 2.508036e-02 1.291787e-03 1.301746e-01 9.526980e+00 9.124413e-01 2.378044e+01 484 1.821225e-03
77438 7.725896e-03 7.921682e-04 8.122670e-02 1.271622e-01 1.907258e-03 3.222838e-01 2.283121e+01 2.131584e-01 4.607998e+01 270 1.152667e-03
152447 4.566986e-03 -2.719694e-03 8.568166e-02 5.330737e-02 -6.430501e-02 4.204492e-01 8.463524e+00 -1.069398e+01 5.813071e+01 324 1.189873e-03
177564 -3.846255e-03 -3.247538e-03 7.500899e-02 -3.403630e-02 -4.827817e-02 1.672634e-01 -6.650886e+00 -9.920278e+00 2.032370e+01 681 2.562438e-03
152547 1.340373e-02 2.619522e-02 1.182674e-01 6.616603e-01 1.519939e+00 2.868788e+00 1.232952e+01 2.841026e+01 5.231353e+01 256 1.886782e-03
27640 -4.806613e-03 1.437908e-02 1.033578e-01 -4.369417e-02 9.506134e-02 2.968098e-01 -6.151834e+00 1.276357e+01 3.060321e+01 418 2.589212e-03
27707 -2.171237e-03 -6.210123e-03 9.429555e-02 -4.972735e-03 -8.297558e-02 5.533285e-01 -2.300615e-01 -6.304047e+00 3.769619e+01 584 2.368969e-03
77714 4.078948e-04 2.047341e-03 7.659214e-02 3.394417e-03 8.210614e-03 1.277112e-01 3.510717e+00 7.245051e+00 6.009150e+01 667 2.440259e-03
177810 -2.542655e-03 -4.113345e-03 7.915047e-02 -2.434515e-02 -3.891778e-02 1.991202e-01 -5.922680e+00 -9.454674e+00 3.258996e+01 267 1.189380e-03
77766 6.442721e-03 8.926312e-04 8.159631e-02 1.581339e-01 1.693317e-02 5.557868e-01 1.156297e+01 1.222723e+00 3.614613e+01 428 1.771298e-03
52801 -6.773676e-03 1.927383e-02 1.085692e-01 -1.442547e-01 4.468410e-01 1.125072e+00 -4.722171e+00 1.468599e+01 3.491465e+01 529 2.757459e-03
102828 -5.210743e-03 2.638468e-04 8.433326e-02 -3.762166e-02 -9.517270e-03 1.937977e-01 -1.556473e+01 -4.697195e+00 5.256820e+01 243 1.037570e-03
4843 5.912766e-03 9.836475e-04 8.159991e-02 5.296470e-02 1.266458e-02 2.037222e-01 1.370658e+01 3.402742e+00 3.557513e+01 353 1.444770e-03
102909 -4.145506e-05 9.341351e-04 7.915189e-02 -1.264980e-03 2.939602e-03 1.802805e-01 -7.031502e-01 1.152526e+00 5.811780e+01 369 1.206126e-03
27936 3.252018e-03 -4.065681e-03 8.402594e-02 6.979460e-03 -1.843895e-02 1.473900e-01 2.435887e+00 -9.392943e+00 4.140848e+01 798 3.651813e-03
152957 2.037292e-04 -4.681806e-03 7.046924e-02 1.111309e-02 -8.083560e-02 1.457722e-01 2.410554e+00 -1.682709e+01 1.663909e+01 636 2.276912e-03
152980 -3.545959e-03 -6.451690e-03 9.357635e-02 -2.676593e-02 -6.138884e-02 2.907776e-01 -6.645239e+00 -1.572226e+01 5.643631e+01 374 1.492441e-03
5085 -7.949429e-03 -1.748520e-02 1.173626e-01 -2.042602e-02 -4.116451e-02 1.890667e-01 -1.150013e+01 -2.182608e+01 6.609228e+01 304 1.879070e-03
153123 -5.930492e-03 -4.716464e-03 8.127070e-02 -1.412000e-01 -1.229117e-01 3.767282e-01 -1.703595e+01 -1.488561e+01 3.721017e+01 664 2.329730e-03
178229 5.257980e-04 -1.033270e-03 7.635905e-02 -2.776485e-02 -3.291106e-02 3.164869e-01 -6.063993e+00 -6.832884e+00 5.147049e+01 306 8.957684e-04
128174 -3.331421e-03 -3.524981e-03 8.729277e-02 -5.123753e-02 -5.615191e-02 4.103675e-01 -1.085188e+01 -1.192126e+01 7.318413e+01 488 1.631806e-03
153166 8.021066e-03 -8.089424e-04 9.311550e-02 1.049221e-01 -1.202139e-02 3.868285e-01 1.285806e+01 -1.487809e+00 3.897355e+01 345 1.709211e-03
128266 -3.740481e-03 -6.047652e-03 4.684939e-02 -Inf -Inf Inf -2.241751e+01 -8.680278e-01 4.475830e+00 12 4.819350e-05
178355 -5.105531e-03 -4.416738e-03 1.000376e-01 -2.735045e-02 -1.918792e-02 2.251432e-01 -9.923736e+00 -6.589610e+00 5.581121e+01 477 1.979852e-03
178390 3.407434e-03 5.823906e-04 7.562844e-02 9.907015e-02 3.986141e-02 2.256878e-01 1.998120e+01 8.204261e+00 3.134310e+01 510 1.946756e-03
5660 -1.090966e-02 -1.044616e-02 9.145310e-02 -3.201411e-01 -2.343436e-01 7.823586e-01 -1.785600e+01 -1.292854e+01 3.989506e+01 346 1.615551e-03
78357 -8.904585e-03 -1.859726e-03 1.123784e-01 -8.947735e-02 -2.000824e-02 5.167081e-01 -1.249222e+01 -2.813793e+00 6.268835e+01 496 2.021912e-03
178485 -2.251650e-03 7.971029e-03 8.616662e-02 -5.830743e-03 2.876381e-01 7.477461e-01 -2.761256e-01 2.157621e+01 5.104060e+01 657 2.417302e-03
5745 -5.285749e-03 7.342453e-03 9.010690e-02 -1.224674e-01 1.808828e-01 6.270890e-01 -5.531970e+00 8.192577e+00 2.535012e+01 817 3.468269e-03
5761 7.091148e-03 -6.042684e-04 5.139978e-02 Inf Inf Inf 6.436047e+00 1.541823e+00 4.045402e+00 25 1.199091e-04
178530 -1.066911e-02 3.681835e-03 9.178442e-02 -2.042769e-01 5.224826e-02 5.436119e-01 -1.759409e+01 4.413470e+00 4.105978e+01 388 1.769645e-03
178593 2.442431e-03 6.894563e-04 7.608342e-02 1.343058e-02 5.294706e-03 1.236706e-01 1.435992e+01 6.018397e+00 6.218958e+01 593 1.872574e-03
5942 1.918777e-03 5.609046e-05 7.763255e-02 7.143678e-03 4.243504e-03 1.228887e-01 8.287262e+00 6.641694e+00 7.178126e+01 749 2.584565e-03
103560 -1.731599e-03 2.163155e-03 7.972576e-02 -1.177915e-02 8.519691e-03 2.698454e-01 -2.923591e+00 1.849595e+00 5.532015e+01 400 1.350777e-03
178655 -6.066525e-03 3.784012e-03 5.054019e-02 -Inf -Inf Inf -1.928329e+01 -1.026578e-01 5.192175e+00 25 1.493870e-04
128589 -7.180172e-03 4.075206e-03 7.507616e-02 -2.015980e-01 1.867025e-01 3.148159e-01 -7.746495e+00 7.276707e+00 9.552328e+00 445 2.011425e-03
53776 -2.212137e-03 -2.969689e-03 7.890263e-02 -1.486703e-02 -2.566733e-02 1.568815e-01 -5.859237e+00 -1.050905e+01 3.610435e+01 239 1.069645e-03
153756 -8.108715e-03 3.987089e-03 8.425162e-02 -5.042248e-02 1.811694e-02 1.780506e-01 -1.744017e+01 5.823804e+00 3.866047e+01 524 2.099552e-03
103841 2.572620e-04 -7.027869e-03 4.966982e-02 Inf Inf Inf 1.270912e+01 4.597808e+00 7.798163e-01 0 0.000000e+00
6455 -1.496429e-03 -5.715727e-03 1.107184e-01 -2.423598e-05 -8.769433e-03 1.353430e-01 2.656185e+00 -5.509610e+00 4.442869e+01 665 2.764223e-03
6486 2.611028e-03 9.679068e-04 7.261296e-02 3.080158e-02 2.224451e-02 1.845291e-01 1.350888e+01 1.019572e+01 5.363006e+01 374 1.135190e-03
103877 -2.653984e-04 7.018184e-03 9.476985e-02 -2.091803e-03 1.737604e-01 6.598934e-01 -1.236259e-01 1.128647e+01 3.825215e+01 518 2.418335e-03
178963 5.167776e-03 4.503892e-03 9.765019e-02 1.109491e-02 7.087641e-03 1.287636e-01 1.037962e+01 4.524670e+00 5.448584e+01 330 1.539617e-03
28903 9.424916e-04 1.086593e-02 8.371457e-02 -4.848029e-03 7.278509e-02 1.762084e-01 -2.142315e+00 2.290819e+01 3.421988e+01 328 1.342838e-03
103948 5.725019e-04 2.917365e-03 9.508040e-02 3.106409e-02 1.096928e-01 8.764303e-01 2.388264e+00 8.363224e+00 6.119949e+01 247 1.087549e-03
53961 8.063625e-03 -1.563710e-03 9.742146e-02 8.657111e-02 -1.873853e-02 5.043787e-01 6.341305e+00 -1.387266e+00 3.287126e+01 441 2.402118e-03
6688 -1.358744e-03 4.025855e-03 7.949116e-02 -6.185566e-03 2.168735e-02 1.325237e-01 -5.336410e+00 1.952609e+01 5.863138e+01 411 1.241807e-03
154003 1.200853e-03 2.519926e-03 8.230534e-02 3.414091e-02 3.370969e-02 2.498539e-01 1.317527e+01 1.247519e+01 6.701556e+01 423 1.463252e-03
179164 -2.703254e-03 2.713344e-03 7.907053e-02 -3.308214e-02 1.820969e-02 2.114453e-01 -1.170115e+01 5.968784e+00 5.098730e+01 435 1.395844e-03
179199 1.926004e-03 8.106069e-04 8.244355e-02 1.224882e-02 -1.214071e-02 3.830983e-01 1.506049e+00 -1.889534e+00 4.386405e+01 431 1.459440e-03
104240 -2.643364e-03 2.157230e-04 7.837773e-02 -2.078390e-02 -8.171772e-03 2.079086e-01 -7.306200e+00 -3.378109e+00 5.216928e+01 564 1.995004e-03
154246 7.525390e-03 8.884692e-04 9.954648e-02 2.335746e-01 2.784344e-02 9.984545e-01 1.339579e+01 1.597366e+00 5.326975e+01 389 1.754499e-03
7205 1.392006e-03 2.842659e-03 8.140824e-02 -6.606031e-03 1.070942e-02 1.347658e-01 -6.083814e+00 5.983961e+00 4.058712e+01 478 2.000815e-03
104355 5.323955e-04 1.144995e-02 9.356317e-02 -7.176163e-03 3.101647e-01 7.226271e-01 -4.248230e-01 1.646234e+01 3.466806e+01 597 2.650255e-03
154382 -6.018318e-04 -6.610302e-05 7.391561e-02 -5.699531e-03 -7.852681e-04 1.413684e-01 -3.200075e+00 -4.514551e-01 4.234341e+01 361 1.133374e-03
79419 -6.931586e-04 -3.199566e-03 1.014796e-01 -8.198950e-03 -3.337672e-02 3.992545e-01 -1.140011e+00 -4.583432e+00 4.522729e+01 1179 4.471855e-03
7575 -7.990000e-04 7.137654e-03 5.306114e-02 -Inf Inf Inf -4.929927e+00 2.242984e+01 1.978747e+01 0 0.000000e+00
129542 -1.603477e-03 -1.480861e-02 1.101023e-01 6.275567e-03 -4.505150e-01 1.362143e+00 2.854551e-01 -1.578550e+01 4.536100e+01 243 1.703348e-03
104569 2.117061e-03 -5.822247e-03 8.861723e-02 8.986117e-03 -2.267584e-02 1.486078e-01 6.343827e+00 -1.556492e+01 5.540352e+01 346 1.483786e-03
129608 -6.385409e-03 3.176532e-03 4.907578e-02 Inf Inf -Inf 5.311167e+00 2.311428e+00 -4.822308e+00 0 0.000000e+00
79609 -5.995652e-03 -9.201100e-05 8.510320e-02 -5.383677e-02 -2.044680e-03 2.344409e-01 -6.644767e+00 -2.712109e-01 2.074187e+01 867 3.654336e-03
154639 -3.762169e-04 1.341436e-03 7.774783e-02 -2.528788e-03 1.362555e-02 1.440920e-01 -1.021729e+00 5.830715e+00 3.149061e+01 347 1.261788e-03
29641 2.123977e-02 5.704813e-03 9.327187e-02 1.329331e+00 4.292868e-01 1.738471e+00 2.907585e+01 9.415255e+00 3.656900e+01 200 1.132370e-03
79678 -2.445420e-03 2.616783e-03 1.055267e-01 -1.016082e-01 6.907595e-02 1.069011e+00 -4.778946e+00 3.202864e+00 4.643317e+01 605 2.914080e-03
129751 -2.015265e-02 4.817600e-03 1.047977e-01 -6.705194e-02 1.613072e-02 1.973350e-01 -2.723483e+01 6.569628e+00 5.373720e+01 378 1.877760e-03
79782 1.959232e-03 -5.574102e-03 9.372069e-02 8.508077e-03 -2.779669e-02 1.913969e-01 1.541997e+00 -5.232550e+00 2.299892e+01 303 2.436782e-03
29765 -1.188811e-02 2.019913e-02 1.160083e-01 -4.733890e-01 8.244560e-01 1.817330e+00 -1.287743e+01 2.244148e+01 4.747263e+01 989 4.296566e-03
129819 -3.750614e-03 1.558564e-03 8.689542e-02 -6.486016e-02 2.319289e-02 5.161568e-01 -6.683098e+00 2.365986e+00 4.694513e+01 515 2.038925e-03
79821 4.207025e-03 -3.614301e-03 9.045681e-02 5.030991e-02 -3.786549e-02 4.031827e-01 9.713835e+00 -7.216693e+00 6.589105e+01 1007 3.589651e-03
8136 -1.108120e-03 -6.861637e-03 7.808345e-02 3.349063e-03 -7.701948e-02 1.887202e-01 1.095948e+00 -1.725066e+01 2.720376e+01 410 1.575211e-03
154822 6.836752e-04 -2.093911e-03 9.287964e-02 -2.026801e-03 -1.116136e-02 1.923198e-01 -1.169643e+00 -3.912847e+00 4.291106e+01 469 2.352632e-03
179983 4.656507e-03 1.086055e-03 9.044465e-02 8.383139e-02 4.293619e-02 4.455701e-01 1.021974e+01 5.401936e+00 4.583892e+01 535 2.663925e-03
154917 6.553228e-03 -2.529567e-03 4.868314e-02 Inf -Inf Inf 6.358285e+00 -6.451493e+00 3.271424e+00 80 3.505670e-04
129992 6.539354e-03 3.520576e-03 1.188744e-01 2.854514e-01 2.413333e-01 3.873977e+00 3.737317e+00 3.186601e+00 5.031697e+01 411 2.359699e-03
80041 1.069762e-02 3.914606e-03 1.088207e-01 4.119808e-01 1.217658e-01 1.645008e+00 1.339111e+01 3.932781e+00 5.126367e+01 400 2.167970e-03
155102 4.816557e-03 4.650261e-03 4.750814e-02 -Inf -Inf -Inf -1.299668e+01 -1.677832e+01 -6.609330e+00 0 0.000000e+00
80185 8.213893e-04 7.097046e-03 9.231722e-02 3.258247e-02 1.369944e-01 8.397347e-01 2.241208e+00 9.166155e+00 5.274121e+01 307 1.445869e-03
8775 1.556296e-03 1.560515e-04 7.918209e-02 6.428154e-03 -5.022169e-04 1.243025e-01 7.298217e+00 -9.861097e-01 6.759197e+01 1129 3.958641e-03
55254 -5.927651e-03 -8.002929e-03 1.110103e-01 -4.896747e-02 -1.504293e-01 9.149706e-01 -3.613630e+00 -1.195814e+01 6.750064e+01 475 2.162730e-03
55340 -7.540695e-03 -1.716212e-03 4.927478e-02 Inf Inf -Inf 3.596329e+00 1.030710e+01 -1.031242e+01 0 0.000000e+00
9072 2.691779e-04 4.227549e-03 7.823316e-02 7.726519e-03 6.167299e-02 2.431038e-01 2.131464e+00 1.641911e+01 4.712349e+01 366 1.172311e-03
105435 -1.627194e-02 -7.444259e-03 1.073382e-01 -1.803657e-01 -1.120827e-01 8.069866e-01 -9.962021e+00 -6.352532e+00 4.247519e+01 168 1.505559e-03
155413 6.089982e-03 6.252177e-03 9.317145e-02 4.558344e-02 5.228213e-02 2.549027e-01 6.876671e+00 8.014818e+00 2.816094e+01 212 1.603928e-03
155466 -5.040271e-03 4.131062e-03 1.013595e-01 -1.446853e-01 1.306205e-01 1.013188e+00 -8.385652e+00 7.595662e+00 5.475511e+01 322 1.501298e-03
80527 3.065617e-03 6.269646e-03 5.055052e-02 Inf Inf Inf 4.171338e+00 1.765974e+01 1.528391e+01 13 4.102723e-05
130559 8.461875e-03 -4.918042e-03 9.249322e-02 9.576958e-02 -5.482164e-02 2.797863e-01 1.469198e+01 -8.397685e+00 3.151734e+01 831 4.129274e-03
55591 4.440184e-03 -5.440132e-03 4.956571e-02 Inf -Inf Inf 1.575473e+01 -1.248957e+01 1.451548e+01 7 3.483543e-05
80564 -5.938600e-03 4.226296e-03 5.119429e-02 -Inf -Inf Inf -1.675052e+01 -1.960790e+00 1.766223e+01 14 5.923709e-05
130626 8.240831e-03 -4.419257e-03 1.038989e-01 8.763537e-02 -5.993434e-02 4.561888e-01 8.549773e+00 -5.978261e+00 3.793710e+01 232 1.744330e-03
80667 6.919340e-03 -4.610692e-03 9.084951e-02 2.295217e-02 -1.868742e-02 1.665557e-01 1.412116e+01 -1.239829e+01 6.667930e+01 574 2.247231e-03
30683 -3.094712e-03 7.333020e-03 9.903847e-02 -3.333469e-02 4.499229e-02 3.369160e-01 -4.333612e+00 5.396852e+00 3.408960e+01 352 1.969543e-03
9676 1.013059e-02 6.381772e-03 8.960912e-02 1.647872e-01 6.698698e-02 3.942867e-01 1.414244e+01 5.541994e+00 2.786099e+01 474 2.142916e-03
130769 7.296390e-04 2.874623e-03 7.027540e-02 1.270579e-02 5.391623e-02 1.315624e-01 4.419832e+00 1.883704e+01 2.261814e+01 323 7.757967e-04
155753 9.790487e-03 2.158499e-03 9.364329e-02 2.648108e-01 7.271111e-02 8.195783e-01 1.751134e+01 4.844597e+00 4.984737e+01 358 1.786194e-03
55855 -4.142194e-03 8.586149e-04 7.569212e-02 -4.339296e-02 1.087362e-02 1.944800e-01 -1.885209e+01 4.810193e+00 5.705364e+01 353 1.065478e-03
55862 6.728541e-03 6.243621e-04 9.245827e-02 3.796758e-02 -1.769554e-03 2.719014e-01 8.161056e+00 -6.253996e-01 4.687870e+01 765 3.045860e-03
180986 4.170968e-03 -2.082660e-03 6.988737e-02 2.944617e-02 -2.282880e-02 9.151936e-02 1.520949e+01 -1.248410e+01 1.301716e+01 461 1.596802e-03
155864 -1.189664e-03 5.794521e-03 8.918946e-02 -5.173681e-03 1.031093e-01 4.812878e-01 -5.460911e-01 1.333898e+01 5.374509e+01 512 2.004952e-03
181051 -1.679654e-03 2.880723e-05 8.258662e-02 -6.413564e-03 2.611647e-03 1.762625e-01 -2.038673e+00 1.112308e+00 4.034181e+01 385 1.535737e-03
9969 6.372997e-04 2.190629e-03 7.200775e-02 9.399427e-03 1.241950e-02 1.303480e-01 6.636024e+00 7.746866e+00 4.418417e+01 1092 3.786223e-03
9998 -6.434958e-03 -3.448065e-03 8.997737e-02 -2.018816e-02 -1.717260e-02 1.730048e-01 -4.938578e+00 -4.928284e+00 2.981398e+01 1059 4.552229e-03
155924 -1.431602e-03 -2.171998e-03 8.784761e-02 -4.847106e-03 -4.075527e-03 1.298473e-01 -4.703753e+00 -2.621495e+00 5.784094e+01 256 1.037147e-03
55994 -6.486765e-03 -2.359021e-03 1.039220e-01 -3.508431e-01 -1.672290e-01 1.582095e+00 -9.701070e+00 -4.644653e+00 4.164250e+01 684 3.066577e-03
131024 -1.687037e-02 -4.096424e-03 9.862135e-02 -9.695986e-02 -2.053782e-02 2.643974e-01 -2.474445e+01 -5.079732e+00 5.121817e+01 577 2.481614e-03
181167 -1.707852e-03 4.853573e-03 8.602744e-02 -4.294924e-02 7.473507e-02 3.547022e-01 -6.770729e+00 1.147267e+01 4.410918e+01 598 2.413351e-03
131067 -1.806590e-03 1.545803e-03 7.326880e-02 -2.671458e-02 3.383290e-02 2.100759e-01 -8.383760e+00 1.086749e+01 4.604779e+01 365 1.220579e-03
106176 5.210809e-03 1.145416e-02 9.160458e-02 7.817249e-02 6.118471e-01 1.099327e+00 2.462510e+00 2.026370e+01 3.401136e+01 743 3.008740e-03
131155 4.083704e-03 -2.569005e-03 9.141918e-02 1.304924e-02 -1.345398e-02 1.726316e-01 4.382706e+00 -5.321003e+00 3.969986e+01 858 3.643773e-03
10349 -3.073602e-03 -2.627137e-03 7.520015e-02 -3.788312e-02 -2.848843e-02 2.144354e-01 -8.131513e+00 -6.041204e+00 3.252539e+01 527 2.013478e-03
181473 -2.260491e-03 -7.203611e-03 4.784284e-02 -Inf -Inf -Inf -3.417030e+00 -5.634048e+00 -8.570497e+00 41 9.832730e-05
10633 1.465796e-02 -6.850961e-03 8.896164e-02 1.184584e-01 -7.726247e-02 2.694103e-01 1.370004e+01 -9.293220e+00 2.381641e+01 329 1.947536e-03
10667 2.638610e-03 1.012416e-02 1.173462e-01 2.756382e-02 7.951626e-02 4.602361e-01 3.864132e+00 1.075779e+01 5.315790e+01 454 2.319301e-03
156380 1.034591e-02 -1.016864e-02 9.842843e-02 8.607161e-01 -9.746779e-01 2.868943e+00 1.475847e+01 -1.673940e+01 4.808325e+01 389 1.592753e-03
81491 6.416594e-03 -3.101679e-03 9.291070e-02 1.674868e-01 -2.446352e-02 5.316252e-01 1.009544e+01 -1.338902e+00 2.749743e+01 1130 5.391092e-03
81502 -2.218399e-05 2.793059e-03 7.944466e-02 -1.131957e-03 1.462602e-02 1.943730e-01 -3.585972e-01 3.823546e+00 3.713639e+01 437 1.822693e-03
181679 -1.596853e-03 6.957421e-03 4.619284e-02 Inf Inf -Inf 1.203807e+01 1.373710e+01 -8.438637e+00 22 9.037506e-05
156488 1.436358e-03 -1.000993e-02 9.576698e-02 7.067489e-03 -8.645070e-02 3.499204e-01 9.449397e-01 -1.282725e+01 4.264857e+01 576 2.717988e-03
10995 4.688325e-03 -4.517367e-03 8.761974e-02 9.589208e-02 -1.252390e-01 5.542884e-01 1.358559e+01 -1.798253e+01 6.951434e+01 265 1.028497e-03
106611 -1.456618e-03 1.269673e-02 9.008710e-02 -5.001442e-02 3.198245e-01 6.992306e-01 -4.067026e+00 2.572391e+01 5.101966e+01 666 2.689553e-03
131684 -1.302027e-02 -4.428461e-03 1.014128e-01 -1.898825e-01 -6.490331e-02 5.823608e-01 -1.951290e+01 -6.672085e+00 5.306215e+01 319 1.720179e-03
106717 2.491481e-03 3.506958e-03 7.538846e-02 4.479488e-02 6.139707e-02 2.432877e-01 8.251556e+00 1.129185e+01 3.274986e+01 179 8.540602e-04
31653 3.208290e-03 4.632285e-03 7.716785e-02 4.108154e-02 7.937220e-02 2.785142e-01 6.781037e+00 1.338185e+01 3.605018e+01 415 1.783537e-03
31699 3.250397e-04 -2.691658e-03 7.177036e-02 1.950546e-02 -2.769322e-02 1.332264e-01 1.409163e+01 -1.836836e+01 4.515103e+01 398 1.281071e-03
81748 -4.010192e-03 5.815005e-03 4.860367e-02 Inf -Inf -Inf 1.106935e+01 -1.734437e+01 -2.674598e+00 0 0.000000e+00
56853 -2.597198e-03 2.639335e-03 8.187005e-02 -1.928716e-02 3.135589e-02 1.962216e-01 -5.963249e+00 1.026029e+01 4.085730e+01 470 1.621012e-03
11649 -4.034542e-03 -6.276077e-03 4.920019e-02 Inf -Inf -Inf 1.372611e+01 -4.807556e+00 -8.383583e-01 0 0.000000e+00
81912 1.836396e-03 3.686652e-03 9.919116e-02 -1.968691e-04 2.215320e-02 2.752797e-01 -5.732341e-01 5.206235e+00 4.964427e+01 546 2.539201e-03
11687 3.995608e-03 -5.306501e-03 4.751072e-02 -Inf Inf -Inf -1.681281e+01 1.518885e+01 -9.184695e+00 0 0.000000e+00
106986 3.925592e-03 1.603079e-03 7.537138e-02 8.799662e-02 1.712988e-02 2.647140e-01 1.715774e+01 3.168807e+00 3.864222e+01 389 1.425706e-03
156983 1.908142e-03 4.443411e-03 1.069831e-01 -6.092340e-02 1.894107e-01 2.686934e+00 -1.131200e+00 3.330097e+00 4.644867e+01 375 1.947691e-03
57098 -4.133885e-03 2.209135e-04 7.841189e-02 -2.161240e-02 -2.095560e-03 1.317458e-01 -1.168787e+01 -1.549025e+00 3.566434e+01 578 2.239035e-03
82051 -8.563716e-03 -3.126682e-03 9.350357e-02 -2.109984e-01 -7.468152e-02 9.432498e-01 -1.183867e+01 -4.184629e+00 4.969437e+01 273 1.311335e-03
11993 6.320890e-03 -1.771631e-03 8.607992e-02 1.319781e-01 -1.813179e-02 4.798425e-01 1.663943e+01 -2.166399e+00 5.214175e+01 532 1.895858e-03
57178 -1.774398e-03 -4.705260e-03 8.343049e-02 -4.281163e-02 -5.579460e-02 2.725876e-01 -6.137558e+00 -7.640959e+00 2.829047e+01 542 2.257472e-03
107231 -8.754804e-04 -6.785319e-03 4.960147e-02 -Inf -Inf Inf -2.461480e+01 -1.082762e+01 5.868296e+00 0 0.000000e+00
32197 5.134708e-03 1.221550e-03 8.887310e-02 1.800397e-02 3.347406e-03 1.402001e-01 1.250570e+01 2.065800e+00 4.987699e+01 677 2.508529e-03
57324 -7.268534e-03 -1.220092e-02 8.196252e-02 -4.364831e-02 -9.265083e-02 1.889099e-01 -8.831226e+00 -1.952929e+01 2.596157e+01 491 1.982481e-03
57352 -1.130492e-03 -1.430371e-03 8.052070e-02 -5.799518e-03 -5.535482e-03 1.228486e-01 -4.946486e+00 -4.349060e+00 4.484323e+01 1131 4.198130e-03
107354 -4.794548e-03 -1.035258e-02 8.856014e-02 -1.646780e-01 -3.287210e-01 7.659648e-01 -9.234484e+00 -1.838819e+01 3.912527e+01 976 4.080673e-03
57364 1.385774e-02 -7.857840e-03 9.408302e-02 5.731982e-02 -2.753347e-02 1.661600e-01 2.100235e+01 -9.507934e+00 3.483004e+01 460 2.005521e-03
182508 1.131662e-03 3.170375e-04 8.515931e-02 1.462054e-02 2.182171e-03 1.920274e-01 7.780977e+00 1.075891e+00 6.164618e+01 329 1.394406e-03
12347 -3.808400e-03 1.507407e-03 7.526693e-02 -3.836872e-02 1.417207e-02 1.574038e-01 -1.075644e+01 3.941705e+00 2.556399e+01 296 1.261849e-03
157323 -5.988427e-03 3.715528e-03 4.321928e-02 -Inf -Inf -Inf -2.196422e+01 -2.814882e+00 -3.125819e+01 16 5.003886e-05
157332 7.595201e-03 1.365539e-03 9.874295e-02 2.170276e-01 -2.015392e-02 1.520667e+00 5.894876e+00 -6.057065e-01 4.002277e+01 522 2.580917e-03
57507 -3.733563e-03 1.969775e-03 9.192062e-02 -7.302886e-02 2.537364e-02 4.806340e-01 -1.043139e+01 3.523108e+00 5.851508e+01 1142 3.862640e-03
32442 7.726689e-03 2.565708e-03 5.003638e-02 Inf Inf Inf 2.527178e+01 9.491300e+00 5.667302e+00 0 0.000000e+00
12628 -1.463165e-03 7.507473e-03 4.945413e-02 Inf -Inf Inf 5.791445e+00 -4.637634e-01 1.031392e+01 0 0.000000e+00
12644 4.013729e-03 3.780212e-03 1.095702e-01 6.472825e-02 6.428518e-02 5.971001e-01 6.802786e+00 6.779306e+00 5.462551e+01 668 2.840416e-03
157523 4.406002e-04 1.782823e-03 7.644263e-02 6.719485e-03 2.422373e-02 1.265422e-01 4.067440e+00 1.453714e+01 3.245433e+01 565 1.905007e-03
182843 5.432151e-03 -2.856350e-03 9.255848e-02 3.373491e-02 -3.089797e-02 2.695676e-01 1.027603e+01 -1.018122e+01 6.426762e+01 616 2.311781e-03
82711 -1.958064e-03 6.708623e-03 5.224188e-02 -Inf Inf -Inf -1.757414e+01 1.730901e+01 -2.095886e+00 24 7.323367e-05
157710 2.770433e-03 9.923167e-03 1.002645e-01 1.021558e-02 4.355828e-02 1.866380e-01 3.685463e+00 1.664990e+01 4.275624e+01 675 2.863663e-03
132808 1.444543e-03 8.594505e-03 8.766289e-02 1.098681e-02 4.853634e-02 2.305129e-01 2.400946e+00 1.004983e+01 3.594272e+01 180 1.210900e-03
107849 -5.846819e-04 -3.779313e-04 7.954591e-02 7.624323e-03 4.589574e-03 2.809996e-01 1.475682e+00 8.929775e-01 3.621407e+01 620 2.208828e-03
57858 -4.096194e-03 -1.034387e-03 9.628145e-02 -9.864689e-02 2.488482e-02 6.416551e-01 -7.371893e+00 2.020859e+00 4.252149e+01 363 1.902880e-03
157769 7.333954e-04 -6.751160e-03 5.174631e-02 Inf Inf Inf 5.079617e+00 4.347180e+00 2.771908e+00 0 0.000000e+00
57878 -5.125544e-03 2.476084e-03 1.005840e-01 -6.906919e-02 -3.649603e-03 5.108449e-01 -5.634970e+00 -5.398200e-01 3.615384e+01 449 2.668725e-03
183078 -8.660009e-04 3.913378e-03 7.873301e-02 -1.784292e-02 2.916531e-02 1.503605e-01 -6.789608e+00 1.009905e+01 2.864610e+01 547 2.145547e-03
157874 2.551043e-03 1.872602e-03 9.682298e-02 4.142939e-02 3.957712e-02 3.730857e-01 4.129218e+00 4.004547e+00 2.934150e+01 298 1.889471e-03
32882 6.033706e-04 1.056476e-02 9.587969e-02 -8.582183e-03 1.133695e-01 4.016876e-01 -8.963505e-01 1.003195e+01 2.984154e+01 287 1.996215e-03
183152 -8.726703e-03 2.945375e-03 1.067120e-01 -3.704382e-02 7.229127e-03 2.158982e-01 -8.847250e+00 1.338393e+00 3.411359e+01 505 2.539038e-03
58139 1.459564e-03 -3.688446e-03 9.506198e-02 6.083813e-03 -2.906604e-02 2.427869e-01 1.347510e+00 -7.395053e+00 4.304719e+01 515 2.327876e-03
158119 6.529079e-03 1.617601e-03 4.722646e-02 -Inf Inf -Inf -1.780702e-01 1.940700e+01 -1.532398e+01 23 8.506920e-05
108353 2.381280e-03 1.565107e-03 7.272103e-02 9.514864e-03 1.726734e-02 1.357263e-01 4.188066e+00 9.218646e+00 3.698984e+01 330 9.635509e-04
133396 -1.850923e-03 2.422311e-04 7.915340e-02 -2.812895e-03 9.477278e-03 1.808801e-01 -3.666005e-01 3.519409e+00 3.876729e+01 832 3.200393e-03
83380 1.682842e-03 8.117875e-03 9.879936e-02 4.485547e-03 4.351540e-02 2.340521e-01 1.067613e+00 1.348370e+01 5.152080e+01 868 3.341218e-03
33341 -2.095944e-03 -6.458411e-03 8.355539e-02 -5.236157e-02 -2.123813e-01 4.466121e-01 -6.147667e+00 -2.518511e+01 4.440315e+01 583 2.480816e-03
83394 -9.559441e-04 -2.353533e-03 8.231814e-02 2.981291e-03 -3.313037e-02 2.428731e-01 1.107314e+00 -8.655728e+00 4.515473e+01 470 2.058258e-03
14274 -1.338167e-03 -2.971994e-03 8.219093e-02 -7.216407e-03 -1.195225e-02 1.220480e-01 -7.373842e+00 -1.126511e+01 4.999798e+01 509 2.050714e-03
183777 1.756377e-03 7.458645e-03 1.100695e-01 3.541592e-02 1.652482e-01 1.027390e+00 2.176138e+00 1.020132e+01 5.930608e+01 280 1.557799e-03
14437 4.866645e-04 -7.271665e-04 7.268479e-02 6.228505e-03 -1.304604e-02 1.616774e-01 2.999790e+00 -6.435923e+00 4.649366e+01 522 1.846422e-03
33561 -1.010952e-03 -1.988418e-04 8.243824e-02 9.659817e-05 -1.614513e-03 1.256527e-01 1.630012e+00 -2.083481e+00 6.359991e+01 631 2.140536e-03
14579 -2.431080e-03 6.457212e-04 8.431266e-02 -5.261916e-03 6.948776e-04 1.283992e-01 -2.664595e+00 4.626961e-02 4.149752e+01 384 1.832062e-03
14633 -1.094346e-03 -1.265698e-02 9.579609e-02 7.617566e-03 -2.265309e-01 5.811606e-01 7.793623e-01 -1.913303e+01 4.342041e+01 506 2.445432e-03
133754 9.606646e-03 -4.685018e-03 9.150307e-02 2.095377e-01 -1.196548e-01 5.650207e-01 1.738925e+01 -9.999643e+00 4.118478e+01 510 2.054655e-03
158757 -5.623191e-03 -1.003497e-03 7.883529e-02 -9.771406e-02 -5.670840e-03 3.041861e-01 -1.796715e+01 -9.106097e-01 4.396648e+01 551 2.124168e-03
108879 6.837336e-03 -9.074235e-04 4.638958e-02 Inf Inf -Inf 2.148503e+01 5.159337e+00 -2.140644e+01 5 2.238602e-05
83949 6.388866e-03 3.255150e-04 1.050567e-01 3.046391e-02 -2.721620e-03 2.315815e-01 1.153504e+01 -1.459969e+00 6.062161e+01 506 2.255456e-03
158918 4.260518e-03 -4.956297e-03 1.155357e-01 6.483974e-03 -9.239754e-03 1.514232e-01 3.443592e+00 -6.634031e+00 5.558105e+01 614 2.916463e-03
109013 -5.801360e-04 2.154899e-03 1.111447e-01 -7.228756e-04 4.567610e-03 1.427260e-01 -2.047658e-01 3.461131e+00 4.530478e+01 287 1.919672e-03
84051 -3.316847e-03 -2.529323e-04 9.845209e-02 -2.273423e-01 4.768643e-02 1.759785e+00 -4.876037e+00 1.043427e+00 3.615981e+01 539 2.694336e-03
34022 -2.314994e-04 -1.050148e-02 1.005439e-01 -1.055014e-01 -3.231886e-01 1.251499e+00 -4.585172e+00 -1.361950e+01 5.013139e+01 349 1.839575e-03
84234 -3.347902e-04 -1.176797e-02 8.363329e-02 -4.090820e-04 -4.297056e-02 1.321702e-01 -3.170448e-02 -1.331589e+01 2.071340e+01 418 2.052336e-03
84304 -3.150843e-04 3.006676e-03 1.059712e-01 4.666800e-03 6.669840e-02 9.064967e-01 4.400527e-01 5.625926e+00 7.071088e+01 736 2.907912e-03
15681 6.210915e-03 -2.890439e-03 4.691010e-02 -Inf -Inf Inf -1.009403e+01 -1.859775e+01 1.275447e+01 0 0.000000e+00
184557 3.216525e-04 3.094036e-03 8.349019e-02 2.149711e-02 5.721822e-02 3.557146e-01 3.204354e+00 8.190285e+00 4.119407e+01 619 2.420250e-03
134345 -4.467712e-03 -2.369953e-03 9.797316e-02 -6.713553e-02 -1.947522e-02 3.619241e-01 -1.180312e+01 -3.221677e+00 4.971361e+01 320 1.368350e-03
15715 -1.291748e-03 -3.858788e-03 8.304609e-02 -1.236468e-02 -3.038370e-02 2.113316e-01 -5.321405e+00 -1.274729e+01 6.165120e+01 611 2.089087e-03
15722 -5.300650e-03 1.000627e-02 8.615800e-02 -2.167619e-02 4.050546e-02 1.476441e-01 -1.274792e+01 2.374280e+01 4.786531e+01 482 2.007526e-03
15791 -1.758791e-03 2.870709e-03 7.079892e-02 -3.216725e-02 3.119152e-02 1.504506e-01 -1.589061e+01 1.479966e+01 4.162375e+01 289 8.878404e-04
134406 4.706494e-03 -5.738382e-03 9.418259e-02 4.819735e-02 -5.383620e-02 3.343668e-01 1.164985e+01 -1.288391e+01 6.433787e+01 410 1.635999e-03
184676 8.630047e-04 1.557231e-03 7.834736e-02 1.060079e-02 8.731696e-03 1.516325e-01 7.717171e+00 5.685743e+00 5.807830e+01 325 1.101720e-03
184691 -1.022478e-02 -9.626802e-03 8.560909e-02 -5.077813e-01 -4.355509e-01 9.661739e-01 -2.706235e+01 -2.316623e+01 4.789436e+01 484 1.899828e-03
134564 2.438175e-03 -1.049874e-02 1.017898e-01 1.011684e-01 -7.010969e-01 2.573745e+00 1.953427e+00 -1.366383e+01 4.890887e+01 486 2.271930e-03
159596 -6.034606e-03 -2.678931e-03 8.230619e-02 -4.306151e-02 -2.455044e-02 1.983710e-01 -1.063573e+01 -6.282445e+00 3.333883e+01 482 2.312556e-03
184940 5.026143e-03 3.961485e-03 1.032928e-01 1.375493e-02 1.258682e-02 1.769683e-01 5.120409e+00 5.059721e+00 4.321896e+01 389 2.028796e-03
84703 -6.150277e-03 1.448530e-03 7.746158e-02 -8.159538e-02 2.593701e-02 2.371531e-01 -2.145224e+01 6.963113e+00 4.540706e+01 368 1.265115e-03
84714 1.143408e-02 1.939171e-03 7.455637e-02 1.792231e-01 2.621063e-02 2.159126e-01 9.120764e+00 1.319361e+00 7.683915e+00 356 2.710824e-03
84749 -1.187766e-02 -1.470184e-02 1.154882e-01 -3.550688e-01 -4.696329e-01 1.614616e+00 -1.429918e+01 -1.895486e+01 6.246166e+01 334 1.823918e-03
16441 -6.753403e-04 7.910571e-04 7.732258e-02 -8.399732e-03 8.046874e-03 1.355583e-01 -5.829385e+00 5.475764e+00 4.394889e+01 264 1.016445e-03
159797 4.782140e-03 -1.043267e-03 1.010031e-01 2.588126e-02 -8.791845e-03 2.441739e-01 8.159445e+00 -2.996527e+00 5.536695e+01 131 9.796605e-04
159800 -1.559178e-04 6.890226e-03 4.879833e-02 -Inf Inf -Inf -2.867926e+01 5.434255e+00 -1.910306e+01 14 5.398397e-05
159862 6.049046e-03 3.854092e-03 4.823496e-02 -Inf Inf Inf -6.216992e+00 9.404211e+00 1.071702e+01 2 1.397805e-05
109988 -1.225352e-02 -3.026416e-03 1.125222e-01 -7.535718e-01 -3.827503e-01 2.606973e+00 -8.532058e+00 -4.370358e+00 2.870940e+01 1079 5.138362e-03
60046 -1.534313e-03 4.016817e-04 7.692762e-02 -3.051225e-02 -2.976286e-03 1.646284e-01 -1.483146e+01 -1.728909e+00 4.488692e+01 453 1.819687e-03
60050 5.013832e-03 -1.274635e-02 8.454299e-02 1.777269e-02 -4.674196e-02 1.321893e-01 1.096101e+01 -2.920530e+01 4.093253e+01 364 1.459922e-03
185248 -3.440168e-03 1.649577e-02 9.940755e-02 -3.520949e-02 1.204675e-01 3.377853e-01 -3.832881e+00 1.254390e+01 2.875962e+01 608 3.230465e-03
34999 -9.914429e-04 -9.082508e-04 7.136639e-02 -6.612775e-03 -1.297294e-02 1.235461e-01 -5.076433e+00 -1.089521e+01 4.712171e+01 316 1.057206e-03
35064 -2.174085e-03 1.144311e-02 9.546295e-02 -2.001849e-02 1.098048e-01 3.260544e-01 -2.199820e+00 1.212582e+01 2.842682e+01 513 2.978621e-03
185571 2.593170e-03 -2.848732e-04 7.321934e-02 2.911977e-02 1.938136e-03 1.577111e-01 1.142743e+01 9.576533e-01 3.639830e+01 325 9.617847e-04
160300 -4.748886e-03 -3.584680e-04 8.102803e-02 -2.399126e-02 -1.406326e-03 1.358196e-01 -1.037661e+01 -5.650661e-01 2.954682e+01 284 1.534126e-03
35321 6.728206e-03 -1.339170e-03 4.920115e-02 -Inf -Inf -Inf -7.523713e-01 -1.407655e+01 -7.628284e+00 29 1.006202e-04
17524 1.615759e-02 3.148458e-03 1.066986e-01 5.845458e-01 1.146619e-01 1.654366e+00 2.069866e+01 4.060919e+00 5.636049e+01 410 2.080628e-03
35351 3.380552e-03 -7.047810e-03 7.871555e-02 8.855778e-02 -2.256093e-01 5.055584e-01 9.591361e+00 -2.461107e+01 4.806454e+01 347 1.158576e-03
110498 -1.649569e-03 1.699681e-03 8.475847e-02 -7.248278e-03 2.049233e-02 2.105686e-01 -1.482798e+00 4.977166e+00 3.332036e+01 520 2.332646e-03
17627 1.339950e-03 3.918970e-03 9.172125e-02 9.497969e-03 1.994903e-02 2.060637e-01 5.018888e+00 9.861843e+00 7.034449e+01 638 2.572784e-03
85500 -4.908231e-03 5.032005e-03 4.919791e-02 -Inf Inf Inf -1.739760e+01 8.732715e+00 4.360201e+00 8 3.007695e-05
160525 1.196334e-02 1.322728e-02 1.029559e-01 3.161092e-01 4.174863e-01 1.070084e+00 7.913484e+00 1.051830e+01 2.516342e+01 501 3.015036e-03
35530 -9.684874e-04 -7.100220e-03 4.666139e-02 Inf -Inf -Inf 2.008752e+00 -1.482439e+01 -1.144958e+01 0 0.000000e+00
17891 3.476103e-03 -8.474208e-03 1.087587e-01 2.069078e-01 -6.235674e-01 2.260025e+00 3.574429e+00 -1.080759e+01 3.779917e+01 764 3.693719e-03
185907 -1.714823e-03 -7.117589e-03 4.501381e-02 -Inf -Inf -Inf -7.374777e+00 -1.784006e+01 -4.633985e-01 46 1.587939e-04
185944 -1.561019e-02 -7.295599e-03 1.005868e-01 -8.483499e-02 -3.104805e-02 2.386460e-01 -1.420017e+01 -4.872371e+00 2.832024e+01 535 3.102030e-03
186002 3.002646e-03 4.215445e-03 8.203241e-02 7.582522e-02 8.539296e-02 5.573906e-01 8.283742e+00 9.234136e+00 5.407313e+01 284 1.017866e-03
35708 4.485994e-03 -1.432795e-02 9.569279e-02 1.776752e-02 -6.277972e-02 1.889410e-01 4.995611e+00 -1.822427e+01 3.507366e+01 414 2.094570e-03
35725 7.187263e-04 1.317040e-03 7.997611e-02 2.356059e-03 1.414123e-02 1.314335e-01 1.897242e+00 1.485989e+01 5.962567e+01 671 2.360601e-03
135820 -8.971665e-04 -1.637302e-02 1.047607e-01 -3.052549e-02 -2.477499e-01 6.477735e-01 -1.988515e+00 -1.552894e+01 3.644449e+01 438 2.334510e-03
85826 6.245837e-03 2.603098e-03 4.939429e-02 Inf -Inf -Inf 8.093911e-01 -6.196936e+00 -9.531146e+00 0 0.000000e+00
110914 7.587094e-04 -7.689935e-04 8.267942e-02 1.888546e-02 -8.206168e-03 1.971338e-01 1.013732e+01 -4.159211e+00 6.400818e+01 1329 4.683113e-03
61043 -3.264920e-03 3.336640e-03 7.540043e-02 -8.890706e-02 1.069006e-01 3.836089e-01 -1.135373e+01 1.372966e+01 4.085973e+01 469 1.926848e-03
136013 6.230378e-03 -2.956233e-03 4.858077e-02 Inf Inf -Inf 2.165887e+01 1.155508e+01 -2.276405e+01 13 8.161416e-05
18587 3.367789e-03 2.369897e-03 7.634833e-02 2.832472e-02 2.807456e-02 1.529131e-01 1.135018e+01 1.169024e+01 3.482096e+01 306 1.232272e-03
18621 6.494339e-04 -1.809029e-03 7.263599e-02 1.198507e-02 -1.518983e-02 1.326281e-01 8.229007e+00 -9.713679e+00 4.355078e+01 702 2.824081e-03
18632 -7.266307e-03 2.719904e-04 9.020301e-02 -1.800114e-02 1.526667e-03 1.213805e-01 -1.264382e+01 1.477796e+00 3.672175e+01 695 2.707450e-03
136157 2.954793e-03 -2.912113e-03 8.655247e-02 8.222817e-03 -1.218211e-02 1.549922e-01 2.412710e+00 -4.245577e+00 3.134483e+01 669 2.884455e-03
186440 2.024380e-03 -5.676898e-04 8.111427e-02 1.374017e-02 2.196936e-03 1.399587e-01 1.130654e+01 2.668054e+00 5.678889e+01 563 2.124795e-03
86222 1.124291e-02 -1.259561e-03 1.049866e-01 2.840659e-01 5.336244e-02 1.494602e+00 9.040503e+00 1.810003e+00 4.604752e+01 485 2.442630e-03
186598 9.824855e-04 -3.014704e-03 7.358671e-02 1.029955e-02 -2.044713e-02 1.418362e-01 4.630252e+00 -8.663299e+00 3.391756e+01 747 2.633648e-03
111386 -3.117826e-03 1.225394e-04 7.707281e-02 -8.105322e-03 -1.622361e-03 1.285728e-01 -4.549637e+00 -1.591713e+00 4.697869e+01 373 1.141352e-03
36312 -1.156744e-02 -1.266723e-03 9.173258e-02 -4.938182e-02 -9.115440e-03 1.888513e-01 -1.535009e+01 -3.186050e+00 3.942366e+01 561 2.640878e-03
19182 8.232165e-03 -6.310712e-03 9.537158e-02 2.397916e-01 -1.568221e-01 8.509775e-01 2.251877e+01 -1.463698e+01 7.348142e+01 403 1.820662e-03
111539 6.142886e-04 2.919201e-03 7.910705e-02 1.277595e-02 2.471026e-02 1.583125e-01 5.991183e+00 1.073490e+01 3.901890e+01 470 1.702417e-03
161542 5.985734e-04 -6.067905e-05 1.042992e-01 2.075630e-02 1.398018e-02 7.037858e-01 1.543543e+00 1.075154e+00 4.590463e+01 513 2.675657e-03
111661 9.391550e-03 -7.020984e-03 9.741016e-02 3.598078e-02 -3.191128e-02 1.851707e-01 1.274180e+01 -1.192765e+01 4.205563e+01 1051 3.995627e-03
86655 1.490498e-03 1.153510e-02 8.763975e-02 -7.635663e-03 2.007445e-01 3.904479e-01 -6.663162e-01 1.381450e+01 2.210853e+01 739 3.317555e-03
111730 -1.307517e-02 -1.421456e-02 9.024744e-02 -4.958792e-02 -6.525389e-02 1.700780e-01 -1.176915e+01 -1.645151e+01 2.573178e+01 551 2.966930e-03
111783 7.631180e-03 -1.060189e-03 4.794027e-02 Inf Inf -Inf 3.001034e+00 1.729054e+01 -2.733241e+01 0 0.000000e+00
136744 2.418000e-03 1.299932e-03 8.978186e-02 8.965909e-03 8.420235e-04 2.424017e-01 3.386793e+00 -2.368455e-01 7.894001e+01 436 1.919060e-03
36681 -7.795942e-03 1.966445e-02 1.103437e-01 -2.581401e-02 5.121394e-02 1.958135e-01 -5.490851e+00 9.614435e+00 2.604617e+01 284 2.647311e-03
61945 -3.326102e-03 6.354199e-03 4.926292e-02 -Inf Inf -Inf -3.639607e+01 2.537050e+01 -1.469382e+01 8 2.146124e-05
161892 1.141733e-03 -7.955203e-04 8.070728e-02 4.240802e-03 -1.122869e-02 1.371939e-01 3.271455e+00 -1.101352e+01 5.962867e+01 607 2.293208e-03
161931 -1.034420e-02 -9.632355e-03 8.953558e-02 -1.453964e-01 -1.495118e-01 3.913737e-01 -1.444572e+01 -1.496207e+01 3.228582e+01 510 2.616918e-03
20238 -1.817331e-02 -3.618743e-03 1.064818e-01 -2.052031e-01 -1.633254e-02 4.880554e-01 -1.523663e+01 -1.035746e+00 3.108539e+01 419 2.817967e-03
87071 -1.412742e-03 -6.902011e-03 4.632368e-02 Inf -Inf -Inf 1.034164e+01 -1.036666e+01 -9.490787e+00 13 6.187702e-05
112147 -1.847838e-02 -3.218220e-03 9.337050e-02 -2.745075e-01 -4.645534e-02 5.144748e-01 -1.945824e+01 -3.286025e+00 3.200397e+01 517 2.297309e-03
37047 1.154636e-03 6.555668e-03 5.153824e-02 -Inf -Inf -Inf -1.042774e+01 -2.071334e+00 -3.701532e+00 0 0.000000e+00
162098 -2.572547e-03 5.099195e-03 1.015468e-01 -2.003555e-02 2.273864e-02 2.752559e-01 -4.902622e+00 4.952156e+00 4.876766e+01 948 3.850859e-03
187527 5.130813e-03 5.300370e-03 9.966823e-02 5.359019e-02 3.722235e-02 4.635013e-01 5.477573e+00 3.608280e+00 4.112563e+01 472 2.187276e-03
112303 -1.464173e-02 1.071559e-02 1.072111e-01 -3.394042e-01 2.727135e-01 1.110023e+00 -1.039744e+01 8.388004e+00 3.210557e+01 878 4.101930e-03
187565 -1.272265e-03 -1.319819e-03 7.895994e-02 -2.209550e-02 -2.431175e-02 2.293064e-01 -7.690835e+00 -8.491820e+00 5.552882e+01 328 1.134899e-03
62404 6.228182e-03 1.840721e-03 4.885654e-02 Inf -Inf Inf 9.713728e+00 -1.230500e+01 9.278513e+00 0 0.000000e+00
112376 2.861461e-03 -8.221328e-03 7.905128e-02 4.070709e-02 -1.245912e-01 2.776298e-01 5.798413e+00 -1.782929e+01 3.042466e+01 472 1.728481e-03
37380 1.919825e-04 -5.424178e-03 7.819683e-02 -5.565929e-03 -6.555668e-02 2.242400e-01 -1.602002e+00 -1.673044e+01 4.063304e+01 359 1.402029e-03
62578 8.302447e-04 -1.301501e-03 7.298056e-02 1.730760e-02 -1.904888e-02 1.502785e-01 9.447379e+00 -1.017555e+01 4.431919e+01 676 2.521402e-03
187846 -6.906027e-03 7.687626e-03 1.085018e-01 -5.523289e-02 6.122712e-02 4.124902e-01 -1.027625e+01 1.138467e+01 6.464025e+01 400 1.753620e-03
137558 3.545758e-03 1.424770e-03 8.312167e-02 1.277524e-02 7.899389e-03 1.420424e-01 9.804338e+00 6.877889e+00 6.259056e+01 355 1.368174e-03
87613 -2.470225e-03 1.431682e-03 7.096626e-02 -2.668470e-02 2.422832e-03 1.202388e-01 -1.807100e+01 7.396845e-01 3.677154e+01 432 1.347709e-03
112693 -4.730754e-03 1.060857e-03 8.711945e-02 -2.472406e-02 3.606868e-03 1.582919e-01 -1.290731e+01 1.643658e+00 4.594765e+01 513 2.057556e-03
87645 1.476296e-04 -5.061849e-03 8.712767e-02 -9.061974e-03 -4.310509e-02 2.381233e-01 -2.200079e+00 -9.088136e+00 3.607128e+01 489 2.285987e-03
37631 -2.257981e-02 2.362774e-04 9.852320e-02 -1.524086e+00 1.468369e-01 2.096253e+00 -3.842464e+01 3.751618e+00 5.112338e+01 351 1.742063e-03
87688 5.706917e-03 2.093316e-02 1.046645e-01 1.049224e-01 3.008634e-01 6.486626e-01 7.365368e+00 2.078093e+01 4.038429e+01 819 3.651602e-03
21403 -2.473364e-04 -9.172379e-03 1.043296e-01 -3.621843e-03 -1.095575e-01 5.318182e-01 -5.327532e-01 -1.584838e+01 6.749014e+01 335 1.624599e-03
188047 9.830802e-04 -4.255357e-03 7.652761e-02 -5.682156e-04 -4.270563e-02 1.404203e-01 -8.446612e-01 -2.093569e+01 3.478875e+01 416 1.592736e-03
112819 5.862183e-04 3.291709e-04 8.227640e-02 -5.453914e-03 6.056640e-03 1.748872e-01 -4.183666e+00 3.967101e+00 6.414636e+01 737 2.428750e-03
62893 -4.008474e-04 -4.679110e-03 7.844147e-02 1.511732e-02 -1.312303e-01 4.423165e-01 1.743476e+00 -1.421810e+01 4.088159e+01 282 9.569289e-04
137828 -9.893469e-04 -2.430342e-03 9.115121e-02 -1.585854e-02 -3.793642e-02 3.280308e-01 -3.830345e+00 -9.146463e+00 6.102083e+01 1252 4.567675e-03
137885 8.603973e-03 1.060920e-03 8.764010e-02 8.495983e-02 2.216827e-02 3.311389e-01 9.231902e+00 2.552011e+00 2.944054e+01 419 1.963322e-03
62973 4.851977e-04 1.026210e-03 7.709805e-02 3.777865e-03 1.585004e-02 2.229407e-01 1.807934e+00 8.139451e+00 8.007911e+01 649 2.034853e-03
87896 5.842232e-03 -1.273763e-03 7.612701e-02 1.174478e-01 -4.172832e-02 2.937983e-01 2.653831e+01 -9.619556e+00 5.175935e+01 449 1.914344e-03
63004 1.107554e-03 1.165281e-03 7.337015e-02 1.966910e-02 7.616951e-03 1.424040e-01 8.896376e+00 3.092225e+00 3.308728e+01 455 1.476395e-03
137978 -1.717799e-03 -3.114302e-03 7.994932e-02 -4.185850e-02 -6.858810e-02 3.284234e-01 -6.834857e+00 -1.114838e+01 4.230830e+01 290 1.098601e-03
21870 -2.386100e-03 1.057815e-03 7.394049e-02 -3.674743e-02 3.418955e-03 1.717762e-01 -9.412075e+00 6.467509e-01 2.679866e+01 507 1.901496e-03
21885 3.709944e-04 2.177759e-03 7.735596e-02 1.021691e-02 1.003605e-02 1.422769e-01 6.113119e+00 4.879044e+00 4.030800e+01 549 1.696669e-03
88005 2.308206e-03 4.463314e-03 9.644961e-02 2.452563e-02 5.788648e-02 5.474553e-01 2.399236e+00 5.769110e+00 4.870361e+01 558 2.443769e-03
21960 -7.686027e-05 -4.239252e-03 7.969612e-02 2.080734e-02 -6.782430e-02 2.946227e-01 6.090387e+00 -1.854309e+01 6.267828e+01 795 2.909418e-03
113137 -2.064558e-03 -6.406615e-03 8.848859e-02 -2.399968e-02 -5.187876e-02 2.169948e-01 -8.635104e+00 -1.790083e+01 5.058848e+01 750 3.173966e-03
38044 -1.464107e-03 1.390650e-03 7.192586e-02 -2.287310e-03 1.467450e-02 1.238663e-01 -5.133606e-01 8.283990e+00 3.239075e+01 851 2.958600e-03
188465 -6.232804e-03 -1.467103e-03 8.861922e-02 -3.670296e-02 -7.054255e-03 2.268518e-01 -8.411883e+00 -1.542443e+00 3.816182e+01 316 1.466314e-03
22149 -1.903830e-03 -1.391900e-03 7.852605e-02 -4.211844e-02 -1.639046e-02 3.053396e-01 -6.744251e+00 -2.515356e+00 3.803810e+01 257 1.009888e-03
88194 -3.025687e-03 -1.171953e-03 7.874689e-02 -2.361930e-02 -3.888948e-03 1.371212e-01 -1.257670e+01 -1.659293e+00 3.564969e+01 614 2.155782e-03
188552 -7.261799e-03 2.305139e-03 8.877711e-02 -7.372277e-02 1.716981e-02 2.963337e-01 -1.182585e+01 2.644972e+00 3.693194e+01 587 2.281171e-03
163206 -8.520426e-03 -6.690512e-03 8.788419e-02 -2.371108e-01 -2.398122e-01 7.663290e-01 -1.070809e+01 -1.092036e+01 3.178108e+01 396 2.024275e-03
38218 -1.629333e-03 1.719591e-04 1.073843e-01 -3.386181e-02 1.091282e-02 9.825287e-01 -2.881594e+00 9.602361e-01 7.823819e+01 1279 4.640637e-03
163253 -1.793791e-02 2.290372e-02 1.070042e-01 -1.891866e-01 2.448588e-01 4.600176e-01 -1.434185e+01 1.858844e+01 2.956441e+01 556 2.840098e-03
88320 3.960138e-03 2.452049e-03 7.607094e-02 3.046929e-02 2.664924e-02 1.472982e-01 1.290441e+01 1.177897e+01 3.467279e+01 272 1.029598e-03
113430 -6.749379e-03 1.548127e-03 5.038159e-02 -Inf -Inf Inf -1.085442e+01 -9.650640e+00 2.445734e+01 31 6.472651e-05
22572 -2.095502e-03 -1.171298e-02 9.444179e-02 -1.332703e-02 -4.316316e-02 1.752295e-01 -7.210519e+00 -2.019066e+01 5.186479e+01 464 1.921565e-03
163372 4.357073e-03 -4.990727e-03 9.343225e-02 6.960793e-02 -7.847064e-02 5.197674e-01 6.582561e+00 -7.412716e+00 4.300906e+01 263 1.450919e-03
113516 -4.069652e-04 7.135008e-03 4.940511e-02 Inf -Inf Inf 5.462418e+00 -4.208798e-01 2.043014e+00 0 0.000000e+00
138535 -2.297823e-03 -5.483782e-04 8.537868e-02 -1.094924e-01 2.792642e-02 6.769197e-01 -7.192230e+00 1.910520e+00 3.968951e+01 521 2.146638e-03
38472 -1.635513e-02 -1.165207e-02 1.084760e-01 -6.252198e-02 -3.538139e-02 1.911517e-01 -1.663224e+01 -8.548811e+00 2.978503e+01 369 2.650573e-03
163486 -7.905214e-03 7.126625e-03 9.712529e-02 -3.129951e-01 2.182711e-01 1.229432e+00 -1.367363e+01 9.463148e+00 5.074811e+01 972 3.832356e-03
38592 1.416327e-04 -6.464320e-04 7.401844e-02 -4.587888e-03 -2.770049e-03 1.281726e-01 -3.321119e+00 -1.491226e+00 3.802765e+01 494 1.587099e-03
22980 3.392636e-03 3.638880e-03 7.759558e-02 2.395935e-02 1.809733e-02 1.529102e-01 1.416572e+01 9.958531e+00 5.187435e+01 269 8.768416e-04
23023 -1.261554e-03 -2.829760e-03 8.633096e-02 -1.089908e-02 -7.669322e-02 4.655510e-01 -1.454346e+00 -1.114634e+01 5.722605e+01 653 2.263457e-03
23125 1.607352e-02 2.860153e-03 9.220911e-02 7.613011e-01 1.611113e-01 1.101279e+00 2.465558e+01 5.235682e+00 3.338471e+01 567 2.988932e-03
63870 -6.964212e-03 1.357447e-03 4.919790e-02 -Inf Inf Inf -1.998092e+01 9.357045e-01 9.374800e+00 12 3.252385e-05
38714 2.573470e-03 -6.455405e-03 4.877481e-02 -Inf -Inf Inf -2.275181e+01 -1.393765e+01 7.272055e-02 0 0.000000e+00
138818 -4.169326e-04 -2.183922e-03 7.585034e-02 -4.248478e-03 -2.841408e-02 1.409148e-01 -2.411330e+00 -1.650759e+01 4.094742e+01 573 1.975459e-03
189262 -6.672816e-03 7.312601e-03 9.969337e-02 -9.328399e-02 1.031482e-01 5.370391e-01 -1.378513e+01 1.525330e+01 6.960841e+01 526 1.765214e-03
64056 2.272026e-03 5.139004e-03 8.091339e-02 1.487550e-02 6.267817e-02 2.620501e-01 2.965913e+00 1.354041e+01 4.262602e+01 708 2.395151e-03
138999 -1.441621e-02 1.369703e-03 1.111103e-01 -2.175355e-01 1.281710e-02 8.158212e-01 -1.064189e+01 5.997557e-01 3.692143e+01 736 3.793601e-03
189404 -3.535353e-05 -4.736221e-03 7.872496e-02 3.386039e-04 -4.757008e-02 2.150866e-01 8.407481e-02 -9.630102e+00 3.065744e+01 456 2.130233e-03
89070 -4.787632e-04 7.513384e-03 8.919161e-02 -2.830688e-02 8.242423e-02 2.854156e-01 -5.614501e+00 1.511375e+01 3.958947e+01 494 2.072040e-03
139134 5.633863e-03 2.556666e-03 8.795840e-02 4.351019e-02 1.935174e-02 2.412998e-01 7.347963e+00 3.258225e+00 2.974805e+01 252 1.681079e-03
23765 3.564658e-04 2.307888e-03 8.352054e-02 1.417139e-01 1.012860e-01 1.131684e+00 9.179662e+00 6.427575e+00 6.806708e+01 399 1.385966e-03
39165 -4.635806e-03 2.994970e-03 8.103924e-02 -3.175159e-02 2.011044e-02 1.796999e-01 -9.466932e+00 5.975524e+00 3.444540e+01 244 9.839112e-04
189613 1.346586e-03 4.449133e-03 7.553401e-02 6.971801e-03 2.932427e-02 1.302378e-01 4.156123e+00 1.837870e+01 4.041722e+01 575 1.904733e-03
39198 -2.472737e-03 -6.045367e-03 4.871075e-02 Inf Inf -Inf 2.770324e+01 8.814216e+00 -7.111650e+00 0 0.000000e+00
114370 -3.493103e-03 5.541455e-03 4.862491e-02 Inf -Inf -Inf 9.371719e+00 -2.705453e+01 -2.075667e+01 0 0.000000e+00
89338 -8.311474e-03 -1.020885e-03 8.814316e-02 -4.421806e-02 -2.082429e-02 1.911362e-01 -1.351686e+01 -7.454898e+00 3.877124e+01 431 2.120908e-03
139414 1.740306e-03 -1.088563e-02 7.940886e-02 8.178350e-03 -4.008266e-02 1.124961e-01 5.555948e+00 -2.519665e+01 2.855388e+01 280 1.156040e-03
24513 -2.712401e-03 -1.402272e-03 7.919700e-02 -8.193683e-03 -6.494565e-03 1.337173e-01 -5.815480e+00 -5.402774e+00 5.784450e+01 450 1.540425e-03
24541 -6.709758e-03 2.345517e-03 4.861844e-02 -Inf -Inf Inf -3.289298e+01 -2.176110e+01 1.337808e+01 8 2.393582e-05
114668 4.178755e-03 -4.480515e-03 8.459066e-02 2.107153e-02 -1.746755e-02 1.609531e-01 7.544165e+00 -5.799894e+00 3.410277e+01 812 3.254403e-03
190037 1.287495e-04 7.215648e-03 4.634218e-02 Inf Inf Inf 3.180288e+00 9.059641e+00 3.002054e+00 0 0.000000e+00
114738 5.183872e-03 -4.987168e-03 4.938038e-02 Inf -Inf -Inf 1.381948e+01 -1.729021e+00 -7.527542e-01 16 8.171397e-05
64905 1.009258e-03 8.523738e-04 7.608059e-02 1.384571e-02 2.380361e-02 2.457314e-01 2.490001e+00 4.452056e+00 3.290868e+01 421 1.715909e-03
114861 -3.220762e-03 1.241351e-02 8.679145e-02 -1.115387e-02 3.903192e-02 1.218976e-01 -5.451466e+00 1.829162e+01 2.412424e+01 1002 4.560717e-03
164781 2.292359e-03 6.151105e-04 8.587505e-02 6.329045e-02 4.114948e-02 3.954618e-01 5.755509e+00 3.824643e+00 2.921123e+01 593 2.670094e-03
89906 -4.988473e-03 -5.072171e-03 4.543050e-02 -Inf -Inf -Inf -4.220014e+00 -3.775552e+00 -8.000160e+00 13 9.765843e-05
139949 5.469046e-03 -4.104043e-03 4.925816e-02 Inf Inf Inf 6.788122e+00 1.194910e+01 9.403281e-01 0 0.000000e+00
139997 2.160378e-03 9.120911e-03 8.073935e-02 3.288246e-02 1.343249e-01 2.523523e-01 5.815279e+00 2.369944e+01 3.248403e+01 563 2.101460e-03
89987 1.118278e-03 8.429857e-04 7.535182e-02 8.043640e-03 -4.920647e-04 2.524252e-01 2.036661e+00 -3.926214e-01 5.207502e+01 424 1.259913e-03
164941 -1.766579e-03 1.588643e-03 9.181640e-02 -1.400858e-02 3.073178e-02 4.777974e-01 -1.289644e+00 3.070108e+00 4.066149e+01 894 3.643859e-03
115091 1.277036e-02 -1.035722e-02 1.150436e-01 1.752446e-01 -1.308116e-01 8.331259e-01 9.244569e+00 -6.853695e+00 4.085794e+01 316 2.293982e-03
90017 -9.462581e-04 -9.598322e-04 9.325386e-02 -8.216363e-03 3.567775e-03 1.964064e-01 -1.828735e+00 1.138882e+00 2.594718e+01 200 1.810324e-03
40036 -4.984917e-03 2.584711e-03 8.818170e-02 -2.082058e-01 1.162713e-01 9.091167e-01 -9.722458e+00 5.438974e+00 3.927503e+01 883 3.428903e-03
90107 -1.235872e-02 -4.386672e-03 9.272323e-02 -1.240241e-01 -5.177414e-02 3.164708e-01 -1.994494e+01 -8.464039e+00 3.996433e+01 574 2.448278e-03
65267 -1.072957e-03 -4.951342e-03 7.878459e-02 -5.536826e-03 -2.566251e-02 1.349905e-01 -3.097208e+00 -1.437022e+01 3.899786e+01 382 1.678795e-03
115261 3.608784e-04 -2.180426e-03 7.338989e-02 2.088404e-02 -4.201584e-02 1.369752e-01 8.109124e+00 -1.573979e+01 2.512388e+01 417 1.395019e-03
65424 -5.804222e-03 -6.502081e-03 9.629704e-02 -3.731852e-02 -4.380481e-02 2.473907e-01 -8.901387e+00 -1.053636e+01 4.267724e+01 395 1.617586e-03
40245 1.710094e-03 -2.891285e-03 8.003444e-02 1.235434e-02 -1.535518e-02 1.334792e-01 8.646523e+00 -1.012466e+01 4.341421e+01 638 2.363123e-03
115415 -6.415555e-03 2.212832e-02 1.099141e-01 -1.827604e-01 6.614603e-01 1.477765e+00 -4.206580e+00 1.525081e+01 3.262909e+01 425 2.988061e-03
190816 -2.615065e-04 -4.275516e-03 8.402357e-02 -1.095430e-03 -1.229136e-02 1.284667e-01 -6.785984e-01 -6.522821e+00 3.616523e+01 500 1.856974e-03
65587 -1.034583e-03 3.332654e-03 8.756172e-02 -1.874260e-03 2.142027e-02 1.725795e-01 -3.609691e-01 7.775694e+00 3.654836e+01 557 2.212147e-03
140490 -7.103649e-03 7.964207e-04 4.906580e-02 -Inf -Inf -Inf -8.107250e-01 -3.835544e+00 -5.696477e+00 7 7.360094e-05
40413 1.356704e-03 -3.965852e-03 8.134428e-02 3.535979e-02 -5.881231e-02 3.077158e-01 7.176773e+00 -1.157603e+01 4.777852e+01 786 2.668122e-03
140556 1.897195e-02 -1.093570e-02 1.025220e-01 6.968997e-02 -4.420665e-02 1.780858e-01 2.393389e+01 -1.570059e+01 3.565860e+01 518 2.897656e-03
190942 -2.973691e-03 -1.529054e-03 7.838846e-02 -6.619498e-02 -2.334205e-02 3.158748e-01 -8.816057e+00 -3.041771e+00 3.311690e+01 399 1.564090e-03
140613 1.580832e-03 -7.647939e-04 9.438193e-02 9.356906e-03 -1.038658e-02 2.736221e-01 2.699367e+00 -3.340082e+00 6.222097e+01 702 2.710393e-03
40530 2.881260e-04 3.184804e-03 9.829331e-02 1.403705e-02 3.656674e-02 4.258872e-01 1.457911e+00 3.539760e+00 3.473746e+01 345 1.807005e-03
90631 -8.042048e-03 -2.293250e-02 9.372176e-02 -6.463468e-01 -1.426780e+00 2.315553e+00 -4.476097e+00 -9.844451e+00 1.558054e+01 563 4.059296e-03
90660 -1.659462e-03 2.223748e-03 7.036450e-02 -1.173020e-02 2.943737e-02 1.352451e-01 -4.957748e+00 1.339706e+01 3.194025e+01 395 1.211383e-03
165620 -2.581613e-03 5.685892e-03 8.807248e-02 -4.968978e-02 1.371493e-01 6.211134e-01 -4.779201e+00 1.333718e+01 5.407788e+01 428 1.541241e-03
90736 1.880893e-03 2.703771e-03 1.123401e-01 9.684904e-02 1.362031e-01 1.564740e+00 4.668838e+00 6.563116e+00 7.140311e+01 443 1.849479e-03
115860 1.470522e-02 3.155802e-03 1.095877e-01 1.704567e+00 1.287709e-01 3.260335e+00 1.225691e+01 9.111124e-01 2.285302e+01 550 3.725409e-03
165854 8.677722e-05 -6.792407e-03 8.179178e-02 -1.222486e-04 -3.840070e-02 1.499991e-01 -1.004234e-01 -1.518574e+01 3.276921e+01 634 2.752654e-03
165960 -1.051886e-03 1.436529e-03 7.249035e-02 -7.102920e-03 1.281595e-02 1.410122e-01 -3.416623e+00 6.425213e+00 3.868979e+01 470 1.686520e-03
165982 -1.344492e-03 1.170517e-03 8.994686e-02 -1.400052e-02 3.581559e-03 2.157795e-01 -4.002122e+00 7.624255e-01 3.979112e+01 331 1.418153e-03
166065 -1.954630e-04 3.911844e-03 9.143225e-02 3.499154e-03 9.737271e-03 1.745172e-01 1.728358e+00 2.725161e+00 3.886753e+01 832 3.291706e-03
66303 3.095196e-03 -2.665475e-03 8.885136e-02 3.972863e-02 -1.974874e-02 2.956381e-01 6.406996e+00 -2.987773e+00 3.616591e+01 303 1.391788e-03
116294 1.063949e-02 2.419564e-03 8.389590e-02 5.389472e-02 1.144723e-02 1.673308e-01 1.317509e+01 2.749734e+00 2.541339e+01 385 2.201081e-03
116316 -3.292810e-03 -1.557759e-03 8.514327e-02 -5.267336e-02 -2.162578e-02 4.282478e-01 -8.216576e+00 -3.339178e+00 5.709017e+01 752 2.819575e-03
191681 6.232794e-04 5.945064e-03 1.000471e-01 1.678517e-02 6.206017e-02 4.708999e-01 2.278719e+00 7.911857e+00 5.228778e+01 666 2.679202e-03
191690 4.816049e-04 2.520280e-03 1.123222e-01 -3.128551e-02 4.267892e-02 5.444152e-01 -2.499560e+00 3.159837e+00 3.399875e+01 403 2.536962e-03
91336 6.742275e-03 -4.330837e-03 1.104076e-01 2.161785e-01 -8.072150e-02 1.520291e+00 6.443293e+00 -2.350154e+00 4.337497e+01 442 2.247830e-03
191796 -6.306805e-03 -4.320876e-03 4.622205e-02 Inf Inf -Inf 1.313157e+01 1.169637e+01 -4.392666e+00 0 0.000000e+00
66666 1.144323e-03 2.605769e-03 7.472003e-02 1.154512e-02 1.783424e-02 1.256031e-01 9.692508e+00 1.419142e+01 4.741796e+01 537 1.786788e-03
166514 2.193800e-03 4.590784e-03 7.861655e-02 1.664232e-02 2.310461e-02 1.477108e-01 1.264045e+01 1.619703e+01 6.044785e+01 501 1.699909e-03
41538 8.041372e-04 -1.943866e-03 7.696641e-02 1.006600e-02 -1.119377e-02 1.445945e-01 7.678506e+00 -7.668592e+00 5.606683e+01 358 1.012767e-03
116677 -7.213004e-04 -7.030705e-03 4.918085e-02 -Inf -Inf -Inf -1.934503e+00 -1.254349e+01 -4.058460e+00 15 4.285925e-05
91657 -4.732025e-04 -4.673367e-03 8.369665e-02 5.833085e-03 -2.913794e-02 1.892502e-01 4.041077e+00 -1.567693e+01 6.763886e+01 515 1.755468e-03
116801 6.848752e-03 9.312344e-04 4.841019e-02 -Inf Inf Inf -3.860310e+01 5.997431e+00 1.586691e+01 0 0.000000e+00
66881 -2.332233e-03 -8.539611e-03 8.886127e-02 -1.308690e-02 -1.077704e-01 4.259695e-01 -1.211753e+00 -1.118056e+01 3.798276e+01 606 2.513527e-03
192193 -3.075695e-03 1.661257e-03 7.515351e-02 -1.657332e-02 1.403728e-02 1.207426e-01 -1.340599e+01 1.229200e+01 4.527953e+01 281 8.356730e-04
41807 9.284861e-04 -1.889431e-03 7.691127e-02 1.657037e-02 -4.848466e-03 1.376609e-01 8.056321e+00 -1.524045e+00 3.128897e+01 295 1.627941e-03
166813 -4.151663e-03 -2.395902e-03 8.129725e-02 -4.053234e-02 -2.385481e-02 2.089314e-01 -1.202409e+01 -7.092328e+00 4.218402e+01 438 1.819130e-03
141910 5.904968e-03 1.016835e-02 7.946780e-02 2.071182e-02 3.502151e-02 1.113134e-01 1.332909e+01 2.237274e+01 2.866727e+01 302 1.299059e-03
116966 -7.726176e-03 -1.269621e-02 1.130664e-01 -2.353754e-01 -3.488036e-01 1.329966e+00 -6.399277e+00 -9.448063e+00 3.420734e+01 628 3.611868e-03
91960 -6.034637e-03 3.191659e-03 4.608907e-02 -Inf -Inf Inf -1.959622e-01 -1.060811e+01 3.132326e+01 0 0.000000e+00
117103 -2.244213e-03 -3.851837e-03 1.053138e-01 -6.667854e-02 -7.646243e-02 9.156450e-01 -4.608275e+00 -5.193033e+00 5.795404e+01 243 1.271943e-03
42028 6.317734e-03 -2.555786e-03 1.136787e-01 2.456059e-01 -1.988392e-01 1.329832e+00 4.687042e+00 -3.844690e+00 2.382133e+01 702 4.093352e-03
167018 -1.562977e-02 -2.978251e-03 9.899655e-02 -5.017448e-01 -1.330875e-01 1.092701e+00 -2.290489e+01 -6.130517e+00 4.682160e+01 352 1.709306e-03
67259 -2.339318e-02 -5.365613e-03 1.131553e-01 -1.314148e+00 -2.651000e-01 2.757815e+00 -1.067729e+01 -2.148555e+00 2.187696e+01 640 4.117403e-03
92127 2.761957e-03 -1.651132e-02 1.189515e-01 1.243879e-02 -7.240863e-01 2.261038e+00 2.134126e-01 -1.560485e+01 4.724153e+01 282 2.086357e-03
42195 -1.651555e-02 3.315950e-03 1.196461e-01 -6.791632e-01 -3.266404e-02 2.531810e+00 -1.159551e+01 -6.296048e-01 4.220985e+01 417 2.577937e-03
192720 1.110270e-04 -5.460982e-03 7.774728e-02 -5.044781e-03 -5.641409e-02 1.937504e-01 -1.829401e+00 -1.807935e+01 4.116062e+01 514 1.754883e-03
117391 -5.060354e-03 -4.648022e-04 1.026135e-01 -5.362808e-02 -2.835318e-02 5.107880e-01 -3.843215e+00 -2.206837e+00 3.229927e+01 560 2.793685e-03
117563 3.126389e-03 9.769202e-04 8.011724e-02 4.248476e-02 -3.868109e-03 1.968126e-01 9.794789e+00 -1.205742e+00 2.904099e+01 474 2.196063e-03
167466 -1.990829e-03 -9.378902e-04 9.132840e-02 -3.071969e-02 -8.392824e-03 3.460365e-01 -4.573630e+00 -1.186824e+00 4.054949e+01 159 9.640365e-04
42524 -5.877109e-03 -3.014692e-03 9.078700e-02 -2.701670e-02 -1.359641e-02 1.888676e-01 -9.417201e+00 -4.713911e+00 4.369265e+01 495 2.083029e-03
42527 7.341233e-03 -4.956706e-03 1.099135e-01 1.176603e-01 -5.803866e-02 5.947339e-01 1.003393e+01 -4.828004e+00 4.409625e+01 388 2.194530e-03
193019 4.490026e-03 -4.067901e-03 8.479440e-02 1.772840e-02 -3.029159e-02 1.631944e-01 4.102121e+00 -8.125827e+00 2.429350e+01 625 3.182182e-03
92587 2.165451e-03 -6.460835e-03 9.128821e-02 3.264546e-02 -1.432638e-01 8.155190e-01 2.124030e+00 -9.533253e+00 5.046875e+01 335 1.545900e-03
42641 -6.923662e-03 -1.766479e-03 8.237389e-02 -7.749304e-02 2.728582e-04 2.360477e-01 -9.736964e+00 2.813820e-01 2.120348e+01 443 2.391589e-03
67939 -2.185326e-03 -2.565318e-03 8.059959e-02 -2.365492e-02 -1.707439e-02 1.474858e-01 -1.173263e+01 -7.928867e+00 3.655173e+01 250 1.037810e-03
117912 -6.925851e-03 -5.425067e-03 9.093888e-02 -1.304215e-01 -8.274069e-02 5.442220e-01 -9.300021e+00 -5.822364e+00 3.413514e+01 303 1.636145e-03
42844 -3.538297e-03 -7.783252e-03 9.629849e-02 -1.225086e-02 -6.932651e-02 3.116462e-01 -1.324291e+00 -9.354439e+00 3.273237e+01 351 1.853175e-03
193348 3.637886e-03 -3.606649e-04 8.638506e-02 2.816560e-02 -3.626562e-03 2.512223e-01 7.642663e+00 -1.017630e+00 5.136211e+01 282 1.325089e-03
142963 -6.183680e-03 3.213565e-03 8.407183e-02 -2.616625e-02 1.171327e-02 1.672416e-01 -1.064427e+01 4.527601e+00 4.430270e+01 256 1.014536e-03
92940 -5.228965e-03 7.055009e-03 9.037119e-02 -6.730316e-02 9.111387e-02 3.409707e-01 -9.501639e+00 1.286681e+01 3.835904e+01 317 1.549546e-03
42901 -4.519406e-03 5.670852e-03 7.909615e-02 -1.829240e-02 2.522966e-02 1.163600e-01 -1.089474e+01 1.547145e+01 2.947657e+01 675 2.403401e-03
68125 -6.112612e-03 -7.853585e-03 1.195228e-01 -1.323493e-01 -1.361862e-01 9.946391e-01 -5.553549e+00 -5.645755e+00 3.849912e+01 489 3.159415e-03
118097 2.592754e-03 -8.585558e-03 9.037852e-02 3.329637e-02 -8.168373e-02 2.895532e-01 6.373369e+00 -1.517351e+01 4.134412e+01 467 1.960271e-03
118110 8.663275e-04 -5.761711e-03 8.455716e-02 2.163627e-03 -1.862602e-02 1.282070e-01 1.162232e+00 -1.152495e+01 3.910527e+01 598 2.129258e-03
168003 -1.131669e-04 3.908284e-03 8.456755e-02 -2.726682e-03 3.163523e-02 2.138024e-01 -1.379405e+00 1.463420e+01 6.820976e+01 478 1.261740e-03
43031 -2.877994e-03 6.302514e-03 8.340669e-02 -1.030722e-02 2.611514e-02 1.304633e-01 -7.199034e+00 1.919875e+01 4.559858e+01 605 2.255456e-03
143125 -2.346196e-03 2.125041e-02 1.061621e-01 -5.168568e-02 3.265325e-01 8.078045e-01 -1.880714e+00 1.163669e+01 2.674508e+01 785 4.335373e-03
68302 -1.917934e-03 5.878451e-03 9.045190e-02 -2.335600e-02 4.518206e-02 2.560835e-01 -6.628245e+00 1.215194e+01 5.121018e+01 1031 4.060369e-03
168087 -2.901587e-03 -6.745915e-03 4.852984e-02 Inf Inf Inf 5.437285e+00 5.033526e+00 1.622361e+01 0 0.000000e+00
118305 1.254278e-02 4.534996e-03 9.820799e-02 2.605976e-01 1.270030e-01 7.930451e-01 1.253364e+01 6.188024e+00 3.510851e+01 642 3.088959e-03
68401 -1.332550e-03 -6.291389e-03 9.737376e-02 -1.812970e-02 -5.984761e-02 3.241245e-01 -3.019148e+00 -9.626287e+00 4.075656e+01 462 1.953428e-03
143288 -1.062663e-02 1.440304e-03 8.228581e-02 -7.591293e-02 1.702618e-03 1.609095e-01 -1.382438e+01 5.554514e-02 1.664858e+01 724 3.339062e-03
118384 4.943916e-04 -1.043080e-03 8.666012e-02 1.606754e-02 -1.318861e-02 3.235677e-01 3.067014e+00 -2.391971e+00 4.665714e+01 638 2.286414e-03
143380 -5.852817e-03 5.352780e-03 9.279431e-02 -1.301853e-02 1.362466e-02 1.264306e-01 -1.234110e+01 1.424618e+01 5.792988e+01 508 2.279255e-03
168288 -2.873962e-03 1.858345e-02 1.179663e-01 -3.678143e-01 1.108862e+00 4.691393e+00 -2.186323e+00 6.531756e+00 2.739897e+01 291 3.083333e-03
93364 -2.116517e-03 -5.856405e-03 9.015185e-02 -9.042027e-03 -1.970725e-02 1.445438e-01 -1.051479e+01 -2.102932e+01 8.258165e+01 587 2.317921e-03
118534 1.039931e-02 -1.220299e-02 1.080844e-01 2.119263e-02 -2.184022e-02 1.478090e-01 7.876661e+00 -7.032979e+00 2.898993e+01 449 3.782848e-03
118573 -3.105335e-03 1.356000e-03 8.328228e-02 -3.957640e-02 1.833093e-02 2.513913e-01 -8.488086e+00 3.950658e+00 3.912482e+01 1165 4.561905e-03
118581 -1.016792e-03 2.919350e-03 7.352789e-02 -2.506076e-03 3.088566e-02 1.681841e-01 -6.227069e-01 1.169341e+01 3.957811e+01 355 1.066828e-03
68662 -2.458083e-04 4.594273e-03 8.393078e-02 -2.043458e-03 1.230940e-02 1.230820e-01 -3.356465e+00 1.440523e+01 7.310081e+01 342 1.400589e-03
168450 -4.901645e-03 8.393654e-03 8.547721e-02 -2.817299e-01 4.275265e-01 1.102790e+00 -1.603814e+01 2.428260e+01 5.893836e+01 877 3.290173e-03
194038 -3.267327e-03 4.817912e-03 7.816061e-02 -1.669015e-02 2.542937e-02 1.287005e-01 -1.191519e+01 1.829640e+01 4.486335e+01 301 1.019675e-03
143631 9.662300e-03 1.196198e-02 9.314908e-02 3.704137e-01 4.338438e-01 9.910290e-01 1.395100e+01 1.631504e+01 3.472286e+01 493 2.932862e-03
118741 7.212865e-03 -1.539992e-03 1.093805e-01 2.456394e-02 -7.636379e-03 2.409216e-01 7.510535e+00 -2.638865e+00 5.693849e+01 249 1.545582e-03
118779 6.157415e-03 2.098094e-02 9.268380e-02 2.691095e-01 7.432455e-01 1.029155e+00 7.095075e+00 1.948842e+01 2.526822e+01 421 2.429522e-03
168653 -6.306756e-04 2.745568e-03 7.418064e-02 -2.085149e-03 1.586893e-02 1.241611e-01 -6.411740e-01 5.785158e+00 2.203283e+01 487 1.846825e-03
143779 -2.026279e-03 -6.713370e-03 7.393391e-02 -1.517036e-02 -3.445592e-02 1.065307e-01 -1.272646e+01 -2.686109e+01 3.156111e+01 403 1.392883e-03
194223 3.694018e-03 6.012752e-03 4.855972e-02 Inf Inf Inf 6.119815e-01 9.144668e+00 7.591134e+00 10 4.345224e-05
194285 -2.098991e-03 2.614907e-03 7.304922e-02 -4.571461e-02 6.162572e-02 1.836599e-01 -7.176228e+00 9.709252e+00 1.819916e+01 703 2.684650e-03
118946 -2.744311e-03 -7.298739e-04 8.118246e-02 -1.264141e-02 -7.596865e-03 1.215529e-01 -1.316622e+01 -9.135234e+00 5.370523e+01 693 2.391370e-03
43925 5.325549e-03 4.114295e-03 4.903427e-02 Inf -Inf Inf 5.948889e+00 -4.429898e+00 3.392946e+01 88 2.615936e-04
168918 6.573795e-03 -9.700051e-04 5.151478e-02 -Inf Inf Inf -1.606966e+01 1.026958e+01 1.767568e+01 0 0.000000e+00
94061 -5.926368e-04 -7.075900e-03 4.955381e-02 -Inf -Inf -Inf -9.274517e+00 -1.247232e+00 -1.469430e+00 51 1.615312e-04
169028 -7.484859e-04 -7.679454e-04 7.840843e-02 1.133707e-02 -1.147575e-02 2.092229e-01 4.332154e+00 -3.838289e+00 4.689138e+01 401 1.580015e-03
169165 2.252594e-03 -2.834027e-03 7.627691e-02 4.440638e-02 -4.516137e-02 2.401475e-01 9.521112e+00 -9.560311e+00 3.701281e+01 282 1.017646e-03
144273 1.953406e-03 -6.217461e-03 4.570379e-02 -Inf Inf -Inf -7.292543e+00 1.867331e+01 -3.099196e+00 0 0.000000e+00
169210 3.668093e-03 -1.004131e-03 8.340575e-02 8.982907e-02 -2.484352e-02 4.036088e-01 1.554542e+01 -4.301172e+00 5.777198e+01 513 1.710405e-03
44249 5.900392e-03 7.460375e-03 1.105324e-01 2.760701e-01 3.715151e-01 2.034211e+00 8.070088e+00 1.087447e+01 5.746113e+01 394 1.919204e-03119381 2.837506e-03 -5.136187e-03 8.602352e-02 6.446473e-02 -1.042750e-01 5.814682e-01 5.390326e+00 -8.671334e+00 4.333487e+01 530 2.166698e-03

69459 5.779685e-03 4.317540e-03 5.075037e-02 Inf Inf -Inf 2.037599e+01 1.692571e+01 -8.940959e-01 5 2.288874e-05
44278 2.817010e-03 5.747825e-03 8.624217e-02 8.020029e-02 1.718517e-01 6.963720e-01 5.641703e+00 1.210996e+01 4.448210e+01 702 2.769120e-03
169276 3.542175e-03 -4.727268e-03 8.526698e-02 1.322997e-02 -2.719297e-02 1.670744e-01 6.011659e+00 -1.394085e+01 5.076472e+01 412 1.519877e-03
44319 5.840388e-03 1.005687e-02 9.928136e-02 2.236837e-01 3.940838e-01 1.211260e+00 8.807408e+00 1.552621e+01 4.495732e+01 540 2.732521e-03
169313 5.593188e-03 -1.311101e-02 8.894158e-02 2.754473e-01 -5.591630e-01 1.050775e+00 6.918430e+00 -1.399950e+01 2.465916e+01 382 2.210259e-03
194891 -2.226065e-02 3.352750e-03 1.157214e-01 -1.691199e-01 1.671258e-02 4.463967e-01 -1.885474e+01 1.715220e+00 4.245421e+01 875 4.389842e-03
144474 1.633789e-02 4.485792e-03 9.229855e-02 2.188999e-01 5.288232e-02 3.790857e-01 2.546254e+01 6.083560e+00 3.604983e+01 607 2.896647e-03
119574 1.640204e-02 -2.073515e-02 1.019554e-01 1.205841e+00 -1.757025e+00 2.905523e+00 1.327233e+01 -1.937437e+01 3.128357e+01 360 2.253045e-03
44446 4.495220e-03 1.211855e-03 7.998308e-02 2.182454e-02 2.310956e-02 1.720035e-01 9.253850e+00 1.169336e+01 4.913888e+01 231 1.332077e-03
169473 -2.347953e-03 -2.832457e-03 7.670697e-02 -2.424502e-02 -4.479663e-02 2.027873e-01 -7.171169e+00 -1.374304e+01 4.129063e+01 601 2.041859e-03
94540 -2.392231e-03 1.354389e-02 1.021853e-01 -2.652307e-02 4.007113e-01 1.090864e+00 -9.075736e-01 1.456157e+01 3.718471e+01 400 1.999214e-03
195037 -4.933464e-03 1.968702e-03 7.781963e-02 -2.607969e-02 1.406687e-02 1.344608e-01 -1.248989e+01 7.145712e+00 3.345477e+01 460 1.758739e-03
69813 -6.058472e-03 3.624338e-03 4.860568e-02 -Inf Inf Inf -2.129055e+01 1.734829e+00 5.644279e+00 11 2.980788e-05
119736 1.978458e-04 9.303273e-03 8.150270e-02 5.144580e-03 3.373516e-01 6.930458e-01 1.997132e-01 1.324421e+01 2.468967e+01 283 1.523331e-03
94718 -6.711753e-03 -2.815659e-04 5.041178e-02 -Inf -Inf Inf -1.876878e+00 -6.220995e+00 1.407235e+01 0 0.000000e+00
94792 8.373151e-04 1.658221e-03 7.278488e-02 -2.783196e-03 -6.005011e-04 1.221648e-01 -2.599110e+00 -1.621503e+00 3.544909e+01 243 7.960784e-04
144835 -2.212395e-03 8.393354e-04 8.675353e-02 -3.829827e-02 2.780567e-02 4.189124e-01 -4.260213e+00 3.183582e+00 3.921389e+01 475 1.997073e-03
44830 2.497874e-03 -1.854134e-03 8.499541e-02 3.623072e-02 -2.819987e-02 3.082389e-01 6.870236e+00 -5.365733e+00 4.546711e+01 226 8.882547e-04
144966 -4.272004e-03 -5.109151e-03 8.639855e-02 -1.159246e-02 -1.453872e-02 1.306847e-01 -7.698646e+00 -9.916722e+00 4.657403e+01 376 1.564353e-03
70125 6.225249e-03 3.627835e-03 8.648273e-02 2.924659e-02 1.557090e-02 1.675157e-01 1.376457e+01 7.140815e+00 4.845001e+01 686 2.505925e-03
45044 -1.614779e-03 1.764387e-03 8.294350e-02 -3.832254e-03 6.910418e-03 1.983085e-01 -9.599229e-01 2.227665e+00 4.994036e+01 659 2.463919e-03
45051 -2.273279e-04 2.014161e-03 1.144412e-01 1.474123e-01 -1.397916e-01 3.332869e+00 2.106595e+00 -2.023355e+00 4.592212e+01 290 1.660618e-03
170060 4.414199e-03 1.310900e-03 9.502560e-02 2.838750e-02 6.175196e-03 2.458091e-01 7.842658e+00 1.591312e+00 4.932750e+01 252 1.238385e-03
45144 1.484404e-02 -4.923490e-03 1.076582e-01 3.451152e-01 -1.535744e-01 8.999084e-01 1.126186e+01 -5.068821e+00 2.701481e+01 484 3.752747e-03
145269 1.806376e-02 -8.082521e-03 9.647387e-02 3.434944e-01 -1.438597e-01 7.538894e-01 1.319959e+01 -5.507172e+00 2.666502e+01 322 2.786677e-03
145274 -1.379776e-02 1.097705e-02 1.179679e-01 -6.914822e-01 3.488321e-01 1.898689e+00 -1.329017e+01 6.625727e+00 3.492200e+01 500 3.145118e-03
120528 2.302951e-03 -7.666334e-04 7.541347e-02 1.266175e-02 4.283250e-03 1.408281e-01 7.719650e+00 3.763307e+00 4.874870e+01 563 1.998079e-03
145499 1.310666e-03 -1.112201e-02 8.919466e-02 1.170420e-01 -7.015209e-01 1.364616e+00 4.326361e+00 -2.580904e+01 4.767880e+01 327 1.364479e-03
120563 -3.683217e-03 -4.316025e-03 7.738335e-02 -6.336028e-02 -3.653130e-02 2.441758e-01 -1.661942e+01 -8.971607e+00 4.644989e+01 442 1.531211e-03
170409 -1.151718e-02 1.797582e-02 1.157472e-01 -1.591591e+00 2.189587e+00 6.666237e+00 -1.351364e+01 1.857277e+01 5.602328e+01 520 2.398410e-03
120586 -8.710864e-03 1.775921e-03 8.737789e-02 -7.626553e-02 1.730982e-02 2.275170e-01 -1.518862e+01 3.492559e+00 3.150813e+01 451 1.983584e-03
95532 1.621480e-03 4.243754e-03 8.909708e-02 7.445683e-03 1.712827e-02 2.408745e-01 2.438565e+00 5.394684e+00 6.354843e+01 285 1.018645e-03
170495 -2.790454e-03 1.609880e-03 7.519279e-02 -5.187277e-02 2.851466e-02 1.921523e-01 -1.043336e+01 5.719114e+00 2.486193e+01 475 1.694485e-03
145628 -6.510611e-03 -2.945255e-03 9.508790e-02 -1.821321e-01 -7.045042e-02 8.564351e-01 -1.321992e+01 -5.081457e+00 5.731047e+01 468 1.932825e-03
45602 -6.837134e-03 -1.775792e-03 4.720169e-02 Inf -Inf Inf 1.515014e+01 -5.721784e+00 1.017103e+01 0 0.000000e+00
70892 -5.505910e-03 2.524973e-03 7.081305e-02 -9.099245e-02 3.182133e-02 1.161617e-01 -1.814487e+01 6.218271e+00 9.625426e+00 459 2.606706e-03
170665 1.886613e-03 -4.227758e-03 8.114890e-02 2.913177e-02 -5.655388e-02 2.805382e-01 6.047983e+00 -1.161555e+01 4.426120e+01 575 1.835711e-03
145857 -7.648653e-05 2.512665e-03 7.947879e-02 -4.523400e-03 1.263632e-02 1.569095e-01 -3.618059e+00 8.236719e+00 6.299849e+01 901 3.183967e-03
196374 2.107155e-02 -1.164139e-02 9.371674e-02 1.181046e-01 -6.802973e-02 2.029074e-01 2.762146e+01 -1.605153e+01 3.108226e+01 428 2.128811e-03
95926 6.658244e-03 9.562430e-03 9.135075e-02 1.303198e-01 2.635007e-01 6.252058e-01 1.378611e+01 2.830969e+01 5.951554e+01 573 2.110079e-03
196439 5.890119e-03 -2.054774e-03 8.893870e-02 4.706910e-02 -1.844628e-02 2.286159e-01 1.209298e+01 -4.813671e+00 4.101881e+01 911 3.581207e-03
121214 -2.102397e-03 6.524479e-03 4.883934e-02 -Inf Inf Inf -6.716516e-01 7.543847e+00 1.382749e+01 16 4.082221e-05
46241 5.014290e-05 -3.788411e-03 7.392058e-02 6.605371e-03 -3.179735e-02 1.255881e-01 5.273281e+00 -2.253148e+01 4.156334e+01 475 1.642549e-03
71497 6.088007e-03 1.614946e-03 9.011010e-02 1.650538e-02 5.613344e-03 1.387376e-01 1.723976e+01 6.616970e+00 8.047396e+01 409 1.378790e-03
196811 -3.181730e-03 8.895385e-03 7.928694e-02 -5.868801e-02 1.619379e-01 3.260124e-01 -8.649708e+00 2.384907e+01 3.844796e+01 363 1.364820e-03
171353 1.881683e-03 1.939135e-04 8.299485e-02 6.187163e-03 -4.865041e-03 1.569906e-01 3.007353e+00 -3.533651e+00 5.168561e+01 294 1.083791e-03
121548 -2.680739e-03 5.930433e-03 4.872907e-02 Inf Inf Inf 2.035822e+01 8.444144e+00 1.419971e+01 7 4.791579e-05
146531 -5.719236e-03 -2.376621e-03 7.605580e-02 -7.976391e-02 -2.712663e-02 2.296305e-01 -1.876316e+01 -6.271733e+00 3.891633e+01 809 3.173230e-03
46501 -3.922916e-03 6.892673e-04 8.275509e-02 -4.753372e-02 -2.979409e-03 2.244313e-01 -1.595502e+01 -1.342186e+00 5.183230e+01 667 2.458549e-03
121642 1.217436e-03 -3.732539e-03 7.222859e-02 3.919242e-03 -3.012444e-02 1.130963e-01 2.018873e+00 -1.972084e+01 3.053761e+01 252 8.347486e-04
171544 -2.059806e-03 5.024558e-03 8.013520e-02 -4.327158e-02 1.117184e-01 2.490012e-01 -1.340092e+00 3.469386e+00 5.491050e+00 678 4.542111e-03
121725 -2.214625e-03 6.858967e-03 4.835153e-02 -Inf Inf Inf -8.289692e+00 2.208782e+01 8.220465e+00 4 2.474598e-05
71861 -5.172230e-03 4.917406e-03 5.051075e-02 -Inf Inf -Inf -1.988860e+01 1.908450e+00 -2.225171e+01 9 1.696222e-05
146745 3.372210e-03 -6.323670e-03 8.082261e-02 3.486138e-02 -7.949605e-02 2.220388e-01 7.803016e+00 -1.813211e+01 3.499337e+01 807 3.119698e-03
171662 -1.933084e-03 5.633315e-03 8.100654e-02 -1.259770e-01 2.630385e-01 6.700755e-01 -1.103560e+01 2.290013e+01 5.240669e+01 871 3.328371e-03
121842 -7.444234e-03 1.121297e-02 9.655867e-02 -1.274862e-01 1.496995e-01 5.334328e-01 -1.034046e+01 1.192929e+01 3.763252e+01 746 3.201372e-03
171821 -7.041023e-03 2.465778e-04 4.995840e-02 -Inf -Inf Inf -2.253127e+01 -9.300420e-01 2.098078e+01 8 2.382741e-05
197454 2.379431e-03 -6.547322e-03 5.058394e-02 Inf Inf Inf 8.235202e+00 7.983688e+00 7.042379e+00 0 0.000000e+00
122110 -3.116591e-03 -1.358401e-03 8.419328e-02 -1.990084e-02 -7.697576e-03 1.468314e-01 -1.649136e+01 -6.228554e+00 6.154509e+01 690 2.259943e-03
72252 -1.415214e-03 -1.489673e-03 8.672066e-02 -4.007754e-02 -4.202569e-02 5.042980e-01 -3.441702e+00 -3.608497e+00 3.717254e+01 325 1.774984e-03
122166 -4.739690e-03 5.190786e-03 5.150005e-02 Inf Inf Inf 1.420585e+00 6.708443e+00 6.095917e+00 4 6.438816e-05
72271 -2.237172e-03 6.898601e-04 8.251956e-02 -9.094968e-03 2.266192e-03 1.310247e-01 -6.875778e+00 1.580465e+00 4.863234e+01 411 1.461817e-03
97149 -1.184218e-03 -2.601117e-03 7.365444e-02 -5.217467e-03 -2.624887e-02 1.245257e-01 -2.692846e+00 -1.578870e+01 3.396479e+01 493 1.582458e-03
47137 6.104351e-03 3.264036e-03 4.727583e-02 Inf -Inf -Inf 4.457942e+00 -2.171483e+01 -2.890240e+01 0 0.000000e+00
197723 1.323944e-02 -2.918027e-03 1.184927e-01 2.442215e-01 -4.990205e-02 9.855957e-01 8.440207e+00 -1.716821e+00 3.168441e+01 442 2.992003e-03
97298 7.214054e-04 8.227338e-03 9.009159e-02 5.234985e-02 4.618139e-01 1.250280e+00 1.593244e+00 1.399759e+01 3.580320e+01 381 1.659169e-03
122564 -1.342165e-02 8.142123e-03 1.151668e-01 -5.277806e-01 4.311880e-01 2.460355e+00 -8.142566e+00 6.697034e+00 3.712554e+01 309 2.198702e-03
122642 -7.204516e-05 -1.779263e-03 7.999808e-02 -2.875284e-04 -8.723283e-03 2.472079e-01 -4.550262e-02 -1.466337e+00 3.530893e+01 415 1.774393e-03
172467 -2.225371e-03 -3.150239e-03 7.375466e-02 -1.733801e-02 -4.788598e-02 1.914730e-01 -6.262521e+00 -1.853803e+01 4.878124e+01 892 3.156447e-03
147677 -2.530593e-03 -3.005045e-04 8.863693e-02 -9.090598e-02 -2.439498e-02 7.346572e-01 -4.465777e+00 -1.217540e+00 3.264463e+01 481 1.960285e-03
97776 -4.732974e-05 -9.834179e-04 8.814226e-02 3.521983e-02 -2.025644e-02 3.744807e-01 3.294158e+00 -1.800212e+00 2.674568e+01 531 2.598311e-03
122891 -6.424633e-03 3.034608e-03 7.420345e-02 -3.287095e-01 1.698608e-01 3.717941e-01 -1.245651e+01 6.447937e+00 1.150207e+01 488 2.479221e-03
97855 -5.878139e-03 3.691017e-03 4.958375e-02 -Inf Inf Inf -3.141996e+00 4.358020e+00 2.055110e+01 0 0.000000e+00
47853 8.230827e-03 -3.234383e-04 9.828406e-02 5.661883e-02 -1.318388e-03 2.822636e-01 1.335592e+01 -2.746232e-01 5.078150e+01 427 1.937071e-03
97879 -1.198008e-03 8.915979e-03 9.753873e-02 -3.219403e-02 1.400605e-01 5.363100e-01 -4.462706e+00 1.888175e+01 6.317286e+01 593 2.091377e-03
73132 3.456141e-03 2.689669e-03 7.264597e-02 6.799833e-02 2.755874e-02 1.889331e-01 1.752631e+01 6.753151e+00 3.157756e+01 289 9.546134e-04
148001 -2.473796e-03 1.353571e-03 7.794498e-02 -2.058313e-02 1.456595e-02 1.633016e-01 -6.225760e+00 4.542248e+00 2.934452e+01 332 1.443910e-03
47965 7.186032e-03 1.003953e-03 1.090412e-01 4.806727e-01 1.296951e-01 1.922863e+00 7.738290e+00 2.103227e+00 2.964366e+01 569 3.298370e-03
97989 -1.274909e-02 -4.265803e-03 1.056060e-01 -4.504065e-01 -1.296638e-01 1.452701e+00 -1.457016e+01 -4.174655e+00 4.484646e+01 452 2.093833e-03
148049 5.555999e-03 4.559555e-03 7.844581e-02 1.090261e-01 9.083550e-02 3.377162e-01 1.405839e+01 1.172224e+01 3.522684e+01 1245 4.656836e-03
172982 -4.460121e-03 -1.157265e-03 7.732757e-02 -1.082753e-01 2.541789e-03 2.823519e-01 -1.577333e+01 5.620215e-01 3.115069e+01 337 1.500494e-03
48110 -5.041646e-04 -2.416507e-03 7.731274e-02 5.619176e-04 -1.796201e-02 1.282989e-01 1.008916e+00 -1.471191e+01 4.825215e+01 560 1.873143e-03
148199 -3.839575e-03 1.312839e-02 1.038535e-01 -6.182938e-03 7.259561e-02 2.657151e-01 -4.534624e-01 1.150746e+01 3.132174e+01 576 2.853074e-03
98254 -2.317907e-02 -6.384394e-04 9.723526e-02 -2.104976e+00 4.007925e-01 2.629108e+00 -1.130299e+01 2.179545e+00 1.374665e+01 504 3.425815e-03
98400 -6.685703e-03 2.056759e-03 5.131117e-02 -Inf Inf Inf -2.726005e+01 1.100622e+01 8.135023e+00 8 2.649319e-05
73728 -1.226437e-02 2.161265e-03 9.001707e-02 -2.925913e-01 1.009247e-02 5.322136e-01 -1.573992e+01 4.453249e-01 2.482865e+01 480 2.819312e-03
98538 1.550963e-04 4.194866e-05 7.858073e-02 2.159474e-02 -5.530528e-03 2.120202e-01 6.619244e+00 -1.720439e+00 4.119790e+01 875 3.162062e-03
98559 1.203903e-02 5.505772e-03 9.915312e-02 4.430762e-01 1.990613e-01 1.341464e+00 2.812354e+01 1.262876e+01 8.105606e+01 743 2.609420e-03
199125 -7.595596e-04 4.048356e-03 7.523896e-02 -2.247799e-02 7.530523e-02 2.600789e-01 -4.679895e+00 1.535446e+01 3.982937e+01 384 1.324370e-03
148694 5.912598e-03 -6.913745e-03 8.268639e-02 8.306901e-02 -9.969026e-02 3.519235e-01 1.346913e+01 -1.619591e+01 4.700048e+01 631 2.796718e-03
48644 2.692187e-04 3.365624e-03 7.431338e-02 1.373317e-02 1.951057e-02 1.204638e-01 6.644813e+00 7.967952e+00 2.277643e+01 830 3.094232e-03
148712 -5.843009e-03 -9.856437e-04 1.089985e-01 -1.244753e-01 6.313196e-04 8.530170e-01 -8.955913e+00 1.220695e-01 5.616825e+01 300 1.690162e-03
123827 8.280279e-04 2.818710e-03 9.086437e-02 4.266756e-03 1.056938e-02 1.439348e-01 3.914346e+00 8.822685e+00 6.041065e+01 527 1.811977e-03
173694 3.857090e-03 -4.238690e-04 7.439006e-02 2.442031e-02 -7.397007e-03 1.283144e-01 1.937067e+01 -6.568734e+00 5.079704e+01 281 8.851995e-04
98869 5.093352e-03 4.571998e-03 5.027997e-02 -Inf -Inf -Inf -1.793106e+01 -1.852857e+01 -1.762208e+01 0 0.000000e+00
199428 2.337901e-03 -6.647717e-03 8.052889e-02 3.617774e-02 -9.214261e-02 2.783772e-01 9.099893e+00 -2.299048e+01 5.320353e+01 325 1.010538e-03
173840 1.178441e-03 -4.630436e-03 7.882216e-02 9.085354e-03 -3.372371e-02 1.386897e-01 4.587118e+00 -1.687818e+01 3.473156e+01 295 1.191721e-03
48935 -1.136245e-02 4.192341e-03 1.050334e-01 -4.212387e-01 2.352262e-01 1.587259e+00 -6.637308e+00 3.741234e+00 2.400234e+01 485 3.028534e-03
99068 4.720251e-03 3.542043e-03 1.094028e-01 2.961875e-01 -7.673121e-02 4.524971e+00 2.533497e+00 -6.977525e-01 3.838108e+01 491 2.864081e-03
99090 -3.509206e-03 1.001837e-02 1.071455e-01 -9.889626e-02 1.682919e-01 6.876067e-01 -4.357653e+00 7.230551e+00 2.651773e+01 520 3.433034e-03
74348 5.239091e-04 3.321200e-03 7.502776e-02 1.078298e-02 3.014076e-02 1.391021e-01 6.036095e+00 1.577974e+01 3.769923e+01 433 1.367962e-03
124257 -1.111774e-02 -8.829412e-03 9.567750e-02 -2.186366e-01 -1.804560e-01 6.829062e-01 -7.649449e+00 -6.326406e+00 2.164611e+01 349 2.667417e-03
124291 6.827298e-03 2.579400e-03 8.488450e-02 1.841592e-02 7.315790e-03 1.211802e-01 1.172639e+01 4.792699e+00 3.672720e+01 524 1.988064e-03
124514 -8.450593e-04 1.263612e-04 7.612019e-02 -1.449721e-02 1.248222e-02 2.139740e-01 -4.295165e+00 3.887333e+00 4.337081e+01 587 2.056664e-03
149464 -4.689970e-03 -1.032217e-02 8.942558e-02 -5.686126e-02 -1.099153e-01 3.125383e-01 -1.117401e+01 -2.133078e+01 4.778614e+01 341 1.328463e-03
149507 -1.157252e-03 -1.513960e-03 8.612016e-02 -2.980858e-03 -2.610594e-03 1.205289e-01 -2.536590e+00 -1.525391e+00 4.786174e+01 380 1.529114e-03
49448 -2.282402e-02 -1.824058e-02 1.035694e-01 -1.209517e+00 -1.014134e+00 2.047494e+00 -2.091616e+01 -1.755321e+01 3.426281e+01 1076 5.173670e-03
74737 5.436145e-03 -4.252823e-03 7.708311e-02 7.873591e-02 -6.263111e-02 2.133761e-01 2.193594e+01 -1.747048e+01 4.078749e+01 458 1.736294e-03
74745 -4.744536e-03 -7.167242e-03 8.667721e-02 -6.672788e-02 -1.009598e-01 3.643350e-01 -7.168690e+00 -1.084759e+01 3.211254e+01 350 1.923365e-03
74757 6.410190e-03 2.808029e-03 4.745508e-02 Inf Inf Inf 7.428231e+00 4.171121e+00 1.503181e+00 38 1.417461e-04
149566 -9.630735e-03 1.522855e-02 1.111465e-01 -1.306504e-01 1.957107e-01 6.505773e-01 -5.262557e+00 7.848295e+00 2.345723e+01 476 3.552611e-03
124669 -4.369024e-03 -2.200590e-03 8.309799e-02 -6.849506e-02 -3.509589e-02 3.628562e-01 -9.539662e+00 -4.893645e+00 4.161802e+01 421 1.450205e-03
74820 -8.120752e-03 3.838962e-03 8.203286e-02 -1.353888e-01 3.842706e-02 3.505923e-01 -7.409899e+00 2.013815e+00 1.563628e+01 680 3.264580e-03
99598 -1.129853e-03 8.598641e-04 8.012358e-02 -1.211598e-02 1.100443e-02 1.788045e-01 -5.511651e+00 5.089448e+00 4.950742e+01 471 1.738028e-03
49656 1.258141e-03 -8.897258e-04 7.267227e-02 2.827847e-02 -5.779094e-03 1.599063e-01 1.619005e+01 -2.929613e+00 5.226895e+01 461 1.461810e-03
49769 2.629296e-02 -4.983262e-04 1.054648e-01 5.810733e-01 3.340655e-02 9.371965e-01 2.033123e+01 1.242524e+00 3.048077e+01 440 2.701257e-03
99837 -5.838496e-04 3.097382e-03 9.140034e-02 -7.275693e-03 5.264911e-02 3.817576e-01 -9.204814e-01 6.815976e+00 3.993943e+01 575 2.631248e-03
124963 2.673875e-05 -6.769562e-03 5.145292e-02 -Inf -Inf -Inf -1.165066e+01 -1.473890e+00 -1.352394e+00 0 0.000000e+00
99863 5.655303e-03 -6.499299e-03 9.649489e-02 4.306489e-01 -4.156226e-01 2.302055e+00 1.128477e+01 -1.086337e+01 5.856381e+01 586 2.301133e-03
99909 -2.415179e-03 -4.205156e-03 8.108588e-02 -1.937417e-02 -6.715898e-02 2.533180e-01 -3.297597e+00 -1.224108e+01 3.348974e+01 574 2.347323e-03
99982 -2.363801e-03 6.873277e-03 4.775048e-02 -Inf Inf -Inf -3.022245e-01 1.584256e+01 -6.167370e+00 9 4.372817e-05
